OCR_prd2017clk:dj045a,R12@-300V,3.8T@20d,263K,rhe=1.10,rhh=0.7,0.4/0.4          
  1862   1  3.80  28   3  29   4  300.00  263.00     .40 1.13500   600.0   20.40  -24.01  150.000  100.000  290.000  1900.0   10.20  -12.01    1.50    1.00     .85
 60381  -.105170   .946530  -.304993
  84548.7  13116.3     12.2     43.3    -10.7      8.5
     12.2     86.6    -10.8     36.3  49405.9  50679.0
       8.9      54.6      -5.9      77.6
       1.5      25.8       -.6      19.7
        .4      21.0        .2       4.6
        .8      21.4        .3       3.5
 60382  -.113613   .937303  -.329476
  78292.9  13287.2     12.2     43.3    -10.7      8.7
     12.2     86.6    -10.8     36.5  45478.7  46613.9
      10.6      54.2      -8.3      76.3
       1.3      24.8       -.3      18.1
        .4      20.6        .2       4.6
        .6      20.1        .3       3.6
 60383  -.123410   .925573  -.357888
  72123.6  13395.3     12.2     43.3    -10.9      8.9
     12.2     86.6    -10.9     36.8  41576.3  43079.7
      12.3      57.4      -9.7      73.0
        .9      24.8       -.1      15.9
        .7      20.4        .3       5.0
        .8      20.4        .2       3.8
 60384  -.134874   .910397  -.391134
  66044.1  13578.3     12.2     43.3    -10.8      9.1
     12.2     86.6    -10.9     36.9  37229.3  38248.0
       9.8      52.7      -6.4      72.6
       1.0      23.6       -.2      13.9
        .6      19.0        .2       4.8
        .5      17.9        .3       3.9
 60385  -.148397   .890380  -.430350
  60044.1  13880.4     12.2     43.3    -10.9      9.2
     12.2     86.6    -11.2     37.1  33167.9  34319.3
      12.0      54.5     -10.1      67.0
        .8      24.2        .1      12.4
        .5      19.2        .1       5.3
        .5      19.7        .3       4.0
 60386  -.164460   .863416  -.476934
  54220.4  14419.6     12.2     43.3    -10.9      9.6
     12.2     86.6    -11.1     37.4  29359.1  30295.5
      11.1      55.8      -4.7      62.5
        .7      23.7       -.1      13.0
        .4      19.1        .2       5.0
        .4      18.5        .2       4.3
 60387  -.183618   .826279  -.532491
  48779.8  14992.0     12.2     43.3    -11.1      9.9
     12.2     86.6    -11.2     37.6  26084.7  26747.1
       8.1      54.3      -8.0      63.0
        .7      23.7        .1      10.8
        .5      18.2        .2       5.2
        .7      18.1        .2       4.4
 60388  -.206405   .774019  -.598575
  43284.0  16006.7     12.2     43.3    -11.4     10.0
     12.2     86.6    -11.4     37.9  21994.6  23129.0
       9.5      54.9      -4.4      55.5
        .7      24.5       -.1       9.4
        .8      18.4        .1       5.2
        .8      17.6        .2       4.5
 60389  -.233063   .699189  -.675882
  38521.8  17984.8     12.2     43.3    -11.6     10.3
     11.8     15.6    -11.5     38.0  19743.8  20375.9
       9.2      60.5      -5.9      52.8
        .9      28.2        .0       9.3
        .8      18.7        .1       5.5
        .6      15.7        .2       4.9
 60390  -.262862   .591440  -.762300
  34346.4  21321.9      9.5     35.5    -11.7     12.3
     11.8     35.4    -11.5     38.1  17118.3  17988.6
       6.7      57.1      -6.2      50.9
        .4      23.1        .2       9.0
        .6      15.5        .0       5.6
        .2      12.1        .3       5.0
 60391  -.292854   .439281  -.849276
  30784.7  25252.1     11.8     17.1    -11.8     10.6
     11.5     54.7    -11.7     38.7  14887.3  15703.5
       5.7      50.3      -5.0      45.2
       -.1      13.7        .1       8.8
        .0       9.1        .1       5.9
        .0       7.5        .2       5.3
 60392  -.316664   .237498  -.918324
  28791.6  23709.2     11.9     32.4    -12.0     10.4
     11.9     73.8    -11.9     38.9  13922.0  14483.8
       5.2      54.4      -2.7      44.3
       -.1       7.0        .2       8.8
       -.5       5.0        .2       5.9
       -.5       5.0        .1       5.3
 60393  -.325991   .000000  -.945373
  28033.1  23067.5     11.5     37.2    -11.9     10.5
     12.2     79.2    -11.8     38.8  13723.1  14165.2
        .9      63.6      -1.3      41.8
       -.9       7.8       -.1       8.5
      -1.1       5.0        .0       5.8
      -1.3       5.0        .1       5.0
 60394  -.323582  -.121343  -.938387
  27966.0  23182.9     12.1     29.4    -12.1     10.6
     12.5     70.2    -12.0     38.8  13650.5  14161.9
      -3.9      57.2      -2.3      42.5
      -1.6       7.8       -.1       8.8
      -1.4       5.0        .0       5.7
      -1.4       5.0        .1       5.0
 60395  -.316664  -.237498  -.918324
  28606.4  23669.0     11.7     21.7    -11.8     10.6
     12.1     60.9    -11.8     38.9  13461.5  14029.1
      -5.8      48.6      -3.3      44.9
      -1.7      11.5       -.1       9.1
      -1.5       7.7        .1       5.7
      -1.6       6.3        .2       5.0
 60396  -.306058  -.344315  -.887567
  29367.0  23684.0     11.1     15.0    -11.9     10.4
     12.4     51.3    -11.7     38.5  13935.0  14435.5
      -6.0      48.3       -.5      43.7
      -1.9      15.3       -.1       8.6
      -2.0      10.1       -.1       5.7
      -1.8       8.4        .1       5.0
 60397  -.292854  -.439281  -.849276
  30702.4  22014.5     10.5     12.8    -11.8     10.2
     12.0     41.5    -11.8     38.5  14808.6  15488.2
      -5.7      54.9       -.6      44.9
      -2.6      20.0       -.2       8.9
      -2.0      12.7        .2       5.7
      -2.0      10.4        .2       5.0
 60398  -.278147  -.521525  -.806626
  32125.3  19291.3      3.7     15.7    -11.7     10.1
     12.1     31.7    -11.6     38.4  15708.4  16392.5
      -8.0      54.6      -2.0      47.1
      -3.0      25.0        .1       8.6
      -2.5      16.6        .2       5.5
      -2.2      13.6        .3       5.0
 60399  -.262862  -.591440  -.762300
  34078.4  17907.0     12.2     43.3    -11.6     10.1
     12.4     22.1    -11.6     38.2  16886.5  17432.2
     -10.6      58.6      -2.2      47.8
      -2.6      28.3        .0       8.5
      -2.8      18.9        .0       5.5
      -2.5      15.6        .2       4.9
 60400  -.233063  -.699189  -.675882
  38291.5  15805.6     12.2     43.3    -11.4      9.6
     12.3      7.2    -11.4     38.1  19620.7  20318.8
      -9.7      57.0      -2.1      55.2
      -2.1      26.6       -.1       8.9
      -1.7      19.3        .3       5.4
      -2.5      18.1        .2       4.7
 60401  -.206405  -.774019  -.598575
  43085.0  14547.9     12.2     43.3    -11.2      9.2
     12.2     86.6    -11.2     37.6  22286.5  23085.3
      -9.2      51.7       3.6      52.5
      -2.0      24.6        .2      10.1
      -1.9      19.4        .3       5.3
      -2.0      20.1        .2       4.5
 60402  -.183618  -.826279  -.532491
  48509.7  13766.7     12.2     43.3    -11.3      9.0
     12.2     86.6    -11.2     37.6  26248.4  27083.5
      -8.3      53.4       2.5      60.9
      -2.1      23.3        .2      10.4
      -1.6      18.5        .2       4.9
      -1.8      17.7        .2       4.1
 60403  -.164460  -.863416  -.476934
  54047.3  13493.6     12.2     43.3    -11.3      8.8
     12.2     86.6    -11.2     37.1  29273.8  30307.5
      -8.6      52.0        .1      60.3
      -1.5      25.4        .3      12.1
      -1.6      21.4        .3       4.8
      -2.0      22.3        .3       4.0
 60404  -.148397  -.890380  -.430350
  59865.4  13171.5     12.2     43.3    -11.3      8.5
     12.2     86.6    -11.3     37.0  32748.5  33860.8
      -9.8      50.8       3.0      65.9
      -1.4      23.6        .3      12.6
      -1.7      19.0        .2       4.6
      -1.8      18.8        .3       3.8
 60405  -.134874  -.910397  -.391134
  65781.2  12914.0     12.2     43.3    -11.0      8.3
     12.2     86.6    -11.1     36.8  36297.5  37926.8
     -11.2      51.2       4.9      73.3
      -1.9      26.3        .4      15.5
      -1.6      21.4        .4       4.5
      -1.2      21.2        .4       3.6
 60406  -.123410  -.925573  -.357888
  72003.3  12798.6     12.2     43.3    -11.1      8.2
     12.2     86.6    -11.0     36.6  40967.1  42370.0
      -9.7      51.3        .4      73.1
      -1.3      24.5       1.0      15.9
      -1.1      20.2        .3       4.5
      -1.2      19.3        .4       3.4
 60407  -.113613  -.937303  -.329476
  78301.2  12806.1     12.2     43.3    -10.8      8.0
     12.2     86.6    -10.9     36.7  46015.6  47477.2
      -9.4      50.2       6.9      74.4
      -1.4      26.1        .5      16.7
      -1.2      22.5        .3       4.4
      -1.4      23.2        .4       3.3
 60408  -.105170  -.946530  -.304993
  84435.3  12728.2     12.2     43.3    -11.1      7.9
     12.2     86.6    -10.9     36.4  49234.3  50331.6
     -10.8      54.7       2.1      84.3
      -2.0      24.6        .8      18.2
      -1.5      20.1        .3       4.6
      -1.1      19.9        .3       3.2
 60409   .863216  -.064741  -.500666
  51576.9   8842.9     12.4     27.0    -12.0     28.9
     12.6     68.8    -12.0     57.7  28453.0  29351.7
       4.5      64.3       5.6      38.6
      -1.1      12.0       1.2      19.2
      -1.0       5.0        .3      15.0
      -1.1       5.0        .7      13.8
 60410   .838516  -.069876  -.540377
  47637.8   9012.9     12.1     27.3    -12.0     28.9
     12.6     69.2    -12.0     57.7  26534.4  27166.8
       2.6      59.6       6.3      38.0
      -1.0       9.8       1.3      20.6
      -1.1       5.0       1.0      15.4
      -1.0       5.0       1.0      14.3
 60411   .807288  -.075683  -.585284
  44065.5   9329.4     12.2     27.4    -12.0     28.9
     12.6     69.2    -12.0     57.7  23615.9  24350.9
       5.4      64.8       5.6      38.1
      -1.0       8.9       1.2      19.0
      -1.1       5.0       1.0      14.3
      -1.2       5.0        .9      13.5
 60412   .767414  -.082223  -.635858
  40538.2   9682.8     12.4     27.7    -12.0     28.9
     12.9     69.5    -12.0     57.7  21895.0  22585.1
       5.6      64.4       5.4      38.2
      -1.2      10.0       1.3      21.0
      -1.2       5.0       1.3      14.9
      -1.1       5.0       1.2      13.5
 60413   .716102  -.089513  -.692232
  37489.7  10317.0     12.2     27.9    -12.0     28.9
     12.5     69.4    -12.0     57.7  19282.7  20201.4
       1.8      60.4       6.1      39.2
      -1.5       8.5       1.3      18.4
      -1.3       5.0       1.1      13.5
      -1.1       5.0       1.3      12.4
 60414   .649830  -.097475  -.753803
  34291.2  11088.0     12.0     28.4    -12.0     28.9
     12.4     69.7    -12.0     57.7  17623.8  18250.6
       1.3      54.6       8.0      41.6
      -1.5       8.8       1.8      19.4
      -1.3       5.0       1.4      13.9
      -1.3       5.0       1.7      12.5
 60415   .564543  -.105852  -.818588
  31712.1  12397.8     11.8     28.5    -12.0     28.9
     12.1     69.9    -12.9      5.8  15793.3  16343.5
       1.6      55.8       4.2      38.1
      -1.4       8.2       1.5      16.5
      -1.2       5.0       1.2      11.6
      -1.4       5.0       1.5      10.9
 60416   .456422  -.114106  -.882416
  29473.5  14622.4     11.4     28.9    -12.0     28.9
     11.9     70.0    -12.4     13.5  14459.9  14911.3
        .8      54.9       5.8      42.3
      -1.2       7.9       2.1      17.2
      -1.3       5.0       1.7      11.9
      -1.3       5.0       1.8      10.6
 60417   .323582  -.121343  -.938387
  27936.6  18981.2     11.9     29.2    -12.3     13.1
     12.2     70.2    -12.1     25.9  13487.4  13886.6
      -1.2      53.7       4.1      38.9
      -1.6       7.7       1.9      13.9
      -1.3       5.0       1.6       9.4
      -1.3       5.0       1.5       8.2
 60418   .168544  -.126408  -.977555
  26835.1  22355.5     11.4     29.5    -12.1     10.3
     12.2     70.3    -12.3     38.5  12692.3  13441.1
       1.1      52.7       3.0      43.0
      -1.8       8.4       1.3       9.4
      -1.2       5.0       1.1       6.0
      -1.3       5.0       1.2       5.3
 60419   .000000  -.128243  -.991743
  26736.1  22047.0     12.0     29.4    -12.3     21.8
     12.2     70.5    -12.4     50.5  12643.5  13314.4
      -3.9      53.8        .6      53.0
      -1.7       7.8        .5       6.9
      -1.3       5.0        .6       3.1
      -1.4       5.0        .7       3.0
 60420  -.085184  -.127776  -.988138
  26695.7  22118.4     11.6     29.5    -11.4     25.9
     12.1     70.2    -11.5     54.7  12189.9  12946.7
      -1.6      50.4        .0      65.9
      -1.2       7.9        .3       9.6
      -1.4       5.0        .3       3.3
      -1.6       5.0        .3       3.0
 60421  -.168544  -.126408  -.977555
  26962.0  22291.7     11.8     29.6    -11.4     22.2
     12.5     70.4    -11.4     50.9  12966.3  13470.5
      -3.0      52.5        .4      59.8
      -1.6       8.5        .2       6.3
      -1.2       5.0        .3       3.0
      -1.4       5.0        .4       3.0
 60422  -.248443  -.124222  -.960648
  27475.7  22677.5     11.6     29.5    -11.8     16.4
     12.2     70.2    -11.8     45.0  13137.7  13668.6
      -2.6      54.3      -1.4      52.4
      -1.5       7.8        .1       6.9
      -1.5       5.0        .1       4.2
      -1.4       5.0        .2       3.6
 60423  -.323582  -.121343  -.938387
  28086.4  23282.2     12.0     29.3    -11.9     10.5
     12.5     70.1    -11.9     38.9  13387.9  14001.0
      -4.7      55.2      -1.8      43.6
      -1.5       7.6       -.2       8.4
      -1.4       5.0        .1       5.9
      -1.4       5.0        .0       4.9
 60424  -.393068  -.117920  -.911917
  28811.4  22248.5     11.9     29.3    -12.2      5.6
     12.2     70.2    -11.9     32.6  13684.5  14510.4
      -7.9      58.2      -5.1      41.5
      -1.4       8.4       -.1      10.9
      -1.4       5.0       -.1       7.4
      -1.4       5.0        .0       6.3
 60425  -.456422  -.114106  -.882416
  29706.8  19783.1     11.9     29.0    -14.8      8.4
     12.4     70.1    -11.7     26.2  14480.7  15251.8
      -5.6      56.6      -4.4      40.0
      -1.5       8.0       -.5      14.2
      -1.4       5.0       -.1       9.4
      -1.5       5.0       -.2       7.7
 60426  -.513527  -.110042  -.850988
  30871.5  17250.1     11.6     28.9    -12.0     28.9
     12.2     70.0    -11.8     19.8  15286.9  15858.2
      -4.5      57.3      -5.4      45.2
      -1.4       8.6       -.7      16.2
      -1.3       5.0       -.2      10.6
      -1.4       5.0       -.4       9.0
 60427  -.564543  -.105852  -.818588
  31909.8  15364.0     11.8     28.7    -12.0     28.9
     12.2     69.8    -11.8     13.5  16168.0  16762.2
      -4.8      52.5      -3.5      42.2
      -1.7       8.5       -.7      17.4
      -1.3       5.0       -.6      11.7
      -1.4       5.0       -.4       9.8
 60428  -.649830  -.097475  -.753803
  34479.9  13037.4     12.1     28.4    -12.0     28.9
     12.4     69.9    -11.9      4.8  17559.5  18210.1
      -8.6      58.1      -4.9      40.9
      -1.6       9.1       -.6      16.8
      -1.5       5.0       -.7      11.5
      -1.3       5.0       -.4       9.9
 60429  -.716102  -.089513  -.692232
  37540.8  11824.2     12.2     28.4    -12.0     28.9
     12.7     69.4    -12.0     57.7  19651.5  20304.4
      -5.3      61.1      -6.2      44.5
      -1.5       9.5       -.7      19.8
      -1.2       5.0       -.8      13.5
      -1.2       5.0       -.6      11.6
 60430  -.767414  -.082223  -.635858
  40611.7  10793.1     12.2     27.8    -12.0     28.9
     12.6     69.4    -12.0     57.7  22052.1  22469.4
     -11.4      61.6      -7.9      43.3
      -1.4       8.9       -.6      18.0
      -1.2       5.0       -.2      12.8
      -1.3       5.0       -.6      11.4
 60431  -.807288  -.075683  -.585284
  43957.4  10329.5     12.0     28.3    -12.0     28.9
     12.6     68.9    -12.0     57.7  23947.2  24655.6
      -7.2      65.1      -4.9      40.9
      -1.7      10.0      -1.0      20.5
      -1.2       5.0       -.5      14.8
      -1.3       5.0       -.9      12.5
 60432  -.838516  -.069876  -.540377
  47528.8   9867.3     12.3     27.2    -12.0     28.9
     13.0     68.9    -12.0     57.7  26069.1  27016.4
      -5.9      62.1      -5.4      37.1
      -1.5      10.1       -.9      18.6
      -1.1       5.0       -.5      14.0
      -1.1       5.0       -.6      12.5
 60433  -.863216  -.064741  -.500666
  51375.5   9633.3     12.6     27.1    -12.0     28.9
     12.9     68.7    -12.0     57.7  28934.8  29432.0
      -5.6      62.5      -6.5      41.6
      -1.3      10.8      -1.2      21.1
      -1.1       5.0       -.5      15.2
      -1.2       5.0       -.8      13.4
 60434  -.882965  -.060202  -.465563
  55273.5   9414.2     12.2     26.9    -12.0     28.9
     12.6     68.6    -12.0     57.7  31006.6  32149.3
      -5.3      69.7      -7.4      38.5
      -1.2      12.5       -.8      19.1
      -1.2       5.0       -.5      14.4
      -1.2       5.0       -.7      13.2
 60435  -.898927  -.056183  -.434481
  59235.2   9183.2     12.1     26.6    -12.0     28.9
     12.6     68.6    -12.0     57.7  33608.2  34433.5
      -4.9      67.1      -6.2      39.2
      -1.4      12.3      -1.7      21.4
      -1.0       5.0       -.6      15.6
      -1.1       5.0       -.7      13.4
 60436  -.911966  -.052613  -.406877
  63225.7   9122.8     12.6     26.3    -12.0     28.9
     12.9     68.3    -12.0     57.7  36093.8  37108.9
      -9.0      69.5      -8.1      37.2
      -1.4      13.7      -1.0      19.7
      -1.1       5.0       -.7      15.0
      -1.0       5.0       -.7      13.6
 60437  -.922727  -.049432  -.382272
  67094.0   9004.7     12.3     26.3    -12.0     28.9
     12.6     68.3    -12.0     57.7  38994.0  39784.0
     -10.8      70.8      -6.3      37.6
      -1.6      14.4      -1.0      21.2
      -1.0       5.0       -.9      16.1
      -1.1       5.0       -.9      14.1
 60438   .806111  -.362750  -.467544
  55221.2   9630.9     12.2     43.3    -12.0     28.9
     12.4     19.1    -12.0     57.7  30634.1  31483.4
      -3.0      59.9       7.1      38.0
      -2.0      25.9       1.1      19.5
      -1.7      16.6        .7      15.4
      -1.8      13.6        .8      15.1
 60439   .774912  -.387456  -.499388
  51634.9  10038.4     12.2     43.3    -12.0     28.9
     12.7     19.6    -12.0     57.7  28100.7  29220.6
      -4.1      57.7       6.8      38.3
      -2.0      26.5       1.2      21.7
      -1.9      16.7        .9      16.0
      -1.9      13.7       1.2      14.9
 60440   .736803  -.414452  -.534182
  48183.9  10516.9     12.2     43.3    -12.0     28.9
     12.4     19.9    -12.0     57.7  26048.2  26666.7
      -3.3      57.1       5.4      38.7
      -2.4      26.7       1.1      19.0
      -2.1      17.0       1.1      14.9
      -1.7      14.1        .9      14.5
 60441   .690099  -.443635  -.571796
  45011.8  11121.4     12.2     43.3    -12.0     28.9
     12.7     20.3    -12.0     57.7  23967.6  24672.0
      -3.2      59.4       6.7      41.7
      -2.9      26.8       1.1      20.6
      -1.6      17.5       1.0      15.4
      -1.8      14.1       1.2      14.2
 60442   .632842  -.474632  -.611748
  42001.8  11910.7     12.2     43.3    -12.0     28.9
     12.6     20.8    -12.0     57.7  22055.1  22694.5
      -5.0      58.2       6.9      38.3
      -2.7      27.0       1.4      18.2
      -2.1      17.5       1.0      13.3
      -1.9      14.6       1.2      13.1
 60443   .562936  -.506642  -.653006
  39483.8  13249.9     12.2     43.3    -12.0     28.9
     12.6     21.2    -12.0     57.7  20376.7  21139.5
      -5.4      58.4       6.2      42.6
      -3.0      27.6       2.0      19.5
      -2.3      18.0       1.6      13.8
      -2.1      15.1       1.6      12.8
 60444   .478468  -.538276  -.693778
  37207.5  14755.6     12.2     43.3    -12.0     28.9
     12.5     21.4    -12.8      6.2  18823.6  19657.0
      -5.4      58.5       6.9      41.7
      -3.1      27.8       1.7      16.5
      -2.2      18.2       1.1      11.6
      -2.0      15.3       1.4      10.9
 60445   .378295  -.567442  -.731370
  35364.0  16469.4     12.2     43.3    -12.0     28.9
     12.4     21.9    -12.4     12.7  17819.7  18510.6
      -6.9      58.7       5.5      43.6
      -2.8      28.0       1.9      16.9
      -2.5      18.4       1.6      11.3
      -2.2      15.4       1.6      10.1
 60446   .262862  -.591440  -.762300
  33842.3  16787.1     12.2     43.3    -10.5     11.4
     12.4     22.0    -12.3     25.2  16614.1  17110.3
      -7.7      58.1       4.3      40.5
      -3.5      27.8       1.7      13.8
      -2.8      18.8       1.4       9.1
      -2.5      15.7       1.5       8.0
 60447   .134975  -.607388  -.782855
  32919.7  16723.8     12.2     43.3    -12.5     10.4
     12.4     22.3    -12.5     38.0  16060.3  16805.3
      -7.5      58.9       3.2      45.9
      -3.4      28.6       1.3       8.6
      -2.8      18.9       1.0       5.7
      -2.4      15.9       1.1       5.1
 60448   .000000  -.612997  -.790085
  32853.8  16772.6     12.2     43.3    -12.7     21.7
     12.2     22.2    -12.7     50.1  16025.9  16658.6
      -9.6      61.2       3.2      64.1
      -2.7      28.2        .7       7.9
      -2.4      19.2        .5       3.0
      -2.8      15.9        .7       3.0
 60449  -.067953  -.611580  -.788259
  32974.2  16950.0     12.2     43.3    -12.0     25.4
     12.4     22.3    -12.0     54.1  15973.5  16679.5
      -9.1      59.1       1.8      72.7
      -3.0      28.7        .2      14.5
      -2.7      19.1        .0       4.0
      -2.7      15.9        .2       3.1
 60450  -.134975  -.607388  -.782855
  33250.8  17301.3     12.2     43.3    -11.3     21.6
     12.4     22.4    -11.2     50.5  16552.3  16994.2
      -5.8      57.2       3.8      64.5
      -2.9      28.7        .0       7.8
      -2.8      18.8        .4       3.0
      -2.6      15.8        .4       3.0
 60451  -.200196  -.600588  -.774091
  33365.5  17458.2     12.2     43.3    -11.3     15.8
     12.3     22.2    -11.3     44.6  16294.7  16994.5
      -7.4      56.4       -.6      54.5
      -3.1      28.4        .2       7.2
      -2.8      18.6        .1       3.8
      -2.4      15.8        .3       3.4
 60452  -.262862  -.591440  -.762300
  34098.0  18088.3     12.2     43.3    -11.4      9.9
     12.5     22.1    -11.4     38.3  16791.6  17592.1
      -7.5      59.8      -1.7      50.0
      -3.2      28.5        .2       8.6
      -2.8      18.9        .2       5.4
      -2.6      15.6        .3       4.9
 60453  -.322373  -.580271  -.747905
  34674.3  17971.7     12.2     43.3    -11.8      5.1
     12.2     22.0    -11.7     31.9  17053.4  17896.5
      -9.1      59.2      -1.4      47.0
      -3.4      28.3       -.1      11.2
      -2.6      18.4        .0       7.2
      -2.6      15.5        .0       6.3
 60454  -.378295  -.567442  -.731370
  35584.1  18018.7     12.2     43.3    -19.3     59.0
     12.2     21.8    -11.6     25.4  17896.5  18677.7
     -10.3      57.2      -3.8      44.0
      -3.2      28.1       -.4      13.9
      -2.8      18.4       -.2       9.1
      -2.4      15.1        .0       7.8
 60455  -.430364  -.553325  -.713175
  36368.6  17560.5     12.2     43.3    -12.0     28.9
     12.5     21.7    -11.6     19.2  18320.2  18907.6
      -8.9      58.1      -4.5      45.4
      -3.1      28.1       -.6      15.8
      -2.4      18.5       -.2      10.6
      -2.4      15.4        .0       9.1
 60456  -.478468  -.538276  -.693778
  37276.2  16622.0     12.2     43.3    -12.0     28.9
     12.4     21.4    -11.7     12.8  19054.0  19927.3
     -10.5      59.4      -3.3      46.5
      -3.5      28.3       -.7      16.7
      -2.7      18.0       -.4      11.1
      -2.3      15.1       -.3       9.8
 60457  -.562936  -.506642  -.653006
  39522.1  14592.9     12.2     43.3    -12.0     28.9
     12.6     21.0    -12.2      4.3  20528.4  21385.6
     -10.1      59.9      -4.1      43.0
      -2.9      27.1       -.7      16.0
      -2.5      17.7       -.5      11.1
      -2.6      14.9       -.3      10.3
 60458  -.632842  -.474632  -.611748
  42153.1  12936.9     12.2     43.3    -12.0     28.9
     12.6     20.7    -12.0     57.7  22182.4  23227.1
      -6.0      58.2      -4.4      48.2
      -2.5      27.0       -.5      19.4
      -2.1      17.6       -.4      13.1
      -2.0      14.4       -.3      11.8
 60459  -.690099  -.443635  -.571796
  44974.4  11790.4     12.2     43.3    -12.0     28.9
     12.6     20.3    -12.0     57.7  23986.1  24812.3
      -9.2      58.7      -5.7      41.1
      -2.9      26.5       -.8      17.8
      -2.2      17.2       -.4      12.8
      -2.0      14.4       -.4      12.1
 60460  -.736803  -.414452  -.534182
  48232.1  11049.9     12.2     43.3    -12.0     28.9
     12.4     19.8    -12.0     57.7  26104.7  27136.0
      -7.9      58.1      -6.1      42.9
      -2.8      26.4       -.9      20.4
      -2.0      16.8       -.6      14.4
      -2.1      14.1       -.5      13.1
 60461  -.774912  -.387456  -.499388
  51286.8  10515.4     12.2     43.3    -12.0     28.9
     12.7     19.5    -12.0     57.7  27929.5  29051.9
      -9.9      57.4      -5.5      39.3
      -2.6      25.6       -.5      18.6
      -2.2      16.6       -.3      14.0
      -2.1      13.6       -.6      13.1
 60462  -.806111  -.362750  -.467544
  54996.3  10078.9     12.2     43.3    -12.0     28.9
     12.4     19.2    -12.0     57.7  30496.8  31405.8
     -11.6      59.7      -6.3      39.8
      -2.1      25.7       -.6      20.6
      -2.2      16.3       -.8      15.5
      -1.8      13.4       -.5      13.9
 60463  -.831783  -.340275  -.438577
  58577.9   9768.5     12.2     43.3    -12.0     28.9
     12.5     18.8    -12.0     57.7  33135.8  33931.4
      -8.5      62.3      -6.4      39.1
      -2.4      25.4       -.9      19.4
      -2.0      16.4       -.6      14.7
      -1.9      13.4       -.4      13.7
 60464  -.853040  -.319890  -.412303
  62221.7   9575.7     12.2     43.3    -12.0     28.9
     12.7     18.7    -12.0     57.7  35718.2  36806.7
      -9.0      61.2      -6.2      37.8
      -2.1      25.0       -.5      21.1
      -1.4      16.1       -.5      15.8
      -1.7      13.4       -.9      14.5
 60465  -.870759  -.301417  -.388493
  66023.7   9469.2     12.2     43.3    -12.0     28.9
     12.8     18.3    -12.0     57.7  37884.7  39002.7
      -7.5      59.4      -5.8      35.6
      -1.9      24.7       -.9      20.0
      -1.7      15.8       -.3      15.1
      -1.7      13.2       -.3      14.1
 60466  -.885633  -.284668  -.366905
  70031.0   9243.1     12.2     43.3    -12.0     28.9
     12.8     18.0    -12.0     57.7  40695.4  41692.3
     -12.3      64.2      -7.9      38.4
      -1.6      24.8       -.6      21.7
      -1.3      15.8       -.1      16.3
      -1.4      13.1       -.3      14.7
 60467   .467453  -.841416  -.271123
  95032.7  13496.9     12.2     43.3    -12.0     28.9
     12.2     86.6    -12.0     57.7  56683.0  58556.7
      -7.8      52.3       8.0      44.7
      -1.1      23.8       1.1      17.9
       -.8      18.9        .5      12.6
      -1.0      17.9        .5      11.2
 60468   .429723  -.859446  -.276932
  93174.5  13442.9     12.2     43.3    -12.0     28.9
     12.2     86.6    -12.0     57.7  54867.3  57040.5
      -7.3      51.9       8.8      46.1
      -1.7      24.4       1.4      18.5
      -1.0      19.1        .8      12.9
      -1.1      18.6        .9      11.4
 60469   .389600  -.876600  -.282460
  91445.4  13132.1     12.2     43.3    -12.0     28.9
     12.2     86.6    -12.0     57.7  53731.1  55181.5
     -11.7      59.2      11.4      50.3
      -1.6      23.8       1.2      17.2
       -.9      19.5        .6      11.6
       -.8      18.6        .7      10.1
 60470   .347131  -.892622  -.287623
  89583.5  13054.4     12.2     43.3    -12.0     28.9
     12.2     86.6    -12.0     57.7  53273.8  54539.0
      -8.6      54.8       9.9      52.2
      -1.6      23.7       1.5      17.8
      -1.1      19.3        .9      11.6
      -1.2      18.8       1.0      10.1
 60471   .302414  -.907242  -.292333
  88118.7  12796.3     12.2     43.3    -12.0     28.9
     12.2     86.6    -12.0     57.7  51758.5  53167.7
      -9.5      53.7       8.3      56.9
      -1.9      25.0       1.5      17.4
       -.8      20.0        .6      10.3
      -1.1      19.0        .8       8.6
 60472   .255608  -.920190  -.296506
  86868.5  12678.6     12.2     43.3    -12.0     28.9
     12.2     86.6    -12.0     57.7  51645.3  53019.4
     -10.2      54.0       9.8      62.1
      -1.2      24.5       1.4      17.5
      -1.0      20.0       1.1      10.2
      -1.2      19.2       1.0       8.5
 60473   .206935  -.931206  -.300055
  85657.3  12641.6     12.2     43.3    -12.0     28.9
     12.2     86.6    -12.0     57.7  50653.2  52015.4
     -12.9      54.0      10.0      60.8
      -1.4      24.3       1.5      16.9
      -1.0      20.0       1.0       8.8
      -1.4      19.6       1.0       7.4
 60474   .156676  -.940054  -.302906
  84976.7  12524.1     12.2     43.3    -12.0     28.9
     12.2     86.6    -13.0      9.3  50052.2  51247.1
     -10.2      54.6       8.0      65.8
      -1.6      24.8       1.4      17.2
       -.9      20.0       1.2       8.4
      -1.3      20.0       1.2       6.6
 60475   .105170  -.946530  -.304993
  84312.7  12483.8     12.2     43.3    -12.0     28.9
     12.2     86.6    -13.0     22.4  49147.8  50777.3
      -9.1      52.4       9.1      71.0
      -1.5      24.8       1.4      16.5
      -1.3      20.2       1.2       7.2
      -1.3      19.6       1.1       5.6
 60476   .052804  -.950480  -.306266
  84093.6  12484.4     12.2     43.3    -13.4      8.0
     12.2     86.6    -13.2     35.7  49074.9  50372.1
      -9.8      53.2       7.9      79.9
      -1.7      24.7       1.4      19.7
      -1.4      20.7        .8       4.8
      -1.4      19.7        .8       3.5
 60477   .000000  -.951808  -.306694
  84246.8  12563.0     12.2     43.3    -13.5     20.1
     12.2     86.6    -13.4     48.6  47916.3  49931.0
     -11.6      52.3       6.5      92.9
      -1.8      24.5       1.4      32.6
      -1.0      20.3        .2       6.1
      -1.3      19.7        .3       3.9
 60478  -.026430  -.951476  -.306587
  84016.5  12577.4     12.2     43.3    -12.1     24.9
     12.2     86.6    -12.1     53.3  48743.1  50319.6
      -8.8      51.2       6.4      98.2
      -1.8      24.2       2.3      40.8
      -1.3      20.4        .4       9.1
      -1.6      19.8        .0       4.4
 60479  -.052804  -.950480  -.306266
  84134.9  12565.4     12.2     43.3    -10.9     20.5
     12.2     86.6    -10.7     49.1  49504.1  50678.7
     -13.2      54.4       5.3      91.0
      -1.4      24.4       2.4      32.0
      -1.4      20.7        .7       5.7
      -1.1      19.5        .6       3.0
 60480  -.079069  -.948828  -.305734
  84246.9  12637.2     12.2     43.3    -10.9     14.4
     12.2     86.6    -10.7     43.0  50013.7  51121.3
     -11.1      50.8       6.2      86.4
      -1.8      25.3        .6      23.7
      -1.5      20.2        .4       4.3
      -1.0      19.8        .4       3.0
 60481  -.105170  -.946530  -.304993
  84253.5  12612.1     12.2     43.3    -11.0      7.9
     12.2     86.6    -10.9     36.3  49951.2  50578.0
     -10.2      50.6       5.8      75.2
      -1.6      24.6        .9      18.8
      -1.3      20.3        .3       4.6
      -1.5      20.0        .3       3.3
 60482  -.131055  -.943599  -.304049
  84957.7  12705.0     12.2     43.3    -11.4      2.2
     12.2     86.6    -11.2     29.8  49205.3  50732.6
      -9.5      49.9       6.7      72.7
      -1.5      25.0        .3      16.4
       -.9      20.1        .3       5.6
      -1.6      19.6        .2       4.3
 60483  -.156676  -.940054  -.302906
  85246.0  12788.7     12.2     43.3    -12.0     28.9
     12.2     86.6    -11.4     22.9  50166.3  51473.9
     -11.3      51.0       3.7      74.6
      -1.6      25.1        .2      18.4
      -1.3      20.1        .2       7.1
      -1.2      19.6        .1       5.4
 60484  -.181983  -.935915  -.301572
  85248.1  12895.6     12.2     43.3    -12.0     28.9
     12.2     86.6    -11.3     16.4  51002.5  52323.9
     -10.3      53.8       2.5      68.9
      -1.7      24.1        .2      17.1
      -1.1      20.1        .1       7.8
      -1.6      19.7        .1       6.2
 60485  -.206935  -.931206  -.300055
  85944.1  12982.1     12.2     43.3    -12.0     28.9
     12.2     86.6    -11.3      9.7  50087.2  51831.3
     -10.2      52.9       4.6      67.6
      -1.6      24.6        .0      17.1
      -1.5      20.1        .0       8.2
      -1.0      19.3        .1       6.4
 60486  -.255608  -.920190  -.296506
  86658.8  13057.1     12.2     43.3    -12.0     28.9
     12.2     86.6    -12.0     57.7  51256.9  52586.2
     -14.1      55.9       1.2      63.5
      -1.8      24.7       -.2      17.5
      -1.0      19.8        .0       9.0
      -1.2      19.3        .0       7.2
 60487  -.302414  -.907242  -.292333
  88245.4  13399.0     12.2     43.3    -12.0     28.9
     12.2     86.6    -12.0     57.7  52354.1  53606.7
     -12.1      50.5       -.8      59.5
      -1.5      24.4       -.1      18.4
       -.6      19.8        .0      10.1
      -1.1      19.2       -.1       8.3
 60488  -.347131  -.892622  -.287623
  89696.5  13581.7     12.2     43.3    -12.0     28.9
     12.2     86.6    -12.0     57.7  53511.0  54564.6
     -13.7      56.7      -2.0      58.0
      -1.9      24.5       -.9      17.5
       -.9      19.6       -.1      10.5
      -1.0      18.9       -.2       8.9
 60489  -.389600  -.876600  -.282460
  91303.1  13902.8     12.2     43.3    -12.0     28.9
     12.2     86.6    -12.0     57.7  54440.2  56051.2
      -8.6      52.6        .9      55.4
      -1.9      23.7       -.8      18.8
      -1.1      19.5       -.3      11.6
       -.8      18.4        .0      10.0
 60490  -.429723  -.859446  -.276932
  93125.1  14144.8     12.2     43.3    -12.0     28.9
     12.2     86.6    -12.0     57.7  55165.9  56911.4
     -10.6      49.9      -1.3      48.8
      -1.6      23.8       -.6      17.3
      -1.0      19.1       -.4      11.3
      -1.0      18.3       -.2       9.9
 60491  -.467453  -.841416  -.271123
  95529.2  14064.6     12.2     43.3    -12.0     28.9
     12.2     86.6    -12.0     57.7  55735.0  57959.4
     -12.1      52.7      -5.7      51.4
      -1.4      24.1       -.5      19.7
       -.9      18.9       -.3      12.8
       -.9      18.1       -.3      11.4
 60492  -.502792  -.822750  -.265108
  97553.4  13988.6     12.2     43.3    -12.0     28.9
     12.2     86.6    -12.0     57.7  58249.0  59853.2
     -14.8      56.0      -3.5      48.0
      -1.5      23.2       -.7      18.2
       -.8      18.6       -.4      12.3
       -.7      17.7       -.2      11.1
 60493  -.535778  -.803668  -.258960
  99545.5  13709.5     12.2     43.3    -12.0     28.9
     12.2     86.6    -12.0     57.7  60337.3  61525.4
     -13.6      53.8      -4.2      44.4
      -1.6      23.4       -.7      19.5
       -.8      18.3       -.5      13.7
       -.7      17.5       -.3      12.0
 60494  -.566482  -.784360  -.252738
 102342.1  13374.0     12.2     43.3    -12.0     28.9
     12.2     86.6    -12.0     57.7  61695.6  62885.0
     -11.5      54.6      -6.2      43.1
      -1.8      23.9       -.8      18.8
       -.9      18.4       -.2      13.3
       -.9      17.0       -.4      12.0
 60495  -.594996  -.764995  -.246498
 104748.1  13165.1     12.2     43.3    -12.0     28.9
     12.2     86.6    -12.0     57.7  62670.2  65171.0
     -12.4      54.1      -2.7      40.7
      -1.2      22.8       -.5      20.5
      -1.0      17.7       -.6      14.3
       -.8      17.1       -.5      13.3
