Dot1_150x100_prd2012lk:dj25b@-225V,3.8T@90d,263K,rhe=1.10,rhh=0.7,0.25/0.25     
  1522   1  3.80  60   5  29   0  225.00  253.00     .25 1.00000   800.0     .93   97.10  150.000  100.000  285.000   800.0     .46   48.55    1.50    1.00     .85
 61001   .000000   .000000 -1.000000
  25998.2  18888.7       .2     41.0     48.4      4.7
       .2     84.1     48.7     32.2  12690.1  13187.5
       -.7      70.5      -1.3      39.5
       -.4      10.2      -2.0      11.2
       -.3       5.0      -1.9       7.8
       -.5       5.0      -2.1       6.7
 61002   .000000  -.130455  -.991454
  26192.6  19149.2       .2     34.0     48.5      4.7
       .2     77.1     48.8     32.2  12825.7  13240.8
      -3.6      60.0       -.4      36.9
      -1.2       6.5      -1.7      11.1
       -.8       5.0      -1.7       7.8
       -.8       5.0      -2.0       6.8
 61003   .000000  -.254493  -.967075
  26896.8  19645.9       .0     25.2     48.5      4.7
      -.1     68.3     48.7     31.9  13095.5  13626.5
      -3.7      51.8        .7      38.3
      -1.1       8.4      -1.9      11.0
       -.9       5.5      -1.7       7.8
      -1.0       5.0      -2.0       6.7
 61004   .000000  -.367167  -.930155
  27886.8  20086.3      -.5     16.4     48.6      4.4
      -.4     59.3     48.6     32.1  13836.8  14236.6
      -6.6      50.7      -1.1      37.8
      -1.1      12.6      -2.0      11.0
       -.9       8.2      -1.8       7.7
      -1.1       6.8      -2.0       6.7
 61005   .000000  -.465746  -.884918
  29287.7  20430.3      -.3      8.2     48.5      4.3
      -.2     49.7     49.0     31.8  14375.4  15014.5
      -6.2      49.1       -.6      41.5
      -1.3      16.5      -1.7      11.5
      -1.1      10.9      -1.6       7.6
      -1.4       8.8      -1.9       6.5
 61006   .000000  -.549617  -.835417
  31062.5  19963.5     -1.5      6.0     48.6      3.9
      -.3     40.4     49.1     31.5  15607.8  16121.6
      -7.3      52.9      -2.9      42.1
      -1.9      21.8      -1.8      10.8
      -1.6      14.3      -1.8       7.5
      -1.4      11.4      -1.8       6.5
 61007   .000000  -.619644  -.784883
  33049.5  18540.9       .5     43.3     48.8      3.7
      -.1     31.0     49.2     31.5  16556.9  17243.4
      -7.0      58.9       1.6      44.2
      -2.3      26.7      -1.8      11.3
      -1.7      17.9      -1.7       7.5
      -1.7      14.4      -1.7       6.3
 61008   .000000  -.677476  -.735545
  35080.2  17168.7       .5     43.3     49.0      3.5
       .2     21.2     49.2     31.1  18037.0  18688.7
      -6.9      58.9        .0      43.3
      -2.1      27.6      -1.6      11.2
      -1.7      18.3      -1.7       7.2
      -1.6      14.9      -1.7       6.2
 61009   .000000  -.724999  -.688749
  37607.8  16217.3       .5     43.3     48.8      3.3
      -.2     12.5     49.4     31.0  19222.6  19982.2
      -8.0      56.4       1.6      47.4
      -2.0      25.9      -1.7      11.3
      -2.1      17.0      -1.7       7.2
      -1.7      14.3      -1.7       6.0
 61010   .000000  -.764030  -.645181
  40018.2  15393.2       .5     43.3     48.7     16.0
      -.4      7.6     49.4     30.5  21178.2  21729.1
      -7.2      50.6       -.3      47.5
      -2.3      21.9      -1.8      11.5
      -1.4      16.4      -1.6       6.9
      -1.6      15.5      -1.6       5.9
 61011   .000000  -.796162  -.605083
  42628.0  14910.4       .5     43.3     49.2      2.7
       .5     86.6     49.5     30.3  22552.5  23300.1
      -7.3      51.9       1.9      50.9
      -1.8      22.8      -1.7      11.2
      -1.1      17.2      -1.4       7.0
      -1.4      16.0      -1.7       5.8
 61012   .000000  -.822730  -.568432
  45299.3  14416.2       .5     43.3     49.2      2.6
       .5     86.6     49.9     30.2  24260.5  25088.3
     -12.2      53.6       -.5      50.5
      -1.6      22.1      -1.7      12.4
      -1.5      16.5      -1.4       6.8
      -1.7      15.1      -1.5       5.7
 61013   .000000  -.844819  -.535052
  48251.1  14183.1       .5     43.3     49.4      2.4
       .5     86.6     49.5     30.0  26231.3  26867.7
     -12.1      54.4        .9      58.3
      -1.6      21.7      -1.6      12.5
      -1.1      15.4      -1.5       6.7
      -1.6      13.5      -1.5       5.6
 61014   .000000  -.863297  -.504697
  50922.4  13840.0       .5     43.3     49.3      2.2
       .5     86.6     49.8     29.9  27796.1  28797.5
     -10.8      51.5       1.7      55.8
      -1.6      21.5      -1.6      12.4
      -1.5      17.1      -1.5       6.6
      -1.5      15.5      -1.6       5.5
 61015   .000000  -.878853  -.477092
  53983.3  13712.2       .5     43.3     49.2      2.2
       .5     86.6     50.0     29.7  29807.3  30623.8
     -11.6      52.1       1.8      56.0
      -1.4      23.0      -1.3      13.1
      -1.2      18.3      -1.3       6.5
      -1.6      17.0      -1.4       5.4
 61016   .000000  -.892036  -.451965
  56811.4  13445.0       .5     43.3     50.2     19.8
       .5     86.6     49.9     29.6  31944.1  32727.2
      -9.3      48.7        .5      62.3
      -1.6      22.7      -1.4      13.5
      -1.4      17.3      -1.5       6.5
      -1.4      15.7      -1.5       5.3
 61017   .000000  -.903278  -.429057
  59941.4  13429.6       .5     43.3     49.5      1.8
       .5     86.6     50.2     29.4  33758.1  34657.4
     -10.9      51.3       1.7      59.9
      -1.9      22.0      -1.5      13.4
      -1.2      16.1      -1.4       6.7
      -1.5      14.3      -1.5       5.2
 61018   .000000  -.912924  -.408131
  62946.5  13232.6       .5     43.3     49.5      1.8
       .5     86.6     50.3     29.3  35674.0  36715.6
     -11.6      48.3        .9      60.1
      -1.7      22.3      -1.5      13.3
      -1.6      17.6      -1.4       6.3
      -1.3      16.1      -1.4       5.2
 61019   .000000  -.921250  -.388972
  66381.5  13209.7       .5     43.3     49.5      1.8
       .5     86.6     50.1     29.1  37955.7  39005.5
     -13.5      54.5       3.1      66.2
      -1.6      23.9      -1.3      13.4
      -1.2      18.9      -1.4       6.3
      -1.6      17.7      -1.4       5.2
 61020   .000000  -.928477  -.371391
  69389.2  13125.2       .5     43.3     49.6      1.7
       .5     86.6     50.4     29.0  39772.2  40680.9
     -11.2      52.9       3.0      66.9
      -1.7      23.3      -1.3      16.3
      -1.2      17.7      -1.4       6.3
      -1.6      16.4      -1.4       5.1
 61021   .000000  -.934784  -.355218
  72484.1  13014.2       .5     43.3     49.7      1.6
       .5     86.6     50.1     29.1  41669.9  43074.0
     -11.5      52.0       4.8      62.4
      -1.6      21.5      -1.3      15.1
      -1.5      16.5      -1.4       6.4
      -1.4      14.8      -1.4       5.0
 61022   .000000  -.940315  -.340305
  75562.2  12958.6       .5     43.3     49.5      1.6
       .5     86.6     50.3     29.1  43826.7  44875.7
      -8.1      48.0       1.4      73.4
      -1.8      22.5      -1.1      17.0
      -1.7      17.8      -1.3       6.4
      -1.6      16.5      -1.4       5.3
 61023   .000000  -.945190  -.326520
  78960.3  13030.3       .5     43.3     49.5      1.6
       .5     86.6     50.3     28.9  45845.4  47273.0
     -13.3      54.3       1.7      73.7
      -1.5      24.1       -.9      17.7
      -1.6      18.9      -1.4       6.5
      -1.3      18.4      -1.3       4.8
 61024   .000000  -.949506  -.313750
  81961.8  12891.7       .5     43.3     49.7      1.5
       .5     86.6     50.2     28.8  48128.1  49341.3
     -11.6      50.1       1.6      71.1
      -1.7      23.0       -.9      17.7
      -1.2      17.9      -1.3       6.2
      -1.6      17.0      -1.4       5.0
 61025   .000000  -.953342  -.301892
  85133.9  12887.6       .5     43.3     49.7      1.3
       .5     86.6     50.1     28.7  50162.4  51344.3
     -11.5      54.1       1.8      77.1
      -1.7      21.4      -1.4      18.3
      -1.1      16.7      -1.3       6.1
      -1.5      15.0      -1.4       4.9
 61026   .000000  -.956767  -.290857
  88271.0  12871.1       .5     43.3     49.6      1.3
       .5     86.6     50.9     28.8  52282.9  53161.0
     -11.3      51.1       3.6      72.8
      -2.0      22.7      -1.2      19.1
      -1.2      18.4      -1.2       6.7
      -1.1      16.8      -1.3       4.9
 61027   .000000  -.959834  -.280567
  91570.0  12860.4       .5     43.3     49.5      1.3
       .5     86.6     50.3     28.5  54612.7  56297.1
     -11.4      50.9       5.2      76.9
      -1.9      23.3      -1.4      19.9
      -1.7      19.4      -1.4       6.1
      -1.5      18.4      -1.4       5.0
 61028   .000000  -.962593  -.270952
  95100.9  12839.1       .5     43.3     40.0     77.4
       .5     86.6     50.4     28.4  56950.4  58810.6
     -13.4      50.6       4.1      77.4
      -2.2      23.4      -1.2      21.2
      -1.5      18.3      -1.3       6.2
      -1.5      16.9      -1.3       4.7
 61029   .000000  -.965081  -.261951
  97995.1  12879.5       .5     43.3     49.7      1.1
       .5     86.6     50.5     28.3  59266.3  60599.1
     -11.6      50.5       -.2      81.8
      -1.5      21.6      -1.3      20.7
      -1.3      16.6      -1.2       6.7
      -1.6      15.0      -1.4       4.8
 61030   .000000  -.967333  -.253508
 101268.0  12820.7       .5     43.3     49.7      1.2
       .5     86.6     50.6     28.4  61037.6  62888.4
     -10.4      51.8       4.7      83.2
      -2.1      23.3      -1.1      21.0
      -1.4      18.4      -1.2       6.1
      -1.6      17.1      -1.3       4.8
 61031   .000000  -.969377  -.245576
 104750.8  12935.0       .5     43.3     50.0      1.0
       .5     86.6     50.6     28.2  63608.7  65210.1
     -14.7      54.9       1.7      81.9
      -1.9      23.6       -.9      21.5
      -1.0      19.2      -1.2       6.6
      -1.3      18.9      -1.3       4.7
 61032   .000000  -.971238  -.238110
 107801.6  12819.6       .5     43.3     49.5      1.0
       .5     86.6     50.4     28.3  66540.3  68233.7
     -10.7      53.2       2.4      86.2
      -2.3      23.0      -1.0      22.8
      -1.6      18.3      -1.3       6.9
      -1.1      17.3      -1.2       4.7
 61033   .000000  -.972937  -.231072
 111228.4  12917.4       .5     43.3     49.2      1.0
       .5     86.6     50.3     28.1  68133.8  69837.4
     -14.9      52.7       4.4      86.2
      -2.3      22.5      -1.3      23.4
      -1.6      17.0      -1.3       6.5
      -1.6      15.7      -1.3       4.9
 61034   .000000  -.974491  -.224428
 114892.2  12831.1       .5     43.3     49.8      1.0
       .5     86.6     50.8     28.3  69311.8  71690.4
     -11.8      52.0       3.2      88.2
      -2.1      22.8       -.8      25.8
      -1.3      18.2      -1.2       6.9
      -1.2      17.0      -1.2       4.6
 61035   .000000  -.975916  -.218146
 117773.5  12976.6       .5     43.3     49.9       .6
       .5     86.6     50.8     28.1  72373.7  74725.1
     -12.6      53.8      10.0      84.2
      -1.8      23.9       -.5      25.8
      -1.2      19.9      -1.2       7.1
      -1.4      18.6      -1.2       4.7
 61036   .000000  -.977227  -.212198
 120740.3  12775.4       .5     43.3     48.5     28.9
       .5     86.6     50.7     28.0  74496.1  76684.8
     -13.6      54.7       3.9      91.3
      -2.1      23.4      -1.2      26.8
      -1.4      18.3      -1.1       6.8
      -1.2      17.1      -1.3       4.7
 61037   .000000  -.978434  -.206558
 124322.9  12901.9       .5     43.3     48.5     28.9
       .5     86.6     50.9     28.2  78453.8  80180.5
     -13.0      52.7      -1.9      94.6
      -1.7      21.7       -.6      25.5
      -1.2      16.9      -1.1       7.3
      -1.4      15.6      -1.3       4.7
 61038   .000000  -.979549  -.201205
 127364.8  12947.6       .5     43.3     48.5     28.9
       .5     86.6     50.6     28.1  79769.7  82257.8
      -9.6      52.9       6.9      89.8
      -2.3      22.6       -.7      28.4
      -1.3      18.6      -1.3       6.6
      -1.3      17.0      -1.2       4.7
 61039   .000000  -.980581  -.196116
 131136.9  12749.9       .5     43.3     50.1       .7
       .5     86.6     50.9     27.9  83050.9  85228.3
     -11.4      48.8        .3      99.2
      -2.2      25.4       -.9      29.5
      -1.6      19.2      -1.3       8.8
      -1.9      18.9      -1.3       4.7
 61040   .000000  -.981537  -.191274
 134446.0  12874.6       .5     43.3     48.5     28.9
       .5     86.6     50.8     27.8  84355.9  87040.4
     -10.0      53.3       -.5      96.1
      -2.4      23.2       -.3      26.1
      -1.3      18.6      -1.3       8.9
      -1.5      17.5      -1.2       4.8
 61041   .000000  -.982424  -.186661
 137515.1  12945.1       .5     43.3     48.5     28.9
       .5     86.6     50.7     27.9  86947.0  89249.9
     -12.7      51.9       2.1     101.4
      -2.5      22.6      -1.1      31.6
      -1.5      17.1      -1.2       7.9
      -1.3      15.4      -1.1       5.3
 61042   .000000  -.983250  -.182261
 141345.6  12875.7       .5     43.3     48.5     28.9
       .5     86.6     50.9     27.8  89076.0  92020.3
      -9.5      45.6       4.4     101.8
      -1.8      23.1       -.3      29.4
      -1.2      18.6      -1.3       7.9
      -1.6      16.8      -1.0       4.7
 61043   .000000  -.984020  -.178061
 144223.3  12896.9       .5     43.3     48.5     28.9
       .5     86.6     50.7     27.7  91136.1  93973.7
     -16.2      59.5       4.8     103.2
      -2.3      24.6      -1.2      30.1
      -1.2      19.7      -1.2       9.3
      -1.3      18.8      -1.2       5.3
 61044   .000000  -.984737  -.174047
 147850.5  12881.7       .5     43.3     48.5     28.9
       .5     86.6     51.4     27.8  93564.8  96651.0
     -13.3      50.3      -5.1      99.6
      -2.0      23.3       -.4      30.1
      -1.3      18.7      -1.2       8.4
      -1.4      17.6      -1.1       5.1
 61045   .000000  -.985408  -.170207
 150554.1  12817.7       .5     43.3     48.5     28.9
       .5     86.6     51.3     27.9  95853.4  98401.7
      -9.3      51.6      11.7     107.7
      -2.5      22.8       -.4      31.0
      -1.6      17.0      -1.2       8.1
      -1.8      15.9      -1.2       4.6
 61046   .000000  -.986036  -.166531
 154084.4  13198.7       .5     43.3     48.5     28.9
       .5     86.6     51.2     27.7  98643.9 101742.2
      -8.7      47.3      -2.9      98.8
      -1.8      23.3       -.8      31.4
      -1.3      18.3       -.8       8.3
      -1.3      17.4      -1.1       4.7
 61047   .000000  -.986625  -.163008
 157446.7  12945.9       .5     43.3     48.5     28.9
       .5     86.6     51.0     27.6 100425.0 104002.3
     -17.8      56.5       -.1     110.5
      -1.6      24.7       -.2      34.3
      -2.1      19.9      -1.2       8.9
      -1.5      19.0      -1.2       4.6
 61048   .000000  -.987696  -.156385
 164118.6  12819.0       .5     43.3     48.5     28.9
       .5     86.6     51.0     27.5 102735.3 105903.5
     -11.3      49.9       1.4     106.3
      -2.5      22.7       -.4      34.4
      -1.5      17.2      -1.3       8.9
      -1.2      15.6      -1.1       5.4
 61049   .000000  -.988644  -.150274
 170698.3  12904.2       .5     43.3     48.5     28.9
       .5     86.6     51.2     27.5 108575.6 111223.2
     -14.2      53.0       7.2      99.9
      -2.3      24.9       -.6      36.3
      -1.4      19.9      -1.2       9.5
      -1.6      18.8      -1.1       6.1
 61050   .000000  -.989488  -.144617
 177351.1  12927.0       .5     43.3     48.5     28.9
       .5     86.6     51.1     27.7 113786.4 116923.0
     -13.7      54.4       9.5     103.9
      -2.2      23.2      -1.0      35.5
      -1.4      16.9      -1.0      10.3
      -1.3      15.9      -1.1       5.5
 61051   .000000  -.990241  -.139367
 184040.1  12887.2       .5     43.3     48.5     28.9
       .5     86.6     51.1     27.5 117335.0 120907.7
     -10.9      48.5       4.1     113.1
      -2.2      24.0       -.4      36.8
      -1.6      19.6      -1.0       9.9
      -1.5      18.7      -1.1       6.0
 61052   .000000  -.990916  -.134481
 191150.3  12911.7       .5     43.3     48.5     28.9
       .5     86.6     51.4     27.3 122285.0 125122.7
     -16.5      53.3       4.1     105.9
      -2.4      24.0       -.7      38.7
      -1.3      17.0      -1.0      11.0
      -1.6      15.8      -1.1       5.0
 61053   .000000  -.991524  -.129924
 197441.3  12912.8       .5     43.3     48.5     28.9
       .5     86.6     51.3     27.5 127085.5 131069.2
     -12.2      51.3       8.3     107.3
      -2.2      25.7       -.5      39.9
      -1.5      19.6      -1.0      11.1
      -1.7      19.0      -1.1       6.1
 61054   .000000  -.992073  -.125663
 204730.0  13001.3       .5     43.3     48.5     28.9
       .5     86.6     51.3     27.4 133738.2 137086.6
     -13.6      50.0      -2.1     109.9
      -2.6      24.3        .2      41.2
      -1.7      17.4       -.9      11.1
      -1.3      15.6      -1.1       7.1
 61055   .000000  -.992571  -.121670
 211266.9  13001.8       .5     43.3     48.5     28.9
       .5     86.6     51.1     27.5 138321.3 141978.1
     -15.9      52.0      15.6     121.5
      -2.7      25.9       -.2      42.5
      -1.1      19.8       -.9      12.9
      -2.0      19.1      -1.0       4.8
 61056   .000000  -.993023  -.117921
 218195.1  12916.3       .5     43.3     48.5     28.9
       .5     86.6     51.7     27.2 143265.4 147211.5
      -7.7      42.1       4.8     118.2
      -2.7      23.2        .2      42.7
      -1.7      17.2       -.8      13.4
      -1.3      16.2       -.9       5.2
 61057   .000000  -.993435  -.114396
 224700.2  12998.2       .5     43.3     48.5     28.9
       .5     86.6     51.2     27.2 147880.3 151102.1
     -11.6      41.6       4.2     111.5
      -2.6      24.2        .0      43.3
      -1.8      19.8      -1.0      13.9
      -1.6      18.9      -1.1       6.0
 61058   .000000  -.993812  -.111073
 231134.2  12977.9       .5     43.3     48.5     28.9
       .5     86.6     51.3     27.2 152670.1 156445.8
     -13.7      40.3      10.6     114.3
      -2.9      23.3       -.8      44.5
      -1.3      17.4      -1.1      13.2
      -1.7      15.9      -1.2       6.8
 61059   .000000  -.994158  -.107937
 237987.5  13071.9       .5     43.3     48.5     28.9
       .5     86.6     51.6     27.1 158079.3 161515.4
      -7.1      41.2       5.6     123.8
      -2.3      24.8        .4      44.6
      -1.5      19.9      -1.2      14.0
      -1.1      19.0      -1.2       5.9
 61060   .000000  -.994475  -.104972
 244723.5  13077.5       .5     43.3     48.5     28.9
       .5     86.6     51.7     27.2 162126.6 166686.8
      -9.9      40.5      -4.9     118.7
      -2.3      21.6        .3      45.5
      -1.4      17.7      -1.1      14.5
      -1.0      16.0      -1.1       7.6
 61061   .903278   .000000  -.429057
  59559.9  10813.6      -.1     40.5     48.5     28.9
      -.1     83.4     48.5     57.7  33691.3  34644.2
       4.4      82.7       9.6      43.6
      -1.8      29.9        .8      21.4
       -.2       5.0        .6      15.9
       -.3       5.0        .5      13.6
 61062   .887877   .000000  -.460082
  55661.8  11297.4      -.2     40.4     48.5     28.9
      -.1     83.3     48.5     57.7  31291.2  31987.8
       1.6      80.3       8.4      41.9
        .6      28.4        .8      20.1
       -.4       5.0        .1      14.4
       -.4       5.0        .5      12.1
 61063   .868777   .000000  -.495203
  51606.6  11627.6       .1     40.4     48.5     28.9
       .1     83.5     48.5     57.7  28282.5  29163.5
      -2.6      78.9       6.6      43.3
       -.1      25.6        .3      21.1
       -.6       7.3        .4      14.8
       -.4       5.0        .3      12.7
 61064   .844819   .000000  -.535052
  48015.9  12344.9       .1     40.5     48.5     28.9
       .1     83.5     48.5     57.7  26165.3  26758.4
      -3.0      79.0       9.7      45.0
       -.6      20.8        .0      19.2
       -.5       5.0        .2      13.5
       -.5       5.0        .1      11.2
 61065   .814421   .000000  -.580275
  44416.6  13342.8       .1     40.4     48.5     28.9
       .0     83.5     48.5     57.7  24050.0  24804.5
      -2.9      77.3      10.1      47.1
       -.8      19.3        .1      20.0
       -.5       5.0        .1      14.0
       -.4       5.0       -.1      11.5
 61066   .775436   .000000  -.631426
  41062.9  14666.7       .0     40.6     48.5     28.9
       .0     83.5     48.5     57.7  21446.4  22055.7
      -3.1      75.8       8.2      47.7
      -1.1      22.3       -.2      19.0
       -.4       5.0       -.2      12.7
       -.4       5.0       -.3      10.3
 61067   .724999   .000000  -.688749
  37768.8  16819.6      -.2     40.5     48.5     28.9
      -.1     83.6     49.1      9.2  19239.6  20228.4
        .2      74.4       9.3      47.2
        .3      16.8       -.3      17.8
       -.4       5.0       -.5      11.7
       -.5       5.0       -.4       9.7
 61068   .659438   .000000  -.751759
  34940.8  20606.5      -.1     40.8     48.5     28.9
      -.1     83.7     49.4     21.5  17927.2  18436.2
       2.1      78.7       7.3      49.5
      -2.1      17.7       -.6      16.4
       -.1       5.0       -.8      10.7
       -.5       5.0       -.9       8.7
 61069   .574426   .000000  -.818557
  32216.0  24351.8      -.3     40.7     49.1      6.0
      -.2     83.7     49.2     34.2  16074.0  16623.2
       2.6      75.6       7.4      51.1
        .1      14.7       -.9      11.3
       -.7       5.0       -.9       7.5
       -.3       5.0      -1.1       6.2
 61070   .465746   .000000  -.884918
  29810.4  24728.7       .4     40.5     48.6     17.7
       .5     83.8     48.6     46.5  14621.7  15255.4
        .2      74.1       9.1      54.5
       -.4      14.0       -.9       7.5
       -.4       5.0      -1.0       4.5
       -.5       5.0      -1.2       3.7
 61071   .331088   .000000  -.943600
  28166.3  23026.2      -.1     40.7     48.2     25.5
      -.1     83.7     48.2     54.3  13935.5  14327.1
       2.8      70.3       9.7      71.6
       -.9      10.0       -.3      14.3
       -.5       5.0       -.2       3.0
       -.5       5.0       -.5       3.0
 61072   .254493   .000000  -.967075
  27344.0  22464.0       .6     40.8     49.1     21.0
       .6     83.9     49.2     49.7  13341.3  13880.8
       -.4      70.6       9.4      59.8
       -.4       8.0       -.7       7.4
       -.4       5.0       -.8       3.6
       -.6       5.0      -1.1       3.3
 61073   .172799   .000000  -.984957
  26760.3  21911.2       .0     40.9     48.6     15.3
       .0     84.0     48.7     44.0  13085.9  13538.5
      -2.8      70.3       2.3      48.5
       -.3      12.3      -1.5       6.8
       -.6       5.0      -1.5       4.6
       -.5       5.0      -1.5       4.1
 61074   .087384   .000000  -.996175
  26258.2  20650.4       .1     41.0     48.9      9.5
       .1     84.0     48.8     38.1  12726.1  13151.7
      -2.8      70.8       2.0      44.8
       -.8      11.8      -1.7       8.8
       -.5       5.0      -1.6       6.0
       -.5       5.0      -1.8       5.4
 61075   .000000   .000000 -1.000000
  26123.7  18991.6       .3     40.6     48.4      4.7
       .2     83.9     48.6     32.2  12669.1  12962.1
        .8      66.9       -.1      36.1
       -.1      10.8      -1.8      11.3
       -.7       5.0      -1.7       7.9
       -.5       5.0      -2.0       6.7
 61076  -.087384   .000000  -.996175
  26153.0  16746.2      -.3     40.9     46.5      3.6
      -.3     84.1     48.6     26.4  12616.9  13186.4
      -1.8      73.5      -1.3      38.6
       -.7      12.4      -2.3      14.1
       -.5       5.0      -2.1       9.4
       -.5       5.0      -2.2       8.1
 61077  -.172799   .000000  -.984957
  26177.0  14278.7       .0     40.8     48.5     28.9
       .0     84.0     48.8     20.6  12715.3  13163.1
        .1      69.1      -2.5      38.4
       -.4      10.0      -2.6      16.5
       -.3       5.0      -2.5      11.2
       -.5       5.0      -2.4       9.4
 61078  -.254493   .000000  -.967075
  26632.6  12716.4      -.2     41.1     48.5     28.9
      -.2     84.2     48.4     14.9  12970.2  13379.8
        .2      70.0      -4.3      39.9
       -.1       9.9      -2.4      18.1
       -.4       5.0      -2.0      12.4
       -.5       5.0      -2.5      10.6
 61079  -.331088   .000000  -.943600
  27091.2  11447.7       .4     40.9     48.5     28.9
       .3     84.2     48.6      9.8  13211.7  13852.3
      -4.5      74.6      -2.5      39.4
       -.3       8.8      -2.3      17.9
       -.6       5.0      -2.0      12.9
       -.5       5.0      -2.3      11.7
 61080  -.465746   .000000  -.884918
  28918.9   9971.6      -.5     41.0     48.5     28.9
      -.5     84.2     47.7      7.9  14559.7  14957.3
      -1.5      74.5      -5.4      39.4
       -.3      14.6      -2.4      19.3
       -.6       5.0      -1.7      13.6
       -.5       5.0      -2.2      11.9
 61081  -.574426   .000000  -.818557
  31286.9   9154.3      -.1     41.1     48.5     28.9
      -.1     84.2     48.5     57.7  15634.1  16318.0
       -.1      76.7      -3.9      40.3
        .1      10.9      -2.6      21.4
       -.1       5.0      -2.1      15.5
       -.4       5.0      -2.1      14.0
 61082  -.659438   .000000  -.751759
  33749.8   8696.9      -.5     41.1     48.5     28.9
      -.5     84.1     48.5     57.7  17626.4  18253.8
       -.5      73.9      -6.8      41.5
       -.3      16.5      -1.7      20.4
       -.4       5.0      -1.5      15.3
       -.8       5.0      -2.0      13.6
 61083  -.724999   .000000  -.688749
  36955.3   8390.3      -.4     41.0     48.5     28.9
      -.4     84.1     48.5     57.7  19686.1  20181.9
      -1.0      77.4      -6.8      40.5
      -1.5      16.9      -1.6      22.5
       -.5       5.0      -1.6      16.8
       -.5       5.0      -2.1      15.1
 61084  -.775436   .000000  -.631426
  40333.0   8059.7       .4     40.9     48.5     28.9
       .4     84.0     48.5     57.7  21951.6  22550.2
       3.5      72.3      -4.8      37.8
        .8      20.2      -1.5      21.4
       -.2       5.0      -1.6      16.1
       -.6       5.0      -1.5      14.4
 61085  -.814421   .000000  -.580275
  43795.5   7913.1      -.1     40.9     48.5     28.9
      -.1     83.9     48.5     57.7  24374.2  24887.2
      -2.5      74.4      -5.0      38.9
       -.3      22.0      -1.7      23.0
       -.5       5.0      -1.3      17.0
       -.3       5.0      -1.4      15.4
 61086  -.844819   .000000  -.535052
  47587.3   7818.1       .3     40.8     48.5     28.9
       .3     83.8     48.5     57.7  26447.6  27114.3
       -.8      78.9      -5.0      37.4
        .6      24.1      -1.3      21.7
       -.2       5.0      -1.1      16.7
       -.5       5.0      -1.3      15.1
 61087  -.868777   .000000  -.495203
  51528.6   7892.4       .3     40.8     48.5     28.9
       .3     83.8     48.5     57.7  28824.3  29677.3
        .6      79.1      -6.2      39.2
        .1      26.7      -1.0      23.2
       -.3       5.9      -1.0      18.1
       -.3       5.0      -1.1      16.1
 61088  -.887877   .000000  -.460082
  55464.3   7841.6       .4     40.6     48.5     28.9
       .4     83.7     48.5     57.7  31476.9  32280.4
      -1.6      80.2      -6.0      37.2
        .0      28.6       -.8      21.7
       -.3       7.4       -.9      17.0
       -.2       5.0      -1.1      15.3
 61089  -.903278   .000000  -.429057
  59326.7   7921.7       .5     40.6     48.5     28.9
       .4     83.6     48.5     57.7  33860.4  34985.2
      -2.0      86.7      -6.5      38.2
        .3      30.6      -1.1      23.3
        .2       8.4       -.7      18.0
       -.6       5.0      -1.0      16.2
 61090   .840060  -.367526  -.399028
  64141.9  11765.3       .5     43.3     48.5     28.9
       .2     16.6     48.5     57.7  36215.4  37282.2
      -7.7      61.6       9.1      43.5
      -1.4      24.8        .7      21.5
      -1.3      15.9        .3      15.4
      -1.1      13.0        .2      13.2
 61091   .817505  -.390173  -.423616
  60181.6  12194.9       .5     43.3     48.5     28.9
       .2     17.0     48.5     57.7  33780.7  34878.3
      -7.5      61.2      10.9      45.5
      -1.4      24.1        .8      19.6
      -1.2      15.9        .2      14.0
      -1.1      13.2        .2      11.8
 61092   .790440  -.414981  -.450551
  56927.3  12908.9       .5     43.3     48.5     28.9
       .1     17.3     48.5     57.7  31764.7  32549.2
      -8.5      61.1       9.3      44.1
      -1.7      25.2        .8      20.7
      -1.0      16.3        .1      14.3
      -1.2      13.7        .0      12.5
 61093   .757796  -.442047  -.479937
  53294.9  13830.2       .5     43.3     48.5     28.9
       .1     17.8     48.5     57.7  29684.5  30579.8
      -5.6      58.8       8.6      45.7
      -1.3      24.9        .1      19.0
      -1.4      16.6        .0      13.3
      -1.3      13.5       -.1      10.9
 61094   .718269  -.471364  -.511767
  50351.6  15168.4       .5     43.3     48.5     28.9
       .2     18.1     48.5     57.7  27397.3  28465.7
      -6.5      58.9       9.9      49.3
      -2.3      25.4        .3      19.4
      -1.6      16.8        .1      13.1
      -1.4      13.8       -.2      11.0
 61095   .670317  -.502738  -.545830
  47432.4  16738.1       .5     43.3     48.5     28.9
       .1     18.7     48.5     57.7  25523.1  26227.2
      -9.0      57.4       8.6      48.5
      -1.8      26.2       -.3      18.3
      -1.5      17.4       -.4      12.3
      -1.6      14.1       -.3      10.1
 61096   .612205  -.535679  -.581595
  44478.6  18864.0       .5     43.3     48.5     28.9
       .2     19.1     49.0      8.3  24146.4  24874.8
      -6.4      60.2       6.3      49.0
      -1.8      26.2       -.2      17.0
      -1.6      17.4       -.4      10.8
      -1.5      14.2       -.8       9.1
 61097   .542159  -.569267  -.618061
  41997.2  20078.2       .5     43.3     48.5     28.9
       .2     19.7     49.2     20.5  22164.4  22941.1
      -8.9      58.5       7.4      51.3
      -1.3      26.9      -1.0      15.9
      -1.6      17.6      -1.0      10.0
      -1.6      14.4      -1.1       8.1
 61098   .458673  -.602008  -.653609
  39825.8  19264.8       .5     43.3     49.0      5.2
      -.2     20.1     49.1     33.5  20920.5  21522.8
      -9.2      60.8       6.3      52.7
      -1.9      26.7       -.9      11.6
      -1.8      17.8       -.8       7.3
      -1.6      14.7      -1.0       5.9
 61099   .361020  -.631785  -.685938
  38057.9  18575.6       .5     43.3     48.4     17.1
       .0     20.6     48.4     45.8  19635.8  20492.1
      -9.3      59.2       6.7      62.5
      -2.5      26.9      -1.0       9.3
      -1.4      18.0      -1.1       4.4
      -1.7      14.5      -1.2       3.7
 61100   .249898  -.655981  -.712208
  36583.2  17777.9       .5     43.3     48.4     25.3
      -.4     20.9     48.4     54.0  18888.6  19581.9
      -6.8      58.5       5.1      75.1
      -2.3      27.2       -.8      15.7
      -1.6      18.2       -.3       4.2
      -1.7      14.8       -.4       3.0
 61101   .190037  -.665130  -.722141
  36107.1  17550.6       .5     43.3     49.4     20.5
      -.1     21.1     49.5     49.3  18369.3  19105.1
      -8.0      59.5       4.2      66.0
      -1.9      27.4      -1.1      12.2
      -2.1      18.3       -.7       3.6
      -1.6      14.8      -1.0       3.2
 61102   .127982  -.671905  -.729496
  35561.8  17195.6       .5     43.3     49.5     14.6
      -.3     21.1     49.4     43.2  18134.1  18920.7
      -9.2      57.5       2.1      57.0
      -2.0      27.1      -1.0       9.1
      -1.8      18.2      -1.2       4.5
      -1.7      14.7      -1.4       3.9
 61103   .064388  -.676070  -.734019
  35334.3  17092.8       .5     43.3     49.4      8.6
      -.1     21.2     49.5     37.3  18284.4  18686.6
      -7.2      57.7        .4      50.9
      -2.0      27.6      -1.4       9.2
      -1.7      17.9      -1.4       5.6
      -1.8      14.9      -1.6       5.0
 61104   .000000  -.677476  -.735545
  35151.4  17014.0       .5     43.3     48.8      3.4
      -.3     21.3     49.2     31.0  17921.4  18466.2
      -7.6      58.6       -.4      44.6
      -1.7      27.4      -1.8      11.1
      -1.9      18.3      -1.6       7.3
      -1.9      14.8      -1.8       6.1
 61105  -.064388  -.676070  -.734019
  35136.9  16923.7       .5     43.3     48.5     28.9
       .1     21.3     49.1     24.8  17971.8  18653.7
      -7.4      58.3      -2.0      44.8
      -2.1      27.4      -2.2      13.4
      -1.9      18.3      -2.2       8.6
      -1.7      15.0      -2.0       7.3
 61106  -.127982  -.671905  -.729496
  35257.9  16699.1       .5     43.3     48.5     28.9
      -.3     21.4     49.1     18.7  18063.2  18665.9
      -7.7      57.8      -2.0      44.2
      -2.0      27.6      -2.2      15.5
      -1.7      18.1      -2.0       9.9
      -1.8      14.9      -2.3       8.3
 61107  -.190037  -.665130  -.722141
  35584.6  15834.4       .5     43.3     48.5     28.9
       .0     21.1     49.2     12.9  18199.4  18751.2
      -7.7      57.7      -3.0      41.9
      -1.8      27.3      -2.3      16.3
      -1.6      18.2      -2.0      10.9
      -1.4      15.0      -2.1       9.3
 61108  -.249898  -.655981  -.712208
  36018.4  14668.9       .5     43.3     48.5     28.9
       .1     21.3     49.2      7.7  18432.1  19226.9
      -9.2      57.6      -3.2      41.4
      -2.0      27.3      -2.1      16.2
      -1.7      18.3      -2.1      11.3
      -1.7      14.7      -2.0       9.8
 61109  -.361020  -.631785  -.685938
  37124.1  12913.0       .5     43.3     48.5     28.9
       .2     21.1     48.5     57.7  19458.9  20040.0
      -4.4      57.3      -3.4      40.2
      -2.0      26.9      -2.1      18.1
      -1.2      17.8      -1.4      12.4
      -1.4      15.0      -1.9      10.8
 61110  -.458673  -.602008  -.653609
  39128.1  11591.1       .5     43.3     48.5     28.9
       .0     20.5     48.5     57.7  20530.6  21113.1
      -9.5      58.7      -5.1      41.7
      -1.5      27.7      -1.7      19.5
      -1.6      17.7      -1.6      13.8
      -1.5      14.8      -1.8      12.4
 61111  -.542159  -.569267  -.618061
  41264.7  10590.0       .5     43.3     48.5     28.9
       .0     20.0     48.5     57.7  21909.9  22661.6
      -8.4      58.5      -4.5      39.5
      -1.9      27.0      -1.6      19.7
      -1.4      17.5      -1.5      13.9
      -1.3      14.6      -1.6      12.6
 61112  -.612205  -.535679  -.581595
  43739.1   9924.1       .5     43.3     48.5     28.9
       .1     19.7     48.5     57.7  23376.5  24242.5
      -8.3      59.9      -3.8      38.6
      -1.8      26.4      -1.5      21.0
      -1.3      17.0      -1.3      15.3
      -1.1      14.2      -1.5      14.0
 61113  -.670317  -.502738  -.545830
  46557.5   9368.3       .5     43.3     48.5     28.9
       .2     19.2     48.5     57.7  25565.9  26419.2
      -7.3      58.6      -4.1      39.5
      -1.0      26.0      -1.2      20.3
      -1.0      17.3      -1.0      15.4
       -.9      14.2      -1.1      13.7
 61114  -.718269  -.471364  -.511767
  49889.2   9050.6       .5     43.3     48.5     28.9
      -.1     18.5     48.5     57.7  27409.0  28221.4
      -5.2      58.4      -5.5      39.8
      -1.3      26.0      -1.6      22.0
      -1.3      16.6       -.9      16.5
      -1.1      13.9      -1.3      15.0
 61115  -.757796  -.442047  -.479937
  52793.3   8811.3       .5     43.3     48.5     28.9
       .1     18.0     48.5     57.7  29506.1  30235.8
      -7.0      59.4      -3.7      37.0
      -1.9      25.4       -.9      20.8
      -1.2      16.7       -.7      15.9
      -1.2      13.7       -.9      14.5
 61116  -.790440  -.414981  -.450551
  56543.3   8766.1       .5     43.3     48.5     28.9
       .0     17.6     48.5     57.7  32060.5  33242.1
      -9.3      60.8      -6.6      41.0
      -1.5      24.8      -1.1      22.4
      -1.0      16.0       -.5      16.9
      -1.0      13.4       -.8      15.7
 61117  -.817505  -.390173  -.423616
  60027.9   8529.9       .5     43.3     48.5     28.9
       .2     17.2     48.5     57.7  33637.7  34952.7
      -6.1      58.2      -7.2      36.7
      -1.1      24.5       -.6      20.6
      -1.1      15.8       -.7      16.2
      -1.0      13.1       -.5      14.7
 61118  -.840060  -.367526  -.399028
  63932.5   8338.8       .5     43.3     48.5     28.9
      -.3     16.9     48.5     57.7  36298.8  37465.1
      -5.6      60.0      -5.4      36.7
      -1.4      24.9       -.9      22.4
      -1.2      15.9       -.5      17.7
      -1.2      13.1      -1.0      15.9
 61119   .708659  -.620076  -.336613
  76036.0  13853.0       .5     43.3     48.5     28.9
       .5     86.6     48.5     57.7  44368.2  45545.3
     -11.0      58.0       9.3      47.5
      -1.3      22.4        .7      20.1
       -.9      17.3        .3      14.2
      -1.1      15.8        .3      12.4
 61120   .677337  -.646549  -.350984
  73202.2  14445.8       .5     43.3     48.5     28.9
       .5     86.6     48.5     57.7  42305.3  43823.7
     -13.0      56.4       9.2      46.2
      -1.7      23.0        .8      19.4
      -1.0      17.4        .2      13.4
      -1.4      15.7        .3      11.2
 61121   .641844  -.673936  -.365851
  70317.5  15269.2       .5     43.3     48.5     28.9
       .5     86.6     48.5     57.7  40433.8  41462.3
     -11.7      55.0       9.1      50.6
      -1.4      22.7        .3      19.7
      -1.1      17.5        .3      13.4
      -1.2      16.0        .2      11.3
 61122   .601687  -.701968  -.381068
  67450.9  15706.8       .5     43.3     48.5     28.9
       .5     86.6     48.5     57.7  38240.2  39370.1
     -11.0      54.6       7.8      48.6
      -1.4      22.5        .3      19.2
       -.9      17.1       -.3      12.3
      -1.1      16.1       -.1      10.5
 61123   .556388  -.730259  -.396426
  64756.7  15760.8       .5     43.3     48.5     28.9
       .5     86.6     48.5     57.7  36678.3  37939.5
      -9.1      52.7       7.0      52.0
      -1.2      22.5        .1      18.5
      -1.3      17.5       -.2      11.5
      -1.0      16.1       -.3       9.6
 61124   .505524  -.758286  -.411641
  62569.3  15916.5       .5     43.3     48.5     28.9
       .5     86.6     48.5     57.7  35066.8  36507.0
     -12.3      53.1      10.6      54.5
      -1.4      22.8       -.5      17.7
      -1.2      17.7       -.4      11.1
      -1.3      16.2       -.6       8.9
 61125   .448787  -.785377  -.426348
  60304.7  15306.6       .5     43.3     48.5     28.9
       .5     86.6     49.0      6.6  33515.3  34486.0
     -11.6      54.9       8.1      57.6
      -1.8      23.5       -.3      16.6
       -.9      17.6       -.6       9.5
      -1.4      16.6       -.7       8.0
 61126   .386057  -.810720  -.440105
  58594.7  14880.7       .5     43.3     48.5     28.9
       .5     86.6     49.1     19.1  33023.5  33726.7
     -11.1      53.1       7.1      58.1
      -1.8      23.1       -.6      16.3
      -1.6      17.8      -1.0       9.1
      -1.4      16.6      -1.1       7.0
 61127   .317480  -.833386  -.452409
  57139.6  14441.7       .5     43.3     49.1      4.0
       .5     86.6     49.0     32.0  31700.1  32955.1
     -10.7      55.0       4.8      58.4
      -1.7      22.8       -.7      13.2
      -1.6      17.9      -1.0       6.6
      -1.6      16.8      -1.0       5.4
 61128   .243541  -.852392  -.462727
  55872.6  14036.0       .5     43.3     48.3     16.3
       .5     86.6     48.4     45.0  30888.7  32172.4
     -11.6      53.9       8.0      80.5
      -1.6      22.7       -.6      16.0
      -1.5      18.2      -1.1       4.4
      -1.2      16.7      -1.1       3.6
 61129   .165103  -.866792  -.470544
  54835.6  13841.9       .5     43.3     49.0     24.9
       .5     86.6     49.0     53.6  30320.5  31112.5
      -9.4      51.2       7.2      87.1
      -1.8      22.9       -.5      29.1
      -1.2      18.4        .2       5.5
      -1.6      17.0        .0       3.1
 61130   .124573  -.872008  -.473376
  54510.2  13755.0       .5     43.3     50.3     20.0
       .5     86.6     50.4     48.7  30244.1  31218.5
     -12.9      55.4       6.6      76.9
      -1.8      22.9       -.2      21.9
      -1.3      18.4       -.4       4.3
      -1.7      17.1       -.5       3.5
 61131   .083409  -.875791  -.475429
  54307.2  13760.4       .5     43.3     50.0     13.9
       .5     86.6     50.0     42.6  29705.3  30851.3
     -13.7      54.2        .6      69.5
      -1.7      23.4       -.8      14.7
      -1.3      18.1       -.9       4.4
      -1.9      17.4      -1.2       3.8
 61132   .041814  -.878085  -.476675
  54023.1  13695.1       .5     43.3     50.0      7.5
       .5     86.6     49.9     36.1  30113.1  30972.5
     -11.0      51.2       4.0      64.2
      -1.8      23.2      -1.4      13.3
      -1.5      18.3      -1.2       5.4
      -1.2      17.2      -1.3       4.4
 61133   .000000  -.878853  -.477092
  53983.8  13590.0       .5     43.3     49.4      2.2
       .5     86.6     49.9     29.8  29630.4  30909.7
     -11.2      51.8       1.9      59.9
      -1.4      23.3      -1.4      12.4
      -1.6      18.2      -1.4       6.5
      -1.8      17.1      -1.6       5.4
 61134  -.041814  -.878085  -.476675
  53966.1  13730.5       .5     43.3     48.5     28.9
       .5     86.6     49.8     23.1  29924.2  30852.8
     -11.8      53.8        .0      57.6
      -1.9      23.0      -1.8      14.1
      -1.1      18.5      -1.8       7.7
      -1.4      17.4      -1.7       6.2
 61135  -.083409  -.875791  -.475429
  54019.2  13670.1       .5     43.3     48.5     28.9
       .5     86.6     49.9     16.8  30278.9  30880.1
     -11.0      52.7       -.5      52.4
      -1.9      22.9      -1.8      15.1
      -1.4      18.6      -1.6       8.5
      -1.4      17.3      -1.8       7.1
 61136  -.124573  -.872008  -.473376
  54315.4  13692.8       .5     43.3     48.5     28.9
       .5     86.6     49.8     10.4  29955.3  30936.7
      -8.7      49.6      -3.3      51.5
      -1.9      23.7      -2.0      15.2
      -1.4      18.2      -1.6       9.2
      -1.0      17.4      -1.6       7.6
 61137  -.165103  -.866792  -.470544
  54642.0  13839.8       .5     43.3     48.5     28.9
       .5     86.6     49.6      4.9  30491.4  31262.2
     -11.1      52.8      -2.9      54.8
      -1.1      23.4      -1.5      14.9
      -1.1      18.1      -1.4       9.3
      -1.6      17.1      -1.7       7.8
 61138  -.243541  -.852392  -.462727
  55387.1  13990.0       .5     43.3     48.5     28.9
       .5     86.6     48.5     57.7  31107.9  32201.9
      -9.3      51.3      -4.4      49.1
      -1.6      23.2      -1.5      16.7
      -1.5      18.3      -1.7      10.7
      -1.3      17.1      -1.6       9.0
 61139  -.317480  -.833386  -.452409
  56654.8  13724.9       .5     43.3     48.5     28.9
       .5     86.6     48.5     57.7  31817.0  32735.4
      -9.4      51.4      -3.4      44.6
      -1.1      23.3      -1.1      17.1
      -1.2      18.4      -1.2      11.4
      -1.2      17.3      -1.2      10.1
 61140  -.386057  -.810720  -.440105
  58097.7  13510.3       .5     43.3     48.5     28.9
       .5     86.6     48.5     57.7  32199.8  33134.4
     -11.2      52.4      -2.3      40.7
      -1.6      23.5      -1.4      17.6
      -1.2      18.3      -1.3      12.3
      -1.2      17.0      -1.4      10.6
 61141  -.448787  -.785377  -.426348
  60004.1  12947.1       .5     43.3     48.5     28.9
       .5     86.6     48.5     57.7  33817.4  34888.8
     -12.1      54.3      -4.5      44.2
      -1.3      23.0      -1.2      18.8
      -1.2      18.2      -1.0      13.2
      -1.2      16.7      -1.0      11.7
 61142  -.505524  -.758286  -.411641
  62209.6  12064.2       .5     43.3     48.5     28.9
       .5     86.6     48.5     57.7  35014.6  36023.2
      -8.9      53.5      -3.6      40.7
      -1.0      23.0       -.5      18.7
       -.9      17.9       -.8      13.2
      -1.1      16.7      -1.0      11.7
 61143  -.556388  -.730259  -.396426
  64496.2  11577.3       .5     43.3     48.5     28.9
       .5     86.6     48.5     57.7  36448.9  37530.9
      -8.3      54.7      -4.9      40.9
      -1.4      23.2       -.8      19.8
      -1.1      18.0       -.9      14.6
       -.8      16.5       -.8      12.9
 61144  -.601687  -.701968  -.381068
  66865.5  11080.6       .5     43.3     48.5     28.9
       .5     86.6     48.5     57.7  38202.6  39652.3
      -8.8      53.9      -4.5      38.6
      -1.3      23.1       -.6      19.2
       -.8      17.8       -.5      14.3
       -.8      16.2       -.5      12.5
 61145  -.641844  -.673936  -.365851
  69496.8  10760.2       .5     43.3     48.5     28.9
       .5     86.6     48.5     57.7  40712.9  41813.7
     -11.8      57.1      -4.1      38.6
      -1.4      22.9       -.9      20.2
      -1.0      17.6       -.6      15.6
      -1.3      16.1       -.8      13.8
 61146  -.677337  -.646549  -.350984
  72578.5  10318.9       .5     43.3     48.5     28.9
       .5     86.6     48.5     57.7  42182.0  43350.2
     -10.4      55.6      -7.5      38.1
      -1.2      23.1       -.7      19.9
      -1.1      17.7       -.5      14.9
      -1.1      16.0       -.5      13.5
 61147  -.708659  -.620076  -.336613
  75653.2  10038.6       .5     43.3     48.5     28.9
       .5     86.6     48.5     57.7  43722.6  44880.1
     -10.1      56.4      -3.1      36.4
      -1.3      23.3       -.7      20.9
      -1.0      17.4       -.7      16.2
       -.9      15.8       -.6      14.7
 61148   .482910  -.845093  -.229382
 111803.2  14561.0       .5     43.3     48.5     28.9
       .5     86.6     48.5     57.7  68295.1  70103.5
     -11.9      48.6       9.0      51.3
      -1.5      21.7       1.1      20.1
      -1.2      15.9        .5      12.0
       -.9      14.4        .4      10.1
 61149   .451149  -.861285  -.233777
 109765.1  14309.6       .5     43.3     48.5     28.9
       .5     86.6     48.5     57.7  67228.4  69198.7
     -11.1      53.3       6.4      55.2
      -1.9      21.9       1.2      20.6
      -1.1      16.3        .1      11.7
      -1.1      14.7        .1       9.8
 61150   .417577  -.876913  -.238019
 108129.8  14138.4       .5     43.3     48.5     28.9
       .5     86.6     48.5     57.7  65977.8  67996.3
     -11.1      54.6       9.1      58.1
      -2.1      22.0       1.4      21.2
      -1.2      16.5        .3      10.9
      -1.3      14.6        .2       8.9
 61151   .382204  -.891810  -.242063
 105748.0  13850.5       .5     43.3     48.5     28.9
       .5     86.6     48.5     57.7  64840.4  66143.0
     -10.2      48.5       9.7      62.9
      -2.2      22.4       1.0      20.4
      -1.1      16.2        .0      10.9
      -1.0      15.0       -.1       8.6
 61152   .345068  -.905804  -.245861
 104670.9  13649.3       .5     43.3     48.5     28.9
       .5     86.6     48.5     57.7  63241.8  64695.1
     -11.2      53.6      10.5      66.2
      -1.7      21.9        .6      20.1
      -1.3      16.7        .1       9.8
      -1.5      14.9        .0       7.9
 61153   .306238  -.918714  -.249365
 102862.4  13449.3       .5     43.3     48.5     28.9
       .5     86.6     48.5     57.7  61700.9  63579.0
     -14.7      52.2      11.1      68.6
      -2.2      21.7        .2      20.4
      -1.2      16.6       -.5       9.4
      -1.6      15.1       -.5       7.4
 61154   .265817  -.930361  -.252527
 101683.2  13364.8       .5     43.3     48.5     28.9
       .5     86.6     49.5      4.4  60393.9  62797.0
     -12.3      48.2      10.0      72.1
      -2.0      22.2        .0      20.5
      -1.2      16.7       -.5       8.6
      -1.3      14.9       -.5       6.5
 61155   .223945  -.940570  -.255298
 100828.4  13121.1       .5     43.3     48.5     28.9
       .5     86.6     49.1     17.4  60878.7  62413.6
      -9.8      49.9       6.5      77.8
      -1.9      22.1        .0      20.8
      -1.4      16.8      -1.0       8.1
      -1.3      15.0      -1.0       6.0
 61156   .180796  -.949177  -.257634
  99920.5  12997.5       .5     43.3     49.1      2.7
       .5     86.6     48.9     30.8  60067.9  61620.9
     -16.1      55.0       5.3      85.3
      -2.1      22.5       -.4      22.8
      -1.4      16.7       -.8       7.2
      -1.8      15.1       -.9       4.8
 61157   .136577  -.956038  -.259496
  99234.2  12954.2       .5     43.3     48.5     15.5
       .5     86.6     48.3     44.0  59656.8  61388.6
     -12.2      53.7       4.6      97.0
      -1.9      21.8       -.4      31.8
      -1.4      16.7       -.8       6.2
      -1.6      15.3      -1.0       3.9
 61158   .091527  -.961030  -.260851
  98468.0  12792.1       .5     43.3     49.3     24.5
       .5     86.6     49.2     52.9  58336.7  61111.4
     -11.5      51.3       2.2     104.7
      -1.8      22.2       -.5      51.6
      -1.7      16.7        .8      13.5
      -1.6      15.3        .2       5.8
 61159   .068771  -.962796  -.261330
  98567.7  12835.6       .5     43.3     50.9     19.9
       .5     86.6     51.0     47.9  58740.9  60724.0
     -12.4      52.1       3.9     101.7
      -1.9      22.2       2.0      40.3
      -1.7      16.8        .1       9.5
      -2.0      15.3       -.1       4.1
 61160   .045908  -.964064  -.261674
  98303.6  12876.9       .5     43.3     50.7     13.1
       .5     86.6     50.8     41.8  58795.7  60851.1
     -12.8      50.0       8.2      94.8
      -2.0      21.9       -.8      30.7
      -1.6      16.9       -.7       8.3
      -1.5      15.0       -.8       4.1
 61161   .022972  -.964827  -.261882
  98245.4  12846.2       .5     43.3     50.5      6.5
       .5     86.6     50.7     35.2  58831.7  60291.9
     -13.6      54.5       8.4      88.4
      -2.1      22.4       -.5      25.9
      -1.5      16.9       -.9       5.8
      -1.7      15.2      -1.1       4.4
 61162   .000000  -.965081  -.261951
  98136.8  12902.5       .5     43.3     49.4      1.1
       .5     86.6     50.6     28.3  59305.6  60843.2
     -14.5      56.1       2.7      84.3
      -1.8      21.6       -.9      20.9
      -1.3      17.1      -1.2       6.9
      -1.5      15.3      -1.2       4.9
 61163  -.022972  -.964827  -.261882
  98195.5  12821.3       .5     43.3     48.5     28.9
       .5     86.6     50.6     21.6  59201.9  60545.6
     -12.2      50.9       1.5      76.5
      -2.5      22.0      -1.5      20.7
      -1.3      17.0      -1.6       7.2
      -1.2      15.4      -1.3       5.2
 61164  -.045908  -.964064  -.261674
  97958.5  12859.7       .5     43.3     48.5     28.9
       .5     86.6     50.3     14.9  59164.8  60684.1
     -14.3      54.7        .3      71.6
      -1.7      21.6      -1.5      19.6
      -1.5      17.0      -1.4       7.9
      -1.4      15.3      -1.3       5.7
 61165  -.068771  -.962796  -.261330
  98271.1  12833.5       .5     43.3     48.5     28.9
       .5     86.6     50.4      8.3  59141.4  60506.8
     -11.2      52.4        .4      72.2
      -1.6      21.7      -1.2      18.3
      -1.2      16.9      -1.2       7.7
      -1.5      15.3      -1.2       6.0
 61166  -.091527  -.961030  -.260851
  98391.7  12921.9       .5     43.3     48.5     28.9
       .5     86.6     50.2      2.6  59411.3  60878.7
     -13.7      52.7       -.2      66.3
      -2.0      22.5      -1.1      18.3
      -1.2      16.9      -1.0       7.8
      -1.5      15.4       -.9       6.2
 61167  -.136577  -.956038  -.259496
  98951.8  12961.6       .5     43.3     48.5     28.9
       .5     86.6     48.5     57.7  59829.3  61467.6
     -12.5      53.7      -4.8      65.2
      -1.8      21.9      -1.7      19.6
      -1.1      17.1      -1.1       9.0
      -1.4      15.5      -1.1       7.2
 61168  -.180796  -.949177  -.257634
  99328.2  12935.1       .5     43.3     48.5     28.9
       .5     86.6     48.5     57.7  59608.9  61521.8
     -11.2      51.6      -1.1      59.0
      -1.6      21.6       -.9      16.3
      -1.1      16.9       -.6       9.1
      -1.3      15.2       -.9       7.2
 61169  -.223945  -.940570  -.255298
 100295.8  13151.0       .5     43.3     48.5     28.9
       .5     86.6     48.5     57.7  60172.5  61534.1
     -12.3      51.1      -2.6      55.1
      -1.5      22.0       -.6      17.0
      -1.0      16.9       -.9      10.0
      -1.3      15.3       -.9       8.4
 61170  -.265817  -.930361  -.252527
 101386.8  13163.5       .5     43.3     48.5     28.9
       .5     86.6     48.5     57.7  60483.5  62431.6
     -11.0      49.0      -6.2      50.5
      -1.7      22.9      -1.0      17.4
       -.9      16.7       -.4      10.1
      -1.1      15.2       -.6       8.4
 61171  -.306238  -.918714  -.249365
 102448.1  13404.0       .5     43.3     48.5     28.9
       .5     86.6     48.5     57.7  61597.0  63629.7
     -12.8      53.7      -4.2      52.3
      -2.1      22.2      -1.1      18.3
      -1.2      16.8       -.8      11.1
       -.7      14.8       -.4       9.2
 61172  -.345068  -.905804  -.245861
 104005.9  13646.8       .5     43.3     48.5     28.9
       .5     86.6     48.5     57.7  64024.2  65237.4
     -12.9      53.2      -5.6      48.0
      -1.8      22.2       -.8      16.8
      -1.2      16.8       -.4      11.2
       -.8      15.3       -.1       9.6
 61173  -.382204  -.891810  -.242063
 105916.8  13629.6       .5     43.3     48.5     28.9
       .5     86.6     48.5     57.7  63940.0  66173.9
     -11.5      51.7      -7.7      49.8
      -1.4      21.5       -.6      18.2
      -1.0      16.7       -.6      12.1
      -1.1      15.0       -.5      10.1
 61174  -.417577  -.876913  -.238019
 107452.9  13663.7       .5     43.3     48.5     28.9
       .5     86.6     48.5     57.7  66037.9  67674.4
     -13.0      50.9      -4.9      43.6
      -1.7      21.8       -.4      17.3
       -.8      16.2       -.1      11.9
      -1.3      15.4       -.5      10.7
 61175  -.451149  -.861285  -.233777
 109287.4  13415.9       .5     43.3     48.5     28.9
       .5     86.6     48.5     57.7  67041.3  68855.7
      -7.9      49.8      -3.0      40.4
      -2.1      22.2      -1.0      18.1
      -1.0      16.2       -.3      12.8
      -1.0      14.7       -.2      10.8
 61176  -.482910  -.845093  -.229382
 111191.8  13435.2       .5     43.3     48.5     28.9
       .5     86.6     48.5     57.7  67457.8  69363.3
     -13.0      53.1      -6.3      40.1
      -1.4      21.2       -.4      17.7
      -1.2      16.2       -.4      13.0
      -1.0      14.9       -.2      11.9
 61177   .337328  -.927651  -.160231
 160064.4  13610.3       .5     43.3     48.5     28.9
       .5     86.6     48.5     57.7 100483.7 104105.4
      -9.5      44.6       8.0      60.9
      -2.1      22.0       1.5      23.1
      -1.0      16.8        .6      10.8
      -1.4      15.5        .4       8.6
 61178   .312066  -.936198  -.161707
 158965.1  13479.9       .5     43.3     48.5     28.9
       .5     86.6     48.5     57.7 100282.1 102414.6
      -9.9      48.6       6.7      66.8
      -2.3      22.2       1.4      23.8
      -1.0      16.7        .2      11.3
      -1.5      15.4        .3       8.7
 61179   .286124  -.944211  -.163091
 157469.3  13350.2       .5     43.3     48.5     28.9
       .5     86.6     48.5     57.7  99478.7 102204.2
     -12.5      49.1      10.8      67.2
      -1.8      22.9       1.1      23.8
      -1.0      17.1        .3       9.9
      -1.5      15.6        .4       7.8
 61180   .259539  -.951641  -.164374
 156176.9  13279.9       .5     43.3     48.5     28.9
       .5     86.6     48.5     57.7  98085.0 100794.8
     -10.7      47.8      10.4      74.4
      -1.9      23.4       1.0      25.3
      -1.4      17.0        .0       9.9
       -.8      15.4        .0       7.8
 61181   .232349  -.958440  -.165549
 155077.2  13233.3       .5     43.3     48.5     28.9
       .5     86.6     48.5     57.7  97667.7 100270.9
     -13.8      55.5       7.5      77.2
      -2.0      22.5       1.0      26.0
      -1.2      17.2        .2       8.9
      -1.7      15.6        .1       6.8
 61182   .204604  -.964562  -.166606
 153788.0  13091.3       .5     43.3     48.5     28.9
       .5     86.6     48.5     57.7  95667.4  98864.4
     -12.2      51.5       8.2      87.7
      -2.4      22.6       1.0      27.0
      -1.4      16.8       -.5       9.6
      -1.1      15.7       -.4       6.6
 61183   .176357  -.969963  -.167539
 153490.3  13053.5       .5     43.3     48.5     28.9
       .5     86.6     49.4      3.1  94964.1  98136.9
     -11.0      50.2       2.4      91.4
      -2.3      23.3        .7      28.4
      -1.3      17.1       -.3       8.3
      -1.2      15.6       -.4       5.8
 61184   .147667  -.974605  -.168341
 152609.2  12915.8       .5     43.3     48.5     28.9
       .5     86.6     49.0     16.4  95484.1  98349.2
     -13.4      52.1       1.9      98.7
      -2.2      23.4       -.3      28.9
      -1.4      16.7       -.9       8.7
      -1.5      15.7       -.8       5.5
 61185   .118600  -.978453  -.169006
 152361.8  12931.4       .5     43.3     49.4     15.9
       .5     86.6     48.8     30.0  94098.2  96979.8
     -13.6      51.7       8.8      99.8
      -2.0      23.0       -.2      33.8
      -1.3      17.4       -.8       8.7
      -1.6      15.6      -1.0       5.0
 61186   .089225  -.981478  -.169528
 151436.0  12794.3       .5     43.3     48.4     14.9
       .5     86.6     48.3     43.3  94687.5  97213.3
     -11.5      51.2        .7     110.3
      -1.9      22.1        .2      45.9
      -1.6      17.3       -.9      10.4
      -1.6      15.7      -1.0       4.3
 61187   .059616  -.983656  -.169904
 151763.0  12838.8       .5     43.3     49.0     24.0
       .5     86.6     49.1     52.2  94723.2  96906.5
     -12.2      56.1       5.1     120.6
      -2.4      22.9        .5      66.0
      -1.3      17.3        .4      22.0
      -1.7      15.6        .6      11.2
 61188   .044746  -.984421  -.170036
 151235.1  12866.1       .5     43.3     51.2     19.2
       .5     86.6     50.9     47.5  95264.7  97638.3
     -10.5      49.9       8.4     119.5
      -2.4      22.8       -.6      55.3
      -1.7      16.7        .1      17.2
      -1.5      15.3       -.3       8.3
 61189   .029848  -.984969  -.170131
 151116.3  12825.4       .5     43.3     51.2     12.7
       .5     86.6     51.2     41.3  94364.3  96921.9
     -14.4      52.1       9.1     117.7
      -2.5      22.1        .4      44.2
      -1.5      16.9       -.6      11.3
      -1.4      15.5       -.6       4.9
 61190   .014929  -.985299  -.170188
 150841.5  12872.5       .5     43.3     51.2      6.0
       .5     86.6     51.0     34.6  93866.1  96499.0
      -9.3      47.6       8.6     112.6
      -1.9      21.9        .1      36.4
      -1.3      17.2       -.8       8.9
      -1.2      15.6      -1.0       4.4
 61191   .000000  -.985408  -.170207
 150784.9  12807.7       .5     43.3     48.5     28.9
       .5     86.6     51.0     27.7  94103.3  96828.7
     -14.1      53.7      -3.0     102.0
      -2.3      22.4       -.6      31.5
      -1.6      16.9      -1.2       9.8
      -1.3      15.5      -1.2       5.1
 61192  -.014929  -.985299  -.170188
 150554.5  12814.1       .5     43.3     48.5     28.9
       .5     86.6     51.0     21.0  94928.9  97293.2
     -12.0      46.2      -4.8      93.8
      -2.3      22.4      -1.0      31.3
      -1.4      17.1      -1.3       8.2
      -1.2      15.6      -1.3       5.3
 61193  -.029848  -.984969  -.170131
 150777.6  12783.5       .5     43.3     48.5     28.9
       .5     86.6     50.8     14.0  94920.2  97918.2
     -12.7      53.4      -1.0      94.9
      -2.6      22.8      -1.1      29.0
      -1.3      17.0      -1.2       7.6
      -1.5      15.7      -1.1       5.7
 61194  -.044746  -.984421  -.170036
 151021.3  12892.3       .5     43.3     48.5     28.9
       .5     86.6     50.6      7.3  95197.4  97551.0
     -10.6      50.3       1.7      92.3
      -2.0      22.5       -.6      27.5
      -1.4      17.0      -1.0       8.0
      -1.5      15.7      -1.0       5.5
 61195  -.059616  -.983656  -.169904
 150974.1  12852.9       .5     43.3     48.5     28.9
       .5     86.6     50.3      1.7  94520.8  97446.2
     -11.4      53.7       2.0      92.4
      -2.2      22.7       -.9      25.3
      -1.4      17.3       -.8       7.7
      -1.4      15.7       -.9       5.3
 61196  -.089225  -.981478  -.169528
 151500.2  12836.4       .5     43.3     48.5     28.9
       .5     86.6     48.5     57.7  95299.1  98057.8
     -15.7      53.1       -.1      91.6
      -2.4      22.6       -.9      25.3
      -1.4      17.3      -1.0       8.8
      -1.2      15.5       -.9       6.5
 61197  -.118600  -.978453  -.169006
 151715.0  12985.3       .5     43.3     48.5     28.9
       .5     86.6     48.5     57.7  94440.4  97438.9
      -9.2      48.5       1.7      77.6
      -2.2      22.6       -.4      22.0
      -1.3      17.1       -.4       8.3
      -1.2      15.6       -.6       6.2
 61198  -.147667  -.974605  -.168341
 152303.4  12944.6       .5     43.3     48.5     28.9
       .5     86.6     48.5     57.7  94652.5  97613.0
      -7.6      51.2      -5.1      73.4
      -2.3      23.1      -1.4      22.6
      -1.1      17.0       -.8       9.7
      -1.1      16.0       -.7       7.0
 61199  -.176357  -.969963  -.167539
 153544.0  13088.6       .5     43.3     48.5     28.9
       .5     86.6     48.5     57.7  96160.7  98891.5
      -9.7      48.9      -4.7      69.2
      -2.3      23.1       -.5      20.5
      -1.4      17.0       -.3       9.2
      -1.1      16.0       -.5       7.2
 61200  -.204604  -.964562  -.166606
 154018.3  13054.8       .5     43.3     48.5     28.9
       .5     86.6     48.5     57.7  97949.6 101174.5
     -11.7      53.0      -6.5      66.8
      -1.6      22.3      -1.0      21.5
      -1.6      17.2       -.6      10.3
      -1.4      15.3       -.4       7.8
 61201  -.232349  -.958440  -.165549
 155191.0  13494.6       .5     43.3     48.5     28.9
       .5     86.6     48.5     57.7  99588.9 103015.6
     -13.7      54.7      -3.2      57.8
      -2.4      23.7       -.9      20.3
      -1.8      17.3       -.2       9.4
      -1.5      15.8       -.2       8.0
 61202  -.259539  -.951641  -.164374
 155811.4  13350.4       .5     43.3     48.5     28.9
       .5     86.6     48.5     57.7  98292.4 102488.2
     -12.3      50.8      -7.9      55.9
      -2.2      22.7       -.7      20.1
      -1.1      17.0       -.4      10.4
      -1.0      15.4       -.2       8.5
 61203  -.286124  -.944211  -.163091
 157170.2  13626.7       .5     43.3     48.5     28.9
       .5     86.6     48.5     57.7 100986.8 104024.8
      -7.1      53.4      -5.3      48.8
      -2.1      23.2       -.5      18.9
       -.6      17.8        .0      10.8
      -1.3      15.7       -.1       8.8
 61204  -.312066  -.936198  -.161707
 158497.1  13613.0       .5     43.3     48.5     28.9
       .5     86.6     48.5     57.7 102806.6 105208.3
     -10.4      51.1      -5.1      47.8
      -1.8      23.2       -.3      18.6
      -1.0      17.0        .0      11.5
      -1.0      15.9       -.2       9.3
 61205  -.337328  -.927651  -.160231
 159978.0  13680.5       .5     43.3     48.5     28.9
       .5     86.6     48.5     57.7 102619.9 105816.4
     -10.8      42.3      -7.6      41.5
      -1.9      23.2       -.5      18.0
       -.9      16.9        .2      10.8
      -1.7      15.7       -.1       9.5
