OCR_prd2017clk:dj25b,R22@-300V,3.8T@20d,263K,rhe=1.10,rhh=0.7,0.25/0.25         
  1772   1  3.80  28   3  29   2  300.00  263.00     .25 1.12700   900.0   25.10   -7.52  150.000  100.000  290.000  1500.0   12.55   -3.76    1.50    1.00     .85
 60511  -.105170   .946530  -.304993
  85934.7  13400.9     14.2     43.3     -2.6      4.5
     14.2     86.6     -2.7     32.1  50426.3  51910.2
      11.5      54.2      -9.1      72.8
        .7      24.9       -.4      18.9
        .4      20.1        .3       5.6
        .6      19.4        .2       4.2
 60512  -.113613   .937303  -.329476
  79236.4  13444.8     14.2     43.3     -2.8      4.7
     14.2     86.6     -2.9     32.3  46084.2  47386.7
      12.5      57.3      -8.9      72.4
       1.3      24.3       -.1      14.1
        .3      19.0        .2       5.5
        .6      18.0        .2       4.3
 60513  -.123410   .925573  -.357888
  73095.1  13702.6     14.2     43.3     -2.9      4.8
     14.2     86.6     -2.7     32.7  42364.3  43460.8
       8.2      50.3      -9.0      66.6
       1.0      24.9       -.1      15.7
        .6      19.5        .2       6.0
        .6      18.8        .2       4.5
 60514  -.134874   .910397  -.391134
  66936.0  13854.8     14.2     43.3     -3.0      5.1
     14.2     86.6     -2.9     32.8  38142.5  39128.3
      10.1      53.6      -7.5      62.6
       1.1      23.6       -.2      13.1
        .5      18.4        .2       5.9
        .5      17.2        .2       4.7
 60515  -.148397   .890380  -.430350
  60801.2  14147.2     14.2     43.3     -3.0      5.5
     14.2     86.6     -3.0     32.9  34160.9  35046.8
      11.8      52.8      -6.9      57.1
        .4      23.9       -.1      13.6
        .0      18.6        .3       5.9
        .4      18.3        .2       4.9
 60516  -.164460   .863416  -.476934
  55037.0  14707.6     14.2     43.3     -3.1      5.8
     14.2     86.6     -3.1     33.2  29788.1  30844.2
       9.0      53.9      -6.2      61.0
        .6      23.1       -.1      11.7
        .2      18.0        .2       6.0
        .6      16.7        .2       5.0
 60517  -.183618   .826279  -.532491
  49317.4  15289.5     14.2     43.3     -3.3      6.1
     14.2     86.6     -3.1     33.5  26752.3  27311.9
       5.8      52.1      -6.5      56.9
        .6      23.4        .0      11.7
        .3      17.3        .2       6.2
        .5      16.9        .1       5.3
 60518  -.206405   .774019  -.598575
  43849.3  16317.6     14.2     43.3     -3.3      6.6
     15.4      7.8     -3.1     34.0  22328.7  23433.1
      10.2      57.5      -5.3      50.9
        .4      23.8        .1      10.2
        .6      17.8        .1       6.4
        .4      16.8        .1       5.5
 60519  -.233063   .699189  -.675882
  39047.9  18248.4     14.2     43.3     -3.3      7.1
     14.1     19.8     -3.4     34.2  20277.4  20814.7
       7.3      61.6      -6.4      50.1
        .4      28.3       -.1      10.6
        .1      18.6        .2       6.7
        .0      15.5        .2       5.7
 60520  -.262862   .591440  -.762300
  34567.6  21954.9     16.4      9.1     -3.4      7.5
     14.6     38.7     -3.4     34.7  17726.6  18176.0
       5.5      52.8      -6.7      42.8
       -.1      22.5        .2      10.4
       -.1      14.8        .1       6.8
        .0      11.7        .1       6.0
 60521  -.292854   .439281  -.849276
  31243.4  24921.3     14.2     16.9     -3.5      7.7
     14.2     57.5     -3.5     35.1  15205.4  15926.3
       4.2      52.2      -4.3      43.6
        .0      13.7       -.1      10.5
       -.4       9.0        .2       7.2
       -.3       7.4        .0       6.2
 60522  -.316664   .237498  -.918324
  29065.4  22604.0     13.9     33.2     -3.6      7.5
     13.8     75.5     -3.5     35.6  14006.5  14417.2
       3.1      65.4      -4.2      41.6
       -.2       7.3       -.1      10.8
       -.5       5.0        .0       7.0
       -.5       5.0        .0       6.1
 60523  -.325991   .000000  -.945373
  28105.7  21992.5     13.9     36.2     -3.6      7.7
     14.3     78.9     -3.4     35.5  13725.8  14230.6
       -.7      61.2      -3.3      40.7
       -.9       6.2        .0      10.5
      -1.1       5.0        .0       7.0
      -1.2       5.0        .0       6.1
 60524  -.323582  -.121343  -.938387
  28185.7  21488.7     13.9     28.2     -3.5      7.8
     14.1     70.1     -3.5     35.5  13559.1  14051.9
      -4.1      54.6      -2.3      40.5
      -1.3       8.0        .0      10.1
      -1.0       5.4        .1       7.0
      -1.3       5.0        .0       6.0
 60525  -.316664  -.237498  -.918324
  28913.0  22058.2     14.0     20.1     -3.6      7.8
     14.1     61.5     -3.5     35.4  13847.7  14490.5
      -5.2      50.4      -2.4      42.2
      -1.6      12.3       -.2      10.4
      -1.5       8.2        .0       7.1
      -1.4       6.8       -.1       5.9
 60526  -.306058  -.344315  -.887567
  29626.9  21843.9     13.8     13.1     -3.4      7.7
     14.0     52.5     -3.4     35.3  14102.9  14872.6
      -6.1      49.5      -2.2      46.2
      -1.4      16.2        .2      10.5
      -1.5      10.6        .2       6.9
      -1.5       8.9        .1       5.8
 60527  -.292854  -.439281  -.849276
  30949.9  20607.8     13.7      9.6     -3.3      7.4
     14.4     42.9     -3.3     35.2  14804.5  15569.5
      -7.7      51.0       -.5      42.9
      -1.4      20.4        .2      10.6
      -1.4      13.6        .1       7.0
      -1.4      11.0        .2       5.8
 60528  -.278147  -.521525  -.806626
  32397.9  18989.8     11.7     14.7     -3.4      7.4
     13.8     33.8     -3.2     34.9  15880.5  16591.6
      -6.2      53.6        .1      43.0
      -2.3      25.9       -.1      10.3
      -1.9      16.7        .1       6.7
      -2.0      13.6        .0       5.8
 60529  -.262862  -.591440  -.762300
  34426.0  17873.9     14.2     43.3     -3.3      7.1
     14.4     24.5     -3.2     34.8  16624.0  17527.7
     -11.3      60.7      -2.5      48.1
      -2.0      29.0        .1      10.3
      -2.0      19.4        .1       6.8
      -1.8      16.0        .2       5.7
 60530  -.233063  -.699189  -.675882
  38584.8  15821.0     14.2     43.3     -3.3      6.6
     14.5      9.8     -3.3     34.4  19427.9  20175.1
      -9.8      55.3        .4      47.9
      -1.9      26.1       -.1      10.2
      -1.6      18.9        .3       6.5
      -1.7      17.4        .2       5.5
 60531  -.206405  -.774019  -.598575
  43532.9  14527.6     14.2     43.3     -3.2     10.8
     14.2     86.6     -3.1     34.0  22409.5  23529.0
      -9.0      52.8       1.0      53.3
      -2.0      24.3       -.1      11.1
      -1.4      19.2        .2       6.2
      -1.5      18.7        .3       5.1
 60532  -.183618  -.826279  -.532491
  48902.5  13837.5     14.2     43.3     -3.2      5.5
     14.2     86.6     -3.1     33.6  26198.5  27052.3
      -9.1      52.4       1.7      54.5
      -1.8      23.2       -.1      11.0
      -1.3      17.8        .1       6.2
      -1.5      16.4        .2       4.9
 60533  -.164460  -.863416  -.476934
  54775.9  13483.2     14.2     43.3     -3.1      5.2
     14.2     86.6     -3.1     33.1  29518.2  30607.5
     -10.0      51.9       4.3      60.4
      -1.5      24.9       -.1      11.7
      -1.4      20.2        .2       5.8
      -1.1      20.3        .2       4.6
 60534  -.148397  -.890380  -.430350
  60701.5  13145.4     14.2     43.3     -3.0      4.9
     14.2     86.6     -3.1     33.2  33804.7  34687.4
     -10.1      50.5       1.2      61.4
      -1.2      24.3        .4      13.6
      -1.2      18.4        .2       5.5
      -1.1      17.5        .2       4.5
 60535  -.134874  -.910397  -.391134
  66437.1  13105.0     14.2     43.3     -2.9      4.6
     14.2     86.6     -2.8     32.7  37792.2  38563.7
     -10.1      50.2       2.6      63.4
      -1.1      25.4        .2      14.5
      -1.5      20.7        .2       5.4
      -1.3      20.9        .2       4.2
 60536  -.123410  -.925573  -.357888
  72635.8  12870.9     14.2     43.3     -2.9      4.3
     14.2     86.6     -2.9     32.5  41581.1  42665.9
      -8.4      50.1       6.1      67.1
      -1.1      23.6        .4      14.6
      -1.2      19.1        .2       5.1
      -1.0      17.7        .2       4.1
 60537  -.113613  -.937303  -.329476
  79272.1  12816.0     14.2     43.3     -2.9      4.1
     14.2     86.6     -2.7     32.5  45838.2  47374.2
      -8.2      50.1       4.8      73.0
      -1.3      25.5        .5      16.5
      -1.0      21.5        .2       5.5
      -1.0      21.3        .3       3.9
 60538  -.105170  -.946530  -.304993
  85680.1  12681.0     14.2     43.3     -3.0      4.0
     14.2     86.6     -3.0     32.2  50324.6  51997.0
     -13.0      52.3       7.7      79.3
      -1.6      23.8        .5      18.2
       -.9      19.3        .3       5.0
      -1.2      17.7        .3       3.9
 60539   .863216  -.064741  -.500666
  51749.7   9211.9     14.3     26.1     -3.8     28.9
     14.3     68.5     -3.8     57.7  28360.5  29132.0
       -.6      60.7       8.7      40.5
       -.9      11.0        .9      23.1
      -1.1       5.0       1.4      17.5
      -1.1       5.0       1.3      16.2
 60540   .838516  -.069876  -.540377
  48172.7   9506.5     14.1     26.5     -3.8     28.9
     14.4     68.6     -3.8     57.7  25955.2  26751.0
       5.0      65.0       7.1      42.8
       -.8      10.3       1.3      22.1
       -.9       5.0        .7      16.3
      -1.0       5.0       1.2      14.7
 60541   .807288  -.075683  -.585284
  44301.0   9799.3     13.9     26.6     -3.8     28.9
     14.1     69.0     -3.8     57.7  23533.3  24354.4
       3.5      65.9       6.9      43.2
      -1.1      10.3       1.3      23.1
      -1.1       5.0       1.4      16.6
      -1.1       5.0       1.0      15.2
 60542   .767414  -.082223  -.635858
  40774.7  10244.0     13.7     26.8     -3.8     28.9
     14.1     69.1     -3.8     57.7  21498.5  22287.2
      -1.9      54.7       7.3      41.7
       -.8       9.4       1.3      21.5
      -1.2       5.0       1.4      15.2
      -1.1       5.0       1.3      13.7
 60543   .716102  -.089513  -.692232
  37527.3  10827.4     13.7     27.3     -3.8     28.9
     13.9     69.4     -3.8     57.7  19694.2  20203.1
        .4      57.4       8.2      43.5
      -1.2       9.3       1.5      21.0
      -1.1       5.0       1.2      15.4
      -1.1       5.0       1.4      14.1
 60544   .649830  -.097475  -.753803
  34512.0  11941.7     13.9     27.4     -3.8     28.9
     14.1     69.6     -8.5     11.9  17553.4  18158.0
       1.5      56.7       7.3      43.8
      -1.3       8.4       1.5      19.7
      -1.2       5.0       1.4      13.8
      -1.1       5.0       1.4      12.4
 60545   .564543  -.105852  -.818588
  31763.1  13557.4     13.6     27.6     -3.8     28.9
     14.0     69.9     -3.5      9.8  15640.8  16152.7
       2.1      55.4       4.8      40.1
      -1.2       8.6       1.4      19.0
      -1.2       5.0       1.4      12.8
      -1.2       5.0       1.5      11.7
 60546   .456422  -.114106  -.882416
  29803.8  16530.7     13.8     28.0     -3.8     28.9
     14.0     70.0     -3.3     20.5  14559.3  15088.8
       1.2      54.7       4.1      41.3
      -1.1       8.2       1.4      17.2
      -1.2       5.2       1.2      11.6
      -1.2       5.0       1.2      10.1
 60547   .323582  -.121343  -.938387
  28230.3  20879.6     13.7     28.1     -3.3      5.9
     13.9     70.3     -3.3     32.2  13530.7  14150.0
      -1.4      53.5       4.4      38.3
      -1.4       8.3       1.3      12.3
      -1.5       5.4       1.1       8.4
      -1.2       5.0       1.1       7.1
 60548   .168544  -.126408  -.977555
  27219.5  22521.0     13.6     28.3     -3.5     15.7
     14.0     70.2     -3.5     44.2  12916.9  13517.6
      -2.1      52.0       3.3      47.6
      -1.5       8.7        .9       7.1
      -1.2       5.4        .8       4.9
      -1.2       5.0       1.0       4.4
 60549   .000000  -.128243  -.991743
  27054.0  22258.7     14.0     28.4     -3.8     26.2
     14.1     70.4     -3.8     54.8  13154.2  13572.9
      -2.3      54.4        .5      68.3
      -1.4       8.6        .5       9.3
      -1.2       5.4        .5       3.0
      -1.3       5.0        .3       3.0
 60550  -.085184  -.127776  -.988138
  27091.7  22461.5     13.8     28.2     -3.0     24.0
     14.0     70.2     -3.0     52.8  13120.3  13578.5
      -1.9      49.0      -1.2      59.1
      -1.4       8.3        .3       6.8
      -1.2       5.4        .5       3.0
      -1.2       5.0        .3       3.0
 60551  -.168544  -.126408  -.977555
  27311.9  22634.0     14.0     28.3     -3.3     18.7
     14.2     70.2     -3.3     47.4  13134.0  13678.8
      -2.7      54.1      -2.6      53.9
      -1.7       8.4        .1       6.1
      -1.2       5.4        .2       3.6
      -1.3       5.0        .1       3.2
 60552  -.248443  -.124222  -.960648
  27665.5  22566.9     13.7     28.4     -3.4     13.1
     14.0     70.2     -3.5     41.6  13088.3  13730.9
      -1.2      50.3      -2.4      41.9
      -1.3       8.3       -.2       8.2
      -1.2       5.5        .1       5.3
      -1.2       5.0        .1       4.5
 60553  -.323582  -.121343  -.938387
  28270.2  21681.9     13.7     28.1     -3.6     10.3
     13.9     70.3     -3.6     35.5  13788.5  14176.1
      -4.2      54.8      -3.0      41.7
      -1.5       8.1       -.1      10.6
      -1.1       5.4        .1       7.0
      -1.3       5.0        .1       5.8
 60554  -.393068  -.117920  -.911917
  29115.9  19719.0     14.1     28.3     -3.6      5.0
     14.1     70.1     -3.7     29.6  13962.5  14452.2
      -5.9      52.2      -4.2      41.4
      -1.2       8.6       -.1      13.3
      -1.2       5.4        .0       8.7
      -1.1       5.0        .0       7.3
 60555  -.456422  -.114106  -.882416
  29978.9  17335.0     13.7     28.0     -3.8      8.2
     14.0     70.2     -3.6     23.6  14752.0  15297.7
      -5.4      55.9      -2.7      40.6
      -1.2       8.7        .0      16.0
      -1.2       5.4       -.2      10.6
      -1.4       5.0       -.3       8.7
 60556  -.513527  -.110042  -.850988
  30817.2  15355.4     13.7     28.0     -3.8     28.9
     14.1     69.8     -3.3     17.6  15063.0  15888.9
      -7.5      55.6      -5.0      41.2
      -1.3       8.2       -.5      17.6
      -1.2       5.1       -.3      11.8
      -1.2       5.0       -.2       9.9
 60557  -.564543  -.105852  -.818588
  32065.5  14024.9     13.9     28.3     -3.8     28.9
     14.0     69.6     -3.4     11.8  15875.3  16667.8
      -2.7      53.9      -5.4      43.4
      -1.5       8.7      -1.0      18.6
      -1.3       5.3       -.4      12.6
      -1.2       5.0       -.3      10.8
 60558  -.649830  -.097475  -.753803
  34542.0  12178.6     14.0     27.3     -3.8     28.9
     14.1     69.4     -3.8      5.9  17543.2  18262.7
      -6.2      54.8      -4.0      39.4
      -1.4       9.0       -.4      18.6
      -1.1       5.0       -.2      12.8
      -1.2       5.0       -.2      10.9
 60559  -.716102  -.089513  -.692232
  37534.4  11098.3     13.8     27.1     -3.8     28.9
     14.1     69.3     -3.8     57.7  19618.7  20188.0
      -5.3      52.5      -4.3      41.6
      -1.3       8.7       -.6      21.5
      -1.1       5.0       -.5      14.9
      -1.2       5.0       -.5      12.9
 60560  -.767414  -.082223  -.635858
  40818.7  10376.9     14.1     26.8     -3.8     28.9
     14.4     69.0     -3.8     57.7  21422.3  21933.8
      -5.7      57.0      -6.1      42.9
      -1.3       9.1       -.6      19.9
      -1.4       5.0       -.4      14.4
      -1.2       5.0       -.3      12.6
 60561  -.807288  -.075683  -.585284
  44355.6   9968.2     14.1     26.5     -3.8     28.9
     14.5     68.7     -3.8     57.7  24154.2  24802.9
      -7.3      63.6      -4.9      40.2
      -1.1      10.1       -.7      22.3
      -1.2       5.0       -.4      16.5
      -1.2       5.0       -.5      14.0
 60562  -.838516  -.069876  -.540377
  47974.0   9620.3     13.9     26.4     -3.8     28.9
     14.1     68.7     -3.8     57.7  26195.6  27057.9
      -5.6      61.3      -5.2      39.5
      -1.2      10.1       -.6      21.0
      -1.1       5.0       -.3      15.5
      -1.0       5.0       -.4      13.6
 60563  -.863216  -.064741  -.500666
  51746.2   9477.2     14.2     26.0     -3.8     28.9
     14.4     68.3     -3.8     57.7  28567.0  29395.6
      -8.5      63.6      -6.5      41.4
      -1.3      10.8       -.7      22.6
      -1.0       5.0       -.5      17.1
      -1.1       5.0       -.4      15.1
 60564  -.882965  -.060202  -.465563
  55864.3   9217.4     14.6     26.1     -3.8     28.9
     14.7     68.2     -3.8     57.7  31061.1  32044.9
      -6.4      68.2      -5.2      39.3
      -1.3      11.9       -.7      20.9
      -1.1       5.0        .0      16.0
      -1.0       5.0       -.4      14.6
 60565  -.898927  -.056183  -.434481
  59725.0   9116.5     14.3     25.7     -3.8     28.9
     14.4     68.1     -3.8     57.7  34006.0  34806.3
     -10.7      69.2      -5.9      39.9
      -1.6      13.1       -.7      23.4
       -.9       5.0       -.1      17.7
      -1.0       5.0       -.3      15.5
 60566  -.911966  -.052613  -.406877
  63480.7   8929.5     14.2     25.3     -3.8     28.9
     14.3     67.9     -3.8     57.7  36222.8  37142.0
     -12.1      69.0      -6.9      36.6
      -1.3      13.0       -.7      21.7
       -.9       5.0       -.6      16.6
      -1.0       5.0       -.4      15.0
 60567  -.922727  -.049432  -.382272
  67799.9   8939.7     14.2     25.2     -3.8     28.9
     14.3     67.6     -3.8     57.7  38398.9  39664.0
      -5.3      69.1      -5.5      39.5
      -1.5      14.0      -1.1      23.2
       -.9       5.0       -.4      17.7
      -1.0       5.0       -.5      16.0
 60568   .806111  -.362750  -.467544
  55309.4  10267.7     14.2     43.3     -3.8     28.9
     14.5     20.4     -3.8     57.7  30714.2  31695.6
      -4.1      62.5       9.5      42.6
      -1.7      26.2       1.0      23.1
      -1.6      16.9       1.0      17.6
      -1.3      13.9       1.0      16.8
 60569   .774912  -.387456  -.499388
  51727.6  10480.6     14.2     43.3     -3.8     28.9
     14.4     21.0     -3.8     57.7  27876.8  28784.9
      -3.9      59.0       7.7      41.2
      -2.0      26.6       1.5      22.1
      -1.6      17.3        .7      16.4
      -1.6      14.5       1.1      14.9
 60570   .736803  -.414452  -.534182
  48544.5  11007.7     14.2     43.3     -3.8     28.9
     14.5     21.3     -3.8     57.7  26032.9  26936.3
      -4.0      58.9       7.6      43.7
      -2.0      27.4       1.3      22.8
      -1.5      17.5       1.0      16.9
      -1.7      14.6       1.3      15.5
 60571   .690099  -.443635  -.571796
  45167.1  11703.0     14.2     43.3     -3.8     28.9
     14.5     21.9     -3.8     57.7  23885.2  24825.8
      -5.5      58.0       8.3      42.4
      -1.7      27.4       1.1      21.1
      -1.4      17.9        .9      15.2
      -1.4      14.8        .9      14.1
 60572   .632842  -.474632  -.611748
  42233.3  12720.9     14.2     43.3     -3.8     28.9
     14.2     22.7     -3.8     57.7  21866.6  22531.9
      -4.6      56.9       7.0      43.3
      -1.9      27.6       1.4      20.7
      -1.7      18.1       1.1      15.1
      -1.8      15.0       1.1      13.6
 60573   .562936  -.506642  -.653006
  39799.1  14146.2     14.2     43.3     -3.8     28.9
     14.1     23.0      2.4     11.2  20337.9  21091.8
      -4.7      58.6       6.8      44.2
      -2.3      28.2       1.3      20.0
      -1.8      18.3       1.2      13.5
      -1.9      15.3       1.3      12.2
 60574   .478468  -.538276  -.693778
  37371.4  15756.7     14.2     43.3     -3.8     28.9
     14.3     23.6     -3.8      8.9  18915.2  19603.0
      -3.0      58.7       5.8      40.5
      -1.8      28.1       1.2      17.8
      -1.6      18.4       1.0      12.2
      -1.9      15.3       1.3      10.9
 60575   .378295  -.567442  -.731370
  35739.7  17118.8     14.2     43.3     -3.8     28.9
     14.2     24.0     -3.6     19.3  17744.7  18459.9
      -4.6      60.1       6.4      46.0
      -2.8      28.6       1.3      17.0
      -1.9      18.8       1.2      11.1
      -1.8      15.7       1.2       9.6
 60576   .262862  -.591440  -.762300
  34177.0  16808.2     14.2     43.3     -3.3      6.0
     14.4     24.4     -3.6     31.5  16939.6  17649.7
      -7.5      58.8       4.3      43.4
      -2.6      28.6       1.2      12.3
      -1.9      18.8        .9       7.9
      -2.0      15.7        .9       6.8
 60577   .134975  -.607388  -.782855
  33575.3  16762.8     14.2     43.3     -3.5     15.3
     13.9     24.3     -3.6     43.5  16670.2  17323.1
      -7.5      59.8       3.5      55.7
      -2.8      29.1        .9       8.9
      -2.3      18.9        .8       4.5
      -1.8      15.8        .8       4.2
 60578   .000000  -.612997  -.790085
  33205.6  16784.5     14.2     43.3     -3.9     25.4
     14.0     24.7     -3.9     54.1  16390.0  17141.6
      -6.8      58.5       4.4      71.9
      -2.9      28.4        .3      12.3
      -2.2      18.9        .1       3.0
      -2.0      15.7        .3       3.0
 60579  -.067953  -.611580  -.788259
  33306.6  16939.3     14.2     43.3     -2.8     23.6
     14.2     24.4     -2.8     52.3  16529.1  17007.5
      -5.8      58.2       -.1      64.4
      -2.2      28.5        .4       9.5
      -2.3      19.4        .4       3.0
      -2.2      15.9        .3       3.0
 60580  -.134975  -.607388  -.782855
  33538.4  17259.9     14.2     43.3     -3.0     18.2
     14.5     24.5     -3.1     46.8  16421.3  17172.3
      -6.8      59.1       3.5      59.5
      -2.3      28.7       -.1       7.9
      -2.3      19.0        .2       3.4
      -2.0      15.8        .3       3.0
 60581  -.200196  -.600588  -.774091
  33850.8  17602.9     14.2     43.3     -3.3     13.7
     14.0     24.4     -3.2     40.8  16739.4  17418.7
      -7.3      60.2      -1.6      51.0
      -2.8      28.8       -.1       8.5
      -1.7      19.2        .2       5.0
      -2.1      16.1        .2       4.3
 60582  -.262862  -.591440  -.762300
  34256.4  17805.6     14.2     43.3     -3.5      7.0
     14.1     24.3     -3.2     34.8  17368.4  17844.3
      -9.5      59.3        .1      47.1
      -1.8      28.4        .3      10.5
      -2.1      19.0        .1       6.7
      -1.9      16.0        .2       5.7
 60583  -.322373  -.580271  -.747905
  34899.4  17964.3     14.2     43.3     -3.7      5.1
     14.5     24.4     -3.1     28.8  16961.7  17770.3
      -8.1      60.2        .6      44.0
      -2.6      28.8       -.3      12.8
      -2.0      18.9        .1       8.4
      -2.0      15.8        .0       7.0
 60584  -.378295  -.567442  -.731370
  35684.8  17053.0     14.2     43.3     -3.8     28.9
     14.0     24.1     -3.1     22.6  17610.1  18310.6
      -6.9      60.7      -1.2      44.7
      -2.6      28.7       -.4      15.6
      -1.7      18.8        .0      10.2
      -2.0      15.8       -.1       8.6
 60585  -.430364  -.553325  -.713175
  36532.0  15987.7     14.2     43.3     -3.8     28.9
     14.2     24.0     -3.4     16.4  18502.7  19090.7
      -7.8      57.1      -4.7      44.6
      -2.0      28.6       -.2      17.3
      -2.1      18.7       -.2      11.3
      -1.9      15.7        .0       9.7
 60586  -.478468  -.538276  -.693778
  37379.2  15259.2     14.2     43.3     -3.8     28.9
     13.9     23.8     -3.1     10.8  19018.3  19621.6
      -8.4      59.3      -3.5      45.4
      -3.0      27.7       -.7      17.4
      -2.0      18.5       -.1      12.0
      -1.9      15.6       -.1      10.7
 60587  -.562936  -.506642  -.653006
  39672.2  13684.0     14.2     43.3     -3.8     28.9
     14.2     23.1     -4.0      6.0  20462.3  21193.8
      -5.7      59.2      -2.4      42.3
      -2.4      27.6       -.4      18.0
      -1.9      18.2       -.1      12.4
      -1.7      15.4       -.1      10.9
 60588  -.632842  -.474632  -.611748
  42380.8  12164.9     14.2     43.3     -3.8     28.9
     14.4     22.7     -3.8     57.7  22300.3  23237.2
     -10.2      59.4      -4.3      43.5
      -1.7      27.8       -.5      20.6
      -2.1      17.9        .0      14.2
      -1.7      15.1       -.2      12.7
 60589  -.690099  -.443635  -.571796
  45295.5  11295.7     14.2     43.3     -3.8     28.9
     14.4     21.9     -3.8     57.7  23823.3  24726.2
      -8.6      59.1      -5.2      44.4
      -2.1      27.4       -.3      19.7
      -1.5      17.8       -.1      14.1
      -1.6      14.7        .1      12.6
 60590  -.736803  -.414452  -.534182
  48554.9  10706.8     14.2     43.3     -3.8     28.9
     14.3     21.4     -3.8     57.7  26362.4  26973.6
      -6.9      60.8      -5.0      45.5
      -2.4      27.0       -.7      22.0
      -2.1      17.6       -.6      16.1
      -1.6      14.6        .1      14.2
 60591  -.774912  -.387456  -.499388
  51675.5  10210.5     14.2     43.3     -3.8     28.9
     14.3     20.8     -3.8     57.7  28373.1  29192.0
      -8.3      58.3      -5.6      41.6
      -1.9      26.4       -.4      21.0
      -1.7      17.3       -.2      15.2
      -1.8      14.2       -.1      13.9
 60592  -.806111  -.362750  -.467544
  55209.8   9875.5     14.2     43.3     -3.8     28.9
     14.3     20.3     -3.8     57.7  30485.2  31502.7
      -7.4      56.9      -4.4      43.4
      -1.8      25.8       -.8      22.5
      -1.5      16.8        .1      16.9
      -1.6      14.2       -.2      15.0
 60593  -.831783  -.340275  -.438577
  58886.0   9606.8     14.2     43.3     -3.8     28.9
     14.2     19.8     -3.8     57.7  32944.8  33879.2
      -9.0      59.7      -5.3      39.5
      -1.8      25.6       -.5      21.5
      -1.6      16.6        .0      16.2
      -1.7      14.1       -.3      14.8
 60594  -.853040  -.319890  -.412303
  62605.5   9380.5     14.2     43.3     -3.8     28.9
     14.6     19.5     -3.8     57.7  35848.2  36585.8
     -10.0      62.6      -6.0      42.0
      -2.0      25.4       -.4      23.1
      -1.5      16.4       -.3      17.3
      -1.5      13.7       -.3      15.9
 60595  -.870759  -.301417  -.388493
  66426.4   9258.4     14.2     43.3     -3.8     28.9
     14.7     19.1     -3.8     57.7  37925.0  39075.5
     -14.3      64.3      -6.9      40.6
      -1.9      25.5       -.4      21.9
      -1.4      16.4       -.1      16.7
      -1.6      13.5        .0      15.3
 60596  -.885633  -.284668  -.366905
  70520.8   9117.3     14.2     43.3     -3.8     28.9
     14.5     18.9     -3.8     57.7  40246.0  41493.6
     -10.9      60.5      -6.1      40.3
      -1.9      25.0       -.8      23.1
      -1.2      16.2        .0      18.2
      -1.4      13.5       -.1      16.0
 60597   .467453  -.841416  -.271123
  95918.6  13608.7     14.2     43.3     -3.8     28.9
     14.2     86.6     -3.8     57.7  56426.8  58691.0
      -9.3      55.4      12.0      46.8
      -1.3      23.4       1.5      19.1
       -.3      18.5        .7      13.4
       -.6      16.9        .8      11.7
 60598   .429723  -.859446  -.276932
  93531.6  13537.5     14.2     43.3     -3.8     28.9
     14.2     86.6     -3.8     57.7  54881.3  56625.0
      -7.8      49.6      10.6      50.6
       -.6      23.4       1.3      19.2
       -.5      18.5        .7      13.1
       -.6      17.2        .9      11.2
 60599   .389600  -.876600  -.282460
  91843.7  13273.4     14.2     43.3     -3.8     28.9
     14.2     86.6     -3.8     57.7  54148.4  55704.9
     -10.0      54.4       9.5      54.4
      -1.2      23.5       1.4      18.7
       -.8      18.7        .9      11.9
       -.8      17.2        .8      10.3
 60600   .347131  -.892622  -.287623
  90308.8  13110.3     14.2     43.3     -3.8     28.9
     14.2     86.6     -3.8     57.7  53465.1  54501.9
      -7.5      50.1      10.9      51.7
      -1.5      23.8       1.5      18.8
       -.9      18.8       1.0      11.7
       -.4      17.4        .6       9.7
 60601   .302414  -.907242  -.292333
  88698.6  12894.6     14.2     43.3     -3.8     28.9
     14.2     86.6     -3.8     57.7  51915.7  53583.7
     -11.0      55.2      11.3      55.8
      -1.0      23.8       1.3      16.9
      -1.0      18.9       1.0      10.4
       -.9      17.6        .9       9.1
 60602   .255608  -.920190  -.296506
  87755.2  12896.6     14.2     43.3     -3.8     28.9
     14.2     86.6     -3.8     57.7  51882.0  53124.0
      -9.5      54.0      12.5      61.0
      -1.2      23.8       1.4      17.4
       -.7      19.3       1.0      10.2
      -1.0      17.6        .9       8.2
 60603   .206935  -.931206  -.300055
  87041.4  12721.1     14.2     43.3     -3.8     28.9
     14.2     86.6     -4.0      4.3  50637.5  52467.7
     -10.5      53.8      11.6      65.1
      -1.0      23.8       1.4      16.8
       -.7      19.3        .8       8.5
      -1.0      17.7        .8       7.2
 60604   .156676  -.940054  -.302906
  86168.6  12605.8     14.2     43.3     -3.8     28.9
     14.2     86.6     -3.7     15.1  50682.6  52139.0
     -10.9      54.3      10.9      66.2
      -1.5      23.8       1.9      17.9
      -1.3      19.1       1.0       8.3
      -1.0      17.8        .8       6.6
 60605   .105170  -.946530  -.304993
  85435.6  12530.3     14.2     43.3     -4.0      2.9
     14.2     86.6     -3.9     28.4  50232.1  51426.5
      -7.1      48.5      13.4      75.5
      -1.0      23.5       1.0      16.3
       -.8      18.7        .7       6.1
       -.8      18.0        .8       4.7
 60606   .052804  -.950480  -.306266
  85495.4  12604.6     14.2     43.3     -4.2     12.9
     14.2     86.6     -4.2     41.3  49718.5  51389.8
     -11.7      51.4       9.4      84.2
      -1.4      23.6       1.2      21.2
       -.5      19.0        .7       4.2
       -.8      17.8        .7       3.0
 60607   .000000  -.951808  -.306694
  85101.6  12688.0     14.2     43.3     -4.5     24.8
     14.2     86.6     -4.4     53.2  49904.5  51365.1
     -10.7      53.3       7.1      97.7
      -1.1      23.5       2.1      38.4
       -.9      19.2       -.2       7.9
      -1.2      17.7        .1       3.0
 60608  -.026430  -.951476  -.306587
  85027.8  12636.5     14.2     43.3     -2.4     22.4
     14.2     86.6     -2.4     51.0  50234.0  51357.2
      -9.9      48.5       7.3      93.8
      -1.6      24.2       2.5      38.0
      -1.1      19.2        .8       5.7
       -.9      18.1        .5       3.4
 60609  -.052804  -.950480  -.306266
  85332.4  12677.6     14.2     43.3     -2.6     16.4
     14.2     86.6     -2.6     44.8  49315.7  50784.9
     -10.2      49.2       8.5      89.0
      -1.5      23.9       1.3      28.9
      -1.3      19.3        .3       4.4
      -1.1      18.2        .3       3.0
 60610  -.079069  -.948828  -.305734
  85066.9  12664.7     14.2     43.3     -2.8     10.1
     14.2     86.6     -2.7     38.5  50272.0  51614.3
      -8.2      50.7       9.2      80.6
      -1.2      23.9        .8      21.2
      -1.0      19.0        .3       4.5
      -1.1      17.7        .3       3.0
 60611  -.105170  -.946530  -.304993
  85518.3  12736.9     14.2     43.3     -2.9      4.0
     14.2     86.6     -3.0     32.1  49980.6  51554.3
     -11.1      51.1       7.5      76.7
      -1.5      24.1        .6      18.7
       -.7      19.3        .2       5.2
      -1.1      18.0        .2       3.9
 60612  -.131055  -.943599  -.304049
  86120.6  12927.3     14.2     43.3     -3.8     28.9
     14.2     86.6     -2.9     25.5  49584.0  50857.7
     -10.1      53.8       4.8      70.9
      -1.3      24.2        .4      17.1
       -.8      19.5        .4       6.7
       -.9      18.3        .2       5.0
 60613  -.156676  -.940054  -.302906
  85962.4  12815.7     14.2     43.3     -3.8     28.9
     14.2     86.6     -2.8     18.9  50549.0  51950.8
     -10.4      50.7        .1      64.8
      -1.7      24.0        .4      18.1
       -.9      19.0        .1       7.7
       -.9      18.5        .2       5.9
 60614  -.181983  -.935915  -.301572
  86192.9  12912.7     14.2     43.3     -3.8     28.9
     14.2     86.6     -3.1     12.4  50051.1  52067.8
     -10.5      49.6        .7      64.3
      -1.4      23.8        .1      16.7
       -.8      19.3        .1       8.2
       -.8      18.0        .2       6.3
 60615  -.206935  -.931206  -.300055
  86524.9  12998.3     14.2     43.3     -3.8     28.9
     14.2     86.6     -3.0      6.1  50938.5  52201.7
     -10.6      53.4       3.7      60.6
       -.8      23.6        .3      17.1
      -1.0      19.3        .1       8.3
      -1.0      18.0        .2       6.6
 60616  -.255608  -.920190  -.296506
  87571.6  13178.9     14.2     43.3     -3.8     28.9
     14.2     86.6     -3.8     57.7  51246.4  52643.4
     -10.9      50.5        .0      60.9
      -1.4      23.9       -.1      17.4
      -1.3      19.3       -.1       9.5
       -.8      18.2        .1       7.7
 60617  -.302414  -.907242  -.292333
  88890.2  13447.0     14.2     43.3     -3.8     28.9
     14.2     86.6     -3.8     57.7  52904.6  54310.8
     -11.6      53.0       -.9      55.7
      -1.4      24.4       -.1      17.4
       -.9      19.3       -.1      10.5
       -.8      18.0        .0       8.5
 60618  -.347131  -.892622  -.287623
  90310.5  13638.9     14.2     43.3     -3.8     28.9
     14.2     86.6     -3.8     57.7  53331.0  54478.3
     -11.8      51.2      -1.1      54.4
      -1.0      23.2        .0      17.5
       -.8      19.0        .0      10.9
       -.6      17.6        .2       9.4
 60619  -.389600  -.876600  -.282460
  91908.4  13939.6     14.2     43.3     -3.8     28.9
     14.2     86.6     -3.8     57.7  54303.8  55791.4
     -12.1      52.1       -.7      56.6
      -1.3      23.8       -.4      19.3
      -1.0      19.1        .1      11.9
       -.4      17.9        .2      10.4
 60620  -.429723  -.859446  -.276932
  93910.6  14236.7     14.2     43.3     -3.8     28.9
     14.2     86.6     -3.8     57.7  56329.7  57822.2
     -10.9      54.7       1.2      51.2
      -1.0      23.6        .0      18.4
       -.9      18.7        .0      12.1
       -.8      17.9        .0      10.4
 60621  -.467453  -.841416  -.271123
  95788.7  14062.1     14.2     43.3     -3.8     28.9
     14.2     86.6     -3.8     57.7  56944.0  57919.3
     -11.9      53.0      -2.0      51.4
      -1.5      23.7       -.3      19.6
      -1.1      18.6        .0      13.3
       -.7      17.4        .0      11.3
 60622  -.502792  -.822750  -.265108
  97813.0  13922.1     14.2     43.3     -3.8     28.9
     14.2     86.6     -3.8     57.7  58648.0  60123.9
      -9.5      49.4      -3.4      46.8
      -1.0      23.8        .0      19.3
       -.8      18.4        .0      12.8
      -1.0      17.5        .0      11.4
 60623  -.535778  -.803668  -.258960
 100195.6  13735.3     14.2     43.3     -3.8     28.9
     14.2     86.6     -3.8     57.7  59380.1  61302.5
     -14.4      54.7      -3.9      44.9
      -1.1      23.2       -.2      20.2
       -.9      18.2        .0      14.0
       -.6      17.0        .0      12.8
 60624  -.566482  -.784360  -.252738
 102446.8  13337.7     14.2     43.3     -3.8     28.9
     14.2     86.6     -3.8     57.7  61482.1  63197.6
     -12.4      54.2      -1.9      44.6
      -1.4      23.1       -.2      19.7
       -.4      18.2        .1      13.8
      -1.0      16.9        .0      12.4
 60625  -.594996  -.764995  -.246498
 105130.2  12925.1     14.2     43.3     -3.8     28.9
     14.2     86.6     -3.8     57.7  63953.1  65407.2
     -12.0      54.5      -2.9      40.2
      -1.4      23.6       -.4      21.5
       -.6      18.1        .1      15.5
       -.9      16.4       -.2      13.3
