Dot1_150x100_prd2012lk:dj0045a@-275V,3.8T@90d,263K,rhe=1.10,rhh=0.7,0.4/0.4     
  1312   1  3.80  60   5  29   0  275.00  263.00     .40 1.12000  1200.0     .04   82.80  150.000  100.000  285.000  1200.0     .02   41.40    1.50    1.00     .85
 59901   .000000   .000000 -1.000000
  25661.3  20331.5       .1     41.6     42.3      8.8
       .1     84.7     42.6     37.0  11850.5  12436.3
        .1      72.0        .6      42.9
       -.3       9.6       -.4      10.4
        .0       5.0       -.3       7.3
        .0       5.0       -.5       6.3
 59902   .000000  -.130455  -.991454
  25783.2  20533.0       .0     35.0     42.6      8.9
      -.1     78.1     42.5     37.0  12049.1  12613.7
      -8.5      58.4        .6      40.2
       -.6       6.1       -.4      10.5
       -.6       5.0       -.4       7.1
       -.5       5.0       -.5       6.4
 59903   .000000  -.254493  -.967075
  26333.3  20943.3      -.2     27.0     42.5      8.9
      -.2     70.1     42.7     36.9  12131.9  12630.6
      -4.1      49.8       1.9      42.3
      -1.0       9.0       -.5      10.2
       -.7       5.8       -.6       7.2
       -.7       5.0       -.5       6.4
 59904   .000000  -.367167  -.930155
  27225.4  21077.6      -.5     18.9     42.5      8.7
      -.4     61.5     42.8     36.8  12521.4  13125.5
      -5.0      48.9       2.6      43.3
      -1.2      13.0       -.3      10.2
       -.9       8.7       -.3       7.1
       -.8       7.5       -.4       6.4
 59905   .000000  -.465746  -.884918
  28523.1  20920.8      -.5     11.6     42.7      8.5
      -.3     53.2     42.8     36.4  13416.2  14002.1
      -7.9      49.5       1.4      43.8
      -1.2      17.3       -.3      10.5
      -1.1      11.6       -.3       7.3
      -1.1       9.7       -.4       6.3
 59906   .000000  -.549617  -.835417
  30143.3  19973.7     -1.1      8.4     42.6      8.2
      -.8     44.3     42.9     36.2  14171.2  14788.2
      -7.6      54.0       1.2      47.4
      -1.9      21.8       -.4      10.3
      -1.5      14.4       -.3       7.1
      -1.2      11.7       -.3       6.2
 59907   .000000  -.619644  -.784883
  32250.5  18528.9     -4.2     13.1     42.9      7.8
      -.4     35.3     43.2     36.0  15632.7  16151.9
      -9.2      58.8       -.9      44.8
      -2.7      26.6       -.3      10.3
      -1.7      17.9       -.1       6.9
      -1.8      14.6       -.3       6.1
 59908   .000000  -.677476  -.735545
  34175.7  16834.0       .0     43.3     42.9      7.5
      -.5     26.5     43.3     35.8  17044.3  17540.2
      -9.2      59.1       1.0      48.6
      -2.0      29.4       -.2      10.1
      -2.1      19.2       -.2       6.8
      -2.0      16.6       -.2       6.1
 59909   .000000  -.724999  -.688749
  36534.5  16030.6       .0     43.3     43.0      7.2
      -.6     17.9     43.3     35.3  18380.1  19203.4
      -8.7      56.6       1.3      48.4
      -2.0      28.6        .0      10.4
      -1.9      19.1        .0       6.7
      -1.9      17.2       -.2       5.9
 59910   .000000  -.764030  -.645181
  38928.0  15381.0       .0     43.3     43.2      6.8
      -.8     11.6     43.4     35.0  19973.2  20724.1
      -9.7      55.3       1.8      48.1
      -1.8      25.8       -.1      10.7
      -2.2      18.8       -.2       6.6
      -1.6      17.8       -.1       5.6
 59911   .000000  -.796162  -.605083
  41441.3  14743.1       .0     43.3     43.5      6.6
     -1.9     13.0     43.6     34.7  21521.0  22171.3
      -9.5      53.6        .0      51.5
      -1.5      23.9       -.3      10.8
      -1.4      19.0        .1       6.5
      -1.8      19.3       -.1       5.7
 59912   .000000  -.822730  -.568432
  44181.6  14297.6       .0     43.3     43.4      6.2
       .0     86.6     43.6     34.4  23023.2  24001.6
      -8.2      53.0       2.1      52.9
      -1.8      23.7        .1      10.7
      -1.6      18.7       -.1       6.4
      -2.0      18.1       -.1       5.5
 59913   .000000  -.844819  -.535052
  46881.4  13976.9       .0     43.3     43.5      6.1
       .0     86.6     43.7     34.2  25185.7  25903.5
      -9.0      53.1       1.1      56.8
      -1.6      22.9        .1      11.4
      -2.0      17.6        .0       6.5
      -1.5      16.5       -.1       5.4
 59914   .000000  -.863297  -.504697
  49827.8  13828.0       .0     43.3     43.6      5.8
       .0     86.6     43.7     34.1  26303.4  27596.8
      -9.7      52.4       2.9      55.6
      -1.9      23.5        .0      11.5
      -1.7      18.0       -.1       6.2
      -1.6      16.4        .0       5.2
 59915   .000000  -.878853  -.477092
  52606.0  13664.9       .0     43.3     43.7      5.7
       .0     86.6     43.8     33.9  28375.0  29233.5
     -10.6      52.0       2.3      61.6
      -1.6      24.5        .0      12.1
      -1.3      20.4        .2       6.1
      -1.6      20.1        .1       5.3
 59916   .000000  -.892036  -.451965
  55567.8  13368.6       .0     43.3     43.7      5.4
       .0     86.6     44.0     33.8  30871.7  31786.4
     -11.2      55.7       6.8      65.2
      -2.1      24.6        .0      14.0
      -1.7      19.3        .1       6.3
      -1.6      19.2        .2       5.2
 59917   .000000  -.903278  -.429057
  58713.0  13265.3       .0     43.3     43.8      5.1
       .0     86.6     44.0     33.5  32473.9  33510.5
     -11.0      52.9        .8      63.2
      -1.6      23.4        .1      13.1
      -1.1      18.2        .3       6.1
      -1.6      17.4        .2       5.2
 59918   .000000  -.912924  -.408131
  61748.1  13177.1       .0     43.3     43.9      5.1
       .0     86.6     44.0     33.3  34171.1  35080.7
     -10.9      52.8       3.1      66.8
      -1.9      23.5        .4      14.0
      -1.5      19.0        .3       6.2
      -1.6      17.1        .1       5.1
 59919   .000000  -.921250  -.388972
  64505.3  13079.3       .0     43.3     43.9      4.9
       .0     86.6     43.9     33.1  36124.9  37261.0
      -9.4      48.8       3.5      64.0
      -1.7      25.5        .3      15.6
      -1.5      20.9        .2       6.1
      -1.7      20.6        .1       5.0
 59920   .000000  -.928477  -.371391
  67682.7  13053.6       .0     43.3     44.2      4.8
       .0     86.6     44.1     33.3  39050.6  39931.8
     -12.2      55.1       3.7      68.3
      -1.9      24.7        .2      14.5
      -1.3      20.3        .2       6.1
      -1.2      19.9        .2       4.9
 59921   .000000  -.934784  -.355218
  70664.6  12875.4       .0     43.3     44.2      4.7
       .0     86.6     44.0     32.9  40324.4  41639.1
     -10.7      52.4       3.8      72.7
      -2.2      24.0        .3      16.1
      -1.7      18.9        .3       6.0
      -1.8      17.7        .2       4.9
 59922   .000000  -.940315  -.340305
  74035.8  12904.2       .0     43.3     44.2      4.5
       .0     86.6     44.3     33.1  42070.6  43717.0
     -10.3      52.5       4.1      74.6
      -1.8      24.1        .7      17.5
      -1.4      18.9        .3       6.2
      -1.9      17.6        .3       4.8
 59923   .000000  -.945190  -.326520
  76997.3  13024.8       .0     43.3     44.1      4.4
       .0     86.6     44.2     32.8  44333.7  45633.8
     -13.3      51.2       2.0      73.5
      -1.7      25.0        .6      18.6
      -1.9      21.5        .3       6.0
      -1.6      21.3        .3       4.9
 59924   .000000  -.949506  -.313750
  79963.8  12778.3       .0     43.3     44.3      4.4
       .0     86.6     44.6     33.0  46044.1  47450.0
     -14.5      54.4       3.7      76.4
      -2.4      25.4        .4      19.0
      -1.7      20.9        .3       6.3
      -1.5      20.4        .4       4.9
 59925   .000000  -.953342  -.301892
  83108.7  12760.2       .0     43.3     44.3      4.3
       .0     86.6     44.4     32.6  48499.1  50054.6
     -11.7      49.4       -.8      72.8
      -2.0      24.4        .6      18.7
      -1.4      19.4        .3       6.2
      -1.8      18.2        .3       4.8
 59926   .000000  -.956767  -.290857
  86597.8  12717.4       .0     43.3     44.5      4.1
       .0     86.6     44.4     32.6  50598.3  51990.3
     -10.9      51.8       2.4      78.6
      -2.1      24.0        .4      20.4
      -1.5      19.0        .4       6.5
      -1.6      18.0        .3       4.8
 59927   .000000  -.959834  -.280567
  89741.2  12742.1       .0     43.3     44.2      4.1
       .0     86.6     44.3     32.4  53068.6  54616.1
     -11.2      53.0       3.5      83.5
      -2.0      26.0        .6      22.1
      -1.6      21.6        .3       6.0
      -2.2      21.3        .3       4.8
 59928   .000000  -.962593  -.270952
  92905.2  12664.8       .0     43.3     44.4      3.9
       .0     86.6     44.5     32.5  55229.6  56773.3
     -14.9      55.0       3.5      77.8
      -1.9      25.0        .9      22.6
      -1.5      21.1        .5       6.2
      -1.5      20.6        .4       4.9
 59929   .000000  -.965081  -.261951
  96207.9  12766.0       .0     43.3     44.5     11.6
       .0     86.6     44.7     32.2  57525.9  59102.0
     -12.1      51.6       3.3      83.6
      -2.1      24.6        .5      22.3
      -2.0      19.5        .4       7.1
      -2.3      18.4        .4       5.0
 59930   .000000  -.967333  -.253508
  99188.0  12664.7       .0     43.3     44.5      3.8
       .0     86.6     44.7     32.1  59425.0  61046.1
     -12.1      57.4       6.0      84.6
      -1.9      24.0       1.0      23.8
      -1.7      19.3        .4       6.5
      -1.6      17.8        .4       4.7
 59931   .000000  -.969377  -.245576
 102449.6  12724.3       .0     43.3     44.6      3.8
       .0     86.6     44.5     32.2  61040.0  63563.0
     -11.7      49.8       3.8      82.8
      -2.5      26.2        .4      24.4
      -1.3      21.6        .2       6.8
      -1.8      21.4        .4       4.8
 59932   .000000  -.971238  -.238110
 105900.2  12708.1       .0     43.3     44.5      3.7
       .0     86.6     44.5     32.0  64039.8  65890.9
     -12.3      53.6       6.2      87.2
      -2.9      26.5        .9      25.8
      -1.5      21.4        .4       6.2
      -1.8      21.0        .4       4.7
 59933   .000000  -.972937  -.231072
 108896.5  12657.3       .0     43.3     44.5      3.6
       .0     86.6     44.5     32.2  65674.6  67815.8
     -11.5      51.2       4.4      91.1
      -2.1      24.5        .8      24.7
      -1.8      19.7        .2       6.4
      -1.7      18.5        .5       4.6
 59934   .000000  -.974491  -.224428
 112303.3  12786.3       .0     43.3     44.6      3.5
       .0     86.6     44.6     31.9  69018.7  70630.6
     -13.0      54.0       1.0      89.5
      -2.5      24.6        .8      26.4
      -1.4      19.1        .6       7.2
      -1.4      17.8        .4       4.7
 59935   .000000  -.975916  -.218146
 115200.6  12666.1       .0     43.3     44.6      3.5
       .0     86.6     44.7     31.9  70538.8  72306.6
      -9.7      51.8       4.8      90.1
      -2.5      26.1        .3      27.2
      -1.9      22.0        .5       7.3
      -2.0      21.3        .5       4.9
 59936   .000000  -.977227  -.212198
 118450.2  12674.0       .0     43.3     44.6      3.5
       .0     86.6     44.8     31.9  73216.5  75042.2
     -10.6      55.3       3.5      97.3
      -2.4      25.6        .9      26.5
      -1.7      21.7        .5       7.4
      -1.5      20.8        .5       4.8
 59937   .000000  -.978434  -.206558
 121874.8  12712.8       .0     43.3     44.6      3.5
       .0     86.6     44.7     31.7  76481.4  77753.4
     -10.9      49.4       2.1      92.6
      -2.4      24.7        .4      26.2
      -1.9      19.5        .5       7.6
      -1.9      18.8        .5       4.6
 59938   .000000  -.979549  -.201205
 125268.6  12760.1       .0     43.3     44.6      3.4
       .0     86.6     44.8     32.1  77327.0  79624.9
     -14.3      52.3       2.7      86.2
      -2.2      24.5       1.4      28.1
      -1.6      19.5        .6       7.7
      -2.3      18.0        .6       4.7
 59939   .000000  -.980581  -.196116
 128559.8  12704.2       .0     43.3     44.7      3.3
       .0     86.6     44.9     31.6  79417.1  81701.4
     -11.4      54.3      -1.0      91.7
      -2.8      26.1        .7      29.1
      -1.4      21.9        .9       8.3
      -1.9      21.6        .5       4.7
 59940   .000000  -.981537  -.191274
 131590.8  12712.9       .0     43.3     44.8      3.3
       .0     86.6     45.0     31.8  82067.4  84876.4
     -12.3      53.4       1.1      97.9
      -2.7      26.5       1.2      29.8
      -1.7      21.5        .7       7.2
      -1.9      21.1        .6       5.5
 59941   .000000  -.982424  -.186661
 134925.7  12736.3       .0     43.3     44.9      3.3
       .0     86.6     45.0     31.6  85174.4  87504.9
      -9.3      53.9      10.0      95.8
      -2.0      24.8       1.3      30.1
      -1.5      19.7        .7       7.8
      -1.7      18.4        .6       5.0
 59942   .000000  -.983250  -.182261
 138185.2  12949.8       .0     43.3     44.9      3.3
       .0     86.6     44.8     31.6  85187.2  88702.7
     -13.5      58.3       3.8      99.4
      -2.4      24.7        .7      32.0
      -1.2      19.5        .6       9.3
      -2.1      18.4        .6       4.7
 59943   .000000  -.984020  -.178061
 141426.6  12731.6       .0     43.3     44.7      3.1
       .0     86.6     45.0     31.7  89853.6  92231.2
      -8.2      51.3       2.0     103.1
      -2.6      26.3       1.0      32.9
      -1.7      22.1        .7       7.3
      -2.1      21.4        .5       4.9
 59944   .000000  -.984737  -.174047
 144828.6  12701.3       .0     43.3     44.7      3.2
       .0     86.6     45.0     31.6  91599.4  94289.0
     -12.9      52.2      -1.4     114.8
      -2.6      27.2       1.4      33.5
      -1.5      21.5        .6       7.6
      -1.4      20.9        .6       5.2
 59945   .000000  -.985408  -.170207
 148566.6  12838.5       .0     43.3     44.9      3.1
       .0     86.6     44.9     31.8  93747.3  96295.1
     -11.7      58.4       4.1     100.8
      -2.7      25.9        .9      36.8
      -2.0      19.6        .7       8.9
      -1.8      19.1        .6       5.4
 59946   .000000  -.986036  -.166531
 151670.1  12691.4       .0     43.3     45.0      3.1
       .0     86.6     44.6     31.5  96067.4  98283.2
     -12.4      50.2      -1.2     103.6
      -2.5      24.7       1.1      34.3
      -1.4      19.9        .6       8.8
      -1.4      18.1        .5       5.7
 59947   .000000  -.986625  -.163008
 154763.8  12786.6       .0     43.3     45.0      3.1
       .0     86.6     44.8     31.5  98168.0 101011.5
     -14.6      53.9       4.1     107.6
      -2.0      26.2        .6      36.8
      -1.4      21.8        .7       8.6
      -2.0      21.8        .5       4.8
 59948   .000000  -.987696  -.156385
 161024.6  12741.9       .0     43.3     44.9      3.0
       .0     86.6     44.9     31.3 101543.6 103628.6
     -13.0      54.4       1.8     105.5
      -2.8      25.4        .8      35.2
      -1.9      20.0        .6       9.3
      -2.0      18.9        .6       4.9
 59949   .000000  -.988644  -.150274
 167594.3  12807.9       .0     43.3     45.1      2.9
       .0     86.6     44.9     31.4 108956.8 111882.0
      -8.0      41.0       4.2     100.9
      -1.9      27.1       1.2      38.2
      -1.7      21.8        .8      11.0
      -2.1      21.9        .4       6.9
 59950   .000000  -.989488  -.144617
 174802.0  12865.9       .0     43.3     45.1      2.8
       .0     86.6     45.1     31.0 111403.0 114335.0
     -13.7      59.5       6.0     111.3
      -2.7      25.2       1.1      38.7
      -1.5      20.0        .8      10.6
      -2.0      19.3        .5       6.0
 59951   .000000  -.990241  -.139367
 181103.3  12766.2       .0     43.3     45.1      2.8
       .0     86.6     45.2     31.3 114782.9 118504.5
     -10.3      49.4      -7.3     113.3
      -2.9      27.6        .8      39.4
      -1.8      22.5        .6      10.7
      -1.6      21.4        .6       6.6
 59952   .000000  -.990916  -.134481
 187602.0  12741.1       .0     43.3     45.1      2.8
       .0     86.6     45.1     31.1 119685.4 122702.1
     -14.0      51.5       7.3     118.7
      -2.5      26.4        .1      40.3
      -2.2      20.1        .8      11.5
      -1.3      18.8        .6       5.5
 59953   .000000  -.991524  -.129924
 194621.9  12732.2       .0     43.3     45.1     19.1
       .0     86.6     45.2     31.1 125014.3 128355.1
     -12.6      51.2       2.0     121.7
      -2.7      26.7       1.2      43.1
      -1.8      22.1        .7      12.2
      -1.9      21.4        .8       6.0
 59954   .000000  -.992073  -.125663
 200595.7  12884.8       .0     43.3     44.8     15.4
       .0     86.6     45.1     30.9 128722.8 131823.0
     -11.3      53.0       5.1     120.0
      -2.8      26.0        .9      42.5
      -1.9      19.8        .6      11.6
      -2.0      19.3        .6       5.5
 59955   .000000  -.992571  -.121670
 207460.4  12982.6       .0     43.3     45.2      2.7
       .0     86.6     45.2     31.2 133650.4 137062.6
     -17.4      57.5       1.7     116.3
      -3.2      27.7        .7      42.6
      -2.2      22.2        .7      11.9
      -1.5      21.4        .6       5.7
 59956   .000000  -.993023  -.117921
 214036.6  12784.5       .0     43.3     45.1      2.6
       .0     86.6     45.1     31.0 135403.9 139057.9
      -9.9      48.7        .8     123.0
      -2.9      25.8        .5      44.7
      -1.8      20.2        .8      13.7
      -2.0      19.1        .6       5.3
 59957   .000000  -.993435  -.114396
 220532.1  12982.6       .0     43.3     45.3      2.7
       .0     86.6     45.0     31.1 146801.5 151490.7
      -6.8      39.9      17.6     107.8
      -2.6      25.5       1.1      45.2
      -1.3      22.3        .9      14.0
      -2.1      21.4        .6       7.7
 59958   .000000  -.993812  -.111073
 227185.1  13076.9       .0     43.3     45.4      2.5
       .0     86.6     45.0     31.2 150632.2 155660.0
     -14.2      51.1       8.3     117.8
      -3.0      25.7        .4      45.3
      -2.1      20.4        .7      14.7
      -1.4      19.0        .8       5.5
 59959   .000000  -.994158  -.107937
 234144.9  13110.4       .0     43.3     45.5      2.5
       .0     86.6     45.3     30.9 155470.6 161531.9
      -9.9      45.4       4.8     138.9
      -2.1      26.8       1.9      44.2
      -1.8      21.9        .8      14.9
      -2.5      21.6        .4       6.9
 59960   .000000  -.994475  -.104972
 240564.0  12905.8       .0     43.3     45.3      2.5
       .0     86.6     45.5     30.9 157150.5 160994.2
      -6.1      38.3      -1.4     126.2
      -3.0      25.2       1.5      46.2
      -1.7      19.9       1.0      13.9
      -2.4      19.0        .6       7.9
 59961   .903278   .000000  -.429057
  58086.4  10441.1       .1     41.1     41.4     28.9
       .1     84.0     41.4     57.7  32522.3  33326.5
      -1.3      83.0      11.4      46.3
       1.5      32.2       3.3      25.0
        .3       7.3       3.0      18.7
        .0       5.0       2.8      16.4
 59962   .887877   .000000  -.460082
  54305.3  10815.2       .5     41.1     41.4     28.9
       .4     84.1     41.4     57.7  29665.0  30466.9
      -2.1      79.5      10.7      47.0
      -1.9      32.0       3.0      22.9
        .3       5.9       2.8      16.8
        .0       5.0       2.9      14.7
 59963   .868777   .000000  -.495203
  50660.5  11220.0       .0     41.2     41.4     28.9
       .0     84.1     41.4     57.7  27150.4  28014.7
       -.1      80.7      12.4      48.4
       1.8      27.8       2.4      24.4
        .1       7.4       2.6      17.5
        .0       5.0       2.5      15.3
 59964   .844819   .000000  -.535052
  46660.3  11737.1       .0     41.3     41.4     28.9
      -.1     84.2     41.4     57.7  24786.0  25611.0
      -7.7      74.9      12.3      48.6
        .5      24.5       2.4      22.6
        .0       5.0       2.2      15.5
       -.1       5.0       2.3      13.1
 59965   .814421   .000000  -.580275
  43369.9  12654.9      -.3     41.2     41.4     28.9
      -.4     84.3     41.4     57.7  22776.0  23618.2
       -.8      80.0       9.9      49.8
       1.0      23.5       2.2      22.9
       -.2       5.0       2.4      15.9
        .1       5.0       2.2      14.0
 59966   .775436   .000000  -.631426
  40002.4  13758.2       .3     41.3     41.4     28.9
       .3     84.3     46.2      7.5  20648.0  21456.1
       -.1      79.9      12.6      50.0
       -.8      22.6       2.0      21.1
        .1       5.0       1.9      14.2
        .1       5.0       1.8      11.6
 59967   .724999   .000000  -.688749
  37127.7  15651.2       .1     41.3     41.4     28.9
       .1     84.3     43.6     10.6  18521.2  19364.2
       -.2      77.6       8.4      47.6
       -.3      20.5       2.0      20.0
        .0       5.0       1.6      13.8
        .0       5.0       1.6      11.7
 59968   .659438   .000000  -.751759
  34027.0  18896.0       .0     41.2     41.4     28.9
       .1     84.4     43.5     21.6  16967.6  17417.3
      -2.1      74.5       8.8      45.5
       1.2      16.0       1.5      18.3
        .1       5.0       1.0      12.2
        .0       5.0       1.2       9.7
 59969   .574426   .000000  -.818557
  31480.8  23606.7       .5     41.4     43.4      6.0
       .5     84.5     43.5     33.4  15406.7  16089.1
       3.4      81.0       9.8      47.5
        .2      14.9       1.5      13.1
       -.1       5.0       1.0       9.0
        .0       5.0       1.0       7.4
 59970   .465746   .000000  -.884918
  29291.7  24305.8      -.1     41.2     43.3     16.4
      -.1     84.4     43.3     45.1  14438.3  14976.8
      -1.7      71.3      10.5      52.5
       -.7      11.8        .9       8.9
        .2       5.0        .7       5.8
        .0       5.0        .6       4.8
 59971   .331088   .000000  -.943600
  27654.4  22725.8      -.6     41.3     42.3     26.4
      -.6     84.5     42.3     55.1  13477.6  14142.6
       2.3      70.4       8.2      66.2
       -.1      12.9        .3      11.1
        .0       5.0        .9       3.0
        .0       5.0        .9       3.0
 59972   .254493   .000000  -.967075
  26933.6  22058.7       .1     41.4     43.4     24.2
       .1     84.5     43.4     52.9  12960.6  13478.5
       -.7      67.3      12.6      65.2
        .5      12.6       1.0       8.8
       -.1       5.0       1.2       4.0
        .0       5.0        .9       3.1
 59973   .172799   .000000  -.984957
  26401.5  21755.5       .5     41.6     42.9     19.0
       .4     84.6     42.9     47.7  12525.5  12998.3
      -2.9      72.5       4.8      55.2
       1.4      13.3        .3       7.0
        .0       5.0        .3       4.2
        .1       5.0        .0       3.8
 59974   .087384   .000000  -.996175
  25937.1  21347.4       .2     41.4     42.6     13.8
       .2     84.6     42.7     42.3  12272.9  12745.9
        .2      69.2       4.6      46.3
       -.2       8.6       -.2       9.0
       -.2       5.0       -.1       5.6
        .0       5.0       -.2       4.9
 59975   .000000   .000000 -1.000000
  25658.7  20277.0      -.2     41.6     42.4      9.0
      -.2     84.7     42.5     37.0  11919.0  12440.9
       1.1      70.3        .4      42.2
       -.6       9.1       -.5      10.5
       -.2       5.0       -.5       7.2
        .0       5.0       -.6       6.4
 59976  -.087384   .000000  -.996175
  25556.3  17938.2       .0     41.7     41.8      5.5
       .0     84.8     42.4     31.7  11551.9  12134.2
      -2.1      69.4        .3      38.9
        .2      10.2       -.7      12.8
        .1       5.0       -.5       8.8
        .0       5.0       -.7       7.8
 59977  -.172799   .000000  -.984957
  25555.0  15113.8      -.1     41.7     40.3      6.0
      -.2     84.8     42.4     26.4  11938.5  12491.6
       4.2      70.5      -1.5      39.2
        .3       9.2      -1.4      15.7
        .0       5.0       -.8      10.6
        .0       5.0      -1.2       9.3
 59978  -.254493   .000000  -.967075
  26018.2  13580.4       .2     41.7     41.4     28.9
       .2     84.8     42.5     21.4  12151.7  12562.2
       4.7      72.1      -2.0      39.8
      -1.8      12.5      -1.1      18.4
        .0       5.0      -1.0      12.5
        .0       5.0      -1.4      11.1
 59979  -.331088   .000000  -.943600
  26430.6  12195.8       .2     41.7     41.4     28.9
       .2     84.9     42.3     16.1  12417.9  12799.2
      -2.5      72.5      -2.6      41.0
       -.9       9.9      -1.9      20.2
        .0       5.0      -1.3      14.0
        .0       5.0      -1.6      12.6
 59980  -.465746   .000000  -.884918
  28137.3  10383.7      -.4     41.5     41.4     28.9
      -.4     84.8     41.8      9.0  12873.3  13389.0
      -1.3      72.1      -5.0      42.0
       -.7      14.6       -.9      20.6
       -.1       5.0      -1.0      14.9
        .0       5.0      -1.7      14.2
 59981  -.574426   .000000  -.818557
  30138.5   9362.5       .0     41.5     41.4     28.9
       .1     84.8     39.5     10.6  14908.3  15336.7
       2.0      73.4      -3.6      43.7
        .7      16.0      -1.5      23.6
        .4       5.0      -1.1      16.7
        .0       5.0      -1.9      15.7
 59982  -.659438   .000000  -.751759
  32949.5   8899.3       .4     41.9     41.4     28.9
       .4     84.9     41.4     57.7  15688.9  16391.1
      -1.3      72.3      -5.6      43.0
       1.3      15.9      -1.1      23.6
       -.1       5.0      -1.1      17.8
        .0       5.0      -1.9      17.1
 59983  -.724999   .000000  -.688749
  35888.7   8452.6       .4     41.6     41.4     28.9
       .4     84.8     41.4     57.7  18337.6  18997.7
       1.6      77.0      -4.7      44.2
        .4      17.1      -1.4      25.0
        .2       5.0       -.8      18.5
        .0       5.0      -1.4      17.4
 59984  -.775436   .000000  -.631426
  39203.0   8221.8       .1     41.6     41.4     28.9
       .1     84.7     41.4     57.7  20202.8  20929.5
      -3.9      77.0      -7.1      45.0
        .2      23.0       -.6      25.0
       -.1       5.0       -.3      19.1
        .0       5.0      -1.4      18.4
 59985  -.814421   .000000  -.580275
  42678.1   8193.1       .0     41.8     41.4     28.9
       .1     84.8     41.4     57.7  22576.8  23340.5
      -2.7      78.3      -5.6      43.3
       1.4      26.5       -.7      26.0
        .4       5.0       -.7      19.8
        .0       5.0      -1.3      18.7
 59986  -.844819   .000000  -.535052
  46349.3   7898.3       .2     41.6     41.4     28.9
       .2     84.6     41.4     57.7  24247.4  25271.1
       -.8      76.5      -4.4      42.7
       1.8      28.1       -.2      26.0
       -.1       8.0       -.4      20.3
       -.1       5.0      -1.1      19.4
 59987  -.868777   .000000  -.495203
  49965.3   7839.2      -.1     41.6     41.4     28.9
       .0     84.5     41.4     57.7  27037.4  27984.1
       2.6      78.3      -5.0      42.9
       -.4      31.8       -.1      26.1
       -.6       5.0        .2      19.9
        .0       5.0      -1.1      19.1
 59988  -.887877   .000000  -.460082
  53873.3   7870.3      -.1     41.4     41.4     28.9
      -.1     84.4     41.4     57.7  29329.3  30481.8
       -.5      82.7      -4.3      40.9
        .7      29.1        .3      25.9
        .2       7.5       -.5      20.8
       -.2       5.0       -.9      20.0
 59989  -.903278   .000000  -.429057
  57884.4   7870.7       .0     41.4     41.4     28.9
       .0     84.3     41.4     57.7  31351.3  32536.6
      -3.5      80.6      -5.5      41.9
        .9      32.2       -.5      26.1
       -.4       6.7       -.1      20.4
       -.1       5.0       -.7      20.0
 59990   .840060  -.367526  -.399028
  62142.7  11418.3       .0     43.3     41.4     28.9
      -.1     19.9     41.4     57.7  34637.5  35748.6
      -6.7      61.1      11.5      48.0
      -1.2      25.9       2.9      25.1
      -1.1      16.8       2.4      18.5
      -1.0      14.2       2.4      16.5
 59991   .817505  -.390173  -.423616
  58588.1  11739.6       .0     43.3     41.4     28.9
       .1     20.3     41.4     57.7  32719.3  33768.6
      -7.6      64.0      10.5      45.7
      -1.7      25.6       2.7      23.1
      -1.3      17.0       2.6      16.6
      -1.2      14.2       2.2      14.5
 59992   .790440  -.414981  -.450551
  55069.2  12338.8       .0     43.3     41.4     28.9
      -.2     20.8     41.4     57.7  29606.4  30521.4
      -7.7      62.1      12.3      47.5
      -1.7      26.2       2.7      23.8
      -1.0      17.4       2.3      17.2
      -1.2      14.6       1.9      15.3
 59993   .757796  -.442047  -.479937
  51779.7  13234.7       .0     43.3     41.4     28.9
      -.2     21.6     41.4     57.7  28095.8  28659.0
      -4.7      59.7      11.0      47.8
      -1.7      26.5       2.2      21.7
      -1.2      17.4       1.9      15.7
      -1.5      14.9       2.0      13.4
 59994   .718269  -.471364  -.511767
  48757.9  14431.6       .0     43.3     41.4     28.9
      -.1     22.2     41.4     57.7  26081.9  27013.6
      -8.4      57.7       9.6      50.4
      -1.6      26.8       2.2      22.1
      -1.6      17.6       1.9      15.2
      -1.4      15.0       1.7      13.6
 59995   .670317  -.502738  -.545830
  45799.6  15857.0       .0     43.3     41.4     28.9
      -.6     22.7     39.8      9.7  24185.3  24842.9
      -7.8      57.1      10.8      51.3
      -2.0      27.4       2.0      20.5
      -1.5      17.9       1.6      14.0
      -1.5      15.0       1.4      11.9
 59996   .612205  -.535679  -.581595
  43216.9  17916.1       .0     43.3     41.4     28.9
      -.3     23.5     43.2      9.5  22169.1  22958.7
      -8.6      60.2       8.6      48.9
      -2.1      27.3       1.7      19.2
      -1.5      18.4       1.4      13.0
      -1.6      15.5       1.2      11.2
 59997   .542159  -.569267  -.618061
  40777.4  19119.2       .0     43.3     41.4     28.9
      -.3     24.0     43.3     20.5  21021.0  21840.9
      -6.5      57.9      10.1      51.2
      -1.6      27.3        .9      17.4
      -1.8      18.4        .9      11.4
      -1.6      15.3        .8       9.4
 59998   .458673  -.602008  -.653609
  38771.4  19023.4       .0     43.3     43.4      5.4
      -.4     24.5     43.6     32.5  19376.3  20480.2
      -6.2      59.2       7.4      48.7
      -1.6      28.2       1.0      13.3
      -2.0      18.9        .9       8.7
      -1.6      15.8        .8       7.5
 59999   .361020  -.631785  -.685938
  37012.2  18401.4       .0     43.3     43.4     15.7
      -.7     25.0     43.4     44.3  18554.1  19396.9
      -8.8      59.7       6.4      58.9
      -2.6      27.9        .9      10.2
      -1.8      18.8        .4       5.7
      -1.8      15.7        .4       5.0
 60000   .249898  -.655981  -.712208
  35846.2  17599.8       .0     43.3     41.8     26.2
      -.5     25.3     41.9     54.9  17853.4  18662.0
     -10.3      60.5      11.4      76.9
      -2.4      28.4       1.2      13.3
      -1.9      18.9       1.0       3.0
      -2.1      15.6        .9       3.0
 60001   .190037  -.665130  -.722141
  35287.9  17304.4       .0     43.3     43.3     23.9
      -.2     25.6     43.3     52.6  17753.5  18216.6
      -9.9      60.7       8.1      74.7
      -2.3      28.5       1.6      14.0
      -2.6      18.8       1.5       4.0
      -2.1      15.7       1.2       3.4
 60002   .127982  -.671905  -.729496
  34772.0  17187.8       .0     43.3     43.4     18.2
      -.3     25.7     43.4     46.9  17391.7  18026.9
      -6.5      59.5       4.3      57.9
      -2.7      29.0        .6       8.0
      -2.0      19.2        .4       4.2
      -2.2      15.8        .3       3.7
 60003   .064388  -.676070  -.734019
  34437.6  16920.8       .0     43.3     43.1     12.7
      -.5     26.3     43.2     41.3  17239.0  17834.3
      -6.4      60.5       3.4      51.4
      -2.5      29.0        .1       8.8
      -1.8      19.6        .1       5.3
      -1.9      16.2        .0       4.8
 60004   .000000  -.677476  -.735545
  34207.5  17011.1       .0     43.3     43.1      7.6
      -.3     26.4     43.2     35.6  17072.4  17522.8
      -8.6      59.6       2.2      45.1
      -3.0      29.4       -.2      10.5
      -1.8      19.6        .0       6.8
      -1.9      16.3       -.3       5.9
 60005  -.064388  -.676070  -.734019
  34188.1  16853.7       .0     43.3     42.3      4.8
      -.3     26.5     42.8     29.9  16968.8  17564.3
      -8.2      58.9        .0      43.3
      -2.6      29.3       -.5      12.6
      -1.8      19.5       -.2       8.4
      -2.0      16.6       -.7       7.5
 60006  -.127982  -.671905  -.729496
  34193.5  16533.5       .0     43.3     36.1      4.6
      -.5     26.5     43.2     24.2  16819.5  17380.2
      -8.6      59.2      -3.2      42.3
      -2.0      29.4       -.8      15.0
      -1.6      19.7       -.7      10.0
      -1.6      16.6       -.8       8.8
 60007  -.190037  -.665130  -.722141
  34383.4  16054.0       .0     43.3     41.4     28.9
      -.4     26.6     43.0     18.8  16747.9  17487.6
      -9.3      59.9      -1.8      45.2
      -1.6      28.9       -.6      17.0
      -1.8      19.5       -.9      11.6
      -1.7      16.8      -1.1      10.2
 60008  -.249898  -.655981  -.712208
  34773.6  14751.0       .0     43.3     41.4     28.9
      -.5     26.5     43.2     13.6  17260.2  17921.0
      -6.1      57.1      -1.9      42.1
      -2.3      29.8      -1.4      18.6
      -2.1      19.8      -1.1      12.9
      -1.9      16.9      -1.1      11.5
 60009  -.361020  -.631785  -.685938
  35982.7  13578.4       .0     43.3     41.4     28.9
      -.2     26.1     41.2      9.8  17567.6  18380.0
      -4.9      59.2      -1.6      43.5
      -2.3      29.5      -1.0      19.0
      -2.3      19.6       -.9      13.5
      -1.8      16.9      -1.1      12.6
 60010  -.458673  -.602008  -.653609
  37626.5  11822.2       .0     43.3     41.4     28.9
      -.3     25.6     41.4     57.7  18557.8  19401.3
      -6.8      59.0      -3.9      43.6
      -2.1      28.9      -1.5      22.2
      -1.7      19.6       -.9      16.1
      -1.1      16.8       -.9      14.9
 60011  -.542159  -.569267  -.618061
  39605.7  10768.1       .0     43.3     41.4     28.9
      -.2     25.0     41.4     57.7  19843.1  20595.2
      -6.8      59.0      -3.5      43.4
      -1.7      28.7       -.8      21.6
      -1.4      18.7       -.5      16.0
      -1.5      16.4      -1.0      16.0
 60012  -.612205  -.535679  -.581595
  41952.3  10118.4       .0     43.3     41.4     28.9
      -.3     24.2     41.4     57.7  22002.0  22753.0
      -7.2      59.9      -5.3      44.0
      -1.6      27.9       -.9      23.5
      -1.0      18.8       -.4      17.9
      -1.5      16.1       -.8      16.8
 60013  -.670317  -.502738  -.545830
  44731.0   9537.5       .0     43.3     41.4     28.9
      -.6     23.6     41.4     57.7  22865.0  23925.7
      -6.3      58.9      -3.6      41.9
      -1.2      27.7       -.2      24.2
      -1.3      18.1       -.3      18.5
      -1.1      15.6       -.8      17.9
 60014  -.718269  -.471364  -.511767
  47768.0   9176.8       .0     43.3     41.4     28.9
      -.3     22.8     41.4     57.7  25074.9  25996.0
      -6.4      59.6      -5.1      45.2
      -1.7      27.4       -.7      25.7
      -1.2      18.0       -.1      19.0
      -1.2      15.3       -.6      18.5
 60015  -.757796  -.442047  -.479937
  50922.0   8956.4       .0     43.3     41.4     28.9
       .2     21.8     41.4     57.7  26949.2  28017.9
      -4.7      60.2      -3.7      43.3
      -2.0      26.4       -.3      25.1
      -1.0      17.5       -.2      19.6
      -1.0      14.8       -.3      19.0
 60016  -.790440  -.414981  -.450551
  54458.8   8686.8       .0     43.3     41.4     28.9
       .0     21.4     41.4     57.7  29508.3  30326.3
      -6.3      62.5      -6.0      43.8
      -1.3      26.7       -.2      25.9
      -1.0      17.3        .0      20.2
       -.7      14.9       -.1      19.5
 60017  -.817505  -.390173  -.423616
  57923.2   8529.0       .0     43.3     41.4     28.9
       .0     20.9     41.4     57.7  31874.0  32855.7
      -4.3      63.5      -5.8      41.3
      -1.4      26.0        .0      25.7
       -.9      16.9        .5      20.6
       -.6      14.4       -.1      20.1
 60018  -.840060  -.367526  -.399028
  61448.0   8432.5     45.6    163.7     41.4     28.9
       .0     20.1     41.4     57.7  33566.4  34929.1
      -5.7      61.4      -5.8      42.2
      -1.4      25.7       -.1      25.8
       -.9      16.9        .3      20.9
       -.8      14.4       -.1      21.3
 60019   .708659  -.620076  -.336613
  73607.3  13423.8       .0     43.3     41.4     28.9
       .0     86.6     41.4     57.7  41407.8  42900.2
      -8.8      56.9      10.9      45.1
      -1.2      23.5       2.9      23.5
      -1.1      18.5       2.7      17.2
       -.9      17.4       2.2      14.9
 60020   .677337  -.646549  -.350984
  70772.3  13972.8       .0     43.3     41.4     28.9
       .0     86.6     41.4     57.7  40143.3  41308.5
     -11.8      59.5      10.8      50.1
      -1.5      23.6       3.0      22.3
      -1.1      18.3       2.3      15.6
       -.9      17.5       2.0      13.5
 60021   .641844  -.673936  -.365851
  67940.3  14686.2       .0     43.3     41.4     28.9
       .0     86.6     41.4     57.7  38490.3  39544.6
     -10.9      54.4      10.9      47.5
      -1.6      23.8       2.8      22.6
      -1.3      18.4       2.6      15.4
      -1.1      17.8       2.0      13.7
 60022   .601687  -.701968  -.381068
  65484.1  15083.1       .0     43.3     41.4     28.9
       .0     86.6     41.4     57.7  35894.0  36922.2
     -11.0      53.4      10.1      50.7
      -1.6      23.4       2.7      21.0
      -1.2      18.7       1.9      14.1
      -1.2      18.2       1.8      12.6
 60023   .556388  -.730259  -.396426
  62656.7  15501.1       .0     43.3     41.4     28.9
       .0     86.6     41.4     57.7  34931.1  35871.4
      -8.1      51.0       8.6      52.1
      -1.7      23.6       2.2      20.6
       -.9      19.0       1.7      13.5
      -1.3      18.3       1.6      11.8
 60024   .505524  -.758286  -.411641
  60746.0  15551.8       .0     43.3     41.4     28.9
       .0     86.6     41.4     57.7  33601.9  34434.1
     -10.3      57.1      11.4      55.5
      -1.4      23.9       1.9      20.0
      -1.2      19.0       1.4      12.7
       -.8      18.8       1.3      10.8
 60025   .448787  -.785377  -.426348
  58625.6  15076.7       .0     43.3     41.4     28.9
       .0     86.6     43.5      7.2  32413.7  33507.5
      -9.5      53.6       7.4      56.1
      -1.8      23.8       1.7      18.0
      -1.1      19.6       1.2      11.3
      -1.1      19.0       1.1       9.7
 60026   .386057  -.810720  -.440105
  57076.1  14640.7       .0     43.3     41.4     28.9
       .0     86.6     43.5     18.2  31231.7  32258.9
      -9.7      53.4       9.6      57.8
      -1.6      24.1       1.1      17.4
       -.9      19.7        .8      10.1
      -1.3      19.2        .8       8.3
 60027   .317480  -.833386  -.452409
  55733.4  14455.5       .0     43.3     43.5      3.5
       .0     86.6     43.5     30.8  30238.3  31272.0
     -10.3      53.5       7.1      58.3
      -2.0      24.6       1.1      14.5
      -1.3      19.5        .9       8.0
      -1.4      19.3        .7       6.8
 60028   .243541  -.852392  -.462727
  54541.3  13950.6       .0     43.3     43.4     14.4
       .0     86.6     43.4     43.3  29782.9  30891.6
     -11.6      52.3       5.3      70.1
      -1.9      24.8       1.2      15.5
      -1.4      20.0        .6       5.6
      -1.8      19.5        .6       4.9
 60029   .165103  -.866792  -.470544
  53612.1  13743.2       .0     43.3     42.1     25.9
       .0     86.6     42.1     54.5  29282.0  30200.2
     -11.3      55.8       6.0      83.3
      -1.6      24.1       1.7      30.0
      -1.7      20.1       1.0       4.4
      -2.0      19.7        .5       3.0
 60030   .124573  -.872008  -.473376
  53322.1  13655.7       .0     43.3     44.0     23.3
       .0     86.6     44.0     51.9  28899.7  29968.8
      -9.7      50.1       7.1      80.6
      -1.8      24.4        .5      28.1
      -1.7      19.9       1.6       5.4
      -2.1      19.6       1.5       3.6
 60031   .083409  -.875791  -.475429
  52999.7  13594.6       .0     43.3     43.9     17.5
       .0     86.6     44.0     46.1  28875.6  29862.1
      -9.6      50.6       3.8      74.9
      -2.0      24.6       1.1      17.7
      -1.4      20.3        .7       4.5
      -1.9      20.2        .6       3.8
 60032   .041814  -.878085  -.476675
  52837.5  13580.6       .0     43.3     43.8     11.4
       .0     86.6     44.0     40.1  28770.9  29722.9
     -12.2      53.1        .1      67.0
      -1.5      24.6        .2      14.0
      -1.5      20.0        .4       5.2
      -1.5      20.1        .4       4.4
 60033   .000000  -.878853  -.477092
  52657.6  13512.9       .0     43.3     43.6      5.5
       .0     86.6     43.8     34.0  28326.0  29382.0
     -10.5      53.3       4.1      56.7
      -1.9      24.3        .0      12.6
      -1.2      20.3        .2       6.4
      -1.8      19.9        .1       5.2
 60034  -.041814  -.878085  -.476675
  52495.0  13534.3       .0     43.3     41.9      3.5
       .0     86.6     43.5     27.7  28385.5  29475.8
     -11.3      51.8       2.4      54.9
      -1.7      24.5       -.2      13.5
      -1.4      20.5       -.2       7.5
      -1.7      20.0       -.2       6.4
 60035  -.083409  -.875791  -.475429
  52462.0  13534.0       .0     43.3     41.4     28.9
       .0     86.6     44.1     21.5  28902.7  29616.2
      -7.7      49.6      -2.2      51.8
      -1.8      24.7       -.4      14.8
      -1.3      20.3       -.3       8.6
      -1.4      20.1       -.4       7.2
 60036  -.124573  -.872008  -.473376
  52781.2  13664.0       .0     43.3     41.4     28.9
       .0     86.6     43.8     15.6  28220.1  29162.0
     -10.3      52.0        .4      51.8
      -1.5      24.4       -.2      16.1
      -1.3      20.6       -.3       9.7
      -1.5      20.2       -.6       8.1
 60037  -.165103  -.866792  -.470544
  52935.3  13762.5       .0     43.3     41.4     28.9
       .0     86.6     43.6     10.0  28783.3  29506.2
     -10.0      51.7       -.3      51.1
      -1.4      24.7       -.6      15.8
      -1.1      20.3       -.1      10.1
      -1.4      20.2       -.5       8.9
 60038  -.243541  -.852392  -.462727
  53584.6  13767.1       .0     43.3     41.4     28.9
       .0     86.6     42.5      7.6  28786.1  29853.4
     -11.1      55.5      -2.7      48.9
      -1.1      24.9       -.3      17.0
      -1.7      20.4       -.5      11.2
      -1.1      20.3       -.3       9.7
 60039  -.317480  -.833386  -.452409
  54704.5  13742.3       .0     43.3     41.4     28.9
       .0     86.6     41.4     57.7  29020.2  30379.1
      -9.9      54.4      -2.5      45.7
      -1.3      24.6       -.2      19.5
      -1.4      20.2       -.3      13.0
      -1.4      19.9       -.4      11.8
 60040  -.386057  -.810720  -.440105
  56005.0  13622.2       .0     43.3     41.4     28.9
       .0     86.6     41.4     57.7  30087.3  30990.4
      -8.7      51.3      -3.2      45.6
      -1.5      24.4       -.1      18.1
       -.8      20.0        .1      13.1
       -.8      20.1        .1      12.2
 60041  -.448787  -.785377  -.426348
  57797.3  13080.7       .0     43.3     41.4     28.9
       .0     86.6     41.4     57.7  31681.2  32771.0
     -10.7      55.6      -4.1      47.0
      -1.3      24.5       -.2      20.7
      -1.1      19.7        .0      15.1
      -1.1      19.5       -.1      13.7
 60042  -.505524  -.758286  -.411641
  59747.1  12319.3       .0     43.3     41.4     28.9
       .0     86.6     41.4     57.7  32486.4  33421.9
      -9.8      55.7      -4.4      42.9
      -1.2      24.3        .2      20.0
      -1.2      19.8        .2      15.1
       -.8      18.9        .1      14.3
 60043  -.556388  -.730259  -.396426
  61742.1  11704.3       .0     43.3     41.4     28.9
       .0     86.6     41.4     57.7  34274.2  35392.1
      -9.9      55.3      -3.2      45.2
       -.9      24.1        .4      21.9
      -1.5      19.5       -.1      17.0
       -.8      19.1        .3      15.5
 60044  -.601687  -.701968  -.381068
  64279.1  11327.5       .0     43.3     41.4     28.9
       .0     86.6     41.4     57.7  35162.6  36480.2
     -11.9      56.6      -4.5      41.1
      -1.1      23.9        .4      21.6
      -1.1      19.0        .4      17.0
      -1.2      18.2        .3      15.8
 60045  -.641844  -.673936  -.365851
  66875.7  10927.6       .0     43.3     41.4     28.9
       .0     86.6     41.4     57.7  37810.4  38862.2
      -8.9      56.1      -5.2      43.3
      -1.3      23.7        .4      23.5
       -.6      19.2        .5      18.4
       -.7      18.3        .5      16.8
 60046  -.677337  -.646549  -.350984
  69608.1  10397.5       .0     43.3     41.4     28.9
       .0     86.6     41.4     57.7  39116.4  40479.8
      -8.5      55.7      -3.1      40.2
      -1.4      23.7        .2      22.7
       -.8      18.3        .7      18.1
      -1.0      17.5        .4      17.1
 60047  -.708659  -.620076  -.336613
  72858.6  10025.6       .0     43.3     41.4     28.9
       .0     86.6     41.4     57.7  40734.3  41993.7
      -9.6      57.1      -3.8      40.1
      -1.2      23.4        .2      23.7
      -1.0      18.3        .4      18.8
       -.6      18.1        .5      18.0
 60048   .482910  -.845093  -.229382
 108430.8  14385.8       .0     43.3     41.4     28.9
       .0     86.6     41.4     57.7  65922.3  67955.9
     -10.8      51.7       9.9      52.6
      -2.0      23.6       3.0      21.7
      -1.4      18.6       2.6      14.1
       -.8      17.6       2.1      12.3
 60049   .451149  -.861285  -.233777
 106413.8  14164.4       .0     43.3     41.4     28.9
       .0     86.6     41.4     57.7  64676.6  66648.3
      -9.7      53.7       7.7      52.6
      -2.1      23.5       3.0      22.0
      -1.1      18.9       2.3      13.5
       -.7      18.0       2.0      11.3
 60050   .417577  -.876913  -.238019
 104912.6  14008.2       .0     43.3     41.4     28.9
       .0     86.6     41.4     57.7  63849.2  65385.0
     -12.3      52.8      11.7      60.8
      -1.5      24.1       2.5      21.1
       -.8      19.3       2.1      12.9
      -1.0      18.4       2.1      11.0
 60051   .382204  -.891810  -.242063
 103409.3  13661.4       .0     43.3     41.4     28.9
       .0     86.6     41.4     57.7  62407.3  63962.1
     -13.4      54.7      10.4      60.0
      -2.1      24.8       2.9      21.3
      -1.5      19.5       2.1      12.2
      -1.3      18.3       2.0      10.3
 60052   .345068  -.905804  -.245861
 101863.8  13456.3       .0     43.3     41.4     28.9
       .0     86.6     41.4     57.7  60326.2  62308.0
     -13.6      56.6       6.1      67.8
      -1.5      24.0       2.4      21.0
      -1.2      19.2       1.8      11.3
      -1.3      18.5       1.7       9.4
 60053   .306238  -.918714  -.249365
 100370.1  13288.4       .0     43.3     41.4     28.9
       .0     86.6     41.4     57.7  59930.1  61714.0
     -10.5      51.9       8.9      68.4
      -1.8      24.3       1.3      21.3
      -1.5      19.2       1.3      10.6
      -1.4      18.6       1.5       8.6
 60054   .265817  -.930361  -.252527
  99594.0  13204.5       .0     43.3     41.4     28.9
       .0     86.6     43.7      4.1  59738.9  61612.6
     -15.0      54.6      12.0      75.3
      -2.2      24.1       2.1      21.1
      -1.4      19.4       1.5       9.4
      -1.5      18.1       1.2       7.8
 60055   .223945  -.940570  -.255298
  98447.2  13069.2       .0     43.3     41.4     28.9
       .0     86.6     44.1     15.7  58374.3  60252.9
     -10.4      53.1      12.1      75.1
      -2.3      25.0       1.6      21.6
      -1.4      19.4        .8       8.6
      -1.2      18.5        .9       6.8
 60056   .180796  -.949177  -.257634
  97506.6  12979.2       .0     43.3     43.9      1.9
       .0     86.6     44.1     28.9  57957.4  59607.6
     -10.4      52.9       7.0      74.6
      -1.7      24.2       1.2      20.3
      -1.7      19.3        .8       7.3
      -1.7      18.1        .8       6.2
 60057   .136577  -.956038  -.259496
  97421.5  12892.1       .0     43.3     43.6     13.3
       .0     86.6     43.4     42.0  59655.1  60466.8
     -10.8      50.8       7.4      94.3
      -2.3      24.3       2.0      28.7
      -1.5      19.4        .7       6.1
      -1.4      18.6        .7       4.7
 60058   .091527  -.961030  -.260851
  96537.1  12699.7       .0     43.3     42.2     25.5
       .0     86.6     42.2     53.9  57253.5  58563.3
     -12.2      54.2       8.7     104.8
      -2.0      24.1       2.3      50.4
      -1.4      19.2       1.1      11.4
      -1.7      18.1        .2       3.5
 60059   .068771  -.962796  -.261330
  96693.6  12736.7       .0     43.3     44.8     22.8
       .0     86.6     44.8     51.1  57796.2  59279.4
     -10.6      52.2       9.5     107.7
      -2.4      24.1       2.4      47.4
      -1.9      19.3       2.3      12.5
      -1.8      18.5       2.1       4.7
 60060   .045908  -.964064  -.261674
  96377.4  12688.5       .0     43.3     44.5     16.7
       .0     86.6     44.5     45.2  58175.0  59178.3
     -14.2      54.3       7.5      98.8
      -1.9      24.1        .9      36.1
      -1.6      19.2       1.1       6.9
      -2.0      18.1        .8       4.1
 60061   .022972  -.964827  -.261882
  96526.7  12813.3       .0     43.3     44.5     12.4
       .0     86.6     44.6     38.9  56736.9  59037.5
     -12.8      51.9       8.1      89.2
      -2.7      24.1        .9      29.2
      -1.9      19.8        .7       6.7
      -1.6      18.6        .5       4.2
 60062   .000000  -.965081  -.261951
  95981.3  12791.0       .0     43.3     44.4      3.9
       .0     86.6     44.5     32.2  57210.0  59354.9
     -16.9      55.2       7.8      82.4
      -2.5      24.2        .7      23.1
      -1.7      19.4        .3       6.1
      -2.0      18.4        .4       4.8
 60063  -.022972  -.964827  -.261882
  96179.6  12686.6       .0     43.3     41.4     28.9
       .0     86.6     44.4     25.8  57229.0  58811.0
     -14.2      51.0       1.5      78.1
      -2.2      24.5        .1      22.4
      -1.7      19.4        .1       7.0
      -2.1      18.4        .0       5.3
 60064  -.045908  -.964064  -.261674
  96007.3  12689.0       .0     43.3     41.4     28.9
       .0     86.6     44.4     19.3  57168.0  58882.5
     -11.8      51.0       2.1      78.1
      -2.0      24.7        .0      19.3
      -1.7      19.4        .0       7.4
      -1.6      18.7        .0       5.7
 60065  -.068771  -.962796  -.261330
  96045.8  12777.8       .0     43.3     41.4     28.9
       .0     86.6     44.6     12.7  56082.2  58483.3
     -11.6      53.4       1.8      67.9
      -2.0      24.9        .1      20.2
      -1.5      19.4        .2       8.0
      -1.6      18.9        .1       6.3
 60066  -.091527  -.961030  -.260851
  96201.2  12837.5       .0     43.3     41.4     28.9
       .0     86.6     44.3      6.4  56929.2  58784.3
     -11.0      51.2       -.4      69.6
      -2.4      24.5        .0      18.3
      -1.5      19.8        .2       8.5
      -1.7      18.9        .1       6.6
 60067  -.136577  -.956038  -.259496
  96440.6  12835.7       .0     43.3     41.4     28.9
       .0     86.6     41.4     57.7  56766.7  58753.3
     -10.2      53.9       2.9      64.3
      -1.6      25.2        .6      17.4
      -1.6      19.6        .2       9.3
      -1.6      18.8        .1       7.3
 60068  -.180796  -.949177  -.257634
  96833.6  12868.9       .0     43.3     41.4     28.9
       .0     86.6     41.4     57.7  57559.5  59204.0
     -11.8      54.8       -.2      59.7
      -1.5      25.4        .3      18.7
      -1.0      19.6        .5       9.8
      -1.2      18.9        .4       8.2
 60069  -.223945  -.940570  -.255298
  97714.9  12944.6       .0     43.3     41.4     28.9
       .0     86.6     41.4     57.7  57286.9  59394.2
     -13.4      54.9       -.3      57.1
      -2.3      24.9        .0      18.2
      -1.6      19.5        .2      10.5
      -1.2      18.8        .5       8.7
 60070  -.265817  -.930361  -.252527
  98545.9  13134.7       .0     43.3     41.4     28.9
       .0     86.6     41.4     57.7  58732.1  60505.8
     -10.9      52.2      -2.2      58.1
      -1.7      25.2        .5      18.7
       -.9      19.5        .7      11.5
      -1.5      18.9        .4      10.0
 60071  -.306238  -.918714  -.249365
  99455.7  13308.6       .0     43.3     41.4     28.9
       .0     86.6     41.4     57.7  59828.9  61048.6
     -13.9      53.6      -4.9      51.5
      -1.5      24.7        .8      18.7
       -.9      19.6        .8      11.5
      -1.2      18.5        .7       9.8
 60072  -.345068  -.905804  -.245861
 101166.2  13408.3       .0     43.3     41.4     28.9
       .0     86.6     41.4     57.7  60258.4  62014.6
     -10.3      53.5      -5.1      50.2
      -1.7      24.9       -.1      19.6
      -1.6      19.9        .4      13.2
      -1.2      18.5        .6      11.2
 60073  -.382204  -.891810  -.242063
 102375.5  13580.2       .0     43.3     41.4     28.9
       .0     86.6     41.4     57.7  61529.9  63116.7
     -12.7      53.9      -4.2      46.6
      -1.5      23.9        .8      18.6
      -1.3      19.4       1.1      12.7
      -1.2      18.6       1.0      11.2
 60074  -.417577  -.876913  -.238019
 103860.6  13568.5       .0     43.3     41.4     28.9
       .0     86.6     41.4     57.7  62653.7  64222.2
     -10.6      51.1      -2.1      44.3
      -1.3      24.6        .8      20.5
       -.8      19.6       1.0      14.3
      -1.0      18.9        .7      12.9
 60075  -.451149  -.861285  -.233777
 105273.9  13402.4       .0     43.3     41.4     28.9
       .0     86.6     41.4     57.7  63861.1  65941.2
     -12.5      56.8      -4.7      44.7
      -1.3      24.2        .8      18.6
       -.8      19.1       1.3      13.6
      -1.0      18.8       1.1      12.5
 60076  -.482910  -.845093  -.229382
 107491.6  13550.3       .0     43.3     41.4     28.9
       .0     86.6     41.4     57.7  64303.2  65716.9
     -10.4      57.7      -2.6      42.8
      -1.7      24.4        .5      20.3
      -1.3      19.4        .7      15.4
      -1.0      19.0        .8      14.2
 60077   .337328  -.927651  -.160231
 156204.5  13575.2       .0     43.3     41.4     28.9
       .0     86.6     41.4     57.7 100340.6 102969.8
     -11.5      50.4       7.3      61.1
      -2.1      24.3       3.2      23.6
      -1.5      19.7       2.8      12.1
      -1.3      18.7       2.5      10.2
 60078   .312066  -.936198  -.161707
 154670.2  13606.5       .0     43.3     41.4     28.9
       .0     86.6     41.4     57.7  98292.7 102145.8
     -13.8      51.7      10.1      68.1
      -2.9      26.0       3.3      24.6
      -1.4      19.9       2.5      12.0
       -.9      19.3       2.2       9.9
 60079   .286124  -.944211  -.163091
 153641.7  13464.1       .0     43.3     41.4     28.9
       .0     86.6     41.4     57.7  98103.4 100863.7
     -15.8      56.3       8.3      70.6
      -2.2      25.3       3.1      24.4
      -1.6      19.7       2.4      11.0
      -1.5      18.6       2.4       9.0
 60080   .259539  -.951641  -.164374
 152328.9  13273.3       .0     43.3     41.4     28.9
       .0     86.6     41.4     57.7  97606.1 100588.3
      -7.2      47.1      11.6      74.9
      -2.1      25.8       3.3      24.7
      -1.4      19.9       2.1      10.9
      -1.8      18.8       2.1       8.5
 60081   .232349  -.958440  -.165549
 151596.3  13085.6       .0     43.3     41.4     28.9
       .0     86.6     41.4     57.7  96121.4  99338.2
     -14.0      54.8      12.2      80.4
      -2.2      24.9       3.7      25.5
      -1.4      20.1       2.0      10.0
       -.8      19.0       1.6       8.0
 60082   .204604  -.964562  -.166606
 150604.9  12988.5       .0     43.3     41.4     28.9
       .0     86.6     41.4     57.7  97013.7  99332.6
      -9.4      48.7       8.9      90.9
      -2.7      25.7       2.5      27.2
      -2.0      19.7       1.8      10.4
       -.9      19.2       1.5       7.8
 60083   .176357  -.969963  -.167539
 150118.7  12927.8       .0     43.3     41.4     28.9
       .0     86.6     44.1      2.5  95965.3  97864.3
     -12.4      49.8      10.7      83.8
      -2.9      24.3       2.6      28.7
      -1.8      19.9       1.6       8.6
      -1.4      19.3       1.4       6.9
 60084   .147667  -.974605  -.168341
 149317.6  12892.1       .0     43.3     41.4     28.9
       .0     86.6     44.0     14.4  95130.3  97825.6
     -15.0      57.8       4.6      94.3
      -2.5      25.6       1.9      27.9
      -1.6      19.8       1.1       8.9
      -1.7      19.0       1.1       6.2
 60085   .118600  -.978453  -.169006
 149444.3  12865.2       .0     43.3     41.4     28.9
       .0     86.6     44.1     27.9  95301.1  98173.1
     -13.0      50.3       8.7      97.8
      -3.2      24.5       1.6      30.2
      -1.9      19.6        .9       9.0
      -1.4      19.0        .6       5.8
 60086   .089225  -.981478  -.169528
 149164.5  13088.9       .0     43.3     43.8     12.6
       .0     86.6     43.5     41.2  94573.9  97156.7
     -13.4      51.8       2.1     112.0
      -2.8      25.2        .7      42.4
      -2.0      19.8       1.0      11.2
      -2.7      19.0        .9       5.4
 60087   .059616  -.983656  -.169904
 148570.5  12800.9       .0     43.3     42.6     25.2
       .0     86.6     42.6     53.4  94735.5  97353.4
     -14.7      50.2       9.5     116.8
      -2.4      24.7        .9      65.9
      -2.2      19.5        .7      21.0
      -2.2      19.1        .3       6.7
 60088   .044746  -.984421  -.170036
 148474.3  12810.0       .0     43.3     44.7     22.3
       .0     86.6     44.6     50.6  93819.3  97030.8
     -11.1      53.8       4.1     124.6
      -2.7      24.6       3.5      62.3
      -1.5      19.5       2.4      18.8
      -2.0      18.7       2.2       6.2
 60089   .029848  -.984969  -.170131
 148165.9  12724.1       .0     43.3     45.0     16.3
       .0     86.6     44.9     44.5  94271.1  96571.6
     -11.9      53.2      12.4     121.3
      -2.5      26.2       1.6      48.1
      -1.5      19.4       1.5      11.4
      -2.1      19.2       1.2       7.1
 60090   .014929  -.985299  -.170188
 148080.5  12754.2       .0     43.3     44.8      9.7
       .0     86.6     44.9     38.4  94947.3  97255.0
     -14.9      50.7      -2.4     111.6
      -3.0      25.2       1.5      37.8
      -1.8      19.8        .9      10.4
      -1.5      18.4        .8       4.5
 60091   .000000  -.985408  -.170207
 148045.5  12797.2       .0     43.3     44.8      3.2
       .0     86.6     45.0     31.4  94306.6  96628.3
     -12.1      50.7      13.9     103.3
      -2.7      24.7       1.7      34.5
      -2.1      20.1        .7       9.2
      -1.8      18.6        .5       4.8
 60092  -.014929  -.985299  -.170188
 147980.8  12876.5       .0     43.3     41.4     28.9
       .0     86.6     45.1     24.8  94749.0  97203.8
      -7.9      50.9       7.4      91.5
      -1.8      24.7        .6      29.4
      -1.7      19.9        .5       8.4
      -2.1      18.9        .2       4.8
 60093  -.029848  -.984969  -.170131
 148054.2  12751.7       .0     43.3     41.4     28.9
       .0     86.6     44.9     18.0  93949.8  97076.0
     -15.8      54.0       5.6      97.2
      -2.3      25.0        .2      29.3
      -1.3      20.1        .3       9.0
      -2.0      19.2        .2       5.0
 60094  -.044746  -.984421  -.170036
 148035.4  12796.8       .0     43.3     41.4     28.9
       .0     86.6     44.8     11.3  94042.7  96720.1
     -10.5      47.2       1.2      93.5
      -3.1      25.4        .0      27.7
      -1.8      19.9        .3       7.8
      -1.6      19.3        .3       5.7
 60095  -.059616  -.983656  -.169904
 147928.9  12804.3       .0     43.3     41.4     28.9
       .0     86.6     44.7      4.7  94146.3  97167.4
     -10.6      51.2       4.3      88.0
      -2.4      24.7        .3      24.9
      -1.8      19.9        .5       8.0
      -1.6      19.0        .5       5.7
 60096  -.089225  -.981478  -.169528
 148249.6  12762.1       .0     43.3     41.4     28.9
       .0     86.6     41.4     57.7  93765.1  96373.5
     -12.8      57.3      -1.5      84.0
      -2.2      24.8        .2      26.0
      -1.5      20.1        .4       8.7
      -2.0      19.0        .3       6.3
 60097  -.118600  -.978453  -.169006
 148403.8  12843.7       .0     43.3     41.4     28.9
       .0     86.6     41.4     57.7  95395.6  98145.0
     -14.1      50.0      -4.3      75.8
      -2.3      24.6        .5      22.6
      -1.5      20.3        .9       8.8
      -1.3      19.5        .7       6.9
 60098  -.147667  -.974605  -.168341
 148910.0  12958.5       .0     43.3     41.4     28.9
       .0     86.6     41.4     57.7  94572.0  97522.4
     -15.0      53.9       -.8      64.8
      -2.3      25.3        .5      23.1
      -1.1      20.4        .7       9.1
      -1.6      19.3        .4       7.4
 60099  -.176357  -.969963  -.167539
 149061.5  13079.5       .0     43.3     41.4     28.9
       .0     86.6     41.4     57.7  94332.2  96858.7
     -13.0      50.0       -.2      70.1
      -2.1      24.1        .3      20.7
      -1.8      20.2        .8      10.8
      -1.5      19.1        .8       8.0
 60100  -.204604  -.964562  -.166606
 149737.3  13135.3       .0     43.3     41.4     28.9
       .0     86.6     41.4     57.7  96561.1  98586.5
     -13.0      58.8      -5.0      67.7
      -2.1      25.2        .3      22.1
      -1.7      20.5        .7      10.4
      -1.0      19.2        .9       8.4
 60101  -.232349  -.958440  -.165549
 151003.6  13047.7       .0     43.3     41.4     28.9
       .0     86.6     41.4     57.7  96813.2  99312.5
     -15.1      53.2      -3.6      59.8
      -2.4      25.6        .3      23.1
      -1.4      20.2       1.0      10.4
      -1.3      19.7        .8       9.2
 60102  -.259539  -.951641  -.164374
 151644.5  13217.0       .0     43.3     41.4     28.9
       .0     86.6     41.4     57.7  96338.7  98964.6
      -8.4      57.1      -6.4      53.4
      -2.5      26.0        .6      20.7
      -1.4      20.0       1.1      11.0
       -.9      18.8       1.0       8.9
 60103  -.286124  -.944211  -.163091
 152816.0  13351.9       .0     43.3     41.4     28.9
       .0     86.6     41.4     57.7  97658.3 100472.7
     -11.0      56.5      -1.5      54.7
      -2.1      25.5        .3      20.7
      -1.3      20.1       1.0      11.8
      -1.4      19.8       1.1      10.3
 60104  -.312066  -.936198  -.161707
 153963.5  13314.6       .0     43.3     41.4     28.9
       .0     86.6     41.4     57.7  97549.1  99881.1
     -12.7      56.0      -7.5      50.9
      -2.7      25.8        .5      18.5
      -1.3      19.9       1.2      11.4
      -1.0      19.1       1.1       9.7
 60105  -.337328  -.927651  -.160231
 154848.5  13402.2       .0     43.3     41.4     28.9
       .0     86.6     41.4     57.7  97635.8 101203.0
      -8.9      47.8       -.6      46.8
      -2.0      24.8        .4      19.4
      -1.0      20.2       1.2      12.6
      -1.3      19.1       1.0      11.0
