Dot1_150x100_prd2012lk:dj0180b@-220V,3.8T@90d,274K,rhe=1.10,rhh=0.7, 0.65/1.30  
  9520   1  3.80  60   5  29   0  220.00  274.00    1.80 1.17200  2650.0    -.23   82.52  150.  100.  285.  3250.0    -.11   45.26    1.50    1.00     .85
 52201   .000000   .000000 -1.000000
  20479.5  15867.9       .4     43.1     40.5     17.3
       .4     86.2     41.6     44.5   6774.8   7174.6
      -3.3      70.1       5.4      43.8
       3.0      12.3        .7      14.7
       -.4       5.0       -.1      12.0
       7.3      10.1      -1.0      10.9
 52202   .000000  -.130455  -.991454
  20219.1  16014.1     -1.7     40.6     40.3     19.2
     -1.6     82.9     41.4     45.4   6121.9   6377.6
      -5.3      61.5       2.5      40.8
      -1.4       6.9        .5      14.5
      -1.2       5.0       -.6      12.6
      -1.8       5.0      -1.0      12.1
 52203   .000000  -.254493  -.967075
  20275.8  16366.2     -3.0     37.7     40.0     20.3
     -2.8     79.1     41.5     45.8   5765.6   6032.9
      -3.7      56.2       2.9      40.4
      -2.3      11.0        .8      15.1
      -3.2       8.8       -.4      12.8
      -3.1       8.8       -.9      13.0
 52204   .000000  -.367167  -.930155
  20618.1  16990.0     -4.6     35.5     39.8     20.9
     -4.1     75.1     41.6     45.8   5873.8   6110.7
      -6.5      54.0       4.4      42.1
      -3.6      15.6       1.2      15.3
      -4.1      13.2       -.3      13.4
      -4.4      13.2       -.8      13.6
 52205   .000000  -.465746  -.884918
  21264.1  17513.9     -6.1     33.3     40.0     20.9
     -4.9     70.5     41.9     45.5   5819.8   6125.6
      -7.7      53.9       4.5      41.1
      -4.4      19.0        .9      15.4
      -6.2      16.7        .0      13.6
      -6.5      16.8       -.4      14.2
 52206   .000000  -.549617  -.835417
  22397.5  17439.9     -7.7     31.2     40.3     20.2
     -5.7     65.3     42.6     44.4   6339.8   6776.6
     -10.2      55.0       4.4      41.4
      -5.0      23.2       1.6      15.0
      -6.8      19.9        .4      13.6
      -6.5      21.2       -.3      14.0
 52207   .000000  -.619644  -.784883
  23775.5  16402.3     -9.1     29.2     40.8     19.2
     -6.0     59.4     43.1     43.6   6327.6   6688.7
     -10.1      60.5       3.6      44.0
      -6.5      28.8       1.8      15.5
      -7.3      24.9        .7      13.5
      -8.4      26.8       -.6      13.3
 52208   .000000  -.677476  -.735545
  25267.2  15170.8    -12.3     32.1     41.6     18.2
     -6.3     52.6     43.9     42.6   6379.2   6794.0
     -10.7      65.1       4.8      43.6
      -7.7      34.1       1.8      15.6
      -8.5      29.0        .8      13.3
     -10.2      33.8        .0      13.2
 52209   .000000  -.724999  -.688749
  27001.8  14563.8    -19.1     41.9     41.5     17.5
     -6.8     46.2     44.6     41.4   6790.9   7434.7
     -14.7      70.2       4.8      46.5
      -9.3      40.1       2.3      15.5
     -10.5      34.4       1.4      13.2
     -11.6      37.9        .3      13.8
 52210   .000000  -.764030  -.645181
  29007.7  13973.9    -25.3     62.5     42.2     16.6
     -6.5     40.1     45.2     40.4   7440.1   8096.8
     -16.1      72.4       4.0      48.3
      -9.0      44.7       2.7      15.8
     -10.9      37.4       1.5      13.4
     -13.2      40.9        .2      13.5
 52211   .000000  -.796162  -.605083
  30902.9  13397.0    -34.6     82.7     42.6     16.2
     -6.9     34.8     45.7     39.3   7725.7   8349.4
     -12.9      72.6       5.0      44.8
      -8.7      44.6       2.6      15.1
     -11.5      39.5       1.1      12.7
     -14.3      42.4        .4      13.1
 52212   .000000  -.822730  -.568432
  32952.1  13038.0    -34.6     96.2     43.1     16.2
     -8.2     31.4     46.1     38.4   8224.4   8756.5
     -13.0      67.6       5.2      42.6
     -10.0      44.3       2.3      14.7
     -10.6      39.4       1.6      12.5
     -13.9      44.4        .3      12.0
 52213   .000000  -.844819  -.535052
  35167.7  12688.1    -49.0    114.3     42.8     16.2
     -9.8     32.0     46.7     37.6   8761.9   9647.4
     -14.0      64.7       4.6      50.4
      -9.2      42.6       2.9      15.5
      -9.0      39.7       2.2      12.6
     -14.9      46.1        .7      12.0
 52214   .000000  -.863297  -.504697
  37593.7  12370.6    -36.9    147.7     43.5     17.1
    -10.2     36.2     47.9     36.5   8888.0   9812.9
     -14.2      61.5       4.9      49.8
      -9.1      40.5       3.6      15.9
      -9.7      37.7       2.2      13.7
     -13.2      48.3       1.4      12.1
 52215   .000000  -.878853  -.477092
  39892.2  12420.9    -37.8    163.4     43.7     17.8
     -4.0     36.6     48.0     36.1   9151.7   9771.2
     -14.6      60.3       4.4      51.8
      -9.0      39.7       3.2      16.3
      -9.4      36.2       2.7      12.4
     -14.1      48.0       1.3      11.4
 52216   .000000  -.892036  -.451965
  42009.3  11925.0    -39.8    178.6     43.2     18.8
      7.1     34.9     48.3     35.3   9443.9  10612.9
     -14.0      58.6       4.7      52.4
      -8.2      39.1       3.6      15.5
      -9.9      37.0       2.9      12.0
     -14.4      50.2       1.4      11.1
 52217   .000000  -.903278  -.429057
  44578.9  11899.0    -48.9    196.9     43.4     20.3
      -.1     86.6     48.8     34.6   9498.0  10538.3
     -13.6      61.0       5.2      55.3
      -8.6      40.9       3.4      16.2
      -9.2      40.2       2.8      12.1
     -14.8      55.8       1.8      11.1
 52218   .000000  -.912924  -.408131
  46899.8  11834.1    -47.9    212.5     43.8     22.0
      -.1     86.6     49.2     34.4   9493.7  10787.3
     -14.0      61.2       4.4      54.4
      -8.8      40.9       3.8      16.4
     -10.6      41.2       3.0      11.8
     -15.1      60.8       2.3      11.8
 52219   .000000  -.921250  -.388972
  49638.1  11695.9    -42.9    235.4     43.7     22.4
      -.1     86.6     49.4     33.7  10246.4  11488.0
     -15.8      60.6       6.0      57.2
      -8.1      40.0       4.4      16.3
     -10.8      38.3       2.8      11.8
     -14.8      62.9       2.2      11.0
 52220   .000000  -.928477  -.371391
  51913.4  11555.6    -40.9    251.6     43.2     23.3
      -.1     86.6     49.6     33.2  10530.9  11500.6
     -13.1      61.9       6.2      55.2
      -8.6      40.2       4.1      16.7
     -10.3      38.9       3.4      12.2
     -17.5      63.5       2.1      10.8
 52221   .000000  -.934784  -.355218
  54489.8  11499.1    -31.2    268.4     43.1     24.7
      -.1     86.6     49.8     32.8  10066.8  11149.0
     -15.2      61.7       9.6      58.6
      -9.1      41.8       4.1      16.5
      -9.6      41.0       3.7      11.8
     -17.5      67.5       2.2      10.5
 52222   .000000  -.940315  -.340305
  56831.6  11541.4    -56.3    284.7     42.6     26.4
      -.1     86.6     50.0     32.2  10589.4  11716.6
     -15.3      61.4       8.1      60.3
      -9.2      43.0       4.0      17.0
      -9.1      42.7       3.7      12.1
     -18.1      73.3       2.7      11.4
 52223   .000000  -.945190  -.326520
  59585.5  11508.1    -44.6    307.4     43.6     27.3
      -.1     86.6     50.3     32.1  10506.5  11936.5
     -14.1      65.0       7.9      60.8
      -9.2      43.1       4.4      19.4
     -10.6      42.8       3.8      11.8
     -15.6      75.6       3.0      10.6
 52224   .000000  -.949506  -.313750
  61912.9  11347.5    -80.2    316.3     42.3     27.7
      -.1     86.6     50.5     31.6  10938.1  12439.2
     -14.2      61.1       5.7      63.5
      -9.0      41.7       4.4      18.0
     -10.8      42.9       3.8      11.8
     -18.1      78.7       2.8      10.2
 52225   .000000  -.953342  -.301892
  64431.2  11464.7    -65.7    339.6     42.7     28.9
      -.1     86.6     50.9     31.3  11488.7  13142.0
     -12.8      61.4       3.9      64.6
      -9.2      43.3       4.3      18.3
      -9.4      44.7       4.1      12.0
     -17.7      84.5       3.1      11.0
 52226   .000000  -.956767  -.290857
  67237.8  11328.0    -15.8    364.9     42.1     29.1
      -.1     86.6     51.1     31.1  11329.1  13248.3
     -15.9      63.2       7.9      66.4
      -9.1      45.4       4.6      20.1
     -10.1      47.6       4.3      12.2
     -20.1      89.3       3.3      11.8
 52227   .000000  -.959834  -.280567
  69808.4  11290.1    -39.1    380.5     42.1     30.0
      -.1     86.6     51.1     30.9  11354.5  13969.9
     -16.6      61.0       5.0      65.6
      -8.9      44.8       4.6      19.5
     -10.9      46.4       4.0      11.8
     -19.2      91.4       3.5      11.4
 52228   .000000  -.962593  -.270952
  72248.6  11319.0    -17.4    404.6     42.2     31.0
      -.1     86.6     51.3     30.6  11926.3  14174.2
     -15.8      63.8       4.3      60.2
      -9.8      44.7       5.0      19.7
     -10.9      45.7       4.2      11.3
     -18.2      93.9       3.4      11.0
 52229   .000000  -.965081  -.261951
  75119.3  11278.1    -35.5    421.9     43.1     31.1
      -.1     86.6     51.2     30.5  12044.0  14277.2
     -14.6      57.5       9.8      68.6
      -8.9      45.9       4.7      21.3
     -10.1      46.7       4.3      12.4
     -17.1      95.1       3.8      11.9
 52230   .000000  -.967333  -.253508
  77643.1  11326.1    -43.4    431.7     41.9     32.7
      -.1     86.6     51.8     30.3  12625.1  15493.8
     -15.0      60.3       6.3      64.3
      -9.8      47.4       5.2      20.6
     -10.0      48.9       4.5      11.4
     -21.0      97.3       3.7      13.0
 52231   .000000  -.969377  -.245576
  80277.4  11267.1    -70.6    451.5     41.5     35.2
      -.1     86.6     51.8     30.0  12304.5  14247.1
     -15.1      63.1       6.7      68.5
      -8.6      45.9       4.9      21.1
     -11.4      48.8       4.3      12.4
     -19.3      99.3       3.8      12.6
 52232   .000000  -.971238  -.238110
  82538.7  11281.7    -27.9    475.8     41.9     34.1
      -.1     86.6     51.9     29.9  12270.9  15921.4
     -16.1      62.3       9.5      70.8
      -9.7      44.9       4.9      23.1
     -10.4      48.2       4.8      12.0
     -18.0     100.6       4.1      12.6
 52233   .000000  -.972937  -.231072
  85527.3  11288.2    -93.9    480.0     40.6     34.3
      -.1     86.6     51.9     29.7  13552.2  16489.3
     -13.3      63.4       7.0      68.9
      -9.9      46.7       4.8      24.0
     -10.1      50.0       4.7      12.8
     -19.3      99.0       4.1      12.9
 52234   .000000  -.974491  -.224428
  87867.7  11228.2    -70.5    506.3     40.9     35.2
      -.1     86.6     51.9     29.5  13518.9  16330.7
     -14.3      60.0       7.5      72.1
      -9.5      47.1       5.1      22.9
     -11.1      51.3       4.7      13.0
     -19.8     101.7       4.3      13.8
 52235   .000000  -.975916  -.218146
  90490.5  11306.2     -3.5    532.8     41.7     35.3
      -.1     86.6     52.6     29.4  13677.8  16819.8
     -14.9      61.4       7.1      74.9
      -8.6      47.4       5.5      24.9
     -10.3      50.4       4.7      13.0
     -18.6     101.9       4.7      12.6
 52236   .000000  -.977227  -.212198
  93120.2  11280.7    -71.6    540.6     40.6     35.9
      -.1     86.6     52.4     29.4  14005.6  18289.9
     -14.0      62.4       9.5      74.5
      -9.3      46.4       5.8      24.9
     -11.9      50.4       4.7      12.2
     -20.2     102.7       4.3      12.4
 52237   .000000  -.978434  -.206558
  95919.6  11240.9    -42.7    565.8     40.8     36.1
      -.1     86.6     52.5     29.2  15044.3  18555.7
     -15.3      60.0       6.8      70.6
      -9.7      46.4       5.5      24.2
     -11.4      50.9       4.7      12.7
     -20.4      98.4       4.5      14.0
 52238   .000000  -.979549  -.201205
  98522.2  11306.5   -144.0    576.8     41.6     36.6
      -.1     86.6     52.4     29.2  14465.0  17184.2
     -16.5      63.5      11.4      70.2
      -9.9      48.9       5.6      24.1
     -10.8      53.6       4.9      14.0
     -19.0     103.3       4.6      13.3
 52239   .000000  -.980581  -.196116
 101235.6  11211.7   -122.8    590.1     40.5     37.8
      -.1     86.6     52.7     28.9  15002.2  19349.6
     -13.7      59.3       4.6      80.3
     -10.2      47.6       5.6      26.4
     -11.6      53.1       4.7      13.4
     -19.1     101.9       4.8      13.4
 52240   .000000  -.981537  -.191274
 103785.8  11292.9   -156.8    607.6     40.0     37.4
      -.1     86.6     52.6     28.8  16708.6  19760.8
     -16.0      60.7       8.2      78.0
      -9.6      47.6       5.7      26.9
     -11.8      52.4       4.7      12.7
     -19.2     103.1       4.6      13.9
 52241   .000000  -.982424  -.186661
 106425.2  11203.1    -27.6    635.0     42.3     38.6
      -.1     86.6     52.6     28.7  15822.3  18999.2
     -14.8      58.7       7.5      77.4
      -9.2      47.7       5.7      26.9
     -10.6      53.4       5.2      14.2
     -19.5     101.4       4.4      15.9
 52242   .000000  -.983250  -.182261
 109189.0  11271.7    -58.1    668.8     40.9     38.5
      -.1     86.6     52.9     28.5  16988.1  20532.2
     -14.6      59.2       6.8      78.8
      -9.8      49.9       6.0      28.0
     -11.3      54.1       5.1      13.4
     -20.3      98.9       4.9      14.4
 52243   .000000  -.984020  -.178061
 111720.5  11292.4   -274.6    629.7     39.9     38.6
      -.1     86.6     52.5     28.5  17420.7  21282.9
     -17.5      61.8       7.2      82.2
     -10.1      48.5       5.6      27.0
     -11.2      55.8       5.0      13.8
     -19.0     100.8       4.6      15.9
 52244   .000000  -.984737  -.174047
 114389.9  11285.3    -60.1    706.2     40.6     37.8
      -.1     86.6     52.6     28.4  17502.7  21557.0
     -12.7      59.8      12.0      81.8
     -10.1      47.5       5.3      27.2
     -12.0      54.1       4.8      13.7
     -21.6      97.2       4.5      14.5
 52245   .000000  -.985408  -.170207
 117054.5  11245.3     -4.5    725.2     40.9     39.3
      -.1     86.6     53.2     28.3  17415.2  21769.1
     -14.0      59.1       9.5      79.2
      -8.9      48.7       6.4      28.2
     -11.5      54.8       5.4      14.5
     -19.7     100.0       5.1      16.8
 52246   .000000  -.986036  -.166531
 119896.6  11260.4     81.2    733.9     40.1     40.1
      -.1     86.6     53.0     28.2  17768.7  22206.3
     -13.0      57.2       7.2      80.1
      -9.4      50.1       5.6      29.7
     -12.4      55.7       5.1      14.5
     -20.0      98.3       5.2      15.5
 52247   .000000  -.986625  -.163008
 122347.1  11274.4   -109.6    742.9     39.1     41.2
      -.1     86.6     52.9     28.1  17702.4  21386.1
     -13.5      60.2       3.5      78.6
     -10.9      48.6       5.9      28.5
     -11.2      55.5       5.2      15.3
     -21.2      98.6       5.3      17.6
 52248   .000000  -.987696  -.156385
 127947.0  11370.7     21.4    781.2     39.8     40.5
      -.1     86.6     53.1     27.9  20533.5  23342.9
     -10.3      60.3       7.4      81.5
     -10.3      50.0       6.2      31.2
     -12.0      56.0       5.0      14.8
     -20.6      95.7       4.6      16.8
 52249   .000000  -.988644  -.150274
 133108.0  11267.3   -149.5    820.8     39.9     40.4
      -.1     86.6     52.9     27.9  18750.4  23631.5
     -16.0      60.4       6.6      87.5
      -9.4      49.2       5.9      31.0
     -12.4      57.5       5.2      16.4
     -18.9      96.5       5.1      16.1
 52250   .000000  -.989488  -.144617
 138728.9  11355.6   -289.4    805.0     39.4     39.4
      -.1     86.6     53.4     27.8  19646.2  25250.2
     -14.0      61.2       5.9      87.9
     -10.0      49.0       5.8      30.8
     -12.6      57.8       5.1      14.5
     -17.9      97.1       5.2      17.8
 52251   .000000  -.990241  -.139367
 143568.6  11454.1   -127.9    906.4     38.5     39.8
      -.1     86.6     53.4     27.7  19008.8  26573.9
     -11.3      59.9      11.9      88.5
     -10.3      50.3       6.2      31.1
     -12.3      58.0       5.2      16.5
     -19.2      97.2       5.1      18.8
 52252   .000000  -.990916  -.134481
 149435.1  11359.7   -155.9    929.8     40.1     41.7
      -.1     86.6     53.5     27.7  21838.9  27386.0
     -17.2      59.1       6.9      90.9
      -9.1      47.7       5.9      32.8
     -12.5      55.3       5.7      16.4
     -19.4      92.7       5.5      19.3
 52253   .000000  -.991524  -.129924
 154397.8  11359.4   -372.8    874.5     40.2     40.9
      -.1     86.6     53.2     27.4  22733.5  26512.8
     -12.8      64.1      10.1      92.8
      -9.7      51.1       5.7      33.6
     -12.2      58.1       5.6      16.0
     -20.3      96.3       5.3      21.4
 52254   .000000  -.992073  -.125663
 160268.5  11339.3   -456.6    924.7     39.4     40.7
      -.1     86.6     53.6     27.2  23277.1  28953.5
     -16.7      58.6      12.3      89.3
     -10.3      48.9       6.5      34.8
     -10.9      56.4       5.5      16.9
     -16.7      88.6       4.9      18.9
 52255   .000000  -.992571  -.121670
 165456.1  11326.4    -82.5   1065.6     42.0     40.9
      -.1     86.6     53.6     27.2  24362.7  29227.8
     -17.5      60.9       4.5      91.2
     -10.6      50.9       5.7      36.1
     -12.5      57.3       5.6      18.0
     -17.8      93.1       5.6      19.5
 52256   .000000  -.993023  -.117921
 170823.1  11367.4   -302.2   1015.4     40.9     41.3
      -.1     86.6     53.8     27.1  27185.6  32352.7
     -11.5      56.3       6.1      89.5
     -10.2      48.8       6.3      35.6
     -12.1      56.9       5.6      18.3
     -15.6      89.5       5.3      21.6
 52257   .000000  -.993435  -.114396
 176095.0  11427.6   -106.6   1090.5     39.4     43.9
      -.1     86.6     53.9     27.2  25095.7  30534.2
     -16.6      58.9       8.4      92.5
      -9.8      50.8       6.1      37.0
     -12.9      60.4       5.6      18.2
     -15.8      90.5       6.1      22.3
 52258   .000000  -.993812  -.111073
 181086.3  11341.4     31.0   1103.7     39.6     47.1
      -.1     86.6     53.5     27.0  24640.0  29038.1
     -11.4      59.9       6.8      98.1
     -10.0      50.5       6.2      36.7
     -11.3      58.4       5.6      18.3
     -17.4      85.6       5.8      23.8
 52259   .000000  -.994158  -.107937
 186782.8  11479.2   -411.5   1115.7     39.3     42.7
      -.1     86.6     54.0     27.0  26995.2  33570.7
     -11.0      60.1       8.4      93.8
     -10.1      50.6       6.2      38.4
     -11.7      59.0       5.7      19.3
     -14.0      86.0       5.5      22.6
 52260   .000000  -.994475  -.104972
 191917.0  11398.4   -187.7   1129.9     38.7     43.4
      -.1     86.6     53.8     26.9  28505.5  32578.2
     -11.5      55.9       2.9      95.5
     -10.6      49.1       6.0      37.3
     -11.3      58.4       6.0      19.8
     -17.1      85.6       5.7      22.8
 52261   .903278   .000000  -.429057
  47499.9   9946.7       .0     42.9    224.5    112.2
       .0     85.7     41.3     57.7  15053.7  17732.7
      -2.7      85.1      20.7      66.5
        .6      41.3      13.0      39.4
       1.4      24.4      12.1      30.7
      -6.8      20.5      10.0      32.3
 52262   .887877   .000000  -.460082
  44166.2  10267.0       .5     42.7    212.6     96.8
       .5     85.7     41.3     57.7  17727.5  19417.1
       3.5      83.7      20.3      67.6
        .6      35.1      11.8      38.0
       2.1      17.7      11.0      29.8
      -2.1      12.8       9.9      30.1
 52263   .868777   .000000  -.495203
  40974.9  10775.2      -.1     42.8    203.5     33.2
       .0     85.8     41.3     57.7  17277.2  18422.8
       4.8      84.4      22.6      65.5
       -.6      35.8      11.6      36.1
      -2.4      22.4      10.4      28.0
      -1.2      10.3       9.1      26.9
 52264   .844819   .000000  -.535052
  37717.5  11623.3      -.3     43.0     41.3     28.9
      -.3     85.9     49.3      9.9  15813.9  17122.0
       1.4      85.0      18.4      63.3
      -1.3      32.1      10.1      35.5
       1.5      10.6       9.1      27.1
       -.5       5.0       8.3      26.1
 52265   .814421   .000000  -.580275
  34729.1  12601.5       .0     43.0     41.3     28.9
       .0     85.9     50.2     14.3  13526.0  14165.3
      -4.4      81.2      16.3      63.6
        .5      33.9       9.5      32.3
     -10.7      55.2       8.6      23.8
      -4.3       5.2       7.3      23.5
 52266   .775436   .000000  -.631426
  32157.4  14072.2       .0     43.0     41.3     28.9
       .0     86.0     50.3     21.4  13362.0  14041.1
       8.1      79.0      14.5      59.7
       1.0      25.2       8.0      30.7
      -2.0      45.0       7.0      23.5
      -1.0       5.0       5.3      22.5
 52267   .724999   .000000  -.688749
  29906.5  16180.2       .0     43.2     49.2      7.2
      -.1     86.0     50.1     30.1   9514.1  10358.3
       -.8      80.3      16.0      56.5
       1.0      26.5       5.9      26.4
      -1.8       7.7       6.4      18.3
     -42.3      71.9       5.9      16.2
 52268   .659438   .000000  -.751759
  27817.7  19534.7       .3     43.0     49.2     11.5
       .3     86.0     49.3     38.8  10071.4  10591.3
      -1.8      77.9      12.4      49.1
      -2.0      22.0       5.9      19.5
        .1      11.1       5.8      13.7
       3.5       7.1       5.7      11.6
 52269   .574426   .000000  -.818557
  26296.9  22350.1       .2     42.9     48.5     18.2
       .2     86.0     48.5     46.7   9404.1   9901.8
        .4      76.3      14.7      49.9
      -2.5      21.3       3.9      14.5
       3.7      12.1       4.0       9.8
      -3.4       5.0       3.9       8.2
 52270   .465746   .000000  -.884918
  25189.9  21472.3      -.1     43.1     47.0     25.0
      -.1     86.2     46.8     53.8   9024.6   9501.0
      -2.5      73.2      20.4      63.6
       -.2      23.2       1.1      11.3
        .5       5.0        .3       6.0
       2.1       5.0        .7       5.0
 52271   .331088   .000000  -.943600
  23519.2  20024.6       .2     42.9     45.8     26.1
       .2     86.1     45.7     54.9   8150.0   8811.7
      -4.2      74.9      14.5      69.4
       1.0      16.7       4.7      11.1
      -3.4      11.1       4.0       3.0
        .0       5.0       3.6       3.0
 52272   .254493   .000000  -.967075
  22611.4  19565.3       .0     43.1     44.2     23.7
       .0     86.2     44.1     52.4   7668.2   8086.5
      -4.1      77.4      10.9      58.0
      -1.7      14.8       4.2       9.8
       4.5      12.5       3.5       6.6
       3.9       5.0       2.7       5.9
 52273   .172799   .000000  -.984957
  21918.9  19055.9       .2     43.0     43.0     21.0
       .3     86.2     43.0     49.4   7328.9   7853.2
       3.7      78.3       7.3      53.0
       2.4      15.9       2.6      10.5
       -.4       5.0       1.5       8.5
        .1       5.0        .5       7.4
 52274   .087384   .000000  -.996175
  21032.7  17044.4      -.1     42.9     41.6     19.0
      -.1     86.1     42.2     47.0   6773.1   7363.5
        .1      76.1       7.4      44.8
       3.9      17.3       1.8      12.3
       -.1       5.0        .0      10.0
        .1       5.0       -.3       9.1
 52275   .000000   .000000 -1.000000
  20559.4  15835.4       .7     43.1     40.2     17.3
       .7     86.2     41.4     44.5   6703.9   7095.4
       6.5      74.4       2.9      41.8
       1.4      22.0        .5      14.7
      -2.7       8.7       -.5      12.0
        .4       5.0      -1.1      11.0
 52276  -.087384   .000000  -.996175
  20220.1  14221.2      -.1     43.1     39.6     15.7
      -.1     86.2     41.3     42.1   6358.7   6711.3
       2.2      71.8       2.5      41.6
       -.4      15.6        .2      17.6
      -5.0      12.6      -1.7      14.8
      -1.0       5.0      -2.8      14.4
 52277  -.172799   .000000  -.984957
  20251.1  12325.5      -.1     43.0     38.3     14.5
      -.1     86.1     41.1     39.4   6035.3   6306.9
      -3.2      76.8       -.7      41.8
        .0      18.1      -1.2      20.0
        .1       5.0      -2.5      18.4
      -3.8       5.0      -5.5      18.7
 52278  -.254493   .000000  -.967075
  20355.6  11856.7       .0     43.1     36.4     15.4
       .0     86.2     40.9     36.8   5697.8   5977.6
       5.9      72.5      -1.4      45.0
      -4.4      14.9      -3.3      23.9
      -6.5       9.6      -4.4      22.1
       1.6       5.0      -6.4      23.4
 52279  -.331088   .000000  -.943600
  20885.5  10624.6      -.1     42.9     28.0     22.8
      -.2     86.1     40.9     33.7   5709.2   5931.8
      -9.2      74.6      -2.4      51.4
       1.8      18.8      -4.4      27.5
      21.5      21.9      -5.9      25.1
        .0       5.0      -6.8      27.3
 52280  -.465746   .000000  -.884918
  21715.6   9485.2       .2     43.0      4.3     46.4
       .1     86.1     41.1     27.8   5682.7   5962.0
       -.4      78.6      -4.0      56.9
      -4.4      27.7      -3.8      31.4
      -1.0       7.7      -8.7      29.3
        .2       5.5      -9.3      30.9
 52281  -.574426   .000000  -.818557
  22658.1   8778.7       .8     43.2      4.2     74.1
       .7     86.2     40.8     22.0   5559.5   5776.0
      -3.4      79.5      -5.3      62.0
       3.0      21.0      -3.8      36.1
       1.7      18.1      -9.8      36.2
      -6.6      15.4     -20.6      38.1
 52282  -.659438   .000000  -.751759
  23338.6   8256.5       .4     43.1     14.9    101.6
       .3     86.1     40.6     17.2   5491.5   5629.1
      -6.5      81.7      -5.6      67.1
       -.1      23.9      -6.5      44.0
      -7.9      18.5     -13.4      44.1
        .1       5.4     -32.8      52.4
 52283  -.724999   .000000  -.688749
  24273.1   7815.0       .4     42.8     18.9    121.9
       .3     86.0     40.3     14.1   5467.1   5617.7
      -5.6      83.2      -4.5      73.5
       -.8      29.1      -9.1      51.1
       1.6       5.0     -22.1      54.8
        .9       5.0     -40.4      68.1
 52284  -.775436   .000000  -.631426
  24889.5   7488.2       .0     43.2     21.9    140.2
       .0     86.1     41.3     57.7   5499.8   5599.6
      -3.7      80.8      -7.6      79.2
       1.0      31.3     -13.3      61.0
       4.0      16.0     -30.5      70.9
       -.1      10.2     -44.5      87.9
 52285  -.814421   .000000  -.580275
  25891.3   7399.8       .3     42.9     18.4    157.7
       .2     85.9     41.3     57.7   5534.3   5698.3
       2.3      80.7      -7.2      83.4
       1.2      27.4     -18.9      71.6
      -3.8      22.8     -36.0      85.8
        .7      20.5     -45.7     106.4
 52286  -.844819   .000000  -.535052
  26763.9   7234.8      -.2     42.8     18.2    173.8
      -.1     85.8     41.3     57.7   5523.2   5689.6
       5.2      83.8      -6.0      82.7
      -2.6      35.0     -22.5      83.2
        .8      25.7     -43.7      97.5
       2.1      21.2     -46.1     124.1
 52287  -.868777   .000000  -.495203
  27627.7   7134.9       .1     42.8     22.8    190.4
       .1     85.7     41.3     57.7   5534.9   5698.3
       2.9      81.6      -8.6      89.9
       6.1      35.6     -27.3      94.0
      -1.8      15.4     -42.1     114.0
       1.4      21.0     -43.7     139.7
 52288  -.887877   .000000  -.460082
  28534.6   7042.0      -.2     42.8     18.6    207.2
      -.2     85.7     41.3     57.7   5618.2   5786.4
       -.6      82.3     -10.8      93.9
       2.1      39.0     -29.7     102.8
       7.6      23.0     -43.7     124.0
       3.8      14.9     -46.1     152.9
 52289  -.903278   .000000  -.429057
  29692.3   7008.3      -.1     43.0     12.3    221.3
      -.1     85.8     41.3     57.7   5596.5   5852.6
      -1.1      85.5     -12.7      96.7
        .5      45.8     -30.1     112.4
       7.5      28.8     -45.2     137.3
      -4.9      23.0     -43.6     160.0
 52290   .840060  -.367526  -.399028
  45021.3  10642.3     -7.5     70.1     93.2    175.5
     -1.0     37.6     41.3     57.7   8189.0   8736.4
      -7.6      61.2      18.1      69.4
      -4.0      29.5      12.2      44.2
      -4.3      24.0      10.8      39.8
      -2.9      26.3       6.9      63.8
 52291   .817505  -.390173  -.423616
  42662.8  11322.6     -9.4     65.7     99.4    149.2
     -1.0     39.3     41.3     57.7   8149.4   8943.4
      -7.6      61.5      16.3      69.8
      -4.6      30.8      11.8      43.1
      -4.1      24.6       9.6      36.8
      -3.2      25.1       8.4      52.6
 52292   .790440  -.414981  -.450551
  40389.1  11917.4     -7.8     53.1     73.3    117.6
     -1.4     40.5     37.7     30.5   8296.4   8904.9
      -7.9      62.5      15.4      65.4
      -4.3      31.1      10.9      39.0
      -4.7      24.7       9.7      32.3
      -4.0      25.0       7.9      39.5
 52293   .757796  -.442047  -.479937
  38312.6  12993.7     -6.1     44.9     52.1     83.4
     -1.5     42.0     45.8     25.6   8326.3   9197.3
      -9.7      62.6      18.3      65.7
      -4.8      32.2       9.5      36.6
      -4.1      26.8       8.6      30.7
      -3.8      28.6       7.7      31.7
 52294   .718269  -.471364  -.511767
  36241.2  14272.8     -3.9     27.1     36.0     62.0
     -1.6     43.5     48.3     21.8   9889.5  10894.5
      -8.8      64.6      17.5      63.2
      -5.8      32.7       8.7      33.6
      -5.1      26.8       7.7      28.1
      -3.9      28.4       6.4      28.9
 52295   .670317  -.502738  -.545830
  34019.3  15557.4     -3.2     23.3     30.2     40.3
     -1.3     45.2     48.7     24.5   9792.4  10815.0
      -6.6      60.5      12.0      59.5
      -5.2      33.4       6.8      32.0
      -5.2      26.7       6.5      26.4
      -4.4      27.4       5.5      27.2
 52296   .612205  -.535679  -.581595
  32635.5  17431.7     -3.3     25.0     45.8     16.4
     -1.5     46.1     49.0     30.9   8204.7   8953.2
      -9.9      64.1      12.2      57.0
      -5.3      33.4       5.7      27.3
      -5.7      26.5       5.2      21.5
      -4.9      27.4       5.2      20.7
 52297   .542159  -.569267  -.618061
  30987.7  18196.4     -2.2     24.9     48.1     15.5
     -1.7     47.0     48.6     38.4   8847.0   9716.4
      -8.7      62.9      11.8      50.7
      -6.1      33.6       5.8      20.8
      -5.5      26.0       5.3      16.6
      -4.3      28.1       5.7      15.2
 52298   .458673  -.602008  -.653609
  29816.2  17314.5     -2.1     24.6     48.0     18.7
     -1.7     47.1     48.2     46.0   8433.8   9233.3
     -11.3      64.1      11.4      54.0
      -6.7      33.7       3.9      15.9
      -5.9      26.0       3.4      12.1
      -4.7      28.0       3.9      10.6
 52299   .361020  -.631785  -.685938
  29236.1  16450.2       .3     20.7     47.0     24.9
     -1.6     46.3     47.2     53.4   8287.6   8993.1
     -12.5      63.4      13.5      62.5
      -7.4      32.8        .9      14.7
      -5.3      25.1       -.3       7.2
      -4.8      25.7       1.0       6.3
 52300   .249898  -.655981  -.712208
  28010.6  15852.0     -8.8     22.9     45.6     25.8
     -4.2     47.6     46.0     54.3   7287.7   7982.3
     -12.3      62.8      11.5      68.1
      -7.4      32.1       4.8      11.3
      -7.3      25.5       4.6      11.5
      -8.1      26.4       3.7       3.1
 52301   .190037  -.665130  -.722141
  27271.8  15592.5    -13.2     25.5     44.9     23.3
     -6.0     48.5     45.6     51.3   6993.9   7683.3
     -12.3      64.1       9.8      63.9
      -8.3      32.6       6.2      12.2
      -7.7      25.7       5.0       7.9
     -10.1      28.3       3.5       6.7
 52302   .127982  -.671905  -.729496
  26650.9  15463.3    -13.4     27.4     43.7     20.8
     -6.2     49.7     44.9     48.0   6860.5   7301.0
     -12.6      65.6       6.9      58.1
      -8.7      33.3       4.1      12.5
      -8.4      27.1       3.2       9.6
     -10.0      30.4       1.9       8.8
 52303   .064388  -.676070  -.734019
  26018.2  15322.1    -13.2     30.6     42.5     19.1
     -6.3     51.3     44.3     45.0   6501.6   6949.9
     -11.6      66.6       4.9      48.3
      -7.7      33.8       2.9      13.5
      -9.0      28.8       1.9      11.3
      -9.7      31.8       1.0      11.1
 52304   .000000  -.677476  -.735545
  25260.6  15220.9    -12.7     31.6     41.2     18.0
     -6.3     52.5     43.7     42.5   6221.0   6757.6
     -10.5      66.4       4.3      42.9
      -7.8      34.0       1.9      15.5
      -8.8      29.5        .5      13.2
     -10.1      32.7       -.1      13.2
 52305  -.064388  -.676070  -.734019
  24883.9  15176.5    -12.1     32.4     39.4     18.7
     -6.3     54.0     43.5     40.0   6198.0   6450.3
     -10.5      65.6       2.3      43.7
      -8.4      34.6        .6      17.9
     -10.0      29.9       -.2      16.2
     -10.5      34.1      -1.7      16.9
 52306  -.127982  -.671905  -.729496
  24668.8  15058.0    -11.3     34.1     36.4     21.1
     -6.2     54.4     42.9     37.7   5817.7   6115.0
     -11.2      66.4       1.6      44.2
      -8.2      35.0       -.8      20.4
      -8.6      30.3      -1.4      19.6
     -11.6      33.7      -4.3      21.6
 52307  -.190037  -.665130  -.722141
  24634.3  14483.6    -10.9     33.1     29.5     28.5
     -6.0     55.1     42.9     35.3   5895.5   6205.5
     -12.8      67.4      -1.6      45.5
      -7.2      35.8      -1.7      23.9
      -9.0      30.9      -3.3      22.3
     -11.0      33.8      -4.0      26.1
 52308  -.249898  -.655981  -.712208
  24635.2  13212.4    -10.6     34.2     22.3     40.0
     -5.8     55.4     42.9     33.5   5920.5   6154.9
     -10.8      66.3      -1.8      48.8
      -8.2      36.3      -3.5      27.5
      -8.8      32.0      -4.2      25.2
     -10.6      34.8      -3.4      28.9
 52309  -.361020  -.631785  -.685938
  24653.0  12096.6    -11.4     40.4     18.8     59.3
     -5.1     55.3     42.2     31.2   5755.8   5986.8
     -10.6      65.7      -1.9      53.6
      -5.1      35.0      -2.4      32.1
      -9.2      33.2      -6.3      30.1
     -12.9      37.9      -5.5      31.9
 52310  -.458673  -.602008  -.653609
  25050.3  10891.5    -16.5     49.2     15.7     72.7
     -5.3     54.5     40.6     31.8   5678.4   5837.5
      -7.1      63.9      -3.8      57.8
      -5.5      35.2      -3.6      37.2
      -7.7      33.2      -7.2      36.1
     -17.2      41.0     -12.8      40.5
 52311  -.542159  -.569267  -.618061
  25826.9   9956.7    -15.8     57.2     15.6     94.4
     -5.3     53.9     38.7     36.2   5591.6   5801.8
      -7.0      62.7      -4.5      66.2
      -4.6      33.8      -4.6      43.5
      -6.3      32.1      -9.9      45.4
     -16.1      39.6     -17.7      57.1
 52312  -.612205  -.535679  -.581595
  26343.2   9198.6    -14.8     62.8     14.1    119.4
     -5.0     53.9     28.1     46.9   5600.1   5756.5
      -5.1      61.1      -4.6      73.7
      -4.4      32.6      -7.2      53.8
      -8.9      31.4     -15.1      57.7
     -14.2      37.4     -20.5      73.9
 52313  -.670317  -.502738  -.545830
  26938.6   8719.4    -16.1     66.2      5.8    141.1
     -5.9     53.3      5.5     67.1   5673.7   5885.6
      -4.5      58.9      -3.4      78.2
      -5.1      34.8      -9.8      64.8
     -10.3      35.6     -19.2      74.5
     -19.4      41.0     -26.1      91.2
 52314  -.718269  -.471364  -.511767
  27881.0   8286.8    -13.4     69.0     14.7    161.2
     -5.6     52.6    -10.6     78.7   5598.2   5800.3
      -6.6      57.8      -8.6      79.9
      -6.1      34.7     -12.1      73.6
     -13.5      38.2     -28.0      91.1
     -21.7      48.1     -29.7     106.7
 52315  -.757796  -.442047  -.479937
  28651.1   8026.2    -12.5     70.9     17.4    177.4
     -5.2     51.8      8.1     75.1   5650.2   5947.0
      -4.0      58.5      -6.1      86.7
      -6.9      35.7     -16.4      83.1
     -16.2      42.1     -27.6     101.8
     -21.4      55.2     -32.9     124.3
 52316  -.790440  -.414981  -.450551
  29230.3   7694.0    -13.4     72.5      7.1    191.8
     -5.0     50.4     17.6     58.6   5604.7   5857.1
      -4.5      57.8      -6.5      89.6
      -9.2      38.1     -19.9      95.0
     -16.6      45.8     -35.8     113.5
     -20.9      60.0     -34.7     137.7
 52317  -.817505  -.390173  -.423616
  29884.5   7706.4    -12.5     73.4      6.4    208.0
     -4.6     49.8     29.9     47.8   5748.2   5922.3
      -5.4      58.4      -9.6      91.9
      -9.4      41.6     -22.0     104.8
     -16.9      51.3     -32.4     126.1
     -21.3      64.5     -38.9     148.4
 52318  -.840060  -.367526  -.399028
  30620.4   7494.3    -10.7     74.6     14.0    225.9
     -4.9     48.4     41.3     57.7   5717.4   5894.7
      -6.5      58.3     -10.3      98.2
      -9.7      46.9     -23.9     118.0
     -17.9      55.5     -31.8     135.8
     -21.1      66.7     -39.8     155.8
 52319   .708659  -.620076  -.336613
  52211.5  12704.9   -116.7    129.7    169.0    143.0
     -6.1     13.8     41.3     57.7   9982.9  10902.3
     -10.3      57.5      17.1      67.3
      -4.0      37.0      10.7      43.5
      -4.3      34.6      11.1      38.4
       -.8      58.9       7.5      57.1
 52320   .677337  -.646549  -.350984
  51089.0  13209.3   -136.5    106.5    181.9    114.9
      -.1     86.6     41.3     57.7   9607.7  11036.5
     -11.5      57.2      17.5      66.4
      -4.1      36.0      10.5      41.2
      -4.4      33.8      10.4      36.4
      -2.5      47.8       8.2      47.3
 52321   .641844  -.673936  -.365851
  49481.5  13668.6   -112.9    127.5    152.4    116.8
     -1.7     19.4     41.3     57.7   9992.9  12338.7
     -10.8      58.7      14.9      62.6
      -4.7      35.3      10.8      37.7
      -4.5      33.1       9.4      32.6
      -5.1      40.1       8.2      36.5
 52322   .601687  -.701968  -.381068
  47896.7  14085.9    -56.6    187.1     90.0    136.8
     -6.5     29.6     43.8     15.1  12850.0  15808.2
      -9.8      58.8      13.8      63.0
      -5.2      36.4       8.7      36.1
      -5.7      34.5       8.3      30.1
      -4.4      42.6       5.8      31.8
 52323   .556388  -.730259  -.396426
  46514.9  14057.0    -35.8    181.0     52.7     74.3
      3.3     23.3     47.1     17.1  12546.7  16189.5
     -11.8      57.0      17.1      61.0
      -4.9      37.1       7.2      33.1
      -5.8      35.1       6.6      26.4
      -5.0      42.3       5.1      28.1
 52324   .505524  -.758286  -.411641
  44981.8  14033.8    -17.7    168.9     44.8     58.0
      1.7     26.2     48.5     19.4  12254.2  15155.2
     -10.4      58.6      11.7      58.0
      -5.2      37.0       6.7      29.5
      -5.3      35.5       5.4      24.0
      -4.6      41.1       4.7      26.5
 52325   .448787  -.785377  -.426348
  44015.3  13723.3    -56.5    135.4     47.9     31.2
     10.6     37.6     49.3     25.4  10611.3  12024.7
     -12.5      58.9      11.6      54.6
      -5.3      37.1       5.1      26.1
      -5.6      34.2       4.3      20.7
      -5.2      42.0       3.5      21.1
 52326   .386057  -.810720  -.440105
  43432.1  13216.8    -56.0    165.0     48.5     15.6
      3.1     27.9     49.6     33.9  11140.1  12916.6
     -11.7      58.9      10.9      57.1
      -6.1      36.6       4.6      21.0
      -5.5      33.5       3.9      16.7
      -4.5      41.2       4.3      16.4
 52327   .317480  -.833386  -.452409
  43017.5  12988.4    -74.1    166.8     49.2     16.7
     10.4     39.6     49.3     43.0  11707.0  13800.2
     -11.0      58.0       8.8      58.1
      -6.4      36.1       3.7      18.9
      -4.8      34.0       2.7      13.8
      -4.3      41.1       2.3      12.8
 52328   .243541  -.852392  -.462727
  43049.8  12645.6    -75.5    143.2     48.8     23.8
     29.3     24.1     49.1     51.9  13394.6  15658.4
     -11.8      59.9      13.5      71.8
      -5.9      34.7        .6      18.2
      -5.5      32.1      -2.0       8.9
      -3.1      37.3      -2.2       7.6
 52329   .165103  -.866792  -.470544
  42524.2  12392.9      9.1    157.0     47.3     24.6
     -2.2     43.3     47.8     52.8  10958.7  13742.0
     -13.1      57.8      11.5      85.0
      -7.6      35.9       7.7      29.4
      -7.3      32.0       5.3       5.9
      -9.3      38.0       3.6       3.4
 52330   .124573  -.872008  -.473376
  41884.5  12345.3    -21.8    161.5     47.5     21.5
    -17.2     35.0     48.6     49.0  10796.7  12484.8
     -12.8      57.3      14.9      71.2
      -8.0      35.7       7.0      20.2
      -8.8      32.4       7.2       8.9
     -12.8      39.9       5.6       8.0
 52331   .083409  -.875791  -.475429
  41113.3  12238.4    -54.1    158.6     46.7     18.7
    -31.1     36.4     48.4     44.5  10288.5  11418.6
     -14.3      59.0       8.0      64.6
      -8.3      36.3       5.6      15.8
      -8.9      33.2       4.9      10.1
     -13.4      43.7       3.6       8.9
 52332   .041814  -.878085  -.476675
  40366.5  12201.2    -28.6    166.6     45.6     17.2
    -17.2     39.1     48.1     40.2   9170.9  10203.0
     -12.6      56.9       5.8      53.9
      -7.9      37.5       4.3      15.6
     -10.2      35.5       3.4      11.2
     -14.0      46.9       2.5      10.2
 52333   .000000  -.878853  -.477092
  39676.5  12212.3    -48.6    171.6     43.6     18.9
     -2.4     37.5     47.8     36.1   9291.0  10293.0
      -9.5      60.3       5.6      49.5
      -8.8      38.6       3.5      15.8
     -10.5      37.1       2.1      12.3
     -14.0      48.8       1.2      11.7
 52334  -.041814  -.878085  -.476675
  39359.1  12273.8    -39.5    153.4     39.6     22.0
     -8.6     38.5     47.8     32.1   8596.8   9394.9
     -14.3      60.0       4.0      48.8
      -8.8      40.7       1.8      16.9
     -10.6      37.9       1.0      14.0
     -14.7      48.9        .4      14.3
 52335  -.083409  -.875791  -.475429
  38746.9  12173.2    -19.7    143.3     34.5     30.4
     -4.6     43.0     47.7     28.0   8013.4   8704.4
     -10.8      61.1       2.8      48.0
      -8.2      40.4        .9      18.5
      -9.4      39.3       -.1      15.7
     -14.9      50.0      -1.8      18.3
 52336  -.124573  -.872008  -.473376
  38283.4  12279.4    -41.9    142.5     26.7     41.6
     -6.1     41.2     47.4     24.9   8072.3   8767.7
     -12.2      59.1       1.5      47.2
      -7.8      41.7        .1      21.7
     -10.5      41.0      -2.0      19.0
     -13.4      51.2      -3.0      23.4
 52337  -.165103  -.866792  -.470544
  38165.3  12332.2    -62.7    151.3     19.9     50.3
     -7.3     42.0     47.2     22.2   8269.6   9125.2
     -12.6      63.1       2.1      46.5
      -8.4      43.5       -.5      24.5
     -11.0      40.6      -2.8      21.6
     -13.9      54.6      -3.9      26.2
 52338  -.243541  -.852392  -.462727
  37737.5  12394.0    -87.9    154.2      6.7     56.7
     -4.2     31.4     45.5     20.2   7648.3   8456.2
     -14.3      63.6       -.2      49.1
      -7.5      43.6       -.3      27.4
      -9.8      43.4      -2.7      25.7
     -15.9      63.2      -6.8      31.5
 52339  -.317480  -.833386  -.452409
  38023.6  12534.0    -69.0    154.0      5.8     73.6
     -3.4     39.7     44.2     20.1   6548.9   7196.2
     -12.2      62.6      -1.0      51.6
      -7.4      44.1      -1.7      31.8
      -8.2      44.5      -2.6      30.1
     -14.8      64.1      -7.3      37.5
 52340  -.386057  -.810720  -.440105
  38247.1  12196.1     -9.7    147.9     32.4    116.2
      1.0     27.7     39.4     24.4   6429.2   6891.7
     -11.9      63.8      -1.3      53.5
      -7.5      44.3       -.9      36.2
      -9.1      43.4      -4.1      35.5
     -15.8      64.6     -10.5      50.0
 52341  -.448787  -.785377  -.426348
  38316.6  12034.8      6.7    149.5     48.2    146.5
     -5.5     31.1     41.3     57.7   6540.1   6985.1
     -11.3      65.7      -3.0      59.3
      -8.2      47.4      -2.4      44.3
      -9.4      49.4      -4.6      43.8
     -18.6      78.4     -13.1      71.2
 52342  -.505524  -.758286  -.411641
  38291.8  11161.9    -12.0    155.7     27.3    162.7
     -1.3     32.6     41.3     57.7   7088.2   7534.8
     -11.0      68.7      -1.8      65.5
      -8.0      53.1      -2.5      51.4
     -13.7      58.0      -9.1      53.5
     -23.4      94.2     -17.5      87.2
 52343  -.556388  -.730259  -.396426
  37779.9  10536.4    -11.3    156.6     28.1    175.5
     -4.3     31.4     41.3     57.7   6650.7   7043.8
     -11.6      70.1      -3.9      71.7
      -8.5      57.3      -3.0      58.4
     -16.4      71.6     -12.4      68.9
     -30.4     108.7     -25.8     100.3
 52344  -.601687  -.701968  -.381068
  37819.4  10239.4    -12.0    155.5     24.5    183.7
    -26.2     48.5     41.3     57.7   6611.8   6948.3
      -9.3      68.5      -3.9      74.1
     -10.1      65.1      -6.1      67.7
     -16.4      83.7     -13.8      82.9
     -37.5     120.4     -32.8     113.6
 52345  -.641844  -.673936  -.365851
  38533.8   9758.8    -21.8    149.3      9.6    184.6
     -7.2     43.4     41.3     57.7   6413.5   6734.3
      -9.3      72.9      -3.4      77.8
      -7.7      67.5      -4.6      73.0
     -17.6      88.7     -16.4      91.0
     -39.5     132.4     -36.3     129.2
 52346  -.677337  -.646549  -.350984
  39408.0   9316.2    -15.9    147.2     16.4    192.7
    -12.8     52.5     41.3     57.7   6171.6   6401.8
      -6.5      65.8      -3.1      72.4
      -7.5      67.1      -5.4      75.6
     -18.9      95.3     -21.7     102.2
     -40.4     130.5     -38.9     139.0
 52347  -.708659  -.620076  -.336613
  39845.3   8899.6    -21.7    148.6       .8    204.5
     -3.0     57.3     41.3     57.7   6048.1   6374.3
      -7.7      69.8      -5.4      77.8
     -11.3      70.3     -12.4      84.1
     -18.5      96.0     -24.6     114.9
     -30.4     123.1     -29.1     153.5
 52348   .482910  -.845093  -.229382
  77532.5  12786.7    -96.4    413.7     88.6    178.2
      -.1     86.6     41.3     57.7  12132.9  13856.2
      -9.0      62.5      17.4      59.7
      -3.8      50.1      10.5      37.0
      -3.5      55.3      10.2      34.0
      -2.7     104.2      11.0      65.8
 52349   .451149  -.861285  -.233777
  76541.0  12694.1   -137.9    393.0     95.1    152.3
      -.1     86.6     41.3     57.7  10633.2  12106.2
      -9.1      62.4      14.2      60.7
      -4.4      51.0      10.5      36.6
      -4.0      55.6       9.1      35.0
      -4.6     108.5      10.5      64.3
 52350   .417577  -.876913  -.238019
  76089.1  12543.2   -131.9    363.1     76.5    130.9
      -.1     86.6     41.3     57.7  10723.2  11252.3
      -7.4      64.2      13.4      60.0
      -3.1      50.9       8.7      34.1
      -2.5      55.5       7.5      29.4
      -5.8     107.7      10.8      56.8
 52351   .382204  -.891810  -.242063
  75530.2  12194.4   -210.1    310.9     82.2    109.5
      -.1     86.6     41.3     57.7  10754.2  11622.8
     -11.7      62.4      11.8      60.1
      -6.1      50.7       7.8      30.4
      -6.6      55.3       6.9      26.1
      -2.9     106.8       5.9      40.3
 52352   .345068  -.905804  -.245861
  74841.9  12079.7   -253.0    326.6     79.1     97.5
      -.1     86.6     46.5      7.6  10735.8  12056.0
      -8.9      64.6      11.8      61.0
      -3.9      50.9       6.8      28.7
      -2.9      54.4       5.9      22.4
      -3.9     110.5       5.8      32.4
 52353   .306238  -.918714  -.249365
  75192.4  11907.4   -212.7    381.3     61.2     77.8
      -.1     86.6     49.6     10.7  11014.0  12703.4
     -11.4      63.1      12.1      64.5
      -5.1      47.2       6.5      26.4
      -4.4      51.8       5.1      21.0
      -1.1     103.5       3.6      23.8
 52354   .265817  -.930361  -.252527
  75664.5  11717.6   -197.5    383.8     53.7     59.6
      -.1     86.6     51.0     17.4  11801.8  12844.5
     -10.4      58.2       8.5      63.2
      -4.5      47.0       4.3      24.7
      -3.5      50.3       3.2      16.1
      -2.9      99.6       3.0      17.0
 52355   .223945  -.940570  -.255298
  76243.6  11583.8   -283.4    321.2     51.7     37.7
      -.1     86.6     51.5     27.6  12600.2  14982.0
      -8.9      62.2       9.3      64.5
      -5.0      45.6       3.7      23.1
      -4.6      46.6       2.5      15.5
      -1.4      92.3       3.5      16.0
 52356   .180796  -.949177  -.257634
  77221.3  11444.4   -373.3    227.0     50.9     18.9
      -.1     86.6     51.6     39.0  12808.9  16561.0
     -13.1      60.3      11.6      71.6
      -5.5      43.0       3.2      24.6
      -5.0      44.2       2.0      14.3
        .9      76.4       1.5      13.6
 52357   .136577  -.956038  -.259496
  78721.9  11492.5   -384.8    199.1     50.9     22.8
      -.1     86.6     51.3     50.1  16284.4  20889.2
     -14.8      61.1       7.3      90.6
      -5.3      40.3       1.9      36.8
      -4.7      39.3      -2.1      13.8
      -1.6      55.8      -3.5      10.8
 52358   .091527  -.961030  -.260851
  78424.5  11336.5    -68.1    404.7     48.3     23.8
      -.1     86.6     48.9     51.3  16252.3  22034.6
     -12.2      57.1      10.5      97.3
      -8.3      39.2       6.2      44.1
      -7.0      38.3       6.2      15.9
     -10.7      56.3       4.3       9.0
 52359   .068771  -.962796  -.261330
  77863.1  11273.4    217.2    332.0     49.5     20.8
      -.1     86.6     51.0     47.0  17081.4  21234.8
     -14.4      63.1       6.1      87.2
      -8.0      41.2       8.5      38.5
      -9.2      39.5       8.2      15.1
     -15.8      63.9       8.3      11.5
 52360   .045908  -.964064  -.261674
  77025.9  11216.3     43.0    448.1     49.0     20.1
      -.1     86.6     51.5     41.7  14895.0  18456.4
     -16.9      63.2       7.7      79.7
      -8.8      41.8       6.4      28.9
     -10.2      40.9       6.5      13.5
     -19.2      78.0       6.1      10.6
 52361   .022972  -.964827  -.261882
  75881.4  11317.3    -62.9    416.7     47.2     22.5
      -.1     86.6     51.5     36.0  12170.3  14477.0
     -16.6      62.2      10.5      73.0
      -9.0      43.4       5.9      24.7
     -10.5      44.5       5.2      12.3
     -18.8      87.0       4.6      10.7
 52362   .000000  -.965081  -.261951
  74897.2  11276.1    -91.2    417.6     42.0     31.8
      -.1     86.6     51.3     30.5  12697.6  14710.1
     -15.5      63.2       8.4      64.8
      -8.3      45.5       4.8      19.7
     -10.4      47.2       4.3      12.3
     -18.3      96.8       3.5      11.1
 52363  -.022972  -.964827  -.261882
  73843.9  11362.9    -79.8    416.4     36.0     44.4
      -.1     86.6     51.4     25.2  11684.6  13023.6
     -13.8      62.5       7.2      67.2
      -8.8      46.2       3.7      19.3
     -12.1      49.2       3.0      12.6
     -19.3     104.0       3.0      13.2
 52364  -.045908  -.964064  -.261674
  73149.2  11355.9    -20.5    418.7     33.1     52.0
      -.1     86.6     51.5     19.6  10490.4  12219.5
     -13.4      63.9       3.6      58.8
      -8.6      48.4       3.0      20.1
     -10.5      51.5       2.3      12.7
     -20.4     108.2       1.7      14.9
 52365  -.068771  -.962796  -.261330
  72112.4  11366.8   -104.8    404.4     25.1     60.8
      -.1     86.6     51.2     14.8  11023.9  12118.9
     -14.5      63.5       7.8      59.6
      -9.2      50.7       3.1      20.8
      -9.9      55.5       2.3      14.6
     -20.2     115.4       1.5      18.2
 52366  -.091527  -.961030  -.260851
  71504.5  11309.4   -116.7    407.2     23.2     67.8
      -.1     86.6     50.7     10.9  10297.6  12033.9
     -11.8      63.9       4.9      54.0
      -8.1      51.3       3.2      21.4
      -9.5      57.3       1.8      16.6
     -20.1     116.5        .2      21.9
 52367  -.136577  -.956038  -.259496
  70073.8  11454.5   -118.7    399.9     11.1     84.3
      -.1     86.6     48.6      8.1   9629.0  10748.3
     -12.7      66.4       4.6      55.1
      -9.8      55.4       2.2      22.5
     -11.9      64.2       1.2      21.6
     -19.4     126.8        .0      33.3
 52368  -.180796  -.949177  -.257634
  69099.5  11604.1    -48.8    364.4      8.9    100.2
      -.1     86.6     41.3     57.7   9597.1  10176.6
     -11.7      68.0       2.5      53.7
      -8.0      55.9       2.3      25.9
      -8.4      65.4        .9      24.5
     -20.2     128.6      -3.3      41.9
 52369  -.223945  -.940570  -.255298
  68736.7  11646.5    -63.1    350.1      2.1    112.5
      -.1     86.6     41.3     57.7   9319.2  10047.8
     -12.1      63.6       1.9      51.1
      -8.7      56.6       1.6      29.7
     -11.2      64.1       -.8      29.4
     -18.2     130.7      -3.4      63.9
 52370  -.265817  -.930361  -.252527
  68014.0  11672.6   -156.0    363.1    -19.8    133.5
      -.1     86.6     41.3     57.7   9639.8  10311.3
      -9.6      67.9       3.1      50.4
      -8.1      59.3       1.7      33.2
     -11.1      69.6       -.1      35.6
     -16.8     134.3      -5.9      75.7
 52371  -.306238  -.918714  -.249365
  67985.6  11846.0   -195.6    370.8    -39.3    151.2
      -.1     86.6     41.3     57.7   9745.8  10686.3
     -10.1      70.1       1.9      53.0
      -8.0      59.0       2.3      34.7
      -8.4      70.5       1.1      39.2
     -17.6     134.2      -7.9      84.8
 52372  -.345068  -.905804  -.245861
  68121.2  11997.0   -202.0    384.9    -46.9    171.9
      -.1     86.6     41.3     57.7   9387.5  10138.0
     -10.5      69.5        .9      55.3
      -7.0      60.0       2.0      37.3
     -10.6      70.5       -.3      41.3
     -19.8     136.6     -11.2      93.3
 52373  -.382204  -.891810  -.242063
  69238.7  12030.1   -274.5    335.9    -89.4    165.1
      -.1     86.6     41.3     57.7  10692.2  11939.2
      -9.6      72.2       2.6      54.1
      -7.0      59.8       2.3      40.4
      -8.9      71.2       -.1      45.7
     -19.9     133.3     -15.6      94.7
 52374  -.417577  -.876913  -.238019
  69933.6  12179.5   -217.7    367.6    -70.2    197.2
      -.1     86.6     41.3     57.7   9500.6  10801.6
     -11.5      70.0       -.1      55.4
      -6.1      59.9       2.6      41.1
      -6.0      72.8        .9      47.6
     -18.5     135.5     -17.5      99.5
 52375  -.451149  -.861285  -.233777
  71020.1  12048.6   -132.1    376.5    -34.7    228.0
      -.1     86.6     41.3     57.7   8065.0   8675.2
      -8.7      68.1       1.2      55.3
      -3.5      55.2       3.2      41.3
      -7.2      66.0       -.3      46.1
     -15.3     126.6     -13.8      96.7
 52376  -.482910  -.845093  -.229382
  71878.4  11773.3    -88.9    369.9     -2.0    258.8
      -.1     86.6     41.3     57.7   7776.3   8389.9
     -10.8      62.6      -1.7      55.5
      -6.4      53.6        .6      44.4
      -7.2      61.5       -.9      51.7
     -15.5     124.7      -8.5     110.8
 52377   .337328  -.927651  -.160231
 109081.6  12025.4   -402.3    495.8    132.7    168.3
      -.1     86.6     41.3     57.7  11343.1  12442.9
      -6.6      64.9      12.1      56.0
      -3.9      66.1      10.6      35.0
       1.0      88.7       9.0      36.8
       7.8     154.1       9.7      82.4
 52378   .312066  -.936198  -.161707
 108840.5  11951.9   -402.5    565.9    106.0    162.2
      -.1     86.6     41.3     57.7  12644.4  14046.3
      -7.9      69.4      12.0      58.4
      -3.8      68.0      10.5      33.0
      -1.4      89.7       9.3      33.8
        .6     152.9      12.7      72.9
 52379   .286124  -.944211  -.163091
 110080.3  11801.9   -326.1    652.0     78.4    135.3
      -.1     86.6     41.3     57.7  12338.4  14088.6
      -7.4      65.1      10.5      61.4
       -.8      63.3       8.2      29.3
       3.3      82.2       7.0      29.1
      17.5     139.7      12.9      62.3
 52380   .259539  -.951641  -.164374
 110896.3  11764.0   -435.2    576.4     99.1    115.7
      -.1     86.6     41.3     57.7  12906.8  14664.1
      -7.3      67.3      13.2      66.4
      -4.2      60.6       9.1      29.1
      -3.8      80.5       7.8      25.9
       7.3     146.8       7.3      46.1
 52381   .232349  -.958440  -.165549
 111899.6  11567.4   -459.8    560.8     67.0    101.8
      -.1     86.6     41.3     57.7  13210.4  15479.1
      -6.0      65.2      10.5      62.7
      -2.3      59.6       6.9      27.1
      -1.6      75.0       5.5      21.4
       4.3     128.5       7.8      36.0
 52382   .204604  -.964562  -.166606
 113948.2  11552.6   -309.6    640.1     63.6     83.9
      -.1     86.6     49.9      6.1  14207.5  16718.9
      -9.7      65.1       8.7      67.5
      -4.8      58.1       6.7      27.6
      -1.4      70.3       5.1      19.8
       7.8     122.4       6.3      25.7
 52383   .176357  -.969963  -.167539
 115487.9  11486.6   -482.3    526.6     58.7     65.0
      -.1     86.6     52.7     13.0  14360.3  17356.7
      -9.7      62.9      11.9      72.0
      -4.4      55.2       4.9      26.7
      -3.4      65.1       3.7      16.6
       9.2     117.3       5.0      19.3
 52384   .147667  -.974605  -.168341
 117626.2  11370.6   -450.3    565.6     50.5     44.7
      -.1     86.6     53.0     24.5  15162.7  19420.2
     -12.0      62.8       8.8      78.7
      -4.5      50.4       3.5      27.2
      -2.6      56.8       2.3      15.7
       6.3      99.1       3.4      17.8
 52385   .118600  -.978453  -.169006
 119746.8  11427.7   -588.9    415.9     51.4     21.2
      -.1     86.6     52.9     36.6  18211.6  22424.5
      -8.0      59.6       9.1      87.1
      -4.7      47.5       3.8      33.8
      -4.3      50.9       2.2      15.6
       6.8      86.1       1.7      16.1
 52386   .089225  -.981478  -.169528
 121972.8  11300.0   -573.6    459.6     51.8     22.4
      -.1     86.6     52.4     48.6  20517.6  26376.3
     -12.3      60.4       9.5     106.1
      -6.1      42.9       2.5      47.9
      -3.5      43.2      -1.3      18.0
       3.1      64.9      -1.5      19.5
 52387   .059616  -.983656  -.169904
 122172.6  11303.1   -388.0    604.0     49.1     23.2
      -.1     86.6     49.7     50.6  23291.8  31522.9
     -12.9      61.8       7.1     110.0
      -8.4      42.7       7.2      59.2
      -7.5      42.0       6.6      24.1
     -13.1      62.1       5.0      20.4
 52388   .044746  -.984421  -.170036
 121407.9  11320.7    -82.1    721.3     50.6     21.4
      -.1     86.6     52.1     46.1  25287.3  32399.4
     -14.9      61.7       7.4     104.5
      -9.1      42.1       8.6      49.2
      -9.4      43.6      10.3      23.3
     -15.7      64.9       9.1      16.4
 52389   .029848  -.984969  -.170131
 120271.2  11330.0    251.6    689.8     50.0     20.2
      -.1     86.6     52.6     40.6  19265.3  24896.7
     -14.9      58.4       9.8      95.2
      -9.7      44.1       7.6      39.7
     -11.1      46.7       7.9      19.4
     -19.5      75.6       6.9      16.5
 52390   .014929  -.985299  -.170188
 118940.1  11221.8     71.2    709.2     47.4     24.3
      -.1     86.6     52.9     34.4  18392.9  23952.5
     -15.3      61.3       3.9      86.8
     -10.0      47.3       6.7      33.8
     -11.3      49.3       6.3      14.8
     -20.8      87.8       6.1      16.7
 52391   .000000  -.985408  -.170207
 117024.6  11210.3   -219.4    671.0     39.6     38.2
      -.1     86.6     52.9     28.3  19284.3  22881.4
     -11.5      59.0       5.7      80.1
     -10.0      47.6       5.8      28.3
     -11.4      54.7       5.3      14.7
     -19.5      99.8       5.1      14.8
 52392  -.014929  -.985299  -.170188
 115978.4  11299.0   -138.8    706.9     34.8     47.6
      -.1     86.6     52.8     22.2  15670.3  19886.1
     -14.7      58.8      10.5      71.2
      -9.5      50.7       4.6      25.9
     -11.5      57.8       4.3      13.2
     -16.5     105.6       4.3      15.5
 52393  -.029848  -.984969  -.170131
 114358.0  11281.9   -238.8    679.2     30.8     57.0
      -.1     86.6     52.8     16.1  15302.6  18476.1
     -15.3      65.1       8.6      75.0
      -9.2      52.4       4.9      25.3
     -11.1      60.1       3.7      13.7
     -17.4     115.2       4.2      17.9
 52394  -.044746  -.984421  -.170036
 112728.8  11267.7   -183.7    698.8     26.0     65.0
      -.1     86.6     52.7     10.4  15032.4  17742.5
     -15.9      64.4       6.3      66.4
      -8.8      53.2       4.7      23.4
     -10.7      68.3       3.8      15.7
     -13.4     128.7       3.9      20.9
 52395  -.059616  -.983656  -.169904
 111745.7  11304.7   -235.5    682.0     20.3     76.0
      -.1     86.6     52.0      6.2  14050.0  16417.5
     -10.9      62.0       7.1      66.3
      -9.8      57.1       4.5      23.3
     -12.8      70.3       3.2      16.8
     -20.3     124.1       3.7      26.6
 52396  -.089225  -.981478  -.169528
 109544.7  11358.9   -260.6    674.7     16.5     91.1
      -.1     86.6     41.3     57.7  13357.6  14904.4
      -9.1      63.3       7.9      61.7
      -8.1      58.6       4.0      22.5
     -10.0      74.4       3.0      19.7
     -13.5     132.4       2.2      36.2
 52397  -.118600  -.978453  -.169006
 107251.9  11325.4   -237.3    677.5      5.0    109.0
      -.1     86.6     41.3     57.7  11677.1  13512.7
     -11.7      64.8       5.8      56.5
      -8.7      63.9       4.4      23.3
     -10.6      85.2       2.4      23.4
      -9.2     150.0      -1.6      46.9
 52398  -.147667  -.974605  -.168341
 105367.0  11351.3   -261.0    675.0     -3.1    120.4
      -.1     86.6     41.3     57.7  11601.7  13384.9
     -10.1      65.8       4.5      50.2
      -8.2      63.1       3.2      25.7
     -11.0      85.2       1.4      27.5
     -18.2     149.0      -1.3      63.5
 52399  -.176357  -.969963  -.167539
 103302.9  11462.7   -267.9    665.7    -20.0    140.3
      -.1     86.6     41.3     57.7  12185.8  13209.1
      -8.9      69.0       5.1      52.2
      -8.7      70.5       3.7      28.6
     -12.3      97.6        .9      34.9
       2.1     163.9      -2.6      76.8
 52400  -.204604  -.964562  -.166606
 102305.3  11449.7    -90.4    650.3    -12.2    172.3
      -.1     86.6     41.3     57.7  11326.1  12683.8
     -11.7      71.9       3.2      52.2
      -8.6      72.9       4.1      30.7
      -6.2     102.5       2.2      40.5
     -10.9     169.4      -8.5      88.5
 52401  -.232349  -.958440  -.165549
 102590.7  11711.1   -111.1    560.5    -23.4    173.2
      -.1     86.6     41.3     57.7  10753.0  11727.6
      -9.1      73.0       2.8      51.0
       -.7      75.8       5.1      32.5
        .8     103.6       2.7      41.2
      14.7     169.9     -14.3      98.6
 52402  -.259539  -.951641  -.164374
 101697.3  11692.6   -158.1    537.9    -34.2    179.8
      -.1     86.6     41.3     57.7  10329.7  10855.1
     -11.8      71.5       3.5      48.7
     -12.1      71.8       1.2      37.5
     -14.5     100.2      -1.9      51.6
     -27.2     166.8      -5.3     120.2
 52403  -.286124  -.944211  -.163091
 100803.7  11781.6   -278.7    546.4    -66.9    195.7
      -.1     86.6     41.3     57.7  10775.3  11471.0
     -10.5      73.0       4.4      53.4
      -7.0      76.0       3.6      42.5
     -10.6     109.5      -2.7      61.8
      -2.2     169.0     -16.3     128.4
 52404  -.312066  -.936198  -.161707
  99973.1  11893.1   -302.1    605.5    -76.9    234.5
      -.1     86.6     41.3     57.7  10228.2  11222.5
      -7.3      73.9       2.8      51.8
      -6.4      82.2       3.5      46.9
     -10.0     114.8        .4      66.6
      -8.8     175.7     -14.1     139.0
 52405  -.337328  -.927651  -.160231
 100099.1  11957.8   -426.9    560.8   -130.9    230.9
      -.1     86.6     41.3     57.7  10616.5  11733.2
      -5.6      77.5       5.3      51.8
      -5.7      81.4       3.5      47.9
      -6.0     111.5        .4      66.4
       6.4     169.3     -16.0     141.7
