OCR_prd2017clk:dj0070a,R21@-300V,3.8T@20d,263K,rhe=1.10,rhh=0.7,0.5/0.5         
  6644   1  3.80  28   3  29   2  300.00  263.00     .50 1.25500   650.0   23.28  -14.08  150.000  100.000  290.000  2000.0   11.64   -7.04    1.50    1.00     .85
 73221  -.105170   .946530  -.304993
  83237.9  13098.5     14.6     43.3     -5.7     10.1
     14.6     86.6     -5.7     33.5  48671.1  49688.1
      11.7      53.0      -9.3      75.9
       1.5      26.3      -1.7      16.7
        .7      21.8      -1.1       5.1
       1.1      22.7      -1.1       4.3
 73222  -.113613   .937303  -.329476
  77341.9  13218.6     14.6     43.3     -5.7      6.3
     14.6     86.6     -5.8     33.7  44573.8  46039.2
      11.5      54.9      -5.6      76.0
       1.1      25.0      -1.7      17.6
       1.2      20.5      -1.2       5.4
        .7      20.3      -1.0       4.4
 73223  -.123410   .925573  -.357888
  71153.3  13498.5     14.6     43.3     -5.8      6.4
     14.6     86.6     -5.8     33.7  40265.4  42117.4
      10.2      52.9      -9.5      65.8
       1.6      25.9      -1.7      15.8
        .6      20.9      -1.1       5.5
        .8      21.6      -1.2       4.5
 73224  -.134874   .910397  -.391134
  65110.3  13674.6     14.6     43.3     -6.0      6.6
     14.6     86.6     -6.0     34.0  36690.9  37904.0
      10.2      56.1      -8.3      67.8
       1.1      24.5      -1.6      15.4
        .7      19.3      -1.1       5.5
       1.1      18.5      -1.2       4.6
 73225  -.148397   .890380  -.430350
  59093.9  13902.0     14.6     43.3     -6.0      6.9
     14.6     86.6     -6.1     34.4  33066.1  34027.3
       8.0      52.4      -4.9      61.5
        .5      25.1      -1.5      12.8
        .5      20.3      -1.2       5.8
        .9      20.7      -1.1       4.8
 73226  -.164460   .863416  -.476934
  53473.2  14455.6     14.6     43.3     -6.1      7.3
     14.6     86.6     -5.9     34.5  28465.4  29574.1
      10.0      56.7      -8.0      61.9
        .6      23.9      -1.4      12.2
        .4      19.1      -1.1       5.9
        .4      18.3      -1.1       5.1
 73227  -.183618   .826279  -.532491
  47925.1  14963.3     14.6     43.3     -6.2      7.6
     14.6     86.6     -6.2     34.8  25845.9  26570.9
      12.0      55.1      -7.0      59.9
        .6      24.0      -1.4      12.5
        .5      18.6      -1.2       6.0
        .7      19.2      -1.2       5.4
 73228  -.206405   .774019  -.598575
  42662.9  16134.9     14.6     43.3     -6.6      7.9
     14.8      7.1     -6.4     35.0  22109.0  22958.2
       6.9      53.5      -5.5      49.5
        .5      25.7      -1.3      10.4
        .4      19.5      -1.2       6.3
        .3      17.9      -1.1       5.4
 73229  -.233063   .699189  -.675882
  37871.6  18017.0     14.6     43.3     -6.6      8.3
     14.0     17.4     -6.5     35.5  19088.8  19696.4
       5.7      59.9      -6.3      49.4
        .4      28.2      -1.5      10.3
        .2      18.5      -1.3       6.4
        .2      15.9      -1.2       5.8
 73230  -.262862   .591440  -.762300
  33679.6  21723.5     14.3     13.8     -6.8      8.7
     14.2     36.9     -6.4     35.8  16663.6  17679.9
       6.5      57.1      -6.9      47.9
       -.2      22.5      -1.4      10.2
       -.5      14.7      -1.2       6.7
       -.5      11.6      -1.2       5.9
 73231  -.292854   .439281  -.849276
  30509.5  24979.0     14.3     18.4     -6.7      8.7
     14.3     56.4     -6.5     36.0  14735.5  15307.3
       3.0      48.2      -4.6      42.7
       -.6      13.5      -1.5      10.3
       -.7       8.9      -1.3       6.9
       -.9       7.3      -1.3       6.0
 73232  -.316664   .237498  -.918324
  28292.7  22917.9     13.8     33.8     -6.8      8.2
     13.7     75.2     -6.8     36.3  13402.5  14022.8
       1.4      60.9      -6.1      45.0
      -1.0       7.9      -1.7      10.1
      -1.1       5.0      -1.6       6.7
      -1.3       5.0      -1.3       5.9
 73233  -.325991   .000000  -.945373
  27536.5  22230.6     14.0     36.4     -6.8      8.3
     14.5     78.5     -6.8     36.4  13323.8  13838.5
      -4.0      65.8      -5.4      44.5
      -2.1       6.6      -1.4       9.9
      -2.3       5.0      -1.4       6.7
      -2.2       5.0      -1.3       5.7
 73234  -.323582  -.121343  -.938387
  27688.8  21987.1     13.4     28.7     -6.9      8.4
     14.2     69.4     -6.5     36.5  13098.3  13676.6
      -5.8      56.6      -3.1      42.7
      -2.6       8.9      -1.6       9.7
      -2.6       5.3      -1.3       6.7
      -2.5       5.0      -1.5       5.6
 73235  -.316664  -.237498  -.918324
  28036.8  22490.5     13.0     21.7     -6.8      8.5
     14.2     59.9     -6.8     36.4  13173.4  13917.5
      -6.9      47.4      -4.5      39.6
      -2.8      11.9      -1.4      10.0
      -2.4       8.0      -1.3       6.6
      -2.7       6.6      -1.3       5.9
 73236  -.306058  -.344315  -.887567
  28899.0  22510.8     12.9     15.3     -6.7      8.3
     14.2     50.6     -6.7     36.2  13647.6  14258.8
      -4.9      48.2      -4.8      43.7
      -3.0      15.9      -1.3       9.6
      -3.1      10.6      -1.5       6.7
      -3.2       8.8      -1.2       5.9
 73237  -.292854  -.439281  -.849276
  30181.7  20906.6     12.3     13.7     -6.7      8.4
     14.2     40.9     -6.6     36.1  14425.3  14965.1
      -8.0      53.0      -2.0      43.6
      -3.5      20.4      -1.6      10.0
      -3.2      13.4      -1.2       6.6
      -3.4      10.9      -1.3       5.8
 73238  -.278147  -.521525  -.806626
  31587.7  18750.2      1.3     13.6     -6.6      8.1
     13.9     31.5     -6.5     35.7  15241.4  15902.9
      -9.2      57.2      -2.1      45.0
      -4.7      25.8      -1.6      10.0
      -4.0      17.1      -1.3       6.6
      -3.7      14.0      -1.2       6.0
 73239  -.262862  -.591440  -.762300
  33517.9  17618.6     14.6     43.3     -6.5      7.7
     14.5     21.7     -6.3     35.9  16065.1  16835.9
     -11.4      59.0      -1.6      43.3
      -4.3      28.6      -1.5      10.0
      -4.2      19.0      -1.4       6.5
      -4.1      16.1      -1.3       5.9
 73240  -.233063  -.699189  -.675882
  37705.3  15552.6     14.6     43.3     -6.3      7.4
     14.4      7.0     -6.4     35.3  18770.1  19470.6
      -9.7      54.9      -2.5      46.4
      -3.9      27.6      -1.5      10.4
      -3.3      20.1      -1.1       6.3
      -3.5      19.0      -1.0       5.7
 73241  -.206405  -.774019  -.598575
  42532.2  14388.5     14.6     43.3     -6.3      6.9
     14.6     86.6     -6.2     35.3  21434.3  22275.4
      -8.5      53.0      -1.7      51.3
      -3.6      25.5      -1.3      11.2
      -2.8      20.2      -1.2       6.1
      -2.9      21.2      -1.1       5.4
 73242  -.183618  -.826279  -.532491
  47586.2  13616.3     14.6     43.3     -6.1      6.5
     14.6     86.6     -6.2     34.7  25336.3  26153.3
     -11.0      50.4       1.4      55.4
      -2.7      24.2      -1.3      10.2
      -2.7      18.8      -1.2       5.8
      -2.5      18.8      -1.0       5.1
 73243  -.164460  -.863416  -.476934
  53072.8  13250.5     14.6     43.3     -6.3      6.2
     14.6     86.6     -6.2     34.6  29018.9  29901.0
     -11.5      52.3       1.3      57.7
      -2.7      25.5      -1.1      11.8
      -2.6      21.9      -1.2       5.7
      -2.4      23.4      -1.0       4.9
 73244  -.148397  -.890380  -.430350
  58887.6  13059.8     14.6     43.3     -6.0      5.9
     14.6     86.6     -5.9     34.1  32542.3  33468.7
     -11.5      54.4       1.0      63.6
      -2.9      24.7      -1.2      12.8
      -2.4      19.9      -1.2       5.5
      -2.4      19.6      -1.0       4.6
 73245  -.134874  -.910397  -.391134
  64902.0  12808.0     14.6     43.3     -6.1      5.7
     14.6     86.6     -5.8     33.9  36099.3  37381.5
     -11.2      53.2       2.7      59.7
      -2.3      26.4      -1.1      13.9
      -2.5      22.2      -1.1       5.6
      -2.8      21.9      -1.1       4.3
 73246  -.123410  -.925573  -.357888
  71089.3  12761.4     14.6     43.3     -6.0      5.5
     14.6     86.6     -5.7     33.7  40423.4  41676.3
     -12.1      49.4       3.5      69.0
      -2.7      25.1      -1.1      16.0
      -2.2      20.8      -1.2       5.7
      -2.4      20.6      -1.1       4.2
 73247  -.113613  -.937303  -.329476
  77028.5  12570.2     14.6     43.3     -5.8      5.3
     14.6     86.6     -6.0     33.8  44793.3  46333.0
     -11.9      54.8      -1.4      73.3
      -2.5      27.3       -.9      16.6
      -2.4      23.5      -1.1       5.3
      -2.0      24.5       -.9       4.0
 73248  -.105170  -.946530  -.304993
  83296.1  12600.9     14.6     43.3     -5.9      5.2
     14.6     86.6     -5.8     33.5  48351.9  50115.2
     -13.6      52.4       2.6      78.4
      -2.4      25.2      -1.0      18.3
      -2.1      21.0      -1.1       5.3
      -2.4      21.1      -1.1       4.1
 73249   .863216  -.064741  -.500666
  50630.2   8959.0     14.6     26.2     -5.5     28.9
     14.9     68.0     -5.5     57.7  27953.2  29003.5
       1.0      65.9       5.9      39.0
      -2.0      10.6        .0      20.7
      -2.0       5.0       -.2      15.7
      -2.1       5.0        .0      14.7
 73250   .838516  -.069876  -.540377
  46892.5   9190.8     13.9     26.4     -5.5     28.9
     14.4     68.1     -5.5     57.7  25921.8  26541.0
       3.9      63.5       5.3      37.9
      -2.0      10.4        .1      20.6
      -1.9       5.0        .1      15.1
      -2.1       5.0        .1      14.1
 73251   .807288  -.075683  -.585284
  43341.0   9522.6     14.0     26.6     -5.5     28.9
     14.5     68.1     -5.5     57.7  23190.4  24178.2
       3.4      59.0       5.9      39.1
      -2.4      10.0        .3      20.2
      -2.1       5.0        .1      15.4
      -2.1       5.0        .2      13.9
 73252   .767414  -.082223  -.635858
  40046.0   9951.5     13.9     27.2     -5.5     28.9
     14.5     68.6     -5.5     57.7  21088.9  21778.4
       2.8      57.5       6.5      39.8
      -2.4       9.6       1.1      19.9
      -2.1       5.0        .1      14.7
      -2.2       5.0        .7      13.4
 73253   .716102  -.089513  -.692232
  36792.4  10565.5     13.9     27.3     -5.5     28.9
     14.5     68.6     -5.5     57.7  19060.4  19808.0
       2.4      58.5       4.8      39.2
      -2.1       8.5        .3      18.8
      -2.1       5.0        .2      14.0
      -2.2       5.0        .5      13.1
 73254   .649830  -.097475  -.753803
  33854.1  11509.9     14.0     27.7     -5.5     28.9
     14.6     68.7     -5.5     57.7  17081.7  17956.2
       -.7      54.3       5.1      39.4
      -2.2       8.5       1.2      19.1
      -2.2       5.0        .3      13.4
      -2.3       5.0        .9      12.2
 73255   .564543  -.105852  -.818588
  31166.9  13036.9     13.4     28.1     -5.5     28.9
     14.3     68.9     -6.9      6.7  15423.5  16028.1
       -.1      55.7       3.8      39.2
      -2.2       8.2        .5      16.6
      -2.2       5.1        .6      12.1
      -2.2       5.0        .8      11.2
 73256   .456422  -.114106  -.882416
  29161.4  15545.2     13.6     28.3     -5.5     28.9
     14.4     69.2     -7.1     16.8  13982.3  14494.8
       -.5      53.3       3.3      39.5
      -2.6       8.6        .8      17.1
      -2.4       5.2        .8      11.5
      -2.3       5.0        .9      10.3
 73257   .323582  -.121343  -.938387
  27627.4  19834.7     13.2     28.5     -5.7      6.7
     14.0     69.3     -6.9     29.4  13114.5  13699.0
      -2.1      54.5       3.2      40.9
      -2.5       8.4        .8      12.6
      -2.6       5.3        .5       8.5
      -2.6       5.0        .5       7.6
 73258   .168544  -.126408  -.977555
  26550.3  22127.3     13.5     28.9     -6.9     13.3
     14.3     69.4     -7.0     41.6  12256.7  12768.1
      -4.2      55.6       1.6      43.7
      -2.5       8.3       -.2       7.6
      -2.6       5.5        .0       5.3
      -2.5       5.0        .1       4.9
 73259   .000000  -.128243  -.991743
  26322.5  21759.5     13.3     28.9     -7.6     24.5
     14.0     69.4     -7.6     53.2  12227.1  12786.4
      -2.2      53.2      -2.0      61.7
      -2.4       8.3       -.8       8.6
      -2.6       5.5       -.9       3.6
      -2.6       5.0       -.8       3.0
 73260  -.085184  -.127776  -.988138
  26472.6  21704.0     13.4     28.7     -5.9     25.0
     14.0     69.6     -5.9     53.8  12017.9  12846.8
      -3.9      52.7        .0      64.1
      -2.6       7.9       -.4       7.4
      -2.5       5.3       -.8       3.0
      -2.7       5.0       -.8       3.0
 73261  -.168544  -.126408  -.977555
  26557.9  22072.9     13.4     28.8     -6.4     19.8
     14.0     69.3     -6.4     48.5  12027.3  12726.8
      -8.1      53.5      -4.4      54.5
      -2.7       8.4      -1.1       5.5
      -2.5       5.4      -1.0       3.3
      -2.6       5.0      -1.1       3.0
 73262  -.248443  -.124222  -.960648
  26929.5  22264.4     13.4     28.9     -6.5     14.0
     14.2     69.4     -6.6     42.5  12647.5  13244.1
      -6.7      50.7      -2.9      46.0
      -2.7       8.3      -1.5       7.9
      -2.5       5.3      -1.3       5.0
      -2.5       5.0      -1.2       4.4
 73263  -.323582  -.121343  -.938387
  27620.0  22142.7     13.8     28.7     -6.8      8.3
     14.4     69.4     -6.6     36.5  13081.9  13838.2
      -4.3      55.8      -3.9      43.5
      -2.5       8.2      -1.4       9.9
      -2.6       5.4      -1.3       6.8
      -2.5       5.0      -1.4       5.6
 73264  -.393068  -.117920  -.911917
  28472.4  20467.1     13.3     28.5     -6.9      5.8
     14.2     69.2     -6.7     30.1  13751.0  14239.4
      -5.7      54.0      -4.2      37.3
      -2.6       8.7      -1.6      12.6
      -2.5       5.3      -1.7       8.4
      -2.6       5.0      -1.5       7.1
 73265  -.456422  -.114106  -.882416
  29230.8  17781.1     13.6     28.5    -13.0     10.6
     14.3     69.1     -6.5     23.9  14024.4  14558.6
      -3.9      57.6      -4.1      39.7
      -2.3       8.1      -1.7      15.4
      -2.3       5.3      -1.7      10.5
      -2.5       5.0      -1.8       8.7
 73266  -.513527  -.110042  -.850988
  30240.9  15650.5     13.3     28.4     -5.5     28.9
     14.2     69.2     -6.7     17.7  14988.1  15606.9
      -6.9      57.0      -5.5      42.3
      -2.3       8.8      -2.2      17.1
      -2.5       5.2      -2.0      11.6
      -2.5       5.0      -1.9       9.9
 73267  -.564543  -.105852  -.818588
  31450.1  14226.1     13.5     27.9     -5.5     28.9
     14.4     68.9     -6.7     11.6  15548.4  16100.4
      -8.1      57.4      -5.4      40.6
      -2.8       8.9      -2.4      18.1
      -2.4       5.1      -2.2      12.0
      -2.3       5.0      -2.0      10.4
 73268  -.649830  -.097475  -.753803
  33922.7  12330.9     13.6     27.7     -5.5     28.9
     14.4     68.6     -6.8      5.2  17443.7  17976.8
      -5.8      57.7      -7.2      41.5
      -2.4       9.3      -2.2      18.1
      -2.4       5.0      -2.2      12.1
      -2.4       5.0      -2.2      10.7
 73269  -.716102  -.089513  -.692232
  36907.1  11160.3     14.0     27.7     -5.5     28.9
     14.7     68.4     -5.5     57.7  18808.4  19651.8
      -7.6      59.8      -9.1      42.9
      -2.6       9.5      -3.0      20.4
      -2.2       5.0      -2.1      13.8
      -2.3       5.0      -2.3      12.3
 73270  -.767414  -.082223  -.635858
  40196.8  10437.8     14.3     26.9     -5.5     28.9
     14.7     68.4     -5.5     57.7  21357.5  22055.8
      -7.7      62.6      -8.3      42.9
      -2.2       9.4      -2.2      19.0
      -2.1       5.0      -2.2      13.6
      -2.2       5.0      -2.1      12.1
 73271  -.807288  -.075683  -.585284
  43261.4   9863.8     14.5     26.9     -5.5     28.9
     15.1     68.2     -5.5     57.7  23427.2  24059.1
      -8.5      60.7      -7.6      43.4
      -2.0       9.5      -2.4      21.4
      -2.1       5.0      -2.6      14.9
      -2.2       5.0      -2.5      13.4
 73272  -.838516  -.069876  -.540377
  46978.4   9586.7     14.0     26.3     -5.5     28.9
     14.6     67.9     -5.5     57.7  25861.7  26628.5
      -7.5      63.5      -7.1      37.9
      -2.3      10.4      -2.5      19.8
      -2.1       5.0      -2.1      14.8
      -2.2       5.0      -2.2      13.1
 73273  -.863216  -.064741  -.500666
  50831.2   9320.2     14.2     26.2     -5.5     28.9
     14.6     67.7     -5.5     57.7  28161.1  29029.5
      -6.2      62.6      -8.1      41.6
      -2.1      11.2      -2.6      22.0
      -2.1       5.0      -2.4      16.0
      -2.1       5.0      -2.4      14.2
 73274  -.882965  -.060202  -.465563
  54601.2   9093.5     14.3     25.9     -5.5     28.9
     14.8     67.6     -5.5     57.7  30310.2  31505.1
      -8.9      67.8      -8.8      37.6
      -2.7      11.7      -2.2      20.1
      -2.0       5.0      -2.4      15.0
      -2.1       5.0      -2.4      13.6
 73275  -.898927  -.056183  -.434481
  58352.4   8950.6     14.7     25.7     -5.5     28.9
     15.0     67.6     -5.5     57.7  33067.4  34311.8
      -6.2      63.3      -8.1      37.5
      -2.4      12.8      -2.8      21.9
      -2.1       5.0      -2.6      16.4
      -2.1       5.0      -2.6      14.5
 73276  -.911966  -.052613  -.406877
  62297.0   8869.1     14.5     25.6     -5.5     28.9
     15.1     67.4     -5.5     57.7  35711.9  36699.0
      -7.1      65.3      -9.7      37.3
      -2.1      14.1      -2.7      20.5
      -2.0       5.0      -2.3      15.5
      -2.0       5.0      -2.3      14.1
 73277  -.922727  -.049432  -.382272
  66315.5   8788.3     14.6     25.4     -5.5     28.9
     15.0     67.4     -5.5     57.7  38223.6  39384.3
      -8.9      70.8      -6.5      37.3
      -2.4      14.3      -2.6      22.4
      -2.0       5.0      -2.4      16.4
      -2.0       5.0      -2.3      14.7
 73278   .806111  -.362750  -.467544
  54204.0   9841.3     14.6     43.3     -5.5     28.9
     14.5     18.5     -5.5     57.7  30238.9  31081.1
      -3.9      57.8       5.3      38.1
      -3.0      26.3        .1      20.7
      -3.2      16.1       -.3      16.3
      -3.2      13.8        .4      16.2
 73279   .774912  -.387456  -.499388
  50589.8  10128.1     14.6     43.3     -5.5     28.9
     14.5     19.0     -5.5     57.7  27529.0  28602.8
      -5.7      59.5       6.5      37.3
      -3.6      25.8        .3      20.8
      -3.2      16.6        .1      15.9
      -3.0      13.8        .0      15.3
 73280   .736803  -.414452  -.534182
  47551.4  10726.3     14.6     43.3     -5.5     28.9
     14.6     19.4     -5.5     57.7  25573.8  26414.9
      -4.5      58.0       7.3      41.3
      -3.1      26.6       -.1      20.3
      -3.7      17.1        .1      15.4
      -3.3      14.2        .4      15.2
 73281   .690099  -.443635  -.571796
  44389.0  11353.5     14.6     43.3     -5.5     28.9
     14.6     19.8     -5.5     57.7  23484.1  24222.3
      -5.2      61.6       6.0      40.9
      -3.9      27.2        .2      20.6
      -3.4      17.6        .3      15.2
      -3.3      14.5        .3      14.3
 73282   .632842  -.474632  -.611748
  41583.1  12268.2     14.6     43.3     -5.5     28.9
     14.6     20.2     -5.5     57.7  21367.2  22317.1
      -6.7      60.4       6.1      39.3
      -3.4      27.7        .1      18.9
      -3.6      17.8        .3      14.2
      -3.3      15.2        .4      14.1
 73283   .562936  -.506642  -.653006
  38875.7  13664.4     14.6     43.3     -5.5     28.9
     14.7     20.8     -5.5     57.7  19526.0  20317.2
      -8.6      58.4       5.8      41.0
      -4.1      27.8        .9      18.7
      -3.6      18.3        .6      13.5
      -3.8      15.3        .9      12.7
 73284   .478468  -.538276  -.693778
  36637.4  15103.9     14.6     43.3     -5.5     28.9
     14.6     21.0     -7.5      6.4  18415.8  19184.7
      -5.8      57.9       3.8      40.7
      -4.5      28.1        .7      16.9
      -3.9      18.5        .4      11.8
      -3.9      15.6        .8      11.1
 73285   .378295  -.567442  -.731370
  34785.1  16691.0     14.6     43.3     -5.5     28.9
     14.7     21.7     -7.4     15.9  17355.0  17965.8
      -7.3      58.8       6.1      42.8
      -3.8      29.0        .9      16.8
      -4.0      18.7        .8      10.9
      -3.8      16.0        .7      10.2
 73286   .262862  -.591440  -.762300
  33458.0  16718.3     14.6     43.3     -6.5      8.4
     14.5     21.9     -7.1     28.5  16339.2  16902.3
      -7.7      59.4       4.0      44.7
      -4.6      29.1        .4      12.4
      -3.8      19.3        .2       8.2
      -4.0      16.2        .4       7.4
 73287   .134975  -.607388  -.782855
  32641.7  16454.7     14.6     43.3     -7.0     13.2
     14.0     22.0     -7.3     41.1  15989.2  16544.1
     -10.3      58.7       4.1      48.4
      -4.7      28.9        .0       8.2
      -4.7      19.2        .0       5.0
      -4.2      16.5        .0       4.5
 73288   .000000  -.612997  -.790085
  32409.2  16558.7     14.6     43.3     -7.6     24.0
     14.6     22.0     -7.6     52.5  15576.6  16178.7
      -7.7      59.3       3.1      68.0
      -5.0      29.2       -.8      11.4
      -4.3      19.3      -1.3       4.0
      -4.4      16.3       -.9       3.0
 73289  -.067953  -.611580  -.788259
  32342.6  16659.4     14.6     43.3     -5.5     24.6
     14.3     21.9     -5.4     53.4  15717.0  16302.4
      -8.8      59.1       3.1      66.5
      -5.2      28.9        .0      11.5
      -4.1      19.2       -.7       3.0
      -4.3      16.5       -.8       3.0
 73290  -.134975  -.607388  -.782855
  32784.2  17210.4     14.6     43.3     -6.2     19.3
     14.5     21.9     -6.2     47.9  16015.8  16674.1
     -12.2      59.8      -1.3      63.7
      -4.6      29.4      -1.0       6.6
      -4.2      19.2      -1.0       3.0
      -4.3      16.5      -1.0       3.0
 73291  -.200196  -.600588  -.774091
  33069.0  17115.0     14.6     43.3     -6.3     13.4
     14.4     21.8     -6.3     42.0  16045.9  16714.2
     -10.4      58.7       -.6      51.3
      -4.4      29.2      -1.2       7.9
      -4.2      19.2      -1.2       4.7
      -4.0      16.1      -1.1       4.3
 73292  -.262862  -.591440  -.762300
  33501.4  17657.5     14.6     43.3     -6.6     10.7
     14.3     21.8     -6.5     35.8  16439.5  17179.3
      -8.7      57.6      -1.1      45.7
      -4.5      28.6      -1.2      10.1
      -3.7      19.4      -1.2       6.5
      -4.2      16.2      -1.2       5.8
 73293  -.322373  -.580271  -.747905
  34132.9  17493.7     14.6     43.3     -6.8      6.0
     14.3     21.6     -6.7     29.6  16733.8  17392.0
      -9.2      59.0      -2.1      41.6
      -4.6      28.6      -1.7      12.4
      -4.0      18.7      -1.4       8.1
      -4.0      16.0      -1.4       7.3
 73294  -.378295  -.567442  -.731370
  34818.6  16927.3     14.6     43.3     -6.0     11.6
     14.4     21.6     -6.4     23.1  16888.3  17837.1
     -10.6      60.8      -3.1      45.4
      -4.2      28.6      -1.6      15.1
      -3.7      18.8      -1.5      10.0
      -3.9      15.8      -1.5       8.9
 73295  -.430364  -.553325  -.713175
  35813.8  16372.0     14.6     43.3     -5.5     28.9
     14.6     21.4     -6.6     16.7  17709.2  18558.4
     -10.7      59.3      -1.8      43.9
      -4.9      28.2      -2.4      17.0
      -3.8      18.6      -1.8      10.9
      -4.0      15.8      -1.8       9.9
 73296  -.478468  -.538276  -.693778
  36751.3  15601.8     14.6     43.3     -5.5     28.9
     14.8     21.2     -6.4     10.7  18652.0  19320.3
     -10.4      60.3      -2.9      43.9
      -3.8      28.0      -1.9      17.2
      -4.0      18.6      -1.9      11.8
      -3.8      15.6      -1.9      10.6
 73297  -.562936  -.506642  -.653006
  38903.9  13720.5     14.6     43.3     -5.5     28.9
     14.7     20.8     -6.1      6.1  19942.9  20634.8
     -10.7      58.3      -4.9      42.4
      -4.1      27.5      -2.2      17.6
      -3.5      17.9      -1.8      12.3
      -3.8      15.4      -1.9      11.4
 73298  -.632842  -.474632  -.611748
  41397.0  12307.0     14.6     43.3     -5.5     28.9
     14.7     20.4     -5.5     57.7  21675.3  22425.9
     -10.1      57.2      -7.5      45.0
      -4.3      27.3      -2.5      19.7
      -3.5      17.8      -2.0      14.1
      -3.5      14.9      -2.0      12.5
 73299  -.690099  -.443635  -.571796
  44391.8  11241.4     14.6     43.3     -5.5     28.9
     14.6     19.9     -5.5     57.7  23397.3  24305.2
     -11.5      58.5      -6.9      43.2
      -3.9      27.2      -2.2      19.1
      -3.5      17.3      -2.0      13.7
      -3.2      14.4      -1.6      13.0
 73300  -.736803  -.414452  -.534182
  47514.9  10614.0     14.6     43.3     -5.5     28.9
     14.6     19.3     -5.5     57.7  25456.8  26498.0
      -8.5      57.7      -6.9      43.9
      -3.6      26.6      -2.2      21.2
      -2.8      16.9      -1.8      15.1
      -3.4      14.4      -2.2      14.0
 73301  -.774912  -.387456  -.499388
  50750.8  10169.7     14.6     43.3     -5.5     28.9
     14.6     19.0     -5.5     57.7  27820.9  28467.2
     -11.3      60.8      -5.9      41.3
      -4.2      26.3      -2.4      20.1
      -2.9      16.8      -1.8      14.8
      -3.3      14.1      -2.0      13.9
 73302  -.806111  -.362750  -.467544
  53967.5   9814.1     14.6     43.3     -5.5     28.9
     14.9     18.6     -5.5     57.7  29826.2  30850.8
      -9.3      58.9      -6.7      41.4
      -3.8      25.5      -2.3      21.7
      -3.0      16.5      -2.1      16.0
      -3.0      13.6      -2.1      14.8
 73303  -.831783  -.340275  -.438577
  57790.0   9460.4     14.6     43.3     -5.5     28.9
     15.1     18.3     -5.5     57.7  32356.1  33569.5
      -9.1      62.9      -6.8      39.3
      -3.7      25.4      -2.5      20.3
      -3.2      16.5      -2.2      15.5
      -3.0      13.5      -2.0      14.7
 73304  -.853040  -.319890  -.412303
  61407.6   9384.1     14.6     43.3     -5.5     28.9
     14.5     17.9     -5.5     57.7  33763.9  35339.4
     -11.1      63.8      -8.2      40.5
      -2.8      25.2      -2.2      22.0
      -3.2      15.9      -2.3      16.4
      -3.1      13.3      -2.3      15.2
 73305  -.870759  -.301417  -.388493
  65018.7   9136.6     14.6     43.3     -5.5     28.9
     15.2     17.6     -5.5     57.7  36827.2  38317.3
     -11.9      62.3      -8.8      36.8
      -3.2      25.0      -2.1      20.1
      -2.8      15.7      -1.9      16.0
      -2.8      13.1      -2.2      15.3
 73306  -.885633  -.284668  -.366905
  68942.9   8978.9     14.6     43.3     -5.5     28.9
     14.7     17.4     -5.5     57.7  40074.9  40962.2
     -11.3      60.2      -7.1      37.9
      -3.6      24.5      -2.8      22.2
      -2.9      15.7      -2.0      17.2
      -2.9      12.9      -2.4      15.8
 73307   .467453  -.841416  -.271123
  93325.0  13316.9     14.6     43.3     -5.5     28.9
     14.6     86.6     -5.5     57.7  55922.0  57525.1
      -8.6      49.5      10.0      46.7
      -2.4      24.5        .1      18.6
      -1.2      19.4       -.7      12.7
      -1.8      19.0       -.3      11.8
 73308   .429723  -.859446  -.276932
  91599.2  13210.8     14.6     43.3     -5.5     28.9
     14.6     86.6     -5.5     57.7  54616.6  56252.1
      -8.2      51.2       6.1      47.4
      -1.7      23.7        .0      18.3
      -1.6      19.7       -.2      12.7
      -1.6      19.2       -.1      11.5
 73309   .389600  -.876600  -.282460
  89938.0  13094.4     14.6     43.3     -5.5     28.9
     14.6     86.6     -5.5     57.7  53232.4  54823.2
     -12.2      54.0       8.2      52.2
      -2.4      24.5        .2      17.2
      -1.7      20.2       -.4      11.5
      -2.0      19.8       -.2      10.3
 73310   .347131  -.892622  -.287623
  88197.7  12949.6     14.6     43.3     -5.5     28.9
     14.6     86.6     -5.5     57.7  51381.4  53577.7
     -13.4      56.0      12.2      52.0
      -2.5      24.6        .6      18.0
      -1.9      20.2       -.1      11.5
      -1.9      19.9        .2      10.1
 73311   .302414  -.907242  -.292333
  86817.9  12780.3     14.6     43.3     -5.5     28.9
     14.6     86.6     -5.5     57.7  50318.8  52248.5
      -9.5      52.5       9.3      55.4
      -2.3      24.7        .0      16.4
      -2.0      20.5       -.3      10.0
      -2.3      20.0       -.2       8.9
 73312   .255608  -.920190  -.296506
  85722.7  12693.1     14.6     43.3     -5.5     28.9
     14.6     86.6     -5.5     57.7  50724.9  51817.7
     -12.3      53.3      10.5      61.2
      -2.2      25.5        .5      18.4
      -2.1      20.3        .1      10.3
      -2.2      20.3        .1       8.4
 73313   .206935  -.931206  -.300055
  84594.1  12442.8     14.6     43.3     -5.5     28.9
     14.6     86.6     -7.6      3.1  49628.4  51086.8
     -10.5      53.5      11.5      63.9
      -2.5      24.9        .1      16.6
      -2.1      20.7       -.2       8.4
      -2.0      20.6       -.2       7.2
 73314   .156676  -.940054  -.302906
  83586.5  12448.0     14.6     43.3     -5.5     28.9
     14.6     86.6     -7.8     12.4  48953.1  50431.2
      -9.5      52.7       7.0      63.9
      -2.2      24.6        .4      17.5
      -2.0      20.8        .2       8.0
      -1.9      20.6       -.1       6.6
 73315   .105170  -.946530  -.304993
  83413.0  12314.5     14.6     43.3     -5.5     28.9
     14.6     86.6     -8.1     25.7  48466.8  49856.6
     -14.6      57.2       4.5      72.3
      -2.6      26.1        .4      17.4
      -2.4      20.7        .0       6.6
      -2.2      20.9        .0       5.1
 73316   .052804  -.950480  -.306266
  82975.5  12369.4     14.6     43.3     -8.3     10.8
     14.6     86.6     -8.2     38.9  48525.2  49689.7
      -9.7      49.2       3.1      76.6
      -2.7      25.5        .3      21.1
      -2.0      21.3       -.4       4.7
      -2.3      20.7       -.4       3.2
 73317   .000000  -.951808  -.306694
  82513.5  12357.5     14.6     43.3     -8.3     22.8
     14.6     86.6     -8.2     51.2  48303.5  49356.3
     -12.7      50.9       5.3      91.7
      -3.0      25.3       -.9      39.1
      -2.2      21.0      -1.7       7.3
      -2.4      20.8      -1.4       3.3
 73318  -.026430  -.951476  -.306587
  82880.9  12354.7     14.6     43.3     -5.6     24.0
     14.6     86.6     -5.4     52.4  47293.5  49103.7
     -11.1      53.4       5.8      96.5
      -2.6      25.7        .3      40.0
      -2.0      20.9       -.6       7.2
      -2.1      21.0       -.5       3.8
 73319  -.052804  -.950480  -.306266
  82986.6  12490.1     14.6     43.3     -5.5     17.9
     14.6     86.6     -5.3     46.4  48238.1  49568.1
     -11.7      49.0      10.8      89.8
      -2.5      25.5       -.2      29.0
      -2.1      20.6       -.9       6.0
      -2.1      21.1       -.8       3.0
 73320  -.079069  -.948828  -.305734
  83108.1  12467.9     14.6     43.3     -5.7     11.5
     14.6     86.6     -5.6     40.1  48423.3  49703.4
     -12.9      53.2       3.3      82.5
      -2.3      25.1       -.5      22.3
      -1.9      21.4       -.9       4.4
      -2.4      20.9       -.9       3.0
 73321  -.105170  -.946530  -.304993
  83389.4  12516.1     14.6     43.3     -5.9      5.1
     14.6     86.6     -5.6     33.8  48201.5  49730.8
     -10.3      52.3       1.5      75.1
      -2.4      25.6      -1.0      18.3
      -2.2      21.1      -1.0       5.1
      -2.6      20.8      -1.0       4.0
 73322  -.131055  -.943599  -.304049
  83667.5  12669.2     14.6     43.3     -5.5     28.9
     14.6     86.6     -5.8     27.0  48279.5  49716.3
     -14.5      51.7       -.8      73.9
      -2.2      25.5       -.9      16.9
      -2.1      21.1      -1.1       6.7
      -2.1      21.0      -1.2       5.1
 73323  -.156676  -.940054  -.302906
  83998.6  12667.0     14.6     43.3     -5.5     28.9
     14.6     86.6     -5.9     20.3  48826.0  50100.4
     -13.2      56.7       1.7      69.2
      -2.3      25.3      -1.2      18.0
      -2.0      20.9      -1.2       7.8
      -2.5      20.8      -1.2       6.0
 73324  -.181983  -.935915  -.301572
  84170.1  12760.9     14.6     43.3     -5.5     28.9
     14.6     86.6     -6.3     13.5  49234.7  51082.9
     -11.7      53.5       1.7      70.2
      -2.1      25.1      -1.4      16.9
      -2.4      21.1      -1.6       8.4
      -2.1      20.5      -1.4       6.7
 73325  -.206935  -.931206  -.300055
  84509.2  12833.3     14.6     43.3     -5.5     28.9
     14.6     86.6     -6.1      6.9  50278.9  51853.8
     -11.8      52.3       4.8      66.3
      -2.3      24.9      -1.5      17.9
      -1.6      20.9      -1.3       8.5
      -1.8      20.8      -1.4       7.0
 73326  -.255608  -.920190  -.296506
  85689.4  13100.5     14.6     43.3     -5.5     28.9
     14.6     86.6     -5.5     57.7  50023.3  51637.1
     -10.4      49.9       -.7      60.6
      -2.4      24.8      -1.6      17.5
      -2.0      20.7      -1.8       9.7
      -1.9      20.3      -1.6       8.0
 73327  -.302414  -.907242  -.292333
  86866.5  13348.4     14.6     43.3     -5.5     28.9
     14.6     86.6     -5.5     57.7  50710.6  52755.7
     -11.4      51.6      -3.2      55.4
      -2.8      25.0      -2.2      17.9
      -1.5      20.5      -1.6      10.2
      -1.6      20.0      -1.5       8.8
 73328  -.347131  -.892622  -.287623
  88477.9  13614.8     14.6     43.3     -5.5     28.9
     14.6     86.6     -5.5     57.7  52386.6  53786.9
     -14.8      56.0      -1.4      55.1
      -2.1      25.5      -1.8      18.0
      -1.9      20.4      -1.9      11.3
      -1.8      19.8      -1.7       9.7
 73329  -.389600  -.876600  -.282460
  89760.0  13772.1     14.6     43.3     -5.5     28.9
     14.6     86.6     -5.5     57.7  53013.0  54618.6
     -12.6      56.7      -4.3      53.7
      -2.2      24.6      -1.8      18.0
      -1.8      20.4      -1.8      12.2
      -1.8      19.7      -1.7      10.5
 73330  -.429723  -.859446  -.276932
  91741.2  13878.3     14.6     43.3     -5.5     28.9
     14.6     86.6     -5.5     57.7  54810.0  55917.2
     -10.7      51.7      -3.3      49.8
      -1.8      23.7      -1.9      18.7
      -1.8      19.8      -2.0      12.4
      -1.6      19.3      -1.7      10.9
 73331  -.467453  -.841416  -.271123
  93888.7  13874.3     14.6     43.3     -5.5     28.9
     14.6     86.6     -5.5     57.7  55566.3  57422.7
     -13.6      54.3      -4.9      48.6
      -1.8      23.9      -2.0      20.4
      -1.9      20.0      -2.0      13.6
      -1.8      19.3      -2.0      11.9
 73332  -.502792  -.822750  -.265108
  95641.5  13659.8     14.6     43.3     -5.5     28.9
     14.6     86.6     -5.5     57.7  57137.4  58975.2
     -13.3      51.5      -3.5      46.9
      -2.0      23.6      -2.3      18.9
      -1.8      19.3      -2.0      13.2
      -1.6      18.7      -1.8      12.0
 73333  -.535778  -.803668  -.258960
  98170.5  13451.4     14.6     43.3     -5.5     28.9
     14.6     86.6     -5.5     57.7  58255.1  60176.3
     -12.8      55.8      -4.6      43.2
      -2.3      23.8      -2.3      20.3
      -1.0      18.9      -1.7      14.1
      -1.5      18.3      -2.0      12.9
 73334  -.566482  -.784360  -.252738
 100655.7  13223.2     14.6     43.3     -5.5     28.9
     14.6     86.6     -5.5     57.7  59879.2  61897.8
     -13.4      53.5      -5.2      40.8
      -1.7      23.3      -2.4      19.3
      -1.6      18.7      -2.1      13.9
      -1.9      18.2      -2.1      13.3
 73335  -.594996  -.764995  -.246498
 102898.9  12730.1     14.6     43.3     -5.5     28.9
     14.6     86.6     -5.5     57.7  61858.3  63559.0
     -10.2      53.2      -6.4      41.6
      -2.4      23.4      -2.6      20.6
      -1.5      18.8      -2.2      15.4
      -1.2      17.5      -1.8      13.6
