OCR_prd2012lk:dj0090h@-300V,3.8T@20d,274K,rhe=1.10,rhh=0.7, 0.65/1.30           
  5613   1  3.80  28   3  29   1  300.00  274.00     .90 1.14200  2350.0    -.59   24.51  150.  100.  270.  2850.0    -.29   12.26    1.50    1.00     .85
 39806  -.105828   .952448  -.285734
  77358.2  12509.1    143.4    338.2     10.1     37.6
      -.3     86.6     14.5     26.7  17095.5  22716.4
       8.4      58.3       1.2      64.7
        .9      37.6       -.1      16.7
        .1      36.6        .0       8.4
        .0      56.7        .0       7.9
 39807  -.114443   .944153  -.308995
  71290.0  12538.9     50.0    326.7     13.5     32.6
      -.3     86.6     14.0     27.3  17604.5  22479.5
      10.5      56.1       4.3      61.9
        .3      34.4        .3      15.1
        .3      31.9       -.1       8.9
      -1.0      49.7        .0       8.2
 39808  -.124476   .933570  -.336085
  65407.7  12642.5    110.4    270.0     10.2     30.2
      -.3     86.6     14.1     27.8  16580.4  20977.3
       7.3      56.9       5.8      58.5
        .4      35.6       -.2      15.8
        .5      34.4       -.1       8.9
        .5      46.5       -.1       8.2
 39809  -.136269   .919816  -.367926
  59598.8  12731.2     78.4    250.6     10.4     22.0
      -.3     86.6     14.1     28.4  16966.6  21437.3
      10.1      57.4       3.3      57.5
       1.2      32.7       -.1      14.8
        .9      30.6       -.1       9.4
        .9      38.8       -.3       8.6
 39810  -.150261   .901568  -.405706
  53829.4  13032.8     63.3    185.9     12.0     16.3
      -.3     86.6     13.8     29.5  17194.5  20699.3
       7.3      57.1       2.1      50.1
       1.0      34.5       -.1      14.4
        .4      33.2       -.2      10.0
        .7      40.0       -.5       9.4
 39811  -.167009   .876798  -.450925
  48093.5  13329.6     14.1    184.8     12.7     13.1
     -4.9     22.0     14.1     30.4  16252.3  18410.6
       9.5      57.4        .8      51.8
       1.0      31.4       -.2      14.3
        .8      29.0       -.3      10.2
        .8      32.2       -.2      10.0
 39812  -.187186   .842336  -.505402
  42709.0  13865.4     26.3    145.2     12.2     10.5
       .0     28.0     13.6     31.7  15671.7  17244.5
       7.6      55.4        .6      48.9
       1.3      33.2       -.3      14.6
       1.4      31.1       -.5      10.9
       1.7      36.3       -.6      11.0
 39813  -.211513   .793174  -.571085
  37716.2  14658.9     18.9     77.6     12.0     10.4
      -.5     26.3     13.3     33.2  13213.2  14477.2
       7.2      61.3        .3      45.4
       1.0      37.9       -.4      14.7
       1.8      32.6       -.4      11.2
       2.4      34.6       -.8      11.1
 39814  -.240493   .721479  -.649331
  32997.5  15922.9      2.4     24.3     11.9     11.7
      -.3     36.7     13.2     34.8  11018.9  11670.6
       7.2      61.2        .3      40.6
       2.4      35.7       -.8      15.0
       2.0      29.4       -.5      12.0
       1.9      30.5       -.6      12.1
 39815  -.273665   .615745  -.738895
  29140.5  16760.0      1.3     23.3     12.0     13.3
       .7     50.7     12.8     36.5   8833.4   9537.8
       7.6      57.1      -2.5      42.8
       1.9      27.1       -.7      14.9
       2.0      21.6       -.9      12.4
       1.5      23.2      -1.2      12.0
 39816  -.308021   .462031  -.831656
  26128.2  16966.3       .3     26.7     11.9     14.4
       .3     64.0     12.6     37.7   7785.9   8466.5
       6.5      48.7      -1.3      41.4
       1.2      18.2       -.7      15.7
       1.4      14.4       -.6      12.7
       1.4      15.0      -1.1      13.0
 39817  -.336099   .252074  -.907467
  24189.5  16353.3       .5     34.2     11.8     14.0
       .4     75.7     12.2     38.5   7151.8   7836.1
       6.9      51.7      -2.3      39.0
       1.0       9.5       -.7      15.0
        .4       8.0       -.6      12.4
        .6       8.2      -1.4      12.1
 39818  -.347314   .000000  -.937749
  24100.8  16003.7      -.3     42.7     11.9     12.3
      -.3     85.6     12.4     38.1   8182.7   8704.4
       5.0      70.0      -2.9      37.9
       -.3      16.2       -.4      15.2
       -.1       2.6      -1.0      11.8
        .1        .7      -1.3      11.1
 39819  -.344406  -.129152  -.929895
  23876.4  16433.4      -.4     38.8     11.8     14.5
      -.5     81.4     12.1     38.9   7203.5   7729.7
      -3.0      62.6      -3.0      40.1
       -.3       5.8       -.8      15.2
       -.1       3.9      -1.1      12.5
       -.3       3.8      -1.6      13.0
 39820  -.336099  -.252074  -.907467
  24188.3  17105.5      -.7     34.5     11.4     15.8
      -.7     76.2     12.1     39.0   7192.7   7667.5
      -1.6      54.7      -2.7      42.5
       -.4       9.5       -.8      15.2
       -.7       7.5      -1.1      12.6
       -.4       7.2      -1.2      14.1
 39821  -.323497  -.363934  -.873442
  24951.1  17730.1     -1.3     30.2     11.2     16.2
     -1.1     70.3     12.0     38.9   7506.5   8012.9
      -2.6      48.2      -3.6      41.4
       -.9      13.9      -1.1      15.5
       -.9      10.9      -1.1      13.1
       -.8      10.7      -1.2      14.2
 39822  -.308021  -.462031  -.831656
  26027.3  17504.8     -1.2     26.1     11.2     16.1
      -.7     64.0     12.1     38.5   7883.7   8549.4
      -4.9      52.0      -3.8      41.6
      -1.0      17.5       -.6      15.8
      -1.0      13.4       -.8      13.1
       -.8      13.9      -1.6      14.3
 39823  -.291042  -.545704  -.785813
  27584.2  17566.1     -1.3     22.3     11.4     15.3
      -.9     57.3     12.4     37.6   8634.2   9176.2
      -5.5      55.8      -4.1      43.5
      -1.2      21.9       -.5      15.6
      -1.0      16.4       -.6      12.9
      -1.2      16.9      -1.3      13.7
 39824  -.273665  -.615745  -.738895
  29149.4  17006.6      -.9     21.0     11.5     14.8
      -.6     50.0     12.4     36.5   8504.7   9310.6
      -5.9      57.1      -3.8      40.9
      -1.2      26.1       -.7      15.2
       -.8      20.4       -.7      12.6
      -1.5      21.9      -1.4      12.8
 39825  -.240493  -.721479  -.649331
  33356.0  15414.2     -3.5     23.9     11.6     12.8
      -.5     35.5     12.7     34.9  10651.5  11796.4
      -6.2      66.1      -4.9      44.9
      -1.7      35.9       -.4      15.4
      -1.7      28.0       -.7      12.3
      -2.0      29.2       -.9      13.6
 39826  -.211513  -.793174  -.571085
  37910.1  14050.7    -15.8     73.9     11.6     11.4
      -.2     24.1     13.0     33.1  13628.3  14944.2
      -7.4      59.0      -6.0      46.8
      -1.5      36.1       -.6      14.8
      -1.1      31.4       -.5      11.6
      -2.1      34.0      -1.0      11.9
 39827  -.187186  -.842336  -.505402
  43217.6  13430.4      -.3     43.3     12.3     10.0
       .1     28.4     13.5     31.6  17221.7  18163.6
      -7.6      56.9      -3.6      48.3
       -.7      32.4       -.3      14.6
       -.2      30.3       -.1      11.2
      -1.5      35.6       -.6      11.4
 39828  -.167009  -.876798  -.450925
  48651.5  13018.8    -45.9    178.9     12.3      9.9
     -1.0     21.1     13.7     30.2  19685.2  21847.3
      -9.3      54.9      -4.9      46.8
      -1.2      30.9       -.4      14.8
      -1.0      27.8       -.6      10.7
      -1.2      29.9       -.5      10.6
 39829  -.150261  -.901568  -.405706
  54532.4  12745.3    -79.8    200.4     10.8     12.6
      -.3     86.6     13.6     29.2  21917.7  24122.7
      -7.4      58.5      -4.6      54.4
      -1.3      32.8       -.6      14.8
       -.9      31.7       -.3      10.5
       -.4      35.9       -.4       9.9
 39830  -.136269  -.919816  -.367926
  60430.4  12594.4   -117.7    215.7     11.2     14.8
      -.3     86.6     14.0     28.3  23580.3  27838.4
     -10.2      56.0      -4.7      53.9
      -1.1      32.3       -.4      15.1
       -.6      28.8       -.4       9.6
       -.9      32.6       -.6       8.9
 39831  -.124476  -.933570  -.336085
  66236.0  12370.9    -60.4    280.9      9.5     22.2
      -.3     86.6     13.7     27.5  25056.1  29257.6
      -7.8      59.0      -4.5      58.0
       -.6      34.1       -.5      15.5
       -.2      32.8       -.2       9.5
      -1.1      38.6       -.4       8.7
 39832  -.114443  -.944153  -.308995
  72562.6  12265.9    -77.2    319.1     10.6     23.7
      -.3     86.6     14.1     26.9  28808.6  34802.3
      -8.3      54.9      -6.4      61.2
       -.7      32.6       -.2      15.8
       -.3      29.2       -.2       9.3
        .2      34.4       -.3       7.9
 39833  -.105828  -.952448  -.285734
  78778.5  12355.1    -14.6    361.9     11.9     30.9
      -.3     86.6     14.0     26.3  30060.9  37596.8
      -8.7      55.5      -8.0      60.5
       -.7      35.3       -.6      17.5
       -.2      34.1        .0       9.1
        .1      40.6       -.1       7.9
 39834   .872340  -.130851  -.471064
  48346.1   9351.0      -.1     29.9     43.4    163.4
       .0     70.5     12.3     57.7  11630.0  13802.5
     -10.1      63.9      11.1      58.5
       -.3      12.2       2.4      33.2
       -.1       6.3       1.2      27.1
       -.1       6.1       1.6      34.0
 39835   .848868  -.141478  -.509321
  44295.5   9648.6      -.6     30.2     53.2    142.0
      -.4     71.1     12.3     57.7  10076.3  11960.6
      -7.1      62.4       7.3      56.9
       -.5      11.6       2.3      33.2
       -.4       6.7       2.2      27.1
        .0       6.5       1.1      31.4
 39836   .819017  -.153566  -.552837
  40486.1  10110.5      -.6     30.5     24.1    122.3
      -.4     71.9      6.6     27.7  10016.4  12613.9
      -9.6      63.5       7.7      57.3
       -.3      10.6       1.7      31.2
       -.2       6.8       1.6      25.0
       -.1       6.8       1.3      27.2
 39837   .780626  -.167277  -.602197
  37017.0  10625.8      -.1     30.6     22.0     93.8
      -.1     72.3     13.9     20.0  10757.8  13443.5
      -8.2      63.5       9.6      55.7
       -.9      10.7       2.4      30.2
       -.4       7.1       1.8      23.8
       -.4       7.5       1.6      25.5
 39838   .730784  -.182696  -.657706
  33580.3  11418.4      -.6     31.4     15.1     69.4
      -.6     73.1     13.3     16.5  11136.4  12498.2
      -5.2      57.0       6.9      52.6
       -.5       9.9       1.8      27.7
       -.4       7.1       2.0      21.9
       -.4       7.6       1.6      23.5
 39839   .665721  -.199716  -.718978
  30582.5  12677.9      -.4     32.0     20.5     33.5
      -.4     73.7     13.6     22.7   9673.7  11328.8
      -5.9      57.4       7.8      50.1
       -.7      10.6       1.7      26.3
       -.4       7.5       2.0      19.9
       -.4       7.9       1.6      21.2
 39840   .580932  -.217849  -.784258
  28245.1  15039.3      -.6     33.0     14.3     13.3
      -.6     74.4     13.7     31.1   8345.5   9023.5
     -10.6      55.2       7.9      46.4
       -.7       9.9       1.5      20.8
       -.7       7.3       1.6      15.3
       -.4       7.8       1.3      15.9
 39841   .471929  -.235965  -.849473
  26359.3  19456.4     -1.0     33.6     13.7     13.7
      -.9     75.1     13.7     39.6   8811.6   9416.4
      -7.2      54.2       6.0      43.0
       -.6       9.7       1.3      13.6
       -.5       7.5       1.3      10.1
       -.6       7.8       1.6       9.6
 39842   .336099  -.252074  -.907467
  24973.4  21790.2      -.6     34.0     13.3     19.5
      -.7     75.4     13.4     47.7   8202.3   8885.3
      -6.1      54.5       5.5      47.0
       -.9      10.1        .9       9.2
       -.8       7.3        .8       6.2
       -.8       7.7        .9       5.7
 39843   .175655  -.263482  -.948537
  24430.5  20783.7     -1.0     33.3     13.0     26.3
      -.8     75.1     13.0     55.0   8072.1   8707.3
      -6.7      53.0       5.2      61.9
       -.7      10.4        .7       7.4
       -.8       6.4        .2       2.5
       -.7       6.2        .2       2.0
 39844   .000000  -.267644  -.963518
  23864.8  20496.0      -.9     33.6     12.2     24.3
      -.9     75.6     12.2     52.9   8123.2   8542.7
      -2.4      51.9      -1.1      54.6
       -.7       9.7        .1       7.5
       -.5       6.5        .1       4.2
       -.8       6.4       -.2       4.4
 39845  -.088862  -.266585  -.959706
  23611.4  20561.3      -.7     34.0     12.5     21.4
      -.6     75.9     12.6     49.6   7583.9   8183.0
      -5.9      52.8      -2.9      48.2
       -.5       9.7       -.1       7.6
       -.1       7.0       -.2       6.0
       -.4       6.7       -.4       6.5
 39846  -.175655  -.263482  -.948537
  23571.0  20567.3      -.6     34.3     11.8     18.8
      -.6     76.0     12.0     46.2   7205.9   7935.4
      -3.8      52.5      -2.9      39.5
       -.3       9.6       -.4      10.4
       -.6       7.2       -.9       8.3
       -.7       7.2       -.4       8.8
 39847  -.258544  -.258544  -.930758
  23762.4  19611.2      -.7     34.7     11.8     17.0
      -.7     76.0     12.1     42.7   7406.0   7877.7
      -3.4      53.8      -4.1      41.9
       -.4       9.5       -.7      12.5
       -.5       7.3       -.9      10.4
       -.9       7.4       -.8      11.1
 39848  -.336099  -.252074  -.907467
  24305.1  17096.1      -.8     34.6     11.5     15.7
      -.8     76.1     12.2     39.1   7180.4   7704.1
      -3.6      54.3      -3.8      41.3
       -.6       9.4      -1.0      15.4
       -.4       7.2      -1.0      12.6
       -.5       7.3      -1.4      14.1
 39849  -.407380  -.244428  -.879941
  24781.4  14772.5      -.7     34.3     10.6     16.4
      -.6     76.0     12.0     35.6   6586.6   7178.2
      -1.0      54.9      -4.0      41.9
       -.8       9.8      -1.6      18.3
       -.4       7.5      -1.4      15.8
       -.7       7.6      -1.6      18.4
 39850  -.471929  -.235965  -.849473
  25578.4  13603.2     -1.0     34.5      9.0     27.8
      -.9     75.9     12.4     32.0   6825.8   7523.0
      -2.8      57.0      -5.2      45.2
       -.6      10.2      -1.5      22.7
        .1       7.8      -1.5      18.4
       -.4       7.6      -2.3      21.7
 39851  -.529695  -.227012  -.817244
  26435.5  12337.2      -.4     34.2      7.5     43.0
      -.4     75.5     12.3     28.3   7178.9   7792.6
      -1.8      53.8      -6.0      48.8
       -.1      10.4      -1.6      25.8
       -.4       8.2      -2.4      20.9
       -.7       7.8      -2.1      23.4
 39852  -.580932  -.217849  -.784258
  27475.7  11563.8      -.8     34.2      1.8     60.8
      -.6     75.3     12.3     25.1   7150.0   7697.4
      -1.4      53.9      -5.5      48.5
        .1      10.2      -1.7      26.8
       -.4       7.8      -2.2      22.7
       -.6       7.9      -2.6      25.1
 39853  -.665721  -.199716  -.718978
  29963.0  10465.4      -.5     34.4      2.8     79.1
      -.1     74.8     13.9     21.9   7248.1   7895.3
      -3.4      56.7      -5.4      52.4
       -.5      10.4      -1.8      29.0
       -.4       7.6      -1.4      24.8
       -.3       7.3      -2.0      28.7
 39854  -.730784  -.182696  -.657706
  32901.5   9734.9      -.5     35.5     10.3    107.6
      -.4     74.1     15.1     26.5   7230.1   7858.2
       1.2      58.9      -7.3      55.3
       -.3      11.0      -1.2      32.7
       -.2       7.4      -2.0      27.8
       -.2       7.5      -1.8      36.4
 39855  -.780626  -.167277  -.602197
  36095.1   9197.2      -.9     36.0      1.2    127.4
      -.3     73.3     15.6     31.4   7187.8   7897.2
        .3      60.0      -7.9      57.3
       -.1      11.2       -.9      34.5
        .1       6.9       -.7      29.2
       -.2       6.9      -2.9      43.2
 39856  -.819017  -.153566  -.552837
  39210.9   8815.3      -.7     36.9     -3.0    151.4
      -.2     72.9     12.3     57.7   7578.7   7994.0
       1.4      61.3      -6.2      56.9
       -.6      11.6       -.7      36.6
        .0       6.8       -.8      33.3
        .0       6.6      -3.1      54.9
 39857  -.848868  -.141478  -.509321
  42830.7   8679.5      -.4     37.5     -8.4    172.1
       .1     72.2     12.3     57.7   7529.0   8074.4
        .7      63.4      -6.4      60.1
       -.2      12.8       -.9      37.8
       -.5       6.9      -1.5      35.1
        .0       6.5      -1.1      64.5
 39858  -.872340  -.130851  -.471064
  46084.0   8402.2      -.7     38.3    -21.7    195.2
       .1     71.7     12.3     57.7   7714.1   8347.9
       2.1      63.1      -7.0      61.7
        .3      13.0        .1      39.8
        .0       6.7       -.7      38.1
       -.2       7.1      -3.0      79.9
 39859  -.891017  -.121502  -.437408
  49663.2   8252.9      -.5     38.7    -18.2    219.5
       .0     71.4     12.3     57.7   7523.2   8264.6
       5.0      63.0      -5.3      56.8
        .4      12.6       1.0      39.4
        .2       7.0       -.3      39.7
       -.2       9.1      -2.6      90.0
 39860  -.906054  -.113257  -.407724
  53195.8   8106.2      -.5     39.1    -11.0    243.0
      -.1     70.9     12.3     57.7   8106.5   8668.7
       6.0      65.7      -4.6      60.3
        .4      14.6        .5      41.4
        .1       6.4        .1      41.9
        .0       9.3      -3.0     102.2
 39861  -.918298  -.105957  -.381447
  56588.2   8225.3      -.3     39.6    -23.9    272.5
       .1     70.7     12.3     57.7   8014.3   8669.0
       6.1      63.9      -4.4      58.9
        .6      15.8        .0      41.7
        .1       7.1       -.2      44.9
        .4       9.9      -1.0     110.7
 39862  -.928375  -.099469  -.358087
  60042.2   8030.9      -.2     39.8    -40.3    288.0
       .2     70.4     12.3     57.7   8366.1   9004.6
       3.7      65.8      -7.2      59.3
        .4      16.4       1.2      42.4
       -.2      10.5        .9      49.8
       -.2      12.4      -2.5     121.8
 39863   .850763  -.255229  -.459412
  47926.6   9557.6      -.7     25.8     36.7    166.3
      -.1     55.5     12.3     57.7   9253.3  10396.4
      -6.6      52.2       8.2      56.1
       -.4      16.8       1.3      34.7
        .0      11.8       1.6      28.8
       -.2      11.6        .9      42.6
 39864   .824475  -.274825  -.494685
  44497.4   9955.2     -1.2     24.0     44.1    146.0
      -.3     56.5     12.3     57.7   9744.7  10851.2
      -7.8      54.6      11.7      57.5
       -.5      17.5       1.9      33.7
       -.2      12.7       1.6      28.4
       -.5      12.8       1.7      35.9
 39865   .791497  -.296812  -.534261
  40962.1  10372.7      -.5     22.8     30.6    122.4
      -.2     57.5      1.7     28.6  10045.7  11426.6
      -6.1      52.0       8.6      57.4
       -.8      16.7       1.7      31.8
       -.6      13.0       1.5      26.6
       -.3      13.0        .8      31.0
 39866   .749790  -.321338  -.578409
  37652.2  10997.2      -.5     21.4     35.9     98.1
      -.5     58.7     11.8     20.8  10334.6  12294.6
      -7.2      55.5       6.0      55.9
       -.5      17.7       1.2      31.0
       -.7      14.1       1.5      25.1
       -.6      14.3       1.0      27.5
 39867   .696733  -.348367  -.627060
  34450.3  12023.8     -1.0     21.7     38.5     68.5
      -.6     59.9     12.9     17.8  10708.5  12306.4
      -5.6      49.6       5.8      50.3
       -.9      17.4       1.6      27.7
       -.6      14.1       1.6      23.2
       -.9      14.0       1.1      25.0
 39868   .629142  -.377485  -.679474
  31849.4  13301.0      -.9     22.7     15.6     29.6
      -.7     61.1     13.1     22.5  11320.5  12650.5
      -7.3      50.4       6.5      51.4
      -1.0      17.6       1.5      26.3
      -1.0      14.0       1.2      21.1
      -1.0      14.6       1.0      22.6
 39869   .543526  -.407645  -.733761
  29701.5  16033.1      -.8     24.3     13.5     14.0
      -.8     62.6     13.2     30.7   9056.1   9832.9
      -7.0      51.1       4.5      48.2
      -1.1      18.1       1.7      21.5
      -1.1      14.3       1.2      15.7
      -1.3      14.6       1.1      16.7
 39870   .436852  -.436852  -.786334
  27833.5  19651.2     -1.1     24.8     13.5     15.0
     -1.1     62.8     13.4     39.0   9396.2  10140.0
      -6.5      49.0       3.7      43.0
      -1.7      17.7       1.4      14.1
      -1.6      13.8       1.3      10.6
       -.9      14.4        .9      10.5
 39871   .308021  -.462031  -.831656
  26694.7  21217.4     -1.1     24.9     13.2     19.3
     -1.1     63.3     13.2     47.3   9087.3   9588.9
      -5.8      50.4       4.2      47.6
      -1.3      17.9        .8       9.2
      -1.1      13.5        .7       6.6
      -1.0      13.5        .6       6.3
 39872   .159801  -.479402  -.862924
  26304.0  20439.6     -1.0     23.9     12.5     26.1
      -.6     62.9     12.5     54.9   8614.6   9312.0
      -8.1      52.1       2.1      66.8
       -.9      17.5        .0       7.5
       -.9      12.8        .3       2.6
      -1.2      11.7        .1       2.3
 39873   .000000  -.485643  -.874157
  25881.9  19822.0     -1.1     23.7     12.5     24.1
     -1.0     63.0     12.5     52.6   8961.6   9709.3
      -7.3      49.4      -2.0      56.5
      -1.5      16.9        .4       6.9
      -1.1      12.5        .2       4.2
      -1.4      11.6       -.2       4.3
 39874  -.080677  -.484060  -.871308
  25583.7  19710.7     -1.2     24.9     11.8     21.2
      -.7     63.5     12.0     49.1   8452.6   8967.2
      -6.2      46.2      -2.1      46.6
      -1.4      17.0       -.2       8.1
      -1.0      12.7       -.3       6.3
      -1.1      12.5       -.5       6.7
 39875  -.159801  -.479402  -.862924
  25541.4  19875.3     -1.3     25.4     11.7     18.6
      -.8     63.8     12.0     45.6   8308.7   8908.0
      -3.9      49.8      -2.5      44.9
      -1.2      17.1       -.5      10.0
       -.9      13.1       -.5       8.4
      -1.3      13.0      -1.0       9.0
 39876  -.235965  -.471929  -.849473
  25674.7  19332.1     -1.2     25.9     11.6     16.6
      -.8     63.9     12.1     42.0   8005.8   8648.0
      -5.3      50.1      -3.7      43.2
      -1.2      17.5       -.6      12.6
      -1.0      13.7       -.7      10.6
      -1.1      14.1      -1.0      11.3
 39877  -.308021  -.462031  -.831656
  26104.7  17600.7     -1.1     26.0     11.2     16.1
      -.9     64.0     12.0     38.4   8240.5   8630.8
      -3.9      50.9      -4.3      40.6
       -.8      17.5       -.7      15.5
       -.8      14.0       -.8      13.0
       -.8      13.8      -1.2      14.3
 39878  -.375145  -.450175  -.810314
  26430.1  16167.9      -.9     25.8     10.8     17.2
      -.6     64.1     12.4     34.8   7754.1   8443.3
      -1.9      51.3      -2.8      42.4
      -1.1      17.5      -1.1      18.5
       -.5      14.2      -1.1      15.9
      -1.0      13.6      -1.7      18.7
 39879  -.436852  -.436852  -.786334
  27155.6  14982.5     -1.1     25.7      9.6     22.3
      -.7     63.8     12.2     31.5   7759.8   8386.9
      -5.3      50.2      -5.5      45.4
       -.7      18.3      -1.6      22.7
       -.6      14.6      -1.6      18.6
      -1.0      14.7      -2.1      22.1
 39880  -.492958  -.422535  -.760563
  27806.0  13285.8     -1.1     25.7      5.6     36.2
      -.5     63.4     12.4     28.1   7911.0   8505.4
      -3.2      48.7      -5.4      48.8
       -.7      17.6      -1.7      25.5
       -.2      15.1      -2.1      21.9
       -.3      15.0      -2.4      24.2
 39881  -.543526  -.407645  -.733761
  28759.9  12706.1     -1.1     25.6       .1     55.5
      -.7     63.1     12.3     25.1   7847.3   8471.1
      -5.1      49.6      -6.6      47.7
       -.6      18.0      -1.6      27.9
       -.7      14.7      -2.2      23.5
       -.9      15.4      -2.5      26.3
 39882  -.629142  -.377485  -.679474
  30956.6  11255.4     -1.3     27.6      4.5     78.3
      -.4     62.1     12.5     23.2   7499.2   7921.6
      -1.7      50.8      -4.9      52.4
       -.6      17.5       -.9      29.3
       -.4      14.4      -1.5      25.9
       -.8      14.8      -3.2      30.5
 39883  -.696733  -.348367  -.627060
  33512.3  10339.8      -.6     31.1      3.9    106.6
       .0     61.1     14.2     27.4   7458.0   7953.7
       -.4      50.3      -3.6      54.5
       -.4      17.3      -1.1      32.8
       -.4      14.0      -1.0      28.6
       -.4      14.6      -2.3      38.2
 39884  -.749790  -.321338  -.578409
  36170.7   9612.7     -1.4     34.3     -8.4    127.0
       .1     59.9     25.5     32.6   7504.4   8018.3
       -.9      50.0      -5.8      55.4
       -.1      16.7       -.5      34.7
       -.2      13.1      -1.4      31.5
        .0      13.0      -2.7      47.4
 39885  -.791497  -.296812  -.534261
  39239.3   9229.5     -1.9     37.4      -.1    151.1
       .1     58.8     12.3     57.7   7596.3   8018.8
      -1.2      52.9      -6.4      60.0
        .0      16.5      -1.1      38.8
        .1      13.2       -.2      34.9
        .2      13.2      -4.6      61.4
 39886  -.824475  -.274825  -.494685
  42084.5   8936.0     -1.6     40.1    -10.1    174.6
      -.1     57.8     12.3     57.7   7681.2   8157.3
       1.3      52.6      -4.6      58.7
        .2      15.8       -.2      40.9
        .2      11.6       -.8      38.1
        .1      12.0      -3.4      73.1
 39887  -.850763  -.255229  -.459412
  45117.3   8657.3     -1.6     42.7    -11.7    194.9
       .2     56.5     12.3     57.7   7717.5   8309.1
      -1.6      48.8      -6.6      58.6
        .1      15.7       -.2      42.8
       -.1      11.9      -1.0      43.6
        .6      13.0      -4.0      89.3
 39888  -.871918  -.237796  -.428033
  48524.2   8517.9     -1.5     44.1    -18.9    219.1
       .2     55.9     12.3     57.7   7684.7   8338.6
       3.5      51.1      -4.6      62.1
        .2      14.8        .0      44.8
        .1      11.1       -.6      46.0
        .4      13.4      -4.0      99.2
 39889  -.889108  -.222277  -.400099
  51696.6   8371.4      -.1     45.5     -5.0    248.6
       .3     55.4     12.3     57.7   7930.1   8498.0
       1.6      54.1      -3.1      62.9
       -.1      14.9        .3      46.5
        .0      11.8        .4      49.6
       -.2      14.3      -1.6     113.6
 39890  -.903213  -.208434  -.375181
  54748.8   8249.2     -1.0     46.6    -11.8    266.9
       .1     54.7     12.3     57.7   8234.7   8659.1
       1.6      48.6      -3.0      59.4
        .3      14.6       1.2      46.2
        .6      10.7       1.1      55.1
        .5      16.8      -2.2     124.7
 39891  -.914896  -.196049  -.352888
  57954.3   8232.5      -.8     47.8    -32.2    286.9
       .0     54.2     12.3     57.7   8098.5   8568.2
       1.8      52.3      -3.7      63.0
        .1      15.4       1.1      50.4
        .4      11.3       -.7      58.4
        .3      19.4      -2.3     133.9
 39892   .469758  -.845564  -.253669
  84069.3  13882.0   -212.3    333.9    109.8    157.9
      -.3     86.6     12.3     57.7  26929.4  34634.9
     -10.2      57.7       5.6      57.8
        .3      37.0        .9      27.0
        .3      35.4        .8      21.8
        .3      45.4        .4      28.6
 39893   .431934  -.863868  -.259161
  82461.1  13770.5   -261.6    278.6    118.4    117.7
      -.3     86.6     12.3     57.7  21384.9  29194.1
     -12.1      59.8       5.7      58.5
       -.5      36.4       1.1      26.6
        .4      35.7        .3      21.9
        .2      46.5        .9      26.7
 39894   .391687  -.881295  -.264388
  81387.7  13539.4   -110.6    333.2     48.6    128.1
      -.3     86.6     12.3     57.7  20613.8  25860.1
     -11.6      57.6       4.0      58.6
       -.5      37.5        .8      24.8
        .1      36.1        .7      19.5
       1.3      49.8        .1      24.9
 39895   .349059  -.897580  -.269274
  80104.1  13373.6   -142.2    313.6     57.0    105.8
      -.3     86.6     12.3     57.7  15675.0  21495.0
      -9.0      57.3       -.3      56.6
       -.3      37.2       1.1      23.3
        .5      36.5        .2      18.6
       -.3      51.3        .4      23.1
 39896   .304150  -.912449  -.273735
  79045.7  13110.4    -96.3    326.7     32.5     89.4
      -.3     86.6      8.2      7.9  15177.2  21252.8
      -7.5      57.7        .0      60.3
       -.9      36.5        .8      21.3
       -.4      37.3        .3      15.9
        .4      53.8        .4      16.6
 39897   .257118  -.925624  -.277687
  78453.1  13027.3   -159.2    320.9     29.3     73.1
      -.3     86.6     12.8      9.3  16395.0  21838.6
     -11.3      60.0       1.9      60.5
       -.2      36.2        .3      19.3
       -.1      37.0        .4      14.3
       1.0      54.5       -.2      14.8
 39898   .208187  -.936839  -.281052
  78155.3  12805.9   -227.4    294.0     16.8     56.4
      -.3     86.6     13.2     18.5  17644.9  22896.7
     -11.4      57.5        .8      64.2
       -.6      37.8        .2      18.5
       -.2      37.3        .4      11.8
       1.6      56.9        .1      10.5
 39899   .157642  -.945850  -.283755
  78106.9  12612.0   -147.9    337.4     12.7     22.7
      -.3     86.6     13.7     29.8  20257.7  25832.1
      -9.3      56.8        .3      69.4
      -1.5      36.2        .6      17.2
       -.5      36.3        .4       9.2
        .5      52.6        .3       8.1
 39900   .105828  -.952448  -.285734
  78352.3  12428.3   -231.9    286.0     13.7     15.0
      -.3     86.6     13.7     41.4  21205.1  26757.2
     -10.4      57.4      -2.4      79.0
       -.2      36.3        .4      20.2
       -.7      36.2        .3       7.1
        .8      49.2        .2       6.3
 39901   .053137  -.956473  -.286942
  79047.9  12301.1      -.3     43.3     13.6     24.4
      -.3     86.6     13.6     52.7  27293.6  36846.5
     -11.5      60.0      -2.2      90.7
      -1.8      35.2       -.2      36.9
       -.7      34.0        .3       6.5
       -.7      41.7       -.2       6.3
 39902   .000000  -.957826  -.287348
  79188.9  12247.9      -.3     43.3     13.9     21.1
      -.3     86.6     14.0     49.4  38606.5  41132.9
     -11.5      60.5     -10.1      99.9
      -1.3      34.4       -.2      32.0
       -.8      32.9        .6       6.1
      -1.4      36.3        .6       3.5
 39903  -.026597  -.957487  -.287246
  79383.7  12250.7      -.3     43.3     14.0     15.4
      -.3     86.6     14.1     43.8  39643.3  41953.7
     -10.0      59.7      -5.8      84.2
       -.9      34.9       -.5      25.4
       -.7      32.6        .4       5.3
       -.4      34.9        .3       4.3
 39904  -.053137  -.956473  -.286942
  79042.9  12258.0      -.3     43.3     13.7     10.5
      -.3     86.6     14.1     37.9  37500.1  40486.4
     -11.6      59.8      -5.1      79.5
      -1.0      35.0        .0      18.2
      -1.0      33.6        .0       6.8
       -.2      36.6        .0       5.4
 39905  -.079566  -.954790  -.286437
  79120.9  12286.8      -.3     43.3     13.7      9.4
      -.3     86.6     14.3     31.9  34179.9  39163.9
      -8.8      57.1      -3.9      69.7
      -1.1      35.9       -.3      16.8
       -.1      33.7        .1       7.4
        .6      39.8        .0       6.6
 39906  -.105828  -.952448  -.285734
  78610.2  12327.7     17.6    353.8     10.1     47.9
      -.3     86.6     14.1     26.2  27774.7  35288.9
     -11.6      62.0      -7.8      68.0
       -.4      35.4       -.3      16.1
       -.3      34.5       -.2       9.0
       1.1      42.8        .0       7.7
 39907  -.131870  -.949462  -.284838
  78708.0  12422.5   -247.7    273.4      3.9     53.3
      -.3     86.6     13.9     20.5  26083.4  33117.8
     -10.4      59.6      -6.9      64.5
       -.6      35.5       -.2      17.6
       -.1      34.4        .0      10.4
       -.3      43.4       -.4       9.5
 39908  -.157642  -.945850  -.283755
  78614.9  12384.0   -281.7    234.9     -5.4     55.8
      -.3     86.6     14.0     15.3  23773.4  31711.5
     -11.4      58.1      -8.3      61.2
       -.8      35.7       -.4      17.6
       -.5      35.5       -.4      11.1
        .4      45.2       -.4      10.5
 39909  -.183096  -.941634  -.282490
  78358.9  12336.1   -162.4    332.0     -4.6     73.1
      -.3     86.6     14.1     11.0  20176.9  26450.9
      -8.5      56.4      -6.0      59.4
       -.7      36.7       -.4      19.2
       -.2      35.4       -.2      12.9
        .0      47.1       -.4      12.8
 39910  -.208187  -.936839  -.281052
  78557.5  12395.4   -116.2    342.9     -5.7     83.4
      -.3     86.6     13.8      9.2  22892.9  32462.9
      -8.0      57.2      -5.7      56.7
       -.1      36.2       -.2      18.7
       -.2      35.5        .2      12.7
        .7      45.9        .3      13.6
 39911  -.257118  -.925624  -.277687
  78644.2  12530.3   -131.1    321.0    -10.3     90.8
      -.3     86.6     12.3      5.4  20866.2  29245.0
      -8.3      56.9      -7.7      54.6
       -.6      35.6       -.1      21.0
       -.6      35.7       -.4      15.8
        .2      47.2       -.2      16.2
 39912  -.304150  -.912449  -.273735
  79069.6  12686.0   -203.7    294.3    -60.1    102.2
      -.3     86.6     12.3     57.7  20481.2  26607.1
      -9.7      60.4     -10.1      56.8
       -.4      36.9        .0      22.0
       -.3      35.8        .2      17.5
       1.0      47.6        .3      22.7
 39913  -.349059  -.897580  -.269274
  80175.2  12740.4    -31.5    366.0     -4.9    143.3
      -.3     86.6     12.3     57.7  20411.1  28488.2
      -6.9      59.0      -9.1      57.1
       -.3      36.6       -.1      24.5
       -.1      35.6        .4      19.7
        .5      45.0        .5      24.5
 39914  -.391687  -.881295  -.264388
  81285.5  13121.0   -155.4    338.3    -52.9    144.1
      -.3     86.6     12.3     57.7  21997.7  28087.9
      -7.1      57.6      -8.5      51.9
        .3      36.4        .4      25.7
       -.2      35.6       -.2      21.7
        .6      46.2        .2      26.9
 39915  -.431934  -.863868  -.259161
  82275.6  13229.8   -162.3    369.0    -65.1    172.1
      -.3     86.6     12.3     57.7  27762.9  34644.5
      -4.7      59.1      -4.5      53.0
        .6      36.8        .3      26.5
        .4      35.0        .6      21.8
        .7      43.7        .3      26.9
 39916  -.469758  -.845564  -.253669
  83984.2  13225.2      -.3     43.3     12.3     28.9
      -.3     86.6     12.3     57.7  27050.9  36575.5
      -7.1      61.4      -6.3      52.9
        .5      36.1        .9      28.4
       -.3      34.6        .0      24.8
       1.3      43.6        .6      29.4
 39917  -.505162  -.826628  -.247988
  85479.1  13112.7   -170.9    307.5     12.3     28.9
      -.3     86.6     12.3     57.7  30443.2  36778.8
      -6.0      59.2      -4.8      48.9
        .5      35.6        .8      29.4
        .1      35.8        .6      27.1
       1.2      42.7        .1      31.4
 39918  -.538187  -.807280  -.242184
  87108.5  13041.5   -156.7    316.9    -99.0    246.9
      -.3     86.6     12.3     57.7  25918.4  32246.1
      -5.1      57.7      -6.7      50.7
       -.5      36.4        .1      31.4
       1.3      35.2       1.1      28.4
        .8      44.9        .5      37.9
 39919  -.568907  -.787718  -.236315
  88574.3  13011.7   -159.8    289.9   -107.9    266.9
      -.3     86.6     12.3     57.7  23831.3  28034.6
      -4.6      60.4      -7.3      48.9
        .0      36.0        .4      32.1
       1.2      34.6       1.5      29.5
        .8      55.0        .5      46.8
 39920  -.597418  -.768109  -.230433
  90245.1  12844.7   -153.7    301.2   -146.7    263.6
      -.3     86.6     12.3     57.7  19178.2  23013.9
      -5.4      58.1      -4.5      47.9
        .2      37.3       1.1      34.1
       1.0      37.3       1.3      33.5
       2.3      71.8       1.3      63.0
