One_closed_ring_2012lk:dj0045b1@-300V,0.0T@20d,277K,rhe=1.10,rhh=0.7, 0.65/1.30 
  6883   1   .00  28   3  29   1  300.00  277.00     .45 1.22200  2000.0     .20    -.12  150.  100.  270.  2500.0     .10    -.06    1.50    1.00     .85
 45806  -.105828   .952448  -.285734
  83411.6  12783.0       .1     43.3      -.2      5.5
       .1     86.6       .2     32.8  41463.0  44157.5
      12.2      57.6       -.5      70.4
        .2      31.1       -.1      16.8
        .7      29.8       -.1       6.5
        .7      31.9       -.2       5.4
 45807  -.114443   .944153  -.308995
  76963.8  12815.5       .1     43.3      -.1      5.8
       .1     86.6       .0     33.0  38442.1  40303.7
      10.8      52.3        .0      66.0
       1.0      30.6       -.1      15.9
        .3      27.0       -.2       6.7
        .7      27.4       -.2       5.4
 45808  -.124476   .933570  -.336085
  70771.0  12947.1       .1     43.3      -.1      6.5
       .1     86.6       .0     33.3  35191.2  36960.3
       8.4      51.4      -3.4      67.2
        .7      31.0       -.4      15.4
        .3      29.1        .0       6.9
       1.2      31.7       -.1       5.7
 45809  -.136269   .919816  -.367926
  64460.8  13065.4       .1     43.3       .0      6.7
       .1     86.6       .0     33.8  30996.9  32715.4
       9.8      55.3      -4.4      63.3
        .5      29.7       -.1      13.1
        .3      26.6       -.1       6.9
        .6      26.5       -.1       5.8
 45810  -.150261   .901568  -.405706
  58289.5  13251.6       .1     43.3      -.1      7.1
       .1     86.6      -.1     34.5  27705.4  29219.7
       9.8      55.8      -1.5      60.8
        .3      29.7       -.1      12.4
        .7      27.6       -.1       6.9
        .3      31.0       -.1       6.4
 45811  -.167009   .876798  -.450925
  52264.0  13585.5       .1     43.3       .0      7.9
       .1     86.6       .0     35.0  23886.0  25131.5
      11.1      57.2      -3.6      57.5
        .5      29.2       -.3      12.0
        .2      26.4       -.2       7.0
        .6      26.1       -.3       6.5
 45812  -.187186   .842336  -.505402
  46582.4  14004.8       .1     43.3       .1      8.8
      4.1     31.3       .1     36.1  21107.8  22139.1
       8.3      55.7      -2.4      52.1
        .2      28.4       -.1      11.7
        .4      25.8       -.1       7.6
        .1      29.5       -.2       7.2
 45813  -.211513   .793174  -.571085
  41257.9  14812.7       .1     43.3       .1      9.9
      -.5     18.6       .0     36.7  16902.6  17725.9
      10.5      61.3      -1.8      50.9
        .6      31.4       -.2      11.2
        .4      28.1       -.3       7.8
        .9      29.7       -.1       7.6
 45814  -.240493   .721479  -.649331
  36094.2  16122.3    -11.4     30.4      -.3     11.1
       .3     28.4      -.1     37.5  14996.1  15837.7
       8.0      57.8      -3.0      44.1
       1.2      32.7       -.3      11.2
       1.0      25.2       -.4       8.1
       1.0      25.5       -.4       8.1
 45815  -.273665   .615745  -.738895
  31744.6  18579.8      1.2     17.6      -.1     12.2
       .5     44.2      -.1     38.8  10861.5  11697.0
       7.8      55.0      -3.4      45.7
       1.0      25.4       -.5      11.4
        .5      19.0       -.3       8.4
        .5      19.8       -.3       8.3
 45816  -.308021   .462031  -.831656
  28329.0  20510.7       .5     21.2      -.2     13.3
       .1     59.5      -.1     39.9  10456.8  11124.5
       4.7      49.8      -3.0      41.2
        .4      16.9       -.4      11.2
        .5      12.8       -.4       8.3
        .2      12.6       -.5       8.6
 45817  -.336099   .252074  -.907467
  26195.9  19781.0       .7     31.8      -.5     13.3
       .5     73.5      -.3     40.2   9391.3  10198.2
       5.5      52.8      -4.2      39.5
        .4       8.9       -.5      11.2
        .2       7.0       -.4       8.4
        .3       6.5       -.4       8.3
 45818  -.347314   .000000  -.937749
  25770.3  19089.7       .1     42.4      -.4     12.5
       .1     85.4      -.4     40.2   9855.5  10744.1
       -.9      70.7      -3.7      40.0
       2.6      16.2       -.6      10.9
       -.4       2.0       -.2       8.2
       -.2        .7       -.6       7.3
 45819  -.344406  -.129152  -.929895
  25781.4  19256.0      -.7     37.3      -.2     12.9
      -.6     79.9      -.4     40.4   9502.0  10078.7
      -3.9      58.8      -4.6      36.3
       -.5       5.2       -.6      10.9
       -.5       3.3       -.4       8.1
       -.3       3.3       -.6       7.8
 45820  -.336099  -.252074  -.907467
  26236.2  19765.7      -.4     31.7      -.2     13.3
      -.4     73.5      -.3     40.3   9288.6  10160.3
      -4.2      52.6      -3.7      41.6
       -.5       9.1       -.5      11.3
       -.6       6.7       -.5       8.4
       -.4       6.6       -.5       8.2
 45821  -.323497  -.363934  -.873442
  27092.2  20290.4      -.5     26.3      -.3     13.4
      -.4     66.7      -.4     40.0   9852.2  10589.7
      -7.1      49.0      -4.0      42.0
       -.9      13.0       -.7      11.4
       -.7       9.8       -.5       8.4
       -.6       9.6       -.3       8.5
 45822  -.308021  -.462031  -.831656
  28348.6  20607.5      -.4     21.2      -.5     13.1
      -.2     59.5      -.4     39.6  10309.1  11063.1
      -6.0      48.5      -5.3      45.1
       -.9      16.6       -.3      11.3
       -.9      12.8       -.3       8.5
       -.7      12.5       -.4       8.4
 45823  -.291042  -.545704  -.785813
  29840.3  20007.0      -.4     17.5      -.1     12.8
      -.1     52.2      -.1     39.3  11178.2  11943.9
      -6.8      50.4      -3.0      44.6
       -.8      20.8       -.4      11.6
       -.9      15.7       -.4       8.3
       -.7      15.7       -.3       8.2
 45824  -.273665  -.615745  -.738895
  31908.3  18553.4      -.6     17.9      -.2     12.2
      -.2     44.0      -.2     38.7  11313.3  11990.7
      -5.9      55.9      -3.2      43.6
      -1.0      25.3       -.4      11.3
       -.7      19.0       -.4       8.6
      -1.0      19.5       -.5       8.4
 45825  -.240493  -.721479  -.649331
  36137.1  16135.4     -3.9     24.2      -.2     10.9
      -.3     28.5      -.2     37.7  15080.4  15970.8
      -9.2      63.7      -2.9      48.7
      -1.8      33.2       -.5      11.1
      -1.6      25.5       -.5       8.2
       -.8      25.6       -.4       8.1
 45826  -.211513  -.793174  -.571085
  41248.3  14790.6       .1     43.3      -.3      9.7
      -.4     18.7      -.1     36.6  17074.1  17878.8
     -10.7      57.9      -1.7      50.4
      -1.2      32.1       -.5      11.5
      -1.1      28.2       -.4       7.7
      -1.1      29.7       -.2       7.5
 45827  -.187186  -.842336  -.505402
  46531.1  14008.2       .1     43.3       .1      8.8
      5.6     25.6       .1     35.9  20284.2  21645.4
     -10.2      55.3       -.4      56.0
       -.5      27.9       -.2      12.1
       -.7      25.5       -.4       7.7
       -.7      29.3       -.3       7.2
 45828  -.167009  -.876798  -.450925
  52226.2  13581.6       .1     43.3       .1      8.0
       .1     86.6       .1     35.2  23892.5  25088.8
     -11.3      57.0      -4.2      53.7
       -.8      29.0       -.2      11.5
       -.6      26.2       -.1       7.0
       -.3      26.2       -.1       6.6
 45829  -.150261  -.901568  -.405706
  58175.9  13266.9       .1     43.3       .0      7.2
       .1     86.6       .1     34.5  28077.3  29309.6
     -10.4      57.9       -.9      62.2
       -.5      29.6       -.2      13.1
       -.9      27.6       -.2       7.0
       -.1      31.1        .0       6.4
 45830  -.136269  -.919816  -.367926
  63995.3  12998.0       .1     43.3       .1      6.9
       .1     86.6       .1     34.0  31233.7  32850.8
      -9.2      57.0      -1.8      64.3
       -.6      29.7       -.5      12.4
       -.3      26.6       -.1       6.5
       -.4      27.0       -.1       6.0
 45831  -.124476  -.933570  -.336085
  70829.9  12941.5       .1     43.3       .0      6.2
       .1     86.6       .0     33.4  35766.0  37211.5
     -11.9      57.0      -4.1      66.9
       -.8      30.9       -.1      14.7
       -.5      28.9       -.1       6.5
       -.3      31.2        .0       5.7
 45832  -.114443  -.944153  -.308995
  76999.0  12802.0       .1     43.3       .1      6.1
       .1     86.6      -.1     33.4  38085.7  40260.1
     -11.8      56.9      -3.5      69.9
      -1.1      30.1       -.5      15.5
       -.7      27.0       -.2       7.0
      -1.0      27.8       -.1       5.5
 45833  -.105828  -.952448  -.285734
  83479.9  12794.0       .1     43.3       .0      5.7
       .1     86.6      -.1     32.5  42799.9  44933.4
      -8.7      52.5      -2.2      66.4
       -.9      32.1       -.3      16.4
       -.4      30.3        .1       6.4
       -.6      32.5       -.1       5.3
 45834   .872340  -.130851  -.471064
  51467.5   9079.1      -.3     29.1     45.7    176.8
      -.1     69.7      -.1     57.7  12188.3  15658.9
      -7.4      63.9       9.5      50.7
       -.4      12.1        .6      30.6
       -.2       5.8        .2      26.2
       -.4       5.2        .6      34.1
 45835   .848868  -.141478  -.509321
  47296.4   9302.9      -.5     29.3     45.6    162.2
      -.3     70.3      -.1     57.7  12148.2  15681.9
      -3.8      63.5       7.4      51.8
        .0      11.6        .3      29.5
       -.4       5.9        .7      24.5
       -.3       5.6        .8      30.2
 45836   .819017  -.153566  -.552837
  43483.8   9572.9      -.4     29.1     28.8    133.2
      -.3     70.6      -.1     57.7  11104.8  15017.3
      -4.6      63.6       7.7      52.7
       -.8      11.0       1.2      29.1
       -.1       6.2        .6      23.8
       -.3       5.9        .6      27.0
 45837   .780626  -.167277  -.602197
  39582.8  10021.4      -.1     29.5       .2    125.8
      -.2     70.9     -2.0     23.6  11946.9  15295.9
      -3.6      60.7       7.7      52.0
       -.5      10.1       1.0      27.5
       -.3       6.2        .3      22.3
       -.5       6.1        .9      24.3
 45838   .730784  -.182696  -.657706
  36052.4  10716.8       .0     29.8     -3.3     93.7
       .0     71.7      -.8     18.1  14170.0  15329.3
      -6.0      59.5       7.0      50.7
       -.5      10.0        .3      26.4
       -.3       6.6        .8      21.1
       -.5       6.7        .7      22.9
 45839   .665721  -.199716  -.718978
  32695.5  11633.5      -.1     30.4      2.6     61.9
      -.1     72.3       .0     15.4  12797.9  13558.4
      -3.7      52.8       4.0      43.0
       -.4       9.2        .5      24.6
       -.5       6.5        .4      19.6
       -.2       6.6        .9      21.2
 45840   .580932  -.217849  -.784258
  29976.3  13360.8      -.2     30.8      1.6     21.8
      -.1     72.8       .1     22.1  11548.3  12336.0
      -3.6      50.2       6.1      46.4
       -.6       9.5       1.0      22.4
       -.4       6.6        .8      17.4
       -.6       6.8       1.0      18.2
 45841   .471929  -.235965  -.849473
  27836.0  16295.3      -.4     31.6      1.2     11.5
      -.4     73.3       .5     31.3   8506.6   9434.8
      -5.2      50.2       3.0      42.3
       -.5       9.3        .5      17.3
       -.4       6.9        .8      13.0
       -.6       6.8        .9      13.8
 45842   .336099  -.252074  -.907467
  26338.3  19863.3      -.6     31.9       .2     13.3
      -.6     73.5       .2     40.3   9319.6   9974.9
      -4.1      54.4       4.2      43.0
       -.5       9.7        .8      11.2
       -.5       6.4        .5       8.6
       -.7       6.6        .6       8.3
 45843   .175655  -.263482  -.948537
  25298.2  21525.8      -.7     31.9       .4     20.6
      -.5     73.6       .4     49.1   9065.5   9668.0
      -5.8      53.4       3.0      52.2
       -.4       9.0        .6       6.5
       -.5       6.4        .7       4.4
       -.6       6.3        .6       4.2
 45844   .000000  -.267644  -.963518
  25259.4  21263.7      -.6     31.3      -.1     27.8
      -.6     73.4      -.1     56.6   9228.1  10195.9
      -6.7      49.3       1.3      70.5
       -.8       8.7       -.7      11.6
       -.5       6.1        .1       1.6
       -.6       5.5        .1        .8
 45845  -.088862  -.266585  -.959706
  25051.6  21293.4      -.4     31.5      -.3     24.6
      -.4     73.6      -.3     53.2   9634.8  10197.6
      -5.1      49.8       -.1      57.1
       -.9       9.2       -.6       6.3
       -.7       6.3       -.3       2.2
       -.8       5.8       -.4       2.0
 45846  -.175655  -.263482  -.948537
  25360.4  21575.1      -.8     31.6      -.2     20.5
      -.7     73.6      -.2     49.0   9134.6   9645.2
      -7.5      54.3      -5.1      48.5
       -.8       8.9       -.5       6.5
       -.8       6.2       -.4       4.2
       -.5       6.3       -.3       4.3
 45847  -.258544  -.258544  -.930758
  25583.7  20956.1      -.4     31.8      -.4     16.7
      -.6     73.6      -.3     44.7   9160.0   9930.1
      -8.0      50.6      -1.8      42.8
       -.5       8.9       -.4       8.6
       -.5       6.6       -.3       6.2
       -.6       6.6       -.4       6.3
 45848  -.336099  -.252074  -.907467
  26201.6  19672.3      -.3     31.8      -.4     13.3
      -.4     73.6      -.3     40.3   9280.5  10001.5
      -3.1      48.8      -4.2      40.1
       -.4       8.8       -.4      11.0
       -.6       6.6       -.5       8.5
       -.5       6.6       -.5       8.2
 45849  -.407380  -.244428  -.879941
  27038.7  18252.9      -.2     31.6      -.4     11.1
      -.2     73.3      -.4     35.8   9622.6  10164.4
      -2.0      52.4      -5.0      40.5
       -.7       8.9       -.5      14.0
       -.5       6.7       -.6      10.5
       -.6       6.4       -.7      10.2
 45850  -.471929  -.235965  -.849473
  27939.8  16167.0      -.3     31.5      -.1     11.5
      -.3     73.2      -.1     31.4   8854.6   9892.7
      -5.7      54.0      -4.4      41.7
       -.6       9.0       -.8      17.4
       -.6       6.8       -.8      12.7
       -.6       7.0       -.7      13.9
 45851  -.529695  -.227012  -.817244
  28736.0  14338.1      -.1     31.3      -.9     16.4
      -.2     73.1      -.1     26.6   9558.6  10440.5
      -5.2      52.1      -4.9      42.1
       -.7       9.5      -1.0      19.9
       -.4       6.7       -.6      15.1
       -.4       6.7       -.4      16.1
 45852  -.580932  -.217849  -.784258
  30137.7  13241.5      -.1     30.8     -2.0     22.8
      -.1     72.7      -.2     22.1  11452.8  12600.4
      -2.0      54.8      -5.6      48.3
       -.7       9.3       -.7      22.5
       -.3       6.5       -.7      17.1
       -.1       7.0       -.9      18.2
 45853  -.665721  -.199716  -.718978
  32819.0  11659.2      -.4     30.3    -10.0     65.0
      -.4     72.2       .2     15.2  13052.5  13885.8
      -5.2      56.4      -6.3      47.7
       -.4       9.7       -.7      24.9
       -.4       6.5       -.6      19.5
       -.5       6.6      -1.0      20.9
 45854  -.730784  -.182696  -.657706
  36074.9  10679.7      -.5     29.7    -34.2     81.5
      -.3     71.7       .5     18.9  13415.3  15041.9
      -4.2      54.2      -7.1      52.2
       -.2       9.7       -.1      26.7
       -.4       6.5      -1.0      21.2
       -.3       6.7       -.9      22.9
 45855  -.780626  -.167277  -.602197
  39662.5   9980.4      -.3     29.6    -15.2    124.6
      -.3     71.1      5.0     28.6  11266.8  15186.7
      -2.2      59.3      -9.6      54.6
       -.4      10.4       -.4      28.3
       -.3       6.1       -.3      22.5
       -.4       6.0       -.5      24.3
 45856  -.819017  -.153566  -.552837
  43296.1   9656.1      -.2     29.3    -12.7    134.3
      -.1     70.7      -.1     57.7  12663.7  16161.6
      -3.9      58.6      -6.1      53.4
       -.2      11.2       -.2      29.8
       -.2       5.9       -.8      23.6
       -.3       6.0       -.5      27.4
 45857  -.848868  -.141478  -.509321
  47455.3   9288.8      -.2     29.0       .8    171.9
      -.1     70.2      -.1     57.7  12243.5  15758.0
      -4.9      63.8      -9.3      52.5
       -.2      10.4       -.7      29.4
       -.2       5.7       -.4      24.1
       -.3       5.3        .1      30.1
 45858  -.872340  -.130851  -.471064
  51426.5   9048.4      -.1     29.4    -13.0    189.0
      -.2     69.7      -.1     57.7  12024.5  15548.6
       -.7      63.5      -8.7      51.5
       -.2      12.0       -.4      31.4
       -.3       5.8        .1      25.9
       -.3       5.6       -.1      34.6
 45859  -.891017  -.121502  -.437408
  55654.2   8897.7      -.2     29.1    -38.9    212.4
       .0     69.4      -.1     57.7  13420.7  16847.0
      -4.3      65.7      -6.4      54.1
       -.7      13.1       -.6      31.3
       -.2       5.3       -.8      25.6
       -.3       4.8       -.1      38.0
 45860  -.906054  -.113257  -.407724
  59785.2   8828.2      -.1     29.3    -26.9    238.6
      -.2     69.1      -.1     57.7  13165.6  16606.1
       1.0      61.7      -9.6      50.1
       -.8      14.0       -.7      31.6
       -.3       5.4       -.2      26.5
       -.4       4.8       -.3      42.6
 45861  -.918298  -.105957  -.381447
  64100.2   8792.7      -.3     29.2      1.9    263.3
      -.4     68.9      -.1     57.7  11603.7  16452.3
      -3.8      68.8      -8.3      49.7
       -.4      14.3       -.3      31.2
       -.2       5.8        .3      26.7
       -.3       4.6       -.3      46.7
 45862  -.928375  -.099469  -.358087
  68531.6   8625.7      -.5     29.4   -104.8    270.1
      -.2     68.6      -.1     57.7  13784.1  18154.1
      -4.7      65.9      -9.3      53.5
       -.3      15.3       -.8      31.9
       -.2       5.3       -.1      27.6
       -.2       4.7       -.1      50.9
 45863   .850763  -.255229  -.459412
  51843.5   9283.8       .4     23.4      4.0    190.3
       .3     53.4      -.1     57.7  10770.9  12901.7
      -3.2      54.2       7.4      51.2
       -.1      15.6        .5      30.9
       -.3      10.8        .1      26.5
        .0      10.4       -.9      39.4
 45864   .824475  -.274825  -.494685
  47922.7   9559.2       .2     21.5      9.2    169.6
       .1     53.9      -.1     57.7  11990.1  14643.6
      -5.1      53.3       8.7      52.2
       -.1      15.7        .7      30.5
       -.4      11.0        .3      25.8
       -.2      10.5       -.4      33.5
 45865   .791497  -.296812  -.534261
  44230.4   9966.5      -.2     19.7     29.1    141.0
      -.2     55.0      -.1     57.7  10682.4  12459.0
      -2.8      51.0       8.1      51.7
       -.4      16.0        .6      29.4
       -.1      11.7        .3      24.8
       -.3      11.6        .3      28.8
 45866   .749790  -.321338  -.578409
  40771.3  10440.1      -.1     18.1      6.7    118.8
       .2     55.8      -.1     57.7  13374.7  16397.7
      -6.0      52.5       6.8      53.2
       -.3      16.4       1.1      28.5
       -.2      11.9        .6      23.4
       -.1      11.7        .6      25.6
 45867   .696733  -.348367  -.627060
  37399.5  11211.7      -.2     18.4      5.5     97.7
      -.2     56.6       .0     19.6  13479.4  15521.1
      -5.3      53.7       5.7      52.8
       -.8      16.7        .7      27.0
       -.4      12.4        .9      21.8
       -.4      12.9        .9      23.2
 45868   .629142  -.377485  -.679474
  34143.4  12343.9      -.5     18.9    -16.7     54.3
      -.4     57.8      -.3     15.6  13691.0  14353.0
      -5.4      49.7       7.8      47.7
      -1.0      16.5       1.1      24.0
       -.7      12.4       1.0      20.2
       -.6      12.4        .7      21.8
 45869   .543526  -.407645  -.733761
  31649.0  14121.1      -.5     20.1      2.8     21.2
      -.3     58.4      -.2     21.8  12797.0  13641.3
      -5.4      48.5       5.6      43.4
       -.9      16.7        .9      22.4
       -.3      12.7        .7      17.9
       -.6      13.0        .7      19.0
 45870   .436852  -.436852  -.786334
  29838.9  17535.0      -.2     20.7       .6     12.8
      -.1     59.2       .2     30.7   9592.5  10637.9
      -6.3      49.4       5.0      43.4
      -1.0      16.4        .9      16.9
       -.9      13.0        .6      12.9
       -.6      12.8        .5      13.9
 45871   .308021  -.462031  -.831656
  28173.3  20532.8      -.2     21.2       .4     13.2
      -.3     59.6       .3     39.7  10020.4  10907.2
      -5.4      46.5       4.2      41.9
      -1.2      16.5        .9      11.3
       -.6      12.7        .5       8.4
      -1.0      12.4        .6       8.6
 45872   .159801  -.479402  -.862924
  27571.7  20868.2      -.3     20.5       .1     20.3
      -.3     59.6       .2     48.8  10394.9  11147.6
      -6.2      50.3       2.9      48.4
       -.5      16.6        .5       6.9
       -.9      12.4        .6       4.3
       -.8      11.5        .4       4.4
 45873   .000000  -.485643  -.874157
  27417.9  20650.1      -.7     19.9       .2     27.8
      -.6     59.3       .2     56.5  10434.2  11309.5
      -4.8      47.1       1.0      66.7
      -1.1      16.5       1.0      17.4
      -1.0      11.9        .0       4.8
      -1.0      10.6        .0        .8
 45874  -.080677  -.484060  -.871308
  27481.1  20697.2      -.4     20.0      -.1     24.5
      -.4     59.4       .0     53.1  10492.0  11165.4
      -4.7      50.2      -1.3      60.4
      -1.1      16.6       -.3       5.3
       -.7      11.9       -.3       2.7
       -.7      11.3       -.3       2.2
 45875  -.159801  -.479402  -.862924
  27641.3  20821.5      -.5     20.5       .0     20.3
      -.3     59.5       .0     48.7  10352.2  10999.8
      -5.3      49.9      -2.3      51.5
       -.9      16.7       -.4       6.7
       -.9      12.5       -.2       4.4
       -.6      11.8       -.3       4.4
 45876  -.235965  -.471929  -.849473
  28042.4  21070.5      -.6     21.0      -.4     16.4
      -.5     59.6      -.3     44.2  10392.8  10957.5
      -6.1      49.1      -3.4      47.2
      -1.4      16.9       -.7       9.0
       -.6      12.6       -.2       6.3
       -.7      12.1       -.3       6.5
 45877  -.308021  -.462031  -.831656
  28483.5  20535.7      -.2     21.0      -.2     13.1
      -.3     59.8      -.2     39.8  10192.6  10784.4
      -6.9      48.5      -3.8      43.6
       -.9      16.6       -.4      11.3
       -.9      12.7       -.4       8.3
       -.8      12.4       -.5       8.5
 45878  -.375145  -.450175  -.810314
  29053.3  19415.0      -.5     21.1      -.3     11.3
      -.2     59.4      -.1     35.3  10480.2  10985.9
      -6.4      47.9      -4.6      41.9
       -.3      17.0       -.2      13.9
       -.6      12.6       -.3      10.7
       -.8      12.3       -.4      10.8
 45879  -.436852  -.436852  -.786334
  29751.4  17382.7      -.6     20.7      -.5     12.7
      -.3     59.2       .2     30.6  10295.2  10948.6
      -4.9      48.1      -2.6      42.0
       -.5      17.0       -.6      17.3
       -.9      13.0       -.6      13.0
       -.7      12.8       -.6      14.0
 45880  -.492958  -.422535  -.760563
  30754.9  15467.4      -.2     20.6      2.0     16.6
      -.3     58.9       .2     26.0  10929.4  11969.5
      -5.2      49.6      -4.1      43.9
      -1.0      16.9       -.9      20.3
       -.7      13.1       -.7      15.6
       -.3      13.3       -.6      16.4
 45881  -.543526  -.407645  -.733761
  31806.5  14154.5      -.4     20.1      2.5     22.2
       .1     58.3       .4     21.7  11996.9  13176.8
      -3.9      48.4      -3.8      45.7
       -.6      16.9       -.9      22.6
       -.2      13.0       -.3      17.7
       -.3      13.2       -.5      18.8
 45882  -.629142  -.377485  -.679474
  34205.9  12285.4       .1     19.0    -29.3     52.7
      -.1     57.5       .3     16.0  13548.4  14226.6
      -5.3      51.4      -4.1      50.0
       -.6      16.2       -.8      24.1
       -.5      12.7       -.7      20.0
       -.6      12.5       -.6      21.7
 45883  -.696733  -.348367  -.627060
  37460.7  11199.8      -.2     18.3    -36.2     83.7
      -.2     56.4      -.1     19.4  14396.2  16016.0
      -4.5      52.8      -5.6      51.0
       -.2      16.8       -.3      26.7
       -.2      12.7       -.1      21.6
       -.3      12.9       -.6      23.4
 45884  -.749790  -.321338  -.578409
  40647.2  10446.7      -.2     18.5    -13.9    123.6
       .2     56.0      -.1     57.7  12260.1  15386.5
      -4.2      54.2      -9.4      54.2
       -.3      16.0       -.4      28.4
       -.3      11.8       -.8      23.0
       -.2      11.8       -.4      25.1
 45885  -.791497  -.296812  -.534261
  44196.0   9926.9      -.3     19.8    -16.9    140.9
       .1     54.6      -.1     57.7  10437.5  13732.7
      -3.5      49.9      -6.0      52.2
       -.7      16.2      -1.3      29.6
       -.4      11.9       -.6      25.0
        .0      11.7       -.3      29.6
 45886  -.824475  -.274825  -.494685
  47756.9   9541.6       .0     22.0    -33.3    166.0
       .1     53.9      -.1     57.7  10486.0  12570.0
      -1.9      49.5      -7.4      52.4
       -.4      15.7       -.3      30.5
       -.1      10.9       -.4      25.4
       -.1      10.7        .1      34.0
 45887  -.850763  -.255229  -.459412
  51685.9   9333.5      -.2     23.3    -16.4    186.1
       .1     53.2      -.1     57.7  11176.5  14244.0
      -4.4      54.7      -8.9      53.0
       -.1      15.7       -.1      31.4
        .1      10.8        .2      26.6
        .0      10.4        .2      39.6
 45888  -.871918  -.237796  -.428033
  55724.9   9131.9       .1     26.3    -28.6    218.7
       .2     52.6      -.1     57.7  10485.7  12340.4
      -3.1      56.1      -7.4      54.2
       -.2      15.3       -.6      31.7
        .0      10.1        .1      27.8
        .0       9.6        .5      45.4
 45889  -.889108  -.222277  -.400099
  59676.6   8969.4      -.2     28.1    -33.6    234.9
       .0     51.8      -.1     57.7  10483.2  12816.3
      -3.1      54.7      -6.5      53.2
       -.1      15.0       -.6      31.6
       -.1       9.8        .0      28.8
       -.2       9.4        .0      51.6
 45890  -.903213  -.208434  -.375181
  63830.8   8868.6       .0     29.8    -66.6    257.3
       .1     51.5      -.1     57.7  10473.9  14157.4
      -3.1      54.1      -7.7      51.5
       -.1      15.0        .1      32.6
       -.1       9.1        .0      28.8
        .0       9.1        .2      56.3
 45891  -.914896  -.196049  -.352888
  68035.5   8778.0      -.4     31.7     -8.0    283.9
       .1     50.8      -.1     57.7  11232.3  13996.1
      -4.9      60.4      -5.5      52.4
       -.5      14.8       -.7      33.0
       -.1       9.1        .1      30.4
       -.1       8.5       -.5      63.4
 45892   .469758  -.845564  -.253669
  92298.6  14094.1       .1     43.3      -.1     28.9
       .1     86.6      -.1     57.7  47160.9  48756.5
      -9.7      59.8       8.5      55.3
       -.2      31.8        .2      24.5
        .8      30.1       -.2      19.8
        .2      32.2       -.1      19.4
 45893   .431934  -.863868  -.259161
  90166.2  14004.0       .1     43.3      -.1     28.9
       .1     86.6      -.1     57.7  45681.5  47577.0
      -9.7      57.5       4.4      54.3
       -.2      31.5        .1      21.9
        .7      28.5       -.3      17.5
        .0      31.4        .2      17.5
 45894   .391687  -.881295  -.264388
  88503.9  13671.6       .1     43.3      -.1     28.9
       .1     86.6      -.1     57.7  44095.0  46158.8
      -9.5      55.1       6.2      53.7
       -.4      31.8        .4      22.1
        .0      30.0        .0      17.5
        .2      32.6        .0      17.8
 45895   .349059  -.897580  -.269274
  87171.0  13485.7       .1     43.3      -.1     28.9
       .1     86.6      -.1     57.7  44422.1  45715.7
     -12.1      57.6       8.3      57.3
       -.7      31.9        .5      20.1
       -.1      30.0        .0      14.6
        .2      32.1        .0      14.1
 45896   .304150  -.912449  -.273735
  85936.2  13450.7       .1     43.3      -.1     28.9
       .1     86.6      -.1     57.7  42607.8  44975.9
      -6.9      54.3       5.5      58.3
       -.6      32.5        .5      20.1
       -.5      31.0        .1      14.3
        .2      33.5        .0      13.7
 45897   .257118  -.925624  -.277687
  84840.6  13167.2       .1     43.3      -.1     28.9
       .1     86.6      5.2      6.4  42956.0  45121.1
      -8.2      53.0       2.2      56.9
       -.5      31.5        .2      19.6
        .3      30.3        .0      12.2
        .6      32.9        .0      11.2
 45898   .208187  -.936839  -.281052
  84067.3  12943.2       .1     43.3      -.1     28.9
       .1     86.6      -.5      9.4  41456.4  44057.1
     -12.1      56.4       2.3      66.1
       -.8      31.9        .3      17.0
        .0      30.5        .3      11.2
        .3      33.9        .1      10.1
 45899   .157642  -.945850  -.283755
  83842.6  12903.2       .1     43.3      -.1     28.9
       .1     86.6      -.2     20.6  41680.1  44618.2
     -12.0      58.4       3.8      68.2
       -.9      32.0        .6      17.3
       -.1      30.2        .2       9.2
       -.2      33.0        .2       7.9
 45900   .105828  -.952448  -.285734
  83187.5  12823.5       .1     43.3      -.1      6.0
       .1     86.6      -.1     32.8  41387.0  43729.8
      -9.9      55.2       2.9      72.0
        .0      31.5        .2      17.2
      -1.0      30.0        .3       6.5
       -.3      32.6        .1       5.3
 45901   .053137  -.956473  -.286942
  83366.4  12712.7       .1     43.3       .0     16.6
       .1     86.6       .0     45.0  42536.7  44430.1
     -12.5      56.9       1.0      85.0
      -1.0      31.2        .6      24.6
       -.7      29.4        .1       5.5
       -.6      32.0        .2       3.3
 45902   .000000  -.957826  -.287348
  82933.2  12681.1       .1     43.3       .1     27.4
       .1     86.6       .1     55.8  42150.3  44249.8
     -11.1      52.4       -.3      98.5
      -1.1      31.1       1.2      50.2
       -.9      28.9      -1.3      19.4
      -1.6      31.2       -.1       9.8
 45903  -.026597  -.957487  -.287246
  83078.1  12760.1       .1     43.3       .2     22.4
       .1     86.6       .2     50.8  42199.8  44339.8
     -12.8      56.9       3.3      94.2
      -1.2      30.9       -.1      34.6
        .0      29.2        .1       6.2
      -1.0      31.8       -.2       3.2
 45904  -.053137  -.956473  -.286942
  83300.6  12724.0       .1     43.3      -.1     16.5
       .1     86.6       .0     45.0  42597.9  44597.9
     -10.3      54.2      -3.5      86.2
       -.9      31.7       -.4      24.9
       -.7      30.0       -.1       6.8
      -1.8      31.7       -.2       3.2
 45905  -.079566  -.954790  -.286437
  83280.9  12766.8       .1     43.3      -.2     12.1
       .1     86.6       .0     38.9  42736.3  44764.4
     -14.3      56.8      -1.2      84.5
       -.6      31.3       -.4      19.0
       -.6      29.8       -.1       5.7
      -1.5      31.8       -.1       4.1
 45906  -.105828  -.952448  -.285734
  83193.0  12781.4       .1     43.3      -.2      5.5
       .1     86.6       .0     32.7  43101.3  44803.0
      -8.4      52.4        .7      70.2
      -1.2      31.7       -.5      16.4
       -.3      30.0       -.1       6.4
       -.9      32.0        .0       5.2
 45907  -.131870  -.949462  -.284838
  83357.7  12792.9       .1     43.3      4.9     78.8
       .1     86.6       .0     26.7  43146.5  45166.6
      -7.3      52.9      -3.4      69.6
      -1.4      31.7       -.1      16.6
        .5      30.2        .0       7.8
       -.8      32.2       -.1       6.9
 45908  -.157642  -.945850  -.283755
  83658.5  12818.9       .1     43.3    -44.9    167.7
       .1     86.6      -.3     20.6  41094.8  44351.5
     -10.9      55.8      -6.0      64.7
       -.7      31.7       -.2      16.9
       -.6      30.1       -.2       9.2
        .0      33.5       -.1       7.8
 45909  -.183096  -.941634  -.282490
  83878.7  12898.7       .1     43.3      -.1     28.9
       .1     86.6       .4     14.7  41967.4  44123.2
     -12.5      62.0      -5.3      66.2
      -1.3      31.6       -.4      17.9
        .0      29.9       -.1      10.3
       -.4      32.9       -.2       9.0
 45910  -.208187  -.936839  -.281052
  84344.2  13071.2       .1     43.3      -.1     28.9
       .1     86.6       .4      9.4  42955.4  44864.2
      -9.1      57.7      -1.7      65.5
       -.5      31.7       -.1      17.6
       -.1      30.1       -.2      11.0
        .2      33.0        .0      10.0
 45911  -.257118  -.925624  -.277687
  84614.5  13100.6       .1     43.3      -.1     28.9
       .1     86.6       .7      9.7  42559.6  44452.1
     -12.0      59.1      -5.1      61.9
       -.4      31.8        .0      18.6
       -.6      30.6       -.2      12.6
        .1      33.3        .1      11.2
 45912  -.304150  -.912449  -.273735
  86053.8  13358.3       .1     43.3      -.1     28.9
       .1     86.6      -.1     57.7  41638.0  44230.8
     -10.9      53.8      -6.8      57.6
       -.5      31.8       -.3      19.8
        .3      30.2        .1      14.4
        .3      33.4        .2      13.8
 45913  -.349059  -.897580  -.269274
  87012.5  13539.9       .1     43.3      -.1     28.9
       .1     86.6      -.1     57.7  42618.4  45783.0
      -9.9      55.2      -6.4      59.3
       -.9      32.3       -.4      21.2
        .6      29.9        .4      15.2
        .3      33.0        .3      14.5
 45914  -.391687  -.881295  -.264388
  88660.7  13777.1       .1     43.3      -.1     28.9
       .1     86.6      -.1     57.7  43858.5  45870.8
      -9.3      55.7      -4.1      55.4
       -.5      31.7       -.5      22.5
       -.1      30.1        .2      17.5
        .1      32.8        .1      18.1
 45915  -.431934  -.863868  -.259161
  90146.1  13889.2       .1     43.3      -.1     28.9
       .1     86.6      -.1     57.7  45442.3  47125.4
      -8.9      51.9      -6.1      54.0
       -.9      31.6       -.5      22.5
        .5      29.1        .2      17.5
        .5      31.6        .3      17.8
 45916  -.469758  -.845564  -.253669
  92321.5  14003.2       .1     43.3      -.1     28.9
       .1     86.6      -.1     57.7  46867.2  49038.1
      -9.0      56.4      -6.9      53.1
        .0      31.4       -.1      24.3
       -.6      30.4       -.3      19.9
       -.9      32.2       -.3      19.2
 45917  -.505162  -.826628  -.247988
  93960.8  13963.2       .1     43.3      -.1     28.9
       .1     86.6      -.1     57.7  46469.5  48694.2
      -9.9      56.5      -7.8      49.7
       -.5      30.6       -.1      25.4
        .9      28.3        .7      21.1
        .2      29.9        .2      21.1
 45918  -.538187  -.807280  -.242184
  96153.9  13906.3       .1     43.3      -.1     28.9
       .1     86.6      -.1     57.7  47131.2  49045.8
      -9.5      55.8      -5.3      48.2
       -.3      30.3       -.1      25.3
        .3      29.2        .4      22.2
        .7      32.2        .8      22.1
 45919  -.568907  -.787718  -.236315
  98418.8  13500.4       .1     43.3      -.1     28.9
       .1     86.6      -.1     57.7  49836.4  51943.1
      -9.0      54.7      -6.5      48.7
       -.3      30.9       -.1      26.9
        .0      27.6        .0      22.7
        .3      28.1        .5      23.1
 45920  -.597418  -.768109  -.230433
 101115.7  13112.9       .1     43.3      -.1     28.9
       .1     86.6      -.1     57.7  51171.0  53647.8
      -9.2      56.9      -7.9      48.8
       -.1      30.7        .2      27.6
        .4      28.4        .6      23.8
       1.1      30.7        .5      24.3
