Dot1_150x100_prd2012lk:dj0045b1@-200V,3.8T@90d,277K,rhe=1.10,rhh=0.7, 0.65/1.30 
  6401   1  3.80  60   5  29   0  200.00  277.00     .50 1.07500  1250.0    -.83   96.36  150.  100.  285.  2550.0    -.42   48.18    1.50    1.00     .85
 40401   .000000   .000000 -1.000000
  25431.6  18443.3       .1     41.7     47.7      7.2
       .1     84.5     48.3     34.6  10707.2  11134.5
      -2.5      72.1      -1.5      39.6
        .4       6.1      -1.3      12.2
        .5       1.6      -1.4      10.3
        .5       1.2      -2.1      10.1
 40402   .000000  -.130455  -.991454
  25444.6  18500.2      -.5     36.9     47.8      8.5
      -.2     78.3     48.3     34.5   9860.0  10500.6
      -2.2      56.2      -1.3      36.5
        .2       4.8      -1.3      12.3
       -.1       3.2      -1.9      10.1
       -.1       3.1      -2.0      10.1
 40403   .000000  -.254493  -.967075
  26065.1  19076.8      -.6     30.4     47.7      9.1
      -.3     70.5     48.2     34.6  10501.3  11130.3
      -6.1      51.6        .6      39.4
       -.1       8.4      -1.5      12.1
       -.2       6.4      -1.7      10.0
       -.2       6.4      -2.2      10.2
 40404   .000000  -.367167  -.930155
  26996.3  19591.0      -.6     24.6     47.7      9.5
      -.4     62.4     48.3     34.3  10471.9  11093.6
      -6.6      50.8      -1.0      39.8
       -.3      12.8      -1.7      12.3
       -.2       9.5      -1.7      10.1
       -.3       9.4      -2.2      10.1
 40405   .000000  -.465746  -.884918
  28312.3  19979.8      -.6     19.4     47.9      9.4
       .0     54.0     48.6     34.1  11149.7  11968.4
      -4.3      48.7       -.4      41.3
        .0      16.5      -1.6      12.2
       -.3      12.4      -1.6       9.9
       -.3      12.0      -2.1       9.9
 40406   .000000  -.549617  -.835417
  29941.0  19517.7     -1.1     16.6     47.7      9.3
       .0     45.2     48.8     33.6  11231.7  12023.5
      -4.1      49.9       -.8      40.2
       -.1      20.7      -1.5      12.0
       -.4      15.3      -1.7       9.6
       -.3      15.0      -1.8       9.7
 40407   .000000  -.619644  -.784883
  31822.0  18235.7     -1.1     18.2     47.9      8.9
       .0     36.6     48.8     33.3  12133.0  13266.5
      -5.4      57.6        .0      43.3
       -.4      26.1      -1.2      12.0
        .0      18.5      -1.6       9.6
       -.7      18.6      -1.8       9.8
 40408   .000000  -.677476  -.735545
  33782.2  16868.5    -13.1     23.0     48.0      8.4
       .1     27.3     49.0     32.8  14897.2  15790.9
      -5.9      59.2       -.9      46.2
       -.3      29.6      -1.3      12.1
       -.4      20.9      -1.5       9.3
       -.6      21.3      -1.9       9.3
 40409   .000000  -.724999  -.688749
  36103.2  15903.1      -.4     43.3     48.1      8.1
      -.3     19.0     49.2     32.6  16089.5  17090.8
      -6.6      61.3       -.8      43.9
       -.8      31.0      -1.2      11.8
       -.6      23.2      -1.6       9.1
       -.5      24.1      -1.7       9.0
 40410   .000000  -.764030  -.645181
  38562.4  15121.3      -.4     43.3     48.5      7.4
       .1     12.8     49.2     32.1  17534.0  18281.3
      -8.1      61.0       -.1      49.9
       -.8      32.0      -1.6      12.3
       -.6      24.9      -1.5       8.9
       -.7      26.4      -1.8       8.5
 40411   .000000  -.796162  -.605083
  40913.4  14605.2      -.4     43.3     48.3      7.0
      -.4     13.9     49.5     31.8  17988.6  19102.5
     -10.5      57.9        .6      48.5
       -.8      29.9      -1.3      12.2
        .0      25.0      -1.3       8.5
      -1.0      27.8      -1.7       8.1
 40412   .000000  -.822730  -.568432
  43656.9  14265.6      -.4     43.3     48.6      6.6
      -.4     86.6     49.8     31.5  18934.5  20069.1
      -8.0      56.7       -.6      51.1
       -.6      28.1      -1.2      12.2
       -.1      24.3      -1.3       8.5
       -.8      28.0      -1.7       7.9
 40413   .000000  -.844819  -.535052
  46246.1  13878.2      -.4     43.3     48.7      6.2
      -.4     86.6     49.6     31.3  22158.1  23408.9
      -8.1      54.9        .5      53.8
        .1      26.3      -1.2      12.0
        .1      23.0      -1.3       8.2
       -.6      27.2      -1.7       8.0
 40414   .000000  -.863297  -.504697
  48901.7  13536.2      -.4     43.3     48.7      5.7
      -.4     86.6     49.9     31.0  24549.5  25640.9
      -8.6      56.4        .8      54.5
        .2      27.5      -1.3      12.5
       -.1      23.4      -1.0       8.1
      -1.1      25.5      -1.6       7.5
 40415   .000000  -.878853  -.477092
  51951.0  13397.1      -.4     43.3     48.7      5.6
      -.4     86.6     50.0     30.7  26015.0  27436.3
     -10.9      58.0        .8      57.3
       -.6      29.0      -1.3      13.2
        .1      26.9      -1.1       8.0
       -.7      27.9      -1.6       7.4
 40416   .000000  -.892036  -.451965
  54641.1  13238.6      -.4     43.3     48.9      5.1
      -.4     86.6     50.1     30.6  28254.6  29404.9
      -8.8      56.0      -1.4      56.6
        .1      29.0      -1.0      12.8
        .4      27.8      -1.0       7.9
       -.3      31.6      -1.5       7.4
 40417   .000000  -.903278  -.429057
  57846.3  13100.9      -.4     43.3     48.9      5.0
      -.4     86.6     50.0     30.2  30408.1  31688.1
      -9.1      56.3       2.1      60.5
        .1      28.0      -1.2      14.1
        .2      25.3      -1.1       7.8
       -.2      29.2      -1.4       7.0
 40418   .000000  -.912924  -.408131
  60502.1  12974.2      -.4     43.3     49.3      4.5
      -.4     86.6     50.2     30.3  32560.7  33589.6
      -9.1      56.4       4.4      61.7
        .1      27.9      -1.1      13.6
        .0      24.7      -1.1       7.7
       -.3      26.3      -1.3       6.7
 40419   .000000  -.921250  -.388972
  63524.8  12884.7      -.4     43.3     49.1      4.6
      -.4     86.6     50.2     30.2  33706.3  34748.7
     -11.3      56.4       4.6      61.6
       -.4      29.0      -1.3      15.0
        .2      25.9      -1.1       7.5
       -.7      26.3      -1.4       6.6
 40420   .000000  -.928477  -.371391
  66651.8  12841.3      -.4     43.3     49.1      4.3
      -.4     86.6     50.6     29.8  35427.9  37075.2
      -9.7      55.9       3.4      66.8
       -.2      29.4       -.9      15.5
        .2      25.9      -1.1       7.6
       -.5      26.5      -1.3       6.3
 40421   .000000  -.934784  -.355218
  69760.6  12799.7      -.4     43.3     49.2      4.1
      -.4     86.6     50.3     29.7  38445.6  39635.3
      -9.9      55.1        .4      67.8
       -.7      29.6      -1.0      15.9
        .3      26.0      -1.0       7.5
       -.8      28.7      -1.3       6.4
 40422   .000000  -.940315  -.340305
  72736.4  12752.8      -.4     43.3     49.3      3.9
      -.4     86.6     50.5     29.6  40591.1  42151.9
      -8.3      55.0       -.5      66.5
        .2      29.0       -.8      17.3
        .6      25.8       -.9       7.5
       -.5      26.9      -1.3       6.3
 40423   .000000  -.945190  -.326520
  75692.3  12674.3      -.4     43.3     49.4      3.7
      -.4     86.6     50.8     29.4  42845.1  43725.5
     -10.0      54.7      -1.1      73.5
       -.3      31.1       -.8      17.5
        .1      28.2      -1.0       7.4
       -.6      28.6      -1.2       6.3
 40424   .000000  -.949506  -.313750
  78870.9  12710.3      -.4     43.3     49.4      3.5
      -.4     86.6     50.7     29.3  45065.7  45951.5
      -9.3      55.3       1.5      76.0
        .1      32.5      -1.1      18.3
        .6      29.9      -1.0       7.2
       -.6      32.7      -1.2       6.2
 40425   .000000  -.953342  -.301892
  82056.2  12665.9      -.4     43.3     49.4      3.5
      -.4     86.6     50.6     29.2  46806.9  48267.3
     -11.3      56.0       4.3      74.6
        .0      30.4       -.5      19.2
       -.2      27.4      -1.0       7.6
       -.1      30.6      -1.1       6.4
 40426   .000000  -.956767  -.290857
  85034.2  12631.6      -.4     43.3     49.4      3.3
      -.4     86.6     50.8     29.1  49020.3  50277.3
      -8.6      54.4       1.7      76.1
       -.1      30.1       -.7      18.7
       -.2      26.4      -1.0       7.2
       -.3      27.4      -1.1       6.0
 40427   .000000  -.959834  -.280567
  88106.3  12615.7      -.4     43.3     49.4      3.1
      -.4     86.6     50.8     29.0  50818.0  52683.1
     -11.9      56.5        .0      76.3
       -.7      30.3       -.9      21.4
        .4      27.1       -.9       7.3
       -.2      27.2      -1.1       5.9
 40428   .000000  -.962593  -.270952
  91427.9  12595.4      -.4     43.3     49.4      2.9
      -.4     86.6     50.7     29.0  52450.0  53828.6
      -9.8      56.6      -1.5      81.3
      -1.0      30.4       -.9      20.3
        .2      26.8       -.8       7.7
       -.4      27.3      -1.2       5.8
 40429   .000000  -.965081  -.261951
  94308.2  12581.5      -.4     43.3     49.3      3.0
      -.4     86.6     51.0     28.9  54300.6  57011.6
     -12.3      59.1       2.4      80.4
       -.4      29.9       -.5      20.6
        .3      26.6       -.8       7.4
      -1.0      28.6      -1.1       5.8
 40430   .000000  -.967333  -.253508
  97764.3  12567.8      -.4     43.3     49.5      3.0
      -.4     86.6     50.7     28.8  56605.6  58535.2
      -9.0      55.1      -1.4      83.9
       -.2      29.5       -.6      20.8
        .3      26.8       -.8       6.9
       -.3      27.9      -1.1       5.8
 40431   .000000  -.969377  -.245576
 100767.2  12562.2      -.4     43.3     49.3      2.8
      -.4     86.6     50.9     28.7  59423.2  61544.2
     -11.4      58.3       4.6      83.6
      -1.2      31.6       -.8      23.3
       -.1      28.5       -.9       7.2
       -.2      28.9       -.9       5.8
 40432   .000000  -.971238  -.238110
 103910.7  12517.3      -.4     43.3     49.4      2.8
      -.4     86.6     50.7     28.6  62476.3  63852.4
     -12.3      61.3       1.8      83.7
       -.8      32.7       -.4      21.8
        .4      31.1       -.9       7.0
       -.1      33.1      -1.1       5.6
 40433   .000000  -.972937  -.231072
 107078.9  12613.7      -.4     43.3     49.3      2.9
      -.4     86.6     50.9     28.6  64170.4  66111.7
     -10.9      56.7      -1.7      87.3
        .0      30.8       -.8      23.8
        .3      28.6       -.8       7.3
       -.4      31.5      -1.1       5.8
 40434   .000000  -.974491  -.224428
 110027.3  12598.5      -.4     43.3     49.6      2.6
      -.4     86.6     51.0     28.4  65235.9  67738.2
     -12.1      59.1       2.5      88.8
       -.9      30.1       -.2      24.5
        .8      26.5       -.8       7.8
       -.9      27.6      -1.2       5.7
 40435   .000000  -.975916  -.218146
 113527.0  12597.0      -.4     43.3     47.5     36.4
      -.4     86.6     51.0     28.3  67697.3  69813.8
     -10.9      59.3       1.3      86.1
       -.4      30.6      -1.0      26.7
        .1      27.1       -.9       8.0
        .0      27.5      -1.0       5.6
 40436   .000000  -.977227  -.212198
 116525.7  12530.3      -.4     43.3     49.6      2.5
      -.4     86.6     51.1     28.3  70500.5  72134.8
     -10.1      57.1       2.2      88.4
      -1.3      30.3       -.7      25.4
       -.2      27.5       -.9       7.6
        .2      27.6       -.9       5.4
 40437   .000000  -.978434  -.206558
 119796.1  12576.5      -.4     43.3     49.1      2.4
      -.4     86.6     51.2     28.2  72758.1  74657.0
      -9.1      53.7       1.7      91.6
       -.3      30.5       -.5      27.6
        .2      27.5       -.7       8.0
       -.3      28.8      -1.0       5.5
 40438   .000000  -.979549  -.201205
 122851.9  12678.8      -.4     43.3     49.2      2.2
      -.4     86.6     51.2     28.2  75185.7  76893.6
     -10.2      54.5       6.8      95.5
       -.7      29.7       -.4      26.6
        .0      26.7       -.8       8.2
       -.5      27.8      -1.0       5.5
 40439   .000000  -.980581  -.196116
 126309.1  12526.6      -.4     43.3     49.5      2.2
      -.4     86.6     51.0     28.1  76357.5  78380.9
     -13.2      58.1       5.7      98.7
       -.8      32.0       -.8      27.8
        .7      29.3       -.8       8.0
       -.4      28.6      -1.1       5.6
 40440   .000000  -.981537  -.191274
 129359.1  12542.0      -.4     43.3     49.8      2.1
      -.4     86.6     51.4     28.2  78826.2  80699.0
     -11.9      57.7       -.8      99.5
       -.6      33.6       -.1      28.4
       -.2      31.6       -.8       7.7
       -.3      33.2       -.9       5.7
 40441   .000000  -.982424  -.186661
 132372.7  12689.9      -.4     43.3     49.3      2.2
      -.4     86.6     51.3     28.0  81757.1  83430.5
      -7.6      58.6       -.3      96.1
       -.4      31.6       -.2      29.7
        .0      29.2       -.8       7.7
       -.3      30.6       -.9       5.7
 40442   .000000  -.983250  -.182261
 135658.6  12588.1      -.4     43.3     49.1      1.8
      -.4     86.6     51.2     28.0  83378.8  86242.2
     -13.6      59.1       2.3     101.4
       -.4      30.4       -.6      28.9
       -.2      27.1       -.9       8.3
       -.2      27.5       -.9       5.4
 40443   .000000  -.984020  -.178061
 139044.3  12623.8      -.4     43.3     49.5      1.6
      -.4     86.6     51.7     28.1  85630.5  88113.4
     -10.0      61.0       8.5      97.6
      -1.2      31.1       -.1      29.8
        .1      27.4       -.8       8.8
       -.8      27.0      -1.0       5.8
 40444   .000000  -.984737  -.174047
 142383.4  12619.0      -.4     43.3     49.8      2.1
      -.4     86.6     51.3     28.0  88111.8  90428.3
      -9.6      54.7       1.3      93.0
       -.8      31.0       -.4      31.0
        .2      27.5       -.8       8.7
       -.2      27.5       -.9       6.1
 40445   .000000  -.985408  -.170207
 145272.9  12572.3      -.4     43.3     49.4      1.7
      -.4     86.6     51.5     27.8  90055.0  92913.4
     -11.8      57.0       2.4      95.0
       -.7      31.4       -.2      31.1
        .3      27.7       -.6       8.7
       -.2      28.9       -.9       5.5
 40446   .000000  -.986036  -.166531
 148713.1  12665.7      -.4     43.3     58.3     69.1
      -.4     86.6     51.5     27.8  92492.1  94750.5
     -11.2      54.7        .9     110.7
       -.5      30.5        .1      33.6
        .3      26.7       -.5       9.4
       -.7      27.6       -.9       5.7
 40447   .000000  -.986625  -.163008
 152020.3  12639.5      -.4     43.3     49.3      1.4
      -.4     86.6     51.6     27.8  96106.0  98110.1
      -8.5      59.1       2.5     104.7
       -.6      32.1       -.6      32.4
        .1      28.8       -.8       9.5
       -.4      28.9       -.8       5.5
 40448   .000000  -.987696  -.156385
 158042.4  12656.1      -.4     43.3     49.6      1.6
      -.4     86.6     51.4     27.6  99417.4 101780.7
     -10.3      54.0       8.7     108.9
       -.7      32.3       -.5      33.4
        .7      29.2       -.6       9.4
       -.4      31.0      -1.0       5.5
 40449   .000000  -.988644  -.150274
 164859.2  12564.4      -.4     43.3     49.3      1.3
      -.4     86.6     51.7     27.7 103896.2 105752.4
     -10.6      55.0       5.8      99.3
      -1.2      32.1       -.1      35.6
        .4      27.3       -.7       9.8
       -.5      27.0       -.9       5.2
 40450   .000000  -.989488  -.144617
 171246.7  12611.4      -.4     43.3     49.6      1.6
      -.4     86.6     51.5     27.7 107020.9 109738.6
     -11.1      56.9       4.7     105.7
       -.7      31.5        .1      37.1
       -.1      28.3       -.7      10.6
       -.6      28.4       -.9       5.7
 40451   .000000  -.990241  -.139367
 177788.0  12670.1      -.4     43.3     49.7      1.3
      -.4     86.6     51.7     27.5 112846.2 115582.4
     -14.5      57.9       3.2     114.2
      -1.0      33.1       -.7      36.6
        .7      29.1       -.6      10.7
       -.2      28.7       -.7       5.9
 40452   .000000  -.990916  -.134481
 184009.8  12649.9      -.4     43.3     48.2     28.9
      -.4     86.6     51.4     27.4 116849.4 120958.9
     -11.0      58.6       5.7     114.8
      -1.1      32.5        .0      37.7
       -.1      29.6       -.7      10.8
       -.5      31.0       -.8       6.8
 40453   .000000  -.991524  -.129924
 190727.8  12609.8      -.4     43.3     48.2     28.9
      -.4     86.6     51.7     27.4 121782.7 125421.2
     -12.0      58.9       1.6     110.5
      -1.1      31.8       -.9      39.4
       -.1      27.6       -.6      11.1
       -.3      27.3       -.9       6.3
 40454   .000000  -.992073  -.125663
 197051.3  12682.0      -.4     43.3     49.7      1.5
      -.4     86.6     51.7     27.4 124327.7 127981.5
     -11.0      56.6       -.4     115.1
       -.6      31.4        .2      39.1
       -.2      28.4       -.9      11.9
       -.6      28.7       -.8       5.7
 40455   .000000  -.992571  -.121670
 203806.4  12712.7      -.4     43.3     48.2     28.9
      -.4     86.6     51.3     27.2 130667.2 133765.7
     -14.9      62.9      -1.5     122.4
       -.9      33.3        .7      40.8
        .0      29.0       -.5      10.9
        .0      28.9       -.8       6.1
 40456   .000000  -.993023  -.117921
 210178.2  12710.8      -.4     43.3     48.2     28.9
      -.4     86.6     52.1     27.4 135853.6 139223.5
      -7.2      54.8       -.7     113.2
      -1.1      33.3       -.1      41.9
        .5      29.8       -.5      12.4
       -.5      30.7       -.8       6.2
 40457   .000000  -.993435  -.114396
 216482.8  12755.0      -.4     43.3     48.2     28.9
      -.4     86.6     51.9     27.3 141086.8 144124.2
      -9.1      52.2       7.5     110.6
       -.8      31.8        .4      42.7
       -.4      27.6       -.7      11.8
       -.1      27.5       -.7       7.0
 40458   .000000  -.993812  -.111073
 223130.0  12686.3      -.4     43.3     48.2     28.9
      -.4     86.6     51.8     27.2 143623.2 146899.5
     -10.6      54.4      21.2     121.2
      -1.3      31.9        .6      43.9
       -.1      27.8       -.6      14.1
       -.1      28.7       -.8       6.5
 40459   .000000  -.994158  -.107937
 229269.3  12680.0      -.4     43.3     48.2     28.9
      -.4     86.6     52.0     27.2 149193.0 153020.2
      -7.7      47.6       5.3     115.8
       -.8      31.8       -.2      44.2
       -.1      29.0       -.6      13.3
        .9      28.7       -.6       7.3
 40460   .000000  -.994475  -.104972
 236078.5  12761.1      -.4     43.3     48.2     28.9
      -.4     86.6     51.9     27.1 155052.1 159337.8
      -2.0      44.9       5.8     119.8
      -1.0      31.8       1.2      44.4
        .1      30.1       -.7      14.6
       -.7      31.1       -.7       6.6
 40461   .903278   .000000  -.429057
  58890.0  10812.1      -.1     41.1     48.2     28.9
      -.1     83.8     48.2     57.7  33017.6  34043.4
      -4.1      80.5      10.5      47.0
        .7      27.4        .9      24.5
        .7       8.5        .8      18.2
        .9       6.0        .6      17.3
 40462   .887877   .000000  -.460082
  54663.2  11171.7       .5     41.3     48.2     28.9
       .5     83.9     48.2     57.7  29939.5  31037.3
        .8      84.1      11.1      50.0
        .1      25.4       1.1      23.2
        .4       6.1        .8      17.4
        .3       2.1        .6      17.4
 40463   .868777   .000000  -.495203
  50602.3  11683.3      -.1     41.1     48.2     28.9
       .0     83.8     48.2     57.7  27663.3  28648.3
       2.5      81.1       9.5      49.5
       1.0      24.9       1.2      24.0
        .3       3.7        .1      17.0
        .4       2.0        .8      16.3
 40464   .844819   .000000  -.535052
  46907.4  12361.9      -.1     41.3     48.2     28.9
      -.1     84.0     48.2     57.7  24259.3  25265.7
       2.7      78.2       9.5      49.2
       -.4      23.1        .3      21.7
        .2       5.7        .4      16.5
        .5       1.9        .2      16.1
 40465   .814421   .000000  -.580275
  43165.7  13249.7       .4     41.3     48.2     28.9
       .4     83.9     48.2     57.7  22235.9  22976.2
       3.0      77.1       7.9      51.5
       1.4      21.0        .0      22.9
        .4       2.8        .1      16.0
        .5       1.9        .2      15.0
 40466   .775436   .000000  -.631426
  39763.9  14726.9       .1     41.5     48.2     28.9
       .0     84.2     48.8      6.5  20132.8  20942.7
       3.5      73.5       9.6      51.7
        .2      16.5       -.1      19.6
        .3       2.3       -.2      13.9
        .5       1.8        .0      13.4
 40467   .724999   .000000  -.688749
  36620.0  16931.0       .0     41.5     48.2     28.9
       .0     84.1     49.1     13.9  17224.6  18085.9
       1.1      73.0       7.7      48.8
        .1      15.0       -.8      20.3
        .6       2.4       -.6      13.9
        .3       1.8       -.6      13.1
 40468   .659438   .000000  -.751759
  33954.4  20767.4       .0     41.4     51.6      5.6
       .0     84.1     49.5     25.3  16385.0  16922.8
      -1.1      83.2       6.5      48.2
       -.4      13.6       -.9      17.1
        .4       2.1      -1.1      11.5
        .4       1.5       -.8      10.0
 40469   .574426   .000000  -.818557
  31283.4  24103.9       .2     41.4     49.0      8.9
       .2     84.1     49.1     37.1  14421.3  15056.9
       -.7      76.6       9.7      52.4
        .8      13.6       -.8      10.9
        .5       1.6       -.7       7.3
        .5       1.5       -.8       6.6
 40470   .465746   .000000  -.884918
  28969.8  24179.3      -.3     41.6     49.0     19.4
      -.2     84.3     49.0     48.2  12986.2  13405.5
       2.4      76.9       8.0      54.9
        .1      15.8      -1.0       7.4
        .5       1.9      -1.1       4.2
        .5       1.4      -1.2       3.4
 40471   .331088   .000000  -.943600
  27338.6  22782.0       .4     41.6     47.9     25.8
       .3     84.3     47.9     54.5  11945.0  12515.5
      -2.0      72.0       9.2      71.8
        .8      11.5      -1.4      11.3
        .6       3.7       -.6       2.5
        .4       1.3       -.8       2.1
 40472   .254493   .000000  -.967075
  26583.1  22137.5       .1     41.6     48.7     21.4
       .0     84.3     48.7     50.2  11469.2  12057.0
       4.2      68.0       5.7      63.1
        .3       9.4       -.3       7.8
        .3       1.7       -.8       4.5
        .4       1.3      -1.2       4.3
 40473   .172799   .000000  -.984957
  25906.8  21623.1      -.4     41.8     48.2     16.3
      -.4     84.4     48.2     44.8  11013.3  11760.4
        .3      68.9       2.0      44.9
        .1       9.1      -1.2       8.0
        .4       1.7      -1.5       6.2
        .3       1.3      -1.8       6.0
 40474   .087384   .000000  -.996175
  25793.9  20110.4       .2     41.9     48.1     11.3
       .2     84.5     48.2     39.8  10858.6  11507.1
       1.8      72.4       2.9      44.0
        .7       8.6      -1.2      10.2
        .3       2.4      -1.5       8.2
        .4       1.3      -2.0       7.9
 40475   .000000   .000000 -1.000000
  25298.6  18415.3       .0     41.7     47.9      7.1
      -.1     84.5     48.2     34.5  10878.5  11370.6
      -3.6      72.1       -.1      35.6
        .3       8.3      -1.4      12.2
        .3       1.5      -1.8      10.2
        .5       1.2      -2.0      10.1
 40476  -.087384   .000000  -.996175
  25422.0  16316.5      -.1     42.0     46.6      5.4
      -.1     84.6     48.4     29.7  10201.1  10994.0
        .5      62.7      -1.6      37.3
        .5       6.8      -1.8      14.3
        .5       2.2      -1.7      11.9
        .3       1.2      -2.4      12.7
 40477  -.172799   .000000  -.984957
  25782.7  13961.9      -.3     41.9     44.0      6.7
      -.3     84.6     48.1     24.4  11608.6  12277.4
       -.7      71.9      -2.2      40.0
        .6       8.0      -2.1      16.8
        .4       1.4      -2.0      12.6
        .5       1.3      -3.0      13.6
 40478  -.254493   .000000  -.967075
  26281.5  12613.8      -.1     42.1     48.2     28.9
      -.1     84.7     48.4     19.6  12416.4  12948.2
      -1.4      75.6      -4.1      43.4
       -.1       8.4      -2.6      18.7
        .3       2.3      -1.9      13.9
        .4       2.4      -3.3      14.6
 40479  -.331088   .000000  -.943600
  27043.4  11435.6       .1     42.0     48.2     28.9
       .1     84.7     48.4     14.9  12584.4  13131.7
       -.1      73.2      -3.4      42.5
        .8      10.6      -2.0      20.8
        .6       1.3      -1.8      15.8
        .5       1.2      -3.1      15.7
 40480  -.465746   .000000  -.884918
  29126.8  10003.6       .2     41.9     48.2     28.9
       .1     84.7     47.4      9.4  12835.5  13413.7
      -3.2      71.2      -4.4      41.7
       -.4      12.6      -1.5      21.3
        .2       2.7      -1.2      17.7
        .5       1.3      -2.4      19.0
 40481  -.574426   .000000  -.818557
  31811.2   9083.9       .0     41.8     48.2     28.9
       .0     84.7     44.4     18.0  16074.7  16800.6
       2.0      76.9      -4.0      46.0
        .2      14.2      -1.5      23.2
        .4       1.7      -1.4      18.2
        .3       1.4      -2.5      18.8
 40482  -.659438   .000000  -.751759
  34913.7   8554.9      -.5     41.9     48.2     28.9
      -.5     84.7     48.2     57.7  17121.9  17890.4
        .0      76.0      -5.0      44.0
       1.5      16.3       -.4      23.9
        .4       1.9       -.7      19.9
        .3       1.1      -2.1      20.6
 40483  -.724999   .000000  -.688749
  38605.3   8269.3       .1     41.8     48.2     28.9
       .2     84.7     48.2     57.7  20557.7  21472.5
        .4      72.1      -6.5      46.4
        .1      18.9       -.6      24.7
        .7       3.4       -.5      19.7
        .6       1.2      -1.7      20.7
 40484  -.775436   .000000  -.631426
  42099.1   7956.0       .2     41.6     48.2     28.9
       .1     84.6     48.2     57.7  22330.1  23119.1
      -1.5      78.2      -4.7      47.0
        .6      19.0        .2      25.8
        .7       4.1        .2      21.4
        .3       1.5      -1.2      21.2
 40485  -.814421   .000000  -.580275
  45941.0   7865.0       .0     41.9     48.2     28.9
      -.1     84.6     48.2     57.7  25241.8  26611.6
       1.1      83.0      -5.6      45.7
      -1.1      21.8        .5      25.2
       -.4      10.4        .2      20.2
        .5       1.3      -1.1      22.1
 40486  -.844819   .000000  -.535052
  49981.3   7696.7       .1     41.6     48.2     28.9
       .1     84.5     48.2     57.7  27210.4  28418.0
        .8      86.4      -6.8      45.2
        .2      23.3        .0      25.7
       -.2       7.6        .7      21.5
        .2       1.2       -.7      22.1
 40487  -.868777   .000000  -.495203
  54135.8   7679.0      -.1     41.8     48.2     28.9
       .0     84.3     48.2     57.7  30969.3  32042.4
       4.4      80.5      -6.5      45.3
        .5      25.6        .4      25.8
        .7       5.4        .7      20.7
        .8       4.6       -.8      22.7
 40488  -.887877   .000000  -.460082
  58316.4   7662.2      -.1     41.7     48.2     28.9
      -.1     84.3     48.2     57.7  32336.2  33922.5
      -1.6      85.0      -7.5      44.1
       1.2      28.4        .4      26.3
        .3       5.9        .8      21.7
        .4       2.2       -.9      24.0
 40489  -.903278   .000000  -.429057
  62457.3   7723.1      -.4     41.5     48.2     28.9
      -.3     84.1     48.2     57.7  35594.5  37293.4
       3.8      82.2      -6.6      44.6
        .9      31.6        .8      25.9
        .3       6.8        .9      21.2
        .5       1.6       -.1      23.9
 40490   .840060  -.367526  -.399028
  63140.2  11615.4      -.4     43.3     48.2     28.9
       .4     20.3     48.2     57.7  34963.4  36020.5
      -4.2      60.6       9.7      48.6
       -.2      24.8        .7      24.9
       -.2      16.1        .5      19.6
        .2      14.4       -.1      19.8
 40491   .817505  -.390173  -.423616
  59370.8  12173.4      -.4     43.3     48.2     28.9
       .5     21.0     48.2     57.7  31828.9  32769.3
      -4.7      61.6       8.5      49.1
       -.1      25.6        .9      23.5
       -.2      16.9        .3      18.7
        .0      15.2       -.1      19.7
 40492   .790440  -.414981  -.450551
  55867.5  12948.9      -.4     43.3     48.2     28.9
       .3     21.5     48.2     57.7  29545.3  30655.4
      -2.4      58.1       8.7      51.0
       -.4      25.9        .4      24.3
       -.2      17.0        .0      18.4
       -.4      15.6        .1      18.8
 40493   .757796  -.442047  -.479937
  52248.6  13835.5      -.4     43.3     48.2     28.9
       .1     22.4     48.2     57.7  26466.3  27255.6
      -4.9      57.9       7.0      48.0
       -.8      26.5        .5      21.9
       -.3      17.8       -.2      16.7
       -.6      16.5       -.1      17.8
 40494   .718269  -.471364  -.511767
  49118.4  15109.1      -.4     43.3     48.2     28.9
       .8     23.0     48.2     57.7  24380.0  25598.9
      -7.3      60.3       9.2      52.9
       -.4      27.3        .0      22.7
       -.5      18.4       -.3      16.6
       -.3      17.1       -.8      16.7
 40495   .670317  -.502738  -.545830
  45847.3  16747.1      -.4     43.3     48.2     28.9
       .4     23.9     47.8      8.6  22602.1  23319.1
      -6.2      56.6       6.9      47.6
       -.3      27.6       -.1      19.8
       -.4      18.8       -.6      14.4
       -.3      18.2      -1.1      15.3
 40496   .612205  -.535679  -.581595
  43210.8  18832.1      -.4     43.3     48.2     28.9
       .2     24.3     49.0     13.1  20653.1  21537.8
      -7.2      60.7       8.0      48.7
       -.1      27.6       -.8      19.3
       -.7      19.0      -1.0      13.6
       -.5      18.3      -1.5      14.2
 40497   .542159  -.569267  -.618061
  40510.4  19790.8      -.4     43.3     44.2     11.5
       .2     25.0     48.8     24.3  19018.9  20086.1
      -6.9      59.2       7.9      51.4
       -.6      28.7      -1.0      16.8
       -.6      19.9      -1.2      11.5
       -.6      19.2      -1.3      10.8
 40498   .458673  -.602008  -.653609
  38369.0  19144.5      -.4     43.3     48.9      9.4
       .5     25.4     49.1     36.0  17958.5  18779.5
      -8.6      61.4       7.1      54.9
      -1.1      28.7       -.7      11.5
       -.5      20.0      -1.1       7.7
      -1.1      19.5      -1.1       7.4
 40499   .361020  -.631785  -.685938
  36266.3  18171.0      -.4     43.3     48.4     19.3
       .0     25.8     48.7     47.5  16941.2  17639.7
      -5.8      57.9       6.9      60.0
      -1.0      30.0      -1.2       8.7
       -.6      20.4      -1.3       4.4
      -1.2      19.6      -1.4       4.4
 40500   .249898  -.655981  -.712208
  34902.7  17570.4      -.4     43.3     48.3     25.5
      -.2     26.3     48.4     54.1  16400.1  17160.5
      -7.9      62.6       5.5      73.6
      -1.2      30.5        .3      13.2
       -.9      20.7       -.2       3.7
      -1.1      19.9       -.6       3.0
 40501   .190037  -.665130  -.722141
  34442.8  17346.3      -.4     43.3     49.0     21.2
      -.2     26.6     49.2     49.6  15808.5  16604.8
      -7.7      62.3       5.4      64.7
       -.7      30.2       -.5      10.4
       -.8      21.3       -.4       4.5
      -1.1      20.0      -1.1       4.1
 40502   .127982  -.671905  -.729496
  33991.9  17071.5    -16.5     19.5     48.6     15.9
      -.2     26.8     48.8     44.0  15378.1  16294.7
      -7.4      61.4       3.1      56.5
       -.8      29.3      -1.0       9.6
       -.4      20.7      -1.2       5.8
       -.7      20.5      -1.4       5.7
 40503   .064388  -.676070  -.734019
  34068.0  16842.1      1.2     26.6     48.7     11.2
      -.4     27.1     49.0     38.4  15180.1  16003.9
      -6.9      58.2       -.4      50.5
       -.9      30.3      -1.4      10.3
       -.5      20.8      -1.4       7.3
       -.7      21.0      -1.8       7.4
 40504   .000000  -.677476  -.735545
  33836.2  16841.0     -2.7     27.4     48.0      8.5
      -.2     27.4     49.1     32.8  14960.0  15857.6
      -5.8      59.3        .5      42.7
       -.9      29.3      -1.5      12.0
       -.4      21.2      -1.5       9.2
      -1.0      21.6      -1.9       9.3
 40505  -.064388  -.676070  -.734019
  33972.8  16853.2      7.2     20.6     46.0     11.1
      -.2     27.7     49.2     27.4  14763.9  15585.5
      -4.8      61.2      -1.6      43.6
       -.7      29.2      -1.8      13.8
        .0      21.3      -1.6      10.6
       -.4      22.4      -2.1      11.4
 40506  -.127982  -.671905  -.729496
  34248.2  16218.2      2.2     22.9     40.2     14.9
       .3     27.8     49.4     21.9  15145.3  15980.3
      -5.6      60.3      -3.1      42.8
       -.1      29.7      -1.7      16.6
       -.1      21.0      -2.1      12.4
       -.3      21.9      -2.4      13.7
 40507  -.190037  -.665130  -.722141
  34798.6  15796.0     -1.5     26.3     48.2     28.9
       .1     27.5     49.1     16.7  15113.6  15779.5
      -6.9      59.8      -2.5      44.3
       -.1      29.4      -1.8      18.3
       -.2      20.6      -2.2      14.3
       -.4      21.3      -2.8      16.3
 40508  -.249898  -.655981  -.712208
  35420.8  14403.1     -5.9     24.9     48.2     28.9
       .4     27.6     49.3     12.2  15712.7  16480.7
      -5.7      62.3      -1.9      43.8
       -.9      29.1      -1.9      19.6
        .1      20.9      -2.0      15.5
        .0      21.4      -2.7      18.4
 40509  -.361020  -.631785  -.685938
  36762.7  12909.7      1.7     16.8     48.2     28.9
       .1     27.3     48.1     11.9  16267.8  17398.0
      -5.9      59.0      -3.1      43.4
       -.4      29.1      -1.5      20.9
        .1      21.1      -1.5      17.4
        .2      21.3      -2.3      20.6
 40510  -.458673  -.602008  -.653609
  38707.2  11468.5      -.4     43.3     48.2     28.9
       .2     27.0     48.2     57.7  18450.1  19251.7
      -5.8      62.0      -4.6      45.7
       -.1      27.3      -1.5      23.1
        .6      19.9       -.9      19.5
        .2      19.9      -2.4      21.6
 40511  -.542159  -.569267  -.618061
  41290.3  10439.7     -2.3     13.0     48.2     28.9
       .3     26.0     48.2     57.7  19390.7  20193.6
      -6.1      61.6      -5.8      46.6
        .5      27.4       -.3      23.7
        .5      19.3       -.7      20.6
        .2      19.4      -1.6      24.0
 40512  -.612205  -.535679  -.581595
  44079.6   9638.6      -.4     43.3     48.2     28.9
       .7     25.4     48.2     57.7  21604.4  22758.5
      -7.4      62.2      -5.7      45.7
        .1      27.1       -.3      25.3
        .7      18.6       -.2      21.4
        .7      19.0      -1.1      24.2
 40513  -.670317  -.502738  -.545830
  47185.0   9328.6      -.4     43.3     48.2     28.9
       .2     24.4     48.2     57.7  23753.4  24756.1
      -5.9      60.4      -4.9      43.5
        .2      26.6        .0      26.1
        .8      17.6        .0      22.3
        .5      17.4      -1.0      25.3
 40514  -.718269  -.471364  -.511767
  50696.7   8871.3      1.9    102.9     48.2     28.9
       .4     23.9     48.2     57.7  26023.2  27198.3
      -4.3      60.3      -3.4      45.8
        .5      25.5        .3      26.5
       1.0      16.9        .4      22.4
        .9      16.3       -.4      25.8
 40515  -.757796  -.442047  -.479937
  54238.1   8611.6    -14.1     83.5     48.2     28.9
       .4     22.8     48.2     57.7  27625.7  29348.0
      -5.4      61.1      -4.2      44.5
        .8      25.6        .2      26.4
        .9      16.6        .3      23.8
        .7      16.0        .0      27.1
 40516  -.790440  -.414981  -.450551
  58024.6   8484.2    -11.7    103.4     48.2     28.9
       .1     22.1     48.2     57.7  29796.8  32379.4
      -6.1      61.7      -6.4      46.3
        .5      24.7        .7      26.6
        .8      16.3        .3      23.6
        .8      15.2        .0      27.4
 40517  -.817505  -.390173  -.423616
  61882.8   8272.8    -10.6     92.8     48.2     28.9
       .2     21.6     48.2     57.7  31185.3  34045.6
      -3.9      61.0      -4.3      43.1
        .6      24.7        .7      28.2
       1.1      15.4       1.1      24.2
        .8      14.6       -.1      28.2
 40518  -.840060  -.367526  -.399028
  65815.2   8148.8    -27.7     85.0     48.2     28.9
       .5     20.7     48.2     57.7  28085.4  35467.5
      -6.0      60.7      -5.4      44.8
        .8      23.7        .6      27.7
       1.1      15.0       1.2      23.9
       1.1      14.1        .2      29.8
 40519   .708659  -.620076  -.336613
  74889.2  13665.4      -.4     43.3     48.2     28.9
      -.4     86.6     48.2     57.7  41895.8  43571.8
      -9.0      58.7       9.5      48.4
        .3      25.6        .4      24.6
        .9      22.0        .0      19.3
        .5      23.8       -.4      20.1
 40520   .677337  -.646549  -.350984
  71800.5  14431.7      -.4     43.3     48.2     28.9
      -.4     86.6     48.2     57.7  40064.8  41682.0
      -9.8      59.7       8.6      51.6
        .5      26.1        .3      23.2
        .3      23.0        .0      17.6
        .0      24.4       -.1      18.7
 40521   .641844  -.673936  -.365851
  68812.7  15026.1      -.4     43.3     48.2     28.9
      -.4     86.6     48.2     57.7  36532.2  37637.7
     -10.3      59.0       9.6      52.2
        .9      25.9       -.5      23.4
        .8      23.3       -.4      17.7
       -.1      25.2       -.3      18.8
 40522   .601687  -.701968  -.381068
  66066.1  15595.5      -.4     43.3     48.2     28.9
      -.4     86.6     48.2     57.7  32901.6  34862.3
      -8.2      59.1       8.0      55.7
        .4      26.6        .1      21.3
        .4      24.2       -.4      15.9
        .4      25.7       -.6      16.3
 40523   .556388  -.730259  -.396426
  63502.7  15670.8      -.4     43.3     48.2     28.9
      -.4     86.6     48.2     57.7  33464.6  34784.4
     -10.0      56.0      10.6      56.7
        .1      27.3       -.3      21.4
        .9      24.4       -.8      15.1
        .1      26.2      -1.1      15.1
 40524   .505524  -.758286  -.411641
  60707.2  15488.8      -.4     43.3     48.2     28.9
      -.4     86.6     44.2      7.2  32401.3  33637.4
      -8.5      54.6       7.5      54.7
       -.1      27.2       -.4      19.6
        .0      24.9       -.7      13.2
        .3      26.5      -1.1      12.8
 40525   .448787  -.785377  -.426348
  58513.3  15011.0      -.4     43.3     48.2     28.9
      -.4     86.6     49.2     10.3  30023.8  31212.3
      -8.1      54.7       5.4      59.0
        .0      27.5       -.6      18.4
        .1      25.4       -.9      12.0
       -.6      26.7      -1.3      11.7
 40526   .386057  -.810720  -.440105
  56449.4  14553.2      -.4     43.3     48.2     28.9
      -.4     86.6     49.4     22.1  29487.6  30556.9
      -9.3      57.0       6.0      60.2
       -.5      28.3      -1.1      16.7
        .0      25.5      -1.5      10.4
       -.2      27.6      -1.6       9.6
 40527   .317480  -.833386  -.452409
  54689.8  14149.7      -.4     43.3     49.0      7.5
      -.4     86.6     49.4     34.5  28146.8  29234.0
      -9.1      56.5       4.6      60.5
       -.8      28.9       -.7      15.1
        .2      26.2      -1.3       7.2
       -.2      27.4      -1.3       6.7
 40528   .243541  -.852392  -.462727
  53198.5  13810.4      -.4     43.3     48.8     18.1
      -.4     86.6     49.1     46.5  26791.7  28053.8
      -8.9      54.7       6.0      73.0
       -.1      29.2       -.7      16.1
       -.1      26.8      -1.3       5.3
       -.5      27.8      -1.5       4.4
 40529   .165103  -.866792  -.470544
  52148.3  13556.9      -.4     43.3     48.6     24.9
      -.4     86.6     48.6     53.5  26626.3  27410.3
      -8.9      53.2       5.4      84.2
        .3      29.2       -.5      27.7
       -.4      26.9        .1       5.0
       -.1      27.5        .0       2.9
 40530   .124573  -.872008  -.473376
  51919.3  13573.0      -.4     43.3     49.8     20.3
      -.4     86.6     50.0     48.9  26545.8  27461.3
      -9.2      55.9       4.1      77.4
       -.9      29.3        .3      19.4
        .1      27.0        .1       4.9
      -1.0      27.6       -.6       4.2
 40531   .083409  -.875791  -.475429
  51748.3  13389.0      -.4     43.3     49.5     14.7
      -.4     86.6     49.9     42.8  26593.8  27259.0
      -7.5      55.8       3.8      63.4
        .3      28.9       -.5      15.1
       -.1      26.7       -.7       5.7
       -.5      27.9      -1.1       4.9
 40532   .041814  -.878085  -.476675
  51785.0  13388.9      -.4     43.3     49.4      9.2
      -.4     86.6     49.9     36.8  26126.4  27257.7
      -8.4      54.7       3.3      64.1
        .4      28.9      -1.0      13.5
       -.1      26.7       -.9       6.6
      -1.0      27.8      -1.4       6.1
 40533   .000000  -.878853  -.477092
  52150.7  13535.1      -.4     43.3     48.7      5.6
      -.4     86.6     49.9     30.7  26238.3  27346.7
      -9.0      53.8        .9      60.9
       -.2      29.6      -1.2      12.6
       -.2      26.8      -1.2       8.0
       -.6      27.9      -1.4       7.4
 40534  -.041814  -.878085  -.476675
  52154.6  13394.0      -.4     43.3     45.6      5.3
      -.4     86.6     49.9     24.8  26190.7  27071.2
      -7.0      54.4       1.7      56.9
       -.1      29.1      -1.6      14.7
        .0      26.8      -1.5       9.3
       -.7      28.0      -1.9       8.5
 40535  -.083409  -.875791  -.475429
  52411.5  13526.9      -.4     43.3     48.2     28.9
      -.4     86.6     50.1     18.6  26169.6  27324.1
      -9.4      56.1        .0      53.8
        .2      28.9      -1.8      15.8
        .1      26.5      -1.8      10.2
       -.4      28.1      -2.2      10.0
 40536  -.124573  -.872008  -.473376
  52651.8  13444.7      -.4     43.3     48.2     28.9
      -.4     86.6     50.3     12.8  25935.2  27322.6
      -9.2      55.1      -2.2      52.4
        .3      28.9      -1.3      16.3
        .3      26.9      -1.3      11.5
       -.1      28.1      -2.0      11.3
 40537  -.165103  -.866792  -.470544
  53250.6  13577.3      -.4     43.3     48.2     28.9
      -.4     86.6     50.0      8.0  27382.7  28642.1
     -10.3      58.0      -1.4      50.0
        .5      29.0       -.8      17.7
        .6      26.2      -1.0      12.6
        .2      27.9      -1.6      12.6
 40538  -.243541  -.852392  -.462727
  54105.1  13638.1      -.4     43.3     48.2     28.9
      -.4     86.6     48.2      5.8  27377.7  28695.7
      -8.8      57.2      -3.8      47.0
        .0      28.8      -1.2      18.1
        .2      26.4      -1.2      13.8
       -.5      29.0      -1.7      14.3
 40539  -.317480  -.833386  -.452409
  55720.2  13528.5      -.4     43.3     48.2     28.9
      -.4     86.6     48.2     57.7  27391.2  28575.4
      -7.0      54.6      -2.4      46.4
        .1      28.3       -.8      20.2
       1.0      26.0       -.6      16.0
        .1      28.2      -1.8      17.5
 40540  -.386057  -.810720  -.440105
  57274.4  13189.2      -.4     43.3     48.2     28.9
      -.4     86.6     48.2     57.7  27934.0  28935.3
      -7.6      55.2      -4.1      48.7
        .9      27.5       -.2      20.5
        .6      26.2       -.4      17.4
       1.6      27.9       -.2      19.1
 40541  -.448787  -.785377  -.426348
  59329.2  12678.4      -.4     43.3     48.2     28.9
      -.4     86.6     48.2     57.7  30811.9  31918.5
      -6.9      55.5      -3.5      45.9
        .7      27.7       -.1      23.1
        .8      25.7       -.4      19.8
        .9      27.4       -.4      21.3
 40542  -.505524  -.758286  -.411641
  61698.7  11833.4      -.4     43.3     48.2     28.9
      -.4     86.6     48.2     57.7  33934.0  34713.4
      -8.3      58.4      -5.1      45.6
        .7      27.7        .4      23.0
        .5      25.1        .1      19.6
        .8      26.3       -.2      21.2
 40543  -.556388  -.730259  -.396426
  64288.1  11488.5      -.4     43.3     48.2     28.9
      -.4     86.6     48.2     57.7  35133.2  36271.7
     -10.3      57.9      -5.2      46.1
        .6      27.0        .3      24.8
       1.2      24.2        .4      21.2
       1.2      25.9        .1      22.4
 40544  -.601687  -.701968  -.381068
  66987.2  10923.8      -.4     43.3     48.2     28.9
      -.4     86.6     48.2     57.7  36975.8  38270.3
     -10.0      58.9      -4.1      46.7
        .9      26.5        .6      24.9
        .5      23.8        .4      21.8
       1.1      25.3        .5      23.8
 40545  -.641844  -.673936  -.365851
  69954.5  10459.1      -.4     43.3     48.2     28.9
      -.4     86.6     48.2     57.7  38503.5  40151.2
      -7.5      57.6      -5.3      46.1
       1.1      25.9       1.1      25.8
       1.3      23.3        .9      22.3
        .5      24.8       -.3      23.6
 40546  -.677337  -.646549  -.350984
  73368.1  10118.6      -.4     43.3     48.2     28.9
      -.4     86.6     48.2     57.7  40539.5  41995.4
      -7.6      60.4      -2.8      44.3
        .2      25.5        .5      26.0
       1.0      22.6       1.2      23.7
        .9      23.5        .1      25.1
 40547  -.708659  -.620076  -.336613
  76197.7   9811.6      -.4     43.3     48.2     28.9
      -.4     86.6     48.2     57.7  42394.5  44111.9
      -7.1      57.2      -5.9      46.1
        .5      25.7        .9      26.8
        .7      22.4       1.0      23.7
       1.2      23.1        .6      24.5
 40548   .482910  -.845093  -.229382
 109591.4  14354.7      -.4     43.3     48.2     28.9
      -.4     86.6     48.2     57.7  65639.8  67568.9
     -11.4      57.5       9.4      55.9
        .1      28.4        .8      23.3
        .2      25.6        .4      15.8
       1.0      27.6       -.3      15.3
 40549   .451149  -.861285  -.233777
 107585.7  14137.7      -.4     43.3     48.2     28.9
      -.4     86.6     48.2     57.7  62618.9  65252.2
     -11.7      58.7       8.5      61.3
       -.5      29.5        .9      22.6
        .5      25.6        .0      13.9
        .6      27.1       -.1      13.4
 40550   .417577  -.876913  -.238019
 105376.2  13901.1      -.4     43.3     48.2     28.9
      -.4     86.6     48.2     57.7  62797.2  64049.5
      -7.8      59.2       8.4      61.8
       -.2      29.1        .7      22.7
        .5      26.0        .0      13.7
        .4      27.3       -.4      13.0
 40551   .382204  -.891810  -.242063
 103448.9  13597.3      -.4     43.3     48.2     28.9
      -.4     86.6     48.2     57.7  60516.6  62020.3
      -7.0      51.8       6.3      68.6
       -.3      29.2        .5      22.5
        .6      26.4       -.4      12.9
       1.1      28.1       -.4      11.7
 40552   .345068  -.905804  -.245861
 101460.1  13394.0      -.4     43.3     48.2     28.9
      -.4     86.6     48.2     57.7  59854.7  62208.6
     -10.5      57.1       7.3      67.0
        .0      29.3        .3      21.5
        .3      26.6       -.4      11.9
        .5      28.3      -1.0      11.0
 40553   .306238  -.918714  -.249365
  99479.0  13255.1      -.4     43.3     48.2     28.9
      -.4     86.6     48.2     57.7  58126.8  60049.5
      -8.8      56.1      10.3      70.9
        .1      30.0       -.2      22.6
        .4      26.7      -1.0      11.1
        .2      28.6      -1.1       9.8
 40554   .265817  -.930361  -.252527
  98290.6  13114.0      -.4     43.3     48.2     28.9
      -.4     86.6     49.7      6.8  56782.0  58568.4
     -12.7      59.2       7.3      72.0
       -.5      29.5       -.1      20.2
        .7      26.8      -1.1       9.6
       -.3      28.3      -1.1       8.4
 40555   .223945  -.940570  -.255298
  97058.4  12861.7      -.4     43.3     48.2     28.9
      -.4     86.6     49.6     19.5  56576.1  57826.3
     -11.1      58.9       5.4      78.4
       -.2      30.0       -.7      21.9
        .2      26.7      -1.6       8.7
       -.1      28.4      -1.6       7.2
 40556   .180796  -.949177  -.257634
  95939.7  12880.2      -.4     43.3     49.4      5.0
      -.4     86.6     49.7     32.5  56282.4  57971.4
      -9.7      56.1       5.7      80.7
       -.3      30.0       -.6      23.6
       -.1      26.8      -1.1       7.2
        .0      29.0      -1.5       5.9
 40557   .136577  -.956038  -.259496
  95199.3  12727.9      -.4     43.3     48.8     16.8
      -.4     86.6     48.9     45.1  55233.8  56643.8
     -11.8      56.0       6.6      95.5
       -.6      30.0       -.1      31.5
        .0      26.5      -1.3       7.6
        .0      28.7      -1.6       4.9
 40558   .091527  -.961030  -.260851
  94710.7  12713.3      -.4     43.3     49.1     24.4
      -.4     86.6     49.1     52.7  55168.9  56525.9
     -11.5      57.4       6.2     105.4
       -.2      30.0        .1      47.0
       -.2      26.5        .3      14.4
        .0      28.4        .8       6.4
 40559   .068771  -.962796  -.261330
  94396.2  12627.4      -.4     43.3     50.9     19.4
      -.4     86.6     50.9     47.9  55331.4  57018.7
     -10.6      56.2       4.3      99.5
       -.1      29.6        .7      39.1
        .3      26.8        .4       9.0
       -.3      28.4        .0       5.2
 40560   .045908  -.964064  -.261674
  94403.7  12613.8      -.4     43.3     51.0     13.3
      -.4     86.6     51.0     41.8  54675.5  56288.2
     -12.3      57.7       3.0      95.1
       -.5      29.8        .0      28.0
       -.2      27.3       -.5       8.5
       -.2      28.3       -.7       5.0
 40561   .022972  -.964827  -.261882
  94489.9  12566.2      -.4     43.3     50.7      7.3
      -.4     86.6     51.0     35.4  55046.8  57163.8
     -10.9      54.9       4.7      86.7
        .0      30.4       -.8      25.0
        .2      27.0       -.7       7.1
       -.2      29.0       -.9       5.3
 40562   .000000  -.965081  -.261951
  94565.3  12672.0      -.4     43.3     49.4      3.0
      -.4     86.6     50.7     28.8  54990.5  56806.0
      -9.4      59.2       2.2      80.4
       -.6      29.7       -.5      21.9
        .2      26.9       -.9       7.3
       -.5      29.0      -1.1       5.8
 40563  -.022972  -.964827  -.261882
  94707.8  12575.6      -.4     43.3     48.2     28.9
      -.4     86.6     51.0     22.4  55592.5  56706.1
      -9.4      54.0       -.6      73.2
        .2      29.6       -.5      19.9
        .3      26.7      -1.0       7.9
        .2      28.8      -1.3       6.3
 40564  -.045908  -.964064  -.261674
  94832.8  12653.5      -.4     43.3     48.2     28.9
      -.4     86.6     51.0     15.8  54235.9  56324.4
     -12.5      59.6       4.0      74.6
        .0      30.0       -.9      21.0
        .3      27.1      -1.0       8.3
       -.1      28.7      -1.2       7.1
 40565  -.068771  -.962796  -.261330
  95193.1  12674.3      -.4     43.3     48.2     28.9
      -.4     86.6     51.0      9.4  54907.6  57153.4
      -8.3      54.8       4.2      71.5
        .0      29.8       -.5      20.3
       -.4      26.6      -1.1       8.9
       -.1      29.0      -1.1       7.7
 40566  -.091527  -.961030  -.260851
  95454.9  12677.8      -.4     43.3     48.2     28.9
      -.4     86.6     50.6      4.1  54839.3  57484.7
     -10.2      56.0       1.6      69.5
       -.3      30.4       -.5      18.4
       1.1      27.1       -.3       9.8
       -.1      29.2      -1.0       8.4
 40567  -.136577  -.956038  -.259496
  96224.5  12662.8      -.4     43.3     48.2     28.9
      -.4     86.6     48.2     57.7  56223.9  57656.5
     -12.2      57.6       1.8      64.9
        .3      30.3       -.2      19.3
        .3      27.0       -.4      10.4
        .1      28.7       -.9       9.6
 40568  -.180796  -.949177  -.257634
  97042.4  12814.6      -.4     43.3     48.2     28.9
      -.4     86.6     48.2     57.7  56696.0  58440.5
      -9.5      52.7      -3.4      62.3
        .3      30.1       -.1      18.8
        .7      27.0        .1      11.5
        .4      29.4       -.6      11.1
 40569  -.223945  -.940570  -.255298
  98159.2  12887.0      -.4     43.3     48.2     28.9
      -.4     86.6     48.2     57.7  56827.3  58334.8
     -10.6      57.2      -2.9      58.7
        .2      30.0        .2      19.1
       1.1      27.4        .2      12.2
        .9      28.7        .0      11.7
 40570  -.265817  -.930361  -.252527
  99446.3  13012.6      -.4     43.3     48.2     28.9
      -.4     86.6     48.2     57.7  58463.1  60209.4
     -10.2      54.8      -3.2      54.5
        .1      30.3        .0      20.4
        .7      27.1        .4      13.5
        .5      28.9        .1      12.9
 40571  -.306238  -.918714  -.249365
 101003.7  13076.1      -.4     43.3     48.2     28.9
      -.4     86.6     48.2     57.7  59861.3  60897.0
     -10.8      60.5      -4.7      53.5
        .5      29.6        .5      19.8
        .8      26.6        .6      14.0
        .9      28.8        .5      13.7
 40572  -.345068  -.905804  -.245861
 102763.5  13251.6      -.4     43.3     48.2     28.9
      -.4     86.6     48.2     57.7  60778.5  63137.1
      -9.1      58.5      -3.4      52.7
        .1      30.1        .0      21.2
       1.3      26.8        .8      15.6
        .8      29.3        .2      16.2
 40573  -.382204  -.891810  -.242063
 104666.8  13274.5      -.4     43.3     48.2     28.9
      -.4     86.6     48.2     57.7  61645.5  63494.4
     -11.5      56.8      -5.3      51.5
        .0      30.5        .7      20.6
       1.5      26.5       1.3      15.5
       1.0      28.4        .7      15.8
 40574  -.417577  -.876913  -.238019
 106325.0  13314.0      -.4     43.3     48.2     28.9
      -.4     86.6     48.2     57.7  63876.0  65486.1
     -10.5      60.8      -5.4      47.8
        .3      29.2        .5      22.1
       1.0      26.7       1.0      17.7
        .6      28.3        .2      17.6
 40575  -.451149  -.861285  -.233777
 108698.6  13298.7      -.4     43.3     48.2     28.9
      -.4     86.6     48.2     57.7  60937.0  63190.6
     -10.2      62.1      -2.7      46.1
        .5      29.3       1.0      21.5
       1.5      26.1       1.5      17.1
        .3      29.1        .4      18.3
 40576  -.482910  -.845093  -.229382
 111385.7  13114.4      -.4     43.3     48.2     28.9
      -.4     86.6     48.2     57.7  61590.4  63497.7
      -7.3      57.0      -3.2      44.5
        .0      28.6        .6      22.8
        .7      25.7       1.1      19.1
       1.3      28.0       1.2      20.1
 40577   .337328  -.927651  -.160231
 156209.5  13447.2      -.4     43.3     48.2     28.9
      -.4     86.6     48.2     57.7  98732.8 100582.1
      -4.6      53.6       7.8      63.3
       -.8      30.9       1.5      24.8
        .4      27.7        .5      13.4
        .5      28.5        .0      11.7
 40578   .312066  -.936198  -.161707
 154791.8  13305.0      -.4     43.3     48.2     28.9
      -.4     86.6     48.2     57.7  97131.9  99832.3
     -10.5      55.1      10.6      65.8
       -.6      31.2       1.4      24.7
        .3      27.6        .4      12.6
        .3      28.3        .0      11.0
 40579   .286124  -.944211  -.163091
 153339.7  13168.6      -.4     43.3     48.2     28.9
      -.4     86.6     48.2     57.7  95031.4  97365.3
     -11.3      54.8       7.1      67.8
      -1.0      31.1       1.1      24.8
        .3      27.8        .2      12.2
        .4      28.4        .0      10.5
 40580   .259539  -.951641  -.164374
 151453.2  12965.3      -.4     43.3     48.2     28.9
      -.4     86.6     48.2     57.7  94876.5  97251.9
      -8.2      55.8       8.0      83.4
       -.2      30.7        .4      26.7
        .0      27.9       -.3      11.2
        .3      28.3       -.3       9.6
 40581   .232349  -.958440  -.165549
 150188.4  12957.6      -.4     43.3     48.2     28.9
      -.4     86.6     48.2     57.7  93065.8  95829.9
     -13.1      55.6       9.2      75.5
       -.3      31.1        .8      26.7
       -.1      27.5       -.1      10.7
        .3      28.3       -.3       8.7
 40582   .204604  -.964562  -.166606
 149116.0  12847.1      -.4     43.3     48.2     28.9
      -.4     86.6     48.2     57.7  92497.8  94433.8
      -5.5      48.2       7.5      84.4
       -.5      30.6        .5      27.9
        .3      28.0       -.6      10.0
        .1      29.1       -.9       8.0
 40583   .176357  -.969963  -.167539
 148147.2  12775.0      -.4     43.3     48.2     28.9
      -.4     86.6     50.2      5.1  92445.6  93908.3
     -12.8      59.8       5.1      88.8
       -.4      31.6        .0      28.0
        .1      27.8       -.6       9.5
       -.2      28.5      -1.0       7.1
 40584   .147667  -.974605  -.168341
 147322.7  12738.0      -.4     43.3     48.2     28.9
      -.4     86.6     50.3     18.1  91243.0  93616.3
      -9.5      55.8       1.7      96.0
       -.7      30.6       -.2      29.9
       -.4      27.9      -1.5       8.7
       -.2      29.0      -1.6       6.1
 40585   .118600  -.978453  -.169006
 146342.6  12731.0      -.4     43.3     49.6      3.6
      -.4     86.6     49.9     31.4  91162.1  93494.3
     -12.6      54.2       3.2     100.7
       -.5      31.2       -.9      33.2
        .3      27.6      -1.0       8.4
        .0      28.5      -1.4       5.4
 40586   .089225  -.981478  -.169528
 145603.0  12620.0      -.4     43.3     49.1     16.2
      -.4     86.6     49.0     44.3  89508.5  92618.6
     -11.7      55.9       2.3     109.4
       -.2      30.5       -.4      46.3
        .0      27.8       -.9      12.1
        .0      28.6      -1.6       4.5
 40587   .059616  -.983656  -.169904
 145657.8  12570.0      -.4     43.3     49.6     23.8
      -.4     86.6     49.5     52.0  90758.9  92301.1
     -13.7      56.2       8.5     119.9
       -.2      30.7        .7      65.1
        .0      27.6        .5      23.2
        .2      28.5        .8       9.6
 40588   .044746  -.984421  -.170036
 145259.9  12541.8      -.4     43.3     51.2     19.1
      -.4     86.6     51.2     47.3  90191.8  93042.8
      -9.7      58.8      -4.3     118.6
      -1.2      31.3       1.1      52.0
        .4      27.6        .4      16.3
       -.4      29.2        .5       8.5
 40589   .029848  -.984969  -.170131
 145592.7  12703.5      -.4     43.3     51.8     12.6
      -.4     86.6     51.7     41.0  90593.8  92528.1
      -7.6      52.0       2.3     111.9
      -1.5      31.0        .4      42.8
        .3      27.8       -.2      10.8
        .1      28.0       -.3       5.6
 40590   .014929  -.985299  -.170188
 145402.4  12610.9      -.4     43.3     51.3      6.3
      -.4     86.6     51.3     34.5  89739.1  91827.5
     -10.2      55.4      -2.0      97.5
       -.7      30.8        .4      35.0
        .6      28.1       -.5       9.9
        .8      28.5       -.5       5.8
 40591   .000000  -.985408  -.170207
 145219.6  12536.4      -.4     43.3     49.8      1.7
      -.4     86.6     51.3     27.8  88482.6  91649.7
     -11.2      54.4        .8     100.1
       -.6      31.3       -.4      30.2
        .2      27.6       -.7       8.2
       -.1      28.4       -.8       5.7
 40592  -.014929  -.985299  -.170188
 145391.1  12559.3      -.4     43.3     48.2     28.9
      -.4     86.6     51.5     21.3  89292.2  92005.8
      -7.9      60.6       7.5      98.3
       -.6      31.0        .4      30.3
        .2      27.9       -.8       8.5
       -.2      28.9      -1.1       6.5
 40593  -.029848  -.984969  -.170131
 145847.3  12610.8      -.4     43.3     48.2     28.9
      -.4     86.6     51.5     14.5  89768.9  92618.7
     -11.4      55.1       1.0      89.6
      -1.0      31.5       -.3      26.7
       -.2      27.8       -.8       9.1
        .0      29.1       -.9       6.2
 40594  -.044746  -.984421  -.170036
 146008.7  12672.6      -.4     43.3     48.2     28.9
      -.4     86.6     51.3      7.9  90082.0  92003.5
     -10.8      55.3        .2      87.1
       -.4      30.4       -.2      28.0
        .0      27.9       -.5       8.4
       -.6      29.0       -.8       6.5
 40595  -.059616  -.983656  -.169904
 146474.2  12678.7      -.4     43.3     48.2     28.9
      -.4     86.6     50.8      2.4  89269.1  92327.5
      -8.2      56.4       3.4      93.7
      -1.0      31.3       -.1      26.0
        .0      28.0       -.2       8.4
       -.3      28.9       -.4       6.6
 40596  -.089225  -.981478  -.169528
 146755.9  12645.2      -.4     43.3     48.2     28.9
      -.4     86.6     48.2     57.7  91515.6  94353.4
     -15.4      57.7       1.0      84.6
       -.4      30.7       -.3      25.1
        .6      28.0       -.2       9.2
        .1      28.7       -.4       7.4
 40597  -.118600  -.978453  -.169006
 147709.9  12653.5      -.4     43.3     48.2     28.9
      -.4     86.6     48.2     57.7  92109.5  94278.4
     -12.2      57.0        .3      78.0
      -1.0      31.0        .1      23.6
        .4      27.8        .4       9.2
        .1      28.7        .1       8.2
 40598  -.147667  -.974605  -.168341
 148079.6  12757.2      -.4     43.3     48.2     28.9
      -.4     86.6     48.2     57.7  91246.7  93735.7
      -7.2      54.0      -1.2      66.8
       -.5      31.1        .3      22.5
        .0      28.2        .1      10.2
        .0      28.7       -.1       9.1
 40599  -.176357  -.969963  -.167539
 149215.3  12725.5      -.4     43.3     48.2     28.9
      -.4     86.6     48.2     57.7  91757.9  94367.0
      -7.6      58.7      -1.5      70.3
        .1      31.3        .4      21.6
        .3      27.5        .6      10.9
        .5      28.9        .6       9.7
 40600  -.204604  -.964562  -.166606
 150565.9  12792.2      -.4     43.3     48.2     28.9
      -.4     86.6     48.2     57.7  94493.9  96380.6
     -12.5      58.7      -2.9      64.7
       -.5      31.3        .2      22.9
        .4      28.0        .6      11.7
        .2      29.5        .6      10.5
 40601  -.232349  -.958440  -.165549
 151970.2  12952.1      -.4     43.3     48.2     28.9
      -.4     86.6     48.2     57.7  94351.8  97395.4
     -10.0      60.5      -3.2      59.5
       -.2      30.8        .5      21.3
        .7      27.7        .9      12.3
       -.2      28.7        .5      11.3
 40602  -.259539  -.951641  -.164374
 153115.3  13077.8      -.4     43.3     48.2     28.9
      -.4     86.6     48.2     57.7  92472.2  95804.8
     -14.6      61.7      -4.5      60.8
       -.6      31.3        .4      20.8
        .9      27.7       1.1      12.9
       1.6      28.6       1.4      12.0
 40603  -.286124  -.944211  -.163091
 154549.9  13094.0      -.4     43.3     48.2     28.9
      -.4     86.6     48.2     57.7  95827.7  98936.0
      -6.9      58.6      -6.0      53.4
        .0      31.6        .8      21.0
        .5      28.2       1.0      13.5
        .2      28.9       1.0      12.7
 40604  -.312066  -.936198  -.161707
 156503.9  13243.7      -.4     43.3     48.2     28.9
      -.4     86.6     48.2     57.7  97012.9  99696.4
      -9.4      56.5      -4.1      52.0
        .1      31.1       1.0      20.4
        .9      27.3       1.4      13.6
        .1      28.6       1.2      13.1
 40605  -.337328  -.927651  -.160231
 157785.0  13293.3      -.4     43.3     48.2     28.9
      -.4     86.6     48.2     57.7  98447.4 101663.1
      -6.1      56.2      -4.9      47.1
       -.2      30.9        .8      21.1
       1.2      27.5       1.7      14.9
        .7      29.7       1.2      14.5
