Dot1_150x100_prd2012lk:dj0045b1@-200V,0.0T@90d,277K,rhe=1.10,rhh=0.7, 0.65/1.30 
  6881   1   .00  60   5  29   0  200.00  277.00     .45 1.06200  1400.0     .03    -.36  150.  100.  285.  2000.0     .01    -.18    1.50    1.00     .85
 45601   .000000   .000000 -1.000000
  25761.9  21411.5      -.2     41.4       .0     27.0
      -.1     84.4       .0     55.7  11012.0  11608.3
      -1.1      72.1      -2.4      65.8
       -.7      11.3        .1       9.8
        .1       1.7        .3       3.3
        .0       1.3        .2       1.4
 45602   .000000  -.130455  -.991454
  25890.9  21791.1      -.8     36.1      -.2     27.0
      -.7     78.5      -.1     55.8  11127.1  11611.2
      -1.5      57.8        .4      61.9
       -.6       5.1        .2      11.0
       -.5       3.0        .2       1.7
       -.6       2.7        .2       1.4
 45603   .000000  -.254493  -.967075
  26369.9  22188.8      -.6     29.1       .1     27.1
      -.5     70.9       .0     55.9  10900.4  11470.5
      -5.2      53.1      -2.4      65.1
       -.6       8.8       -.2      10.0
       -.4       5.8        .3       1.9
       -.6       5.4        .2       2.0
 45604   .000000  -.367167  -.930155
  27220.1  22156.6      -.3     21.9       .3     27.0
      -.4     62.9       .3     55.8  11458.3  12192.8
      -4.3      46.0       -.8      71.1
       -.8      12.5       -.2      12.6
       -.5       9.0        .3       2.6
       -.7       8.0        .1       1.4
 45605   .000000  -.465746  -.884918
  28702.1  21490.5      -.9     15.5      -.4     27.1
      -.5     54.3      -.3     55.8  11949.6  12684.6
      -5.6      48.2       5.2      66.7
      -1.3      16.8        .9      12.8
       -.6      11.9        .2       2.3
       -.9      10.5        .1       1.5
 45606   .000000  -.549617  -.835417
  30212.2  20137.1     -1.0     11.0       .1     27.0
      -.5     46.2       .1     55.8  12226.9  13147.7
      -5.8      51.7      -3.4      71.4
      -1.1      20.8       -.8      14.6
       -.4      14.7        .3       2.3
      -1.0      13.3        .1       1.5
 45607   .000000  -.619644  -.784883
  31980.8  18508.3     -1.7     12.1       .1     27.0
      -.1     37.3       .1     55.7  13900.2  14787.8
      -5.8      56.6      -2.8      72.3
      -1.5      25.5       -.2      14.6
       -.8      17.5        .2       2.6
      -1.1      15.9        .3       2.5
 45608   .000000  -.677476  -.735545
  33989.1  17116.2       .0     43.3       .1     26.9
       .1     28.2       .1     55.7  15500.2  16203.0
      -6.7      60.8       -.1      75.3
      -1.6      29.3        .2      14.9
       -.7      19.8        .4       3.9
      -1.5      18.1        .2       1.7
 45609   .000000  -.724999  -.688749
  36155.8  16013.6       .0     43.3      -.1     27.0
      -.2     20.0      -.1     55.6  16263.4  17224.9
      -7.9      62.4       -.9      77.4
      -1.3      31.2        .4      12.8
      -1.0      21.8        .2       4.0
      -1.3      20.3        .3       1.7
 45610   .000000  -.764030  -.645181
  38501.0  15116.1       .0     43.3       .0     27.1
      -.4     12.7      -.1     55.7  17509.2  18306.9
      -8.0      55.6       -.4      74.9
      -1.1      30.3        .5      17.7
       -.6      23.7       -.2       5.1
      -1.1      22.8        .4       3.3
 45611   .000000  -.796162  -.605083
  40981.7  14695.2       .0     43.3       .1     26.8
     -3.1     11.5       .1     55.5  18575.0  19508.2
      -5.8      51.0       3.1      77.9
      -1.0      28.2        .1      20.0
       -.6      24.4        .5       5.5
      -1.2      25.5        .0       2.0
 45612   .000000  -.822730  -.568432
  43743.8  14205.3       .0     43.3       .1     26.9
     -9.8      9.6       .1     55.5  20670.5  21886.3
      -8.3      53.8      -2.0      81.0
      -1.1      25.8       -.1      24.5
       -.5      22.4        .6       7.7
      -1.0      24.9        .2       2.7
 45613   .000000  -.844819  -.535052
  46545.5  13973.1       .0     43.3       .3     26.6
       .0     86.6       .3     55.3  22708.6  23823.6
      -9.5      54.5      -3.0      85.4
       -.5      25.3       -.4      28.1
       -.3      20.4        .0       7.0
      -1.3      22.1        .2       1.9
 45614   .000000  -.863297  -.504697
  49118.3  13688.5       .0     43.3       .0     26.9
       .0     86.6       .0     55.4  23968.3  24852.1
      -8.5      52.0      -1.2      83.5
       -.8      25.8       -.4      27.5
       -.6      21.6        .5       6.1
      -1.0      20.8        .2       2.5
 45615   .000000  -.878853  -.477092
  51801.3  13453.4       .0     43.3       .1     26.7
       .0     86.6       .1     55.4  25639.7  26851.5
      -8.0      53.3      -3.5      85.6
       -.2      27.7      -1.2      30.0
       -.7      25.4        .2       5.6
      -1.2      25.5        .3       2.6
 45616   .000000  -.892036  -.451965
  54890.0  13247.9       .0     43.3       .2     26.8
       .0     86.6       .2     55.4  28012.7  28961.2
      -9.8      54.1       2.1      87.1
       -.9      28.0       1.1      32.1
       -.3      24.9        .1       6.3
       -.9      27.4        .4       2.9
 45617   .000000  -.903278  -.429057
  57762.8  13192.7       .0     43.3      -.2     26.6
       .0     86.6      -.1     55.2  29206.3  30631.6
      -8.9      53.0      -2.6      92.1
       -.7      25.7       -.2      33.9
       -.6      22.3        .0       9.6
       -.6      23.9        .2       2.2
 45618   .000000  -.912924  -.408131
  60825.0  13029.3       .0     43.3       .0     26.6
       .0     86.6       .0     55.2  30625.0  31987.0
     -10.4      53.6       2.9      90.9
       -.9      26.7        .7      34.9
       -.5      22.4       -.3       7.1
       -.7      22.0        .1       4.1
 45619   .000000  -.921250  -.388972
  63768.8  12957.0       .0     43.3       .0     26.6
       .0     86.6       .0     55.2  32510.1  33933.5
      -8.8      50.0       -.2      88.7
       -.6      27.7        .9      35.4
        .2      25.4        .0       9.1
       -.7      25.0        .3       3.8
 45620   .000000  -.928477  -.371391
  66705.4  12944.2       .0     43.3      -.1     26.7
       .0     86.6      -.1     55.2  34347.3  36311.0
      -8.7      53.5       -.5      96.3
       -.4      28.0      -1.0      38.6
       -.4      25.2        .8      10.5
       -.7      27.3        .2       4.3
 45621   .000000  -.934784  -.355218
  69747.3  12803.7       .0     43.3       .2     26.7
       .0     86.6       .1     55.2  36488.1  38451.3
      -8.2      55.0      -5.1      96.5
       -.5      26.6       -.7      40.6
       -.7      23.5        .1      10.5
       -.6      24.5       -.2       4.3
 45622   .000000  -.940315  -.340305
  73043.5  12800.3       .0     43.3      -.2     26.5
       .0     86.6      -.2     55.0  37849.2  39885.1
     -10.5      52.4      -2.3      95.8
       -.5      27.0       -.3      39.9
       -.4      22.9        .6      12.8
      -1.0      22.4       -.1       3.3
 45623   .000000  -.945190  -.326520
  75778.3  12753.6       .0     43.3      -.1     26.5
       .0     86.6      -.2     55.0  39950.9  41491.3
      -8.3      51.2      -3.4      97.2
       -.1      28.8       1.4      43.7
       -.6      26.2       1.0      11.6
       -.5      26.5       -.1       6.5
 45624   .000000  -.949506  -.313750
  79003.9  12701.7       .0     43.3      -.1     26.5
       .0     86.6      -.1     54.9  41086.5  43163.9
      -8.8      53.8       -.4      98.2
       -.5      29.0      -1.0      46.5
        .0      27.1        .1      13.7
       -.6      28.6        .3       4.6
 45625   .000000  -.953342  -.301892
  82046.1  12623.0       .0     43.3       .2     26.5
       .0     86.6       .2     54.9  43325.5  45383.7
      -9.0      52.1       5.4     103.0
       -.7      27.4        .7      44.2
       -.2      23.5        .7      13.1
       -.7      25.0        .7       7.1
 45626   .000000  -.956767  -.290857
  85342.5  12698.1       .0     43.3      -.1     26.5
       .0     86.6      -.1     54.8  46013.4  47350.6
     -10.8      53.1       1.2      96.6
       -.4      27.2        .5      46.4
       -.3      23.6        .5      17.8
       -.9      22.7        .1       4.5
 45627   .000000  -.959834  -.280567
  88648.0  12620.4       .0     43.3       .0     26.3
       .0     86.6       .0     54.7  47900.1  49524.9
     -10.3      54.8       -.4     100.8
       -.2      28.8        .3      50.3
        .0      26.1        .1      16.9
       -.7      25.2       -.5      11.8
 45628   .000000  -.962593  -.270952
  91576.7  12706.9       .0     43.3      -.1     26.5
       .0     86.6      -.2     54.8  49357.9  51029.0
      -7.6      54.2       1.0     103.2
       -.9      29.4        .2      50.1
        .0      26.4       1.0      15.5
      -1.2      27.5       -.9       9.7
 45629   .000000  -.965081  -.261951
  94839.7  12628.1       .0     43.3      -.1     26.4
       .0     86.6      -.2     54.7  51750.7  54024.4
      -7.9      52.1      -3.9     106.2
       -.7      28.1      -1.7      50.7
       -.3      24.5       1.0      18.5
       -.5      25.0        .3       8.1
 45630   .000000  -.967333  -.253508
  97800.6  12604.3       .0     43.3      -.2     26.2
       .0     86.6      -.2     54.6  53119.9  55218.5
     -11.3      54.6      -1.6     105.8
       -.6      27.1       1.3      52.1
       -.3      23.5       1.0      19.8
       -.7      23.0        .5       7.5
 45631   .000000  -.969377  -.245576
 101342.7  12732.2       .0     43.3      -.3     26.3
       .0     86.6      -.3     54.6  55168.9  56928.7
     -10.1      52.9      -3.5     104.4
       -.3      29.5       -.2      54.6
       -.3      26.6        .1      21.8
       -.2      25.7        .0      11.7
 45632   .000000  -.971238  -.238110
 104247.4  12665.4       .0     43.3      -.1     26.2
       .0     86.6      -.1     54.6  57705.6  59591.3
      -7.3      55.4       1.1     112.0
       -.7      30.6        .3      55.4
       -.4      27.6        .6      22.9
       -.4      29.1        .4       9.2
 45633   .000000  -.972937  -.231072
 107727.8  12569.4       .0     43.3       .0     26.1
       .0     86.6       .1     54.4  59479.5  61367.8
     -10.0      53.5       4.3     110.5
       -.5      28.4        .3      55.6
       -.7      24.7       -.8      23.9
       -.5      25.1       -.2      14.5
 45634   .000000  -.974491  -.224428
 110703.7  12549.2       .0     43.3       .2     26.1
       .0     86.6       .1     54.4  61233.0  63241.3
      -9.7      56.1      -8.8     108.4
       -.2      27.9      -1.7      56.9
       -.3      23.8        .9      22.1
       -.2      22.8        .4       7.3
 45635   .000000  -.975916  -.218146
 113588.4  12610.0       .0     43.3       .0     26.1
       .0     86.6       .0     54.5  61929.5  64985.6
      -9.0      50.3       2.1     109.7
      -1.0      29.4        .6      59.0
        .4      26.1        .3      25.4
       -.3      25.5       -.1      11.9
 45636   .000000  -.977227  -.212198
 116854.5  12604.6       .0     43.3      -.2     26.1
       .0     86.6      -.2     54.3  64454.2  67154.6
      -9.3      56.0        .4     112.8
       -.3      29.8      -1.7      58.5
       -.6      27.4        .7      23.2
       -.1      27.8        .6      11.7
 45637   .000000  -.978434  -.206558
 120195.7  12681.5       .0     43.3       .1     26.0
       .0     86.6       .1     54.3  66652.7  68926.4
      -9.4      53.2      -3.4     109.2
       -.9      28.9       1.2      60.0
       -.2      25.0       -.5      26.7
       -.6      25.3        .1      12.4
 45638   .000000  -.979549  -.201205
 123114.0  12574.4       .0     43.3      -.2     26.1
       .0     86.6      -.1     54.4  68060.9  70507.9
      -9.3      51.1       2.8     111.8
       -.2      27.7        .0      59.5
       -.3      24.1        .6      26.9
       -.7      23.5       -.3      11.5
 45639   .000000  -.980581  -.196116
 126600.0  12583.5       .0     43.3       .0     26.0
       .0     86.6       .0     54.3  68650.2  72384.4
      -9.8      54.9        .7     110.5
      -1.2      30.6       1.5      60.4
        .0      26.7       -.9      32.4
       -.8      25.9       -.5      13.8
 45640   .000000  -.981537  -.191274
 129858.0  12657.8       .0     43.3       .0     26.4
       .0     86.6      -.1     54.3  73493.6  76009.8
      -9.8      54.1       1.2     114.0
       -.3      31.3        .8      62.4
        .0      28.0        .3      27.3
       -.5      29.1       1.3      13.8
 45641   .000000  -.982424  -.186661
 132825.9  12659.8       .0     43.3       .3     26.1
       .0     86.6       .2     54.3  73283.6  76427.0
      -7.5      49.7      -4.1     118.6
       -.5      28.4        .6      62.7
       -.2      25.3       1.0      25.9
       -.5      25.5        .8      16.2
 45642   .000000  -.983250  -.182261
 136255.0  12745.4       .0     43.3       .1     26.0
       .0     86.6       .1     54.2  76976.0  78933.4
     -10.9      53.0      -1.3     115.7
      -1.0      28.8       -.7      63.7
       -.3      23.9      -1.9      28.3
       -.9      23.4       -.2      17.8
 45643   .000000  -.984020  -.178061
 139531.7  12639.0       .0     43.3      -.2     26.6
       .0     86.6      -.1     54.1  77630.5  80732.6
      -9.8      53.1      -3.4     117.4
       -.6      29.5        .2      64.5
       -.3      26.1        .1      25.7
       -.5      25.4        .2      16.9
 45644   .000000  -.984737  -.174047
 142674.9  12597.3       .0     43.3      -.2     25.9
       .0     86.6      -.2     54.1  81358.7  84478.7
      -8.4      52.6       2.1     118.4
        .0      30.2        .4      63.7
       -.2      27.3       -.8      28.6
       -.3      27.7        .6      20.1
 45645   .000000  -.985408  -.170207
 145994.9  12625.4       .0     43.3      -.1     25.9
       .0     86.6      -.1     54.1  82063.8  85569.1
     -12.5      55.8      -6.2     116.8
       -.3      28.7       1.4      65.8
       -.3      25.4        .8      34.0
      -1.1      25.5       -.9      21.5
 45646   .000000  -.986036  -.166531
 148907.9  12666.6       .0     43.3      -.1     25.8
       .0     86.6      -.1     54.0  84043.2  87657.8
      -9.5      54.4     -12.3     121.1
       -.8      27.6       -.7      65.6
       -.4      24.1        .8      31.1
       -.5      23.4        .3      16.0
 45647   .000000  -.986625  -.163008
 152261.8  12549.3       .0     43.3      -.2     25.8
       .0     86.6      -.2     54.0  87026.8  89887.6
     -10.1      54.5      -1.5     114.4
       -.9      30.1        .6      66.3
       -.2      26.9        .0      31.4
       -.6      26.2       -.1      21.0
 45648   .000000  -.987696  -.156385
 158868.1  12726.8       .0     43.3       .4     25.8
       .0     86.6       .3     53.9  90474.1  95042.6
      -8.8      51.8       4.9     121.7
      -1.0      29.6       -.4      67.5
       -.5      25.4       1.0      34.8
      -1.0      25.8       1.1      19.0
 45649   .000000  -.988644  -.150274
 165074.1  12646.3       .0     43.3      -.3     26.1
       .0     86.6      -.3     53.9  95657.5  98874.4
     -11.1      51.2       8.9     122.2
       -.5      30.3       -.5      69.8
       -.5      26.2        .7      33.3
       -.4      25.9        .5      19.3
 45650   .000000  -.989488  -.144617
 171700.8  12656.3       .0     43.3      -.1     25.8
       .0     86.6       .0     53.8  98724.7 102241.7
     -10.2      52.8       3.0     120.0
      -1.4      29.2      -1.7      70.3
       -.8      25.5        .4      34.0
       -.6      25.3       -.1      20.6
 45651   .000000  -.990241  -.139367
 177852.9  12669.0       .0     43.3       .2     25.6
       .0     86.6       .3     53.7 102595.8 106411.0
     -11.3      51.5      -6.4     122.4
       -.9      30.6       1.0      71.3
       -.4      26.7       1.1      39.0
       -.6      26.1       -.1      21.9
 45652   .000000  -.990916  -.134481
 185055.1  12771.6       .0     43.3       .4     25.7
       .0     86.6       .4     53.6 107258.2 110857.7
     -10.9      49.6      -1.6     124.3
      -1.1      29.6      -2.5      70.9
       -.5      26.1        .6      40.3
       -.3      25.7        .6      29.5
 45653   .000000  -.991524  -.129924
 191416.4  12756.8       .0     43.3       .1     25.7
       .0     86.6       .1     53.5 108469.0 113185.3
     -10.0      51.6     -10.1     126.0
       -.9      29.8        .5      73.4
       -.7      26.5       1.3      41.1
       -.7      25.9       1.3      25.4
 45654   .000000  -.992073  -.125663
 197539.2  12694.5       .0     43.3      -.2     25.8
       .0     86.6      -.2     53.4 112233.7 117548.4
      -8.7      51.9      -2.8     121.6
      -1.3      29.9        .0      72.0
       -.4      25.8        .0      41.4
       -.4      25.6        .0      23.5
 45655   .000000  -.992571  -.121670
 204423.0  12779.8       .0     43.3       .0     25.5
       .0     86.6      -.1     53.4 118988.1 123506.2
      -8.5      48.3      -7.4     119.9
       -.7      31.0        .4      75.3
       -.5      27.4      -1.7      40.6
       -.2      26.3        .7      26.8
 45656   .000000  -.993023  -.117921
 210642.1  12752.3       .0     43.3       .0     25.6
       .0     86.6       .0     53.4 123041.1 127168.0
     -10.6      48.2       4.0     126.2
      -1.0      29.4        .9      75.9
       -.2      26.0      -1.3      42.0
       -.7      25.9       -.9      33.3
 45657   .000000  -.993435  -.114396
 216744.6  12796.7       .0     43.3       .0     25.3
       .0     86.6      -.1     53.2 125923.7 132003.6
     -10.7      52.1       1.4     114.5
      -1.4      30.6        .4      76.1
       -.3      26.5       1.0      43.8
       -.6      25.7        .0      30.5
 45658   .000000  -.993812  -.111073
 223365.2  12777.3       .0     43.3       .1     25.3
       .0     86.6       .1     53.2 128744.3 134740.6
      -8.2      40.7       1.8     123.3
      -1.1      28.9        .9      76.2
       -.3      26.0       2.3      45.3
       -.9      25.9        .1      28.2
 45659   .000000  -.994158  -.107937
 230180.8  12735.6       .0     43.3      -.2     25.7
       .0     86.6      -.2     53.1 133489.7 137583.7
      -4.9      40.3      -7.9     126.5
      -1.2      30.3       1.0      76.8
       -.2      27.2       1.3      43.8
       -.6      26.5        .8      29.1
 45660   .000000  -.994475  -.104972
 236536.0  12723.4       .0     43.3       .3     25.3
       .0     86.6       .1     53.0 139380.0 144165.6
      -5.8      42.2      -3.2     121.1
       -.9      28.2      -1.9      76.9
       -.1      26.1        .6      47.5
      -1.0      26.0        .4      30.8
 45661   .903278   .000000  -.429057
  60174.7   8816.3      -.1     41.6      -.2     28.9
      -.1     84.3      -.2     57.7  32060.3  33285.1
       1.7      85.6       9.9      46.7
        .2      32.3        .9      25.3
      -1.0      11.4        .0      20.6
       -.6       4.6        .9      20.3
 45662   .887877   .000000  -.460082
  55945.0   8901.6       .1     41.8      -.2     28.9
       .1     84.3      -.2     57.7  28602.1  29910.8
        .2      86.4       8.0      44.4
        .1      29.6        .4      25.0
       -.7       9.4        .4      20.2
        .1       9.9        .7      20.0
 45663   .868777   .000000  -.495203
  51583.6   9028.3      -.3     41.6      -.2     28.9
      -.3     84.4      -.2     57.7  26843.0  28007.9
       -.6      83.6       9.0      46.1
       1.2      25.6        .3      24.9
       -.2       6.1        .2      19.5
       -.3       3.3        .4      19.3
 45664   .844819   .000000  -.535052
  47675.2   9289.0      -.4     41.6      -.2     28.9
      -.4     84.4      -.2     57.7  23970.3  24772.8
      -1.0      74.9       7.3      45.8
        .2      24.5       1.0      24.6
        .0       4.8        .4      19.5
        .2       1.7        .9      19.2
 45665   .814421   .000000  -.580275
  43903.2   9528.1       .0     41.7      -.2     28.9
       .0     84.5      -.2     57.7  22164.6  23221.1
       3.3      76.8       7.4      47.9
        .3      23.2        .2      24.3
        .0       1.9        .5      18.5
        .2       1.5       1.2      18.4
 45666   .775436   .000000  -.631426
  40067.7   9943.1       .4     41.9      -.2     28.9
       .5     84.7      -.2     57.7  19060.1  20085.4
       3.9      76.5       7.3      46.2
        .1      18.1        .8      23.3
        .0       3.6        .6      18.2
        .1       1.7       1.4      18.2
 45667   .724999   .000000  -.688749
  36752.8  10664.8       .2     41.8      -.2     28.9
       .2     84.6      7.4     13.2  17830.9  18493.7
      -3.4      74.5       6.6      46.4
       -.6      16.2        .7      23.2
       -.6       4.6        .8      16.8
       -.2       1.5       1.2      16.6
 45668   .659438   .000000  -.751759
  33507.7  11728.5      -.1     41.8      -.2     28.9
      -.2     84.7       .6      8.9  15052.5  15683.7
      -4.3      73.3       6.6      46.5
       1.2      13.8        .6      20.8
        .3       1.9       1.2      15.8
        .1       1.5       1.2      16.2
 45669   .574426   .000000  -.818557
  30791.2  13380.7       .3     41.8      -.2     28.9
       .2     84.6       .3     15.7  13795.1  14459.5
       1.6      70.1       3.9      46.2
       1.0      13.2       1.2      21.0
        .3       3.8        .7      14.9
        .1       1.3       1.5      14.1
 45670   .465746   .000000  -.884918
  28618.7  16292.8      -.2     42.1      3.7      8.2
      -.2     84.8       .2     26.3  12194.4  13304.2
      -1.9      74.5       4.4      42.4
       -.1      11.3        .7      16.6
       -.1       1.9        .7      11.6
        .0       1.4       1.1      11.0
 45671   .331088   .000000  -.943600
  26960.8  19926.8       .6     41.9       .3      9.0
       .6     84.7       .5     36.9  11492.0  11973.4
       2.6      70.5       4.1      40.3
        .3      10.6        .7      11.1
        .3       7.4        .7       7.8
       -.1       1.3        .9       7.3
 45672   .254493   .000000  -.967075
  26334.7  21324.3      -.2     41.9       .2     13.6
      -.1     84.7       .3     42.0  11289.0  11911.9
       -.7      70.1       4.2      42.7
        .0       9.4        .7       8.4
        .1       1.7        .7       6.0
        .1       1.2        .8       5.5
 45673   .172799   .000000  -.984957
  26020.2  21721.2       .2     41.6       .3     18.5
       .2     84.6       .3     47.3  10722.4  11366.0
      -2.1      70.7       4.2      52.6
        .1       7.6        .6       6.3
       -.2       2.6        .7       4.0
        .1       1.2        .7       3.7
 45674   .087384   .000000  -.996175
  25875.2  21491.4       .2     41.6       .1     23.4
       .2     84.6       .2     52.2  11003.3  11683.7
       3.1      72.4       2.3      59.5
       -.4      10.6        .6       5.4
        .3       2.3        .5       2.0
        .1       1.3        .7       1.8
 45675   .000000   .000000 -1.000000
  25714.8  21391.3       .1     41.5      -.2     27.0
       .1     84.5      -.2     55.8  10696.9  11417.7
       2.0      71.0      -2.1      68.3
        .0       9.8        .1      13.1
       -.2       1.7        .3       1.9
        .0       1.4        .2       1.4
 45676  -.087384   .000000  -.996175
  25881.2  21483.7      -.2     41.7      -.2     23.4
      -.1     84.5      -.3     52.2  11144.6  11654.3
       3.6      70.6      -2.6      60.1
       -.1       7.1        .0       6.0
        .2       1.6       -.2       2.0
        .0       1.2       -.2       1.9
 45677  -.172799   .000000  -.984957
  25979.6  21824.4      -.1     41.7      -.1     18.5
      -.2     84.6      -.2     47.3  11086.8  11728.5
       -.5      68.9       -.7      46.0
        .2      10.3       -.4       6.3
        .1       2.1       -.3       3.9
        .0       1.2       -.4       3.8
 45678  -.254493   .000000  -.967075
  26305.5  21213.2      -.2     41.5      -.3     13.6
      -.1     84.6      -.4     42.1  11224.5  11816.9
       3.2      72.6        .1      39.4
        .0      12.3       -.5       8.6
       -.2       1.9       -.3       6.1
        .0       1.2       -.5       5.5
 45679  -.331088   .000000  -.943600
  27032.0  20051.2       .1     41.7      -.5      8.9
       .1     84.7      -.4     36.8  11713.2  12275.4
      -4.1      72.4      -3.8      41.2
       -.2       9.0       -.4      11.1
       -.1       2.1       -.4       8.0
       -.1       1.2       -.5       7.3
 45680  -.465746   .000000  -.884918
  28603.3  16391.1      -.2     42.0     -3.0      6.4
      -.2     84.7       .0     26.2  12866.3  13487.1
       3.3      73.2      -2.8      42.3
        .2      11.5       -.7      16.8
        .0       1.7       -.7      11.4
        .0       1.3       -.9      11.1
 45681  -.574426   .000000  -.818557
  30614.6  13235.3      -.2     41.6      -.2     28.9
      -.2     84.6       .2     15.6  13669.4  14368.4
        .5      76.1      -5.0      45.6
       -.2      13.8       -.1      20.7
        .2       2.4       -.7      14.8
       -.1       1.3      -1.0      14.0
 45682  -.659438   .000000  -.751759
  33433.5  11647.0      -.6     41.6      -.2     28.9
      -.6     84.6      -.2      8.5  14705.2  15293.5
      -1.3      76.3      -6.6      43.8
        .2      16.8       -.6      20.8
       -.2       3.1       -.4      15.8
        .0       1.5       -.9      16.0
 45683  -.724999   .000000  -.688749
  36714.9  10715.6       .1     41.6      -.2     28.9
       .0     84.6     -6.5     10.6  17552.1  18426.6
      -2.0      83.0      -7.0      48.0
       -.2      17.3      -1.0      23.2
       -.4       6.2       -.4      16.8
       -.4       4.5       -.6      16.5
 45684  -.775436   .000000  -.631426
  40289.7  10014.7      -.1     41.9      -.2     28.9
      -.2     84.7      -.2     57.7  18898.5  20059.3
       4.3      79.7      -7.2      48.3
       -.5      20.1       -.5      23.0
       -.5       4.9        .1      18.3
        .0       1.9       -.5      17.9
 45685  -.814421   .000000  -.580275
  43876.5   9559.0       .1     41.8      -.2     28.9
       .2     84.5      -.2     57.7  22378.1  23156.4
       2.7      78.0      -8.0      48.7
       -.5      23.1        .1      24.0
        .1       5.7        .0      18.2
       -.1       2.3       -.3      18.2
 45686  -.844819   .000000  -.535052
  47783.7   9284.5      -.3     41.6      -.2     28.9
      -.3     84.4      -.2     57.7  24460.2  25370.1
      -1.0      79.9      -5.7      47.1
       -.6      26.2       -.2      24.4
       -.7       6.2        .0      19.9
        .1       2.3       -.3      19.2
 45687  -.868777   .000000  -.495203
  51790.5   9021.5       .2     41.7      -.2     28.9
       .3     84.4      -.2     57.7  27201.4  28168.0
       3.2      80.4      -7.0      47.8
        .9      29.3        .1      24.8
        .0       4.8       -.1      19.5
        .0       6.1       -.4      19.9
 45688  -.887877   .000000  -.460082
  55827.9   8902.2      -.1     41.8      -.2     28.9
      -.1     84.5      -.2     57.7  28746.8  30203.4
       -.2      82.8      -9.5      46.1
        .5      30.3        .4      25.0
        .4       7.5        .2      20.1
       -.1       3.6       -.5      19.6
 45689  -.903278   .000000  -.429057
  60007.1   8727.6       .0     41.5      -.2     28.9
       .1     84.2      -.2     57.7  31038.4  32879.0
       3.1      83.5      -8.5      45.5
       1.6      30.2       -.4      25.8
       -.3       7.0        .2      20.4
        .5       4.4       -.3      21.2
 45690   .840060  -.367526  -.399028
  63721.5   9451.9       .0     43.3      -.2     28.9
       .6     22.0      -.2     57.7  32594.4  34406.6
      -5.2      59.5       8.4      47.4
       -.2      24.2        .4      25.7
        .2      15.9        .0      21.2
        .4      14.3       -.4      22.3
 45691   .817505  -.390173  -.423616
  60008.5   9698.6       .0     43.3      -.2     28.9
       .6     22.5      -.2     57.7  30737.3  31835.4
      -5.7      63.0       6.9      45.5
        .0      24.3        .6      25.7
        .2      16.1        .2      21.0
        .0      14.4        .0      21.5
 45692   .790440  -.414981  -.450551
  56166.4  10047.5       .0     43.3      -.2     28.9
       .5     23.1      -.2     57.7  28946.2  30013.3
      -7.5      60.8       8.3      45.3
       -.3      24.8        .5      25.4
        .1      16.5        .2      20.9
       -.2      14.8        .3      21.0
 45693   .757796  -.442047  -.479937
  52489.5  10413.9       .0     43.3      -.2     28.9
       .9     24.0      -.2     57.7  25788.5  27191.2
      -6.8      60.9       8.5      44.3
       -.3      25.2        .5      24.3
        .3      17.2        .1      20.2
        .0      15.5        .2      21.1
 45694   .718269  -.471364  -.511767
  49314.4  10885.7       .0     43.3      -.2     28.9
       .1     24.8      -.2     57.7  24071.7  24934.7
      -6.3      60.2       6.6      47.3
       -.1      25.9        .4      24.6
        .0      17.3       -.2      19.2
       -.2      16.5        .3      19.7
 45695   .670317  -.502738  -.545830
  45854.2  11650.4       .0     43.3      -.2     28.9
       .6     25.6      -.2     57.7  21397.8  22305.3
      -6.2      58.0       6.3      47.1
       -.7      26.3        .4      22.1
       -.2      18.3        .2      18.4
       -.2      17.4        .3      19.1
 45696   .612205  -.535679  -.581595
  43120.7  12640.2       .0     43.3      -.2     28.9
       .2     26.3      -.2     57.7  20641.0  21465.2
      -7.1      59.9       6.9      48.1
       -.6      27.0        .3      22.3
       -.5      18.9        .5      17.8
       -.2      17.6        .4      17.8
 45697   .542159  -.569267  -.618061
  40613.2  14146.0       .0     43.3      -.2     28.9
       .4     27.3     -1.5     11.0  18286.1  19022.8
      -5.7      59.0       6.9      48.0
       -.5      28.2        .7      19.9
       -.1      19.4        .6      15.4
       -.5      18.9        .7      16.0
 45698   .458673  -.602008  -.653609
  38446.1  16148.8       .0     43.3      -.2     28.9
      -.1     28.0      -.3     14.0  16890.1  17918.6
      -9.5      60.9       6.6      48.5
       -.5      28.5        .8      19.6
       -.5      19.9        .6      14.4
       -.5      18.6        .7      14.8
 45699   .361020  -.631785  -.685938
  36557.5  17643.9       .0     43.3      1.6     11.5
       .2     28.3       .1     24.3  16206.8  16924.6
      -6.7      60.4       4.2      42.6
      -1.4      28.3        .9      16.2
       -.9      20.5        .8      11.5
       -.8      19.4        .8      10.8
 45700   .249898  -.655981  -.712208
  35031.0  17448.5       .0     43.3       .0      8.3
      -.2     28.6       .0     35.4  15716.0  16616.4
      -6.8      59.0       4.1      47.2
      -1.3      28.4        .4      11.0
       -.8      20.2        .5       7.5
      -1.2      18.9        .7       7.1
 45701   .190037  -.665130  -.722141
  34660.7  17269.3       .0     43.3       .0     12.8
      -.1     28.5       .0     40.7  15482.4  16390.8
      -7.2      61.0       3.1      48.5
       -.8      29.1        .5       8.5
       -.6      20.3        .5       5.7
      -1.0      19.0        .6       5.3
 45702   .127982  -.671905  -.729496
  34318.8  17129.2       .0     43.3       .0     17.9
      -.3     28.6      -.1     46.4  15392.9  16000.1
      -8.6      59.6       2.8      56.4
      -1.4      29.5        .6       9.1
      -1.3      20.1        .6       3.9
      -1.2      18.4        .6       3.5
 45703   .064388  -.676070  -.734019
  34103.5  16947.3       .0     43.3      -.3     23.1
      -.6     28.4      -.3     51.7  15373.4  16016.6
      -6.9      61.2       1.9      66.1
      -1.6      29.1        .7       9.9
      -1.2      20.0        .4       2.2
      -1.4      18.4        .5       1.9
 45704   .000000  -.677476  -.735545
  34024.9  17072.2       .0     43.3       .0     27.0
      -.2     28.1       .0     55.7  15289.3  16067.7
      -7.6      60.3        .6      74.4
      -1.5      29.0        .0      16.1
       -.9      19.6        .2       3.6
      -1.1      17.9        .2       1.7
 45705  -.064388  -.676070  -.734019
  34082.6  16995.1       .0     43.3      -.1     23.1
       .0     28.4      -.1     51.6  15460.9  16152.9
      -8.0      59.9      -2.5      65.6
      -1.2      29.2       -.2      10.3
      -1.2      20.0       -.1       2.1
      -1.5      18.3       -.2       1.8
 45706  -.127982  -.671905  -.729496
  34345.1  17192.9       .0     43.3      -.1     18.0
      -.3     28.6      -.1     46.4  15533.6  16237.1
      -8.0      62.3      -3.2      56.2
      -1.7      29.2       -.3       7.3
      -1.6      20.1       -.1       3.8
      -1.2      18.5       -.1       3.6
 45707  -.190037  -.665130  -.722141
  34620.8  17168.4       .0     43.3      -.1     12.8
      -.1     28.6      -.1     40.9  15376.2  16176.5
      -7.5      61.2      -3.0      51.4
       -.6      28.8       -.2       8.6
       -.8      20.1       -.2       5.7
      -1.1      18.7       -.2       5.3
 45708  -.249898  -.655981  -.712208
  35314.3  17493.8       .0     43.3      -.2      8.4
       .2     28.6       .1     35.1  15911.8  16678.1
      -8.0      60.1      -2.3      44.1
      -1.5      28.7       -.2      10.8
       -.8      20.2       -.2       7.5
       -.6      18.8       -.1       7.1
 45709  -.361020  -.631785  -.685938
  36591.0  17693.0       .0     43.3      1.1     10.5
       .3     28.5       .2     24.3  16649.0  17309.0
      -8.1      60.6      -2.9      46.1
       -.7      28.5       -.3      16.1
       -.8      20.3       -.6      11.5
       -.7      19.5       -.3      10.8
 45710  -.458673  -.602008  -.653609
  38507.1  16243.1       .0     43.3      -.2     28.9
      -.2     27.9       .3     14.1  17183.7  18256.2
      -8.7      61.1      -6.4      47.8
       -.7      28.0       -.4      19.5
       -.5      19.6       -.4      14.2
       -.9      18.7       -.7      14.8
 45711  -.542159  -.569267  -.618061
  40502.5  14156.5       .0     43.3      -.2     28.9
       .7     27.3       .9     10.6  18264.9  19323.4
      -5.2      57.7      -4.3      46.1
       -.9      27.0       -.6      19.4
       -.2      19.5       -.2      15.5
       -.4      18.7       -.3      15.9
 45712  -.612205  -.535679  -.581595
  43045.5  12633.7       .0     43.3      -.2     28.9
       .4     26.7      -.2     57.7  20557.7  21291.4
      -4.8      59.3      -5.3      48.1
       -.2      26.7       -.4      22.4
        .1      18.6        .2      17.4
       -.5      17.9       -.4      17.8
 45713  -.670317  -.502738  -.545830
  46068.5  11646.5       .0     43.3      -.2     28.9
       .4     25.6      -.2     57.7  21620.8  22789.4
      -7.2      60.6      -6.2      47.0
        .1      26.8        .2      22.9
       -.4      18.4       -.1      18.2
        .1      16.9        .0      18.9
 45714  -.718269  -.471364  -.511767
  49151.4  10924.5       .0     43.3      -.2     28.9
       .6     24.9      -.2     57.7  24341.1  25290.8
      -6.1      58.8      -7.1      49.2
        .1      25.8        .4      24.1
       -.1      17.5        .1      19.3
       -.4      16.6        .0      19.6
 45715  -.757796  -.442047  -.479937
  52664.1  10373.0       .0     43.3      -.2     28.9
       .3     24.2      -.2     57.7  26147.8  27169.8
      -7.3      59.5      -5.5      47.1
        .0      25.8        .4      24.5
        .3      17.3        .1      20.0
        .2      15.3        .5      20.9
 45716  -.790440  -.414981  -.450551
  56280.2   9981.3       .0     43.3      -.2     28.9
       .5     23.3      -.2     57.7  28477.5  29799.3
      -6.3      58.9      -5.6      49.1
       -.5      25.0       -.2      25.1
        .3      16.5        .6      20.8
        .1      15.0        .4      20.9
 45717  -.817505  -.390173  -.423616
  60016.5   9667.0       .0     43.3      -.2     28.9
       .4     22.6      -.2     57.7  30171.1  31695.8
      -7.6      61.4      -6.6      46.6
        .5      24.5        .7      26.1
        .1      16.1        .4      21.5
       -.1      14.4        .5      22.0
 45718  -.840060  -.367526  -.399028
  63884.5   9438.2    -32.9     89.6      -.2     28.9
       .5     21.9      -.2     57.7  32932.5  34365.0
      -5.5      62.3      -7.2      47.5
       -.1      24.4        .2      25.8
       -.1      15.7        .1      21.0
        .2      14.2        .7      22.2
 45719   .708659  -.620076  -.336613
  74982.0  11250.2       .0     43.3      -.2     28.9
       .0     86.6      -.2     57.7  39599.9  41736.1
      -7.0      56.8       6.3      47.3
        .2      24.9        .3      24.9
        .5      21.6       -.2      20.8
        .6      22.1       -.4      20.7
 45720   .677337  -.646549  -.350984
  71787.2  11735.8       .0     43.3      -.2     28.9
       .0     86.6      -.2     57.7  36924.1  38702.2
      -5.4      56.6       7.4      47.7
        .4      24.6        .3      23.8
        .6      21.5       -.2      20.1
        .8      22.2       -.6      21.0
 45721   .641844  -.673936  -.365851
  68889.6  12278.8       .0     43.3      -.2     28.9
       .0     86.6      -.2     57.7  34950.3  36641.5
      -7.3      53.1       4.6      46.7
        .3      25.4        .2      23.9
        .9      22.0       -.3      19.3
        .8      23.4       -.3      19.3
 45722   .601687  -.701968  -.381068
  66040.0  12936.6       .0     43.3      -.2     28.9
       .0     86.6      -.2     57.7  33926.8  35299.0
      -6.7      58.2       6.6      46.9
        .0      25.9        .4      22.7
        .8      23.3       -.4      18.1
        .4      23.3       -.2      18.4
 45723   .556388  -.730259  -.396426
  63500.4  13672.6       .0     43.3      -.2     28.9
       .0     86.6      -.2     57.7  31703.8  33159.9
     -10.3      55.0       7.7      48.4
        .1      26.1        .1      22.5
        .6      23.5       -.3      18.1
       -.2      24.5        .3      18.4
 45724   .505524  -.758286  -.411641
  60929.1  14350.7       .0     43.3      -.2     28.9
       .0     86.6      -.2     57.7  28138.9  29854.7
      -7.9      52.9       6.0      45.7
        .2      26.2        .1      19.9
        .5      24.3        .0      15.5
        .1      25.3        .3      16.1
 45725   .448787  -.785377  -.426348
  58933.2  14663.9       .0     43.3      -.2     28.9
       .0     86.6      -.2     57.7  28486.8  29668.0
      -7.3      52.7       5.3      52.2
       -.1      26.7        .3      20.5
        .5      24.6        .0      15.2
       -.1      25.2        .4      14.9
 45726   .386057  -.810720  -.440105
  56815.3  14455.4       .0     43.3      -.2     28.9
       .0     86.6     -1.7      8.6  28402.0  29426.7
      -9.4      55.3       6.9      52.7
       -.1      27.3        .5      18.6
        .4      24.4        .1      13.0
        .4      26.0        .1      12.5
 45727   .317480  -.833386  -.452409
  55205.9  14227.6       .0     43.3      -.2     28.9
       .0     86.6      -.5     10.1  26316.7  27409.9
     -10.3      55.3       5.0      51.2
       -.2      27.3        .2      17.1
        .1      24.9        .6      12.0
       -.2      25.7        .3      11.0
 45728   .243541  -.852392  -.462727
  53990.1  13875.1       .0     43.3      -.2     28.9
       .0     86.6      -.3     21.1  26290.2  27183.0
     -10.4      54.5       6.3      54.4
        .0      27.3        .8      15.6
        .3      25.0        .3       9.8
       -.5      25.6        .5       8.9
 45729   .165103  -.866792  -.470544
  52916.5  13679.4       .0     43.3      -.1      5.9
       .0     86.6      -.2     33.1  26143.3  27023.6
     -10.4      55.4       3.1      57.1
        .0      27.5        .3      12.1
       -.5      25.0        .3       6.6
       -.4      25.6        .4       5.8
 45730   .124573  -.872008  -.473376
  52502.9  13520.2       .0     43.3      -.1     10.9
       .0     86.6      -.3     39.0  25653.6  26945.1
      -8.2      53.2       2.2      62.2
       -.1      28.2        .3      11.9
       -.6      25.2        .4       5.1
       -.6      25.6        .4       4.3
 45731   .083409  -.875791  -.475429
  52076.9  13508.7       .0     43.3      -.5     16.6
       .0     86.6      -.5     45.1  25585.1  26775.5
      -8.3      52.8       1.3      65.7
       -.9      27.4        .5      14.7
        .0      25.5        .4       3.9
      -1.0      25.6        .4       2.8
 45732   .041814  -.878085  -.476675
  52180.9  13460.5       .0     43.3      -.6     22.2
       .0     86.6      -.6     50.8  25704.6  26411.6
     -10.7      56.5       1.6      79.3
       -.2      27.8       -.1      18.2
       -.4      25.3        .5       3.2
      -1.1      25.7        .4       1.6
 45733   .000000  -.878853  -.477092
  51811.5  13426.6       .0     43.3       .0     26.7
       .0     86.6       .0     55.3  25521.2  26433.5
      -6.9      52.2       5.9      84.1
      -1.0      27.6       1.0      32.9
       -.4      24.7        .1       5.3
       -.8      25.2        .4       4.2
 45734  -.041814  -.878085  -.476675
  52057.3  13433.3       .0     43.3       .5     22.3
       .0     86.6       .5     51.0  25087.5  26467.5
      -8.7      54.1      -2.0      80.7
       -.6      27.6        .1      16.8
       -.6      25.6        .0       2.9
      -1.4      25.5        .0       2.2
 45735  -.083409  -.875791  -.475429
  52093.8  13514.3       .0     43.3      -.1     16.6
       .0     86.6       .1     44.9  25329.7  26578.5
      -7.0      49.9        .7      64.3
       -.9      27.6       -.4      13.1
       -.1      25.6        .1       3.9
       -.9      25.5       -.1       3.0
 45736  -.124573  -.872008  -.473376
  52402.1  13521.2       .0     43.3       .1     12.5
       .0     86.6       .0     39.2  25997.0  27146.0
      -7.3      52.1      -1.6      58.7
       -.2      28.2       -.1      11.7
       -.7      25.5       -.1       5.1
       -.5      25.9       -.1       4.3
 45737  -.165103  -.866792  -.470544
  52755.0  13730.0       .0     43.3       .1      5.8
       .0     86.6       .1     33.2  25869.1  27190.4
      -8.6      53.5      -2.3      54.0
       -.2      27.5        .0      12.6
       -.1      24.8        .1       6.4
       -.6      26.0        .0       5.8
 45738  -.243541  -.852392  -.462727
  53880.1  13874.8       .0     43.3      -.2     28.9
       .0     86.6       .5     21.1  26138.4  27457.2
      -9.6      54.9      -2.0      50.5
       -.3      27.6        .2      15.4
       -.4      25.5       -.1       9.9
       -.5      25.4       -.1       8.8
 45739  -.317480  -.833386  -.452409
  55276.9  14140.0       .0     43.3      -.2     28.9
       .0     86.6       .6     10.1  26850.1  28204.0
      -9.7      55.3      -2.3      53.4
        .1      27.3       -.1      17.2
        .0      24.7       -.1      11.7
        .2      25.4        .0      10.7
 45740  -.386057  -.810720  -.440105
  56771.7  14443.0       .0     43.3      -.2     28.9
       .0     86.6      2.0      8.3  28386.0  29624.2
      -7.8      54.3      -5.0      50.6
       -.4      27.7       -.3      18.3
        .2      24.5        .0      12.7
       -.3      25.4        .0      12.3
 45741  -.448787  -.785377  -.426348
  58938.1  14597.1       .0     43.3      -.2     28.9
       .0     86.6      -.2     57.7  28312.8  29540.3
      -9.8      58.4      -8.2      52.0
        .1      26.6        .0      20.7
        .9      24.5        .6      15.3
       -.4      25.4       -.1      15.2
 45742  -.505524  -.758286  -.411641
  61024.8  14349.3       .0     43.3      -.2     28.9
       .0     86.6      -.2     57.7  28348.2  30539.4
      -9.6      57.7      -5.9      50.6
        .3      26.4        .3      20.1
        .4      23.7        .4      15.5
        .7      25.4        .5      16.1
 45743  -.556388  -.730259  -.396426
  63432.1  13654.3       .0     43.3      -.2     28.9
       .0     86.6      -.2     57.7  31329.5  33025.2
      -9.2      56.2      -6.9      50.8
        .3      26.5        .5      22.6
        .5      23.4        .3      18.3
        .2      24.4        .4      18.2
 45744  -.601687  -.701968  -.381068
  66008.8  13066.1       .0     43.3      -.2     28.9
       .0     86.6      -.2     57.7  34186.9  35225.8
      -8.8      54.9      -7.2      47.7
        .4      25.7        .0      22.7
        .5      22.8        .4      17.9
        .3      23.3        .5      18.4
 45745  -.641844  -.673936  -.365851
  68913.9  12242.2       .0     43.3      -.2     28.9
       .0     86.6      -.2     57.7  35790.9  37202.9
      -8.8      56.3      -7.5      46.7
        .7      25.1        .8      23.5
        .0      22.6        .1      19.6
        .7      23.3        .7      19.4
 45746  -.677337  -.646549  -.350984
  71738.3  11777.1       .0     43.3      -.2     28.9
       .0     86.6      -.2     57.7  37496.0  38568.9
     -10.0      57.9      -6.0      46.7
        .3      25.0        .3      24.2
        .5      21.4        .5      20.0
        .6      22.2        .8      20.7
 45747  -.708659  -.620076  -.336613
  74912.8  11155.3       .0     43.3      -.2     28.9
       .0     86.6      -.2     57.7  39633.2  41243.3
      -6.1      58.1      -5.3      46.6
        .1      24.8        .5      25.4
        .9      21.6        .9      20.5
        .6      21.9        .8      20.4
 45748   .482910  -.845093  -.229382
 109577.2  13928.6       .0     43.3      -.2     28.9
       .0     86.6      -.2     57.7  60123.8  62677.4
      -9.8      52.7       3.5      47.2
       -.2      27.9        .3      22.2
        .8      24.2       -.2      17.0
        .6      25.3       -.2      16.3
 45749   .451149  -.861285  -.233777
 107395.2  13940.9       .0     43.3      -.2     28.9
       .0     86.6      -.2     57.7  58842.8  61312.9
      -6.0      54.3       4.4      47.3
        .2      27.3        .0      20.6
        .5      24.3       -.3      14.9
        .9      25.4       -.2      14.3
 45750   .417577  -.876913  -.238019
 105546.8  13779.5       .0     43.3      -.2     28.9
       .0     86.6      -.2     57.7  56383.9  58676.0
      -9.5      55.7       4.8      53.1
       -.2      27.9        .3      21.0
        .2      24.2        .0      15.1
        .8      25.5       -.1      14.9
 45751   .382204  -.891810  -.242063
 103548.4  13557.2       .0     43.3      -.2     28.9
       .0     86.6      -.2     57.7  56702.4  59168.6
      -8.5      51.4       5.3      50.0
        .2      27.5        .1      19.7
        .3      24.4        .0      13.5
        .7      25.4       -.3      12.6
 45752   .345068  -.905804  -.245861
 101627.7  13423.1       .0     43.3      -.2     28.9
       .0     86.6      -.2     57.7  56175.9  58300.6
      -8.9      54.3       3.6      61.1
       -.1      28.2        .1      20.0
        .8      24.6       -.3      13.2
        .6      25.9       -.1      12.3
 45753   .306238  -.918714  -.249365
 100268.6  13245.2       .0     43.3      -.2     28.9
       .0     86.6      -.2     57.7  53149.2  54952.6
      -7.8      52.3       3.4      55.9
       -.6      28.0        .2      20.4
        .2      24.6        .0      12.0
        .2      26.0        .0      10.9
 45754   .265817  -.930361  -.252527
  98860.3  13100.5       .0     43.3      -.2     28.9
       .0     86.6      -.2     57.7  54021.4  55956.6
     -10.3      54.9       7.7      64.2
        .1      27.6        .5      19.5
        .4      25.0        .1      11.3
        .8      25.9        .0      10.2
 45755   .223945  -.940570  -.255298
  97528.8  12955.9       .0     43.3      -.2     28.9
       .0     86.6      -.2     57.7  53307.5  55150.2
      -9.0      52.9       4.2      64.2
       -.1      27.5        .0      19.9
        .9      25.0       -.1      10.1
        .2      25.7        .0       8.8
 45756   .180796  -.949177  -.257634
  96726.1  12857.9       .0     43.3      -.2     28.9
       .0     86.6      -.4      5.9  53100.7  54822.3
      -9.1      51.5       4.6      66.4
       -.6      28.3        .3      17.8
        .3      24.7        .2       9.1
        .2      26.0        .3       7.7
 45757   .136577  -.956038  -.259496
  95847.2  12779.3       .0     43.3      -.2     28.9
       .0     86.6       .0     18.2  51145.0  53910.8
     -11.3      53.1       5.8      70.9
       -.6      27.5        .8      19.3
        .3      24.8        .2       8.1
        .0      25.9        .3       6.6
 45758   .091527  -.961030  -.260851
  95093.0  12669.9       .0     43.3      -.2      3.4
       .0     86.6      -.5     30.9  52531.9  54246.5
     -11.0      55.0       5.0      81.1
      -1.0      28.1        .5      18.5
        .0      24.2        .3       5.6
       -.1      25.8        .2       4.5
 45759   .068771  -.962796  -.261330
  94962.6  12665.3       .0     43.3      -.3     11.4
       .0     86.6      -.4     37.4  51107.8  53366.5
     -11.1      50.6        .6      83.0
       -.5      27.6        .3      21.8
       -.5      24.4        .3       5.2
       -.5      25.8        .3       3.2
 45760   .045908  -.964064  -.261674
  94909.0  12670.9       .0     43.3      -.6     16.1
       .0     86.6      -.6     43.8  52708.6  53907.5
      -9.3      50.3       7.9      94.0
       -.3      28.3        .9      29.3
       -.1      24.5        .2       7.2
       -.6      25.8        .2       3.7
 45761   .022972  -.964827  -.261882
  94519.8  12593.8       .0     43.3      -.6     21.5
       .0     86.6      -.7     49.9  51706.8  53324.8
      -8.4      51.5       -.1      98.5
       -.6      28.2       -.2      37.9
       -.2      24.8        .2       8.9
       -.4      25.4        .3       2.8
 45762   .000000  -.965081  -.261951
  95103.3  12691.3       .0     43.3       .0     26.4
       .0     86.6       .0     54.7  51081.5  53554.7
     -11.6      54.6       4.4     106.1
       -.9      27.8       -.3      51.6
       -.4      24.4        .5      17.8
       -.2      25.1        .1       6.7
 45763  -.022972  -.964827  -.261882
  94911.7  12693.0       .0     43.3       .9     21.4
       .0     86.6       .9     50.0  52230.2  53772.4
     -13.2      57.2       -.5      98.1
       -.7      27.9        .7      40.3
       -.1      24.6        .1      10.5
       -.6      25.6        .1       4.3
 45764  -.045908  -.964064  -.261674
  94863.4  12598.1       .0     43.3       .4     15.3
       .0     86.6       .4     43.8  52434.1  54429.8
      -9.4      54.8       3.7      90.2
       -.1      27.7       -.3      27.7
       -.5      24.5        .0       6.9
       -.3      25.5        .0       2.4
 45765  -.068771  -.962796  -.261330
  94764.5  12683.0       .0     43.3       .4      9.1
       .0     86.6       .4     37.6  51500.4  53553.5
      -8.8      53.6      -3.3      80.2
       -.8      27.8       -.2      23.2
       -.4      24.6        .0       5.0
       -.6      25.5        .1       3.3
 45766  -.091527  -.961030  -.260851
  95198.2  12635.2       .0     43.3       .1      3.4
       .0     86.6       .2     30.9  51255.9  53325.6
      -8.0      54.7      -1.3      79.9
      -1.0      27.4        .0      18.8
       -.6      24.5        .1       6.2
       -.8      25.7        .0       4.4
 45767  -.136577  -.956038  -.259496
  95660.5  12781.7       .0     43.3      -.2     28.9
       .0     86.6       .2     18.1  52171.8  54427.0
      -7.8      57.7      -2.8      69.8
       -.6      27.5       -.2      18.0
        .0      24.6        .1       8.0
       -.1      25.6        .1       6.4
 45768  -.180796  -.949177  -.257634
  96685.1  12893.0       .0     43.3      -.2     28.9
       .0     86.6       .4      5.9  51804.4  53627.1
     -10.7      57.5      -3.2      67.6
       -.4      28.5       -.1      19.4
        .3      24.8        .2       8.9
        .0      26.2        .0       7.6
 45769  -.223945  -.940570  -.255298
  97695.2  12951.9       .0     43.3      -.2     28.9
       .0     86.6      -.2     57.7  53320.1  55431.4
      -6.4      51.1      -3.3      62.3
       -.4      28.0       -.2      18.7
        .1      24.8        .0      10.3
       -.2      25.7        .1       8.9
 45770  -.265817  -.930361  -.252527
  98865.9  13052.7       .0     43.3      -.2     28.9
       .0     86.6      -.2     57.7  54223.2  56176.4
     -10.6      51.8      -4.4      61.3
        .1      27.8        .0      19.4
        .0      24.9        .1      11.1
        .1      26.1        .1      10.2
 45771  -.306238  -.918714  -.249365
 100423.3  13352.3       .0     43.3      -.2     28.9
       .0     86.6      -.2     57.7  53544.8  55592.8
     -11.2      55.3      -1.5      57.6
        .4      27.8        .0      19.6
       1.0      24.7        .5      12.0
        .5      25.6        .4      10.9
 45772  -.345068  -.905804  -.245861
 101599.5  13460.9       .0     43.3      -.2     28.9
       .0     86.6      -.2     57.7  55948.8  57814.8
     -11.2      54.0      -5.1      57.1
       -.4      27.9        .1      20.5
       -.1      24.7        .3      13.1
        .9      25.4        .7      12.1
 45773  -.382204  -.891810  -.242063
 103266.5  13630.9       .0     43.3      -.2     28.9
       .0     86.6      -.2     57.7  56099.7  58147.5
      -9.9      57.6      -7.2      58.5
        .4      27.6        .3      20.3
        .2      24.6        .4      13.4
       -.1      25.6        .3      12.4
 45774  -.417577  -.876913  -.238019
 105456.0  13838.9       .0     43.3      -.2     28.9
       .0     86.6      -.2     57.7  58584.2  60675.1
      -8.8      55.9      -8.5      55.0
        .0      27.7        .1      21.4
        .8      24.6        .5      15.4
        .3      25.0        .6      14.5
 45775  -.451149  -.861285  -.233777
 107698.8  13936.6       .0     43.3      -.2     28.9
       .0     86.6      -.2     57.7  58884.3  61420.4
      -7.4      54.8      -3.7      48.9
        .3      27.3        .4      20.8
        .7      24.1        .5      14.7
        .9      25.0        .6      14.2
 45776  -.482910  -.845093  -.229382
 109612.6  13898.1       .0     43.3      -.2     28.9
       .0     86.6      -.2     57.7  61317.8  63718.8
     -10.0      53.8      -7.1      46.8
        .0      27.7        .1      23.1
        .2      23.8        .4      16.8
        .8      25.3        .7      16.3
 45777   .337328  -.927651  -.160231
 156572.7  13372.4       .0     43.3      -.2     28.9
       .0     86.6      -.2     57.7  88808.0  92602.3
      -7.2      50.5       1.7      50.6
       -.3      29.1        .1      21.1
        .3      25.3        .0      13.4
        .5      25.7       -.1      12.2
 45778   .312066  -.936198  -.161707
 154774.6  13202.9       .0     43.3      -.2     28.9
       .0     86.6      -.2     57.7  85902.3  88677.1
      -5.3      46.5       4.6      54.6
       -.4      29.7        .5      20.5
        .4      25.6       -.2      13.0
        .4      26.1       -.2      11.2
 45779   .286124  -.944211  -.163091
 153579.3  13146.2       .0     43.3      -.2     28.9
       .0     86.6      -.2     57.7  88379.0  91376.7
     -11.2      53.2       7.6      56.6
       -.2      28.9        .3      22.1
        .3      25.7       -.1      12.5
        .5      26.1       -.2      11.1
 45780   .259539  -.951641  -.164374
 151746.8  13070.3       .0     43.3      -.2     28.9
       .0     86.6      -.2     57.7  87329.3  89871.4
      -7.9      54.2       4.3      61.7
        .0      28.7       -.2      21.8
        .3      25.7       -.1      12.0
        .3      26.2       -.1      10.3
 45781   .232349  -.958440  -.165549
 151254.8  13002.6       .0     43.3      -.2     28.9
       .0     86.6      -.2     57.7  86315.4  89530.7
      -9.6      54.1       3.6      68.6
       -.6      29.1        .5      21.7
        .5      26.1        .0      11.3
        .3      26.3        .0       9.5
 45782   .204604  -.964562  -.166606
 149916.3  12984.3       .0     43.3      -.2     28.9
       .0     86.6      -.2     57.7  85248.1  89030.9
      -7.6      52.2       7.8      75.0
        .0      29.3        .3      22.6
        .4      26.1        .0      10.7
        .2      26.2        .0       9.0
 45783   .176357  -.969963  -.167539
 148854.6  12836.6       .0     43.3      -.2     28.9
       .0     86.6      -.2     57.7  83942.9  87131.0
      -8.6      55.3       8.2      80.3
       -.7      29.3        .6      23.3
        .3      25.8        .0      10.2
        .1      25.7        .1       8.0
 45784   .147667  -.974605  -.168341
 148036.0  12774.2       .0     43.3      -.2     28.9
       .0     86.6      -.2     57.7  83553.7  87367.8
      -9.6      55.6        .4      79.1
       -.5      28.7        .4      24.9
       -.1      26.0        .2       9.6
        .0      25.6        .2       7.3
 45785   .118600  -.978453  -.169006
 147291.2  12683.7       .0     43.3      -.2     28.9
       .0     86.6      -.4      3.9  83699.8  87253.0
      -7.5      49.9        .9      84.9
       -.8      29.7        .9      25.1
       -.2      25.6        .4       8.7
       -.1      25.8        .3       6.8
 45786   .089225  -.981478  -.169528
 146750.2  12725.8       .0     43.3      -.2     28.9
       .0     86.6      -.5     16.7  82242.0  85288.2
      -9.9      55.8      -3.9      87.7
       -.6      28.7        .5      26.3
        .1      25.6        .2       9.4
       -.3      26.3        .2       5.8
 45787   .059616  -.983656  -.169904
 146068.8  12654.1       .0     43.3      -.4      2.2
       .0     86.6      -.5     29.9  82828.6  85917.7
     -10.2      47.2       1.3      95.4
       -.8      29.1        .3      28.4
        .2      25.3        .3       8.1
        .1      25.8        .2       4.7
 45788   .044746  -.984421  -.170036
 145981.5  12774.5       .0     43.3      -.6      8.2
       .0     86.6      -.5     36.4  82628.1  86034.6
     -11.5      54.9       5.9     102.4
       -.5      28.1        .2      35.3
       -.3      25.3        .4      10.0
        .1      26.0        .3       4.1
 45789   .029848  -.984969  -.170131
 146095.0  12613.1       .0     43.3      -.7     14.6
       .0     86.6      -.8     43.3  82958.2  85513.3
      -8.3      51.1      -1.7     103.4
      -1.0      28.8       -.2      42.2
       -.5      25.0        .1      13.6
      -1.0      25.9        .3       5.6
 45790   .014929  -.985299  -.170188
 145956.2  12624.5       .0     43.3     -1.1     21.1
       .0     86.6     -1.0     49.4  82918.2  86212.2
     -10.0      52.4       3.1     113.5
       -.5      28.6       1.2      51.9
       -.4      25.4       -.3      20.4
       -.4      25.8        .1       6.9
 45791   .000000  -.985408  -.170207
 145524.7  12648.0       .0     43.3      -.1     26.2
       .0     86.6       .0     54.1  82883.5  85936.2
     -10.6      53.0       5.5     116.1
      -1.2      29.0       1.9      65.5
       -.7      25.0        .2      31.0
       -.2      25.9       -.1      17.3
 45792  -.014929  -.985299  -.170188
 145824.0  12606.7       .0     43.3      1.0     21.1
       .0     86.6      1.1     49.4  82934.6  85546.8
     -11.9      53.7      11.3     108.7
      -1.3      28.7        .3      53.6
        .0      25.5        .1      18.1
       -.1      25.7        .2       8.4
 45793  -.029848  -.984969  -.170131
 145712.4  12656.3       .0     43.3      1.2     14.7
       .0     86.6      1.0     43.0  83018.3  87070.5
     -13.3      53.0       -.3     107.5
      -1.3      28.9        .2      40.3
        .1      25.2        .2      10.3
       -.4      25.7        .0       7.6
 45794  -.044746  -.984421  -.170036
 146242.0  12633.5       .0     43.3       .5      8.2
       .0     86.6       .3     36.7  83242.2  85724.0
      -9.4      49.2       2.1      97.0
       -.9      29.1        .2      33.2
       -.3      25.6       -.1      10.0
       -.1      25.7        .1       3.3
 45795  -.059616  -.983656  -.169904
 146300.5  12668.5       .0     43.3       .4      2.1
       .0     86.6       .3     30.0  84348.3  86911.0
      -5.8      48.3        .7      94.3
       -.8      28.5        .5      28.6
       -.4      25.4        .0       9.3
       -.3      25.8        .1       5.1
 45796  -.089225  -.981478  -.169528
 146924.9  12681.9       .0     43.3      -.2     28.9
       .0     86.6       .3     16.7  83801.9  86232.1
      -9.3      50.9      -1.9      89.2
      -1.1      29.3       -.2      27.0
       -.5      25.5        .0       8.3
        .2      25.6        .2       5.8
 45797  -.118600  -.978453  -.169006
 147345.2  12762.3       .0     43.3      -.2     28.9
       .0     86.6       .4      3.9  83879.1  87133.9
      -8.3      54.0       4.0      82.2
      -1.1      29.6       -.3      25.1
       -.2      25.9        .2       8.2
       -.1      25.5        .1       6.8
 45798  -.147667  -.974605  -.168341
 147911.1  12770.6       .0     43.3      -.2     28.9
       .0     86.6      -.2     57.7  83725.6  87117.6
      -6.7      48.5       3.0      85.3
        .0      28.0       -.1      22.7
        .2      25.6        .2       9.1
        .1      26.0        .4       7.4
 45799  -.176357  -.969963  -.167539
 148597.0  12872.9       .0     43.3      -.2     28.9
       .0     86.6      -.2     57.7  84609.4  88102.0
      -8.5      51.6       -.3      75.2
       -.6      29.1       -.2      22.9
        .0      25.3        .2       9.4
        .4      26.4        .3       8.2
 45800  -.204604  -.964562  -.166606
 149891.3  12836.0       .0     43.3      -.2     28.9
       .0     86.6      -.2     57.7  84759.5  87734.2
      -8.6      49.8       1.3      68.2
       -.6      28.9       -.4      23.6
       -.2      25.3        .2      10.4
        .0      26.8        .2       9.1
 45801  -.232349  -.958440  -.165549
 151077.7  12953.4       .0     43.3      -.2     28.9
       .0     86.6      -.2     57.7  86887.4  89729.9
      -6.5      54.1      -5.4      62.0
       -.7      29.1       -.2      22.5
        .4      26.0        .5      10.7
        .6      26.2        .6       9.5
 45802  -.259539  -.951641  -.164374
 151904.0  13033.2       .0     43.3      -.2     28.9
       .0     86.6      -.2     57.7  86601.4  89236.4
      -7.3      50.4      -2.5      61.8
       -.2      29.1        .0      21.9
        .1      25.6        .3      11.7
        .5      26.1        .6      10.2
 45803  -.286124  -.944211  -.163091
 153494.9  13285.9       .0     43.3      -.2     28.9
       .0     86.6      -.2     57.7  88273.1  90495.9
     -11.2      54.1      -6.1      60.1
        .0      29.3        .0      21.3
        .3      25.3        .4      12.2
        .4      26.1        .5      11.1
 45804  -.312066  -.936198  -.161707
 154817.8  13277.5       .0     43.3      -.2     28.9
       .0     86.6      -.2     57.7  86824.0  89785.5
      -9.1      52.2      -5.5      49.3
        .0      28.6        .0      20.7
        .3      25.7        .5      12.7
        .6      25.6        .5      11.5
 45805  -.337328  -.927651  -.160231
 156490.2  13400.7       .0     43.3      -.2     28.9
       .0     86.6      -.2     57.7  89117.4  92246.2
      -7.3      55.5      -3.5      54.8
       -.3      29.1        .1      21.0
        .3      25.6        .4      13.5
        .6      25.5        .5      12.0
