OCR_prd2012lk:dj0090h@-300V,3.8T@20d,274K,rhe=1.10,rhh=0.7, 0.65/1.30           
  5623   1  3.80  28   3  29   1  300.00  277.00     .90 1.17000  2350.0    -.59   24.51  150.  100.  270.  3100.0    -.29   12.16    1.50    1.00     .85
 39806  -.105828   .952448  -.285734
  77032.6  12509.1    141.0    336.0     10.4     35.8
      -.3     86.6     14.5     26.7  17095.5  22367.0
       9.0      59.1       1.0      64.6
        .9      38.7        .0      16.5
        .1      38.1        .0       8.5
        .3      57.1        .0       7.9
 39807  -.114443   .944153  -.308995
  70963.3  12538.9     44.0    326.2     13.5     31.0
      -.3     86.6     14.0     27.3  17270.1  22479.5
      10.4      56.8       4.2      61.5
        .6      35.6        .2      15.2
        .3      33.0       -.1       9.0
       -.9      50.6        .0       8.4
 39808  -.124476   .933570  -.336085
  65103.2  12642.5    107.1    269.8     10.6     28.5
      -.3     86.6     14.1     27.8  16465.0  20689.3
       7.3      57.8       5.5      58.2
        .3      36.3       -.1      15.9
        .4      34.9       -.2       9.0
        .5      46.8       -.1       8.3
 39809  -.136269   .919816  -.367926
  59275.5  12731.2     79.9    248.4     10.5     20.8
      -.3     86.6     14.1     28.4  16862.1  21377.4
      10.3      58.4       2.9      57.5
       1.4      33.7       -.1      14.9
        .7      31.8       -.2       9.7
       1.2      40.7       -.3       8.9
 39810  -.150261   .901568  -.405706
  53519.4  13032.8     60.2    182.4     12.1     15.7
      -.3     86.6     13.8     29.5  16654.0  19979.2
       7.5      57.8       2.0      50.0
        .9      35.5       -.1      14.3
        .7      34.7       -.3      10.2
        .7      41.5       -.5       9.6
 39811  -.167009   .876798  -.450925
  47799.5  13329.6      9.7    182.6     12.5     12.9
     -4.9     22.0     14.1     30.4  15425.9  18188.2
       9.3      57.6        .9      51.2
       1.1      32.4       -.2      14.6
       1.2      29.9       -.3      10.3
        .8      34.2       -.2      10.2
 39812  -.187186   .842336  -.505402
  42422.1  13865.4     21.6    141.9     12.0     10.9
       .0     28.0     13.6     31.7  15040.3  16671.5
       7.5      56.4        .5      48.9
       1.4      34.6       -.3      14.8
       1.5      32.0       -.5      10.9
       1.7      37.9       -.6      11.1
 39813  -.211513   .793174  -.571085
  37444.6  14658.9     11.8     69.4     11.9     11.1
      -.5     26.3     13.3     33.2  11754.4  13616.2
       6.5      62.6        .1      45.4
       1.1      38.8       -.4      14.7
       1.9      33.5       -.4      11.3
       2.4      36.0       -.9      11.5
 39814  -.240493   .721479  -.649331
  32757.0  15922.9      3.0     26.8     11.8     12.3
      -.3     36.7     13.2     34.8  10454.7  11174.5
       7.4      61.7        .2      40.7
       2.4      36.1       -.8      15.0
       2.1      30.0       -.5      12.3
       1.9      31.4       -.6      12.4
 39815  -.273665   .615745  -.738895
  28925.4  16760.0      1.6     24.8     11.8     14.0
       .7     50.7     12.8     36.5   8539.9   9251.0
       7.4      57.1      -2.4      42.6
       1.9      27.1       -.8      15.0
       1.9      21.9       -.8      12.6
       1.6      23.3      -1.3      12.1
 39816  -.308021   .462031  -.831656
  25973.9  16966.3       .4     28.0     11.8     15.2
       .3     64.0     12.6     37.7   7635.2   8395.0
       6.4      48.9      -1.3      41.3
       1.3      18.2       -.8      15.7
       1.3      14.5       -.6      12.8
       1.4      15.0      -1.0      13.2
 39817  -.336099   .252074  -.907467
  24109.9  16353.3       .6     34.9     11.7     14.6
       .4     75.7     12.2     38.5   7058.9   7710.1
       7.0      51.9      -2.4      38.9
       1.0       9.6       -.7      15.1
        .3       8.1       -.6      12.5
        .6       8.2      -1.4      12.3
 39818  -.347314   .000000  -.937749
  24092.6  16003.7      -.3     42.8     11.9     12.3
      -.3     85.6     12.4     38.1   8031.8   8660.6
       5.2      70.0      -2.9      37.8
       -.6      16.1       -.4      15.1
       -.1       5.0      -1.0      11.8
        .1       5.0      -1.3      11.1
 39819  -.344406  -.129152  -.929895
  23835.2  16433.4      -.4     39.1     11.7     14.9
      -.5     81.4     12.1     38.9   7080.0   7663.1
      -3.1      63.1      -3.0      40.0
       -.2       5.9       -.8      15.2
       -.1       5.0      -1.2      12.6
       -.3       5.0      -1.6      13.0
 39820  -.336099  -.252074  -.907467
  24102.7  17105.5      -.7     35.1     11.5     16.3
      -.7     76.2     12.1     39.0   6934.0   7466.6
      -1.6      55.0      -2.7      42.4
       -.4       9.6       -.9      15.2
       -.7       7.5      -1.1      12.6
       -.4       7.2      -1.2      14.3
 39821  -.323497  -.363934  -.873442
  24827.1  17730.1     -1.3     31.2     11.2     16.9
     -1.1     70.3     12.0     38.9   7317.2   7747.6
      -2.8      48.3      -3.7      41.3
      -1.0      14.0      -1.1      15.5
       -.8      10.8      -1.0      13.2
       -.8      10.7      -1.2      14.4
 39822  -.308021  -.462031  -.831656
  25866.4  17504.8     -1.3     27.5     11.2     16.7
      -.7     64.0     12.1     38.5   7647.7   8214.3
      -4.9      52.1      -3.8      41.4
      -1.0      17.5       -.6      15.8
       -.8      13.5       -.8      13.3
       -.9      13.9      -1.7      14.6
 39823  -.291042  -.545704  -.785813
  27403.4  17566.1     -1.3     23.8     11.4     16.0
      -.9     57.3     12.4     37.6   8323.3   8955.1
      -5.5      55.9      -4.0      43.2
      -1.2      21.8       -.6      15.7
      -1.0      16.5       -.7      13.0
      -1.2      17.0      -1.2      13.9
 39824  -.273665  -.615745  -.738895
  28946.3  17006.6     -1.1     22.4     11.4     15.5
      -.6     50.0     12.4     36.5   8309.4   8978.8
      -5.9      57.2      -3.8      40.9
      -1.3      26.2       -.7      15.2
       -.7      20.6       -.8      12.7
      -1.6      22.1      -1.4      13.0
 39825  -.240493  -.721479  -.649331
  33106.2  15414.2     -4.1     26.0     11.6     13.4
      -.5     35.5     12.7     34.9  10458.9  11256.5
      -6.3      66.4      -4.7      44.7
      -1.8      36.3       -.4      15.4
      -1.7      28.5       -.8      12.6
      -1.9      30.2       -.9      13.9
 39826  -.211513  -.793174  -.571085
  37640.7  14050.7    -11.9     68.4     11.5     12.0
      -.2     24.1     13.0     33.1  12665.7  14276.3
      -6.9      60.2      -5.8      47.1
      -1.5      37.1       -.7      14.9
      -1.2      32.4       -.5      11.8
      -2.1      35.1       -.9      12.1
 39827  -.187186  -.842336  -.505402
  42942.2  13430.4      -.3     43.3     12.2     10.5
       .1     28.4     13.5     31.6  16555.9  17688.6
      -7.6      57.6      -3.5      48.0
       -.9      33.6       -.3      14.8
       -.3      31.4       -.1      11.4
      -1.6      37.0       -.7      11.5
 39828  -.167009  -.876798  -.450925
  48362.1  13018.8    -45.9    178.9     12.3     10.1
     -1.0     21.1     13.7     30.2  19359.9  20826.8
      -9.3      55.3      -4.8      47.0
      -1.3      31.9       -.5      14.9
      -1.2      28.6       -.6      10.8
      -1.0      31.9       -.4      10.9
 39829  -.150261  -.901568  -.405706
  54256.9  12745.3    -79.8    200.4     11.0     12.2
      -.3     86.6     13.6     29.2  20818.0  23759.4
      -7.2      58.7      -4.6      54.0
      -1.4      33.6       -.6      14.9
      -1.3      32.9       -.4      10.5
       -.8      37.1       -.5      10.1
 39830  -.136269  -.919816  -.367926
  60134.1  12594.4   -117.7    215.7     11.2     14.2
      -.3     86.6     14.0     28.3  23580.3  27330.6
     -10.3      56.6      -4.6      53.7
      -1.2      33.0       -.4      15.3
       -.3      29.9       -.3       9.8
      -1.1      34.3       -.6       9.1
 39831  -.124476  -.933570  -.336085
  65940.2  12370.9    -60.4    280.9     10.1     19.9
      -.3     86.6     13.7     27.5  25005.1  29024.0
      -7.8      59.7      -4.8      58.0
       -.7      34.7       -.5      15.5
       -.6      33.4       -.2       9.5
      -1.3      39.0       -.5       8.8
 39832  -.114443  -.944153  -.308995
  72268.7  12265.9    -77.2    319.1     10.8     22.0
      -.3     86.6     14.1     26.9  28804.3  34325.0
      -8.7      55.7      -6.6      61.2
       -.9      33.5       -.3      15.8
       -.2      30.3       -.1       9.3
        .3      36.0       -.3       8.1
 39833  -.105828  -.952448  -.285734
  78474.4  12355.1    -14.6    361.9     11.8     27.9
      -.3     86.6     14.0     26.3  30060.9  36886.6
      -8.8      56.0      -8.0      60.2
       -.9      36.2       -.6      17.6
       -.5      35.2       -.1       9.1
        .0      41.6       -.1       8.0
 39834   .872340  -.130851  -.471064
  48294.3   9351.0      -.1     30.3     43.4    163.4
       .0     70.5     12.3     57.7  11630.0  13802.5
     -10.1      64.0      11.1      58.4
       -.3      12.3       2.3      33.3
       -.1       6.3       1.2      27.2
       -.1       6.1       1.6      34.5
 39835   .848868  -.141478  -.509321
  44238.4   9648.6      -.7     30.6     53.2    142.0
      -.4     71.1     12.3     57.7  10076.3  11960.6
      -7.0      62.4       7.2      56.9
       -.6      11.6       2.3      33.3
       -.4       6.7       2.3      27.4
        .0       6.5       1.2      31.8
 39836   .819017  -.153566  -.552837
  40426.6  10110.5      -.7     30.9     24.1    122.3
      -.4     71.9      6.6     27.7  10016.4  12613.9
      -9.7      63.7       7.7      57.2
       -.3      10.9       1.7      31.3
       -.1       6.8       1.6      25.2
       -.1       6.8       1.3      27.7
 39837   .780626  -.167277  -.602197
  36952.8  10625.8      -.1     31.1     23.0     92.8
      -.1     72.3     13.9     20.0  10757.8  13206.6
      -8.2      63.5       9.5      55.6
       -.9      10.7       2.5      30.4
       -.4       7.2       1.8      24.0
       -.4       7.5       1.5      25.9
 39838   .730784  -.182696  -.657706
  33517.1  11418.4      -.6     31.8     13.4     68.0
      -.6     73.1     13.3     16.5  10522.4  12222.2
      -5.3      57.2       6.9      52.5
       -.5       9.8       1.8      27.9
       -.4       7.1       1.9      22.1
       -.3       7.6       1.7      23.9
 39839   .665721  -.199716  -.718978
  30510.1  12677.9      -.6     32.5     20.2     33.5
      -.4     73.7     13.6     22.7   9441.5  10637.3
      -6.0      57.6       7.6      50.0
       -.7      10.8       1.6      26.4
       -.3       7.6       2.0      20.1
       -.5       7.9       1.7      21.4
 39840   .580932  -.217849  -.784258
  28167.6  15039.3      -.7     33.6     14.5     14.1
      -.6     74.4     13.7     31.1   8338.7   8899.9
     -10.5      55.3       7.8      46.4
       -.7      10.0       1.5      20.8
       -.7       7.4       1.5      15.4
       -.4       7.8       1.3      16.1
 39841   .471929  -.235965  -.849473
  26283.9  19456.4     -1.0     34.1     13.7     14.0
      -.9     75.1     13.7     39.6   8237.4   9116.7
      -7.2      54.6       5.9      43.0
       -.7       9.8       1.3      13.7
       -.5       7.5       1.3      10.1
       -.6       7.8       1.6       9.7
 39842   .336099  -.252074  -.907467
  24891.3  21790.2      -.6     34.6     13.3     19.7
      -.7     75.4     13.4     47.7   8078.8   8677.4
      -6.1      54.8       5.5      46.9
      -1.1      10.2        .9       9.2
       -.8       7.3        .8       6.2
       -.8       7.6        .8       5.7
 39843   .175655  -.263482  -.948537
  24352.1  20783.7     -1.0     33.8     13.0     26.3
      -.8     75.1     13.0     55.0   8035.9   8672.6
      -6.8      53.2       5.1      61.7
       -.6      10.2        .7       7.4
       -.8       6.4        .2       3.0
       -.7       6.2        .2       3.0
 39844   .000000  -.267644  -.963518
  23787.3  20496.0      -.9     34.2     12.2     24.4
      -.9     75.6     12.2     52.9   7743.5   8342.0
      -2.7      52.1      -1.2      54.6
       -.7       9.6        .1       7.6
       -.5       6.6        .1       4.3
       -.8       6.4       -.2       4.4
 39845  -.088862  -.266585  -.959706
  23527.6  20561.3      -.6     34.6     12.5     21.6
      -.6     75.9     12.6     49.6   7354.4   7951.4
      -6.1      53.1      -2.9      48.1
       -.5       9.7       -.1       7.6
       -.1       7.1       -.2       6.0
       -.4       6.6       -.5       6.6
 39846  -.175655  -.263482  -.948537
  23494.5  20567.3      -.7     34.9     11.7     19.0
      -.6     76.0     12.0     46.2   7081.4   7587.9
      -3.8      52.5      -2.9      39.4
       -.3       9.5       -.4      10.4
       -.6       7.2       -.9       8.3
       -.6       7.2       -.5       8.8
 39847  -.258544  -.258544  -.930758
  23676.5  19611.2      -.7     35.3     11.7     17.4
      -.7     76.1     12.1     42.7   7162.2   7675.3
      -3.4      53.9      -4.1      41.7
       -.4       9.5       -.7      12.5
       -.5       7.3       -.9      10.5
      -1.0       7.4       -.8      11.2
 39848  -.336099  -.252074  -.907467
  24212.6  17096.1      -.9     35.2     11.3     16.5
      -.8     76.1     12.2     39.1   7078.7   7492.0
      -3.6      54.6      -3.8      41.2
       -.6       9.4       -.9      15.3
       -.4       7.3      -1.2      12.8
       -.6       7.3      -1.3      14.2
 39849  -.407380  -.244428  -.879941
  24705.9  14772.5      -.8     34.9     10.4     17.6
      -.6     75.9     12.0     35.5   6536.5   7068.6
      -1.1      55.3      -3.9      41.8
       -.7       9.8      -1.6      18.4
       -.4       7.5      -1.3      15.9
       -.7       7.6      -1.6      18.6
 39850  -.471929  -.235965  -.849473
  25502.2  13603.2     -1.0     35.0      9.1     28.6
      -.9     75.9     12.4     32.0   6806.2   7422.7
      -2.8      57.5      -5.2      45.2
       -.5      10.3      -1.5      22.8
        .1       7.9      -1.5      18.5
       -.4       7.6      -2.3      21.9
 39851  -.529695  -.227012  -.817244
  26362.6  12337.2      -.3     34.7      8.3     43.1
      -.4     75.5     12.3     28.3   7156.1   7750.4
      -1.9      54.1      -6.0      48.7
       -.2      10.5      -1.7      25.8
       -.4       8.3      -2.4      21.1
       -.7       7.8      -2.0      23.7
 39852  -.580932  -.217849  -.784258
  27397.4  11563.8      -.9     34.7      1.2     59.2
      -.6     75.3     12.3     25.1   7128.2   7651.3
      -1.4      54.2      -5.4      48.5
        .0      10.2      -1.8      26.9
       -.5       7.9      -2.3      22.8
       -.5       8.0      -2.5      25.4
 39853  -.665721  -.199716  -.718978
  29885.3  10465.4      -.4     34.9      4.0     78.1
      -.1     74.8     13.9     21.9   7241.2   7800.7
      -3.5      57.0      -5.5      52.5
       -.5      10.5      -1.9      29.1
       -.3       7.6      -1.4      25.1
       -.3       7.4      -2.0      29.3
 39854  -.730784  -.182696  -.657706
  32831.3   9734.9      -.5     35.9     10.7    107.4
      -.4     74.1     15.1     26.5   7230.1   7865.7
       1.3      59.4      -7.3      55.7
       -.3      11.1      -1.3      32.8
       -.1       7.5      -1.8      28.1
       -.2       7.5      -1.8      37.1
 39855  -.780626  -.167277  -.602197
  36026.0   9197.2      -.9     36.3      1.3    127.3
      -.3     73.3     15.6     31.4   7187.8   7914.5
        .3      60.3      -7.7      57.4
       -.1      11.4       -.9      34.5
        .1       6.9       -.7      29.3
       -.2       7.0      -2.9      43.9
 39856  -.819017  -.153566  -.552837
  39159.4   8815.3      -.7     37.2     -2.7    151.4
      -.2     72.9     12.3     57.7   7578.7   7996.0
       1.4      61.4      -6.4      56.8
       -.6      11.6       -.6      36.8
        .0       6.9       -.9      33.5
        .0       6.6      -3.1      55.3
 39857  -.848868  -.141478  -.509321
  42787.0   8679.5      -.4     37.7     -8.7    171.8
       .1     72.2     12.3     57.7   7570.3   8091.4
        .8      63.7      -6.4      60.3
       -.3      12.7       -.9      37.9
       -.5       6.9      -1.5      35.3
        .0       6.5      -1.1      64.8
 39858  -.872340  -.130851  -.471064
  46042.9   8402.2      -.8     38.4    -22.7    194.9
       .1     71.7     12.3     57.7   7714.1   8347.9
       2.1      63.3      -7.0      61.8
        .3      13.1        .1      40.0
       -.1       6.8       -.7      38.3
       -.2       7.1      -3.1      80.1
 39859  -.891017  -.121502  -.437408
  49626.1   8252.9      -.4     38.8    -18.2    219.5
       .0     71.4     12.3     57.7   7570.4   8357.2
       4.9      63.1      -5.2      56.8
        .4      12.2       1.0      39.6
        .2       7.0       -.3      39.8
       -.1       9.2      -2.6      90.1
 39860  -.906054  -.113257  -.407724
  53167.1   8106.2      -.5     39.1    -10.0    243.1
      -.1     70.9     12.3     57.7   8170.9   8757.0
       6.1      65.8      -4.6      60.5
        .4      14.6        .5      41.5
        .1       6.4        .0      42.0
        .1       9.4      -3.0     102.2
 39861  -.918298  -.105957  -.381447
  56563.2   8225.3      -.3     39.6    -23.4    272.7
       .1     70.7     12.3     57.7   8014.3   8675.7
       6.1      64.0      -4.4      58.8
        .6      15.8        .0      41.9
        .1       7.1       -.2      45.1
        .4      10.0      -1.0     110.8
 39862  -.928375  -.099469  -.358087
  60015.7   8030.9      -.2     39.8    -39.6    288.0
       .2     70.4     12.3     57.7   8366.1   9045.1
       3.8      65.8      -7.2      59.3
        .4      16.4       1.2      42.5
       -.2      10.6        .9      49.8
       -.2      12.5      -2.6     121.7
 39863   .850763  -.255229  -.459412
  47819.5   9557.6      -.7     26.0     36.7    166.3
      -.1     55.5     12.3     57.7   9253.3  10396.4
      -6.5      52.1       8.2      56.2
       -.4      16.9       1.2      34.9
        .1      11.9       1.7      29.4
       -.2      11.6        .9      43.3
 39864   .824475  -.274825  -.494685
  44391.7   9955.2     -1.3     24.4     44.1    146.0
      -.3     56.5     12.3     57.7   9744.7  10851.2
      -7.7      54.7      11.7      57.8
       -.5      17.5       1.9      33.9
       -.2      12.8       1.7      28.7
       -.5      12.8       1.7      36.6
 39865   .791497  -.296812  -.534261
  40855.6  10372.7      -.6     23.3     29.8    122.4
      -.2     57.5      1.7     28.6  10085.7  11434.2
      -6.1      52.2       8.7      57.6
       -.8      16.7       1.6      32.1
       -.7      13.0       1.5      26.9
       -.3      13.0        .9      31.7
 39866   .749790  -.321338  -.578409
  37528.0  10997.2      -.5     22.3     35.1     98.0
      -.5     58.7     11.8     20.8  10324.8  12151.2
      -7.2      55.7       5.7      56.0
       -.5      17.7       1.1      31.2
       -.7      14.1       1.5      25.4
       -.5      14.4        .9      28.3
 39867   .696733  -.348367  -.627060
  34321.8  12023.8     -1.0     22.7     31.9     67.0
      -.6     59.9     12.9     17.8  10576.9  11994.6
      -5.6      49.8       6.0      50.6
       -.8      17.5       1.5      28.0
       -.6      14.2       1.6      23.5
       -.8      14.1       1.1      25.8
 39868   .629142  -.377485  -.679474
  31713.3  13301.0     -1.0     23.8     14.9     33.5
      -.7     61.1     13.1     22.5  10921.1  12195.6
      -7.3      50.6       6.5      51.4
       -.9      17.6       1.5      26.4
      -1.0      14.1       1.3      21.4
      -1.1      14.7       1.0      23.1
 39869   .543526  -.407645  -.733761
  29555.9  16033.1      -.8     25.5     13.5     14.9
      -.8     62.6     13.2     30.7   8980.4   9747.8
      -7.2      51.2       4.5      48.2
      -1.0      18.0       1.7      21.5
      -1.1      14.3       1.2      16.0
      -1.4      14.6       1.1      17.1
 39870   .436852  -.436852  -.786334
  27688.9  19651.2     -1.2     26.0     13.5     15.4
     -1.1     62.8     13.4     39.0   9138.5   9671.1
      -6.5      49.1       3.7      42.9
      -1.6      17.8       1.4      14.1
      -1.5      13.9       1.3      10.6
      -1.0      14.4        .8      10.7
 39871   .308021  -.462031  -.831656
  26553.7  21217.4     -1.1     26.0     13.2     19.5
     -1.1     63.3     13.2     47.3   8790.5   9437.5
      -5.8      50.6       4.2      47.4
      -1.3      17.9        .8       9.2
      -1.1      13.6        .7       6.6
      -1.1      13.5        .6       6.4
 39872   .159801  -.479402  -.862924
  26162.7  20439.6     -1.0     25.1     12.5     26.1
      -.6     62.9     12.5     54.9   8436.8   9148.7
      -8.1      52.3       1.9      66.6
      -1.0      17.5        .2       6.9
       -.9      12.8        .3       3.0
      -1.1      11.7        .0       3.0
 39873   .000000  -.485643  -.874157
  25747.2  19822.0     -1.2     24.8     12.4     24.2
     -1.0     63.0     12.5     52.6   8581.3   9435.3
      -7.4      49.5      -1.9      56.4
      -1.5      16.9        .4       6.9
      -1.2      12.5        .2       4.2
      -1.5      11.6       -.3       4.3
 39874  -.080677  -.484060  -.871308
  25437.5  19710.7     -1.2     26.1     11.8     21.4
      -.7     63.5     12.0     49.1   8324.9   8733.9
      -6.2      46.3      -2.2      46.7
      -1.4      17.0       -.1       7.9
      -1.0      12.7       -.3       6.4
      -1.1      12.5       -.5       6.8
 39875  -.159801  -.479402  -.862924
  25388.3  19875.3     -1.5     26.7     11.7     18.9
      -.8     63.8     12.0     45.6   8014.2   8523.8
      -3.9      49.8      -2.5      44.9
      -1.2      17.0       -.5       9.9
       -.9      13.2       -.6       8.5
      -1.2      13.0      -1.0       9.1
 39876  -.235965  -.471929  -.849473
  25527.5  19332.1     -1.2     27.2     11.7     17.1
      -.8     63.9     12.1     42.0   7787.7   8345.7
      -5.4      50.2      -3.8      43.1
      -1.2      17.6       -.6      12.6
      -1.0      13.7       -.7      10.6
      -1.1      14.1      -1.0      11.4
 39877  -.308021  -.462031  -.831656
  25952.5  17600.7     -1.1     27.3     11.2     16.7
      -.9     64.0     12.0     38.4   7650.8   8240.5
      -4.1      51.1      -4.5      40.9
       -.8      17.5       -.6      15.4
       -.9      14.1       -.8      13.2
       -.8      13.8      -1.3      14.6
 39878  -.375145  -.450175  -.810314
  26274.6  16167.9     -1.0     27.2     10.7     18.2
      -.6     64.1     12.4     34.8   7523.1   8190.5
      -1.8      51.2      -2.9      42.3
      -1.0      17.6      -1.0      18.6
       -.6      14.3      -1.1      16.0
      -1.0      13.6      -1.8      19.0
 39879  -.436852  -.436852  -.786334
  27011.0  14982.5     -1.1     27.0      9.7     24.0
      -.7     63.8     12.2     31.5   7672.7   8269.9
      -5.2      50.1      -5.3      45.1
       -.8      18.3      -1.6      22.7
       -.6      14.7      -1.7      18.9
      -1.0      14.7      -2.1      22.6
 39880  -.492958  -.422535  -.760563
  27646.1  13285.8     -1.1     27.0      5.4     37.5
      -.5     63.4     12.4     28.1   7731.1   8361.3
      -3.2      48.8      -5.5      48.8
       -.7      17.7      -1.7      25.7
       -.3      15.2      -2.2      22.0
       -.3      15.0      -2.3      24.7
 39881  -.543526  -.407645  -.733761
  28612.5  12706.1     -1.1     26.8      1.2     54.5
      -.7     63.1     12.3     25.1   7804.5   8289.9
      -4.9      49.6      -6.4      47.7
       -.7      18.0      -1.7      28.1
       -.7      14.7      -2.2      23.9
      -1.0      15.5      -2.6      26.9
 39882  -.629142  -.377485  -.679474
  30816.2  11255.4     -1.3     28.4      5.4     77.4
      -.4     62.1     12.5     23.2   7434.5   7851.3
      -1.9      50.9      -4.9      52.4
       -.6      17.6       -.9      29.5
       -.3      14.6      -1.6      26.5
       -.9      14.9      -3.3      31.3
 39883  -.696733  -.348367  -.627060
  33383.5  10339.8      -.7     31.5      3.5    106.4
       .0     61.1     14.2     27.4   7410.7   7953.7
       -.4      50.5      -3.7      54.6
       -.5      17.4      -1.2      33.3
       -.3      14.1      -1.2      28.9
       -.4      14.7      -2.2      39.0
 39884  -.749790  -.321338  -.578409
  36038.9   9612.7     -1.5     34.4     -9.0    126.7
       .1     59.9     25.5     32.6   7504.4   8048.7
      -1.0      50.0      -5.7      55.4
        .0      16.7       -.6      35.0
       -.2      13.1      -1.3      31.9
        .1      13.1      -2.8      48.1
 39885  -.791497  -.296812  -.534261
  39135.1   9229.5     -1.8     37.4      -.1    151.2
       .1     58.8     12.3     57.7   7596.3   8042.0
      -1.3      53.1      -6.4      60.2
        .0      16.5      -1.1      39.0
        .1      13.2       -.3      35.4
        .3      13.2      -4.6      62.0
 39886  -.824475  -.274825  -.494685
  41983.6   8936.0     -1.6     39.9    -10.4    174.6
      -.1     57.8     12.3     57.7   7698.4   8159.2
       1.4      52.8      -4.6      58.9
        .2      15.8       -.2      41.3
        .2      11.6       -.9      38.7
        .2      12.0      -3.5      73.3
 39887  -.850763  -.255229  -.459412
  45032.0   8657.3     -1.6     42.4    -11.0    194.9
       .2     56.5     12.3     57.7   7769.8   8311.4
      -1.6      49.0      -6.8      58.9
        .1      15.8       -.3      43.2
       -.1      12.0      -1.2      44.3
        .6      12.9      -3.8      89.4
 39888  -.871918  -.237796  -.428033
  48444.6   8517.9     -1.4     43.8    -18.6    219.1
       .2     55.9     12.3     57.7   7684.7   8338.6
       3.6      51.0      -4.6      62.3
        .2      14.8        .0      45.2
        .1      11.2       -.6      46.7
        .4      13.5      -3.9      99.2
 39889  -.889108  -.222277  -.400099
  51622.8   8371.4      -.2     45.2     -4.7    248.7
       .3     55.4     12.3     57.7   7930.1   8513.5
       1.3      54.3      -3.0      63.0
        .0      15.0        .3      46.9
        .0      11.8        .2      50.1
       -.2      14.4      -1.7     113.5
 39890  -.903213  -.208434  -.375181
  54684.5   8249.2     -1.0     46.3    -11.8    266.9
       .1     54.7     12.3     57.7   8234.7   8659.1
       1.5      48.6      -3.0      59.6
        .3      14.6       1.2      46.4
        .5      10.7       1.1      55.5
        .6      16.9      -2.1     124.6
 39891  -.914896  -.196049  -.352888
  57898.4   8232.5      -.7     47.5    -31.7    286.9
       .0     54.2     12.3     57.7   8105.1   8680.3
       2.0      52.8      -3.8      63.2
        .1      15.5       1.1      50.7
        .4      11.4       -.6      58.9
        .3      19.6      -2.4     133.9
 39892   .469758  -.845564  -.253669
  83743.8  13882.0   -219.3    325.1    112.6    153.3
      -.3     86.6     12.3     57.7  25673.3  33716.8
     -10.5      58.9       6.2      58.6
        .3      38.0        .9      27.6
        .6      36.9        .6      22.6
        .4      46.8        .3      29.4
 39893   .431934  -.863868  -.259161
  82143.8  13770.5   -261.6    278.6    118.4    117.7
      -.3     86.6     12.3     57.7  21177.5  28729.3
     -12.3      60.5       5.8      58.7
       -.7      37.5       1.2      27.1
        .6      37.2        .3      22.5
        .1      47.8        .9      27.2
 39894   .391687  -.881295  -.264388
  81043.7  13539.4   -102.5    334.2     45.6    128.3
      -.3     86.6     12.3     57.7  20613.8  25860.1
     -11.8      57.7       4.1      58.7
       -.4      38.7        .9      25.3
        .2      37.3        .6      19.9
       1.1      50.6        .1      25.4
 39895   .349059  -.897580  -.269274
  79770.1  13373.6   -136.3    313.6     57.0    105.8
      -.3     86.6     12.3     57.7  15608.6  21385.1
      -9.4      57.9       -.5      56.7
       -.3      38.3       1.0      23.7
        .4      37.9        .2      19.1
       -.3      52.5        .2      23.8
 39896   .304150  -.912449  -.273735
  78706.6  13110.4    -96.3    326.7     32.0     89.3
      -.3     86.6      8.2      7.9  15177.2  21252.8
      -7.9      59.3        .1      60.9
       -.8      37.7        .8      21.6
       -.6      38.5        .4      16.2
        .7      54.7        .3      16.9
 39897   .257118  -.925624  -.277687
  78105.5  13027.3   -159.2    320.9     28.6     72.4
      -.3     86.6     12.8      9.3  16395.0  21838.6
     -11.1      61.0       1.8      60.4
       -.3      37.4        .3      19.6
       -.1      38.3        .4      14.7
        .9      55.6       -.3      15.3
 39898   .208187  -.936839  -.281052
  77818.5  12805.9   -227.4    294.0     16.7     56.1
      -.3     86.6     13.2     18.5  17644.9  22896.7
     -10.7      59.5        .6      63.9
       -.6      38.7        .2      18.6
        .1      38.5        .4      11.9
       1.5      57.6        .1      10.7
 39899   .157642  -.945850  -.283755
  77780.4  12612.0   -147.9    337.4     12.8     21.8
      -.3     86.6     13.7     29.8  20105.2  25832.1
      -8.8      57.5        .3      68.9
      -1.4      37.2        .6      17.3
       -.5      37.5        .3       9.3
        .5      53.1        .3       8.3
 39900   .105828  -.952448  -.285734
  78047.7  12428.3   -234.4    281.1     13.6     15.1
      -.3     86.6     13.7     41.4  21205.1  26757.2
     -10.3      58.1      -2.5      79.2
       -.2      37.1        .5      19.8
       -.6      37.4        .3       7.3
       1.0      49.9        .2       6.2
 39901   .053137  -.956473  -.286942
  78745.7  12301.1   -238.8    281.9     13.6     24.4
      -.3     86.6     13.6     52.7  26774.3  36292.1
     -11.6      59.8      -1.8      90.3
      -1.8      36.3       -.4      36.5
       -.5      34.9        .2       7.3
       -.8      42.8       -.2       6.2
 39902   .000000  -.957826  -.287348
  78894.2  12247.9      -.3     43.3     13.9     21.2
      -.3     86.6     14.0     49.4  38606.5  40644.2
     -11.9      61.0     -10.6     100.0
      -1.4      35.5       -.1      31.7
       -.9      33.9        .5       7.9
      -1.4      37.1        .5       3.7
 39903  -.026597  -.957487  -.287246
  79089.7  12250.7      -.3     43.3     13.9     15.5
      -.3     86.6     14.1     43.8  39214.2  41407.1
      -9.8      59.5      -5.5      83.6
      -1.0      35.8       -.5      25.4
       -.9      33.7        .4       5.2
       -.4      35.7        .2       4.3
 39904  -.053137  -.956473  -.286942
  78747.6  12258.0      -.3     43.3     13.7     10.7
      -.3     86.6     14.1     37.9  36397.1  39778.8
     -11.6      60.1      -5.1      78.9
      -1.0      36.1        .1      18.5
       -.9      34.5        .0       7.0
       -.1      37.5        .0       5.4
 39905  -.079566  -.954790  -.286437
  78823.5  12286.8      -.3     43.3     13.7      9.4
      -.3     86.6     14.3     31.9  34108.2  38213.8
      -8.6      58.1      -4.1      69.3
      -1.2      36.7       -.3      16.9
       -.2      34.8        .0       7.4
        .3      40.8       -.1       6.6
 39906  -.105828  -.952448  -.285734
  78278.9  12327.7     16.2    348.5     10.6     43.6
      -.3     86.6     14.1     26.2  26919.9  35054.9
     -11.9      62.6      -7.7      67.5
       -.5      36.2       -.4      16.2
       -.5      35.7       -.3       8.9
        .9      43.6        .0       7.9
 39907  -.131870  -.949462  -.284838
  78396.9  12422.5   -251.6    263.0      3.9     52.8
      -.3     86.6     13.9     20.5  25877.6  32931.5
     -10.4      60.2      -6.6      64.3
       -.6      36.4       -.2      17.7
       -.3      35.4       -.1      10.6
       -.1      44.3       -.4       9.8
 39908  -.157642  -.945850  -.283755
  78305.5  12384.0   -250.9    261.3     -5.1     55.5
      -.3     86.6     14.0     15.3  23773.4  31453.6
     -11.6      58.7      -8.3      61.1
       -.8      36.7       -.4      17.7
       -.7      36.7       -.5      11.4
        .2      46.4       -.4      10.7
 39909  -.183096  -.941634  -.282490
  78045.0  12336.1   -150.5    330.4     -4.0     72.4
      -.3     86.6     14.1     11.0  19958.4  26319.6
      -8.4      57.1      -6.2      60.1
      -1.0      37.8       -.4      19.0
        .0      36.4       -.2      13.2
        .1      48.0       -.5      13.2
 39910  -.208187  -.936839  -.281052
  78233.7  12395.4   -106.9    340.9     -6.5     82.4
      -.3     86.6     13.8      9.2  22692.7  32103.1
      -8.2      58.3      -5.8      56.9
       -.3      37.1       -.2      19.0
       -.1      36.9        .2      13.0
        .8      46.8        .3      14.0
 39911  -.257118  -.925624  -.277687
  78313.3  12530.3   -132.8    315.4    -10.8     90.3
      -.3     86.6     12.3      5.4  20777.7  29222.7
      -8.3      57.5      -7.6      54.3
       -.7      36.7       -.1      21.3
       -.5      37.1       -.4      16.1
        .1      48.2       -.3      16.6
 39912  -.304150  -.912449  -.273735
  78738.5  12686.0   -204.4    291.2    -60.3    101.2
      -.3     86.6     12.3     57.7  20249.8  26607.1
      -9.4      60.8      -9.9      57.1
       -.4      38.1       -.2      22.4
       -.2      36.9        .3      18.0
        .8      49.0        .2      23.4
 39913  -.349059  -.897580  -.269274
  79837.9  12740.4    -42.4    357.0     -8.7    139.5
      -.3     86.6     12.3     57.7  20411.1  28305.4
      -6.4      59.6      -8.9      57.2
       -.3      37.8       -.3      24.9
        .2      36.8        .5      20.1
        .2      46.1        .4      25.0
 39914  -.391687  -.881295  -.264388
  80951.7  13121.0   -155.4    338.3    -52.9    144.1
      -.3     86.6     12.3     57.7  21997.7  27886.8
      -7.2      58.6      -8.4      52.1
        .3      37.5        .3      26.2
        .0      37.2        .0      22.4
        .5      47.5        .1      27.3
 39915  -.431934  -.863868  -.259161
  81929.8  13229.8   -162.3    369.0    -65.1    172.1
      -.3     86.6     12.3     57.7  27762.9  34621.5
      -4.5      59.5      -4.5      53.1
        .5      38.0        .2      27.1
        .5      36.5        .7      22.5
        .7      45.0        .3      27.8
 39916  -.469758  -.845564  -.253669
  83654.6  13225.2      -.3     43.3     12.3     28.9
      -.3     86.6     12.3     57.7  27050.9  35877.9
      -7.0      62.1      -6.4      53.3
        .6      37.2        .8      29.1
       -.4      35.8        .0      25.4
       1.3      45.1        .5      30.2
 39917  -.505162  -.826628  -.247988
  85148.3  13112.7   -170.9    307.5     12.3     28.9
      -.3     86.6     12.3     57.7  30146.4  36491.8
      -6.4      59.5      -5.1      49.4
        .7      36.7        .8      30.1
       -.1      37.0        .5      27.8
       1.0      44.1        .0      32.2
 39918  -.538187  -.807280  -.242184
  86799.8  13041.5   -154.8    308.6   -100.2    240.4
      -.3     86.6     12.3     57.7  25918.4  32246.1
      -5.6      58.6      -7.0      51.5
       -.4      37.3        .2      32.0
       1.3      36.6       1.1      29.4
        .8      45.7        .5      38.7
 39919  -.568907  -.787718  -.236315
  88256.0  13011.7   -134.6    303.2   -107.9    266.9
      -.3     86.6     12.3     57.7  23831.3  28034.6
      -4.6      61.3      -7.3      49.7
        .0      37.1        .4      33.0
       1.1      35.8       1.4      30.4
        .6      55.9        .5      47.7
 39920  -.597418  -.768109  -.230433
  89947.2  12844.7   -145.5    302.5   -137.1    268.4
      -.3     86.6     12.3     57.7  19178.2  22990.9
      -5.1      58.6      -4.5      48.5
        .0      38.3       1.0      34.7
        .9      38.3       1.2      34.4
       2.2      71.6       1.1      63.4
