Dot1_150x100_prd2012lk:dj0045b@-150V,3.8T@90d,277K,rhe=1.10,rhh=0.7, 0.65/1.30  
  6691   1  3.80  60   5  29   0  150.00  277.00     .45 1.06200  1400.0    -.43  109.49  150.  100.  285.  2000.0    -.22   54.75    1.50    1.00     .85
 42801   .000000   .000000 -1.000000
  24817.6  16420.4      -.4     41.7     53.8      6.6
      -.3     84.6     54.9     32.3   9808.3  10552.7
      -4.3      68.6      -1.1      35.8
       -.6       9.6      -1.4      13.9
        .2       3.3      -1.8      12.0
        .2       1.4      -2.9      11.7
 42802   .000000  -.130455  -.991454
  25189.9  16387.4      -.4     36.3     53.8      7.7
      -.3     78.7     54.9     32.3   9809.4  10303.5
      -2.6      59.3       -.8      36.5
       -.3       6.1      -1.3      14.2
       -.3       3.4      -1.9      11.7
       -.5       3.0      -2.7      11.7
 42803   .000000  -.254493  -.967075
  25751.9  16937.5      -.8     29.7     53.7      8.3
      -.7     71.4     55.1     32.1   9726.3  10324.4
      -4.4      47.1       -.7      37.5
       -.7       8.3      -1.4      13.8
       -.6       6.2      -1.9      11.7
       -.5       6.2      -2.5      11.7
 42804   .000000  -.367167  -.930155
  26726.4  17513.4     -1.1     23.2     53.6      8.6
      -.5     63.5     55.4     32.0   9951.7  10667.0
      -2.8      49.6      -1.7      38.9
       -.4      12.3      -1.1      13.8
       -.6       9.3      -1.7      11.4
       -.7       8.8      -2.5      11.5
 42805   .000000  -.465746  -.884918
  28002.6  18121.0     -1.1     17.0     53.9      8.6
      -.3     55.6     55.5     31.5  10764.5  11283.9
      -6.0      49.2       -.9      42.2
       -.3      16.0      -1.4      13.7
       -.7      12.5      -1.6      11.4
       -.9      11.6      -2.5      11.4
 42806   .000000  -.549617  -.835417
  29605.5  18391.7     -1.5     13.6     53.9      8.0
      -.4     47.1     55.7     31.1  11599.7  12085.6
      -8.0      51.2      -1.2      39.4
      -1.2      20.4      -1.5      13.4
       -.6      15.0      -1.5      10.9
      -1.1      14.9      -2.4      11.0
 42807   .000000  -.619644  -.784883
  31439.0  17452.5     -2.4     15.3     53.8      8.0
      -.5     38.5     55.9     30.5  12588.3  13391.8
      -5.9      57.3       -.5      42.4
       -.9      25.2      -1.3      13.4
       -.8      18.0      -1.6      10.8
      -1.1      17.3      -2.2      11.0
 42808   .000000  -.677476  -.735545
  33544.8  16478.0      3.3     15.4     54.1      7.6
      -.4     29.7     56.2     30.1  14043.5  14889.4
      -8.0      60.4       1.0      44.1
      -1.0      28.8      -1.5      13.4
       -.7      21.0      -1.4      10.5
      -1.5      20.3      -2.2      10.5
 42809   .000000  -.724999  -.688749
  35919.0  15750.7      -.2     43.3     54.0      7.4
      -.6     21.4     55.9     29.5  15766.4  16505.5
      -7.8      62.3       1.2      47.6
      -1.5      30.7      -1.6      13.1
      -1.1      22.6      -1.6      10.3
      -1.6      22.6      -2.0      10.0
 42810   .000000  -.764030  -.645181
  38203.9  15109.3      -.2     43.3     54.0      6.6
      -.2     15.2     56.5     29.0  16881.1  17907.9
      -8.1      57.6       2.1      48.1
      -1.3      29.7      -1.5      13.2
      -1.5      24.2      -1.7      10.0
      -1.8      24.6      -2.0       9.7
 42811   .000000  -.796162  -.605083
  40568.4  14523.2      -.2     43.3     54.5      6.2
     -1.0     15.2     56.6     28.8  17575.7  18933.0
      -8.2      54.6       -.6      46.3
       -.5      28.1      -1.4      13.1
       -.4      25.1      -1.3       9.7
      -1.6      26.5      -1.8       9.4
 42812   .000000  -.822730  -.568432
  43193.5  14136.6      -.2     43.3     54.5      6.0
     -2.0     17.9     56.7     28.0  19788.4  21306.4
      -8.5      50.9       1.2      50.0
       -.9      26.3      -1.4      13.4
       -.7      23.4      -1.5       9.5
      -1.2      26.3      -1.6       9.1
 42813   .000000  -.844819  -.535052
  45824.3  13770.7      -.2     43.3     53.7      5.5
      -.2     86.6     57.1     27.8  21632.2  22591.5
     -10.3      55.4       2.2      52.7
      -1.1      25.1      -1.3      13.3
       -.7      21.3      -1.2       9.0
      -1.3      23.9      -1.7       8.7
 42814   .000000  -.863297  -.504697
  48616.1  13432.3      -.2     43.3     53.9      5.0
      -.2     86.6     57.4     27.6  23184.3  24445.9
      -7.9      53.4       2.2      54.4
       -.4      26.0      -1.2      14.4
       -.5      22.3      -1.1       8.9
      -1.6      22.5      -1.8       8.4
 42815   .000000  -.878853  -.477092
  51413.7  13272.4      -.2     43.3     54.6      4.9
      -.2     86.6     57.7     27.2  24887.7  26249.7
     -10.7      55.4        .0      51.7
        .2      27.7       -.8      13.3
       -.6      25.6      -1.1       8.7
      -1.4      26.3      -1.5       8.2
 42816   .000000  -.892036  -.451965
  54262.7  13160.7      -.2     43.3     57.1     41.7
      -.2     86.6     57.5     26.9  27569.7  28613.7
     -10.9      56.2       3.3      58.0
       -.7      28.2      -1.0      14.3
       -.5      25.8      -1.2       8.8
       -.9      28.3      -1.5       8.1
 42817   .000000  -.903278  -.429057
  57224.2  13045.2      -.2     43.3     53.3      4.6
      -.2     86.6     57.8     26.6  29001.0  29905.9
      -8.1      51.8       1.5      56.5
       -.3      26.4       -.8      13.8
       -.8      23.5      -1.2       8.5
       -.6      25.0      -1.4       7.8
 42818   .000000  -.912924  -.408131
  59960.1  12918.2      -.2     43.3     52.3      4.3
      -.2     86.6     57.3     26.4  30297.5  31502.2
      -8.8      55.0        .6      56.4
      -1.3      26.3      -1.4      14.9
       -.6      22.8      -1.2       8.4
      -1.1      23.1      -1.4       7.4
 42819   .000000  -.921250  -.388972
  63037.1  12789.7      -.2     43.3     54.6      2.9
      -.2     86.6     57.6     26.1  31184.1  32944.4
      -9.7      52.5       1.1      60.9
       -.4      29.0      -1.1      15.2
       -.7      26.0      -1.1       8.2
      -1.0      25.6      -1.3       7.3
 42820   .000000  -.928477  -.371391
  65764.2  12734.8      -.2     43.3     54.5      2.9
      -.2     86.6     58.0     26.0  33505.4  35066.2
     -12.1      59.1       -.2      59.6
       -.8      28.4      -1.2      15.4
       -.5      26.2       -.9       8.2
       -.6      27.4      -1.3       7.3
 42821   .000000  -.934784  -.355218
  69052.1  12691.0      -.2     43.3     54.3      3.0
      -.2     86.6     58.1     25.7  35839.7  37331.7
     -10.6      53.3       3.4      64.7
       -.7      27.6       -.6      16.1
       -.8      24.5      -1.0       8.1
       -.9      25.9      -1.3       7.3
 42822   .000000  -.940315  -.340305
  71972.1  12583.0      -.2     43.3     54.7     28.9
      -.2     86.6     58.0     25.7  37599.3  38735.5
     -10.6      55.2      -1.1      63.6
      -1.0      27.1       -.7      16.1
       -.8      23.3      -1.0       8.0
       -.2      23.5      -1.1       6.9
 42823   .000000  -.945190  -.326520
  74915.1  12666.2      -.2     43.3     54.7     28.9
      -.2     86.6     57.9     25.5  39354.1  40947.8
     -10.6      55.6        .9      68.9
       -.6      29.3       -.7      17.2
       -.5      26.6       -.8       8.3
       -.8      26.6      -1.1       6.8
 42824   .000000  -.949506  -.313750
  78062.6  12562.3      -.2     43.3     54.7     28.9
      -.2     86.6     58.5     25.3  40608.1  42920.1
     -11.5      55.5       2.4      69.5
       -.2      30.0       -.4      18.7
       -.6      27.7       -.9       8.2
       -.9      29.7      -1.1       7.0
 42825   .000000  -.953342  -.301892
  81109.0  12544.0      -.2     43.3     54.7     28.9
      -.2     86.6     58.3     25.3  43884.2  45284.9
      -9.9      56.8       3.8      71.3
       -.7      27.7       -.4      18.5
       -.3      25.1       -.8       7.9
       -.7      26.4      -1.0       6.7
 42826   .000000  -.956767  -.290857
  84155.2  12491.5      -.2     43.3     54.7     28.9
      -.2     86.6     58.4     25.1  44888.5  47344.2
     -11.4      55.1        .7      71.4
       -.6      27.3       -.5      19.0
       -.7      23.7       -.8       8.2
       -.7      23.8      -1.0       6.7
 42827   .000000  -.959834  -.280567
  87302.7  12523.0      -.2     43.3     54.7     28.9
      -.2     86.6     58.6     24.9  46492.7  48911.7
     -11.4      54.5       1.0      74.7
       -.8      29.4       -.4      18.8
       -.6      26.6       -.7       8.3
       -.8      25.8       -.9       6.5
 42828   .000000  -.962593  -.270952
  90706.6  12574.2      -.2     43.3     54.7     28.9
      -.2     86.6     58.4     24.9  48688.6  51012.3
     -10.6      52.4       1.9      77.1
      -1.1      29.7       -.2      19.6
       -.6      27.6       -.6       8.0
      -1.0      28.3      -1.0       6.5
 42829   .000000  -.965081  -.261951
  93603.0  12492.5      -.2     43.3     54.7     28.9
      -.2     86.6     58.7     24.7  50458.3  52322.1
     -10.7      56.5       4.8      77.9
      -1.1      28.3       -.2      20.5
       -.6      25.1       -.7       8.2
       -.7      26.8      -1.0       6.7
 42830   .000000  -.967333  -.253508
  96586.5  12611.1      -.2     43.3     54.7     28.9
      -.2     86.6     58.5     24.6  52712.9  54956.9
     -11.1      52.1       5.1      75.5
      -1.3      27.5       -.4      22.8
       -.5      24.4       -.6       8.6
      -1.3      23.9       -.9       6.3
 42831   .000000  -.969377  -.245576
 100050.4  12482.8      -.2     43.3     54.7     28.9
      -.2     86.6     58.9     24.6  54327.7  56606.8
      -9.5      52.2       5.2      76.5
       -.2      29.6        .0      22.3
       -.8      27.1       -.6       8.5
      -1.3      26.8       -.8       6.4
 42832   .000000  -.971238  -.238110
 102711.4  12414.7      -.2     43.3     54.7     28.9
      -.2     86.6     58.7     24.5  57057.0  58550.4
     -11.2      54.4       5.4      79.4
      -1.3      31.2       -.2      21.2
       -.1      28.6       -.6       8.5
      -1.4      30.1       -.8       6.5
 42833   .000000  -.972937  -.231072
 106179.8  12495.2      -.2     43.3     54.7     28.9
      -.2     86.6     58.7     24.4  58201.4  60515.6
      -9.4      53.5       4.8      80.7
      -1.6      29.2        .0      24.5
       -.7      26.0       -.5       8.4
       -.4      26.8       -.8       6.4
 42834   .000000  -.974491  -.224428
 108952.0  12375.5      -.2     43.3     54.7     28.9
      -.2     86.6     58.7     24.4  60409.4  62426.5
      -9.7      54.3      -1.8      84.6
      -1.2      28.7       -.3      24.1
      -1.0      24.2       -.5       9.1
      -1.0      24.3       -.8       6.6
 42835   .000000  -.975916  -.218146
 112348.9  12450.2      -.2     43.3     54.7     28.9
      -.2     86.6     59.0     24.2  62627.1  64918.0
      -9.0      51.8       4.6      83.0
      -1.0      30.2        .0      25.8
      -1.0      26.5       -.6       8.5
      -1.0      25.9       -.6       6.5
 42836   .000000  -.977227  -.212198
 114966.5  12487.8      -.2     43.3     54.7     28.9
      -.2     86.6     58.8     24.1  63423.0  66965.6
      -8.0      53.3       6.9      81.9
      -1.3      30.4        .2      23.6
       -.3      27.9       -.5       8.8
       -.7      28.2       -.8       6.3
 42837   .000000  -.978434  -.206558
 118379.6  12355.8      -.2     43.3     54.7     28.9
      -.2     86.6     59.0     24.1  65246.8  67942.3
      -8.4      50.8       4.9      91.0
      -1.7      29.5       -.3      24.7
       -.7      25.7       -.5       9.1
      -1.1      26.5       -.7       6.6
 42838   .000000  -.979549  -.201205
 121894.9  12427.2      -.2     43.3     54.7     28.9
      -.2     86.6     58.8     23.9  68487.9  70365.5
      -8.9      55.0       3.7      86.9
      -1.5      28.3       -.3      27.3
       -.8      24.1       -.4       8.6
      -1.1      23.9       -.6       6.5
 42839   .000000  -.980581  -.196116
 124826.2  12375.1      -.2     43.3     54.7     28.9
      -.2     86.6     59.0     24.0  68751.5  71478.2
     -10.8      53.3       6.6      90.7
       -.8      30.1        .1      27.7
       -.2      27.0       -.3      10.2
      -1.1      26.3       -.6       6.3
 42840   .000000  -.981537  -.191274
 128009.1  12475.5      -.2     43.3     54.7     28.9
      -.2     86.6     59.1     23.8  72010.7  74712.0
     -11.5      53.9       1.7      83.4
      -1.2      31.5        .0      26.1
      -1.2      29.1       -.4      10.0
      -1.1      29.8       -.6       6.7
 42841   .000000  -.982424  -.186661
 131097.1  12492.1      -.2     43.3     54.7     28.9
      -.2     86.6     59.1     23.9  74693.9  76175.5
      -8.9      50.5       4.2      88.0
      -1.3      29.0        .0      28.2
       -.7      25.9       -.5       9.7
       -.4      26.9       -.6       6.4
 42842   .000000  -.983250  -.182261
 134443.6  12485.6      -.2     43.3     54.7     28.9
      -.2     86.6     59.3     23.8  75747.0  78483.0
      -9.1      50.0       4.1      94.3
       -.8      28.4       -.1      29.2
       -.5      24.7       -.4      10.7
       -.7      24.0       -.5       7.1
 42843   .000000  -.984020  -.178061
 137436.5  12485.1      -.2     43.3     54.7     28.9
      -.2     86.6     59.0     23.6  79400.3  81009.6
     -10.4      50.8       5.1      90.1
      -1.3      30.2       -.7      29.3
       -.8      26.1       -.3       9.0
      -1.2      26.0       -.7       7.1
 42844   .000000  -.984737  -.174047
 140668.6  12446.3      -.2     43.3     54.7     28.9
      -.2     86.6     59.2     23.7  78734.9  81728.7
     -10.0      54.9       3.2      90.3
      -1.6      31.0        .7      30.1
       -.6      27.8       -.1      10.7
      -1.0      28.4       -.6       6.6
 42845   .000000  -.985408  -.170207
 144014.2  12424.5      -.2     43.3     54.7     28.9
      -.2     86.6     59.3     23.6  81091.4  84720.2
     -12.2      56.4       5.5      92.9
      -1.4      29.5        .9      30.6
       -.6      26.2       -.2      10.7
      -1.4      26.7       -.5       6.5
 42846   .000000  -.986036  -.166531
 146851.4  12523.2      -.2     43.3     54.7     28.9
      -.2     86.6     59.3     23.5  84384.7  87138.8
      -8.8      51.6       5.6      95.4
      -1.1      28.1        .5      29.8
       -.6      24.7       -.4      10.9
       -.7      24.2       -.5       7.2
 42847   .000000  -.986625  -.163008
 150409.1  12505.2      -.2     43.3     54.7     28.9
      -.2     86.6     59.4     23.6  84392.6  87281.8
     -11.5      55.5       4.7      97.7
      -1.5      30.4        .0      31.8
       -.8      27.3       -.3      10.4
       -.8      26.5       -.5       7.0
 42848   .000000  -.987696  -.156385
 156478.0  12505.3      -.2     43.3     54.7     28.9
      -.2     86.6     59.5     23.2  90564.7  93909.6
      -9.3      52.2       9.5      95.7
      -1.1      29.1        .2      32.0
       -.6      26.2       -.3      10.9
       -.9      27.0       -.5       7.0
 42849   .000000  -.988644  -.150274
 162892.1  12512.4      -.2     43.3     54.7     28.9
      -.2     86.6     59.3     23.4  94848.8  98069.4
      -9.8      50.0       1.1      95.0
      -1.4      30.6        .4      34.2
       -.7      27.0       -.3      12.1
      -1.3      25.8       -.6       7.2
 42850   .000000  -.989488  -.144617
 169599.6  12585.1      -.2     43.3     54.7     28.9
      -.2     86.6     59.5     23.3  97855.0 102083.0
     -10.3      54.2       6.0     101.1
      -1.7      29.8        .7      34.1
       -.2      26.5       -.3      12.4
       -.9      26.3       -.3       8.5
 42851   .000000  -.990241  -.139367
 175810.0  12557.7      -.2     43.3     54.7     28.9
      -.2     86.6     59.5     23.2 101597.7 104775.8
     -13.0      54.3      -4.5     101.6
      -1.7      31.1       1.0      35.5
       -.9      27.0        .0      12.1
       -.4      26.7       -.3       7.6
 42852   .000000  -.990916  -.134481
 182126.3  12530.2      -.2     43.3     54.7     28.9
      -.2     86.6     59.6     23.2 103865.5 108474.1
     -11.2      50.5       1.3     100.6
      -1.7      30.5        .5      35.1
       -.8      26.6        .0      11.3
      -1.1      27.4       -.3       7.6
 42853   .000000  -.991524  -.129924
 188375.8  12641.6      -.2     43.3     54.7     28.9
      -.2     86.6     59.8     23.1 110712.3 115411.9
      -6.8      50.9      10.1     101.4
      -1.6      30.7        .2      36.7
       -.3      26.4        .0      12.3
       -.7      26.4       -.1       6.9
 42854   .000000  -.992073  -.125663
 195148.4  12661.1      -.2     43.3     54.7     28.9
      -.2     86.6     59.7     23.0 112736.3 116848.0
      -7.6      53.1      12.2     107.3
      -1.3      30.1        .0      39.1
       -.8      26.3       -.1      14.7
       -.7      27.1       -.3       8.0
 42855   .000000  -.992571  -.121670
 201142.2  12568.5      -.2     43.3     54.7     28.9
      -.2     86.6     59.7     22.9 116367.3 121048.9
      -8.2      52.1      -9.0     101.4
      -1.7      31.5        .7      38.3
       -.7      27.3       -.1      13.3
      -1.2      26.8       -.3       9.4
 42856   .000000  -.993023  -.117921
 207723.8  12666.8      -.2     43.3     54.7     28.9
      -.2     86.6     59.7     22.9 121023.6 126394.9
     -10.8      49.8       8.2     104.6
      -1.6      30.1        .2      39.4
       -.8      26.7        .0      14.9
      -1.4      26.9       -.2       8.2
 42857   .000000  -.993435  -.114396
 213827.4  12664.6      -.2     43.3     54.7     28.9
      -.2     86.6     60.0     22.8 127826.4 131241.9
      -6.1      44.7        .9     109.6
      -1.7      30.0        .9      38.8
       -.6      27.0        .1      14.9
       -.8      26.7       -.2       9.7
 42858   .000000  -.993812  -.111073
 220386.7  12549.1      -.2     43.3     54.7     28.9
      -.2     86.6     59.9     22.7 129296.2 133845.4
      -8.6      45.0       3.6     107.1
      -1.5      29.0        .6      40.3
       -.7      26.7        .0      15.1
       -.6      26.6        .0      10.0
 42859   .000000  -.994158  -.107937
 227371.2  12642.5      -.2     43.3     54.7     28.9
      -.2     86.6     59.8     22.7 130586.8 136726.6
      -6.9      45.7      -3.1     109.5
      -1.3      30.4       1.1      42.1
       -.8      27.3        .2      16.8
      -1.0      26.2       -.1       9.4
 42860   .000000  -.994475  -.104972
 233425.8  12673.1      -.2     43.3     54.7     28.9
      -.2     86.6     59.9     22.5 138898.7 142356.9
      -7.4      41.6       -.6     103.0
      -1.9      29.5        .5      42.5
       -.8      26.5       -.1      16.3
      -1.3      27.0       -.3       8.7
 42861   .903278   .000000  -.429057
  57623.6  11150.3       .1     41.0     54.7     28.9
       .2     83.6     54.7     57.7  29965.0  31076.0
       1.2      81.7       9.9      48.1
        .6      28.7       1.6      24.3
        .2       8.1       1.5      18.0
        .2       3.5       1.6      17.6
 42862   .887877   .000000  -.460082
  53677.1  11576.3       .0     40.9     54.7     28.9
       .1     83.7     54.7     57.7  27893.7  28736.1
       2.0      81.3      10.9      50.4
       -.1      25.4       1.8      24.4
       -.1       8.1       1.5      18.3
        .8       5.7       1.3      17.4
 42863   .868777   .000000  -.495203
  49777.8  12204.5       .1     41.2     54.7     28.9
       .1     83.8     54.7     57.7  25306.2  26319.5
       1.0      81.1      11.0      51.2
       1.0      23.7        .7      23.0
       -.1       4.0       1.1      16.7
        .3       2.3       1.0      15.9
 42864   .844819   .000000  -.535052
  45999.6  12966.0       .1     41.1     54.7     28.9
       .1     83.8     54.7     57.7  22570.7  23360.1
      -1.4      79.8      10.1      52.6
        .1      24.6       1.2      23.2
        .4       3.8       1.1      16.8
        .5       2.6        .4      16.0
 42865   .814421   .000000  -.580275
  42313.5  14111.3       .2     41.1     54.7     28.9
       .3     83.8     65.3     10.7  20876.4  21903.3
        .7      78.6       9.7      50.1
        .7      19.8        .7      22.6
        .5       3.7        .4      15.4
        .2       3.0        .7      14.0
 42866   .775436   .000000  -.631426
  39144.7  15843.2       .0     41.1     54.7     28.9
      -.1     83.8     56.7      9.0  18273.4  18921.2
       2.0      79.7       8.3      50.3
       1.3      18.8        .3      20.5
        .4       3.7       -.2      14.2
        .5       3.2       -.1      13.6
 42867   .724999   .000000  -.688749
  36035.1  18560.9      -.2     41.2     54.7     28.9
      -.2     84.1     56.7     19.0  16516.7  17348.2
      -2.7      79.4       9.0      49.3
       1.9      16.7       -.3      20.1
        .4       5.5       -.7      13.4
        .2       2.2       -.6      11.5
 42868   .659438   .000000  -.751759
  33579.4  22624.2       .1     41.1     56.2      4.8
       .2     83.9     56.4     30.5  15432.6  15909.1
      -1.5      77.8       8.5      50.0
       1.0      14.4       -.6      15.0
        .2       2.4       -.6      10.0
        .2       2.4       -.4       8.4
 42869   .574426   .000000  -.818557
  30907.3  25618.9       .4     41.0     56.3     13.0
       .4     83.9     56.4     41.4  13720.5  14399.4
      -2.9      76.4      11.5      52.7
        .1      15.0       -.3      10.6
        .3       3.3       -.7       6.8
        .1       1.7       -.7       5.6
 42870   .465746   .000000  -.884918
  28906.1  24081.5      -.2     41.1     55.2     23.1
      -.2     84.0     55.1     51.7  12523.7  13336.2
      -2.2      71.2      11.0      61.2
        .3      11.0       -.2       9.2
        .4       2.3       -.8       3.7
        .2       1.6       -.7       3.0
 42871   .331088   .000000  -.943600
  26907.3  22524.9       .1     41.3     55.6     23.0
       .2     84.2     55.5     51.8  11148.1  11889.7
        .5      72.9       5.2      66.1
       1.6       8.4        .8       8.5
        .2       1.9        .3       4.8
        .2       1.7       -.3       4.2
 42872   .254493   .000000  -.967075
  26137.0  21886.8       .3     41.7     55.3     18.4
       .3     84.4     55.3     46.9  10921.3  11515.2
        .7      69.4       5.5      54.3
        .2      12.0       -.4       8.4
        .3       2.1       -.7       6.2
        .3       1.4      -1.5       5.7
 42873   .172799   .000000  -.984957
  25577.2  21430.2       .1     41.4     54.9     13.4
       .1     84.3     55.0     42.1  10676.0  11312.2
        .1      72.2        .5      42.4
       1.1      11.5       -.7       9.6
        .4       1.9      -1.4       7.8
        .2       1.4      -2.0       7.3
 42874   .087384   .000000  -.996175
  25237.6  19356.0       .3     41.8     54.7      9.1
       .3     84.5     55.1     37.0  10220.0  11016.0
      -3.0      69.7       -.6      42.2
        .5      11.3      -1.1      11.8
        .1       3.0      -1.6       9.8
        .2       1.4      -2.0       9.2
 42875   .000000   .000000 -1.000000
  24880.4  16259.0      -.6     41.7     54.0      6.7
      -.6     84.5     55.1     32.3   9592.3  10257.2
       -.8      67.1      -1.1      37.8
        .3       6.4      -1.4      13.8
        .3       1.9      -1.6      11.7
        .2       1.4      -2.7      11.6
 42876  -.087384   .000000  -.996175
  25129.3  14749.3       .1     41.7     51.1      6.6
       .1     84.5     55.1     27.6  10003.1  10588.1
      -2.1      71.9      -2.8      39.0
        .5       9.1      -1.9      16.1
        .1       3.1      -2.1      12.8
        .2       1.3      -3.0      14.0
 42877  -.172799   .000000  -.984957
  25394.8  12774.0       .2     41.8     52.4     10.7
       .1     84.6     54.8     22.8  11243.0  11763.6
      -4.6      76.3      -2.7      41.4
       -.4      10.9      -2.4      18.5
        .3       2.3      -2.5      13.7
        .2       1.4      -3.7      14.6
 42878  -.254493   .000000  -.967075
  25776.7  11588.2      -.2     42.0     54.7     28.9
      -.2     84.8     54.9     18.5  11276.1  11826.3
      -1.0      73.1      -5.2      43.3
        .3       8.5      -2.5      19.9
        .1       2.1      -2.0      15.2
        .3       1.4      -3.8      15.8
 42879  -.331088   .000000  -.943600
  26577.7  10655.1      -.4     41.8     54.7     28.9
      -.3     84.7     54.8     14.5  11716.8  12271.9
        .2      67.8      -4.0      44.7
        .6       8.7      -1.6      22.1
        .2       1.9      -2.0      16.9
        .1       1.4      -3.7      17.0
 42880  -.465746   .000000  -.884918
  28705.0   9381.3      -.3     41.9     54.7     28.9
      -.3     84.9     53.1     11.3  11716.2  12629.8
        .2      77.8      -5.5      45.0
       -.6      15.6      -1.3      22.5
       -.2       4.1      -1.9      19.1
        .2       1.2      -3.0      20.2
 42881  -.574426   .000000  -.818557
  31503.1   8688.4      -.1     42.0     54.7     28.9
      -.1     84.9     49.2     13.5  14338.1  15253.4
        .3      77.8      -5.6      49.8
      -1.1      18.2      -1.0      24.5
        .0       5.0      -1.6      19.8
        .1       2.4      -3.1      20.1
 42882  -.659438   .000000  -.751759
  34481.0   8192.2       .1     42.0     44.9    130.3
       .2     84.8     54.7     57.7  15398.4  16382.3
      -1.3      73.6      -4.9      47.1
       1.2      16.2       -.9      25.1
        .2       3.4       -.8      21.5
        .1       1.3      -2.5      22.3
 42883  -.724999   .000000  -.688749
  37829.2   7933.6       .4     42.0     71.4    149.3
       .4     84.8     54.7     57.7  15209.6  18104.9
       4.2      82.0      -6.9      49.5
       -.8      19.2       -.4      25.4
        .4       2.9       -.3      20.6
        .3       1.2      -1.9      23.1
 42884  -.775436   .000000  -.631426
  41454.1   7751.5       .0     41.9     46.1    170.9
      -.1     84.7     54.7     57.7  14304.2  19289.1
       2.4      79.8      -6.5      47.6
       1.9      22.6        .5      26.9
        .9       6.3        .0      22.9
        .1       2.2      -2.0      24.4
 42885  -.814421   .000000  -.580275
  45357.8   7589.8       .1     41.8     48.7    191.4
       .1     84.6     54.7     57.7  18042.5  21713.5
      -3.8      79.1      -5.0      46.4
      -1.4      23.4        .5      27.0
       -.1       4.6        .1      21.9
        .1       1.3      -1.4      25.3
 42886  -.844819   .000000  -.535052
  49123.6   7549.7       .3     41.8    103.4    185.6
       .3     84.6     54.7     57.7  14765.4  21023.2
      -2.4      80.5      -5.7      48.2
       -.2      29.1        .6      27.1
       -.2       5.5        .4      22.9
        .1       3.5      -1.6      26.6
 42887  -.868777   .000000  -.495203
  53268.7   7444.7       .2     41.4     82.8    235.4
       .2     84.3     54.7     57.7  18776.7  23800.3
      -1.0      82.7      -5.4      46.3
       1.3      31.4        .5      27.1
        .2       6.4        .8      22.7
        .2       1.6       -.9      27.7
 42888  -.887877   .000000  -.460082
  57213.2   7524.2      -.1     41.9    -43.1    229.1
      -.1     84.4     54.7     57.7  17157.7  22516.5
       4.4      82.5      -6.7      46.4
       1.0      30.4        .7      27.3
       -.1       7.3        .9      23.5
        .0       3.2      -1.0      30.2
 42889  -.903278   .000000  -.429057
  61530.1   7420.2      -.2     41.7    126.5    277.2
      -.2     84.3     54.7     57.7  16618.3  23018.7
       3.1      84.0      -3.4      44.3
       1.7      32.8       1.0      27.6
        .2       8.3        .9      23.1
        .4       2.0       -.9      31.0
 42890   .840060  -.367526  -.399028
  61861.4  11973.2      -.2     43.3     54.7     28.9
       .2     21.9     54.7     57.7  32545.9  33447.9
      -4.9      60.7       8.9      50.4
       -.3      24.7       1.4      24.7
       -.3      16.3       1.2      18.8
       -.5      14.4        .9      18.5
 42891   .817505  -.390173  -.423616
  58120.3  12687.0      -.2     43.3     54.7     28.9
       .3     22.6     54.7     57.7  28802.6  30381.1
      -6.0      60.2       7.0      48.4
       -.4      25.1       1.6      24.5
       -.3      16.4        .9      18.9
       -.6      14.8        .5      18.7
 42892   .790440  -.414981  -.450551
  54504.4  13435.2      -.2     43.3     54.7     28.9
       .3     22.9     54.7     57.7  26917.9  28110.2
      -9.3      59.1      10.1      52.1
       -.7      25.5       1.2      23.4
       -.5      16.8        .6      17.3
       -.9      15.4        .4      16.9
 42893   .757796  -.442047  -.479937
  51534.7  14525.6      -.2     43.3     54.7     28.9
       .2     23.9     54.7     57.7  24270.0  25719.6
      -8.2      62.0       8.7      51.1
       -.9      26.0        .8      22.8
       -.3      17.4        .1      17.1
       -.6      15.9       -.3      16.9
 42894   .718269  -.471364  -.511767
  48260.6  16100.5      -.2     43.3     54.7     28.9
       .6     24.4     48.2     20.5  23263.6  24020.3
      -6.3      62.3      10.6      52.7
      -1.0      26.7        .2      22.2
      -1.0      17.7        .1      15.6
       -.7      16.7       -.7      15.1
 42895   .670317  -.502738  -.545830
  45090.9  17815.6      -.2     43.3     54.7     28.9
       .2     25.6     55.6      8.9  21241.8  22203.6
      -7.8      58.0       9.1      53.4
      -1.5      26.4        .3      19.7
       -.8      18.3       -.3      13.9
       -.8      16.8      -1.0      14.0
 42896   .612205  -.535679  -.581595
  42570.9  19617.5      -.2     43.3     54.7     28.9
       .2     26.1     56.4     17.7  19316.5  20656.8
      -7.7      60.0       8.3      54.5
       -.6      27.6       -.9      19.2
       -.7      18.5      -1.2      13.0
      -1.3      17.2      -1.2      12.1
 42897   .542159  -.569267  -.618061
  40091.2  20000.9      -.2     43.3     55.3      6.8
       .0     26.7     56.2     29.3  18680.7  19446.4
      -8.9      62.2       8.5      53.1
      -1.6      27.7       -.7      15.1
      -1.2      19.6       -.9      10.2
      -1.4      18.1       -.8       9.0
 42898   .458673  -.602008  -.653609
  37873.2  18964.1      -.2     43.3     56.0     12.6
      -.2     27.5     56.2     40.8  17416.6  18009.8
      -7.2      59.1       7.7      55.4
      -1.3      28.4       -.8      11.5
      -1.4      19.5       -.9       7.0
      -1.3      18.0      -1.1       6.4
 42899   .361020  -.631785  -.685938
  35914.9  18140.6      -.2     43.3     55.3     22.7
      -.4     27.8     55.3     51.3  16631.5  17354.7
      -9.5      60.5       8.0      71.7
      -1.6      29.1      -1.0      11.5
      -1.3      19.9       -.9       4.6
      -1.6      18.0      -1.0       4.1
 42900   .249898  -.655981  -.712208
  34654.0  17411.3      -.2     43.3     56.0     22.7
      -.8     28.3     56.2     51.3  15709.7  16444.5
      -7.6      59.5       7.9      71.2
      -1.7      29.3        .9      13.5
      -1.2      19.7        .6       5.0
      -1.8      18.2        .1       4.5
 42901   .190037  -.665130  -.722141
  34041.6  17101.5      -.2     43.3     55.9     17.6
      -.9     28.8     56.0     46.2  15150.8  15927.5
      -7.2      57.2       2.0      58.0
      -1.2      29.0       -.2       9.8
      -1.2      19.9       -.6       5.9
      -1.7      18.7      -1.0       5.5
 42902   .127982  -.671905  -.729496
  33815.5  17078.0      -.2     43.3     55.9     12.6
      -.2     29.2     56.1     40.7  14937.5  15525.8
      -7.5      58.7       2.7      52.1
      -1.5      29.2       -.9      10.2
      -1.1      20.0      -1.1       7.4
      -1.6      19.1      -1.5       6.8
 42903   .064388  -.676070  -.734019
  33607.5  16652.3      -.2     43.3     55.3      8.4
      -.6     29.4     55.9     35.4  15183.1  15695.9
      -5.6      61.2       -.1      45.5
      -1.8      29.1      -1.2      11.4
      -1.0      20.7      -1.3       8.8
      -1.6      19.5      -1.7       8.5
 42904   .000000  -.677476  -.735545
  33480.6  16469.6      2.3     11.3     54.0      7.5
      -.3     30.0     56.0     30.1  13989.2  15228.6
      -8.0      62.3      -1.0      43.6
      -1.7      28.9      -1.7      13.1
      -1.1      20.7      -1.6      10.5
      -1.7      20.1      -2.3      10.6
 42905  -.064388  -.676070  -.734019
  33578.4  16035.5       .3     19.6     49.0     10.3
      -.5     30.1     55.8     24.8  14497.6  15301.8
      -7.8      60.8      -1.7      42.6
      -1.4      28.8      -2.1      15.5
      -1.2      20.6      -2.1      11.4
      -1.5      20.7      -2.8      11.9
 42906  -.127982  -.671905  -.729496
  33708.1  15447.5    -13.5     20.6     54.7     28.9
      -.2     30.0     56.4     20.0  14162.8  14927.1
      -7.3      60.3      -2.3      42.4
       -.7      28.2      -1.8      17.3
       -.5      20.5      -1.9      13.1
      -1.2      20.7      -3.1      14.3
 42907  -.190037  -.665130  -.722141
  34289.5  15043.3      3.0     23.9     54.7     28.9
      -.1     30.3     56.0     15.5  14771.8  15511.3
      -6.9      59.5      -1.3      44.7
       -.8      28.4      -1.7      19.0
       -.6      20.5      -1.9      15.1
      -1.1      20.2      -2.9      16.2
 42908  -.249898  -.655981  -.712208
  34774.4  13750.7      -.1     19.6     54.7     28.9
      -.2     30.1     55.9     12.1  15123.5  15875.2
      -8.2      60.4      -4.3      41.7
       -.8      28.5      -1.4      20.2
       -.9      20.6      -2.0      16.3
       -.7      20.3      -3.0      17.9
 42909  -.361020  -.631785  -.685938
  36065.4  12072.7     -4.3     15.9     54.7     28.9
       .3     29.8     53.8     15.8  15952.9  16851.1
      -5.0      61.2      -3.4      45.8
        .2      28.0      -1.0      21.6
       -.4      20.1      -1.6      17.8
       -.3      20.6      -2.0      19.7
 42910  -.458673  -.602008  -.653609
  37911.5  10898.9      -.2     43.3     54.7     28.9
      -.1     29.4     54.7     57.7  17517.5  18183.9
      -3.5      60.0      -3.3      45.3
       -.8      26.7      -1.0      23.5
        .4      19.4       -.8      19.8
        .0      19.6      -2.2      21.2
 42911  -.542159  -.569267  -.618061
  40481.2  10047.8     -8.4     46.5     54.7     28.9
       .5     28.5     54.7     57.7  18211.9  19411.5
      -4.1      60.7      -5.1      46.3
       -.1      27.1       -.3      24.7
        .4      19.0       -.2      21.0
        .1      19.2      -1.5      23.0
 42912  -.612205  -.535679  -.581595
  43171.7   9342.2    -13.6     70.5     54.7     28.9
       .0     27.6     54.7     57.7  19281.6  20748.6
      -7.4      60.3      -5.5      47.3
       -.1      25.5        .4      25.5
        .5      18.1        .2      22.0
        .5      18.5      -1.1      24.1
 42913  -.670317  -.502738  -.545830
  46419.6   8902.9    -16.8     78.4     69.7    177.9
       .4     26.6     54.7     57.7  17366.7  21020.9
      -4.9      62.4      -4.0      47.2
        .4      25.8        .7      26.5
        .6      18.0        .9      23.1
        .7      17.4       -.5      26.2
 42914  -.718269  -.471364  -.511767
  49680.0   8578.7    -14.2     73.3     -9.5    209.9
       .2     25.6     54.7     57.7  15722.1  20152.6
      -4.9      61.1      -4.7      47.3
        .0      24.7        .4      27.1
        .2      17.0        .2      23.4
        .7      16.3        .0      29.2
 42915  -.757796  -.442047  -.479937
  53151.1   8468.0    -21.2     86.3     -3.5    223.6
       .1     24.7     54.7     57.7  14286.0  18751.9
      -6.5      61.0      -4.6      48.0
        .8      24.8       1.2      27.5
       1.0      17.0        .9      24.3
        .6      15.7       -.5      31.8
 42916  -.790440  -.414981  -.450551
  56707.4   8195.7    -18.0     89.9   -155.2    191.3
       .2     23.9     54.7     57.7  14815.4  18743.9
      -3.9      60.0      -3.2      44.8
        .7      24.5        .9      28.1
        .8      15.9       1.2      24.1
        .7      15.8        .4      35.2
 42917  -.817505  -.390173  -.423616
  60525.0   8220.5    -22.2     91.0    -90.9    249.1
       .3     23.2     54.7     57.7  13656.2  17885.0
      -6.9      64.6      -4.2      44.4
        .3      23.6       1.1      29.6
        .6      15.6       1.5      25.0
        .6      15.0       -.3      39.1
 42918  -.840060  -.367526  -.399028
  64206.3   8047.9    -14.4     91.9    -76.1    272.9
       .2     22.4     54.7     57.7  14034.0  18188.8
      -4.9      60.4      -3.7      45.3
        .7      23.6       1.4      28.8
        .5      15.4        .9      25.1
        .6      14.3        .3      40.7
 42919   .708659  -.620076  -.336613
  73341.6  14047.4      -.2     43.3     54.7     28.9
      -.2     86.6     54.7     57.7  37796.5  39650.3
      -6.6      56.3       7.0      53.8
        .1      25.4       1.1      24.2
        .0      21.5        .7      18.2
        .4      22.3        .3      17.8
 42920   .677337  -.646549  -.350984
  70279.4  14794.9      -.2     43.3     54.7     28.9
      -.2     86.6     54.7     57.7  35571.2  37239.0
     -10.2      57.7      11.0      52.1
        .0      25.0        .9      23.3
       -.2      21.7        .9      18.0
        .6      22.6       -.1      18.1
 42921   .641844  -.673936  -.365851
  67778.8  15422.9      -.2     43.3     54.7     28.9
      -.2     86.6     54.7     57.7  34089.6  35417.7
      -8.3      56.8       8.5      56.7
        .6      25.4        .5      23.6
        .3      22.2        .1      17.0
       -.2      23.4        .1      16.3
 42922   .601687  -.701968  -.381068
  64736.2  15758.3      -.2     43.3     54.7     28.9
      -.2     86.6     54.7     57.7  31512.0  32956.0
     -12.0      59.8      12.3      56.3
       -.4      25.2        .9      21.5
        .2      22.9       -.1      15.6
        .3      23.7       -.4      15.1
 42923   .556388  -.730259  -.396426
  62043.2  15662.2      -.2     43.3     54.7     28.9
      -.2     86.6     54.7     57.7  31543.0  32887.0
      -7.0      52.6       6.6      55.4
        .0      25.6       -.1      20.9
       -.1      23.3       -.5      14.6
       -.2      24.7       -.7      14.1
 42924   .505524  -.758286  -.411641
  59813.0  15517.4      -.2     43.3     54.7     28.9
      -.2     86.6     55.1      7.3  30172.9  31515.4
     -11.5      55.8       9.0      54.9
       -.1      26.6       -.2      19.4
       -.4      24.1       -.3      12.9
       -.3      24.8       -.8      12.0
 42925   .448787  -.785377  -.426348
  57776.1  14878.3      -.2     43.3     54.7     28.9
      -.2     86.6     56.7     15.1  28614.6  29703.0
     -10.0      57.0      10.6      59.8
       -.2      26.9       -.7      18.9
       -.4      24.3      -1.1      11.7
       -.6      25.3      -1.3      10.5
 42926   .386057  -.810720  -.440105
  55745.2  14523.8      -.2     43.3     54.5      4.4
      -.2     86.6     56.9     26.9  27098.9  28237.3
      -7.4      52.8       8.5      59.1
       -.4      26.9       -.9      16.0
       -.1      25.1      -1.5       9.8
       -.9      25.5      -1.0       8.7
 42927   .317480  -.833386  -.452409
  54098.3  14040.3      -.2     43.3     56.5     10.9
      -.2     86.6     56.6     39.0  26241.5  27476.7
      -7.9      52.8       6.3      66.7
       -.6      27.5       -.8      14.4
       -.5      25.2      -1.1       7.1
      -1.4      25.4      -1.1       6.4
 42928   .243541  -.852392  -.462727
  52677.4  13751.5      -.2     43.3     55.2     21.9
      -.2     86.6     55.4     50.4  25876.8  26980.2
      -8.9      55.5       6.6      81.3
       -.4      27.5       -.5      20.9
      -1.0      25.1      -1.0       5.2
       -.9      25.4      -1.5       4.6
 42929   .165103  -.866792  -.470544
  52134.0  13541.7      -.2     43.3     56.9     21.8
      -.2     86.6     57.0     50.4  25518.6  26520.8
      -9.0      54.9       5.6      81.5
       -.9      28.1       1.6      23.4
       -.8      25.2       1.1       6.6
      -1.5      25.3        .7       5.0
 42930   .124573  -.872008  -.473376
  51561.2  13364.3      -.2     43.3     57.2     16.5
      -.2     86.6     57.3     45.1  25010.5  26002.7
     -10.5      54.6       3.8      68.5
       -.8      27.9        .2      16.8
       -.5      25.4        .2       6.1
      -1.8      25.4       -.5       5.6
 42931   .083409  -.875791  -.475429
  51548.1  13397.4      -.2     43.3     57.1     10.8
      -.2     86.6     57.3     39.2  25009.0  26290.4
      -9.3      54.2       4.5      61.4
      -1.0      28.4       -.4      14.2
      -1.1      25.7       -.6       7.3
      -1.1      25.6       -.9       6.1
 42932   .041814  -.878085  -.476675
  51429.5  13451.0      -.2     43.3     56.8      5.8
      -.2     86.6     57.3     33.4  25513.2  26336.7
      -9.6      54.5       3.9      56.9
       -.7      27.7       -.8      13.0
      -1.0      25.9       -.7       8.1
      -1.1      26.0      -1.1       7.2
 42933   .000000  -.878853  -.477092
  51354.6  13341.1      -.2     43.3     54.3      4.2
      -.2     86.6     57.5     27.3  25227.0  26165.0
      -8.8      52.1       1.5      51.4
       -.7      27.8      -1.3      14.1
       -.6      25.8      -1.1       8.9
       -.9      25.9      -1.5       8.2
 42934  -.041814  -.878085  -.476675
  51607.0  13313.7      -.2     43.3     54.7     28.9
      -.2     86.6     57.4     21.3  24472.4  25673.7
      -8.5      54.8       -.6      54.1
       -.2      28.2      -1.3      16.1
       -.6      25.8      -1.5       9.7
      -1.0      25.8      -2.0       9.1
 42935  -.083409  -.875791  -.475429
  51658.0  13383.2      -.2     43.3     54.7     28.9
      -.2     86.6     57.3     15.7  24246.6  25541.2
      -9.0      52.3      -1.2      48.5
       -.6      27.8      -1.2      15.8
       -.2      25.3      -1.2      10.8
       -.7      26.1      -2.0      10.4
 42936  -.124573  -.872008  -.473376
  52049.4  13415.0      -.2     43.3     54.7     28.9
      -.2     86.6     57.3     10.6  24753.4  26000.4
      -7.9      54.4        .4      46.8
       -.4      27.7      -1.3      16.7
       -.9      25.6      -1.2      12.2
       -.6      26.1      -1.6      11.5
 42937  -.165103  -.866792  -.470544
  52478.9  13410.1      -.2     43.3     54.7     28.9
      -.2     86.6     56.8      7.6  25378.7  26819.7
      -8.9      54.5       -.5      51.0
       -.5      28.0       -.9      17.0
        .2      25.6       -.5      12.8
       -.4      25.6      -1.3      12.4
 42938  -.243541  -.852392  -.462727
  53417.1  13536.7      -.2     43.3     54.7     28.9
      -.2     86.6     56.4      7.2  25783.3  26940.2
      -7.9      54.3       -.5      49.8
       -.1      27.9       -.5      19.2
        .2      25.8       -.6      14.5
       -.5      26.5      -1.3      14.2
 42939  -.317480  -.833386  -.452409
  54797.5  13144.1      -.2     43.3     54.7     28.9
      -.2     86.6     54.7     57.7  25441.9  26140.5
      -7.3      56.8      -1.0      48.7
        .2      26.9        .1      20.1
       -.2      24.9       -.4      16.3
       -.2      26.1      -1.6      16.9
 42940  -.386057  -.810720  -.440105
  56449.9  13138.5      -.2     43.3     54.7     28.9
      -.2     86.6     54.7     57.7  26731.5  27788.1
      -9.3      58.6      -3.4      49.4
        .6      26.9       -.1      20.7
        .1      25.1       -.2      17.2
        .2      26.5       -.2      18.2
 42941  -.448787  -.785377  -.426348
  58212.1  12521.8      -.2     43.3     54.7     28.9
      -.2     86.6     54.7     57.7  28060.1  29475.7
      -6.8      53.7      -3.8      47.4
        .2      27.3        .3      23.3
        .1      24.5        .2      19.7
        .5      24.7       -.3      20.5
 42942  -.505524  -.758286  -.411641
  60427.1  11642.5      -.2     43.3     54.7     28.9
      -.2     86.6     54.7     57.7  30588.6  31694.9
      -8.2      57.6      -1.8      47.2
        .5      27.1        .5      22.9
        .6      23.8        .7      19.2
        .3      24.6        .1      20.0
 42943  -.556388  -.730259  -.396426
  63051.6  11073.9      -.2     43.3     54.7     28.9
      -.2     86.6     54.7     57.7  31136.2  32673.8
      -7.0      54.6      -3.7      47.7
        .1      26.4        .7      25.0
        .2      23.1        .7      21.4
        .7      24.6        .5      21.7
 42944  -.601687  -.701968  -.381068
  65511.8  10492.5      -.2     43.3     54.7     28.9
      -.2     86.6     54.7     57.7  33177.0  35056.5
      -8.3      54.7      -3.3      45.2
        .3      26.3       1.1      24.8
        .6      23.5       1.3      21.4
        .4      24.0        .9      22.3
 42945  -.641844  -.673936  -.365851
  68537.3  10290.3      -.2     43.3     54.7     28.9
      -.2     86.6     54.7     57.7  34923.9  36766.2
      -7.4      56.7      -4.4      43.3
       1.1      25.3       1.5      26.0
        .7      22.3       1.3      22.5
        .4      23.3        .6      23.4
 42946  -.677337  -.646549  -.350984
  71656.4   9840.8      -.2     43.3     54.7     28.9
      -.2     86.6     54.7     57.7  35146.0  37464.8
      -8.0      57.9      -3.4      43.1
       1.0      25.3       2.3      25.6
        .4      21.9       1.3      23.5
        .6      23.8        .6      25.2
 42947  -.708659  -.620076  -.336613
  74605.7   9512.5    -25.1    215.2     54.7     28.9
      -.2     86.6     54.7     57.7  34978.1  38810.9
      -7.9      59.7      -3.2      42.7
        .7      25.3       1.8      27.0
        .8      21.7       1.9      23.4
       1.1      23.2       1.8      26.0
 42948   .482910  -.845093  -.229382
 107463.9  14203.5      -.2     43.3     54.7     28.9
      -.2     86.6     54.7     57.7  59643.9  62148.1
      -8.3      55.0       8.1      56.9
       -.2      27.7       1.2      23.5
        .2      23.6        .7      15.6
        .0      24.8        .4      14.7
 42949   .451149  -.861285  -.233777
 105521.7  13949.1      -.2     43.3     54.7     28.9
      -.2     86.6     54.7     57.7  58008.1  59838.4
     -10.1      53.0       8.8      56.7
       -.7      27.6       1.8      21.8
        .2      24.2        .7      13.5
       -.1      25.0        .7      12.7
 42950   .417577  -.876913  -.238019
 103407.9  13776.0      -.2     43.3     54.7     28.9
      -.2     86.6     54.7     57.7  56353.8  58686.6
      -8.3      52.1       9.6      56.9
       -.5      28.1       1.3      22.8
        .6      24.4        .3      13.7
       -.5      25.2        .3      12.6
 42951   .382204  -.891810  -.242063
 101469.9  13530.0      -.2     43.3     54.7     28.9
      -.2     86.6     54.7     57.7  55776.0  57983.0
      -9.5      54.4      10.3      61.2
       -.3      27.5        .8      21.4
       -.6      24.6        .6      12.4
        .0      25.6        .2      11.0
 42952   .345068  -.905804  -.245861
  99841.4  13277.0      -.2     43.3     54.7     28.9
      -.2     86.6     54.7     57.7  54295.0  56473.4
      -9.1      55.9       8.5      66.9
       -.4      27.9        .4      22.4
        .1      24.5       -.4      12.3
        .6      25.6       -.7      10.3
 42953   .306238  -.918714  -.249365
  98309.5  13178.6      -.2     43.3     54.7     28.9
      -.2     86.6     53.3      4.8  52888.4  55287.3
      -8.2      52.3      11.0      70.8
       -.7      27.9        .2      22.3
       -.2      24.8       -.5      10.7
       -.2      25.7       -.4       9.1
 42954   .265817  -.930361  -.252527
  97046.6  12930.1      -.2     43.3     54.7     28.9
      -.2     86.6     57.5     11.6  52521.9  54562.9
      -9.6      54.6       9.8      69.6
      -1.3      28.3        .0      22.1
       -.6      24.7       -.9       9.9
       -.2      25.9      -1.2       8.2
 42955   .223945  -.940570  -.255298
  95794.3  12813.9      -.2     43.3     54.7     28.9
      -.2     86.6     57.4     24.1  51389.7  53962.4
     -10.5      55.0       5.2      76.6
       -.8      28.5      -1.0      21.6
       -.3      25.0      -1.4       9.1
       -.3      26.3      -1.6       7.2
 42956   .180796  -.949177  -.257634
  95016.6  12678.2      -.2     43.3     57.0      8.8
      -.2     86.6     57.0     37.0  51076.2  53790.2
      -8.8      52.4       5.3      88.4
       -.9      28.3       -.3      25.9
      -1.1      24.9       -.9       7.9
       -.9      26.5      -1.2       6.4
 42957   .136577  -.956038  -.259496
  94035.8  12660.0      -.2     43.3     56.1     20.8
      -.2     86.6     56.1     49.3  50986.3  52838.1
      -9.1      54.0       4.4      97.7
      -1.0      28.6        .9      40.5
       -.9      25.0       -.9       9.6
       -.6      25.6      -2.0       6.8
 42958   .091527  -.961030  -.260851
  93710.8  12556.8      -.2     43.3     58.0     20.9
      -.2     86.6     58.0     49.4  51262.7  52855.8
      -9.9      53.9       9.0     103.6
       -.7      28.0       3.2      43.3
       -.5      25.2       1.8      13.0
       -.8      25.9       1.8       7.9
 42959   .068771  -.962796  -.261330
  93577.8  12464.9      -.2     43.3     58.9     15.4
      -.2     86.6     58.8     43.8  51662.5  53602.3
     -12.0      53.9       5.9      90.2
      -1.0      27.7       1.1      31.3
      -1.2      24.9        .8      10.5
       -.7      26.1        .5       6.0
 42960   .045908  -.964064  -.261674
  93680.0  12511.2      -.2     43.3     58.6      9.1
      -.2     86.6     58.8     37.4  50578.9  52844.2
     -10.2      54.4       5.4      90.4
      -1.2      28.2        .5      26.0
       -.5      24.7        .2       8.8
       -.9      26.4       -.2       6.0
 42961   .022972  -.964827  -.261882
  93460.2  12538.2      -.2     43.3     58.1      3.4
      -.2     86.6     58.6     31.1  51487.5  53799.4
     -10.4      55.1       4.6      83.8
       -.9      28.0        .0      22.0
       -.5      25.3       -.3       8.6
       -.8      26.0       -.5       6.8
 42962   .000000  -.965081  -.261951
  93574.2  12484.2      -.2     43.3     54.7     28.9
      -.2     86.6     58.5     24.7  51438.2  53307.1
      -9.8      52.5       2.5      76.9
      -1.0      28.2       -.5      20.5
       -.6      25.4       -.7       8.0
       -.8      26.5       -.9       6.7
 42963  -.022972  -.964827  -.261882
  93562.9  12418.7      -.2     43.3     54.7     28.9
      -.2     86.6     58.4     18.3  51029.2  52991.1
      -9.3      56.5       1.6      73.7
       -.6      28.7       -.7      20.8
      -1.0      25.3       -.6       8.2
       -.7      26.6       -.8       7.2
 42964  -.045908  -.964064  -.261674
  93634.2  12455.4      -.2     43.3     54.7     28.9
      -.2     86.6     58.6     12.1  50463.2  53092.5
      -9.0      53.0       -.9      69.3
       -.8      28.0       -.3      19.1
       -.4      25.8       -.5       9.3
       -.8      26.3       -.8       7.6
 42965  -.068771  -.962796  -.261330
  93824.5  12558.5      -.2     43.3     54.7     28.9
      -.2     86.6     58.3      6.1  51476.4  53307.6
      -9.5      55.2       -.2      64.1
       -.5      27.9        .1      18.5
       -.2      25.4       -.2       9.4
      -1.5      26.5       -.7       8.2
 42966  -.091527  -.961030  -.260851
  94203.2  12530.4      -.2     43.3     54.7     28.9
      -.2     86.6     57.8      4.6  50766.8  52222.8
      -9.7      53.0       -.3      64.2
       -.5      28.3        .0      19.3
       -.1      25.7        .3       9.4
       -.7      26.5       -.3       8.4
 42967  -.136577  -.956038  -.259496
  94773.0  12601.5      -.2     43.3     54.7     28.9
      -.2     86.6     54.7     57.7  51122.1  53086.6
      -9.9      54.9      -1.0      63.6
       -.4      28.3        .1      19.7
       -.5      25.5       -.1      10.7
       -.7      26.8       -.4       9.8
 42968  -.180796  -.949177  -.257634
  95585.2  12700.1      -.2     43.3     54.7     28.9
      -.2     86.6     54.7     57.7  51506.7  53073.4
     -10.4      59.5       -.8      58.1
       -.3      27.7        .9      18.1
        .4      25.2       1.0      11.5
       -.4      27.1        .2      10.8
 42969  -.223945  -.940570  -.255298
  96558.4  12804.1      -.2     43.3     54.7     28.9
      -.2     86.6     54.7     57.7  52115.2  54524.8
     -10.3      55.1      -1.1      58.2
       -.2      29.0        .5      19.4
        .3      25.8        .7      12.5
        .0      26.5        .4      11.8
 42970  -.265817  -.930361  -.252527
  97934.9  12887.2      -.2     43.3     54.7     28.9
      -.2     86.6     54.7     57.7  53390.0  54974.2
     -10.7      58.5      -1.5      55.6
       -.2      28.2        .9      19.1
        .4      25.1       1.4      13.2
       -.1      26.2        .8      12.6
 42971  -.306238  -.918714  -.249365
  99232.3  13008.8      -.2     43.3     54.7     28.9
      -.2     86.6     54.7     57.7  54380.0  56493.7
      -9.1      53.0        .0      50.9
        .3      28.5       1.4      20.0
        .3      25.5       1.2      14.5
        .3      27.1       1.0      14.1
 42972  -.345068  -.905804  -.245861
 100593.8  13069.8      -.2     43.3     54.7     28.9
      -.2     86.6     54.7     57.7  54317.3  56619.1
     -10.1      55.7      -3.7      49.3
       -.5      28.4       1.3      20.3
        .4      25.6       1.6      15.5
        .0      26.9       1.1      15.6
 42973  -.382204  -.891810  -.242063
 102665.8  13091.7      -.2     43.3     54.7     28.9
      -.2     86.6     54.7     57.7  55904.2  58497.6
      -8.6      56.7      -3.7      49.4
        .2      28.5       1.4      20.7
        .6      25.6       1.8      15.7
        .4      26.7       1.5      15.1
 42974  -.417577  -.876913  -.238019
 104319.0  13052.4      -.2     43.3     54.7     28.9
      -.2     86.6     54.7     57.7  55967.7  57700.6
      -8.4      55.9      -2.0      44.4
       -.4      28.1       1.5      21.5
        .7      25.2       1.9      17.8
        .1      26.7        .9      17.3
 42975  -.451149  -.861285  -.233777
 106200.6  12875.0      -.2     43.3     54.7     28.9
      -.2     86.6     54.7     57.7  55349.8  57818.9
      -7.7      58.2      -2.1      41.7
        .2      27.4       2.2      21.1
        .3      24.8       1.9      17.6
        .4      27.2        .9      17.6
 42976  -.482910  -.845093  -.229382
 108536.3  12873.6      -.2     43.3     54.7     28.9
      -.2     86.6     54.7     57.7  56440.3  59588.5
     -10.7      57.4      -3.2      41.2
        .0      28.0       1.6      22.4
        .7      25.0       2.0      19.3
       1.0      25.2       2.0      19.7
 42977   .337328  -.927651  -.160231
 153514.8  13205.4      -.2     43.3     54.7     28.9
      -.2     86.6     54.7     57.7  86227.0  89640.1
     -10.2      51.1       2.9      62.4
       -.7      28.6       1.7      25.0
        .0      25.7       1.0      13.4
        .0      26.9        .9      11.6
 42978   .312066  -.936198  -.161707
 151758.6  13161.5      -.2     43.3     54.7     28.9
      -.2     86.6     54.7     57.7  86516.6  89540.6
      -7.5      51.3       3.4      62.8
      -1.0      29.6       2.1      25.6
        .3      25.6       1.0      12.5
        .3      26.3        .9      10.3
 42979   .286124  -.944211  -.163091
 150633.3  12986.2      -.2     43.3     54.7     28.9
      -.2     86.6     54.7     57.7  83991.5  87809.5
      -8.0      56.5       9.1      68.8
      -1.1      29.1       2.0      26.2
       -.5      26.2        .8      12.6
       -.2      26.4        .6      10.4
 42980   .259539  -.951641  -.164374
 148957.8  12860.3      -.2     43.3     54.7     28.9
      -.2     86.6     54.7     57.7  84556.4  88178.6
      -5.1      50.7       7.3      76.0
       -.7      29.1       1.4      25.3
        .1      25.5        .4      11.8
       -.3      26.5        .4       9.1
 42981   .232349  -.958440  -.165549
 148115.2  12880.2      -.2     43.3     54.7     28.9
      -.2     86.6     54.7     57.7  84398.3  88007.2
      -9.8      50.1       9.4      73.6
       -.9      29.7       1.5      27.7
       -.5      25.5        .1      12.0
       -.4      26.6       -.1       8.8
 42982   .204604  -.964562  -.166606
 146995.0  12868.2      -.2     43.3     54.7     28.9
      -.2     86.6     54.7     57.7  84008.7  86981.7
      -9.0      51.5       9.5      80.8
      -1.0      29.0        .5      27.5
        .1      25.7       -.4      10.4
        .0      26.6       -.5       9.1
 42983   .176357  -.969963  -.167539
 146435.9  12713.9      -.2     43.3     54.7     28.9
      -.2     86.6     57.9      9.7  82315.7  85832.1
      -8.9      47.2      10.1      89.5
       -.9      29.5        .2      28.4
       -.5      25.8       -.8      11.0
       -.2      26.6       -.9       7.3
 42984   .147667  -.974605  -.168341
 145602.3  12641.8      -.2     43.3     54.7     28.9
      -.2     86.6     57.6     22.8  84438.5  87521.8
     -11.2      58.2       8.0      95.7
       -.8      29.0       -.2      30.1
       -.3      25.9      -1.4      11.0
       -.6      26.5      -1.8       6.8
 42985   .118600  -.978453  -.169006
 144932.3  12575.6      -.2     43.3     57.3      9.8
      -.2     86.6     57.1     36.1  81945.3  85018.9
      -9.7      51.2       7.6      99.0
       -.9      29.1       -.1      36.6
       -.7      25.9       -.9      11.2
       -.5      26.1      -1.4       7.4
 42986   .089225  -.981478  -.169528
 144435.1  12697.6      -.2     43.3     56.3     20.6
      -.2     86.6     56.3     48.4  82084.2  84668.0
     -10.0      49.4       5.5     110.6
       -.7      29.5        .2      51.2
       -.5      26.0      -1.5      18.4
       -.4      26.2      -1.7      13.6
 42987   .059616  -.983656  -.169904
 144483.7  12590.0      -.2     43.3     58.4     20.3
      -.2     86.6     58.3     48.5  81139.4  85331.5
      -8.0      48.0       2.8     113.5
      -1.0      29.8       2.7      55.2
       -.8      25.7       2.7      20.9
       -.2      26.3       2.4      12.5
 42988   .044746  -.984421  -.170036
 144169.5  12497.6      -.2     43.3     59.5     14.8
      -.2     86.6     59.3     43.0  82377.1  85809.4
     -10.6      52.6       1.5     110.6
      -1.2      29.1       1.8      44.8
       -.7      25.7        .9      16.5
      -1.0      26.2       1.0       8.0
 42989   .029848  -.984969  -.170131
 144236.9  12437.8      -.2     43.3     59.5      8.4
      -.2     86.6     59.4     36.8  82213.0  84542.5
     -13.3      55.8       6.7     103.5
      -1.4      29.4       1.9      38.0
       -.7      26.1        .3      14.2
       -.6      26.3        .1       7.1
 42990   .014929  -.985299  -.170188
 143888.3  12507.5      -.2     43.3     59.0      2.3
      -.2     86.6     59.3     30.2  81501.6  84803.7
     -12.5      56.2       3.1      95.6
      -1.8      29.5        .7      34.4
       -.4      26.0        .3      11.2
       -.9      26.5       -.2       8.0
 42991   .000000  -.985408  -.170207
 143826.6  12455.9      -.2     43.3     54.7     28.9
      -.2     86.6     59.3     23.5  81055.1  84285.4
      -6.5      44.5       -.8      86.4
      -1.3      29.5        .0      30.6
       -.7      26.0       -.3      11.3
       -.6      26.8       -.6       6.9
 42992  -.014929  -.985299  -.170188
 143788.2  12560.4      -.2     43.3     54.7     28.9
      -.2     86.6     59.3     16.9  80558.0  84367.0
      -8.7      50.4       6.4      89.5
      -1.3      29.8        .4      28.1
       -.7      26.1       -.2       9.9
       -.7      26.4       -.4       6.9
 42993  -.029848  -.984969  -.170131
 144286.1  12564.3      -.2     43.3     54.7     28.9
      -.2     86.6     59.1     10.3  81785.3  84899.5
      -7.7      49.4       4.7      87.4
      -1.3      29.4        .3      27.6
       -.5      26.1        .0      10.5
       -.8      26.8        .0       7.0
 42994  -.044746  -.984421  -.170036
 144675.1  12508.7      -.2     43.3     54.7     28.9
      -.2     86.6     59.1      4.1  80954.4  83989.2
      -7.9      52.8       6.6      82.4
      -1.3      29.7        .8      25.9
        .0      26.4        .3      10.6
       -.6      26.9        .1       7.8
 42995  -.059616  -.983656  -.169904
 144729.0  12558.6      -.2     43.3     54.7     28.9
      -.2     86.6     54.7     57.7  82574.9  85448.9
      -8.4      50.8      -2.2      78.4
      -1.3      29.9        .8      25.8
       -.7      26.3        .4       8.9
       -.7      26.9        .2       7.1
 42996  -.089225  -.981478  -.169528
 144894.3  12529.8      -.2     43.3     54.7     28.9
      -.2     86.6     54.7     57.7  82175.8  85241.9
      -9.6      55.8      -2.1      71.7
       -.8      29.1        .9      23.0
       -.4      26.3        .3      11.0
       -.7      27.0        .3       8.0
 42997  -.118600  -.978453  -.169006
 145614.6  12627.7      -.2     43.3     54.7     28.9
      -.2     86.6     54.7     57.7  81573.3  85760.7
     -12.4      54.8      -4.9      72.3
       -.7      29.1       1.1      21.5
       -.1      26.2       1.2       9.8
       -.3      26.7       1.1       8.1
 42998  -.147667  -.974605  -.168341
 146278.2  12661.1      -.2     43.3     54.7     28.9
      -.2     86.6     54.7     57.7  82192.3  85046.4
      -9.7      50.6      -1.2      68.4
       -.5      29.7       1.0      22.2
        .0      26.5       1.0      10.7
        .0      27.0       1.0       9.1
 42999  -.176357  -.969963  -.167539
 146937.5  12683.5      -.2     43.3     54.7     28.9
      -.2     86.6     54.7     57.7  82468.1  84934.5
      -8.5      53.4      -1.0      60.4
      -1.0      29.8       1.3      21.8
       -.2      26.3       1.8      10.3
       -.1      26.6       1.7       9.4
 43000  -.204604  -.964562  -.166606
 148311.9  12735.6      -.2     43.3     54.7     28.9
      -.2     86.6     54.7     57.7  84273.8  87228.5
     -12.3      55.5       -.5      55.8
       -.9      29.6       1.3      22.4
        .0      26.3       1.5      11.6
        .6      26.9       1.7      10.5
 43001  -.232349  -.958440  -.165549
 149350.3  12772.3      -.2     43.3     54.7     28.9
      -.2     86.6     54.7     57.7  85402.6  87999.1
      -9.6      52.6      -2.8      58.8
       -.7      29.8       1.9      20.5
       -.2      26.1       2.0      12.0
       -.3      27.0       1.5      11.1
 43002  -.259539  -.951641  -.164374
 150239.9  13016.7      -.2     43.3     54.7     28.9
      -.2     86.6     54.7     57.7  83346.7  86867.3
      -7.6      52.9      -1.5      51.6
       -.7      29.2       1.0      20.4
        .6      26.5       2.0      13.1
        .0      26.7       1.7      11.9
 43003  -.286124  -.944211  -.163091
 151493.2  12943.9      -.2     43.3     54.7     28.9
      -.2     86.6     54.7     57.7  85962.5  89197.6
      -7.5      48.3      -2.5      47.5
       -.1      28.8       1.9      19.8
        .2      26.0       2.1      13.2
        .2      26.6       2.1      12.6
 43004  -.312066  -.936198  -.161707
 152903.7  13081.2      -.2     43.3     54.7     28.9
      -.2     86.6     54.7     57.7  87272.4  89838.3
      -9.2      51.2      -3.5      44.6
       -.7      30.2       2.0      20.4
        .1      25.9       2.2      13.8
        .3      27.3       2.2      13.3
 43005  -.337328  -.927651  -.160231
 154904.4  13204.8      -.2     43.3     54.7     28.9
      -.2     86.6     54.7     57.7  87472.8  90966.8
     -10.2      57.5       -.6      47.6
       -.2      29.6       2.2      19.6
        .3      26.2       2.4      14.2
        .5      26.4       2.3      13.7
