Dot1_150x100_prd2012lk:dj0090h@-170V,3.8T@90d,274K,rhe=1.10,rhh=0.7, 0.65/1.30  
  5990   1  3.80  60   5  29   0  170.00  274.00     .90 1.09900  1250.0     .19  108.34  150.  100.  285.  2000.0     .10   54.17    1.50    1.00     .85
 42401   .000000   .000000 -1.000000
  23824.2  15700.7      -.2     41.7     52.2      6.0
      -.3     84.5     54.4     31.6   9171.4   9649.4
       -.4      72.1      -2.3      36.9
        .3      10.3      -2.9      14.9
       -.2       2.4      -3.4      13.0
       -.2       1.4      -4.9      13.0
 42402   .000000  -.130455  -.991454
  24182.2  15878.5      -.3     36.3     52.1      7.9
      -.2     78.7     54.4     31.6   9261.8   9851.1
      -7.2      62.0      -2.2      39.6
       -.8       5.9      -2.7      14.8
       -.9       3.4      -3.0      13.1
      -1.2       3.1      -5.0      12.9
 42403   .000000  -.254493  -.967075
  24599.9  16329.1     -1.4     30.1     51.9      8.6
      -.9     71.1     54.4     31.6   9606.1  10131.1
      -4.8      54.0      -2.7      38.3
      -1.3       8.6      -3.0      14.6
      -1.4       6.4      -3.5      13.0
      -1.6       6.2      -4.9      13.0
 42404   .000000  -.367167  -.930155
  25540.8  16903.2     -1.5     23.6     51.6      9.0
     -1.0     63.5     54.7     31.4   9768.5  10472.9
      -6.7      49.0      -3.1      37.9
      -1.4      12.3      -3.0      14.7
      -1.2       9.4      -3.2      12.4
      -1.8       9.2      -4.8      13.0
 42405   .000000  -.465746  -.884918
  26723.9  17392.2     -1.8     17.6     51.4      8.7
      -.9     55.3     54.9     30.9  10187.0  10969.5
      -6.9      49.9      -3.1      40.4
      -1.7      16.2      -2.9      14.4
      -1.6      12.3      -3.2      12.5
      -1.9      11.9      -4.8      12.5
 42406   .000000  -.549617  -.835417
  28305.0  17714.6     -2.3     14.4     51.9      9.5
     -1.0     46.9     55.3     30.5  10863.5  11763.3
      -5.8      52.7        .0      44.6
      -1.6      20.2      -2.8      14.0
      -1.9      15.1      -3.3      12.1
      -2.6      14.6      -4.6      12.2
 42407   .000000  -.619644  -.784883
  30083.2  16933.0     -3.1     15.8     51.5      8.8
      -.9     38.4     55.8     30.0  11691.7  12445.0
      -9.4      57.9      -2.9      43.5
      -2.3      24.9      -3.0      14.2
      -2.1      18.2      -3.2      11.9
      -2.8      18.0      -4.1      12.2
 42408   .000000  -.677476  -.735545
  32096.4  15789.1     -2.1     17.6     51.3      7.7
      -.6     29.3     56.0     29.3  13812.5  14462.7
     -10.1      62.0       -.3      44.9
      -2.5      28.8      -2.8      13.9
      -2.2      21.2      -2.9      11.5
      -3.6      20.6      -4.3      11.5
 42409   .000000  -.724999  -.688749
  34135.9  15285.9       .1     43.3     51.9      7.4
      -.6     21.2     56.3     28.9  14831.9  15714.7
     -10.6      61.2      -2.1      43.4
      -2.8      30.5      -2.8      14.0
      -2.5      22.5      -3.1      11.1
      -3.7      23.8      -4.0      11.3
 42410   .000000  -.764030  -.645181
  36477.9  14397.2       .1     43.3     52.2      6.9
      -.7     14.8     56.7     28.5  16340.6  17259.7
      -9.8      58.7      -2.4      48.2
      -2.6      31.2      -2.5      14.3
      -2.8      24.4      -3.1      10.8
      -3.4      25.6      -3.7      10.6
 42411   .000000  -.796162  -.605083
  38832.4  14017.0       .1     43.3     52.5      6.2
     -1.2     14.7     56.8     28.1  17348.5  18263.0
     -10.2      57.2       -.7      47.6
      -2.1      29.0      -2.7      13.6
      -2.2      25.3      -2.9      10.5
      -3.8      27.4      -3.8      10.4
 42412   .000000  -.822730  -.568432
  41340.9  13503.4       .1     43.3     52.2      5.6
     -4.0     21.0     57.2     27.8  18966.8  19908.7
     -10.0      53.9        .5      53.4
      -1.7      26.5      -2.5      14.0
      -1.9      23.8      -2.9      10.4
      -3.1      26.9      -3.7      10.1
 42413   .000000  -.844819  -.535052
  43907.0  13241.4       .1     43.3     52.1      5.2
       .1     86.6     57.6     27.3  20842.3  21849.9
      -8.5      52.6      -1.4      52.4
      -1.9      25.6      -2.8      14.2
      -1.7      21.9      -2.6      10.2
      -2.8      24.6      -3.4      10.0
 42414   .000000  -.863297  -.504697
  46441.6  12935.2       .1     43.3     51.4      4.7
       .1     86.6     57.6     26.9  22609.4  23545.8
     -10.0      53.4       -.9      52.8
      -2.1      26.1      -2.3      14.2
      -1.8      22.8      -2.5      10.3
      -2.9      23.2      -3.4       9.5
 42415   .000000  -.878853  -.477092
  49048.1  12714.9       .1     43.3     53.0      4.3
       .1     86.6     57.6     26.8  23321.0  24502.1
     -12.2      55.3       -.1      53.4
      -2.0      28.3      -2.6      14.4
      -2.2      26.3      -2.7       9.8
      -2.9      26.6      -3.2       9.2
 42416   .000000  -.892036  -.451965
  51793.5  12594.9       .1     43.3     53.3      4.3
       .1     86.6     58.0     26.4  26014.7  26956.9
     -10.5      55.3       -.3      56.0
      -1.9      28.5      -2.4      14.6
      -1.9      26.7      -2.5       9.7
      -2.2      29.3      -3.2       9.2
 42417   .000000  -.903278  -.429057
  54594.3  12513.9       .1     43.3     50.4      3.7
       .1     86.6     58.3     26.1  27494.4  28644.2
      -7.9      53.9        .3      61.9
      -2.1      26.6      -2.5      15.3
      -1.6      23.8      -2.2       9.6
      -2.6      26.3      -3.2       8.9
 42418   .000000  -.912924  -.408131
  57386.4  12409.2       .1     43.3     50.8      3.7
       .1     86.6     58.4     25.8  28687.1  30263.9
      -9.9      52.9       -.3      58.2
      -1.8      27.0      -2.3      14.8
      -2.1      23.7      -2.5       9.6
      -2.6      24.2      -2.9       8.7
 42419   .000000  -.921250  -.388972
  60134.4  12278.6       .1     43.3     53.3      3.0
       .1     86.6     58.3     25.7  30441.5  31900.7
     -11.4      55.6        .6      60.2
      -1.9      28.6      -2.0      15.6
      -2.3      26.0      -2.3       9.3
      -2.8      25.7      -3.0       8.4
 42420   .000000  -.928477  -.371391
  63051.1  12254.0       .1     43.3     53.7      2.5
       .1     86.6     58.4     25.4  32282.7  33587.5
     -11.5      54.8       -.2      64.1
      -2.0      28.8      -1.9      16.9
      -1.9      26.6      -2.2       9.3
      -2.7      27.9      -2.7       8.4
 42421   .000000  -.934784  -.355218
  65789.7  12144.6       .1     43.3     53.2      2.6
       .1     86.6     58.4     25.3  34428.3  35849.2
     -12.3      54.5       -.6      66.4
      -1.4      27.7      -1.9      15.7
      -1.7      24.6      -2.2       9.0
      -2.3      27.0      -2.8       8.3
 42422   .000000  -.940315  -.340305
  68728.9  12157.2       .1     43.3     54.2     28.9
       .1     86.6     58.9     25.2  36207.6  37761.2
     -10.0      54.7       1.0      65.2
      -2.0      27.6      -1.5      18.1
      -1.8      24.0      -2.0       9.0
      -2.1      24.4      -2.6       8.1
 42423   .000000  -.945190  -.326520
  71479.2  12128.6       .1     43.3     54.2     28.9
       .1     86.6     59.0     25.1  38101.0  39482.5
     -10.2      51.6       1.7      67.5
      -2.2      29.3      -1.5      17.0
      -1.5      27.3      -2.1       9.0
      -2.1      27.2      -2.4       8.2
 42424   .000000  -.949506  -.313750
  74334.2  12065.9       .1     43.3     54.2     28.9
       .1     86.6     58.8     24.8  39854.0  40934.1
     -13.8      57.5       -.6      66.0
      -1.5      30.8      -1.4      17.4
      -1.9      28.7      -2.0       8.9
      -2.2      30.7      -2.6       8.1
 42425   .000000  -.953342  -.301892
  77428.7  12031.4       .1     43.3     54.2     28.9
       .1     86.6     59.1     24.8  41507.0  43459.9
     -11.2      53.1       4.7      71.2
      -2.0      29.5      -1.6      19.5
      -1.8      26.0      -2.0       9.4
      -2.2      27.8      -2.4       8.0
 42426   .000000  -.956767  -.290857
  80473.8  11974.0       .1     43.3     54.2     28.9
       .1     86.6     59.2     24.6  42833.4  44728.2
      -9.6      54.0       2.6      71.9
      -2.1      28.1      -1.4      18.9
      -1.5      24.5      -1.7       9.0
      -2.3      24.9      -2.5       8.0
 42427   .000000  -.959834  -.280567
  83254.2  11986.4       .1     43.3     54.2     28.9
       .1     86.6     59.0     24.5  44495.8  46367.9
     -11.4      57.4       2.8      77.8
      -2.1      29.8      -1.4      19.5
      -1.7      26.4      -1.8       9.3
      -2.5      26.4      -2.3       8.1
 42428   .000000  -.962593  -.270952
  86071.2  11950.5       .1     43.3     54.2     28.9
       .1     86.6     59.1     24.4  46673.7  48590.0
     -11.8      55.2      -1.1      73.0
      -1.6      30.3      -1.2      19.4
      -1.5      27.8      -1.8       9.2
      -2.2      28.1      -2.3       7.7
 42429   .000000  -.965081  -.261951
  89178.5  11949.6       .1     43.3     54.2     28.9
       .1     86.6     59.4     24.2  48447.1  50389.4
     -10.7      50.9        .6      75.7
      -2.2      29.0      -1.5      21.2
      -1.5      26.0      -1.7       8.8
      -2.6      27.2      -2.4       7.7
 42430   .000000  -.967333  -.253508
  91968.5  11913.7       .1     43.3     54.2     28.9
       .1     86.6     59.6     24.2  50072.8  52399.4
     -10.9      54.8        .2      77.5
      -2.2      28.3      -1.3      21.7
      -1.2      24.6      -1.6       9.3
      -1.9      24.9      -2.0       7.6
 42431   .000000  -.969377  -.245576
  95233.7  11922.9       .1     43.3     54.2     28.9
       .1     86.6     59.2     24.1  51699.1  53462.0
     -12.7      55.2       4.1      76.9
      -2.2      30.8      -1.3      22.7
      -1.8      27.3      -1.8       9.2
      -1.9      27.2      -2.2       7.8
 42432   .000000  -.971238  -.238110
  98005.7  11863.9       .1     43.3     54.2     28.9
       .1     86.6     59.4     24.0  54414.4  56328.2
     -11.3      56.7       4.2      77.5
      -2.7      32.2      -1.2      21.8
      -1.7      29.5      -1.7       9.0
      -2.4      30.8      -2.2       7.7
 42433   .000000  -.972937  -.231072
 101314.5  11905.4       .1     43.3     54.2     28.9
       .1     86.6     59.4     24.0  55924.8  58157.2
     -11.5      53.8       5.2      80.9
      -2.1      29.5       -.8      23.7
      -1.8      26.4      -1.6      10.1
      -2.2      27.9      -2.0       7.6
 42434   .000000  -.974491  -.224428
 104096.1  11934.1       .1     43.3     54.2     28.9
       .1     86.6     59.4     23.9  57755.7  59777.3
     -12.8      58.9       1.5      84.3
      -2.4      28.6       -.6      24.6
      -1.8      25.1      -1.7       9.7
      -1.9      25.3      -2.0       7.7
 42435   .000000  -.975916  -.218146
 106837.0  11887.6       .1     43.3     54.2     28.9
       .1     86.6     59.5     23.7  59950.8  62151.4
     -11.8      53.0       5.4      84.6
      -1.6      30.1       -.9      24.5
      -1.6      26.8      -1.4       9.7
      -2.7      26.7      -2.1       8.0
 42436   .000000  -.977227  -.212198
 109963.2  11895.4       .1     43.3     54.2     28.9
       .1     86.6     59.5     23.7  61949.9  64167.2
     -12.6      56.0       3.1      82.7
      -2.1      30.8      -1.5      24.8
      -1.7      27.7      -1.4      10.3
      -2.5      28.3      -2.0       7.7
 42437   .000000  -.978434  -.206558
 113158.8  11897.6       .1     43.3     54.2     28.9
       .1     86.6     59.8     23.8  62467.6  64921.1
      -8.7      51.2       7.7      83.5
      -2.3      29.4       -.4      25.8
      -1.6      26.3      -1.4      10.1
      -2.5      27.5      -1.7       7.7
 42438   .000000  -.979549  -.201205
 115914.0  11930.8       .1     43.3     54.2     28.9
       .1     86.6     59.7     23.6  64295.7  67228.1
     -11.6      51.1       4.0      87.4
      -2.5      28.9       -.8      26.9
      -2.2      25.1      -1.5      10.2
      -2.5      24.9      -1.9       7.8
 42439   .000000  -.980581  -.196116
 119022.5  11923.7       .1     43.3     54.2     28.9
       .1     86.6     59.8     23.5  64900.0  68442.5
     -11.8      53.7       -.8      89.7
      -2.3      31.0       -.6      27.9
      -2.2      27.5      -1.3       9.9
      -2.1      26.8      -1.7       7.9
 42440   .000000  -.981537  -.191274
 122175.9  11908.1       .1     43.3     54.2     28.9
       .1     86.6     59.7     23.5  69015.7  71350.8
      -9.5      53.7       4.3      91.9
      -2.2      31.9       -.2      27.4
      -2.0      30.2      -1.3      11.2
      -2.2      30.9      -1.8       8.2
 42441   .000000  -.982424  -.186661
 125031.6  12021.0       .1     43.3     54.2     28.9
       .1     86.6     60.0     23.5  69390.6  73240.4
     -11.3      52.0       4.9      90.8
      -2.6      30.1      -1.0      29.2
      -2.1      27.2      -1.4      10.9
      -2.4      28.2      -1.7       8.2
 42442   .000000  -.983250  -.182261
 127959.7  11980.4       .1     43.3     54.2     28.9
       .1     86.6     59.9     23.3  73135.4  75311.2
     -12.0      53.4       6.2      94.2
      -2.2      29.2       -.8      28.7
      -1.9      25.5      -1.3      10.5
      -2.2      25.3      -1.6       7.8
 42443   .000000  -.984020  -.178061
 131002.3  11853.6       .1     43.3     54.2     28.9
       .1     86.6     59.8     23.4  75401.3  77542.9
      -9.7      52.4       7.2      92.8
      -2.6      31.1       -.5      30.8
      -2.0      26.8      -1.3      12.4
      -2.0      26.8      -1.4       7.7
 42444   .000000  -.984737  -.174047
 133906.2  11964.4       .1     43.3     54.2     28.9
       .1     86.6     59.9     23.3  75309.1  78233.6
     -11.4      54.3       5.3      89.3
      -2.4      30.7       -.9      30.9
      -1.6      28.6      -1.3      10.8
      -1.9      28.8      -1.7       7.9
 42445   .000000  -.985408  -.170207
 137263.6  11919.8       .1     43.3     54.2     28.9
       .1     86.6     60.0     23.2  77700.3  80708.5
     -11.5      53.9       7.1     100.2
      -2.3      30.3       -.5      31.4
      -1.5      26.8      -1.2      12.1
      -2.1      27.3      -1.6       8.0
 42446   .000000  -.986036  -.166531
 140216.2  11947.6       .1     43.3     54.2     28.9
       .1     86.6     60.0     23.2  79397.8  82919.4
     -11.0      47.5      -4.0      95.1
      -2.6      28.7       -.6      29.9
      -1.7      25.6      -1.4      11.1
      -2.0      25.1      -1.4       7.8
 42447   .000000  -.986625  -.163008
 143406.3  11980.0       .1     43.3     54.2     28.9
       .1     86.6     60.3     23.2  82052.6  85514.6
     -13.7      54.6       4.7      88.2
      -3.1      31.3       -.2      32.6
      -2.3      27.9      -1.0      12.0
      -2.2      28.0      -1.6       8.1
 42448   .000000  -.987696  -.156385
 149356.6  11940.1       .1     43.3     54.2     28.9
       .1     86.6     60.3     23.0  86156.4  88915.2
     -11.5      53.1       2.8      94.3
      -1.8      30.9        .0      34.7
      -2.1      27.2      -1.2      11.3
      -2.0      28.5      -1.5       7.8
 42449   .000000  -.988644  -.150274
 155154.0  11960.0       .1     43.3     54.2     28.9
       .1     86.6     60.1     23.0  89294.4  92308.2
     -10.7      52.7       -.2     106.1
      -2.7      29.9       -.5      33.0
      -2.0      27.1      -1.2      11.5
      -2.3      26.8      -1.3       8.8
 42450   .000000  -.989488  -.144617
 161457.2  11938.9       .1     43.3     54.2     28.9
       .1     86.6     60.4     22.8  93204.3  97310.2
     -10.5      51.5       1.8      99.6
      -2.6      30.6       -.4      34.8
      -2.3      27.1      -1.3      12.4
      -2.1      27.4      -1.3       8.6
 42451   .000000  -.990241  -.139367
 167547.1  12004.2       .1     43.3     54.2     28.9
       .1     86.6     60.2     22.7  95910.4  99619.6
     -12.9      56.8       3.3      97.7
      -2.8      31.7        .2      36.2
      -2.3      27.9      -1.0      12.9
      -2.0      27.8      -1.1       8.6
 42452   .000000  -.990916  -.134481
 173693.2  12036.0       .1     43.3     54.2     28.9
       .1     86.6     60.2     22.7 101384.3 104091.6
     -11.4      51.2       4.8      97.7
      -3.0      30.8        .2      36.1
      -1.9      27.9       -.7      13.5
      -2.0      28.1      -1.2       8.7
 42453   .000000  -.991524  -.129924
 179781.0  12003.6       .1     43.3     54.2     28.9
       .1     86.6     60.3     22.6 103782.0 107488.8
      -9.3      55.2       4.4      97.0
      -2.6      30.1        .1      38.1
      -1.9      27.3      -1.0      13.6
      -2.2      26.4      -1.4       9.1
 42454   .000000  -.992073  -.125663
 185559.9  12079.6       .1     43.3     54.2     28.9
       .1     86.6     60.4     22.6 107151.9 111120.2
     -14.5      58.7       3.9     107.3
      -2.9      30.6        .1      37.6
      -2.0      26.9      -1.0      14.5
      -2.0      27.6      -1.0       9.0
 42455   .000000  -.992571  -.121670
 191754.2  12028.9       .1     43.3     54.2     28.9
       .1     86.6     60.4     22.5 113092.1 117117.8
      -8.2      50.3       8.0      98.0
      -2.7      31.3        .5      39.4
      -2.2      27.8       -.9      15.5
      -2.5      27.3      -1.3       9.0
 42456   .000000  -.993023  -.117921
 197929.2  12152.0       .1     43.3     54.2     28.9
       .1     86.6     60.6     22.5 117458.4 121051.4
      -8.3      50.1       5.4     102.8
      -3.0      31.0       -.1      41.0
      -2.3      27.7       -.8      14.7
      -2.0      27.8      -1.0      10.6
 42457   .000000  -.993435  -.114396
 204073.5  12154.1       .1     43.3     54.2     28.9
       .1     86.6     60.5     22.4 118813.1 123777.6
      -8.8      47.6      12.9     107.8
      -2.5      30.6       -.2      40.7
      -2.3      27.0       -.5      15.6
      -1.4      26.6      -1.1       9.7
 42458   .000000  -.993812  -.111073
 209880.1  12034.6       .1     43.3     54.2     28.9
       .1     86.6     60.4     22.2 123437.8 128176.3
      -8.3      46.7        .7     101.7
      -2.7      30.2        .3      40.4
      -2.1      27.4       -.8      16.8
      -2.2      27.0      -1.0       9.5
 42459   .000000  -.994158  -.107937
 216145.4  12212.6       .1     43.3     54.2     28.9
       .1     86.6     60.4     22.3 123274.0 128941.1
      -8.4      46.6       8.6     105.6
      -3.2      31.3        .0      41.4
      -2.2      28.2      -1.0      17.6
      -1.7      27.6      -1.2       9.7
 42460   .000000  -.994475  -.104972
 222240.1  12032.1       .1     43.3     54.2     28.9
       .1     86.6     60.7     22.3 130626.8 136034.5
      -1.5      41.7       -.9     105.5
      -2.5      30.6        .7      42.2
      -1.6      27.8       -.4      17.4
      -2.6      28.3      -1.1      10.7
 42461   .903278   .000000  -.429057
  55079.2  10807.7       .0     40.7     54.2     28.9
       .0     83.4     54.2     57.7  28820.6  29965.2
        .7      85.4      10.7      50.9
       -.3      27.5       2.6      24.0
        .3       7.6       2.5      18.2
       -.3       5.4       2.4      17.5
 42462   .887877   .000000  -.460082
  51054.1  11199.0       .0     40.9     54.2     28.9
       .0     83.5     54.2     57.7  26147.8  27160.4
      -2.7      79.5      10.9      49.3
        .2      26.4       2.4      24.4
       -.7       9.0       2.4      18.1
       -.3       3.8       2.4      17.3
 42463   .868777   .000000  -.495203
  47386.4  11757.1      -.7     40.9     54.2     28.9
      -.7     83.6     54.2     57.7  24303.6  25085.4
       1.2      82.9      12.2      49.7
        .9      22.1       2.1      23.1
        .4       5.5       2.0      17.1
        .0       2.8       2.1      16.1
 42464   .844819   .000000  -.535052
  43851.8  12681.2      -.1     41.1     54.2     28.9
      -.1     83.7     54.2     57.7  21584.7  22396.0
       2.2      81.7      11.3      52.4
        .3      22.2       2.0      23.0
        .1       5.7       1.7      17.0
       -.2       2.4       1.3      16.1
 42465   .814421   .000000  -.580275
  40462.4  13872.3      -.2     41.1     54.2     28.9
      -.3     83.7     60.8      9.1  19947.4  20754.1
       -.8      75.1       9.3      52.0
      -1.5      19.8        .9      22.2
        .0       3.9        .5      15.2
        .1       2.3        .7      14.0
 42466   .775436   .000000  -.631426
  37052.8  15656.7      -.2     41.2     54.2     28.9
      -.2     83.8     56.6      9.7  17037.3  18058.4
      -3.1      72.8       9.4      49.8
        .4      21.6        .4      20.4
       -.3       3.5        .0      14.5
       -.2       2.2       -.2      13.6
 42467   .724999   .000000  -.688749
  34440.3  18375.3      -.4     41.2     54.2     28.9
      -.4     83.9     56.9     19.5  15939.4  16705.9
       1.6      77.7       7.7      50.6
        .2      19.6       -.6      20.7
       -.2       5.8      -1.2      13.8
       -.1       2.0      -1.4      11.8
 42468   .659438   .000000  -.751759
  31904.4  21829.8       .0     41.1     56.2      5.0
      -.1     83.9     56.7     31.1  14389.8  15023.7
       1.9      74.0       6.5      48.1
       -.1      13.2      -1.0      15.7
       -.3       3.0      -1.3      10.5
        .1       2.4      -1.2       8.7
 42469   .574426   .000000  -.818557
  29500.6  24633.8       .3     41.4     56.4     13.6
       .3     84.0     56.3     42.1  13014.6  13877.4
       -.6      72.7       7.1      52.7
        .7      16.7      -1.7      11.1
       -.1       2.3      -1.9       7.3
       -.1       1.7      -2.1       6.0
 42470   .465746   .000000  -.884918
  27544.5  22936.6      -.3     41.3     54.2     23.1
      -.2     84.0     54.1     51.9  11657.8  12544.4
      -3.4      69.9      11.3      62.2
       -.2      15.1      -2.0       8.5
       -.2       2.1      -2.1       4.1
       -.1       1.6      -2.1       3.3
 42471   .331088   .000000  -.943600
  25663.6  21429.0       .2     41.3     54.4     22.3
       .3     84.2     54.4     51.1  11026.8  11684.0
       -.7      70.4       3.5      62.6
        .0      12.1        .2       9.4
       -.1       2.5        .2       5.7
        .1       1.5      -1.2       5.2
 42472   .254493   .000000  -.967075
  24902.1  20856.9      -.1     41.6     54.6     17.9
      -.2     84.4     54.6     46.5  10479.4  11066.1
      -1.4      69.3       5.1      52.4
      -1.1      12.7      -1.0       9.1
       -.1       2.2      -1.5       7.4
       -.2       1.6      -2.7       6.9
 42473   .172799   .000000  -.984957
  24382.5  20371.0       .3     41.6     54.1     12.8
       .2     84.4     54.3     41.5  10238.0  10905.4
      -1.3      69.8        .9      46.6
       -.2       7.3      -1.9      10.7
        .0       2.6      -2.4       9.3
       -.1       1.5      -3.4       8.8
 42474   .087384   .000000  -.996175
  24115.1  18194.2      -.1     41.8     53.9      8.6
      -.1     84.5     54.3     36.5   9845.4  10585.1
        .1      71.9       -.9      40.1
       -.9      10.0      -2.2      12.8
       -.2       2.2      -2.7      11.1
       -.1       1.4      -4.0      10.7
 42475   .000000   .000000 -1.000000
  23874.0  15719.2       .1     41.9     52.4      6.1
       .1     84.6     54.3     31.8   9189.3   9844.3
       1.7      69.4      -3.2      36.7
       -.3       8.1      -2.7      14.6
        .1       2.4      -3.2      13.2
        .0       1.3      -5.1      13.0
 42476  -.087384   .000000  -.996175
  23914.9  14221.2      -.1     42.0     47.7      6.8
      -.1     84.6     54.4     26.8   9920.7  10785.7
        .0      75.3      -4.0      39.0
       -.4       9.2      -3.8      16.0
        .1       2.2      -3.8      13.1
       -.2       1.6      -5.8      14.7
 42477  -.172799   .000000  -.984957
  24239.6  12179.0       .4     41.8     42.2      9.6
       .3     84.7     54.4     21.9  10733.1  11427.8
      -2.1      73.4      -6.2      40.5
       -.4       9.9      -4.1      17.8
        .1       2.0      -4.3      14.2
       -.4       1.5      -6.4      15.1
 42478  -.254493   .000000  -.967075
  24855.7  11625.7       .1     42.0     54.2     28.9
       .1     84.8     54.5     17.6  10985.1  11611.1
       -.7      68.2      -5.0      42.8
       -.4      11.9      -4.2      20.1
       -.1       2.1      -3.9      15.6
       -.2       1.8      -6.7      16.0
 42479  -.331088   .000000  -.943600
  25678.5  10469.5       .2     42.0     54.2     28.9
       .1     84.8     54.3     14.0  11108.0  11693.1
       1.7      71.6      -5.6      43.0
       -.9      11.3      -3.9      21.6
        .2       4.9      -3.5      17.2
        .0       1.4      -6.2      17.3
 42480  -.465746   .000000  -.884918
  27779.4   9371.2       .1     42.2     54.2     28.9
       .2     84.9     50.5     11.3  11921.7  12877.2
       -.5      70.8      -6.9      43.4
       -.6      10.4      -2.7      22.1
        .1       3.8      -3.3      18.7
       -.2       1.3      -4.8      20.7
 42481  -.574426   .000000  -.818557
  30389.7   8705.7      -.1     41.9     54.2     28.9
      -.1     84.8     48.2     16.4  14155.2  14966.3
      -4.4      77.1      -6.3      46.8
       -.1      12.4      -1.7      23.4
       -.1       2.5      -2.5      19.0
        .0       1.4      -5.1      20.0
 42482  -.659438   .000000  -.751759
  33311.7   8127.2       .0     41.9     54.2     28.9
       .0     84.7     54.2     57.7  15270.5  16231.2
      -1.7      73.2      -7.4      47.8
        .6      19.2      -1.3      24.0
        .1       2.0      -1.6      21.2
       -.2       3.3      -3.5      22.6
 42483  -.724999   .000000  -.688749
  36749.7   7863.5      -.4     41.7     54.2     28.9
      -.3     84.6     54.2     57.7  16335.8  18742.3
       3.4      78.0      -6.2      47.3
        .6      18.9       -.9      25.4
       -.3       3.5       -.8      20.5
        .0       1.4      -3.5      22.1
 42484  -.775436   .000000  -.631426
  40124.2   7604.2       .1     41.8     74.8    169.5
       .2     84.6     54.2     57.7  15669.2  19497.9
       3.3      82.2      -7.8      46.5
       1.0      25.9       -.1      26.1
        .6       7.6        .0      22.2
        .1       2.1      -2.7      24.5
 42485  -.814421   .000000  -.580275
  43798.5   7470.1      -.1     41.8     54.2     28.9
      -.1     84.5     54.2     57.7  19658.7  22221.2
      -5.5      80.9      -3.8      47.4
       1.3      27.5        .1      25.7
        .2       8.0        .3      21.0
       -.8       6.7      -2.3      24.5
 42486  -.844819   .000000  -.535052
  47636.9   7364.6      -.1     41.8     54.2     28.9
      -.1     84.4     54.2     57.7  20408.9  23465.7
        .4      83.5      -6.7      46.4
        .8      30.2        .7      26.5
       -.1       5.3        .8      23.1
       -.2       1.8      -1.8      26.4
 42487  -.868777   .000000  -.495203
  51608.9   7341.5      -.1     41.8     54.2     28.9
      -.2     84.3     54.2     57.7  20626.9  24791.9
      -2.8      87.5      -6.2      46.3
      -1.3      26.2       1.2      26.5
      -1.0      10.7        .6      22.2
       -.1       2.1      -1.4      27.9
 42488  -.887877   .000000  -.460082
  55469.3   7229.9       .1     41.6    -63.2    241.3
       .0     84.2     54.2     57.7  22023.0  28011.8
      -3.3      83.1      -4.9      44.7
      -1.6      32.6       1.4      26.7
       -.7       8.7       1.1      22.9
        .1       3.6       -.9      28.4
 42489  -.903278   .000000  -.429057
  59388.4   7192.8       .1     41.6    -28.8    266.7
       .1     84.1     54.2     57.7  22535.6  28893.7
      -2.3      83.9      -4.1      43.5
        .5      30.9       1.3      26.6
       -.3       9.6       1.0      22.6
       -.6       9.2       -.4      29.5
 42490   .840060  -.367526  -.399028
  58852.2  11625.5       .1     43.3     54.2     28.9
       .5     21.6     54.2     57.7  30438.8  31571.4
      -6.0      58.5      10.8      50.0
      -1.8      24.4       2.4      24.5
      -1.7      16.1       2.0      19.0
      -1.8      14.4       1.9      18.7
 42491   .817505  -.390173  -.423616
  55474.7  12359.7       .1     43.3     54.2     28.9
       .4     22.5     54.2     57.7  28628.1  29653.6
      -6.0      60.9      11.5      51.1
      -2.1      25.5       2.4      25.1
      -1.7      16.4       2.1      19.0
      -2.0      14.7       1.1      18.8
 42492   .790440  -.414981  -.450551
  51933.7  13118.3       .1     43.3     54.2     28.9
       .6     23.1     54.2     57.7  26078.1  27372.6
      -6.8      59.1      11.3      54.8
      -2.3      24.9       1.4      23.2
      -2.2      16.7       1.3      17.7
      -2.4      15.3       1.2      17.1
 42493   .757796  -.442047  -.479937
  48893.9  14182.9       .1     43.3     54.2     28.9
       .3     23.8     54.2     57.7  23486.2  24393.9
      -6.0      60.0       8.5      52.8
      -2.5      26.0       1.5      23.2
      -2.2      17.3        .8      17.3
      -2.2      15.9        .1      17.3
 42494   .718269  -.471364  -.511767
  45939.6  15627.9       .1     43.3     54.2     28.9
       .4     24.4     45.1     10.8  22295.7  23496.1
      -9.8      60.5      10.9      53.4
      -2.4      26.6        .3      22.1
      -2.3      17.9       -.1      16.2
      -2.6      16.6       -.6      15.2
 42495   .670317  -.502738  -.545830
  43035.9  17578.4       .1     43.3     54.2     28.9
       .4     25.5     55.6      9.7  20175.6  21199.0
      -8.6      58.9       8.0      52.8
      -2.4      26.7        .0      19.8
      -2.3      18.2       -.6      14.1
      -2.8      17.0      -1.4      14.4
 42496   .612205  -.535679  -.581595
  40481.1  19088.2       .1     43.3     54.2     28.9
       .4     26.1     56.3     18.4  18897.8  19851.8
      -8.7      58.3       7.6      53.8
      -2.9      27.2      -1.6      19.3
      -3.1      18.9      -1.8      13.5
      -2.8      17.4      -2.6      12.5
 42497   .542159  -.569267  -.618061
  38052.3  19256.9      -.5     11.7     55.0      7.6
       .2     26.8     56.4     29.9  17114.4  18086.7
      -8.8      59.1       6.2      52.8
      -3.5      27.9      -1.7      15.7
      -3.0      19.5      -1.9      10.7
      -3.6      18.2      -1.7       9.6
 42498   .458673  -.602008  -.653609
  35888.3  18234.5       .1     43.3     55.9     13.2
      -.3     27.3     56.0     41.3  16256.8  17169.0
      -7.1      58.8       6.0      54.6
      -3.6      28.0      -1.8      12.6
      -3.7      19.6      -2.1       7.7
      -3.8      18.2      -2.6       7.2
 42499   .361020  -.631785  -.685938
  34215.2  17384.9       .1     43.3     54.0     23.1
      -.2     27.8     54.2     51.6  15823.9  16620.3
      -8.4      58.9       8.1      69.6
      -3.8      28.9      -1.6      10.6
      -3.7      19.8      -2.6       4.7
      -3.9      18.3      -2.8       4.6
 42500   .249898  -.655981  -.712208
  32885.8  16777.3       .1     43.3     55.1     21.8
      -.6     28.1     55.4     50.4  15146.2  15795.4
      -8.2      58.8       7.9      68.2
      -4.0      29.2        .7      13.6
      -2.7      20.0        .5       6.4
      -3.8      18.3       -.6       5.6
 42501   .190037  -.665130  -.722141
  32503.7  16516.2       .1     43.3     56.0     17.3
      -.8     28.6     56.3     45.7  14800.2  15300.0
      -9.6      61.5        .5      60.5
      -3.6      29.2       -.9      11.4
      -2.8      20.3      -1.2       7.4
      -4.2      19.0      -2.2       6.7
 42502   .127982  -.671905  -.729496
  32176.7  16261.3    -15.9     14.6     55.3     12.3
     -1.2     28.8     55.8     40.1  14473.3  15077.4
      -8.8      61.1       1.8      52.3
      -3.3      29.0      -1.7      10.9
      -2.3      20.4      -2.1       8.7
      -3.8      19.4      -2.8       8.0
 42503   .064388  -.676070  -.734019
  32026.9  16076.5     -9.0     23.2     54.6      8.4
     -1.0     29.3     55.8     35.0  14201.0  14980.5
      -9.9      61.0      -1.5      48.2
      -3.2      29.2      -2.3      12.7
      -2.2      20.5      -2.4      10.2
      -3.5      19.9      -3.2       9.8
 42504   .000000  -.677476  -.735545
  32034.7  15862.0     -7.6     15.8     51.4      8.0
      -.7     29.3     56.1     29.4  13957.1  14533.8
      -9.1      62.1       -.7      43.2
      -2.6      28.9      -2.8      14.0
      -2.1      20.6      -3.0      11.4
      -3.6      20.7      -4.0      11.6
 42505  -.064388  -.676070  -.734019
  32227.0  15585.8     -6.3     21.3     44.3      9.9
      -.7     29.7     56.1     24.1  13823.1  14465.5
      -8.2      60.4      -2.0      42.8
      -1.9      28.5      -3.4      15.7
      -2.3      20.4      -3.9      12.3
      -3.5      20.7      -5.1      12.9
 42506  -.127982  -.671905  -.729496
  32402.1  15199.5     -8.3     18.2     54.2     28.9
      -.5     29.5     56.4     19.0  13575.2  14249.6
     -10.0      61.3      -3.4      42.8
      -2.5      28.2      -3.7      17.5
      -1.8      20.4      -3.8      13.5
      -2.7      20.6      -5.7      15.0
 42507  -.190037  -.665130  -.722141
  32802.8  14767.4     -8.2     20.6     54.2     28.9
      -.4     30.0     56.5     14.7  14356.3  15102.9
      -9.1      62.8      -4.2      45.3
      -2.4      27.9      -3.6      19.1
      -1.7      20.2      -3.7      15.2
      -2.4      20.7      -5.6      17.2
 42508  -.249898  -.655981  -.712208
  33392.4  13457.1    -29.4    168.4     54.2     28.9
       .0     29.6     55.9     11.9  13817.0  14882.0
      -9.4      60.0      -4.8      43.3
      -2.2      28.4      -2.8      20.4
      -1.4      20.3      -3.3      17.0
      -2.0      20.6      -5.2      18.7
 42509  -.361020  -.631785  -.685938
  34795.6  12081.6     -3.2     16.2     54.2     28.9
      -.1     29.5     53.5     14.6  15754.0  16448.4
      -6.8      62.0      -4.4      45.6
      -1.4      26.9      -2.6      20.7
      -1.2      20.4      -2.9      18.0
      -1.6      20.5      -4.7      20.2
 42510  -.458673  -.602008  -.653609
  36683.2  10825.5       .1     43.3     54.2     28.9
       .0     28.9     54.2     57.7  16792.1  17347.0
      -6.1      62.0      -5.1      45.7
       -.9      26.6      -1.5      23.5
       -.7      19.3      -2.1      20.2
       -.9      19.3      -4.3      21.4
 42511  -.542159  -.569267  -.618061
  39134.7   9940.3     -9.1     51.7     54.2     28.9
      -.1     27.8     54.2     57.7  17914.0  18957.6
      -4.1      59.9      -3.2      46.6
      -1.1      26.2      -1.2      23.8
       -.7      19.2      -1.8      21.1
       -.4      19.2      -2.6      23.2
 42512  -.612205  -.535679  -.581595
  41716.4   9299.2    -22.4     57.8     54.2     28.9
       .4     27.2     54.2     57.7  19802.7  20960.9
      -5.5      59.6      -4.2      47.3
       -.7      25.9       -.7      25.9
        .0      17.5      -1.1      21.6
        .2      18.4      -1.9      24.4
 42513  -.670317  -.502738  -.545830
  44592.1   8697.2     -7.9     79.3     54.2     28.9
       .8     26.0     54.2     57.7  18151.7  21087.6
      -4.9      61.1      -4.4      46.5
       -.2      25.4        .5      25.5
        .0      17.4        .0      22.2
        .2      17.3      -1.1      26.3
 42514  -.718269  -.471364  -.511767
  47912.4   8435.7    -14.3     85.5     -9.5    193.4
       .5     25.3     54.2     57.7  15657.9  20156.7
      -6.7      60.1      -4.4      45.4
       -.3      24.8        .1      26.9
        .6      16.5        .5      23.1
        .3      16.0      -1.1      28.0
 42515  -.757796  -.442047  -.479937
  51305.0   8227.1    -41.5     72.8   -158.1    105.8
       .4     24.3     54.2     57.7  16344.5  19990.1
      -5.6      63.8      -5.0      47.9
        .2      24.7        .8      26.7
        .5      16.6        .8      23.9
        .4      15.4       -.8      31.0
 42516  -.790440  -.414981  -.450551
  54787.5   8041.7    -25.6     88.4   -112.4    190.9
       .5     23.7     54.2     57.7  15404.5  21203.8
      -6.1      61.1      -5.5      47.8
       -.2      23.9       1.1      27.5
        .5      15.6       1.1      24.1
        .7      15.1        .2      33.7
 42517  -.817505  -.390173  -.423616
  58348.0   7850.4    -27.8     86.6   -166.6    188.1
       .6     22.9     54.2     57.7  15760.6  19456.4
      -4.0      61.1      -2.6      43.5
       -.3      23.4        .9      28.3
        .6      15.4       1.5      24.9
        .7      14.9        .1      36.5
 42518  -.840060  -.367526  -.399028
  62148.0   7780.7    -30.1     85.0   -148.7    241.6
       .4     22.4     54.2     57.7  15870.8  20580.8
      -2.8      61.6      -5.0      45.0
        .8      22.7       1.8      27.7
        .6      15.2       1.6      24.6
        .6      14.0       -.3      40.9
 42519   .708659  -.620076  -.336613
  70004.9  13599.0       .1     43.3     54.2     28.9
       .1     86.6     54.2     57.7  37009.5  38398.5
      -5.9      53.9       8.0      49.8
       -.6      25.3       2.0      25.2
      -1.0      21.9       1.7      18.5
       -.5      22.9       1.2      18.2
 42520   .677337  -.646549  -.350984
  66987.4  14372.2       .1     43.3     54.2     28.9
       .1     86.6     54.2     57.7  33960.1  35937.4
      -8.5      52.7       8.9      51.3
      -1.0      25.3       2.0      23.6
       -.3      22.7        .8      18.6
      -1.0      23.1        .9      19.0
 42521   .641844  -.673936  -.365851
  64487.9  14932.3       .1     43.3     54.2     28.9
       .1     86.6     54.2     57.7  31519.0  33106.4
      -9.0      58.5       9.2      53.1
      -1.0      25.8       1.5      24.1
       -.7      23.2        .6      17.4
      -1.8      24.3        .4      16.9
 42522   .601687  -.701968  -.381068
  61763.3  15311.0       .1     43.3     54.2     28.9
       .1     86.6     54.2     57.7  30009.1  31648.0
      -9.1      57.3       9.4      54.9
      -1.1      25.9       1.0      21.8
      -1.0      23.3        .2      15.9
      -1.6      24.5       -.1      16.1
 42523   .556388  -.730259  -.396426
  59278.6  15006.0       .1     43.3     54.2     28.9
       .1     86.6     54.2     57.7  29671.5  30834.5
     -11.2      57.2      10.2      57.7
      -1.0      26.5        .1      22.5
      -1.5      24.2       -.5      15.0
       -.9      25.2      -1.1      14.4
 42524   .505524  -.758286  -.411641
  56964.0  14809.9       .1     43.3     54.2     28.9
       .1     86.6     55.1      7.4  27831.9  29176.8
      -8.5      54.5       6.7      56.4
      -1.3      26.9       -.3      19.5
      -1.6      24.5       -.9      13.0
      -1.8      25.0      -1.4      12.5
 42525   .448787  -.785377  -.426348
  54912.4  14390.6       .1     43.3     54.2     28.9
       .1     86.6     56.7     15.5  26866.5  27930.2
     -10.7      55.7       7.5      60.7
      -1.6      27.4      -1.7      18.9
      -1.4      25.0      -2.2      12.0
      -1.7      25.5      -2.7      11.0
 42526   .386057  -.810720  -.440105
  53036.8  13960.0       .1     43.3     54.6      5.5
       .1     86.6     56.5     27.6  25794.9  27071.9
      -8.5      55.8       6.8      59.2
      -2.0      27.9      -1.9      17.3
      -1.7      25.2      -2.3      10.3
      -2.2      26.2      -2.3       9.6
 42527   .317480  -.833386  -.452409
  51433.9  13574.0       .1     43.3     56.5     11.3
       .1     86.6     56.6     39.3  25159.5  26345.4
     -10.9      53.9       5.2      64.2
      -2.6      28.0      -1.6      15.4
      -1.8      25.8      -2.5       7.9
      -2.6      25.7      -3.0       7.5
 42528   .243541  -.852392  -.462727
  50093.2  13205.0       .1     43.3     54.8     22.2
       .1     86.6     55.0     50.6  24640.7  25332.8
     -10.1      52.7       5.7      78.7
      -2.2      28.2      -1.4      20.8
      -1.8      25.9      -2.9       5.7
      -2.5      26.3      -3.9       5.3
 42529   .165103  -.866792  -.470544
  49448.9  13008.5       .1     43.3     56.3     20.9
       .1     86.6     56.5     49.3  24882.4  25763.3
     -12.0      55.3       4.2      78.4
      -2.3      28.2       2.0      22.1
      -2.5      26.0       1.1       7.6
      -3.0      26.1        .3       6.3
 42530   .124573  -.872008  -.473376
  49069.3  12920.7       .1     43.3     57.4     16.0
       .1     86.6     57.7     44.4  24329.7  24919.7
     -10.6      52.5       6.9      70.3
      -2.0      28.4       -.4      17.5
      -2.0      26.1       -.5       8.1
      -3.2      26.4      -1.0       7.0
 42531   .083409  -.875791  -.475429
  48967.6  12814.0       .1     43.3     57.1     10.3
       .1     86.6     57.6     38.7  23990.0  24970.3
     -11.2      55.2       1.8      67.0
      -1.9      28.2      -1.0      14.6
      -2.1      26.0      -1.3       8.5
      -2.9      26.2      -2.0       7.6
 42532   .041814  -.878085  -.476675
  49008.6  12812.5       .1     43.3     56.7      5.5
       .1     86.6     57.5     32.7  23444.1  24789.7
     -11.6      55.5       2.3      58.8
      -2.3      28.6      -1.8      15.0
      -2.0      26.2      -1.9       9.6
      -3.0      26.3      -2.5       8.6
 42533   .000000  -.878853  -.477092
  49058.8  12778.1       .1     43.3     53.1      4.1
       .1     86.6     57.7     26.8  23835.2  25005.6
      -8.5      51.4       -.1      49.9
      -1.8      28.4      -2.7      14.3
      -1.5      26.1      -2.6       9.8
      -2.5      26.7      -3.1       9.3
 42534  -.041814  -.878085  -.476675
  49327.0  12783.4       .1     43.3     54.2     28.9
       .1     86.6     58.1     20.7  23936.5  24707.6
     -10.5      56.2       -.3      56.0
      -1.6      28.5      -2.7      15.2
      -1.2      26.3      -2.8      10.6
      -2.6      26.7      -3.9       9.9
 42535  -.083409  -.875791  -.475429
  49402.0  12847.3       .1     43.3     54.2     28.9
       .1     86.6     58.0     15.0  24190.0  25023.4
      -7.5      51.8       -.5      51.5
      -1.8      28.4      -2.3      16.8
      -1.4      25.9      -2.6      11.3
      -2.3      26.8      -3.7      11.0
 42536  -.124573  -.872008  -.473376
  49763.4  12957.5       .1     43.3     54.2     28.9
       .1     86.6     58.0     10.0  24219.2  25264.5
     -11.5      60.3        .6      52.9
      -1.3      27.9      -2.0      17.3
      -1.6      25.9      -2.4      12.7
      -2.2      26.6      -3.6      12.3
 42537  -.165103  -.866792  -.470544
  50076.9  12986.9       .1     43.3     54.2     28.9
       .1     86.6     57.2      7.3  24310.2  25345.8
      -8.4      52.0      -1.0      50.9
      -1.2      28.1      -1.5      17.3
      -1.7      26.4      -1.9      13.5
      -2.5      26.0      -3.4      13.3
 42538  -.243541  -.852392  -.462727
  51160.1  13079.0       .1     43.3     54.2     28.9
       .1     86.6     55.2      7.1  25076.0  25828.0
      -8.6      53.9      -1.9      47.7
       -.7      28.1      -1.5      18.9
       -.3      25.9      -1.6      14.7
      -2.5      27.1      -3.5      14.8
 42539  -.317480  -.833386  -.452409
  52491.4  12781.5       .1     43.3     54.2     28.9
       .1     86.6     54.2     57.7  23828.2  25003.1
     -10.5      56.5      -2.0      47.9
       -.6      27.4       -.6      19.8
       -.4      25.5       -.7      16.6
      -1.7      26.8      -3.4      17.8
 42540  -.386057  -.810720  -.440105
  54023.6  12643.2       .1     43.3     54.2     28.9
       .1     86.6     54.2     57.7  25675.0  26703.0
      -9.5      57.4      -3.0      46.4
       -.2      27.3       -.5      20.6
      -1.0      25.8       -.9      17.8
       -.5      26.5      -1.2      18.1
 42541  -.448787  -.785377  -.426348
  56002.8  12156.9       .1     43.3     54.2     28.9
       .1     86.6     54.2     57.7  27880.0  28944.9
      -7.4      56.2      -3.0      44.2
       -.3      27.2        .2      23.1
       -.3      25.0       -.1      19.6
       -.8      25.7      -1.2      21.0
 42542  -.505524  -.758286  -.411641
  58112.2  11327.3       .1     43.3     54.2     28.9
       .1     86.6     54.2     57.7  29830.8  31139.8
     -10.0      55.9      -4.4      46.6
       -.9      26.4        .2      22.6
        .1      24.1        .6      19.3
       -.6      24.9       -.5      20.2
 42543  -.556388  -.730259  -.396426
  60479.2  10955.8       .1     43.3     54.2     28.9
       .1     86.6     54.2     57.7  30745.3  31917.8
      -9.0      56.4      -3.4      47.2
        .2      26.0       1.1      24.6
       -.2      23.7        .4      21.8
       -.7      24.8        .1      22.2
 42544  -.601687  -.701968  -.381068
  63080.8  10345.2       .1     43.3     54.2     28.9
       .1     86.6     54.2     57.7  32777.8  33818.2
      -8.2      57.9      -3.7      44.0
       -.1      26.2       1.1      24.6
        .8      23.5       1.7      21.2
       -.6      24.4        .2      22.4
 42545  -.641844  -.673936  -.365851
  65970.5  10035.9       .1     43.3     54.2     28.9
       .1     86.6     54.2     57.7  33592.6  35555.0
      -8.0      58.1      -4.6      44.5
        .7      25.6       2.0      26.1
        .4      22.3       1.5      22.2
        .2      23.2        .6      22.8
 42546  -.677337  -.646549  -.350984
  68920.1   9728.5       .1     43.3     54.2     28.9
       .1     86.6     54.2     57.7  34552.8  37326.1
      -7.7      59.9      -2.6      44.4
        .6      25.2       2.5      25.8
        .0      22.3       1.8      23.2
        .4      23.3       1.2      25.2
 42547  -.708659  -.620076  -.336613
  71727.3   9412.6   -132.6    137.3     54.2     28.9
       .1     86.6     54.2     57.7  33244.3  37810.0
      -6.9      56.3      -1.8      40.9
        .2      25.1       1.9      26.2
        .1      21.7       1.6      23.4
        .4      23.4       1.4      26.6
 42548   .482910  -.845093  -.229382
 102397.1  13602.6       .1     43.3     54.2     28.9
       .1     86.6     54.2     57.7  56963.1  58903.1
     -11.9      56.8       8.0      58.9
       -.8      28.2       2.2      23.3
       -.7      24.9       1.8      16.0
       -.6      25.6       1.1      14.8
 42549   .451149  -.861285  -.233777
 100455.5  13405.9       .1     43.3     54.2     28.9
       .1     86.6     54.2     57.7  55326.6  57395.5
     -10.5      54.8       8.2      59.2
      -1.3      28.3       2.5      21.9
       -.9      24.8       1.5      14.6
       -.7      26.1       1.3      13.1
 42550   .417577  -.876913  -.238019
  98728.8  13121.7       .1     43.3     54.2     28.9
       .1     86.6     54.2     57.7  53588.2  55580.6
      -9.1      54.3       8.7      60.6
       -.9      28.2       1.4      23.5
       -.7      25.2        .7      14.1
      -1.0      26.4        .4      13.1
 42551   .382204  -.891810  -.242063
  96847.3  12895.0       .1     43.3     54.2     28.9
       .1     86.6     54.2     57.7  52349.3  55055.1
     -10.5      53.3      10.7      67.3
      -1.5      28.0       1.3      22.2
       -.9      25.9        .8      12.9
       -.5      26.3        .1      11.3
 42552   .345068  -.905804  -.245861
  94907.8  12734.1       .1     43.3     54.2     28.9
       .1     86.6     54.2     57.7  51588.8  53018.8
      -9.0      51.6       8.7      66.8
      -1.4      28.9        .1      23.3
      -1.3      25.5       -.3      12.2
      -1.1      27.1       -.8      10.6
 42553   .306238  -.918714  -.249365
  93673.0  12550.4       .1     43.3     54.2     28.9
       .1     86.6     53.7      5.2  50816.4  52464.6
     -10.6      52.3       7.4      73.0
      -1.6      27.9       -.1      22.5
      -1.4      25.7       -.8      11.0
       -.5      26.9      -1.2       9.9
 42554   .265817  -.930361  -.252527
  92267.9  12378.0       .1     43.3     54.2     28.9
       .1     86.6     57.5     11.9  50555.5  51816.2
     -11.8      51.3      10.2      74.7
      -1.8      28.4      -1.3      21.8
      -1.7      25.7      -2.1      10.2
      -1.3      27.0      -2.5       8.6
 42555   .223945  -.940570  -.255298
  91384.5  12276.9       .1     43.3     -5.0    189.7
       .1     86.6     57.5     24.5  49563.9  51224.0
      -9.8      54.4       3.0      73.7
      -1.7      28.3      -2.4      23.2
      -1.2      25.6      -2.7      10.1
      -1.9      27.2      -3.3       8.2
 42556   .180796  -.949177  -.257634
  90340.0  12178.5       .1     43.3     57.0      9.0
       .1     86.6     56.9     37.2  49630.7  51288.5
     -11.9      54.9      10.4      87.8
      -2.1      28.4      -1.2      24.3
      -1.6      25.5      -2.6       8.7
      -1.5      26.9      -3.1       7.7
 42557   .136577  -.956038  -.259496
  89862.6  12130.2       .1     43.3     55.9     21.0
       .1     86.6     55.8     49.3  48897.4  50499.9
     -12.9      54.7       7.9      98.5
      -2.4      29.2       -.9      38.1
      -2.1      25.7      -3.1      12.7
      -2.2      27.1      -4.2       5.4
 42558   .091527  -.961030  -.260851
  89415.6  12006.4       .1     43.3     57.6     19.7
       .1     86.6     57.5     48.3  49535.3  50923.0
     -10.9      54.5       5.5      96.1
      -2.0      28.7       1.6      40.1
      -1.7      25.5       1.6      14.8
      -2.4      26.7       1.3       9.0
 42559   .068771  -.962796  -.261330
  89337.3  11923.8       .1     43.3     58.9     14.6
       .1     86.6     59.1     43.1  48383.3  50419.4
     -12.6      55.0       4.9      93.0
      -2.1      28.3       1.4      33.9
      -1.6      25.8        .5      10.7
      -2.3      26.6        .1       7.6
 42560   .045908  -.964064  -.261674
  89119.3  11967.6       .1     43.3     59.1      8.7
       .1     86.6     59.2     37.1  48910.1  51003.2
     -10.9      54.9       3.1      86.5
      -2.0      29.4        .6      25.8
      -1.8      25.8       -.5      10.5
      -2.6      27.0      -1.1       7.7
 42561   .022972  -.964827  -.261882
  89155.6  11975.0       .1     43.3     58.5      3.2
       .1     86.6     59.0     30.7  49450.4  50785.5
     -11.2      53.1       6.3      80.6
      -2.5      29.1       -.4      22.8
      -1.8      25.7      -1.2      10.1
      -2.7      26.8      -1.6       8.0
 42562   .000000  -.965081  -.261951
  89252.6  12020.0       .1     43.3     54.2     28.9
       .1     86.6     59.3     24.2  49077.1  50752.1
     -11.3      55.1       3.1      78.2
      -1.9      29.0      -1.6      22.3
      -1.8      26.1      -1.6       9.4
      -2.5      27.5      -2.3       7.7
 42563  -.022972  -.964827  -.261882
  89157.0  11921.2       .1     43.3     54.2     28.9
       .1     86.6     59.1     18.0  50148.8  51654.7
     -11.5      59.1       4.8      75.2
      -2.2      28.5      -1.3      21.1
      -1.4      26.4      -1.8       9.3
      -2.0      27.7      -2.3       7.8
 42564  -.045908  -.964064  -.261674
  89624.8  11919.7       .1     43.3     54.2     28.9
       .1     86.6     59.2     11.5  48295.4  49837.4
     -12.1      55.3       4.4      72.4
      -2.0      28.8      -1.1      19.3
      -1.2      26.2      -1.3      10.0
      -1.8      27.2      -1.9       8.3
 42565  -.068771  -.962796  -.261330
  89501.6  11936.2       .1     43.3     54.2     28.9
       .1     86.6     59.2      5.8  49408.6  50915.3
      -9.3      54.2       3.5      69.4
      -1.6      28.6       -.5      18.9
      -1.0      26.1       -.8       9.8
      -1.9      27.6      -1.5       8.9
 42566  -.091527  -.961030  -.260851
  89736.6  12001.8       .1     43.3     54.2     28.9
       .1     86.6     56.6      4.0  49235.2  50623.8
     -11.1      50.6        .6      65.7
      -1.8      29.0       -.6      18.5
      -1.5      26.7       -.6       9.8
      -1.5      27.5      -1.0       8.8
 42567  -.136577  -.956038  -.259496
  90410.5  12039.7       .1     43.3     54.2     28.9
       .1     86.6     54.2     57.7  49187.4  51272.4
     -10.9      58.7       -.5      60.8
      -1.5      29.2       -.3      19.5
      -1.2      26.2       -.6      11.3
      -1.6      27.8      -1.1      10.2
 42568  -.180796  -.949177  -.257634
  91228.5  12127.0       .1     43.3     54.2     28.9
       .1     86.6     54.2     57.7  48757.4  50696.6
      -9.8      53.2       -.8      56.0
       -.8      29.2       1.0      17.6
      -1.4      26.4        .5      11.7
      -1.4      27.4       -.2      11.0
 42569  -.223945  -.940570  -.255298
  92311.8  12288.9       .1     43.3     54.2     28.9
       .1     86.6     54.2     57.7  50558.6  52310.6
     -10.3      54.1      -2.3      57.7
      -1.3      29.4        .1      19.2
       -.9      26.9        .2      12.9
       -.9      27.7        .1      12.1
 42570  -.265817  -.930361  -.252527
  93745.9  12388.8       .1     43.3     54.2     28.9
       .1     86.6     54.2     57.7  50995.7  53202.2
      -8.8      56.1      -1.2      57.4
       -.4      29.1       1.4      18.8
       -.9      26.3       1.1      13.4
      -1.0      27.0        .9      12.9
 42571  -.306238  -.918714  -.249365
  95085.3  12544.9       .1     43.3     54.2     28.9
       .1     86.6     54.2     57.7  53120.8  54525.2
     -10.0      56.0      -4.3      49.5
       -.9      29.0       1.3      19.3
       -.6      26.7       1.1      14.6
      -1.3      27.8        .7      14.0
 42572  -.345068  -.905804  -.245861
  96210.6  12605.8       .1     43.3     54.2     28.9
       .1     86.6     54.2     57.7  52756.2  54401.2
     -11.8      57.6      -5.0      50.8
      -1.0      28.3       1.8      20.2
       -.5      26.2       1.7      15.5
       -.6      27.4       1.0      15.6
 42573  -.382204  -.891810  -.242063
  97871.6  12702.8       .1     43.3     54.2     28.9
       .1     86.6     54.2     57.7  52202.8  55018.6
     -12.0      57.6      -1.1      47.4
       -.4      28.7       1.7      20.4
        .0      25.6       1.7      15.5
       -.6      27.6       1.4      15.3
 42574  -.417577  -.876913  -.238019
  99817.4  12590.4       .1     43.3     54.2     28.9
       .1     86.6     54.2     57.7  53297.1  55902.6
      -9.9      55.7      -2.2      45.1
       -.1      28.7       2.7      21.3
        .2      25.8       2.3      17.9
      -1.1      27.8        .7      18.0
 42575  -.451149  -.861285  -.233777
 101843.6  12518.9       .1     43.3     54.2     28.9
       .1     86.6     54.2     57.7  52126.8  54929.0
     -10.1      53.5       -.2      40.7
        .2      27.7       3.0      20.4
        .2      25.2       2.7      17.4
       -.9      27.4        .6      17.4
 42576  -.482910  -.845093  -.229382
 103860.3  12305.1       .1     43.3     54.2     28.9
       .1     86.6     54.2     57.7  55073.8  57001.7
      -7.1      53.2      -1.9      41.0
       -.5      28.5       2.0      22.1
       -.3      25.5       2.3      19.5
       1.1      25.8       2.9      19.8
 42577   .337328  -.927651  -.160231
 145959.1  12659.3       .1     43.3     54.2     28.9
       .1     86.6     54.2     57.7  83518.0  86193.7
      -7.4      48.3       9.8      59.7
      -1.4      29.2       2.4      25.2
       -.8      26.6       1.6      13.7
       -.3      27.4       1.6      12.1
 42578   .312066  -.936198  -.161707
 144753.5  12547.7       .1     43.3     54.2     28.9
       .1     86.6     54.2     57.7  82459.5  86417.3
     -11.0      53.5       9.5      66.0
      -2.0      29.6       3.2      25.3
      -1.6      26.4       1.8      12.0
      -1.2      26.9       1.7      10.4
 42579   .286124  -.944211  -.163091
 143497.7  12536.5       .1     43.3     54.2     28.9
       .1     86.6     54.2     57.7  80814.4  84447.8
      -8.4      50.9      12.4      74.9
      -1.4      29.8       2.1      25.6
       -.7      26.9       1.1      12.6
      -1.7      27.6       1.0      11.0
 42580   .259539  -.951641  -.164374
 142047.0  12390.0       .1     43.3     54.2     28.9
       .1     86.6     54.2     57.7  81248.0  84256.8
     -10.2      55.5       9.8      73.9
      -2.0      29.7       2.0      25.6
       -.7      26.5       1.0      11.3
      -1.1      26.9        .7       9.7
 42581   .232349  -.958440  -.165549
 140977.6  12290.2       .1     43.3     54.2     28.9
       .1     86.6     54.2     57.7  79047.9  81886.3
     -10.3      49.5       4.4      76.1
      -1.8      29.9       1.0      27.7
       -.8      26.7       -.1      11.6
      -1.8      27.6       -.4       9.7
 42582   .204604  -.964562  -.166606
 140020.7  12234.6       .1     43.3     54.2     28.9
       .1     86.6     54.2     57.7  79753.7  82614.6
     -11.0      52.8       9.1      89.5
      -1.1      29.5        .5      29.5
      -1.6      26.8       -.6      11.6
      -1.8      27.9      -1.0       8.6
 42583   .176357  -.969963  -.167539
 139061.6  12133.2       .1     43.3     54.2     28.9
       .1     86.6     57.8      9.8  80209.4  82497.7
      -9.5      52.1       9.1      84.8
      -2.4      29.9       -.6      29.4
      -1.2      26.7      -1.7      10.3
      -2.3      27.3      -2.1       8.2
 42584   .147667  -.974605  -.168341
 138626.0  12007.2       .1     43.3     54.2     28.9
       .1     86.6     57.8     23.0  78966.5  82386.1
      -9.0      48.8       7.2      92.6
      -2.4      30.7      -1.2      31.1
      -1.7      26.9      -2.6      11.2
      -2.0      27.4      -3.1       8.5
 42585   .118600  -.978453  -.169006
 138052.3  11992.7       .1     43.3     57.5      7.8
       .1     86.6     57.2     36.0  79003.3  81990.3
      -9.2      49.4       2.8     100.7
      -2.8      30.0      -1.1      36.8
      -1.8      26.7      -2.0      14.7
      -2.1      27.1      -3.0       8.3
 42586   .089225  -.981478  -.169528
 137646.5  12056.2       .1     43.3     56.2     20.2
       .1     86.6     56.0     48.5  78750.0  81077.1
      -8.9      54.2       8.9     107.7
      -2.4      30.1       -.2      53.0
      -1.7      26.4      -2.8      19.8
      -2.0      27.1      -4.1       9.9
 42587   .059616  -.983656  -.169904
 137404.9  11910.1       .1     43.3     58.0     19.3
       .1     86.6     57.9     47.5  78556.3  81848.8
     -12.2      51.6       3.7     113.9
      -2.5      29.7       1.1      55.1
      -2.1      26.7       2.3      22.2
      -2.3      27.4       1.7      12.6
 42588   .044746  -.984421  -.170036
 137142.2  11932.5       .1     43.3     59.7     14.1
       .1     86.6     59.6     42.3  78108.7  81185.7
     -11.2      50.9       6.6     108.5
      -2.9      30.1       1.3      47.1
      -2.0      26.5        .8      17.2
      -2.4      27.0        .4      11.4
 42589   .029848  -.984969  -.170131
 137052.6  11957.2       .1     43.3     60.2      8.0
       .1     86.6     60.0     36.3  78288.0  80502.1
     -13.3      57.4       2.3     109.1
      -2.5      29.9       1.0      39.3
      -1.8      26.9       -.1      14.6
      -2.5      27.2       -.3       9.0
 42590   .014929  -.985299  -.170188
 137155.7  11948.0       .1     43.3     59.5      2.1
       .1     86.6     60.1     29.7  79288.6  81711.6
      -9.2      53.6        .4      99.1
      -2.3      29.7       -.1      33.6
      -1.4      26.9       -.5      11.6
      -2.2      27.1      -1.2       8.8
 42591   .000000  -.985408  -.170207
 136903.4  11928.7       .1     43.3     54.2     28.9
       .1     86.6     59.9     23.2  78143.3  81164.2
     -11.5      53.9       4.9      92.8
      -3.1      29.9       -.7      31.1
      -1.7      26.8      -1.1      11.4
      -2.4      27.2      -1.9       8.0
 42592  -.014929  -.985299  -.170188
 137405.6  11908.1       .1     43.3     54.2     28.9
       .1     86.6     59.8     16.5  79032.2  81369.6
      -7.0      51.2       5.2      95.0
      -2.5      30.3       -.5      28.6
      -1.8      26.9      -1.2      11.1
      -1.5      27.6      -1.4       7.8
 42593  -.029848  -.984969  -.170131
 137409.7  11968.1       .1     43.3     54.2     28.9
       .1     86.6     59.9     10.0  78772.1  80923.2
     -12.6      54.2       3.3      81.6
      -2.9      30.2       -.1      29.9
      -1.9      27.2       -.7      10.8
      -2.1      27.6      -1.0       8.4
 42594  -.044746  -.984421  -.170036
 137590.1  11965.1       .1     43.3     54.2     28.9
       .1     86.6     59.7      3.7  78969.6  81999.9
     -12.5      52.4       2.3      88.2
      -2.3      29.9        .5      25.8
      -1.4      26.8       -.1      10.1
      -2.0      28.0       -.6       8.2
 42595  -.059616  -.983656  -.169904
 137764.4  12003.5       .1     43.3     54.2     28.9
       .1     86.6     54.2     57.7  78621.2  81517.7
      -9.9      50.7       7.1      83.8
      -2.1      30.1       -.1      25.3
      -1.9      27.4       -.4       9.8
      -1.5      28.0       -.3       8.2
 42596  -.089225  -.981478  -.169528
 138294.0  12019.7       .1     43.3     54.2     28.9
       .1     86.6     54.2     57.7  77391.8  80285.2
      -8.8      57.0       4.6      77.1
      -1.9      30.9        .1      23.9
      -1.6      27.1        .0      10.4
      -1.9      27.8       -.3       9.2
 42597  -.118600  -.978453  -.169006
 138944.5  12076.4       .1     43.3     54.2     28.9
       .1     86.6     54.2     57.7  78436.7  80717.7
     -11.8      54.0      -7.0      74.7
      -1.6      29.6       1.3      21.9
      -1.5      27.4       1.2      10.6
      -1.7      27.8        .9       8.5
 42598  -.147667  -.974605  -.168341
 139852.4  12019.9       .1     43.3     54.2     28.9
       .1     86.6     54.2     57.7  78055.1  80810.1
      -9.5      52.1        .8      70.7
      -2.0      30.5       1.1      23.9
      -1.5      27.2        .8      11.3
      -1.2      27.7        .7       9.7
 42599  -.176357  -.969963  -.167539
 140621.8  12085.7       .1     43.3     54.2     28.9
       .1     86.6     54.2     57.7  80092.5  83448.5
     -10.9      54.8       -.8      56.3
      -1.8      30.8       1.7      21.5
       -.7      27.0       2.0      11.0
      -1.5      27.2       1.7       9.7
 42600  -.204604  -.964562  -.166606
 141202.7  12240.6       .1     43.3     54.2     28.9
       .1     86.6     54.2     57.7  79647.9  82277.1
      -9.1      54.5       2.0      59.4
      -1.5      30.1       1.1      20.8
      -1.1      27.4       1.4      11.8
      -1.4      27.9       1.3      10.6
 42601  -.232349  -.958440  -.165549
 142545.1  12246.1       .1     43.3     54.2     28.9
       .1     86.6     54.2     57.7  80462.3  82949.5
     -11.4      51.0      -1.2      54.1
       -.9      30.4       2.3      19.4
       -.6      26.9       2.4      12.1
      -1.3      27.7       1.5      11.3
 42602  -.259539  -.951641  -.164374
 143415.0  12266.0       .1     43.3     54.2     28.9
       .1     86.6     54.2     57.7  80543.3  84132.9
      -8.9      53.0       -.5      53.6
      -1.9      30.1       1.4      19.5
       -.3      27.4       2.4      13.1
       -.4      27.8       2.2      12.2
 42603  -.286124  -.944211  -.163091
 145157.1  12396.7       .1     43.3     54.2     28.9
       .1     86.6     54.2     57.7  81925.9  85163.7
     -11.1      56.5      -2.9      48.2
      -1.6      30.2       2.2      20.0
       -.5      26.7       2.8      12.9
      -1.0      27.4       2.3      12.5
 42604  -.312066  -.936198  -.161707
 146356.0  12530.6       .1     43.3     54.2     28.9
       .1     86.6     54.2     57.7  82109.3  86617.2
      -9.3      52.8      -2.7      43.0
      -1.0      30.5       2.4      20.6
       -.2      27.1       2.8      13.7
       -.8      27.7       2.6      12.8
 42605  -.337328  -.927651  -.160231
 147843.4  12583.7       .1     43.3     54.2     28.9
       .1     86.6     54.2     57.7  85712.3  88332.8
     -10.2      55.7       -.1      43.7
      -1.3      30.4       2.6      20.1
       -.5      26.4       3.0      14.3
      -1.3      27.4       2.6      14.3
