Dot1_150x100_prd2012lk:dj0025b@-210V,0.0T@90d,277K,rhe=1.10,rhh=0.7, 0.65/1.30  
  7282   1   .00  60   5  29   0  210.00  277.00     .25 1.04600  1250.0    -.40    -.13  150.  100.  285.  2250.0    -.20    -.06    1.50    1.00     .85
 46401   .000000   .000000 -1.000000
  26280.7  21799.6       .2     41.7       .0     26.9
       .2     84.5       .0     55.6  11223.0  11766.2
      -1.8      74.7      -2.5      64.7
        .1      11.6        .7      10.1
        .2       1.7        .4       3.4
        .2       1.3        .1       1.5
 46402   .000000  -.130455  -.991454
  26449.8  21948.7      -.4     35.9       .3     26.8
      -.3     78.1       .2     55.6  10538.7  11172.1
       -.5      61.3        .9      67.1
       -.2       6.0       -.5       9.9
       -.1       3.1        .1       2.1
       -.1       2.8        .0       1.6
 46403   .000000  -.254493  -.967075
  26894.5  22510.7      -.2     29.0       .2     27.0
       .0     70.0       .2     55.7  10732.9  11335.4
      -5.6      49.2      -3.5      70.1
       -.4       8.5       -.2       8.3
       -.3       6.0        .0       2.5
       -.3       5.5        .1       1.5
 46404   .000000  -.367167  -.930155
  27804.6  22545.4      -.5     22.3      -.1     26.9
      -.2     61.7      -.2     55.7  11157.8  11938.5
      -4.4      49.3      -1.8      67.1
       -.2      12.7       -.4       8.2
       -.1       9.2       -.1       2.5
       -.4       8.1        .1       1.5
 46405   .000000  -.465746  -.884918
  29056.7  21608.0      -.6     16.3       .3     27.0
      -.4     52.9       .3     55.7  12068.9  12642.8
      -5.9      49.7       1.4      72.0
       -.2      16.4        .0      14.4
       -.4      11.7       -.2       3.5
       -.4      10.5        .2       1.7
 46406   .000000  -.549617  -.835417
  30696.4  20448.3      -.6     12.3       .2     26.8
      -.5     44.5       .2     55.6  12431.0  12993.9
      -5.2      53.2      -2.7      73.7
       -.6      20.1       -.4      12.2
       -.5      14.6        .2       3.5
       -.5      13.5       -.1       1.7
 46407   .000000  -.619644  -.784883
  32418.3  18952.0     -4.6     14.9       .2     26.9
      -.3     35.3       .2     55.6  13676.8  14925.2
      -5.8      54.9       2.0      71.3
       -.5      24.9       -.1      15.9
       -.3      17.4        .2       3.6
       -.7      16.1        .0       1.8
 46408   .000000  -.677476  -.735545
  34517.5  17136.1      -.2     43.3       .2     26.9
     -1.0     26.3       .2     55.5  15024.4  16083.3
      -5.6      57.5      -2.6      72.6
       -.3      28.6        .1      17.2
       -.7      20.4        .2       2.9
       -.4      18.2        .0       1.9
 46409   .000000  -.724999  -.688749
  36877.2  16246.0      -.2     43.3      -.3     26.7
      -.3     17.4      -.3     55.5  15997.8  17084.8
      -8.5      58.8      -3.4      76.4
       -.6      30.9        .1      19.8
       -.3      21.9       -.1       3.1
       -.5      20.9       -.2       1.9
 46410   .000000  -.764030  -.645181
  39261.8  15404.7      -.2     43.3       .1     27.1
      -.3     10.7       .0     55.4  17323.7  18090.0
      -6.9      55.0      -1.6      77.0
       -.5      30.3       -.3      17.4
       -.5      23.3        .1       3.9
       -.7      23.0       -.1       3.2
 46411   .000000  -.796162  -.605083
  41771.9  14840.6      -.2     43.3      -.1     26.6
     -3.2     10.2       .0     55.3  18169.6  19095.7
      -8.0      55.2       6.3      75.8
       -.5      27.8       -.4      19.7
        .1      24.2       -.1       6.0
       -.5      25.0        .0       2.0
 46412   .000000  -.822730  -.568432
  44235.0  14358.3      -.2     43.3      -.1     26.8
      -.2     86.6       .0     55.4  20025.5  21087.6
      -8.2      51.5       4.4      79.2
       -.1      26.1        .0      23.6
       -.1      22.3        .0       4.5
       -.8      24.9        .3       6.2
 46413   .000000  -.844819  -.535052
  47142.1  14026.5      -.2     43.3       .1     26.8
      -.2     86.6       .1     55.3  22162.2  23218.1
      -7.4      52.5        .8      82.8
       -.4      25.1       1.0      27.0
        .0      20.9       -.3       7.0
       -.6      22.8        .2       2.2
 46414   .000000  -.863297  -.504697
  50078.6  13816.8      -.2     43.3       .1     26.7
      -.2     86.6       .1     55.3  23588.4  24507.5
      -7.2      54.4      -2.6      85.3
        .1      26.0        .1      27.1
       -.2      22.2        .2       7.7
       -.2      21.6        .0       4.5
 46415   .000000  -.878853  -.477092
  52765.9  13638.5      -.2     43.3       .0     26.6
      -.2     86.6       .0     55.2  25567.9  26435.9
      -8.6      53.6       -.5      79.1
        .0      27.8       -.3      29.1
       -.3      25.8       -.4       6.8
       -.6      26.5       -.1       4.5
 46416   .000000  -.892036  -.451965
  55739.6  13524.4      -.2     43.3       .4     26.6
      -.2     86.6       .4     55.2  27399.3  28601.9
      -9.1      57.0       -.5      88.2
        .3      28.1       -.3      32.2
        .4      25.0       -.2       7.3
       -.2      28.1        .1       3.4
 46417   .000000  -.903278  -.429057
  58944.1  13335.0      -.2     43.3       .0     26.5
      -.2     86.6       .0     55.1  29160.0  30157.7
     -11.2      54.6      -1.0      87.5
       -.6      26.0        .3      32.6
       -.5      22.6        .0       9.7
       -.4      24.5        .0       3.4
 46418   .000000  -.912924  -.408131
  61849.4  13294.6      -.2     43.3      -.1     26.4
      -.2     86.6      -.2     55.0  30444.1  31488.9
     -10.0      54.4      -2.8      87.3
       -.3      26.7       -.7      35.4
       -.3      22.7        .6      10.2
       -.4      22.8       -.5       9.7
 46419   .000000  -.921250  -.388972
  64821.0  13188.3      -.2     43.3       .1     26.4
      -.2     86.6       .2     55.0  32105.5  33163.8
     -10.3      55.2       1.3      89.8
       -.5      27.6       2.2      37.5
       -.4      24.9       -.2       9.6
       -.1      24.7        .0       3.9
 46420   .000000  -.928477  -.371391
  68008.6  13121.9      -.2     43.3      -.1     26.4
      -.2     86.6      -.1     55.0  34124.0  35446.6
      -8.5      54.3      -1.1      95.9
        .0      28.2       -.1      39.9
       -.2      25.2      -1.1      12.9
       -.6      26.0       -.1       5.3
 46421   .000000  -.934784  -.355218
  71292.8  13088.5      -.2     43.3       .0     26.4
      -.2     86.6       .1     55.0  35479.6  37336.3
     -10.5      55.3       4.9      91.8
       -.3      26.7       1.3      41.7
        .1      23.7        .2      15.1
       -.4      25.3       -.2       6.1
 46422   .000000  -.940315  -.340305
  74271.5  13040.9      -.2     43.3      -.1     26.4
      -.2     86.6       .0     54.9  37283.9  39023.5
     -10.1      53.9      -2.3      95.0
       -.1      26.7        .4      40.6
       -.1      23.5        .1      14.0
       -.5      23.7       -.3       6.0
 46423   .000000  -.945190  -.326520
  77077.0  12898.6      -.2     43.3       .1     26.5
      -.2     86.6       .1     54.9  38576.8  40430.2
      -9.0      55.0       6.6      96.0
        .4      29.3       -.4      42.5
        .1      27.2       -.2      15.1
       -.1      26.8        .3       9.4
 46424   .000000  -.949506  -.313750
  80465.5  12936.2      -.2     43.3      -.1     26.4
      -.2     86.6      -.1     54.8  40897.5  42731.6
     -10.1      52.4       1.9      95.1
       -.1      29.5        .4      41.5
       -.2      27.8        .6      16.4
       -.4      29.6        .4       7.3
 46425   .000000  -.953342  -.301892
  83600.0  12915.5      -.2     43.3       .1     26.3
      -.2     86.6       .1     54.7  43140.2  45085.7
     -10.3      49.8      -2.6     100.8
       -.3      27.8       -.7      44.5
       -.2      24.9        .6      14.8
       -.1      25.8        .3       7.8
 46426   .000000  -.956767  -.290857
  86934.9  12825.5      -.2     43.3       .3     26.3
      -.2     86.6       .2     54.7  44722.9  46632.5
      -9.9      54.3      -4.0     101.0
       -.3      28.0       1.0      47.3
        .0      24.0       1.2      20.1
       -.2      23.9        .0      10.0
 46427   .000000  -.959834  -.280567
  89962.2  12883.3      -.2     43.3      -.1     26.3
      -.2     86.6       .0     54.7  47658.0  48797.7
     -10.7      53.2        .0     102.2
       -.4      29.7       -.3      47.9
       -.4      25.4       -.1      18.6
       -.4      25.4        .4       8.9
 46428   .000000  -.962593  -.270952
  93201.3  12791.3      -.2     43.3       .4     26.2
      -.2     86.6       .3     54.6  48754.2  50458.3
     -10.6      52.5      -7.4      98.7
       -.4      28.7       -.2      50.6
        .3      26.0       -.6      22.9
       -.5      26.5        .4      10.0
 46429   .000000  -.965081  -.261951
  96430.2  12825.7      -.2     43.3       .2     26.3
      -.2     86.6       .1     54.6  49477.8  51668.6
      -6.3      51.4        .5     104.5
       -.7      28.5       -.4      50.5
        .1      25.1       1.0      21.4
        .0      25.3        .4       9.1
 46430   .000000  -.967333  -.253508
  99729.8  12744.9      -.2     43.3      -.1     26.0
      -.2     86.6      -.2     54.5  51838.0  54503.1
      -9.4      52.6       3.4     110.0
       -.3      27.8       -.4      50.9
        .2      24.0        .9      18.8
       -.2      24.2       -.1      10.7
 46431   .000000  -.969377  -.245576
 102961.6  12835.6      -.2     43.3      -.1     26.2
      -.2     86.6      -.1     54.5  53992.3  56297.3
      -4.9      52.0      -1.9      98.7
       -.1      30.3      -2.0      53.7
       -.1      27.3        .2      24.3
       -.3      27.2       -.2      10.1
 46432   .000000  -.971238  -.238110
 105957.3  12787.9      -.2     43.3       .3     26.2
      -.2     86.6       .3     54.5  56019.9  58481.8
     -13.6      54.5      -1.2     108.6
       -.1      30.6       1.5      50.3
       -.5      28.6      -1.8      26.9
       -.4      30.2       -.3      12.8
 46433   .000000  -.972937  -.231072
 109326.1  12764.5      -.2     43.3       .1     26.0
      -.2     86.6       .1     54.3  57756.3  59644.7
     -10.0      54.2       1.4     107.4
        .1      28.7        .4      54.4
        .2      25.4        .2      25.0
       -.2      26.3       -.5      14.1
 46434   .000000  -.974491  -.224428
 112723.6  12763.4      -.2     43.3       .0     26.0
      -.2     86.6       .0     54.4  60175.8  62008.6
     -10.3      53.1        .0     111.7
       -.1      27.6       -.2      56.4
        .4      24.6        .3      25.9
        .1      24.3        .4      11.8
 46435   .000000  -.975916  -.218146
 115749.2  12826.6      -.2     43.3      -.1     26.1
      -.2     86.6      -.1     54.3  61136.8  63585.1
      -9.1      51.1        .1     112.3
       -.3      28.7        .0      57.2
       -.3      25.4       -.5      22.7
        .1      25.5       -.3      13.1
 46436   .000000  -.977227  -.212198
 118925.1  12740.8      -.2     43.3      -.2     26.1
      -.2     86.6      -.2     54.3  63972.3  66373.4
      -8.9      53.8       2.2     108.0
        .0      29.2       1.0      55.9
       -.1      26.7        .4      23.9
        .2      26.8        .5      12.7
 46437   .000000  -.978434  -.206558
 122504.4  12791.9      -.2     43.3       .0     25.9
      -.2     86.6       .0     54.2  65197.6  67951.7
     -12.4      59.3       -.6     114.6
       -.6      28.6       1.0      57.4
        .3      25.1        .1      26.4
       -.4      26.0        .2      20.3
 46438   .000000  -.979549  -.201205
 125674.8  12794.4      -.2     43.3       .0     26.0
      -.2     86.6       .0     54.3  68675.0  71208.4
      -8.0      52.2       2.1     105.4
       -.4      27.6        .6      58.8
        .0      24.5        .6      27.1
       -.4      24.4       -.6      14.8
 46439   .000000  -.980581  -.196116
 128850.4  12723.8      -.2     43.3       .2     25.8
      -.2     86.6       .1     54.0  69328.7  72102.0
     -12.7      56.3       4.1     109.3
       -.5      30.8      -1.3      59.0
        .2      27.6       -.3      27.6
        .6      26.8        .0      17.4
 46440   .000000  -.981537  -.191274
 132067.4  12801.3      -.2     43.3       .1     25.9
      -.2     86.6       .1     54.1  72639.8  74905.5
      -5.5      50.6      -3.3     114.9
       -.4      31.3       1.1      60.9
        .1      29.3        .3      27.8
        .1      30.1        .5      18.4
 46441   .000000  -.982424  -.186661
 135485.9  12879.0      -.2     43.3       .2     25.9
      -.2     86.6       .2     54.0  72847.8  75755.3
      -8.6      54.5       9.0     113.0
       -.4      28.7       -.4      61.5
       -.2      26.3       -.5      29.1
        .5      26.5        .8      15.3
 46442   .000000  -.983250  -.182261
 138613.0  12787.7      -.2     43.3       .2     25.9
      -.2     86.6       .2     54.1  75576.7  78154.6
      -8.3      51.9      -1.8     116.0
       -.4      28.4        .6      62.5
        .3      24.8       -.9      29.3
        .1      24.4        .6      15.5
 46443   .000000  -.984020  -.178061
 141951.1  12812.3      -.2     43.3      -.2     25.8
      -.2     86.6      -.2     54.0  77391.0  80153.1
      -9.5      55.1       1.5     115.4
       -.8      30.1       -.4      62.5
       -.1      26.0       -.2      26.9
       -.4      25.8       -.8      20.6
 46444   .000000  -.984737  -.174047
 145385.1  12875.5      -.2     43.3      -.1     25.8
      -.2     86.6      -.1     54.0  78521.5  82032.1
      -9.4      55.4       1.1     111.4
       -.4      29.5       -.7      62.9
       -.3      26.6        .4      34.1
        .1      26.9        .1      19.5
 46445   .000000  -.985408  -.170207
 148495.5  12807.4      -.2     43.3       .2     25.8
      -.2     86.6       .2     53.9  80400.7  83731.4
      -7.0      55.7      -5.0     110.8
       -.9      29.4       -.6      61.7
       -.3      25.5       -.1      31.9
       -.1      25.6       -.1      15.0
 46446   .000000  -.986036  -.166531
 151849.7  12853.7      -.2     43.3       .1     25.7
      -.2     86.6       .1     53.8  83829.9  86242.9
      -7.5      51.2      -4.1     116.5
       -.5      28.7       -.5      66.6
        .2      24.5        .1      33.8
       -.5      24.3      -1.3      26.5
 46447   .000000  -.986625  -.163008
 154978.9  12917.8      -.2     43.3       .1     25.7
      -.2     86.6       .0     53.9  84285.0  87084.1
      -7.4      55.3        .4     119.6
        .1      30.5       -.1      67.1
       -.3      27.6       1.5      35.7
       -.1      27.4       -.4      21.3
 46448   .000000  -.987696  -.156385
 161737.0  12873.3      -.2     43.3      -.1     25.8
      -.2     86.6      -.1     53.8  88372.4  91914.6
      -9.2      49.0       1.0     115.5
       -.5      30.0      -1.6      66.2
        .1      26.2       1.1      36.2
       -.3      26.3       -.1      21.0
 46449   .000000  -.988644  -.150274
 168438.6  12807.1      -.2     43.3       .0     25.7
      -.2     86.6       .0     53.7  92048.6  96758.8
      -9.7      53.7       3.6     114.7
       -.5      30.4       1.2      66.3
       -.3      26.1       -.1      42.5
       -.6      25.7      -2.0      21.1
 46450   .000000  -.989488  -.144617
 175180.2  12823.1      -.2     43.3       .0     25.5
      -.2     86.6       .1     53.6  96250.5  99991.3
      -8.4      53.7       3.6     122.6
       -.5      29.1       1.6      69.0
        .1      25.6       1.2      38.0
       -.1      25.9       1.9      26.2
 46451   .000000  -.990241  -.139367
 181404.4  12944.6      -.2     43.3       .0     25.5
      -.2     86.6       .1     53.5 100699.3 104363.5
      -7.8      52.9      -3.5     116.6
       -.9      31.5        .9      69.7
        .3      27.9       -.8      40.1
       -.3      27.4        .2      22.8
 46452   .000000  -.990916  -.134481
 188307.0  12888.9      -.2     43.3       .0     26.1
      -.2     86.6       .1     53.4 102210.6 107807.9
     -13.2      52.6       1.7     120.9
       -.5      29.7        .0      71.4
       -.4      26.0        .5      39.2
        .2      26.3       -.3      27.6
 46453   .000000  -.991524  -.129924
 194698.8  12929.9      -.2     43.3       .3     25.4
      -.2     86.6       .2     53.4 108807.8 112822.2
      -8.5      48.3       3.0     112.1
       -.9      30.5        .7      73.9
        .1      26.3       -.3      39.9
       -.6      25.8        .1      27.8
 46454   .000000  -.992073  -.125663
 201482.1  13016.0      -.2     43.3       .2     25.3
      -.2     86.6       .2     53.3 111473.1 115339.1
     -10.1      50.5       2.6     122.4
       -.7      29.7      -1.5      73.0
       -.2      25.9      -1.2      43.4
        .0      26.0        .2      29.6
 46455   .000000  -.992571  -.121670
 208065.5  12920.9      -.2     43.3      -.1     25.3
      -.2     86.6      -.1     53.3 116526.1 121288.7
      -7.4      48.8      -3.5     118.3
       -.9      30.6        .9      73.8
        .2      28.5       1.5      44.3
       -.1      27.0      -2.3      34.6
 46456   .000000  -.993023  -.117921
 214528.0  12998.9      -.2     43.3      -.2     25.4
      -.2     86.6      -.2     53.2 120545.7 125589.2
      -8.0      48.9      -5.9     125.0
       -.6      29.8       -.6      74.8
       -.2      26.8      -1.4      44.0
       -.2      26.8      -2.7      34.6
 46457   .000000  -.993435  -.114396
 220750.3  12976.4      -.2     43.3      -.1     25.3
      -.2     86.6      -.1     53.1 122988.4 128819.3
      -5.7      45.4      -6.6     119.6
       -.7      29.6      -2.0      73.4
        .0      26.4      -1.3      43.5
       -.5      25.7      -1.0      30.4
 46458   .000000  -.993812  -.111073
 227791.6  12940.5      -.2     43.3      -.3     25.4
      -.2     86.6      -.2     53.1 126935.5 133968.1
      -7.5      44.9      -6.6     129.1
       -.8      29.3       1.0      75.1
       -.1      26.1       -.8      47.0
        .3      26.3       1.1      31.3
 46459   .000000  -.994158  -.107937
 234457.4  13163.4      -.2     43.3       .1     25.2
      -.2     86.6      -.1     53.0 128964.6 134317.0
      -8.7      41.4      10.8     120.4
       -.8      30.4       -.7      77.2
        .2      28.0      -1.3      46.1
       -.7      27.4      -1.7      34.5
 46460   .000000  -.994475  -.104972
 240738.4  12949.9      -.2     43.3       .2     25.6
      -.2     86.6       .2     53.0 138172.2 142804.8
      -4.7      37.6      -4.6     126.7
      -1.3      29.2        .3      76.9
       -.7      26.6      -1.1      45.9
        .1      26.8       -.1      34.5
 46461   .903278   .000000  -.429057
  61411.4   8939.0       .0     41.5      -.1     28.9
       .0     84.2      -.1     57.7  31916.6  33474.3
        .1      84.0       5.4      41.5
       -.5      31.3        .0      24.3
       -.2      14.0        .2      18.7
       -.1       2.8        .4      18.7
 46462   .887877   .000000  -.460082
  57391.9   9035.9      -.6     41.3      -.1     28.9
      -.6     84.1      -.1     57.7  28672.4  30344.5
      -1.4      80.6       8.1      44.2
        .4      28.7        .4      23.7
        .3       8.7        .3      19.6
        .8       5.6        .3      18.9
 46463   .868777   .000000  -.495203
  53094.9   9222.3      -.4     41.7      -.1     28.9
      -.4     84.4      -.1     57.7  26362.2  27792.8
       1.0      82.1       5.7      43.9
       -.8      28.6        .3      23.5
       1.1       6.1       -.1      18.2
       -.3       4.2        .6      18.1
 46464   .844819   .000000  -.535052
  48862.1   9364.1       .4     41.5      -.1     28.9
       .4     84.4      -.1     57.7  23684.4  25030.6
       2.0      76.2       6.4      44.5
       2.4      29.9        .5      22.6
        .5       3.6        .0      18.8
        .3       3.6        .5      18.3
 46465   .814421   .000000  -.580275
  44943.5   9760.7       .2     41.5      -.1     28.9
       .2     84.4      -.1     57.7  22488.5  23366.6
        .2      79.9       5.5      45.2
       -.1      21.7        .0      22.8
        .7       5.9        .1      17.8
        .3       2.6        .7      17.1
 46466   .775436   .000000  -.631426
  41076.6  10149.4       .1     41.7      -.1     28.9
       .1     84.5      -.1     57.7  19234.9  20371.0
       1.8      78.9       6.9      43.8
       1.8      19.5        .0      21.6
        .1       3.0        .3      17.4
        .0       2.3        .6      17.4
 46467   .724999   .000000  -.688749
  37710.9  10783.0       .0     41.7      -.1     28.9
       .0     84.5      -.1     57.7  18063.8  18788.9
      -2.3      78.9       7.0      46.5
        .1      19.1        .5      22.3
       -.1       3.3        .5      16.2
        .1       1.7        .7      15.5
 46468   .659438   .000000  -.751759
  34314.8  11851.4       .3     41.8      -.1     28.9
       .2     84.5       .6      7.7  15699.8  16461.2
       1.8      74.8       7.5      43.8
       -.3      13.4        .9      19.5
        .3       2.8        .6      15.4
        .5       2.0        .6      15.4
 46469   .574426   .000000  -.818557
  31605.2  13582.1       .6     41.6      -.1     28.9
       .6     84.4       .0     13.9  14066.7  14559.1
      -2.0      79.0       6.6      44.5
       -.2      17.1        .6      20.0
        .1       3.7        .7      14.6
        .1       1.4        .8      13.5
 46470   .465746   .000000  -.884918
  29367.7  16629.2      -.2     41.8      3.5      7.4
      -.1     84.5       .3     24.6  13127.8  13749.8
       1.4      72.4       5.0      39.0
        .2      11.0        .4      16.2
        .4       1.7        .7      11.5
        .0       2.6        .7      10.6
 46471   .331088   .000000  -.943600
  27664.4  20241.3       .3     41.6       .3      7.8
       .2     84.4       .1     35.8  11616.4  12454.6
      -3.4      68.4       3.9      40.6
        .3      12.2        .1      11.1
        .3       2.1        .4       8.0
        .2       1.3        .5       7.3
 46472   .254493   .000000  -.967075
  27017.9  21553.2       .3     41.8       .3     12.8
       .4     84.5       .2     41.4  11440.4  12155.3
        .0      74.9       1.2      43.3
        .5       9.9        .5       8.2
        .2       2.0        .5       6.0
        .1       1.3        .5       5.6
 46473   .172799   .000000  -.984957
  26574.2  22164.5       .5     41.5       .2     18.0
       .5     84.4       .1     46.7  11226.8  11941.2
       1.9      68.4       1.2      48.1
        .4       8.0        .3       6.5
        .3       2.0        .3       4.0
        .2       1.3        .5       3.7
 46474   .087384   .000000  -.996175
  26400.3  21904.2       .1     41.5      -.2     23.1
       .0     84.4      -.1     51.9  10873.3  11573.7
      -2.9      74.1       3.0      59.9
       -.1      10.2        .4       6.7
        .3       2.2        .4       2.2
        .3       1.2        .5       1.9
 46475   .000000   .000000 -1.000000
  26272.9  21787.0      -.1     41.6      -.1     26.9
      -.1     84.4      -.1     55.6  11040.0  11810.8
      -1.1      70.8       1.4      67.2
       -.2      10.8       -.3       7.5
        .2       1.5        .1       2.2
        .2       1.4        .1       1.7
 46476  -.087384   .000000  -.996175
  26327.6  21865.2       .1     41.6       .2     23.1
       .1     84.5       .1     51.8  11160.1  11551.1
       4.1      68.8      -2.2      54.3
        .7       8.9        .0       5.4
       -.3       4.0       -.3       2.1
        .3       1.3       -.3       1.9
 46477  -.172799   .000000  -.984957
  26624.9  22168.2       .0     41.7       .2     18.1
      -.1     84.5       .0     46.8  11277.1  11824.8
      -1.6      77.6      -2.1      48.9
        .3      10.3       -.3       6.4
        .0       1.7       -.3       4.1
        .3       1.5       -.4       3.8
 46478  -.254493   .000000  -.967075
  26929.3  21572.7       .2     41.5       .0     12.8
       .1     84.4       .0     41.5  11502.1  12098.6
       2.0      64.7      -3.8      43.1
       1.0      10.4       -.4       8.4
        .4       1.7       -.2       6.0
        .1       1.3       -.3       5.6
 46479  -.331088   .000000  -.943600
  27579.7  20216.0       .1     41.6      -.1      7.9
       .1     84.4      -.1     35.9  11455.5  12271.9
      -3.3      71.6      -3.0      40.0
       -.2      13.6       -.3      10.7
       -.2       2.4       -.2       8.1
        .3       1.2       -.4       7.4
 46480  -.465746   .000000  -.884918
  29185.7  16487.1       .1     41.6     -2.4      5.9
       .1     84.4       .0     24.6  12896.9  13521.3
       5.2      70.4      -4.4      41.7
        .4      11.9       -.9      16.2
        .4       2.5       -.4      11.1
        .2       1.4       -.7      10.6
 46481  -.574426   .000000  -.818557
  31460.7  13487.8      -.3     41.6      -.1     28.9
      -.4     84.4      -.1     13.7  14006.2  14568.4
      -2.3      77.0      -5.5      43.9
       -.5      14.6      -1.0      20.1
        .5       2.6       -.2      14.5
        .1       1.5       -.5      13.5
 46482  -.659438   .000000  -.751759
  34270.0  11794.3      -.6     41.7      -.1     28.9
      -.6     84.5      -.9      7.5  15120.0  15972.2
       1.1      79.8      -7.1      44.4
        .6      15.7       -.1      19.6
        .1       2.9       -.2      15.2
        .2       1.5       -.5      15.5
 46483  -.724999   .000000  -.688749
  37766.6  10865.2      -.2     41.7      -.1     28.9
      -.2     84.4      -.1     57.7  17766.1  18561.2
       7.6      81.1      -7.3      48.5
       -.2      18.2       -.3      21.9
        .3       4.5        .0      16.1
        .0       2.1       -.5      15.7
 46484  -.775436   .000000  -.631426
  41097.5  10213.4       .4     41.5      -.1     28.9
       .3     84.4      -.1     57.7  19598.2  20541.2
      -1.8      76.5      -7.1      45.5
       -.2      19.2       -.2      21.4
        .3       3.1       -.1      17.3
       -.4       3.6       -.5      17.5
 46485  -.814421   .000000  -.580275
  44987.2   9679.9      -.1     41.7      -.1     28.9
      -.1     84.4      -.1     57.7  21876.0  22962.9
       -.5      76.0      -6.8      45.7
       -.1      21.9       -.3      22.7
        .4       4.7        .1      17.5
       -.3       3.2       -.2      17.2
 46486  -.844819   .000000  -.535052
  48964.0   9366.2      -.2     41.5      -.1     28.9
      -.1     84.3      -.1     57.7  24093.0  24964.3
       -.1      78.2      -6.8      44.2
       -.2      25.2       -.3      23.6
        .6       4.4        .0      18.6
       -.1       2.9       -.2      18.2
 46487  -.868777   .000000  -.495203
  53039.8   9196.5      -.1     41.6      -.1     28.9
      -.1     84.3      -.1     57.7  26839.7  28102.3
       2.6      80.7      -8.4      46.7
       1.3      25.8        .3      23.5
        .3       7.5       -.1      18.2
       -.1       3.9       -.4      17.6
 46488  -.887877   .000000  -.460082
  57212.2   9078.0      -.2     41.3      -.1     28.9
      -.2     84.1      -.1     57.7  29209.4  30368.4
       2.2      82.7      -7.7      44.8
        .3      27.3       -.3      23.7
        .8       9.8        .1      19.3
        .3       7.0       -.2      19.1
 46489  -.903278   .000000  -.429057
  61387.9   8883.4      -.3     41.4      -.1     28.9
      -.2     84.1      -.1     57.7  31908.2  33257.7
       1.5      81.2      -7.6      44.3
       -.3      31.2        .1      23.8
       -.1       8.8        .0      19.0
        .3       4.7       -.3      18.2
 46490   .840060  -.367526  -.399028
  65960.7   9715.5      -.2     43.3      -.1     28.9
       .1     20.3      -.1     57.7  33123.9  34335.1
      -5.7      60.8       7.9      42.5
        .5      24.1        .2      24.7
        .0      15.4        .1      20.5
        .3      13.9        .0      21.0
 46491   .817505  -.390173  -.423616
  61634.0   9839.9      -.2     43.3      -.1     28.9
       .4     21.0      -.1     57.7  30622.0  31991.9
      -5.0      59.2       6.4      43.9
        .2      23.5       -.2      23.7
        .2      15.6        .0      20.0
        .4      14.3        .2      21.2
 46492   .790440  -.414981  -.450551
  57800.7  10174.8      -.2     43.3      -.1     28.9
       .0     21.4      -.1     57.7  28717.4  30078.8
      -6.7      60.7       5.8      44.9
        .1      24.4        .2      24.6
        .3      16.1       -.1      20.0
        .3      14.4        .1      20.0
 46493   .757796  -.442047  -.479937
  54100.9  10554.0      -.2     43.3      -.1     28.9
       .2     22.0      -.1     57.7  26531.1  27831.9
      -4.3      57.4       6.1      42.9
        .0      24.7        .1      22.8
        .3      17.1        .0      19.5
        .3      15.1       -.1      20.2
 46494   .718269  -.471364  -.511767
  50922.2  11178.3      -.2     43.3      -.1     28.9
       .3     22.9      -.1     57.7  23795.0  24956.1
      -7.0      61.3       7.3      47.6
        .3      25.4        .0      23.6
        .1      17.0        .2      18.7
        .3      15.6       -.1      18.8
 46495   .670317  -.502738  -.545830
  47464.3  11881.2      -.2     43.3      -.1     28.9
      -.3     23.5      -.1     57.7  21501.1  22630.0
      -6.5      60.2       6.7      46.1
       -.2      25.9        .2      20.9
        .0      18.0        .2      17.5
       -.3      16.7        .4      18.4
 46496   .612205  -.535679  -.581595
  44314.1  12840.2      -.2     43.3      -.1     28.9
       .2     24.4      -.1     57.7  20743.7  21786.2
      -4.6      55.9       4.8      45.8
        .1      26.2        .3      21.6
        .2      18.2        .1      16.9
        .3      17.3        .1      17.2
 46497   .542159  -.569267  -.618061
  41803.3  14468.8      -.2     43.3      -.1     28.9
       .2     25.0     -1.1     10.0  18978.9  20037.7
      -7.8      60.7       6.1      45.9
        .0      27.2        .0      19.2
       -.2      18.8        .6      14.5
       -.1      18.6        .3      15.9
 46498   .458673  -.602008  -.653609
  39255.8  16340.0      -.2     43.3      -.1     28.9
       .0     25.5      -.1     12.2  17545.4  18216.1
      -7.5      58.5       4.0      41.6
       -.3      27.8        .5      18.9
       -.1      19.3        .5      13.9
       -.3      18.5        .5      14.7
 46499   .361020  -.631785  -.685938
  37449.0  17829.9      -.2     43.3     -2.9     14.0
       .3     26.1      -.2     22.9  16615.4  17258.4
      -6.7      59.9       3.5      43.0
       -.4      27.6        .4      15.4
        .2      19.8        .4      11.2
        .0      19.2        .3      10.9
 46500   .249898  -.655981  -.712208
  35901.5  17800.9      -.2     43.3       .1      8.0
      -.2     26.3      -.1     34.4  15552.9  16519.9
      -4.1      58.9       2.5      45.9
       -.3      28.2        .3      10.9
       -.2      19.9        .3       7.4
       -.5      18.8        .3       7.2
 46501   .190037  -.665130  -.722141
  35348.7  17530.8      -.2     43.3      -.1     12.4
       .1     26.2      -.1     40.3  15497.9  16271.6
      -6.1      58.4       2.2      49.4
       -.3      28.3        .3       9.0
       -.3      20.2        .3       5.7
       -.5      19.0        .2       5.4
 46502   .127982  -.671905  -.729496
  35070.2  17418.4      -.2     43.3       .0     17.5
       .2     26.2       .0     46.0  15286.2  16002.5
      -6.1      58.1       2.2      59.5
       -.5      28.8        .1       8.0
        .0      20.5        .2       3.9
       -.6      18.7        .4       3.6
 46503   .064388  -.676070  -.734019
  34681.8  17289.8      -.2     43.3      -.5     22.9
      -.4     26.3      -.4     51.5  15472.1  16150.1
      -7.5      59.3       -.9      66.5
       -.4      29.0        .8       9.6
       -.5      20.0        .2       2.1
       -.5      18.4        .4       1.8
 46504   .000000  -.677476  -.735545
  34584.2  17186.1      -.2     43.3       .2     26.8
       .1     26.1       .2     55.5  15214.5  15791.6
      -6.1      57.1      -2.2      73.1
       -.5      29.3        .0      15.4
       -.4      19.9        .2       4.4
       -.7      18.4        .1       1.9
 46505  -.064388  -.676070  -.734019
  34813.6  17292.0      -.2     43.3       .0     22.8
       .0     26.1       .1     51.4  15187.9  15971.7
      -6.5      57.9      -2.7      66.7
      -1.1      29.2        .1       9.4
       -.3      20.2       -.1       2.4
       -.6      18.6       -.2       1.8
 46506  -.127982  -.671905  -.729496
  34879.8  17348.6      -.2     43.3       .0     17.4
       .0     26.0      -.1     45.9  15416.4  16233.9
      -6.3      57.0       -.2      51.8
      -1.0      28.9       -.2       8.7
       -.6      20.2       -.1       3.9
       -.6      18.5       -.2       3.8
 46507  -.190037  -.665130  -.722141
  35515.0  17637.2      -.2     43.3       .0     12.3
      -.1     26.4       .0     40.1  15620.2  16397.3
      -6.8      61.5      -3.1      52.2
       -.7      28.9       -.3       8.8
       -.7      20.3       -.3       5.7
       -.4      18.8       -.3       5.4
 46508  -.249898  -.655981  -.712208
  36075.3  17846.0      -.2     43.3       .0      7.9
       .2     26.4       .1     34.5  15567.8  16266.6
      -6.0      59.7      -2.7      45.2
       -.5      28.3       -.2      10.4
       -.3      19.7       -.2       7.5
        .1      18.9       -.1       7.1
 46509  -.361020  -.631785  -.685938
  37430.3  17995.8      -.2     43.3      -.6     13.9
       .2     26.1       .4     22.9  16214.2  17029.4
      -5.2      61.3      -4.3      47.4
       -.5      27.8       -.5      15.8
       -.3      19.8       -.3      11.2
       -.1      19.3       -.2      10.7
 46510  -.458673  -.602008  -.653609
  39369.1  16328.4      -.2     43.3      -.1     28.9
      -.1     25.5       .1     12.1  17322.7  17947.6
      -7.6      56.6      -3.8      44.3
       -.3      28.0       -.5      18.8
       -.1      19.5       -.4      14.0
       -.2      18.4       -.4      14.6
 46511  -.542159  -.569267  -.618061
  41920.8  14373.8      -.2     43.3      -.1     28.9
       .0     25.1      1.3     10.3  18710.5  19726.0
      -7.9      61.6      -5.0      47.4
       -.7      27.4       -.4      19.2
       -.3      19.0       -.3      14.6
       -.6      18.2       -.5      15.6
 46512  -.612205  -.535679  -.581595
  44548.1  12913.8      -.2     43.3      -.1     28.9
       .3     24.3      -.1     57.7  20628.8  21809.4
      -4.9      58.3      -3.9      48.1
       -.3      26.6       -.3      21.5
        .1      18.4       -.1      16.7
        .0      17.2       -.2      17.0
 46513  -.670317  -.502738  -.545830
  47379.6  11860.6      -.2     43.3      -.1     28.9
       .2     23.6      -.1     57.7  21440.3  22805.2
      -4.3      57.7      -4.4      46.8
       -.4      25.9       -.4      21.7
        .3      18.0       -.1      17.7
       -.2      16.9       -.3      18.8
 46514  -.718269  -.471364  -.511767
  50717.2  11025.1      -.2     43.3      -.1     28.9
       .4     23.0      -.1     57.7  24254.6  25168.5
      -4.9      58.8      -5.9      46.3
        .0      25.2       -.3      23.5
        .2      17.2        .3      18.8
        .2      16.0        .1      19.5
 46515  -.757796  -.442047  -.479937
  54271.7  10540.1      -.2     43.3      -.1     28.9
       .1     22.1      -.1     57.7  26152.7  27282.8
      -6.7      59.2      -8.4      45.7
       -.1      25.2       -.1      23.1
        .4      17.0        .3      19.4
        .1      15.2       -.3      20.1
 46516  -.790440  -.414981  -.450551
  57904.0  10223.7      -.2     43.3      -.1     28.9
       .4     21.4      -.1     57.7  28237.9  29964.8
      -3.6      63.5      -5.7      47.3
        .1      24.1       -.3      23.8
       -.2      16.0       -.3      19.7
        .3      14.5       -.1      20.2
 46517  -.817505  -.390173  -.423616
  61792.3   9861.5      -.2     43.3      -.1     28.9
       .4     20.7      -.1     57.7  30434.0  31637.3
      -4.5      57.5      -5.1      42.3
        .4      24.0        .2      24.2
        .5      15.7        .3      20.3
        .3      14.1        .0      21.1
 46518  -.840060  -.367526  -.399028
  65706.6   9615.5      -.2     43.3      -.1     28.9
       .6     20.2      -.1     57.7  33349.4  34601.9
      -4.4      63.0      -9.0      46.0
       -.1      23.5        .0      24.8
        .3      15.3        .2      20.3
        .5      13.9        .3      20.7
 46519   .708659  -.620076  -.336613
  77374.8  11467.7      -.2     43.3      -.1     28.9
      -.2     86.6      -.1     57.7  39426.1  41619.8
      -6.2      57.6       8.4      45.6
        .1      24.5        .0      24.5
        .6      21.8        .1      20.2
       1.0      22.3       -.6      20.3
 46520   .677337  -.646549  -.350984
  74187.8  11962.0      -.2     43.3      -.1     28.9
      -.2     86.6      -.1     57.7  38089.6  39516.6
      -7.0      53.3       6.4      43.5
        .2      24.9        .3      23.0
        .7      22.1       -.4      19.4
        .6      22.5       -.3      20.2
 46521   .641844  -.673936  -.365851
  71070.3  12436.3      -.2     43.3      -.1     28.9
      -.2     86.6      -.1     57.7  36314.8  37850.0
      -8.9      58.7       7.3      47.1
       -.1      25.7        .4      23.4
        .6      22.3       -.2      19.4
        .7      23.3       -.3      19.2
 46522   .601687  -.701968  -.381068
  68125.3  13247.0      -.2     43.3      -.1     28.9
      -.2     86.6      -.1     57.7  34139.9  35370.2
     -11.2      57.1       9.0      47.6
        .2      25.8        .3      21.2
        .9      23.0       -.5      17.5
        .5      24.1        .0      17.9
 46523   .556388  -.730259  -.396426
  65750.6  13833.6      -.2     43.3      -.1     28.9
      -.2     86.6      -.1     57.7  31774.7  33443.1
      -7.4      56.2       6.0      49.8
        .4      26.2        .0      22.1
        .5      23.3       -.1      17.8
        .3      24.5        .1      18.1
 46524   .505524  -.758286  -.411641
  62924.5  14521.1      -.2     43.3      -.1     28.9
      -.2     86.6      -.1     57.7  29584.2  30981.1
      -8.0      56.1       7.1      50.3
        .7      26.2       -.2      19.3
        .1      24.1        .1      15.5
       -.1      25.3        .3      15.9
 46525   .448787  -.785377  -.426348
  60507.4  14741.3      -.2     43.3      -.1     28.9
      -.2     86.6      -.1     57.7  28839.3  30489.6
      -7.5      53.9       5.5      49.9
        .4      26.8       -.1      19.5
       -.4      24.6        .5      14.5
        .2      25.8        .0      14.6
 46526   .386057  -.810720  -.440105
  58588.4  14674.8      -.2     43.3      -.1     28.9
      -.2     86.6     -2.8      6.2  28636.3  29928.6
      -8.7      56.0       6.1      54.7
        .1      27.6        .3      17.9
        .3      25.0       -.1      12.9
        .5      26.1        .0      12.3
 46527   .317480  -.833386  -.452409
  56549.9  14395.5      -.2     43.3      -.1     28.9
      -.2     86.6      -.5      8.7  27118.1  28005.4
      -9.9      52.7       4.7      48.5
        .2      27.6        .3      16.8
        .1      25.5        .3      11.8
        .2      26.3        .1      11.1
 46528   .243541  -.852392  -.462727
  55246.9  14059.3      -.2     43.3      -.1     28.9
      -.2     86.6      -.3     20.1  26417.8  27697.3
      -9.2      56.0       4.7      57.0
        .2      27.6        .3      15.6
        .1      25.6        .3       9.8
        .0      26.5        .3       8.8
 46529   .165103  -.866792  -.470544
  53924.3  13809.0      -.2     43.3      -.1      5.7
      -.2     86.6      -.1     32.5  25679.8  26787.1
      -7.9      52.7       2.8      54.6
       -.2      27.7        .2      11.1
        .4      26.1        .1       6.9
       -.2      26.8        .3       5.9
 46530   .124573  -.872008  -.473376
  53569.5  13806.2      -.2     43.3      -.2     10.6
      -.2     86.6       .0     38.6  25748.9  26993.2
      -6.4      53.6       1.5      61.1
       -.3      27.9        .3      11.4
        .5      25.8        .2       5.2
       -.2      26.4        .3       4.3
 46531   .083409  -.875791  -.475429
  53123.7  13674.8      -.2     43.3      -.4     16.4
      -.2     86.6      -.4     44.8  25191.0  26325.2
     -12.3      53.2       2.2      68.5
       -.3      27.9        .5      13.9
       -.1      26.1        .2       3.8
       -.4      26.4        .2       2.9
 46532   .041814  -.878085  -.476675
  53020.5  13662.6      -.2     43.3      -.6     22.0
      -.2     86.6      -.6     50.6  25318.2  26504.8
      -7.6      52.1       2.8      80.0
       -.5      27.9        .8      18.9
       -.1      26.0        .2       3.1
       -.3      26.6        .2       2.3
 46533   .000000  -.878853  -.477092
  53060.6  13641.8      -.2     43.3      -.1     26.5
      -.2     86.6      -.2     55.2  25131.0  26348.7
      -9.9      55.4       -.7      89.7
       -.4      28.1        .2      28.4
       -.1      25.6        .0       9.1
       -.1      26.2        .1       4.2
 46534  -.041814  -.878085  -.476675
  53097.9  13681.7      -.2     43.3       .7     22.3
      -.2     86.6       .6     50.7  25295.4  26256.7
      -9.2      53.6      -1.8      79.5
       -.3      28.2        .6      18.8
       -.3      26.0       -.2       5.0
       -.5      26.3       -.2       3.7
 46535  -.083409  -.875791  -.475429
  53330.9  13657.2      -.2     43.3       .4     16.3
      -.2     86.6       .3     44.8  25409.0  26660.2
      -7.5      52.5      -4.7      70.5
        .0      27.8       -.2      12.2
        .0      25.7        .0       3.6
       -.2      26.5       -.1       2.9
 46536  -.124573  -.872008  -.473376
  53615.4  13778.5      -.2     43.3       .1     10.6
      -.2     86.6       .2     38.9  25215.9  26399.5
      -9.0      54.4       1.2      63.7
       -.2      27.9       -.1      11.5
       -.4      25.9        .1       5.1
       -.3      26.3        .0       4.3
 46537  -.165103  -.866792  -.470544
  53959.7  13908.1      -.2     43.3       .1      5.7
      -.2     86.6       .3     32.3  25744.2  26959.2
      -8.9      55.2      -1.0      53.4
        .0      28.0       -.1      11.8
        .2      25.9       -.1       6.7
       -.1      26.2       -.1       5.8
 46538  -.243541  -.852392  -.462727
  55428.6  14104.0      -.2     43.3      -.1     28.9
      -.2     86.6       .3     20.1  26355.6  27601.7
     -10.6      56.6      -4.8      54.5
       -.9      27.5       -.3      16.0
       -.1      25.4       -.1       9.7
        .5      26.6       -.1       8.9
 46539  -.317480  -.833386  -.452409
  56659.5  14390.1      -.2     43.3      -.1     28.9
      -.2     86.6       .3      8.8  26915.5  28371.7
      -6.1      51.9      -3.4      50.7
       -.1      27.4       -.1      16.5
        .4      25.3       -.1      11.7
        .0      26.3       -.1      11.2
 46540  -.386057  -.810720  -.440105
  58545.2  14751.9      -.2     43.3      -.1     28.9
      -.2     86.6       .7      7.7  28374.4  29799.5
      -8.3      54.3      -3.6      48.6
        .0      27.2       -.2      18.3
        .1      24.9        .0      12.7
        .0      26.1       -.1      12.2
 46541  -.448787  -.785377  -.426348
  60495.5  14682.5      -.2     43.3      -.1     28.9
      -.2     86.6      -.1     57.7  29241.3  30569.9
      -9.2      53.8      -4.5      50.4
       -.1      26.8       -.1      19.6
        .3      24.8        .1      14.8
        .3      25.9        .3      14.9
 46542  -.505524  -.758286  -.411641
  62696.9  14537.5      -.2     43.3      -.1     28.9
      -.2     86.6      -.1     57.7  28870.6  30785.4
      -7.0      56.3      -6.2      50.6
       -.1      26.1        .0      19.6
        .3      24.0        .2      15.4
        .1      25.1       -.1      15.4
 46543  -.556388  -.730259  -.396426
  65482.8  13868.9      -.2     43.3      -.1     28.9
      -.2     86.6      -.1     57.7  31873.7  33590.8
      -8.9      54.6      -5.7      47.3
        .2      25.7       -.2      21.7
        .5      23.5        .1      17.9
        .4      24.6        .1      18.3
 46544  -.601687  -.701968  -.381068
  68061.9  13186.0      -.2     43.3      -.1     28.9
      -.2     86.6      -.1     57.7  33902.5  35204.4
      -8.8      57.6      -5.7      49.0
        .5      26.1        .3      21.6
        .1      23.0        .0      17.1
        .2      23.9        .1      17.8
 46545  -.641844  -.673936  -.365851
  70959.6  12512.9      -.2     43.3      -.1     28.9
      -.2     86.6      -.1     57.7  35963.4  37407.7
      -7.4      57.7      -5.8      45.8
        .1      25.5        .1      23.7
        .1      22.2        .0      19.2
        .4      23.5        .3      19.6
 46546  -.677337  -.646549  -.350984
  74131.0  11991.6      -.2     43.3      -.1     28.9
      -.2     86.6      -.1     57.7  38084.4  39857.0
      -6.5      56.3      -6.8      44.9
        .8      24.7        .3      23.2
        .5      22.0        .2      19.5
        .6      22.9        .6      20.3
 46547  -.708659  -.620076  -.336613
  77268.4  11494.8      -.2     43.3      -.1     28.9
      -.2     86.6      -.1     57.7  39573.9  41407.7
      -7.5      54.7      -4.9      44.1
        .4      24.8        .0      23.7
        .5      21.6        .3      20.2
        .4      22.2        .1      20.1
 46548   .482910  -.845093  -.229382
 113029.1  14072.5      -.2     43.3      -.1     28.9
      -.2     86.6      -.1     57.7  60889.2  63405.8
     -10.5      54.3       7.4      48.2
        .2      27.4        .0      21.3
       1.1      23.5       -.6      16.1
        .6      24.9       -.3      16.1
 46549   .451149  -.861285  -.233777
 110691.7  14086.3      -.2     43.3      -.1     28.9
      -.2     86.6      -.1     57.7  59021.2  61659.4
      -8.0      52.5       4.0      44.9
       -.2      27.1        .6      20.0
        .7      24.5       -.4      14.6
        .1      25.1        .0      13.8
 46550   .417577  -.876913  -.238019
 108890.0  13966.0      -.2     43.3      -.1     28.9
      -.2     86.6      -.1     57.7  58077.4  60810.4
     -11.1      56.7       7.2      51.2
        .1      27.8        .2      20.7
        .9      24.6       -.3      15.0
        .3      25.7       -.1      14.5
 46551   .382204  -.891810  -.242063
 106529.3  13878.6      -.2     43.3      -.1     28.9
      -.2     86.6      -.1     57.7  56738.5  59263.0
     -11.3      54.8       5.1      53.4
       -.1      26.7        .4      19.3
        .4      24.3       -.2      13.3
        .5      25.2       -.1      12.3
 46552   .345068  -.905804  -.245861
 104395.3  13599.7      -.2     43.3      -.1     28.9
      -.2     86.6      -.1     57.7  55327.9  57900.6
     -11.4      57.1       6.0      55.6
       -.4      27.7        .3      18.7
        .2      25.0        .0      12.9
        .2      25.7       -.1      12.0
 46553   .306238  -.918714  -.249365
 102884.3  13418.7      -.2     43.3      -.1     28.9
      -.2     86.6      -.1     57.7  52356.4  55152.8
     -10.7      51.7       4.1      59.0
        .2      27.6        .5      18.6
        .7      24.6       -.1      11.8
        .8      25.8       -.1      11.0
 46554   .265817  -.930361  -.252527
 101704.8  13435.1      -.2     43.3      -.1     28.9
      -.2     86.6      -.1     57.7  54154.2  55979.4
     -11.1      56.6       7.5      63.2
       -.2      27.8        .4      19.0
        .3      25.1        .0      11.3
        .9      25.9       -.1       9.9
 46555   .223945  -.940570  -.255298
 100212.7  13214.3      -.2     43.3      -.1     28.9
      -.2     86.6      -.1     57.7  51512.7  54338.0
      -8.7      53.8       3.8      68.7
       -.1      28.4        .5      19.7
        .0      25.1        .1      10.4
        .4      26.4        .0       9.0
 46556   .180796  -.949177  -.257634
  98831.3  13086.9      -.2     43.3      -.1     28.9
      -.2     86.6      -.3      5.2  51847.6  54008.2
     -11.0      52.4       2.4      65.3
       -.2      27.4        .2      18.3
        .5      25.1        .0       8.7
        .0      25.7        .2       7.5
 46557   .136577  -.956038  -.259496
  97780.2  12994.3      -.2     43.3      -.1     28.9
      -.2     86.6      -.2     17.6  51698.5  53075.4
      -8.9      51.5       5.5      70.5
       -.4      28.3        .5      19.2
        .2      25.6        .2       8.4
        .1      26.3        .1       6.5
 46558   .091527  -.961030  -.260851
  97147.1  12871.5      -.2     43.3      -.4      3.2
      -.2     86.6      -.1     30.6  50570.6  52516.8
     -10.2      53.1       1.4      75.2
       -.6      28.1        .6      18.4
        .2      24.9        .1       6.1
       -.4      25.8        .2       4.6
 46559   .068771  -.962796  -.261330
  97003.4  12877.4      -.2     43.3      -.5      8.9
      -.2     86.6      -.4     37.2  50937.2  53401.4
     -10.0      51.7       -.5      81.7
       -.2      28.2        .5      25.3
        .0      24.9        .1       5.0
       -.2      26.0        .1       3.4
 46560   .045908  -.964064  -.261674
  96694.5  12791.0      -.2     43.3      -.6     15.2
      -.2     86.6      -.5     43.5  51581.0  53216.2
      -8.1      49.5      -1.3      89.7
       -.3      27.6        .1      28.5
       -.4      25.0        .1       7.1
       -.2      26.0        .2       4.3
 46561   .022972  -.964827  -.261882
  96525.2  12860.8      -.2     43.3      -.9     21.4
      -.2     86.6      -.8     49.9  50705.3  52927.2
     -10.3      53.7       3.2      98.0
       -.5      28.2        .6      37.3
        .0      24.7       -.3      11.2
       -.2      25.6        .1       3.8
 46562   .000000  -.965081  -.261951
  96564.4  12783.1      -.2     43.3      -.1     26.1
      -.2     86.6      -.1     54.5  50730.7  52909.9
      -9.5      53.5       2.4     103.7
       -.3      28.2       -.4      49.4
        .0      24.7       -.3      25.4
       -.1      25.8       -.1       9.3
 46563  -.022972  -.964827  -.261882
  96515.3  12800.3      -.2     43.3       .9     21.3
      -.2     86.6       .8     49.8  50864.1  52640.1
      -7.3      52.6      -1.4      98.7
       -.6      28.4        .2      37.2
        .0      24.6        .0      11.1
       -.1      25.9       -.1       5.7
 46564  -.045908  -.964064  -.261674
  96685.5  12871.7      -.2     43.3       .6     15.1
      -.2     86.6       .6     43.6  51281.4  53190.3
     -10.9      57.1      -3.9      92.1
       -.4      28.2       -.2      29.5
        .0      25.3        .1       7.7
       -.2      25.6        .0       2.6
 46565  -.068771  -.962796  -.261330
  96895.5  12820.1      -.2     43.3       .5     11.4
      -.2     86.6       .4     37.0  51234.4  52820.5
     -12.9      53.5      -2.5      82.1
       -.1      28.1        .3      22.9
        .4      25.1       -.1       7.3
       -.4      26.2       -.1       3.6
 46566  -.091527  -.961030  -.260851
  97084.7  12892.5      -.2     43.3       .2      3.2
      -.2     86.6       .2     30.6  51073.0  53184.3
      -8.8      51.9       -.1      74.0
       -.5      28.2       -.2      19.6
        .2      24.8        .0       6.2
        .3      26.3        .1       4.3
 46567  -.136577  -.956038  -.259496
  97506.8  12885.7      -.2     43.3      -.1     28.9
      -.2     86.6       .1     17.6  51057.0  53139.1
     -10.3      56.8      -2.8      72.0
       -.5      28.6       -.5      18.2
       -.2      25.6        .1       8.1
       -.1      26.0        .0       6.5
 46568  -.180796  -.949177  -.257634
  98521.3  13062.3      -.2     43.3      -.1     28.9
      -.2     86.6       .4      5.1  51655.8  54117.6
     -11.6      56.8      -3.2      66.4
       -.6      27.8       -.1      17.7
        .6      25.0        .1       8.8
        .3      26.5        .1       7.7
 46569  -.223945  -.940570  -.255298
 100081.1  13150.1      -.2     43.3      -.1     28.9
      -.2     86.6      -.1     57.7  52765.2  54163.4
      -9.0      52.5        .5      64.5
        .1      28.0        .0      19.1
        .3      25.3       -.1      10.5
        .4      26.2        .2       9.0
 46570  -.265817  -.930361  -.252527
 101509.1  13316.6      -.2     43.3      -.1     28.9
      -.2     86.6      -.1     57.7  52428.3  55053.2
      -8.6      51.3      -1.2      57.6
       -.3      28.1        .0      19.8
        .2      25.1        .1      11.3
        .2      26.0        .0      10.1
 46571  -.306238  -.918714  -.249365
 102860.3  13403.5      -.2     43.3      -.1     28.9
      -.2     86.6      -.1     57.7  53909.0  55903.8
     -11.0      55.7      -2.3      58.4
        .5      26.6        .4      19.0
        .5      24.9        .3      12.0
        .5      25.9        .1      11.0
 46572  -.345068  -.905804  -.245861
 104784.7  13675.6      -.2     43.3      -.1     28.9
      -.2     86.6      -.1     57.7  55611.5  57993.5
      -8.0      51.3      -5.7      56.8
       -.3      28.3       -.5      20.4
        .3      24.7        .1      12.9
        .2      25.6        .1      11.8
 46573  -.382204  -.891810  -.242063
 106622.4  13829.1      -.2     43.3      -.1     28.9
      -.2     86.6      -.1     57.7  57396.7  59466.8
      -6.3      51.8      -5.3      54.0
       -.2      28.1       -.2      19.7
        .3      24.4        .1      13.2
        .2      25.3        .1      12.5
 46574  -.417577  -.876913  -.238019
 108552.1  13987.2      -.2     43.3      -.1     28.9
      -.2     86.6      -.1     57.7  57608.8  59800.9
      -8.6      50.9      -4.4      46.0
        .0      27.3       -.6      20.7
        .4      24.4        .3      14.5
        .6      25.4        .5      14.5
 46575  -.451149  -.861285  -.233777
 110657.3  14086.2      -.2     43.3      -.1     28.9
      -.2     86.6      -.1     57.7  59340.5  61525.0
      -8.7      55.6      -7.2      48.2
       -.1      27.4       -.3      20.5
        .5      24.5        .4      14.6
        .8      24.9        .3      13.7
 46576  -.482910  -.845093  -.229382
 113129.3  14222.1      -.2     43.3      -.1     28.9
      -.2     86.6      -.1     57.7  61105.5  63451.2
      -8.6      57.4      -6.5      42.6
        .3      27.2       -.1      21.3
        .6      23.5        .4      16.3
        .7      24.5        .5      15.9
 46577   .337328  -.927651  -.160231
 160711.6  13610.1      -.2     43.3      -.1     28.9
      -.2     86.6      -.1     57.7  89989.1  93450.9
      -8.7      51.6       7.2      45.5
       -.1      28.5        .4      21.0
        .7      25.4       -.2      13.3
       -.1      26.0        .0      12.1
 46578   .312066  -.936198  -.161707
 159055.9  13500.9      -.2     43.3      -.1     28.9
      -.2     86.6      -.1     57.7  85104.0  89652.6
      -9.0      50.5       2.9      53.5
       -.4      28.9       -.1      21.1
        .5      25.7        .0      12.8
       1.2      26.0       -.2      11.4
 46579   .286124  -.944211  -.163091
 157647.0  13431.6      -.2     43.3      -.1     28.9
      -.2     86.6      -.1     57.7  85703.7  89245.8
     -13.9      58.3       6.2      57.1
        .0      29.0        .2      20.5
        .4      26.2       -.1      12.6
        .5      26.1       -.1      10.8
 46580   .259539  -.951641  -.164374
 155953.6  13331.4      -.2     43.3      -.1     28.9
      -.2     86.6      -.1     57.7  84661.4  88422.5
     -12.1      49.6       3.9      66.2
       -.2      29.0        .3      21.6
        .3      26.1        .0      12.2
        .7      26.3       -.1      10.2
 46581   .232349  -.958440  -.165549
 154660.2  13233.7      -.2     43.3      -.1     28.9
      -.2     86.6      -.1     57.7  84787.5  88265.0
      -9.6      55.8       7.7      62.8
       -.4      29.3        .5      21.8
        .2      25.6        .0      10.8
        .5      26.1       -.1       9.5
 46582   .204604  -.964562  -.166606
 153149.2  13153.9      -.2     43.3      -.1     28.9
      -.2     86.6      -.1     57.7  82843.1  86652.1
      -9.6      51.3       7.3      70.0
       -.5      29.7        .3      23.3
        .4      26.3        .0      11.1
        .0      26.3       -.1       8.8
 46583   .176357  -.969963  -.167539
 152162.5  13012.4      -.2     43.3      -.1     28.9
      -.2     86.6      -.1     57.7  83822.9  86556.8
      -8.2      50.7       7.8      73.0
       -.4      29.3        .4      23.5
        .1      26.2       -.1       9.8
        .4      27.1       -.1       8.0
 46584   .147667  -.974605  -.168341
 151351.2  13087.8      -.2     43.3      -.1     28.9
      -.2     86.6      -.1     57.7  84038.3  87907.6
      -8.6      52.7       3.8      81.4
       -.5      29.2        .4      24.3
       -.1      26.0        .1       9.9
       -.3      26.3        .1       7.9
 46585   .118600  -.978453  -.169006
 150084.2  12922.0      -.2     43.3      -.1     28.9
      -.2     86.6      -.2      3.4  83309.8  85808.2
      -9.0      47.6        .9      79.3
       -.2      29.0       1.0      25.0
        .3      26.0        .0       9.2
       -.1      26.2        .2       6.3
 46586   .089225  -.981478  -.169528
 149529.3  12895.5      -.2     43.3      -.1     28.9
      -.2     86.6      -.4     16.3  81122.6  85132.1
     -12.3      54.0        .5      89.9
       -.6      28.9        .2      27.4
        .2      25.7        .0       9.7
        .3      25.9        .2       6.0
 46587   .059616  -.983656  -.169904
 148798.9  12923.7      -.2     43.3      -.4      2.2
      -.2     86.6      -.5     29.8  80224.9  83861.8
     -11.5      55.3      -2.4      91.7
       -.7      29.5        .3      29.8
       -.3      26.1        .1       8.1
        .1      26.5        .0       4.6
 46588   .044746  -.984421  -.170036
 148697.7  12956.8      -.2     43.3      -.7      8.0
      -.2     86.6      -.6     36.6  81407.4  85185.9
     -10.0      53.4       9.2     100.0
       -.8      28.9        .0      35.1
        .1      25.8        .1      11.0
        .5      26.6        .0       5.0
 46589   .029848  -.984969  -.170131
 148614.9  12850.0      -.2     43.3      -.9     14.5
      -.2     86.6      -.7     43.0  80947.5  84099.3
     -11.0      56.4       2.0     103.1
       -.8      28.7       -.2      42.6
       -.1      25.6        .5      13.7
        .1      26.4        .2       5.0
 46590   .014929  -.985299  -.170188
 148835.8  12838.7      -.2     43.3     -1.1     20.9
      -.2     86.6     -1.0     49.3  81391.3  84986.8
     -10.0      48.8      -1.5     112.3
      -1.2      28.5        .4      53.7
        .2      26.4        .5      22.3
        .0      25.9        .0      10.3
 46591   .000000  -.985408  -.170207
 148301.2  12773.5      -.2     43.3       .3     25.9
      -.2     86.6       .2     54.0  79461.8  84157.5
     -10.6      53.7      -4.8     112.8
      -1.0      28.5      -1.1      64.1
       -.1      26.1       1.4      33.1
       -.4      25.8       -.7      21.1
 46592  -.014929  -.985299  -.170188
 148377.8  12814.2      -.2     43.3       .9     20.9
      -.2     86.6       .9     49.3  81660.4  84863.0
     -10.8      55.3      -1.1     107.4
       -.1      28.9       -.5      52.7
       -.4      25.7        .1      16.2
        .4      26.1        .2       8.3
 46593  -.029848  -.984969  -.170131
 148527.9  12766.1      -.2     43.3       .7     14.6
      -.2     86.6       .7     42.9  80541.8  84807.7
      -9.0      48.8      -1.0     103.5
       -.8      28.8        .3      41.2
        .3      26.1        .1      14.0
       -.5      26.4        .1       5.5
 46594  -.044746  -.984421  -.170036
 148866.9  12815.6      -.2     43.3       .8      8.0
      -.2     86.6       .7     36.6  81584.5  83828.5
      -7.0      50.5       2.1      91.6
      -1.2      29.2       -.7      32.4
        .1      25.5        .1      11.9
        .0      26.3        .1       6.0
 46595  -.059616  -.983656  -.169904
 149079.0  12828.0      -.2     43.3       .4      2.1
      -.2     86.6       .6     29.9  81355.9  85001.5
      -8.8      49.7        .9      95.5
       -.5      28.6       -.4      30.9
        .1      25.9        .1       9.5
       -.3      26.6       -.1       5.4
 46596  -.089225  -.981478  -.169528
 149784.6  12872.0      -.2     43.3      -.1     28.9
      -.2     86.6       .3     16.3  80742.6  84459.4
     -10.0      50.9       1.6      87.4
      -1.1      29.2       -.1      26.6
       -.4      25.9       -.2       9.6
        .5      26.6        .1       6.2
 46597  -.118600  -.978453  -.169006
 150572.2  12918.9      -.2     43.3      -.1     28.9
      -.2     86.6       .2      3.3  82718.2  86026.8
     -12.7      58.1      -2.9      82.7
       -.6      28.9       -.1      24.9
        .7      25.6        .2       8.8
        .5      26.4        .1       6.3
 46598  -.147667  -.974605  -.168341
 151178.1  12985.8      -.2     43.3      -.1     28.9
      -.2     86.6      -.1     57.7  80770.3  84983.7
      -8.3      54.8      -1.4      78.5
       -.9      29.3       -.1      23.9
        .3      26.0        .2       9.4
       -.2      26.8        .0       7.6
 46599  -.176357  -.969963  -.167539
 152340.2  13040.5      -.2     43.3      -.1     28.9
      -.2     86.6      -.1     57.7  81798.5  86584.6
      -9.3      49.1      -2.7      77.7
       -.5      28.9       -.5      23.4
       -.1      25.9        .0       9.7
       -.2      26.6        .0       8.3
 46600  -.204604  -.964562  -.166606
 153539.3  13206.5      -.2     43.3      -.1     28.9
      -.2     86.6      -.1     57.7  83489.8  87234.3
      -8.7      55.5      -6.2      75.4
       -.3      29.2       -.2      22.1
        .7      26.0        .1      10.8
        .1      27.0        .2       9.1
 46601  -.232349  -.958440  -.165549
 154712.6  13191.6      -.2     43.3      -.1     28.9
      -.2     86.6      -.1     57.7  85111.1  88894.6
      -7.6      51.4      -1.8      69.2
       -.6      29.0       -.3      21.6
        .1      26.1        .3      11.1
        .5      26.2        .2       9.3
 46602  -.259539  -.951641  -.164374
 155754.4  13352.5      -.2     43.3      -.1     28.9
      -.2     86.6      -.1     57.7  84154.7  87850.5
      -7.4      53.5      -4.7      62.4
       -.6      29.0       -.2      21.9
        .9      25.8        .3      11.8
        .2      26.5        .2      10.3
 46603  -.286124  -.944211  -.163091
 157275.0  13382.3      -.2     43.3      -.1     28.9
      -.2     86.6      -.1     57.7  85551.8  89660.2
      -8.2      46.6      -3.6      53.2
       -.7      28.8       -.4      21.4
        .5      25.7        .4      12.6
        .7      26.2        .4      10.7
 46604  -.312066  -.936198  -.161707
 159240.2  13499.2      -.2     43.3      -.1     28.9
      -.2     86.6      -.1     57.7  83438.6  89164.9
      -7.2      51.0      -3.3      50.1
       -.2      28.6       -.4      21.5
        .4      25.2        .2      12.6
        .6      26.0        .3      11.4
 46605  -.337328  -.927651  -.160231
 160733.9  13621.2      -.2     43.3      -.1     28.9
      -.2     86.6      -.1     57.7  89067.0  92374.8
      -5.8      50.4      -4.2      53.8
       -.4      29.2       -.4      21.5
        .9      26.0        .4      13.2
        .7      25.7        .3      11.9
