Dot1_150x100_prd2012lk:dj0180b@-200V,3.8T@90d,274K,rhe=1.10,rhh=0.7, 0.65/1.30  
  9420   1  3.80  60   5  29   0  200.00  274.00    1.80 1.14300  2500.0     .35   87.08  150.  100.  285.  3000.0     .18   47.30    1.50    1.00     .85
 51801   .000000   .000000 -1.000000
  20193.4  14990.3      -.3     43.2     42.3     16.1
      -.3     86.3     43.7     43.1   6527.6   6833.3
      -2.0      75.8       2.8      42.6
        .5      18.8        .6      15.7
        .5      11.7      -1.0      13.1
       -.5       5.0      -1.6      12.3
 51802   .000000  -.130455  -.991454
  20024.0  15260.2     -2.2     40.2     42.1     18.3
     -2.1     82.6     43.6     44.2   5696.9   6027.2
      -4.8      64.6       5.5      42.1
      -1.7       7.6        .5      15.6
      -2.1       5.0       -.5      13.5
      -1.9       5.0      -1.6      13.3
 51803   .000000  -.254493  -.967075
  19867.8  15551.0     -3.8     37.4     41.9     19.6
     -3.4     79.0     43.9     44.6   5688.4   6040.9
      -7.5      58.5       3.0      38.2
      -2.9      11.0        .8      16.0
      -3.5       8.7       -.9      13.9
      -4.2       8.8      -1.3      14.0
 51804   .000000  -.367167  -.930155
  20418.2  16090.4     -5.5     34.7     41.3     20.2
     -4.5     74.7     43.5     44.7   5663.6   5995.8
      -5.7      54.7       3.9      43.2
      -4.1      15.4       1.0      15.9
      -4.7      12.7      -1.0      13.8
      -5.6      13.0       -.9      14.4
 51805   .000000  -.465746  -.884918
  21182.0  16782.9     -7.1     31.7     41.7     19.9
     -5.9     69.9     44.2     44.0   5642.2   6149.9
      -6.8      49.8       5.7      44.3
      -4.6      19.1       1.3      16.4
      -6.0      17.1       -.4      14.3
      -7.6      16.7      -1.3      14.9
 51806   .000000  -.549617  -.835417
  22231.6  16991.8     -9.0     29.6     41.9     19.5
     -6.4     64.3     44.8     43.2   6106.3   6412.7
     -10.0      53.7       3.9      41.5
      -5.8      23.0       1.3      16.2
      -7.4      20.0        .2      14.8
      -8.7      20.4       -.7      15.1
 51807   .000000  -.619644  -.784883
  23490.1  16004.9     -9.7     28.3     42.8     18.3
     -6.6     58.4     45.9     42.2   6149.8   6626.3
     -12.7      61.0       1.7      40.2
      -7.3      28.8       1.9      16.0
      -8.9      24.6        .4      14.4
     -10.6      26.2      -1.0      14.2
 51808   .000000  -.677476  -.735545
  25233.1  14967.3    -13.5     29.7     43.0     17.3
     -7.9     51.7     46.1     41.2   6510.5   6995.7
     -12.3      65.3       3.7      44.0
      -9.1      34.4       1.7      16.1
     -11.1      28.7        .4      14.3
     -11.8      32.5       -.5      14.1
 51809   .000000  -.724999  -.688749
  26916.7  14471.7    -19.8     37.2     43.6     16.3
     -7.4     45.2     47.1     39.9   6787.9   7733.0
     -15.0      70.5       4.5      44.7
     -10.9      39.9       2.3      16.5
     -12.2      32.8        .9      14.2
     -12.8      36.9        .0      14.5
 51810   .000000  -.764030  -.645181
  28626.7  13676.8    -25.1     54.1     43.9     15.8
     -7.6     39.3     47.7     39.0   7459.3   8102.6
     -16.6      73.9       4.1      44.7
     -11.1      43.0       2.3      16.2
     -13.5      36.8       1.1      14.3
     -15.2      39.7        .1      14.7
 51811   .000000  -.796162  -.605083
  30565.7  13244.0    -32.2     76.0     44.3     15.4
     -7.9     34.0     48.4     37.7   7865.4   8474.4
     -14.3      69.9       4.0      44.7
     -11.4      43.8       2.5      16.3
     -13.4      38.6       1.1      13.9
     -16.1      41.7       -.1      14.0
 51812   .000000  -.822730  -.568432
  32682.2  12771.4    -41.6     97.5     44.9     15.2
     -9.1     30.5     49.1     36.7   8223.5   8976.8
     -15.0      63.9       4.9      46.2
     -10.4      42.9       2.8      16.3
     -11.0      38.5       2.1      13.7
     -16.1      42.2        .1      13.2
 51813   .000000  -.844819  -.535052
  34931.9  12525.1    -51.3    115.3     44.8     16.1
    -11.6     31.8     49.8     35.7   8723.8   9516.0
     -13.5      64.8       3.6      48.3
     -10.0      41.3       3.4      15.9
     -11.6      37.8       1.8      13.2
     -16.0      45.2        .8      13.1
 51814   .000000  -.863297  -.504697
  37132.1  12237.5    -51.2    135.2     45.1     16.0
    -14.1     34.2     50.6     35.2   9065.6  10261.1
     -14.8      59.0       5.6      50.2
      -9.6      39.4       3.3      16.2
     -12.9      37.9       2.2      13.4
     -15.0      45.3       1.4      13.2
 51815   .000000  -.878853  -.477092
  39547.8  12129.9    -42.4    161.8     45.5     17.5
     -7.1     32.8     50.8     34.4   9253.7  10384.3
     -15.0      62.5       5.2      52.3
      -9.8      37.9       3.3      16.8
     -11.9      35.9       2.4      12.9
     -16.0      44.7        .9      12.6
 51816   .000000  -.892036  -.451965
  41751.2  11888.7    -50.2    176.6     45.0     19.2
      -.9     27.6     51.2     33.6   9631.9  10607.5
     -15.0      59.9       4.5      49.4
     -10.2      37.8       3.5      16.3
     -10.8      35.2       2.7      12.9
     -16.6      46.1       1.2      12.3
 51817   .000000  -.903278  -.429057
  44106.8  11807.8    -67.2    194.0     44.7     20.4
      8.0     25.7     51.8     33.0   9985.9  11015.3
     -15.5      59.3       5.3      51.8
      -9.7      39.6       3.7      16.7
     -10.9      38.7       3.2      12.8
     -17.1      51.5       1.6      12.9
 51818   .000000  -.912924  -.408131
  46460.9  11567.6    -52.2    217.4     44.3     22.5
       .2     86.6     52.2     32.3  10149.4  11300.9
     -17.9      59.2       5.6      54.3
     -10.3      39.8       3.8      16.9
     -11.8      39.5       3.0      12.9
     -17.5      57.2       2.2      12.4
 51819   .000000  -.921250  -.388972
  48980.8  11486.8    -48.3    240.8     44.5     24.5
       .2     86.6     52.5     31.9   9572.6  10937.6
     -13.5      56.6       5.4      55.5
     -10.5      37.9       4.0      16.2
     -11.8      37.4       3.0      12.9
     -18.6      57.5       2.2      12.0
 51820   .000000  -.928477  -.371391
  51517.5  11418.5    -36.7    265.4     44.3     27.8
       .2     86.6     53.1     31.5  10436.5  11821.8
     -16.0      60.8       7.8      55.6
     -10.3      38.4       4.0      16.8
     -12.0      37.3       3.4      12.6
     -18.9      59.8       2.4      12.1
 51821   .000000  -.934784  -.355218
  54100.3  11387.1    -51.1    277.6     43.7     27.0
       .2     86.6     52.9     30.9  11255.7  12488.0
     -14.8      61.0       7.5      59.4
      -9.5      40.5       4.2      17.7
     -11.5      40.1       3.7      12.4
     -19.2      64.4       2.4      11.7
 51822   .000000  -.940315  -.340305
  56422.3  11296.9    -45.2    297.9     43.4     29.0
       .2     86.6     53.6     30.4  10642.4  12167.3
     -17.7      61.5       7.9      58.0
      -9.6      42.2       4.6      18.1
     -11.4      41.3       3.8      12.6
     -19.2      69.1       2.8      11.7
 51823   .000000  -.945190  -.326520
  58950.3  11398.9    -99.4    300.0     42.6     29.1
       .2     86.6     53.6     30.3  10934.8  12448.5
     -14.4      59.7       8.1      60.7
     -10.4      40.4       4.5      18.3
     -12.3      39.7       3.7      12.5
     -20.5      71.2       3.1      11.8
 51824   .000000  -.949506  -.313750
  61373.1  11339.1   -101.1    314.0     42.3     30.8
       .2     86.6     54.2     29.8  10396.3  12808.3
     -18.7      60.4       8.2      63.4
     -11.1      41.3       4.8      19.4
     -12.0      40.1       4.1      12.7
     -18.9      73.5       3.2      11.5
 51825   .000000  -.953342  -.301892
  63799.1  11194.1    -79.5    337.6     42.1     33.1
       .2     86.6     53.8     29.4  11011.1  12712.8
     -15.9      61.1       6.4      60.5
     -11.1      43.1       4.4      19.4
     -11.7      43.7       4.0      12.2
     -19.8      79.2       3.1      11.8
 51826   .000000  -.956767  -.290857
  66562.6  11183.5   -102.2    352.1     41.6     34.2
       .2     86.6     54.3     29.3  10632.4  13520.4
     -16.3      60.6       7.9      63.9
     -10.3      44.5       4.6      19.7
     -11.9      45.5       4.3      12.3
     -19.6      85.6       3.5      12.8
 51827   .000000  -.959834  -.280567
  69133.2  11282.9    -53.0    379.4     41.4     34.5
       .2     86.6     54.3     29.0  12436.4  14489.8
     -16.3      61.2       6.5      66.7
     -10.8      43.0       5.2      21.3
     -11.7      44.5       4.2      12.0
     -20.1      84.8       3.5      11.9
 51828   .000000  -.962593  -.270952
  71583.4  11201.1    -57.1    397.9     41.2     35.4
       .2     86.6     55.0     28.6  11781.0  14219.5
     -17.1      60.2      12.6      66.1
     -10.2      42.4       5.7      20.0
     -12.4      43.2       4.4      12.2
     -22.0      87.2       3.7      11.5
 51829   .000000  -.965081  -.261951
  74412.4  11100.3   -152.0    399.4     40.3     36.2
       .2     86.6     54.5     28.4  12048.6  14231.5
     -17.1      61.4       8.4      66.5
     -11.0      44.2       5.3      21.7
     -11.8      46.9       4.4      12.3
     -21.3      89.7       3.6      12.1
 51830   .000000  -.967333  -.253508
  76642.2  11137.5    -88.4    438.2     40.4     37.5
       .2     86.6     54.6     28.3  12585.2  14727.0
     -18.0      62.9      10.1      71.8
     -10.9      45.5       5.1      20.2
     -12.7      46.5       4.2      12.9
     -21.9      92.9       3.8      14.0
 51831   .000000  -.969377  -.245576
  79394.6  11128.5      8.7    453.8     40.4     37.4
       .2     86.6     55.0     28.1  13944.9  16977.6
     -18.1      62.5       8.8      69.0
     -11.1      44.5       5.1      23.1
     -12.0      46.8       4.7      13.0
     -21.2      94.5       3.9      12.5
 51832   .000000  -.971238  -.238110
  81959.5  11113.4   -111.8    464.4     40.1     38.0
       .2     86.6     55.0     27.9  13047.3  15740.5
     -19.9      62.8       8.1      68.1
     -10.8      44.0       5.0      22.4
     -12.4      45.9       4.6      12.7
     -21.8      92.8       4.1      13.8
 51833   .000000  -.972937  -.231072
  84639.3  11131.1    -51.4    486.0     40.6     38.1
       .2     86.6     55.5     27.7  13829.1  17670.0
     -17.0      59.6       5.6      67.5
     -10.8      45.1       5.7      23.4
     -13.0      47.5       4.6      12.9
     -20.6      93.1       4.5      12.9
 51834   .000000  -.974491  -.224428
  86860.9  11174.5    -91.0    504.2     40.9     41.4
       .2     86.6     55.4     27.6  13309.5  15688.7
     -16.9      64.7       7.6      75.7
     -11.4      47.4       5.4      23.2
     -12.3      48.5       5.0      12.8
     -21.3      95.8       4.3      13.3
 51835   .000000  -.975916  -.218146
  89826.4  11099.3   -172.1    504.8     39.5     39.8
       .2     86.6     55.7     27.4  14896.0  18367.5
     -16.1      59.9       8.7      72.3
     -11.2      45.5       5.8      25.2
     -12.7      48.1       5.1      12.8
     -22.9      96.0       4.6      13.4
 51836   .000000  -.977227  -.212198
  92192.8  11117.7   -119.9    543.4     40.2     41.7
       .2     86.6     55.6     27.2  14851.7  17563.4
     -17.8      59.9       8.4      74.2
     -10.7      44.9       5.7      24.7
     -12.1      47.3       4.8      12.9
     -22.0      94.2       4.5      13.2
 51837   .000000  -.978434  -.206558
  95137.5  11149.0    -81.7    556.7     39.6     41.5
       .2     86.6     56.0     27.3  15735.1  18936.5
     -17.5      60.5      11.6      75.2
     -10.8      46.1       5.7      25.7
     -14.2      50.1       4.9      12.7
     -22.5      95.1       5.1      14.6
 51838   .000000  -.979549  -.201205
  97439.9  11065.4    -50.0    590.9     39.9     39.7
       .2     86.6     55.9     26.9  16619.9  21305.2
     -17.6      61.7       7.3      76.2
     -11.0      46.7       5.7      24.9
     -12.4      50.3       4.9      13.4
     -24.4      97.4       4.8      13.7
 51839   .000000  -.980581  -.196116
 100207.9  11184.1     12.0    603.6     40.2     41.5
       .2     86.6     56.0     26.9  16982.5  20017.3
     -18.4      60.4       5.7      75.2
     -11.5      45.6       5.1      25.4
     -13.0      50.4       5.2      13.3
     -20.8      92.8       5.1      12.9
 51840   .000000  -.981537  -.191274
 102751.9  11252.9     24.5    618.2     40.0     41.1
       .2     86.6     56.1     26.8  16495.0  19963.2
     -16.7      59.4       6.8      79.6
     -11.6      44.8       5.7      25.8
     -12.3      49.2       5.2      12.8
     -22.4      89.9       4.9      14.5
 51841   .000000  -.982424  -.186661
 105587.9  11093.2   -121.1    628.6     40.2     41.2
       .2     86.6     56.3     26.6  16657.8  20376.4
     -18.2      60.1       1.9      76.3
     -10.8      46.3       5.8      26.5
     -12.8      50.6       5.4      13.4
     -20.6      93.5       5.3      14.8
 51842   .000000  -.983250  -.182261
 107992.6  11130.3   -155.4    638.2     38.2     44.0
       .2     86.6     56.2     26.4  16216.7  20075.8
     -16.1      62.1       5.7      78.6
     -12.1      47.1       5.9      27.6
     -12.9      52.2       5.2      14.4
     -21.9      95.6       4.7      15.5
 51843   .000000  -.984020  -.178061
 110673.0  11134.5      6.0    690.8     40.9     41.0
       .2     86.6     56.2     26.3  18869.5  22533.9
     -15.3      59.2       7.4      78.8
     -11.0      46.5       6.3      26.9
     -12.1      51.8       5.2      15.1
     -22.1      94.4       5.0      14.2
 51844   .000000  -.984737  -.174047
 112781.2  11061.5   -121.4    700.3     40.2     42.0
       .2     86.6     56.5     26.4  17891.8  21185.0
     -15.3      57.5       8.2      79.2
     -11.3      44.6       5.9      27.4
     -13.1      51.6       5.8      15.2
     -21.6      94.4       5.3      14.4
 51845   .000000  -.985408  -.170207
 115965.2  11189.0   -327.3    637.8     39.6     42.2
       .2     86.6     56.3     26.4  19074.2  22309.1
     -17.5      56.7      13.8      81.4
     -11.5      47.2       6.2      28.9
     -12.5      51.2       5.8      14.9
     -21.1      91.7       5.3      16.3
 51846   .000000  -.986036  -.166531
 118427.3  11171.0   -181.3    728.3     40.1     42.5
       .2     86.6     56.5     26.2  18931.9  23258.0
     -20.5      60.2       4.8      83.7
     -11.6      48.4       5.9      29.6
     -12.6      52.5       5.5      15.8
     -22.4      95.3       5.4      16.1
 51847   .000000  -.986625  -.163008
 121584.6  11227.0   -238.4    725.3     39.7     41.7
       .2     86.6     56.2     26.3  19520.5  23471.0
     -18.7      62.0       7.3      81.5
     -11.1      45.8       6.2      29.0
     -13.3      52.7       5.5      14.9
     -21.4      93.1       5.3      15.2
 51848   .000000  -.987696  -.156385
 126844.9  11187.1   -212.4    761.2     39.9     43.6
       .2     86.6     56.6     25.9  20832.6  24356.8
     -15.5      60.0       8.9      86.2
     -11.1      48.1       6.2      30.5
     -14.0      52.6       5.6      15.1
     -21.1      88.4       5.3      14.1
 51849   .000000  -.988644  -.150274
 131760.5  11093.2   -303.9    772.8     38.9     42.0
       .2     86.6     56.5     25.8  21638.6  26989.8
     -15.2      63.5       5.2      83.7
     -12.2      48.4       6.2      32.3
     -13.1      52.9       5.8      15.2
     -21.4      92.8       5.7      16.6
 51850   .000000  -.989488  -.144617
 137171.8  11146.3   -249.4    842.3     39.5     42.7
       .2     86.6     56.5     25.8  22509.1  26450.0
     -14.7      57.0       3.0      81.4
     -11.8      47.5       6.4      32.4
     -13.4      54.5       6.0      14.9
     -18.1      91.7       5.8      17.6
 51851   .000000  -.990241  -.139367
 142422.7  11155.9   -444.3    806.5     38.3     42.3
       .2     86.6     56.8     25.6  21229.3  26512.6
     -19.1      59.3       4.9      85.4
     -11.6      48.0       6.6      31.4
     -13.3      54.3       5.9      15.2
     -19.2      87.5       5.6      17.3
 51852   .000000  -.990916  -.134481
 147453.7  11164.3   -235.3    891.9     38.8     43.1
       .2     86.6     56.9     25.4  21756.1  27590.0
     -21.5      61.4      14.6      90.6
     -11.6      48.5       6.4      33.4
     -13.0      53.8       5.8      15.0
     -17.1      90.7       5.6      19.5
 51853   .000000  -.991524  -.129924
 153195.8  11238.6    -93.3    970.9     41.3     46.0
       .2     86.6     57.0     25.4  23668.3  30463.6
     -14.6      60.4       9.0      88.3
     -12.0      48.1       6.5      35.5
     -13.1      55.0       6.1      16.8
     -20.3      89.3       5.9      17.2
 51854   .000000  -.992073  -.125663
 158233.5  11213.5   -138.4    959.2     38.7     45.1
       .2     86.6     57.0     25.4  25758.8  32215.1
     -18.4      61.4       3.5      91.0
     -11.6      47.7       6.7      34.4
     -13.5      54.5       6.1      17.3
     -19.2      86.9       5.4      19.1
 51855   .000000  -.992571  -.121670
 163673.6  11136.2    -99.8   1069.3     39.5     43.5
       .2     86.6     56.9     25.2  24472.2  30784.4
     -17.4      61.1       9.8      87.9
     -12.1      47.0       6.8      35.8
     -12.7      55.8       6.5      17.2
     -17.1      87.5       5.9      20.1
 51856   .000000  -.993023  -.117921
 168806.4  11199.5   -341.2    955.7     39.0     47.4
       .2     86.6     57.1     25.2  26747.4  32388.7
     -15.3      55.2       7.3      88.6
     -11.7      48.9       7.1      36.2
     -13.7      55.1       6.3      19.4
     -17.7      86.4       6.2      20.8
 51857   .000000  -.993435  -.114396
 174406.7  11232.4   -345.5   1043.0     37.4     43.3
       .2     86.6     57.2     25.0  23726.9  31296.7
     -14.0      56.4       6.7      96.3
     -11.4      47.9       7.2      38.3
     -12.2      56.3       6.5      16.9
     -16.1      86.8       6.3      20.4
 51858   .000000  -.993812  -.111073
 179455.1  11273.6   -480.2   1054.2     39.0     43.9
       .2     86.6     57.0     25.0  25939.5  33756.5
     -14.7      53.7       9.9      95.6
     -11.6      48.6       6.7      37.1
     -13.3      55.0       6.1      18.3
     -16.8      84.6       5.3      22.8
 51859   .000000  -.994158  -.107937
 185100.5  11219.2   -161.6   1165.6     39.9     43.9
       .2     86.6     57.4     24.8  28120.7  37445.4
     -12.8      54.6       6.1      96.7
     -11.9      47.4       7.3      37.8
     -13.0      56.7       6.7      18.5
     -15.7      79.2       6.6      21.1
 51860   .000000  -.994475  -.104972
 190303.0  11375.4   -336.8   1176.9     40.1     43.7
       .2     86.6     57.5     24.8  29576.3  36855.0
     -12.4      53.2       8.5      98.8
     -11.3      47.2       7.3      40.2
     -13.2      56.6       6.5      19.7
     -14.2      82.9       6.5      22.3
 51861   .903278   .000000  -.429057
  47028.3   9922.6       .3     42.9    242.7     99.2
       .4     85.7     43.5     57.7  17982.2  21417.9
       1.3      84.9      24.0      65.8
       -.2      38.5      15.5      38.4
       -.2      28.0      15.1      29.4
       6.2      17.8      13.0      29.4
 51862   .887877   .000000  -.460082
  43583.8  10379.6       .1     43.0    248.7     78.2
       .1     85.8     43.5     57.7  18026.9  19875.1
       1.2      84.3      22.9      66.2
        .9      37.6      14.7      36.8
      -2.8      16.0      14.1      29.0
       -.1      13.3      12.8      28.4
 51863   .868777   .000000  -.495203
  40436.4  10953.3      -.2     42.9     43.5     28.9
      -.2     85.9     43.5     57.7  17374.1  18241.5
      -1.3      89.3      23.5      64.8
        .9      36.9      13.6      35.7
        .3      13.2      12.8      27.3
      -1.3      13.7      11.2      25.9
 51864   .844819   .000000  -.535052
  37266.0  11778.2      -.2     42.9     43.5     28.9
      -.2     85.9     53.8     11.2  16063.1  17128.5
      -3.4      81.1      19.6      64.3
       2.4      34.0      12.5      34.2
        .1      15.0      11.1      26.1
       1.5       5.0      10.4      25.3
 51865   .814421   .000000  -.580275
  34096.0  12727.6       .1     43.1     43.5     28.9
       .0     86.0     54.6     14.6  13653.2  14238.5
        .0      80.4      19.4      62.1
       1.0      30.1      10.9      31.5
      -3.4      16.7       9.8      22.9
      -3.7      11.9       8.3      23.1
 51866   .775436   .000000  -.631426
  31702.8  14386.3      -.6     42.8     43.5     28.9
      -.7     85.9     54.2     22.0  13257.1  13924.9
      -3.1      77.7      17.0      59.0
       1.4      27.2       9.3      30.4
        .9      11.5       8.3      22.4
       8.0      17.1       6.8      21.2
 51867   .724999   .000000  -.688749
  29556.6  16824.4       .2     43.2     52.5      7.4
       .2     86.1     53.6     30.9   9757.8  10612.6
       1.9      82.3      15.9      57.6
       1.9      29.4       6.6      26.1
      -4.1      14.8       6.6      17.5
       2.2       5.0       7.3      15.5
 51868   .659438   .000000  -.751759
  27629.3  19954.1       .2     43.0     52.6     12.2
       .2     86.1     52.7     39.6  10063.9  10834.5
      -5.8      80.8      13.9      51.5
      -2.2      20.9       6.9      19.6
       1.1      15.4       6.4      13.2
        .2       5.0       6.1      11.5
 51869   .574426   .000000  -.818557
  26082.4  22614.9      -.7     43.3     51.5     19.1
      -.6     86.3     51.3     47.6   9385.0   9862.2
       5.9      81.8      14.4      51.9
        .4      26.2       4.1      14.6
       1.1       5.0       3.6      10.1
       1.7       5.0       3.9       8.3
 51870   .465746   .000000  -.884918
  24832.9  21097.2       .2     43.1     49.6     25.8
       .2     86.2     49.5     54.7   8874.6   9603.7
       1.7      77.2      16.6      67.1
      -1.0      21.9       2.5      11.0
        .3       5.0       1.2       6.8
      -5.6      14.1       1.4       5.8
 51871   .331088   .000000  -.943600
  23089.6  19679.1      -.1     43.0     48.0     25.4
      -.1     86.2     47.9     54.2   8152.6   8561.0
       5.1      78.2      16.2      63.7
      -2.1      14.8       5.1      10.2
       4.6      16.4       4.4       4.9
        .1       5.0       3.8       3.6
 51872   .254493   .000000  -.967075
  22203.5  19247.4       .2     43.2     46.4     22.7
       .2     86.3     46.3     51.4   7413.7   7893.6
      -3.6      78.8      10.3      61.0
        .3      17.3       5.0      11.0
       2.4       5.0       3.5       7.4
       -.2       5.0       2.5       6.8
 51873   .172799   .000000  -.984957
  21336.1  18724.4       .2     42.9     44.8     20.1
       .2     86.1     45.1     48.4   6947.3   7604.1
       -.6      74.5       7.8      49.6
      -4.1      23.3       2.9      11.7
       -.3       5.0       1.5       9.4
        .1       5.0        .5       8.2
 51874   .087384   .000000  -.996175
  20787.2  16527.0       .0     43.1     43.9     17.8
      -.1     86.2     44.6     45.9   6810.6   7315.9
       -.3      76.1       4.2      43.1
      -1.1      17.5       1.6      13.5
        .1      11.5        .3      11.1
       2.7       5.0       -.5       9.9
 51875   .000000   .000000 -1.000000
  20171.3  15054.4      -.1     43.0     42.2     16.3
      -.1     86.1     43.6     43.2   6525.0   6903.6
      -2.0      72.0       3.4      39.6
       3.1      20.6        .5      15.5
        .4       5.0      -1.0      13.1
       2.6       5.0      -1.7      12.2
 51876  -.087384   .000000  -.996175
  19862.3  13461.9      -.3     43.1     41.1     14.7
      -.2     86.2     43.4     40.8   6125.0   6474.9
       1.3      76.6       2.2      40.1
      -2.3      14.0       -.4      18.2
        .4       5.0      -2.5      16.2
        .0       5.0      -4.0      16.3
 51877  -.172799   .000000  -.984957
  19987.6  11938.0       .2     43.2     39.9     13.8
       .2     86.2     43.0     38.1   5735.0   6000.8
        .8      74.7      -1.1      43.0
        .5      23.5      -2.1      21.3
      -1.8       8.4      -3.6      19.6
      -2.9       5.9      -6.4      20.5
 51878  -.254493   .000000  -.967075
  20184.8  11370.5      -.2     43.1     35.9     16.8
      -.2     86.2     42.9     35.4   5520.4   5865.6
       -.9      69.6      -1.8      47.0
      -1.5      16.4      -3.8      24.9
       4.6       5.7      -5.3      22.5
      -2.1       5.0      -7.5      24.7
 51879  -.331088   .000000  -.943600
  20665.4  10256.5      -.1     43.1     25.4     26.6
      -.1     86.2     43.2     32.1   5638.9   5874.5
      -1.2      78.7      -5.0      52.8
       5.4      25.5      -4.5      27.9
      -9.5      14.8      -6.7      25.2
      -1.6       5.0      -7.8      27.5
 51880  -.465746   .000000  -.884918
  21551.5   9283.8      -.3     43.2      4.2     46.7
      -.3     86.2     43.2     26.4   5457.0   5700.8
       5.1      76.7      -3.6      56.9
       1.1      24.6      -3.5      31.5
       4.4       6.0      -9.8      29.4
       2.5       6.2     -11.6      30.8
 51881  -.574426   .000000  -.818557
  22433.1   8529.1       .3     42.9      9.1     78.3
       .2     86.0     42.8     20.7   5286.8   5501.4
       -.1      77.4      -5.6      63.2
      -2.2      26.7      -5.4      36.7
       3.4      20.1     -10.7      36.3
      -9.9      18.7     -24.4      38.9
 51882  -.659438   .000000  -.751759
  23243.7   8028.0      -.1     43.1     15.4    104.0
      -.1     86.1     42.5     16.8   5285.2   5429.9
      -3.8      79.4      -4.1      68.0
       1.4      30.1      -7.8      42.6
       2.1      20.9     -15.3      44.4
       4.3      16.3     -36.8      52.3
 51883  -.724999   .000000  -.688749
  24199.3   7676.9       .4     43.0     22.9    124.7
       .3     86.1     42.3     17.4   5353.1   5518.5
      -3.9      82.5      -6.3      73.8
       -.5      29.7     -10.8      50.6
        .5      14.7     -26.8      57.1
       4.7      27.6     -45.3      67.6
 51884  -.775436   .000000  -.631426
  25271.6   7426.3       .0     43.1     24.1    143.4
       .0     86.0     43.5     57.7   5297.3   5486.8
      -1.6      78.7     -10.3      75.6
      -4.2      28.1     -15.2      59.9
       1.7      17.2     -35.4      67.7
       -.4      18.3     -48.2      87.8
 51885  -.814421   .000000  -.580275
  26157.4   7277.5       .0     43.0     27.4    161.4
       .0     86.0     43.5     57.7   5275.3   5474.1
      -4.6      80.8      -8.3      81.2
       -.3      39.5     -19.5      68.7
       1.2      34.8     -39.1      82.9
       1.9      15.1     -51.6     104.2
 51886  -.844819   .000000  -.535052
  27357.8   7118.7      -.2     42.8     21.1    179.0
      -.2     85.8     43.5     57.7   5345.5   5524.0
       -.3      84.9      -9.9      82.5
       -.7      41.0     -23.4      77.5
       3.4      19.4     -42.4      95.1
       -.4      19.1     -56.1     122.2
 51887  -.868777   .000000  -.495203
  28327.1   7088.9      -.1     42.8     19.3    195.5
      -.2     85.7     43.5     57.7   5413.6   5622.6
      -4.3      79.7      -7.8      87.7
       -.9      34.6     -27.2      86.4
        .2      33.2     -46.6     109.2
       -.3      14.8     -52.7     138.3
 51888  -.887877   .000000  -.460082
  29412.6   6949.0      -.5     43.0     18.3    211.9
      -.6     85.8     43.5     57.7   5447.2   5661.0
      -4.3      81.7      -9.8      89.5
       -.3      38.3     -31.2      98.2
       -.1      31.5     -51.0     117.0
       -.1      29.3     -53.4     149.6
 51889  -.903278   .000000  -.429057
  30681.8   6943.2       .2     43.1     14.7    227.5
       .2     85.8     43.5     57.7   5488.5   5690.8
       3.9      85.3      -9.1      92.2
       -.2      43.3     -34.2     106.1
      -4.1      24.7     -51.0     129.5
       2.9      16.3     -49.7     159.1
 51890   .840060  -.367526  -.399028
  45091.4  10793.1     -7.8     69.9    109.2    165.9
     -2.0     36.9     43.5     57.7   8283.4   9074.1
      -9.6      61.0      21.8      68.4
      -5.3      29.2      13.9      42.7
      -5.4      23.5      12.7      37.5
      -4.4      25.2       9.5      57.1
 51891   .817505  -.390173  -.423616
  42606.5  11251.0     -8.6     64.4    103.2    144.2
     -1.9     38.3     43.5     57.7   8378.0   9242.9
      -9.0      60.4      21.0      68.1
      -6.4      30.3      13.5      40.2
      -5.8      24.7      12.8      35.0
      -5.4      23.9      11.1      45.4
 51892   .790440  -.414981  -.450551
  40507.0  12119.5    -12.1     51.5     94.4    118.8
     -1.7     39.6     42.3     29.5   8773.1   9562.7
      -8.8      63.2      19.3      66.7
      -6.5      30.7      12.8      37.3
      -6.5      24.8      12.4      31.6
      -5.7      24.3       9.9      34.9
 51893   .757796  -.442047  -.479937
  38083.1  13075.0     -6.9     40.7     55.9     80.6
     -2.2     41.4     50.5     24.3   9208.9  10168.0
     -10.9      60.3      18.8      64.2
      -6.1      32.0      11.3      35.9
      -5.7      26.5       9.6      29.5
      -5.4      27.8       9.1      29.6
 51894   .718269  -.471364  -.511767
  36121.5  14467.8     -5.4     22.9     46.1     70.8
     -2.3     42.3     52.3     20.6  11161.0  12630.9
      -9.2      61.7      16.3      60.5
      -6.5      32.3       9.8      33.1
      -7.1      26.2       9.4      27.0
      -5.8      26.7       8.0      27.9
 51895   .670317  -.502738  -.545830
  34032.4  16171.6     -4.7     23.1     41.5     58.4
     -2.8     44.4     53.0     24.4  11554.4  12612.0
     -14.8      62.1      17.6      59.6
      -7.5      33.0       8.2      31.5
      -6.9      26.4       7.4      25.5
      -6.0      26.7       6.0      26.1
 51896   .612205  -.535679  -.581595
  32289.8  17708.6     -4.2     24.2     50.7     14.3
     -2.0     45.2     52.5     31.6   8253.5   9098.5
     -12.2      65.0      13.3      55.0
      -6.3      33.1       6.2      26.3
      -6.8      26.0       5.8      20.7
      -6.3      26.6       6.5      19.4
 51897   .542159  -.569267  -.618061
  30759.3  17982.5     -2.1     23.9     51.7     14.0
     -2.2     45.9     52.0     39.1   9527.9  10293.3
     -12.9      63.9      12.2      49.8
      -7.4      33.0       5.6      20.4
      -7.8      25.4       5.7      16.0
      -6.3      27.1       5.9      14.9
 51898   .458673  -.602008  -.653609
  29732.3  17057.6     -1.1     23.7     51.3     19.5
     -2.3     46.1     51.3     47.0   8587.4   9357.6
     -13.0      63.8      16.5      60.0
      -7.5      32.3       3.6      15.9
      -7.4      25.2       3.1      11.8
      -6.2      26.6       4.0      10.6
 51899   .361020  -.631785  -.685938
  29016.7  16284.3     -1.1     20.2     49.8     25.7
     -2.3     45.4     49.9     54.2   8134.3   8820.6
     -14.4      62.9      12.0      71.1
      -8.5      32.4       1.6      13.9
      -7.5      24.0        .1       8.0
      -6.7      25.4       1.5       6.6
 51900   .249898  -.655981  -.712208
  27592.5  15578.3    -10.5     22.8     48.3     24.8
     -5.1     46.8     48.7     53.2   7342.5   8184.6
     -13.4      63.2      15.1      69.8
      -9.2      32.7       5.7      11.2
      -9.2      24.8       5.4       5.2
      -9.7      26.6       4.1       4.3
 51901   .190037  -.665130  -.722141
  26958.2  15404.4    -14.9     24.8     47.5     22.2
     -6.6     47.6     48.3     50.1   7080.6   7719.2
     -15.0      63.9      10.5      56.8
      -9.3      32.3       6.6      12.1
     -10.2      25.4       5.0       8.3
     -11.4      28.3       3.8       8.0
 51902   .127982  -.671905  -.729496
  26280.4  15299.9    -15.2     26.4     45.9     19.7
     -6.7     49.0     47.3     46.7   6764.6   7394.9
     -14.3      66.3       6.9      52.2
      -9.5      33.5       4.4      12.6
     -10.1      26.6       2.9      10.3
     -12.2      30.1       1.9      10.0
 51903   .064388  -.676070  -.734019
  25652.1  15086.4    -14.2     27.9     44.9     18.2
     -7.2     50.6     46.8     43.9   6488.1   6964.3
     -14.9      65.5       6.1      47.4
     -10.5      34.4       2.8      13.7
     -10.4      27.9       1.8      12.2
     -11.7      31.5        .7      12.1
 51904   .000000  -.677476  -.735545
  25039.1  15123.6    -13.5     29.5     43.1     17.5
     -7.1     52.0     46.2     41.0   6371.8   6923.6
     -15.5      65.6       3.2      44.5
      -8.8      33.0       2.2      16.1
     -10.3      28.8        .4      14.4
     -11.4      32.6       -.7      14.2
 51905  -.064388  -.676070  -.734019
  24776.8  14844.3    -13.1     30.6     40.7     18.8
     -6.7     53.0     46.1     38.7   6088.7   6490.3
     -10.7      65.7       1.5      44.8
      -9.5      33.8        .8      18.0
     -10.3      29.6       -.6      17.3
     -12.3      33.4      -2.3      18.6
 51906  -.127982  -.671905  -.729496
  24362.0  14718.9    -12.8     30.8     35.8     23.1
     -6.8     53.2     45.5     36.0   5780.8   6135.6
     -15.8      65.8       -.7      42.3
      -9.5      33.6      -1.3      20.6
     -10.2      29.9      -2.3      20.3
     -12.1      33.3      -4.6      22.8
 51907  -.190037  -.665130  -.722141
  24467.6  14176.3    -11.7     31.7     26.9     31.1
     -6.5     54.2     45.3     34.1   5684.3   6047.9
     -11.9      65.9      -1.2      48.6
      -9.2      35.7      -2.8      24.7
     -10.1      31.0      -4.0      23.0
     -11.4      33.2      -4.6      26.4
 51908  -.249898  -.655981  -.712208
  24467.2  12990.2    -11.1     33.5     18.7     42.0
     -6.4     54.2     44.8     32.5   5744.1   6105.4
     -14.1      65.9      -2.3      49.2
      -8.7      35.9      -3.9      27.9
     -10.4      31.9      -5.4      25.4
     -12.7      34.7      -4.8      28.4
 51909  -.361020  -.631785  -.685938
  24582.6  11855.4    -14.2     40.3     16.0     59.5
     -6.1     54.0     43.9     30.4   5613.4   5933.3
      -9.6      65.8      -3.1      52.7
      -6.9      35.4      -2.9      31.8
     -10.2      33.0      -7.3      30.2
     -16.1      37.5      -7.7      31.7
 51910  -.458673  -.602008  -.653609
  25220.0  10652.1    -18.6     49.2     15.0     74.5
     -6.1     53.8     42.2     32.0   5447.4   5673.7
     -11.3      64.8      -7.3      59.3
      -6.7      34.8      -4.8      37.1
      -7.7      32.8      -6.0      36.5
     -17.9      40.1     -15.0      41.5
 51911  -.542159  -.569267  -.618061
  25916.5   9748.5    -17.5     57.0     14.1     98.6
     -6.1     53.1     39.1     36.2   5390.6   5601.5
      -9.0      62.7      -6.7      65.1
      -6.5      32.4      -6.1      43.0
      -8.3      30.3     -10.7      44.6
     -14.8      37.1     -20.5      56.7
 51912  -.612205  -.535679  -.581595
  26409.5   9047.7    -16.0     63.3     16.2    125.8
     -5.8     52.5     30.6     51.1   5480.2   5690.7
      -6.8      61.6      -5.1      71.8
      -5.2      32.7      -8.3      52.6
      -9.2      31.2     -15.4      57.9
     -17.3      35.2     -25.9      75.1
 51913  -.670317  -.502738  -.545830
  27361.3   8478.2    -16.6     66.3      9.0    145.2
     -6.4     51.7     -6.4     63.2   5590.7   5812.2
      -6.0      60.6      -7.7      78.8
      -5.6      33.4     -10.6      61.7
     -12.4      34.2     -23.9      71.0
     -20.5      41.0     -28.3      92.4
 51914  -.718269  -.471364  -.511767
  28252.1   8071.0    -15.7     68.6     13.7    164.2
     -6.3     51.1     -6.6     75.4   5435.2   5674.0
      -6.0      59.3      -7.2      81.6
      -6.8      32.9     -12.7      69.9
     -14.6      37.5     -28.8      86.2
     -26.3      46.3     -35.7     107.3
 51915  -.757796  -.442047  -.479937
  29054.1   7838.5    -15.5     70.5      9.6    179.9
     -6.2     50.2     15.0     72.4   5499.1   5776.1
      -4.8      56.8      -6.8      84.7
      -7.5      33.6     -17.5      78.7
     -16.2      40.2     -32.1      99.1
     -24.8      52.1     -39.1     123.8
 51916  -.790440  -.414981  -.450551
  29736.2   7695.3    -14.8     72.4      8.8    197.2
     -6.0     49.0     30.6     70.6   5541.1   5791.5
      -5.8      58.1      -7.8      90.1
      -8.3      36.3     -18.9      91.6
     -19.0      42.5     -37.8     109.5
     -24.0      58.7     -42.9     136.9
 51917  -.817505  -.390173  -.423616
  30559.5   7512.6    -13.4     73.9      6.9    215.7
     -4.8     47.9     43.5     57.7   5619.4   5845.3
      -4.0      56.7      -8.1      91.5
      -9.9      40.1     -24.3      99.0
     -17.6      48.6     -39.8     126.1
     -22.3      63.3     -40.7     148.9
 51918  -.840060  -.367526  -.399028
  31361.9   7423.6    -13.9     74.6       .6    228.2
     -5.1     46.1     43.5     57.7   5624.6   5891.3
      -4.8      56.2      -9.7      90.7
     -10.0      42.5     -25.8     111.2
     -14.9      52.8     -34.5     134.7
     -23.5      66.3     -44.3     156.6
 51919   .708659  -.620076  -.336613
  52513.6  12560.3   -129.3    123.5    185.0    137.5
       .2     86.6     43.5     57.7  10853.6  11601.4
     -11.0      57.0      20.8      64.6
      -5.9      34.7      13.8      40.9
      -5.4      33.1      13.1      35.9
      -2.8      49.6      10.2      48.9
 51920   .677337  -.646549  -.350984
  50888.7  13185.2   -150.9    100.3    196.0    103.8
       .2     86.6     43.5     57.7  10413.6  12680.1
     -10.6      56.8      19.3      64.7
      -6.5      34.2      13.6      40.6
      -7.1      31.1      13.3      33.6
      -5.2      40.3      10.6      40.4
 51921   .641844  -.673936  -.365851
  49441.2  13827.7   -161.4     85.4    174.3    113.7
     -1.9     18.1     43.5     57.7  13334.0  16459.2
     -12.6      58.4      17.7      64.5
      -5.4      34.2      11.8      36.9
      -6.3      32.3      11.2      31.5
      -7.7      37.2      10.3      34.0
 51922   .601687  -.701968  -.381068
  47812.4  14186.9   -134.3    150.2    149.5    152.6
     -6.9     36.9     47.2     14.6  16659.7  18568.7
     -15.2      61.6      20.8      65.9
      -7.0      35.3      10.6      34.9
      -6.8      33.6       8.9      29.2
      -6.4      38.9       7.3      29.6
 51923   .556388  -.730259  -.396426
  46391.6  13990.5    -26.9    199.8     63.8    118.2
      2.7     23.6     50.5     16.4  14962.3  17152.0
     -11.5      57.4      13.2      59.5
      -6.6      35.3       8.6      32.0
      -6.2      33.3       7.8      25.2
      -6.5      38.7       6.3      26.4
 51924   .505524  -.758286  -.411641
  44853.5  13948.1    -30.9    170.6     62.3     89.8
      5.1     34.1     52.3     19.3  12630.8  16158.8
     -12.3      60.2      13.4      59.3
      -6.8      35.0       7.3      28.9
      -6.7      32.9       6.1      22.9
      -6.7      38.2       5.5      25.0
 51925   .448787  -.785377  -.426348
  43893.2  13654.3    -72.7    140.1     50.8     28.4
      5.1     36.7     52.8     26.3  11285.3  13384.4
     -13.5      57.7      10.8      56.5
      -6.8      35.6       5.8      25.0
      -6.8      33.3       4.9      20.0
      -6.5      39.0       4.6      19.9
 51926   .386057  -.810720  -.440105
  43114.1  13037.2    -91.2    155.1     52.1     13.7
       .7     23.7     53.0     34.9  12569.8  14802.1
     -11.9      59.3      12.0      56.0
      -7.0      35.1       5.4      21.2
      -6.5      32.1       4.2      16.7
      -6.3      37.0       4.2      16.3
 51927   .317480  -.833386  -.452409
  42692.3  12778.8    -88.3    144.0     52.8     17.2
     21.2     32.7     52.8     44.3  11897.0  14543.6
     -13.8      57.6      13.9      65.6
      -7.0      34.1       3.3      18.9
      -7.5      32.2       2.1      13.4
      -5.8      37.7       1.5      12.9
 51928   .243541  -.852392  -.462727
  42695.5  12479.7   -100.4    156.1     51.1     24.7
     33.0     24.6     51.3     52.9  15338.8  17248.9
     -15.3      59.9      11.0      76.4
      -7.9      32.9        .6      20.8
      -7.4      30.7      -1.7       8.5
      -5.2      35.0      -1.2       8.5
 51929   .165103  -.866792  -.470544
  41884.8  12363.7      5.7    152.1     50.3     23.3
    -10.2     40.3     51.0     51.4  11659.9  14795.2
     -14.7      59.2      14.7      81.1
      -8.8      33.8       6.7      23.5
      -9.7      30.3       6.5       6.5
     -11.8      36.8       4.7       4.7
 51930   .124573  -.872008  -.473376
  41213.4  12250.3    -29.5    159.1     50.8     20.1
    -27.8     28.4     51.8     47.3  10598.5  13132.3
     -14.9      58.5      12.3      71.6
     -10.1      34.2       7.9      18.4
     -10.7      31.7       7.0       9.9
     -14.2      38.6       5.7       8.9
 51931   .083409  -.875791  -.475429
  40687.7  12138.9    -58.3    161.8     49.6     17.2
    -29.5     34.4     51.3     42.9   9651.2  10874.4
     -13.9      58.9      10.1      62.4
     -10.8      36.4       5.6      18.1
     -10.6      32.0       5.1      10.7
     -15.2      40.1       3.5       9.6
 51932   .041814  -.878085  -.476675
  40038.2  12019.6    -46.8    162.3     48.1     16.1
    -17.7     42.8     51.1     38.5   9694.5  10610.3
     -15.3      59.5       9.1      54.5
      -9.9      36.6       4.7      15.9
     -11.3      34.3       3.7      11.9
     -15.9      43.4       2.3      10.9
 51933   .000000  -.878853  -.477092
  39469.5  12167.4    -45.9    161.8     45.4     17.8
     -6.9     32.2     50.8     34.1   9450.4  10617.5
     -14.0      59.9       5.1      51.4
     -10.3      37.7       3.2      17.1
     -11.5      35.5       2.6      13.1
     -15.7      45.2       1.0      12.5
 51934  -.041814  -.878085  -.476675
  39061.6  12112.2    -38.1    152.4     40.9     23.7
    -10.7     42.7     50.8     30.6   8852.1   9771.6
     -14.9      58.4       5.9      48.1
     -10.2      38.2       1.7      17.4
     -11.0      35.8       1.3      14.1
     -15.8      46.9       -.3      15.4
 51935  -.083409  -.875791  -.475429
  38469.7  12082.4    -26.6    147.7     33.8     34.0
     -9.4     44.4     50.3     26.7   8055.4   8829.3
     -16.2      61.0       1.4      49.8
      -9.2      38.7        .9      19.4
     -10.8      36.6       -.4      16.3
     -15.6      46.2      -2.4      19.2
 51936  -.124573  -.872008  -.473376
  38136.1  12176.0    -46.8    155.3     26.4     46.8
     -7.5     42.2     50.1     23.3   8374.2   9055.7
     -15.4      62.0       1.8      48.0
      -9.8      40.2       -.4      22.1
     -11.5      38.5      -1.7      19.1
     -15.5      48.9      -4.2      22.9
 51937  -.165103  -.866792  -.470544
  38178.9  12221.4    -89.9    141.5     11.5     49.8
     -6.6     38.8     49.6     20.9   8223.3   9042.6
     -16.1      64.7        .2      48.2
     -10.3      41.1       -.5      24.3
     -11.7      39.0      -2.6      21.5
     -16.3      52.9      -4.9      25.4
 51938  -.243541  -.852392  -.462727
  37772.6  12449.5   -100.3    152.5      6.2     59.9
     -5.2     31.2     48.2     19.4   7984.2   8867.7
     -14.3      62.2       -.1      48.8
     -10.5      41.3      -1.4      27.0
     -11.7      40.0      -2.8      24.9
     -17.2      58.3      -7.1      30.6
 51939  -.317480  -.833386  -.452409
  38140.0  12272.5    -72.4    157.9      3.4     78.1
     -9.6     39.6     44.6     19.6   6677.3   7283.7
     -13.8      60.2      -3.2      53.2
      -9.4      42.2      -2.2      32.5
     -10.1      42.3      -3.7      29.3
     -17.4      59.3      -8.8      36.5
 51940  -.386057  -.810720  -.440105
  38350.4  12075.5      2.3    150.5     41.3    124.9
     -2.4     25.7     37.3     21.3   6279.9   6882.5
     -13.6      62.6      -2.8      54.8
     -10.0      43.2      -2.5      36.2
     -10.9      41.7      -4.0      34.9
     -19.5      61.6     -12.1      49.1
 51941  -.448787  -.785377  -.426348
  38423.5  11804.0     -3.2    151.2     40.0    148.4
     -4.6     33.3     43.5     57.7   6567.2   7202.9
     -11.6      65.8      -1.5      60.7
      -9.4      46.4      -2.8      42.4
     -11.7      47.2      -5.4      42.1
     -22.0      77.0     -15.1      70.1
 51942  -.505524  -.758286  -.411641
  38542.4  10847.7    -21.6    156.4     19.8    168.2
     -2.1     28.4     43.5     57.7   6993.8   7359.5
     -13.2      66.0      -4.0      63.6
      -9.6      50.3      -3.7      50.1
     -14.4      53.4      -9.3      50.9
     -26.5      90.6     -19.9      84.0
 51943  -.556388  -.730259  -.396426
  38207.9  10333.4    -15.4    160.6     26.4    181.9
     -6.9     31.3     43.5     57.7   6683.5   7138.8
     -11.7      66.7      -4.5      67.7
     -11.3      53.2      -4.6      55.3
     -17.9      62.7     -13.0      62.6
     -37.1     105.5     -31.8      97.3
 51944  -.601687  -.701968  -.381068
  38127.3   9943.7    -11.9    156.3     26.4    186.8
    -25.0     45.8     43.5     57.7   6488.1   6890.2
      -9.7      66.6      -5.6      70.3
     -11.0      59.9      -6.3      62.1
     -17.9      77.3     -15.5      76.8
     -43.4     119.0     -38.2     112.4
 51945  -.641844  -.673936  -.365851
  39088.0   9569.1    -25.8    150.4      6.2    187.7
    -11.1     38.5     43.5     57.7   6296.2   6616.3
      -9.2      66.6      -4.6      73.7
      -9.1      62.0      -5.4      68.0
     -19.7      82.3     -18.0      85.8
     -48.7     128.8     -45.1     126.9
 51946  -.677337  -.646549  -.350984
  40136.8   9203.1    -23.5    149.2      4.6    196.0
    -22.1     46.9     43.5     57.7   6072.5   6431.2
      -8.7      65.9      -4.1      72.1
      -8.7      60.4      -7.1      70.7
     -22.3      87.5     -25.0      96.4
     -41.3     125.9     -41.3     138.2
 51947  -.708659  -.620076  -.336613
  40688.2   8826.2    -27.5    151.7     -8.6    207.0
    -10.6     50.7     43.5     57.7   5969.7   6233.0
      -8.1      69.4      -4.7      76.9
     -13.9      64.3     -14.3      79.5
     -22.3      88.9     -29.0     110.9
     -31.9     117.6     -29.9     153.2
 51948   .482910  -.845093  -.229382
  77980.6  12794.4   -134.3    414.8    107.7    173.5
       .2     86.6     43.5     57.7  11742.6  13364.5
     -11.9      62.9      18.2      61.5
      -6.1      47.6      12.9      36.7
      -7.6      50.2      13.3      31.5
      -8.3      91.7      14.6      58.2
 51949   .451149  -.861285  -.233777
  77080.5  12686.2   -165.0    399.5    105.2    152.3
       .2     86.6     43.5     57.7  11506.8  13106.5
     -12.0      62.6      17.4      62.1
      -6.3      49.3      12.3      36.0
      -5.8      51.2      11.2      30.6
      -8.0      96.4      13.4      55.4
 51950   .417577  -.876913  -.238019
  76351.8  12268.8   -161.6    359.2     89.3    125.7
       .2     86.6     43.5     57.7  10932.8  11667.4
     -12.0      60.6      14.5      64.5
      -6.4      47.3      11.1      32.6
      -5.9      50.3       9.8      28.3
      -9.1      96.7      12.3      49.1
 51951   .382204  -.891810  -.242063
  75624.3  12154.2   -273.6    273.9     99.5    102.2
       .2     86.6     43.5     57.7  11190.0  12173.1
     -12.8      62.8      13.3      60.1
      -7.8      48.0      10.1      30.5
      -7.7      52.0       8.3      24.9
      -5.2     100.1       8.2      35.4
 51952   .345068  -.905804  -.245861
  75125.7  11928.4   -226.8    354.2     77.9     93.4
       .2     86.6     50.8      7.6  11152.0  12797.7
     -12.5      62.4      16.3      66.5
      -6.4      46.8       8.3      28.5
      -6.1      51.2       7.4      21.7
      -8.0      99.6       7.3      29.5
 51953   .306238  -.918714  -.249365
  75115.2  11764.4   -265.1    347.4     67.6     74.3
       .2     86.6     53.4     10.7  12243.2  13862.1
     -15.6      61.5      15.2      64.9
      -6.6      46.9       7.2      27.0
      -7.6      49.4       5.9      19.8
      -4.9      97.2       4.6      21.9
 51954   .265817  -.930361  -.252527
  75542.1  11590.1   -249.3    354.1     59.3     57.8
       .2     86.6     54.7     18.7  11851.5  13628.7
     -12.0      60.4      10.0      63.8
      -7.1      45.3       4.6      24.6
      -6.0      48.0       3.4      16.0
      -3.6      89.6       3.8      16.1
 51955   .223945  -.940570  -.255298
  75977.7  11411.8   -289.0    320.6     54.4     33.0
       .2     86.6     54.9     29.3  12419.0  14395.2
     -14.4      62.0      10.9      67.3
      -6.5      43.7       4.3      23.3
      -5.6      44.5       3.7      16.4
      -5.4      81.3       3.4      16.4
 51956   .180796  -.949177  -.257634
  76880.4  11278.4   -384.6    232.5     54.9     19.3
       .2     86.6     55.0     40.4  12712.8  15562.3
     -14.5      56.8      10.1      75.3
      -7.5      41.1       4.3      26.7
      -6.2      40.6       1.9      13.6
      -2.0      65.9        .7      13.8
 51957   .136577  -.956038  -.259496
  77637.4  11272.6   -337.2    285.3     53.7     23.5
       .2     86.6     53.9     50.9  16129.5  20883.2
     -16.4      58.3       7.9      87.4
      -8.2      39.2       3.1      40.8
      -6.3      37.3      -1.6      14.6
      -4.4      51.4      -1.9      10.0
 51958   .091527  -.961030  -.260851
  77303.1  11221.0    -23.5    423.6     52.1     22.4
       .2     86.6     52.9     49.7  17203.3  22110.4
     -15.6      58.5       7.0      95.6
      -9.0      40.2       9.0      43.0
      -9.8      38.0       7.5      15.7
     -13.4      58.1       6.3       9.9
 51959   .068771  -.962796  -.261330
  77118.8  11232.4    236.5    341.5     52.8     19.7
       .2     86.6     54.5     45.2  17158.0  21096.0
     -17.2      58.8      10.7      91.4
     -10.2      40.2       9.6      36.6
     -10.4      39.4       9.7      15.4
     -18.5      65.3       8.7      12.4
 51960   .045908  -.964064  -.261674
  76066.1  11206.5     -5.4    434.5     52.1     18.4
       .2     86.6     54.9     39.8  14745.1  18104.7
     -19.0      60.0       6.0      83.9
     -10.9      41.9       7.0      30.6
     -12.2      40.4       6.8      12.6
     -20.7      74.4       6.5      12.6
 51961   .022972  -.964827  -.261882
  74889.6  11095.7    -84.0    408.3     49.1     22.1
       .2     86.6     54.9     34.1  12971.1  16271.6
     -16.2      59.9      12.7      72.4
     -11.1      43.6       6.3      23.5
     -12.0      45.3       5.7      13.2
     -21.4      83.5       5.1      11.1
 51962   .000000  -.965081  -.261951
  74031.0  11173.1    -66.1    404.1     41.1     37.3
       .2     86.6     54.5     28.6  12400.5  15008.2
     -15.2      57.1       8.6      62.9
     -11.4      44.0       4.8      21.4
     -12.0      44.2       4.5      12.6
     -21.1      92.3       3.8      11.9
 51963  -.022972  -.964827  -.261882
  73076.9  11127.7    -87.6    411.2     32.8     49.6
       .2     86.6     54.9     22.9  11891.2  13561.7
     -16.0      61.3       8.1      62.3
     -10.1      46.1       4.4      21.0
     -12.8      47.4       3.6      12.7
     -23.1      96.5       3.0      12.7
 51964  -.045908  -.964064  -.261674
  72778.8  11105.3    -97.2    418.2     29.4     54.9
       .2     86.6     54.4     17.6  11507.3  12830.6
     -16.1      61.4       5.7      60.9
     -10.9      47.1       3.3      20.9
     -12.8      50.3       2.5      13.2
     -21.3     103.6       2.1      16.0
 51965  -.068771  -.962796  -.261330
  72217.8  11197.8   -150.1    395.4     22.0     61.0
       .2     86.6     54.2     13.0  11427.1  12839.8
     -16.5      63.4       6.0      57.3
     -10.4      48.1       3.3      21.3
     -11.9      51.0       2.7      14.6
     -23.1     104.5        .9      18.4
 51966  -.091527  -.961030  -.260851
  71261.5  11214.1    -94.4    410.8     21.6     69.0
       .2     86.6     53.6      9.6  10539.7  11834.6
     -14.7      61.6       4.9      57.3
     -10.2      49.3       3.6      21.0
     -12.9      53.8       1.9      17.7
     -20.7     109.7        .6      23.1
 51967  -.136577  -.956038  -.259496
  70104.1  11340.1    -76.6    403.9     10.3     88.6
       .2     86.6     50.6      7.2  10284.4  11433.3
     -12.8      62.1       4.2      53.2
     -10.7      51.5       3.0      22.3
     -11.3      57.0       2.0      19.6
     -24.0     119.1      -1.1      32.0
 51968  -.180796  -.949177  -.257634
  69300.1  11321.9    -57.6    362.6      1.6     98.2
       .2     86.6     43.5     57.7   9207.3  10171.3
     -11.0      64.8       3.1      52.4
      -9.4      52.1       2.6      24.9
      -8.6      58.1       1.5      23.7
     -21.9     119.7      -4.0      41.8
 51969  -.223945  -.940570  -.255298
  69056.8  11456.0   -155.6    348.4    -22.3    108.2
       .2     86.6     43.5     57.7   9163.1   9992.7
     -17.7      66.7       1.7      51.8
     -11.1      54.6       1.8      28.2
     -14.0      61.9       -.3      28.4
     -20.3     123.8      -3.5      61.3
 51970  -.265817  -.930361  -.252527
  68584.9  11588.2   -178.8    366.7    -26.8    135.1
       .2     86.6     43.5     57.7   9712.5  10405.0
     -11.5      64.2        .8      51.1
      -9.9      55.6       2.3      31.9
     -12.3      63.4        .3      33.2
     -21.6     126.0      -6.5      69.6
 51971  -.306238  -.918714  -.249365
  68869.7  11638.9   -217.1    363.3    -43.9    150.9
       .2     86.6     43.5     57.7  10102.8  10908.8
     -12.0      65.8       1.8      52.6
      -9.2      56.2       2.7      34.0
     -14.1      62.5       -.9      35.5
     -20.2     123.1      -8.8      78.6
 51972  -.345068  -.905804  -.245861
  68981.0  11953.9   -237.0    367.5    -62.5    163.6
       .2     86.6     43.5     57.7   9765.6  10742.2
     -14.2      67.3        .1      52.8
     -10.1      56.5       1.1      36.6
     -12.5      64.4       -.7      37.7
     -22.2     124.7     -12.4      84.1
 51973  -.382204  -.891810  -.242063
  69782.1  11801.0   -251.3    359.2    -78.7    176.2
       .2     86.6     43.5     57.7  10580.9  12144.2
     -11.5      61.9       1.5      52.0
      -8.9      55.6       2.1      37.5
     -11.0      63.8        .3      40.6
     -21.6     122.5     -15.3      87.5
 51974  -.417577  -.876913  -.238019
  70595.2  11931.4   -212.8    360.5    -70.3    194.0
       .2     86.6     43.5     57.7   9721.4  11074.4
     -15.7      68.3       -.6      53.0
      -8.8      56.9       2.0      39.7
     -10.5      65.7        .0      42.7
     -20.7     124.3     -17.5      89.6
 51975  -.451149  -.861285  -.233777
  71489.0  11727.3   -159.4    359.3    -50.6    219.0
       .2     86.6     43.5     57.7   8118.5   8770.6
     -11.8      59.9       -.4      52.7
      -7.9      53.8       1.6      40.3
      -8.5      62.0       -.4      44.4
     -22.5     114.8     -15.9      91.2
 51976  -.482910  -.845093  -.229382
  71992.6  11574.7    -80.0    367.0    -10.9    255.5
       .2     86.6     43.5     57.7   8239.6   9077.8
     -11.8      62.0        .3      53.4
      -9.4      52.6       -.4      44.2
     -11.3      60.4      -3.1      50.1
     -15.9     123.1      -8.7     108.4
 51977   .337328  -.927651  -.160231
 110701.8  11890.6   -358.8    554.2    126.5    172.3
       .2     86.6     43.5     57.7  11613.3  13062.5
     -12.0      62.9      16.0      60.9
      -7.6      62.0      13.0      33.0
      -3.9      77.6      11.4      32.5
       2.5     143.7      13.1      71.6
 51978   .312066  -.936198  -.161707
 110494.0  11784.9   -427.2    565.0    122.7    151.6
       .2     86.6     43.5     57.7  12369.4  14744.0
     -10.9      68.7      16.7      65.1
      -6.2      60.3      12.8      31.4
      -5.7      79.0      11.6      29.8
      -1.3     140.0      14.8      64.0
 51979   .286124  -.944211  -.163091
 111367.2  11587.2   -462.9    562.2     91.1    132.9
       .2     86.6     43.5     57.7  13610.2  15633.9
     -11.3      65.6      15.6      61.0
      -4.8      57.6      10.3      30.5
      -2.8      69.9       8.4      25.1
       3.0     127.2      13.2      54.2
 51980   .259539  -.951641  -.164374
 111661.3  11615.1   -385.1    613.2     97.1    116.3
       .2     86.6     43.5     57.7  12787.5  14890.8
      -8.9      63.6      12.7      66.1
      -5.8      56.0      10.2      29.5
      -5.1      68.6       9.2      23.9
       1.5     129.7       9.0      42.1
 51981   .232349  -.958440  -.165549
 112129.6  11445.1   -471.7    547.8     84.1     99.0
       .2     86.6     43.5     57.7  13487.7  15129.8
     -12.3      59.3      13.6      68.2
      -6.5      56.7       7.7      27.7
      -5.5      66.4       7.4      19.8
       -.6     122.9       8.1      31.6
 51982   .204604  -.964562  -.166606
 114164.7  11376.2   -473.5    549.5     74.1     79.4
       .2     86.6     53.8      6.8  14613.3  17866.1
     -13.8      64.7      13.1      72.5
      -7.6      53.6       8.2      28.8
      -4.5      63.3       6.4      19.1
       2.6     111.8       6.7      23.2
 51983   .176357  -.969963  -.167539
 115044.3  11344.4   -425.6    594.4     60.4     63.3
       .2     86.6     56.5     14.4  14336.2  17049.6
     -12.6      62.8      12.1      78.2
      -6.9      50.4       5.7      28.0
      -5.0      58.6       4.2      16.1
       4.6     107.2       4.7      18.8
 51984   .147667  -.974605  -.168341
 117146.7  11190.2   -458.9    552.7     56.0     43.2
       .2     86.6     56.4     26.4  14870.5  19408.2
     -11.5      62.3      10.1      81.5
      -6.6      47.8       4.3      30.0
      -6.1      52.5       3.5      16.1
       3.5      90.6       3.5      18.6
 51985   .118600  -.978453  -.169006
 118578.0  11252.0   -626.8    373.8     55.6     20.1
       .2     86.6     56.4     38.5  18926.5  23078.3
     -14.2      61.9       2.9      88.1
      -7.4      45.1       4.0      37.3
      -5.0      47.4       2.1      16.5
       3.0      76.2       2.0      18.2
 51986   .089225  -.981478  -.169528
 120390.9  11193.6   -679.7    252.4     54.4     22.9
       .2     86.6     54.9     49.8  22587.2  29636.6
     -17.2      61.0       5.4     100.5
      -7.1      40.8       4.5      51.2
      -7.4      41.2      -1.1      21.1
      -1.6      60.1      -1.0      17.6
 51987   .059616  -.983656  -.169904
 120352.8  11214.7   -193.3    711.3     52.4     21.8
       .2     86.6     53.0     49.0  22134.0  31458.8
     -16.1      59.1       8.8     113.3
      -9.4      41.1       8.7      58.0
      -9.5      39.8       7.5      21.9
     -13.7      58.9       6.8      15.9
 51988   .044746  -.984421  -.170036
 119477.0  11208.5     60.0    685.9     53.8     20.5
       .2     86.6     55.6     44.3  24442.3  30133.0
     -13.3      53.7       9.4     101.4
     -10.2      42.3       9.3      48.8
     -11.2      42.6       9.9      21.9
     -19.8      64.7       9.5      18.5
 51989   .029848  -.984969  -.170131
 118665.8  11173.0    182.2    681.7     53.4     19.3
       .2     86.6     56.3     38.7  23465.1  28582.2
     -17.5      57.7      11.3      93.9
     -10.8      43.3       8.4      41.4
     -12.1      45.0       7.6      18.2
     -20.7      73.7       8.1      14.7
 51990   .014929  -.985299  -.170188
 117586.4  11148.7    -98.9    716.8     49.4     25.9
       .2     86.6     56.2     32.5  19596.0  24648.0
     -18.0      59.2       6.9      89.3
     -10.6      45.1       7.0      33.3
     -13.3      49.5       6.6      16.4
     -19.7      85.3       6.5      16.4
 51991   .000000  -.985408  -.170207
 115881.1  11089.2     17.8    716.0     38.9     42.1
       .2     86.6     56.5     26.3  16451.5  20780.0
     -14.4      56.5       7.9      82.4
     -11.0      47.3       6.1      29.6
     -13.0      51.2       5.4      14.1
     -20.0      90.8       5.6      15.7
 51992  -.014929  -.985299  -.170188
 114876.2  11113.4   -197.7    683.2     33.8     51.6
       .2     86.6     56.3     20.3  16966.2  20664.3
     -14.6      60.9       8.5      79.0
     -11.9      49.0       5.7      26.3
     -13.3      57.2       4.8      14.0
     -19.8     102.3       5.0      16.4
 51993  -.029848  -.984969  -.170131
 113399.0  11167.4   -200.0    689.1     31.0     61.0
       .2     86.6     56.0     14.2  15171.4  20057.2
     -16.4      62.0       8.9      77.1
     -11.1      50.2       5.1      25.9
     -14.3      60.4       4.4      14.1
     -19.7     107.9       4.4      17.7
 51994  -.044746  -.984421  -.170036
 112251.6  11144.8    -64.0    708.6     23.9     69.3
       .2     86.6     55.9      8.8  15497.6  18698.7
     -15.5      62.9       6.8      70.9
     -11.0      52.2       5.7      23.5
     -13.2      63.2       4.0      15.9
     -17.9     118.5       3.7      22.0
 51995  -.059616  -.983656  -.169904
 111204.8  11144.7   -215.7    681.4     17.5     77.8
       .2     86.6     54.8      5.5  15315.2  18855.4
     -13.1      60.6       7.8      63.2
     -11.7      54.6       5.6      24.7
     -13.3      66.0       4.4      16.9
     -21.5     121.0       3.3      25.3
 51996  -.089225  -.981478  -.169528
 109303.0  11235.8   -262.0    667.8      4.8     91.0
       .2     86.6     43.5     57.7  13366.2  15745.6
     -14.6      62.0       4.1      57.6
     -11.3      57.2       4.2      22.8
     -14.4      70.7       3.2      18.8
     -21.7     128.3       2.0      36.3
 51997  -.118600  -.978453  -.169006
 107865.5  11189.1   -325.5    653.5      3.9    110.0
       .2     86.6     43.5     57.7  12876.2  15224.4
     -12.6      67.2       7.0      57.2
      -9.3      61.4       5.6      25.1
     -11.4      77.0       3.7      22.9
      -5.2     142.1       -.8      46.4
 51998  -.147667  -.974605  -.168341
 106131.9  11193.2   -317.5    649.7    -17.9    115.5
       .2     86.6     43.5     57.7  12649.1  14334.3
     -13.8      66.7       6.0      57.9
     -11.6      63.1       3.7      25.7
     -16.1      80.0       1.7      27.0
     -26.7     143.8      -2.2      60.9
 51999  -.176357  -.969963  -.167539
 104354.6  11320.4   -229.7    670.9    -31.0    141.0
       .2     86.6     43.5     57.7  12075.2  13910.5
     -15.3      69.1       6.2      54.5
     -10.5      66.6       4.8      26.8
     -12.5      87.7       2.2      30.6
      -9.8     152.7      -4.4      73.1
 52000  -.204604  -.964562  -.166606
 103663.8  11317.4   -175.4    624.4    -30.0    164.7
       .2     86.6     43.5     57.7  11462.0  12857.0
     -12.6      68.6       3.0      50.6
      -9.2      67.8       5.0      29.5
     -10.6      90.9       2.0      34.7
     -14.0     158.5     -11.7      84.1
 52001  -.232349  -.958440  -.165549
 104025.2  11462.9   -120.9    564.0    -29.0    174.5
       .2     86.6     43.5     57.7  10702.8  11812.2
     -10.7      67.7       4.5      49.4
      -4.7      65.9       5.4      29.6
      -3.4      89.4       1.9      37.5
       6.7     151.2     -12.7      93.9
 52002  -.259539  -.951641  -.164374
 102892.8  11603.0   -223.4    534.9    -54.3    176.7
       .2     86.6     43.5     57.7  10301.7  11087.0
     -15.5      70.2       2.2      46.7
     -15.4      70.2       1.5      34.8
     -18.9      95.4      -1.7      47.1
     -27.0     160.5      -9.6     115.6
 52003  -.286124  -.944211  -.163091
 102025.3  11706.3   -308.3    561.7    -79.4    199.5
       .2     86.6     43.5     57.7  10998.2  12019.9
     -11.7      69.0       2.8      51.3
      -9.6      70.9       3.2      39.3
     -11.7      95.3      -1.1      54.5
       -.4     162.5     -13.1     122.5
 52004  -.312066  -.936198  -.161707
 102123.4  11829.9   -386.8    561.2   -111.4    214.2
       .2     86.6     43.5     57.7  10964.7  12180.9
      -8.2      72.2       3.3      49.1
      -9.6      72.4       4.1      41.7
     -11.9      97.7       1.6      56.5
     -14.8     163.0     -18.6     129.4
 52005  -.337328  -.927651  -.160231
 102336.9  11898.4   -339.6    623.8   -101.4    256.7
       .2     86.6     43.5     57.7  11591.0  12465.5
     -13.3      69.3       3.7      49.3
      -9.1      74.6       3.8      43.4
     -10.2      98.6       1.2      58.7
      -6.8     155.7     -19.5     129.7
