Dot1_150x100_prd2012lk:dj0025b@-170V,3.8T@90d,277K,rhe=1.10,rhh=0.7, 0.65/1.30  
  7192   1  3.80  60   5  29   0  170.00  277.00     .25 1.04600  1250.0    -.12  104.51  150.  100.  285.  2250.0    -.06   52.26    1.50    1.00     .85
 44001   .000000   .000000 -1.000000
  25849.9  17499.6      -.1     41.5     51.9      5.8
      -.1     84.3     52.3     32.7  10469.9  11065.9
       1.7      69.0       -.7      38.4
       -.5       7.9      -1.1      13.2
        .3       2.0      -1.2      10.7
        .0       1.6      -1.6      10.3
 44002   .000000  -.130455  -.991454
  26114.8  17735.8      -.2     36.3     51.8      6.9
      -.1     78.3     52.2     32.7  10203.9  10905.9
      -5.4      63.9        .3      37.5
       -.4       6.6       -.9      12.7
       -.4       3.1      -1.3      10.6
       -.5       3.0      -1.7      10.4
 44003   .000000  -.254493  -.967075
  26626.6  18191.0      -.3     29.6     51.9      8.0
      -.3     70.3     52.5     32.6  10249.3  11026.8
      -2.8      47.1       -.9      36.7
       -.5       8.5      -1.1      13.0
       -.5       6.2      -1.4      10.5
       -.4       5.9      -1.7      10.3
 44004   .000000  -.367167  -.930155
  27535.7  18786.3      -.5     23.0     51.9      8.2
      -.3     62.1     52.6     32.3  10679.0  11336.8
      -5.3      48.4        .3      37.9
       -.5      12.4      -1.1      12.5
       -.3       9.3       -.9      10.4
       -.6       8.8      -1.8      10.2
 44005   .000000  -.465746  -.884918
  28996.7  19399.0      -.3     17.0     51.9      8.2
      -.1     53.7     52.8     32.0  11319.7  12287.2
      -5.0      49.7       1.3      39.4
       -.5      15.9      -1.1      12.4
       -.2      12.2       -.9      10.1
       -.3      11.5      -1.4      10.2
 44006   .000000  -.549617  -.835417
  30733.2  19454.8      -.2     14.1     52.0      7.9
      -.5     44.9     52.6     31.7  11988.4  12651.7
      -5.8      53.1       -.1      43.5
       -.5      20.2      -1.1      12.5
       -.5      14.8      -1.1       9.9
       -.5      14.2      -1.5       9.8
 44007   .000000  -.619644  -.784883
  32578.3  18135.7       .0     16.7     52.1      7.8
      -.3     35.9     52.8     31.2  12656.3  13750.8
      -6.1      56.5       -.9      44.0
       -.3      25.4       -.9      12.2
       -.9      18.1      -1.1      10.0
       -.9      17.3      -1.4       9.9
 44008   .000000  -.677476  -.735545
  34675.1  16922.9       .0     17.8     52.1      7.6
      -.1     27.0     52.8     30.8  14792.5  15603.5
      -8.2      58.0      -1.3      40.9
      -1.2      28.2      -1.2      12.3
       -.8      20.8      -1.2       9.7
      -1.0      19.9      -1.6       9.4
 44009   .000000  -.724999  -.688749
  37140.5  16102.5      -.1     43.3     52.3      6.9
      -.1     18.5     53.1     30.6  15642.2  16395.5
      -8.3      61.4       1.7      48.6
      -1.1      30.0      -1.2      12.5
       -.4      22.1      -1.1       9.3
       -.7      22.1      -1.1       9.0
 44010   .000000  -.764030  -.645181
  39397.7  15349.0      -.1     43.3     51.9      6.7
      -.3     12.5     53.3     30.2  16886.4  17639.3
     -10.2      56.7       1.9      45.4
      -1.1      30.0      -1.1      12.2
       -.7      24.0      -1.0       9.1
      -1.1      24.4      -1.3       8.6
 44011   .000000  -.796162  -.605083
  41993.3  14784.2      -.1     43.3     52.1      6.2
       .7     14.1     53.6     29.9  17935.4  18869.9
      -8.9      56.5        .2      48.4
      -1.0      28.3      -1.1      12.4
        .0      24.4       -.9       8.7
       -.9      25.7      -1.2       8.4
 44012   .000000  -.822730  -.568432
  44760.8  14405.9      -.1     43.3     51.9      5.7
     -5.4     11.9     53.6     29.4  19267.8  20315.3
      -7.2      54.3       -.7      49.7
       -.5      25.4      -1.0      12.3
       -.5      23.5      -1.1       8.7
       -.9      26.0      -1.1       8.2
 44013   .000000  -.844819  -.535052
  47411.9  14093.0      -.1     43.3     52.0      5.4
      -.1     86.6     53.6     29.2  21849.2  22955.5
      -9.0      54.4        .5      51.1
      -1.1      25.7      -1.1      13.2
       -.5      21.7       -.8       8.3
       -.7      24.2      -1.3       7.9
 44014   .000000  -.863297  -.504697
  50352.4  13879.7      -.1     43.3     52.1      5.3
      -.1     86.6     53.4     28.7  23648.2  24666.4
      -9.2      55.1        .0      51.0
       -.2      26.0       -.9      13.1
       -.2      22.4      -1.0       8.4
       -.6      22.7      -1.1       7.5
 44015   .000000  -.878853  -.477092
  53021.4  13608.0      -.1     43.3     52.0      4.8
      -.1     86.6     54.1     28.5  25167.1  26110.9
      -8.5      53.4       1.9      54.3
        .1      27.7       -.8      13.5
       -.1      26.0       -.8       8.1
       -.9      26.3      -1.0       7.4
 44016   .000000  -.892036  -.451965
  56056.6  13425.4      -.1     43.3     52.1      4.9
      -.1     86.6     53.9     28.4  27510.8  28410.6
      -9.2      53.4       1.8      58.4
       -.7      27.5      -1.1      13.9
       -.6      25.8       -.9       8.1
       -.5      28.6      -1.0       7.3
 44017   .000000  -.903278  -.429057
  59036.3  13302.0      -.1     43.3     52.4      4.5
      -.1     86.6     53.8     28.1  28266.4  30010.8
      -9.2      53.8       2.1      61.2
       -.8      26.3      -1.1      14.2
       -.4      23.8      -1.0       7.8
       -.3      25.6      -1.0       7.0
 44018   .000000  -.912924  -.408131
  62075.5  13252.0      -.1     43.3     51.9      4.0
      -.1     86.6     53.8     28.0  30448.2  31544.4
     -11.6      54.3       1.9      61.4
        .0      26.6       -.8      14.3
        .1      23.4       -.8       7.6
       -.6      23.4      -1.0       6.8
 44019   .000000  -.921250  -.388972
  65061.2  13117.3      -.1     43.3     52.2      3.7
      -.1     86.6     54.1     27.7  31020.9  32847.2
      -8.9      52.4      -1.8      59.2
       -.7      27.8       -.8      13.9
       -.6      25.2       -.8       7.8
        .0      25.2       -.9       6.6
 44020   .000000  -.928477  -.371391
  68025.9  13064.3      -.1     43.3     52.4      3.6
      -.1     86.6     54.2     27.6  33399.1  35160.2
      -8.1      54.1       -.2      60.7
       -.4      27.7       -.9      15.8
       -.1      25.2       -.6       7.5
       -.7      26.5      -1.0       6.5
 44021   .000000  -.934784  -.355218
  71260.6  12936.8      -.1     43.3     51.6      3.6
      -.1     86.6     54.2     27.5  35816.7  37754.1
      -8.6      51.2        .7      62.3
      -1.0      27.1       -.9      16.3
       -.2      24.2       -.7       7.7
       -.5      25.5      -1.0       6.5
 44022   .000000  -.940315  -.340305
  74556.6  13007.1      -.1     43.3     51.3      3.2
      -.1     86.6     54.4     27.4  37266.4  39060.6
     -11.2      53.1       1.1      69.0
       -.7      27.8       -.6      15.6
       -.5      24.1       -.7       7.6
       -.4      24.0       -.8       6.3
 44023   .000000  -.945190  -.326520
  77453.2  12883.4      -.1     43.3     52.2      2.7
      -.1     86.6     54.1     27.2  39878.9  41457.0
      -9.3      52.8        .5      67.0
       -.4      29.4       -.9      17.2
       -.2      27.3       -.8       7.7
       -.7      27.4       -.9       6.3
 44024   .000000  -.949506  -.313750
  80622.0  12901.9      -.1     43.3     52.2      2.8
      -.1     86.6     54.5     27.1  40961.8  42854.8
      -9.3      53.2       4.0      67.2
       -.6      30.2       -.7      17.5
       -.4      27.9       -.8       7.7
       -.4      29.6       -.8       6.3
 44025   .000000  -.953342  -.301892
  83698.5  12816.6      -.1     43.3     51.1      2.8
      -.1     86.6     54.5     27.0  42695.4  44964.3
     -10.3      52.6       3.4      71.8
       -.8      27.3       -.7      19.0
       -.5      25.1       -.6       7.4
       -.6      26.6       -.9       6.1
 44026   .000000  -.956767  -.290857
  87002.8  12801.9      -.1     43.3     51.4      2.7
      -.1     86.6     54.5     26.9  45113.2  46756.9
     -10.6      55.2       2.9      74.9
       -.6      27.2       -.5      17.2
       -.1      24.2       -.7       7.5
       -.4      24.4       -.9       6.0
 44027   .000000  -.959834  -.280567
  90002.7  12897.2      -.1     43.3     51.8      2.1
      -.1     86.6     54.5     26.8  47183.6  48561.6
      -8.1      53.8       2.4      70.4
       -.3      28.7       -.5      18.3
       -.4      26.1       -.7       7.8
       -.9      25.7       -.9       5.9
 44028   .000000  -.962593  -.270952
  93229.5  12785.8      -.1     43.3     52.8      1.9
      -.1     86.6     54.7     26.7  47872.4  50199.9
     -10.1      52.7       3.6      73.2
      -1.2      28.7       -.6      20.1
       -.7      26.2       -.7       8.6
       -.6      27.1       -.8       5.8
 44029   .000000  -.965081  -.261951
  96573.8  12807.1      -.1     43.3     52.0      1.6
      -.1     86.6     54.7     26.6  50362.8  52512.5
      -8.9      54.5       3.1      75.9
       -.6      28.0       -.5      20.3
       -.9      25.1       -.9       7.5
       -.9      26.4       -.8       6.1
 44030   .000000  -.967333  -.253508
  99665.4  12781.8      -.1     43.3     52.3     28.9
      -.1     86.6     55.1     26.6  53142.4  55107.6
     -11.9      54.1       4.2      74.7
       -.6      28.2       -.8      21.1
       -.1      24.5       -.5       7.7
       -.7      24.5       -.7       6.0
 44031   .000000  -.969377  -.245576
 102747.8  12762.3      -.1     43.3     52.3     28.9
      -.1     86.6     55.1     26.5  53242.5  55688.2
     -10.6      53.5       4.9      77.7
       -.8      30.2       -.3      23.1
       -.4      27.5       -.5       8.8
       -.3      27.6       -.7       5.7
 44032   .000000  -.971238  -.238110
 106039.1  12695.8      -.1     43.3     52.3     28.9
      -.1     86.6     54.8     26.5  56710.0  58217.2
     -10.4      54.3       3.1      80.2
       -.9      31.0       -.6      22.8
        .1      29.1       -.7       9.3
       -.6      30.2       -.7       5.9
 44033   .000000  -.972937  -.231072
 109516.4  12761.2      -.1     43.3     52.3     28.9
      -.1     86.6     54.9     26.3  57636.6  60385.3
     -10.2      53.9       4.9      80.3
       -.9      29.2        .0      22.1
        .0      26.0       -.7       9.4
       -.5      27.1       -.6       6.4
 44034   .000000  -.974491  -.224428
 112449.0  12739.1      -.1     43.3     52.3     28.9
      -.1     86.6     54.9     26.3  60672.2  62830.5
      -9.2      50.4       3.2      81.3
       -.6      27.5       -.4      22.3
       -.1      24.9       -.4       8.5
       -.7      24.7       -.7       5.7
 44035   .000000  -.975916  -.218146
 115724.9  12835.5      -.1     43.3     52.3     28.9
      -.1     86.6     54.7     26.0  60859.2  64191.2
      -9.2      54.3       3.0      84.4
      -1.4      29.3       -.5      26.1
        .2      26.2       -.4       9.1
       -.6      26.0       -.8       5.9
 44036   .000000  -.977227  -.212198
 119029.1  12721.4      -.1     43.3     52.3     28.9
      -.1     86.6     55.2     26.1  63316.4  66179.5
      -9.5      49.6      -5.3      81.6
       -.7      29.9       -.2      26.3
       -.5      26.9       -.5       8.5
       -.4      27.5       -.7       6.1
 44037   .000000  -.978434  -.206558
 122273.2  12705.0      -.1     43.3     52.3     28.9
      -.1     86.6     55.4     26.0  64901.8  68101.0
     -11.0      50.9       1.6      83.2
       -.8      28.9       -.6      27.7
       -.1      26.2       -.4       9.0
       -.2      26.3       -.6       6.4
 44038   .000000  -.979549  -.201205
 125466.0  12767.1      -.1     43.3     52.3     28.9
      -.1     86.6     54.9     26.0  68698.2  71256.0
      -8.3      49.2       1.4      83.8
      -1.0      28.4       -.2      25.6
       -.1      25.2       -.4       8.9
       -.9      24.9       -.6       6.6
 44039   .000000  -.980581  -.196116
 128590.3  12774.5      -.1     43.3     52.3     28.9
      -.1     86.6     54.8     25.9  68404.9  72228.5
      -9.9      53.0      -2.9      84.4
      -1.2      31.1        .0      27.8
        .1      27.9       -.5       9.7
       -.6      27.3       -.6       5.6
 44040   .000000  -.981537  -.191274
 132030.7  12725.5      -.1     43.3     52.3     28.9
      -.1     86.6     55.1     25.8  71018.7  73779.4
      -9.8      53.2      -2.9      86.5
      -1.0      31.7        .1      27.2
       -.5      29.1       -.2      10.7
       -.3      30.6       -.7       6.9
 44041   .000000  -.982424  -.186661
 135016.3  12713.5      -.1     43.3     52.3     28.9
      -.1     86.6     55.4     25.7  74105.7  76754.7
      -9.9      56.4       -.6      91.3
       -.8      29.0       -.5      29.0
       -.1      26.5       -.5       9.6
       -.6      27.1       -.7       6.5
 44042   .000000  -.983250  -.182261
 138450.5  12802.3      -.1     43.3     52.3     28.9
      -.1     86.6     55.1     25.6  74902.5  77586.0
      -9.8      47.6       4.7      92.6
       -.6      28.3       -.4      27.3
        .0      24.7       -.3       9.7
       -.4      24.5       -.6       6.2
 44043   .000000  -.984020  -.178061
 141713.2  12787.6      -.1     43.3     52.3     28.9
      -.1     86.6     55.2     25.7  77249.1  79970.6
      -7.8      48.2       2.8      92.1
      -1.0      29.9        .4      29.8
       -.5      26.4       -.5      10.6
        .0      25.9       -.6       6.2
 44044   .000000  -.984737  -.174047
 145035.9  12762.2      -.1     43.3     52.3     28.9
      -.1     86.6     55.5     25.8  79427.4  82540.0
     -11.3      52.4       3.5      87.7
      -1.2      30.0        .0      30.1
       -.2      27.2       -.4      11.2
       -.3      27.2       -.6       6.2
 44045   .000000  -.985408  -.170207
 148058.4  12833.4      -.1     43.3     52.3     28.9
      -.1     86.6     55.3     25.6  80262.3  83845.8
      -7.6      51.6       1.9      93.0
       -.9      29.5        .0      29.8
       -.6      26.2       -.4      10.1
       -.5      26.2       -.5       6.9
 44046   .000000  -.986036  -.166531
 151643.3  12780.4      -.1     43.3     52.3     28.9
      -.1     86.6     55.0     25.6  82652.2  87133.8
     -10.0      49.0       4.0      91.5
       -.9      28.5        .0      29.7
       -.3      24.7       -.4      11.9
       -.2      24.7       -.6       6.4
 44047   .000000  -.986625  -.163008
 154875.6  12732.2      -.1     43.3     52.3     28.9
      -.1     86.6     55.1     25.6  85462.0  89813.7
      -8.1      52.2       3.0      90.3
       -.6      31.1        .2      29.4
       -.4      27.6       -.3      10.8
       -.2      27.4       -.6       6.4
 44048   .000000  -.987696  -.156385
 161016.8  13011.4      -.1     43.3     52.3     28.9
      -.1     86.6     55.2     25.5  90063.9  93525.9
      -5.8      46.9       6.2      94.9
       -.6      29.1        .5      31.3
       -.5      26.3       -.3      10.2
       -.6      27.2       -.6       7.8
 44049   .000000  -.988644  -.150274
 167934.0  12810.4      -.1     43.3     52.3     28.9
      -.1     86.6     55.6     25.3  93164.9  96159.7
     -12.9      52.9       7.0      94.9
      -1.2      30.1        .2      35.3
       -.4      26.4       -.2      12.8
       -.7      25.8       -.3       8.1
 44050   .000000  -.989488  -.144617
 174793.5  12854.7      -.1     43.3     52.3     28.9
      -.1     86.6     55.5     25.3  98300.5 101386.2
      -8.5      55.5      -1.0      93.3
      -1.5      30.7        .0      35.1
       -.9      26.3       -.4      11.9
       -.7      26.7       -.3       7.3
 44051   .000000  -.990241  -.139367
 180765.4  12913.3      -.1     43.3     52.3     28.9
      -.1     86.6     55.5     25.4 100823.1 104284.4
      -8.8      54.7       6.6     103.3
      -1.0      31.0        .5      33.7
        .2      28.1       -.5      12.2
       -.7      27.3       -.5       8.2
 44052   .000000  -.990916  -.134481
 187667.5  12785.4      -.1     43.3     52.3     28.9
      -.1     86.6     55.7     25.2 102951.8 107300.2
      -9.8      54.4       -.9      96.1
      -1.8      30.1        .0      35.4
       -.7      26.6       -.3      13.3
       -.6      27.6       -.3       7.9
 44053   .000000  -.991524  -.129924
 194233.8  12926.4      -.1     43.3     52.3     28.9
      -.1     86.6     55.6     25.1 108227.1 112537.7
     -11.4      53.7       2.1     101.0
      -1.1      30.6       -.1      36.9
       -.3      26.5       -.3      13.3
       -.8      26.3       -.5       8.0
 44054   .000000  -.992073  -.125663
 200737.5  12808.8      -.1     43.3     52.3     28.9
      -.1     86.6     55.3     25.2 112122.7 116731.9
      -6.7      44.8       4.8     101.6
      -1.6      30.2        .1      38.0
       -.7      26.1       -.3      14.0
       -.6      26.7       -.3       7.1
 44055   .000000  -.992571  -.121670
 207721.5  12961.5      -.1     43.3     52.3     28.9
      -.1     86.6     55.6     25.1 117545.1 121932.0
      -8.6      51.6       -.4     104.9
      -1.4      31.4       -.2      40.3
       -.3      27.9       -.5      13.0
       -.6      27.2       -.2       9.3
 44056   .000000  -.993023  -.117921
 213531.9  12854.9      -.1     43.3     52.3     28.9
      -.1     86.6     55.7     24.9 118823.7 125080.2
     -10.8      48.1       3.7     101.5
      -1.1      30.3        .3      39.1
      -1.0      27.4       -.4      14.2
       -.3      27.2       -.3       8.9
 44057   .000000  -.993435  -.114396
 220788.9  12929.6      -.1     43.3     52.3     28.9
      -.1     86.6     55.6     24.9 123216.3 128008.1
      -7.4      45.9      -3.4     105.4
       -.9      30.6        .4      40.1
       -.5      26.7       -.3      15.5
       -.5      25.6       -.4       9.0
 44058   .000000  -.993812  -.111073
 227281.4  12948.9      -.1     43.3     52.3     28.9
      -.1     86.6     55.8     24.9 127987.5 133340.0
      -6.4      41.2       2.2      99.9
      -1.6      29.5       -.2      40.9
       -.4      26.6       -.1      15.9
       -.2      26.5       -.5      10.2
 44059   .000000  -.994158  -.107937
 233602.2  12956.9      -.1     43.3     52.3     28.9
      -.1     86.6     55.8     25.0 129177.4 135941.7
      -6.3      39.1       4.0     104.4
      -1.5      30.4        .3      41.3
       -.5      27.7       -.2      15.6
       -.6      27.5       -.3      10.2
 44060   .000000  -.994475  -.104972
 240568.8  12947.2      -.1     43.3     52.3     28.9
      -.1     86.6     55.9     24.9 134307.0 141030.4
      -6.6      42.0       -.8     108.3
      -1.4      29.5        .2      42.1
       -.6      27.3       -.3      16.6
       -.7      27.0       -.2      10.1
 44061   .903278   .000000  -.429057
  59721.6  11036.2       .0     40.8     52.3     28.9
       .0     83.5     52.3     57.7  30401.2  31851.8
       3.7      83.7       9.6      46.7
       -.1      28.1        .8      23.4
        .1       8.6       1.1      17.4
       -.1       3.2        .7      16.1
 44062   .887877   .000000  -.460082
  55564.1  11546.3       .2     41.1     52.3     28.9
       .0     83.6     52.3     57.7  27875.8  28901.8
       -.2      78.6       7.0      46.4
        .8      24.4        .8      22.4
       -.7       8.3        .3      17.4
       -.2       4.5        .6      16.4
 44063   .868777   .000000  -.495203
  51703.0  12016.9       .0     41.2     52.3     28.9
       .0     83.8     52.3     57.7  25570.7  26421.6
      -1.6      83.7      10.6      48.7
        .9      24.3       1.1      23.1
        .1       5.4        .5      16.6
        .0       5.2        .5      14.9
 44064   .844819   .000000  -.535052
  47635.7  12870.2      -.1     40.9     52.3     28.9
       .0     83.7     52.3     57.7  22446.7  23679.6
      -5.0      78.3       9.3      49.2
        .8      22.6        .3      20.7
       -.3       8.4        .1      15.6
        .0       2.7       -.2      15.1
 44065   .814421   .000000  -.580275
  43978.0  13846.6       .0     41.0     52.3     28.9
      -.1     83.8     52.3     57.7  20967.3  21971.1
      -2.9      76.6       8.9      46.9
       -.7      22.3        .1      22.0
        .2       2.9        .0      15.1
        .0       2.4        .0      13.7
 44066   .775436   .000000  -.631426
  40429.4  15390.5       .2     41.1     52.3     28.9
       .2     83.6     53.1      6.8  18511.0  19494.2
      -4.6      77.0       9.1      47.6
       -.2      17.2        .1      18.6
        .1       5.2        .0      13.2
        .1       2.2       -.1      12.7
 44067   .724999   .000000  -.688749
  37491.3  17821.9      -.1     41.0     52.3     28.9
      -.1     83.7     53.4     15.2  17076.1  17845.0
       2.0      73.2       7.7      50.0
        .5      18.0        .0      19.1
        .2       3.8       -.2      13.3
        .1       2.1       -.5      12.0
 44068   .659438   .000000  -.751759
  34417.3  21668.7       .2     41.3     55.0      5.4
       .2     84.0     53.5     26.8  15539.7  16347.7
       1.0      73.1       7.1      47.2
       1.1      14.2       -.6      15.3
        .1       4.6       -.6      10.4
        .2       1.9       -.6       8.8
 44069   .574426   .000000  -.818557
  31651.2  25344.7       .0     41.3     53.0     10.3
       .0     84.0     53.2     38.5  14381.1  14969.8
       4.4      71.0       7.0      46.7
        .0      13.1       -.3      10.3
       -.1       5.4       -.7       6.7
       -.1       2.0       -.5       5.6
 44070   .465746   .000000  -.884918
  29575.6  24585.5       .5     41.2     52.3     21.0
       .4     83.9     52.3     49.7  12687.2  13374.4
      -2.1      74.3       9.8      60.1
        .8      11.5       -.8       8.4
        .0       2.3       -.6       3.5
        .0       2.9       -.5       2.8
 44071   .331088   .000000  -.943600
  27866.3  23102.1       .2     41.2     52.9     24.5
       .3     83.9     52.9     53.2  11735.3  12442.8
      -3.2      72.5       8.8      70.2
        .0       8.5        .3      10.2
        .2       2.1        .4       4.0
        .1       1.7       -.1       3.4
 44072   .254493   .000000  -.967075
  27009.0  22458.8       .2     41.4     52.8     19.5
       .2     84.1     52.8     48.2  11622.8  12095.6
       5.5      75.5       6.3      55.5
       -.1      11.2       -.3       8.0
       -.1       3.9       -.6       4.9
        .2       1.7      -1.2       4.6
 44073   .172799   .000000  -.984957
  26456.3  21930.5      -.1     41.2     52.5     14.4
      -.1     84.0     52.5     43.1  11172.5  11666.6
      -4.0      71.3       1.5      46.2
       -.6       8.8       -.8       8.3
       -.1       2.5      -1.0       6.6
        .1       1.6      -1.3       6.4
 44074   .087384   .000000  -.996175
  26044.3  20225.3       .2     41.7     52.3      9.6
       .0     84.3     52.4     37.9  11059.7  11485.5
       -.6      73.2       2.0      44.3
       -.1      11.0       -.8      10.5
        .2       2.0      -1.1       8.6
        .0       2.0      -1.6       8.2
 44075   .000000   .000000 -1.000000
  25803.0  17556.5       .0     41.8     51.8      6.0
       .0     84.4     52.6     32.6  10376.3  10977.3
      -1.8      74.0      -1.2      38.4
        .0       9.4       -.8      12.5
        .0       3.0      -1.1      10.6
        .0       1.6      -1.6      10.3
 44076  -.087384   .000000  -.996175
  25922.0  15565.5      -.2     41.6     50.1      5.9
      -.2     84.3     52.3     27.6  10499.3  11254.9
      -2.6      71.3      -1.5      38.1
        .6       8.9      -1.2      14.9
       -.3       2.6      -1.4      11.8
        .0       1.5      -2.0      12.5
 44077  -.172799   .000000  -.984957
  26143.8  13450.0      -.1     41.5     46.1     12.0
       .1     84.4     52.2     22.4  11566.5  12102.1
        .4      70.4      -1.4      39.2
       1.4      13.2      -1.3      17.1
        .4       5.7      -1.3      12.3
        .0       1.5      -2.4      13.0
 44078  -.254493   .000000  -.967075
  26808.2  12141.4      -.3     41.7     52.3     28.9
      -.3     84.5     52.3     17.5  11491.9  12088.3
       -.6      73.1      -2.6      41.3
        .1      11.6      -1.1      19.0
        .1       2.0      -1.4      14.3
        .0       1.6      -2.4      14.2
 44079  -.331088   .000000  -.943600
  27450.6  10983.8       .0     42.0     52.3     28.9
       .0     84.7     52.3     13.1  11877.8  12411.9
      -4.0      73.6      -3.7      42.2
       1.3      12.4      -1.1      20.8
        .2       2.4      -1.3      16.3
        .1       1.6      -2.4      15.5
 44080  -.465746   .000000  -.884918
  29759.6   9694.3       .3     42.1     52.3     28.9
       .3     84.7     51.3      9.6  12745.3  13586.9
       2.2      71.4      -1.9      41.4
        .3      10.4       -.6      20.9
        .0       1.6      -1.3      17.0
        .1       2.6      -1.9      18.6
 44081  -.574426   .000000  -.818557
  32449.6   8903.8       .1     41.8     52.3     28.9
       .0     84.6     41.6     10.4  14917.5  15747.4
       1.4      74.9      -4.7      45.4
       -.5      12.3       -.5      22.7
        .3       2.2      -1.2      18.2
        .1       1.6      -1.8      18.1
 44082  -.659438   .000000  -.751759
  35653.8   8343.7       .2     41.8     52.3     28.9
       .2     84.6     52.3     57.7  16197.0  16985.1
        .5      76.1      -4.5      42.7
        .4      18.0       -.4      23.7
        .4       5.1       -.4      20.0
        .3       1.7      -1.5      20.5
 44083  -.724999   .000000  -.688749
  39204.6   8120.2      -.3     41.9     52.3     28.9
      -.2     84.6     52.3     57.7  19234.2  19919.6
        .4      77.8      -5.7      45.3
       -.2      20.3        .2      24.2
        .1       3.9       -.4      19.2
        .0       1.7      -1.2      19.7
 44084  -.775436   .000000  -.631426
  42895.1   7925.4       .3     41.7     52.3     28.9
       .3     84.5     52.3     57.7  20867.7  21883.1
        .5      78.3      -5.9      43.0
       1.4      21.5       -.1      24.4
        .6       5.1       -.1      21.2
        .1       2.6       -.7      20.9
 44085  -.814421   .000000  -.580275
  46915.7   7810.4       .1     41.7     52.3     28.9
       .1     84.4     52.3     57.7  22526.5  24092.4
       -.4      77.8      -6.2      43.7
       -.6      25.5        .3      24.9
        .3       8.2        .0      19.8
        .1       2.3       -.9      20.9
 44086  -.844819   .000000  -.535052
  50745.2   7759.2      -.1     41.6     52.3     28.9
      -.1     84.4     52.3     57.7  24989.7  26714.9
       1.2      85.3      -7.8      44.5
       2.0      29.6        .0      25.2
       1.2      13.1        .5      21.6
        .0       3.4       -.8      22.5
 44087  -.868777   .000000  -.495203
  54918.3   7605.6       .4     41.7     52.3     28.9
       .4     84.3     52.3     57.7  27506.6  28981.7
       1.6      82.3      -7.2      43.4
       -.8      26.2        .6      24.8
      -1.0      11.0        .4      20.5
       -.3       2.8       -.7      21.7
 44088  -.887877   .000000  -.460082
  59085.8   7658.8       .1     41.4     52.3     28.9
       .1     84.1     52.3     57.7  29340.0  31540.0
      -1.6      80.3      -4.4      41.7
        .4      29.4        .2      25.3
       -.4      11.1        .6      22.0
       -.1       3.1       -.2      22.7
 44089  -.903278   .000000  -.429057
  63570.5   7722.0       .0     41.4     52.3     28.9
       .0     84.1     52.3     57.7  30509.7  33936.8
        .6      84.5      -5.4      41.9
        .6      33.0        .7      25.0
        .3      12.2        .8      20.8
        .0       2.1       -.1      22.3
 44090   .840060  -.367526  -.399028
  64443.0  11951.3      -.1     43.3     52.3     28.9
       .2     20.1     52.3     57.7  31960.4  33263.8
      -7.1      63.0      11.3      49.8
       -.8      24.3        .6      23.5
       -.4      15.9        .7      18.3
       -.3      14.0       -.1      18.0
 44091   .817505  -.390173  -.423616
  60430.3  12705.2      -.1     43.3     52.3     28.9
       .3     20.6     52.3     57.7  29787.3  31510.2
      -4.5      61.1       8.6      47.8
       -.1      24.7        .1      22.4
       -.2      16.5        .4      17.8
       -.5      14.5        .2      17.8
 44092   .790440  -.414981  -.450551
  56790.1  13324.4      -.1     43.3     52.3     28.9
       .0     21.3     52.3     57.7  27054.9  28718.0
      -6.4      58.3       9.4      49.2
       -.2      24.8        .3      22.8
       -.7      16.4        .5      17.3
       -.3      14.8       -.3      16.8
 44093   .757796  -.442047  -.479937
  53596.4  14330.7      -.1     43.3     52.3     28.9
       .0     21.8     52.3     57.7  25763.1  26748.0
      -6.5      58.4      12.1      50.6
       -.8      26.3        .7      21.3
       -.4      17.5        .1      15.9
       -.5      15.5        .0      15.9
 44094   .718269  -.471364  -.511767
  50197.9  15802.1      -.1     43.3     52.3     28.9
       .3     22.5     52.3     57.7  23059.7  24294.1
      -3.3      58.6       7.5      51.5
       -.3      25.8       -.1      21.5
       -.8      17.5       -.1      15.4
       -.4      16.2       -.5      15.0
 44095   .670317  -.502738  -.545830
  46958.2  17552.9      -.1     43.3     52.3     28.9
       .0     23.2     52.0      8.3  21861.9  22850.8
      -7.7      60.0      10.1      54.9
       -.8      26.4        .1      18.4
       -.3      18.3       -.5      13.4
       -.6      16.8       -.5      13.4
 44096   .612205  -.535679  -.581595
  44236.0  19645.8      -.1     43.3     52.3     28.9
      -.3     23.7     53.2     14.2  19493.3  21048.3
      -6.6      60.3       7.6      50.7
       -.2      26.8       -.7      18.2
       -.6      18.3       -.7      12.5
       -.9      16.8       -.9      12.3
 44097   .542159  -.569267  -.618061
  41373.2  20367.7      -.1     43.3     52.9      9.3
       .2     24.6     53.2     25.9  18269.0  19422.3
      -7.7      57.7       7.4      51.1
       -.8      27.1       -.5      15.6
       -.4      18.7      -1.0      10.2
       -.5      17.9      -1.0       9.3
 44098   .458673  -.602008  -.653609
  39028.0  19432.0      -.1     43.3     52.8     10.3
       .1     25.1     53.0     37.8  17692.3  18494.2
      -6.3      59.4       7.2      54.6
      -1.2      27.6       -.7      10.6
      -1.2      19.4       -.6       6.8
       -.9      17.6       -.8       6.4
 44099   .361020  -.631785  -.685938
  37207.9  18508.6      -.1     43.3     52.4     20.8
      -.2     25.3     52.5     49.2  16431.4  17157.8
      -7.6      59.2       5.7      68.2
      -1.2      28.6       -.4      10.4
       -.8      19.9       -.8       4.0
       -.9      17.9       -.7       3.6
 44100   .249898  -.655981  -.712208
  35631.5  17864.2      -.1     43.3     53.3     24.2
      -.1     26.0     53.3     52.8  15858.3  16553.3
      -8.0      59.9       4.8      71.9
      -1.3      28.9       1.4      15.1
       -.7      19.6        .5       4.4
       -.8      18.1        .1       3.6
 44101   .190037  -.665130  -.722141
  35313.4  17476.4      -.1     43.3     53.2     19.2
      -.2     26.3     53.2     47.7  15332.0  16007.2
      -6.1      62.0       6.0      62.0
      -1.0      28.6       -.5       9.8
      -1.0      20.0       -.4       5.1
       -.9      18.7       -.8       4.3
 44102   .127982  -.671905  -.729496
  34955.1  17278.0      -.1     43.3     52.8     14.0
      -.4     26.5     53.0     42.2  15331.4  15938.6
      -7.3      59.3       4.6      55.0
       -.2      29.0       -.7       9.3
       -.7      19.9       -.9       6.3
       -.8      19.1      -1.0       5.9
 44103   .064388  -.676070  -.734019
  34735.2  17254.8      -.1     43.3     52.5      9.2
      -.1     26.8     53.1     36.4  15125.5  15976.9
      -8.8      62.2       1.8      48.5
      -1.1      28.6       -.8      10.6
       -.8      19.9      -1.0       7.6
      -1.0      19.1      -1.2       7.5
 44104   .000000  -.677476  -.735545
  34686.8  16955.7      3.3     16.2     51.9      7.3
      -.3     27.1     53.2     30.8  14789.7  15466.3
      -6.0      59.1       1.0      46.1
      -1.1      28.5      -1.3      12.4
       -.3      20.8      -1.0       9.7
       -.4      19.8      -1.4       9.3
 44105  -.064388  -.676070  -.734019
  34854.4  16798.9      2.5     19.8     51.0     10.6
      -.2     27.2     53.2     25.3  15003.7  15699.4
      -5.8      59.5      -1.1      41.7
       -.4      28.3      -1.0      14.6
       -.5      20.2      -1.4      10.6
       -.5      20.3      -1.5      10.9
 44106  -.127982  -.671905  -.729496
  35149.9  16143.4      -.1     43.3     52.3     28.9
      -.5     27.1     52.8     19.9  14844.6  15651.8
      -6.3      61.0        .4      42.8
       -.5      28.0      -1.2      16.7
       -.4      20.5      -1.7      12.3
      -1.0      19.9      -2.2      12.9
 44107  -.190037  -.665130  -.722141
  35555.7  15394.4      -.1     43.3     52.3     28.9
      -.4     27.2     52.9     14.8  14982.9  15952.6
      -8.7      61.9       -.8      44.0
       -.7      28.2      -1.2      18.1
       -.7      20.4      -1.7      14.1
       -.5      19.6      -2.0      15.2
 44108  -.249898  -.655981  -.712208
  36194.2  14246.1      -.1     43.3     52.3     28.9
       .2     27.3     53.1     11.1  15445.9  16412.6
      -5.4      58.7      -3.3      42.4
       -.3      27.8       -.8      19.1
       -.4      20.1      -1.1      15.5
       -.4      19.9      -1.9      17.1
 44109  -.361020  -.631785  -.685938
  37817.9  12636.2      1.9     20.0     52.3     28.9
       .1     26.8     49.8     12.6  16517.8  17574.7
      -7.5      60.9      -2.8      44.4
       -.7      27.6      -1.0      20.1
        .0      20.5       -.9      16.8
        .1      19.8      -1.2      18.2
 44110  -.458673  -.602008  -.653609
  39614.4  11068.8      -.1     43.3     52.3     28.9
      -.1     26.4     52.3     57.7  17714.0  18516.6
      -3.7      60.1      -2.7      46.4
       -.3      25.7       -.6      22.1
        .1      19.2       -.7      18.6
        .0      18.6      -1.4      19.9
 44111  -.542159  -.569267  -.618061
  42367.6  10213.5      -.1     43.3     52.3     28.9
       .3     25.7     52.3     57.7  19399.3  19901.9
      -5.3      60.5      -4.1      44.0
       -.3      26.5       -.5      22.6
        .0      18.7       -.4      19.7
        .4      18.2       -.6      22.0
 44112  -.612205  -.535679  -.581595
  45245.4   9657.5      -.1     43.3     52.3     28.9
      -.1     24.8     52.3     57.7  21228.5  22114.9
      -8.1      60.9      -4.7      44.7
       -.4      26.0       -.4      24.3
        .1      17.7       -.5      20.8
        .0      17.5      -1.0      22.2
 44113  -.670317  -.502738  -.545830
  48110.3   9124.4      -.1     43.3     52.3     28.9
       .0     24.1     52.3     57.7  22742.8  23770.9
      -7.1      60.4      -3.8      44.7
        .1      24.9       -.2      24.9
        .1      17.1       -.1      21.4
        .2      16.6       -.5      23.7
 44114  -.718269  -.471364  -.511767
  51828.8   8884.0      -.1     43.3     52.3     28.9
       .2     23.4     52.3     57.7  25458.4  26389.2
      -4.2      60.9      -3.7      43.3
       -.1      24.2       -.2      25.5
        .5      16.7        .1      21.7
        .1      15.5       -.3      23.6
 44115  -.757796  -.442047  -.479937
  55379.1   8624.2     17.0     84.6     52.3     28.9
       .3     22.5     52.3     57.7  26576.5  28368.5
      -3.7      61.9      -3.6      44.1
        .3      24.1        .6      25.0
        .5      16.6        .3      22.7
        .4      15.3       -.1      24.7
 44116  -.790440  -.414981  -.450551
  59165.7   8505.1    -11.6     86.4     52.3     28.9
       .0     21.9     52.3     57.7  28657.9  30362.7
      -4.1      65.1      -4.6      45.0
        .2      23.6        .6      26.3
        .4      15.7        .4      22.4
        .3      14.6        .0      25.0
 44117  -.817505  -.390173  -.423616
  63294.5   8423.8     10.0     97.7     52.3     28.9
      -.2     21.1     52.3     57.7  29028.5  32045.0
      -7.1      62.0      -7.2      44.5
       -.3      23.7        .0      26.6
        .5      15.5        .9      23.2
        .2      14.1        .3      26.7
 44118  -.840060  -.367526  -.399028
  66969.2   8146.8    -19.9     81.1     52.3     28.9
       .0     20.8     52.3     57.7  29501.9  34064.8
      -4.1      61.0      -5.0      44.5
        .1      22.7        .1      26.4
        .4      14.8        .6      22.5
        .2      13.7       -.3      27.1
 44119   .708659  -.620076  -.336613
  76555.0  14045.5      -.1     43.3     52.3     28.9
      -.1     86.6     52.3     57.7  39055.5  40662.5
      -7.6      57.1       8.5      49.3
       -.2      24.7        .5      23.4
        .3      21.3       -.1      18.3
       -.5      22.3        .3      17.8
 44120   .677337  -.646549  -.350984
  73311.7  14820.6      -.1     43.3     52.3     28.9
      -.1     86.6     52.3     57.7  36708.3  38767.3
      -7.7      53.7       9.7      49.9
       -.4      25.3        .6      21.9
        .0      21.8        .0      16.6
        .3      22.8       -.1      16.9
 44121   .641844  -.673936  -.365851
  70349.7  15593.4      -.1     43.3     52.3     28.9
      -.1     86.6     52.3     57.7  34726.4  36584.8
      -7.2      55.1       8.9      52.5
       -.4      25.0        .4      21.6
        .2      22.2       -.4      16.9
       -.2      23.8       -.1      16.8
 44122   .601687  -.701968  -.381068
  67161.7  16065.9      -.1     43.3     52.3     28.9
      -.1     86.6     52.3     57.7  31979.1  34072.4
      -7.0      53.9       9.0      52.9
       -.7      25.7        .3      20.4
       -.4      23.3        .0      14.6
       -.2      24.1       -.3      14.6
 44123   .556388  -.730259  -.396426
  64824.5  16139.5      -.1     43.3     52.3     28.9
      -.1     86.6     52.3     57.7  30962.8  33139.1
      -5.5      54.3       7.7      56.9
       -.2      26.1       -.2      20.0
       -.2      23.8       -.2      14.4
       -.8      25.0       -.5      13.8
 44124   .505524  -.758286  -.411641
  62090.2  15646.5      -.1     43.3     52.3     28.9
      -.1     86.6     51.4      6.8  31072.2  32155.4
      -8.3      51.7       9.2      53.9
       -.3      26.6       -.3      18.2
       -.2      24.1       -.5      12.3
       -.5      25.4       -.6      11.7
 44125   .448787  -.785377  -.426348
  59706.9  15380.8      -.1     43.3     52.3     28.9
      -.1     86.6     53.5     11.6  28737.4  30276.5
      -9.1      54.9       9.2      58.8
       -.5      26.8        .0      17.7
       -.4      24.6       -.7      11.6
       -.3      25.3       -.9      10.5
 44126   .386057  -.810720  -.440105
  57645.3  14738.6      -.1     43.3     51.3      3.9
      -.1     86.6     53.3     23.8  27913.5  29040.3
     -10.8      53.3       4.7      56.9
       -.5      27.6       -.8      16.0
       -.3      24.9      -1.1       9.6
       -.6      25.9      -1.1       8.6
 44127   .317480  -.833386  -.452409
  55755.8  14331.8      -.1     43.3     53.3      8.6
      -.1     86.6     53.1     36.2  27087.9  27981.4
      -9.3      53.0       5.7      63.2
      -1.0      27.6       -.4      13.3
       -.4      25.5       -.8       6.7
       -.6      26.2       -.8       6.0
 44128   .243541  -.852392  -.462727
  54477.3  14086.5      -.1     43.3     52.5     19.8
      -.1     86.6     52.8     48.1  26094.9  27528.0
     -10.1      55.0       7.6      75.8
       -.4      28.0        .0      19.3
       -.5      25.8       -.7       4.4
       -.6      26.1       -.9       4.1
 44129   .165103  -.866792  -.470544
  53546.0  13763.1      -.1     43.3     53.8     23.6
      -.1     86.6     53.9     52.2  25977.0  26843.3
     -11.0      52.6       7.9      82.2
       -.5      28.0       1.3      24.6
       -.3      26.2        .7       8.7
      -1.1      26.1        .7       4.2
 44130   .124573  -.872008  -.473376
  53069.7  13722.3      -.1     43.3     54.1     18.2
      -.1     86.6     54.1     46.8  25868.5  27012.0
      -9.6      53.2       4.7      72.5
       -.8      28.2       -.1      16.8
      -1.0      26.2        .2       5.5
       -.5      26.4       -.6       4.3
 44131   .083409  -.875791  -.475429
  53128.1  13657.0      -.1     43.3     53.6     12.6
      -.1     86.6     53.8     40.6  25280.1  26524.1
      -8.8      55.8       4.5      69.8
       -.5      27.7       -.4      14.0
       -.3      25.6       -.5       5.8
      -1.3      26.5       -.7       5.1
 44132   .041814  -.878085  -.476675
  52961.3  13641.0      -.1     43.3     53.4      7.1
      -.1     86.6     53.8     34.7  25096.8  26120.5
      -8.7      53.9       1.7      58.4
       -.2      28.1       -.5      12.4
       -.6      25.8       -.8       7.1
      -1.4      26.6       -.9       6.2
 44133   .000000  -.878853  -.477092
  53008.0  13573.2      -.1     43.3     52.1      4.9
      -.1     86.6     53.7     28.8  25082.7  26080.7
      -7.7      55.0      -2.5      53.2
       -.1      28.3       -.8      13.2
       -.2      26.0       -.9       8.6
       -.5      27.0      -1.0       7.6
 44134  -.041814  -.878085  -.476675
  53437.0  13592.3      -.1     43.3     52.3     28.9
      -.1     86.6     53.8     22.4  25007.7  26565.5
      -8.8      53.8       -.7      52.2
       -.4      28.4      -1.1      14.7
       -.5      26.0      -1.2       9.2
       -.6      26.6      -1.3       8.5
 44135  -.083409  -.875791  -.475429
  53674.4  13606.2      -.1     43.3     52.3     28.9
      -.1     86.6     53.8     16.5  25412.5  26580.0
      -7.4      54.6       -.3      54.2
       -.6      28.1      -1.1      16.3
       -.6      25.8      -1.1      10.4
       -.8      26.6      -1.5       9.7
 44136  -.124573  -.872008  -.473376
  53876.2  13683.0      -.1     43.3     52.3     28.9
      -.1     86.6     53.8     10.8  25523.4  26675.3
      -7.8      54.1        .1      45.5
       -.4      27.9      -1.0      16.2
       -.3      26.1      -1.0      11.6
       -.6      27.1      -1.3      11.0
 44137  -.165103  -.866792  -.470544
  54424.0  13698.0      -.1     43.3     52.3     28.9
      -.1     86.6     53.5      6.7  25698.7  27107.9
      -8.7      52.3      -3.8      47.8
       -.1      27.8       -.9      16.6
       -.4      25.9       -.6      12.7
       -.3      26.3      -1.2      11.9
 44138  -.243541  -.852392  -.462727
  55508.0  13823.5      -.1     43.3     52.3     28.9
      -.1     86.6     52.3     57.7  25914.6  27375.8
      -7.9      55.9      -1.6      48.2
        .5      27.7       -.6      18.3
       -.1      25.5       -.6      13.5
        .0      26.9       -.9      13.6
 44139  -.317480  -.833386  -.452409
  57102.2  13460.5      -.1     43.3     52.3     28.9
      -.1     86.6     52.3     57.7  25440.8  27085.7
     -10.7      56.0      -4.1      45.0
        .0      27.2       -.5      19.4
        .2      25.3       -.5      15.7
        .2      26.3       -.8      16.2
 44140  -.386057  -.810720  -.440105
  58979.4  13383.4      -.1     43.3     52.3     28.9
      -.1     86.6     52.3     57.7  27148.9  28457.4
      -9.0      55.0      -5.2      47.8
       -.1      27.1       -.1      20.1
        .1      24.8       -.4      16.5
       -.1      26.0       -.5      17.3
 44141  -.448787  -.785377  -.426348
  60720.8  12620.6      -.1     43.3     52.3     28.9
      -.1     86.6     52.3     57.7  29042.9  30891.2
      -7.2      54.8      -3.0      45.6
        .0      27.0       -.3      22.2
        .3      24.3       -.1      18.8
       -.2      25.6       -.5      19.7
 44142  -.505524  -.758286  -.411641
  63261.9  11748.9      -.1     43.3     52.3     28.9
      -.1     86.6     52.3     57.7  31732.0  32944.3
      -7.9      54.2      -3.1      45.9
        .2      26.7        .2      22.3
        .2      24.0        .3      18.4
        .3      24.7        .0      19.3
 44143  -.556388  -.730259  -.396426
  65988.2  11406.8      -.1     43.3     52.3     28.9
      -.1     86.6     52.3     57.7  33189.2  34173.7
      -8.3      54.0      -2.2      43.4
       -.1      26.6        .1      24.6
        .3      23.4       -.2      21.0
        .0      24.6       -.4      21.4
 44144  -.601687  -.701968  -.381068
  68496.3  10869.4      -.1     43.3     52.3     28.9
      -.1     86.6     52.3     57.7  34717.9  36435.8
      -8.0      57.0      -5.5      45.3
        .4      26.0        .5      23.6
        .7      23.3        .6      20.8
        .0      23.7       -.1      21.5
 44145  -.641844  -.673936  -.365851
  71466.5  10457.2      -.1     43.3     52.3     28.9
      -.1     86.6     52.3     57.7  36370.9  38046.7
      -9.9      55.0      -5.5      44.3
        .1      25.2        .4      25.1
        .2      22.7        .3      21.8
        .3      23.5        .2      22.3
 44146  -.677337  -.646549  -.350984
  74915.2  10143.6      -.1     43.3     52.3     28.9
      -.1     86.6     52.3     57.7  37840.2  39638.8
      -6.2      53.9      -4.6      43.1
        .4      25.4        .6      24.8
        .3      22.1        .9      22.8
        .2      22.8        .2      23.0
 44147  -.708659  -.620076  -.336613
  78051.1   9797.2      -.1     43.3     52.3     28.9
      -.1     86.6     52.3     57.7  40002.2  41549.2
      -7.2      56.0      -5.0      43.0
        .5      24.3        .5      24.9
        .2      21.7        .7      22.6
        .8      21.8       1.0      22.7
 44148   .482910  -.845093  -.229382
 111938.8  14625.0      -.1     43.3     52.3     28.9
      -.1     86.6     52.3     57.7  59956.1  62355.6
      -9.0      56.3       5.4      52.4
       -.4      27.0        .9      22.0
        .0      23.7        .1      14.8
        .5      24.6       -.2      14.3
 44149   .451149  -.861285  -.233777
 109560.8  14345.0      -.1     43.3     52.3     28.9
      -.1     86.6     52.3     57.7  57945.0  60377.2
     -10.6      56.8       9.5      55.0
       -.4      27.6        .9      20.6
        .1      24.3        .3      13.2
        .2      25.1        .0      12.1
 44150   .417577  -.876913  -.238019
 107340.5  14113.0      -.1     43.3     52.3     28.9
      -.1     86.6     52.3     57.7  57389.8  59815.4
      -9.1      56.1       8.5      58.9
       -.4      27.6        .6      21.6
       -.4      24.4        .1      13.4
        .0      25.3        .0      12.2
 44151   .382204  -.891810  -.242063
 105458.4  13829.5      -.1     43.3     52.3     28.9
      -.1     86.6     52.3     57.7  55044.4  57199.6
     -10.0      55.2       7.1      61.9
       -.7      27.8        .9      22.1
        .0      24.7        .0      12.2
        .0      25.4        .0      10.8
 44152   .345068  -.905804  -.245861
 103416.5  13618.8      -.1     43.3     52.3     28.9
      -.1     86.6     52.3     57.7  55693.9  57895.5
      -9.4      54.4       7.0      64.5
       -.6      27.7        .4      21.2
        .8      24.6       -.7      11.9
        .0      25.9       -.4      10.3
 44153   .306238  -.918714  -.249365
 101765.5  13365.9      -.1     43.3     52.3     28.9
      -.1     86.6     52.3     57.7  54053.5  55984.4
     -10.8      55.3       7.2      71.3
       -.6      27.3       -.1      20.2
       -.3      24.7       -.6      10.5
       -.9      25.5       -.4       9.0
 44154   .265817  -.930361  -.252527
 100608.8  13318.5      -.1     43.3     52.3     28.9
      -.1     86.6     53.8      8.6  52214.4  54717.6
     -11.8      55.3       7.9      76.4
       -.3      28.0       -.4      21.6
       -.2      24.8       -.7       9.6
       -.2      26.1       -.9       7.9
 44155   .223945  -.940570  -.255298
  98939.9  13042.8      -.1     43.3     52.3     28.9
      -.1     86.6     53.5     21.4  51356.2  53577.6
     -13.6      54.6       9.0      76.6
       -.9      28.6        .0      22.4
        .4      25.2      -1.2       8.7
        .0      26.1      -1.1       6.6
 44156   .180796  -.949177  -.257634
  97849.0  13068.7      -.1     43.3     53.4      6.3
      -.1     86.6     53.4     34.5  51287.8  53990.8
     -10.7      56.1       6.7      85.6
      -1.0      27.9       -.4      24.0
        .0      25.2       -.8       8.0
       -.7      26.0       -.9       5.5
 44157   .136577  -.956038  -.259496
  97038.4  12876.0      -.1     43.3     52.7     18.7
      -.1     86.6     52.8     47.2  50203.2  52898.2
     -10.2      53.5       7.1      88.5
      -1.1      28.4        .4      37.0
       -.4      25.1       -.5       9.2
       -.7      26.4      -1.0       6.1
 44158   .091527  -.961030  -.260851
  96366.0  12834.7      -.1     43.3     54.2     22.9
      -.1     86.6     54.1     51.3  51498.3  53608.7
     -10.5      53.1       4.4     101.3
      -1.0      27.9       1.6      47.8
       -.1      25.0       1.4      13.5
       -.6      26.1       1.3       9.5
 44159   .068771  -.962796  -.261330
  96431.4  12934.0      -.1     43.3     55.1     17.3
      -.1     86.6     55.1     45.8  50663.2  53000.5
     -11.6      51.6       -.4      93.2
       -.9      28.2       1.3      34.0
       -.7      25.3        .2      10.4
       -.8      25.9       -.1       5.7
 44160   .045908  -.964064  -.261674
  96470.6  12822.6      -.1     43.3     54.8     11.2
      -.1     86.6     54.8     39.6  51886.7  53497.2
     -12.2      52.4       3.5      87.6
       -.6      28.2        .0      29.2
       -.4      25.1       -.4       8.1
       -.1      26.5       -.4       5.1
 44161   .022972  -.964827  -.261882
  96237.9  12760.9      -.1     43.3     54.5      5.1
      -.1     86.6     54.9     33.1  49888.6  52605.0
     -10.0      54.0       5.4      83.3
       -.5      28.1       -.1      23.9
       -.7      25.1       -.3       7.9
       -.9      26.3       -.5       5.8
 44162   .000000  -.965081  -.261951
  96500.6  12799.0      -.1     43.3     52.5      1.8
      -.1     86.6     54.8     26.5  50812.1  52914.2
      -9.0      51.2      -1.4      75.4
      -1.2      28.3       -.7      21.3
       -.4      25.5       -.6       7.5
       -.1      26.4       -.8       6.1
 44163  -.022972  -.964827  -.261882
  96633.4  12767.6      -.1     43.3     52.3     28.9
      -.1     86.6     54.4     20.1  49606.3  52285.1
     -13.2      55.1        .2      70.5
       -.8      28.3       -.5      21.0
       -.5      25.5       -.8       8.0
        .3      26.9       -.7       6.6
 44164  -.045908  -.964064  -.261674
  96795.5  12845.5      -.1     43.3     52.3     28.9
      -.1     86.6     54.6     13.5  49712.0  52389.7
      -9.0      55.2       -.1      69.5
       -.6      28.2       -.1      18.6
       -.2      25.4       -.5       9.4
       -.1      27.1       -.7       7.0
 44165  -.068771  -.962796  -.261330
  97090.1  12814.2      -.1     43.3     52.3     28.9
      -.1     86.6     54.8      7.3  50526.8  53237.2
     -10.9      52.5      -1.0      66.1
       -.8      28.9       -.2      18.8
       -.3      25.7       -.6       9.5
       -.5      26.6       -.7       7.7
 44166  -.091527  -.961030  -.260851
  97467.0  12781.4      -.1     43.3     52.3     28.9
      -.1     86.6     54.0      3.5  51844.1  52991.6
     -10.2      54.1       4.1      68.5
       -.1      27.8       -.4      17.9
        .1      25.8       -.2       9.2
       -.7      27.0       -.5       8.1
 44167  -.136577  -.956038  -.259496
  98160.7  12866.5      -.1     43.3     52.3     28.9
      -.1     86.6     52.3     57.7  52025.3  54131.8
     -10.4      51.6        .4      61.8
       -.3      28.9       -.1      19.4
       -.1      25.8       -.1      10.7
       -.3      26.4       -.5       9.2
 44168  -.180796  -.949177  -.257634
  99154.2  12980.8      -.1     43.3     52.3     28.9
      -.1     86.6     52.3     57.7  51744.8  53618.1
      -9.6      52.8      -2.2      53.8
       -.2      28.0        .0      17.9
        .4      25.6        .2      11.1
       -.2      26.8       -.2      10.6
 44169  -.223945  -.940570  -.255298
 100435.0  13122.8      -.1     43.3     52.3     28.9
      -.1     86.6     52.3     57.7  52786.0  54554.9
     -11.4      54.2      -1.5      53.9
       -.2      28.1        .4      19.0
        .2      25.3        .0      12.1
        .4      26.5        .1      11.5
 44170  -.265817  -.930361  -.252527
 101785.1  13192.0      -.1     43.3     52.3     28.9
      -.1     86.6     52.3     57.7  52722.4  55015.0
     -10.9      56.4      -1.7      50.2
       -.4      28.1        .1      19.7
        .1      25.3        .5      13.0
        .1      26.4        .2      12.2
 44171  -.306238  -.918714  -.249365
 103376.4  13363.7      -.1     43.3     52.3     28.9
      -.1     86.6     52.3     57.7  55213.5  57363.4
      -8.9      48.4      -4.9      51.2
       -.4      28.0        .2      19.2
        .4      25.5        .5      13.7
        .0      26.3        .1      13.3
 44172  -.345068  -.905804  -.245861
 104800.6  13414.7      -.1     43.3     52.3     28.9
      -.1     86.6     52.3     57.7  55066.2  57968.1
      -6.5      50.2      -2.6      45.7
       -.3      28.4        .3      19.9
        .7      25.4        .6      15.3
        .1      26.5        .5      14.7
 44173  -.382204  -.891810  -.242063
 106461.8  13398.4      -.1     43.3     52.3     28.9
      -.1     86.6     52.3     57.7  56030.4  58953.0
      -9.3      51.6      -4.8      46.7
       -.5      27.5        .4      19.9
        .4      25.1        .7      14.9
        .3      26.5        .7      14.7
 44174  -.417577  -.876913  -.238019
 108605.8  13567.4      -.1     43.3     52.3     28.9
      -.1     86.6     52.3     57.7  57550.5  59918.2
      -9.1      50.5      -3.3      44.8
       -.3      28.1        .4      21.2
        .0      24.5        .7      16.8
        .2      26.3        .4      17.0
 44175  -.451149  -.861285  -.233777
 111027.8  13250.9      -.1     43.3     52.3     28.9
      -.1     86.6     52.3     57.7  54719.0  58030.5
     -10.3      55.2      -5.9      45.2
       -.3      27.5        .7      20.6
        .6      24.5       1.1      16.8
        .6      26.2        .7      16.5
 44176  -.482910  -.845093  -.229382
 113287.2  13261.0      -.1     43.3     52.3     28.9
      -.1     86.6     52.3     57.7  57533.0  60239.1
     -10.3      53.7      -5.0      41.0
        .2      26.7        .8      21.4
        .3      24.4        .9      18.5
        .7      24.5       1.2      18.8
 44177   .337328  -.927651  -.160231
 159139.4  13498.8      -.1     43.3     52.3     28.9
      -.1     86.6     52.3     57.7  85507.4  90015.7
     -10.6      51.3       8.8      59.9
       -.9      28.6       1.1      23.3
       -.2      25.8        .4      12.9
        .2      26.3        .1      11.3
 44178   .312066  -.936198  -.161707
 157533.9  13419.4      -.1     43.3     52.3     28.9
      -.1     86.6     52.3     57.7  87229.6  90498.1
      -9.9      53.1       9.6      63.6
       -.5      28.6        .9      23.1
       -.1      26.0        .5      12.2
       -.1      25.8        .2      10.6
 44179   .286124  -.944211  -.163091
 156326.6  13360.2      -.1     43.3     52.3     28.9
      -.1     86.6     52.3     57.7  84048.9  88309.3
      -7.2      51.6       6.9      72.3
      -1.0      28.9       1.4      24.8
        .4      26.1        .2      12.5
       -.6      26.0        .1      10.1
 44180   .259539  -.951641  -.164374
 154376.4  13164.5      -.1     43.3     52.3     28.9
      -.1     86.6     52.3     57.7  85799.0  88136.8
     -11.1      55.5       7.4      69.0
       -.7      28.7       1.0      26.0
       -.3      25.8        .1      11.8
      -1.0      26.3        .2       9.3
 44181   .232349  -.958440  -.165549
 153304.8  13102.5      -.1     43.3     52.3     28.9
      -.1     86.6     52.3     57.7  81770.1  87311.5
      -9.9      54.1       9.6      71.5
       -.8      28.6        .8      26.5
        .0      25.6        .0      11.0
       -.7      26.1       -.1       8.3
 44182   .204604  -.964562  -.166606
 152286.5  13134.0      -.1     43.3     52.3     28.9
      -.1     86.6     52.3     57.7  83033.4  86477.2
      -9.1      54.3       8.3      86.3
       -.4      29.4        .4      28.2
       -.5      26.0       -.4      11.5
       -.4      26.3       -.5       8.2
 44183   .176357  -.969963  -.167539
 151051.9  13118.3      -.1     43.3     52.3     28.9
      -.1     86.6     53.9      6.9  81792.1  85597.6
     -10.5      52.4       9.6      88.4
      -1.1      29.0        .3      27.7
        .0      26.1       -.5      10.8
       -.5      26.3       -.6       7.4
 44184   .147667  -.974605  -.168341
 150071.8  13004.0      -.1     43.3     52.3     28.9
      -.1     86.6     53.9     20.1  82515.3  86053.2
      -7.9      50.0      12.7      93.1
       -.5      29.1       -.1      29.2
       -.9      26.2       -.9      11.0
       -.7      26.4      -1.1       6.5
 44185   .118600  -.978453  -.169006
 149295.8  12899.1      -.1     43.3     53.3      5.2
      -.1     86.6     53.5     33.4  81609.2  85064.2
      -7.3      52.2       8.2      98.4
      -1.2      29.1       -.1      33.3
        .0      26.2       -.7      11.6
       -.3      26.4       -.9       6.1
 44186   .089225  -.981478  -.169528
 148635.2  12818.9      -.1     43.3     52.7     18.0
      -.1     86.6     52.7     46.5  82059.3  85229.0
      -7.1      52.3        .3     105.5
      -1.2      29.2        .8      50.6
        .0      26.1       -.6      18.9
       -.6      26.3       -.9      11.7
 44187   .059616  -.983656  -.169904
 148601.9  12847.7      -.1     43.3     54.4     22.6
      -.1     86.6     54.3     50.6  80873.2  84063.1
     -10.4      54.0       5.8     120.7
      -1.7      29.9       1.5      60.4
       -.6      26.1       1.8      25.3
       -.2      26.7       1.6      13.8
 44188   .044746  -.984421  -.170036
 147935.4  12849.1      -.1     43.3     55.6     16.9
      -.1     86.6     55.4     45.4  82995.6  85249.6
      -7.4      53.0       2.0     107.7
       -.6      29.0       1.4      48.3
       -.7      26.0        .1      20.3
       -.3      26.6        .1      10.2
 44189   .029848  -.984969  -.170131
 148522.9  12788.0      -.1     43.3     55.4     10.5
      -.1     86.6     55.4     38.8  82895.5  84169.1
      -8.6      53.4       3.7     106.2
      -1.6      29.0        .7      38.8
       -.4      26.4       -.1      13.9
       -.7      26.7       -.1       7.9
 44190   .014929  -.985299  -.170188
 148262.6  12797.3      -.1     43.3     55.5     10.4
      -.1     86.6     55.4     32.3  80917.0  83494.0
      -7.5      51.3       2.4      98.3
       -.5      28.6        .8      33.6
       -.5      26.3       -.1      10.6
       -.5      26.7       -.3       7.8
 44191   .000000  -.985408  -.170207
 148142.8  12729.7      -.1     43.3     52.3     28.9
      -.1     86.6     55.6     25.5  80804.3  84378.8
     -11.4      51.9       2.0      95.6
      -1.1      28.9       -.2      29.8
       -.4      25.9       -.4      10.5
       -.5      26.7       -.5       7.8
 44192  -.014929  -.985299  -.170188
 148462.9  12746.8      -.1     43.3     52.3     28.9
      -.1     86.6     55.0     19.1  80873.1  84932.6
     -10.8      53.1       -.1      91.7
      -1.1      29.6       -.2      28.7
       -.3      26.3       -.5      10.1
       -.5      26.0       -.6       6.2
 44193  -.029848  -.984969  -.170131
 148671.1  12875.8      -.1     43.3     52.3     28.9
      -.1     86.6     54.9     12.3  81361.5  84407.7
     -10.8      53.6       5.5      89.4
      -1.4      29.6        .0      27.0
       -.3      26.4       -.2      10.8
       -.6      26.3       -.3       6.5
 44194  -.044746  -.984421  -.170036
 149046.7  12798.5      -.1     43.3     52.3     28.9
      -.1     86.6     54.9      5.7  81833.8  85236.2
      -9.7      49.8       3.9      81.9
      -1.2      29.1        .2      26.5
       -.3      26.2       -.2       9.6
       -.4      26.4       -.2       7.6
 44195  -.059616  -.983656  -.169904
 149019.1  12809.2      -.1     43.3     52.3     28.9
      -.1     86.6     53.5      2.7  81993.9  84654.6
     -13.2      55.4       4.1      81.7
       -.7      29.0       -.1      25.0
       -.5      26.1        .1       9.4
       -.7      26.7       -.2       7.4
 44196  -.089225  -.981478  -.169528
 149758.8  12892.7      -.1     43.3     52.3     28.9
      -.1     86.6     52.3     57.7  81439.4  85484.6
      -9.7      47.9      -3.1      76.3
       -.9      29.2        .2      23.7
       -.2      26.8        .0      10.2
       -.6      26.6       -.3       7.7
 44197  -.118600  -.978453  -.169006
 150324.8  12892.9      -.1     43.3     52.3     28.9
      -.1     86.6     52.3     57.7  83328.1  86936.7
     -14.4      57.8      -4.0      69.0
       -.6      29.3        .4      21.9
       -.6      26.4        .2      10.0
       -.1      26.5        .2       8.1
 44198  -.147667  -.974605  -.168341
 151617.5  12879.7      -.1     43.3     52.3     28.9
      -.1     86.6     52.3     57.7  81969.9  85895.2
      -5.8      49.4        .8      63.5
       -.7      30.2        .3      21.5
       -.2      26.3        .1      11.2
       -.4      26.7        .2       9.2
 44199  -.176357  -.969963  -.167539
 152306.6  12963.5      -.1     43.3     52.3     28.9
      -.1     86.6     52.3     57.7  83176.8  86431.7
      -8.1      46.7        .9      57.4
      -1.0      29.1        .3      21.2
       -.2      26.2        .7      10.4
       -.3      26.9        .7       9.5
 44200  -.204604  -.964562  -.166606
 153540.7  13044.5      -.1     43.3     52.3     28.9
      -.1     86.6     52.3     57.7  85172.6  87943.9
     -11.0      53.3      -3.8      56.7
       -.3      29.1        .7      20.3
       -.4      26.5        .6      11.8
       -.3      26.7        .4      10.4
 44201  -.232349  -.958440  -.165549
 155104.0  13090.0      -.1     43.3     52.3     28.9
      -.1     86.6     52.3     57.7  84693.5  87961.4
     -10.9      53.5      -3.8      56.3
       -.6      28.8        .7      19.2
        .3      26.0        .9      12.3
        .1      26.9        .7      11.0
 44202  -.259539  -.951641  -.164374
 156203.5  13226.9      -.1     43.3     52.3     28.9
      -.1     86.6     52.3     57.7  84442.5  88383.1
      -9.9      51.3      -4.7      53.6
       -.5      29.3        .2      20.1
        .2      26.2       1.1      12.6
        .4      26.7       1.0      11.9
 44203  -.286124  -.944211  -.163091
 157687.1  13343.2      -.1     43.3     52.3     28.9
      -.1     86.6     52.3     57.7  85694.8  88985.8
      -7.8      51.9      -4.1      49.5
       -.6      29.2        .7      20.4
        .2      26.0       1.1      13.0
        .4      26.6        .9      12.3
 44204  -.312066  -.936198  -.161707
 159270.3  13411.0      -.1     43.3     52.3     28.9
      -.1     86.6     52.3     57.7  88629.8  91553.9
      -6.6      51.8      -3.8      46.7
       -.9      29.5        .2      19.8
        .2      26.0       1.1      13.7
       -.5      26.3        .9      12.7
 44205  -.337328  -.927651  -.160231
 160774.8  13480.6      -.1     43.3     52.3     28.9
      -.1     86.6     52.3     57.7  89369.5  92358.5
      -9.4      52.9      -5.5      43.1
        .1      28.9       1.0      19.9
        .6      26.0       1.6      13.8
        .4      26.4       1.2      13.1
