One_closed_ring_2012lk:dj0025b@-300V,3.8T@20d,277K,rhe=1.10,rhh=0.7, 0.65/1.30  
  4885   1  3.80  28   3  29   1  300.00  277.00     .25 1.15900  2100.0   -6.99   21.83  150.  100.  270.  2500.0   -3.49   10.92    1.50    1.00     .85
 41406  -.105828   .952448  -.285734
  83694.2  12887.4     -3.5     43.3     14.9     59.7
     -3.5     86.6     11.9     26.9  37914.3  42794.3
       9.2      54.1       8.0      70.9
        .0      32.6        .3      16.5
        .8      30.5       -.3       7.8
       -.6      35.9       -.1       6.5
 41407  -.114443   .944153  -.308995
  77250.4  13094.5     -3.5     43.3     10.1     19.3
     -3.5     86.6     11.6     27.2  36659.8  39952.6
       9.8      57.3       4.0      64.2
        .3      31.5        .1      15.3
        .2      28.7       -.2       7.9
       -.2      31.1       -.1       6.6
 41408  -.124476   .933570  -.336085
  70802.2  13080.8     -3.5     43.3     11.2     17.3
     -3.5     86.6     11.6     27.7  33235.4  37052.9
       9.0      56.5       3.6      68.8
        .2      30.7       -.2      15.1
        .1      29.2       -.1       8.0
        .0      33.3       -.2       7.0
 41409  -.136269   .919816  -.367926
  64658.2  13177.6     -3.5     43.3     11.5     12.3
     -3.5     86.6     11.4     28.3  30417.7  32609.4
       6.2      55.3       2.5      58.0
        .6      31.0       -.2      14.3
       -.3      27.8       -.1       8.3
        .1      28.7       -.2       7.3
 41410  -.150261   .901568  -.405706
  58401.4  13389.2     -3.5     43.3     11.1      6.8
     -3.5     86.6     11.8     28.8  27826.5  29186.8
      10.9      54.5        .2      58.4
       -.1      30.2        .0      14.2
        .0      27.8       -.1       8.7
       -.1      31.3        .0       7.8
 41411  -.167009   .876798  -.450925
  52611.5  13791.0     -3.5     43.3     11.0      7.1
     -3.5     86.6     11.6     29.8  23153.9  24496.5
       9.4      55.2       2.2      54.0
        .6      30.3       -.2      13.1
       -.2      27.5        .0       8.8
        .3      27.8       -.2       8.1
 41412  -.187186   .842336  -.505402
  46554.4  14238.8     -3.5     43.3     11.2      7.0
     -2.5     22.0     11.6     30.8  20149.4  21583.4
       7.7      54.8       2.9      49.5
        .4      29.1       -.3      13.7
        .2      25.8       -.1       9.5
        .3      29.4       -.1       8.9
 41413  -.211513   .793174  -.571085
  41152.3  14920.3     -3.5     43.3     11.0      7.8
     -3.9     21.7     11.5     31.9  16963.2  18000.2
       7.0      57.3      -1.1      48.3
        .3      32.3       -.4      13.7
       -.2      28.9       -.1       9.7
        .6      31.3       -.2       9.3
 41414  -.240493   .721479  -.649331
  36205.3  16360.4     -6.5     20.1     11.1      9.1
     -3.7     29.3     11.3     33.0  14726.6  15336.7
       5.2      60.6       1.5      44.3
        .9      33.9       -.3      13.9
        .4      26.3       -.2      10.5
        .2      27.2       -.4      10.2
 41415  -.273665   .615745  -.738895
  31769.9  17490.3     -3.7     20.2     11.1     10.2
     -3.6     44.5     11.3     34.6  10569.0  11517.5
       7.6      57.8       -.6      41.8
        .3      27.1       -.1      14.1
        .9      20.0       -.5      10.9
        .3      21.3       -.3      10.7
 41416  -.308021   .462031  -.831656
  28275.5  18245.6     -3.6     21.7     11.1     11.3
     -3.3     59.2     11.1     35.7   9439.7  10309.6
       5.7      49.8      -1.1      38.9
        .7      17.8       -.6      14.1
        .5      13.6       -.4      10.8
        .1      14.0       -.5      11.2
 41417  -.336099   .252074  -.907467
  26302.7  17592.8     -3.3     31.2     11.1     11.5
     -3.2     72.8     11.1     36.4   8935.8   9565.0
       6.8      53.8      -3.3      40.6
        .2       9.9       -.2      13.9
        .5       8.0       -.3      11.0
        .1       8.2       -.6      10.7
 41418  -.347314   .000000  -.937749
  25894.9  17455.1     -3.5     41.5     10.8     10.4
     -3.5     84.5     10.9     36.2   9620.1  10185.3
       2.4      76.7      -3.5      41.2
        .4       9.5       -.6      14.1
        .1       1.6       -.5      10.6
        .2       2.5       -.6       9.9
 41419  -.344406  -.129152  -.929895
  25998.1  17809.5     -3.8     38.8     11.0     11.4
     -3.9     81.5     11.0     36.5   8865.3   9467.0
      -1.7      63.1      -3.2      40.3
       -.2       5.5       -.4      14.1
       -.3       3.0       -.5      10.6
       -.3       2.8       -.4      11.0
 41420  -.336099  -.252074  -.907467
  26314.3  18595.7     -4.1     33.2     10.7     12.1
     -4.1     75.4     10.9     36.5   8509.1   9308.2
      -2.4      49.7      -3.5      39.2
        .1       8.5       -.6      14.1
       -.2       5.9       -.5      11.3
       -.5       5.8       -.5      11.8
 41421  -.323497  -.363934  -.873442
  27159.2  19120.3     -4.1     27.7     10.8     12.4
     -3.9     68.6     10.9     36.4   9010.2   9682.6
      -4.2      52.7      -5.0      42.5
       -.5      12.3       -.4      14.2
       -.1       9.2       -.5      11.4
       -.2       8.9       -.5      12.0
 41422  -.308021  -.462031  -.831656
  28419.0  19403.6     -3.4     22.1     10.8     12.9
     -3.8     61.3     11.0     35.8   9622.6  10659.3
      -4.4      47.3      -4.2      39.5
       -.4      16.0       -.1      14.0
       -.1      12.2       -.3      11.2
       -.3      11.5       -.4      11.9
 41423  -.291042  -.545704  -.785813
  30088.2  19049.9     -3.8     17.7     10.6     12.3
     -3.7     54.4     11.0     35.3  10645.9  11487.1
      -3.8      54.2      -2.9      43.5
       -.6      19.8       -.2      13.8
       -.5      15.0       -.3      11.0
       -.3      14.1       -.7      11.5
 41424  -.273665  -.615745  -.738895
  31968.2  18171.2     -4.0     16.3     10.8     11.7
     -3.6     46.5     11.2     34.5  11123.4  11864.6
      -5.0      53.7      -2.8      44.1
       -.7      25.0       -.5      14.2
       -.3      17.9       -.2      11.0
       -.2      18.3       -.5      11.1
 41425  -.240493  -.721479  -.649331
  36425.9  16371.0     -4.0     19.5     10.3     10.3
     -3.4     30.4     11.1     33.3  13603.9  14813.5
      -9.8      61.1      -6.1      45.5
       -.9      32.3       -.3      13.8
       -.4      24.9       -.1      10.7
       -.5      24.8       -.3      11.2
 41426  -.211513  -.793174  -.571085
  41422.9  14979.5     -3.5     43.3     10.8      9.1
     -3.7     18.5     11.2     31.6  17488.9  18143.5
      -7.5      57.8      -4.4      43.5
      -1.1      31.6       -.5      13.6
       -.1      27.5       -.1      10.0
       -.2      28.8       -.3       9.9
 41427  -.187186  -.842336  -.505402
  47057.5  14203.7     -3.5     43.3     10.3      7.6
       .1     22.3     11.3     30.5  21135.3  22303.4
      -8.6      58.5      -5.7      50.8
       -.6      27.5       -.3      13.4
       -.7      25.6       -.2       9.8
       -.2      29.3       -.3       9.7
 41428  -.167009  -.876798  -.450925
  52894.0  13767.0     -3.5     43.3     11.0      7.0
     -3.5     86.6     11.3     29.5  24802.2  26132.6
      -9.5      56.1      -7.6      55.4
       -.1      28.7       -.2      13.8
       -.1      25.3       -.2       9.0
       -.2      25.4       -.3       8.8
 41429  -.150261  -.901568  -.405706
  58708.7  13348.6     -3.5     43.3     10.6      6.7
     -3.5     86.6     11.1     28.5  28654.6  30376.7
      -8.9      57.3      -5.5      55.0
       -.5      30.0       -.3      14.4
      -1.0      27.8       -.4       8.9
       -.6      30.9       -.3       8.2
 41430  -.136269  -.919816  -.367926
  65206.0  13245.6     -3.5     43.3     10.8      5.4
     -3.5     86.6     11.6     27.9  32712.8  33974.8
     -12.2      57.1      -7.1      56.8
      -1.5      29.0       -.6      14.5
       -.4      25.4       -.1       8.6
       -.6      25.1       -.2       7.8
 41431  -.124476  -.933570  -.336085
  71337.5  13116.7     -3.5     43.3     10.7      7.2
     -3.5     86.6     11.4     27.4  35786.4  37958.2
      -8.4      57.6      -6.7      64.1
       -.4      30.8        .0      14.5
       -.3      28.9       -.2       8.4
       -.7      31.3       -.2       7.6
 41432  -.114443  -.944153  -.308995
  77831.3  13001.3     -3.5     43.3     11.1      7.0
     -3.5     86.6     11.5     26.8  41099.8  42613.8
     -12.7      56.6      -6.5      63.2
      -1.0      29.4        .1      15.4
        .2      26.2       -.1       7.9
       -.6      26.0       -.3       7.0
 41433  -.105828  -.952448  -.285734
  84269.4  12977.8     -3.5     43.3      7.5     18.8
     -3.5     86.6     11.4     26.5  44542.6  46436.4
      -7.4      58.3      -4.2      62.8
       -.7      31.4       -.7      16.9
       -.3      29.4       -.1       7.8
       -.5      31.7       -.1       6.9
 41434   .872340  -.130851  -.471064
  51818.3   9656.9     -3.9     29.2     15.5    159.9
     -4.0     71.6     10.9     57.7  20482.9  23954.2
      -9.2      66.5       9.7      51.7
       -.4      10.9        .8      29.8
       -.2       5.2        .8      23.6
       -.4       4.9       1.4      25.3
 41435   .848868  -.141478  -.509321
  47756.2   9976.9     -4.3     29.4     58.2    139.7
     -4.2     71.7     10.9     57.7  19080.2  22131.2
     -10.1      64.8       8.7      53.8
      -1.0      10.9       1.4      29.8
       -.2       5.5        .5      23.1
       -.3       5.3        .8      24.8
 41436   .819017  -.153566  -.552837
  43683.8  10341.2     -4.2     29.8     12.2    141.3
     -4.1     72.1     10.9     57.7  18964.8  20510.6
      -7.9      60.6       5.6      50.9
       -.6       9.8        .9      27.7
       -.3       5.4        .8      21.9
       -.2       5.4        .8      22.7
 41437   .780626  -.167277  -.602197
  39943.6  10888.5     -3.7     30.4    -22.7     97.9
     -3.9     72.6      5.7     23.8  17896.0  19199.2
      -9.3      64.4       6.5      53.1
       -.7      10.4       1.6      28.0
       -.2       5.8       1.1      21.4
       -.3       5.8        .4      22.1
 41438   .730784  -.182696  -.657706
  36494.9  11685.8     -4.1     30.9     10.9     28.9
     -4.1     73.2     11.3     12.6  14554.1  15499.1
      -9.2      58.8       4.6      49.5
       -.6       9.4       1.0      25.0
       -.4       6.2        .4      19.2
       -.3       6.1        .8      20.3
 41439   .665721  -.199716  -.718978
  33141.1  12947.7     -3.7     31.4     10.9     28.9
     -3.9     73.7     11.7     17.4  13965.2  14775.4
      -5.7      55.1       6.2      47.0
       -.7       8.3        .9      24.3
       -.6       6.0        .8      18.3
       -.2       6.3        .7      18.9
 41440   .580932  -.217849  -.784258
  30426.3  15111.7     -3.9     32.0     11.9     12.5
     -3.9     74.2     11.6     26.3  10989.2  12137.1
      -4.9      54.5       2.9      43.9
       -.4       8.8        .5      20.3
       -.2       6.4        .7      14.5
       -.5       6.6        .5      15.0
 41441   .471929  -.235965  -.849473
  28283.2  19305.0     -3.7     32.6     11.5     10.5
     -3.7     74.8     11.4     35.8  10315.7  11003.0
      -8.0      53.3       5.4      43.4
       -.6       8.1        .7      13.8
       -.4       6.1        .3      10.1
       -.3       6.4        .4       9.5
 41442   .336099  -.252074  -.907467
  26579.5  22695.7     -4.1     32.9     11.5     16.9
     -4.2     75.1     11.5     44.9   9933.1  10622.9
      -7.4      53.5       5.0      45.8
       -.5       8.6        .5       8.9
       -.5       6.1        .5       6.2
       -.4       6.4        .2       5.6
 41443   .175655  -.263482  -.948537
  25745.1  21755.6     -4.0     32.6     11.4     24.9
     -4.1     75.1     11.4     53.6   9718.1  10300.6
      -4.6      53.9       1.7      57.4
       -.4       8.2        .8       6.7
       -.5       5.9        .4       2.6
       -.3       5.4        .3       2.2
 41444   .000000  -.267644  -.963518
  25527.4  21484.5     -3.8     32.9     10.9     24.5
     -3.8     75.0     10.9     53.1   9348.4  10266.3
      -6.2      54.2       -.6      56.8
       -.9       8.6       -.1       7.3
       -.3       5.7       -.4       3.2
       -.3       5.3       -.2       3.4
 41445  -.088862  -.266585  -.959706
  25315.1  21507.5     -3.8     33.2     11.0     20.7
     -3.8     75.2     11.0     49.0   8885.9   9785.1
      -5.8      52.5      -1.9      49.6
       -.6       8.2       -.2       7.1
       -.4       5.8       -.2       4.9
       -.2       5.4       -.3       5.3
 41446  -.175655  -.263482  -.948537
  25527.2  21766.2     -3.8     33.2     11.0     17.0
     -3.8     75.4     11.0     44.9   9169.8   9775.3
      -4.0      54.2      -2.4      45.0
       -.2       8.3        .0       9.6
       -.3       5.9       -.2       7.0
       -.3       5.6       -.3       7.5
 41447  -.258544  -.258544  -.930758
  25774.1  20954.2     -4.0     33.1     10.8     14.1
     -4.0     75.4     10.9     40.9   9118.8   9915.4
      -4.1      51.1      -2.3      41.0
       -.2       8.7       -.4      11.6
       -.4       6.2       -.4       8.9
       -.4       5.8       -.5       9.4
 41448  -.336099  -.252074  -.907467
  26254.3  18489.0     -4.1     33.3     11.0     12.1
     -4.0     75.4     10.8     36.5   8860.7   9939.5
      -3.2      53.0      -2.8      38.6
       -.2       8.2       -.5      14.0
       -.3       5.8       -.4      11.0
       -.3       5.8       -.7      11.8
 41449  -.407380  -.244428  -.879941
  27031.1  15893.8     -3.7     32.9     10.6     13.0
     -3.7     75.2     10.8     32.1   8513.7   9343.8
      -2.3      52.9      -3.6      41.0
       -.4       8.7       -.3      17.3
       -.2       6.6       -.8      13.4
       -.2       5.9       -.5      15.5
 41450  -.471929  -.235965  -.849473
  27946.0  14436.3     -3.9     33.0     12.0     18.0
     -4.0     75.2     11.0     27.9   9162.4   9980.2
       2.1      52.6      -4.1      43.1
       -.3       8.9       -.9      20.5
       -.3       6.3       -.5      15.8
       -.4       6.1      -1.1      18.0
 41451  -.529695  -.227012  -.817244
  28922.4  13018.5     -4.0     33.0      7.2     32.4
     -3.8     75.0     11.0     23.8   9889.4  11079.6
      -2.7      55.7      -3.5      46.8
       -.3       8.4       -.9      23.4
       -.1       6.2       -.5      18.1
       -.2       6.2       -.6      20.1
 41452  -.580932  -.217849  -.784258
  30151.0  12146.8     -3.6     32.6     16.7     56.1
     -3.7     74.6     11.1     20.3   9937.4  11988.5
       2.3      54.5      -4.2      45.6
       -.2       8.8       -.6      25.0
       -.4       6.2      -1.0      19.9
       -.1       6.1       -.5      21.8
 41453  -.665721  -.199716  -.718978
  32935.5  10948.8     -3.5     32.5     17.3     79.3
     -3.4     74.5     11.1     17.0   9218.6  10521.1
       2.2      57.0      -4.1      51.5
       -.1       9.7       -.1      26.6
       -.1       6.1       -.3      21.2
        .0       6.4       -.8      24.3
 41454  -.730784  -.182696  -.657706
  36107.4  10126.1     -4.1     32.5     10.7    112.6
     -4.0     73.9     14.0     25.6   9078.0  10379.7
        .5      61.6      -5.1      52.9
       -.3       9.7       -.4      29.0
        .1       5.9       -.6      23.1
       -.1       6.0      -1.1      28.0
 41455  -.780626  -.167277  -.602197
  39585.1   9644.6     -3.5     32.9      4.0    131.0
     -3.4     73.3     10.9     57.7   8928.8   9848.4
       3.7      61.8      -5.9      53.5
        .1      11.4       -.5      30.0
       -.2       5.7       -.2      24.1
        .1       5.5       -.1      32.2
 41456  -.819017  -.153566  -.552837
  43334.4   9279.8     -4.0     33.3     10.0    153.5
     -3.8     72.8     10.9     57.7   8486.8   9431.1
       1.5      58.9      -8.0      54.8
       -.1      10.6       -.9      32.0
        .0       5.5       -.1      26.6
       -.3       5.4       -.7      38.9
 41457  -.848868  -.141478  -.509321
  47109.9   9019.0     -4.0     33.8    -13.2    176.1
     -3.7     72.5     10.9     57.7   8826.2   9846.7
       6.5      59.9      -6.7      52.9
       -.2      11.3       -.5      32.5
        .2       5.4        .3      27.8
        .0       5.0       -.2      45.0
 41458  -.872340  -.130851  -.471064
  50999.2   8868.3     -3.4     34.0     17.3    204.6
     -3.6     72.2     10.9     57.7   9256.4  10403.6
       3.4      60.5      -7.2      54.6
        .1      12.3       -.3      32.7
       -.1       5.1       -.4      28.4
       -.1       5.8        .8      54.2
 41459  -.891017  -.121502  -.437408
  55417.8   8720.8     -3.9     34.5    -10.2    229.4
     -3.9     71.7     10.9     57.7   9148.4  10151.1
       1.4      67.3      -7.0      53.4
        .1      14.0        .0      33.5
       -.1       4.9       -.4      30.7
       -.1       4.8       -.7      60.9
 41460  -.906054  -.113257  -.407724
  59375.2   8635.2     -3.8     34.7    -25.2    251.7
     -3.7     71.6     10.9     57.7   9695.5  10920.6
       4.1      63.7      -7.5      55.9
       -.1      15.5        .3      34.0
       -.1       5.7        .1      31.4
       -.1       4.9       -.2      69.2
 41461  -.918298  -.105957  -.381447
  63452.4   8605.4     -3.8     35.1    -45.3    269.5
     -3.8     71.2     10.9     57.7  10222.7  12258.4
       4.3      67.4      -4.6      53.5
        .3      14.9       -.4      33.4
       -.1       5.9        .4      31.6
       -.1       5.0       -.2      75.5
 41462  -.928375  -.099469  -.358087
  67721.9   8516.0     -3.8     35.2    -17.7    303.7
     -4.0     71.0     10.9     57.7  10367.0  13940.7
       4.4      71.6      -7.9      51.8
        .1      15.6        .1      35.2
        .1       5.7        .2      33.5
        .1       5.1       1.2      81.5
 41463   .850763  -.255229  -.459412
  52554.2   9858.0     -3.6     17.7     85.7    157.8
     -3.9     54.9     10.9     57.7  17959.5  20249.0
      -8.6      58.3       7.7      51.5
       -.4      15.3        .8      30.4
       -.1      10.4        .6      24.3
       -.2      10.0        .5      29.8
 41464   .824475  -.274825  -.494685
  48463.5  10270.5     -3.9     17.5     21.9    148.7
     -3.8     55.6     10.9     57.7  15964.5  19988.4
      -5.9      53.7       8.2      53.3
       -.3      15.6        .7      29.7
       -.4      10.8        .5      24.2
       -.1      10.9        .3      26.5
 41465   .791497  -.296812  -.534261
  44581.7  10617.5     -3.9     17.0    -16.1    113.9
     -3.8     56.6     10.9     57.7  18914.1  20444.4
      -6.9      51.5       7.8      51.8
       -.7      15.6        .8      28.1
       -.3      11.3        .8      23.2
       -.2      11.2        .8      24.0
 41466   .749790  -.321338  -.578409
  41022.6  11229.9     -3.6     18.1    -10.7    105.2
     -3.8     57.2      7.6     22.3  18358.3  19463.3
      -6.2      52.2       6.0      53.2
       -.3      15.6        .5      27.9
       -.3      11.6       1.0      22.3
        .0      11.8        .1      23.2
 41467   .696733  -.348367  -.627060
  37613.5  12062.7     -3.7     18.6     10.9     28.9
     -3.8     58.3     11.5     14.5  15622.1  16150.7
      -6.3      50.9       7.0      50.1
       -.4      16.2        .8      24.8
       -.6      12.3        .8      19.7
        .1      12.4        .1      21.4
 41468   .629142  -.377485  -.679474
  34739.7  13600.7     -3.7     19.7     10.9     28.9
     -4.1     59.3     11.2     17.2  14933.0  15745.8
      -7.0      49.3       6.3      46.7
       -.6      16.3       1.1      24.4
       -.5      12.2        .5      19.1
       -.5      12.2        .1      20.0
 41469   .543526  -.407645  -.733761
  32237.6  15905.5     -3.6     21.1     11.2     13.6
     -3.8     60.2     11.2     25.9  11814.0  13008.9
      -8.0      52.1       4.0      46.1
       -.9      16.3        .3      20.7
       -.4      12.5        .2      15.2
       -.3      12.9        .2      15.6
 41470   .436852  -.436852  -.786334
  30275.7  20178.8     -3.8     21.5     11.3     10.2
     -4.0     60.9     11.6     35.4  11335.2  12010.3
      -6.3      47.8       4.5      42.6
       -.7      16.2        .6      14.3
       -.8      12.1        .6      10.2
       -.6      12.3        .4      10.0
 41471   .308021  -.462031  -.831656
  28766.7  23171.1     -4.0     21.9     11.3     16.6
     -3.9     61.4     11.3     44.5  10932.2  11570.1
      -5.2      48.5       3.8      48.0
       -.6      16.0        .5       9.3
       -.6      11.7        .3       6.4
       -.3      12.1        .1       5.9
 41472   .159801  -.479402  -.862924
  28145.4  22187.6     -4.2     21.2     11.4     24.7
     -4.3     61.1     11.4     53.3  10600.0  11225.3
      -6.9      49.7        .2      64.7
       -.3      16.0        .7       7.3
       -.5      11.6        .3       3.0
       -.8      11.0        .3       2.1
 41473   .000000  -.485643  -.874157
  27762.9  21718.6     -4.1     21.1     11.0     24.3
     -3.9     61.0     11.0     52.8  10929.9  11480.5
      -6.4      48.8      -4.7      59.0
       -.4      15.9       -.1       7.3
       -.2      11.4       -.2       3.6
       -.2      10.2       -.3       3.3
 41474  -.080677  -.484060  -.871308
  27717.8  21652.3     -3.8     21.2     10.9     20.3
     -3.9     61.8     10.9     48.7  10679.2  11302.1
      -5.2      51.8      -3.9      51.4
       -.6      16.3       -.2       7.2
       -.6      11.5       -.3       4.9
       -.2      10.8       -.3       5.3
 41475  -.159801  -.479402  -.862924
  27670.0  21761.0     -3.7     21.9     10.6     16.8
     -3.9     61.7     10.7     44.4  10379.9  11190.0
      -5.3      48.0        .1      42.4
       -.1      16.1        .0       9.0
       -.5      11.8       -.3       6.9
       -.3      11.1       -.3       7.5
 41476  -.235965  -.471929  -.849473
  28003.3  21159.9     -3.8     22.0     10.8     13.8
     -3.8     61.4     11.1     40.0  10427.9  11020.8
      -4.5      48.1      -3.0      39.2
       -.9      16.2       -.2      11.6
       -.2      11.8       -.3       9.1
       -.4      11.8       -.3       9.5
 41477  -.308021  -.462031  -.831656
  28504.1  19439.7     -3.7     22.3     10.7     12.6
     -3.8     61.6     11.0     35.9   9844.0  10476.5
      -5.8      50.6      -3.3      40.4
       -.2      16.5       -.5      14.1
       -.2      12.1       -.3      11.3
       -.2      11.7       -.2      12.0
 41478  -.375145  -.450175  -.810314
  29152.2  17363.3     -3.8     22.1     10.9     14.1
     -3.8     61.5     11.3     31.3   9602.5  10345.2
      -5.4      49.0      -3.8      44.2
       -.7      16.5      -1.0      17.5
       -.3      12.6       -.4      13.6
       -.4      12.2       -.7      15.3
 41479  -.436852  -.436852  -.786334
  29771.9  15782.2     -3.4     22.0     10.9     17.2
     -3.7     61.5     11.1     27.6  10258.0  11042.2
      -2.9      46.4      -2.2      41.0
       -.4      16.4      -1.0      20.4
       -.1      12.5       -.2      15.6
       -.4      12.5       -.7      17.9
 41480  -.492958  -.422535  -.760563
  30883.5  14193.0     -3.9     21.5     11.3     21.8
     -3.9     61.0     11.2     23.4  10531.7  12331.9
      -6.0      47.0      -5.6      45.3
       -.3      16.5       -.3      23.3
        .2      12.6       -.5      18.4
       -.3      12.8       -.7      20.1
 41481  -.543526  -.407645  -.733761
  31967.1  13286.3     -4.3     21.2     -3.3     49.7
     -3.9     60.7     11.1     20.2  11619.0  12856.7
      -3.5      52.4      -7.1      49.1
        .0      16.6       -.2      25.4
       -.1      12.5      -1.0      20.3
        .0      12.6      -1.1      22.4
 41482  -.629142  -.377485  -.679474
  34412.1  11661.4     -3.6     21.2      9.7     78.8
     -3.7     59.8     11.2     18.6   9913.1  11653.5
      -2.2      49.2      -6.8      48.5
       -.5      16.6       -.4      26.6
        .0      12.5       -.5      22.2
        .2      12.6       -.7      24.8
 41483  -.696733  -.348367  -.627060
  37346.5  10824.5     -3.6     22.9      2.9    107.0
     -3.6     58.9     11.1     23.9   9070.2  10065.0
      -3.9      49.2      -7.2      53.5
       -.3      16.4       -.3      29.2
       -.1      12.0       -.4      23.6
        .4      12.4       -.3      28.1
 41484  -.749790  -.321338  -.578409
  40378.7  10047.5     -3.9     25.6      -.9    130.4
     -3.6     58.0     10.9     57.7   8845.7   9757.1
       -.5      52.3      -4.6      50.9
       -.1      15.7       -.7      30.5
        .0      11.7        .2      25.8
        .2      11.4       -.8      33.6
 41485  -.791497  -.296812  -.534261
  43939.9   9675.3     -3.6     28.4      8.4    157.8
     -3.6     57.0     10.9     57.7   8434.7   9536.6
        .4      53.5      -7.0      53.6
       -.1      15.6       -.5      32.9
        .0      11.0       -.2      27.5
        .0      11.0       -.3      42.2
 41486  -.824475  -.274825  -.494685
  47447.9   9355.2     -3.7     30.6      7.9    174.7
     -3.8     56.4     10.9     57.7   8614.3   9536.7
       1.4      52.9      -8.8      54.9
        .0      14.5        .0      32.3
        .1      10.4        .2      29.0
        .0      10.1       -.5      52.4
 41487  -.850763  -.255229  -.459412
  51025.3   9099.4     -4.4     33.1    -26.4    200.8
     -3.7     55.8     10.9     57.7   9071.5   9815.7
       1.0      53.9      -6.1      53.7
       -.2      14.7       -.6      33.8
        .0       9.9        .6      31.6
        .3       9.7      -1.0      61.2
 41488  -.871918  -.237796  -.428033
  54936.8   8997.0     -3.4     35.6     -9.6    225.8
     -3.5     54.9     10.9     57.7   9320.1  10268.7
       1.2      52.5      -6.9      55.8
       -.2      15.0        .3      34.7
        .1       9.6        .1      32.3
        .0       9.2       1.0      72.3
 41489  -.889108  -.222277  -.400099
  58831.2   8944.8     -3.4     37.0     13.8    253.9
     -3.7     54.6     10.9     57.7   9032.8  10064.2
       2.7      52.9      -7.0      55.1
        .0      14.7       -.2      36.4
        .1       9.5        .4      34.0
        .0       9.4       1.4      83.0
 41490  -.903213  -.208434  -.375181
  62801.4   8778.9     -3.4     38.3    -34.7    274.2
     -3.3     54.0     10.9     57.7   9078.0  10255.3
       2.7      54.8      -6.8      54.5
       -.1      14.3       -.5      36.3
        .1       9.0        .6      36.1
        .3       9.1       1.1      89.1
 41491  -.914896  -.196049  -.352888
  66621.8   8658.7     -4.3     39.8    -13.4    303.7
     -3.5     53.7     10.9     57.7   9769.3  11091.0
       2.4      59.0      -2.0      54.3
        .1      14.2        .1      37.0
        .2       9.1        .6      37.3
        .0      10.6       -.1      98.8
 41492   .469758  -.845564  -.253669
  92673.5  14532.8     -3.5     43.3     10.9     28.9
     -3.5     86.6     10.9     57.7  48632.2  50663.5
     -10.3      56.3       2.7      50.3
      -1.2      32.5        .8      24.0
       -.2      30.0        .1      18.8
       -.6      32.5        .1      18.0
 41493   .431934  -.863868  -.259161
  90721.0  14465.7     -3.5     43.3     10.9     28.9
     -3.5     86.6     10.9     57.7  47554.6  49181.9
     -12.1      57.6       2.9      56.7
      -1.4      31.3       1.0      22.9
       -.4      29.5        .1      18.2
       -.5      32.3        .3      18.5
 41494   .391687  -.881295  -.264388
  89245.2  14441.0     -3.5     43.3     10.9     28.9
     -3.5     86.6     10.9     57.7  44785.6  47684.8
     -13.4      59.3       2.9      56.5
       -.6      32.1        .3      22.2
       -.5      30.6        .3      16.7
       -.7      32.4        .4      16.1
 41495   .349059  -.897580  -.269274
  87817.4  14148.1     -3.5     43.3     10.9     28.9
     -3.5     86.6     10.9     57.7  44956.9  47071.2
      -9.6      57.9        .4      57.0
       -.9      31.6        .4      20.4
       -.4      29.4        .4      15.2
       -.6      31.9        .2      14.5
 41496   .304150  -.912449  -.273735
  86487.4  13851.0     -3.5     43.3     10.9     28.9
     -3.5     86.6     10.9     57.7  43492.8  45668.6
      -7.8      55.0        .1      60.3
      -1.2      32.1        .4      20.1
       -.2      30.7        .2      13.8
       -.4      33.4        .1      12.9
 41497   .257118  -.925624  -.277687
  85514.5  13654.8     -3.5     43.3     38.9     78.5
     -3.5     86.6     11.2      6.5  43527.8  45998.5
     -10.6      55.1       1.0      60.8
      -1.1      31.2        .4      18.1
      -1.0      30.5        .5      11.6
       -.5      32.9        .0      10.9
 41498   .208187  -.936839  -.281052
  84821.4  13454.8     -3.5     43.3     26.1     57.9
     -3.5     86.6     11.4     15.3  43384.3  45401.4
     -11.6      56.9        .3      66.2
       -.9      32.2        .0      18.2
       -.2      30.6        .0      10.3
       -.2      34.8        .1       9.1
 41499   .157642  -.945850  -.283755
  84353.1  13245.8     -3.5     43.3     12.3     23.2
     -3.5     86.6     11.6     27.3  40421.0  44345.0
      -9.9      57.5      -3.3      66.7
       -.7      32.1       -.1      16.5
      -1.1      30.6        .1       8.0
       -.9      34.8        .1       6.9
 41500   .105828  -.952448  -.285734
  84333.9  13272.2     -3.5     43.3     11.3     11.2
     -3.5     86.6     11.4     39.4  43166.2  45548.9
     -12.5      60.9      -2.2      82.9
      -1.3      32.0       -.2      19.8
       -.9      30.1        .2       5.4
      -1.0      34.2        .2       4.8
 41501   .053137  -.956473  -.286942
  84077.8  12974.6     -3.5     43.3     11.3     22.5
     -3.5     86.6     11.3     51.2  42774.3  46063.9
     -10.9      56.6      -1.3      95.2
      -1.5      31.9       -.7      34.1
      -1.4      30.1        .2       7.3
      -1.6      33.1        .2       3.1
 41502   .000000  -.957826  -.287348
  84063.9  12976.2     -3.5     43.3     11.6     21.9
     -3.5     86.6     11.6     50.3  44224.1  46452.2
     -11.9      58.7     -13.0      93.4
      -1.2      31.2      -1.5      32.3
      -1.1      29.9        .2       7.0
      -1.0      32.3        .1       4.5
 41503  -.026597  -.957487  -.287246
  84158.4  12942.8     -3.5     43.3     11.8     16.2
     -3.5     86.6     11.7     44.4  44599.3  46697.5
     -14.5      59.1      -7.1      82.6
      -1.1      31.6       -.4      23.4
      -1.3      29.7        .0       5.2
      -1.1      32.0        .1       2.8
 41504  -.053137  -.956473  -.286942
  84167.3  12987.3     -3.5     43.3     11.9     10.2
     -3.5     86.6     11.8     38.4  44779.9  46638.1
     -10.0      55.4      -9.3      79.3
      -1.7      31.9       -.5      20.0
       -.6      29.7       -.1       6.2
      -1.1      31.6        .0       4.2
 41505  -.079566  -.954790  -.286437
  84286.0  12962.7     -3.5     43.3     11.5      5.3
     -3.5     86.6     11.5     32.5  45072.4  46739.8
      -9.9      59.0      -7.2      73.8
      -1.2      31.5       -.6      16.7
      -1.4      29.6       -.3       6.8
      -1.0      31.6       -.2       5.6
 41506  -.105828  -.952448  -.285734
  84351.0  12938.1     -3.5     43.3     14.0     21.9
     -3.5     86.6     11.5     26.4  44468.7  46732.6
     -10.4      55.6      -5.2      65.1
      -1.4      31.6       -.6      16.5
        .2      29.8       -.1       8.0
       -.7      31.6       -.1       6.9
 41507  -.131870  -.949462  -.284838
  84493.4  13015.1     -3.5     43.3     10.9     28.9
     -3.5     86.6     11.6     20.5  44179.0  45937.2
     -10.7      59.4      -8.5      69.0
      -1.0      31.9       -.4      16.9
       -.4      29.8       -.2       9.3
       -.3      32.3       -.3       8.3
 41508  -.157642  -.945850  -.283755
  84658.3  13018.3     -3.5     43.3     10.9     28.9
     -3.5     86.6     11.8     14.6  44740.5  46312.9
     -12.5      57.1      -9.4      65.0
       -.9      31.7       -.3      17.1
       -.6      30.0       -.4      10.6
        .3      32.9       -.2       9.1
 41509  -.183096  -.941634  -.282490
  84548.3  13028.8     -3.5     43.3     10.9     28.9
     -3.5     86.6     11.2      9.8  44855.5  46530.3
     -10.0      57.3      -6.8      60.9
      -1.0      31.8       -.2      17.0
       -.5      30.6       -.1      11.0
       -.1      32.9        .0      10.2
 41510  -.208187  -.936839  -.281052
  85114.1  12995.2     -3.5     43.3     10.9     28.9
     -3.5     86.6     11.5      7.5  43963.1  46410.7
     -10.5      57.8     -10.2      62.9
       -.9      31.7       -.5      17.4
       -.5      30.2       -.2      10.9
       -.4      32.8        .1      10.2
 41511  -.257118  -.925624  -.277687
  85520.3  13206.9     -3.5     43.3     10.9     28.9
     -3.5     86.6     10.9     57.7  44204.0  46131.7
      -9.8      55.2      -8.1      59.6
       -.7      32.1       -.4      19.6
        .4      30.4        .0      13.6
       -.7      33.2       -.4      12.8
 41512  -.304150  -.912449  -.273735
  86630.4  13301.7     -3.5     43.3     10.9     28.9
     -3.5     86.6     10.9     57.7  44774.1  46885.2
     -10.2      55.6     -10.3      58.6
      -1.0      31.3       -.3      19.6
       -.5      29.5        .0      14.4
        .2      31.8        .1      14.2
 41513  -.349059  -.897580  -.269274
  87835.8  13448.3     -3.5     43.3     10.9     28.9
     -3.5     86.6     10.9     57.7  44079.6  46286.9
      -7.9      56.0      -7.6      56.7
       -.4      32.3        .0      21.7
       -.1      30.2        .4      16.8
        .6      32.5        .2      16.7
 41514  -.391687  -.881295  -.264388
  89087.2  13776.6     -3.5     43.3     10.9     28.9
     -3.5     86.6     10.9     57.7  46084.7  48179.8
      -6.4      55.0     -11.6      53.8
       -.8      31.5       -.2      21.6
        .1      29.3        .3      17.8
        .3      31.5        .4      17.9
 41515  -.431934  -.863868  -.259161
  90864.3  13874.6     -3.5     43.3     10.9     28.9
     -3.5     86.6     10.9     57.7  46672.2  49715.4
      -7.8      56.9      -7.9      53.0
       -.9      31.8       -.4      23.2
       -.2      30.1        .3      18.5
        .5      31.8        .6      17.8
 41516  -.469758  -.845564  -.253669
  92953.0  13942.3     -3.5     43.3     10.9     28.9
     -3.5     86.6     10.9     57.7  48248.6  50457.1
      -9.0      56.2     -11.1      54.7
       -.3      31.1       -.1      25.4
       -.1      29.3        .4      21.0
       -.3      31.5       -.1      20.6
 41517  -.505162  -.826628  -.247988
  94622.9  13858.4     -3.5     43.3     10.9     28.9
     -3.5     86.6     10.9     57.7  48037.9  49794.8
      -6.8      55.8      -7.4      49.2
       -.5      30.8        .0      25.1
       -.3      29.6        .4      21.5
        .2      33.1        .4      21.8
 41518  -.538187  -.807280  -.242184
  96900.5  13766.5     -3.5     43.3     10.9     28.9
     -3.5     86.6     10.9     57.7  49840.3  52049.6
      -5.4      53.4      -7.8      48.5
       -.4      31.7       -.4      27.3
        .3      29.5        .3      23.6
       -.1      30.6       -.1      24.1
 41519  -.568907  -.787718  -.236315
  99154.9  13703.2     -3.5     43.3     10.9     28.9
     -3.5     86.6     10.9     57.7  50719.8  52605.6
      -4.2      56.3      -5.6      47.2
       -.3      30.8       -.1      27.1
        .6      28.5        .8      23.7
        .6      31.0        .6      25.2
 41520  -.597418  -.768109  -.230433
 101455.7  13460.1     -3.5     43.3     10.9     28.9
     -3.5     86.6     10.9     57.7  46111.6  51565.6
      -8.3      55.4      -9.3      47.9
       -.4      30.3        .0      28.8
        .8      27.8       1.0      25.1
        .1      34.6        .4      29.3
