One_closed_ring_2012lk:dj0045b1@-300V,3.8T@20d,277K,rhe=1.10,rhh=0.7, 0.65/1.30 
  6415   1  3.80  28   3  29   1  300.00  277.00     .45 1.11400  2250.0   -6.60   21.71  150.  100.  270.  3000.0   -3.30   10.85    1.50    1.00     .85
 40606  -.105828   .952448  -.285734
  81108.7  12748.6      8.7    370.8     11.4     27.7
     -3.3     86.6     11.7     27.2  29581.6  37408.8
       9.6      58.3       5.1      66.5
       -.6      35.6        .2      16.2
        .0      34.9       -.3       7.9
       -.5      44.8        .0       7.1
 40607  -.114443   .944153  -.308995
  74831.8  12810.3    218.8    248.8      9.5     22.8
     -3.3     86.6     12.0     27.8  25958.1  31894.8
       9.7      56.5       6.4      67.0
       -.7      33.3        .3      15.9
       -.7      30.5       -.1       8.0
       -.3      38.1       -.1       7.0
 40608  -.124476   .933570  -.336085
  68505.1  12953.2      8.9    277.8     11.1     19.4
     -3.3     86.6     11.8     28.2  22061.6  29016.7
      11.2      60.3       3.3      64.4
        .2      33.5        .1      14.7
       -.3      32.5       -.1       8.4
      -1.0      40.0        .0       7.7
 40609  -.136269   .919816  -.367926
  62180.6  13018.4     95.1    231.9     11.0     13.2
     -3.3     86.6     12.1     29.0  26461.0  29198.1
       7.9      54.2       2.2      55.4
       -.6      32.5        .1      14.5
       -.3      30.0        .0       8.6
       -.3      34.6        .0       7.9
 40610  -.150261   .901568  -.405706
  56295.5  13278.6    -28.9    211.6     11.2     11.3
     -3.3     86.6     11.7     29.7  22804.7  25577.5
       8.6      57.8       1.7      56.5
       -.1      33.0        .1      13.9
        .1      31.8       -.2       9.2
       -.4      37.9       -.1       8.6
 40611  -.167009   .876798  -.450925
  50425.6  13585.0     38.6    180.3     11.3      9.3
     -5.9     18.1     11.5     30.6  19894.1  22199.8
       7.7      57.6       1.9      50.5
        .4      31.8       -.2      13.8
       -.2      28.8       -.3       9.3
       -.2      31.0       -.2       8.9
 40612  -.187186   .842336  -.505402
  44876.8  14068.4     -3.3     43.3     11.3      8.7
     -2.9     23.1     11.7     31.5  18263.0  19569.2
       7.1      56.3       1.7      51.1
        .0      31.8       -.1      14.1
        .5      29.7       -.4      10.0
        .4      34.4       -.1       9.8
 40613  -.211513   .793174  -.571085
  39695.2  15009.3     42.0     69.0     10.9      9.8
     -3.8     23.3     11.5     33.0  15647.3  16633.4
       7.6      61.4        .1      48.3
        .3      35.9        .0      13.9
        .2      32.2       -.2      10.3
        .7      34.5       -.3      10.0
 40614  -.240493   .721479  -.649331
  34613.2  15947.6     -3.1     28.4     10.9     11.1
     -4.2     32.5     11.3     34.4  12207.4  13119.8
       4.4      62.7       1.9      45.0
        .8      35.7       -.3      14.3
        .6      28.8       -.3      11.0
        .6      30.0       -.2      11.1
 40615  -.273665   .615745  -.738895
  30651.4  17149.8     -3.0     23.0     11.1     12.4
     -3.6     46.6     11.3     35.7   9802.8  10482.2
       8.3      57.1       1.0      39.9
        .8      28.1       -.6      14.2
        .3      21.2       -.3      11.3
        .4      23.3       -.2      11.2
 40616  -.308021   .462031  -.831656
  27208.4  18028.1     -3.2     25.6     10.5     13.7
     -3.4     61.1     11.0     37.2   9056.9   9611.8
       7.1      50.4      -2.0      40.9
        .5      17.8       -.3      14.2
        .3      14.2       -.1      11.3
        .6      15.0       -.7      11.7
 40617  -.336099   .252074  -.907467
  25429.9  17339.3     -3.0     33.0     10.6     13.4
     -3.1     73.5     10.8     37.8   8384.6   8932.6
       4.1      52.4      -2.2      40.4
        .5      10.4       -.3      14.6
        .3       8.3       -.4      11.0
        .3       8.7       -.6      11.2
 40618  -.347314   .000000  -.937749
  25245.2  17297.8     -3.2     41.8     10.3     11.6
     -3.3     84.6     10.7     37.6   8770.9   9586.6
       4.4      70.9      -2.7      37.8
        .4      14.2       -.1      14.2
        .0       1.4       -.9      10.8
        .0       1.3       -.7       9.9
 40619  -.344406  -.129152  -.929895
  25143.4  17592.2     -4.0     39.6     10.7     13.0
     -3.9     82.0     10.8     37.9   7949.2   8738.5
      -2.8      61.5      -3.1      37.6
       -.4       7.5       -.7      13.9
       -.5       3.1       -.6      10.7
       -.4       2.5       -.6      11.2
 40620  -.336099  -.252074  -.907467
  25532.0  18301.9     -3.7     34.8     10.5     14.4
     -3.8     76.2     10.8     37.8   7931.2   8637.4
      -3.4      53.3      -3.4      39.8
       -.7       8.7       -.6      14.2
       -.7       6.2       -.6      11.4
       -.4       5.9       -.4      12.6
 40621  -.323497  -.363934  -.873442
  26241.6  18871.3     -4.2     30.1     10.5     14.9
     -4.1     70.1     10.9     37.7   8630.9   9181.8
      -5.6      48.1      -2.1      40.3
      -1.1      12.6       -.7      14.5
       -.6       9.6       -.5      11.7
       -.6       9.2       -.6      12.9
 40622  -.308021  -.462031  -.831656
  27489.1  19117.0     -3.5     25.5     10.6     14.7
     -3.7     63.3     10.6     37.0   9102.6   9583.4
      -5.0      49.5      -4.8      40.0
       -.9      16.5       -.5      14.5
       -.8      12.2       -.6      11.6
       -.6      11.9       -.9      13.0
 40623  -.291042  -.545704  -.785813
  28962.9  18889.0     -3.6     21.7     10.7     14.4
     -3.9     55.9     11.1     36.6   9896.8  10270.4
      -6.8      49.6      -3.8      40.5
      -1.0      20.7       -.3      14.4
       -.5      15.4       -.3      11.8
      -1.0      14.7       -.7      12.3
 40624  -.273665  -.615745  -.738895
  30690.0  18022.4     -3.5     20.3     10.7     13.5
     -3.5     48.6     11.1     35.7   9972.8  10766.4
      -7.3      57.3      -3.2      43.6
       -.9      25.0       -.4      14.0
       -.5      18.6       -.4      11.2
       -.6      19.4       -.4      11.6
 40625  -.240493  -.721479  -.649331
  35065.9  16151.9     -4.0     22.1     10.2     12.2
     -3.9     33.0     11.2     34.0  11637.6  12734.0
      -5.9      62.8      -3.2      46.0
       -.9      34.5       -.6      14.5
      -1.1      26.3       -.4      11.3
      -1.0      26.9       -.5      12.3
 40626  -.211513  -.793174  -.571085
  40001.3  14809.5     -3.3     43.3     10.8     14.0
     -4.0     21.0     11.1     32.8  16912.5  17644.5
      -8.5      61.0      -4.2      48.0
      -1.0      35.3       -.4      13.9
      -1.9      30.0       -.7      10.4
       -.4      32.3       -.7      10.6
 40627  -.187186  -.842336  -.505402
  45517.0  14008.3     -3.3     43.3     10.6      9.2
     -2.9     25.4     11.2     31.3  18886.3  20166.3
      -7.9      57.3      -6.6      50.1
       -.9      31.3       -.2      14.3
       -.8      29.2       -.1      10.3
       -.6      33.6       -.3      10.4
 40628  -.167009  -.876798  -.450925
  51205.7  13600.4     -3.3     43.3     10.5      8.1
      6.1     12.5     11.7     30.2  23401.0  24818.1
      -7.5      56.7      -6.3      53.9
      -1.3      30.3       -.4      14.0
       -.9      26.7       -.3       9.5
       -.7      28.2       -.4       9.5
 40629  -.150261  -.901568  -.405706
  56841.3  13288.5     -3.3     43.3     10.4      8.5
     -3.3     86.6     11.8     29.3  27202.8  28806.0
      -6.8      57.2      -2.5      55.7
       -.8      32.7       -.3      13.8
       -.5      30.4       -.3       9.3
      -1.1      34.6       -.3       9.0
 40630  -.136269  -.919816  -.367926
  63144.6  13076.4     -3.3     43.3     10.7      7.6
     -3.3     86.6     11.7     28.6  31896.5  32988.9
      -9.1      58.2      -3.6      60.8
      -1.2      31.1       -.4      14.2
      -1.3      27.5       -.2       8.8
       -.5      29.8       -.2       8.4
 40631  -.124476  -.933570  -.336085
  69107.8  12875.0     -3.3     43.3     10.3     10.4
     -3.3     86.6     11.6     27.9  34481.9  36239.2
     -11.0      56.9      -4.6      61.3
      -1.5      33.7       -.2      14.7
       -.9      31.1       -.1       8.5
       -.8      33.4       -.1       7.9
 40632  -.114443  -.944153  -.308995
  75892.1  12825.0     -3.3     43.3     10.6     11.1
     -3.3     86.6     11.7     27.3  38882.6  41150.4
     -11.5      57.9      -9.1      71.6
      -1.1      31.9       -.3      16.5
      -1.1      28.4       -.3       8.4
       -.5      30.5       -.3       7.3
 40633  -.105828  -.952448  -.285734
  82158.9  12776.9     -3.3     43.3     12.2     14.6
     -3.3     86.6     11.7     26.9  42725.6  45132.0
      -8.5      59.6      -7.6      69.6
      -1.3      34.4       -.4      16.7
      -1.0      32.7       -.1       8.0
      -1.3      35.5       -.2       7.1
 40634   .872340  -.130851  -.471064
  50650.6   9563.8     -4.2     30.4     -2.4    170.1
     -4.2     71.9     10.8     57.7  12646.8  18039.5
      -7.4      64.7       9.0      55.0
       -.4      11.8       1.0      31.6
       -.6       5.2        .8      25.4
       -.4       5.1       1.4      28.3
 40635   .848868  -.141478  -.509321
  46409.1   9788.5     -3.9     30.6     39.2    149.3
     -4.0     72.3     10.8     57.7  15442.5  18860.1
      -9.6      66.1       8.9      54.9
       -.9      10.7       1.5      30.5
       -.3       5.5        .7      25.0
       -.5       5.5        .8      27.6
 40636   .819017  -.153566  -.552837
  42601.8  10208.9     -4.0     31.0     24.9    121.4
     -4.2     72.7     10.8     57.7  14299.5  18300.5
     -10.8      63.1       9.6      55.5
       -.6       9.8       1.2      29.5
       -.7       5.8        .9      23.3
       -.5       5.7       1.2      24.8
 40637   .780626  -.167277  -.602197
  38880.9  10808.9     -4.1     31.6      7.3    103.7
     -4.1     73.3     10.0     22.2  15755.4  17338.1
      -7.4      58.6       9.7      55.7
       -.8       9.8       1.3      29.4
       -.6       6.2        .9      22.7
       -.5       6.4        .7      23.9
 40638   .730784  -.182696  -.657706
  35410.0  11590.9     -4.1     32.2     32.0     65.0
     -4.1     73.9     11.4     13.7  14334.0  15183.2
     -10.0      59.0       7.7      52.4
       -.8       9.6        .9      26.6
       -.6       6.2        .6      20.6
       -.3       6.5        .8      22.1
 40639   .665721  -.199716  -.718978
  32340.7  12914.2     -4.1     32.9     18.2     32.9
     -4.2     74.5     11.3     19.1  13202.9  14324.5
      -8.6      58.7       5.6      49.2
       -.5       9.4        .4      25.8
       -.6       6.5        .9      19.2
       -.5       6.7        .4      20.3
 40640   .580932  -.217849  -.784258
  29644.6  14934.6     -4.0     33.5     12.2     13.9
     -4.0     75.0     11.6     28.0   9439.1  10341.4
      -8.1      53.7       5.3      46.0
       -.8       8.8       1.0      21.1
       -.7       6.6        .9      15.4
       -.5       6.8        .7      15.7
 40641   .471929  -.235965  -.849473
  27516.0  19241.3     -3.9     34.0     11.4     12.0
     -4.0     75.5     11.5     37.2   9352.8  10122.7
      -6.5      55.9       5.1      41.2
       -.7       9.2        .9      14.1
       -.8       6.2        .7      10.1
       -.9       6.5        .9       9.6
 40642   .336099  -.252074  -.907467
  26122.9  22455.1     -4.0     34.4     11.4     17.9
     -4.1     75.7     11.5     45.9   8942.8   9649.7
      -6.8      59.7       4.9      46.9
       -.8       8.9        .8       9.1
       -.5       6.2        .4       6.3
       -.7       6.6        .7       5.7
 40643   .175655  -.263482  -.948537
  25190.8  21493.9     -4.2     34.2     11.5     25.3
     -4.2     75.8     11.5     53.9   8672.5   9397.0
      -4.8      52.9       3.3      57.5
       -.8       8.2        .4       5.5
       -.5       5.7        .5       2.4
       -.8       5.7        .6       2.1
 40644   .000000  -.267644  -.963518
  24915.8  21202.4     -3.9     34.2     10.8     24.8
     -4.0     75.9     10.8     53.4   8699.3   9417.8
      -3.9      53.5        .4      59.2
       -.5       9.2        .0       6.5
       -.8       5.7       -.2       3.2
       -.6       5.2       -.2       3.7
 40645  -.088862  -.266585  -.959706
  24786.2  21275.8     -3.9     34.6     10.9     21.3
     -3.9     76.2     10.8     49.6   8274.0   9216.5
      -7.0      53.2      -2.6      48.6
       -.9       8.5       -.2       6.8
       -.7       6.0       -.6       5.2
       -.6       5.4       -.4       5.6
 40646  -.175655  -.263482  -.948537
  24872.0  21582.6     -3.8     34.7     10.6     18.1
     -3.8     76.1     10.6     45.7   8211.6   8756.7
      -4.2      50.3      -4.8      43.6
       -.6       8.6       -.5       9.3
       -.7       6.3       -.4       7.0
       -.6       5.7       -.4       7.7
 40647  -.258544  -.258544  -.930758
  25095.6  20721.9     -3.6     34.9     10.8     15.7
     -3.8     76.3     10.9     41.8   7975.5   8737.4
      -6.0      55.8      -4.3      40.7
      -1.0       8.5       -.6      11.8
       -.8       6.1       -.5       9.1
       -.6       6.1       -.5       9.9
 40648  -.336099  -.252074  -.907467
  25548.7  18357.1     -3.6     34.8     10.7     14.0
     -3.6     76.1     10.7     37.9   8139.4   8638.9
      -3.5      53.2      -3.6      42.1
       -.4       8.7       -.6      14.4
       -.5       6.4       -.6      11.4
       -.2       6.0       -.6      12.5
 40649  -.407380  -.244428  -.879941
  26205.7  15632.0     -3.6     34.9     10.4     15.6
     -3.7     76.2     10.7     34.0   7761.7   8337.3
      -3.4      61.7      -3.7      44.0
       -.5       9.2       -.5      17.6
       -.5       6.4       -.8      14.0
       -.4       6.1       -.8      16.5
 40650  -.471929  -.235965  -.849473
  26944.9  14118.4     -3.6     34.8     10.3     22.2
     -3.7     76.0     11.2     30.1   8028.0   8565.4
        .0      56.8      -5.1      45.1
       -.7       8.8      -1.1      20.7
       -.5       6.5       -.7      16.3
       -.3       6.2       -.6      19.9
 40651  -.529695  -.227012  -.817244
  27910.7  12798.6     -4.2     34.4      9.9     38.7
     -4.3     75.7     11.1     25.9   8194.7   8909.5
      -3.5      53.5      -4.5      46.2
       -.7       8.9      -1.0      24.2
       -.5       6.7      -1.4      19.4
       -.4       6.6      -1.1      21.8
 40652  -.580932  -.217849  -.784258
  29183.4  12117.1     -3.9     34.2     12.1     58.6
     -3.9     75.7     11.0     22.1   8396.0   8910.4
      -1.7      59.4      -4.9      47.2
       -.4       9.1      -1.1      26.5
       -.5       6.6      -1.1      20.7
       -.3       6.5      -1.5      23.4
 40653  -.665721  -.199716  -.718978
  31739.8  10813.5     -3.8     34.2      1.4     79.2
     -3.7     75.2     12.1     18.5   7841.8   8856.5
       1.2      62.3      -5.4      52.3
       -.5       9.9       -.6      27.5
       -.4       6.4       -.5      22.5
       -.2       6.7       -.9      26.9
 40654  -.730784  -.182696  -.657706
  34848.8  10007.2     -3.7     34.8      -.2    112.1
     -3.8     74.6     13.5     23.8   8425.6   8997.3
        .4      59.5      -4.9      51.2
       -.5       9.1       -.8      30.4
       -.2       6.1       -.3      25.0
       -.1       6.6       -.8      31.7
 40655  -.780626  -.167277  -.602197
  38276.4   9451.2     -4.3     34.7      4.1    129.0
     -4.0     74.2     -2.4     29.5   8089.6   8705.6
       1.8      58.2      -6.4      54.1
       -.6       9.8       -.3      32.2
       -.2       5.8       -.6      26.7
       -.1       6.0       -.7      35.6
 40656  -.819017  -.153566  -.552837
  41832.0   9181.5     -3.9     35.2     -4.7    152.6
     -3.8     73.5     10.8     57.7   8477.6   8991.7
       1.3      64.3      -4.1      56.3
       -.3      10.4       -.3      34.5
       -.3       6.4       -.4      29.0
       -.3       6.0       -.4      45.6
 40657  -.848868  -.141478  -.509321
  45541.8   8886.5     -4.2     35.7     -3.5    173.7
     -4.1     73.2     10.8     57.7   8318.9   9306.9
       1.8      62.8      -8.5      58.3
       -.2      11.7       -.4      35.0
       -.2       5.7        .0      30.0
       -.2       5.4       -.1      52.8
 40658  -.872340  -.130851  -.471064
  49501.3   8737.7     -3.8     36.3    -13.5    197.2
     -3.9     72.8     10.8     57.7   8777.0   9430.2
       3.0      68.8      -9.2      56.9
       -.4      13.0       -.4      36.1
       -.2       5.3       -.3      32.2
       -.3       6.6        .0      62.5
 40659  -.891017  -.121502  -.437408
  53377.6   8575.4     -4.1     36.6     -9.7    226.8
     -3.9     72.4     10.8     57.7   8917.7   9719.0
       2.7      66.5      -7.4      56.5
        .0      12.2       -.3      36.0
        .1       5.1        .4      33.3
       -.2       5.5      -1.5      72.9
 40660  -.906054  -.113257  -.407724
  57366.1   8482.7     -3.6     36.8       .8    245.2
     -3.6     72.2     10.8     57.7   9276.0  10575.4
       6.6      69.8      -7.7      55.4
        .0      15.7        .3      37.6
        .1       7.4        .8      33.5
       -.2       6.0        .2      80.8
 40661  -.918298  -.105957  -.381447
  61250.9   8436.8     -3.8     37.3    -37.6    275.0
     -3.7     71.7     10.8     57.7   9222.0  10151.1
       2.9      65.7      -9.4      54.7
       -.3      16.5        .1      37.7
       -.1       7.2        .8      37.0
       -.5       8.0      -1.8      89.6
 40662  -.928375  -.099469  -.358087
  65335.0   8419.2     -4.3     37.5    -21.1    293.6
     -3.9     71.8     10.8     57.7   9550.0  10509.4
       6.7      68.0      -6.8      56.0
       -.1      17.0        .7      38.7
       -.1       7.4        .7      37.2
        .1       9.1       -.8      96.3
 40663   .850763  -.255229  -.459412
  50770.0   9719.9     -3.9     22.4     31.1    172.8
     -4.1     55.8     10.8     57.7  10815.6  14256.1
      -6.7      54.6       7.0      55.1
       -.6      15.8        .9      32.6
       -.3      10.5        .9      26.5
       -.6      10.4        .3      36.5
 40664   .824475  -.274825  -.494685
  46875.8  10098.9     -3.5     20.9     24.7    166.4
     -4.0     57.1     10.8     57.7  11652.5  14817.5
      -8.2      51.3       7.3      55.9
       -.7      15.9        .8      32.4
       -.6      11.3        .8      26.1
       -.4      11.4       -.1      32.0
 40665   .791497  -.296812  -.534261
  43306.8  10606.9     -3.9     20.6      3.5    126.2
     -3.9     57.7     10.8     57.7  12154.9  15610.0
      -9.1      52.6       9.8      56.2
       -.7      16.4       1.5      30.8
       -.4      11.7        .2      24.0
       -.2      12.0        .4      28.2
 40666   .749790  -.321338  -.578409
  39730.1  11081.4     -4.0     20.7     33.1    101.2
     -3.9     58.6     10.8     24.5  13886.5  16521.2
      -8.1      54.2       6.4      55.1
       -.9      16.7       1.3      29.4
       -.6      12.1       1.1      23.3
       -.4      12.8        .3      25.9
 40667   .696733  -.348367  -.627060
  36424.0  12092.3     -3.7     21.7      5.0     76.7
     -3.7     59.8     11.0     15.7  14044.9  15114.5
      -8.1      51.9       8.0      50.6
       -.6      16.8       1.0      27.0
       -.8      12.7        .8      21.3
       -.4      13.2        .1      23.6
 40668   .629142  -.377485  -.679474
  33486.5  13550.6     -4.0     22.7     24.1     37.9
     -4.2     60.7     11.2     19.5  13270.5  14469.5
      -7.2      50.4       5.3      47.4
       -.8      16.6       1.1      25.3
       -.7      12.6        .5      19.8
       -.5      13.3        .3      21.9
 40669   .543526  -.407645  -.733761
  31100.8  15772.7     -3.8     24.1     10.2     25.9
     -4.1     61.8     11.6     27.6  10476.9  11051.7
      -6.6      50.2       5.0      46.2
      -1.4      16.8       1.1      21.2
       -.9      13.2        .7      15.5
       -.8      13.4        .5      16.7
 40670   .436852  -.436852  -.786334
  29261.4  20105.4     -4.1     24.7     11.5     12.3
     -4.1     62.3     11.7     36.5  10207.2  10847.8
      -8.5      50.7       4.0      44.3
      -1.0      16.5        .8      14.2
       -.7      12.3        .9      10.7
       -.9      12.9        .8      10.6
 40671   .308021  -.462031  -.831656
  27744.3  22782.1     -4.4     25.0     11.7     17.6
     -4.2     62.6     11.7     45.4  10050.8  10581.2
      -7.0      48.1       4.3      43.6
       -.8      16.2        .6       8.9
      -1.1      11.9        .7       6.4
      -1.0      12.6        .4       6.3
 40672   .159801  -.479402  -.862924
  27373.4  22039.2     -4.4     24.0     11.4     25.2
     -4.5     62.7     11.5     53.8   9166.5  10048.2
      -7.5      51.0       2.8      58.7
      -1.0      16.4        .6       7.1
      -1.1      11.2        .5       2.5
       -.8      11.0        .4       2.2
 40673   .000000  -.485643  -.874157
  27054.7  21662.4     -4.2     24.1     10.8     24.7
     -4.2     62.9     10.9     53.1   9838.2  10652.7
      -8.6      48.9      -3.1      59.7
      -1.1      16.2       -.1       7.1
       -.8      11.1       -.2       3.2
       -.6      10.6       -.3       3.6
 40674  -.080677  -.484060  -.871308
  26890.9  21431.9     -4.3     24.5     10.8     21.2
     -4.1     63.0     10.9     49.2   9363.4  10222.1
      -5.9      51.5      -3.3      50.1
      -1.1      16.2       -.4       7.6
       -.9      11.5       -.5       5.2
       -.6      11.2       -.3       5.8
 40675  -.159801  -.479402  -.862924
  26876.9  21553.2     -3.6     25.2     10.4     17.9
     -3.8     63.2     10.6     45.2   9346.0   9782.0
      -3.2      47.4      -2.1      46.6
       -.9      16.6       -.3       9.5
       -.7      11.9       -.2       7.3
       -.7      11.8       -.3       8.1
 40676  -.235965  -.471929  -.849473
  27182.0  21083.6     -3.8     25.4     10.8     15.4
     -3.9     63.1     11.0     41.0   9090.9   9857.6
      -5.0      51.9      -3.0      44.6
      -1.0      16.4       -.6      11.6
       -.7      12.6       -.5       9.4
       -.6      12.2       -.4      10.2
 40677  -.308021  -.462031  -.831656
  27437.3  18933.7     -4.3     25.5     10.5     14.7
     -4.1     63.2     10.8     37.0   8656.7   9458.5
      -5.4      51.3      -2.4      41.2
      -1.0      16.3       -.7      14.5
       -.5      12.6       -.6      11.7
       -.6      12.1       -.8      12.7
 40678  -.375145  -.450175  -.810314
  28039.9  17177.1     -3.8     25.5     10.4     15.9
     -3.9     63.3     10.8     33.4   8107.6   8846.8
      -4.3      48.3      -2.9      41.5
       -.9      17.1       -.4      17.5
       -.8      12.6       -.8      14.4
      -1.0      12.4      -1.0      16.6
 40679  -.436852  -.436852  -.786334
  28700.4  15452.1     -4.0     25.1      9.8     19.9
     -3.6     63.2     10.9     29.3   9007.0   9828.5
      -3.3      49.8      -3.6      45.8
       -.4      16.5       -.8      21.3
       -.1      13.1       -.5      17.2
       -.6      13.2      -1.2      19.8
 40680  -.492958  -.422535  -.760563
  29628.1  14033.9     -3.5     25.0      8.4     31.6
     -3.8     62.7     11.2     25.5   8920.6   9762.2
      -5.3      50.8      -4.7      46.2
       -.6      16.6      -1.2      24.3
       -.2      13.1       -.6      19.7
       -.4      13.3       -.7      22.5
 40681  -.543526  -.407645  -.733761
  30554.7  13216.6     -3.8     24.8      4.1     53.6
     -4.0     62.3     11.2     22.5   8941.5   9965.8
      -5.6      50.6      -6.2      47.8
       -.4      16.7       -.7      26.6
       -.6      13.2      -1.0      21.9
       -.7      13.5      -1.2      24.5
 40682  -.629142  -.377485  -.679474
  32863.4  11611.1     -3.5     24.8      6.4     75.8
     -3.6     61.4     11.7     20.2   8627.1   9180.4
      -2.4      50.0      -5.5      51.1
       -.8      16.5       -.6      28.8
       -.6      12.8       -.7      23.3
        .0      13.6       -.7      27.7
 40683  -.696733  -.348367  -.627060
  35696.5  10572.0     -3.9     26.7     10.2    104.6
     -3.8     60.6     12.9     25.5   8759.3   9392.1
      -2.1      54.0      -8.6      54.0
       -.3      16.5       -.7      31.3
        .0      12.6       -.7      26.2
       -.1      13.3      -1.1      33.1
 40684  -.749790  -.321338  -.578409
  38720.7  10017.3     -3.9     29.2      4.8    127.7
     -3.7     59.6     20.9     32.6   8561.1   9112.4
       -.4      51.7      -5.5      55.0
       -.4      16.1       -.7      32.9
       -.1      11.9       -.2      28.2
        .1      12.2       -.6      39.8
 40685  -.791497  -.296812  -.534261
  41881.3   9479.1     -3.5     32.3      3.8    150.0
     -3.5     58.5     10.8     57.7   8363.4   8921.2
      -2.8      53.1      -7.1      56.2
       -.3      15.5       -.1      35.4
       -.4      11.5       -.8      31.2
        .0      11.6       -.2      50.6
 40686  -.824475  -.274825  -.494685
  45340.6   9215.2     -4.4     34.7     -7.7    177.3
     -3.7     57.9     10.8     57.7   8475.8   8997.7
        .2      53.4      -7.2      56.4
        .0      14.7       -.7      36.1
       -.1      10.5       -.3      33.7
        .0      10.7      -1.2      61.6
 40687  -.850763  -.255229  -.459412
  49075.9   9056.0     -4.0     36.6    -11.9    201.1
     -3.7     57.1     10.8     57.7   8498.6   9135.1
       -.8      53.8      -6.5      57.5
       -.2      15.7       -.8      38.2
        .2      10.8        .7      35.5
       -.1      10.4       -.8      73.7
 40688  -.871918  -.237796  -.428033
  52405.9   8835.0     -3.4     39.6     -5.7    228.1
     -3.7     56.5     10.8     57.7   8456.3   9167.8
       -.1      54.5      -6.9      58.6
        .0      14.4        .0      39.8
       -.2       9.7       -.3      36.6
        .0      10.6        .7      84.6
 40689  -.889108  -.222277  -.400099
  56079.1   8708.0     -4.0     39.7    -16.1    248.4
     -3.9     55.9     10.8     57.7   8801.1   9609.7
        .7      56.9      -4.8      58.0
       -.3      14.5       -.2      39.7
        .0       9.7        .8      40.4
       -.1      10.7        .4      96.1
 40690  -.903213  -.208434  -.375181
  59826.7   8699.9     -2.9     41.4     -6.7    272.0
     -3.7     55.3     10.8     57.7   8687.7   9301.0
       1.7      55.5      -2.5      57.7
       -.4      14.0        .1      41.5
        .2       9.3       2.0      42.9
        .0      10.5       1.7     104.7
 40691  -.914896  -.196049  -.352888
  63600.5   8650.1     -3.9     42.3    -45.2    291.9
     -4.0     54.6     10.8     57.7   9340.8  10200.7
        .7      56.1      -7.6      57.5
       -.2      15.4       1.0      41.6
        .0       9.2        .6      45.2
       -.7      11.3        .2     115.5
 40692   .469758  -.845564  -.253669
  89230.3  14295.0     -3.3     43.3     10.8     28.9
     -3.3     86.6     10.8     57.7  45968.3  48181.6
     -11.3      62.1       2.0      56.5
       -.5      35.0        .4      25.8
       -.4      33.7        .4      20.4
        .0      37.1        .1      21.3
 40693   .431934  -.863868  -.259161
  87343.0  14357.5     -3.3     43.3     10.8     28.9
     -3.3     86.6     10.8     57.7  43360.2  46086.7
     -11.1      58.4        .9      60.0
      -1.2      34.8        .5      25.0
       -.6      33.2        .2      20.0
       -.4      37.9        .3      21.2
 40694   .391687  -.881295  -.264388
  85870.7  14251.1     -3.3     43.3     10.8     28.9
     -3.3     86.6     10.8     57.7  40373.0  44272.1
      -9.8      59.5       1.1      57.6
      -1.1      35.1        .2      23.2
       -.7      34.5        .2      18.4
       -.1      39.2       -.1      18.8
 40695   .349059  -.897580  -.269274
  84474.6  13929.7   -107.9    325.8     42.3    113.1
     -3.3     86.6     10.8     57.7  31765.1  41589.4
     -11.6      59.4       3.6      62.6
      -1.5      35.0        .7      22.5
      -1.0      33.8        .4      16.8
       -.8      40.6        .0      18.4
 40696   .304150  -.912449  -.273735
  83582.0  13716.5    -57.2    353.6     40.3     91.0
     -3.3     86.6     10.8     57.7  28989.4  40025.8
      -9.9      58.1       4.1      58.4
      -1.4      35.0        .4      20.7
       -.4      34.4        .1      15.1
        .2      41.2        .0      14.2
 40697   .257118  -.925624  -.277687
  82667.8  13413.3   -170.1    307.7     29.3     77.3
     -3.3     86.6     11.0      7.6  30193.0  37132.1
     -13.8      60.5      -1.5      62.6
      -1.6      34.8        .6      19.0
      -1.4      33.5        .3      12.8
        .0      42.1        .0      12.9
 40698   .208187  -.936839  -.281052
  82278.1  13251.4   -223.3    274.6     20.5     59.6
     -3.3     86.6     11.5     16.1  30518.9  39755.1
     -12.7      61.0      -4.8      62.7
       -.8      35.5       -.1      18.4
      -1.2      34.5        .1      10.9
       -.2      42.6       -.1       9.8
 40699   .157642  -.945850  -.283755
  81823.4  13162.0     -3.3     43.3     11.0     20.3
     -3.3     86.6     11.5     27.9  34252.0  39225.6
     -10.2      58.5      -3.7      71.8
      -1.2      35.4        .4      16.1
       -.7      34.0        .0       8.6
       -.8      40.6        .1       7.4
 40700   .105828  -.952448  -.285734
  81540.5  12925.5     -3.3     43.3     11.5     12.5
     -3.3     86.6     11.7     39.8  36109.2  42146.8
      -8.0      54.7      -3.0      78.5
      -1.1      35.1        .1      18.9
      -1.6      33.9        .1       5.9
       -.8      41.3        .1       5.0
 40701   .053137  -.956473  -.286942
  81818.0  12840.1     -3.3     43.3     11.4     23.0
     -3.3     86.6     11.4     51.4  40285.1  43997.0
     -11.0      59.4      -1.6      94.0
      -1.4      35.1       -.5      32.8
      -1.5      33.1        .5       5.6
      -2.4      38.0        .4       2.8
 40702   .000000  -.957826  -.287348
  81959.9  12776.3     -3.3     43.3     11.9     22.2
     -3.3     86.6     11.8     50.5  42840.0  44838.7
      -7.8      57.3     -11.9      91.0
      -2.0      33.9      -1.8      32.5
      -1.9      32.7        .1       6.3
      -1.5      35.3        .2       1.8
 40703  -.026597  -.957487  -.287246
  82326.1  12837.6     -3.3     43.3     12.0     16.4
     -3.3     86.6     12.0     44.6  42718.4  45267.5
     -10.4      59.8      -8.5      86.4
      -2.1      34.4       -.7      23.3
      -1.4      33.0        .2       5.3
      -1.3      34.9        .1       3.0
 40704  -.053137  -.956473  -.286942
  82249.6  12751.2     -3.3     43.3     11.5     10.8
     -3.3     86.6     11.8     38.9  44147.5  45845.8
     -14.8      63.5     -10.4      84.7
      -2.0      34.9       -.4      20.1
      -2.0      32.9        .0       5.9
      -1.2      35.3        .0       4.4
 40705  -.079566  -.954790  -.286437
  81940.2  12749.7     -3.3     43.3     11.7      6.4
     -3.3     86.6     11.9     32.7  43463.8  45434.0
     -13.6      62.8      -6.2      75.7
      -1.3      34.3       -.2      15.1
      -1.4      33.1        .0       6.9
      -1.3      35.4       -.3       5.9
 40706  -.105828  -.952448  -.285734
  82178.0  12783.4     -3.3     43.3      9.5     16.1
     -3.3     86.6     11.9     26.8  42518.1  44936.4
     -11.0      59.6      -6.1      68.3
      -1.9      35.0       -.5      17.2
       -.8      33.2       -.1       8.2
       -.5      36.0       -.1       7.2
 40707  -.131870  -.949462  -.284838
  82123.7  12763.6     -3.3     43.3      9.6     52.7
     -3.3     86.6     11.7     21.1  42052.0  45114.4
      -9.2      59.9      -9.3      65.5
       -.6      34.3       -.5      17.1
       -.9      32.8       -.3       9.7
      -1.0      37.3       -.4       8.8
 40708  -.157642  -.945850  -.283755
  82246.4  12854.1     -3.3     43.3      9.0     62.8
     -3.3     86.6     11.6     15.4  41668.6  44682.5
     -11.2      59.8      -6.8      63.8
      -1.3      34.8       -.6      17.0
       -.2      33.3       -.1      10.5
       -.5      37.4       -.4       9.5
 40709  -.183096  -.941634  -.282490
  82078.2  12834.4     -3.3     43.3    -25.4     67.2
     -3.3     86.6     11.8     10.5  41438.2  44828.3
     -10.1      58.6      -4.3      63.7
      -1.6      35.3       -.5      17.6
      -1.1      33.6        .0      11.7
       -.8      37.8       -.3      11.1
 40710  -.208187  -.936839  -.281052
  82428.0  12944.6     -3.3     43.3     13.1    166.9
     -3.3     86.6     11.3      8.1  41226.4  44202.0
      -8.7      56.2      -8.3      61.5
      -1.5      34.9       -.2      17.9
       -.2      33.2        .2      11.7
       -.9      38.0        .0      12.1
 40711  -.257118  -.925624  -.277687
  82905.4  13049.4     -3.3     43.3     10.8     28.9
     -3.3     86.6     10.8     57.7  40222.3  43855.3
     -13.2      60.7      -7.9      61.5
       -.8      35.2       -.2      20.4
       -.7      34.4       -.2      14.8
        .1      39.0       -.4      13.9
 40712  -.304150  -.912449  -.273735
  83918.5  13214.3     -3.3     43.3     10.8     28.9
     -3.3     86.6     10.8     57.7  41084.0  44199.8
     -10.1      57.1      -7.3      56.3
       -.9      34.9       -.3      21.2
       -.6      32.8        .2      16.0
       -.2      38.5        .1      17.4
 40713  -.349059  -.897580  -.269274
  84762.1  13528.7     -3.3     43.3     10.8     28.9
     -3.3     86.6     10.8     57.7  39261.8  44171.5
     -10.6      58.4      -9.5      54.5
       -.6      35.2       -.1      23.0
        .6      34.2        .6      18.4
       -.1      38.8        .1      19.7
 40714  -.391687  -.881295  -.264388
  85942.2  13647.5     -3.3     43.3     10.8     28.9
     -3.3     86.6     10.8     57.7  37070.7  45193.1
      -8.7      59.6      -9.3      59.5
       -.9      35.0       -.1      24.1
        .2      32.9        .2      19.6
        .5      38.6        .4      21.4
 40715  -.431934  -.863868  -.259161
  87406.9  13728.4     -3.3     43.3     10.8     28.9
     -3.3     86.6     10.8     57.7  43887.0  46754.1
      -7.1      57.6      -9.3      52.7
       -.7      34.8       -.3      24.5
       -.6      33.6        .2      20.5
        .7      37.2       1.0      21.1
 40716  -.469758  -.845564  -.253669
  89132.8  13864.1     -3.3     43.3     10.8     28.9
     -3.3     86.6     10.8     57.7  45039.0  48030.0
      -8.9      59.2     -10.8      54.1
       -.4      34.2        .2      27.4
        .6      33.1        .6      23.3
        .0      36.2        .3      23.5
 40717  -.505162  -.826628  -.247988
  91248.3  13871.5     -3.3     43.3     10.8     28.9
     -3.3     86.6     10.8     57.7  44130.6  47100.3
      -6.6      59.0      -9.1      51.7
       -.6      34.9        .3      27.7
       -.1      33.4        .7      24.3
        .1      37.0        .2      26.2
 40718  -.538187  -.807280  -.242184
  92861.7  13655.2     -3.3     43.3     10.8     28.9
     -3.3     86.6     10.8     57.7  47964.5  49698.4
      -8.2      62.6      -7.6      51.0
       -.3      35.0        .3      29.7
       -.1      32.9        .1      26.0
        .1      35.7        .3      28.2
 40719  -.568907  -.787718  -.236315
  95170.7  13562.7     -3.3     43.3     10.8     28.9
     -3.3     86.6     10.8     57.7  39125.5  45797.2
      -7.0      60.6      -8.3      50.6
       -.5      33.7        .2      29.7
        .5      32.6        .8      27.0
       1.0      39.7       1.0      32.6
 40720  -.597418  -.768109  -.230433
  97116.1  13333.2     -3.3     43.3     10.8     28.9
     -3.3     86.6     10.8     57.7  28649.9  37442.4
      -8.4      61.1      -7.3      50.9
       -.7      33.9        .5      31.7
        .0      32.2        .7      27.9
        .8      47.4       1.2      40.2
