Dot1_150x100_prd2012lk:dj0045b@-165V,3.8T@90d,277K,rhe=1.10,rhh=0.7, 0.65/1.30  
  6791   1  3.80  60   5  29   0  165.00  277.00     .45 1.06200  1400.0     .45  105.42  150.  100.  285.  2000.0     .22   52.71    1.50    1.00     .85
 43201   .000000   .000000 -1.000000
  25032.4  16974.9       .2     42.0     51.9      6.8
       .2     84.7     52.7     33.4   9977.9  10775.3
       2.4      67.6        .2      39.4
       -.2       7.6      -1.3      13.4
       -.1       2.5      -2.1      11.3
       -.2       1.2      -2.6      10.7
 43202   .000000  -.130455  -.991454
  25162.8  17054.1      -.4     36.3     51.8      7.7
      -.3     78.8     52.6     33.1   9923.1  10629.0
      -6.3      62.2        .5      37.7
       -.9       5.3      -1.8      13.3
       -.8       3.0      -1.8      11.1
      -1.0       3.0      -2.6      10.7
 43203   .000000  -.254493  -.967075
  25852.4  17592.7      -.8     29.7     51.5      8.3
      -.6     71.5     52.6     33.2   9750.1  10637.3
      -4.5      52.6      -1.6      38.7
       -.8       8.6      -1.6      13.0
       -.7       6.5      -2.1      11.2
      -1.0       5.9      -2.6      10.7
 43204   .000000  -.367167  -.930155
  26895.9  18117.8      -.7     23.0     52.0      8.6
      -.4     63.6     53.0     32.9  10307.4  11050.3
      -4.4      49.1      -1.6      38.3
      -1.2      12.4      -1.7      13.5
       -.8       9.2      -1.9      10.9
      -1.1       8.8      -2.5      10.8
 43205   .000000  -.465746  -.884918
  28147.3  18813.9      -.9     17.1     52.0      8.2
      -.7     55.5     53.0     32.7  11155.6  11847.7
      -5.5      50.3       -.2      40.4
       -.7      16.3      -1.7      13.1
      -1.1      12.2      -1.6      10.7
      -1.1      11.6      -2.4      10.7
 43206   .000000  -.549617  -.835417
  29717.7  18879.8     -1.0     13.5     52.0      7.8
      -.4     47.0     53.3     32.3  11645.4  12190.1
      -6.2      50.9      -1.2      40.2
      -1.3      20.4      -1.6      13.0
       -.7      15.2      -1.8      10.5
      -1.2      14.3      -2.4      10.2
 43207   .000000  -.619644  -.784883
  31773.5  17878.6     -1.5     15.1     52.1      7.4
      -.5     38.4     53.5     31.4  12934.3  14018.4
      -6.5      59.9       1.4      42.4
      -1.4      25.8      -1.5      13.2
      -1.1      18.1      -1.8      10.3
      -1.6      17.5      -2.2      10.3
 43208   .000000  -.677476  -.735545
  33667.4  16570.7      -.7     14.8     52.2      7.3
      -.2     29.5     53.8     31.3  14422.2  15287.6
      -8.6      59.8      -1.6      44.0
      -1.7      28.8      -1.7      12.8
       -.9      20.7      -1.4      10.0
      -2.0      19.9      -2.2       9.8
 43209   .000000  -.724999  -.688749
  35955.8  15745.8       .2     43.3     52.5      7.0
      -.3     21.5     54.0     30.8  15970.9  16669.7
      -8.4      60.1        .4      45.3
      -1.8      30.9      -1.4      13.1
      -1.2      22.5      -1.6       9.7
      -1.7      22.7      -1.9       9.5
 43210   .000000  -.764030  -.645181
  38486.2  15072.1       .2     43.3     52.4      6.2
       .0     15.0     54.0     30.4  16991.6  17631.4
      -7.8      59.1        .6      46.9
      -1.3      30.4      -1.3      13.2
      -1.4      24.1      -1.4       9.5
      -1.5      24.1      -1.9       9.1
 43211   .000000  -.796162  -.605083
  40861.0  14585.7       .2     43.3     52.6      6.1
      -.6     14.2     54.3     29.9  17728.0  18675.4
      -7.3      55.4       2.1      49.7
      -1.4      28.7      -1.5      13.1
      -1.2      24.8      -1.6       9.3
      -1.8      26.5      -1.9       8.9
 43212   .000000  -.822730  -.568432
  43509.4  14204.1       .2     43.3     52.1      5.7
      2.4     16.6     54.4     29.5  19698.9  20719.0
      -9.3      56.6       1.9      50.9
      -1.1      26.4      -1.2      13.2
      -1.1      22.6      -1.4       9.0
      -1.5      25.9      -1.8       8.7
 43213   .000000  -.844819  -.535052
  46086.8  13749.0       .2     43.3     52.2      5.4
       .2     86.6     54.2     29.2  22270.1  23027.3
      -8.7      52.6       -.2      51.0
      -1.0      25.3      -1.5      13.0
      -1.2      21.7      -1.3       8.8
      -1.5      23.5      -1.8       8.3
 43214   .000000  -.863297  -.504697
  48817.5  13501.3       .2     43.3     52.8      4.8
       .2     86.6     54.6     28.8  23424.8  24434.0
     -10.0      54.4        .4      51.8
       -.3      25.9      -1.2      13.8
      -1.1      22.3      -1.3       8.6
      -1.2      22.1      -1.7       7.9
 43215   .000000  -.878853  -.477092
  51735.0  13373.0       .2     43.3     53.0      4.5
       .2     86.6     54.7     28.5  24907.0  26224.6
      -9.7      54.9        .2      55.5
       -.9      28.4      -1.5      13.4
      -1.5      25.6      -1.4       8.7
      -1.2      26.0      -1.6       7.8
 43216   .000000  -.892036  -.451965
  54662.6  13174.9       .2     43.3     52.1      4.4
       .2     86.6     55.0     28.1  26638.3  27855.6
     -11.8      55.7       2.6      63.1
       -.9      27.5      -1.3      13.5
       -.9      25.3      -1.2       8.4
      -1.5      28.2      -1.7       7.8
 43217   .000000  -.903278  -.429057
  57353.3  13082.2       .2     43.3     52.3      4.5
       .2     86.6     54.9     28.0  29215.7  30441.4
      -7.1      53.9        .9      55.1
      -1.3      26.5      -1.4      14.7
       -.8      23.2      -1.2       8.3
      -1.7      24.7      -1.6       7.3
 43218   .000000  -.912924  -.408131
  60334.6  12913.6       .2     43.3     52.2      3.6
       .2     86.6     55.0     27.8  30456.4  32005.6
      -8.1      51.1       -.7      58.5
       -.8      26.7      -1.0      13.8
      -1.2      22.7      -1.3       8.0
      -1.5      23.0      -1.5       7.1
 43219   .000000  -.921250  -.388972
  63374.5  12861.6       .2     43.3     52.8      3.3
       .2     86.6     55.1     27.6  32345.2  33738.1
      -9.3      53.0        .8      58.8
      -1.3      28.4      -1.5      15.4
      -1.1      25.4      -1.3       8.0
      -1.3      25.6      -1.5       7.1
 43220   .000000  -.928477  -.371391
  66435.5  12825.3       .2     43.3     52.8      3.1
       .2     86.6     55.4     27.4  34311.6  35769.6
     -12.9      53.4      -1.1      67.5
       -.3      28.6       -.8      16.4
       -.7      26.3      -1.2       7.9
      -1.1      27.9      -1.4       7.0
 43221   .000000  -.934784  -.355218
  69326.5  12661.2       .2     43.3     52.4      2.9
       .2     86.6     55.3     27.3  35790.3  37406.5
     -10.1      56.6        .8      65.0
      -1.3      27.3       -.9      16.4
      -1.1      24.0      -1.3       7.8
      -1.2      25.7      -1.4       6.9
 43222   .000000  -.940315  -.340305
  72308.6  12672.8       .2     43.3     51.2      3.0
       .2     86.6     55.1     27.1  37890.4  39829.8
      -9.8      53.7       3.7      65.6
      -1.2      27.7      -1.1      16.7
      -1.0      23.4      -1.1       8.0
      -1.3      23.4      -1.4       6.7
 43223   .000000  -.945190  -.326520
  71894.1  12126.1       .2     43.3     52.7      2.5
       .2     86.6     55.4     27.3  37776.8  39190.1
      -9.5      52.0       2.8      67.1
      -1.2      30.2      -1.3      18.2
      -1.2      27.1      -1.4       7.7
      -1.5      26.1      -1.6       6.8
 43224   .000000  -.949506  -.313750
  74501.1  12023.9       .2     43.3     53.1      2.7
       .2     86.6     55.5     26.9  39652.8  41256.0
     -10.5      55.1       1.9      65.3
      -1.2      31.0      -1.3      17.9
      -1.0      29.1      -1.4       7.7
      -1.2      30.4      -1.5       6.6
 43225   .000000  -.953342  -.301892
  81323.7  12633.7       .2     43.3     52.0      2.9
       .2     86.6     55.6     26.8  44128.3  45177.7
      -7.4      52.7       3.0      70.6
      -1.1      27.8       -.7      18.4
       -.9      24.6      -1.3       7.9
      -1.7      26.1      -1.4       6.4
 43226   .000000  -.956767  -.290857
  84562.3  12521.9       .2     43.3     52.7     28.9
       .2     86.6     55.8     26.4  44928.3  46863.6
     -11.3      53.0       1.8      69.2
       -.8      27.4       -.8      18.9
       -.9      23.8      -1.0       7.7
       -.9      23.7      -1.2       6.4
 43227   .000000  -.959834  -.280567
  87680.3  12488.3       .2     43.3     51.7      1.4
       .2     86.6     55.7     26.4  46959.3  48743.0
      -9.5      52.0       4.4      75.0
       -.4      29.1       -.7      19.4
      -1.0      25.9      -1.1       7.6
      -1.4      25.8      -1.2       6.3
 43228   .000000  -.962593  -.270952
  90757.7  12562.1       .2     43.3     52.7     28.9
       .2     86.6     56.0     26.3  49338.7  51371.2
     -10.5      53.0       1.4      75.6
       -.9      29.6       -.9      19.5
       -.6      27.5      -1.0       8.0
      -1.1      28.5      -1.2       6.3
 43229   .000000  -.965081  -.261951
  94113.1  12568.7       .2     43.3     52.8      1.7
       .2     86.6     55.8     26.2  50606.1  52691.6
      -8.3      50.6       3.7      72.9
      -1.4      28.3       -.5      21.1
      -1.1      24.9      -1.0       7.7
      -1.7      25.8      -1.2       6.2
 43230   .000000  -.967333  -.253508
  96906.8  12507.8       .2     43.3     52.7     28.9
       .2     86.6     55.8     26.0  52526.2  54783.0
     -10.7      51.0       2.8      77.0
      -1.5      28.3       -.7      21.0
      -1.0      23.9      -1.0       8.0
       -.6      23.8      -1.1       6.5
 43231   .000000  -.969377  -.245576
 100215.2  12500.0       .2     43.3     52.7     28.9
       .2     86.6     56.1     26.0  54387.6  56434.3
      -7.8      50.9       2.8      80.9
      -1.2      30.0       -.5      23.9
      -1.1      27.3       -.9       8.4
      -1.6      26.6      -1.1       6.4
 43232   .000000  -.971238  -.238110
 103126.3  12514.5       .2     43.3     52.7     28.9
       .2     86.6     56.3     25.9  56233.8  58316.4
     -11.5      58.3       5.1      84.0
      -1.3      30.8       -.7      22.8
       -.9      28.6       -.8       8.0
      -1.2      29.5      -1.0       6.5
 43233   .000000  -.972937  -.231072
 106471.4  12538.8       .2     43.3     52.7     28.9
       .2     86.6     56.2     25.8  58251.9  60503.0
     -12.4      52.4       2.8      83.8
      -1.5      28.8       -.7      24.3
      -1.0      26.1       -.9       8.9
      -1.0      26.6      -1.0       6.0
 43234   .000000  -.974491  -.224428
 109534.0  12465.2       .2     43.3     52.7     28.9
       .2     86.6     55.9     25.7  60074.6  62810.7
     -10.0      49.4       3.6      81.8
      -1.2      27.8       -.6      24.3
       -.8      24.0       -.8       8.8
      -1.5      24.1      -1.2       6.2
 43235   .000000  -.975916  -.218146
 112520.2  12480.5       .2     43.3     52.7     28.9
       .2     86.6     56.6     25.7  61717.8  63819.0
      -7.7      50.0        .9      83.9
      -1.4      29.7       -.1      24.1
       -.8      26.3       -.7       8.9
      -1.1      25.8      -1.0       6.8
 43236   .000000  -.977227  -.212198
 115759.5  12522.3       .2     43.3     52.7     28.9
       .2     86.6     56.3     25.6  64877.6  66738.4
      -9.0      52.7        .3      84.7
      -1.5      30.2       -.4      25.5
       -.9      27.7       -.8       8.7
      -1.7      28.6      -1.0       6.5
 43237   .000000  -.978434  -.206558
 118842.0  12477.0       .2     43.3     52.7     28.9
       .2     86.6     56.3     25.4  66337.8  68717.6
      -9.0      52.1       2.6      81.0
      -1.4      28.5       -.3      25.1
      -1.0      25.6       -.8       9.0
      -1.6      26.4      -1.2       6.4
 43238   .000000  -.979549  -.201205
 122323.6  12639.9       .2     43.3     52.7     28.9
       .2     86.6     56.5     25.4  68364.4  70639.7
     -11.1      51.2      -1.9      81.8
      -1.7      28.9       -.6      27.3
      -1.2      24.0       -.8       8.6
       -.9      23.8      -1.0       6.4
 43239   .000000  -.980581  -.196116
 125530.0  12457.2       .2     43.3     52.7     28.9
       .2     86.6     56.4     25.5  70297.7  73059.6
     -11.3      53.6       4.8      88.1
      -1.6      30.2       -.6      28.1
       -.5      26.8       -.7       8.9
       -.8      26.6       -.9       6.4
 43240   .000000  -.981537  -.191274
 128208.9  12562.1       .2     43.3     52.7     28.9
       .2     86.6     56.5     25.3  72640.8  75151.0
     -11.8      55.4       2.0      92.6
      -1.0      31.1        .1      27.4
      -1.5      29.0       -.9       8.6
       -.8      29.8       -.9       6.2
 43241   .000000  -.982424  -.186661
 131581.3  12478.9       .2     43.3     52.7     28.9
       .2     86.6     56.3     25.3  74764.8  76553.2
      -8.3      55.1       1.6      82.9
      -1.6      29.0       -.3      28.7
      -1.0      26.0       -.7      10.1
      -1.0      26.7       -.9       6.3
 43242   .000000  -.983250  -.182261
 134722.2  12515.5       .2     43.3     52.7     28.9
       .2     86.6     56.4     25.2  76456.5  79145.5
      -7.9      45.7       1.0      93.5
      -1.3      27.7       -.8      29.6
      -1.1      24.2       -.7       8.6
       -.9      24.0      -1.0       6.6
 43243   .000000  -.984020  -.178061
 137724.6  12600.3       .2     43.3     52.7     28.9
       .2     86.6     56.4     25.1  78357.5  80922.1
     -11.0      49.6       1.0      88.8
      -1.6      30.6        .1      27.6
       -.7      26.3       -.8       9.1
      -1.3      25.9      -1.0       6.2
 43244   .000000  -.984737  -.174047
 141493.7  12617.0       .2     43.3     52.7     28.9
       .2     86.6     56.8     25.1  79968.6  82664.0
      -5.7      49.9      10.2      93.4
      -1.7      31.4       -.2      31.8
      -1.1      28.0       -.7      10.7
      -1.7      28.1       -.9       6.4
 43245   .000000  -.985408  -.170207
 144629.3  12614.1       .2     43.3     52.7     28.9
       .2     86.6     56.7     25.0  82386.1  85297.9
      -9.7      50.2      -1.8      94.0
      -1.6      29.2        .2      30.0
       -.9      26.1       -.7      10.7
      -1.0      26.5       -.7       6.9
 43246   .000000  -.986036  -.166531
 147185.6  12453.5       .2     43.3     52.7     28.9
       .2     86.6     56.5     25.0  82809.3  86245.0
     -12.4      57.3       1.2      87.8
      -1.2      28.1       -.2      29.3
       -.7      23.9       -.4       9.4
      -1.3      24.3       -.8       7.3
 43247   .000000  -.986625  -.163008
 150820.2  12554.6       .2     43.3     52.7     28.9
       .2     86.6     56.5     25.1  85624.2  88685.4
      -8.9      53.5      -1.2      94.3
      -1.6      30.7       -.6      31.9
       -.7      26.8       -.6      10.2
      -1.6      26.7       -.7       7.1
 43248   .000000  -.987696  -.156385
 157411.1  12632.7       .2     43.3     52.7     28.9
       .2     86.6     56.6     25.0  90319.1  93624.2
      -9.8      53.7       4.5      94.7
      -1.6      29.5       -.2      32.6
      -1.5      26.4       -.5      11.9
      -1.4      26.7       -.7       7.1
 43249   .000000  -.988644  -.150274
 163706.1  12577.7       .2     43.3     52.7     28.9
       .2     86.6     56.7     24.7  95128.4  97827.1
     -10.7      53.7      11.1      99.0
      -1.6      30.1        .0      33.6
      -1.2      26.4       -.7      10.3
      -1.1      26.0       -.7       6.9
 43250   .000000  -.989488  -.144617
 170127.9  12514.8       .2     43.3     52.7     28.9
       .2     86.6     56.5     24.7  97073.2 101493.7
     -10.7      51.7      -3.5      97.4
      -1.7      28.8        .0      34.4
      -1.0      26.0       -.5      13.0
      -1.3      26.1       -.9       6.8
 43251   .000000  -.990241  -.139367
 176203.2  12586.1       .2     43.3     52.7     28.9
       .2     86.6     56.8     24.7 101594.5 104673.6
     -12.8      59.3       4.1     100.1
      -1.6      31.0       -.5      34.5
      -1.1      27.2       -.5      13.0
       -.9      26.3       -.6       7.0
 43252   .000000  -.990916  -.134481
 183390.7  12605.8       .2     43.3     52.7     28.9
       .2     86.6     57.1     24.6 106113.7 109019.1
     -12.5      56.1       1.5     103.4
      -2.0      29.8        .2      36.8
       -.7      26.6       -.4      12.7
      -1.4      26.5       -.8       7.9
 43253   .000000  -.991524  -.129924
 189032.7  12586.3       .2     43.3     52.7     28.9
       .2     86.6     57.0     24.7 110426.7 113626.7
     -12.7      50.1      -6.1     104.0
      -2.1      31.3        .5      36.0
      -1.5      26.8       -.5      14.0
      -1.1      26.2       -.5       8.1
 43254   .000000  -.992073  -.125663
 195632.9  12666.7       .2     43.3     52.7     28.9
       .2     86.6     57.0     24.5 113213.7 117170.5
     -11.1      53.9       6.9     100.8
      -1.8      29.3        .7      38.0
      -1.5      26.4       -.5      14.7
      -1.7      26.4       -.7       7.7
 43255   .000000  -.992571  -.121670
 202279.4  12565.7       .2     43.3     52.7     28.9
       .2     86.6     57.1     24.5 121029.8 124133.7
     -10.4      52.0       1.9      95.3
      -2.0      30.2        .5      37.9
      -1.2      26.7       -.1      14.2
      -1.1      27.1       -.5       9.3
 43256   .000000  -.993023  -.117921
 208504.2  12645.9       .2     43.3     52.7     28.9
       .2     86.6     57.1     24.5 122658.7 127453.1
      -6.1      49.3       8.4     108.6
      -2.0      30.0        .0      38.4
      -1.0      26.3       -.4      13.9
      -1.0      26.2       -.6       7.3
 43257   .000000  -.993435  -.114396
 214720.7  12600.3       .2     43.3     52.7     28.9
       .2     86.6     57.2     24.2 126470.2 130484.4
      -7.7      44.8      -3.9     102.0
      -1.8      29.9        .4      41.2
      -1.0      26.5       -.4      15.0
      -1.2      26.0       -.5       8.2
 43258   .000000  -.993812  -.111073
 221619.4  12665.3       .2     43.3     52.7     28.9
       .2     86.6     57.2     24.2 128296.1 133480.1
      -7.9      44.8       9.6     105.4
      -1.7      29.7        .0      40.4
      -1.2      26.3       -.2      15.3
      -1.5      26.4       -.5      10.0
 43259   .000000  -.994158  -.107937
 228027.3  12623.8       .2     43.3     52.7     28.9
       .2     86.6     57.4     24.2 130515.0 136628.5
     -10.0      44.5        .0     106.9
      -2.0      30.3        .8      41.5
       -.9      27.6       -.1      16.9
      -1.3      26.5       -.4       8.5
 43260   .000000  -.994475  -.104972
 234482.7  12738.3       .2     43.3     52.7     28.9
       .2     86.6     56.9     24.3 138877.3 142868.7
      -6.4      39.5      10.1     110.8
      -2.3      29.5        .7      43.1
      -1.4      26.4       -.2      17.4
      -1.0      26.8       -.5       9.7
 43261   .903278   .000000  -.429057
  57780.6  10936.5      -.2     41.0     52.7     28.9
      -.3     83.7     52.7     57.7  30900.5  31882.4
      -4.4      79.3      10.0      49.0
       -.7      31.8       1.4      24.0
        .0       9.5        .8      18.2
        .1       4.1       1.1      17.4
 43262   .887877   .000000  -.460082
  53853.1  11448.1       .4     41.2     52.7     28.9
       .4     83.9     52.7     57.7  27456.6  28695.9
      -2.3      77.2       8.6      49.3
        .5      30.1       1.0      23.9
        .1       4.9        .9      18.1
       -.1       3.8        .9      17.4
 43263   .868777   .000000  -.495203
  50031.9  11947.5      -.3     41.0     52.7     28.9
      -.3     83.9     52.7     57.7  25439.1  26339.2
      -1.9      79.5       8.2      50.1
        .3      28.5       1.0      23.2
       -.5       5.7        .6      17.0
       -.2       3.1        .6      16.0
 43264   .844819   .000000  -.535052
  46144.8  12774.0       .1     41.0     52.7     28.9
       .0     83.8     52.7     57.7  22507.5  23599.5
      -1.8      78.8       8.1      50.1
        .4      22.8        .6      22.7
       -.4       6.0        .5      16.9
        .0       3.7        .2      16.0
 43265   .814421   .000000  -.580275
  42590.0  13848.4       .1     41.2     52.7     28.9
       .2     84.0     52.7     57.7  21049.7  21782.5
      -2.5      80.3      11.3      52.4
       -.2      20.1        .2      22.4
       -.1       4.5        .2      15.8
       -.3       1.8       -.1      14.1
 43266   .775436   .000000  -.631426
  39342.6  15464.7      -.2     41.1     52.7     28.9
      -.3     83.9     53.9      8.4  17772.3  18849.7
      -1.0      75.9       9.1      50.2
        .4      19.9       -.1      20.1
       -.1       2.6       -.1      14.1
       -.2       2.6       -.4      13.5
 43267   .724999   .000000  -.688749
  36214.7  18006.8       .0     41.2     52.7     28.9
       .0     84.0     54.2     17.6  16994.1  17629.7
       1.9      72.0       6.8      47.3
       -.7      17.8       -.8      20.2
       -.4       5.7       -.4      13.4
       -.3       2.3       -.9      11.8
 43268   .659438   .000000  -.751759
  33755.8  21724.8       .2     41.1     53.9      4.9
       .2     84.1     54.0     28.9  15372.4  16126.2
      -2.7      78.8       8.0      48.1
       -.3      17.5       -.9      16.1
       -.3       2.4       -.8      10.5
       -.4       1.7       -.9       8.6
 43269   .574426   .000000  -.818557
  31077.2  25367.2       .1     41.2     53.9     11.8
       .1     84.1     53.9     40.4  13909.1  14724.2
       2.3      75.5       8.4      48.9
      -1.2      13.7       -.8      10.5
        .0       3.3      -1.0       6.8
       -.2       1.6       -.9       5.7
 43270   .465746   .000000  -.884918
  28783.6  24105.7       .1     41.3     53.1     22.0
       .1     84.2     53.2     50.8  12986.4  13644.8
      -4.7      70.2      10.0      62.7
        .4      14.1      -1.0       7.4
       -.4       2.0      -1.0       3.7
       -.1       1.5      -1.1       3.0
 43271   .331088   .000000  -.943600
  27138.1  22642.6       .4     41.6     52.9     24.1
       .4     84.3     52.9     52.8  11693.4  12234.6
       2.0      69.6      10.3      61.6
       -.7      11.5        .4      11.0
       -.1       2.6        .4       4.2
       -.2       1.4       -.6       3.7
 43272   .254493   .000000  -.967075
  26267.5  21971.1      -.6     41.5     53.1     19.3
      -.6     84.4     53.1     48.0  11502.2  12068.2
        .2      73.4       4.7      51.3
       -.6      10.6       -.2       8.6
       -.1       2.2      -1.1       5.6
       -.3       3.1      -1.5       5.2
 43273   .172799   .000000  -.984957
  25613.1  21386.8      -.1     41.8     52.8     14.6
      -.1     84.5     53.0     43.2  10500.4  11277.9
      -1.2      70.9       1.7      44.2
       -.3       9.3      -1.2       9.0
        .0       1.8      -1.3       7.2
       -.2       1.4      -2.0       6.8
 43274   .087384   .000000  -.996175
  25286.5  19512.2      -.2     41.8     52.3     10.1
      -.1     84.6     52.7     38.0  10611.4  11226.7
        .3      73.9        .4      43.5
       -.2       8.8      -1.3      10.8
       -.2       1.6      -1.8       9.0
       -.2       1.4      -2.1       8.6
 43275   .000000   .000000 -1.000000
  25158.6  16920.2      -.3     41.8     51.8      7.0
      -.3     84.7     52.8     33.3  10145.4  10775.1
       -.6      73.5       -.6      38.6
        .3      11.8      -1.6      13.4
       -.2       2.0      -1.7      11.2
       -.3       1.3      -2.4      10.7
 43276  -.087384   .000000  -.996175
  25092.6  15201.0       .2     41.5     50.7      6.2
       .2     84.6     52.7     28.4   9553.8  10429.0
      -1.0      67.9      -1.3      37.3
        .7      11.4      -2.1      15.4
       -.5       1.7      -2.2      12.5
       -.4       1.3      -2.9      13.4
 43277  -.172799   .000000  -.984957
  25310.6  13031.6      -.1     41.9     48.5     10.5
       .0     84.7     52.8     23.6  11207.2  11836.4
        .5      70.5      -4.4      40.8
       -.4       7.7      -2.0      17.6
       -.1       1.7      -2.4      13.2
       -.2       1.3      -3.5      14.2
 43278  -.254493   .000000  -.967075
  25910.4  12024.2      -.2     41.8     52.7     28.9
      -.2     84.7     53.1     19.3  11287.0  11883.9
      -7.3      72.7      -1.4      42.5
        .2       7.4      -2.5      20.0
       -.3       2.0      -2.4      14.9
       -.2       1.3      -3.8      15.4
 43279  -.331088   .000000  -.943600
  26674.7  10883.0      -.1     42.1     52.7     28.9
      -.1     84.9     52.6     15.0  11591.8  12105.1
        .0      74.1      -5.2      42.7
        .1      11.1      -2.2      21.6
        .0       2.6      -2.2      16.9
       -.1       1.3      -3.8      16.5
 43280  -.465746   .000000  -.884918
  28800.1   9591.4      -.5     42.2     52.7     28.9
      -.5     85.0     51.3     10.8  12298.3  13008.3
      -1.6      75.8      -4.6      46.1
        .4      10.6      -1.7      22.3
       -.1       1.7      -1.9      18.8
       -.1       1.1      -3.3      19.9
 43281  -.574426   .000000  -.818557
  31299.0   8872.7       .0     42.1     52.7     28.9
       .0     84.9     49.8     16.8  14399.0  15383.9
      -2.5      74.8      -4.9      46.4
        .4      14.6      -1.6      24.0
       -.3       1.7      -1.7      19.1
       -.4       1.2      -3.3      19.8
 43282  -.659438   .000000  -.751759
  34436.2   8257.0       .0     41.9     52.7     28.9
       .0     84.8     52.7     57.7  15824.2  16565.8
      -2.1      74.8      -4.5      45.6
       -.1      17.6      -1.1      25.0
       -.1       3.7       -.8      20.9
       -.1       1.5      -2.6      21.8
 43283  -.724999   .000000  -.688749
  37845.8   8020.8       .0     42.0     54.2    148.2
      -.1     84.9     52.7     57.7  17363.2  18840.0
        .2      72.5      -4.9      46.0
       -.5      21.3       -.9      25.6
       -.3      10.3       -.5      21.2
       -.2       1.6      -1.9      22.5
 43284  -.775436   .000000  -.631426
  41536.7   7810.5      -.3     42.0     70.4    174.1
      -.2     84.8     52.7     57.7  16167.2  19659.5
       2.7      78.6      -7.0      47.8
      -1.2      24.8       -.2      26.6
       -.3       3.0        .1      22.4
       -.4       3.0      -1.3      23.4
 43285  -.814421   .000000  -.580275
  45456.6   7693.0      -.3     42.0     19.2    188.1
      -.2     84.7     52.7     57.7  15015.4  21835.9
       1.1      79.5      -5.5      47.0
       1.6      25.9       -.6      26.7
       -.8       6.3        .2      21.7
       -.1       1.3      -1.6      25.1
 43286  -.844819   .000000  -.535052
  49389.6   7633.8      -.1     41.8     -1.4    177.7
      -.1     84.5     52.7     57.7  18020.8  24346.7
       1.2      78.3      -6.4      44.2
        .1      27.2        .4      27.0
        .2       4.8       -.1      22.6
       -.4       3.2      -1.3      25.8
 43287  -.868777   .000000  -.495203
  53364.8   7490.5      -.3     42.0     71.2    235.6
      -.2     84.5     52.7     57.7  17086.1  23970.7
      -1.6      80.8      -6.0      45.7
       -.5      30.0       -.1      27.3
       -.6       7.1        .6      22.3
        .4      10.0      -1.4      27.8
 43288  -.887877   .000000  -.460082
  57500.9   7519.1       .3     41.8     12.5    241.6
       .3     84.4     52.7     57.7  19519.3  28366.9
       7.3      83.5      -5.5      44.4
       1.1      31.7        .5      27.1
       -.1       9.2        .7      22.9
       -.6       5.2      -1.2      27.3
 43289  -.903278   .000000  -.429057
  61712.7   7517.9       .3     41.6     36.4    281.0
       .2     84.3     52.7     57.7  19633.2  27504.3
        .8      84.7      -6.6      46.1
        .9      35.0        .7      27.6
       -.3       9.8        .8      23.2
       -.3       7.7       -.8      29.5
 43290   .840060  -.367526  -.399028
  62130.5  11869.0       .2     43.3     52.7     28.9
       .3     21.6     52.7     57.7  31991.3  33009.8
      -6.6      59.8      10.2      49.0
      -1.1      25.2       1.2      25.1
       -.8      16.2        .4      19.0
      -1.1      14.1        .7      18.4
 43291   .817505  -.390173  -.423616
  58482.4  12501.8       .2     43.3     52.7     28.9
       .1     22.5     52.7     57.7  29038.2  30651.0
      -7.1      63.0      13.3      51.0
       -.7      25.2        .6      24.4
       -.8      16.5        .6      18.6
      -1.2      14.7        .1      18.7
 43292   .790440  -.414981  -.450551
  54932.4  13235.1       .2     43.3     52.7     28.9
       .7     23.2     52.7     57.7  27664.4  28770.4
      -4.6      58.2       9.0      50.4
       -.7      25.4        .4      23.8
       -.6      16.9        .2      17.6
       -.9      15.4       -.3      17.2
 43293   .757796  -.442047  -.479937
  51541.3  14230.6       .2     43.3     52.7     28.9
       .3     23.8     52.7     57.7  25249.0  25977.8
      -6.7      60.2       9.6      53.5
      -1.1      25.8        .6      22.2
       -.9      17.6        .0      16.6
       -.8      15.7       -.4      16.5
 43294   .718269  -.471364  -.511767
  48377.0  15680.8       .2     43.3     52.7     28.9
       .5     24.7     52.7     57.7  23213.4  24041.2
      -6.1      60.8       8.8      52.1
       -.9      26.5       -.2      22.2
       -.9      17.6       -.4      15.7
      -1.1      16.6      -1.0      15.3
 43295   .670317  -.502738  -.545830
  45385.8  17430.8       .2     43.3     52.7     28.9
       .0     25.4     53.2      8.8  20761.1  22099.6
      -7.1      59.5       8.1      52.9
       -.9      27.0       -.5      19.4
      -1.4      18.5       -.4      13.9
      -1.2      17.1       -.8      13.9
 43296   .612205  -.535679  -.581595
  42642.9  19446.9       .2     43.3     52.7     28.9
       .4     26.3     53.8     16.6  19964.3  20636.5
      -6.2      59.1       7.5      51.9
      -1.1      27.2      -1.0      19.0
      -1.3      18.5      -1.2      13.0
      -1.3      17.0      -1.6      12.5
 43297   .542159  -.569267  -.618061
  40181.4  20036.0       .2     43.3     51.6      7.3
       .2     26.9     54.0     28.0  18529.4  19426.3
      -8.8      61.0       7.0      54.2
      -2.1      28.0       -.7      15.7
      -1.6      19.4      -1.3      10.6
      -1.4      18.1      -1.2       9.2
 43298   .458673  -.602008  -.653609
  37928.5  19002.4       .2     43.3     53.7     11.4
      -.3     27.2     53.8     39.3  17709.4  18359.6
      -8.9      60.6       6.7      52.9
      -1.8      28.2       -.8      10.9
      -1.4      19.4      -1.1       7.0
      -1.6      17.7      -1.3       6.5
 43299   .361020  -.631785  -.685938
  36187.6  18127.7       .2     43.3     53.1     21.7
      -.5     27.7     53.2     50.3  16429.1  17177.6
      -7.5      60.1       9.7      69.3
      -1.9      29.2      -1.2      12.3
      -1.7      20.1      -1.2       4.6
      -2.0      17.9      -1.4       4.0
 43300   .249898  -.655981  -.712208
  34693.6  17507.9       .2     43.3     53.4     23.8
      -.9     28.2     53.5     52.4  16003.0  16585.8
      -7.3      59.4       9.6      69.1
      -1.8      29.1        .1      13.8
      -1.7      19.9        .6       5.0
      -2.2      18.0       -.1       4.1
 43301   .190037  -.665130  -.722141
  34325.9  17163.3       .2     43.3     53.9     18.8
     -1.0     28.6     53.9     47.3  15376.4  16083.0
      -7.3      61.6       4.6      64.5
      -1.7      29.3       -.6       9.7
      -1.8      19.9       -.7       5.5
      -2.2      18.6      -1.3       4.9
 43302   .127982  -.671905  -.729496
  33989.2  16937.2       .2     43.3     53.2     13.8
      -.8     29.0     53.6     42.0  15424.3  16127.7
      -7.6      60.3       2.5      54.1
      -1.8      29.0      -1.1      10.0
      -1.5      20.0      -1.3       6.7
      -2.1      19.2      -1.6       6.4
 43303   .064388  -.676070  -.734019
  33799.7  16835.1     -9.8     17.7     53.0      9.3
      -.7     29.3     53.7     36.7  15117.1  15928.1
      -7.5      62.1       2.4      47.7
      -2.1      28.8      -1.4      10.9
      -1.6      20.4      -1.5       8.2
      -2.1      19.4      -2.0       7.9
 43304   .000000  -.677476  -.735545
  33628.9  16648.1      4.0     12.6     52.4      7.2
      -.7     29.5     53.7     31.2  14751.4  15308.8
      -8.7      61.1       -.1      44.1
      -1.7      28.5      -1.6      12.7
      -1.2      20.6      -1.7      10.0
      -1.7      19.9      -2.2       9.8
 43305  -.064388  -.676070  -.734019
  33839.7  16468.8     -3.2     19.2     48.8     10.0
      -.3     29.9     53.9     26.0  14665.7  15430.3
      -8.4      62.9       -.7      42.8
      -2.2      28.6      -2.4      14.8
      -1.0      21.0      -2.0      11.0
      -1.4      20.8      -2.5      11.5
 43306  -.127982  -.671905  -.729496
  33994.8  15777.1     -3.8     18.7     41.5     17.1
      -.2     30.0     54.2     20.9  14719.4  15251.1
      -8.6      61.4      -3.2      43.3
       -.7      28.3      -1.9      17.0
      -1.2      20.8      -2.2      12.7
      -1.4      20.6      -2.9      13.5
 43307  -.190037  -.665130  -.722141
  34268.9  15190.5       .5     22.1     52.7     28.9
       .0     29.8     53.6     16.4  14966.6  15595.5
      -8.4      62.9      -1.2      45.8
      -1.1      28.3      -2.3      18.5
       -.9      21.0      -2.1      14.7
      -1.3      20.3      -2.8      15.9
 43308  -.249898  -.655981  -.712208
  34972.1  13892.5     -1.1     17.8     52.7     28.9
       .1     29.8     53.6     12.6  15190.5  16030.7
      -8.8      63.1      -3.4      44.6
      -1.4      27.8      -2.2      19.7
       -.8      20.4      -1.6      15.9
      -1.2      20.4      -2.9      17.6
 43309  -.361020  -.631785  -.685938
  36216.6  12431.3      -.5     12.8     52.7     28.9
      -.2     30.0     51.5     13.9  15856.1  16710.4
      -7.2      60.1      -3.0      44.9
      -1.0      28.3      -1.4      21.2
       -.5      20.7      -1.8      17.8
       -.6      20.8      -2.5      19.4
 43310  -.458673  -.602008  -.653609
  38128.0  11098.9       .2     43.3     52.7     28.9
       .2     29.0     52.7     57.7  17283.6  18134.2
      -6.9      60.2      -4.5      47.1
       -.7      27.3      -1.3      23.8
       -.3      19.4      -1.3      19.3
       -.5      19.4      -2.5      20.5
 43311  -.542159  -.569267  -.618061
  40773.3  10147.6     -4.4     32.4     52.7     28.9
       .8     28.3     52.7     57.7  18624.3  19700.0
      -6.4      59.5      -4.3      45.2
       -.1      27.2       -.6      23.9
       -.4      19.6       -.9      20.8
       -.1      19.1      -1.3      23.1
 43312  -.612205  -.535679  -.581595
  43365.1   9416.3    -17.1     57.5     52.7     28.9
       .4     27.4     52.7     57.7  19589.4  21038.5
      -6.2      60.6      -3.8      47.9
       -.6      26.7       -.7      25.9
        .0      18.5       -.7      21.9
       -.3      18.2      -1.7      23.2
 43313  -.670317  -.502738  -.545830
  46378.6   9173.9     -8.7     80.4     52.7     28.9
       .3     26.2     52.7     57.7  17516.6  21225.0
      -4.2      59.1      -4.5      46.0
       -.9      25.7       -.6      26.1
       -.2      17.8        .0      22.4
        .1      17.5       -.7      26.1
 43314  -.718269  -.471364  -.511767
  49890.8   8653.8      8.9     85.2     33.3    214.0
       .5     25.5     52.7     57.7  17305.5  23181.6
      -4.8      59.1      -2.6      46.2
       -.3      25.4        .0      27.2
        .3      17.3        .7      23.0
        .2      16.3       -.2      27.2
 43315  -.757796  -.442047  -.479937
  53401.7   8605.4     -3.4     85.4     -2.8    223.0
       .2     24.6     52.7     57.7  15438.4  20777.8
      -7.7      63.8      -6.6      44.6
        .0      24.9        .9      27.2
        .1      16.9        .5      23.8
        .3      15.7        .2      30.1
 43316  -.790440  -.414981  -.450551
  56882.4   8299.4    -14.0     88.8    -67.6    221.6
       .6     23.7     52.7     57.7  15364.0  18977.8
      -6.8      63.3      -3.2      44.7
        .0      24.4        .4      27.6
        .1      16.1        .8      23.7
        .4      15.4        .0      33.8
 43317  -.817505  -.390173  -.423616
  60821.9   8172.9    -29.7     91.8    -90.8    241.0
       .1     22.9     52.7     57.7  14785.7  18687.8
      -7.5      63.0      -5.9      46.2
       -.4      23.9        .7      28.4
        .2      15.6        .7      24.5
        .4      14.9        .2      36.1
 43318  -.840060  -.367526  -.399028
  64764.9   8104.5    -20.8     85.0   -175.9    199.2
       .4     22.5     52.7     57.7  16676.1  20804.1
      -7.9      63.5      -6.7      44.9
        .0      23.7        .8      28.5
        .5      15.4       1.2      24.7
        .4      14.7        .6      38.3
 43319   .708659  -.620076  -.336613
  73631.2  13987.1       .2     43.3     52.7     28.9
       .2     86.6     52.7     57.7  38916.5  40641.0
     -10.7      56.1       9.6      50.9
       -.3      25.1        .5      24.5
        .1      21.8        .0      18.6
       -.1      22.0       -.2      17.7
 43320   .677337  -.646549  -.350984
  70526.5  14591.9       .2     43.3     52.7     28.9
       .2     86.6     52.7     57.7  37603.4  38638.5
      -8.0      55.8       9.6      50.6
       -.8      25.2       1.0      23.5
       -.2      21.9        .1      17.6
       -.6      22.5        .1      18.0
 43321   .641844  -.673936  -.365851
  67958.3  15260.9       .2     43.3     52.7     28.9
       .2     86.6     52.7     57.7  33921.0  35427.3
      -7.0      54.7       8.6      54.8
       -.7      25.7        .3      23.0
        .2      22.2       -.6      17.3
       -.7      23.5       -.2      16.3
 43322   .601687  -.701968  -.381068
  65207.1  15702.3       .2     43.3     52.7     28.9
       .2     86.6     52.7     57.7  31640.3  33387.2
      -8.4      55.0      11.2      55.3
       -.9      25.9        .1      21.3
       -.9      22.9        .0      15.4
        .0      24.0       -.6      15.3
 43323   .556388  -.730259  -.396426
  62632.9  15793.7       .2     43.3     52.7     28.9
       .2     86.6     52.7     57.7  31402.1  32883.1
     -11.1      56.9      10.6      57.0
       -.7      26.5       -.2      21.6
      -1.0      23.7       -.3      14.7
       -.1      24.9       -.8      14.0
 43324   .505524  -.758286  -.411641
  59954.4  15507.5       .2     43.3     52.7     28.9
       .2     86.6     52.2      7.0  29942.0  31450.4
     -11.6      54.9       8.2      54.8
      -1.1      26.8       -.1      18.8
       -.7      23.7       -.7      12.6
      -1.1      24.4       -.7      11.9
 43325   .448787  -.785377  -.426348
  57941.2  15097.1       .2     43.3     52.7     28.9
       .2     86.6     54.1     13.7  28141.3  29572.5
     -10.7      53.2       6.8      56.8
      -1.4      27.1       -.8      18.7
       -.5      24.1      -1.2      11.8
      -1.1      25.5      -1.6      10.7
 43326   .386057  -.810720  -.440105
  55975.9  14506.4       .2     43.3     52.8      4.0
       .2     86.6     54.5     25.6  27709.7  28641.2
     -12.8      57.0       7.6      61.5
       -.9      27.0      -1.0      16.3
       -.7      24.4      -1.6       9.7
      -1.0      25.4      -1.6       8.7
 43327   .317480  -.833386  -.452409
  54331.1  14092.7       .2     43.3     54.1      9.7
       .2     86.6     54.1     37.8  26482.2  27902.1
      -9.0      53.8       7.6      65.5
       -.7      27.9       -.9      14.8
      -1.1      24.7      -1.4       7.0
      -1.1      25.3      -1.3       6.3
 43328   .243541  -.852392  -.462727
  52921.9  13747.7       .2     43.3     53.2     20.8
       .2     86.6     53.3     49.3  25981.8  27124.3
     -10.0      55.8       5.6      77.9
      -1.1      27.7      -1.1      19.5
       -.7      25.5      -1.4       5.0
      -1.2      25.7      -1.6       4.4
 43329   .165103  -.866792  -.470544
  52088.8  13553.5       .2     43.3     54.4     23.0
       .2     86.6     54.4     51.6  25651.6  26759.9
      -9.8      54.4       5.5      81.8
       -.9      27.6       1.3      24.9
      -1.3      25.3       1.0       6.1
      -1.6      25.5        .7       4.9
 43330   .124573  -.872008  -.473376
  51910.8  13471.3       .2     43.3     54.8     17.9
       .2     86.6     54.9     46.3  25333.0  26693.4
     -10.6      56.2       7.1      76.7
      -1.2      28.0       -.1      17.2
       -.9      25.2       -.2       6.1
      -1.9      25.9       -.6       5.0
 43331   .083409  -.875791  -.475429
  51580.7  13399.3       .2     43.3     54.4     12.1
       .2     86.6     54.6     40.5  25041.7  26205.7
     -11.0      53.4       3.9      62.8
      -1.3      28.2       -.9      14.5
      -1.0      25.1       -.8       6.4
      -1.7      25.7      -1.2       5.7
 43332   .041814  -.878085  -.476675
  51664.6  13283.0       .2     43.3     54.3      9.5
       .2     86.6     54.9     34.5  24812.3  25846.0
      -9.9      52.5        .3      55.8
       -.9      28.0       -.7      13.1
      -1.2      25.8      -1.0       7.6
      -1.8      25.9      -1.3       6.7
 43333   .000000  -.878853  -.477092
  51448.6  13357.3       .2     43.3     52.6      4.6
       .2     86.6     54.7     28.6  24784.4  25998.8
      -6.0      50.3       1.2      52.0
      -1.1      28.0      -1.4      13.2
       -.6      25.6      -1.2       8.4
      -1.2      25.9      -1.6       7.9
 43334  -.041814  -.878085  -.476675
  51893.4  13358.6       .2     43.3     52.7     28.9
       .2     86.6     54.9     22.8  24752.0  25673.5
      -7.9      53.7      -1.6      51.1
       -.9      28.2      -1.8      15.2
       -.6      25.6      -1.5       9.6
      -1.1      25.8      -2.0       8.7
 43335  -.083409  -.875791  -.475429
  51895.8  13245.6       .2     43.3     52.7     28.9
       .2     86.6     55.0     16.9  24642.3  25960.5
     -11.6      53.7       -.1      49.1
      -1.3      27.6      -1.7      15.9
       -.9      25.6      -1.5      10.6
      -1.6      26.3      -2.3      10.0
 43336  -.124573  -.872008  -.473376
  52315.5  13476.4       .2     43.3     52.7     28.9
       .2     86.6     55.0     11.5  25951.8  26778.3
      -7.4      54.7      -1.1      49.7
       -.9      28.2      -1.8      16.8
       -.7      25.5      -1.2      11.6
       -.6      26.0      -1.8      11.2
 43337  -.165103  -.866792  -.470544
  52645.2  13438.6       .2     43.3     52.7     28.9
       .2     86.6     54.7      7.9  24881.8  26308.0
      -9.8      52.7      -1.9      48.4
      -1.0      28.2       -.9      16.8
       -.3      25.3      -1.0      12.5
       -.7      26.2      -1.7      12.5
 43338  -.243541  -.852392  -.462727
  53743.1  13780.7       .2     43.3     52.7     28.9
       .2     86.6     55.3      7.0  25845.1  27383.0
      -9.4      55.6      -4.1      47.1
       -.5      28.2       -.9      19.1
       -.7      25.7      -1.2      14.4
      -1.0      26.6      -1.5      13.9
 43339  -.317480  -.833386  -.452409
  55095.2  13203.6       .2     43.3     52.7     28.9
       .2     86.6     52.7     57.7  25365.7  26681.7
      -8.4      55.5      -4.3      46.0
       -.3      27.1       -.4      20.3
       -.3      24.8       -.7      16.2
       -.9      26.2      -1.8      16.5
 43340  -.386057  -.810720  -.440105
  56688.9  13242.5       .2     43.3     52.7     28.9
       .2     86.6     52.7     57.7  26403.3  28039.4
     -10.5      55.9      -3.4      48.0
       -.2      27.3       -.3      20.8
       -.1      24.6       -.2      16.9
       -.1      26.3       -.6      18.0
 43341  -.448787  -.785377  -.426348
  58546.1  12520.6       .2     43.3     52.7     28.9
       .2     86.6     52.7     57.7  28643.9  29737.2
      -6.8      56.4      -3.5      48.2
       -.1      27.2        .0      22.8
       -.2      24.3       -.2      19.6
       -.1      25.3       -.6      20.4
 43342  -.505524  -.758286  -.411641
  60850.2  11683.3       .2     43.3     52.7     28.9
       .2     86.6     52.7     57.7  30539.5  32038.6
      -7.0      54.7      -1.8      44.1
        .2      26.8        .4      22.9
        .4      23.8        .8      19.4
       -.2      24.1        .0      19.8
 43343  -.556388  -.730259  -.396426
  63279.9  11231.8       .2     43.3     52.7     28.9
       .2     86.6     52.7     57.7  31551.4  32880.7
      -9.0      56.3      -4.2      45.6
       -.1      26.5        .6      25.0
        .3      23.2        .7      21.1
        .1      24.3       -.1      21.2
 43344  -.601687  -.701968  -.381068
  66027.2  10606.0       .2     43.3     52.7     28.9
       .2     86.6     52.7     57.7  33859.2  34984.7
      -9.6      57.3      -2.6      45.1
       -.1      26.1        .6      24.6
        .0      23.7        .8      21.6
        .5      23.7        .7      22.3
 43345  -.641844  -.673936  -.365851
  68756.6  10283.6       .2     43.3     52.7     28.9
       .2     86.6     52.7     57.7  36155.4  37374.7
      -9.1      53.9      -4.4      43.2
        .0      25.6        .8      25.7
       -.1      22.3        .6      22.0
       -.1      22.8        .2      22.6
 43346  -.677337  -.646549  -.350984
  71756.0   9876.2       .2     43.3     52.7     28.9
       .2     86.6     52.7     57.7  36503.4  38698.8
      -8.6      55.4      -3.1      42.6
       -.2      24.5        .8      26.1
        .0      21.8       1.3      23.3
        .3      22.9        .4      24.8
 43347  -.708659  -.620076  -.336613
  74941.9   9549.3   -117.5    164.2     52.7     28.9
       .2     86.6     52.7     57.7  35470.6  39267.7
      -6.5      57.9      -3.4      43.5
        .1      24.8       1.1      26.4
        .1      21.5       1.2      23.1
       1.0      23.1       1.8      25.7
 43348   .482910  -.845093  -.229382
 107765.3  14252.3       .2     43.3     52.7     28.9
       .2     86.6     52.7     57.7  59859.1  61497.2
      -7.9      56.3       8.7      54.2
      -1.0      27.1       1.3      23.1
        .1      24.0        .4      15.5
       -.3      24.6        .2      14.8
 43349   .451149  -.861285  -.233777
 105833.0  13944.8       .2     43.3     52.7     28.9
       .2     86.6     52.7     57.7  57912.9  60630.1
     -11.3      54.6       7.4      56.7
       -.8      27.5       1.1      21.3
       -.1      24.3        .7      13.7
       -.2      24.7        .2      12.3
 43350   .417577  -.876913  -.238019
 104135.9  13692.0       .2     43.3     52.7     28.9
       .2     86.6     52.7     57.7  57291.6  59255.9
     -12.0      56.8       6.0      59.2
       -.8      28.2        .9      22.9
        .1      24.6       -.1      13.8
        .0      25.2       -.3      12.6
 43351   .382204  -.891810  -.242063
 101718.0  13523.0       .2     43.3     52.7     28.9
       .2     86.6     52.7     57.7  55463.1  57328.4
      -9.4      52.2       5.6      57.4
      -1.2      26.8       1.1      21.0
       -.1      24.2        .0      12.3
       -.2      25.4        .1      11.1
 43352   .345068  -.905804  -.245861
 100164.8  13339.6       .2     43.3     52.7     28.9
       .2     86.6     52.7     57.7  53645.4  56601.8
     -13.6      56.8      10.7      65.2
       -.8      27.8        .0      22.2
        .1      24.8       -.6      12.4
       -.1      25.4       -.7      10.2
 43353   .306238  -.918714  -.249365
  98782.7  13198.1       .2     43.3     52.7     28.9
       .2     86.6     52.7     57.7  53703.8  56100.8
      -9.8      55.1       9.6      71.5
       -.6      27.3        .0      20.9
       -.1      24.8       -.8      10.7
      -1.1      25.8       -.7       9.3
 43354   .265817  -.930361  -.252527
  97521.2  12971.1       .2     43.3     52.7     28.9
       .2     86.6     54.8     10.2  53214.9  55149.9
     -10.6      54.0       8.6      72.7
      -1.3      28.4        .0      22.0
       -.6      25.0      -1.0      10.2
       -.7      25.8      -1.2       8.1
 43355   .223945  -.940570  -.255298
  96256.9  12832.4       .2     43.3     52.7     28.9
       .2     86.6     54.9     22.8  52412.4  54569.7
     -12.8      55.4       7.8      75.0
      -1.5      28.0       -.9      22.1
       -.8      24.8      -1.7       8.8
      -1.0      26.3      -1.8       7.0
 43356   .180796  -.949177  -.257634
  95481.0  12677.9       .2     43.3     54.6      7.4
       .2     86.6     54.7     35.6  52410.6  53947.5
     -12.9      54.0       3.9      84.1
      -1.0      27.8      -1.0      25.9
       -.6      24.6      -1.1       8.9
       -.7      26.1      -1.4       6.0
 43357   .136577  -.956038  -.259496
  94526.8  12745.9       .2     43.3     53.8     19.6
       .2     86.6     53.9     48.0  50553.4  52789.3
      -9.2      51.7       5.8      93.9
      -1.6      27.7      -1.3      35.4
       -.8      24.9      -1.3      10.7
       -.9      26.0      -1.8       5.0
 43358   .091527  -.961030  -.260851
  94022.7  12593.0       .2     43.3     55.3     22.3
       .2     86.6     55.3     50.7  50956.2  52829.3
      -8.2      53.0       9.5      99.6
      -1.5      27.9        .5      46.1
       -.9      24.9       2.2      13.9
       -.9      26.3       1.6       6.8
 43359   .068771  -.962796  -.261330
  94088.0  12546.7       .2     43.3     55.9     16.7
       .2     86.6     55.9     45.3  51007.9  52782.7
     -12.1      54.6       5.0      93.4
      -1.3      27.9       1.0      32.9
      -1.1      24.8        .3       9.4
      -1.3      26.0        .1       5.8
 43360   .045908  -.964064  -.261674
  93832.0  12582.8       .2     43.3     55.8     10.6
       .2     86.6     55.9     39.1  51008.0  53042.6
     -11.3      53.0       -.9      88.3
      -1.3      28.2       -.3      27.2
       -.9      25.0       -.5       7.8
      -1.7      25.8       -.6       6.0
 43361   .022972  -.964827  -.261882
  93846.5  12611.9       .2     43.3     55.7      4.5
       .2     86.6     56.1     32.5  50819.2  52676.0
     -11.2      51.5       4.3      80.6
      -1.3      28.5       -.3      22.7
       -.9      24.9       -.5       8.0
      -1.1      25.9       -.7       5.8
 43362   .000000  -.965081  -.261951
  93839.7  12452.9       .2     43.3     52.7     28.9
       .2     86.6     55.8     26.2  51472.7  53634.4
      -9.9      55.3       3.6      75.1
      -1.4      28.3       -.8      21.0
       -.4      25.1      -1.0       8.1
      -1.3      26.1      -1.2       6.2
 43363  -.022972  -.964827  -.261882
  94005.9  12590.0       .2     43.3     52.7     28.9
       .2     86.6     55.9     19.7  50179.5  52968.6
      -9.8      54.0       4.3      73.2
      -1.0      28.5      -1.0      21.1
       -.7      25.4      -1.0       8.8
       -.6      26.5      -1.3       6.7
 43364  -.045908  -.964064  -.261674
  94141.4  12521.1       .2     43.3     52.7     28.9
       .2     86.6     55.9     13.4  51150.3  52868.8
     -10.6      52.1       1.2      72.5
      -1.1      28.2       -.5      19.7
       -.9      25.4       -.9       8.8
       -.9      26.5      -1.2       7.2
 43365  -.068771  -.962796  -.261330
  94040.8  12564.5       .2     43.3     52.7     28.9
       .2     86.6     55.8      7.2  50899.7  53052.9
      -8.9      51.3       2.4      65.8
       -.8      28.4       -.7      19.8
       -.6      25.4       -.7       9.3
      -1.2      26.7       -.9       8.0
 43366  -.091527  -.961030  -.260851
  94521.0  12531.2       .2     43.3     52.7     28.9
       .2     86.6     55.1      4.0  50217.3  53050.1
     -10.5      57.7       1.9      64.8
      -1.0      28.3        .0      19.0
       -.2      24.9       -.3       9.2
      -1.4      26.7       -.6       8.3
 43367  -.136577  -.956038  -.259496
  95235.9  12682.7       .2     43.3     52.7     28.9
       .2     86.6     52.7     57.7  51703.3  53277.2
     -13.7      56.9        .2      62.1
       -.9      28.3        .1      19.9
       -.8      25.7       -.5      10.7
       -.7      27.0       -.4       9.5
 43368  -.180796  -.949177  -.257634
  96075.3  12762.6       .2     43.3     52.7     28.9
       .2     86.6     52.7     57.7  52072.6  54081.3
     -11.0      57.9      -1.0      63.5
       -.1      28.3        .6      17.9
       -.3      24.9        .3      11.2
      -1.0      26.7       -.2      10.7
 43369  -.223945  -.940570  -.255298
  97393.4  12888.6       .2     43.3     52.7     28.9
       .2     86.6     52.7     57.7  52595.5  54785.4
     -11.2      55.3       -.8      56.3
      -1.1      29.3        .2      19.4
       -.1      25.7        .5      12.4
       -.1      26.4       -.1      11.4
 43370  -.265817  -.930361  -.252527
  98203.4  12898.4       .2     43.3     52.7     28.9
       .2     86.6     52.7     57.7  53306.2  55333.7
      -8.5      54.6      -4.5      54.6
       -.8      28.2        .8      19.0
        .2      25.8        .8      13.4
       -.1      26.6        .6      12.4
 43371  -.306238  -.918714  -.249365
  99585.3  13001.8       .2     43.3     52.7     28.9
       .2     86.6     52.7     57.7  53979.7  56147.7
      -9.2      55.6      -3.5      50.8
       -.6      28.3        .8      19.6
       -.1      25.4        .9      14.2
       -.4      26.7        .7      13.7
 43372  -.345068  -.905804  -.245861
 101241.8  13248.6       .2     43.3     52.7     28.9
       .2     86.6     52.7     57.7  55222.0  57492.1
      -8.4      53.5      -2.4      49.0
        .0      28.5       1.0      20.8
        .1      25.4       1.1      15.7
        .0      26.6        .8      15.5
 43373  -.382204  -.891810  -.242063
 102901.2  13202.0       .2     43.3     52.7     28.9
       .2     86.6     52.7     57.7  56361.6  58901.2
     -13.1      57.1      -6.4      47.1
       -.4      28.0       1.1      20.3
       -.1      25.0       1.2      15.2
        .1      27.0       1.1      15.1
 43374  -.417577  -.876913  -.238019
 104834.5  13200.1       .2     43.3     52.7     28.9
       .2     86.6     52.7     57.7  55862.8  59244.8
      -6.8      53.3      -4.0      46.2
       -.3      28.7       1.3      21.9
        .5      25.3       1.5      17.4
       -.8      26.6        .2      17.3
 43375  -.451149  -.861285  -.233777
 106490.3  13068.5       .2     43.3     52.7     28.9
       .2     86.6     52.7     57.7  55369.4  57412.2
     -10.4      56.7      -4.9      44.9
        .3      26.5       1.7      20.6
        .5      24.7       1.9      17.1
       -.1      27.1        .6      17.4
 43376  -.482910  -.845093  -.229382
 108937.0  13011.1       .2     43.3     52.7     28.9
       .2     86.6     52.7     57.7  57529.4  59595.1
      -8.1      51.9      -2.5      42.8
       -.5      27.7        .9      22.0
        .4      25.2       1.5      19.5
        .5      25.1       1.7      19.2
 43377   .337328  -.927651  -.160231
 154323.6  13505.9       .2     43.3     52.7     28.9
       .2     86.6     52.7     57.7  87228.2  91546.9
      -7.0      48.1       9.0      63.8
      -1.2      28.8       1.4      25.0
       -.3      25.7        .7      12.9
       -.3      26.4        .7      11.7
 43378   .312066  -.936198  -.161707
 152660.2  13377.0       .2     43.3     52.7     28.9
       .2     86.6     52.7     57.7  86790.5  89796.8
     -12.5      49.8       4.7      64.6
      -1.0      29.4       1.5      25.4
       -.7      25.6        .7      12.1
       -.4      26.3        .6      10.5
 43379   .286124  -.944211  -.163091
 151327.3  13022.4       .2     43.3     52.7     28.9
       .2     86.6     52.7     57.7  85922.7  88011.4
      -8.1      52.7       9.8      75.3
       -.8      28.9       1.4      24.7
       -.6      25.7        .4      12.1
       -.4      25.9        .3      10.4
 43380   .259539  -.951641  -.164374
 149703.3  12975.9       .2     43.3     52.7     28.9
       .2     86.6     52.7     57.7  85393.1  88435.6
      -8.4      49.6       5.3      75.2
       -.8      28.9       1.2      27.4
       -.6      25.6        .1      11.0
       -.3      26.5        .2       9.3
 43381   .232349  -.958440  -.165549
 148729.3  12872.3       .2     43.3     52.7     28.9
       .2     86.6     52.7     57.7  83897.9  86863.0
     -10.9      50.3      11.8      81.5
      -1.2      28.8        .8      26.4
       -.4      25.8       -.3      12.1
       -.6      26.4       -.3       8.9
 43382   .204604  -.964562  -.166606
 147894.5  12777.9       .2     43.3     52.7     28.9
       .2     86.6     52.7     57.7  83586.4  86910.5
      -9.3      53.5      10.3      81.0
      -1.4      29.4        .6      28.4
       -.8      26.1       -.6      11.4
      -1.1      26.3       -.8       8.0
 43383   .176357  -.969963  -.167539
 146648.4  12799.4       .2     43.3     52.7     28.9
       .2     86.6     55.4      8.3  83926.7  86926.1
     -11.0      53.1      10.4      91.0
      -1.0      28.5        .1      27.7
       -.5      25.7       -.8      10.5
       -.7      26.4      -1.0       7.6
 43384   .147667  -.974605  -.168341
 146307.9  12609.1       .2     43.3     52.7     28.9
       .2     86.6     55.0     21.5  83217.0  85888.1
     -10.3      55.0       7.5      92.9
      -1.4      28.9       -.5      31.2
      -1.0      25.8      -1.5      10.0
       -.6      26.4      -1.8       6.5
 43385   .118600  -.978453  -.169006
 145432.3  12675.7       .2     43.3     54.9      6.3
       .2     86.6     54.8     34.5  83294.6  85889.1
      -8.3      49.0       6.8     100.5
      -1.3      29.4       -.7      35.7
       -.8      25.8      -1.2      11.0
      -1.4      26.6      -1.3       6.7
 43386   .089225  -.981478  -.169528
 144818.5  12677.5       .2     43.3     54.4     19.0
       .2     86.6     54.2     47.4  81695.0  85838.7
      -9.4      50.7       5.3     111.0
      -1.8      29.4        .5      51.8
       -.9      25.4       -.9      16.7
      -1.0      26.0      -1.5       8.5
 43387   .059616  -.983656  -.169904
 144730.6  12497.1       .2     43.3     55.7     21.8
       .2     86.6     55.6     50.0  80846.9  85098.6
     -11.3      53.8      -8.7     115.8
      -1.6      29.0       1.2      59.0
      -1.0      25.9       1.6      25.1
      -1.1      26.4       1.8      10.6
 43388   .044746  -.984421  -.170036
 144735.5  12679.0       .2     43.3     56.8     16.2
       .2     86.6     56.6     44.5  82129.9  85247.7
      -7.7      54.5       4.7     110.5
      -1.9      29.2       1.2      47.2
       -.9      25.6        .7      16.6
      -1.2      26.3        .6       8.6
 43389   .029848  -.984969  -.170131
 144738.2  12534.5       .2     43.3     56.8      9.9
       .2     86.6     56.8     38.3  81137.3  84918.4
     -10.0      51.5       3.6     105.6
      -1.9      29.5       1.1      40.4
      -1.3      25.9        .1      12.1
      -1.3      26.4       -.2       9.4
 43390   .014929  -.985299  -.170188
 144407.2  12620.0       .2     43.3     56.6      3.5
       .2     86.6     56.8     31.6  82119.6  85515.2
     -10.6      52.9       5.7     101.3
      -1.4      29.0       -.1      33.3
      -1.7      25.5       -.3      11.4
       -.9      26.7       -.5       7.0
 43391   .000000  -.985408  -.170207
 144351.0  12526.5       .2     43.3     52.7     28.9
       .2     86.6     56.6     25.0  81237.3  84555.3
      -8.3      50.5      -2.5      93.3
      -1.3      29.5       -.4      31.1
      -1.3      26.0       -.6      11.3
      -1.2      26.4       -.8       6.2
 43392  -.014929  -.985299  -.170188
 144645.0  12533.3       .2     43.3     52.7     28.9
       .2     86.6     56.4     18.6  81707.4  84228.6
      -9.0      48.1       2.5      90.1
      -1.5      29.5        .0      29.3
       -.9      25.9       -.6      10.3
      -1.8      26.2       -.8       6.6
 43393  -.029848  -.984969  -.170131
 144899.2  12614.1       .2     43.3     52.7     28.9
       .2     86.6     56.6     11.9  82779.4  85653.1
      -9.6      51.5       2.6      87.8
      -1.5      29.1       -.1      28.2
       -.7      26.1       -.5       9.9
      -1.3      26.5       -.7       6.7
 43394  -.044746  -.984421  -.170036
 144935.6  12632.5       .2     43.3     52.7     28.9
       .2     86.6     56.4      5.3  82650.3  85182.6
      -6.8      49.2       4.3      88.7
      -1.2      29.3       -.1      25.7
       -.9      25.9        .0       9.5
       -.6      26.2       -.2       6.9
 43395  -.059616  -.983656  -.169904
 145265.6  12535.9       .2     43.3     52.7     28.9
       .2     86.6     52.7     57.7  82622.9  85585.8
      -9.5      50.3       1.4      83.1
      -1.5      28.7        .5      25.4
       -.9      25.7        .1      10.4
      -1.3      26.5       -.2       7.1
 43396  -.089225  -.981478  -.169528
 145177.2  12476.6       .2     43.3     52.7     28.9
       .2     86.6     52.7     57.7  82645.3  84835.8
      -9.7      53.2       4.4      79.2
      -1.5      29.2        .3      24.3
      -1.2      26.1        .0      10.5
      -1.1      27.2       -.4       7.7
 43397  -.118600  -.978453  -.169006
 146171.3  12557.7       .2     43.3     52.7     28.9
       .2     86.6     52.7     57.7  81975.9  86761.8
     -10.7      52.9      -1.1      72.6
      -1.2      29.1        .9      22.4
       -.6      26.1        .8       9.9
       -.9      26.7        .8       8.1
 43398  -.147667  -.974605  -.168341
 147024.6  12623.5       .2     43.3     52.7     28.9
       .2     86.6     52.7     57.7  81916.8  84291.6
      -8.1      53.0      -1.2      64.4
      -1.3      29.0        .7      22.5
       -.6      26.7        .6      11.5
        .2      26.7        .6       9.1
 43399  -.176357  -.969963  -.167539
 147670.0  12682.1       .2     43.3     52.7     28.9
       .2     86.6     52.7     57.7  84222.8  87180.6
     -11.4      51.9      -2.1      68.1
      -1.2      28.8        .9      21.2
       -.7      26.2       1.2      10.6
       -.2      26.2       1.1       9.3
 43400  -.204604  -.964562  -.166606
 148841.3  12756.5       .2     43.3     52.7     28.9
       .2     86.6     52.7     57.7  85255.8  88320.0
      -8.3      55.8      -1.0      60.3
       -.9      29.7        .8      20.8
        .1      26.1       1.2      11.7
       -.6      27.2        .7      10.5
 43401  -.232349  -.958440  -.165549
 150060.2  12821.4       .2     43.3     52.7     28.9
       .2     86.6     52.7     57.7  84031.9  87787.4
      -8.3      53.8      -1.5      58.4
       -.6      29.2       1.4      20.5
        .0      26.2       1.5      12.6
       -.4      26.6        .8      11.1
 43402  -.259539  -.951641  -.164374
 150515.2  12930.5       .2     43.3     52.7     28.9
       .2     86.6     52.7     57.7  85205.2  88197.7
      -9.7      48.9       -.7      52.5
      -1.4      30.0        .6      21.3
       -.4      26.7       1.4      13.1
        .1      26.3       1.5      11.8
 43403  -.286124  -.944211  -.163091
 152347.8  13208.6       .2     43.3     52.7     28.9
       .2     86.6     52.7     57.7  86480.5  89863.7
     -10.7      52.5      -3.3      49.4
       -.4      29.3       1.4      19.7
       -.1      25.7       1.8      13.0
       -.5      26.4       1.5      12.2
 43404  -.312066  -.936198  -.161707
 153779.2  13101.2       .2     43.3     52.7     28.9
       .2     86.6     52.7     57.7  86795.6  90561.3
      -6.6      50.3      -2.5      46.0
       -.5      29.5       1.6      20.3
        .2      25.9       1.7      13.8
       -.1      26.6       1.8      12.7
 43405  -.337328  -.927651  -.160231
 155233.1  13124.5       .2     43.3     52.7     28.9
       .2     86.6     52.7     57.7  89840.1  93252.1
      -9.2      53.3      -2.8      43.4
       -.5      29.7       1.5      20.3
        .3      26.0       1.9      14.4
       -.5      26.7       1.5      14.1
