Dot1_150x100_prd2012lk:dj0025b@-210V,3.8T@90d,277K,rhe=1.10,rhh=0.7, 0.65/1.30  
  4802   1  3.80  60   5  29   0  210.00  277.00     .30 1.06600  1250.0    -.34   93.96  150.  100.  285.  2550.0    -.17   46.98    1.50    1.00     .85
 41201   .000000   .000000 -1.000000
  26047.6  19260.2      -.2     41.9     46.8      7.4
      -.2     84.5     47.1     35.2  10888.3  11409.9
       2.8      71.1        .5      35.5
       -.1       8.9      -1.0      11.7
        .2       1.7       -.9       9.5
        .2       1.4      -1.3       9.5
 41202   .000000  -.130455  -.991454
  26123.1  19400.0      -.1     36.5     46.9      8.5
       .0     78.2     47.0     35.1  10474.5  11163.8
      -2.6      56.4       -.8      40.8
       -.3       4.8      -1.0      11.6
       -.2       3.3       -.8       9.7
       -.2       3.1      -1.1       9.5
 41203   .000000  -.254493  -.967075
  26650.0  20042.3      -.5     30.2     46.8      9.1
      -.4     70.3     47.1     35.2  10362.6  11232.1
      -4.2      55.1      -1.4      39.7
       -.3       8.9      -1.0      11.5
       -.3       6.5       -.9       9.6
       -.2       6.3      -1.2       9.6
 41204   .000000  -.367167  -.930155
  27676.4  20380.5       .1     23.9     47.2      9.3
      -.1     62.0     47.1     34.8  10637.3  11340.4
      -5.7      46.1       -.7      40.7
       -.2      12.9      -1.0      11.6
       -.2       9.5      -1.0       9.4
       -.3       9.2      -1.2       9.4
 41205   .000000  -.465746  -.884918
  29013.1  20710.0      -.1     18.7     47.0      9.3
      -.3     53.5     47.4     34.8  11218.0  12021.2
      -6.8      48.3       1.2      43.1
       -.6      16.6      -1.0      11.6
       -.5      12.3      -1.0       9.2
        .1      11.7      -1.0       9.3
 41206   .000000  -.549617  -.835417
  30587.7  20039.0      -.3     15.8     47.1      9.1
      -.2     44.9     47.6     34.2  12132.5  12967.0
      -5.1      53.4       1.3      45.4
        .0      21.0       -.8      11.5
       -.4      15.3      -1.0       9.3
       -.3      14.8      -1.1       9.0
 41207   .000000  -.619644  -.784883
  32423.7  18638.1     -1.0     19.4     47.0      8.8
      -.1     35.9     47.5     33.8  13127.5  13873.9
      -6.3      56.4       1.7      45.3
       -.8      25.9       -.9      11.8
       -.6      18.3      -1.1       9.0
       -.5      18.3       -.9       9.2
 41208   .000000  -.677476  -.735545
  34457.2  17090.4      -.2     43.3     47.1      8.2
       .2     26.9     47.6     33.5  15655.5  16256.5
      -7.4      59.7        .3      44.2
      -1.2      29.6      -1.1      11.1
        .0      20.8       -.8       8.6
       -.5      20.9      -1.1       8.7
 41209   .000000  -.724999  -.688749
  36827.8  16194.6      -.2     43.3     47.1      7.8
       .2     18.5     47.6     33.2  16657.8  17202.9
      -6.3      62.1       -.8      45.9
       -.9      31.3       -.8      11.4
       -.6      23.1      -1.0       8.5
       -.8      23.6      -1.0       8.3
 41210   .000000  -.764030  -.645181
  39459.3  15444.0      -.2     43.3     47.2      7.4
      -.3     11.9     47.9     32.9  18349.2  18946.6
      -9.4      61.6      -1.3      49.0
       -.5      31.6       -.8      11.7
       -.7      25.2       -.8       8.4
       -.8      25.8      -1.0       7.9
 41211   .000000  -.796162  -.605083
  41791.7  14805.4      -.2     43.3     47.3      7.1
      -.8     13.4     47.9     32.5  18525.4  19287.9
      -8.5      57.1       2.6      49.1
       -.3      29.1       -.7      11.7
       -.4      24.7       -.8       7.9
       -.6      27.5       -.8       7.6
 41212   .000000  -.822730  -.568432
  44234.5  14437.0      -.2     43.3     47.3      6.7
      -.2     86.6     47.8     32.3  19783.4  21094.8
      -7.4      52.5       3.3      50.9
       -.9      27.8      -1.0      11.5
       -.3      23.9       -.8       8.0
       -.4      27.8      -1.0       7.4
 41213   .000000  -.844819  -.535052
  47370.1  14117.1      -.2     43.3     47.5      6.1
      -.2     86.6     47.9     32.1  22687.1  23813.7
     -10.2      52.6       1.6      50.7
       -.7      26.2       -.8      13.0
       -.2      22.5       -.7       7.7
       -.8      26.7      -1.0       7.2
 41214   .000000  -.863297  -.504697
  50025.7  13799.4      -.2     43.3     47.6      5.9
      -.2     86.6     48.1     31.8  24984.2  25831.1
      -9.2      56.4       1.5      56.1
       -.3      27.3       -.5      12.4
       -.1      23.4       -.6       7.6
       -.1      24.5       -.8       7.0
 41215   .000000  -.878853  -.477092
  52976.2  13645.6      -.2     43.3     47.6      5.5
      -.2     86.6     48.3     31.6  27070.9  28142.9
      -8.8      56.0        .0      58.8
       -.1      29.4       -.9      13.7
        .0      26.5       -.6       7.6
       -.3      27.9       -.8       6.8
 41216   .000000  -.892036  -.451965
  55866.0  13468.5      -.2     43.3     47.8      5.1
      -.2     86.6     48.2     31.5  28636.7  30224.1
     -10.2      56.3        .5      60.0
        .1      29.2       -.6      13.4
        .0      27.0       -.7       7.3
       -.7      31.1       -.7       6.7
 41217   .000000  -.903278  -.429057
  58797.9  13390.8      -.2     43.3     47.9      5.0
      -.2     86.6     48.5     31.4  31487.6  32847.7
      -8.7      51.7        .9      57.9
       -.1      27.5       -.7      13.1
        .2      24.9       -.5       7.3
       -.5      28.6       -.7       6.5
 41218   .000000  -.912924  -.408131
  61793.1  13232.5      -.2     43.3     47.8      4.6
      -.2     86.6     48.4     31.0  32756.7  34036.7
      -9.0      52.3       2.1      63.2
       -.6      27.9       -.7      14.1
       -.5      24.2       -.6       7.1
       -.5      25.8       -.8       6.3
 41219   .000000  -.921250  -.388972
  64980.8  13176.7      -.2     43.3     47.9      4.5
      -.2     86.6     48.5     30.9  34458.3  35658.7
     -10.6      54.4       4.0      60.1
       -.4      28.5       -.3      14.8
       -.1      25.7       -.6       6.9
       -.7      25.8       -.8       6.2
 41220   .000000  -.928477  -.371391
  67948.6  13056.9      -.2     43.3     47.8      4.2
      -.2     86.6     48.6     30.8  36757.2  37991.2
      -8.9      55.1       3.3      66.4
       -.1      28.5       -.6      15.4
        .0      25.9       -.5       7.0
       -.9      27.0       -.7       6.0
 41221   .000000  -.934784  -.355218
  71012.9  13033.2      -.2     43.3     48.2      4.1
      -.2     86.6     48.6     30.7  39245.2  40355.2
      -9.7      56.8       2.6      64.7
       -.4      28.4       -.4      16.2
       -.3      25.7       -.6       7.2
       -.1      27.7       -.7       5.8
 41222   .000000  -.940315  -.340305
  74199.5  12976.0      -.2     43.3     48.1      3.9
      -.2     86.6     48.9     30.3  40780.4  42522.5
     -11.6      57.3       1.7      66.9
       -.6      28.5       -.4      17.0
        .0      25.0       -.4       6.7
       -.2      26.3       -.6       5.8
 41223   .000000  -.945190  -.326520
  77216.6  12890.3      -.2     43.3     48.3      3.7
      -.2     86.6     48.7     30.3  42904.7  44392.1
     -10.2      56.2      -1.9      68.2
       -.5      30.1       -.4      16.3
       -.3      28.1       -.6       7.0
       -.3      28.8       -.6       5.6
 41224   .000000  -.949506  -.313750
  80416.3  12885.4      -.2     43.3     48.1      3.7
      -.2     86.6     49.0     30.2  46577.1  47529.9
     -12.0      58.5       1.1      71.6
        .3      31.4       -.3      17.5
        .0      29.3       -.5       7.1
       -.2      32.2       -.6       5.8
 41225   .000000  -.953342  -.301892
  83518.1  12877.7      -.2     43.3     47.9      3.7
      -.2     86.6     48.7     30.1  48003.0  49935.7
     -11.7      57.6       1.4      76.8
       -.7      29.7       -.4      18.1
       -.4      27.1       -.5       7.1
       -.1      30.1       -.5       5.8
 41226   .000000  -.956767  -.290857
  86841.3  12848.0      -.2     43.3     48.3      3.4
      -.2     86.6     49.2     29.9  49866.0  51361.2
     -11.0      55.8       3.1      79.2
       -.9      29.0       -.3      18.9
       -.1      25.5       -.4       6.5
       -.2      27.1       -.6       5.5
 41227   .000000  -.959834  -.280567
  90005.9  12844.3      -.2     43.3     48.3      3.3
      -.2     86.6     48.8     30.0  51780.1  53650.3
     -10.4      56.2       6.5      81.8
       -.6      29.7       -.3      20.2
       -.3      26.4       -.6       6.9
       -.4      26.6       -.6       5.5
 41228   .000000  -.962593  -.270952
  92921.5  12765.6      -.2     43.3     48.3      3.2
      -.2     86.6     48.9     29.9  53795.8  55662.1
      -9.1      55.1       1.6      78.7
      -1.1      29.6       -.4      20.5
        .2      26.2       -.4       6.7
       -.5      27.4       -.5       5.3
 41229   .000000  -.965081  -.261951
  96294.7  12790.9      -.2     43.3     48.3      3.1
      -.2     86.6     48.9     29.9  56765.9  58098.5
     -12.0      57.7       2.9      76.2
      -1.1      29.5       -.4      21.8
        .0      27.0       -.3       6.9
       -.7      28.1       -.6       5.4
 41230   .000000  -.967333  -.253508
  99495.4  12764.1      -.2     43.3     48.6      2.9
      -.2     86.6     49.1     29.7  57548.3  60409.4
      -9.9      55.8       4.8      84.7
       -.4      29.3       -.3      21.7
        .1      25.8       -.4       6.6
       -.1      26.6       -.5       5.3
 41231   .000000  -.969377  -.245576
 102944.4  12872.3      -.2     43.3     48.5      2.8
      -.2     86.6     49.2     29.6  60313.1  62227.0
     -12.5      58.3       4.3      85.8
       -.8      31.4       -.1      22.9
       -.4      28.4       -.5       6.8
       -.4      28.4       -.5       5.2
 41232   .000000  -.971238  -.238110
 105921.3  12762.7      -.2     43.3     48.6      2.8
      -.2     86.6     48.9     29.7  63190.8  64772.8
     -10.9      60.3       5.0      86.1
       -.5      32.9       -.6      23.4
        .4      30.6       -.6       7.2
       -.5      32.7       -.6       5.2
 41233   .000000  -.972937  -.231072
 108950.1  12810.6      -.2     43.3     49.1     17.6
      -.2     86.6     49.2     29.5  65891.5  67501.2
     -10.9      58.4       1.3      86.9
       -.8      30.2       -.1      24.7
        .1      28.0       -.5       6.8
        .4      30.1       -.5       5.2
 41234   .000000  -.974491  -.224428
 112204.8  12758.5      -.2     43.3     48.5      2.5
      -.2     86.6     49.3     29.6  67464.6  69449.2
      -8.1      54.5       1.8      83.5
       -.7      29.5       -.2      23.0
        .0      26.3       -.4       7.3
       -.1      26.7       -.5       5.1
 41235   .000000  -.975916  -.218146
 115707.0  12844.6      -.2     43.3     48.5      2.5
      -.2     86.6     49.3     29.5  69489.8  71148.2
     -11.9      56.5       -.3      92.5
       -.6      30.2        .0      26.5
       -.4      26.9       -.4       7.5
       -.6      26.4       -.5       5.4
 41236   .000000  -.977227  -.212198
 118847.3  12854.8      -.2     43.3     48.9      2.5
      -.2     86.6     49.1     29.4  71913.1  73921.4
     -11.3      55.9        .2      88.1
       -.6      30.9       -.2      27.2
        .4      26.8       -.3       7.7
       -.2      26.9       -.5       5.1
 41237   .000000  -.978434  -.206558
 121946.8  12790.3      -.2     43.3     48.6      2.5
      -.2     86.6     49.4     29.4  73474.4  76514.9
     -11.0      55.6       -.5      89.6
      -1.1      29.9        .1      26.6
        .0      27.2       -.3       7.6
      -1.2      28.4       -.5       5.2
 41238   .000000  -.979549  -.201205
 125331.8  12754.4      -.2     43.3     48.6      2.4
      -.2     86.6     49.5     29.4  76785.2  78714.6
     -13.7      57.1      -4.7      94.0
      -1.1      30.3       -.1      27.9
        .1      26.7       -.5       8.1
       -.5      26.7       -.4       4.9
 41239   .000000  -.980581  -.196116
 128522.6  12794.0      -.2     43.3     49.6     22.4
      -.2     86.6     49.5     29.2  77982.9  80177.0
      -9.0      53.8       5.4      89.8
      -1.2      31.3       -.1      27.6
       -.1      28.5       -.2       7.2
        .2      28.4       -.5       5.2
 41240   .000000  -.981537  -.191274
 131898.9  12760.8      -.2     43.3     48.8      2.2
      -.2     86.6     49.2     29.0  80489.7  82947.2
     -12.5      57.7       2.2      94.2
      -1.7      33.4        .6      30.2
        .1      31.1       -.3       7.9
       -.6      32.6       -.5       5.1
 41241   .000000  -.982424  -.186661
 135065.9  12737.9      -.2     43.3     48.8      2.0
      -.2     86.6     49.2     29.2  82978.7  84546.4
      -9.9      56.2      13.3      96.1
       -.8      31.4        .4      30.8
       -.1      28.6       -.4       7.4
        .0      29.9       -.4       5.0
 41242   .000000  -.983250  -.182261
 138377.2  12958.3      -.2     43.3     48.8      2.0
      -.2     86.6     49.4     29.1  84639.8  86877.9
     -11.0      56.5       5.1     101.7
      -1.0      29.6       -.2      28.2
        .4      26.8       -.3       7.5
        .0      27.3       -.4       5.3
 41243   .000000  -.984020  -.178061
 141606.8  12816.4      -.2     43.3     48.8      2.0
      -.2     86.6     49.0     28.9  86719.0  89626.4
     -12.2      56.2      -1.5      95.7
       -.4      30.7        .5      31.5
       -.3      26.9       -.3       7.9
        .0      27.1       -.4       5.5
 41244   .000000  -.984737  -.174047
 145083.5  12760.2      -.2     43.3     48.8      2.1
      -.2     86.6     49.4     29.0  88698.5  92194.4
     -12.0      57.3       2.5      98.9
       -.6      30.5        .0      31.2
       -.3      27.4       -.2       7.7
       -.8      27.3       -.5       5.3
 41245   .000000  -.985408  -.170207
 148352.6  12873.7      -.2     43.3     48.7      2.0
      -.2     86.6     49.5     28.9  91625.0  94023.7
     -12.4      55.6       5.4     101.7
       -.8      30.1       -.3      33.1
       -.3      27.4       -.2       8.4
       -.2      28.3       -.4       5.4
 41246   .000000  -.986036  -.166531
 151404.0  12845.2      -.2     43.3     48.9      2.0
      -.2     86.6     49.4     29.0  93907.2  96965.1
     -11.3      53.1       2.4     104.9
      -1.1      30.9        .2      33.1
       -.3      26.6       -.3       8.4
        .1      27.3       -.4       5.5
 41247   .000000  -.986625  -.163008
 155354.5  12755.6      -.2     43.3     49.0      1.8
      -.2     86.6     49.3     29.0  97794.0  99586.1
      -9.4      50.7       9.2     103.1
       -.9      32.3        .5      34.2
        .3      28.9       -.4       8.6
       -.1      28.9       -.4       5.7
 41248   .000000  -.987696  -.156385
 161589.9  12975.5      -.2     43.3     48.9      1.8
      -.2     86.6     49.4     28.8 100470.0 103240.5
     -11.4      50.1       4.2     105.0
      -1.0      32.0       -.1      34.7
       -.3      28.6       -.4       8.6
        .2      30.0       -.3       5.1
 41249   .000000  -.988644  -.150274
 168158.2  12935.7      -.2     43.3     50.8     32.4
      -.2     86.6     49.2     28.8 104739.6 108053.1
     -12.8      55.4       -.9     110.3
      -1.3      31.0       -.2      35.7
       -.6      27.1       -.5      10.7
       -.5      26.9       -.4       5.8
 41250   .000000  -.989488  -.144617
 174606.3  12964.9      -.2     43.3     48.9      1.7
      -.2     86.6     49.6     28.5 110014.1 113590.5
     -11.6      56.1       9.5     104.5
       -.5      30.2        .4      37.2
       -.1      27.4       -.4       9.7
        .2      28.2       -.3       5.0
 41251   .000000  -.990241  -.139367
 181249.2  12960.0      -.2     43.3     49.0      1.7
      -.2     86.6     49.6     28.6 115297.1 118832.9
     -10.9      49.9       4.9     111.7
      -1.6      33.2        .1      36.5
        .1      28.7       -.2      11.1
        .0      28.7       -.4       6.8
 41252   .000000  -.990916  -.134481
 187890.9  12864.9      -.2     43.3     48.8      1.7
      -.2     86.6     49.8     28.7 119289.9 122395.5
     -14.1      54.0       3.1     109.6
      -1.5      32.2        .8      38.2
       -.3      29.2       -.4      11.6
        .4      30.8       -.4       6.0
 41253   .000000  -.991524  -.129924
 194529.7  12998.4      -.2     43.3     49.2      1.4
      -.2     86.6     49.8     28.5 124299.9 126842.5
     -11.7      59.4       5.3     107.5
      -1.0      31.1        .1      40.2
       -.2      27.0       -.3      11.7
       -.8      27.1       -.3       6.8
 41254   .000000  -.992073  -.125663
 201070.0  12973.5      -.2     43.3     49.1      1.6
      -.2     86.6     49.6     28.4 128121.7 130955.3
     -10.6      55.5       3.3     107.5
      -1.2      31.6        .5      41.4
       -.3      27.5       -.3      12.0
       -.1      28.6       -.2       6.0
 41255   .000000  -.992571  -.121670
 207233.7  12975.5      -.2     43.3     49.2      1.2
      -.2     86.6     49.6     28.4 134431.0 137356.7
      -5.9      51.8       2.8     112.8
       -.8      33.2        .5      41.4
        .0      28.7       -.4      11.4
       -.2      28.5       -.4       6.0
 41256   .000000  -.993023  -.117921
 214018.2  12918.9      -.2     43.3     49.1      1.3
      -.2     86.6     49.7     28.4 138504.3 141706.7
     -11.2      52.9       8.9     118.9
       -.7      32.4       -.1      42.2
       -.1      28.8       -.2      11.7
       -.1      29.9       -.2       5.8
 41257   .000000  -.993435  -.114396
 220741.3  12980.5      -.2     43.3     49.1      1.4
      -.2     86.6     49.8     28.4 141915.8 146017.0
      -5.8      43.8       3.6     112.7
      -1.2      31.7       -.2      42.5
       -.1      27.5       -.3      12.5
        .3      27.1       -.2       7.1
 41258   .000000  -.993812  -.111073
 227364.5  12994.8      -.2     43.3     49.3      1.1
      -.2     86.6     49.9     28.3 147610.6 150952.8
      -8.9      49.7       3.4     118.4
      -1.2      31.0        .0      44.7
       -.1      27.9       -.2      13.3
        .6      27.7        .0       6.6
 41259   .000000  -.994158  -.107937
 233971.6  12969.8      -.2     43.3     45.0     33.0
      -.2     86.6     50.0     28.3 151384.2 154700.5
      -6.0      44.5       2.8     112.1
      -1.5      32.2        .3      43.1
       -.1      28.7       -.2      13.2
       -.3      28.8       -.2       6.0
 41260   .000000  -.994475  -.104972
 240251.0  12960.5      -.2     43.3     49.1      1.0
      -.2     86.6     49.7     28.1 156762.7 161148.8
      -7.7      44.9        .1     120.0
      -1.0      31.8        .6      45.5
        .0      29.1       -.1      13.7
       -.8      30.5       -.3       8.2
 41261   .903278   .000000  -.429057
  60059.5  10805.0      -.3     41.3     47.0     28.9
      -.4     83.8     47.0     57.7  33824.6  34867.0
       -.6      85.8      10.6      51.3
      -1.9      27.9        .7      24.7
        .0       9.8        .6      18.0
        .3       2.4        .5      17.2
 41262   .887877   .000000  -.460082
  55780.4  11227.7      -.1     41.1     47.0     28.9
       .0     83.8     47.0     57.7  30724.6  31862.0
      -1.1      79.4       8.6      46.3
        .7      24.7       1.0      22.4
        .3       4.8        .5      17.6
        .0       2.3        .5      17.2
 41263   .868777   .000000  -.495203
  51601.3  11680.2      -.8     41.1     47.0     28.9
      -.7     83.9     47.0     57.7  28053.5  28918.3
       -.1      78.4       9.4      48.1
       1.1      25.9        .3      23.8
        .1       3.9        .1      17.0
        .5       2.2        .3      15.9
 41264   .844819   .000000  -.535052
  47824.5  12299.5      -.2     41.4     47.0     28.9
      -.1     84.0     47.0     57.7  25276.5  26238.2
      -2.3      78.8       7.1      45.5
       1.0      21.2        .5      21.2
       -.1       3.7        .0      16.1
       -.1       3.2        .5      16.0
 41265   .814421   .000000  -.580275
  44015.3  13248.0       .1     41.3     47.0     28.9
       .1     84.0     47.0     57.7  22781.9  23459.1
       -.8      81.8       8.5      49.5
        .0      20.1        .3      22.3
        .3       5.2        .0      15.8
        .3       2.0        .2      15.0
 41266   .775436   .000000  -.631426
  40542.6  14621.8      -.4     41.3     47.0     28.9
      -.4     84.0     48.7      7.0  20423.9  21342.8
       -.3      77.9       9.1      47.9
        .0      15.6        .0      19.4
        .2       3.2       -.4      13.9
        .0       1.8        .0      13.4
 41267   .724999   .000000  -.688749
  37442.3  16819.3       .4     41.5     47.0     28.9
       .3     84.1     47.6     12.6  17761.2  18432.5
       -.6      77.5       8.6      48.0
       -.5      16.2        .4      19.7
        .1       2.9       -.2      13.8
        .3       1.7       -.1      13.0
 41268   .659438   .000000  -.751759
  34394.5  20473.4      -.1     41.5     53.2      4.2
      -.2     84.2     47.5     24.1  16360.5  17045.3
       -.1      75.7       7.0      46.1
       -.7      14.6       -.6      17.1
        .2       2.8       -.1      11.5
        .0       1.6       -.3      10.1
 41269   .574426   .000000  -.818557
  31829.7  24560.6       .0     42.1     47.8     10.0
      -.1     84.1     47.7     35.9  14343.9  15242.7
       1.6      70.4       8.8      48.7
        .2      13.9       -.2      11.4
        .2       1.9       -.3       7.6
        .3       1.5       -.4       6.8
 41270   .465746   .000000  -.884918
  29539.4  24685.5       .6     41.6     47.3     18.5
       .6     84.2     47.4     47.3  13299.9  13942.0
       4.1      71.6       7.5      56.8
        .4      12.0       -.3       7.4
        .0       2.1       -.4       4.2
        .2       1.5       -.5       3.5
 41271   .331088   .000000  -.943600
  27877.0  23088.7      -.5     41.6     47.0     26.1
      -.5     84.3     47.0     54.9  11966.7  12514.3
      -2.1      70.6      14.3      71.4
        .3       8.9       -.5       9.2
        .2       1.9       -.4       1.8
        .2       1.3       -.4       1.5
 41272   .254493   .000000  -.967075
  27201.6  22594.3      -.1     41.6     47.3     22.4
      -.1     84.3     47.4     50.8  11673.4  12195.4
       3.0      71.9       8.4      62.0
        .6       8.8       -.1       8.4
        .1       1.9       -.2       4.0
        .2       1.3       -.7       3.6
 41273   .172799   .000000  -.984957
  26569.5  22030.0       .3     41.6     47.1     17.0
       .2     84.3     47.2     45.7  11351.7  11922.2
        .0      70.4       3.3      47.9
        .1       7.2       -.8       7.7
        .2       1.8       -.6       5.5
        .3       1.3      -1.0       5.4
 41274   .087384   .000000  -.996175
  26300.7  21002.5       .2     41.8     47.1     11.9
       .1     84.5     47.2     40.5  11328.2  11887.7
      -4.1      73.3       2.3      43.4
       -.7      12.0       -.8       9.4
        .1       1.7      -1.2       7.6
        .2       1.3      -1.1       7.4
 41275   .000000   .000000 -1.000000
  25981.3  19165.6      -.1     41.8     46.9      7.5
      -.1     84.5     47.1     35.2  10702.7  11351.5
      -3.9      74.6      -1.0      38.4
        .6       8.3       -.7      11.8
        .2       1.7      -1.1       9.9
        .2       1.3      -1.2       9.6
 41276  -.087384   .000000  -.996175
  26044.5  16959.3       .4     41.9     46.1      5.2
       .3     84.5     47.1     30.1  10376.9  11400.1
      -2.1      69.3       -.7      37.6
        .3      10.0       -.9      14.1
        .3       1.8       -.8      11.6
        .2       1.2      -1.5      11.9
 41277  -.172799   .000000  -.984957
  26146.7  14462.7      -.2     41.7     44.5      7.2
      -.1     84.5     47.2     24.8  11998.0  12614.2
       -.4      68.7      -2.0      39.5
        .5       8.6      -1.3      16.2
        .1       1.6      -1.3      12.2
        .3       1.4      -1.7      13.1
 41278  -.254493   .000000  -.967075
  26711.9  12966.2      -.5     42.0     47.0     28.9
      -.5     84.6     47.0     19.7  12125.5  13012.7
       2.3      73.2      -3.0      42.2
        .2       6.2      -1.2      18.9
        .0       1.4      -1.4      13.8
        .2       1.4      -2.1      14.0
 41279  -.331088   .000000  -.943600
  27396.0  11588.4       .3     41.8     47.0     28.9
       .3     84.6     46.9     14.9  12761.4  13128.6
        .2      71.7      -3.2      40.7
        .0       8.1      -1.3      19.9
        .0       1.3      -1.3      15.7
        .2       1.6      -2.0      15.6
 41280  -.465746   .000000  -.884918
  29768.6  10130.2       .3     42.0     47.0     28.9
       .3     84.8     46.4      9.7  13300.1  13976.9
       1.4      76.2      -3.2      45.1
        .7      11.0      -1.0      21.2
        .4       3.0      -1.0      17.8
        .1       1.3      -1.4      18.8
 41281  -.574426   .000000  -.818557
  32303.8   9226.9      -.1     42.0     47.0     28.9
      -.1     84.7     41.7     14.4  16409.2  17062.6
       -.5      73.4      -3.8      45.1
        .0      13.7       -.5      22.6
        .2       1.9       -.3      17.4
        .2       1.2      -1.6      18.4
 41282  -.659438   .000000  -.751759
  35547.8   8692.6       .3     42.4     47.0     28.9
       .3     84.8     47.0     57.7  17363.1  18137.0
      -1.0      74.8      -3.2      44.4
        .0      18.3       -.7      23.9
       -.2       3.0       -.3      20.0
        .2       1.3      -1.3      20.1
 41283  -.724999   .000000  -.688749
  39094.2   8387.0       .1     41.9     47.0     28.9
       .0     84.7     47.0     57.7  21131.7  21855.1
      -3.7      77.8      -5.5      46.3
       1.0      19.5       -.2      24.2
        .1       2.1       -.3      19.2
        .2       1.2       -.8      20.3
 41284  -.775436   .000000  -.631426
  42731.3   8033.8      -.2     41.9     47.0     28.9
      -.2     84.6     47.0     57.7  22806.3  23427.3
        .3      76.2      -4.4      44.1
       1.1      19.7        .3      25.4
        .6       5.4        .2      20.9
       -.1       1.4       -.5      20.8
 41285  -.814421   .000000  -.580275
  46585.3   7984.1      -.7     41.9     47.0     28.9
      -.7     84.6     47.0     57.7  25964.5  26839.2
      -1.8      76.0      -4.6      44.1
       1.5      20.6        .5      25.4
       -.1       6.8        .0      19.8
        .2       1.5       -.1      21.4
 41286  -.844819   .000000  -.535052
  50747.7   7914.2      -.2     41.6     47.0     28.9
      -.1     84.4     47.0     57.7  27377.1  28297.1
      -2.2      78.7      -8.0      45.1
       1.1      25.8        .1      26.0
       -.2       4.8        .5      21.5
        .0       1.9       -.6      21.4
 41287  -.868777   .000000  -.495203
  54789.0   7771.1       .1     41.8     47.0     28.9
       .1     84.5     47.0     57.7  31265.6  32672.2
       5.3      83.7      -6.5      42.9
      -1.8      27.2        .9      25.1
       -.2       3.8        .5      20.7
        .2       1.7        .2      22.5
 41288  -.887877   .000000  -.460082
  59012.5   7811.2      -.3     41.9     47.0     28.9
      -.2     84.4     47.0     57.7  33318.8  35028.5
        .6      81.1      -5.5      42.3
        .3      26.5        .6      26.0
       -.1       3.6        .5      21.2
        .1       1.8       -.6      22.1
 41289  -.903278   .000000  -.429057
  63315.9   7786.6      -.2     41.5     47.0     28.9
      -.1     84.3     47.0     57.7  35243.2  37659.4
       3.7      84.9      -6.2      42.8
       -.1      32.7        .0      25.2
       1.0       7.9        .5      21.1
        .1       1.7        .0      23.8
 41290   .840060  -.367526  -.399028
  64670.5  11706.2      -.2     43.3     47.0     28.9
       .1     20.1     47.0     57.7  35369.2  36629.5
      -7.5      60.3      11.2      48.6
       -.3      25.1       1.0      25.3
        .1      16.0        .0      19.5
        .0      14.2        .0      19.4
 41291   .817505  -.390173  -.423616
  60584.8  12241.3      -.2     43.3     47.0     28.9
       .1     20.6     47.0     57.7  32226.2  33652.5
      -7.9      62.0       8.8      48.6
       -.1      25.6        .5      23.2
       -.3      16.7        .5      18.3
       -.4      15.3        .5      19.1
 41292   .790440  -.414981  -.450551
  56779.5  12910.9      -.2     43.3     47.0     28.9
       .5     21.2     47.0     57.7  30773.0  31894.9
      -7.1      60.4       8.1      47.5
       -.2      25.1        .1      23.1
       -.2      16.7        .0      17.9
       -.5      15.3        .0      18.6
 41293   .757796  -.442047  -.479937
  53537.4  13812.2      -.2     43.3     47.0     28.9
       .4     21.9     47.0     57.7  27160.0  28249.1
      -6.7      62.2       9.5      51.3
       -.4      26.7        .2      22.2
       -.1      17.6       -.1      16.6
       -.2      16.3       -.2      17.2
 41294   .718269  -.471364  -.511767
  50072.4  15173.0      -.2     43.3     47.0     28.9
       .0     22.5     47.0     57.7  24915.8  25781.5
      -6.3      59.8       8.9      50.0
        .1      27.1        .0      22.6
       -.4      18.2        .1      16.2
       -.2      16.9       -.5      16.6
 41295   .670317  -.502738  -.545830
  46700.3  16754.6      -.2     43.3     47.0     28.9
       .0     23.3     46.7      9.2  23921.3  24572.6
      -6.2      60.9       8.9      49.8
       -.5      26.9       -.4      19.6
       -.1      18.4       -.5      14.3
        .0      17.6       -.7      14.7
 41296   .612205  -.535679  -.581595
  44167.6  18670.0      -.2     43.3     47.0     28.9
      -.1     23.8     47.6     11.6  20802.6  21692.9
      -5.7      57.2       6.8      49.1
        .0      28.4       -.4      19.3
       -.5      19.2       -.6      13.5
       -.4      18.2       -.6      14.3
 41297   .542159  -.569267  -.618061
  41372.1  19958.6      -.2     43.3     44.5     13.0
       .1     24.5     47.4     23.0  19395.8  20289.0
      -6.9      59.6       8.5      50.1
       -.6      28.9       -.3      17.3
       -.5      19.4       -.5      11.5
       -.7      18.8       -.7      10.9
 41298   .458673  -.602008  -.653609
  39090.6  19364.5      -.2     43.3     47.5      8.5
       .1     25.1     47.7     35.0  18404.4  18922.6
      -8.4      59.8       9.3      52.6
      -1.1      28.9       -.2      11.8
       -.5      20.1       -.5       7.7
       -.5      19.2       -.6       7.4
 41299   .361020  -.631785  -.685938
  37193.7  18521.0      -.2     43.3     47.3     18.4
      -.2     25.4     47.4     46.6  17289.6  18022.4
      -7.7      60.7       5.7      63.6
      -1.0      29.7       -.5       9.1
       -.5      20.5       -.6       4.4
       -.9      19.5       -.5       4.2
 41300   .249898  -.655981  -.712208
  35571.0  17809.7      -.2     43.3     47.0     26.2
      -.3     25.8     47.0     54.8  16376.3  17087.4
      -6.3      59.7       8.8      70.9
       -.5      29.6       -.7      13.7
       -.3      20.6       -.4       2.7
       -.9      19.6       -.4       1.5
 41301   .190037  -.665130  -.722141
  35003.4  17529.2      -.2     43.3     47.9     22.0
      -.5     26.1     47.9     50.5  16016.9  16768.5
      -6.3      58.4       7.7      65.7
       -.9      30.1        .0      10.3
       -.7      20.6       -.2       3.9
       -.6      19.9       -.6       3.5
 41302   .127982  -.671905  -.729496
  34778.0  17322.8      -.2     43.3     47.6     16.6
      -.3     26.3     47.7     44.8  16079.2  16762.4
      -5.6      60.6       3.8      57.3
       -.9      29.7       -.6       9.0
       -.4      20.5       -.8       5.1
       -.6      20.4       -.9       5.0
 41303   .064388  -.676070  -.734019
  34456.4  17156.1      1.0     24.9     47.3     11.8
      -.2     26.8     47.5     39.3  15893.3  16661.9
      -6.2      61.5       1.1      50.0
       -.7      29.5       -.8       9.3
       -.5      20.5       -.8       6.8
       -.8      20.8      -1.0       6.8
 41304   .000000  -.677476  -.735545
  34469.1  17138.8     -4.9     24.7     47.1      8.3
      -.6     26.8     47.5     33.6  15632.9  16353.8
      -7.6      60.0       -.9      46.9
       -.6      28.6      -1.1      11.1
       -.4      20.9       -.9       8.8
       -.6      21.1      -1.0       8.7
 41305  -.064388  -.676070  -.734019
  34566.5  16940.8     -2.0     20.5     46.2     10.6
      -.2     27.0     47.6     28.0  14677.7  15609.3
      -5.5      60.8        .7      44.9
       -.7      29.5      -1.1      13.7
       -.1      21.3       -.9      10.1
       -.4      21.7      -1.3      10.8
 41306  -.127982  -.671905  -.729496
  34968.2  16517.4     -9.5     20.0     45.9     15.8
      -.1     27.1     47.7     22.5  15242.0  16316.2
      -6.2      59.5       -.6      44.2
       -.4      28.9      -1.1      16.2
        .1      20.6       -.8      11.8
       -.4      21.6      -1.6      12.8
 41307  -.190037  -.665130  -.722141
  35513.4  15740.5      2.0     24.7     47.0     28.9
      -.1     27.0     47.9     17.1  15577.4  16461.2
      -6.2      61.5      -2.5      44.9
      -1.0      29.0      -1.3      17.9
       -.6      20.9      -1.3      13.5
       -.2      21.1      -1.6      15.5
 41308  -.249898  -.655981  -.712208
  36022.3  14580.2     -1.7     22.9     47.0     28.9
      -.2     27.2     47.7     12.5  16033.3  17346.8
      -5.3      61.8        .0      44.1
       -.7      28.9      -1.2      19.1
        .0      20.8      -1.1      15.4
       -.1      20.9      -1.6      17.6
 41309  -.361020  -.631785  -.685938
  37604.7  13155.9      -.5     17.4     47.0     28.9
       .1     26.9     48.0     11.2  16440.7  18106.3
      -4.8      62.1      -2.4      44.1
       -.3      28.2       -.8      20.0
       -.2      20.6       -.8      16.7
        .1      20.7      -1.3      19.6
 41310  -.458673  -.602008  -.653609
  39563.9  11512.1      -.2     43.3     47.0     28.9
       .2     26.1     47.0     57.7  19081.5  19705.9
      -9.7      60.6      -2.8      45.8
       -.2      27.9       -.8      23.2
        .2      19.2       -.7      18.5
        .1      19.8      -1.3      20.9
 41311  -.542159  -.569267  -.618061
  42088.5  10522.1      -.2     43.3     47.0     28.9
       .8     25.5     47.0     57.7  19709.0  20586.2
      -6.7      58.1      -2.8      43.3
       -.2      27.5       -.5      23.1
        .4      19.2       -.2      20.0
        .4      19.1       -.7      23.1
 41312  -.612205  -.535679  -.581595
  45017.6   9812.4      -.2     43.3     47.0     28.9
       .6     24.6     47.0     57.7  22512.6  23553.2
      -5.4      62.5      -4.0      45.8
       -.1      26.8       -.7      25.4
        .1      18.2       -.6      20.8
        .4      18.8       -.4      23.7
 41313  -.670317  -.502738  -.545830
  48155.3   9320.1      -.2     43.3     47.0     28.9
       .0     23.9     47.0     57.7  24312.0  25461.6
      -6.8      60.0      -3.8      47.4
        .1      26.5        .0      25.6
        .5      17.6        .3      21.8
        .6      17.2       -.1      24.4
 41314  -.718269  -.471364  -.511767
  51682.7   9038.4    -26.4     86.7     47.0     28.9
       .2     23.1     47.0     57.7  26821.4  28121.8
      -4.8      59.3      -3.6      44.3
       -.4      25.5       -.4      25.9
        .0      16.8       -.1      21.8
        .5      16.2       -.3      24.9
 41315  -.757796  -.442047  -.479937
  55113.2   8734.4    -15.0     77.7     47.0     28.9
       .2     22.5     47.0     57.7  28693.2  30155.9
      -7.2      60.8      -6.1      46.0
        .2      25.3        .0      26.6
       -.1      16.6       -.2      22.9
        .5      15.8        .2      26.5
 41316  -.790440  -.414981  -.450551
  58859.0   8623.5      3.1     79.5     47.0     28.9
       .3     21.8     47.0     57.7  31343.5  32958.4
      -5.2      60.9      -5.3      44.7
       -.1      24.6       -.3      26.8
        .5      15.8        .3      22.6
        .5      15.5        .1      26.6
 41317  -.817505  -.390173  -.423616
  62882.9   8501.6     -4.3     97.2     47.0     28.9
       .3     21.0     47.0     57.7  33480.5  35538.8
      -5.8      61.6      -4.7      43.3
        .1      24.7        .3      27.0
        .2      15.2        .1      23.4
        .4      14.3        .3      26.7
 41318  -.840060  -.367526  -.399028
  67111.7   8343.0    -51.1     90.9     47.0     28.9
      -.1     20.4     47.0     57.7  33658.9  38160.6
      -4.6      63.7      -4.5      44.9
       -.1      24.1        .0      27.6
        .5      15.2        .4      23.3
        .6      13.9        .3      27.8
 41319   .708659  -.620076  -.336613
  76510.4  13841.9      -.2     43.3     47.0     28.9
      -.2     86.6     47.0     57.7  43227.2  44680.9
     -12.1      59.2      12.5      52.6
        .1      25.3        .3      24.3
        .0      22.1        .4      19.5
        .3      23.5       -.2      19.8
 41320   .677337  -.646549  -.350984
  73570.6  14524.2      -.2     43.3     47.0     28.9
      -.2     86.6     47.0     57.7  41476.4  42866.2
      -9.3      60.1      11.2      49.8
        .1      25.9        .4      22.8
        .1      22.7        .2      17.4
        .7      24.2       -.5      17.9
 41321   .641844  -.673936  -.365851
  70395.2  15260.4      -.2     43.3     47.0     28.9
      -.2     86.6     47.0     57.7  38292.3  39601.1
      -9.0      54.8       8.5      50.9
        .1      26.4        .2      23.3
        .3      23.2       -.1      17.8
        .0      24.7       -.1      18.5
 41322   .601687  -.701968  -.381068
  67433.9  15686.6      -.2     43.3     47.0     28.9
      -.2     86.6     47.0     57.7  33999.7  35793.6
      -9.0      56.4       9.5      50.7
       -.3      26.6        .2      21.3
        .2      23.6       -.2      15.6
       -.1      25.4       -.1      16.0
 41323   .556388  -.730259  -.396426
  64656.7  15933.9      -.2     43.3     47.0     28.9
      -.2     86.6     47.0     57.7  32780.8  34867.3
      -9.9      56.3       9.1      53.0
        .3      26.7       -.2      20.6
       -.4      24.4        .1      15.1
       -.2      26.1       -.6      15.0
 41324   .505524  -.758286  -.411641
  62091.7  15709.0      -.2     43.3     47.0     28.9
      -.2     86.6     41.5      6.3  32895.2  33960.7
      -9.2      57.2       9.3      54.8
       -.1      27.8       -.3      19.3
        .3      24.8       -.5      13.3
       -.6      26.2       -.3      12.8
 41325   .448787  -.785377  -.426348
  59734.5  15312.4      -.2     43.3     47.0     28.9
      -.2     86.6     47.8      9.1  30791.4  32215.1
      -6.7      50.6       6.0      52.5
       -.3      27.7       -.2      17.9
       -.3      25.4       -.4      12.2
       -.3      26.7       -.6      11.6
 41326   .386057  -.810720  -.440105
  57728.2  14840.7      -.2     43.3     47.0     28.9
      -.2     86.6     48.0     20.8  29965.1  31146.8
      -9.4      57.0       8.3      60.3
       -.9      28.2       -.1      16.8
       -.3      25.8       -.6      10.2
       -.5      27.6       -.9       9.6
 41327   .317480  -.833386  -.452409
  55861.3  14523.9      -.2     43.3     47.7      6.6
      -.2     86.6     47.9     33.2  28436.8  29668.6
      -7.9      57.9       5.2      61.0
       -.6      28.7       -.4      14.1
       -.1      26.2       -.8       7.2
       -.5      27.4       -.7       6.6
 41328   .243541  -.852392  -.462727
  54166.6  14092.0      -.2     43.3     47.3     17.2
      -.2     86.6     47.6     45.4  27688.1  28915.6
      -9.3      56.3       3.9      75.6
       -.6      28.7       -.1      14.4
       -.4      26.1       -.6       4.3
       -.5      27.6       -.7       4.0
 41329   .165103  -.866792  -.470544
  53235.1  13835.7      -.2     43.3     47.6     25.7
      -.2     86.6     47.7     54.4  26872.4  28237.0
     -10.6      55.3       6.1      86.7
       -.7      28.8        .8      26.1
       -.5      26.7       -.2       5.2
       -.2      27.3        .0       2.8
 41330   .124573  -.872008  -.473376
  52904.4  13727.8      -.2     43.3     48.2     21.4
      -.2     86.6     48.4     49.7  27221.4  27967.5
      -8.5      53.4       1.3      78.3
       -.5      28.9        .0      17.9
       -.5      26.5        .2       4.4
       -.8      27.7       -.3       3.8
 41331   .083409  -.875791  -.475429
  52861.3  13672.9      -.2     43.3     48.3     15.6
      -.2     86.6     48.4     43.8  26876.1  27680.8
      -8.2      54.6       1.2      67.0
       -.5      29.3       -.6      15.3
        .2      26.7       -.4       4.9
       -.5      27.7       -.5       4.3
 41332   .041814  -.878085  -.476675
  53046.4  13597.4      -.2     43.3     48.1      9.9
      -.2     86.6     48.4     37.8  26069.6  27357.8
      -9.8      56.4       5.7      64.1
       -.2      29.3       -.4      14.0
        .3      26.8       -.5       6.2
       -.7      27.6       -.8       5.6
 41333   .000000  -.878853  -.477092
  53051.7  13665.7      -.2     43.3     47.6      5.4
      -.2     86.6     48.4     31.7  26710.1  27880.6
      -8.7      54.7       1.5      58.7
        .1      28.8       -.7      12.8
        .1      26.8       -.6       7.5
       -.1      27.9       -.9       6.9
 41334  -.041814  -.878085  -.476675
  53120.1  13585.5      -.2     43.3     45.1      6.1
      -.2     86.6     48.5     25.4  27064.1  28170.4
      -9.5      55.9        .6      53.3
        .0      29.0       -.8      13.7
        .4      26.9       -.8       8.8
        .1      28.0      -1.0       8.1
 41335  -.083409  -.875791  -.475429
  53469.6  13782.7      -.2     43.3     47.0     28.9
      -.2     86.6     48.5     19.4  27025.9  28022.7
     -12.1      58.2      -1.0      55.7
       -.1      28.7       -.9      15.7
        .1      26.4       -.9       9.9
       -.8      27.7      -1.4       9.5
 41336  -.124573  -.872008  -.473376
  53623.2  13764.3      -.2     43.3     47.0     28.9
      -.2     86.6     48.4     13.4  26298.3  27437.3
      -8.1      55.1      -1.3      50.6
       -.3      28.6       -.9      16.2
        .1      26.6       -.8      11.3
        .1      27.8      -1.1      11.0
 41337  -.165103  -.866792  -.470544
  54128.8  13799.1      -.2     43.3     47.0     28.9
      -.2     86.6     48.3      8.3  27217.8  28474.4
     -10.1      54.7      -3.3      50.8
       -.1      28.6       -.7      17.1
       -.3      26.5       -.7      12.3
       -.3      27.8      -1.2      12.3
 41338  -.243541  -.852392  -.462727
  55402.3  13925.8      -.2     43.3     47.0     28.9
      -.2     86.6     47.2      8.1  28302.2  29389.8
     -10.8      56.8      -3.9      51.5
       -.2      28.5       -.6      18.1
        .3      26.3       -.6      13.6
       -.4      28.1      -1.0      13.6
 41339  -.317480  -.833386  -.452409
  56697.2  13789.7      -.2     43.3     47.0     28.9
      -.2     86.6     47.0     57.7  27843.2  29033.0
     -10.8      57.3      -3.0      46.3
        .0      28.3       -.4      20.0
       -.2      25.9       -.8      15.6
        .2      27.7       -.9      16.6
 41340  -.386057  -.810720  -.440105
  58677.7  13338.9      -.2     43.3     47.0     28.9
      -.2     86.6     47.0     57.7  27498.6  28859.6
      -9.2      54.5      -4.5      46.7
        .2      27.7       -.4      20.1
        .4      25.6       -.2      16.4
        .3      27.7       -.2      18.5
 41341  -.448787  -.785377  -.426348
  60841.1  13093.1      -.2     43.3     47.0     28.9
      -.2     86.6     47.0     57.7  31615.3  33067.2
      -8.2      58.4      -5.3      49.0
        .2      27.3       -.1      22.6
       1.1      25.2        .0      19.1
        .0      26.8       -.6      20.6
 41342  -.505524  -.758286  -.411641
  63049.4  12227.2      -.2     43.3     47.0     28.9
      -.2     86.6     47.0     57.7  33956.1  35136.0
      -7.3      56.8      -3.5      47.2
        .0      27.5        .0      22.7
        .2      24.8        .2      19.4
        .1      25.9       -.3      20.9
 41343  -.556388  -.730259  -.396426
  65909.9  11552.7      -.2     43.3     47.0     28.9
      -.2     86.6     47.0     57.7  35403.6  37246.5
      -7.6      58.5      -2.2      46.5
        .2      27.1        .2      24.6
        .8      24.1        .4      20.9
        .7      25.7        .3      22.1
 41344  -.601687  -.701968  -.381068
  68463.8  11200.8      -.2     43.3     47.0     28.9
      -.2     86.6     47.0     57.7  37575.6  38936.1
      -9.5      57.5      -7.3      45.7
        .6      26.6        .7      24.7
       1.0      23.7        .7      21.7
        .6      25.0        .1      23.2
 41345  -.641844  -.673936  -.365851
  71480.3  10779.3      -.2     43.3     47.0     28.9
      -.2     86.6     47.0     57.7  40385.3  41558.9
      -9.6      56.9      -4.9      44.2
        .1      26.2        .3      25.2
        .6      23.4        .2      21.9
        .3      24.4        .2      23.0
 41346  -.677337  -.646549  -.350984
  74496.3  10200.0      -.2     43.3     47.0     28.9
      -.2     86.6     47.0     57.7  41844.2  43188.5
      -6.4      57.1      -5.5      42.2
        .4      25.9        .9      25.7
        .4      22.6        .3      23.5
        .2      23.7       -.1      24.6
 41347  -.708659  -.620076  -.336613
  77833.9   9964.7      -.2     43.3     47.0     28.9
      -.2     86.6     47.0     57.7  43215.3  44770.3
      -9.4      58.8      -4.9      43.3
        .4      25.4        .7      26.4
        .5      22.2        .7      22.8
       1.1      23.4       1.0      24.5
 41348   .482910  -.845093  -.229382
 111932.5  14455.9      -.2     43.3     47.0     28.9
      -.2     86.6     47.0     57.7  67483.9  68996.9
     -11.2      59.0       7.9      55.7
       -.3      28.1       1.0      22.5
        .3      25.0        .3      15.5
        .2      27.1        .1      15.1
 41349   .451149  -.861285  -.233777
 109672.4  14266.6      -.2     43.3     47.0     28.9
      -.2     86.6     47.0     57.7  66006.1  67527.4
     -10.9      59.1      11.8      57.1
       -.6      28.5        .9      22.1
        .1      25.3        .2      13.9
        .1      27.1        .0      13.3
 41350   .417577  -.876913  -.238019
 107537.7  14136.2      -.2     43.3     47.0     28.9
      -.2     86.6     47.0     57.7  64159.7  66297.1
     -12.0      63.5       8.3      65.3
       -.7      28.8       1.1      22.3
       -.1      25.8        .2      13.6
       -.1      27.3       -.1      12.8
 41351   .382204  -.891810  -.242063
 105370.2  13847.2      -.2     43.3     47.0     28.9
      -.2     86.6     47.0     57.7  61154.0  62808.1
     -10.9      55.3       7.5      62.7
      -1.0      29.2       1.0      21.5
        .4      25.9       -.1      12.8
        .3      27.6       -.3      11.6
 41352   .345068  -.905804  -.245861
 103787.2  13666.5      -.2     43.3     47.0     28.9
      -.2     86.6     47.0     57.7  61241.7  62833.4
     -11.1      55.9       6.1      64.8
       -.3      29.2        .7      21.6
        .3      25.6       -.3      11.5
        .3      27.3       -.4      10.6
 41353   .306238  -.918714  -.249365
 102034.6  13542.1      -.2     43.3     47.0     28.9
      -.2     86.6     47.0     57.7  59734.4  61813.7
     -11.4      57.2      12.2      72.0
       -.8      28.8        .3      22.1
        .3      26.1       -.5      11.0
       -.1      27.4       -.5       9.6
 41354   .265817  -.930361  -.252527
 100147.1  13250.5      -.2     43.3     47.0     28.9
      -.2     86.6     48.2      5.8  58881.8  60660.9
     -10.3      53.9       9.4      72.1
       -.8      29.4        .4      20.9
        .2      26.3       -.4       9.5
       -.4      27.6       -.5       8.2
 41355   .223945  -.940570  -.255298
  98961.7  13145.4      -.2     43.3     47.0     28.9
      -.2     86.6     48.0     18.3  57490.1  59504.1
      -9.3      57.0       9.3      80.0
       -.7      29.2       -.3      21.5
        .1      26.4       -.8       8.4
       -.4      28.2       -.8       7.0
 41356   .180796  -.949177  -.257634
  98003.9  13094.5      -.2     43.3     48.0      4.2
      -.2     86.6     48.0     31.3  57458.6  59184.9
     -10.5      54.5       7.9      79.4
      -1.0      29.4        .2      23.2
       -.3      26.3       -.6       6.8
       -.3      27.8       -.7       5.4
 41357   .136577  -.956038  -.259496
  97004.3  12958.4      -.2     43.3     47.5     15.9
      -.2     86.6     47.7     44.3  56821.8  58779.1
     -10.8      52.1       5.4      87.9
       -.8      29.8        .6      31.9
       -.2      25.9       -.8       5.4
       -.3      27.9       -.7       4.1
 41358   .091527  -.961030  -.260851
  96292.8  12810.7      -.2     43.3     47.7     25.1
      -.2     86.6     47.6     53.6  56207.0  58010.4
     -10.8      54.8       3.3     108.0
       -.4      29.3        .0      48.0
       -.1      26.4        .3      18.6
        .0      27.9        .0       5.3
 41359   .068771  -.962796  -.261330
  96295.8  12882.6      -.2     43.3     49.5     20.4
      -.2     86.6     49.4     48.9  56469.1  58098.9
     -14.3      55.9       8.0      99.2
       -.9      29.7       1.5      38.8
       -.2      26.3        .7       9.2
        .0      28.5        .4       5.5
 41360   .045908  -.964064  -.261674
  96243.2  12796.6      -.2     43.3     49.3     14.4
      -.2     86.6     49.3     42.7  57369.4  58646.8
     -11.2      58.4       1.9      91.8
       -.2      29.7       -.1      31.6
        .0      26.4        .1       7.2
      -1.3      28.5       -.1       4.5
 41361   .022972  -.964827  -.261882
  96296.6  12911.9      -.2     43.3     49.1     10.2
      -.2     86.6     49.2     36.3  55707.9  57510.0
     -13.7      61.8       4.0      88.7
       -.5      30.1        .3      25.7
        .0      26.6       -.2       6.8
       -.3      28.4       -.4       4.6
 41362   .000000  -.965081  -.261951
  96227.5  12800.0      -.2     43.3     48.3      3.1
      -.2     86.6     49.0     29.7  56244.3  57843.7
     -10.7      56.7       4.8      82.8
       -.6      29.4       -.7      20.7
        .0      26.5       -.4       6.8
       -.3      28.3       -.6       5.3
 41363  -.022972  -.964827  -.261882
  96399.9  12807.8      -.2     43.3     47.0     28.9
      -.2     86.6     48.9     23.2  56396.9  57929.3
      -9.7      54.1      -1.6      80.4
       -.3      30.1       -.6      19.7
        .1      26.6       -.5       7.5
       -.6      28.2       -.8       6.0
 41364  -.045908  -.964064  -.261674
  96739.9  12811.8      -.2     43.3     47.0     28.9
      -.2     86.6     49.1     16.6  57188.7  58998.4
     -12.4      56.4       4.4      76.1
       -.5      29.4       -.6      19.6
       -.1      26.5       -.7       8.2
        .2      28.6       -.7       6.7
 41365  -.068771  -.962796  -.261330
  96923.1  12838.4      -.2     43.3     47.0     28.9
      -.2     86.6     49.0     10.3  56283.2  58536.5
      -9.6      56.5        .2      68.9
       -.3      29.9       -.8      19.6
        .2      26.7       -.4       8.6
        .5      28.7       -.6       7.5
 41366  -.091527  -.961030  -.260851
  97035.9  12810.7      -.2     43.3     47.0     28.9
      -.2     86.6     48.9      4.4  55896.3  58378.1
     -10.2      57.8        .0      69.6
        .1      30.4       -.2      18.4
        .2      26.2       -.3       8.9
        .4      29.0       -.4       8.0
 41367  -.136577  -.956038  -.259496
  98049.1  12892.8      -.2     43.3     47.0     28.9
      -.2     86.6     47.0     57.7  57269.5  59575.1
      -8.9      55.3      -3.3      67.3
       -.5      29.6       -.3      19.0
       -.2      26.6       -.3      10.3
        .6      28.4       -.2       9.2
 41368  -.180796  -.949177  -.257634
  98860.4  12941.4      -.2     43.3     47.0     28.9
      -.2     86.6     47.0     57.7  57565.6  59151.7
      -9.0      55.8      -2.0      62.4
       -.1      29.8       -.3      18.2
        .0      26.7       -.2      11.7
        .1      28.5       -.3      10.6
 41369  -.223945  -.940570  -.255298
 100012.9  13049.2      -.2     43.3     47.0     28.9
      -.2     86.6     47.0     57.7  57692.8  59366.0
      -9.4      56.1      -2.2      63.8
       -.2      29.1        .2      19.8
        .1      26.8        .0      12.1
        .0      28.3       -.2      11.5
 41370  -.265817  -.930361  -.252527
 101548.2  13289.6      -.2     43.3     47.0     28.9
      -.2     86.6     47.0     57.7  59404.8  61290.7
     -14.2      57.9      -3.9      60.4
       -.1      29.9        .1      20.2
        .5      27.0        .4      13.3
        .8      28.2        .4      12.5
 41371  -.306238  -.918714  -.249365
 103289.8  13335.3      -.2     43.3     47.0     28.9
      -.2     86.6     47.0     57.7  60526.3  62922.2
      -9.9      58.4      -4.5      53.2
       -.5      29.1        .0      19.5
        .2      26.2        .4      13.7
        .7      28.1        .3      13.3
 41372  -.345068  -.905804  -.245861
 104871.5  13557.5      -.2     43.3     47.0     28.9
      -.2     86.6     47.0     57.7  61815.3  63579.0
     -11.4      54.6      -5.5      51.3
        .0      29.2        .3      20.8
        .1      26.4        .4      15.3
       -.1      28.4        .0      15.3
 41373  -.382204  -.891810  -.242063
 106978.7  13731.3      -.2     43.3     47.0     28.9
      -.2     86.6     47.0     57.7  62908.7  64649.1
      -9.9      60.4      -4.8      50.5
       -.2      29.6        .5      20.7
        .3      26.0        .6      15.3
        .4      28.3        .7      15.3
 41374  -.417577  -.876913  -.238019
 108786.2  13555.8      -.2     43.3     47.0     28.9
      -.2     86.6     47.0     57.7  65457.8  67816.7
      -9.2      56.4      -5.0      47.8
        .2      29.4        .6      21.9
        .3      26.1        .6      17.4
        .9      27.9        .7      17.2
 41375  -.451149  -.861285  -.233777
 110983.1  13342.2      -.2     43.3     47.0     28.9
      -.2     86.6     47.0     57.7  63637.6  65586.1
      -9.2      53.5      -5.3      45.5
       -.2      28.7        .3      21.5
        .4      25.9        .6      17.1
        .3      28.7        .4      17.6
 41376  -.482910  -.845093  -.229382
 113111.0  13302.6      -.2     43.3     47.0     28.9
      -.2     86.6     47.0     57.7  63099.6  65246.1
      -7.5      52.7       -.8      40.1
        .0      28.1        .3      22.5
        .5      25.4        .7      18.6
        .9      27.8       1.0      19.8
 41377   .337328  -.927651  -.160231
 159745.2  13666.7      -.2     43.3     47.0     28.9
      -.2     86.6     47.0     57.7  99296.9 101832.6
      -9.5      56.4       5.7      63.1
       -.8      30.4       1.1      24.2
        .8      26.6        .4      12.8
       -.1      28.3        .0      11.6
 41378   .312066  -.936198  -.161707
 157480.0  13657.8      -.2     43.3     47.0     28.9
      -.2     86.6     47.0     57.7  99169.1 101799.4
     -11.6      55.8       9.0      69.3
       -.7      30.1       1.4      24.8
       -.2      26.9        .3      12.2
       -.3      28.3        .3      10.9
 41379   .286124  -.944211  -.163091
 156382.8  13357.3      -.2     43.3     47.0     28.9
      -.2     86.6     47.0     57.7  96278.7  99574.8
     -11.2      53.2       5.0      68.9
       -.9      30.9       1.0      25.0
        .2      27.2        .3      11.4
       -.3      28.1        .4      10.1
 41380   .259539  -.951641  -.164374
 154646.4  13282.4      -.2     43.3     47.0     28.9
      -.2     86.6     47.0     57.7  96512.3  99031.7
      -9.1      57.6       9.9      76.3
      -1.1      30.5       1.0      24.7
       -.2      26.9       -.1      11.4
        .5      28.1       -.1       9.4
 41381   .232349  -.958440  -.165549
 153384.5  13243.0      -.2     43.3     47.0     28.9
      -.2     86.6     47.0     57.7  95312.6  97637.2
      -8.4      53.3       8.2      85.1
      -1.3      31.2       1.1      26.2
        .3      27.5       -.1      10.0
        .2      28.1        .0       8.5
 41382   .204604  -.964562  -.166606
 152216.5  12999.2      -.2     43.3     47.0     28.9
      -.2     86.6     47.0     57.7  95409.0  97186.2
      -5.6      51.8       4.8      84.3
       -.8      30.9        .4      27.3
       -.5      27.4       -.2      10.2
       -.6      28.2       -.4       7.8
 41383   .176357  -.969963  -.167539
 151060.2  13121.6      -.2     43.3     47.0     28.9
      -.2     86.6     48.5      4.1  94063.7  96446.3
     -10.4      52.6      13.3      88.4
       -.9      30.7        .9      29.5
        .1      27.5       -.4       8.8
       -.3      28.5       -.4       6.8
 41384   .147667  -.974605  -.168341
 150061.8  12962.7      -.2     43.3     47.0     28.9
      -.2     86.6     48.3     17.0  94213.4  96203.6
     -10.8      52.7      10.7      95.1
       -.9      30.8        .6      30.2
       -.3      27.4       -.6       8.8
       -.6      28.0       -.9       6.0
 41385   .118600  -.978453  -.169006
 149169.8  12946.4      -.2     43.3     47.9      2.7
      -.2     86.6     48.0     30.4  93131.2  95402.6
      -9.8      54.6        .9     103.9
      -1.1      30.8        .2      33.4
        .0      27.4       -.6       8.5
       -.2      28.0       -.7       5.2
 41386   .089225  -.981478  -.169528
 148426.9  12758.6      -.2     43.3     47.5     15.3
      -.2     86.6     47.7     43.5  92428.9  95645.4
     -13.1      53.8       6.3     114.6
       -.9      30.3        .6      42.9
        .2      27.5       -.3      12.8
       -.7      28.1       -.8       4.7
 41387   .059616  -.983656  -.169904
 148510.2  12790.6      -.2     43.3     47.9     24.9
      -.2     86.6     47.9     52.9  90976.9  94098.3
     -12.9      54.8       4.9     121.2
       -.6      30.5       1.3      63.7
        .1      27.2        .6      22.8
        .2      28.5       -.1       9.0
 41388   .044746  -.984421  -.170036
 148080.6  12831.3      -.2     43.3     49.5     20.0
      -.2     86.6     49.5     48.3  91179.7  93813.6
      -8.6      53.6       6.4     114.2
      -1.2      30.8       1.6      54.8
       -.1      27.4        .1      18.0
       -.6      28.1        .6       7.3
 41389   .029848  -.984969  -.170131
 148265.2  12810.0      -.2     43.3     50.0     13.8
      -.2     86.6     49.9     42.1  90947.6  94758.6
     -12.3      56.5       3.9     106.2
      -1.2      30.6        .8      43.7
       -.2      26.9        .4      11.7
       -.6      28.2       -.1       5.7
 41390   .014929  -.985299  -.170188
 147866.6  12774.9      -.2     43.3     49.7      7.3
      -.2     86.6     49.4     35.6  91566.0  93847.3
     -14.7      54.0       4.9     105.3
       -.4      30.4        .7      36.5
       -.4      27.6       -.3       9.7
       -.4      28.0       -.4       5.0
 41391   .000000  -.985408  -.170207
 148182.8  12811.0      -.2     43.3     50.3     28.9
      -.2     86.6     49.4     29.0  91723.3  93531.8
     -11.6      56.3       6.7     104.0
      -1.2      30.8       -.1      32.4
       -.3      27.4       -.3       8.1
       -.3      28.2       -.3       5.5
 41392  -.014929  -.985299  -.170188
 148310.1  12812.8      -.2     43.3     47.0     28.9
      -.2     86.6     49.2     22.1  90725.2  94007.9
     -10.6      57.1       5.2      98.4
       -.8      30.9        .1      29.8
        .1      27.6       -.5       8.5
       -.3      28.2       -.6       5.4
 41393  -.029848  -.984969  -.170131
 148550.6  12796.7      -.2     43.3     47.0     28.9
      -.2     86.6     49.3     15.4  91521.3  94190.5
     -12.9      62.1      -1.8      92.0
       -.8      30.7       -.3      28.7
        .0      27.4       -.2       8.9
       -.1      28.6       -.5       5.8
 41394  -.044746  -.984421  -.170036
 148865.8  12810.3      -.2     43.3     47.0     28.9
      -.2     86.6     49.3      8.9  92928.2  94947.2
     -11.1      58.8       4.6      93.3
      -1.2      30.9       -.2      27.2
       -.3      27.4       -.2       8.4
       -.2      28.7       -.4       6.0
 41395  -.059616  -.983656  -.169904
 148848.7  12865.4      -.2     43.3     47.0     28.9
      -.2     86.6     49.1      2.7  92104.2  95340.2
      -9.4      58.1       3.4      87.5
       -.3      30.5       -.1      25.4
       -.2      27.3       -.1       8.3
        .3      28.3       -.2       6.5
 41396  -.089225  -.981478  -.169528
 149865.9  12858.5      -.2     43.3     47.0     28.9
      -.2     86.6     47.0     57.7  92137.9  95051.3
      -8.0      51.8       1.4      84.8
      -1.1      30.9       -.2      24.6
        .4      27.4        .0       9.0
       -.8      28.7       -.4       7.7
 41397  -.118600  -.978453  -.169006
 150536.4  12865.7      -.2     43.3     47.0     28.9
      -.2     86.6     47.0     57.7  94575.9  97105.8
     -11.5      55.8       -.8      77.4
      -1.1      30.8       -.2      22.5
        .2      27.9        .3       9.3
        .0      28.2        .2       8.0
 41398  -.147667  -.974605  -.168341
 151495.8  12966.0      -.2     43.3     47.0     28.9
      -.2     86.6     47.0     57.7  93993.8  96264.2
     -14.9      57.1       1.1      71.9
       -.4      30.2        .1      23.8
        .1      27.5        .2      10.2
        .5      28.7        .0       8.8
 41399  -.176357  -.969963  -.167539
 152390.4  13014.9      -.2     43.3     47.0     28.9
      -.2     86.6     47.0     57.7  93855.6  97773.6
     -10.7      55.5        .8      71.8
       -.5      30.7        .4      21.0
       -.4      27.7        .3      10.9
       -.1      28.2        .4       9.5
 41400  -.204604  -.964562  -.166606
 153579.6  13161.7      -.2     43.3     47.0     28.9
      -.2     86.6     47.0     57.7  95618.2  98296.4
     -11.1      53.4      -2.3      69.2
       -.8      31.4        .1      21.9
        .2      27.6        .5      11.4
        .3      28.3        .3      10.2
 41401  -.232349  -.958440  -.165549
 154980.9  13088.1      -.2     43.3     47.0     28.9
      -.2     86.6     47.0     57.7  95828.9  99403.4
      -7.5      54.0      -2.8      60.8
       -.6      30.1        .4      21.7
        .4      27.2        .7      12.2
        .0      28.6        .4      11.2
 41402  -.259539  -.951641  -.164374
 155920.5  13254.9      -.2     43.3     47.0     28.9
      -.2     86.6     47.0     57.7  93759.4  96392.2
      -5.6      52.7      -5.1      58.3
       -.5      30.0        .5      21.3
        .5      27.6        .8      12.7
        .7      28.2       1.0      11.5
 41403  -.286124  -.944211  -.163091
 157663.0  13363.6      -.2     43.3     47.0     28.9
      -.2     86.6     47.0     57.7  98622.4 100982.0
     -11.9      61.2      -1.2      54.9
       -.4      30.5        .4      21.6
       -.1      27.4        .7      13.5
        .2      28.8        .8      12.3
 41404  -.312066  -.936198  -.161707
 159531.7  13493.2      -.2     43.3     47.0     28.9
      -.2     86.6     47.0     57.7 100014.2 102284.4
     -12.0      55.3      -6.4      49.2
       -.2      30.4        .3      21.6
        .6      27.3       1.0      13.6
        .2      27.9        .8      12.9
 41405  -.337328  -.927651  -.160231
 161114.4  13495.8      -.2     43.3     47.0     28.9
      -.2     86.6     47.0     57.7  99924.4 103099.5
     -10.5      58.6      -2.2      49.4
       -.5      30.5        .4      21.4
        .4      27.3        .8      14.8
        .8      28.3       1.1      13.9
