OCR_prd2012lk:dj0055a@-300V,3.8T@20d,277K,rhe=1.10,rhh=0.7, 0.65/1.30           
  7624   1  3.80  28   3  29   1  300.00  277.00     .55 1.16400  2350.0    -.02   23.84  150.  100.  270.  3100.0    -.01   11.67    1.50    1.00     .85
 51206  -.105828   .952448  -.285734
  79640.2  12726.9    -33.0    365.9     13.2     39.9
       .0     86.6     13.4     26.9  22702.4  27654.2
      10.2      57.5       3.6      67.3
        .2      37.0        .2      16.2
        .1      36.4       -.3       8.6
       -.7      50.2        .0       8.1
 51207  -.114443   .944153  -.308995
  73282.5  12880.7    193.1    272.7      9.6     26.4
       .0     86.6     13.6     27.4  21640.3  28516.1
       8.1      57.5       4.6      62.9
        .4      34.2       -.1      14.2
       -.3      31.7       -.1       8.7
       -.1      43.4       -.2       7.6
 51208  -.124476   .933570  -.336085
  67360.5  12954.6     76.0    281.6     10.6     23.9
       .0     86.6     13.5     28.0  19831.4  23673.0
       6.8      57.6       4.1      56.8
        .3      35.2        .0      14.7
       -.5      34.6        .0       9.1
       -.2      43.5       -.2       8.2
 51209  -.136269   .919816  -.367926
  61205.4  13023.9      4.0    257.8     12.3     18.6
       .0     86.6     13.1     28.7  18669.4  23622.5
       8.8      54.2       5.6      58.2
        .0      32.4       -.1      15.1
        .3      29.9       -.3       9.2
       -.1      37.6       -.2       8.6
 51210  -.150261   .901568  -.405706
  55458.5  13226.9     85.3    207.0     11.5     14.5
       .0     86.6     13.1     29.3  19263.1  22550.2
      10.6      59.9       1.7      55.5
        .4      34.4       -.4      14.6
        .4      33.8       -.4       9.8
       -.1      39.5       -.4       9.2
 51211  -.167009   .876798  -.450925
  49501.5  13633.9     47.8    182.2     12.0     11.2
     -1.5     21.1     13.1     30.4  17566.1  20456.6
       8.2      55.9       1.1      50.5
        .1      31.8        .0      14.3
        .9      29.0       -.3       9.9
        .4      32.7       -.5       9.7
 51212  -.187186   .842336  -.505402
  44003.4  14147.6    -30.8    113.7     12.2      9.7
      1.2     25.6     12.7     31.7  15878.5  17476.9
       8.9      58.6        .4      49.4
       1.0      33.2       -.5      14.4
        .0      31.9        .0      10.6
       -.1      36.6       -.3      10.4
 51213  -.211513   .793174  -.571085
  38615.4  15003.7      2.5     54.8     12.0     10.3
      -.4     25.4     12.8     33.0  13777.2  15120.2
       7.6      61.1        .9      43.9
       1.0      37.1       -.5      14.4
        .5      32.4       -.6      10.9
        .8      35.8       -.6      10.9
 51214  -.240493   .721479  -.649331
  34093.3  16254.4      1.1     26.7     12.1     11.7
      -.1     35.1     12.5     34.4  10707.5  11606.8
       8.7      63.9      -1.7      41.6
       1.1      36.4       -.6      14.9
        .3      29.5       -.3      11.7
        .8      30.6       -.7      12.1
 51215  -.273665   .615745  -.738895
  29847.4  17320.7       .4     23.8     11.9     13.4
       .3     49.3     12.3     36.0   8843.8   9509.7
       8.7      55.3      -1.2      42.8
        .7      26.9       -.5      14.7
        .5      21.4       -.5      11.9
        .1      22.8       -.9      11.8
 51216  -.308021   .462031  -.831656
  26864.7  17537.3       .6     27.1     11.5     14.2
       .1     63.2     12.1     37.6   8103.1   8755.1
       7.1      51.4      -2.5      41.0
        .9      18.0       -.9      15.3
        .3      14.4       -.9      12.1
        .5      14.5      -1.0      12.7
 51217  -.336099   .252074  -.907467
  25101.8  16840.4       .1     34.6     11.6     14.0
       .1     75.4     12.0     38.3   7569.8   8129.9
       4.5      55.1      -1.7      39.4
        .3       9.7       -.5      14.8
       -.1       7.8       -.7      11.7
        .2       7.9       -.9      11.6
 51218  -.347314   .000000  -.937749
  24938.2  16749.9       .0     42.4     11.8     11.6
       .0     85.4     11.9     37.8   8716.3   9254.6
       2.2      72.8      -3.1      41.6
        .6      11.1       -.7      14.8
       -.4       5.0       -.6      11.4
       -.1       5.0       -.6      11.0
 51219  -.344406  -.129152  -.929895
  24839.5  17133.6      -.5     38.9     11.4     14.5
      -.5     81.1     11.7     38.3   7349.2   7850.5
      -2.3      64.8      -3.8      39.8
       -.4       6.9       -.6      15.0
       -.3       5.0       -.8      12.0
       -.3       5.0       -.8      12.6
 51220  -.336099  -.252074  -.907467
  24884.1  17788.0      -.2     34.6     11.3     15.6
      -.2     75.5     11.9     38.5   7428.2   7831.0
      -5.9      50.6      -3.7      41.5
        .1       9.3       -.5      14.7
       -.6       7.3       -.9      12.2
       -.4       7.4      -1.1      13.7
 51221  -.323497  -.363934  -.873442
  25659.0  18277.7      -.7     30.4     11.4     16.1
      -.5     69.5     11.8     38.2   7723.1   8251.4
      -3.9      52.8      -2.5      41.8
       -.8      14.3       -.5      15.4
       -.3      10.5       -.7      12.6
       -.6      10.5      -1.0      13.9
 51222  -.308021  -.462031  -.831656
  26789.1  18216.9      -.8     26.3     11.1     16.2
      -.5     63.2     11.7     37.7   7934.4   8909.8
      -4.3      48.9      -3.6      41.6
       -.3      17.6       -.6      15.2
       -.6      13.6       -.6      12.8
       -.6      13.2       -.8      13.8
 51223  -.291042  -.545704  -.785813
  28131.0  18103.5      -.7     22.9     11.2     15.4
      -.4     56.2     12.0     37.3   8880.8   9615.8
      -6.0      50.6      -3.7      41.5
       -.8      21.7       -.5      15.1
       -.3      16.4       -.8      12.5
       -.7      16.1      -1.1      13.2
 51224  -.273665  -.615745  -.738895
  29978.1  17357.1     -1.0     22.2     11.1     14.6
      -.8     48.7     11.9     36.4   8586.7   9491.1
      -5.5      54.9      -4.3      41.7
      -1.0      26.4       -.6      15.1
      -1.5      20.7       -.5      12.3
      -1.1      21.5       -.9      12.6
 51225  -.240493  -.721479  -.649331
  34158.9  15570.4       .4     24.3     11.3     12.9
       .2     34.0     12.2     34.6  10930.0  11810.1
      -6.9      62.6      -4.2      43.7
      -1.0      35.9       -.5      15.1
      -1.8      29.2       -.5      12.2
      -1.0      29.2       -.7      13.1
 51226  -.211513  -.793174  -.571085
  39004.9  14459.3      1.1     48.5     11.5     11.3
      -.4     22.8     12.5     32.9  14801.7  16016.4
      -9.3      61.7      -3.9      43.3
      -1.1      35.7       -.5      14.4
      -1.2      32.3       -.5      11.3
      -1.2      34.8       -.7      11.6
 51227  -.187186  -.842336  -.505402
  44585.1  13659.0       .0     43.3     11.4      9.7
       .2     28.2     12.6     31.3  17083.9  18257.1
      -7.9      55.4      -4.0      46.0
       -.9      32.9       -.4      14.6
        .1      30.6       -.3      11.1
      -1.2      35.6       -.4      11.0
 51228  -.167009  -.876798  -.450925
  50154.4  13280.6       .0     43.3     11.7      9.1
       .0     86.6     13.0     30.1  20833.5  22153.1
      -6.4      54.8      -4.7      49.9
       -.8      31.7       -.4      14.1
       -.1      27.8       -.2      10.4
       -.7      29.4       -.5      10.3
 51229  -.150261  -.901568  -.405706
  56051.4  13019.1     39.8    247.1     11.5     19.2
       .0     86.6     12.6     29.3  22933.9  25052.2
      -9.1      61.3      -3.2      58.3
       -.8      34.0       -.6      14.5
       -.3      32.3       -.4      10.1
       -.7      36.6       -.6       9.6
 51230  -.136269  -.919816  -.367926
  61940.7  12808.0       .0     43.3     11.8     10.9
       .0     86.6     12.9     28.5  27803.4  30214.1
      -8.0      57.8      -6.4      57.2
       -.8      32.2       -.4      14.6
       -.2      29.1       -.3       9.4
        .2      33.2       -.3       8.7
 51231  -.124476  -.933570  -.336085
  68457.3  12773.3       .0     43.3     10.6     17.4
       .0     86.6     13.3     27.6  28772.0  32516.5
     -11.1      56.4      -6.0      59.7
      -1.3      34.6       -.5      14.5
       -.6      32.7       -.4       9.4
       -.1      36.4       -.3       8.7
 51232  -.114443  -.944153  -.308995
  74699.6  12608.3       .0     43.3      9.3     34.1
       .0     86.6     13.2     27.0  34775.7  37094.1
     -11.1      53.4      -5.1      64.3
       -.6      32.3       -.4      16.8
        .0      29.5       -.1       8.9
       -.2      33.2       -.4       7.8
 51233  -.105828  -.952448  -.285734
  81182.9  12575.1       .0     43.3      9.4     22.8
       .0     86.6     13.1     26.3  37736.1  40738.6
      -9.3      59.1      -7.9      68.7
       -.3      35.6       -.3      17.0
       -.3      33.9       -.4       8.7
        .4      38.4       -.3       7.6
 51234   .872340  -.130851  -.471064
  49517.0   9482.2       .3     29.9     44.3    165.1
       .2     70.2     11.9     57.7  12542.9  16162.6
      -7.8      61.1       9.4      55.7
       -.7      11.7       1.5      31.9
       -.3       6.0       1.1      26.3
       -.3       5.8        .7      33.2
 51235   .848868  -.141478  -.509321
  45526.7   9869.6      -.4     30.0     -1.3    146.7
      -.3     71.0     11.9     57.7  11143.3  14772.6
      -6.2      58.4       9.5      55.8
       -.4      11.2        .7      32.2
       -.3       6.8        .9      26.1
       -.5       6.4        .9      29.9
 51236   .819017  -.153566  -.552837
  41824.0  10224.0      -.4     30.3     30.4    121.5
      -.3     71.3     10.7     24.5  11730.9  15342.3
      -6.4      55.7       6.0      55.2
       -.7      10.9       1.5      30.4
       -.2       6.7        .7      24.6
       -.3       6.7        .7      26.6
 51237   .780626  -.167277  -.602197
  38091.7  10817.7      -.1     30.9     19.8    100.0
      -.1     72.1     12.5     18.8  12635.7  14523.9
      -8.4      58.6       6.9      53.1
       -.8      10.0        .8      30.1
       -.3       7.3        .7      23.7
       -.3       7.3        .5      25.1
 51238   .730784  -.182696  -.657706
  34695.8  11686.8      -.8     31.3     20.9     68.5
      -.4     72.7     12.2     15.2  11918.4  13299.6
      -9.2      61.0       7.3      53.0
       -.7      10.5       1.7      27.7
       -.6       7.5        .4      21.6
       -.3       7.6        .7      23.1
 51239   .665721  -.199716  -.718978
  31485.3  12966.8      -.2     32.1     18.3     31.9
      -.3     73.6     12.5     21.4  11101.4  12384.0
      -7.5      55.3       5.7      48.9
       -.6       9.8       1.5      25.7
       -.5       7.4        .1      19.9
       -.5       7.7        .2      21.3
 51240   .580932  -.217849  -.784258
  29047.6  15402.0      -.4     32.9     12.9     14.3
      -.4     74.0     12.7     29.6   8726.4   9281.5
      -6.4      54.3       6.1      45.8
       -.4       9.8        .8      20.7
       -.5       7.4        .5      15.1
       -.5       7.7        .4      16.2
 51241   .471929  -.235965  -.849473
  27065.1  19529.4      -.7     33.6     12.8     13.3
      -.5     74.5     12.7     38.6   8844.9   9650.7
      -5.3      51.9       4.5      43.0
       -.7       9.7        .9      14.3
       -.8       7.3        .5      10.4
       -.4       7.8        .7       9.8
 51242   .336099  -.252074  -.907467
  25700.5  22335.8      -.6     33.9     12.8     19.1
      -.6     74.9     12.8     46.9   7906.3   8821.0
      -6.1      53.9       4.0      45.6
       -.7      10.1        .7       9.2
       -.5       7.1        .4       6.2
       -.7       7.4        .2       5.7
 51243   .175655  -.263482  -.948537
  24952.4  21414.1      -.6     33.7     12.4     25.9
      -.6     75.0     12.4     54.6   8345.4   8847.6
      -7.0      52.3        .4      63.5
       -.7       9.5       -.1       6.5
       -.5       6.8       -.2       3.0
       -.3       6.3       -.1       3.0
 51244   .000000  -.267644  -.963518
  24532.8  20967.7      -.5     33.7     11.9     24.6
      -.4     75.1     11.9     53.1   8180.6   8687.1
      -3.5      51.5       1.1      56.3
       -.6       9.8        .1       6.4
       -.4       6.6       -.1       3.8
       -.5       6.2       -.1       4.1
 51245  -.088862  -.266585  -.959706
  24313.3  21050.7      -.3     34.3     11.9     21.4
      -.2     75.4     11.9     49.5   7686.9   8338.9
      -4.8      49.4        .4      46.8
       -.8      10.0       -.3       7.5
       -.2       7.0       -.3       5.8
       -.7       6.3       -.5       6.2
 51246  -.175655  -.263482  -.948537
  24335.2  21270.6      -.4     34.6     11.7     18.7
      -.4     75.5     11.8     45.8   7462.3   8179.9
      -3.9      48.6      -2.5      40.5
       -.7       9.3       -.6       9.9
       -.4       6.9       -.4       7.9
       -.8       6.8       -.6       8.5
 51247  -.258544  -.258544  -.930758
  24534.7  20312.9      -.7     34.4     11.7     16.6
      -.5     75.5     11.8     42.3   7447.2   7999.3
      -1.9      54.9      -2.8      38.8
       -.2       9.4       -.5      12.2
       -.4       7.2       -.8       9.9
       -.6       7.2       -.7      10.6
 51248  -.336099  -.252074  -.907467
  25024.4  17768.1      -.8     34.5     11.1     15.5
      -.8     75.5     11.7     38.7   7309.8   7742.2
      -3.9      53.7      -2.1      39.2
       -.6       9.5       -.6      15.0
       -.6       7.4       -.9      12.2
       -.5       7.1      -1.1      13.3
 51249  -.407380  -.244428  -.879941
  25482.1  15317.7      -.9     34.6     11.3     16.9
      -.6     75.5     12.1     34.8   7147.4   7605.6
      -1.7      55.0      -4.7      42.5
       -.1       9.6       -.9      17.8
       -.2       7.4       -.9      14.7
       -.5       7.0      -1.1      18.0
 51250  -.471929  -.235965  -.849473
  26416.8  14044.9      -.9     34.3     10.6     23.1
      -.8     75.4     11.7     31.2   7312.3   7955.7
      -3.2      56.7      -5.5      45.6
       -.5       9.7      -1.8      21.9
       -.2       7.4      -1.4      18.0
       -.4       7.4      -1.3      20.7
 51251  -.529695  -.227012  -.817244
  27365.9  12647.6      -.2     34.3      6.9     41.7
      -.2     75.2     12.1     27.3   7463.3   8064.7
      -2.1      57.9      -3.8      46.8
       -.4      10.4      -1.0      25.2
       -.6       7.9      -1.2      20.5
       -.4       7.7      -1.1      23.3
 51252  -.580932  -.217849  -.784258
  28438.8  11942.4       .2     34.1      7.2     58.7
       .0     74.8     12.2     23.9   7513.1   7943.0
        .6      55.3      -4.0      46.7
       -.7      10.2      -1.7      27.1
       -.5       7.6      -1.4      22.4
       -.6       7.7      -1.2      25.0
 51253  -.665721  -.199716  -.718978
  31106.6  10632.4      -.3     34.2      9.4     77.5
      -.1     74.0     12.6     20.3   7413.1   8059.6
       1.8      58.3      -4.8      50.7
       -.1      10.7      -1.4      28.8
       -.3       7.6       -.2      24.4
       -.4       7.6      -1.4      28.9
 51254  -.730784  -.182696  -.657706
  34044.1   9943.0      -.6     34.8      8.1    104.8
      -.3     73.5     15.5     26.3   7425.6   8000.6
      -3.7      58.2      -5.9      55.6
       -.8      10.5      -1.8      32.1
       -.2       7.5      -1.2      27.6
       -.2       7.3      -1.9      34.8
 51255  -.780626  -.167277  -.602197
  37195.1   9523.6      -.2     35.4      9.6    126.8
       .1     73.1     21.4     35.2   7646.5   8164.2
       -.4      57.8      -4.4      53.8
       -.6      10.6       -.6      33.3
        .0       7.0      -1.4      28.4
       -.1       6.6      -2.3      41.6
 51256  -.819017  -.153566  -.552837
  40620.3   9157.3       .0     36.1      7.8    153.7
       .0     72.4     11.9     57.7   7680.8   8255.3
       1.5      59.7      -5.7      58.1
       -.2      11.2       -.6      34.9
        .1       6.7       -.6      31.9
        .0       6.7       -.2      51.0
 51257  -.848868  -.141478  -.509321
  44332.9   8846.4      -.3     36.2      6.0    176.6
       .1     72.0     11.9     57.7   7963.3   8701.2
        .6      58.5      -3.8      56.8
        .2      10.6       -.4      35.9
       -.4       6.3       -.4      32.3
       -.2       7.1      -1.5      60.4
 51258  -.872340  -.130851  -.471064
  48085.7   8713.2      -.4     37.3     15.4    199.7
       .0     71.4     11.9     57.7   8111.7   8852.2
       4.0      62.6      -6.5      59.6
       -.2      12.6       -.6      38.3
        .0       6.1       -.3      34.4
       -.3       6.4      -2.1      72.5
 51259  -.891017  -.121502  -.437408
  51653.5   8491.9      -.4     37.8      -.5    221.8
      -.1     71.0     11.9     57.7   8206.3   8884.0
       4.1      64.4      -4.9      59.5
        .1      13.3       -.4      38.4
       -.1       6.3       -.4      37.1
        .1       7.8      -1.8      81.0
 51260  -.906054  -.113257  -.407724
  55216.4   8402.0      -.4     38.4    -11.5    244.6
       .0     70.7     11.9     57.7   8229.7   8791.1
        .4      66.1      -6.8      57.2
        .0      14.2        .8      40.5
       -.3       6.7        .3      39.3
       -.3       7.1      -1.2      95.0
 51261  -.918298  -.105957  -.381447
  59266.6   8346.0       .4     39.0     13.2    274.0
       .3     70.2     11.9     57.7   8597.7   9569.7
       5.6      68.2      -6.3      59.9
       -.1      15.1       1.1      40.5
       -.4       7.5        .7      40.7
       -.3       7.8       -.8     103.5
 51262  -.928375  -.099469  -.358087
  63040.7   8332.8      -.2     38.8    -10.8    293.2
       .3     70.0     11.9     57.7   8726.7   9493.7
       4.9      64.9      -5.6      57.7
        .0      17.4        .7      41.4
       -.4       8.3       -.1      44.4
       -.2       9.5      -3.0     111.2
 51263   .850763  -.255229  -.459412
  49479.2   9710.4      -.1     25.3     30.2    169.1
      -.2     54.7     11.9     57.7   9821.7  11556.6
      -7.0      55.3       9.1      57.2
       -.4      15.8       1.2      32.4
       -.4      11.7       1.1      28.5
       -.4      11.5       -.3      40.6
 51264   .824475  -.274825  -.494685
  45652.3  10060.0      -.1     23.0     32.7    142.9
      -.3     56.0     11.9     57.7  10317.1  12559.9
      -6.7      50.8       8.2      56.2
       -.7      16.8       1.6      33.1
       -.8      12.4        .2      27.7
       -.2      12.6        .2      35.3
 51265   .791497  -.296812  -.534261
  42063.1  10543.7      -.5     21.9     58.7    121.6
      -.3     57.0     11.9     57.7  10041.3  12496.1
      -8.6      51.8       8.4      54.1
       -.9      17.2       1.2      32.0
       -.1      12.7        .6      26.2
       -.5      12.8        .1      30.2
 51266   .749790  -.321338  -.578409
  38665.6  11241.2      -.4     21.5     12.8    101.6
      -.1     58.2      9.4     21.9  11231.6  13543.7
      -7.2      50.4       6.8      55.1
       -.4      17.8        .6      30.8
       -.8      13.6        .8      25.2
       -.2      14.0        .1      27.8
 51267   .696733  -.348367  -.627060
  35707.8  12169.1      -.3     22.1     23.9     65.5
      -.1     59.3     12.1     17.0  11254.4  13087.2
      -4.9      53.7       5.7      53.5
       -.7      17.6        .9      27.5
       -.8      14.0        .9      22.5
       -.6      13.9        .1      24.9
 51268   .629142  -.377485  -.679474
  32789.0  13638.6      -.6     23.1     22.5     33.3
      -.4     60.3     12.6     21.2  11646.2  12845.5
      -6.6      51.2       4.7      51.9
       -.7      17.6        .6      26.2
       -.5      14.2        .8      21.1
       -.8      14.6        .4      22.8
 51269   .543526  -.407645  -.733761
  30344.4  16141.5      -.5     24.4     12.2     15.0
      -.4     61.5     12.1     29.4   9445.0  10129.3
      -5.7      48.0       5.6      43.7
       -.7      17.6        .6      21.3
       -.4      14.2        .3      15.9
       -.7      14.5        .0      17.0
 51270   .436852  -.436852  -.786334
  28669.8  19808.2      -.9     25.6     12.5     13.5
      -.6     62.1     12.5     38.2   9444.5  10141.4
      -7.3      50.8       3.5      42.4
       -.7      17.5        .7      14.4
       -.8      13.7        .3      10.7
       -.5      13.9        .6      10.6
 51271   .308021  -.462031  -.831656
  27481.6  21720.8      -.9     25.4     12.2     18.8
      -.4     62.6     12.4     46.5   9060.2   9774.7
      -8.4      52.2       4.3      49.9
      -1.1      17.3        .5       8.9
       -.8      13.4        .2       6.6
       -.7      13.9        .3       6.4
 51272   .159801  -.479402  -.862924
  26882.1  21093.3      -.5     24.5     12.0     25.7
      -.3     62.2     12.1     54.4   9074.7   9864.6
      -4.7      49.0        .2      65.0
       -.9      17.3        .3       9.2
      -1.0      12.4        .2       3.0
       -.6      11.9       -.2       3.0
 51273   .000000  -.485643  -.874157
  26584.5  20421.3      -.7     24.0     12.0     24.5
      -.5     62.3     12.1     52.8   9267.6   9749.5
      -4.7      50.1        .0      64.0
      -1.0      17.2       -.4       7.2
       -.5      12.4        .0       3.9
       -.6      11.5       -.2       4.0
 51274  -.080677  -.484060  -.871308
  26376.4  20285.9      -.7     25.2     11.7     21.3
      -.6     62.6     11.9     49.1   8595.4   9213.4
      -3.6      49.0        .3      50.1
       -.8      17.7       -.4       8.0
       -.6      13.0       -.4       5.7
       -.8      12.2       -.5       6.3
 51275  -.159801  -.479402  -.862924
  26301.8  20323.2      -.7     25.8     11.7     18.6
      -.7     63.2     11.8     45.5   8464.8   9002.6
      -3.4      48.6      -3.0      45.5
       -.7      17.3       -.4       9.8
       -.7      13.1       -.2       7.9
       -.7      13.0       -.6       8.8
 51276  -.235965  -.471929  -.849473
  26356.3  19795.5      -.7     26.4     11.5     16.7
      -.5     63.1     11.9     41.7   8685.7   9221.1
      -4.5      48.2      -3.4      40.5
      -1.1      17.5       -.9      12.5
       -.5      13.7       -.3      10.3
       -.4      13.7       -.7      11.0
 51277  -.308021  -.462031  -.831656
  26798.1  18207.9      -.3     26.4     11.2     16.0
      -.1     63.1     12.1     37.9   7901.3   8517.4
      -3.8      48.9      -4.1      40.4
      -1.1      17.6       -.5      15.4
       -.2      13.7       -.7      12.9
       -.5      13.6       -.7      13.8
 51278  -.375145  -.450175  -.810314
  27300.0  16703.3     -1.0     26.2     10.6     17.2
      -.4     63.2     11.9     34.3   7732.6   8408.7
      -4.8      49.7      -3.5      41.4
       -.6      17.8       -.8      18.4
       -.9      14.3      -1.3      15.7
       -.4      13.8      -1.4      18.2
 51279  -.436852  -.436852  -.786334
  28013.2  15331.5      -.5     26.4     10.4     21.5
      -.4     62.7     12.0     30.4   8054.2   8786.4
      -3.4      48.6      -3.9      43.5
      -1.0      18.1      -1.2      22.2
       -.2      14.4      -1.2      18.3
       -.5      14.0      -1.3      21.6
 51280  -.492958  -.422535  -.760563
  28791.2  13792.1      -.2     26.0      7.2     36.1
      -.2     62.6     12.1     26.9   8180.4   8851.2
      -4.0      49.8      -5.6      47.6
       -.9      18.1       -.8      25.3
       -.6      14.8      -1.2      21.0
       -.7      14.6      -1.4      23.8
 51281  -.543526  -.407645  -.733761
  29838.4  12973.6      -.7     25.6       .0     51.7
      -.5     61.9     12.2     24.1   8164.9   8975.1
      -4.9      51.1      -6.5      50.1
       -.4      17.9      -1.0      27.5
       -.3      14.7      -1.2      23.0
       -.7      14.9      -1.5      25.8
 51282  -.629142  -.377485  -.679474
  32183.3  11506.5       .0     26.6      7.6     77.5
      -.2     61.3     12.2     21.9   8013.3   8481.6
      -3.3      53.1      -5.5      52.7
       -.6      18.3       -.9      29.4
        .2      14.7       -.4      25.2
       -.5      14.7      -1.7      29.5
 51283  -.696733  -.348367  -.627060
  34642.1  10469.3      -.5     29.6      1.4    108.8
      -.1     60.2     11.6     26.9   7929.6   8458.7
      -3.0      50.7      -7.8      57.1
       -.4      17.4       -.6      32.7
       -.3      14.1      -1.1      28.2
       -.1      14.4      -1.4      36.3
 51284  -.749790  -.321338  -.578409
  37707.6   9900.9      -.5     32.7      3.4    129.8
      -.2     59.1     12.8     31.8   7915.9   8367.5
       -.8      49.4      -6.4      57.3
       -.4      16.6       -.8      33.8
       -.4      12.9      -1.2      31.0
       -.2      13.0      -1.2      45.5
 51285  -.791497  -.296812  -.534261
  40425.3   9419.7      -.7     35.9      -.6    153.1
       .2     58.0     11.9     57.7   7576.5   8268.5
        .3      51.0      -5.8      56.9
       -.3      16.1       -.8      36.8
       -.4      12.7        .4      34.5
       -.3      12.6      -2.1      58.3
 51286  -.824475  -.274825  -.494685
  43823.2   9210.6     -1.0     38.5    -10.2    175.4
       .0     57.1     11.9     57.7   7815.0   8475.4
       -.9      52.5      -9.0      58.6
       -.1      15.9       -.2      38.7
       -.2      11.9       -.6      38.4
        .0      12.0      -1.6      69.7
 51287  -.850763  -.255229  -.459412
  47054.0   8949.1      -.5     40.8      6.3    202.0
      -.4     56.3     11.9     57.7   7945.4   8433.4
      -1.7      51.8      -5.8      60.8
       -.4      15.5       -.9      40.6
       -.2      11.6        .2      42.7
        .2      12.3      -2.8      82.9
 51288  -.871918  -.237796  -.428033
  50592.4   8768.4      -.7     42.4      6.9    225.1
       .4     55.2     11.9     57.7   8123.0   8626.2
       1.7      53.6      -5.5      59.0
        .0      15.3       -.4      42.0
        .3      11.0       -.5      43.8
        .0      12.1      -2.0      94.4
 51289  -.889108  -.222277  -.400099
  54073.3   8689.7      -.2     44.5    -24.4    246.6
       .1     54.5     11.9     57.7   8217.1   8949.5
       1.3      50.4      -7.0      61.0
       -.2      15.4        .1      43.7
       -.1      11.3        .0      46.5
        .1      12.6       -.4     108.4
 51290  -.903213  -.208434  -.375181
  57278.6   8595.8      -.8     45.4     -4.8    268.9
       .0     53.8     11.9     57.7   8533.5   9182.6
       1.5      51.8      -5.4      59.1
        .0      15.1       -.4      44.8
       -.2      10.2        .1      50.7
       -.2      14.4      -1.7     119.2
 51291  -.914896  -.196049  -.352888
  60821.3   8486.8       .1     47.1    -21.4    290.5
      -.3     53.4     11.9     57.7   8475.2   9112.1
        .0      54.5      -2.7      57.9
        .2      15.4        .9      47.4
        .0      10.4        .5      53.7
        .6      14.7       1.1     128.4
 51292   .469758  -.845564  -.253669
  87260.9  14260.8       .0     43.3     11.9     28.9
       .0     86.6     11.9     57.7  36503.7  41291.5
     -11.1      58.9       2.8      55.8
       -.7      37.2        .5      27.0
        .0      35.5        .6      21.9
       -.2      41.7        .2      24.9
 51293   .431934  -.863868  -.259161
  85345.1  14121.0   -138.0    340.2     70.3    139.3
       .0     86.6     11.9     57.7  29779.5  35680.2
      -7.1      54.5        .8      56.8
      -1.1      36.2        .5      25.9
        .6      36.1       -.2      22.4
        .3      43.8        .4      25.0
 51294   .391687  -.881295  -.264388
  84279.4  14017.7   -156.4    310.5     70.5    118.0
       .0     86.6     11.9     57.7  25799.0  33386.1
     -13.2      60.3       2.5      58.9
       -.3      36.9        .4      24.0
        .1      36.1        .4      19.2
       -.2      45.3        .1      22.5
 51295   .349059  -.897580  -.269274
  82811.2  13692.1   -192.5    276.5     55.1    103.2
       .0     86.6     11.9     57.7  21320.5  30703.2
      -9.4      58.4       3.5      62.4
       -.6      37.4        .5      23.3
       -.6      35.8        .3      17.6
        .6      46.5       -.4      21.0
 51296   .304150  -.912449  -.273735
  81559.8  13462.5   -123.8    337.2     34.0     91.8
       .0     86.6     13.0      6.3  20330.0  24859.1
      -8.5      57.9      -2.3      61.8
       -.9      37.8        .3      21.6
       -.1      37.3       -.3      15.9
        .7      49.5       -.4      15.9
 51297   .257118  -.925624  -.277687
  80997.2  13222.4    -97.0    347.2     24.4     74.0
       .0     86.6     12.3      8.5  21013.5  24573.4
      -6.9      55.3       -.3      55.6
      -1.4      37.2        .3      19.6
       -.5      37.1        .0      14.0
      -1.3      50.4        .0      14.3
 51298   .208187  -.936839  -.281052
  80549.3  12980.6   -122.2    337.0      8.6     56.4
       .0     86.6     12.7     17.5  20396.6  26651.0
     -10.1      57.5       3.3      63.1
       -.9      36.6       -.2      18.3
        .1      36.8       -.2      11.5
        .6      51.1       -.3      10.7
 51299   .157642  -.945850  -.283755
  80731.9  12918.7     21.2    349.6     11.0     20.7
       .0     86.6     13.3     28.9  27698.9  33496.1
     -10.4      57.3       1.2      64.6
       -.6      36.4       -.4      18.0
       -.8      35.0        .0       8.6
        .6      48.7       -.1       7.8
 51300   .105828  -.952448  -.285734
  80592.9  12732.0   -101.8    337.7     12.9     14.1
       .0     86.6     13.0     40.8  25534.1  33361.3
     -10.6      58.8      -4.7      82.7
       -.4      35.8       -.1      19.1
       -.4      36.1       -.1       6.5
       -.5      45.9       -.2       5.2
 51301   .053137  -.956473  -.286942
  81133.3  12614.6       .0     43.3     12.7     23.9
       .0     86.6     12.7     52.3  36020.8  40103.6
      -9.8      58.2      -4.0      94.6
      -1.3      35.4      -1.2      37.8
       -.6      34.9       -.5      11.0
       -.3      41.1       -.3       3.2
 51302   .000000  -.957826  -.287348
  81200.1  12605.2       .0     43.3     12.8     21.9
       .0     86.6     12.9     49.8  40727.2  42880.8
      -8.6      59.1      -8.3      88.6
       -.9      34.8       -.3      30.9
      -1.1      33.4        .0       9.0
       -.7      35.8        .2       3.7
 51303  -.026597  -.957487  -.287246
  81575.3  12660.7       .0     43.3     13.0     15.7
       .0     86.6     13.1     44.0  41279.0  43121.2
     -10.4      56.1      -7.2      76.7
       -.9      35.0       -.6      23.2
       -.8      33.3        .0       5.7
       -.6      34.7        .0       4.0
 51304  -.053137  -.956473  -.286942
  81314.0  12533.9       .0     43.3     13.3     10.7
       .0     86.6     13.3     38.0  40825.7  42063.1
     -11.7      58.7      -5.8      78.8
       -.7      35.1       -.4      19.0
       -.2      33.3        .0       6.0
       -.3      36.0       -.3       5.0
 51305  -.079566  -.954790  -.286437
  81148.5  12569.8       .0     43.3     12.6      8.1
       .0     86.6     13.1     32.2  37733.0  41522.4
      -8.1      58.2      -4.3      72.6
       -.7      35.3       -.5      18.9
       -.5      33.8       -.1       7.5
        .2      38.1       -.2       6.4
 51306  -.105828  -.952448  -.285734
  81016.4  12647.9       .0     43.3     11.3     25.8
       .0     86.6     13.1     26.4  37403.7  40726.6
      -7.8      57.1      -7.6      68.4
        .0      35.6       -.4      16.4
        .0      34.5       -.3       8.7
        .1      38.5       -.3       7.7
 51307  -.131870  -.949462  -.284838
  81082.8  12603.3   -118.0    328.6      3.7     53.5
       .0     86.6     13.2     20.6  30798.3  38308.2
      -9.6      57.3      -5.3      63.3
       -.1      35.6       -.4      17.3
        .2      34.2       -.2      10.2
        .0      40.3       -.6       9.4
 51308  -.157642  -.945850  -.283755
  80775.0  12679.7   -101.0    345.6     23.2     90.4
       .0     86.6     13.4     15.1  29447.9  37125.7
      -7.9      59.9      -8.4      64.1
       -.5      36.1       -.2      17.3
        .6      35.0       -.2      11.3
        .7      42.4       -.4      10.2
 51309  -.183096  -.941634  -.282490
  80319.1  12594.9    -92.4    355.4     -1.9     73.1
       .0     86.6     13.1     10.6  27309.6  34954.0
      -7.3      55.6      -8.0      57.5
       -.3      36.6       -.3      17.1
        .5      34.8        .1      12.6
        .2      42.2       -.5      12.4
 51310  -.208187  -.936839  -.281052
  80923.8  12633.8   -219.4    281.4     -7.3     74.2
       .0     86.6     12.7      8.9  28986.5  35373.1
      -7.7      60.0      -8.7      63.4
        .1      36.1       -.2      18.8
       -.2      35.3       -.1      12.5
        .4      43.8        .1      13.3
 51311  -.257118  -.925624  -.277687
  81175.9  12862.3   -125.5    330.9    -30.8     84.1
       .0     86.6     12.4      5.6  27039.2  32820.7
      -9.1      57.3     -11.7      58.1
      -1.0      36.8       -.2      20.5
       -.6      35.6        .0      15.4
        .6      45.0       -.2      15.4
 51312  -.304150  -.912449  -.273735
  81928.3  12907.7     52.0    348.1     23.5    123.0
       .0     86.6     11.9     57.7  25465.8  34643.4
      -8.6      57.0     -10.9      57.3
       -.1      36.2       -.1      21.4
       -.7      35.2       -.1      17.0
        .9      44.4        .2      20.8
 51313  -.349059  -.897580  -.269274
  82939.5  13153.4   -146.0    320.1    -41.0    125.6
       .0     86.6     11.9     57.7  27479.1  32706.2
      -8.3      57.9     -10.1      54.7
        .0      36.5        .0      23.3
        .5      35.8        .4      19.3
        .4      43.7        .1      23.0
 51314  -.391687  -.881295  -.264388
  84122.1  13351.4       .0     43.3     11.9     28.9
       .0     86.6     11.9     57.7  33218.0  38961.8
      -7.3      60.9      -6.7      52.8
       -.6      36.9        .1      24.6
       1.0      35.2        .9      20.9
        .6      42.2        .0      23.5
 51315  -.431934  -.863868  -.259161
  84997.9  13552.5       .0     43.3     11.9     28.9
       .0     86.6     11.9     57.7  35918.5  39462.9
      -9.8      61.1      -8.4      54.1
       -.2      36.8        .0      25.9
       -.2      34.9        .2      21.6
        .0      41.9       -.2      25.3
 51316  -.469758  -.845564  -.253669
  87238.2  13730.5       .0     43.3     11.9     28.9
       .0     86.6     11.9     57.7  39054.7  42095.3
      -8.3      60.6      -9.4      53.9
        .1      35.8        .5      27.9
       -.5      34.5        .2      24.2
        .8      41.1        .7      27.5
 51317  -.505162  -.826628  -.247988
  88575.9  13514.0       .0     43.3     11.9     28.9
       .0     86.6     11.9     57.7  38931.3  41691.8
      -6.8      60.2      -8.3      50.5
       -.5      35.9       -.1      29.2
        .9      35.5        .8      26.0
        .6      40.5        .1      28.5
 51318  -.538187  -.807280  -.242184
  90430.9  13543.2    -23.9    324.7    -54.9    244.6
       .0     86.6     11.9     57.7  27898.3  40779.0
      -4.1      59.2      -6.4      51.3
       -.1      36.0        .2      31.1
        .4      35.0        .5      28.7
        .5      40.8        .6      33.0
 51319  -.568907  -.787718  -.236315
  92580.0  13450.9       .0     43.3     11.9     28.9
       .0     86.6     11.9     57.7  29420.3  35831.8
      -6.4      61.5      -6.1      51.2
        .4      35.9       1.0      31.8
        .0      34.0        .8      28.4
       1.1      48.2       1.5      40.3
 51320  -.597418  -.768109  -.230433
  94304.8  13121.3   -143.6    302.7   -129.0    279.5
       .0     86.6     11.9     57.7  22089.2  26810.5
      -7.1      59.5      -6.7      51.8
        .3      35.5        .8      33.6
        .3      35.6        .7      31.5
        .8      60.6        .6      52.2
