Dot1_150x100_prd2012lk:dj0055a@-220V,3.8T@90d,277K,rhe=1.10,rhh=0.7, 0.65/1.30  
  7712   1  3.80  60   5  29   0  220.00  277.00     .55 1.02500  1750.0    1.27   90.05  150.  100.  285.  2200.0     .63   45.02    1.50    1.00     .85
 51401   .000000   .000000 -1.000000
  24897.8  19023.4      -.3     43.0     44.7     10.5
      -.3     86.1     45.1     38.2  10381.4  10837.3
       1.4      73.0        .6      40.6
      -1.2      12.4      -1.4      12.3
      -2.2       2.5      -1.5       9.9
       -.4        .0      -1.8       9.4
 51402   .000000  -.130455  -.991454
  24930.1  19153.8      -.1     37.1     44.4     11.1
      -.1     79.6     45.1     38.5   9400.4   9994.0
      -4.9      57.5      -2.4      40.7
      -1.0       5.9       -.9      12.2
       -.9       3.5      -1.4      10.0
       -.9       3.5      -1.8       9.7
 51403   .000000  -.254493  -.967075
  25395.5  19748.9      -.7     30.7     44.3     11.5
      -.5     72.7     45.0     38.5   9070.3   9689.7
      -4.4      51.2       -.4      40.8
      -1.3       9.1      -1.3      12.1
      -1.2       6.9      -1.5      10.0
      -1.4       6.8      -2.0       9.8
 51404   .000000  -.367167  -.930155
  26345.6  20123.2      -.8     24.6     44.4     11.5
      -.7     65.7     45.1     38.2   9748.2  10320.7
      -8.0      50.8      -1.5      42.1
      -1.3      13.7      -1.3      12.2
      -1.3       9.9      -1.6       9.9
      -1.4      10.0      -1.9       9.7
 51405   .000000  -.465746  -.884918
  27569.1  20367.9     -1.0     19.1     44.5     11.4
      -.6     58.0     45.2     37.8  10654.7  11240.9
      -4.7      49.7        .0      42.7
      -1.6      17.5      -1.5      12.5
      -1.3      13.0      -1.4       9.5
      -1.3      12.8      -1.9       9.7
 51406   .000000  -.549617  -.835417
  29227.7  19903.0      -.9     15.2     44.7     11.0
      -.2     50.1     45.4     37.3  10833.8  11846.1
      -8.4      55.0        .4      44.7
      -1.5      21.8      -1.3      11.9
      -1.0      16.1      -1.5       9.5
      -1.8      16.0      -1.9       9.4
 51407   .000000  -.619644  -.784883
  30967.7  18404.5     -1.9     17.0     45.0     10.4
      -.6     41.9     45.7     36.9  11582.9  12577.2
      -8.6      59.7        .5      45.2
      -1.9      26.9      -1.3      12.6
      -1.6      19.2      -1.3       9.4
      -1.7      19.1      -1.6       9.3
 51408   .000000  -.677476  -.735545
  32949.9  16816.8     -8.1     20.9     45.2      9.7
       .0     33.8     46.0     36.2  14328.7  15175.7
      -8.2      62.3        .7      50.5
      -2.1      30.9      -1.2      12.2
      -1.3      22.4      -1.2       9.4
      -2.1      22.2      -1.7       9.4
 51409   .000000  -.724999  -.688749
  35371.0  15883.8       .6     43.3     45.3      9.4
      -.4     26.0     46.1     35.9  15576.4  16408.6
      -8.7      62.4       -.1      49.0
      -2.1      33.5      -1.4      12.0
      -1.5      24.3      -1.1       9.1
      -2.0      25.3      -1.6       8.8
 51410   .000000  -.764030  -.645181
  37409.2  15141.4       .6     43.3     45.6      8.7
      -.4     19.2     46.4     35.3  17034.9  17664.4
      -9.2      61.5       1.5      49.5
      -2.3      32.9      -1.2      11.7
      -1.8      25.5      -1.1       8.8
      -2.5      27.0      -1.7       8.5
 51411   .000000  -.796162  -.605083
  39999.8  14592.3       .6     43.3     45.6      8.3
     -1.1     17.0     46.6     34.8  17551.9  18409.9
      -9.9      58.9       1.2      51.3
      -2.1      30.8      -1.4      12.2
      -1.5      26.5      -1.2       8.7
      -2.3      29.2      -1.3       8.2
 51412   .000000  -.822730  -.568432
  42520.2  14146.4       .6     43.3     45.9      7.7
      -.3     22.4     46.7     34.5  19363.0  20432.8
     -10.3      58.1       -.1      46.9
       -.6      28.7       -.7      12.0
      -1.2      25.4      -1.0       8.6
      -1.8      29.6      -1.5       8.1
 51413   .000000  -.844819  -.535052
  45166.5  13771.1       .6     43.3     46.0      7.2
      5.3     24.3     46.8     34.1  23037.0  23679.5
      -9.2      55.2       1.5      54.2
      -1.2      27.2       -.9      12.6
      -1.3      22.8      -1.0       8.2
      -2.0      26.9      -1.5       7.9
 51414   .000000  -.863297  -.504697
  48106.8  13550.1       .6     43.3     46.2      6.8
       .6     86.6     47.1     33.6  23649.9  24919.2
      -9.1      55.3        .7      56.3
      -1.6      27.5      -1.0      13.8
      -1.6      23.1       -.9       8.1
      -1.7      24.3      -1.3       7.6
 51415   .000000  -.878853  -.477092
  50975.5  13315.7       .6     43.3     46.5      6.5
       .6     86.6     47.2     33.4  25153.4  26230.3
      -9.5      55.4       2.1      53.9
      -1.5      29.3       -.7      13.5
      -1.1      25.6       -.9       8.0
      -1.5      25.9      -1.2       7.4
 51416   .000000  -.892036  -.451965
  53459.8  13187.1       .6     43.3     46.7      6.0
       .6     86.6     47.5     33.1  27072.0  28231.9
      -9.2      56.6       2.0      59.8
      -1.5      29.6      -1.0      12.7
       -.8      27.6       -.8       8.0
      -1.3      30.5      -1.0       7.4
 51417   .000000  -.903278  -.429057
  56619.9  13044.3       .6     43.3     46.9      5.7
       .6     86.6     47.6     32.8  29910.5  31260.7
     -12.2      55.6       2.5      61.9
      -1.2      28.4       -.7      13.3
      -1.4      25.2       -.7       7.8
       -.7      28.2      -1.0       7.0
 51418   .000000  -.912924  -.408131
  59504.7  13023.3       .6     43.3     47.0     10.5
       .6     86.6     47.5     32.6  31085.2  32366.3
     -10.8      57.2       3.8      63.8
      -1.3      28.6       -.8      14.2
      -1.3      24.0      -1.0       8.0
      -1.8      25.3      -1.1       7.0
 51419   .000000  -.921250  -.388972
  62747.7  12850.7       .6     43.3     47.0      5.1
       .6     86.6     47.5     32.2  33995.1  34582.9
     -11.3      54.1        .9      62.4
      -1.6      29.3       -.9      15.5
      -1.8      26.3       -.9       7.6
      -1.3      26.0      -1.1       6.7
 51420   .000000  -.928477  -.371391
  65348.8  12738.8       .6     43.3     47.1      5.0
       .6     86.6     47.6     32.2  35344.6  36670.5
     -12.5      55.9       4.6      65.7
      -1.0      31.1       -.6      14.8
      -1.1      28.0       -.7       7.7
       -.8      30.3       -.9       6.8
 51421   .000000  -.934784  -.355218
  68518.3  12812.0       .6     43.3     47.2      4.7
       .6     86.6     47.8     32.1  37198.8  38697.2
     -10.8      56.8        .5      70.0
      -1.5      29.4       -.6      15.6
       -.9      26.7       -.6       7.6
      -1.3      28.7      -1.0       6.6
 51422   .000000  -.940315  -.340305
  71443.1  12659.7       .6     43.3     47.2      4.6
       .6     86.6     48.0     31.8  40003.4  41107.3
     -12.3      56.4       5.1      68.1
      -1.6      28.3       -.5      15.4
      -1.1      24.6       -.7       7.3
      -1.1      25.6       -.8       6.5
 51423   .000000  -.945190  -.326520
  74566.8  12615.4       .6     43.3     47.3      4.6
       .6     86.6     48.0     31.7  41103.8  42682.3
      -8.2      55.0       -.8      69.1
      -1.2      30.2       -.2      18.6
      -1.2      26.5       -.5       7.4
      -1.3      26.2       -.9       6.3
 51424   .000000  -.949506  -.313750
  77521.6  12585.8       .6     43.3     47.5      4.1
       .6     86.6     47.6     31.6  43712.2  45201.6
     -11.9      57.2       1.8      71.7
      -1.3      31.7       -.6      19.2
      -1.1      28.9       -.7       7.4
       -.9      31.0       -.9       6.3
 51425   .000000  -.953342  -.301892
  80699.3  12611.0       .6     43.3     47.5      4.5
       .6     86.6     48.2     31.5  46413.3  47923.4
     -10.5      54.0       1.8      78.9
       -.7      30.0       -.6      19.3
      -1.3      27.2       -.5       7.6
       -.4      29.3       -.8       6.2
 51426   .000000  -.956767  -.290857
  83661.7  12558.4       .6     43.3     47.7     11.3
       .6     86.6     47.9     31.1  47605.8  49178.5
     -11.4      57.3       2.5      75.8
      -1.1      29.0       -.5      19.7
       -.9      25.2       -.5       7.5
      -1.1      25.7       -.9       6.1
 51427   .000000  -.959834  -.280567
  86794.6  12565.3       .6     43.3     47.6      3.7
       .6     86.6     48.0     31.2  50329.0  51889.9
     -11.4      56.2       3.4      73.6
      -1.5      29.8        .2      20.3
       -.5      26.5       -.4       7.3
      -1.5      25.6       -.9       6.1
 51428   .000000  -.962593  -.270952
  89964.4  12587.4       .6     43.3     47.8      4.1
       .6     86.6     48.4     30.9  51695.7  53565.9
     -11.6      57.9        .9      81.8
       -.9      31.7        .0      21.4
       -.8      29.4       -.5       7.4
       -.4      30.1       -.7       6.2
 51429   .000000  -.965081  -.261951
  93309.7  12513.9       .6     43.3     47.7      3.4
       .6     86.6     48.2     31.0  53872.8  56368.5
      -8.6      54.5       3.8      82.8
      -1.1      30.7       -.4      21.5
      -1.0      27.4       -.5       7.3
      -1.5      29.4       -.6       6.3
 51430   .000000  -.967333  -.253508
  96424.7  12573.5       .6     43.3     47.9      3.4
       .6     86.6     48.1     30.7  57070.0  58565.8
     -13.2      58.7       1.0      82.4
      -1.4      29.0       -.4      21.8
      -1.3      25.5       -.7       7.7
       -.9      26.2       -.7       6.2
 51431   .000000  -.969377  -.245576
  99624.3  12513.5       .6     43.3     47.8      3.2
       .6     86.6     48.4     30.7  58777.5  60308.5
     -12.7      58.0       1.1      84.6
      -1.5      31.0       -.2      24.4
       -.7      26.9       -.4       7.7
       -.6      26.6       -.6       6.0
 51432   .000000  -.971238  -.238110
 102362.0  12498.7       .6     43.3     47.8      3.8
       .6     86.6     48.3     30.6  59518.8  62089.2
     -13.7      58.3       3.4      85.0
      -1.5      32.9       -.3      22.1
       -.5      29.8       -.6       7.3
       -.9      31.5       -.7       6.1
 51433   .000000  -.972937  -.231072
 105717.5  12492.4       .6     43.3     48.0      4.2
       .6     86.6     48.2     30.5  62757.2  64436.4
     -10.7      53.9       2.7      86.8
      -1.3      31.0       -.1      23.3
       -.6      27.8       -.5       7.2
       -.8      29.5       -.6       6.0
 51434   .000000  -.974491  -.224428
 108799.6  12520.4       .6     43.3     48.0      3.3
       .6     86.6     48.3     30.5  64943.8  66980.6
     -11.3      55.2       1.9      90.1
      -1.7      29.6       -.3      25.3
       -.6      25.5       -.5       8.3
       -.6      26.0       -.5       6.0
 51435   .000000  -.975916  -.218146
 111847.7  12567.5       .6     43.3     48.1      2.9
       .6     86.6     48.3     30.3  66002.4  67785.5
     -11.8      55.6       3.6      87.4
      -1.1      30.7       -.1      25.5
       -.6      27.3       -.6       7.2
       -.6      26.2       -.7       5.8
 51436   .000000  -.977227  -.212198
 115193.3  12441.3       .6     43.3     47.7     17.2
       .6     86.6     48.5     30.3  69751.4  71153.0
      -9.1      55.7       3.3      88.7
      -1.0      32.0       -.2      26.1
       -.6      29.5       -.4       8.4
      -1.1      29.8       -.6       6.1
 51437   .000000  -.978434  -.206558
 118405.7  12484.6       .6     43.3     48.1      3.4
       .6     86.6     48.5     30.5  71723.9  73558.2
     -11.2      54.6       5.1      92.5
      -1.5      31.4       -.3      26.5
      -1.1      28.1       -.5       8.5
      -1.7      29.1       -.6       5.9
 51438   .000000  -.979549  -.201205
 121753.1  12452.2       .6     43.3     48.1      3.7
       .6     86.6     48.4     30.1  74324.5  76005.1
     -15.1      56.8       -.3      89.2
      -1.0      29.5        .2      28.9
      -1.0      25.7       -.4       7.8
       -.7      26.0       -.5       5.8
 51439   .000000  -.980581  -.196116
 124348.2  12485.2       .6     43.3     48.1      3.1
       .6     86.6     48.6     30.1  75163.8  77535.2
     -12.4      56.4       5.2      99.3
      -1.5      31.3       -.3      27.2
       -.9      26.8       -.4       8.4
       -.3      25.9       -.5       6.0
 51440   .000000  -.981537  -.191274
 127921.3  12497.3       .6     43.3     48.4      2.4
       .6     86.6     48.5     30.2  77320.0  79908.4
     -11.9      54.4       9.2      95.3
      -1.9      33.5        .1      29.2
       -.5      30.0       -.4       8.7
       -.8      30.8       -.6       6.7
 51441   .000000  -.982424  -.186661
 130783.8  12475.9       .6     43.3     48.3      2.5
       .6     86.6     48.7     30.0  80476.1  82894.0
     -11.5      59.9        .2      96.8
      -1.6      31.7       -.3      29.8
       -.4      28.2       -.3       8.9
       -.9      29.7       -.5       5.9
 51442   .000000  -.983250  -.182261
 133915.0  12531.0       .6     43.3     48.4      2.4
       .6     86.6     48.8     30.2  82693.6  85036.3
     -10.4      51.6       3.5      93.2
      -1.3      30.0        .2      30.1
       -.5      25.6       -.3      10.5
       -.4      26.1       -.5       6.4
 51443   .000000  -.984020  -.178061
 137248.6  12512.4       .6     43.3     48.3      4.0
       .6     86.6     48.6     29.9  84149.2  86404.6
     -14.3      59.1       1.8     101.7
      -1.5      31.0        .0      31.8
       -.6      26.7       -.5       8.5
       -.7      26.0       -.4       6.1
 51444   .000000  -.984737  -.174047
 140477.0  12577.9       .6     43.3     48.6      3.8
       .6     86.6     48.7     29.9  87016.4  89268.2
     -11.3      56.4       2.4      98.8
      -1.8      32.6        .1      32.8
       -.9      29.7       -.4       8.4
       -.6      30.4       -.5       6.3
 51445   .000000  -.985408  -.170207
 143837.4  12511.6       .6     43.3     48.4      3.2
       .6     86.6     48.8     29.9  87799.8  90477.3
     -11.6      57.0       2.7     100.1
      -1.8      32.0       -.5      31.5
       -.5      27.9       -.1       9.3
      -1.1      29.1       -.6       5.9
 51446   .000000  -.986036  -.166531
 146839.3  12520.7       .6     43.3     48.4      3.1
       .6     86.6     48.5     29.8  90137.2  93145.7
      -9.1      54.9        .2     105.1
      -1.5      30.0       -.3      33.2
       -.6      25.8       -.4       9.1
       -.6      26.0       -.5       6.0
 51447   .000000  -.986625  -.163008
 149917.4  12517.4       .6     43.3     48.5      2.9
       .6     86.6     48.9     29.7  93359.5  95902.2
      -9.6      52.0       -.6     104.6
      -1.2      30.8        .4      33.8
       -.9      26.6       -.3       8.9
       -.5      26.5       -.5       6.0
 51448   .000000  -.987696  -.156385
 156241.4  12568.6       .6     43.3     49.2     18.1
       .6     86.6     48.4     29.6  98732.2 101291.3
     -13.0      54.5      -3.2     101.7
      -1.7      32.4       -.5      34.8
       -.5      28.7       -.4       9.3
       -.4      29.7       -.4       5.8
 51449   .000000  -.988644  -.150274
 162687.3  12552.4       .6     43.3     48.4      3.2
       .6     86.6     48.8     29.6 102400.4 105384.4
     -16.2      59.7       4.2     102.0
      -1.3      31.2        .2      35.0
       -.8      26.8       -.2      10.5
       -.3      25.8       -.4       6.0
 51450   .000000  -.989488  -.144617
 169465.9  12571.4       .6     43.3     48.4      3.6
       .6     86.6     48.8     29.5 107228.7 110027.5
      -9.6      56.9       7.0     100.1
      -1.9      32.4        .2      36.9
       -.6      28.1       -.4       9.8
      -1.0      29.2       -.3       7.1
 51451   .000000  -.990241  -.139367
 175363.5  12647.8       .6     43.3     48.6      3.4
       .6     86.6     48.7     29.6 111033.8 114400.1
     -12.1      58.5        .3     105.1
      -2.0      31.2        .3      37.4
       -.6      26.7       -.3       9.9
      -1.2      26.1       -.2       6.2
 51452   .000000  -.990916  -.134481
 181742.6  12619.3       .6     43.3     49.3     19.9
       .6     86.6     48.7     29.5 115604.1 118446.9
     -12.4      54.5       8.4     112.1
      -1.8      32.0        .8      38.2
       -.8      28.3       -.3      11.6
       -.4      29.7       -.5       6.5
 51453   .000000  -.991524  -.129924
 188180.7  12611.4       .6     43.3     48.7      2.1
       .6     86.6     49.0     29.2 120532.8 122778.3
     -12.7      56.3       -.7     111.8
      -1.5      30.6        .6      38.9
       -.8      27.0       -.2      11.3
       -.6      26.3       -.2       6.8
 51454   .000000  -.992073  -.125663
 194452.2  12548.2       .6     43.3     48.8      3.0
       .6     86.6     48.5     29.1 124902.3 127762.6
     -12.7      54.1        .6     106.5
      -1.4      31.6       -.1      39.7
       -.6      28.4       -.3      11.9
       -.1      28.9       -.3       6.1
 51455   .000000  -.992571  -.121670
 201420.7  12568.3       .6     43.3     48.5      4.7
       .6     86.6     48.5     29.2 129947.1 132698.7
     -10.8      56.3       6.2     113.3
      -1.9      31.1        .0      40.0
       -.8      26.8       -.4      11.1
        .2      26.6       -.4       6.8
 51456   .000000  -.993023  -.117921
 207466.5  12716.3       .6     43.3     48.7      3.3
       .6     86.6     48.7     29.3 132636.8 136349.2
     -11.9      52.9       4.0     108.7
      -1.8      31.6       1.2      41.2
       -.5      28.5       -.2      13.1
       -.8      29.7       -.3       6.3
 51457   .000000  -.993435  -.114396
 214074.0  12601.2       .6     43.3     48.8      1.8
       .6     86.6     49.1     29.1 138458.9 141398.7
     -12.2      57.6       2.5     119.0
      -2.1      30.9        .7      41.7
       -.6      26.5       -.1      13.7
       -.3      26.3       -.3       7.2
 51458   .000000  -.993812  -.111073
 220513.5  12658.8       .6     43.3     47.2     28.9
       .6     86.6     48.9     28.9 142098.0 145633.5
      -6.6      45.0       5.1     120.2
      -1.2      31.5       -.1      43.7
       -.5      28.6       -.4      13.8
       -.4      29.3       -.3       7.9
 51459   .000000  -.994158  -.107937
 226932.6  12691.6       .6     43.3     48.5      3.9
       .6     86.6     48.9     29.0 145185.1 150287.0
      -6.3      43.4       5.7     122.7
      -1.5      30.3        .4      45.0
       -.9      27.4       -.2      15.2
       -.4      26.4       -.2       7.6
 51460   .000000  -.994475  -.104972
 233102.0  12683.1       .6     43.3     48.6      3.4
       .6     86.6     49.2     29.1 149758.8 153657.4
      -6.6      42.6      15.2     114.7
      -2.2      31.8       -.4      44.2
       -.7      28.8       -.2      14.0
       -.9      29.1       -.3       8.2
 51461   .903278   .000000  -.429057
  57450.0  10734.3       .3     42.5     45.0     28.9
       .3     85.4     45.0     57.7  32836.7  33785.8
       4.5      79.1      11.9      51.9
       1.0      35.1       1.2      28.2
       -.2      17.7       1.0      20.6
      -1.8       4.7       1.0      20.2
 51462   .887877   .000000  -.460082
  53306.6  11134.9       .4     42.5     45.0     28.9
       .3     85.5     45.0     57.7  28883.8  29710.4
      -1.9      84.2       9.9      52.2
       -.3      34.3       1.1      26.7
       -.4       9.3        .8      20.6
       -.7       4.4       -.2      19.8
 51463   .868777   .000000  -.495203
  49552.6  11639.8       .1     42.7     45.0     28.9
       .1     85.6     45.0     57.7  26800.4  27729.3
        .9      82.7      12.4      53.2
       -.7      31.3        .9      26.7
       -.1      18.8       1.0      19.2
       -.3       1.5        .2      18.7
 51464   .844819   .000000  -.535052
  45699.1  12244.5       .4     42.6     45.0     28.9
       .4     85.6     45.0     57.7  23673.0  24235.6
       3.9      79.3       6.6      51.6
      -1.9      29.7        .3      25.6
       2.6      18.2        .2      18.5
      -2.2       3.8       -.3      18.1
 51465   .814421   .000000  -.580275
  42005.2  13126.4       .4     42.8     45.0     28.9
       .4     85.7     45.0     57.7  21785.3  22465.8
        .1      74.8       8.3      52.7
      -3.4      24.4        .8      24.9
       -.8       4.0       -.3      17.9
       1.4       6.7       -.3      16.8
 51466   .775436   .000000  -.631426
  38771.7  14612.9      -.3     42.9     45.0     28.9
      -.3     85.8     45.8      8.3  18123.2  18892.8
      -4.6      82.0       9.9      51.3
      -1.6      22.8        .3      22.7
        .0       7.7        .0      15.8
      -1.2       2.3       -.6      15.4
 51467   .724999   .000000  -.688749
  35752.2  16715.3       .1     42.8     45.0     28.9
       .1     85.8     46.2     16.8  17209.0  17703.1
        .8      74.9       7.8      50.4
       -.3      20.1       -.6      22.5
      -1.3       3.6       -.8      15.6
       -.6        .3      -1.2      14.3
 51468   .659438   .000000  -.751759
  33279.5  20217.3       .7     42.9     44.9      4.4
       .7     85.9     46.4     27.7  15525.4  16371.6
       3.7      77.5       7.2      49.5
      -2.1      22.2      -1.0      18.6
      -1.1       4.7       -.9      12.2
       -.9       1.4      -1.1      10.5
 51469   .574426   .000000  -.818557
  30902.8  24178.4       .3     42.6     45.9     10.5
       .3     85.8     46.1     38.5  13823.0  14593.7
       -.6      80.3       6.2      51.8
      -2.1      23.7       -.8      12.5
       -.3       5.3       -.8       8.5
      -1.2       4.9      -1.1       7.0
 51470   .465746   .000000  -.884918
  28853.5  24211.8       .1     42.9     45.9     20.1
       .2     86.0     45.9     48.7  12778.9  13259.2
       3.0      76.2      12.3      59.8
      -1.1      17.9      -1.1       8.1
      -2.9       6.7      -1.4       5.0
       -.8        .3      -1.5       4.1
 51471   .331088   .000000  -.943600
  27285.1  22690.4       .4     43.0     44.9     27.0
       .4     86.1     44.9     55.7  11747.3  12451.0
       4.0      74.7       8.3      69.0
       -.6      21.1       -.7      13.2
       -.2       7.1       -.6       1.9
       -.7        .2       -.7       1.2
 51472   .254493   .000000  -.967075
  26452.2  22024.2      -.1     43.0     45.6     23.0
      -.1     86.1     45.6     51.8  11370.5  11982.9
       2.6      75.1       9.2      61.8
      -1.6      18.1        .0       6.8
      -1.2       1.9        .0       4.4
       2.0       6.3       -.8       4.0
 51473   .172799   .000000  -.984957
  25800.1  21600.3       .1     42.8     45.2     18.9
       .1     86.0     45.2     47.3  11036.9  11542.3
       1.7      79.5       1.9      51.3
      -3.7      16.6       -.6       8.0
        .1       1.4       -.9       6.1
      -1.2       1.6      -1.5       5.7
 51474   .087384   .000000  -.996175
  25295.6  20661.4      -.1     42.9     45.0     14.3
      -.1     86.0     45.2     42.7  10459.6  11049.8
      -3.1      76.2       1.9      46.8
       -.5      13.2       -.8       9.8
       -.1       2.4      -1.3       8.0
       -.5        .2      -1.8       7.4
 51475   .000000   .000000 -1.000000
  24973.9  18909.1       .0     43.0     44.7     10.5
       .0     86.1     45.2     38.1  10206.7  10613.1
      -3.1      70.9        .7      40.8
      -1.7      12.2      -1.2      12.1
        .0       1.9      -1.4       9.9
       -.4        .9      -1.9       9.4
 51476  -.087384   .000000  -.996175
  24878.6  16808.7       .0     43.0     44.0      7.8
       .0     86.1     45.2     33.8   9332.8   9821.9
       6.3      71.6      -2.7      40.9
       -.4      14.1      -1.4      14.9
      -1.0       1.1      -1.4      12.2
       -.6        .2      -2.1      12.2
 51477  -.172799   .000000  -.984957
  24988.9  14252.1       .2     43.2     43.3      6.4
       .3     86.2     45.0     29.2   8908.2   9661.2
       3.3      74.9      -3.1      41.0
        .1      13.4      -2.2      17.3
        .1        .8      -2.0      13.8
       -.8        .0      -2.7      15.1
 51478  -.254493   .000000  -.967075
  25362.9  13012.8      -.4     42.9     43.1      6.4
      -.5     86.0     45.2     24.8  10754.5  11801.1
      -5.0      70.0      -1.5      42.9
      -2.6      17.4      -2.4      20.0
       -.5       2.0      -2.4      15.4
       -.4        .5      -3.3      16.7
 51479  -.331088   .000000  -.943600
  26099.7  11735.2       .3     43.1     45.0     28.9
       .2     86.1     45.2     20.5  12288.6  12737.4
      -3.6      71.2      -6.6      46.0
       -.5      18.4      -2.2      22.7
      -1.0       2.7      -2.1      16.8
        .3       1.1      -3.6      18.1
 51480  -.465746   .000000  -.884918
  27943.1  10206.4       .4     43.0     45.0     28.9
       .4     86.1     45.2     13.2  12280.0  12783.2
       -.3      78.1      -5.5      49.5
        .4      14.9      -1.7      24.4
       4.1       9.9      -1.8      19.8
       -.7        .4      -3.3      19.9
 51481  -.574426   .000000  -.818557
  30620.8   9311.3       .0     42.8     45.0     28.9
       .0     85.9     44.7     10.1  13567.5  14837.4
      -1.8      76.1      -6.0      50.1
      -2.5      23.1      -1.5      26.2
       -.6       6.8      -1.7      21.2
       -.3        .0      -2.1      22.8
 51482  -.659438   .000000  -.751759
  33632.1   8745.7      -.1     42.9     45.0     28.9
      -.1     85.9     45.0     57.7  16835.2  17381.4
       1.4      80.5      -4.9      51.0
        .1      23.1      -1.0      28.1
      -1.0       2.5       -.8      22.1
       4.5       9.9      -2.2      22.3
 51483  -.724999   .000000  -.688749
  36934.6   8378.2       .3     42.7     45.0     28.9
       .2     85.8     45.0     57.7  17860.7  19018.7
      -4.4      80.6      -4.8      51.6
      -1.9      25.2       -.6      29.2
        .3       5.2       -.8      23.2
        .9       2.4      -1.2      24.6
 51484  -.775436   .000000  -.631426
  40536.4   8037.9      -.3     42.8     45.0     28.9
      -.3     85.8     45.0     57.7  21599.3  22517.7
      -2.1      75.8      -5.3      50.8
      -1.9      28.9        .1      29.2
      -1.8      10.8        .1      23.6
      -3.1       5.9      -1.3      23.7
 51485  -.814421   .000000  -.580275
  44439.6   7913.1      -.3     42.7     45.0     28.9
      -.3     85.7     45.0     57.7  22731.6  23894.1
        .0      82.4      -4.8      50.4
       -.9      30.2        .2      29.4
      -1.7      15.1       -.2      24.6
       -.5        .5       -.1      26.1
 51486  -.844819   .000000  -.535052
  48275.1   7821.1      -.2     42.8     45.0     28.9
      -.2     85.7     45.0     57.7  25555.6  27004.5
      -3.4      83.6      -4.4      49.4
      -1.2      31.2        .8      29.9
      -2.1      15.7        .2      24.2
        .3       5.7       -.5      25.4
 51487  -.868777   .000000  -.495203
  52481.0   7737.4       .0     42.7     45.0     28.9
       .1     85.6     45.0     57.7  27546.5  29637.1
       1.8      83.4      -4.1      51.2
        .1      31.7        .1      30.7
       -.8       6.5       1.4      25.5
       -.8        .8        .2      26.9
 51488  -.887877   .000000  -.460082
  56394.1   7652.9       .0     42.7     45.0     28.9
       .0     85.5     45.0     57.7  25964.1  31986.4
      -1.4      81.9      -4.7      48.5
      -2.8      35.1       1.3      30.3
      -1.7       8.6       1.0      24.2
      -2.0       4.2        .3      27.8
 51489  -.903278   .000000  -.429057
  60573.1   7692.3       .7     42.5     45.0     28.9
       .6     85.4     45.0     57.7  32519.0  35329.9
        .0      83.3      -7.1      47.4
      -1.9      38.4       1.1      30.6
        .1      10.6       1.5      25.8
      -2.4       4.1        .9      28.1
 51490   .840060  -.367526  -.399028
  60891.7  11503.1       .6     43.3     45.0     28.9
       .7     24.7     45.0     57.7  32019.8  33373.1
      -8.1      64.5       9.1      54.1
       -.4      26.7        .1      28.5
      -1.0      17.6        .4      22.1
       -.8      16.0       -.1      22.9
 51491   .817505  -.390173  -.423616
  56993.8  12123.7       .6     43.3     45.0     28.9
       .4     25.5     45.0     57.7  29209.9  30273.8
      -6.8      61.5      11.1      53.7
      -1.2      27.0        .9      28.1
      -1.1      17.7        .3      21.4
      -1.0      16.5       -.6      22.5
 51492   .790440  -.414981  -.450551
  53469.1  12854.8       .6     43.3     45.0     28.9
       .4     26.2     45.0     57.7  27371.9  28707.2
      -8.1      60.5      10.0      54.5
       -.9      27.4        .6      27.1
      -1.5      18.5        .5      20.8
      -1.2      17.7       -.5      20.8
 51493   .757796  -.442047  -.479937
  50223.9  13673.8       .6     43.3     45.0     28.9
       .4     27.0     45.0     57.7  24507.5  25390.9
      -6.0      60.3       9.1      53.6
       -.9      27.8        .2      25.7
       -.7      19.1       -.5      19.4
      -1.2      17.9      -1.0      20.2
 51494   .718269  -.471364  -.511767
  47100.0  14933.6       .6     43.3     45.0     28.9
       .4     27.9     36.4     15.8  23326.3  24207.2
      -7.9      59.6       8.4      51.4
      -1.6      28.0        .1      25.3
      -1.2      19.7       -.7      18.7
      -1.1      18.9      -1.2      19.1
 51495   .670317  -.502738  -.545830
  44169.8  16757.8      1.2     12.2     45.0     28.9
       .3     29.0     44.4     11.2  19878.0  20864.5
      -5.4      60.7       8.0      52.5
      -1.2      29.1       -.5      22.1
      -1.3      20.2       -.7      16.0
      -1.0      19.7      -1.3      16.6
 51496   .612205  -.535679  -.581595
  41689.4  18291.1       .6     43.3     45.0     28.9
       .7     29.8     46.0     16.4  19340.9  20127.1
      -8.5      60.7       8.5      50.1
      -1.6      29.6       -.8      21.7
      -1.4      20.8      -1.3      15.2
      -1.3      19.6      -1.8      15.7
 51497   .542159  -.569267  -.618061
  39379.9  19704.2      -.9     17.2     42.6      9.2
       .3     30.8     46.5     26.5  17708.3  18687.8
      -6.2      60.7       6.9      50.4
      -2.0      30.0       -.6      18.4
      -1.5      20.6      -1.5      12.3
      -1.6      20.4      -1.2      11.7
 51498   .458673  -.602008  -.653609
  37414.2  18971.3     -1.0     23.2     45.8     10.1
       .2     31.3     46.2     37.5  17144.6  17918.1
      -9.5      62.2       8.5      50.0
      -1.7      30.0      -1.0      12.9
      -1.8      20.9      -1.2       8.7
      -1.4      20.0      -1.3       8.2
 51499   .361020  -.631785  -.685938
  35756.6  18222.2      1.1     22.3     45.9     19.6
       .2     31.6     46.0     48.1  16313.3  16905.2
      -6.7      61.4       8.5      59.1
      -2.2      30.7      -1.3      10.4
      -2.4      21.2      -1.8       5.4
      -1.5      19.8      -1.9       5.1
 51500   .249898  -.655981  -.712208
  34490.0  17544.5    -11.7     15.4     44.7     26.8
       .3     31.3     44.7     55.5  16112.9  16816.2
      -7.4      61.6       4.2      80.3
      -2.8      30.8       -.3      19.7
      -1.6      21.3       -.7       2.1
      -2.0      19.6       -.9       1.0
 51501   .190037  -.665130  -.722141
  33889.2  17216.4     -7.6     37.9     46.0     22.9
      -.6     31.9     46.1     51.2  15463.8  16317.3
      -7.3      60.0       5.5      67.8
      -3.0      30.5        .2       9.7
      -1.9      21.2        .0       4.4
      -2.0      20.2       -.6       4.0
 51502   .127982  -.671905  -.729496
  33555.3  16998.3    -10.6     21.1     45.9     17.8
      -.5     32.9     46.0     46.3  14737.6  15589.5
      -9.2      62.9       5.8      61.8
      -2.0      30.9       -.7       9.7
      -1.7      21.2       -.8       5.7
      -2.3      21.1      -1.3       5.5
 51503   .064388  -.676070  -.734019
  33245.2  16832.4     -1.7     20.2     45.4     13.3
      -.8     33.2     45.9     41.2  14704.7  15360.7
      -8.9      63.7        .1      53.4
      -2.0      31.9      -1.0       9.8
      -1.7      22.0      -1.0       7.3
      -2.2      21.6      -1.4       7.3
 51504   .000000  -.677476  -.735545
  32941.8  16778.4     -6.2     21.0     45.3      9.9
       .2     33.5     46.0     36.4  13935.6  14987.2
      -8.3      64.8       2.3      45.1
      -2.1      31.4      -1.4      11.9
      -1.7      22.4      -1.4       9.2
      -2.0      22.4      -1.7       9.2
 51505  -.064388  -.676070  -.734019
  32919.7  16879.6     -1.3     16.7     43.6      9.1
      -.3     34.2     46.0     31.6  12198.3  13164.2
      -7.8      64.0      -2.1      44.4
      -2.8      31.0      -1.8      14.1
      -1.5      22.7      -1.3      11.1
      -2.6      22.6      -2.1      11.6
 51506  -.127982  -.671905  -.729496
  33020.3  16297.9     -2.0     22.9     41.8     12.3
      -.5     34.6     46.2     26.8  12909.3  14460.7
      -9.3      63.2      -2.4      43.8
      -1.5      31.1      -2.1      16.9
      -1.3      23.0      -2.1      12.8
      -1.9      24.0      -2.3      13.8
 51507  -.190037  -.665130  -.722141
  33175.2  15697.2       .1     21.3     34.5     13.3
      -.4     34.8     46.0     22.3  13217.5  14453.1
      -7.6      63.7       -.3      47.2
      -2.0      30.5      -2.1      19.1
      -1.6      23.1      -2.3      15.2
      -1.8      23.5      -3.1      16.8
 51508  -.249898  -.655981  -.712208
  33671.7  14439.4     -2.7     21.8     45.0     28.9
      -.2     34.7     46.1     18.3  13842.0  14855.4
      -8.8      64.0      -3.7      45.0
      -2.7      30.3      -2.3      21.2
      -1.3      23.0      -2.0      17.2
      -1.8      23.2      -3.4      19.1
 51509  -.361020  -.631785  -.685938
  34762.7  13117.6       .0     15.5     45.0     28.9
       .1     34.3     45.6     15.0  13620.9  14370.0
      -5.1      63.3      -2.3      45.3
      -1.2      30.3      -1.4      23.0
       -.9      22.6      -1.3      18.8
      -1.2      23.7      -2.8      21.3
 51510  -.458673  -.602008  -.653609
  36506.7  11590.6     -3.6     32.9    -51.6    160.3
      -.4     33.3     42.8     19.6  15093.1  16640.0
      -5.0      62.8      -3.0      48.1
      -1.4      29.7      -1.6      25.6
      -1.0      22.5      -1.6      21.4
       -.9      23.7      -2.4      23.4
 51511  -.542159  -.569267  -.618061
  38570.3  10599.5      1.0     55.7     49.3    118.4
       .4     32.6     45.0     57.7  10212.9  13221.2
      -7.1      61.9      -4.4      48.7
      -1.2      29.1      -1.1      26.9
       -.4      21.4       -.6      23.1
       -.8      21.8      -2.5      25.7
 51512  -.612205  -.535679  -.581595
  41312.4   9953.0     -4.5     68.8     40.0    152.7
      -.1     31.7     45.0     57.7   9670.2  12310.9
      -6.5      63.9      -3.7      50.5
      -1.2      29.2       -.6      29.8
       -.3      21.3       -.6      24.1
       -.8      21.5      -2.2      29.9
 51513  -.670317  -.502738  -.545830
  44269.3   9425.5     -4.5     80.7     37.8    172.0
       .0     30.5     45.0     57.7   9120.8  10188.0
      -7.1      62.7      -3.0      50.3
      -1.2      28.3       -.5      31.8
       -.5      19.7       -.5      25.9
       -.7      21.1      -2.2      35.7
 51514  -.718269  -.471364  -.511767
  47292.2   9007.5     -6.6     77.2     26.7    192.8
       .6     29.4     45.0     57.7   8957.9  10281.5
      -8.4      60.7      -5.3      51.0
      -1.1      27.8       -.2      31.8
       -.3      19.4        .3      27.0
       -.5      20.6      -1.5      42.7
 51515  -.757796  -.442047  -.479937
  50319.0   8679.3     -5.0     80.9     36.4    218.6
       .8     28.2     45.0     57.7   8251.3   9329.2
      -5.7      61.8      -5.4      51.3
       -.6      26.5        .8      32.4
       -.3      18.4        .1      28.4
        .0      18.0      -1.3      51.1
 51516  -.790440  -.414981  -.450551
  53952.1   8570.8    -13.0     84.3    -21.4    231.0
       .2     27.0     45.0     57.7   9231.2  10310.9
      -5.3      63.2      -6.7      52.8
        .1      26.2        .7      33.6
        .2      18.1        .7      29.4
       -.3      17.9      -2.9      60.7
 51517  -.817505  -.390173  -.423616
  57289.2   8363.4     -5.0     88.5     12.8    262.9
       .6     26.4     45.0     57.7   9395.2  10258.6
      -6.2      60.1      -5.5      53.4
        .1      24.9       1.0      32.9
       -.2      17.2       1.0      29.2
        .1      18.7      -1.6      67.6
 51518  -.840060  -.367526  -.399028
  61064.7   8258.1     -6.5     84.6     -8.9    285.7
       .4     25.3     45.0     57.7   9313.0  10628.2
      -3.7      60.9      -5.2      52.4
       -.4      25.4       1.5      33.9
        .1      17.2       1.3      31.4
       -.1      17.8      -1.1      74.8
 51519   .708659  -.620076  -.336613
  71336.9  13614.7       .6     43.3     45.0     28.9
       .6     86.6     45.0     57.7  38410.6  39968.2
      -9.4      58.5       9.3      53.0
      -1.1      26.4        .8      28.0
       -.5      22.9        .2      21.3
       -.3      23.8       -.5      21.2
 51520   .677337  -.646549  -.350984
  68569.2  14239.3       .6     43.3     45.0     28.9
       .6     86.6     45.0     57.7  36353.6  37923.7
      -9.6      62.2      10.7      55.7
       -.4      26.5        .8      26.3
       -.3      22.8        .2      20.1
       -.6      23.3       -.6      20.9
 51521   .641844  -.673936  -.365851
  65765.6  14670.4       .6     43.3     45.0     28.9
       .6     86.6     45.0     57.7  34647.9  35644.2
      -9.3      55.1       9.6      53.8
       -.4      26.9        .1      25.9
       -.2      23.7       -.1      19.4
      -1.2      25.1       -.3      19.4
 51522   .601687  -.701968  -.381068
  63152.8  15390.9       .6     43.3     45.0     28.9
       .6     86.6     45.0     57.7  30542.0  31767.6
      -9.0      56.4      10.0      54.5
       -.6      26.6        .5      23.9
       -.8      23.8       -.3      17.6
       -.5      25.1       -.9      17.8
 51523   .556388  -.730259  -.396426
  60882.1  15666.0       .6     43.3     45.0     28.9
       .6     86.6     45.0     57.7  30289.6  31822.2
      -8.6      53.8       7.8      57.5
       -.8      27.4       -.5      23.5
      -1.2      24.3       -.2      16.8
       -.5      25.0      -1.0      16.6
 51524   .505524  -.758286  -.411641
  58676.8  15443.0       .6     43.3     45.0     28.9
       .6     86.6     43.3      8.8  29859.2  31178.6
      -8.7      56.7       8.1      56.4
      -1.4      28.4       -.1      21.5
       -.7      24.8       -.8      14.5
        .2      25.9      -1.4      14.0
 51525   .448787  -.785377  -.426348
  56675.4  14986.2       .6     43.3     45.0     28.9
       .6     86.6     46.4     12.9  27973.0  29291.9
     -10.2      57.3       8.1      56.6
       -.8      28.3      -1.3      20.5
       -.7      25.1      -1.2      13.2
       -.9      25.8      -1.7      12.5
 51526   .386057  -.810720  -.440105
  54972.2  14467.3       .6     43.3     43.5      4.3
       .6     86.6     46.8     23.5  27489.6  28748.7
     -10.0      55.8       6.5      59.6
      -1.2      27.9      -1.4      18.0
       -.8      25.4      -1.8      11.2
       -.7      25.5      -2.0      10.5
 51527   .317480  -.833386  -.452409
  53531.3  14064.7       .6     43.3     46.5      7.7
       .6     86.6     46.8     35.0  26849.6  28294.1
      -7.8      53.7       5.9      63.8
      -1.5      29.0       -.5      15.4
       -.8      25.4      -1.4       8.2
      -1.1      26.1      -1.4       7.7
 51528   .243541  -.852392  -.462727
  52388.4  13823.0       .6     43.3     46.9     18.3
       .6     86.6     47.0     46.7  26061.2  27411.1
      -8.0      55.4       9.4      75.6
      -1.7      28.5      -1.1      15.9
       -.6      25.7      -2.0       5.7
       -.8      25.3      -2.2       4.9
 51529   .165103  -.866792  -.470544
  51697.8  13559.9       .6     43.3     45.2     26.5
       .6     86.6     45.2     55.0  26233.8  27413.9
     -10.5      53.7        .1      84.5
      -1.3      28.4        .7      31.6
      -1.3      25.6       -.7       5.9
       -.6      25.2       -.9       1.6
 51530   .124573  -.872008  -.473376
  51453.8  13495.3       .6     43.3     46.9     21.9
       .6     86.6     47.0     50.4  26095.2  27172.1
      -8.4      53.7       5.8      73.3
      -1.8      29.0        .8      20.9
       -.9      25.4        .3       5.5
      -1.4      25.4        .0       4.3
 51531   .083409  -.875791  -.475429
  51035.4  13344.3       .6     43.3     47.1     16.3
       .6     86.6     47.2     44.9  25656.7  26754.8
      -9.9      56.5       5.7      69.6
      -1.8      28.6       -.1      16.1
      -1.0      25.6       -.3       5.8
      -1.5      25.5       -.7       5.0
 51532   .041814  -.878085  -.476675
  50755.0  13352.2       .6     43.3     46.8     10.9
       .6     86.6     47.1     39.1  25475.2  26418.3
      -8.2      53.6       2.5      60.1
      -1.2      28.3       -.6      13.5
      -1.4      25.8       -.7       6.6
      -2.0      25.5      -1.1       6.1
 51533   .000000  -.878853  -.477092
  50637.2  13326.5       .6     43.3     46.4      6.7
       .6     86.6     47.1     33.3  24867.3  25907.5
     -12.2      56.1       1.4      53.9
      -1.0      28.6       -.7      13.5
      -1.2      25.7       -.8       8.0
      -1.3      26.0      -1.2       7.4
 51534  -.041814  -.878085  -.476675
  50823.3  13362.3       .6     43.3     44.2      6.0
       .6     86.6     47.4     27.6  24755.9  25892.7
     -11.8      56.4       -.3      53.1
      -1.4      28.9      -1.3      14.2
      -1.2      26.1      -1.1       9.2
      -2.0      26.1      -1.7       8.5
 51535  -.083409  -.875791  -.475429
  51103.3  13390.9       .6     43.3     45.0     28.9
       .6     86.6     47.2     22.2  24298.8  25678.5
     -10.6      56.3        .5      54.6
      -1.2      29.5      -1.5      16.8
      -1.1      26.0      -1.3      10.5
      -1.6      26.4      -1.9      10.0
 51536  -.124573  -.872008  -.473376
  51008.6  13423.0       .6     43.3     45.0     28.9
       .6     86.6     47.1     17.0  24522.0  25382.0
      -9.3      55.3       -.2      52.5
      -1.2      29.2      -1.7      17.9
      -1.1      26.4      -1.4      12.2
      -1.3      26.9      -2.3      11.7
 51537  -.165103  -.866792  -.470544
  51141.5  13484.4       .6     43.3     45.0     28.9
       .6     86.6     47.2     12.4  25065.9  26446.9
     -10.8      55.2      -1.8      49.9
      -1.0      29.8       -.9      18.4
      -1.3      26.5      -1.2      13.1
      -1.1      26.8      -1.7      13.0
 51538  -.243541  -.852392  -.462727
  51757.0  13765.4       .6     43.3     45.0     28.9
       .6     86.6     45.8     10.5  25423.5  26602.0
      -9.0      55.8      -1.0      49.8
       -.9      29.0      -1.1      19.2
       -.9      26.6       -.8      14.8
      -1.0      27.7      -1.4      14.9
 51539  -.317480  -.833386  -.452409
  53049.4  13542.8       .6     43.3     45.0     28.9
       .6     86.6     45.0     57.7  25503.7  26520.3
     -10.4      56.3      -2.5      49.4
      -1.4      28.8       -.9      21.9
       -.6      26.1       -.7      17.7
      -1.2      27.4      -1.8      17.9
 51540  -.386057  -.810720  -.440105
  54490.7  13313.0       .6     43.3     45.0     28.9
       .6     86.6     45.0     57.7  25043.4  26021.9
      -8.4      55.2      -1.5      48.0
       -.9      28.5        .0      22.1
       -.8      26.0       -.3      18.4
       -.6      27.3      -1.0      20.4
 51541  -.448787  -.785377  -.426348
  55966.7  13057.1       .6     43.3     45.0     28.9
       .6     86.6     45.0     57.7  27309.3  28436.8
      -8.9      57.1      -4.3      49.0
      -1.5      28.5       -.8      24.6
       -.4      26.1        .0      20.7
       -.4      27.1       -.5      21.1
 51542  -.505524  -.758286  -.411641
  57954.8  12123.9       .6     43.3     45.0     28.9
       .6     86.6     45.0     57.7  29165.5  30459.9
      -7.5      55.1      -3.8      51.5
      -1.3      28.3       -.1      26.0
       -.1      24.5        .5      21.4
       -.5      25.3       -.3      23.6
 51543  -.556388  -.730259  -.396426
  60526.4  11502.9       .6     43.3     45.0     28.9
       .6     86.6     45.0     57.7  30266.1  31656.0
      -8.8      59.7      -6.3      49.3
       -.3      27.8        .4      27.2
        .0      25.1       1.0      23.0
       -.9      27.4       -.3      24.8
 51544  -.601687  -.701968  -.381068
  62703.1  10964.6    -69.9    179.2    -37.8    208.2
       .6     86.6     45.0     57.7  18726.9  25784.3
      -8.4      59.5      -3.9      51.8
      -1.1      27.5        .4      28.1
       -.4      24.8        .7      24.5
       -.1      28.6        .2      27.8
 51545  -.641844  -.673936  -.365851
  65430.2  10650.3    -13.5    194.1     -9.8    240.4
       .6     86.6     45.0     57.7  12918.6  18915.6
      -8.2      58.4      -5.7      50.1
       -.4      27.4        .7      29.1
        .0      24.1       1.0      24.6
      -1.0      32.7       -.2      32.5
 51546  -.677337  -.646549  -.350984
  68099.4  10169.7    -43.1    187.9    -74.4    228.8
       .6     86.6     45.0     57.7  11932.8  17942.5
      -7.9      58.3      -3.6      47.4
       -.4      27.1       1.3      30.1
       -.2      23.6       1.4      26.2
       -.5      37.8        .4      40.3
 51547  -.708659  -.620076  -.336613
  71045.7   9824.9    -38.2    185.5    -56.7    256.7
       .6     86.6     45.0     57.7  10971.5  14915.0
      -6.6      57.4      -2.1      48.3
       -.6      27.5        .8      30.7
        .3      23.8       2.0      27.4
       -.1      38.0        .5      46.3
 51548   .482910  -.845093  -.229382
 105253.3  14210.7       .6     43.3     45.0     28.9
       .6     86.6     45.0     57.7  61173.4  63226.1
     -11.1      56.6       9.2      56.3
      -1.3      30.6       1.4      25.3
        .4      26.9        .3      18.0
       -.5      28.6        .4      17.4
 51549   .451149  -.861285  -.233777
 103231.0  14077.7       .6     43.3     45.0     28.9
       .6     86.6     45.0     57.7  59391.2  61633.9
      -9.0      55.8      10.2      57.0
      -1.2      30.4       1.4      23.5
       -.2      26.4        .7      15.5
        .3      28.3        .1      14.5
 51550   .417577  -.876913  -.238019
 101526.5  13766.6       .6     43.3     45.0     28.9
       .6     86.6     45.0     57.7  59665.8  62051.3
      -9.8      51.8       6.5      58.9
      -1.0      30.6        .7      24.7
       -.2      27.1        .2      15.3
       -.2      28.8       -.2      14.4
 51551   .382204  -.891810  -.242063
 100280.1  13603.8       .6     43.3     45.0     28.9
       .6     86.6     45.0     57.7  57453.5  59048.4
     -11.5      59.0      10.1      61.6
      -1.2      30.7       1.1      23.3
       -.5      27.4        .0      14.2
        .5      29.6       -.3      12.9
 51552   .345068  -.905804  -.245861
  98308.1  13307.6       .6     43.3     45.0     28.9
       .6     86.6     45.0     57.7  57447.2  59299.0
     -15.3      59.4      12.2      70.8
      -1.2      30.8        .4      23.3
        .0      27.4       -.6      13.3
       -.7      29.4       -.5      12.0
 51553   .306238  -.918714  -.249365
  97136.0  13317.7       .6     43.3     45.0     28.9
       .6     86.6     45.0     57.7  56146.1  58084.6
     -10.5      57.6       7.6      74.1
       -.8      30.3       -.5      21.2
       -.4      27.5       -.6      11.7
       -.5      29.6      -1.0      10.7
 51554   .265817  -.930361  -.252527
  96146.4  13042.3       .6     43.3     45.0     28.9
       .6     86.6     47.4      8.0  55770.8  57248.9
      -9.1      56.2       5.8      73.4
      -1.3      30.7       -.2      22.4
       -.3      27.6      -1.1      10.6
        .0      29.1      -1.4       9.3
 51555   .223945  -.940570  -.255298
  95388.4  12849.7       .6     43.3     45.0     28.9
       .6     86.6     47.6     20.0  55198.1  57491.7
     -10.4      55.1       8.6      77.3
      -1.6      30.4       -.9      21.5
       -.6      27.1      -1.8       9.9
       -.7      28.7      -1.8       7.8
 51556   .180796  -.949177  -.257634
  94661.7  12729.1       .6     43.3     47.7      5.0
       .6     86.6     48.0     32.7  55379.9  57125.5
      -9.2      52.8       7.4      82.8
      -1.2      29.8       -.7      22.6
       -.8      27.5      -1.4       8.1
       -.3      28.5      -1.8       6.5
 51557   .136577  -.956038  -.259496
  94089.7  12577.8       .6     43.3     47.9     16.7
       .6     86.6     47.9     45.3  54984.8  56586.4
     -12.6      56.2       6.1      91.9
      -1.4      30.2      -1.0      32.8
       -.6      27.0      -1.9       7.1
       -.4      28.3      -2.1       5.2
 51558   .091527  -.961030  -.260851
  93542.3  12604.1       .6     43.3     45.4     26.2
       .6     86.6     45.3     54.3  56158.7  57632.1
     -10.4      51.5        .7      99.4
      -1.6      30.0       1.8      54.6
       -.9      26.6       -.7      16.6
       -.3      28.6      -1.1       5.1
 51559   .068771  -.962796  -.261330
  93399.8  12556.5       .6     43.3     47.5     21.2
       .6     86.6     47.5     49.7  54376.3  56119.3
      -9.6      54.7       -.5     100.0
      -1.2      30.1       1.7      41.7
      -1.3      26.7        .8       9.0
      -1.0      28.4        .8       4.7
 51560   .045908  -.964064  -.261674
  93312.9  12625.5       .6     43.3     48.0     15.1
       .6     86.6     48.0     43.5  55476.0  57285.7
     -10.1      56.1       5.0      93.4
      -1.1      29.7        .1      32.2
       -.9      27.0       -.1       7.6
       -.9      28.4       -.1       5.4
 51561   .022972  -.964827  -.261882
  93132.9  12513.8       .6     43.3     48.1      8.8
       .6     86.6     48.2     37.3  55095.5  56556.4
     -13.2      60.6       2.1      84.0
      -2.1      30.1        .1      25.1
       -.7      27.1       -.5       6.8
      -1.0      29.0       -.5       5.5
 51562   .000000  -.965081  -.261951
  93002.8  12589.7       .6     43.3     47.7      3.4
       .6     86.6     48.2     30.8  54193.3  56130.8
     -15.5      63.1        .8      81.6
      -1.0      30.0       -.4      21.3
      -1.0      27.5       -.6       7.6
       -.5      29.2       -.7       6.1
 51563  -.022972  -.964827  -.261882
  93085.1  12532.3       .6     43.3     45.0     28.9
       .6     86.6     48.3     24.6  54559.1  56095.3
     -11.8      59.1       5.4      75.5
      -1.1      31.0       -.4      21.1
      -1.1      27.3       -.9       7.7
       -.8      29.4      -1.0       6.5
 51564  -.045908  -.964064  -.261674
  93025.7  12512.0       .6     43.3     45.0     28.9
       .6     86.6     48.4     18.3  53831.3  55781.6
     -12.8      58.7       5.6      77.6
      -1.2      30.8       -.6      19.7
       -.9      27.6       -.9       8.6
      -1.3      30.0      -1.0       7.1
 51565  -.068771  -.962796  -.261330
  92906.0  12575.1       .6     43.3     45.0     28.9
       .6     86.6     48.3     12.2  55009.5  56412.5
     -13.6      58.3       1.7      68.0
      -1.2      30.3       -.8      18.6
      -1.1      27.5       -.6       9.1
       -.5      29.6       -.9       7.9
 51566  -.091527  -.961030  -.260851
  93131.0  12550.7       .6     43.3     45.0     28.9
       .6     86.6     48.3      6.7  53165.8  55767.2
     -12.8      59.9       1.3      68.9
      -1.0      31.3       -.1      18.5
       -.5      27.8       -.2       9.8
       -.9      30.5       -.6       8.8
 51567  -.136577  -.956038  -.259496
  93482.5  12657.8       .6     43.3     45.0     28.9
       .6     86.6     45.0     57.7  53974.5  55490.1
     -12.3      60.5        .6      66.2
      -1.0      31.3       -.1      19.4
       -.3      28.3        .0      10.9
      -1.2      30.5       -.6       9.7
 51568  -.180796  -.949177  -.257634
  93736.4  12733.0       .6     43.3     45.0     28.9
       .6     86.6     45.0     57.7  53620.9  56008.5
     -11.7      56.5      -2.7      59.7
       -.9      31.5        .3      18.8
       -.1      28.5        .3      12.4
      -1.1      31.0       -.3      11.5
 51569  -.223945  -.940570  -.255298
  94858.6  12770.7       .6     43.3     45.0     28.9
       .6     86.6     45.0     57.7  53662.9  55288.6
     -10.2      60.2      -1.5      60.1
      -1.0      31.2        .4      19.8
       -.3      28.8        .7      12.8
        .3      30.5        .6      12.2
 51570  -.265817  -.930361  -.252527
  95683.0  13001.6       .6     43.3     45.0     28.9
       .6     86.6     45.0     57.7  55686.4  57185.3
     -12.3      57.4      -2.0      58.6
       -.5      30.8        .7      21.4
       -.7      28.2        .8      14.6
       -.6      30.7        .6      14.2
 51571  -.306238  -.918714  -.249365
  96792.3  13095.2       .6     43.3     45.0     28.9
       .6     86.6     45.0     57.7  54691.1  56167.4
     -12.8      59.0      -4.0      54.8
       -.9      31.0        .9      20.5
        .5      28.5       1.2      14.8
      -1.0      30.9        .7      15.0
 51572  -.345068  -.905804  -.245861
  97864.1  13193.8       .6     43.3     45.0     28.9
       .6     86.6     45.0     57.7  55569.4  57657.9
     -12.9      60.3      -4.9      55.8
       -.9      31.0        .8      22.3
       -.2      28.5       1.0      17.4
        .0      30.6       1.0      17.7
 51573  -.382204  -.891810  -.242063
  99780.4  13359.7       .6     43.3     45.0     28.9
       .6     86.6     45.0     57.7  57285.3  59028.8
      -9.0      59.7      -2.6      50.7
       -.8      30.6       1.2      22.0
       -.1      27.8       1.8      17.0
       -.4      29.9       1.3      17.4
 51574  -.417577  -.876913  -.238019
 101283.8  13292.5       .6     43.3     45.0     28.9
       .6     86.6     45.0     57.7  58531.7  60594.4
     -10.3      58.8      -3.7      50.4
       -.4      31.0       1.2      24.1
        .3      28.3       1.8      19.1
       -.5      30.9       1.3      18.8
 51575  -.451149  -.861285  -.233777
 102843.4  13367.8       .6     43.3     45.0     28.9
       .6     86.6     45.0     57.7  57768.9  59251.5
     -11.3      55.2      -4.5      44.6
       -.9      29.6       2.0      23.7
        .0      27.3       1.9      20.1
       -.5      29.1        .8      20.0
 51576  -.482910  -.845093  -.229382
 104770.9  13083.0       .6     43.3     45.0     28.9
       .6     86.6     45.0     57.7  56939.8  58846.8
     -10.6      61.2      -2.3      45.0
       -.4      29.9       1.5      24.2
        .0      28.2       1.9      21.1
        .7      30.9       1.9      22.0
 51577   .337328  -.927651  -.160231
 151191.5  13314.2       .6     43.3     45.0     28.9
       .6     86.6     45.0     57.7  92832.1  95718.9
      -8.6      58.1       7.8      65.5
      -1.1      31.8       1.7      25.2
       -.4      28.6        .8      14.5
       -.1      29.5        .3      12.8
 51578   .312066  -.936198  -.161707
 150194.2  13259.6       .6     43.3     45.0     28.9
       .6     86.6     45.0     57.7  90770.4  94458.9
      -7.9      56.2      10.0      70.4
      -1.0      32.1       1.6      26.0
        .2      28.5        .6      13.4
        .5      29.9        .5      12.0
 51579   .286124  -.944211  -.163091
 149294.0  13121.0       .6     43.3     45.0     28.9
       .6     86.6     45.0     57.7  92273.2  95135.3
      -8.4      55.0       9.1      69.3
      -1.4      32.4       1.6      26.5
       -.3      28.6        .5      13.0
        .0      29.8        .2      11.6
 51580   .259539  -.951641  -.164374
 147959.2  13034.6       .6     43.3     45.0     28.9
       .6     86.6     45.0     57.7  92026.2  94037.1
     -11.2      56.6       6.8      72.8
      -1.5      31.7        .9      27.1
        .5      28.4       -.1      12.4
       -.2      29.9        .1      10.3
 51581   .232349  -.958440  -.165549
 147084.5  12865.0       .6     43.3     45.0     28.9
       .6     86.6     45.0     57.7  89784.9  93102.9
      -7.7      51.2       5.6      78.8
      -1.5      31.8        .9      27.6
       -.4      28.6        .0      11.7
        .2      29.8       -.2       9.7
 51582   .204604  -.964562  -.166606
 146029.9  12802.1       .6     43.3     45.0     28.9
       .6     86.6     45.0     57.7  90220.2  92877.7
     -10.7      58.0      15.3      86.6
      -1.3      31.9        .7      28.6
       -.2      28.6       -.6      10.9
       -.3      29.5      -1.1       8.5
 51583   .176357  -.969963  -.167539
 145547.5  12724.1       .6     43.3     45.0     28.9
       .6     86.6     48.3      5.8  89910.2  92143.4
     -13.6      56.0       6.7      92.3
      -1.5      31.6        .6      28.0
       -.1      28.3       -.8       9.7
       -.1      30.0      -1.1       8.0
 51584   .147667  -.974605  -.168341
 145024.0  12629.0       .6     43.3     45.0     28.9
       .6     86.6     48.5     18.3  88847.2  91684.9
     -12.0      54.7       6.7      95.2
      -1.5      31.2       -.8      29.6
       -.5      28.4      -1.6       9.6
       -.9      29.9      -1.9       6.8
 51585   .118600  -.978453  -.169006
 144532.6  12721.5       .6     43.3     48.5      3.9
       .6     86.6     48.4     31.5  90009.3  92577.7
      -9.5      57.4       8.9     103.6
      -1.2      31.3        .5      33.2
       -.4      28.4      -1.3       9.3
       -.6      29.3      -1.5       6.1
 51586   .089225  -.981478  -.169528
 144083.6  12594.2       .6     43.3     48.3     16.1
       .6     86.6     48.1     44.5  89157.5  91235.6
     -10.0      57.9       9.0     114.0
      -1.7      31.8        .6      45.6
       -.6      27.5      -1.5      13.7
       -.7      29.0      -1.8       6.0
 51587   .059616  -.983656  -.169904
 143706.2  12573.7       .6     43.3     45.5     25.5
       .6     86.6     45.6     53.7  89382.5  92068.0
     -11.3      57.4       2.2     116.5
      -1.7      31.6       1.0      67.1
       -.4      27.7       -.1      26.1
       -.5      28.6       -.7       8.7
 51588   .044746  -.984421  -.170036
 143779.0  12486.3       .6     43.3     47.9     20.7
       .6     86.6     47.9     49.0  89420.7  91969.2
     -10.9      52.4      -4.3     115.4
      -1.4      31.2        .6      55.6
       -.8      27.8        .6      18.0
       -.3      28.4       1.1       6.0
 51589   .029848  -.984969  -.170131
 143923.4  12658.3       .6     43.3     48.6     14.4
       .6     86.6     48.6     42.9  89610.6  91811.3
     -11.7      57.8      11.8     119.4
      -1.4      31.2        .5      46.1
      -1.2      27.7        .7      12.4
       -.7      28.8        .3       6.3
 51590   .014929  -.985299  -.170188
 143593.7  12511.3       .6     43.3     48.8     10.1
       .6     86.6     48.7     36.5  89965.1  92141.9
      -9.2      51.8      -2.3     108.1
       -.9      31.0        .6      35.6
       -.5      27.8       -.1      10.2
       -.5      29.4       -.2       6.1
 51591   .000000  -.985408  -.170207
 143422.6  12521.7       .6     43.3     48.4      2.8
       .6     86.6     48.8     29.9  89186.1  92187.4
      -7.6      53.3       1.4      93.9
      -1.8      31.4        .3      32.2
       -.7      28.5       -.3       8.8
       -.1      29.7       -.4       6.0
 51592  -.014929  -.985299  -.170188
 143707.1  12542.9       .6     43.3     45.0     28.9
       .6     86.6     48.4     23.2  88948.7  91223.9
     -16.3      66.1       6.1      94.7
      -1.6      31.8        .4      30.3
       -.9      28.3       -.7       8.3
      -1.0      29.6       -.8       5.8
 51593  -.029848  -.984969  -.170131
 143689.6  12501.8       .6     43.3     45.0     28.9
       .6     86.6     48.9     16.6  88427.2  90597.9
      -8.5      50.5       2.1      91.1
      -1.4      32.1        .1      28.4
       -.8      28.5       -.5       8.6
       -.2      29.8       -.7       6.3
 51594  -.044746  -.984421  -.170036
 143743.9  12626.5       .6     43.3     45.0     28.9
       .6     86.6     48.9     10.1  88946.8  90725.6
     -12.9      60.1       2.7      88.6
      -1.4      31.2        .2      28.0
       -.6      28.7       -.2       9.1
      -1.3      30.1       -.4       6.8
 51595  -.059616  -.983656  -.169904
 143757.6  12501.8       .6     43.3     45.0     28.9
       .6     86.6     48.7      4.3  88165.0  91226.5
     -13.4      62.5       7.4      87.8
      -1.4      32.4        .6      25.3
       -.4      28.7        .3       8.8
       -.7      30.1        .0       7.0
 51596  -.089225  -.981478  -.169528
 143764.2  12540.6       .6     43.3     45.0     28.9
       .6     86.6     45.0     57.7  87195.5  91158.3
     -14.5      59.4       2.7      88.8
      -1.3      31.7        .1      25.1
       -.8      28.9        .1       9.5
       -.4      30.6        .0       7.9
 51597  -.118600  -.978453  -.169006
 144160.5  12573.5       .6     43.3     45.0     28.9
       .6     86.6     45.0     57.7  88425.4  90984.7
     -12.3      58.4      -1.1      75.4
      -1.4      32.3        .7      23.2
       -.5      29.3        .9      10.1
       -.2      30.4        .6       8.5
 51598  -.147667  -.974605  -.168341
 144528.6  12671.2       .6     43.3     45.0     28.9
       .6     86.6     45.0     57.7  87122.4  90817.4
      -9.1      55.3       2.4      70.7
      -2.0      32.7        .6      23.1
       -.2      28.6        .9      10.5
       -.7      30.8        .5       9.7
 51599  -.176357  -.969963  -.167539
 145473.3  12811.0       .6     43.3     45.0     28.9
       .6     86.6     45.0     57.7  88651.6  91092.5
      -8.7      57.8       2.8      67.5
       -.8      32.0       1.1      23.0
       -.4      29.0       1.4      11.5
       -.6      31.2       1.1      10.6
 51600  -.204604  -.964562  -.166606
 145742.2  12708.5       .6     43.3     45.0     28.9
       .6     86.6     45.0     57.7  88531.3  90999.2
     -12.3      57.5      -3.6      63.6
      -2.0      32.5        .9      22.4
       -.4      29.1       1.5      12.0
       -.6      30.5       1.5      11.2
 51601  -.232349  -.958440  -.165549
 146571.5  12804.4       .6     43.3     45.0     28.9
       .6     86.6     45.0     57.7  90083.6  92850.2
     -10.3      59.9      -2.2      56.9
       -.7      32.9       1.4      21.9
        .0      29.0       1.6      12.9
      -1.1      30.7       1.2      12.3
 51602  -.259539  -.951641  -.164374
 147662.7  13016.2       .6     43.3     45.0     28.9
       .6     86.6     45.0     57.7  88343.6  91243.7
     -13.1      56.0        .1      54.5
      -1.9      32.7       1.1      22.4
       -.8      29.5       1.9      13.9
        .1      30.9       1.7      12.7
 51603  -.286124  -.944211  -.163091
 148509.2  13025.0       .6     43.3     45.0     28.9
       .6     86.6     45.0     57.7  90665.4  93380.4
      -7.2      55.0       -.4      52.7
       -.6      32.5       1.7      22.0
        .0      29.4       2.0      14.9
        .0      30.8       2.1      13.9
 51604  -.312066  -.936198  -.161707
 149758.5  13117.3       .6     43.3     45.0     28.9
       .6     86.6     45.0     57.7  91521.4  95130.7
     -11.9      53.5      -5.3      48.0
       -.9      32.4       1.9      21.1
       -.5      29.5       2.2      14.5
        .4      30.9       2.4      14.2
 51605  -.337328  -.927651  -.160231
 151078.4  13295.5       .6     43.3     45.0     28.9
       .6     86.6     45.0     57.7  91662.5  94722.9
     -12.9      58.0      -4.2      48.2
      -1.3      32.8       1.5      22.6
       -.6      29.7       1.8      16.6
       -.3      30.0       1.8      16.2
