One_closed_ring_2012lk:dj0045b1@-300V,3.8T@20d,277K,rhe=1.10,rhh=0.7, 0.65/1.30 
  6425   1  3.80  28   3  29   1  300.00  277.00     .45 1.13600  2250.0   -6.58   21.56  150.  100.  270.  3100.0   -3.29   11.72    1.50    1.00     .85
 40606  -.105828   .952448  -.285734
  80990.0  12748.6      8.7    370.8     11.5     27.1
     -3.3     86.6     11.7     27.2  29388.8  37408.8
       9.5      58.6       5.2      66.6
       -.5      36.2        .2      16.3
        .0      35.6       -.2       7.9
       -.5      45.2        .1       7.2
 40607  -.114443   .944153  -.308995
  74714.8  12810.3    220.5    242.2      9.6     22.1
     -3.3     86.6     12.0     27.8  25820.6  31869.1
       9.4      56.9       6.3      67.0
       -.6      33.4        .4      15.7
       -.8      30.9        .0       8.0
       -.3      38.7        .0       7.0
 40608  -.124476   .933570  -.336085
  68377.5  12953.2      8.9    277.8     11.1     18.7
     -3.3     86.6     11.8     28.2  21628.3  28720.4
      11.1      60.7       3.6      64.3
        .2      33.8        .1      14.8
       -.3      33.0       -.1       8.4
      -1.0      40.1        .1       7.7
 40609  -.136269   .919816  -.367926
  62060.2  13018.4     95.1    231.9     11.1     13.0
     -3.3     86.6     12.1     29.0  26461.0  28834.9
       7.9      54.5       2.3      55.1
       -.6      32.9        .1      14.5
       -.4      30.4        .1       8.6
       -.5      35.0        .1       8.0
 40610  -.150261   .901568  -.405706
  56166.7  13278.6    -19.4    210.3     11.3     11.2
     -3.3     86.6     11.7     29.7  22529.7  25484.9
       8.7      57.8       1.7      56.4
       -.1      33.5        .1      13.9
        .1      32.4       -.1       9.3
       -.5      38.6        .0       8.7
 40611  -.167009   .876798  -.450925
  50311.1  13585.0     38.6    180.3     11.2      9.4
     -5.9     18.1     11.5     30.6  19651.5  21564.1
       7.7      57.6       2.0      50.4
        .3      32.1       -.2      13.8
       -.3      29.2       -.2       9.3
        .0      31.6       -.1       8.9
 40612  -.187186   .842336  -.505402
  44769.0  14068.4     -3.3     43.3     11.3      8.9
     -2.9     23.1     11.7     31.5  18106.8  19027.1
       7.2      56.7       1.8      51.0
        .1      32.1       -.1      14.1
        .4      30.2       -.3      10.0
        .6      34.9       -.1       9.9
 40613  -.211513   .793174  -.571085
  39592.1  15009.3     35.4     72.2     10.9     10.0
     -3.8     23.3     11.5     33.0  15360.7  16424.2
       7.4      62.0        .2      48.2
        .2      36.3        .1      14.0
        .3      32.4       -.2      10.3
        .7      34.8       -.2      10.1
 40614  -.240493   .721479  -.649331
  34521.6  15947.6     -2.9     28.7     11.0     11.3
     -4.2     32.5     11.3     34.4  11933.8  12952.7
       4.2      63.0       2.0      45.0
        .7      35.9       -.2      14.3
        .6      29.0       -.2      11.1
        .5      30.3       -.1      11.3
 40615  -.273665   .615745  -.738895
  30575.7  17149.8     -2.9     23.5     11.0     12.7
     -3.6     46.6     11.3     35.7   9731.9  10366.0
       8.1      57.2       1.0      39.9
        .9      28.1       -.6      14.2
        .2      21.2       -.2      11.3
        .4      23.4       -.2      11.2
 40616  -.308021   .462031  -.831656
  27149.2  18028.1     -3.2     26.0     10.5     13.9
     -3.4     61.1     11.0     37.2   8930.4   9586.4
       7.1      50.4      -1.9      40.9
        .5      17.8       -.3      14.1
        .2      14.2       -.1      11.3
        .6      15.0       -.6      11.8
 40617  -.336099   .252074  -.907467
  25395.1  17339.3     -2.9     33.2     10.5     13.6
     -3.1     73.5     10.8     37.8   8292.6   8839.0
       4.1      52.5      -2.1      40.4
        .5      10.4       -.2      14.6
        .4       8.3       -.3      11.1
        .3       8.7       -.6      11.2
 40618  -.347314   .000000  -.937749
  25240.4  17297.8     -3.2     41.8     10.3     11.6
     -3.3     84.6     10.7     37.6   8770.9   9570.0
       4.4      71.0      -2.6      37.8
        .3      14.1        .0      14.2
        .0       5.0       -.8      10.8
        .0       5.0       -.6       9.9
 40619  -.344406  -.129152  -.929895
  25132.0  17592.2     -4.0     39.7     10.7     13.2
     -3.9     82.0     10.8     37.9   7875.5   8714.3
      -2.7      61.5      -3.0      37.5
       -.4       7.4       -.6      13.9
       -.6       5.0       -.5      10.8
       -.4       5.0       -.5      11.3
 40620  -.336099  -.252074  -.907467
  25502.9  18301.9     -3.7     35.0     10.5     14.6
     -3.8     76.2     10.8     37.8   7691.8   8451.0
      -3.4      53.4      -3.4      39.7
       -.8       8.7       -.5      14.1
       -.7       6.2       -.6      11.5
       -.4       5.9       -.3      12.7
 40621  -.323497  -.363934  -.873442
  26197.9  18871.3     -4.3     30.4     10.5     15.2
     -4.1     70.1     10.9     37.7   8576.5   9092.9
      -5.6      48.1      -2.0      40.3
      -1.1      12.6       -.6      14.5
       -.6       9.6       -.5      11.7
       -.6       9.2       -.5      13.1
 40622  -.308021  -.462031  -.831656
  27437.2  19117.0     -3.4     25.9     10.6     14.9
     -3.7     63.3     10.6     37.0   8974.9   9452.3
      -5.1      49.6      -4.7      40.2
       -.9      16.5       -.5      14.4
       -.8      12.3       -.5      11.7
       -.6      11.9       -.8      13.0
 40623  -.291042  -.545704  -.785813
  28904.1  18889.0     -3.6     22.3     10.7     14.6
     -3.9     55.9     11.1     36.6   9796.1  10151.7
      -6.9      49.6      -3.7      40.5
       -.9      20.8       -.2      14.4
       -.5      15.4       -.2      11.8
      -1.0      14.7       -.7      12.4
 40624  -.273665  -.615745  -.738895
  30617.9  18022.4     -3.5     20.8     10.7     13.8
     -3.5     48.6     11.1     35.7   9726.4  10621.2
      -7.3      57.3      -3.1      43.5
       -.9      25.0       -.4      14.0
       -.5      18.7       -.3      11.2
       -.6      19.4       -.3      11.7
 40625  -.240493  -.721479  -.649331
  34974.8  16151.9     -4.3     22.7     10.3     12.5
     -3.9     33.0     11.2     34.0  11570.2  12623.7
      -5.8      62.9      -3.1      45.9
      -1.0      34.7       -.5      14.5
      -1.1      26.5       -.3      11.4
       -.9      27.2       -.4      12.4
 40626  -.211513  -.793174  -.571085
  39905.3  14809.5     35.2     91.5     10.9     14.0
     -4.0     21.0     11.1     32.8  16801.9  17597.7
      -8.4      61.3      -4.1      47.9
      -1.2      35.8       -.4      14.0
      -1.9      30.3       -.7      10.5
       -.5      32.7       -.7      10.7
 40627  -.187186  -.842336  -.505402
  45411.5  14008.3     -3.3     43.3     10.7      9.4
     -2.9     25.4     11.2     31.3  18646.1  19909.2
      -7.9      57.6      -6.5      50.1
       -.9      31.7       -.1      14.3
       -.9      29.6       -.1      10.4
       -.6      34.1       -.2      10.4
 40628  -.167009  -.876798  -.450925
  51099.9  13600.4     -3.3     43.3     10.5      8.3
      6.1     12.5     11.7     30.2  22898.0  24352.8
      -7.6      56.9      -6.1      53.7
      -1.5      30.7       -.3      14.0
      -1.0      27.1       -.2       9.5
       -.7      28.8       -.3       9.6
 40629  -.150261  -.901568  -.405706
  56727.9  13288.5     -3.3     43.3     10.4      8.5
     -3.3     86.6     11.8     29.3  26892.4  28563.6
      -7.0      57.5      -2.5      55.6
       -.9      33.0       -.3      13.8
       -.7      30.8       -.2       9.4
      -1.1      35.1       -.3       9.0
 40630  -.136269  -.919816  -.367926
  63032.1  13076.4     -3.3     43.3     10.7      7.7
     -3.3     86.6     11.7     28.6  31422.6  32944.5
      -9.2      58.5      -3.7      61.1
      -1.3      31.3       -.3      14.2
      -1.4      28.0       -.1       8.8
       -.4      30.5       -.1       8.5
 40631  -.124476  -.933570  -.336085
  68998.7  12875.0     -3.3     43.3     10.4     10.1
     -3.3     86.6     11.6     27.9  34385.2  36164.7
     -10.8      57.0      -4.4      61.0
      -1.6      33.8       -.2      14.7
      -1.0      31.2       -.1       8.5
       -.8      33.4       -.1       7.9
 40632  -.114443  -.944153  -.308995
  75780.1  12825.0     -3.3     43.3     10.6     10.9
     -3.3     86.6     11.7     27.3  38771.6  41132.4
     -11.9      58.0      -9.0      71.4
       -.9      32.1       -.3      16.5
      -1.2      28.8       -.2       8.4
       -.6      31.1       -.2       7.4
 40633  -.105828  -.952448  -.285734
  82035.1  12776.9     -3.3     43.3     11.9     13.8
     -3.3     86.6     11.7     26.9  42680.3  45113.3
      -8.4      59.5      -7.4      69.3
      -1.4      34.8       -.3      16.8
      -1.0      33.1        .0       8.0
      -1.1      35.9       -.1       7.1
 40634   .872340  -.130851  -.471064
  50631.4   9563.8     -4.3     30.6     -2.4    170.1
     -4.2     71.9     10.8     57.7  12646.8  18039.5
      -7.4      64.7       9.0      55.0
       -.4      11.8       1.1      31.6
       -.6       5.2        .9      25.5
       -.4       5.1       1.5      28.6
 40635   .848868  -.141478  -.509321
  46392.9   9788.5     -4.0     30.7     39.2    149.3
     -4.0     72.3     10.8     57.7  15442.5  18821.5
      -9.6      66.2       9.0      55.0
       -.9      10.7       1.6      30.6
       -.3       5.5        .8      25.1
       -.5       5.5        .9      27.8
 40636   .819017  -.153566  -.552837
  42582.0  10208.9     -4.0     31.2     24.9    121.4
     -4.2     72.7     10.8     57.7  14299.5  17921.1
     -10.8      63.2       9.6      55.5
       -.6       9.9       1.3      29.5
       -.7       5.8       1.0      23.3
       -.6       5.8       1.3      25.0
 40637   .780626  -.167277  -.602197
  38864.5  10808.9     -4.1     31.7      7.3    103.7
     -4.1     73.3     10.0     22.2  15755.4  17239.3
      -7.5      58.6       9.8      55.7
       -.8       9.8       1.4      29.4
       -.6       6.2        .9      22.7
       -.5       6.4        .8      24.1
 40638   .730784  -.182696  -.657706
  35386.6  11590.9     -4.0     32.3     32.4     61.8
     -4.1     73.9     11.4     13.7  14220.3  15108.1
     -10.1      59.1       7.7      52.3
       -.9       9.6       1.0      26.7
       -.6       6.2        .7      20.6
       -.3       6.5        .8      22.2
 40639   .665721  -.199716  -.718978
  32316.9  12914.2     -4.1     33.1     20.6     36.3
     -4.2     74.5     11.3     19.1  13007.4  14227.3
      -8.7      58.8       5.6      49.2
       -.6       9.4        .5      25.8
       -.5       6.5       1.0      19.2
       -.5       6.8        .5      20.5
 40640   .580932  -.217849  -.784258
  29619.2  14934.6     -4.0     33.7     12.3     14.5
     -4.0     75.0     11.6     28.0   9418.2  10273.3
      -8.0      53.8       5.4      46.2
       -.9       8.8       1.1      21.1
       -.7       6.6        .9      15.4
       -.5       6.8        .8      15.8
 40641   .471929  -.235965  -.849473
  27490.4  19241.3     -3.9     34.2     11.4     12.2
     -4.0     75.5     11.5     37.2   9254.7   9997.4
      -6.6      55.8       5.2      41.2
       -.7       9.2        .9      14.2
       -.8       6.2        .7      10.1
       -.9       6.5       1.0       9.7
 40642   .336099  -.252074  -.907467
  26098.4  22455.1     -4.1     34.6     11.5     17.9
     -4.1     75.7     11.5     45.9   8846.4   9497.1
      -6.8      59.7       4.7      47.4
       -.8       8.9        .9       9.1
       -.5       6.2        .4       6.3
       -.7       6.6        .8       5.8
 40643   .175655  -.263482  -.948537
  25160.3  21493.9     -4.1     34.4     11.5     25.3
     -4.2     75.8     11.5     53.9   8470.3   9295.1
      -4.9      53.1       3.3      57.4
       -.8       8.2        .5       5.5
       -.5       5.7        .6       3.0
       -.8       5.6        .7       3.0
 40644   .000000  -.267644  -.963518
  24891.8  21202.4     -3.9     34.3     10.8     24.8
     -4.0     75.9     10.8     53.4   8560.7   9373.8
      -4.1      53.8        .6      58.8
       -.5       9.3        .0       6.5
       -.8       5.7       -.2       3.2
       -.6       5.2       -.1       3.7
 40645  -.088862  -.266585  -.959706
  24762.1  21275.8     -3.8     34.8     10.9     21.3
     -3.9     76.2     10.8     49.6   8210.9   9056.3
      -7.1      53.4      -2.5      48.6
       -.9       8.5       -.1       6.8
       -.6       5.9       -.5       5.2
       -.6       5.4       -.3       5.6
 40646  -.175655  -.263482  -.948537
  24844.5  21582.6     -3.8     34.9     10.6     18.1
     -3.8     76.1     10.6     45.7   8022.3   8698.1
      -4.2      50.3      -4.7      43.6
       -.7       8.6       -.4       9.3
       -.7       6.3       -.4       7.0
       -.7       5.7       -.4       7.8
 40647  -.258544  -.258544  -.930758
  25067.6  20721.9     -3.6     35.1     10.8     15.8
     -3.8     76.3     10.9     41.8   7882.4   8524.7
      -6.1      56.0      -4.2      40.7
      -1.0       8.5       -.5      11.8
       -.9       6.2       -.4       9.1
       -.6       6.1       -.4      10.0
 40648  -.336099  -.252074  -.907467
  25521.0  18357.1     -3.6     35.0     10.8     14.2
     -3.6     76.1     10.7     37.9   7827.6   8478.7
      -3.6      53.5      -3.6      42.1
       -.4       8.8       -.5      14.4
       -.5       6.4       -.6      11.4
       -.2       6.0       -.5      12.6
 40649  -.407380  -.244428  -.879941
  26175.6  15632.0     -3.6     35.1     10.5     15.9
     -3.7     76.2     10.7     34.0   7578.6   8251.7
      -3.5      61.7      -3.5      43.9
       -.6       9.1       -.4      17.6
       -.4       6.5       -.7      14.0
       -.4       6.2       -.7      16.6
 40650  -.471929  -.235965  -.849473
  26916.3  14118.4     -3.6     35.0     10.4     22.7
     -3.7     76.0     11.2     30.1   7946.7   8505.3
        .0      56.9      -4.9      45.1
       -.7       8.9      -1.0      20.7
       -.5       6.5       -.6      16.3
       -.3       6.2       -.5      20.1
 40651  -.529695  -.227012  -.817244
  27885.8  12798.6     -4.2     34.6      9.2     39.4
     -4.3     75.7     11.1     25.9   8135.1   8863.5
      -3.5      53.5      -4.5      46.1
       -.7       8.9       -.9      24.2
       -.5       6.7      -1.4      19.3
       -.5       6.6       -.9      21.9
 40652  -.580932  -.217849  -.784258
  29156.9  12117.1     -3.9     34.4     12.6     58.6
     -3.9     75.7     11.0     22.1   8248.4   8802.2
      -1.7      59.6      -4.9      47.1
       -.4       9.1      -1.0      26.5
       -.5       6.6      -1.0      20.8
       -.3       6.5      -1.4      23.5
 40653  -.665721  -.199716  -.718978
  31709.9  10813.5     -3.8     34.4      2.0     78.5
     -3.7     75.2     12.1     18.5   7841.8   8851.0
       1.2      62.2      -5.3      52.4
       -.5       9.9       -.5      27.5
       -.4       6.4       -.5      22.4
       -.2       6.7       -.8      27.2
 40654  -.730784  -.182696  -.657706
  34824.1  10007.2     -3.7     35.0      -.2    112.1
     -3.8     74.6     13.5     23.8   8425.6   8997.3
        .3      59.5      -4.9      51.1
       -.6       9.1       -.8      30.4
       -.2       6.1       -.2      25.0
       -.1       6.6       -.7      32.1
 40655  -.780626  -.167277  -.602197
  38252.1   9451.2     -4.3     34.9      4.7    129.1
     -4.0     74.2     -2.4     29.5   8089.6   8705.6
       1.8      58.2      -6.4      54.1
       -.7       9.6       -.3      32.4
       -.2       5.8       -.4      26.8
       -.1       5.9       -.7      36.0
 40656  -.819017  -.153566  -.552837
  41813.2   9181.5     -3.9     35.3     -4.3    152.7
     -3.8     73.5     10.8     57.7   8478.3   9017.0
       1.4      64.3      -4.1      56.1
       -.3      10.3       -.2      34.6
       -.3       6.5       -.4      29.0
       -.3       6.0       -.2      45.8
 40657  -.848868  -.141478  -.509321
  45522.9   8886.5     -4.2     35.8     -2.8    173.7
     -4.1     73.2     10.8     57.7   8320.6   9325.2
       1.8      62.8      -8.4      58.4
       -.2      11.6       -.4      35.0
       -.3       5.7        .1      30.2
       -.2       5.4        .0      53.0
 40658  -.872340  -.130851  -.471064
  49489.3   8737.7     -3.8     36.3    -14.2    197.3
     -3.9     72.8     10.8     57.7   8777.0   9444.4
       2.9      68.6      -9.2      56.8
       -.4      13.0       -.3      36.1
       -.2       5.3       -.2      32.2
       -.3       6.6        .0      62.6
 40659  -.891017  -.121502  -.437408
  53364.0   8575.4     -4.1     36.7     -9.7    226.8
     -3.9     72.4     10.8     57.7   8917.7   9719.0
       2.9      66.9      -7.4      56.4
        .0      12.2       -.2      36.0
        .1       5.1        .5      33.5
       -.2       5.5      -1.4      72.9
 40660  -.906054  -.113257  -.407724
  57352.4   8482.7     -3.6     36.8       .8    245.2
     -3.6     72.2     10.8     57.7   9276.0  10575.4
       6.6      70.0      -7.7      55.2
        .0      15.7        .4      37.6
        .1       7.4        .8      33.6
       -.2       6.0        .3      80.8
 40661  -.918298  -.105957  -.381447
  61237.9   8436.8     -3.9     37.4    -37.6    275.0
     -3.7     71.7     10.8     57.7   9222.0  10151.1
       2.9      65.7      -9.4      54.7
       -.3      16.6        .2      37.8
       -.1       7.2        .8      37.1
       -.5       8.1      -1.8      89.7
 40662  -.928375  -.099469  -.358087
  65322.6   8419.2     -4.3     37.5    -21.1    293.6
     -3.9     71.8     10.8     57.7   9550.0  10509.4
       6.8      68.0      -6.6      56.0
       -.1      17.1        .8      38.8
       -.2       7.4        .8      37.1
        .1       9.1       -.7      96.4
 40663   .850763  -.255229  -.459412
  50732.6   9719.9     -3.9     22.6     31.1    172.8
     -4.1     55.8     10.8     57.7  10815.6  14256.1
      -6.7      54.6       7.0      55.1
       -.7      15.8       1.0      32.7
       -.3      10.6       1.0      26.7
       -.6      10.4        .4      36.8
 40664   .824475  -.274825  -.494685
  46836.4  10098.9     -3.4     21.1     24.7    166.4
     -4.0     57.1     10.8     57.7  11652.5  14817.5
      -8.2      51.3       7.4      56.0
       -.7      15.9        .8      32.5
       -.6      11.3        .8      26.3
       -.4      11.5        .0      32.3
 40665   .791497  -.296812  -.534261
  43265.8  10606.9     -3.8     20.9      3.5    126.2
     -3.9     57.7     10.8     57.7  12154.9  15610.0
      -9.0      52.6       9.9      56.2
       -.7      16.4       1.6      30.9
       -.4      11.7        .3      24.1
       -.3      12.0        .3      28.5
 40666   .749790  -.321338  -.578409
  39689.8  11081.4     -4.0     21.0     33.1    101.2
     -3.9     58.6     10.8     24.5  13886.5  16521.2
      -8.1      54.2       6.5      55.2
       -.9      16.7       1.4      29.5
       -.6      12.2       1.2      23.4
       -.4      12.9        .3      26.2
 40667   .696733  -.348367  -.627060
  36375.0  12092.3     -3.7     22.1      2.7     74.4
     -3.7     59.8     11.0     15.7  13807.0  15049.4
      -8.1      51.8       8.0      50.7
       -.6      16.9       1.1      27.1
       -.8      12.7        .9      21.5
       -.4      13.2        .2      23.8
 40668   .629142  -.377485  -.679474
  33445.5  13550.6     -4.0     23.1     19.2     40.5
     -4.2     60.7     11.2     19.5  13019.0  14357.6
      -7.2      50.4       5.4      47.4
       -.8      16.6       1.1      25.4
       -.7      12.7        .6      19.8
       -.5      13.3        .4      22.0
 40669   .543526  -.407645  -.733761
  31041.3  15772.7     -3.8     24.6     10.6     25.6
     -4.1     61.8     11.6     27.6  10336.9  11023.9
      -6.6      50.4       5.0      46.1
      -1.4      16.8       1.1      21.2
       -.9      13.2        .9      15.6
       -.9      13.4        .5      16.9
 40670   .436852  -.436852  -.786334
  29209.1  20105.4     -4.0     25.2     11.5     12.6
     -4.1     62.3     11.7     36.5  10189.8  10820.1
      -8.5      50.8       4.1      44.3
      -1.0      16.5        .8      14.2
       -.7      12.4       1.0      10.7
       -.9      12.8        .8      10.7
 40671   .308021  -.462031  -.831656
  27691.1  22782.1     -4.5     25.4     11.7     17.7
     -4.2     62.6     11.7     45.4  10042.3  10491.6
      -6.9      48.2       4.4      43.4
       -.8      16.2        .6       8.9
      -1.1      12.0        .7       6.4
      -1.0      12.6        .4       6.4
 40672   .159801  -.479402  -.862924
  27317.3  22039.2     -4.3     24.5     11.4     25.2
     -4.5     62.7     11.5     53.8   9114.8   9924.9
      -7.5      51.0       2.9      58.7
      -1.0      16.5        .6       7.1
      -1.1      11.3        .6       3.0
       -.8      11.0        .4       3.0
 40673   .000000  -.485643  -.874157
  27007.0  21662.4     -4.2     24.6     10.8     24.7
     -4.2     62.9     10.9     53.1   9649.5  10460.7
      -8.5      48.9      -3.0      59.8
      -1.1      16.3       -.1       7.1
       -.8      11.1       -.1       3.2
       -.7      10.6       -.3       3.6
 40674  -.080677  -.484060  -.871308
  26832.7  21431.9     -4.3     25.0     10.9     21.2
     -4.1     63.0     10.9     49.2   9229.9   9989.5
      -5.9      51.6      -3.1      50.0
      -1.1      16.2       -.4       7.5
      -1.0      11.5       -.4       5.2
       -.7      11.1       -.3       5.8
 40675  -.159801  -.479402  -.862924
  26822.9  21553.2     -3.7     25.6     10.4     18.0
     -3.8     63.2     10.6     45.2   9197.4   9674.9
      -3.2      47.5      -2.0      46.5
      -1.0      16.6       -.2       9.4
       -.7      12.0       -.2       7.3
       -.7      11.8       -.3       8.1
 40676  -.235965  -.471929  -.849473
  27129.8  21083.6     -3.8     25.8     10.8     15.6
     -3.9     63.1     11.0     41.0   8930.2   9722.5
      -5.1      52.0      -3.0      44.6
      -1.0      16.5       -.5      11.6
       -.8      12.7       -.4       9.5
       -.6      12.2       -.4      10.3
 40677  -.308021  -.462031  -.831656
  27381.4  18933.7     -4.3     26.0     10.5     15.0
     -4.1     63.2     10.8     37.0   8473.3   9369.0
      -5.4      51.4      -2.3      41.2
      -1.0      16.3       -.6      14.5
       -.6      12.7       -.5      11.8
       -.6      12.0       -.8      12.9
 40678  -.375145  -.450175  -.810314
  27985.2  17177.1     -3.8     26.0     10.3     16.2
     -3.9     63.3     10.8     33.4   8081.1   8732.8
      -4.3      48.4      -2.9      41.5
       -.9      17.2       -.3      17.5
       -.7      12.6       -.8      14.4
      -1.1      12.4       -.9      16.8
 40679  -.436852  -.436852  -.786334
  28645.4  15452.1     -3.9     25.5      9.7     20.5
     -3.6     63.2     10.9     29.3   9005.7   9628.5
      -3.3      49.8      -3.6      45.7
       -.4      16.5       -.7      21.3
       -.1      13.1       -.4      17.2
       -.7      13.1      -1.2      20.0
 40680  -.492958  -.422535  -.760563
  29578.5  14033.9     -3.5     25.4      8.8     32.5
     -3.8     62.7     11.2     25.5   8658.8   9607.7
      -5.3      50.8      -4.7      46.2
       -.6      16.7      -1.1      24.3
       -.3      13.1       -.6      19.8
       -.4      13.3       -.6      22.7
 40681  -.543526  -.407645  -.733761
  30500.8  13216.6     -3.8     25.2      4.6     53.1
     -4.0     62.3     11.2     22.5   8827.5   9904.6
      -5.5      50.7      -6.1      47.8
       -.4      16.7       -.7      26.7
       -.5      13.2       -.9      22.0
       -.7      13.5      -1.1      24.7
 40682  -.629142  -.377485  -.679474
  32806.4  11611.1     -3.5     25.3      6.9     75.1
     -3.6     61.4     11.7     20.2   8627.1   9177.1
      -2.5      50.1      -5.4      51.2
       -.8      16.5       -.6      28.8
       -.6      12.8       -.6      23.5
        .0      13.7       -.6      28.1
 40683  -.696733  -.348367  -.627060
  35651.5  10572.0     -3.9     27.0     10.2    104.6
     -3.8     60.6     12.9     25.5   8759.3   9392.1
      -2.1      54.1      -8.5      54.0
       -.3      16.5       -.6      31.4
       -.1      12.6       -.6      26.2
       -.1      13.3      -1.0      33.5
 40684  -.749790  -.321338  -.578409
  38676.9  10017.3     -3.9     29.3      4.8    127.7
     -3.7     59.6     20.9     32.6   8561.1   9112.4
       -.4      51.8      -5.6      55.1
       -.5      16.1       -.6      33.0
       -.1      11.9       -.1      28.3
        .1      12.2       -.6      40.1
 40685  -.791497  -.296812  -.534261
  41844.1   9479.1     -3.5     32.3      3.8    150.0
     -3.5     58.5     10.8     57.7   8363.4   8921.2
      -2.8      53.1      -7.1      56.3
       -.3      15.6        .0      35.4
       -.5      11.6       -.7      31.4
        .0      11.6       -.2      50.7
 40686  -.824475  -.274825  -.494685
  45307.4   9215.2     -4.4     34.7     -7.7    177.3
     -3.7     57.9     10.8     57.7   8475.8   8997.7
        .1      53.4      -7.1      56.4
        .0      14.7       -.7      36.1
       -.1      10.5       -.3      34.0
        .1      10.7      -1.1      61.7
 40687  -.850763  -.255229  -.459412
  49043.2   9056.0     -4.0     36.6    -11.9    201.1
     -3.7     57.1     10.8     57.7   8498.6   9135.1
       -.9      53.9      -6.4      57.5
       -.2      15.7       -.7      38.6
        .2      10.8        .8      35.4
       -.1      10.4       -.7      73.8
 40688  -.871918  -.237796  -.428033
  52374.9   8835.0     -3.4     39.5     -6.2    228.2
     -3.7     56.5     10.8     57.7   8503.6   9183.9
       -.1      54.5      -6.7      58.7
        .0      14.4        .1      39.9
       -.2       9.7       -.3      36.9
        .0      10.6        .7      84.7
 40689  -.889108  -.222277  -.400099
  56053.0   8708.0     -4.0     39.6    -16.1    248.4
     -3.9     55.9     10.8     57.7   8801.1   9609.7
        .7      56.9      -4.8      58.1
       -.3      14.5       -.1      39.8
        .0       9.7        .8      40.5
       -.1      10.8        .4      96.1
 40690  -.903213  -.208434  -.375181
  59802.0   8699.9     -3.0     41.3     -7.7    272.2
     -3.7     55.3     10.8     57.7   8687.7   9301.0
       1.8      55.5      -2.3      57.7
       -.4      14.0        .1      41.5
        .2       9.3       2.1      43.1
       -.1      10.5       1.6     104.8
 40691  -.914896  -.196049  -.352888
  63571.6   8650.1     -3.9     42.2    -45.2    291.9
     -4.0     54.6     10.8     57.7   9340.8  10200.7
        .6      56.1      -7.6      57.5
       -.2      15.5       1.1      41.7
        .0       9.2        .7      45.4
       -.7      11.3        .2     115.5
 40692   .469758  -.845564  -.253669
  89117.1  14295.0     -3.3     43.3     10.8     28.9
     -3.3     86.6     10.8     57.7  45757.5  47530.9
     -11.0      62.4       2.1      56.8
       -.5      35.3        .5      26.0
       -.5      34.2        .5      20.8
        .0      37.7        .2      21.7
 40693   .431934  -.863868  -.259161
  87229.2  14357.5     -3.3     43.3     10.8     28.9
     -3.3     86.6     10.8     57.7  42885.8  45846.3
     -11.1      58.5       1.0      60.0
      -1.2      35.2        .6      25.1
       -.7      33.8        .2      20.2
       -.4      38.4        .3      21.6
 40694   .391687  -.881295  -.264388
  85745.1  14251.1     -3.3     43.3     10.8     28.9
     -3.3     86.6     10.8     57.7  39450.2  43984.2
     -10.1      59.9       1.2      57.8
      -1.0      35.5        .3      23.4
       -.8      35.0        .3      18.6
       -.2      39.6        .0      19.0
 40695   .349059  -.897580  -.269274
  84357.8  13929.7   -107.9    325.8     42.3    113.1
     -3.3     86.6     10.8     57.7  31765.1  41589.4
     -11.5      59.4       3.8      62.5
      -1.7      35.5        .8      22.7
       -.9      34.3        .4      16.9
       -.8      41.0        .1      18.7
 40696   .304150  -.912449  -.273735
  83463.5  13716.5    -57.2    353.6     40.3     91.0
     -3.3     86.6     10.8     57.7  28989.4  40025.8
      -9.7      58.3       4.1      58.2
      -1.4      35.5        .5      20.7
       -.4      34.7        .1      15.2
        .1      41.7        .1      14.3
 40697   .257118  -.925624  -.277687
  82546.8  13413.3   -170.1    307.7     29.3     77.3
     -3.3     86.6     11.0      7.6  30193.0  37132.1
     -13.7      60.5      -1.4      62.4
      -1.6      35.2        .7      19.0
      -1.4      34.1        .4      12.9
        .1      42.6        .0      13.1
 40698   .208187  -.936839  -.281052
  82159.1  13251.4   -223.3    274.6     20.2     59.3
     -3.3     86.6     11.5     16.1  30518.9  39755.1
     -12.4      61.2      -4.7      62.6
       -.9      35.8        .0      18.5
      -1.1      34.8        .1      11.0
       -.2      43.1        .0       9.9
 40699   .157642  -.945850  -.283755
  81695.3  13162.0     -3.3     43.3     11.2     19.6
     -3.3     86.6     11.5     27.9  34252.0  39225.6
      -9.9      58.9      -3.8      71.7
      -1.3      35.9        .5      16.1
       -.7      34.4        .1       8.6
       -.9      40.9        .2       7.5
 40700   .105828  -.952448  -.285734
  81425.5  12925.5     -3.3     43.3     11.5     12.6
     -3.3     86.6     11.7     39.8  34973.2  41947.6
      -7.9      55.1      -2.9      78.3
      -1.1      35.4        .2      18.8
      -1.8      34.2        .2       5.9
      -1.0      41.7        .1       5.1
 40701   .053137  -.956473  -.286942
  81701.4  12840.1     -3.3     43.3     11.4     23.1
     -3.3     86.6     11.4     51.4  40091.0  43781.7
     -11.1      59.5      -1.2      93.5
      -1.3      35.5       -.5      33.0
      -1.4      33.6        .6       5.5
      -2.5      38.4        .5       3.0
 40702   .000000  -.957826  -.287348
  81844.7  12776.3     -3.3     43.3     11.9     22.2
     -3.3     86.6     11.8     50.5  42541.1  44561.0
      -8.2      57.5     -11.9      90.9
      -2.0      34.3      -1.7      32.5
      -1.9      33.1        .2       5.9
      -1.5      35.6        .3       3.0
 40703  -.026597  -.957487  -.287246
  82221.3  12837.6     -3.3     43.3     12.0     16.5
     -3.3     86.6     12.0     44.6  42666.2  45217.5
     -10.4      59.9      -8.3      86.2
      -2.2      34.8       -.6      23.3
      -1.4      33.2        .3       5.3
      -1.3      35.3        .2       3.0
 40704  -.053137  -.956473  -.286942
  82130.4  12751.2     -3.3     43.3     11.6     10.9
     -3.3     86.6     11.8     38.9  44006.5  45615.3
     -14.7      63.9     -10.3      84.7
      -1.9      35.2       -.3      20.1
      -2.1      33.4        .1       6.1
      -1.1      35.6        .1       4.4
 40705  -.079566  -.954790  -.286437
  81825.9  12749.7     -3.3     43.3     11.7      6.5
     -3.3     86.6     11.9     32.7  43349.1  45282.8
     -13.6      62.9      -6.0      75.5
      -1.4      34.6       -.1      15.1
      -1.4      33.5        .0       6.9
      -1.3      35.8       -.2       6.0
 40706  -.105828  -.952448  -.285734
  82057.2  12783.4     -3.3     43.3      9.5     15.1
     -3.3     86.6     11.9     26.8  42164.0  44376.7
     -10.8      59.5      -6.0      68.0
      -1.9      35.4       -.4      17.2
       -.8      33.6        .0       8.2
       -.7      36.7        .0       7.3
 40707  -.131870  -.949462  -.284838
  82009.1  12763.6     -3.3     43.3      9.6     52.7
     -3.3     86.6     11.7     21.1  42052.0  44716.8
      -9.3      60.4      -9.4      65.6
       -.6      34.6       -.4      17.0
       -.7      33.2       -.2       9.7
       -.9      37.7       -.4       8.9
 40708  -.157642  -.945850  -.283755
  82130.3  12854.1     -3.3     43.3      8.0     61.2
     -3.3     86.6     11.6     15.4  41521.8  44442.2
     -11.1      60.2      -6.9      63.8
      -1.2      35.2       -.5      17.0
       -.2      33.6        .0      10.5
       -.4      37.7       -.3       9.6
 40709  -.183096  -.941634  -.282490
  81961.8  12834.4     -3.3     43.3    -25.4     67.2
     -3.3     86.6     11.8     10.5  41434.6  44715.2
     -10.3      58.8      -4.1      63.2
      -1.5      35.6       -.5      17.6
      -1.1      34.0        .0      11.8
       -.9      38.2       -.3      11.2
 40710  -.208187  -.936839  -.281052
  82306.2  12944.6     -3.3     43.3     13.1    166.9
     -3.3     86.6     11.3      8.1  41018.9  43765.7
      -8.8      56.5      -8.5      61.8
      -1.4      35.2       -.2      17.9
       -.2      33.6        .2      11.8
       -.8      38.6        .1      12.3
 40711  -.257118  -.925624  -.277687
  82781.3  13049.4     -3.3     43.3     10.8     28.9
     -3.3     86.6     10.8     57.7  39906.2  43404.3
     -13.2      61.2      -7.7      61.4
       -.9      35.5       -.1      20.5
       -.9      35.0       -.1      15.0
        .0      39.5       -.3      14.0
 40712  -.304150  -.912449  -.273735
  83799.5  13214.3     -3.3     43.3     10.8     28.9
     -3.3     86.6     10.8     57.7  40419.0  44124.0
     -10.3      57.5      -7.2      56.4
       -.9      35.4       -.2      21.3
       -.5      33.3        .2      16.2
       -.1      39.1        .2      17.7
 40713  -.349059  -.897580  -.269274
  84635.7  13528.7     -3.3     43.3     10.8     28.9
     -3.3     86.6     10.8     57.7  39231.9  43885.9
     -10.8      58.6      -9.5      54.7
       -.6      35.5        .0      23.1
        .8      34.7        .8      18.6
       -.2      39.5        .1      20.0
 40714  -.391687  -.881295  -.264388
  85821.2  13647.5     -3.3     43.3     10.8     28.9
     -3.3     86.6     10.8     57.7  37070.7  44848.9
      -8.9      59.9      -9.3      59.5
       -.9      35.5        .0      24.4
        .3      33.5        .3      19.8
        .4      39.3        .5      21.7
 40715  -.431934  -.863868  -.259161
  87302.1  13728.4     -3.3     43.3     10.8     28.9
     -3.3     86.6     10.8     57.7  43716.0  46385.2
      -7.4      58.0      -9.4      52.8
       -.6      35.1       -.2      24.6
       -.7      34.0        .2      20.7
        .7      37.9       1.0      21.4
 40716  -.469758  -.845564  -.253669
  89014.6  13864.1     -3.3     43.3     10.8     28.9
     -3.3     86.6     10.8     57.7  45015.0  47634.3
      -8.9      59.6     -10.8      54.6
       -.5      34.6        .3      27.5
        .4      33.7        .5      23.6
        .1      36.6        .4      23.7
 40717  -.505162  -.826628  -.247988
  91133.8  13871.5     -3.3     43.3     10.8     28.9
     -3.3     86.6     10.8     57.7  43449.6  46969.7
      -6.6      59.2      -8.9      51.8
       -.7      35.3        .3      28.0
       -.1      34.0        .8      24.6
        .1      37.5        .2      26.5
 40718  -.538187  -.807280  -.242184
  92753.6  13655.2     -3.3     43.3     10.8     28.9
     -3.3     86.6     10.8     57.7  47417.0  49305.0
      -8.3      62.7      -7.5      51.0
       -.3      35.4        .4      30.0
       -.2      33.3        .1      26.2
        .1      36.2        .4      28.7
 40719  -.568907  -.787718  -.236315
  95053.0  13562.7     -3.3     43.3     10.8     28.9
     -3.3     86.6     10.8     57.7  39125.5  45548.6
      -7.1      60.6      -8.1      50.3
       -.5      34.2        .3      30.1
        .6      33.0        .9      27.3
       1.1      40.2       1.1      33.0
 40720  -.597418  -.768109  -.230433
  97006.5  13333.2     -3.3     43.3     10.8     28.9
     -3.3     86.6     10.8     57.7  28649.9  37442.4
      -8.5      61.2      -7.2      51.1
       -.6      34.3        .6      32.1
        .0      32.7        .8      28.2
        .8      47.7       1.2      40.4
