CMSSW:newR12@-300V,3.8T@20d,263K,rhe=1.0179[mu=.077],rhh=0.7,0.00/0.00          
  2463   1  3.80  28   3  29   4  300.00  263.00     .00 1.00000  1000.0   24.46  -20.74  150.000  100.000  290.000  1000.0   12.23  -10.37    1.50    1.00     .85
 64381  -.105170   .946530  -.304993
  88292.4  13674.2     12.2     43.3    -10.6      7.6
     12.2     86.6    -10.6     36.0  52617.2  53889.4
      12.7      55.9     -10.5      82.7
        .8      22.9       -.9      18.2
        .2      18.5       -.4       4.7
        .4      16.7       -.5       3.2
 64382  -.113613   .937303  -.329476
  81798.1  13782.7     12.2     43.3    -10.4      7.5
     12.2     86.6    -10.5     36.2  47249.5  48848.0
      11.2      54.1     -11.0      79.8
        .6      23.3      -1.0      17.3
        .5      19.3       -.4       5.1
        .4      17.8       -.5       3.3
 64383  -.123410   .925573  -.357888
  75360.9  13938.2     12.2     43.3    -10.4      7.7
     12.2     86.6    -10.5     36.3  43576.6  45025.5
       9.9      54.0      -8.9      69.0
        .7      23.1      -1.0      15.9
        .1      17.8       -.5       4.9
        .4      16.4       -.6       3.4
 64384  -.134874   .910397  -.391134
  68737.6  14115.0     12.2     43.3    -10.4      7.9
     12.2     86.6    -10.6     36.6  39138.4  40388.4
      11.0      52.8      -9.6      67.4
        .9      23.1      -1.1      15.2
        .2      18.3       -.5       4.5
        .1      17.2       -.5       3.5
 64385  -.148397   .890380  -.430350
  62643.8  14409.7     12.2     43.3    -10.5      8.2
     12.2     86.6    -10.5     36.7  35361.4  36071.4
       9.5      53.6      -9.0      67.7
        .2      22.6       -.5      14.1
        .2      17.1       -.5       4.6
        .5      15.7       -.5       3.6
 64386  -.164460   .863416  -.476934
  56633.8  14875.6     12.2     43.3    -10.6      8.4
     12.2     86.6    -10.6     36.8  30908.3  32009.6
      10.8      54.8      -7.2      62.2
        .5      22.9      -1.0      12.6
        .3      17.8       -.5       4.8
        .3      16.8       -.6       3.8
 64387  -.183618   .826279  -.532491
  50810.6  15552.2     12.2     43.3    -10.5      8.8
     12.2     86.6    -10.5     37.3  27691.2  28462.2
       7.8      55.1      -5.9      59.2
        .2      22.1       -.4      10.5
        .2      16.1       -.5       4.9
        .3      14.8       -.5       3.9
 64388  -.206405   .774019  -.598575
  45068.4  16668.7     12.2     43.3    -10.9     10.8
     12.2      8.2    -10.8     37.6  24294.3  25125.7
       8.9      54.1      -7.5      51.6
        .9      21.7       -.8      10.4
        .1      16.8       -.4       4.9
        .4      16.0       -.6       4.1
 64389  -.233063   .699189  -.675882
  40122.4  18602.2     12.2     43.3    -10.8      9.4
     12.3     18.7    -10.8     37.8  20823.9  21562.1
       8.7      58.1      -6.6      53.7
        .5      27.3       -.5       9.0
        .2      18.2       -.4       5.3
        .0      15.1       -.4       4.3
 64390  -.262862   .591440  -.762300
  35785.5  22414.2     12.2     43.3    -10.7      9.9
     12.5     37.5    -10.7     38.4  17958.7  18693.2
       6.5      55.8      -7.1      52.4
        .1      23.5       -.6       9.1
        .3      15.6       -.5       5.5
        .1      12.4       -.4       4.4
 64391  -.292854   .439281  -.849276
  32081.7  26212.9     12.2     13.5    -10.7     10.2
     12.2     56.3    -10.7     38.7  15723.3  16338.3
       6.0      50.5      -5.9      45.6
        .3      13.9       -.5       8.9
        .0       9.1       -.5       5.6
        .0       7.4       -.5       4.7
 64392  -.316664   .237498  -.918324
  29819.3  24661.7     12.1     31.1    -10.8     10.5
     12.1     74.3    -10.7     39.0  14612.6  15229.0
       4.3      58.5      -5.4      45.4
        .2       6.4       -.7       8.8
        .1       5.0       -.4       5.6
        .1       5.0       -.5       4.7
 64393  -.325991   .000000  -.945373
  28998.8  24063.8     12.2     36.9    -10.7     10.6
     12.3     80.2    -10.7     39.0  13985.2  14692.4
       -.6      69.1      -5.5      46.8
       -.5       7.4       -.5       8.9
       -.2       5.0       -.5       5.7
       -.3       5.0       -.5       4.7
 64394  -.323582  -.121343  -.938387
  29152.1  23953.3     12.2     28.5    -10.7     10.6
     12.1     71.7    -10.8     39.0  13873.3  14564.0
      -3.5      56.7      -3.6      42.8
       -.5       7.7       -.6       9.3
       -.2       5.0       -.6       5.7
       -.2       5.0       -.5       4.8
 64395  -.316664  -.237498  -.918324
  29599.9  24582.5     11.8     20.0    -10.8     10.5
     11.9     63.0    -10.7     39.0  14260.5  15148.3
      -4.9      49.6      -4.2      45.6
       -.5      11.0       -.6       8.7
       -.1       7.4       -.4       5.8
       -.2       6.1       -.5       4.9
 64396  -.306058  -.344315  -.887567
  30485.3  24568.9     12.1     11.6    -10.7     10.4
     11.9     54.1    -10.8     38.7  14957.4  15564.0
      -5.4      49.1      -3.8      45.4
       -.5      15.1       -.7       8.8
       -.2       9.8       -.5       5.8
       -.2       8.1       -.4       4.6
 64397  -.292854  -.439281  -.849276
  31905.2  22712.3     11.8      6.4    -10.8     10.2
     12.0     45.0    -10.8     38.7  15628.0  16229.9
      -7.0      52.1      -3.9      44.8
       -.6      19.2       -.6       8.7
       -.3      12.5       -.4       5.6
       -.1      10.2       -.4       4.6
 64398  -.278147  -.521525  -.806626
  33617.2  20079.7     12.2     43.3    -10.8     10.0
     11.7     35.5    -10.7     38.6  16814.4  17434.7
      -4.2      56.8      -2.2      49.1
       -.9      25.3       -.7       9.4
       -.3      16.8       -.4       5.6
       -.3      13.4       -.4       4.5
 64399  -.262862  -.591440  -.762300
  35557.9  18213.9     12.2     43.3    -10.9      9.9
     12.1     26.1    -10.9     38.5  17772.1  18485.1
      -7.0      57.7      -1.5      49.7
       -.5      28.4       -.7       9.0
       -.2      18.4       -.4       5.6
       -.3      15.2       -.4       4.5
 64400  -.233063  -.699189  -.675882
  39946.7  15896.3     12.2     43.3    -10.7      9.4
     12.1      9.9    -10.8     37.9  20401.6  21213.2
      -8.9      51.1        .6      52.2
       -.9      24.5       -.7       9.6
       -.3      17.4       -.5       5.2
       -.4      15.5       -.5       4.3
 64401  -.206405  -.774019  -.598575
  45016.7  14742.2     12.2     43.3    -10.7      9.0
     12.2     86.6    -10.8     37.7  23997.5  24834.8
      -8.7      54.5       -.1      53.7
       -.9      23.6       -.7       9.4
       -.7      18.0       -.4       5.1
       -.6      16.7       -.5       4.1
 64402  -.183618  -.826279  -.532491
  50521.5  14056.8     12.2     43.3    -10.8      8.6
     12.2     86.6    -10.8     37.3  27326.0  28271.2
      -8.4      50.7        .8      58.4
       -.7      21.9       -.5      10.2
       -.4      16.7       -.5       5.0
       -.6      14.8       -.4       3.9
 64403  -.164460  -.863416  -.476934
  56466.1  13637.6     12.2     43.3    -10.8      8.4
     12.2     86.6    -10.7     37.1  30846.0  31912.0
     -10.0      51.7       1.4      60.9
       -.5      24.0       -.5      11.4
       -.5      18.6       -.5       4.9
       -.5      17.9       -.5       3.7
 64404  -.148397  -.890380  -.430350
  62350.0  13310.8     12.2     43.3    -10.6      8.1
     12.2     86.6    -10.7     36.7  35085.0  36318.1
      -8.4      49.8       4.4      65.9
       -.5      22.0       -.2      12.0
        .0      17.4       -.4       5.3
       -.2      15.4       -.4       3.6
 64405  -.134874  -.910397  -.391134
  68767.1  13200.8     12.2     43.3    -10.4      7.8
     12.2     86.6    -10.5     36.7  39058.7  40386.6
     -11.2      55.5       4.1      69.9
       -.6      24.2       -.2      14.7
       -.3      19.0       -.5       4.7
       -.5      18.3       -.5       3.5
 64406  -.123410  -.925573  -.357888
  75186.3  13034.4     12.2     43.3    -10.6      7.7
     12.2     86.6    -10.6     36.2  43328.0  44443.7
     -11.1      54.1        .9      71.7
       -.9      22.2       -.3      14.6
       -.7      17.7       -.5       4.6
       -.4      15.5       -.5       3.3
 64407  -.113613  -.937303  -.329476
  81502.6  12957.9     12.2     43.3    -10.5      7.6
     12.2     86.6    -10.5     36.3  48032.4  49352.8
     -10.5      52.0       5.3      73.8
      -1.0      24.4       -.1      17.5
       -.1      19.6       -.3       4.4
       -.5      18.8       -.4       3.2
 64408  -.105170  -.946530  -.304993
  88167.1  12983.8     12.2     43.3    -10.4      7.4
     12.2     86.6    -10.4     35.8  51897.0  53426.8
      -8.4      50.8       5.4      75.8
      -1.2      22.6        .1      19.0
       -.5      17.5       -.4       5.1
       -.7      16.1       -.4       3.2
 64409   .863216  -.064741  -.500666
  53164.4   9182.1     12.4     27.0    -10.4     28.9
     12.4     70.2    -10.4     57.7  29182.6  30008.1
       6.6      64.7       7.2      41.9
        .2      11.6        .3      23.2
       -.1       5.0        .0      17.6
       -.2       5.0       -.2      15.8
 64410   .838516  -.069876  -.540377
  49115.9   9253.3     12.2     27.2    -10.4     28.9
     12.2     70.4    -10.4     57.7  26850.0  27696.9
       4.1      63.3       5.7      42.0
       -.4      11.0        .5      22.4
       -.1       5.0       -.3      17.0
       -.3       5.0        .0      14.5
 64411   .807288  -.075683  -.585284
  45411.7   9522.4     12.5     27.5    -10.4     28.9
     12.4     70.7    -10.4     57.7  24478.6  25300.4
       4.7      61.3       3.7      41.0
       -.3      10.1        .2      22.6
       -.3       5.0        .3      16.5
       -.2       5.0       -.1      15.1
 64412   .767414  -.082223  -.635858
  41812.5   9892.4     12.4     27.6    -10.4     28.9
     12.3     70.8    -10.4     57.7  21906.7  22780.2
       3.2      60.6       4.1      43.0
       -.1       8.4        .3      22.2
       -.1       5.0       -.3      15.9
       -.2       5.0        .1      13.8
 64413   .716102  -.089513  -.692232
  38441.5  10523.9     12.5     28.0    -10.4     28.9
     12.4     71.1    -10.4     57.7  20040.2  20767.6
       5.0      66.0       6.2      43.2
       -.6       8.8        .4      21.1
       -.2       5.0       -.2      15.2
       -.2       5.0       -.1      14.0
 64414   .649830  -.097475  -.753803
  35306.1  11307.0     12.2     28.3    -10.4     28.9
     12.2     71.3    -10.4     57.7  18115.6  18636.5
       1.7      57.4       4.7      45.3
       -.6       9.0        .1      20.9
       -.1       5.0       -.4      14.7
       -.2       5.0        .0      12.3
 64415   .564543  -.105852  -.818588
  32744.6  12725.0     12.1     28.3    -10.4     28.9
     12.0     71.6    -10.8      7.9  15951.4  16754.5
       2.8      57.3       3.8      41.6
       -.6       7.8        .3      18.8
       -.3       5.0       -.2      12.9
       -.2       5.0       -.2      11.5
 64416   .456422  -.114106  -.882416
  30579.7  15097.4     12.5     28.6    -10.4     28.9
     12.5     71.8    -10.6     17.5  15077.0  15531.3
       2.1      55.1       3.2      41.9
       -.1       8.4       -.1      18.2
       -.3       5.0       -.4      12.0
       -.2       5.0       -.1      10.2
 64417   .323582  -.121343  -.938387
  28871.9  19817.3     12.1     28.5    -10.8      4.3
     12.1     71.8    -10.9     29.2  13818.6  14332.1
       2.4      53.2       2.9      39.8
       -.4       7.3        .0      13.5
       -.1       5.0       -.2       9.0
       -.3       5.0       -.1       7.4
 64418   .168544  -.126408  -.977555
  27883.9  23158.0     12.4     28.9    -10.9     12.3
     12.3     71.9    -10.8     40.8  13524.3  13955.2
        .9      53.4       1.3      44.8
       -.2       7.7       -.2       8.2
       -.1       5.0       -.2       5.1
       -.1       5.0       -.3       4.3
 64419   .000000  -.128243  -.991743
  27698.4  22787.4     11.7     28.7    -11.1     23.4
     11.7     71.9    -11.1     52.2  13422.5  13828.9
       -.8      52.4       -.4      59.7
       -.3       7.4        .0       6.6
       -.3       5.0       -.2       3.0
       -.3       5.0       -.2       3.0
 64420  -.085184  -.127776  -.988138
  27910.5  22929.4     12.3     28.7    -10.1     26.6
     12.2     71.9    -10.1     55.3  13366.1  13941.7
      -2.0      52.4      -2.4      60.9
       -.2       7.4        .4      10.9
       -.4       5.0       -.3       3.0
       -.2       5.0       -.3       3.0
 64421  -.168544  -.126408  -.977555
  28086.5  23192.0     12.3     28.8    -10.6     21.8
     12.2     72.0    -10.6     50.6  13578.9  14277.2
      -6.8      51.4      -3.8      55.2
       -.5       7.9       -.6       5.2
       -.2       5.0       -.5       3.0
       -.2       5.0       -.5       3.0
 64422  -.248443  -.124222  -.960648
  28536.9  23577.2     12.0     28.8    -10.6     16.2
     12.0     71.9    -10.7     44.9  13921.2  14470.6
       -.9      58.0      -2.6      51.9
       -.4       7.8       -.6       6.5
       -.3       5.0       -.6       3.9
       -.2       5.0       -.6       3.2
 64423  -.323582  -.121343  -.938387
  28931.3  23920.1     12.1     28.7    -10.7     10.7
     12.1     71.9    -10.8     39.0  13881.1  14493.0
       -.9      54.6      -4.5      45.6
       -.1       7.2       -.6       8.6
       -.4       5.0       -.6       5.6
       -.2       5.0       -.4       4.7
 64424  -.393068  -.117920  -.911917
  29873.4  22808.9     12.4     28.6    -10.8      5.5
     12.3     71.6    -10.8     33.2  14425.6  15051.1
      -1.2      56.1      -3.6      39.3
       -.4       7.7       -.7      11.7
       -.2       5.0       -.3       7.4
       -.2       5.0       -.5       6.2
 64425  -.456422  -.114106  -.882416
  30790.2  20017.6     12.3     28.5    -10.8      5.1
     12.2     71.6    -11.1     27.0  15207.2  15731.6
      -6.1      63.8      -4.1      42.2
       -.5       7.9       -.7      14.2
       -.4       5.0       -.7       9.5
       -.1       5.0       -.5       7.6
 64426  -.513527  -.110042  -.850988
  31781.4  17482.7     11.6     28.4    -10.4     28.9
     11.7     71.6    -10.9     21.0  16104.8  16572.4
      -4.9      56.8      -4.3      43.3
       -.5       8.3       -.4      16.8
       -.2       5.0       -.6      11.2
       -.2       5.0       -.5       9.1
 64427  -.564543  -.105852  -.818588
  32989.5  15751.1     12.0     28.4    -10.4     28.9
     12.1     71.4    -10.9     15.2  16293.0  16826.1
      -3.8      56.5      -5.7      44.7
       -.4       7.9      -1.0      18.0
       -.3       5.0       -.7      12.3
       -.2       5.0       -.6      10.1
 64428  -.649830  -.097475  -.753803
  35760.1  13470.7     12.6     28.4    -10.4     28.9
     12.4     71.3    -10.9      6.4  17767.3  18537.0
      -2.9      54.9      -7.4      43.6
       -.5       9.0       -.4      18.1
       -.1       5.0       -.5      12.4
       -.3       5.0       -.8      10.7
 64429  -.716102  -.089513  -.692232
  38441.6  12015.1     12.2     27.6    -10.4     28.9
     12.1     70.9    -10.4     57.7  19845.2  20604.4
      -1.9      58.6      -6.0      45.6
       -.2       8.1       -.4      20.8
       -.2       5.0       -.4      14.3
       -.2       5.0       -.8      12.4
 64430  -.767414  -.082223  -.635858
  42047.1  11249.7     12.2     27.6    -10.4     28.9
     12.1     70.7    -10.4     57.7  21910.5  22834.4
      -6.2      61.6      -7.0      43.1
       -.5       8.6       -.7      20.1
       -.1       5.0       -.6      14.6
       -.1       5.0       -.4      12.9
 64431  -.807288  -.075683  -.585284
  45618.9  10646.6     12.0     27.5    -10.4     28.9
     12.0     70.7    -10.4     57.7  24573.1  25358.4
      -3.6      63.6      -6.9      43.8
       -.4       9.9       -.9      22.2
       -.2       5.0       -.8      15.8
       -.2       5.0       -.6      13.6
 64432  -.838516  -.069876  -.540377
  49297.8  10219.6     12.3     27.3    -10.4     28.9
     12.2     70.4    -10.4     57.7  26426.3  27426.8
      -5.7      62.1      -5.8      40.0
       -.2      10.1       -.7      21.5
       -.2       5.0       -.6      15.9
       -.2       5.0       -.6      14.3
 64433  -.863216  -.064741  -.500666
  53170.3   9898.3     12.2     27.1    -10.4     28.9
     12.1     70.1    -10.4     57.7  28815.5  29758.3
      -8.5      63.7      -6.4      43.1
       -.4      10.6      -1.1      22.8
       -.2       5.0       -.6      16.8
       -.2       5.0       -.7      14.4
 64434  -.882965  -.060202  -.465563
  57228.6   9674.0     12.3     26.9    -10.4     28.9
     12.2     69.9    -10.4     57.7  31509.8  32334.0
      -5.1      63.6      -7.5      40.3
       -.7      11.3      -1.3      22.7
       -.3       5.0       -.8      16.7
       -.2       5.0      -1.1      15.0
 64435  -.898927  -.056183  -.434481
  61109.6   9559.8     12.1     26.7    -10.4     28.9
     12.0     69.8    -10.4     57.7  35082.8  35892.0
      -6.8      67.5      -8.4      41.1
       -.4      12.7      -1.4      23.0
       -.1       5.0       -.5      16.8
       -.2       5.0       -.7      15.3
 64436  -.911966  -.052613  -.406877
  65362.4   9413.6     12.3     26.7    -10.4     28.9
     12.3     70.0    -10.4     57.7  37328.4  38408.4
      -4.3      69.7      -7.5      41.5
       -.6      13.7      -1.0      23.0
       -.2       5.0       -.9      17.5
       -.2       5.0       -.8      15.5
 64437  -.922727  -.049432  -.382272
  69554.5   9291.4     12.1     26.7    -10.4     28.9
     12.1     69.7    -10.4     57.7  39713.2  41399.3
      -9.5      72.2      -7.3      40.8
       -.2      15.2      -1.2      23.2
       -.3       5.0       -.9      17.2
       -.2       5.0      -1.0      15.6
 64438   .806111  -.362750  -.467544
  56794.2   9823.4     12.2     43.3    -10.4     28.9
     12.2     22.3    -10.4     57.7  31212.3  32113.2
      -1.0      62.8       7.3      42.8
       -.6      25.9        .6      23.1
       -.1      17.3       -.1      17.2
       -.2      14.3       -.3      15.7
 64439   .774912  -.387456  -.499388
  53027.3  10170.3     12.2     43.3    -10.4     28.9
     12.4     22.9    -10.4     57.7  29298.2  30039.3
        .0      59.2       4.0      41.8
       -.5      26.2       -.2      22.4
       -.1      17.5       -.2      16.4
       -.2      14.5       -.3      14.7
 64440   .736803  -.414452  -.534182
  49278.6  10418.2     12.2     43.3    -10.4     28.9
     12.0     23.3    -10.4     57.7  26693.4  27529.1
      -4.3      58.3       6.5      40.4
       -.6      26.3        .2      21.8
       -.8      17.5        .3      16.0
       -.5      14.4       -.1      14.8
 64441   .690099  -.443635  -.571796
  46250.6  11048.9     12.2     43.3    -10.4     28.9
     12.2     23.8    -10.4     57.7  24379.9  25277.7
      -1.0      59.7       7.3      45.0
       -.4      26.9       -.1      21.9
       -.2      17.7        .2      15.3
       -.2      14.7       -.3      13.5
 64442   .632842  -.474632  -.611748
  43406.6  11932.5     12.2     43.3    -10.4     28.9
     12.3     24.5    -10.4     57.7  22462.5  23281.2
      -6.1      57.9       8.6      44.1
       -.9      27.2        .2      20.2
        .0      18.1       -.3      14.8
       -.4      15.1       -.2      13.3
 64443   .562936  -.506642  -.653006
  40632.2  13069.1     12.2     43.3    -10.4     28.9
     12.2     25.2    -10.4     57.7  20903.2  21875.6
      -4.2      59.6       5.2      43.7
        .2      27.4       -.1      20.3
       -.2      18.2       -.3      14.1
       -.1      15.3       -.2      12.1
 64444   .478468  -.538276  -.693778
  38509.7  14755.4     12.2     43.3    -10.4     28.9
     12.0     25.6    -10.6      7.4  19896.3  20544.5
      -3.2      56.4       4.7      40.2
       -.8      27.9        .1      17.4
       -.2      18.6       -.3      12.1
       -.3      15.5       -.1      10.8
 64445   .378295  -.567442  -.731370
  36519.2  16996.6     12.2     43.3    -10.4     28.9
     12.2     26.1    -11.0     16.2  18467.8  19135.2
      -2.4      57.8       3.8      41.9
       -.9      27.7        .2      17.3
        .0      18.5       -.3      11.2
        .1      15.4       -.4       9.5
 64446   .262862  -.591440  -.762300
  35406.1  18051.5     12.2     43.3    -10.6      4.2
     12.0     26.5    -11.0     28.2  17596.8  18356.0
      -6.1      59.3       3.9      44.2
       -.1      28.3       -.3      13.4
       -.1      18.7       -.3       8.5
       -.3      15.6       -.2       7.0
 64447   .134975  -.607388  -.782855
  34491.6  17662.7     12.2     43.3    -10.7     11.6
     12.2     26.5    -10.7     40.2  17450.9  18064.2
      -7.2      59.5       3.3      51.9
       -.6      27.8       -.1       8.3
        .0      18.8       -.3       5.0
       -.4      15.5       -.2       4.0
 64448   .000000  -.612997  -.790085
  34386.1  17514.7     12.2     43.3    -10.9     23.3
     11.9     26.7    -10.9     52.0  17514.5  18148.8
      -5.9      58.6       4.4      67.0
       -.2      27.9       -.3       9.7
       -.6      18.7       -.3       3.0
       -.4      15.3       -.2       3.0
 64449  -.067953  -.611580  -.788259
  34520.6  17618.3     12.2     43.3    -10.4     26.7
     11.9     26.3    -10.4     55.3  17126.8  17782.6
      -4.8      58.4       2.0      72.6
       -.5      28.1        .3      12.9
       -.5      18.9       -.1       3.0
       -.4      15.0       -.2       3.0
 64450  -.134975  -.607388  -.782855
  34652.1  17651.1     12.2     43.3    -10.5     21.6
     11.8     26.3    -10.5     50.3  17343.5  18068.2
      -7.1      61.1       -.2      62.4
       -.9      28.0       -.8       7.3
       -.2      18.6       -.6       3.0
       -.3      15.1       -.5       3.0
 64451  -.200196  -.600588  -.774091
  34975.1  17786.3     12.2     43.3    -10.8     15.7
     12.0     26.2    -10.8     44.4  17267.6  18004.2
      -6.4      57.1      -1.7      50.1
       -.9      27.7       -.5       7.4
       -.3      18.5       -.6       3.7
       -.4      15.1       -.5       3.0
 64452  -.262862  -.591440  -.762300
  35421.7  18233.5     12.2     43.3    -10.7      9.8
     12.1     26.2    -10.7     38.4  17804.6  18532.0
      -7.2      57.7      -2.2      46.4
       -.8      27.8       -.6       9.3
       -.3      18.7       -.5       5.4
       -.1      15.3       -.4       4.5
 64453  -.322373  -.580271  -.747905
  36062.3  18284.0     12.2     43.3    -10.5      4.8
     12.0     26.2    -10.6     32.2  17998.5  18691.3
      -6.8      59.4      -2.4      45.7
       -.9      28.3       -.7      11.5
       -.3      18.6       -.4       7.2
        .0      15.3       -.4       5.9
 64454  -.378295  -.567442  -.731370
  36758.3  18376.5     12.2     43.3    -11.3      6.6
     12.1     25.9    -10.7     26.1  18811.8  19612.4
      -6.9      58.0      -2.4      40.5
        .1      27.7       -.5      14.1
       -.4      18.8       -.6       9.1
       -.1      15.1       -.4       7.3
 64455  -.430364  -.553325  -.713175
  37790.8  18165.9     12.2     43.3    -10.4     28.9
     11.9     25.5    -10.7     20.2  19007.5  19816.1
      -6.2      59.7      -3.9      45.1
        .2      27.7       -.3      16.2
       -.1      18.2       -.5      10.4
       -.1      15.2       -.4       8.6
 64456  -.478468  -.538276  -.693778
  38725.7  17420.6     12.2     43.3    -10.4     28.9
     12.1     25.6    -10.7     14.1  19629.7  20399.7
      -6.1      56.7      -5.0      44.4
       -.7      27.5       -.7      17.3
       -.1      18.4       -.4      11.3
       -.2      15.1       -.4       9.7
 64457  -.562936  -.506642  -.653006
  40891.8  15339.1     12.2     43.3    -10.4     28.9
     12.0     25.0    -10.6      6.8  21385.5  22119.0
      -7.1      56.7      -6.2      42.3
       -.6      27.6       -.7      17.3
        .2      18.2       -.3      11.7
        .0      14.9       -.4      10.2
 64458  -.632842  -.474632  -.611748
  43544.0  13683.2     12.2     43.3    -10.4     28.9
     12.3     24.4    -10.4     57.7  22655.8  23681.0
      -6.4      59.5      -5.8      45.2
       -.7      27.2       -.8      20.0
       -.2      18.0       -.5      13.7
        .0      14.8       -.6      11.9
 64459  -.690099  -.443635  -.571796
  46636.4  12539.3     12.2     43.3    -10.4     28.9
     12.0     23.8    -10.4     57.7  24481.4  25391.2
      -7.0      59.1      -4.6      43.1
       -.7      26.9       -.7      19.6
       -.2      17.9       -.8      13.9
       -.3      14.8       -.6      12.3
 64460  -.736803  -.414452  -.534182
  49557.1  11690.5     12.2     43.3    -10.4     28.9
     12.2     23.4    -10.4     57.7  26725.0  27635.0
      -6.2      58.9      -6.4      43.6
       -.8      26.6      -1.3      21.5
       -.2      17.5       -.5      15.2
       -.3      14.6       -.6      13.5
 64461  -.774912  -.387456  -.499388
  53191.4  11043.8     12.2     43.3    -10.4     28.9
     12.2     22.8    -10.4     57.7  29049.6  30118.0
      -8.8      61.9      -4.7      42.1
       -.5      26.5       -.7      20.3
       -.4      17.5       -.5      15.4
       -.2      14.5       -.5      13.9
 64462  -.806111  -.362750  -.467544
  56558.8  10582.3     12.2     43.3    -10.4     28.9
     12.2     22.1    -10.4     57.7  31275.9  32360.0
      -7.0      60.8      -7.7      42.9
       -.6      25.5       -.9      22.1
       -.3      17.3       -.4      16.5
       -.1      14.2       -.8      14.5
 64463  -.831783  -.340275  -.438577
  60486.9  10310.4     12.2     43.3    -10.4     28.9
     12.0     21.8    -10.4     57.7  33946.3  34784.5
      -6.4      58.4      -7.8      40.4
       -.5      25.7       -.9      21.8
       -.2      17.1       -.6      16.3
       -.4      14.1       -.5      14.8
 64464  -.853040  -.319890  -.412303
  64434.5  10072.5     12.2     43.3    -10.4     28.9
     12.3     21.3    -10.4     57.7  36664.4  37605.9
      -8.1      59.5      -6.2      40.8
       -.4      25.6      -1.1      23.0
        .0      16.9       -.3      17.1
       -.3      14.2       -.5      15.2
 64465  -.870759  -.301417  -.388493
  68290.4   9820.9     12.2     43.3    -10.4     28.9
     12.2     20.8    -10.4     57.7  38802.6  39975.2
      -9.5      62.5      -7.2      41.1
       -.7      25.4      -1.0      22.7
       -.3      16.8       -.5      17.2
       -.3      14.1       -.7      15.6
 64466  -.885633  -.284668  -.366905
  72275.6   9709.0     12.2     43.3    -10.4     28.9
     12.1     20.6    -10.4     57.7  41698.1  43114.6
      -7.9      60.8      -7.7      39.1
       -.5      25.2       -.9      23.0
       -.4      16.7       -.8      17.5
       -.1      13.9       -.6      15.5
 64467   .467453  -.841416  -.271123
  98284.7  14043.7     12.2     43.3    -10.4     28.9
     12.2     86.6    -10.4     57.7  58015.0  59751.5
      -7.5      49.4      10.5      47.5
      -1.0      22.3        .3      18.8
       -.2      17.2       -.4      12.4
       -.3      15.9       -.3      10.9
 64468   .429723  -.859446  -.276932
  96260.8  13971.2     12.2     43.3    -10.4     28.9
     12.2     86.6    -10.4     57.7  56269.3  58368.7
      -8.0      50.2       7.5      49.0
      -1.0      22.7        .5      18.9
       -.3      17.2        .0      12.9
       -.6      15.7        .0      10.8
 64469   .389600  -.876600  -.282460
  94671.2  13917.8     12.2     43.3    -10.4     28.9
     12.2     86.6    -10.4     57.7  55569.8  57389.4
      -9.2      51.0       9.9      49.6
       -.7      22.6        .3      17.4
       -.5      17.3       -.1      10.9
       -.3      15.7       -.2       9.5
 64470   .347131  -.892622  -.287623
  92935.9  13593.4     12.2     43.3    -10.4     28.9
     12.2     86.6    -10.4     57.7  54580.7  56822.4
      -9.6      52.3      11.8      54.2
       -.5      22.7        .2      18.9
        .1      17.7       -.4      11.9
       -.3      16.2       -.2       9.6
 64471   .302414  -.907242  -.292333
  91487.8  13497.8     12.2     43.3    -10.4     28.9
     12.2     86.6    -10.4     57.7  54157.0  55281.1
      -8.6      51.7      10.3      54.8
       -.8      22.1       -.2      16.2
       -.3      18.0       -.3       9.7
       -.3      16.0       -.4       8.1
 64472   .255608  -.920190  -.296506
  90166.7  13244.2     12.2     43.3    -10.4     28.9
     12.2     86.6    -10.4     57.7  53886.5  54847.4
      -8.3      50.0       9.6      57.8
       -.8      22.4        .0      17.4
       -.4      17.7       -.2      10.2
       -.1      16.3       -.3       8.1
 64473   .206935  -.931206  -.300055
  89232.0  13155.8     12.2     43.3    -10.4     28.9
     12.2     86.6    -10.9      3.6  52316.4  53637.9
     -12.3      50.4       8.2      61.9
       -.4      23.2        .1      16.5
       -.5      17.9       -.2       8.5
       -.8      16.4       -.2       6.7
 64474   .156676  -.940054  -.302906
  88556.4  13094.7     12.2     43.3    -10.4     28.9
     12.2     86.6    -10.8     11.5  52647.1  54052.3
     -10.9      52.8       7.1      68.4
      -1.0      22.8        .2      17.8
       -.6      18.0       -.1       7.9
       -.6      16.3       -.2       6.2
 64475   .105170  -.946530  -.304993
  88160.3  12940.1     12.2     43.3    -10.4     28.9
     12.2     86.6    -10.8     24.7  52096.6  53563.7
      -9.7      53.4       8.9      72.1
       -.6      22.5        .4      16.5
       -.1      17.8       -.4       6.6
       -.4      16.1       -.3       5.1
 64476   .052804  -.950480  -.306266
  87976.0  12934.8     12.2     43.3    -11.0      9.4
     12.2     86.6    -11.2     38.0  51373.9  52778.5
     -10.0      51.8       6.0      82.2
       -.9      22.5        .5      20.3
       -.5      17.7       -.2       3.9
       -.4      16.0       -.3       3.0
 64477   .000000  -.951808  -.306694
  87888.7  12896.1     12.2     43.3    -11.0     22.3
     12.2     86.6    -11.1     50.7  51397.2  53034.9
      -8.6      51.5       9.0      98.8
       -.9      23.1        .9      36.2
       -.3      18.2       -.3       6.2
       -.7      16.1       -.4       3.0
 64478  -.026430  -.951476  -.306587
  87707.9  12871.2     12.2     43.3    -10.1     26.1
     12.2     86.6    -10.1     54.6  51500.1  52837.1
      -8.3      51.3       8.7      99.5
      -1.0      22.7       1.4      46.2
       -.8      17.9       -.2      12.9
       -.4      15.9        .0       4.3
 64479  -.052804  -.950480  -.306266
  87993.0  12899.8     12.2     43.3    -10.3     20.5
     12.2     86.6    -10.2     48.8  51733.9  53013.7
      -9.3      49.9       3.5      97.3
       -.7      22.4        .5      31.3
       -.9      17.8       -.4       5.6
       -.5      16.1       -.4       3.0
 64480  -.079069  -.948828  -.305734
  88031.2  12885.4     12.2     43.3    -10.3     14.0
     12.2     86.6    -10.3     42.7  52638.4  53889.7
     -10.0      49.6       1.8      86.7
       -.8      22.1        .2      23.1
       -.5      17.7       -.5       4.2
       -.4      16.1       -.4       3.0
 64481  -.105170  -.946530  -.304993
  88312.9  12997.3     12.2     43.3    -10.3      7.5
     12.2     86.6    -10.4     36.0  51340.5  52874.2
      -9.1      51.0       5.3      80.2
      -1.0      23.0       -.2      20.3
       -.2      17.9       -.4       4.9
       -.6      16.3       -.4       3.1
 64482  -.131055  -.943599  -.304049
  88468.3  12992.7     12.2     43.3    -10.6      1.9
     12.2     86.6    -10.3     29.4  52609.5  53798.4
     -13.1      53.2       -.3      78.4
      -1.3      23.2       -.4      17.3
       -.5      17.9       -.5       5.6
       -.2      16.2       -.4       4.2
 64483  -.156676  -.940054  -.302906
  88496.3  13024.1     12.2     43.3    -10.4     28.9
     12.2     86.6    -10.7     22.9  51001.6  53123.6
     -10.9      54.1       4.1      65.2
      -1.0      22.9       -.2      17.4
       -.6      18.1       -.5       7.0
       -.4      16.4       -.4       5.2
 64484  -.181983  -.935915  -.301572
  88812.7  13082.0     12.2     43.3    -10.4     28.9
     12.2     86.6    -10.7     16.2  52267.6  53699.9
      -9.9      51.5        .9      67.4
       -.9      22.3       -.2      17.7
       -.2      17.8       -.5       7.9
       -.5      16.4       -.6       6.0
 64485  -.206935  -.931206  -.300055
  89422.3  13144.9     12.2     43.3    -10.4     28.9
     12.2     86.6    -10.8      9.5  52975.2  54445.2
     -12.4      52.7       1.5      63.7
      -1.0      22.0       -.5      17.6
       -.3      17.8       -.4       8.2
       -.5      16.1       -.6       6.4
 64486  -.255608  -.920190  -.296506
  90035.1  13298.6     12.2     43.3    -10.4     28.9
     12.2     86.6    -10.4     57.7  53074.6  54199.3
      -7.4      47.7        .9      58.7
       -.8      23.3       -.5      18.5
       -.3      17.5       -.4       8.7
        .1      16.2       -.4       7.1
 64487  -.302414  -.907242  -.292333
  91761.9  13625.0     12.2     43.3    -10.4     28.9
     12.2     86.6    -10.4     57.7  54641.5  56082.0
     -12.8      52.0      -1.4      61.8
      -1.0      22.3       -.7      18.8
       -.6      17.7       -.6      10.2
       -.3      16.2       -.3       8.2
 64488  -.347131  -.892622  -.287623
  93067.6  13705.7     12.2     43.3    -10.4     28.9
     12.2     86.6    -10.4     57.7  54867.5  56378.0
     -10.8      49.3       -.6      54.2
       -.9      23.0       -.6      17.6
       -.1      17.5       -.5      10.3
       -.2      16.2       -.5       8.3
 64489  -.389600  -.876600  -.282460
  94601.6  13955.7     12.2     43.3    -10.4     28.9
     12.2     86.6    -10.4     57.7  55806.1  57007.6
     -12.7      51.6      -1.5      53.0
      -1.1      22.4       -.7      18.8
       -.2      17.6       -.7      11.6
       -.1      16.0       -.5       9.6
 64490  -.429723  -.859446  -.276932
  96262.0  14103.3     12.2     43.3    -10.4     28.9
     12.2     86.6    -10.4     57.7  57426.7  59120.2
     -13.6      53.9      -3.3      52.4
      -1.1      22.7       -.5      18.1
       -.4      17.5       -.4      11.3
       -.4      15.8       -.6       9.5
 64491  -.467453  -.841416  -.271123
  98393.7  14277.6     12.2     43.3    -10.4     28.9
     12.2     86.6    -10.4     57.7  58496.3  60031.4
      -8.9      52.3      -2.7      48.9
       -.9      22.4      -1.2      19.4
       -.3      17.1       -.7      12.8
       -.2      15.7       -.5      10.8
 64492  -.502792  -.822750  -.265108
 100631.4  14439.0     12.2     43.3    -10.4     28.9
     12.2     86.6    -10.4     57.7  59806.9  61608.7
     -10.9      48.6      -4.2      45.4
       -.9      22.5       -.7      19.4
       -.3      17.3       -.6      12.3
       -.3      16.0       -.6      10.6
 64493  -.535778  -.803668  -.258960
 103171.3  14353.6     12.2     43.3    -10.4     28.9
     12.2     86.6    -10.4     57.7  60292.1  61993.3
     -10.7      48.5      -2.6      47.5
      -1.0      22.5      -1.2      20.2
       -.5      17.1       -.7      13.8
       -.3      15.7       -.6      11.9
 64494  -.566482  -.784360  -.252738
 105378.5  14160.9     12.2     43.3    -10.4     28.9
     12.2     86.6    -10.4     57.7  62283.0  64236.0
     -14.2      58.4      -4.9      41.2
       -.9      22.6      -1.0      18.7
       -.1      16.5       -.4      13.1
       -.3      15.2       -.5      11.6
 64495  -.594996  -.764995  -.246498
 107859.2  13797.1     12.2     43.3    -10.4     28.9
     12.2     86.6    -10.4     57.7  65183.6  66588.5
     -11.2      56.8      -5.0      43.5
      -1.2      21.8      -1.1      20.6
       -.2      16.7       -.4      14.7
       -.1      15.2       -.4      12.8
