CMSSW:newR22@-300V,3.8T@20d,263K,rhe=1.0179[mu=.077],rhh=0.7,0.00/0.00          
  2473   1  3.80  28   3  29   2  300.00  263.00     .00 1.00000  1000.0   26.93   -5.63  150.000  100.000  290.000  1000.0   13.47   -2.82    1.50    1.00     .85
 64511  -.105170   .946530  -.304993
  88422.4  13709.7     13.5     43.3     -2.2      3.3
     13.5     86.6     -2.3     31.7  52239.0  53479.3
      10.8      53.7      -7.1      72.4
       1.0      23.3       -.4      17.3
        .7      18.2        .3       5.2
        .9      16.9        .3       3.9
 64512  -.113613   .937303  -.329476
  81833.1  13923.8     13.5     43.3     -2.3      3.4
     13.5     86.6     -2.4     31.8  46940.5  48501.4
      12.6      53.1      -4.8      70.8
       1.4      23.7       -.3      16.5
        .8      18.7        .3       5.2
        .6      17.4        .4       4.0
 64513  -.123410   .925573  -.357888
  75316.7  14037.0     13.5     43.3     -2.3      3.6
     13.5     86.6     -2.2     32.1  43330.9  44384.2
      13.6      56.2      -8.1      65.1
       1.2      23.2        .1      15.3
        .8      18.0        .2       5.3
        .9      16.6        .3       4.0
 64514  -.134874   .910397  -.391134
  68920.8  14196.3     13.5     43.3     -2.2      3.9
     13.5     86.6     -2.5     32.2  39176.9  40159.7
      12.9      55.6      -7.9      64.4
       1.0      22.9        .0      13.5
        .6      18.4        .3       5.5
        .5      17.1        .3       4.2
 64515  -.148397   .890380  -.430350
  62688.5  14531.4     13.5     43.3     -2.4      4.1
     13.5     86.6     -2.3     32.5  34978.5  35895.1
      11.0      55.6      -5.6      59.8
        .5      23.1        .2      12.6
        .5      17.6        .3       5.6
        .9      15.9        .3       4.3
 64516  -.164460   .863416  -.476934
  56745.0  15056.8     13.5     43.3     -2.4      4.5
     13.5     86.6     -2.3     32.8  30938.5  31812.5
       9.7      54.2      -7.3      61.7
        .9      22.3        .0      12.2
        .8      17.9        .2       5.9
        .8      16.6        .3       4.6
 64517  -.183618   .826279  -.532491
  50784.2  15689.2     13.5     43.3     -2.5      4.7
     13.5     86.6     -2.5     32.8  27809.1  28830.5
       8.8      53.3      -7.3      57.0
        .8      22.2        .1      11.8
        .8      16.5        .3       6.0
        .6      14.9        .3       4.7
 64518  -.206405   .774019  -.598575
  45151.8  16823.8     13.5     43.3     -2.5      5.3
     14.1      8.1     -2.6     33.1  23537.7  24597.0
       7.4      54.9      -7.3      51.9
       1.1      22.1        .0      10.9
       1.0      16.5        .2       6.0
        .4      15.9        .3       4.9
 64519  -.233063   .699189  -.675882
  40018.1  18868.3     13.5     43.3     -2.4      5.7
     13.9     19.6     -2.2     33.9  20831.5  21624.4
       8.6      59.1      -3.9      46.5
        .6      27.2        .2      10.3
        .6      17.9        .2       6.2
        .7      15.0        .3       5.1
 64520  -.262862   .591440  -.762300
  35589.8  22354.1     11.7      8.1     -2.6      6.1
     14.3     38.4     -2.4     34.3  18266.4  18835.9
       9.0      57.4      -4.9      47.0
        .9      22.8        .2      10.3
        .5      15.1        .3       6.4
        .5      12.1        .3       5.4
 64521  -.292854   .439281  -.849276
  32100.6  24403.5     13.9     14.4     -2.4      6.8
     13.9     57.0     -2.4     34.9  15591.1  16319.3
       3.7      47.0      -2.6      40.7
        .6      14.0        .2      10.5
        .4       8.8        .2       6.7
        .7       7.2        .3       5.5
 64522  -.316664   .237498  -.918324
  29702.3  22580.1     14.1     31.9     -2.5      7.0
     14.0     75.0     -2.5     35.0  14320.2  14908.1
       4.0      57.7      -2.9      39.4
        .6       6.5       -.1      10.7
        .6       5.0        .3       6.8
        .5       5.0        .3       5.5
 64523  -.325991   .000000  -.945373
  28984.2  21907.8     13.5     36.5     -2.4      7.2
     13.5     79.7     -2.6     35.4  14229.8  14819.1
        .0      68.2      -3.3      39.5
       -.1       7.0        .1      10.7
        .1       5.0        .3       6.8
        .2       5.0        .3       5.7
 64524  -.323582  -.121343  -.938387
  29005.8  22089.4     13.6     28.0     -2.4      7.2
     13.6     71.2     -2.2     35.3  14182.9  14631.3
      -3.8      56.1      -3.1      41.0
       -.2       8.0        .0      10.3
        .2       5.0        .4       6.8
        .2       5.0        .3       5.6
 64525  -.316664  -.237498  -.918324
  29612.3  22535.2     13.7     19.5     -2.6      7.2
     13.9     62.2     -2.5     35.3  14135.6  14729.9
      -2.7      49.3      -2.5      42.1
        .1      11.6        .3      10.6
        .1       7.7        .3       6.9
        .3       6.2        .3       5.7
 64526  -.306058  -.344315  -.887567
  30437.7  22514.1     13.6     11.0     -2.5      6.9
     13.7     53.2     -2.5     35.1  14895.4  15429.1
      -5.3      48.9      -1.9      41.1
        .0      15.2        .1      10.3
        .3      10.2        .3       6.8
        .1       8.5        .2       5.8
 64527  -.292854  -.439281  -.849276
  31820.6  21099.4     13.9      6.4     -2.4      6.7
     13.4     44.3     -2.4     34.7  15746.1  16463.1
      -4.3      52.7      -1.0      41.2
       -.2      19.7        .2      10.5
        .3      13.0        .4       6.8
        .3      10.6        .3       5.7
 64528  -.278147  -.521525  -.806626
  33481.4  19332.2     13.5     43.3     -2.5      6.6
     13.6     34.9     -2.6     34.5  16522.7  17285.1
      -5.3      54.6      -1.5      43.4
        .3      25.4        .3      10.3
       -.2      16.9        .3       6.5
        .5      13.6        .3       5.5
 64529  -.262862  -.591440  -.762300
  35395.6  17866.6     13.5     43.3     -2.2      6.2
     13.6     25.8     -2.4     34.5  17928.9  18495.1
      -4.4      56.4        .3      45.4
       -.4      28.1        .2      10.2
        .6      18.6        .3       6.5
        .1      15.4        .3       5.5
 64530  -.233063  -.699189  -.675882
  39669.3  15708.8     13.5     43.3     -2.4      5.9
     13.8     10.2     -2.6     34.0  20460.6  21232.9
      -7.0      51.6      -1.5      51.3
       -.5      23.9        .1      10.5
       -.1      17.6        .2       6.3
        .3      15.8        .3       5.1
 64531  -.206405  -.774019  -.598575
  44962.5  14589.4     13.5     43.3     -2.3      5.2
     13.5     86.6     -2.4     33.6  23750.0  24465.6
      -7.2      51.6        .6      51.9
        .0      23.2        .2      11.1
       -.1      17.5        .2       6.0
        .2      16.8        .3       4.9
 64532  -.183618  -.826279  -.532491
  50572.9  13880.3     13.5     43.3     -2.3      4.8
     13.5     86.6     -2.4     33.1  27578.7  28350.8
      -9.4      50.5       2.1      54.5
        .3      22.3        .2      11.4
       -.2      16.9        .2       5.9
        .2      15.2        .3       4.7
 64533  -.164460  -.863416  -.476934
  56280.5  13465.4     13.5     43.3     -2.4      4.4
     13.5     86.6     -2.3     32.9  30911.0  32116.1
      -7.6      52.6       2.9      58.1
       -.1      24.1        .4      11.9
        .3      18.7        .2       5.5
        .3      17.9        .4       4.5
 64534  -.148397  -.890380  -.430350
  62255.7  13191.8     13.5     43.3     -2.4      4.2
     13.5     86.6     -2.6     32.5  34773.7  35743.2
     -10.6      54.0       3.5      64.1
       -.5      22.3        .1      12.1
        .0      17.6        .2       5.4
        .2      15.8        .3       4.3
 64535  -.134874  -.910397  -.391134
  68665.7  13160.9     13.5     43.3     -2.4      3.9
     13.5     86.6     -2.3     32.3  38986.4  40149.1
      -8.8      49.4       4.9      68.7
       -.5      24.2        .3      13.4
        .4      19.0        .4       5.3
        .4      18.7        .4       4.1
 64536  -.123410  -.925573  -.357888
  75068.9  12965.4     13.5     43.3     -2.3      3.6
     13.5     86.6     -2.2     32.1  42991.9  44175.0
      -9.3      52.4       4.4      71.3
       -.3      23.0        .2      15.1
        .2      17.7        .3       5.3
        .2      16.0        .4       4.0
 64537  -.113613  -.937303  -.329476
  81617.9  12897.2     13.5     43.3     -2.2      3.5
     13.5     86.6     -2.3     31.8  47166.3  49019.4
     -12.1      50.6       5.3      74.0
       -.6      24.5        .3      17.1
        .4      19.6        .5       5.2
        .0      18.8        .4       3.9
 64538  -.105170  -.946530  -.304993
  88030.2  12837.3     13.5     43.3     -2.4      3.3
     13.5     86.6     -2.2     31.5  51564.7  52933.7
     -11.3      50.5       4.6      71.8
       -.6      22.6        .6      17.6
        .3      18.0        .4       4.9
        .2      16.6        .3       3.8
 64539   .863216  -.064741  -.500666
  53171.9   9409.9     14.2     26.3     -2.8     28.9
     14.1     69.2     -2.8     57.7  29554.6  30376.3
       3.2      63.0       7.2      40.9
        .2      10.8       1.2      23.8
        .3       5.0        .3      17.6
        .3       5.0        .6      15.5
 64540   .838516  -.069876  -.540377
  49180.3   9631.0     13.6     26.4     -2.8     28.9
     13.7     69.4     -2.8     57.7  26478.0  27179.6
       3.9      64.3       7.1      42.5
        .0      10.4        .9      22.0
        .4       5.0        .6      15.9
        .2       5.0        .7      14.2
 64541   .807288  -.075683  -.585284
  45480.3   9932.8     13.9     26.7     -2.8     28.9
     14.0     69.6     -2.8     57.7  24294.2  25330.8
       5.9      62.0       6.1      43.9
        .4      10.3        .7      22.9
        .2       5.0        .9      17.0
        .3       5.0        .8      14.7
 64542   .767414  -.082223  -.635858
  41935.6  10430.1     14.1     26.9     -2.8     28.9
     14.0     69.9     -2.8     57.7  21968.3  22641.7
       5.5      60.7       6.5      41.3
        .2       9.6        .7      21.0
        .2       5.0        .9      15.2
        .3       5.0        .6      13.2
 64543   .716102  -.089513  -.692232
  38450.8  11032.5     13.9     27.0     -2.8     28.9
     13.8     70.2     -2.8     57.7  19855.9  20443.2
       4.6      57.9       5.6      42.0
       -.2       8.7       1.0      21.9
        .2       5.0        .6      15.0
        .3       5.0        .7      13.7
 64544   .649830  -.097475  -.753803
  35371.6  12032.9     13.8     27.3     -2.8     28.9
     13.9     70.5     -2.5      9.8  18180.1  18677.2
       1.8      57.3       5.3      41.6
        .2       8.4        .4      20.3
        .0       5.0        .6      13.5
        .2       5.0        .5      11.6
 64545   .564543  -.105852  -.818588
  32615.7  13686.3     13.9     27.5     -2.8     28.9
     13.9     70.7     -2.1     10.1  16241.4  16794.0
       3.3      55.9       4.6      41.8
        .3       8.1        .5      18.3
        .1       5.0        .7      13.0
        .2       5.0        .7      11.4
 64546   .456422  -.114106  -.882416
  30656.7  16690.8     13.5     27.8     -2.8     28.9
     13.6     70.9     -2.4     21.1  15212.6  15897.8
       1.4      56.1       5.6      42.3
        .2       7.5        .8      17.4
        .3       5.0        .7      11.6
        .3       5.0        .4       9.5
 64547   .323582  -.121343  -.938387
  28938.5  21102.6     13.7     28.0     -2.3      5.4
     13.8     71.1     -2.3     33.0  14224.2  14638.5
       2.8      55.0       3.2      39.8
        .2       7.3        .5      11.3
        .1       5.0        .5       7.7
        .3       5.0        .6       6.4
 64548   .168544  -.126408  -.977555
  27920.4  23101.0     13.8     28.0     -2.5     16.0
     13.8     71.1     -2.4     44.6  13473.5  14087.2
      -3.6      49.0       5.2      46.8
       -.1       7.9        .8       6.7
        .3       5.0        .5       4.0
        .2       5.0        .6       3.3
 64549   .000000  -.128243  -.991743
  27765.9  22747.5     13.9     28.2     -2.9     26.6
     13.8     71.2     -2.8     55.3  13581.8  14081.3
      -3.7      50.8       2.7      64.6
        .3       7.6        .5      10.5
        .4       5.0        .3       3.0
        .3       5.0        .4       3.0
 64550  -.085184  -.127776  -.988138
  27886.9  22987.6     13.9     27.9     -2.2     23.6
     13.8     71.2     -2.1     52.3  13079.0  13708.7
      -3.4      56.2      -2.7      61.2
        .2       8.0        .3       7.9
        .2       5.0        .3       3.0
        .2       5.0        .2       3.0
 64551  -.168544  -.126408  -.977555
  27994.6  23362.7     14.0     28.0     -2.8     18.2
     14.0     71.0     -2.7     46.9  13535.1  14009.3
       -.6      52.1      -1.3      51.8
        .1       7.6        .1       5.7
        .2       5.0        .2       3.3
        .2       5.0        .2       3.0
 64552  -.248443  -.124222  -.960648
  28499.4  23017.5     13.7     28.0     -2.4     12.5
     13.6     71.1     -2.5     41.2  13824.3  14384.8
      -1.2      54.3      -3.3      43.9
        .1       8.2        .3       8.0
        .2       5.0        .4       5.1
        .3       5.0        .2       4.2
 64553  -.323582  -.121343  -.938387
  28888.2  21985.4     13.5     27.9     -2.4      7.1
     13.5     71.1     -2.4     35.1  13930.1  14530.9
      -1.9      52.8      -4.7      42.2
        .1       7.6        .2      10.5
        .3       5.0        .4       6.8
        .3       5.0        .2       5.6
 64554  -.393068  -.117920  -.911917
  29731.5  20036.2     13.6     27.9     -2.4      3.9
     13.6     71.1     -2.7     29.1  14519.6  15043.4
      -2.1      51.8      -1.7      40.8
       -.1       8.0        .0      13.1
        .2       5.0        .2       8.8
        .3       5.0        .3       7.1
 64555  -.456422  -.114106  -.882416
  30743.8  17758.8     14.1     27.9     -2.8     28.9
     14.0     70.9     -2.6     23.4  15319.9  15765.1
      -4.0      55.9      -4.2      40.9
        .2       8.0        .0      16.3
        .2       5.0        .1      10.5
        .2       5.0        .1       8.8
 64556  -.513527  -.110042  -.850988
  31654.5  15771.0     14.0     27.7     -2.8     28.9
     14.0     70.9     -2.5     17.4  15564.5  16327.7
      -2.5      52.0      -2.8      41.4
        .2       7.9        .1      17.9
        .3       5.0        .0      12.0
        .2       5.0        .2      10.0
 64557  -.564543  -.105852  -.818588
  32830.7  14377.0     13.6     27.5     -2.8     28.9
     13.5     70.6     -2.6     11.7  16453.8  17002.8
      -3.6      59.1      -3.1      42.4
        .1       8.4        .0      18.7
        .2       5.0        .1      12.4
        .2       5.0        .0      10.9
 64558  -.649830  -.097475  -.753803
  35600.6  12594.9     14.3     27.2     -2.8     28.9
     14.2     70.4     -2.0      7.2  17924.7  18575.7
      -3.1      58.3      -3.9      43.2
        .0       8.6        .1      18.8
        .3       5.0        .3      13.0
        .3       5.0        .3      10.9
 64559  -.716102  -.089513  -.692232
  38485.8  11337.1     13.4     27.2     -2.8     28.9
     13.6     70.1     -2.8     57.7  19644.5  20503.4
      -3.7      56.7      -5.4      44.6
        .2       7.8       -.2      21.7
        .3       5.0        .1      15.1
        .3       5.0        .2      13.1
 64560  -.767414  -.082223  -.635858
  42089.7  10785.1     13.7     27.6     -2.8     28.9
     13.7     70.0     -2.8     57.7  21809.4  22822.8
      -7.8      60.9      -7.3      44.9
        .2       9.2        .1      20.4
        .2       5.0        .1      14.4
        .2       5.0        .0      12.7
 64561  -.807288  -.075683  -.585284
  45402.0  10131.7     13.9     26.7     -2.8     28.9
     13.8     69.8     -2.8     57.7  24295.2  25108.3
      -3.4      61.1      -6.8      44.0
        .0       9.2        .3      22.5
        .3       5.0       -.1      16.4
        .3       5.0        .1      14.4
 64562  -.838516  -.069876  -.540377
  49247.9   9880.9     14.1     26.5     -2.8     28.9
     14.0     69.5     -2.8     57.7  26595.1  27352.2
      -3.3      62.4      -5.4      41.1
       -.2      10.3       -.3      21.3
        .3       5.0       -.1      15.6
        .4       5.0        .1      14.1
 64563  -.863216  -.064741  -.500666
  53064.0   9592.1     14.2     26.4     -2.8     28.9
     14.0     69.4     -2.8     57.7  29176.6  30034.8
      -5.1      64.4      -6.8      42.0
       -.2      11.0       -.4      23.5
        .2       5.0        .2      17.2
        .3       5.0       -.1      15.1
 64564  -.882965  -.060202  -.465563
  56965.4   9471.6     13.9     26.3     -2.8     28.9
     13.8     69.2     -2.8     57.7  31467.0  32433.0
      -5.6      60.6      -5.7      40.8
       -.3      12.0       -.2      21.5
        .2       5.0        .0      16.4
        .2       5.0       -.1      14.9
 64565  -.898927  -.056183  -.434481
  61004.7   9250.5     13.7     26.0     -2.8     28.9
     13.5     69.0     -2.8     57.7  34550.0  35511.0
      -7.6      63.6      -3.6      42.4
       -.1      12.2       -.1      23.5
        .2       5.0        .2      17.9
        .3       5.0        .2      15.9
 64566  -.911966  -.052613  -.406877
  65082.0   9197.1     13.7     25.8     -2.8     28.9
     13.9     68.9     -2.8     57.7  37352.7  38201.9
      -3.0      69.6      -6.3      39.0
        .2      13.8       -.1      22.1
        .2       5.0       -.1      16.6
        .4       5.0        .2      15.2
 64567  -.922727  -.049432  -.382272
  69353.1   9108.1     14.2     25.8     -2.8     28.9
     13.9     68.7     -2.8     57.7  40102.0  41407.7
      -6.8      66.2      -7.8      40.4
       -.8      14.7        .0      23.7
        .4       5.0        .0      18.1
        .3       5.0        .0      16.2
 64568   .806111  -.362750  -.467544
  56670.2  10044.3     13.5     43.3     -2.8     28.9
     13.8     21.4     -2.8     57.7  31812.5  32784.3
       -.5      61.1       8.3      43.7
        .2      26.1        .7      23.3
        .3      17.0        .7      17.4
        .3      14.3        .5      15.6
 64569   .774912  -.387456  -.499388
  52971.1  10432.6     13.5     43.3     -2.8     28.9
     13.8     22.0     -2.8     57.7  28871.7  29793.7
        .1      63.3       6.9      43.2
       -.3      26.3        .9      21.4
        .2      17.1        .7      15.7
        .1      14.4        .8      14.0
 64570   .736803  -.414452  -.534182
  49698.3  11016.6     13.5     43.3     -2.8     28.9
     13.9     22.4     -2.8     57.7  26855.3  27655.7
      -3.6      59.4       8.1      43.1
        .5      26.5       1.1      22.2
        .3      17.6        .6      16.3
        .3      14.6        .5      14.5
 64571   .690099  -.443635  -.571796
  46443.5  11578.6     13.5     43.3     -2.8     28.9
     13.8     23.2     -2.8     57.7  24603.4  25613.8
      -3.5      59.2       8.0      44.1
        .0      26.9        .3      20.3
        .5      17.7        .5      14.5
        .2      14.9        .7      13.0
 64572   .632842  -.474632  -.611748
  43454.6  12483.0     13.5     43.3     -2.8     28.9
     13.9     23.8     -2.8     57.7  22832.0  23544.7
      -2.0      58.9       5.7      43.3
        .3      27.2        .8      20.7
        .2      18.0        .4      14.6
        .2      15.1        .5      13.1
 64573   .562936  -.506642  -.653006
  40703.4  13907.5     13.5     43.3     -2.8     28.9
     14.1     24.3     -2.5     11.3  21188.3  22018.6
      -1.5      56.0       6.9      43.0
       -.4      27.4       1.0      19.5
        .0      18.2        .6      13.0
        .3      15.3        .5      11.4
 64574   .478468  -.538276  -.693778
  38520.5  15721.1     13.5     43.3     -2.8     28.9
     13.5     24.9     -2.4      9.0  19425.3  20437.7
      -3.6      58.4       6.1      43.3
       -.2      28.0       1.0      17.9
        .4      18.6        .4      12.1
        .2      15.3        .6      10.4
 64575   .378295  -.567442  -.731370
  36744.7  17598.1     13.5     43.3     -2.8     28.9
     14.0     25.4     -2.5     20.0  18560.6  19279.6
      -3.0      57.6       5.4      44.2
       -.5      28.2        .9      16.7
        .2      18.6        .4      10.6
        .2      15.4        .6       8.9
 64576   .262862  -.591440  -.762300
  35159.5  17764.3     13.5     43.3     -2.4      4.6
     13.8     25.6     -2.4     32.0  17677.4  18347.5
      -5.7      57.2       4.5      40.9
       -.7      27.7        .7      11.3
        .1      18.6        .5       7.3
        .2      15.3        .5       6.1
 64577   .134975  -.607388  -.782855
  34483.2  17451.1     13.5     43.3     -2.3     15.3
     13.9     25.7     -2.3     44.2  17601.0  18108.9
      -4.3      56.9       3.7      53.6
        .1      28.1        .5       7.3
        .1      18.5        .5       3.9
        .2      15.2        .5       3.2
 64578   .000000  -.612997  -.790085
  34529.4  17260.2     13.5     43.3     -2.9     26.4
     13.8     25.8     -2.9     55.2  17256.7  17881.2
      -7.0      57.2       7.4      74.0
       -.8      28.3        .2      11.2
        .7      18.6        .4       4.8
        .0      15.3        .3       3.0
 64579  -.067953  -.611580  -.788259
  34459.6  17335.1     13.5     43.3     -2.0     23.4
     13.7     25.6     -2.0     52.1  17376.5  17791.1
      -5.9      56.0        .2      63.5
        .2      28.1        .3      10.0
        .3      18.8        .3       3.0
        .0      15.2        .3       3.0
 64580  -.134975  -.607388  -.782855
  34641.9  17435.4     13.5     43.3     -2.5     17.7
     13.9     25.7     -2.5     46.5  17618.6  18256.5
      -5.1      58.3      -1.8      54.3
       -.1      28.2        .3       8.7
        .2      18.8        .2       3.1
        .0      15.4        .2       3.0
 64581  -.200196  -.600588  -.774091
  34881.8  17584.3     13.5     43.3     -2.5     11.9
     13.7     25.6     -2.4     40.4  17665.3  18211.4
      -5.2      58.4       -.3      50.0
        .3      28.2        .5       8.2
        .6      18.4        .4       4.8
        .2      15.2        .3       3.9
 64582  -.262862  -.591440  -.762300
  35577.9  17813.4     13.5     43.3     -2.6      6.3
     13.6     25.6     -2.6     34.5  17937.6  18552.2
      -5.6      60.3       -.8      46.0
       -.5      28.5       -.1      10.6
        .0      18.8        .3       6.5
        .2      15.4        .4       5.4
 64583  -.322373  -.580271  -.747905
  35968.4  18011.8     13.5     43.3     -2.5      4.7
     13.7     25.4     -2.6     28.4  17758.4  18741.8
      -5.1      58.1      -1.0      42.8
       -.2      27.8        .1      13.0
        .1      18.5        .3       8.3
        .2      15.5        .3       6.9
 64584  -.378295  -.567442  -.731370
  36837.7  17577.6     13.5     43.3     -2.8     28.9
     13.5     25.3     -2.3     22.3  18882.0  19555.9
      -5.6      58.5      -1.8      46.4
        .3      28.2        .2      15.5
       -.1      18.5        .1      10.0
        .3      15.4        .3       8.3
 64585  -.430364  -.553325  -.713175
  37581.2  16632.4     13.5     43.3     -2.8     28.9
     13.8     25.2     -2.4     16.3  19331.3  20142.0
      -7.9      59.4      -2.5      43.8
       -.3      27.7        .1      17.0
       -.1      18.5        .2      11.3
        .1      15.3        .2       9.3
 64586  -.478468  -.538276  -.693778
  38521.7  16159.1     13.5     43.3     -2.8     28.9
     13.5     24.6     -2.4     10.6  19694.9  20419.3
      -6.7      58.0      -3.3      43.9
        .1      27.3        .0      17.4
       -.1      18.2        .3      11.7
        .2      15.2        .3      10.0
 64587  -.562936  -.506642  -.653006
  40784.1  14423.0     13.5     43.3     -2.8     28.9
     13.4     24.2     -3.0      8.8  21460.3  21942.1
      -8.1      58.2      -5.8      44.5
       -.6      27.7       -.3      18.4
        .2      18.1        .2      12.3
       -.1      15.2        .2      10.6
 64588  -.632842  -.474632  -.611748
  43354.8  12900.1     13.5     43.3     -2.8     28.9
     13.9     23.7     -2.8     57.7  22589.4  23407.0
      -5.4      57.3      -2.7      43.0
       -.9      26.7       -.3      20.6
        .1      17.9        .0      14.4
        .2      14.8        .2      12.5
 64589  -.690099  -.443635  -.571796
  46240.7  11868.5     13.5     43.3     -2.8     28.9
     13.5     23.1     -2.8     57.7  24980.6  25682.2
      -6.9      57.9      -5.5      43.8
        .3      26.6        .4      19.6
        .4      17.7        .5      13.9
        .4      14.7        .3      12.4
 64590  -.736803  -.414452  -.534182
  49778.3  11181.1     13.5     43.3     -2.8     28.9
     14.0     22.4     -2.8     57.7  26722.0  27668.9
      -6.2      59.1      -3.8      43.9
       -.3      26.3       -.1      21.9
        .2      17.6        .2      15.9
        .2      14.6        .1      14.1
 64591  -.774912  -.387456  -.499388
  53177.4  10642.3     13.5     43.3     -2.8     28.9
     13.4     21.9     -2.8     57.7  29113.4  30054.8
      -7.9      61.1      -5.1      43.3
       -.3      26.5       -.4      20.8
        .4      17.3        .4      15.3
        .7      14.4        .5      13.7
 64592  -.806111  -.362750  -.467544
  56311.3  10203.6     13.5     43.3     -2.8     28.9
     13.9     21.2     -2.8     57.7  31054.1  32092.7
      -6.2      56.9      -5.9      40.8
        .3      25.5        .5      22.5
        .4      16.8        .5      17.0
        .1      14.2        .2      15.0
 64593  -.831783  -.340275  -.438577
  60312.2   9982.4     13.5     43.3     -2.8     28.9
     13.8     20.9     -2.8     57.7  34481.9  35252.6
      -6.3      59.9      -5.8      40.3
        .0      25.4        .0      21.4
        .3      16.8        .2      15.9
        .5      14.2        .5      14.8
 64594  -.853040  -.319890  -.412303
  64209.8   9802.9     13.5     43.3     -2.8     28.9
     13.7     20.6     -2.8     57.7  36502.8  37445.2
      -8.1      61.9      -6.5      42.1
        .0      25.5       -.2      23.5
        .2      16.7        .3      17.6
        .3      14.1        .3      15.9
 64595  -.870759  -.301417  -.388493
  68196.6   9593.3     13.5     43.3     -2.8     28.9
     13.9     20.0     -2.8     57.7  38876.4  40062.2
     -10.4      61.1      -5.9      39.9
       -.2      25.2       -.4      22.2
        .4      16.7        .5      16.8
        .2      13.9        .3      15.4
 64596  -.885633  -.284668  -.366905
  71923.0   9441.1     13.5     43.3     -2.8     28.9
     13.7     19.8     -2.8     57.7  42012.8  42937.5
      -7.3      59.7      -5.2      38.5
       -.5      24.7       -.3      23.7
        .2      16.1       -.1      17.8
        .1      13.8        .2      15.9
 64597   .467453  -.841416  -.271123
  98332.2  14209.7     13.5     43.3     -2.8     28.9
     13.5     86.6     -2.8     57.7  58402.8  60035.8
      -6.1      54.7      11.3      48.4
       -.3      21.9       1.1      18.6
        .4      17.8        .4      13.0
        .0      15.8        .7      11.1
 64598   .429723  -.859446  -.276932
  96323.8  14048.2     13.5     43.3     -2.8     28.9
     13.5     86.6     -2.8     57.7  57378.7  58686.8
      -6.5      50.8       9.9      51.7
       -.2      21.9       1.0      18.3
        .2      18.0        .5      12.7
        .1      16.2        .6      10.5
 64599   .389600  -.876600  -.282460
  94354.5  13905.3     13.5     43.3     -2.8     28.9
     13.5     86.6     -2.8     57.7  56370.6  57780.2
      -6.7      51.3       8.0      49.4
       -.5      22.7       1.1      17.7
        .1      17.8        .7      11.6
        .1      16.0        .6       9.8
 64600   .347131  -.892622  -.287623
  93264.7  13639.9     13.5     43.3     -2.8     28.9
     13.5     86.6     -2.8     57.7  54847.8  56622.8
      -7.8      54.9      12.2      54.9
       -.2      22.8       1.3      19.2
        .0      17.9        .4      11.3
        .4      16.2        .4       9.4
 64601   .302414  -.907242  -.292333
  91443.5  13470.2     13.5     43.3     -2.8     28.9
     13.5     86.6     -2.8     57.7  53955.3  55490.9
      -7.3      54.5       9.5      57.1
       -.4      22.6       1.2      16.7
        .1      18.0        .6      10.1
        .4      16.6        .4       8.4
 64602   .255608  -.920190  -.296506
  90181.8  13177.7     13.5     43.3     -2.8     28.9
     13.5     86.6     -2.8     57.7  53319.8  54482.3
      -9.8      49.9      11.2      60.9
       -.7      22.4       1.1      17.4
        .2      17.8        .5       9.9
       -.2      16.2        .5       7.9
 64603   .206935  -.931206  -.300055
  89393.5  13165.8     13.5     43.3     -2.8     28.9
     13.5     86.6     -2.4      3.7  52184.7  53637.2
     -10.0      52.9      11.9      66.9
       -.2      22.6        .9      15.7
        .2      17.8        .5       8.0
        .2      16.6        .6       6.8
 64604   .156676  -.940054  -.302906
  88562.0  12979.0     13.5     43.3     -2.8     28.9
     13.5     86.6     -2.3     15.8  51769.1  53313.1
      -8.8      50.6       8.7      60.4
       -.2      22.6       1.1      17.4
        .1      17.9        .5       7.8
        .0      16.2        .5       6.0
 64605   .105170  -.946530  -.304993
  88345.6  12869.3     13.5     43.3     -2.4      1.7
     13.5     86.6     -2.6     29.2  51927.7  53252.1
      -9.5      49.6       7.7      74.9
       -.6      23.1       1.1      16.9
        .2      18.4        .6       6.0
        .1      16.6        .4       4.3
 64606   .052804  -.950480  -.306266
  87890.3  12850.2     13.5     43.3     -2.6     13.7
     13.5     86.6     -2.8     42.3  51730.0  53073.2
      -9.7      51.7       8.7      86.6
       -.5      22.3       1.0      24.5
        .1      18.0        .5       4.6
       -.1      16.4        .6       3.0
 64607   .000000  -.951808  -.306694
  87738.5  12832.3     13.5     43.3     -3.3     26.0
     13.5     86.6     -3.1     54.4  51261.8  52741.2
      -9.2      49.4       4.0     101.0
       -.6      22.1       3.7      46.2
        .0      17.9        .3       9.2
       -.2      16.4        .6       7.3
 64608  -.026430  -.951476  -.306587
  88011.3  12811.4     13.5     43.3     -1.6     22.5
     13.5     86.6     -1.6     51.0  52028.8  53427.2
     -10.0      52.4      11.2      95.5
       -.6      22.8       1.7      35.9
        .3      18.0        .8       7.4
        .1      16.4        .4       3.0
 64609  -.052804  -.950480  -.306266
  87794.3  12863.2     13.5     43.3     -2.1     16.9
     13.5     86.6     -2.0     44.6  51932.1  53212.8
      -8.8      51.5       6.5      85.2
       -.5      22.9        .8      25.0
        .3      18.0        .3       4.1
       -.4      16.4        .3       3.0
 64610  -.079069  -.948828  -.305734
  87691.2  12850.2     13.5     43.3     -2.1      9.7
     13.5     86.6     -2.1     38.2  51782.8  53439.0
      -7.8      50.1       7.4      80.3
       -.8      22.4        .3      19.3
       -.5      18.1        .3       4.5
       -.3      16.2        .3       3.0
 64611  -.105170  -.946530  -.304993
  88027.7  12889.4     13.5     43.3     -2.0     12.0
     13.5     86.6     -2.0     31.8  51594.7  52945.2
      -9.5      50.9       5.0      78.0
       -.2      22.6        .8      16.6
        .3      18.4        .3       5.6
        .2      16.0        .3       3.7
 64612  -.131055  -.943599  -.304049
  88409.8  12981.2     13.5     43.3     -2.8     28.9
     13.5     86.6     -2.1     24.9  51716.1  53344.8
      -9.0      49.6       7.4      74.0
       -.4      22.7        .4      17.2
        .1      18.0        .3       6.6
       -.1      16.2        .3       4.9
 64613  -.156676  -.940054  -.302906
  88612.4  12974.7     13.5     43.3     -2.8     28.9
     13.5     86.6     -2.3     18.4  51737.8  53671.7
     -12.8      53.2        .2      67.3
       -.4      22.7        .5      17.0
        .1      17.9        .2       7.5
       -.2      16.3        .3       5.7
 64614  -.181983  -.935915  -.301572
  88826.2  13014.4     13.5     43.3     -2.8     28.9
     13.5     86.6     -2.5     11.8  51312.5  53320.8
     -13.2      53.5       3.3      66.2
       -.7      22.7        .4      17.3
        .1      18.0        .3       8.1
       -.1      16.5        .3       6.3
 64615  -.206935  -.931206  -.300055
  89653.0  13095.6     13.5     43.3     -2.8     28.9
     13.5     86.6     -2.4      5.5  52478.0  54081.5
      -9.8      51.6       2.5      63.0
       -.2      23.0        .3      16.5
        .2      18.0        .3       8.3
       -.1      16.2        .2       6.4
 64616  -.255608  -.920190  -.296506
  90317.9  13268.9     13.5     43.3     -2.8     28.9
     13.5     86.6     -2.8     57.7  52835.4  54922.5
     -12.1      53.2        .0      60.7
       -.5      23.4        .3      17.4
        .1      18.0        .3       9.5
       -.1      16.3        .3       7.6
 64617  -.302414  -.907242  -.292333
  91435.0  13402.6     13.5     43.3     -2.8     28.9
     13.5     86.6     -2.8     57.7  53519.7  55179.9
      -8.4      52.1       1.3      53.8
       -.4      22.6        .3      17.5
        .4      18.1        .3      10.1
        .2      16.3        .2       8.2
 64618  -.347131  -.892622  -.287623
  92980.8  13718.4     13.5     43.3     -2.8     28.9
     13.5     86.6     -2.8     57.7  54938.7  56515.1
     -10.1      50.2        .7      52.9
       -.3      22.8        .1      17.5
       -.1      18.3        .2      11.1
        .2      16.3        .3       9.1
 64619  -.389600  -.876600  -.282460
  94370.1  13927.0     13.5     43.3     -2.8     28.9
     13.5     86.6     -2.8     57.7  55119.8  57370.6
      -8.5      51.5        .6      54.8
        .0      22.2        .1      18.4
        .1      17.7        .3      11.5
        .2      16.2        .2       9.8
 64620  -.429723  -.859446  -.276932
  96440.9  14057.3     13.5     43.3     -2.8     28.9
     13.5     86.6     -2.8     57.7  57229.0  58904.3
     -12.1      54.6      -2.0      52.2
       -.1      22.5        .3      18.3
        .0      17.8        .1      11.9
        .3      16.2        .3      10.0
 64621  -.467453  -.841416  -.271123
  98396.6  14203.2     13.5     43.3     -2.8     28.9
     13.5     86.6     -2.8     57.7  57556.9  59680.8
     -11.4      52.8      -4.1      49.5
       -.5      22.3        .0      18.6
       -.1      17.7        .2      12.8
        .2      16.1        .2      11.0
 64622  -.502792  -.822750  -.265108
 100490.9  14228.8     13.5     43.3     -2.8     28.9
     13.5     86.6     -2.8     57.7  59618.1  61320.6
     -11.3      52.8      -3.5      48.1
       -.7      22.6        .0      18.5
        .0      17.4        .1      12.9
        .2      16.1        .1      11.1
 64623  -.535778  -.803668  -.258960
 102855.8  14136.2     13.5     43.3     -2.8     28.9
     13.5     86.6     -2.8     57.7  60185.8  62258.3
     -12.1      53.9      -4.7      46.1
       -.4      21.7       -.1      20.2
        .2      17.2        .4      13.8
        .4      15.8        .4      12.1
 64624  -.566482  -.784360  -.252738
 105395.2  13870.8     13.5     43.3     -2.8     28.9
     13.5     86.6     -2.8     57.7  62787.1  64582.4
     -12.2      53.4      -4.7      42.7
       -.3      23.5        .2      19.4
        .2      17.1        .2      13.5
        .5      15.4        .4      11.8
 64625  -.594996  -.764995  -.246498
 107891.7  13699.7     13.5     43.3     -2.8     28.9
     13.5     86.6     -2.8     57.7  65679.0  67352.5
     -12.4      53.4      -3.0      41.2
       -.3      22.9        .0      20.5
        .3      16.8        .3      14.7
        .6      15.4        .4      13.2
