CMSSW:@-250V,3.8T@90d,263K,rhe=0.9297[mu=0.078],rhh=0.7,0.00/0.00               
  2413   1  3.80  60   5  29   0  250.00  263.00     .00 1.00000  1300.0     .08   84.25  150.000  100.000  285.000  1300.0     .04   42.12    1.50    1.00     .85
 63301   .000000   .000000 -1.000000
  26622.0  21758.5      -.3     41.3     42.0     11.0
      -.3     84.5     42.1     39.4  12421.2  13064.0
       3.0      69.9       2.3      40.9
        .1       8.5       -.3       9.7
       -.2       5.0        .0       6.3
       -.1       5.0        .0       5.1
 63302   .000000  -.130455  -.991454
  26846.0  21984.4       .0     34.9     42.3     11.1
       .0     78.2     42.3     39.4  12483.9  13082.6
      -4.5      62.6       1.7      41.7
       -.2       6.0        .1       9.6
       -.4       5.0        .0       6.3
       -.3       5.0        .0       5.4
 63303   .000000  -.254493  -.967075
  27449.3  22462.3      -.2     27.2     42.1     11.0
      -.2     70.2     42.2     39.3  12706.4  13239.2
      -2.3      55.3       1.9      44.3
       -.5       9.1       -.3       9.7
       -.3       6.0       -.1       6.5
       -.1       5.1        .2       5.4
 63304   .000000  -.367167  -.930155
  28293.9  22615.6      -.2     19.1     42.3     10.8
      -.5     61.7     42.3     39.3  13244.2  13974.2
      -4.7      48.6        .1      44.1
       -.3      12.9        .0       9.6
       -.2       8.8        .0       6.5
       -.2       7.4        .1       5.4
 63305   .000000  -.465746  -.884918
  29669.4  21783.9      -.2     11.8     42.1     10.7
      -.3     53.3     42.3     38.9  14350.5  14943.1
      -6.6      50.3       1.7      43.5
       -.2      16.9        .0       9.9
       -.3      11.4       -.1       6.2
       -.1       9.6        .1       5.4
 63306   .000000  -.549617  -.835417
  31541.2  20702.8       .4      8.4     42.4     10.3
      -.5     44.4     42.3     38.6  14685.3  15400.4
      -6.5      55.8       3.3      49.3
       -.5      21.8        .1       9.8
       -.4      14.3       -.2       6.3
       -.1      11.9        .1       5.3
 63307   .000000  -.619644  -.784883
  33494.1  19178.7     -7.4     13.2     42.4     10.0
      -.3     35.8     42.4     38.3  15952.1  16812.4
      -6.8      58.6        .3      47.6
       -.4      26.4        .2      10.2
       -.5      18.0        .1       6.2
       -.5      15.0        .1       5.2
 63308   .000000  -.677476  -.735545
  35567.8  17590.2       .0     43.3     42.4      9.7
      -.1     26.5     42.3     38.0  17577.9  18034.4
      -7.4      58.4       1.9      45.7
       -.3      29.3        .1       9.9
       -.3      19.4        .1       6.0
       -.4      16.2        .1       5.0
 63309   .000000  -.724999  -.688749
  38207.8  16487.5       .0     43.3     42.2      9.5
      -.3     18.2     42.3     37.7  18906.0  19735.6
      -9.4      60.3       1.0      50.0
       -.9      28.8        .0       9.9
       -.3      19.3        .2       6.0
       -.3      17.3        .2       5.1
 63310   .000000  -.764030  -.645181
  40740.2  15723.2       .0     43.3     42.4      9.1
       .0     12.1     42.3     37.5  20736.4  21481.8
      -7.3      55.5       2.8      52.3
       -.3      25.3        .0      10.4
       -.6      19.1        .0       5.8
       -.4      18.0        .1       4.8
 63311   .000000  -.796162  -.605083
  43216.9  15181.3       .0     43.3     42.1      8.7
     -2.1     11.6     42.1     37.2  22288.0  23158.7
      -9.7      54.3       -.6      53.8
       -.3      23.9       -.1      10.7
       -.5      18.9        .0       5.7
       -.7      19.3        .1       4.8
 63312   .000000  -.822730  -.568432
  45844.2  14750.8       .0     43.3     42.3      8.7
       .0     86.6     42.3     36.9  24249.3  25130.8
      -9.2      52.6       -.3      51.8
       -.9      23.9       -.1      10.8
       -.2      18.6        .2       5.5
       -.3      18.6        .1       4.6
 63313   .000000  -.844819  -.535052
  48888.9  14442.4       .0     43.3     42.3      8.3
       .0     86.6     42.3     36.8  26331.3  27081.9
      -7.2      51.5       1.8      58.4
       -.6      23.6       -.1      10.5
       -.5      17.6        .0       5.5
       -.6      16.7        .1       4.5
 63314   .000000  -.863297  -.504697
  51855.4  14161.7       .0     43.3     42.1      8.0
       .0     86.6     42.3     36.4  27576.1  28561.8
      -9.7      51.1       1.3      55.5
       -.5      23.0       -.1      12.1
       -.6      18.3        .1       5.5
       -.7      16.5        .1       4.4
 63315   .000000  -.878853  -.477092
  54861.8  13938.3       .0     43.3     42.3      7.8
       .0     86.6     42.3     36.2  29505.7  30521.8
      -9.0      49.5      -1.0      58.0
       -.5      24.9        .0      11.4
       -.3      20.3        .2       5.3
       -.6      20.3        .0       4.3
 63316   .000000  -.892036  -.451965
  57852.2  13754.7       .0     43.3     42.3      7.7
       .0     86.6     42.3     36.2  31998.6  33063.7
     -11.0      52.3       -.5      63.1
       -.6      24.8       -.1      12.9
       -.3      19.9        .1       5.2
       -.6      19.8        .1       4.2
 63317   .000000  -.903278  -.429057
  61234.2  13676.9       .0     43.3     42.5      7.5
       .0     86.6     42.4     35.9  34060.8  35081.7
      -9.7      53.9       -.4      67.4
       -.9      24.2       -.2      13.9
       -.6      18.8        .1       5.2
       -.8      17.4        .0       4.0
 63318   .000000  -.912924  -.408131
  64182.0  13552.2       .0     43.3     42.3      7.3
       .0     86.6     42.5     35.8  35630.5  36911.5
     -10.6      52.9       1.3      68.6
       -.7      23.9       -.3      14.4
      -1.0      19.0        .0       5.4
       -.7      17.0        .1       4.0
 63319   .000000  -.921250  -.388972
  67529.7  13432.3       .0     43.3     42.4      7.2
       .0     86.6     42.5     35.7  37855.1  38999.4
     -12.6      55.1       2.4      70.2
      -1.2      25.1        .0      15.1
       -.4      21.5        .2       5.0
       -.5      20.7        .2       3.9
 63320   .000000  -.928477  -.371391
  70460.6  13367.7       .0     43.3     42.6      9.5
       .0     86.6     42.3     35.6  40058.0  41225.8
     -10.6      53.4        .1      68.4
       -.5      25.0       -.1      14.5
       -.4      20.7        .0       5.2
       -.4      20.3        .2       3.9
 63321   .000000  -.934784  -.355218
  73771.1  13325.9       .0     43.3     42.4      6.9
       .0     86.6     42.4     35.5  41527.4  43141.0
     -10.8      52.0       2.9      71.1
      -1.1      24.5        .2      18.0
       -.9      19.2        .0       5.2
       -.6      18.0        .1       3.7
 63322   .000000  -.940315  -.340305
  76796.6  13379.4       .0     43.3     42.5      6.9
       .0     86.6     42.4     35.4  44404.1  45638.4
     -11.2      52.1       3.0      72.7
       -.8      23.5        .1      15.9
       -.6      19.0        .0       5.3
       -.6      17.5        .1       3.7
 63323   .000000  -.945190  -.326520
  80243.8  13270.7       .0     43.3     42.5      6.7
       .0     86.6     42.3     35.3  46342.0  47357.9
      -7.5      53.5       3.4      74.0
       -.8      25.1        .0      17.3
       -.7      21.6        .1       4.9
       -.7      21.3        .1       3.7
 63324   .000000  -.949506  -.313750
  83557.1  13249.8       .0     43.3     42.5      6.5
       .0     86.6     42.5     34.9  48698.2  50310.4
     -12.7      54.5       1.4      71.9
      -1.3      25.8       -.1      18.1
       -.8      21.2        .1       5.0
       -.8      20.7        .0       3.6
 63325   .000000  -.953342  -.301892
  86700.1  13209.4       .0     43.3     42.6      6.5
       .0     86.6     42.5     35.1  51113.0  52502.1
     -10.1      52.0        .9      74.7
       -.6      24.1        .0      19.0
       -.7      19.0        .1       5.2
       -.6      18.2        .1       3.7
 63326   .000000  -.956767  -.290857
  90236.5  13086.4       .0     43.3     42.5      6.4
       .0     86.6     42.3     34.9  52598.8  54417.9
     -11.2      49.9       5.4      78.9
      -1.2      24.4       -.4      20.0
       -.6      19.3        .1       5.1
       -.8      18.0        .1       3.6
 63327   .000000  -.959834  -.280567
  93446.4  13161.7       .0     43.3     42.5      6.3
       .0     86.6     42.6     34.9  55609.0  56847.1
     -13.6      54.2       2.6      82.8
      -1.1      25.4       -.1      20.9
       -.5      22.0        .1       5.6
       -.4      21.4        .1       3.5
 63328   .000000  -.962593  -.270952
  97210.7  13143.3       .0     43.3     42.5      6.2
       .0     86.6     42.3     34.8  57356.8  59124.7
      -9.9      53.8        .1      80.9
      -1.3      25.8        .2      19.7
       -.6      21.3        .2       5.3
       -.9      21.1        .1       3.5
 63329   .000000  -.965081  -.261951
 100407.4  13138.7       .0     43.3     42.6      6.1
       .0     86.6     42.7     34.7  59386.3  61098.4
     -13.2      55.4      -1.3      84.4
      -1.0      24.1        .2      21.1
       -.6      19.9        .1       5.4
       -.9      18.7        .1       3.5
 63330   .000000  -.967333  -.253508
 103350.7  13087.4       .0     43.3     42.5      6.1
       .0     86.6     42.5     34.8  60878.2  62648.2
     -11.1      50.4       5.4      85.8
      -1.4      24.0        .4      24.4
       -.5      19.4        .2       5.8
       -.8      18.0        .1       3.3
 63331   .000000  -.969377  -.245576
 107063.0  13265.7       .0     43.3     42.4      6.1
       .0     86.6     42.5     34.5  63987.8  66035.1
     -11.6      51.8       3.7      87.1
      -1.3      26.0        .5      25.9
       -.6      21.9        .1       6.6
       -.9      21.2        .0       3.2
 63332   .000000  -.971238  -.238110
 110194.3  13116.6       .0     43.3     42.6      5.9
       .0     86.6     42.5     34.5  66158.0  68397.3
     -11.2      52.3       1.4      84.7
      -1.5      25.6        .2      24.2
       -.8      21.5        .1       5.1
       -.6      21.2        .1       3.2
 63333   .000000  -.972937  -.231072
 113839.7  13069.1       .0     43.3     42.6      5.8
       .0     86.6     42.3     34.3  68340.9  70093.6
     -10.4      54.1       4.9      90.8
       -.8      24.8       -.1      26.0
      -1.1      19.8        .0       5.3
       -.5      18.7        .1       3.4
 63334   .000000  -.974491  -.224428
 116882.6  13103.2       .0     43.3     42.7      9.9
       .0     86.6     42.7     34.5  70710.0  72846.0
     -11.0      54.5       8.2      92.7
      -1.1      24.5        .0      26.9
      -1.1      19.4        .1       6.2
      -1.1      18.0        .2       3.9
 63335   .000000  -.975916  -.218146
 120225.0  13079.5       .0     43.3     42.7      5.8
       .0     86.6     42.6     34.2  72941.5  74884.6
     -11.6      54.7        .9      88.7
      -1.4      26.2        .5      25.4
       -.6      22.0        .2       6.9
       -.4      21.5        .1       3.2
 63336   .000000  -.977227  -.212198
 124124.9  13095.9       .0     43.3     42.6      5.8
       .0     86.6     42.5     34.2  75712.6  77399.5
     -11.0      52.9       3.0      93.3
      -1.5      26.2        .3      28.2
       -.7      21.9        .0       6.6
       -.8      21.2        .1       3.6
 63337   .000000  -.978434  -.206558
 127663.0  13120.2       .0     43.3     42.6      5.7
       .0     86.6     42.7     34.3  78030.8  79498.4
     -12.1      52.2       5.4      96.1
      -1.6      25.3        .3      29.3
       -.4      20.1        .0       6.3
      -1.3      19.0        .1       3.4
 63338   .000000  -.979549  -.201205
 130892.9  13131.7       .0     43.3     42.5      5.6
       .0     86.6     42.6     34.2  80604.2  82236.0
     -12.7      53.0       6.3      98.9
      -1.3      24.2       -.2      29.8
       -.6      19.3        .1       5.8
       -.7      18.0        .2       3.2
 63339   .000000  -.980581  -.196116
 134080.8  13153.2       .0     43.3     42.9      5.6
       .0     86.6     42.6     34.2  82033.5  84627.4
      -8.5      49.9       4.4      95.1
      -1.6      26.0        .1      30.6
       -.2      22.1        .2       7.3
      -1.1      21.2        .1       3.7
 63340   .000000  -.981537  -.191274
 137311.3  13154.1       .0     43.3     42.5      5.5
       .0     86.6     42.6     34.0  85063.9  87184.3
     -11.5      52.8       3.3     103.0
      -1.5      26.4        .4      30.2
       -.9      21.8        .0       7.2
       -.7      21.2        .2       3.5
 63341   .000000  -.982424  -.186661
 141331.5  13122.7       .0     43.3     42.7      5.5
       .0     86.6     42.8     34.1  86678.4  89254.3
     -11.3      55.4      -1.6     103.9
      -1.8      25.2        .2      30.8
       -.6      19.9        .2       7.9
       -.9      19.1        .1       4.1
 63342   .000000  -.983250  -.182261
 144178.5  13103.8       .0     43.3     42.8      5.5
       .0     86.6     43.0     34.0  89870.9  92354.0
     -12.7      56.4       2.1      99.2
      -1.4      25.1        .1      32.7
      -1.1      19.8        .1       7.4
       -.4      18.6        .1       3.0
 63343   .000000  -.984020  -.178061
 147603.3  13222.4       .0     43.3     42.7      5.4
       .0     86.6     42.7     33.7  91741.3  94028.7
     -13.1      56.3       6.2     104.7
      -1.4      26.3        .0      33.9
       -.2      22.2        .2       8.9
       -.9      21.4        .1       3.3
 63344   .000000  -.984737  -.174047
 151171.4  13150.2       .0     43.3     42.7      5.4
       .0     86.6     42.7     33.8  95061.4  96928.3
     -10.0      53.6       8.7     101.1
      -1.5      26.5        .3      33.4
      -1.0      21.8        .2       8.8
       -.8      21.1        .0       3.5
 63345   .000000  -.985408  -.170207
 154651.7  13282.1       .0     43.3     42.8      5.3
       .0     86.6     42.7     33.8  97181.6  99829.5
     -12.5      54.5       1.2     108.7
      -1.8      25.6       -.3      35.8
       -.6      19.7        .0       8.3
       -.5      18.7        .2       3.6
 63346   .000000  -.986036  -.166531
 157746.6  13172.8       .0     43.3     42.8      5.3
       .0     86.6     42.9     34.0  99010.9 101854.9
     -11.2      49.6        .7     100.0
      -1.6      24.2        .1      34.4
       -.5      19.3        .1       8.9
       -.9      18.1        .1       3.2
 63347   .000000  -.986625  -.163008
 161389.6  13209.1       .0     43.3     42.7      5.3
       .0     86.6     42.5     33.6 101498.6 103715.6
     -12.5      52.4       6.8     103.0
      -1.5      26.7        .8      35.9
      -1.0      21.7        .1       8.5
       -.7      21.4        .1       4.0
 63348   .000000  -.987696  -.156385
 168231.6  13132.0       .0     43.3     42.7      5.2
       .0     86.6     42.8     33.7 105308.9 108445.9
     -10.8      49.9      14.1     107.3
      -1.7      25.2        .1      36.3
       -.5      20.2        .1       8.9
       -.4      19.3        .1       5.5
 63349   .000000  -.988644  -.150274
 175266.1  13165.4       .0     43.3     42.8      5.2
       .0     86.6     42.7     33.7 111869.7 114085.8
     -10.3      55.9      -2.8     104.2
      -1.9      27.2       -.1      40.2
      -1.2      22.2        .0      10.6
       -.9      21.0        .2       4.2
 63350   .000000  -.989488  -.144617
 182137.7  13126.2       .0     43.3     42.9      5.1
       .0     86.6     42.7     33.5 115824.9 118256.0
     -10.8      51.8      -3.5     112.1
      -1.4      24.8        .6      40.3
       -.7      20.1        .0       9.6
      -1.2      18.9        .1       4.5
 63351   .000000  -.990241  -.139367
 188891.4  13195.5       .0     43.3     42.9      5.0
       .0     86.6     43.0     33.4 118712.6 122497.3
     -13.8      50.2      -8.0     109.1
      -1.9      27.5       -.4      40.6
       -.8      22.0        .1       9.6
       -.8      21.3        .1       4.5
 63352   .000000  -.990916  -.134481
 195698.7  13184.4       .0     43.3     42.9      5.0
       .0     86.6     42.9     33.6 126137.2 128292.7
     -11.8      51.3      -5.8     110.7
      -2.1      26.5        .0      41.5
       -.9      20.0        .2      10.0
      -1.0      18.9        .2       5.2
 63353   .000000  -.991524  -.129924
 202668.5  13280.8       .0     43.3     43.0      5.1
       .0     86.6     43.0     33.4 129629.4 133631.2
     -10.0      51.1       -.1     119.8
      -1.2      26.7       1.4      42.3
      -1.0      22.1        .0      10.7
      -1.4      21.5        .0       3.9
 63354   .000000  -.992073  -.125663
 209597.7  13270.1       .0     43.3     43.0      5.0
       .0     86.6     43.0     33.1 135068.4 138377.4
     -13.8      57.7      11.2     112.8
      -1.6      25.8        .4      42.1
       -.7      19.8        .1      10.7
       -.5      19.1        .2       4.8
 63355   .000000  -.992571  -.121670
 216501.7  13277.5       .0     43.3     42.9      4.9
       .0     86.6     42.9     33.4 138679.2 143916.8
     -16.0      54.0      -1.1     121.2
      -2.2      26.7        .3      43.1
      -1.1      21.9        .1      10.7
       -.6      21.5        .2       6.3
 63356   .000000  -.993023  -.117921
 223422.0  13289.8       .0     43.3     42.9      4.9
       .0     86.6     42.9     33.1 144388.0 148566.9
      -7.5      51.0      11.1     116.2
      -2.1      26.0       -.3      44.7
       -.8      20.5        .2      12.9
       -.5      19.4        .1       4.3
 63357   .000000  -.993435  -.114396
 230256.5  13279.2       .0     43.3     42.9     10.8
       .0     86.6     42.9     33.2 148221.9 152978.6
      -5.6      43.4      -1.4     115.2
      -1.6      26.5       -.4      45.3
       -.7      22.1        .2      10.5
      -1.3      21.4        .2       4.1
 63358   .000000  -.993812  -.111073
 237100.2  13255.2       .0     43.3     43.0      4.8
       .0     86.6     42.9     33.1 153994.0 158424.8
     -12.5      45.4      17.8     114.7
      -2.0      25.3        .4      46.0
       -.9      20.3        .0      13.3
       -.6      19.1        .1       4.8
 63359   .000000  -.994158  -.107937
 244201.7  13287.8       .0     43.3     43.1      4.7
       .0     86.6     42.9     33.1 157843.8 162904.5
     -12.2      44.3       6.0     120.1
      -2.1      27.2        .1      46.9
      -1.0      22.2        .1      16.0
       -.8      21.0        .3       7.6
 63360   .000000  -.994475  -.104972
 251080.6  13441.8       .0     43.3     43.1      6.0
       .0     86.6     43.0     33.2 164866.8 168954.8
      -9.0      39.7       6.4     126.5
      -1.4      24.9       -.2      48.8
       -.9      20.1        .2      14.1
       -.9      19.3        .2       6.8
 63361   .903278   .000000  -.429057
  60500.9  10598.7      -.3     41.1     42.1     28.9
      -.3     84.0     42.1     57.7  33746.4  34813.3
        .4      86.1       8.7      42.7
       -.7      30.9       1.7      23.7
        .0       5.4        .6      17.9
       -.1       5.0       1.1      16.2
 63362   .887877   .000000  -.460082
  56630.9  10955.9      -.1     41.2     42.1     28.9
      -.2     84.0     42.1     57.7  30463.9  31717.0
      -3.7      81.5       9.9      45.8
      -1.1      27.9        .9      23.0
        .2       5.0        .8      16.5
       -.1       5.0        .9      14.6
 63363   .868777   .000000  -.495203
  52547.6  11308.1      -.1     41.1     42.1     28.9
      -.1     84.2     42.1     57.7  28497.2  29334.9
      -2.2      80.7      10.6      45.5
        .1      25.6        .8      22.9
        .1       5.6        .7      16.8
        .0       5.0        .9      15.4
 63364   .844819   .000000  -.535052
  49014.0  11816.3       .2     41.1     42.1     28.9
       .1     84.1     42.1     57.7  26134.4  27103.2
      -1.6      84.1       8.2      47.1
       -.1      25.7        .6      21.6
       -.2       8.5        .5      15.4
        .0       5.0        .6      13.2
 63365   .814421   .000000  -.580275
  45071.0  12604.8       .2     41.2     42.1     28.9
       .1     84.2     42.1     57.7  23334.4  24157.3
       -.4      74.9      10.8      45.3
        .4      22.1        .6      22.0
        .3       5.9        .5      15.4
        .0       5.0        .5      13.6
 63366   .775436   .000000  -.631426
  41599.5  13694.2      -.4     41.2     42.1     28.9
      -.3     84.3     45.3      8.0  21166.5  22163.3
       -.9      78.7       8.2      48.8
       1.8      20.0        .7      20.7
        .1       5.0        .4      13.9
       -.1       5.0        .5      11.9
 63367   .724999   .000000  -.688749
  38402.3  15304.1      -.5     41.1     42.1     28.9
      -.5     84.2     42.7      8.8  19732.2  20286.6
       -.2      73.4       5.8      43.6
       -.2      16.3        .6      19.0
       -.2       5.0        .4      13.0
       -.1       5.0        .6      11.6
 63368   .659438   .000000  -.751759
  35584.9  18229.6       .2     40.9     42.1     28.9
       .2     84.1     42.6     19.5  17731.9  18356.8
       2.9      75.7       9.2      47.1
        .1      15.3        .5      17.8
       -.2       5.0        .4      11.8
        .0       5.0        .4       9.7
 63369   .574426   .000000  -.818557
  32683.7  23204.5      -.6     41.0     42.5      4.6
      -.5     84.2     42.3     31.4  16119.4  16748.0
      -1.8      77.6       6.4      41.9
        .4      15.0        .5      12.4
       -.1       5.0        .6       8.2
       -.1       5.0        .5       6.8
 63370   .465746   .000000  -.884918
  30395.5  25310.5      -.2     41.2     42.6     14.2
      -.2     84.2     42.6     42.9  14855.5  15473.7
       -.6      73.6       9.4      52.1
        .0       9.8        .7       7.6
        .0       5.0        .5       4.7
        .0       5.0        .5       3.8
 63371   .331088   .000000  -.943600
  28892.5  23760.0       .0     41.1     42.2     24.9
       .0     84.2     42.2     53.5  14046.5  14519.0
      -1.1      71.3      11.0      66.0
       -.2      12.9        .7       8.0
       -.2       5.0        .4       3.0
       -.1       5.0        .6       3.0
 63372   .254493   .000000  -.967075
  28201.4  23159.3      -.1     41.2     42.6     25.9
       .0     84.3     42.7     54.6  13696.6  14107.2
      -4.2      73.1      11.1      69.9
       -.2      13.8        .0       8.7
        .0       5.0        .1       3.0
        .0       5.0        .0       3.0
 63373   .172799   .000000  -.984957
  27520.3  22700.4       .0     41.2     42.4     21.0
       .0     84.3     42.4     49.8  13018.3  13649.0
        .5      68.7       4.2      59.3
       -.1      10.0       -.3       6.6
        .1       5.0        .0       3.0
        .1       5.0        .0       3.0
 63374   .087384   .000000  -.996175
  26979.5  22310.6       .0     41.2     42.3     16.0
       .0     84.4     42.2     44.5  12506.2  13007.2
        .2      72.2       3.1      49.6
       -.3       9.9       -.2       7.2
       -.2       5.0        .1       4.4
        .0       5.0        .0       3.6
 63375   .000000   .000000 -1.000000
  26670.2  21691.8       .2     41.3     42.2     11.1
       .1     84.5     42.2     39.5  12492.5  13072.4
      -5.5      71.3       1.0      45.2
        .3      10.2       -.1       9.7
       -.2       5.0        .0       6.2
        .0       5.0        .1       5.1
 63376  -.087384   .000000  -.996175
  26493.5  19662.0       .5     41.3     42.4      6.8
       .5     84.5     42.2     34.1  12406.0  12959.0
       3.6      65.3       -.7      37.6
       1.2      14.4       -.1      12.3
       -.1       5.0        .2       8.0
        .0       5.0        .0       6.8
 63377  -.172799   .000000  -.984957
  26792.1  16831.2       .3     41.5     42.2      5.3
       .3     84.6     42.3     28.9  11586.9  12307.8
       -.5      71.2      -1.0      39.1
       -.6       9.7       -.3      15.5
       -.1       5.0        .1      10.3
        .0       5.0        .0       8.6
 63378  -.254493   .000000  -.967075
  27052.8  14504.5       .3     41.5     39.6      9.7
       .3     84.6     42.0     23.7  12735.2  13189.4
      -3.1      69.8      -1.8      41.9
        .2       9.6       -.3      18.4
       -.1       5.0       -.1      12.1
        .0       5.0       -.3      10.5
 63379  -.331088   .000000  -.943600
  27538.1  12847.2      -.1     41.6     42.1     28.9
      -.1     84.7     42.2     18.4  12738.4  13326.3
       -.9      68.8      -1.3      41.2
       -.8      13.1       -.4      20.5
        .1       5.0       -.2      13.9
       -.1       5.0       -.2      12.1
 63380  -.465746   .000000  -.884918
  29220.9  10855.2      -.2     41.6     42.1     28.9
      -.3     84.7     41.8     10.2  13530.0  14225.7
      -3.8      69.8      -2.8      42.5
      -1.6      13.2       -.7      21.3
       -.1       5.0        .1      15.7
       -.1       5.0       -.4      14.5
 63381  -.574426   .000000  -.818557
  31470.1   9733.2      -.1     41.7     42.1     28.9
      -.1     84.8     40.2     11.8  14897.0  15455.0
      -2.6      74.3      -5.2      48.9
        .2      11.6       -.8      24.3
       -.3       5.0        .0      16.9
        .0       5.0       -.2      15.4
 63382  -.659438   .000000  -.751759
  34164.6   9047.2       .3     41.5     42.1     28.9
       .2     84.7     42.1     57.7  16165.1  16932.2
       -.8      72.5      -3.2      45.9
        .5      13.8       -.5      24.8
        .3       5.0        .1      18.5
        .0       5.0       -.2      17.5
 63383  -.724999   .000000  -.688749
  37367.2   8649.1       .0     41.6     42.1     28.9
       .0     84.7     42.1     57.7  18186.1  19503.6
       1.7      74.2      -4.1      46.3
       1.0      19.7      -1.0      26.0
        .0       5.0       -.3      18.8
       -.1       5.0       -.6      17.4
 63384  -.775436   .000000  -.631426
  40727.4   8384.5      -.3     41.7     42.1     28.9
      -.3     84.7     42.1     57.7  20603.6  21390.5
        .5      78.7      -5.8      47.3
      -1.7      21.9       -.7      26.5
        .5       5.9       -.5      20.0
        .1       5.0       -.5      19.0
 63385  -.814421   .000000  -.580275
  44454.7   8247.5       .2     41.4     42.1     28.9
       .1     84.5     42.1     57.7  21936.9  23313.7
      -1.2      76.8      -5.1      45.9
       -.1      22.3       -.6      26.3
       -.1       6.9       -.1      20.1
       -.1       5.0       -.6      18.8
 63386  -.844819   .000000  -.535052
  48154.4   8118.0      -.1     41.6     42.1     28.9
      -.1     84.5     42.1     57.7  24873.4  25940.1
       3.6      79.6      -5.5      45.5
        .5      29.6       -.6      27.5
       -.1       5.0       -.7      20.9
       -.1       5.0       -.5      19.9
 63387  -.868777   .000000  -.495203
  52179.4   8045.4       .1     41.3     42.1     28.9
       .1     84.4     42.1     57.7  26675.6  28212.7
      -2.3      79.7      -7.6      45.9
        .9      31.2       -.7      26.6
        .1       5.0       -.3      20.4
       -.2       5.0       -.7      19.9
 63388  -.887877   .000000  -.460082
  56076.8   8024.0       .1     41.5     42.1     28.9
       .0     84.4     42.1     57.7  29805.3  31013.2
       -.7      78.2      -5.8      43.2
        .6      31.6       -.6      27.9
        .5       7.5       -.2      21.7
        .1       5.0       -.8      20.9
 63389  -.903278   .000000  -.429057
  60266.2   8039.3       .1     41.2     42.1     28.9
       .0     84.2     42.1     57.7  31487.5  33041.5
       1.5      87.1      -7.8      45.2
      -1.0      37.5       -.3      26.6
        .0       9.5       -.5      20.6
       -.2       5.0       -.9      20.5
 63390   .840060  -.367526  -.399028
  64666.2  11406.9       .0     43.3     42.1     28.9
      -.1     20.0     42.1     57.7  35701.4  36826.4
      -5.6      62.2       7.3      44.4
        .0      25.5        .4      23.3
        .0      16.8        .4      18.0
        .0      14.2        .4      16.5
 63391   .817505  -.390173  -.423616
  60999.1  12038.6       .0     43.3     42.1     28.9
       .0     20.6     42.1     57.7  34084.2  35054.0
      -3.8      59.0       8.8      45.5
       -.4      26.0        .8      22.9
       -.1      17.2        .5      16.5
       -.2      14.3        .5      14.6
 63392   .790440  -.414981  -.450551
  57350.8  12466.6       .0     43.3     42.1     28.9
       .1     21.0     42.1     57.7  30817.7  31943.0
      -7.9      61.3      10.4      47.0
       -.3      26.6        .5      22.9
       -.1      17.4        .5      16.5
        .0      14.6        .3      15.3
 63393   .757796  -.442047  -.479937
  53867.9  13214.0       .0     43.3     42.1     28.9
      -.1     21.9     42.1     57.7  28924.4  29822.5
      -7.7      60.5      11.4      49.1
        .0      26.4        .4      21.5
       -.4      17.6        .7      15.0
       -.1      14.9        .3      13.6
 63394   .718269  -.471364  -.511767
  50686.9  14306.3       .0     43.3     42.1     28.9
      -.1     22.4     42.1     57.7  26729.2  27464.9
      -6.7      58.8       8.3      46.7
       -.3      26.8        .8      20.8
        .0      17.9        .4      14.9
       -.4      15.1        .5      13.5
 63395   .670317  -.502738  -.545830
  47480.3  15808.1       .0     43.3     42.1     28.9
      -.2     23.0     42.1     57.7  25505.8  26205.1
      -7.4      60.1       8.9      48.3
       -.3      27.6        .5      19.9
       -.2      18.2        .4      13.6
       -.1      15.3        .4      12.0
 63396   .612205  -.535679  -.581595
  44974.4  18039.0       .0     43.3     42.1     28.9
      -.1     23.7     42.3      8.2  23161.5  24291.2
      -5.6      61.6       8.4      48.7
       -.4      27.5        .5      18.0
       -.4      18.6        .7      12.3
        .1      15.4        .3      10.7
 63397   .542159  -.569267  -.618061
  42268.4  19182.2       .0     43.3     42.1     28.9
      -.2     24.5     42.5     18.3  21534.5  22315.8
      -7.4      58.7       8.5      46.8
      -1.4      27.8       1.1      17.0
       -.4      18.6        .3      11.2
        .0      15.7        .3       9.3
 63398   .458673  -.602008  -.653609
  40253.5  19711.5       .0     43.3     42.4      4.2
      -.3     24.7     42.6     30.3  20270.6  21042.1
      -5.9      59.4       7.1      46.1
      -1.0      28.6        .7      12.5
       -.5      18.8        .5       7.9
       -.6      15.5        .4       6.6
 63399   .361020  -.631785  -.685938
  38493.0  18918.0       .0     43.3     42.4     13.5
      -.2     25.2     42.4     42.1  19107.8  20084.9
      -7.3      61.7       6.8      55.3
       -.5      28.8        .6       9.9
       -.4      18.8        .3       4.4
       -.4      15.9        .3       3.8
 63400   .249898  -.655981  -.712208
  37382.2  18214.5       .0     43.3     42.4     24.5
      -.8     25.6     42.4     53.2  18697.6  19653.5
      -7.9      62.1       7.8      70.8
      -1.1      28.6        .1      12.0
       -.4      19.1        .4       3.0
       -.7      15.7        .4       3.0
 63401   .190037  -.665130  -.722141
  36724.5  17960.8       .0     43.3     42.8     25.9
      -.2     25.8     42.8     54.5  18251.7  19015.6
      -6.8      58.9       8.0      73.3
       -.8      28.7        .9      16.0
       -.2      18.9        .3       3.0
       -.6      15.9        .1       3.0
 63402   .127982  -.671905  -.729496
  36304.0  17777.6       .0     43.3     42.6     20.4
      -.7     26.2     42.6     49.1  18140.1  18952.1
      -9.0      57.3       2.1      64.4
       -.3      28.8        .1       8.0
       -.5      19.2        .1       3.0
       -.6      16.1        .0       3.0
 63403   .064388  -.676070  -.734019
  35943.6  17598.9       .0     43.3     42.3     15.0
      -.4     26.5     42.2     43.5  17800.4  18610.4
      -7.8      59.2      -1.3      53.8
       -.5      29.1       -.2       9.1
       -.1      19.5       -.1       4.4
       -.2      16.6        .1       3.6
 63404   .000000  -.677476  -.735545
  35662.6  17493.8       .0     43.3     42.3      9.6
      -.4     26.7     42.3     37.9  17829.5  18382.7
      -5.8      60.3       2.2      48.8
       -.4      29.1       -.1      10.5
       -.2      19.8        .0       6.2
       -.4      16.6        .0       5.2
 63405  -.064388  -.676070  -.734019
  35592.2  17586.4       .0     43.3     42.3     11.3
      -.4     26.8     42.1     32.2  17454.9  18098.9
      -8.9      62.0        .5      45.6
       -.7      29.8        .0      12.4
       -.6      19.5        .0       7.9
       -.2      16.8        .1       6.7
 63406  -.127982  -.671905  -.729496
  35707.3  17492.4       .0     43.3     43.0      7.0
      -.2     27.1     42.2     26.6  17177.9  17974.2
      -4.3      57.8       -.8      42.6
      -1.0      29.6       -.3      15.2
       -.4      19.7        .1       9.9
       -.2      16.8        .0       8.4
 63407  -.190037  -.665130  -.722141
  35944.3  16816.1       .0     43.3     42.1     28.9
       .0     26.8     42.0     21.2  17298.2  18026.3
      -7.2      59.9       -.3      43.7
       -.6      29.3       -.2      17.4
       -.8      19.8       -.2      11.5
        .0      16.9        .1       9.8
 63408  -.249898  -.655981  -.712208
  36382.2  15917.2       .0     43.3     42.1     28.9
      -.4     26.8     42.4     15.9  17811.3  18482.7
      -6.4      59.9      -1.7      43.8
       -.6      29.7       -.4      19.2
       -.6      20.1       -.1      12.9
       -.4      17.1        .1      11.5
 63409  -.361020  -.631785  -.685938
  37434.0  13977.7       .0     43.3     42.1     28.9
      -.5     26.4     42.3      9.6  18208.8  19056.2
      -5.2      59.0      -2.5      44.0
       -.6      29.4       -.5      19.9
       -.1      19.8        .1      13.6
       -.2      17.1        .0      12.9
 63410  -.458673  -.602008  -.653609
  39047.5  12256.3       .0     43.3     42.1     28.9
      -.1     25.9     45.5     15.2  19559.2  20254.1
      -4.8      58.8      -3.9      46.6
        .0      28.8       -.2      23.0
        .0      19.4        .2      16.2
       -.3      16.8        .1      14.7
 63411  -.542159  -.569267  -.618061
  41078.1  11064.7       .0     43.3     42.1     28.9
       .1     25.2     42.1     57.7  20414.7  21358.5
      -4.4      58.3      -2.5      43.5
      -1.6      28.6       -.9      23.2
       -.5      18.9       -.3      17.0
       -.1      16.4        .1      16.1
 63412  -.612205  -.535679  -.581595
  43824.9  10349.8       .0     43.3     42.1     28.9
      -.3     24.6     42.1     57.7  22250.1  23251.3
      -4.7      58.1      -2.9      44.6
      -1.0      28.5       -.2      24.7
       -.1      19.1        .2      18.4
       -.3      16.2       -.1      16.9
 63413  -.670317  -.502738  -.545830
  46435.5   9781.4       .0     43.3     42.1     28.9
      -.2     23.7     42.1     57.7  23968.9  24749.4
      -8.6      58.4      -5.4      45.7
      -1.2      27.7       -.6      25.5
        .0      18.4        .1      19.1
       -.3      15.8       -.2      18.2
 63414  -.718269  -.471364  -.511767
  49726.5   9358.3       .0     43.3     42.1     28.9
      -.2     23.0     42.1     57.7  26636.6  27731.3
      -8.4      60.7      -5.1      45.8
       -.8      27.8       -.8      26.1
       -.4      17.8        .1      19.9
       -.2      15.6       -.1      18.6
 63415  -.757796  -.442047  -.479937
  52979.3   9086.2       .0     43.3     42.1     28.9
      -.1     22.3     42.1     57.7  27796.4  29216.8
      -7.8      58.2      -5.7      44.9
       -.4      27.1       -.2      26.7
       -.5      17.9       -.2      21.0
       -.4      15.1       -.2      20.0
 63416  -.790440  -.414981  -.450551
  56423.8   8914.3    -14.2     81.7     42.1     28.9
      -.1     21.4     42.1     57.7  29748.8  31729.6
      -2.7      58.8      -5.5      44.5
       -.3      26.7       -.2      26.6
       -.2      17.4       -.2      20.6
       -.1      14.9       -.1      19.9
 63417  -.817505  -.390173  -.423616
  60218.9   8763.8       .0     43.3     42.1     28.9
      -.6     21.0     42.1     57.7  32315.1  33424.2
      -6.7      60.7      -6.0      44.6
       -.6      26.3       -.2      27.2
       -.4      17.2       -.4      21.7
       -.1      14.6        .0      21.2
 63418  -.840060  -.367526  -.399028
  63980.1   8637.9     35.0     90.2     42.1     28.9
       .0     20.5     42.1     57.7  34070.5  35901.9
      -4.3      61.0      -4.8      41.9
        .0      25.8       -.1      26.4
       -.1      16.8        .1      21.3
       -.5      14.5       -.3      21.3
 63419   .708659  -.620076  -.336613
  76666.6  13547.3       .0     43.3     42.1     28.9
       .0     86.6     42.1     57.7  43204.1  44313.3
     -10.3      59.2      10.0      47.2
       -.6      23.5        .8      22.1
       -.2      18.3        .3      16.3
       -.6      17.5        .6      14.9
 63420   .677337  -.646549  -.350984
  73428.5  14258.9       .0     43.3     42.1     28.9
       .0     86.6     42.1     57.7  41552.9  42731.6
      -5.9      55.8       7.1      47.4
       -.9      23.6       1.1      21.8
       -.2      18.7        .3      15.3
       -.3      17.8        .3      13.5
 63421   .641844  -.673936  -.365851
  70863.5  15100.3       .0     43.3     42.1     28.9
       .0     86.6     42.1     57.7  39853.9  41295.2
      -8.8      55.6       8.1      48.1
       -.4      23.6        .8      20.7
        .0      18.7        .4      14.8
       -.3      17.9        .6      13.4
 63422   .601687  -.701968  -.381068
  67786.8  15566.4       .0     43.3     42.1     28.9
       .0     86.6     42.1     57.7  37271.2  38546.3
      -9.0      56.1       8.1      47.3
       -.9      23.7       1.0      20.6
       -.1      18.8        .4      13.9
       -.3      18.7        .5      12.3
 63423   .556388  -.730259  -.396426
  65481.0  16040.3       .0     43.3     42.1     28.9
       .0     86.6     42.1     57.7  36350.4  37791.9
      -9.8      54.2       9.2      49.5
       -.8      24.2        .9      19.4
       -.4      19.1        .5      13.0
       -.2      18.3        .4      11.6
 63424   .505524  -.758286  -.411641
  63127.3  16036.4       .0     43.3     42.1     28.9
       .0     86.6     42.1     57.7  35143.6  36113.4
      -9.6      56.4      11.6      53.4
       -.5      24.2        .9      18.9
       -.3      19.4        .4      12.2
       -.2      19.0        .3      10.6
 63425   .448787  -.785377  -.426348
  61074.0  15584.3       .0     43.3     42.1     28.9
       .0     86.6     42.6      6.1  33888.3  34863.5
     -11.5      53.4       8.1      51.2
       -.8      24.3        .6      16.3
       -.1      19.7        .3      10.4
       -.5      18.9        .6       8.9
 63426   .386057  -.810720  -.440105
  59379.6  15108.8       .0     43.3     42.1     28.9
       .0     86.6     42.3     15.9  32156.4  33313.9
      -8.6      55.9       6.7      55.8
       -.3      24.3        .4      16.0
       -.5      19.9        .5       9.6
       -.3      19.7        .5       7.9
 63427   .317480  -.833386  -.452409
  58063.4  14790.5       .0     43.3     42.6      3.6
       .0     86.6     42.7     28.3  31312.7  32343.3
     -10.5      55.9       5.5      57.6
       -.7      24.6        .8      13.4
       -.7      20.1        .4       7.2
       -.6      19.5        .4       5.8
 63428   .243541  -.852392  -.462727
  56753.6  14394.1       .0     43.3     42.3     12.2
       .0     86.6     42.3     41.1  30967.6  32126.8
     -10.8      57.3       7.5      68.5
       -.8      24.6        .7      13.4
       -.2      19.5        .3       3.9
       -.6      19.9        .4       3.2
 63429   .165103  -.866792  -.470544
  56042.5  14193.3       .0     43.3     41.5     24.1
       .0     86.6     41.5     52.7  31390.8  31993.2
     -10.5      51.5       9.8      86.1
       -.7      24.6        .0      27.3
       -.6      19.8        .2       4.0
       -.8      19.9        .4       3.0
 63430   .124573  -.872008  -.473376
  55647.3  14038.8       .0     43.3     43.2     25.5
       .0     86.6     43.2     54.0  30428.9  31331.5
     -10.2      54.6       6.5      86.4
      -1.2      24.4        .7      28.3
       -.5      20.0        .2       6.2
       -.7      19.9        .2       3.0
 63431   .083409  -.875791  -.475429
  55372.4  14075.6       .0     43.3     42.8     19.7
       .0     86.6     42.8     48.5  30004.1  30833.2
     -11.6      53.4       3.3      74.8
      -1.1      24.5        .1      19.9
       -.7      20.3        .1       3.0
       -.9      20.1        .0       3.0
 63432   .041814  -.878085  -.476675
  55134.1  14016.0       .0     43.3     42.4     13.8
       .0     86.6     42.4     42.5  29830.6  30883.9
      -9.6      54.4       8.1      68.8
       -.8      24.4       -.2      14.5
       -.2      20.1        .1       3.9
       -.7      20.0        .0       3.0
 63433   .000000  -.878853  -.477092
  55050.8  14014.3       .0     43.3     42.3      7.8
       .0     86.6     42.4     36.2  30095.2  31039.9
     -12.0      56.2       3.5      63.4
      -1.1      25.4       -.3      12.7
       -.4      20.6        .1       5.2
       -.3      20.2        .2       4.3
 63434  -.041814  -.878085  -.476675
  54733.6  13923.2       .0     43.3     42.3      3.5
       .0     86.6     42.4     30.1  29201.4  30680.9
     -11.4      52.1        .0      53.4
       -.2      24.9        .0      12.6
       -.5      20.3        .0       6.9
       -.5      19.9        .1       5.5
 63435  -.083409  -.875791  -.475429
  54895.1  13974.0       .0     43.3     42.1     28.9
       .0     86.6     42.2     23.9  29552.6  30496.3
     -12.0      55.3       -.6      54.0
       -.7      25.0       -.1      14.9
       -.6      20.4        .1       8.6
       -.7      20.3        .1       6.9
 63436  -.124573  -.872008  -.473376
  54755.2  14066.0       .0     43.3     42.1     28.9
       .0     86.6     42.5     17.9  29743.4  30687.1
     -10.2      52.0       1.8      50.0
       -.6      24.8       -.2      16.2
       -.3      20.4        .1       9.7
       -.1      20.4        .2       8.1
 63437  -.165103  -.866792  -.470544
  55169.3  14077.7       .0     43.3     42.1     28.9
       .0     86.6     42.4     12.2  29310.1  30448.3
     -10.6      55.7        .0      52.4
       -.7      25.1       -.3      17.2
       -.3      20.9       -.1      10.6
       -.5      20.5        .0       9.0
 63438  -.243541  -.852392  -.462727
  55747.7  14255.0       .0     43.3     42.1     28.9
       .0     86.6     42.3      7.3  29568.3  31005.7
     -11.3      54.4      -1.5      48.9
       -.4      24.8        .1      17.7
       -.3      20.4        .0      11.4
       -.7      20.3       -.2       9.7
 63439  -.317480  -.833386  -.452409
  56845.3  14246.7       .0     43.3     42.1     28.9
       .0     86.6     42.1     57.7  30004.1  31391.7
      -7.5      51.7      -3.1      50.2
       -.5      25.5        .0      20.1
       -.8      20.5       -.2      13.6
       -.5      20.3        .1      11.8
 63440  -.386057  -.810720  -.440105
  58286.8  14010.3       .0     43.3     42.1     28.9
       .0     86.6     42.1     57.7  30830.3  32026.8
      -8.8      54.6      -2.4      48.3
       -.3      24.3        .0      19.5
       -.2      20.0        .1      13.9
       -.3      20.2        .0      12.6
 63441  -.448787  -.785377  -.426348
  60109.9  13425.3       .0     43.3     42.1     28.9
       .0     86.6     42.1     57.7  32940.5  33717.1
     -12.4      55.5      -5.9      48.4
       -.6      24.8       -.3      22.0
       -.5      20.5       -.2      15.7
       -.4      19.9       -.1      14.1
 63442  -.505524  -.758286  -.411641
  62198.1  12830.1       .0     43.3     42.1     28.9
       .0     86.6     42.1     57.7  33449.1  34709.7
      -8.6      55.3      -4.1      45.9
       -.5      24.4        .0      21.5
       -.5      19.6       -.4      16.0
       -.2      18.6        .2      14.5
 63443  -.556388  -.730259  -.396426
  64437.8  12097.1       .0     43.3     42.1     28.9
       .0     86.6     42.1     57.7  35660.8  36779.8
     -11.6      54.5      -6.5      44.0
       -.2      24.4       -.1      23.2
       -.2      20.0        .0      17.5
       -.2      18.9        .2      15.5
 63444  -.601687  -.701968  -.381068
  66815.2  11481.1       .0     43.3     42.1     28.9
       .0     86.6     42.1     57.7  37085.6  37864.1
      -7.5      56.4      -4.5      45.0
      -1.1      23.5       -.6      22.7
       -.1      19.4        .2      17.8
       -.3      18.4        .1      16.8
 63445  -.641844  -.673936  -.365851
  69587.4  11033.7       .0     43.3     42.1     28.9
       .0     86.6     42.1     57.7  38853.2  40091.9
      -7.7      56.9      -4.7      44.3
       -.3      24.3       -.2      24.3
       -.6      19.1       -.1      18.6
        .0      18.7        .0      17.2
 63446  -.677337  -.646549  -.350984
  72397.0  10585.2       .0     43.3     42.1     28.9
       .0     86.6     42.1     57.7  40443.1  41557.2
      -6.5      55.9      -4.4      42.8
       -.5      24.2       -.4      24.5
       -.4      18.6       -.1      19.2
       -.1      17.6        .0      17.8
 63447  -.708659  -.620076  -.336613
  75430.8  10295.4       .0     43.3     42.1     28.9
       .0     86.6     42.1     57.7  42420.6  44132.8
      -8.3      57.2      -6.3      43.5
       -.2      23.9       -.1      25.0
       -.4      18.5        .1      19.4
       -.2      18.1        .1      17.6
 63448   .482910  -.845093  -.229382
 113118.6  14823.7       .0     43.3     42.1     28.9
       .0     86.6     42.1     57.7  67429.2  69903.8
     -11.2      55.3       8.4      50.4
      -1.1      24.7        .7      20.2
       -.3      19.0        .5      13.0
       -.3      17.9        .5      11.7
 63449   .451149  -.861285  -.233777
 111160.1  14654.3       .0     43.3     42.1     28.9
       .0     86.6     42.1     57.7  66431.6  68372.3
     -10.6      55.3       9.1      53.9
       -.8      24.1        .8      20.2
       -.2      19.0        .4      13.0
       -.4      18.3        .4      11.0
 63450   .417577  -.876913  -.238019
 109363.0  14465.0       .0     43.3     42.1     28.9
       .0     86.6     42.1     57.7  64856.5  66684.9
      -9.1      48.4       8.9      56.1
      -1.1      24.3       1.4      20.0
       -.8      18.9        .5      11.6
       -.4      17.8        .6       9.9
 63451   .382204  -.891810  -.242063
 107478.8  14268.3       .0     43.3     42.1     28.9
       .0     86.6     42.1     57.7  64035.8  66249.0
     -11.4      50.7       8.3      58.2
       -.9      24.1        .8      20.9
       -.4      19.2        .4      11.4
       -.5      18.3        .3       9.5
 63452   .345068  -.905804  -.245861
 105826.8  13927.1       .0     43.3     42.1     28.9
       .0     86.6     42.1     57.7  63326.1  65340.8
     -10.9      53.6       9.4      63.8
      -1.4      24.4       1.1      19.7
        .0      19.0        .4       9.9
       -.5      18.2        .5       8.2
 63453   .306238  -.918714  -.249365
 104733.7  13725.5       .0     43.3     42.1     28.9
       .0     86.6     42.1     57.7  62515.8  64033.3
     -10.7      51.6       8.1      68.7
      -1.3      24.3        .8      21.2
       -.7      19.4        .5      10.0
       -.2      18.3        .4       7.9
 63454   .265817  -.930361  -.252527
 103638.2  13577.0       .0     43.3     42.1     28.9
       .0     86.6     42.4      3.8  62253.0  63619.4
     -10.6      54.5       7.7      71.3
      -1.0      24.3        .9      18.3
       -.8      19.5        .4       8.3
       -.4      18.1        .3       6.4
 63455   .223945  -.940570  -.255298
 102438.4  13472.9       .0     43.3     42.1     28.9
       .0     86.6     42.3     13.3  61387.1  62722.3
     -12.0      52.0       7.0      78.0
       -.9      24.2        .8      20.2
       -.3      19.3        .5       7.8
       -.5      18.7        .5       6.1
 63456   .180796  -.949177  -.257634
 101763.6  13362.4       .0     43.3     42.1     28.9
       .0     86.6     42.2     26.4  60312.0  62174.8
     -15.4      58.0       8.4      82.6
      -1.4      24.2        .9      22.4
       -.7      19.5        .4       6.3
       -.6      18.2        .3       4.7
 63457   .136577  -.956038  -.259496
 101273.8  13250.2       .0     43.3     41.8     11.0
       .0     86.6     42.0     39.7  59772.4  61909.7
     -12.2      51.0       3.0      93.0
      -1.3      24.4       1.0      27.4
       -.5      19.5        .3       5.1
       -.9      18.3        .4       3.0
 63458   .091527  -.961030  -.260851
 100929.9  13182.7       .0     43.3     41.2     23.5
       .0     86.6     41.3     52.0  59548.5  61436.3
     -10.5      53.7       8.8     103.5
      -1.1      24.4        .2      45.9
       -.4      19.4        .4       9.3
       -.9      18.3        .3       3.0
 63459   .068771  -.962796  -.261330
 100658.3  13186.1       .0     43.3     43.1     25.0
       .0     86.6     43.0     53.4  59343.5  61237.6
     -12.8      55.0       5.6     101.5
      -1.5      23.8        .8      51.3
       -.6      19.3        .3      12.8
       -.9      18.6        .2       4.4
 63460   .045908  -.964064  -.261674
 100559.7  13112.0       .0     43.3     42.7     18.7
       .0     86.6     42.7     47.4  59781.6  61982.2
      -9.5      48.9       1.4      98.6
      -1.4      24.7       1.2      37.1
       -.9      19.5        .2       9.4
       -.8      18.6        .0       3.2
 63461   .022972  -.964827  -.261882
 100230.3  13090.9       .0     43.3     42.8     12.6
       .0     86.6     42.7     41.1  59842.2  61690.2
     -11.4      53.0      -1.7      92.3
      -1.0      24.2        .2      28.9
       -.8      19.1        .1       5.2
       -.4      18.8        .1       3.3
 63462   .000000  -.965081  -.261951
 100245.9  13187.3       .0     43.3     42.4      6.1
       .0     86.6     42.2     34.7  59045.8  60611.8
     -12.2      55.3       2.6      86.9
      -1.0      24.6        .0      21.5
       -.7      19.9        .0       5.4
       -.8      19.0        .1       3.4
 63463  -.022972  -.964827  -.261882
  99946.1  13119.5       .0     43.3     42.2      2.1
       .0     86.6     42.4     28.2  59937.8  61559.9
     -13.5      51.9      -1.6      81.6
      -1.3      24.8        .2      20.3
       -.6      19.6        .2       5.8
       -.7      18.5        .1       4.5
 63464  -.045908  -.964064  -.261674
 100337.0  13188.7       .0     43.3     42.1     28.9
       .0     86.6     42.6     21.6  59461.8  61050.5
      -9.8      51.6       -.1      79.4
      -1.1      25.0       -.2      19.3
       -.4      20.0        .1       7.9
       -.6      19.0        .1       5.4
 63465  -.068771  -.962796  -.261330
 100013.1  13131.2       .0     43.3     42.1     28.9
       .0     86.6     42.3     15.0  59082.1  60818.1
     -12.6      51.9       1.6      70.4
      -1.0      25.1        .2      18.4
       -.9      19.5       -.1       8.2
       -.8      19.0        .0       6.1
 63466  -.091527  -.961030  -.260851
 100180.8  13117.6       .0     43.3     42.1     28.9
       .0     86.6     42.2      8.6  58923.7  60807.7
     -13.5      56.2      -1.3      69.1
      -1.3      24.5       -.3      18.6
       -.5      20.2        .1       8.3
       -.5      18.6        .0       6.4
 63467  -.136577  -.956038  -.259496
 100226.5  13202.9       .0     43.3     42.1     28.9
       .0     86.6     42.1     57.7  59753.0  61155.4
     -13.5      54.3       -.3      62.4
      -1.1      24.4       -.2      19.5
       -.8      19.9        .0       9.4
       -.3      18.8        .1       7.3
 63468  -.180796  -.949177  -.257634
 101028.6  13318.0       .0     43.3     42.1     28.9
       .0     86.6     42.1     57.7  59879.5  61631.5
     -11.4      56.6      -3.5      62.7
       -.9      25.1        .0      18.9
       -.9      20.0       -.1      10.5
       -.2      18.9       -.1       8.4
 63469  -.223945  -.940570  -.255298
 101821.9  13486.9       .0     43.3     42.1     28.9
       .0     86.6     42.1     57.7  60348.1  62060.4
      -8.5      51.6      -5.7      59.6
       -.8      24.5       -.1      17.6
       -.8      19.7       -.1      10.7
       -.8      18.9        .0       8.8
 63470  -.265817  -.930361  -.252527
 102750.0  13538.0       .0     43.3     42.1     28.9
       .0     86.6     42.1     57.7  61457.2  62857.4
      -9.9      53.2      -2.3      54.4
       -.9      25.0       -.1      19.3
       -.7      20.1       -.2      12.4
       -.4      19.3        .0      10.2
 63471  -.306238  -.918714  -.249365
 103793.2  13646.5       .0     43.3     42.1     28.9
       .0     86.6     42.1     57.7  61066.4  62913.3
      -8.9      50.7      -3.0      54.1
      -1.3      25.1       -.4      18.6
       -.4      19.9        .2      11.8
       -.5      19.0        .0      10.3
 63472  -.345068  -.905804  -.245861
 105065.9  13867.0       .0     43.3     42.1     28.9
       .0     86.6     42.1     57.7  62001.2  64290.2
     -10.3      54.2      -2.8      53.0
      -1.0      25.2       -.7      21.0
       -.4      20.1        .0      13.6
       -.4      19.1        .0      11.9
 63473  -.382204  -.891810  -.242063
 106427.5  13995.4       .0     43.3     42.1     28.9
       .0     86.6     42.1     57.7  62808.7  64468.1
     -10.1      53.8      -6.2      46.8
       -.5      24.4       -.3      19.2
       -.2      19.7        .0      13.2
       -.2      18.6        .2      11.6
 63474  -.417577  -.876913  -.238019
 108006.0  14074.4       .0     43.3     42.1     28.9
       .0     86.6     42.1     57.7  64482.9  66408.8
      -8.9      52.9      -4.8      48.1
      -1.0      25.0       -.3      21.1
       -.1      19.6        .1      14.8
       -.4      18.8        .0      13.2
 63475  -.451149  -.861285  -.233777
 109961.5  13892.9       .0     43.3     42.1     28.9
       .0     86.6     42.1     57.7  64410.9  67010.5
     -12.3      56.0      -7.0      43.9
       -.9      24.7       -.4      19.8
        .0      19.7        .1      14.4
       -.2      18.6        .1      13.1
 63476  -.482910  -.845093  -.229382
 111732.2  13791.9       .0     43.3     42.1     28.9
       .0     86.6     42.1     57.7  65877.1  68162.0
     -12.2      55.0      -5.3      45.3
      -1.1      24.7       -.5      21.4
       -.5      19.5        .0      16.1
       -.5      18.9       -.1      14.3
 63477   .337328  -.927651  -.160231
 162575.1  13963.1       .0     43.3     42.1     28.9
       .0     86.6     42.1     57.7 100751.1 103962.1
      -9.3      47.9       6.3      57.2
      -1.6      25.2       1.3      22.5
       -.5      19.9        .4      10.7
       -.5      18.9        .3       9.0
 63478   .312066  -.936198  -.161707
 161428.8  13861.6       .0     43.3     42.1     28.9
       .0     86.6     42.1     57.7  99468.5 102206.0
     -13.5      58.3       7.0      62.9
      -1.5      25.2       1.0      23.2
       -.4      19.9        .4      11.1
       -.3      19.3        .3       9.0
 63479   .286124  -.944211  -.163091
 159961.8  13941.6       .0     43.3     42.1     28.9
       .0     86.6     42.1     57.7 100043.1 102999.7
      -9.5      50.2       8.7      65.5
      -1.5      25.0       1.2      21.8
       -.5      19.9        .6      10.0
       -.3      19.0        .4       7.9
 63480   .259539  -.951641  -.164374
 159166.3  13540.8       .0     43.3     42.1     28.9
       .0     86.6     42.1     57.7  98123.7 101242.7
     -10.2      49.5       9.2      74.0
      -1.4      25.9       1.2      25.0
       -.4      19.9        .5      10.1
       -.5      19.3        .4       8.1
 63481   .232349  -.958440  -.165549
 158260.0  13468.6       .0     43.3     42.1     28.9
       .0     86.6     42.1     57.7  98071.8 101381.0
     -11.9      51.1       7.3      81.3
      -1.2      24.9       1.1      24.5
       -.5      19.7        .2       9.5
       -.5      18.9        .5       6.8
 63482   .204604  -.964562  -.166606
 157170.8  13451.9       .0     43.3     42.1     28.9
       .0     86.6     42.1     57.7  98301.8 100820.0
      -8.7      49.9       3.4      80.3
      -1.3      25.4       1.2      25.9
       -.3      19.9        .4       9.6
       -.3      18.8        .4       6.8
 63483   .176357  -.969963  -.167539
 156514.0  13295.0       .0     43.3     42.1     28.9
       .0     86.6     42.1     57.7  97736.0 101108.4
     -13.3      51.2      11.7      91.9
      -1.2      25.4       1.1      28.6
       -.5      19.7        .3       7.7
       -.6      19.4        .3       5.7
 63484   .147667  -.974605  -.168341
 156218.9  13330.0       .0     43.3     42.1     28.9
       .0     86.6     42.2     12.1  97012.1  99610.5
     -13.3      57.2       3.5      96.7
      -1.8      26.0       1.6      29.3
       -.9      20.0        .5       8.1
       -.9      19.1        .4       5.2
 63485   .118600  -.978453  -.169006
 155556.3  13209.3       .0     43.3     42.1     28.9
       .0     86.6     42.2     25.6  97615.0  99751.7
     -11.7      53.3       8.2     108.2
      -1.6      24.8        .8      29.7
       -.6      19.9        .3       7.6
       -.7      19.0        .3       4.1
 63486   .089225  -.981478  -.169528
 155421.7  13156.3       .0     43.3     41.7     10.5
       .0     86.6     41.8     38.9  96501.8  99639.0
     -11.6      49.1       4.6     103.5
      -1.2      24.7        .9      39.3
      -1.0      19.8        .3       8.4
       -.6      19.2        .3       3.9
 63487   .059616  -.983656  -.169904
 155315.8  13160.3       .0     43.3     41.6     23.2
       .0     86.6     41.6     51.4  96345.2  98865.3
      -9.3      53.9       9.3     114.4
      -1.7      24.3        .1      60.9
       -.8      19.9        .4      23.0
       -.9      18.8        .0       8.4
 63488   .044746  -.984421  -.170036
 155151.2  13159.4       .0     43.3     43.1     24.6
       .0     86.6     43.2     52.7  96284.9  99208.2
     -13.5      58.2       3.6     125.6
      -1.5      24.9       1.3      64.9
       -.9      19.8        .8      23.2
      -1.1      19.2        .5       5.7
 63489   .029848  -.984969  -.170131
 154695.7  13089.8       .0     43.3     43.3     19.1
       .0     86.6     43.2     46.8  96493.6  99273.9
     -13.8      52.1       4.3     112.6
      -2.1      25.6       -.2      48.6
      -1.0      19.9       -.1      12.2
      -1.1      18.9        .3       3.9
 63490   .014929  -.985299  -.170188
 154672.2  13107.0       .0     43.3     43.0     11.9
       .0     86.6     42.9     40.5  97208.3  99246.7
     -10.4      51.5       2.4     112.1
      -1.6      25.3        .9      41.6
       -.8      19.9        .1      10.3
      -1.0      19.1        .1       3.4
 63491   .000000  -.985408  -.170207
 154545.3  13116.2       .0     43.3     42.7      5.3
       .0     86.6     42.8     33.6  95589.0  97461.1
     -11.7      54.3       -.3     108.5
      -1.7      25.4       -.3      33.3
       -.8      19.9        .2       8.3
       -.6      19.3        .1       3.5
 63492  -.014929  -.985299  -.170188
 154813.3  13170.5       .0     43.3     42.1     28.9
       .0     86.6     42.7     27.3  96091.2  99134.5
      -9.3      56.0       4.1      91.2
      -1.7      25.6       -.2      30.8
       -.9      20.0        .0       8.4
       -.8      19.0        .1       4.1
 63493  -.029848  -.984969  -.170131
 154600.1  13124.0       .0     43.3     42.1     28.9
       .0     86.6     42.7     20.4  96582.1  99667.8
     -12.9      50.0      -1.2      95.7
      -1.6      24.8        .3      28.7
       -.5      20.0        .2       7.9
       -.6      19.3        .0       5.4
 63494  -.044746  -.984421  -.170036
 154539.8  13208.1       .0     43.3     42.1     28.9
       .0     86.6     42.6     13.8  96247.1  99631.2
     -12.5      52.3      -1.2      91.6
      -1.1      24.9       -.5      26.7
       -.4      20.0        .1       8.0
       -.7      19.1        .0       5.1
 63495  -.059616  -.983656  -.169904
 154644.7  13088.6       .0     43.3     42.1     28.9
       .0     86.6     42.5      7.1  96889.5  99089.1
     -12.0      49.2       4.8      89.0
      -1.1      25.1        .3      27.0
       -.6      19.9        .1       8.2
       -.8      19.2        .0       5.7
 63496  -.089225  -.981478  -.169528
 154634.3  13209.3       .0     43.3     42.1     28.9
       .0     86.6     42.1     57.7  96775.1  99697.9
      -9.7      56.1      -1.0      81.3
      -1.4      25.9       -.3      23.0
       -.5      20.2        .0       8.5
       -.7      19.2        .0       6.3
 63497  -.118600  -.978453  -.169006
 155147.1  13194.5       .0     43.3     42.1     28.9
       .0     86.6     42.1     57.7  96919.7  99560.7
     -12.9      54.6      -3.1      76.6
      -1.5      26.0       -.3      23.5
       -.9      20.5       -.1       9.0
       -.5      19.3       -.1       7.0
 63498  -.147667  -.974605  -.168341
 155166.4  13320.7       .0     43.3     42.1     28.9
       .0     86.6     42.1     57.7  95974.7  99405.9
     -11.5      54.5       -.9      75.1
      -1.6      25.9       -.2      22.4
        .0      20.3        .2       9.7
       -.2      19.8        .2       7.3
 63499  -.176357  -.969963  -.167539
 155813.5  13325.6       .0     43.3     42.1     28.9
       .0     86.6     42.1     57.7  95487.2  98541.1
     -11.2      54.9      -9.5      68.6
       -.7      25.5       -.6      22.6
       -.5      20.5        .0      10.3
       -.8      19.2        .1       8.3
 63500  -.204604  -.964562  -.166606
 156518.2  13398.6       .0     43.3     42.1     28.9
       .0     86.6     42.1     57.7  97904.6 100471.6
     -14.9      56.1       -.9      67.8
      -1.5      25.9       -.5      21.2
       -.2      20.3       -.1      10.1
       -.7      19.7        .0       8.6
 63501  -.232349  -.958440  -.165549
 157539.6  13479.0       .0     43.3     42.1     28.9
       .0     86.6     42.1     57.7  99559.6 101329.4
     -12.4      54.3      -5.7      63.1
       -.8      25.1       -.2      21.8
       -.6      20.3        .0      11.2
       -.4      19.7        .0       9.4
 63502  -.259539  -.951641  -.164374
 158253.5  13537.7       .0     43.3     42.1     28.9
       .0     86.6     42.1     57.7  98896.9 100332.4
     -14.9      58.0      -4.7      56.1
      -1.7      25.8       -.9      21.4
       -.6      20.2        .0      11.0
       -.1      19.4        .1       9.4
 63503  -.286124  -.944211  -.163091
 159065.6  13855.5       .0     43.3     42.1     28.9
       .0     86.6     42.1     57.7  99569.4 102574.6
     -13.6      54.2      -5.8      53.7
       -.8      24.8       -.2      21.2
       -.1      20.1        .3      12.2
       -.2      19.4        .0      10.6
 63504  -.312066  -.936198  -.161707
 160334.0  13739.0       .0     43.3     42.1     28.9
       .0     86.6     42.1     57.7  99780.4 103008.5
      -8.7      50.0      -7.6      50.0
      -1.2      25.3       -.4      20.0
       -.2      19.9        .1      11.7
       -.2      18.9        .2      10.1
 63505  -.337328  -.927651  -.160231
 161838.5  13922.2       .0     43.3     42.1     28.9
       .0     86.6     42.1     57.7 100514.6 103724.2
     -10.6      54.0      -3.5      46.7
      -1.5      25.4       -.7      20.1
       -.3      20.5        .0      13.0
       -.1      19.8        .2      11.5
