CMSSW:newR11@-300V,3.8T@20d,263K,rhe=1.0179[mu=.077],rhh=0.7,0.00/0.00          
  2453   1  3.80  28   3  29   3  300.00  263.00  263.00 1.00000  1000.0   20.86  -25.94  150.000  100.000  290.000  1000.0   10.43  -12.97    1.50    1.00     .85
 64251  -.105170   .946530  -.304993
  88419.1  13546.5     10.4     43.3    -12.6      8.6
     10.4     86.6    -12.7     37.1  52185.7  53318.5
      13.6      52.4      -8.6      85.4
        .3      23.2       -.3      19.6
       -.2      18.0        .0       5.4
        .3      16.4        .0       3.0
 64252  -.113613   .937303  -.329476
  81628.7  13653.2     10.4     43.3    -12.8      8.8
     10.4     86.6    -12.8     37.4  47524.2  48824.9
      12.0      56.0      -9.3      79.1
        .4      23.3       -.4      16.4
       -.3      19.1        .0       4.2
       -.3      18.7        .1       3.0
 64253  -.123410   .925573  -.357888
  75207.0  13771.3     10.4     43.3    -12.7      8.8
     10.4     86.6    -12.7     37.6  42816.2  44338.8
      10.8      51.8      -5.0      73.6
        .3      22.7       -.6      18.4
        .0      17.4        .0       4.4
        .1      16.2        .0       3.1
 64254  -.134874   .910397  -.391134
  68947.3  14055.1     10.4     43.3    -12.7      9.0
     10.4     86.6    -12.8     37.6  39289.0  40606.2
       8.3      51.3     -12.6      69.7
        .4      23.3       -.4      13.4
       -.2      18.9        .0       4.4
       -.2      18.0       -.1       3.4
 64255  -.148397   .890380  -.430350
  62690.7  14287.0     10.4     43.3    -12.7      9.2
     10.4     86.6    -12.7     37.6  35010.1  36160.8
       9.9      54.0      -6.9      64.8
        .1      22.4       -.4      12.9
       -.1      17.1       -.1       4.5
       -.2      15.7        .0       3.4
 64256  -.164460   .863416  -.476934
  56622.9  14747.3     10.4     43.3    -12.7      9.5
     10.4     86.6    -12.8     38.2  30862.8  31721.1
      11.1      56.0      -9.5      65.5
       -.1      23.0       -.4      10.7
       -.2      17.9        .0       4.6
       -.4      17.3        .0       3.5
 64257  -.183618   .826279  -.532491
  50810.3  15464.7     10.4     43.3    -12.8      9.7
     10.4     86.6    -12.8     38.3  27522.4  28512.3
       7.1      51.9      -8.3      60.9
       -.1      22.0       -.1      10.2
       -.4      16.2        .0       4.6
       -.4      14.7        .0       3.7
 64258  -.206405   .774019  -.598575
  45416.5  16539.8     10.4     43.3    -12.9     10.0
     10.4     12.0    -12.8     38.6  23668.0  24387.0
       6.8      52.7      -7.9      54.7
        .0      22.6       -.1       9.6
       -.3      17.1        .1       4.8
        .0      16.2        .0       3.8
 64259  -.233063   .699189  -.675882
  40268.4  18327.3     10.4     43.3    -12.9     10.3
     10.0     17.7    -12.9     38.8  21112.1  21700.2
       7.6      60.4      -7.6      52.6
       -.4      26.9        .1       9.3
       -.3      17.7        .0       5.0
       -.3      14.6        .0       4.0
 64260  -.262862   .591440  -.762300
  35776.6  22029.3     10.4     43.3    -13.0     10.8
      9.9     36.5    -12.9     39.2  17914.1  18821.5
       5.6      57.2      -6.0      45.4
        .0      24.2       -.2       9.1
        .0      15.9       -.1       5.0
       -.3      12.7       -.1       4.2
 64261  -.292854   .439281  -.849276
  32065.8  25966.3      9.8     12.5    -12.9     11.1
     10.3     55.3    -12.9     39.7  15596.3  16173.7
       4.2      49.6      -5.8      47.2
       -.3      14.2       -.1       8.8
       -.4       9.3        .0       5.2
       -.6       7.7        .0       4.3
 64262  -.316664   .237498  -.918324
  29843.4  24728.7      9.9     30.0    -12.8     11.4
     10.0     73.2    -12.8     39.8  14414.9  15135.6
       6.4      61.0      -5.5      49.3
       -.1       7.0       -.1       8.4
       -.4       5.0        .0       5.3
       -.4       5.0        .0       4.4
 64263  -.325991   .000000  -.945373
  29036.8  24014.7     10.5     38.1    -12.7     11.4
     10.5     81.2    -12.8     40.0  14272.0  14793.8
        .3      65.7      -5.1      42.2
       -.8       6.7        .1       8.2
       -.7       5.0        .1       5.3
       -.8       5.0        .0       4.4
 64264  -.323582  -.121343  -.938387
  29144.5  24189.7     10.0     29.9    -12.9     11.4
      9.9     72.7    -12.9     40.0  14310.3  15039.3
      -4.1      59.2      -2.5      42.1
       -.8       7.3        .0       8.2
       -.7       5.0        .0       5.4
       -.8       5.0        .0       4.4
 64265  -.316664  -.237498  -.918324
  29569.4  24675.0      9.7     21.1    -12.8     11.4
      9.6     64.1    -13.0     39.9  14496.1  14950.5
      -5.0      47.8      -4.3      42.3
       -.9      10.9        .0       8.2
       -.8       7.0        .0       5.5
       -.7       5.7       -.1       4.5
 64266  -.306058  -.344315  -.887567
  30564.0  24764.8      9.8     12.6    -13.2     11.2
      9.6     55.1    -13.0     40.0  15205.8  15653.0
      -6.8      48.6      -2.2      45.3
       -.9      14.6       -.2       8.5
       -.9       9.7       -.2       5.2
       -.7       8.1        .0       4.4
 64267  -.292854  -.439281  -.849276
  31926.7  23049.3      9.9      6.4    -13.0     11.2
      9.5     45.9    -13.0     39.7  15766.0  16582.7
      -5.5      51.2      -3.4      47.3
      -1.1      18.8       -.1       8.3
       -.7      12.4        .0       5.3
      -1.0      10.1       -.1       4.4
 64268  -.278147  -.521525  -.806626
  33588.9  20476.7     10.4     43.3    -12.7     11.0
      9.7     36.6    -12.8     39.5  16943.5  17542.7
      -7.7      54.5      -2.7      47.4
      -1.5      24.7       -.1       8.3
       -.9      16.0        .0       5.2
       -.8      13.0        .0       4.3
 64269  -.262862  -.591440  -.762300
  35464.5  18417.3     10.4     43.3    -12.9     11.0
      9.8     27.5    -13.0     39.3  18003.0  18562.8
      -7.3      58.5       -.8      48.0
       -.9      27.6       -.1       8.4
       -.6      18.5        .0       5.1
       -.6      15.2        .0       4.2
 64270  -.233063  -.699189  -.675882
  40001.3  16198.1     10.4     43.3    -12.8     10.5
      9.6     10.9    -12.8     39.1  20468.4  21439.2
      -7.1      56.0       2.3      52.0
       -.9      24.4       -.2       9.2
      -1.3      17.7       -.1       5.0
       -.8      15.5       -.1       4.0
 64271  -.206405  -.774019  -.598575
  45184.6  14913.1     10.4     43.3    -12.7     10.1
     10.4     86.6    -12.8     38.6  23878.8  24883.8
      -9.1      53.4       -.9      54.6
       -.4      23.6        .2       9.0
       -.7      17.6        .0       5.0
      -1.1      16.9       -.1       3.9
 64272  -.183618  -.826279  -.532491
  50478.2  14113.9     10.4     43.3    -12.7      9.8
     10.4     86.6    -12.8     38.3  27347.9  28174.8
     -10.3      50.2       -.1      61.0
      -1.4      21.8       -.2      10.5
      -1.0      16.3       -.1       4.7
       -.9      14.5        .0       3.6
 64273  -.164460  -.863416  -.476934
  56293.2  13667.0     10.4     43.3    -12.6      9.5
     10.4     86.6    -12.7     38.1  31278.8  32308.8
     -10.2      51.8       2.2      62.9
      -1.4      23.8       -.1      11.5
       -.8      18.7        .1       4.5
       -.8      17.8        .0       3.5
 64274  -.148397  -.890380  -.430350
  62369.8  13388.4     10.4     43.3    -12.6      9.3
     10.4     86.6    -12.7     37.8  34718.6  35621.8
     -10.8      52.1       -.3      66.9
      -1.4      21.9       -.1      11.5
       -.8      17.3        .0       4.4
       -.7      15.4        .0       3.4
 64275  -.134874  -.910397  -.391134
  68921.2  13249.8     10.4     43.3    -12.6      9.0
     10.4     86.6    -12.7     37.8  39018.0  40066.3
     -11.6      52.3       3.5      70.4
      -1.1      24.4        .1      15.2
       -.9      19.5        .0       4.2
      -1.3      18.8       -.1       3.3
 64276  -.123410  -.925573  -.357888
  75227.6  13126.9     10.4     43.3    -12.6      8.8
     10.4     86.6    -12.5     37.6  43009.0  44400.9
      -9.7      51.9        .2      73.5
      -1.0      22.6        .1      16.7
       -.6      17.7        .0       4.3
      -1.0      15.7        .0       3.1
 64277  -.113613  -.937303  -.329476
  81668.2  13061.9     10.4     43.3    -12.6      8.7
     10.4     86.6    -12.6     37.3  47795.2  49146.9
     -10.8      53.2       4.0      78.3
       -.8      24.5        .5      18.0
      -1.1      19.7        .1       4.5
      -1.1      18.8        .1       3.1
 64278  -.105170  -.946530  -.304993
  88328.9  12995.7     10.4     43.3    -12.5      8.6
     10.4     86.6    -12.6     37.2  51957.6  53243.3
      -9.8      51.2       -.3      83.8
      -1.5      22.9        .3      20.9
       -.7      17.5        .0       4.6
      -1.0      16.0        .0       3.1
 64279   .863216  -.064741  -.500666
  53078.0   9100.2      9.9     28.3    -13.0     28.9
      9.9     71.3    -13.0     57.7  29407.6  30302.5
       5.5      62.4       6.4      42.0
      -1.0      11.7        .3      23.6
       -.5       5.0        .5      17.5
       -.7       5.0        .8      16.1
 64280   .838516  -.069876  -.540377
  49181.0   9237.4     10.3     28.5    -13.0     28.9
     10.3     71.7    -13.0     57.7  26952.0  27767.5
       3.0      61.5       6.3      42.0
       -.7      10.9        .7      23.3
       -.6       5.0        .5      16.8
       -.7       5.0        .4      15.0
 64281   .807288  -.075683  -.585284
  45570.4   9462.0     10.1     28.6    -13.0     28.9
     10.1     71.6    -13.0     57.7  24327.5  24888.6
       4.9      61.3       6.0      42.3
       -.6       9.8        .2      22.3
       -.8       5.0        .7      16.8
       -.7       5.0        .4      15.3
 64282   .767414  -.082223  -.635858
  41811.5   9871.8     10.2     28.8    -13.0     28.9
     10.1     71.8    -13.0     57.7  22101.1  23097.4
       5.2      66.0       6.5      45.4
      -1.0       8.6        .8      22.6
       -.7       5.0        .2      16.0
       -.8       5.0        .4      14.2
 64283   .716102  -.089513  -.692232
  38335.7  10319.4     10.0     29.0    -13.0     28.9
     10.0     72.1    -13.0     57.7  19475.7  20181.1
       3.4      60.3       4.4      40.9
      -1.0       9.8        .7      21.1
       -.7       5.0        .4      15.4
       -.7       5.0        .5      13.9
 64284   .649830  -.097475  -.753803
  35255.9  11142.3     10.1     29.3    -13.0     28.9
     10.1     72.2    -13.0     57.7  18496.1  18957.7
       2.0      53.2       3.9      41.3
       -.9       7.9        .3      21.5
       -.6       5.0        .2      14.6
       -.7       5.0        .3      12.7
 64285   .564543  -.105852  -.818588
  32802.8  12492.8     10.3     29.4    -13.0     28.9
     10.2     72.6    -13.0      7.1  16093.6  16952.7
       3.8      57.8       5.0      40.4
       -.6       7.7        .4      18.7
       -.7       5.0        .4      12.9
       -.7       5.0        .3      11.4
 64286   .456422  -.114106  -.882416
  30575.7  14708.7      9.9     29.6    -13.0     28.9
      9.9     72.7    -12.8     16.5  15135.9  15511.4
       2.2      54.5       4.1      42.6
       -.7       7.8       -.1      18.7
       -.7       5.0        .4      12.4
       -.7       5.0        .5      10.6
 64287   .323582  -.121343  -.938387
  28855.2  19131.8     10.0     29.7    -12.6      4.5
     10.1     72.9    -12.5     28.2  13962.9  14645.1
      -1.6      52.8       3.0      37.9
      -1.2       7.6        .5      14.2
       -.7       5.0        .2       9.3
       -.8       5.0        .3       7.6
 64288   .168544  -.126408  -.977555
  28006.0  23124.5      9.9     29.8    -12.8     11.4
     10.0     72.9    -12.8     39.9  13377.7  14023.0
       -.8      52.4       2.3      46.5
       -.9       7.5        .5       8.7
       -.7       5.0        .2       5.6
       -.7       5.0        .2       4.6
 64289   .000000  -.128243  -.991743
  27680.9  22914.4     10.0     29.8    -12.9     22.5
     10.0     72.9    -12.9     51.2  13347.7  13722.2
      -2.5      54.0      -1.4      55.9
       -.9       6.7        .5       5.8
       -.8       5.0        .3       3.0
       -.7       5.0        .3       3.0
 64290  -.085184  -.127776  -.988138
  27856.0  22951.2      9.5     29.9    -12.9     26.7
      9.4     72.9    -12.9     55.4  13452.4  14124.1
      -3.1      52.9      -3.9      64.6
       -.9       7.1        .3       9.8
       -.8       5.0        .0       3.0
       -.6       5.0        .0       3.0
 64291  -.168544  -.126408  -.977555
  28191.9  23283.9      9.7     29.9    -12.7     22.7
      9.7     72.9    -12.8     51.5  13697.6  14264.8
       -.8      55.4      -6.1      63.2
       -.9       7.7       -.3       6.8
       -.9       5.0       -.1       3.0
       -.8       5.0       -.1       3.0
 64292  -.248443  -.124222  -.960648
  28503.5  23621.8      9.4     29.8    -13.0     17.1
      9.5     73.0    -13.1     45.8  13893.7  14512.7
      -4.9      54.2      -2.2      47.9
       -.9       7.6       -.1       6.2
       -.7       5.0       -.2       3.5
       -.8       5.0       -.1       3.0
 64293  -.323582  -.121343  -.938387
  29038.4  24095.8      9.8     29.6    -12.8     11.6
      9.9     72.7    -12.9     39.9  14442.2  14956.5
      -1.9      52.0      -5.5      43.2
       -.8       7.1       -.2       8.3
       -.9       5.0       -.1       5.4
       -.8       5.0        .0       4.5
 64294  -.393068  -.117920  -.911917
  29827.4  23326.7      9.7     29.6    -12.9      6.2
      9.7     72.7    -12.9     34.1  14557.3  15236.5
      -5.0      53.5      -3.4      37.5
      -1.2       7.6       -.1      10.8
       -.7       5.0        .0       7.0
       -.7       5.0        .0       5.9
 64295  -.456422  -.114106  -.882416
  30771.1  20689.1     10.0     29.5    -12.8      4.6
     10.0     72.6    -12.8     28.1  15201.7  15790.4
      -2.7      55.5      -4.7      40.0
       -.5       7.7        .3      13.5
       -.7       5.0        .0       8.9
       -.7       5.0        .0       7.3
 64296  -.513527  -.110042  -.850988
  31809.9  18009.1      9.9     29.3    -13.0     28.9
     10.0     72.4    -13.2     21.9  15799.8  16395.4
      -2.9      52.9      -4.7      41.9
       -.9       7.7        .0      16.5
       -.9       5.0       -.3      10.7
       -.6       5.0        .1       8.8
 64297  -.564543  -.105852  -.818588
  32982.6  16082.4     10.0     29.4    -13.0     28.9
     10.0     72.4    -12.7     16.1  16488.9  17192.4
      -4.7      56.3      -5.3      42.5
       -.6       7.4       -.1      18.5
       -.8       5.0       -.2      11.7
       -.8       5.0       -.2       9.9
 64298  -.649830  -.097475  -.753803
  35602.6  13637.8     10.3     29.1    -13.0     28.9
     10.2     72.1    -12.7      6.7  18103.5  18684.7
      -5.9      59.7      -3.9      41.2
       -.9       8.1       -.2      17.8
       -.8       5.0        .0      12.4
       -.7       5.0        .0      10.9
 64299  -.716102  -.089513  -.692232
  38585.0  12282.0     10.3     28.9    -13.0     28.9
     10.2     72.0    -13.0     57.7  19938.2  20689.6
      -9.8      59.1      -6.9      43.1
      -1.0       8.4       -.5      20.9
       -.5       5.0        .1      14.3
       -.7       5.0        .0      12.1
 64300  -.767414  -.082223  -.635858
  42083.5  11370.7     10.1     28.8    -13.0     28.9
     10.0     71.8    -13.0     57.7  21804.0  22669.6
      -7.3      62.6      -7.1      44.7
       -.8       8.4       -.1      20.1
       -.7       5.0        .0      14.4
       -.7       5.0       -.2      12.9
 64301  -.807288  -.075683  -.585284
  45417.6  10765.2     10.0     28.5    -13.0     28.9
      9.9     71.6    -13.0     57.7  24505.6  25284.2
      -3.9      64.5      -8.1      44.6
      -1.0       9.4       -.2      21.4
       -.8       5.0       -.4      15.3
       -.9       5.0       -.6      13.3
 64302  -.838516  -.069876  -.540377
  49315.1  10347.9      9.9     28.4    -13.0     28.9
      9.8     71.6    -13.0     57.7  26282.4  27317.9
      -7.9      63.8      -6.0      42.6
      -1.0      10.5       -.6      21.5
       -.6       5.0       -.2      15.8
       -.7       5.0       -.4      14.3
 64303  -.863216  -.064741  -.500666
  53140.5   9982.7     10.1     28.1    -13.0     28.9
      9.9     71.3    -13.0     57.7  29392.7  30174.5
      -9.8      67.7      -7.3      42.8
      -1.0      11.6       -.4      22.3
       -.7       5.0       -.1      16.4
       -.7       5.0       -.2      14.2
 64304  -.882965  -.060202  -.465563
  57146.6   9755.9     10.1     28.1    -13.0     28.9
     10.0     71.2    -13.0     57.7  31924.2  33003.7
      -4.9      66.1      -6.6      41.9
      -1.1      11.7       -.5      22.6
       -.7       5.0       -.1      16.7
       -.7       5.0       -.4      15.2
 64305  -.898927  -.056183  -.434481
  61012.3   9622.0      9.8     28.1    -13.0     28.9
      9.9     71.0    -13.0     57.7  34635.9  35660.6
      -8.5      66.2      -7.8      42.7
      -1.0      14.0       -.5      22.5
       -.7       5.0        .3      16.9
       -.7       5.0       -.2      14.8
 64306  -.911966  -.052613  -.406877
  65244.0   9448.1     10.1     27.8    -13.0     28.9
     10.0     70.8    -13.0     57.7  37177.5  38438.3
      -5.2      69.8      -7.1      40.9
      -1.0      14.9       -.7      22.4
       -.7       5.0       -.1      17.2
       -.7       5.0       -.3      15.8
 64307  -.922727  -.049432  -.382272
  69411.7   9351.2     10.0     27.7    -13.0     28.9
     10.0     70.8    -13.0     57.7  39982.3  41169.2
      -6.5      69.9      -9.0      40.4
      -1.1      16.0       -.6      22.5
       -.6       5.0       -.3      17.1
       -.7       5.0       -.2      15.1
 64308   .806111  -.362750  -.467544
  56575.4   9650.5     10.4     43.3    -13.0     28.9
      9.8     23.3    -13.0     57.7  31141.6  32161.5
      -2.3      57.9       6.3      40.8
       -.5      26.1        .5      22.2
       -.4      17.2        .0      17.1
       -.8      14.4        .0      15.9
 64309   .774912  -.387456  -.499388
  52912.6   9944.5     10.4     43.3    -13.0     28.9
      9.8     23.9    -13.0     57.7  28754.6  29644.9
      -3.3      60.0       7.0      41.5
      -1.2      26.6        .7      23.0
       -.9      17.4        .4      16.7
       -.6      14.6        .4      14.9
 64310   .736803  -.414452  -.534182
  49678.4  10358.5     10.4     43.3    -13.0     28.9
      9.7     24.4    -13.0     57.7  26729.7  27514.8
      -2.9      60.1       7.1      42.0
      -1.4      26.9        .8      21.8
       -.9      17.5        .4      16.2
      -1.0      14.8        .5      15.0
 64311   .690099  -.443635  -.571796
  46491.6  10967.4     10.4     43.3    -13.0     28.9
      9.8     24.9    -13.0     57.7  24667.7  25518.4
      -3.6      61.9       7.8      43.8
      -1.1      27.2        .6      22.4
       -.7      18.0        .5      15.8
       -.5      14.8        .3      13.9
 64312   .632842  -.474632  -.611748
  43366.6  11683.9     10.4     43.3    -13.0     28.9
      9.8     25.5    -13.0     57.7  22524.1  23460.5
      -2.6      58.1       5.9      42.8
      -1.1      27.3        .5      20.0
       -.7      17.9        .2      14.4
       -.8      14.9        .4      13.1
 64313   .562936  -.506642  -.653006
  40863.4  12942.5     10.4     43.3    -13.0     28.9
      9.7     26.2    -13.0     57.7  21273.9  21915.9
      -3.9      57.1       5.4      45.5
      -1.1      28.0        .9      20.8
       -.7      18.1        .4      14.1
       -.6      15.3        .1      12.4
 64314   .478468  -.538276  -.693778
  38421.3  14606.3     10.4     43.3    -13.0     28.9
      9.8     26.9    -13.0      6.9  19442.3  20314.1
      -3.1      58.5       5.1      42.2
       -.1      27.4        .1      17.5
       -.7      18.5        .2      12.0
       -.7      15.1        .2      10.6
 64315   .378295  -.567442  -.731370
  36513.3  16720.8     10.4     43.3    -13.0     28.9
     10.2     27.1    -12.7     15.2  18581.8  19195.1
      -3.0      54.1       3.4      44.0
       -.7      27.7        .5      17.4
       -.7      18.5        .3      11.5
      -1.0      15.3        .3       9.7
 64316   .262862  -.591440  -.762300
  35323.0  18225.2     10.4     43.3    -12.5      5.4
      9.6     27.6    -12.9     27.3  17719.2  18530.6
      -3.8      58.8       3.9      44.7
      -1.0      28.1        .3      13.9
       -.6      18.8        .3       8.9
       -.5      15.3        .2       7.3
 64317   .134975  -.607388  -.782855
  34549.1  17919.6     10.4     43.3    -12.9     10.5
     10.0     27.4    -12.9     39.3  17377.4  17971.7
      -6.1      57.2       2.9      45.4
      -1.6      28.0        .5       9.3
       -.6      18.5        .2       5.2
       -.7      15.4        .2       4.3
 64318   .000000  -.612997  -.790085
  34222.6  17755.9     10.4     43.3    -13.0     22.3
      9.4     27.6    -13.0     50.9  17359.1  17959.7
      -4.9      55.5        .7      61.6
       -.6      27.9        .2       9.7
       -.9      18.1        .3       3.0
       -.9      15.0        .2       3.0
 64319  -.067953  -.611580  -.788259
  34525.9  17909.5     10.4     43.3    -13.0     26.7
      9.5     27.6    -13.0     55.4  17334.7  18026.1
      -5.9      57.5       4.7      75.9
      -1.8      27.9        .6      16.5
       -.9      18.4        .2       3.0
       -.8      14.9        .0       3.0
 64320  -.134975  -.607388  -.782855
  34790.4  18010.5     10.4     43.3    -12.6     22.4
     10.0     27.6    -12.6     51.2  17379.5  18083.1
      -8.0      58.7       1.3      67.4
      -1.0      28.1        .1       9.0
       -.8      18.5        .0       3.0
       -.9      15.0        .0       3.0
 64321  -.200196  -.600588  -.774091
  35077.5  18342.3     10.4     43.3    -12.8     16.6
      9.7     27.4    -12.8     45.4  17910.9  18477.0
      -6.4      57.5      -1.8      60.4
       -.6      27.9        .1       7.2
       -.8      18.7        .1       3.3
      -1.0      15.2       -.1       3.0
 64322  -.262862  -.591440  -.762300
  35472.3  18509.8     10.4     43.3    -13.1     10.8
      9.7     27.3    -13.1     39.4  17829.0  18489.2
      -5.6      57.7      -4.3      48.3
       -.9      27.8       -.1       8.8
       -.8      18.3       -.1       5.1
      -1.0      15.2       -.1       4.2
 64323  -.322373  -.580271  -.747905
  36234.4  18732.7     10.4     43.3    -13.0      5.4
      9.8     27.2    -12.8     33.3  18298.7  19019.2
      -5.9      61.8      -2.6      45.7
      -1.1      27.9       -.1      11.1
       -.8      18.7        .0       6.8
       -.8      15.1        .0       5.6
 64324  -.378295  -.567442  -.731370
  36794.9  18882.4     10.4     43.3    -13.1      4.9
      9.6     27.1    -12.7     27.1  18871.9  19498.7
      -3.9      56.0      -1.4      45.4
      -1.1      27.8        .0      13.4
       -.6      18.2        .0       8.7
       -.8      15.0        .0       7.1
 64325  -.430364  -.553325  -.713175
  37535.2  18699.5     10.4     43.3    -13.0     28.9
      9.2     26.8    -12.8     21.0  19145.0  19879.5
      -6.5      59.0      -3.3      44.4
      -1.0      27.3       -.2      15.6
       -.4      18.3        .2      10.3
       -.8      15.2        .0       8.3
 64326  -.478468  -.538276  -.693778
  38674.5  17826.4     10.4     43.3    -13.0     28.9
      9.8     26.5    -12.9     15.1  19974.8  20577.5
      -7.4      60.2      -3.3      43.7
      -1.1      27.4       -.3      17.2
       -.6      18.2        .1      11.2
       -.7      15.0        .0       9.5
 64327  -.562936  -.506642  -.653006
  41009.5  15760.1     10.4     43.3    -13.0     28.9
     10.0     26.1    -13.1      6.9  20738.6  21972.3
      -8.4      59.0      -4.3      42.9
      -1.3      27.1       -.4      16.7
       -.7      18.3        .0      11.6
       -.6      15.0        .1       9.9
 64328  -.632842  -.474632  -.611748
  43677.2  13933.6     10.4     43.3    -13.0     28.9
      9.8     25.4    -13.0     57.7  23289.6  23813.2
      -6.8      55.8      -6.3      46.4
      -1.2      27.1       -.4      20.0
       -.5      17.8       -.1      13.3
       -.5      14.8        .1      11.6
 64329  -.690099  -.443635  -.571796
  46678.3  12603.1     10.4     43.3    -13.0     28.9
     10.0     24.8    -13.0     57.7  24727.4  25469.7
      -6.3      61.0      -5.6      44.5
      -1.3      27.3       -.5      19.5
       -.7      17.9        .0      13.6
       -.8      14.7       -.1      12.2
 64330  -.736803  -.414452  -.534182
  49796.0  11778.2     10.4     43.3    -13.0     28.9
      9.9     24.4    -13.0     57.7  26953.6  28091.0
      -9.3      58.1      -6.0      44.6
       -.9      26.8        .0      21.5
       -.5      17.7        .0      15.2
       -.6      14.6        .2      13.2
 64331  -.774912  -.387456  -.499388
  53019.6  11198.0     10.4     43.3    -13.0     28.9
      9.7     23.7    -13.0     57.7  29152.1  30077.1
      -6.9      61.9      -5.0      41.3
      -1.2      26.3       -.4      21.0
      -1.1      17.2       -.3      15.3
       -.8      14.6       -.1      14.0
 64332  -.806111  -.362750  -.467544
  56690.1  10736.2     10.4     43.3    -13.0     28.9
      9.8     23.3    -13.0     57.7  31301.4  32247.7
      -9.8      59.2      -6.3      44.5
      -1.1      26.1       -.7      21.7
       -.6      17.3        .0      16.1
       -.5      14.3        .0      14.3
 64333  -.831783  -.340275  -.438577
  60406.0  10369.9     10.4     43.3    -13.0     28.9
     10.0     22.9    -13.0     57.7  33673.2  34987.0
      -7.5      57.1      -4.1      39.5
      -1.5      25.8       -.3      21.9
       -.6      17.0       -.2      15.8
       -.5      14.4       -.2      15.1
 64334  -.853040  -.319890  -.412303
  64265.3  10133.1     10.4     43.3    -13.0     28.9
     10.0     22.3    -13.0     57.7  36498.9  37441.9
      -9.4      60.9      -6.1      41.3
       -.8      25.8       -.6      22.5
       -.6      17.1        .2      16.8
       -.4      14.4        .0      14.7
 64335  -.870759  -.301417  -.388493
  68468.2   9939.0     10.4     43.3    -13.0     28.9
      9.9     21.9    -13.0     57.7  38897.1  39987.8
      -8.7      64.6      -6.7      41.9
       -.9      25.7       -.4      22.4
       -.5      17.1       -.1      17.3
       -.9      14.3        .1      15.6
 64336  -.885633  -.284668  -.366905
  72141.1   9699.1     10.4     43.3    -13.0     28.9
      9.7     21.7    -13.0     57.7  41468.1  43133.2
      -7.6      61.2      -5.6      38.4
      -1.0      25.2       -.6      22.8
       -.8      16.7        .0      17.1
       -.5      14.3        .2      15.1
 64337   .467453  -.841416  -.271123
  98271.3  14051.2     10.4     43.3    -13.0     28.9
     10.4     86.6    -13.0     57.7  58760.2  60552.4
      -8.4      55.4       9.9      44.1
       -.7      22.9        .6      18.4
      -1.0      17.1        .2      12.5
       -.6      15.6        .1      10.7
 64338   .429723  -.859446  -.276932
  96299.7  14080.7     10.4     43.3    -13.0     28.9
     10.4     86.6    -13.0     57.7  56450.3  58114.9
     -10.2      55.4      10.8      49.6
      -1.1      22.0        .5      19.3
       -.6      17.3        .1      12.9
       -.9      15.7        .4      11.0
 64339   .389600  -.876600  -.282460
  94486.4  13854.1     10.4     43.3    -13.0     28.9
     10.4     86.6    -13.0     57.7  55793.0  57400.1
      -7.9      46.5       9.2      49.0
      -1.5      22.8       1.1      17.7
       -.9      17.4        .4      11.1
       -.7      15.8        .2       9.5
 64340   .347131  -.892622  -.287623
  92913.4  13787.6     10.4     43.3    -13.0     28.9
     10.4     86.6    -13.0     57.7  54827.2  56930.5
      -6.6      49.6      10.6      55.6
       -.9      22.1        .7      18.3
       -.9      17.5        .4      11.7
       -.9      16.0        .3       9.7
 64341   .302414  -.907242  -.292333
  91441.9  13556.8     10.4     43.3    -13.0     28.9
     10.4     86.6    -13.0     57.7  53509.3  55131.1
      -8.9      51.6      10.4      55.3
      -1.1      22.4        .8      16.9
       -.6      17.7        .2      10.1
      -1.0      16.2        .3       8.4
 64342   .255608  -.920190  -.296506
  90128.5  13388.4     10.4     43.3    -13.0     28.9
     10.4     86.6    -13.0     57.7  53627.6  54667.8
     -10.2      49.6       9.5      57.8
      -1.2      22.6       1.0      17.7
      -1.2      17.8        .5      10.2
      -1.0      16.0        .4       8.1
 64343   .206935  -.931206  -.300055
  89205.6  13159.8     10.4     43.3    -13.0     28.9
     10.4     86.6    -13.0     57.7  52442.3  54159.3
      -9.3      51.5      11.9      61.5
       -.8      22.4        .5      17.3
      -1.0      17.8        .2       8.8
       -.7      15.8        .2       6.9
 64344   .156676  -.940054  -.302906
  88721.8  13129.4     10.4     43.3    -13.0     28.9
     10.4     86.6    -13.0     10.3  51323.1  53891.9
     -10.7      55.8       8.0      69.2
      -1.7      23.0        .9      17.4
       -.9      17.9        .2       8.3
      -1.0      16.2        .3       6.4
 64345   .105170  -.946530  -.304993
  87903.0  12990.5     10.4     43.3    -13.0     28.9
     10.4     86.6    -13.1     23.6  51597.1  53591.6
      -8.4      50.6       6.8      68.2
      -1.3      22.6        .2      16.8
      -1.0      17.4        .3       6.8
       -.8      16.0        .1       5.2
 64346   .052804  -.950480  -.306266
  87861.2  12978.7     10.4     43.3    -13.2      8.3
     10.4     86.6    -13.1     37.0  51074.1  53011.7
     -13.2      54.1       5.7      79.9
      -1.3      22.3        .9      19.3
       -.7      17.2        .2       4.9
      -1.2      16.0        .2       3.1
 64347   .000000  -.951808  -.306694
  87628.0  12891.2     10.4     43.3    -13.6     21.1
     10.4     86.6    -13.5     49.6  51775.6  52924.6
      -9.6      49.8       8.8      94.6
      -1.8      22.6       1.7      33.0
      -1.2      17.6        .2       6.2
      -1.0      15.7        .2       3.0
 64348  -.026430  -.951476  -.306587
  87665.7  12907.3     10.4     43.3    -13.1     26.3
     10.4     86.6    -13.1     54.7  50841.6  52290.6
      -9.6      52.7       8.8     103.1
      -1.3      22.2       2.2      46.1
       -.8      17.4        .6      14.2
      -1.3      15.8       -.2       3.1
 64349  -.052804  -.950480  -.306266
  88010.4  12947.4     10.4     43.3    -12.0     21.4
     10.4     86.6    -12.0     50.0  51011.7  52720.8
     -11.2      51.6       8.4      94.9
      -1.7      22.3       1.4      33.3
      -1.2      17.8        .1       6.4
      -1.0      15.9        .1       3.0
 64350  -.079069  -.948828  -.305734
  87845.0  12955.2     10.4     43.3    -12.5     15.1
     10.4     86.6    -12.6     43.7  51922.5  53329.2
      -8.3      51.1      10.5      88.0
      -1.4      22.6        .7      25.7
      -1.0      17.7        .0       4.8
       -.8      15.8        .1       3.0
 64351  -.105170  -.946530  -.304993
  87853.6  13027.7     10.4     43.3    -12.6      8.6
     10.4     86.6    -12.6     37.2  51559.4  52916.8
     -10.6      52.2       2.4      77.6
      -1.6      22.5       -.1      19.8
       -.7      17.3        .1       4.3
       -.9      16.0        .0       3.0
 64352  -.131055  -.943599  -.304049
  88655.7  13058.9     10.4     43.3    -12.8      2.3
     10.4     86.6    -12.7     30.6  51630.4  53287.0
     -10.3      54.0       2.1      75.5
       -.9      22.5        .5      17.7
      -1.1      17.8       -.1       5.6
      -1.1      16.0        .0       4.0
 64353  -.156676  -.940054  -.302906
  88794.8  13154.4     10.4     43.3    -13.0     28.9
     10.4     86.6    -13.2     23.9  52001.4  53161.2
     -10.3      51.7       1.8      71.4
      -1.4      22.5        .2      17.5
      -1.0      17.9        .0       6.8
      -1.0      15.8        .0       5.2
 64354  -.181983  -.935915  -.301572
  88894.8  13088.0     10.4     43.3    -13.0     28.9
     10.4     86.6    -12.7     17.3  52084.7  53768.5
     -11.6      52.1        .5      71.7
      -1.3      22.3        .1      17.5
      -1.0      17.7        .1       7.7
       -.9      16.0        .0       5.9
 64355  -.206935  -.931206  -.300055
  89421.5  13233.7     10.4     43.3    -13.0     28.9
     10.4     86.6    -12.8     10.6  52718.3  54192.9
      -8.8      48.7       -.4      66.6
      -1.3      22.2        .1      17.0
       -.7      17.5       -.1       8.2
       -.7      15.9        .1       6.4
 64356  -.255608  -.920190  -.296506
  90251.4  13323.4     10.4     43.3    -13.0     28.9
     10.4     86.6    -13.0     57.7  53786.8  54673.1
     -11.2      53.5        .4      64.7
      -1.3      22.3       -.1      17.8
       -.8      17.7       -.1       8.7
       -.7      16.0        .1       7.0
 64357  -.302414  -.907242  -.292333
  91655.4  13588.4     10.4     43.3    -13.0     28.9
     10.4     86.6    -13.0     57.7  54212.9  55699.3
     -10.4      50.0      -1.2      62.2
      -1.2      22.8        .0      17.1
       -.8      17.3       -.2      10.0
      -1.1      15.9       -.1       8.1
 64358  -.347131  -.892622  -.287623
  93000.1  13723.2     10.4     43.3    -13.0     28.9
     10.4     86.6    -13.0     57.7  54678.9  56279.7
     -10.6      51.0       -.8      56.2
      -1.4      22.2       -.1      17.0
       -.7      17.4        .0      10.0
       -.7      15.7        .0       8.1
 64359  -.389600  -.876600  -.282460
  94725.9  13960.3     10.4     43.3    -13.0     28.9
     10.4     86.6    -13.0     57.7  55782.0  57393.1
     -13.6      54.7      -3.7      57.0
      -1.5      22.2       -.6      18.8
       -.7      17.3        .1      11.4
       -.5      15.6        .1       9.5
 64360  -.429723  -.859446  -.276932
  96340.6  14216.2     10.4     43.3    -13.0     28.9
     10.4     86.6    -13.0     57.7  56608.0  58517.9
     -11.0      50.5      -1.5      55.8
      -1.2      22.4        .1      17.9
       -.8      17.1        .0      11.0
      -1.1      15.6       -.1       9.4
 64361  -.467453  -.841416  -.271123
  98364.6  14372.7     10.4     43.3    -13.0     28.9
     10.4     86.6    -13.0     57.7  58577.6  60166.3
     -11.9      50.3      -1.9      50.8
      -1.5      22.4       -.5      19.1
       -.5      17.0        .2      12.8
       -.8      15.7        .0      10.9
 64362  -.502792  -.822750  -.265108
 100745.4  14407.4     10.4     43.3    -13.0     28.9
     10.4     86.6    -13.0     57.7  60473.1  62195.1
     -10.0      51.1      -3.4      46.7
      -1.3      22.0       -.4      18.5
       -.8      16.7        .0      12.1
       -.6      15.3       -.1      10.5
 64363  -.535778  -.803668  -.258960
 103036.4  14412.8     10.4     43.3    -13.0     28.9
     10.4     86.6    -13.0     57.7  62071.4  63796.2
     -12.1      53.2      -6.0      44.6
      -1.6      22.3       -.3      20.4
       -.9      17.0       -.1      13.8
       -.6      15.4        .0      11.8
 64364  -.566482  -.784360  -.252738
 105412.6  14291.6     10.4     43.3    -13.0     28.9
     10.4     86.6    -13.0     57.7  62924.6  64811.5
     -12.3      53.9      -2.2      43.6
      -1.2      22.1       -.2      19.1
       -.8      16.6       -.1      13.2
      -1.0      15.1       -.2      11.9
 64365  -.594996  -.764995  -.246498
 107692.2  13908.4     10.4     43.3    -13.0     28.9
     10.4     86.6    -13.0     57.7  65393.6  67019.0
      -9.7      51.7      -2.9      41.3
      -1.3      21.6       -.3      20.4
       -.7      16.5        .0      14.3
       -.6      15.0       -.1      12.8
