CMSSW:@-200V,3.8T@90d,263K,rhe=0.9423[mu=0.090],rhh=0.7,0.00/0.00               
  2423   1  3.80  60   5  29   0  200.00  263.00     .00 1.00000  1000.0    -.49   97.83  150.000  100.000  285.000  1000.0    -.24   48.91    1.50    1.00     .85
 63601   .000000   .000000 -1.000000
  26617.5  19844.5      1.0     41.0     48.7      7.2
      1.0     84.0     48.8     35.2  12922.0  13440.0
       3.4      72.2       -.6      36.0
      -1.0      11.4       -.4      10.8
        .2       5.0       -.3       7.1
        .2       5.0       -.3       6.0
 63602   .000000  -.130455  -.991454
  26902.8  19980.4       .0     34.4     48.7      7.1
      -.1     77.5     48.9     35.2  12663.0  13248.4
      -2.3      60.2        .3      39.8
       -.3       7.0       -.4      10.8
        .0       5.0       -.2       7.3
       -.1       5.0       -.2       5.9
 63603   .000000  -.254493  -.967075
  27596.8  20550.6       .1     25.8     48.8      7.0
       .1     68.9     48.9     34.9  13406.4  13841.6
      -5.4      52.3       1.8      40.4
       -.2       8.7       -.5      10.8
        .0       5.5       -.1       7.2
        .1       5.0       -.2       6.0
 63604   .000000  -.367167  -.930155
  28667.5  21075.2      -.2     17.3     48.8      6.8
      -.4     60.2     48.6     34.9  13846.3  14534.0
      -4.9      50.6       -.1      46.2
        .2      13.0       -.2      11.0
        .1       8.3       -.2       7.1
        .0       7.1       -.3       5.9
 63605   .000000  -.465746  -.884918
  29865.8  21166.8      -.3      9.5     48.8      6.6
       .1     51.2     48.9     34.4  14575.0  15118.4
      -4.1      45.8       1.0      39.8
       -.3      16.6       -.4      11.1
        .0      10.7       -.2       6.8
        .2       9.1       -.2       5.8
 63606   .000000  -.549617  -.835417
  31651.4  20578.4      -.7      7.5     48.8      6.4
      -.6     41.9     48.7     34.3  15654.6  16120.1
      -6.2      52.9        .6      42.8
       -.4      21.6       -.3      10.8
       -.1      14.1       -.2       6.9
       -.1      11.4       -.3       5.8
 63607   .000000  -.619644  -.784883
  33840.7  19116.2      -.2     43.3     48.9      6.1
      -.3     32.5     48.8     33.9  16950.8  17456.4
      -5.4      59.4       1.5      45.1
       -.1      26.8       -.1      10.9
        .0      17.8       -.3       6.9
        .0      14.4       -.2       5.6
 63608   .000000  -.677476  -.735545
  35933.3  17445.1      -.2     43.3     48.9      5.7
      -.3     23.2     48.8     33.8  17975.9  18846.4
      -7.7      58.5       1.0      45.9
       -.2      28.1       -.2      11.2
       -.4      18.8       -.2       6.6
       -.2      15.4       -.2       5.4
 63609   .000000  -.724999  -.688749
  38527.0  16572.2      -.2     43.3     48.9      5.5
      -.1     14.3     49.0     33.2  19994.9  20444.6
      -7.2      57.0        .9      48.6
       -.4      26.5       -.4      10.7
        .1      17.6       -.1       6.4
        .0      15.3       -.2       5.4
 63610   .000000  -.764030  -.645181
  41047.7  15756.2      -.2     43.3     48.9      5.2
      -.1      9.2     48.8     33.1  21135.1  21764.9
      -7.7      51.6       1.5      52.6
       -.3      22.9       -.3      10.9
        .1      17.4       -.2       6.4
       -.1      16.3       -.1       5.3
 63611   .000000  -.796162  -.605083
  43432.8  15110.7      -.2     43.3     49.0      4.9
      2.7     12.9     49.0     33.0  22718.8  23725.8
      -7.2      51.5        .4      49.8
       -.3      23.0       -.4      11.4
        .0      18.0       -.3       6.2
       -.2      17.3       -.2       5.1
 63612   .000000  -.822730  -.568432
  46469.1  14760.6      -.2     43.3     48.7      4.7
      -.2     86.6     48.8     32.8  24446.4  25410.9
      -8.9      50.4       1.4      51.2
       -.8      23.3       -.5      11.9
       -.2      17.5       -.3       6.2
       -.3      16.5       -.2       5.0
 63613   .000000  -.844819  -.535052
  49207.4  14415.8      -.2     43.3     49.2      4.3
      -.2     86.6     48.9     32.5  26471.4  27562.2
      -7.4      50.7       1.1      51.0
       -.5      21.6       -.4      11.9
        .1      16.0       -.3       6.0
        .1      14.5       -.2       4.9
 63614   .000000  -.863297  -.504697
  52386.3  14240.7      -.2     43.3     48.9      4.2
      -.2     86.6     48.8     32.2  28415.1  29230.7
      -8.2      52.8       1.1      58.8
        .0      22.5       -.3      11.6
       -.1      17.3       -.2       5.9
        .1      15.9       -.1       4.7
 63615   .000000  -.878853  -.477092
  55249.2  13947.5      -.2     43.3     49.0     11.3
      -.2     86.6     49.0     32.2  29851.4  30993.9
      -8.3      52.0       2.1      61.9
       -.6      23.7       -.3      12.6
       -.1      18.8       -.2       5.9
       -.2      18.3       -.1       4.6
 63616   .000000  -.892036  -.451965
  58458.6  13785.0      -.2     43.3     48.7     11.6
      -.2     86.6     48.7     31.9  32361.5  33471.4
      -9.5      52.6       1.6      62.4
       -.6      23.6       -.3      12.0
       -.6      18.1       -.2       5.8
       -.4      17.2       -.1       4.6
 63617   .000000  -.903278  -.429057
  61694.7  13650.6      -.2     43.3     49.0      3.7
      -.2     86.6     49.2     31.7  33663.9  35190.8
      -9.9      51.7       1.7      60.5
       -.2      22.4       -.3      14.2
       -.3      16.8       -.1       5.9
       -.3      15.2       -.2       4.4
 63618   .000000  -.912924  -.408131
  64598.8  13562.2      -.2     43.3     48.9      3.5
      -.2     86.6     49.2     31.5  36321.2  37461.5
     -11.4      49.4       2.8      63.2
       -.9      22.8       -.1      14.4
       -.1      17.7       -.1       5.7
       -.4      16.4       -.2       4.4
 63619   .000000  -.921250  -.388972
  68108.2  13428.3      -.2     43.3     49.0      3.3
      -.2     86.6     49.0     31.5  38264.3  39623.9
      -9.5      50.8       2.6      64.4
       -.5      24.3       -.1      15.4
       -.1      19.7       -.1       5.7
       -.1      18.8       -.2       4.2
 63620   .000000  -.928477  -.371391
  70973.8  13371.8      -.2     43.3     49.0      3.2
      -.2     86.6     49.3     31.4  41156.0  41843.7
     -11.7      53.2       1.2      65.6
      -1.1      23.5       -.4      14.4
       -.6      18.6       -.2       5.6
       -.4      17.8       -.2       4.2
 63621   .000000  -.934784  -.355218
  74345.7  13270.5      -.2     43.3     49.1      3.1
      -.2     86.6     49.3     31.2  42406.0  43685.9
     -11.7      55.3      -1.1      67.0
       -.2      22.8       -.2      15.8
       -.3      17.6       -.2       5.6
       -.5      15.6       -.2       4.1
 63622   .000000  -.940315  -.340305
  77469.7  13274.3      -.2     43.3     49.0      3.0
      -.2     86.6     49.1     31.3  44609.4  45692.4
     -11.4      50.8       -.1      70.5
       -.7      23.2       -.4      16.1
       -.2      18.3       -.1       5.4
       -.2      16.7       -.1       4.1
 63623   .000000  -.945190  -.326520
  80675.3  13207.9      -.2     43.3     49.1      2.9
      -.2     86.6     49.4     31.0  46579.1  48044.9
     -12.7      51.4       -.4      72.9
       -.6      24.2       -.4      17.2
       -.2      20.1       -.2       5.6
       -.5      19.3       -.1       4.1
 63624   .000000  -.949506  -.313750
  84100.4  13235.9      -.2     43.3     49.2      2.8
      -.2     86.6     49.3     31.0  48720.3  50253.9
     -10.7      53.2       2.1      74.2
       -.8      23.6       -.5      17.9
       -.6      19.1       -.3       5.9
       -.3      18.2       -.2       4.0
 63625   .000000  -.953342  -.301892
  87124.9  13168.5      -.2     43.3     49.0      2.7
      -.2     86.6     49.4     30.9  51895.3  53252.2
      -9.9      50.7        .4      77.8
       -.9      22.6       -.1      17.4
       -.6      17.5       -.2       5.6
       -.5      16.1       -.2       3.9
 63626   .000000  -.956767  -.290857
  90873.8  13192.7      -.2     43.3     49.2      2.6
      -.2     86.6     49.3     30.9  53019.0  54419.9
     -11.2      49.6       1.7      80.0
       -.5      23.0       -.2      18.7
       -.3      18.8       -.1       5.9
       -.6      16.9       -.2       3.9
 63627   .000000  -.959834  -.280567
  94113.0  13217.6      -.2     43.3     49.5     12.5
      -.2     86.6     49.0     30.8  55957.8  57479.9
     -11.8      55.2       -.2      83.1
       -.4      24.3       -.1      19.7
       -.5      20.2       -.1       5.4
       -.4      19.1       -.2       3.8
 63628   .000000  -.962593  -.270952
  97395.1  13138.9      -.2     43.3     49.2      2.5
      -.2     86.6     49.5     30.6  58472.6  60187.9
     -12.0      49.5       4.1      82.8
      -1.0      23.8       -.2      21.3
       -.1      19.1       -.1       5.7
       -.7      18.3       -.2       3.7
 63629   .000000  -.965081  -.261951
 100793.5  13109.1      -.2     43.3     49.3      2.4
      -.2     86.6     49.2     30.6  60504.2  62173.2
     -12.3      51.7       3.1      79.9
       -.9      22.7       -.1      20.5
       -.6      17.7       -.1       5.9
       -.3      16.3       -.2       3.8
 63630   .000000  -.967333  -.253508
 103970.8  13086.8      -.2     43.3     48.7     17.1
      -.2     86.6     49.2     30.5  62176.0  63809.8
     -12.7      50.4       2.4      86.0
       -.7      22.9        .0      22.2
       -.7      18.4       -.2       5.2
       -.7      17.1       -.3       3.8
 63631   .000000  -.969377  -.245576
 107506.1  13084.8      -.2     43.3     49.2      2.2
      -.2     86.6     49.6     30.5  64670.8  65991.2
     -11.0      51.5       2.5      81.6
       -.9      24.7       -.1      23.5
       -.2      20.4       -.2       5.6
       -.1      19.5       -.1       3.9
 63632   .000000  -.971238  -.238110
 111074.1  13259.3      -.2     43.3     49.3      2.1
      -.2     86.6     49.1     30.3  67023.6  68752.9
      -9.1      47.7       2.2      85.5
      -1.0      24.7        .0      23.2
       -.2      19.2       -.2       5.8
       -.4      18.1       -.1       3.8
 63633   .000000  -.972937  -.231072
 114108.7  13079.8      -.2     43.3     49.3      2.1
      -.2     86.6     49.6     30.4  68607.8  70517.7
     -11.2      52.2      -1.1      90.4
       -.7      23.5       -.5      24.4
       -.4      17.9       -.1       5.8
       -.5      16.6       -.2       3.7
 63634   .000000  -.974491  -.224428
 117204.4  13096.2      -.2     43.3     48.8     17.6
      -.2     86.6     49.5     30.3  71566.1  73317.8
     -12.6      54.9       2.7      86.2
      -1.0      22.8       -.2      25.8
       -.1      18.7       -.1       6.7
        .0      17.2       -.2       3.7
 63635   .000000  -.975916  -.218146
 121082.1  13156.3      -.2     43.3     49.4      2.0
      -.2     86.6     49.4     30.3  73304.9  75781.6
     -10.9      50.7        .3      94.0
      -1.2      24.7        .0      25.5
       -.4      20.3       -.3       6.8
       -.2      19.9       -.1       4.1
 63636   .000000  -.977227  -.212198
 124380.4  13060.0      -.2     43.3     49.5      2.0
      -.2     86.6     49.3     30.1  76345.5  77949.5
      -9.7      52.2      -1.2      89.9
       -.9      24.2       -.2      27.1
       -.4      19.6       -.1       6.7
       -.4      18.4       -.1       3.6
 63637   .000000  -.978434  -.206558
 127944.7  13051.8      -.2     43.3     49.3      2.0
      -.2     86.6     49.6     30.2  77859.6  80139.0
     -10.3      47.4       2.8      91.6
      -1.2      22.8       -.3      28.7
       -.3      18.1       -.2       6.4
       -.5      16.5       -.2       3.5
 63638   .000000  -.979549  -.201205
 131377.0  13106.5      -.2     43.3     49.4      1.9
      -.2     86.6     49.7     29.9  81099.3  82789.3
     -11.9      54.3       1.9      97.2
      -1.4      24.0        .5      27.8
       -.8      18.5       -.1       7.2
       -.6      17.3       -.1       3.9
 63639   .000000  -.980581  -.196116
 134647.3  13244.5      -.2     43.3     49.4      1.8
      -.2     86.6     49.7     30.1  82052.3  84189.6
     -11.8      51.8        .8     100.2
      -1.0      25.5       -.1      28.6
       -.3      20.7       -.1       6.6
       -.5      19.7       -.2       3.4
 63640   .000000  -.981537  -.191274
 137957.2  13076.2      -.2     43.3     49.5      1.8
      -.2     86.6     49.7     29.9  85206.3  87321.5
     -11.1      55.8       1.1      99.5
       -.9      24.0       -.1      27.7
        .0      19.5        .0       6.2
       -.1      18.5       -.1       4.0
 63641   .000000  -.982424  -.186661
 141331.3  13074.7      -.2     43.3     49.5      1.8
      -.2     86.6     49.8     29.9  87805.1  89967.0
     -11.5      52.4      -2.7      93.7
      -1.0      23.0        .2      29.5
       -.2      18.0       -.1       6.8
        .1      16.4       -.1       3.9
 63642   .000000  -.983250  -.182261
 144816.9  13179.4      -.2     43.3     49.4      1.8
      -.2     86.6     49.8     30.1  90124.8  92334.7
     -11.3      48.2       2.6     102.3
      -1.2      23.6       -.1      29.7
       -.4      18.9        .0       8.3
       -.5      17.4       -.1       3.6
 63643   .000000  -.984020  -.178061
 148302.7  13124.9      -.2     43.3     49.5      1.6
      -.2     86.6     49.6     29.8  91808.6  94805.0
     -11.3      55.2       3.7      96.4
      -1.1      24.8        .0      31.4
       -.4      20.5       -.1       6.7
       -.8      19.7       -.2       3.4
 63644   .000000  -.984737  -.174047
 151975.8  13156.8      -.2     43.3     48.8     21.7
      -.2     86.6     49.8     29.9  94285.4  96732.9
     -11.5      51.0       -.2     103.6
      -1.4      25.2        .1      32.0
       -.4      19.6       -.2       7.9
       -.5      18.7       -.2       3.4
 63645   .000000  -.985408  -.170207
 155307.1  13120.6      -.2     43.3     49.5      1.6
      -.2     86.6     49.8     29.9  97720.9 100140.0
      -9.5      50.3       7.4     106.0
      -1.4      23.4        .4      32.5
       -.3      17.9       -.1       7.6
       -.1      16.3       -.1       4.7
 63646   .000000  -.986036  -.166531
 158538.0  13181.5      -.2     43.3     49.4      1.7
      -.2     86.6     49.6     29.8  98403.5 101787.8
     -12.4      54.9       3.2     103.1
      -1.2      24.1        .0      31.0
       -.1      18.6       -.1       7.5
       -.2      17.6       -.1       3.6
 63647   .000000  -.986625  -.163008
 162324.2  13097.4      -.2     43.3     49.6      1.5
      -.2     86.6     49.8     29.7 102666.6 104824.4
     -13.8      58.2       4.6      99.1
      -1.1      25.4        .6      33.8
       -.4      20.6       -.1       9.0
       -.2      19.9       -.1       3.7
 63648   .000000  -.987696  -.156385
 168823.9  13143.7      -.2     43.3     49.6      1.4
      -.2     86.6     49.8     29.6 106011.2 109139.1
     -11.8      48.4       1.6     111.0
      -1.3      23.5       -.3      33.9
       -.2      18.2        .1       9.6
       -.3      16.9        .0       4.1
 63649   .000000  -.988644  -.150274
 175942.1  13242.8      -.2     43.3     49.6      1.5
      -.2     86.6     49.7     29.7 111168.1 114237.8
      -9.6      46.3      -4.5     105.3
      -1.0      25.5        .4      35.8
       -.4      20.5       -.1       8.2
       -.6      20.0       -.1       4.2
 63650   .000000  -.989488  -.144617
 182946.9  13104.5      -.2     43.3     49.6      1.4
      -.2     86.6     50.1     29.5 116124.3 119455.2
      -9.6      48.2       4.8     109.0
      -1.2      23.6        .4      36.3
       -.4      18.1       -.1       9.3
       -.5      16.8       -.2       4.4
 63651   .000000  -.990241  -.139367
 189587.7  13189.1      -.2     43.3     49.3      8.9
      -.2     86.6     49.6     29.5 119817.9 123678.7
     -13.0      55.0      -1.7     112.8
      -1.5      25.5        .0      37.4
       -.1      20.9       -.2       9.8
       -.8      19.8       -.1       3.9
 63652   .000000  -.990916  -.134481
 196494.9  13234.9      -.2     43.3     49.7      1.3
      -.2     86.6     50.0     29.5 125806.6 128463.8
     -14.0      49.6       2.6     110.8
      -1.0      23.7        .2      37.4
       -.4      17.8       -.1      10.4
       -.3      16.9       -.1       3.9
 63653   .000000  -.991524  -.129924
 203558.2  13153.0      -.2     43.3     49.6      1.2
      -.2     86.6     49.7     29.4 129367.1 132675.8
      -7.5      54.4       4.7     113.9
      -1.8      26.5        .5      38.9
       -.3      20.9       -.1       9.7
       -.7      20.2        .0       5.2
 63654   .000000  -.992073  -.125663
 210641.1  13251.5      -.2     43.3     49.6      1.2
      -.2     86.6     49.8     29.2 133562.5 137162.9
     -11.4      53.3      -1.8     115.5
      -1.7      24.6        .2      41.0
       -.8      18.2       -.1      11.2
       -.1      16.6        .0       4.5
 63655   .000000  -.992571  -.121670
 217180.5  13277.2      -.2     43.3     49.6      1.2
      -.2     86.6     50.1     29.2 138459.9 142697.0
      -8.2      49.9      -3.7     119.5
      -1.8      25.9        .3      40.4
       -.6      20.6       -.1      10.5
        .1      20.2       -.3       4.2
 63656   .000000  -.993023  -.117921
 223887.8  13199.5      -.2     43.3     49.8      1.1
      -.2     86.6     50.1     29.2 146011.0 149058.2
     -12.9      54.7      -3.4     115.4
      -1.3      23.9       -.2      41.5
       -.7      18.0        .0      11.1
       -.1      16.9       -.1       5.0
 63657   .000000  -.993435  -.114396
 230707.9  13233.5      -.2     43.3     49.8      1.1
      -.2     86.6     50.1     29.2 149698.8 153224.3
     -10.0      43.2      -6.9     119.5
      -1.8      25.8        .0      44.8
       -.2      20.5       -.2      11.0
       -.3      19.6       -.3       6.0
 63658   .000000  -.993812  -.111073
 238049.9  13241.1      -.2     43.3     49.7      1.0
      -.2     86.6     50.1     29.3 153681.8 158544.8
     -11.0      47.4        .7     118.4
      -1.3      23.5        .0      43.9
       -.7      18.1       -.1      13.1
       -.3      16.6       -.3       6.2
 63659   .000000  -.994158  -.107937
 244603.3  13228.2      -.2     43.3     49.7      1.1
      -.2     86.6     50.0     29.2 160246.6 163794.5
      -6.7      42.1       4.4     116.3
      -1.5      25.2       -.3      44.1
       -.2      20.5        .0      13.0
       -.7      20.3       -.1       6.2
 63660   .000000  -.994475  -.104972
 251795.0  13286.2      -.2     43.3     49.8      1.0
      -.2     86.6     49.9     29.1 165829.9 169744.7
      -6.1      36.9      -8.1     128.5
      -1.2      22.9        .0      46.2
       -.5      18.2        .0      12.9
       -.5      16.8       -.2       4.7
 63661   .903278   .000000  -.429057
  61219.9  10936.7      -.2     40.4     48.9     28.9
      -.1     83.3     48.9     57.7  34319.7  35275.6
       2.3      83.9       8.8      43.0
        .8      31.7        .7      21.8
        .1       8.0        .1      16.1
        .3       5.0        .6      14.3
 63662   .887877   .000000  -.460082
  57055.5  11265.2       .1     40.4     48.9     28.9
       .1     83.3     48.9     57.7  31788.2  32676.3
      -4.2      81.3       8.6      41.3
        .7      27.1        .3      20.4
        .4       5.2        .4      14.5
        .2       5.0        .4      12.7
 63663   .868777   .000000  -.495203
  52914.3  11622.5       .1     40.5     48.9     28.9
       .1     83.5     48.9     57.7  29047.2  30029.4
       2.9      82.0       8.4      42.5
       -.7      26.1        .4      21.1
        .2       6.2        .5      15.1
        .2       5.0        .4      13.4
 63664   .844819   .000000  -.535052
  49363.3  12254.0      -.1     40.6     48.9     28.9
      -.1     83.5     48.9     57.7  26628.6  27456.9
       2.9      86.0       9.1      45.0
       2.4      23.8        .5      19.8
        .1       5.2        .1      13.8
        .4       5.0        .3      11.8
 63665   .814421   .000000  -.580275
  45618.5  13063.1      -.1     40.4     48.9     28.9
       .0     83.5     48.9     57.7  24461.9  25395.0
       1.5      76.7       7.3      45.2
        .5      20.8        .2      20.1
        .2       5.0        .4      13.9
        .4       5.0        .4      11.7
 63666   .775436   .000000  -.631426
  41976.3  14451.2       .3     40.5     48.9     28.9
       .3     83.6     52.3      4.9  21645.2  22484.7
      -2.1      77.2       9.0      44.7
       1.1      18.4        .2      18.7
        .4       5.0        .2      12.4
        .4       5.0        .2      10.4
 63667   .724999   .000000  -.688749
  38755.8  16359.7       .6     40.5     48.9     28.9
       .5     83.6     48.9      8.6  20294.1  20917.6
       -.9      76.9       8.4      46.8
       1.0      17.5        .7      17.4
        .4       5.0        .3      11.8
        .2       5.0        .3      10.0
 63668   .659438   .000000  -.751759
  35711.5  19763.9       .0     40.4     48.9     28.9
       .0     83.6     49.0     20.5  18090.4  18650.1
      -1.1      73.0       7.4      45.7
        .6      14.9        .4      16.1
        .1       5.0        .0      10.4
        .2       5.0        .2       8.7
 63669   .574426   .000000  -.818557
  33010.9  23939.5      -.2     40.5     49.1      4.9
      -.2     83.6     49.0     32.8  16456.1  17163.9
      -1.0      75.5      10.2      48.8
       -.8      11.4        .3      11.0
        .4       5.0        .2       7.1
        .3       5.0        .2       5.9
 63670   .465746   .000000  -.884918
  30586.8  25306.7      -.2     40.5     48.5     16.1
      -.1     83.7     48.6     44.8  15198.1  15812.9
      -1.7      76.2       8.7      53.6
       -.4      11.1        .3       6.8
        .3       5.0        .2       3.6
        .3       5.0        .2       3.0
 63671   .331088   .000000  -.943600
  28887.8  23696.9      -.3     40.4     48.7     26.0
      -.3     83.6     48.7     54.7  14085.1  14650.5
      -4.5      75.8      11.0      72.3
        .3      13.3       -.4       9.9
        .3       5.0       -.2       3.0
        .3       5.0       -.2       3.0
 63672   .254493   .000000  -.967075
  28120.4  23056.2       .0     40.6     49.4     22.9
       .0     83.7     49.4     51.6  13583.3  14222.0
       -.8      68.2       7.2      59.5
        .3      14.7       -.5       5.9
        .2       5.0       -.3       3.0
        .3       5.0       -.3       3.0
 63673   .172799   .000000  -.984957
  27415.0  22545.4      -.3     40.8     49.1     17.6
      -.3     83.8     49.1     46.3  13373.6  13713.7
       -.7      69.7       5.9      53.9
       -.2       9.6       -.5       6.1
        .0       5.0       -.2       3.3
        .4       5.0       -.3       3.0
 63674   .087384   .000000  -.996175
  27034.8  21579.4      -.2     40.7     48.8     12.2
      -.2     83.9     48.8     40.7  13034.3  13588.3
       4.0      72.3        .9      42.5
       -.2      11.4       -.4       8.8
        .2       5.0       -.6       5.4
        .3       5.0       -.3       4.4
 63675   .000000   .000000 -1.000000
  26972.4  19782.6       .0     40.9     48.8      7.2
       .0     84.0     48.9     34.9  12483.6  13337.3
       1.1      70.5        .7      40.0
       -.3       9.6       -.5      11.2
        .2       5.0       -.4       7.3
        .3       5.0       -.4       6.0
 63676  -.087384   .000000  -.996175
  26681.5  17593.6       .0     40.9     48.8      4.2
       .0     84.1     48.6     29.4  12580.4  13377.0
       2.9      69.4       -.7      37.6
       1.1      13.0       -.4      13.6
        .5       5.0       -.1       9.0
        .3       5.0       -.3       7.5
 63677  -.172799   .000000  -.984957
  26900.0  15314.4      -.2     40.9     48.9     28.9
      -.2     84.0     48.5     23.8  12629.0  13175.7
      -7.4      72.0      -1.1      40.2
       -.5      11.7       -.3      16.8
        .2       5.0        .0      11.2
        .2       5.0       -.3       9.3
 63678  -.254493   .000000  -.967075
  27343.1  13412.6       .5     40.9     48.9     28.9
       .5     84.1     48.6     18.2  13301.6  13777.2
       1.3      70.2      -1.2      41.2
        .7       9.3       -.8      19.0
        .6       5.0       -.1      12.5
        .4       5.0       -.5      10.6
 63679  -.331088   .000000  -.943600
  27849.6  12100.4       .4     41.0     48.9     28.9
       .4     84.1     48.7     13.0  13426.1  13934.5
        .3      66.3      -1.8      41.8
       -.8      13.2       -.8      20.0
        .1       5.0        .1      14.0
        .3       5.0       -.3      11.9
 63680  -.465746   .000000  -.884918
  29581.8  10285.6       .1     40.9     48.9     28.9
       .2     84.1     48.3      7.5  14063.5  14894.7
       2.9      69.3      -3.2      41.4
       -.1      10.1       -.7      20.5
       -.1       5.0       -.1      14.1
        .2       5.0       -.5      12.6
 63681  -.574426   .000000  -.818557
  31759.0   9265.7      -.4     41.0     48.9     28.9
      -.4     84.2     48.9     57.7  15970.2  16601.2
       -.4      71.5      -3.1      43.9
        .2      15.9       -.4      23.0
        .1       5.0       -.4      16.5
        .2       5.0       -.4      14.7
 63682  -.659438   .000000  -.751759
  34597.9   8706.7      -.6     41.2     48.9     28.9
      -.6     84.3     48.9     57.7  16942.3  17962.3
       1.7      78.1      -4.6      42.8
        .1      15.8       -.7      22.4
        .3       5.0       -.5      16.6
        .3       5.0       -.4      14.8
 63683  -.724999   .000000  -.688749
  37852.3   8383.3      -.1     41.3     48.9     28.9
      -.1     84.2     48.9     57.7  19423.7  20102.5
       2.2      73.6      -4.4      43.7
       -.8      18.9       -.4      24.8
       -.1       5.0       -.4      18.0
        .2       5.0       -.5      16.2
 63684  -.775436   .000000  -.631426
  41290.2   8197.0      -.1     41.0     48.9     28.9
      -.1     84.1     48.9     57.7  21668.4  22424.4
       1.6      75.1      -4.0      41.5
       2.2      20.2       -.7      24.3
        .1       5.0       -.4      17.6
        .3       5.0       -.7      16.2
 63685  -.814421   .000000  -.580275
  45007.2   8006.3       .1     40.9     48.9     28.9
       .1     84.0     48.9     57.7  24069.9  24865.4
       5.1      78.5      -4.3      43.3
        .0      23.5       -.8      25.3
        .2       5.0       -.4      19.0
        .2       5.0       -.6      17.1
 63686  -.844819   .000000  -.535052
  48566.4   7931.4       .2     41.2     48.9     28.9
       .1     84.1     48.9     57.7  25879.6  26845.5
      -1.6      74.7      -5.6      41.2
        .3      22.4       -.4      24.2
        .3       5.7       -.5      18.1
        .2       5.0       -.6      17.1
 63687  -.868777   .000000  -.495203
  52630.4   7928.6       .4     41.0     48.9     28.9
       .4     83.9     48.9     57.7  29234.9  30162.8
       1.0      78.1      -6.6      42.4
       -.4      26.6       -.9      24.9
       -.1       5.5       -.3      19.4
        .2       5.0       -.9      17.5
 63688  -.887877   .000000  -.460082
  56619.0   7836.7       .2     40.7     48.9     28.9
       .1     83.7     48.9     57.7  31184.9  32191.2
        .7      78.3      -5.0      41.2
       1.7      30.2       -.4      23.7
        .8       6.5       -.6      18.8
        .3       5.0       -.5      17.2
 63689  -.903278   .000000  -.429057
  60910.0   7866.4      -.2     40.7     48.9     28.9
      -.2     83.6     48.9     57.7  33763.2  35115.7
       2.8      85.0      -7.5      40.8
      -1.0      31.3       -.6      25.0
        .5       6.2       -.4      19.5
        .1       5.0       -.7      17.8
 63690   .840060  -.367526  -.399028
  65525.1  11732.4      -.2     43.3     48.9     28.9
       .0     17.7     48.9     57.7  36750.0  38157.5
      -6.7      63.2      10.0      44.0
       -.3      24.6        .8      21.3
        .1      16.2        .3      15.6
       -.2      13.4        .4      13.9
 63691   .817505  -.390173  -.423616
  61577.2  12189.9      -.2     43.3     48.9     28.9
      -.1     18.2     48.9     57.7  34513.3  35768.3
      -5.4      59.1       7.7      42.0
        .2      24.9        .4      20.0
        .0      16.2        .2      14.4
        .2      13.5        .0      12.5
 63692   .790440  -.414981  -.450551
  58199.8  12849.1      -.2     43.3     48.9     28.9
      -.1     18.6     48.9     57.7  32191.7  33135.1
      -4.9      61.3       8.3      47.0
        .1      25.3        .4      20.5
       -.2      16.7        .5      14.6
        .1      13.9        .3      13.0
 63693   .757796  -.442047  -.479937
  54860.6  13862.0      -.2     43.3     48.9     28.9
      -.4     19.1     48.9     57.7  29704.0  30733.0
      -7.8      61.8      10.5      47.1
        .2      25.5        .5      19.5
        .2      16.9        .0      13.4
        .1      14.0        .1      11.3
 63694   .718269  -.471364  -.511767
  51319.7  14894.5      -.2     43.3     48.9     28.9
      -.1     19.6     48.9     57.7  27632.2  28420.9
      -7.9      60.4       7.6      46.9
       -.3      25.6        .6      18.6
        .0      17.2        .2      13.3
       -.1      13.9        .3      11.3
 63695   .670317  -.502738  -.545830
  48255.5  16516.4      -.2     43.3     48.9     28.9
      -.4     20.2     48.9     57.7  25749.3  26606.0
      -9.4      59.0       8.7      49.9
       -.4      26.0        .5      17.8
       -.2      17.3        .2      12.2
       -.1      14.3        .2      10.1
 63696   .612205  -.535679  -.581595
  45388.0  18615.6      -.2     43.3     48.9     28.9
      -.1     20.7     49.0      7.8  23814.1  24759.1
      -5.4      58.6       5.7      46.3
       -.1      26.7        .1      16.5
        .0      17.7        .2      10.7
        .1      14.4        .3       9.2
 63697   .542159  -.569267  -.618061
  42825.1  20034.4      -.2     43.3     48.9     28.9
       .0     21.3     49.0     19.4  22540.4  23399.1
      -7.6      60.6       7.4      48.0
       -.3      26.5        .4      15.2
        .1      17.9        .1       9.8
       -.1      14.6        .2       8.0
 63698   .458673  -.602008  -.653609
  40753.9  19793.4      -.2     43.3     49.0      4.2
      -.2     21.6     48.9     31.9  21144.0  21965.2
      -5.4      59.9       7.2      51.7
       -.1      27.1        .1      10.8
       -.3      18.1        .2       6.7
       -.2      15.0        .1       5.5
 63699   .361020  -.631785  -.685938
  38845.2  18940.3      -.2     43.3     48.6     15.7
      -.4     22.1     48.6     44.2  19907.9  20756.2
      -7.1      58.0       7.2      61.1
       -.3      26.8        .1       7.5
       -.3      18.1        .2       3.4
       -.1      15.0        .1       3.0
 63700   .249898  -.655981  -.712208
  37614.6  18219.1      -.2     43.3     48.8     25.9
      -.7     22.3     48.8     54.6  18850.7  19729.9
      -7.2      58.5      13.2      78.3
       -.8      28.1        .0      18.6
       -.2      18.4       -.2       3.3
       -.2      15.2       -.3       3.0
 63701   .190037  -.665130  -.722141
  36996.3  17924.5      -.2     43.3     49.5     22.6
       .0     22.7     49.5     51.3  18770.9  19459.7
      -9.2      58.1       8.2      71.2
       -.3      27.7       -.2      11.0
       -.1      18.6       -.2       3.0
        .0      14.9       -.2       3.0
 63702   .127982  -.671905  -.729496
  36580.4  17717.0      -.2     43.3     49.1     17.0
      -.4     22.9     49.1     45.6  18611.2  19325.8
      -5.6      60.2       3.6      57.8
       -.9      27.8       -.3       8.1
       -.1      18.7       -.1       3.3
       -.1      15.2       -.3       3.0
 63703   .064388  -.676070  -.734019
  36218.0  17571.4      -.2     43.3     48.8     11.2
      -.3     23.1     49.0     39.7  18378.5  18913.1
      -6.8      59.4        .1      53.5
       -.2      28.0       -.5       8.4
       -.3      18.6       -.2       4.9
       -.2      15.4       -.2       4.1
 63704   .000000  -.677476  -.735545
  35875.0  17514.1      -.2     43.3     48.9      5.8
      -.5     23.3     49.0     33.9  18038.8  18710.7
      -5.6      58.7       1.5      43.6
       -.2      27.9       -.2      10.9
        .2      18.7       -.2       6.7
       -.2      15.7       -.3       5.5
 63705  -.064388  -.676070  -.734019
  35897.3  17460.3      -.2     43.3     48.8      4.9
      -.2     23.4     48.8     27.8  17957.9  18951.4
      -6.3      58.2       -.4      43.6
       -.1      28.0       -.3      13.5
       -.5      18.5       -.3       8.5
       -.3      15.2       -.2       6.9
 63706  -.127982  -.671905  -.729496
  36092.3  17173.6      -.2     43.3     48.9     28.9
      -.2     23.2     48.7     21.7  18460.6  19183.9
      -7.4      59.9       -.8      44.9
       -.1      28.2       -.3      16.4
        .1      18.6       -.2      10.4
        .0      15.6       -.2       8.5
 63707  -.190037  -.665130  -.722141
  36300.2  16407.4      -.2     43.3     48.9     28.9
      -.2     23.2     48.9     16.0  18165.1  18887.8
      -7.3      59.3      -1.6      42.4
        .2      28.1       -.1      17.7
       -.1      18.9       -.3      11.5
       -.1      15.8       -.3       9.7
 63708  -.249898  -.655981  -.712208
  36785.4  15424.0      -.2     43.3     48.9     28.9
      -.3     23.2     48.7     10.8  18795.5  19401.7
      -9.2      60.5        .2      43.7
       -.7      28.3       -.8      18.2
        .1      18.8       -.2      12.2
        .1      15.7       -.1      10.6
 63709  -.361020  -.631785  -.685938
  38030.3  13315.0      -.2     43.3     48.9     28.9
       .0     22.9     47.7     10.4  19294.6  20178.9
      -5.9      57.9      -2.4      42.9
       -.2      28.2       -.5      19.3
       -.4      18.5       -.4      13.1
        .2      15.5       -.2      11.3
 63710  -.458673  -.602008  -.653609
  39643.6  11656.1      -.2     43.3     48.9     28.9
       .2     22.5     48.9     57.7  20066.8  21201.3
      -5.6      57.4      -2.7      42.9
       -.2      27.6       -.7      21.3
       -.1      18.3       -.4      14.9
        .1      15.5       -.1      13.5
 63711  -.542159  -.569267  -.618061
  41944.5  10671.5      -.2     43.3     48.9     28.9
      -.3     21.8     48.9     57.7  21810.3  22478.4
      -7.3      57.5      -5.1      40.8
       -.5      27.0       -.6      20.7
       -.2      18.0       -.4      14.8
       -.1      15.1       -.4      13.6
 63712  -.612205  -.535679  -.581595
  44577.9   9954.4      -.2     43.3     48.9     28.9
      -.1     21.3     48.9     57.7  23435.8  24456.1
      -3.3      57.8      -5.0      45.6
        .1      27.3       -.1      23.3
        .0      17.6       -.4      16.8
       -.1      14.9       -.1      15.3
 63713  -.670317  -.502738  -.545830
  47507.6   9488.9      -.2     43.3     48.9     28.9
       .2     20.6     48.9     57.7  25239.8  26216.4
      -8.5      59.0      -5.4      43.9
        .0      26.8       -.2      22.4
        .2      17.2       -.3      16.4
        .1      14.5       -.2      15.2
 63714  -.718269  -.471364  -.511767
  50429.5   9178.9      -.2     43.3     48.9     28.9
      -.1     20.1     48.9     57.7  27354.7  28276.5
      -6.6      57.7      -4.2      42.4
       -.3      26.0       -.7      24.1
        .0      16.9       -.4      18.0
        .1      14.5       -.1      16.4
 63715  -.757796  -.442047  -.479937
  54110.4   8933.6      -.2     43.3     48.9     28.9
      -.2     19.6     48.9     57.7  29188.9  30578.0
      -5.8      59.8      -7.0      43.5
       -.3      26.2      -1.0      23.5
        .0      17.0       -.4      17.5
        .1      14.1       -.2      16.2
 63716  -.790440  -.414981  -.450551
  57551.3   8698.8      -.2     43.3     48.9     28.9
      -.2     18.9     48.9     57.7  31974.9  32945.9
      -8.9      63.5      -8.1      42.6
       -.1      25.9       -.2      25.2
        .0      16.5       -.4      18.7
       -.1      14.1       -.4      17.1
 63717  -.817505  -.390173  -.423616
  61337.6   8564.3      -.2     43.3     48.9     28.9
       .1     18.4     48.9     57.7  34480.8  35451.5
      -4.3      62.1      -5.6      39.2
       -.6      25.2       -.6      23.5
       -.3      16.3       -.4      18.0
        .1      13.5       -.1      16.6
 63718  -.840060  -.367526  -.399028
  65075.4   8568.2      -.2     43.3     48.9     28.9
       .2     18.0     48.9     57.7  36659.7  37787.2
      -2.4      62.6      -4.8      40.3
       -.5      24.8       -.6      24.8
        .0      16.1       -.5      19.3
        .0      13.5       -.4      17.4
 63719   .708659  -.620076  -.336613
  77846.0  13891.9      -.2     43.3     48.9     28.9
      -.2     86.6     48.9     57.7  45048.1  46757.5
      -6.8      55.5       7.2      45.3
       -.5      23.5        .5      20.8
        .2      17.6        .2      14.5
        .0      16.1        .3      12.5
 63720   .677337  -.646549  -.350984
  74451.7  14595.3      -.2     43.3     48.9     28.9
      -.2     86.6     48.9     57.7  43175.0  44037.5
     -10.3      55.6       8.7      43.0
       -.3      22.7        .6      19.6
        .2      17.8        .2      13.4
       -.1      16.4        .3      11.6
 63721   .641844  -.673936  -.365851
  71927.6  15204.1      -.2     43.3     48.9     28.9
      -.2     86.6     48.9     57.7  41355.7  42576.6
      -6.2      54.4       7.7      47.9
        .1      23.0        .1      19.0
        .0      17.8        .2      13.2
       -.2      16.6        .3      11.4
 63722   .601687  -.701968  -.381068
  69104.3  15974.9      -.2     43.3     48.9     28.9
      -.2     86.6     48.9     57.7  38644.1  40227.8
      -7.4      54.6       8.0      50.1
       -.7      23.4        .4      18.9
        .0      17.9        .3      12.4
       -.1      16.9        .3      10.5
 63723   .556388  -.730259  -.396426
  66248.9  16355.5      -.2     43.3     48.9     28.9
      -.2     86.6     48.9     57.7  37429.0  38561.9
     -11.1      55.5      10.2      51.7
       -.1      22.8        .4      17.8
       -.2      18.1        .2      11.6
        .0      17.1        .2      10.1
 63724   .505524  -.758286  -.411641
  63948.1  16127.6      -.2     43.3     48.9     28.9
      -.2     86.6     48.9     57.7  36297.3  37341.1
     -11.6      54.8       7.7      51.9
       -.6      23.1        .7      17.6
       -.3      18.1        .3      10.9
       -.2      17.1        .2       9.0
 63725   .448787  -.785377  -.426348
  61925.9  15659.4      -.2     43.3     48.9     28.9
      -.2     86.6     49.0      5.8  34220.2  35175.2
     -10.9      52.2       7.9      54.9
       -.4      23.4        .4      15.6
        .1      18.1        .1       9.3
       -.3      17.2        .2       7.8
 63726   .386057  -.810720  -.440105
  59888.5  15073.0      -.2     43.3     48.9     28.9
      -.2     86.6     48.8     17.8  33436.3  34495.1
      -9.4      53.9       6.0      54.3
       -.1      23.6        .2      15.4
       -.3      18.4        .3       8.7
        .0      17.7        .2       6.9
 63727   .317480  -.833386  -.452409
  58631.2  14700.7      -.2     43.3     48.9      2.9
      -.2     86.6     48.7     30.7  32260.9  33045.0
      -9.4      53.9       8.5      61.7
       -.3      23.4        .1      13.3
       -.2      18.4        .1       6.3
       -.5      17.8        .2       4.8
 63728   .243541  -.852392  -.462727
  57152.5  14369.2      -.2     43.3     48.5     14.7
      -.2     86.6     48.5     43.4  32191.0  33160.5
      -7.9      53.2       7.8      68.5
       -.3      23.6        .2      14.8
       -.4      19.0        .2       4.2
       -.4      18.0        .2       3.0
 63729   .165103  -.866792  -.470544
  56235.0  14186.6      -.2     43.3     48.6     25.9
      -.2     86.6     48.6     54.4  31002.1  32001.3
      -9.1      52.8       5.6      91.8
       -.3      23.5       -.3      30.7
       -.2      18.8       -.4       5.6
       -.5      17.8       -.4       3.0
 63730   .124573  -.872008  -.473376
  56096.6  14076.9      -.2     43.3     49.9     22.3
      -.2     86.6     49.8     50.7  31140.4  32118.4
     -10.3      55.3       3.0      86.0
       -.2      23.4        .2      23.4
       -.2      19.0       -.1       4.4
       -.2      18.3       -.1       3.0
 63731   .083409  -.875791  -.475429
  55446.8  13970.3      -.2     43.3     49.3     16.1
      -.2     86.6     49.4     44.6  30160.1  31396.9
      -9.6      50.5       6.1      72.3
       -.7      23.7       -.2      14.6
       -.1      18.8       -.2       3.3
       -.2      18.4       -.2       3.0
 63732   .041814  -.878085  -.476675
  55517.8  13947.0      -.2     43.3     49.2     11.4
      -.2     86.6     49.2     38.4  30624.7  31286.6
     -10.4      56.1       1.1      66.0
       -.5      23.8       -.3      12.5
       -.1      18.8       -.1       4.9
       -.3      18.1       -.1       3.4
 63733   .000000  -.878853  -.477092
  55331.5  13862.7      -.2     43.3     49.0      4.0
      -.2     86.6     49.2     32.0  30308.1  31092.8
      -9.2      52.7       1.3      59.7
       -.8      23.5       -.3      11.5
       -.5      19.2       -.2       5.9
       -.1      18.2       -.2       4.6
 63734  -.041814  -.878085  -.476675
  55292.0  13909.6      -.2     43.3     48.9     28.9
      -.2     86.6     48.4     25.7  30641.7  31439.4
      -9.9      53.5       2.2      56.7
       -.4      23.7       -.1      13.6
       -.4      19.2       -.2       7.6
       -.5      18.3       -.2       6.0
 63735  -.083409  -.875791  -.475429
  55337.4  13927.2      -.2     43.3     48.9     28.9
      -.2     86.6     48.9     19.4  30244.1  31107.7
     -10.5      52.3       -.1      55.0
       -.4      23.9       -.5      15.5
       -.2      18.9       -.2       8.8
       -.1      18.3       -.2       6.9
 63736  -.124573  -.872008  -.473376
  55550.1  14101.1      -.2     43.3     48.9     28.9
      -.2     86.6     48.9     13.2  30301.2  31550.7
      -9.5      54.4      -1.0      50.5
       -.3      24.0       -.3      16.6
        .2      19.1       -.2       9.6
       -.3      18.7       -.3       7.8
 63737  -.165103  -.866792  -.470544
  55856.0  14061.1      -.2     43.3     48.9     28.9
      -.2     86.6     48.8      7.5  30537.6  31656.0
     -10.2      54.8       -.6      48.7
        .1      23.6       -.2      15.8
        .0      19.0       -.1       9.9
       -.2      18.6       -.3       8.4
 63738  -.243541  -.852392  -.462727
  56769.8  14166.6      -.2     43.3     48.9     28.9
      -.2     86.6     48.9     57.7  31313.9  32242.5
      -8.8      54.2      -1.5      48.7
       -.8      23.8       -.6      17.3
        .3      19.4       -.2      11.3
       -.4      18.5       -.3       9.6
 63739  -.317480  -.833386  -.452409
  57964.0  14164.7      -.2     43.3     48.9     28.9
      -.2     86.6     48.9     57.7  31044.6  32553.6
      -9.7      55.1      -2.5      47.9
       -.4      23.5       -.6      18.1
       -.2      19.2       -.6      12.6
       -.1      18.2       -.2      10.7
 63740  -.386057  -.810720  -.440105
  59302.9  13851.3      -.2     43.3     48.9     28.9
      -.2     86.6     48.9     57.7  32780.0  33884.1
      -9.0      50.0      -3.2      45.5
       -.3      23.3       -.5      19.0
       -.1      18.8       -.2      13.0
        .1      17.9        .0      11.1
 63741  -.448787  -.785377  -.426348
  61012.8  13160.5      -.2     43.3     48.9     28.9
      -.2     86.6     48.9     57.7  34099.5  34906.3
      -8.7      52.5      -3.7      45.8
       -.6      23.6      -1.0      20.1
        .0      18.8       -.1      14.5
       -.4      17.7       -.4      12.6
 63742  -.505524  -.758286  -.411641
  63080.0  12453.7      -.2     43.3     48.9     28.9
      -.2     86.6     48.9     57.7  35115.7  36496.2
      -7.8      51.5      -6.3      45.8
       -.3      23.0       -.4      19.5
        .1      18.8       -.3      14.5
        .1      17.7       -.2      12.6
 63743  -.556388  -.730259  -.396426
  65536.0  11806.9      -.2     43.3     48.9     28.9
      -.2     86.6     48.9     57.7  37404.6  38339.2
      -7.8      50.7      -3.2      40.5
       -.5      23.7       -.7      21.6
       -.1      18.4       -.2      15.9
       -.4      17.4       -.4      14.4
 63744  -.601687  -.701968  -.381068
  68046.4  11222.2      -.2     43.3     48.9     28.9
      -.2     86.6     48.9     57.7  38751.3  40204.2
      -8.8      54.1      -6.1      42.6
       -.5      23.3       -.5      20.0
        .0      18.1       -.3      15.4
        .3      16.9        .0      13.8
 63745  -.641844  -.673936  -.365851
  70927.6  10808.6      -.2     43.3     48.9     28.9
      -.2     86.6     48.9     57.7  40711.1  42035.0
     -10.2      56.4      -6.9      41.9
       -.4      23.1       -.8      22.2
       -.1      18.1       -.3      16.9
        .3      16.9       -.2      15.2
 63746  -.677337  -.646549  -.350984
  73719.8  10517.2      -.2     43.3     48.9     28.9
      -.2     86.6     48.9     57.7  42277.6  43358.3
      -8.9      55.8      -5.9      41.0
        .1      23.2       -.1      21.3
        .1      17.9       -.2      16.2
       -.2      16.7       -.5      14.6
 63747  -.708659  -.620076  -.336613
  76939.8  10162.9      -.2     43.3     48.9     28.9
      -.2     86.6     48.9     57.7  43935.0  44969.8
      -6.8      57.4      -5.8      41.2
       -.5      23.2      -1.1      23.7
        .2      17.7        .0      17.5
        .1      16.5       -.2      15.9
 63748   .482910  -.845093  -.229382
 114582.2  14857.3      -.2     43.3     48.9     28.9
      -.2     86.6     48.9     57.7  68652.3  70539.4
      -9.8      51.0       7.0      51.0
      -1.2      23.2       1.0      19.7
       -.3      16.9        .4      11.9
        .0      15.6        .2      10.1
 63749   .451149  -.861285  -.233777
 112600.4  14726.8      -.2     43.3     48.9     28.9
      -.2     86.6     48.9     57.7  68188.2  69962.7
     -10.5      54.8       8.9      56.0
       -.9      22.9        .7      19.6
       -.1      17.4        .4      11.8
        .3      15.5        .0       9.8
 63750   .417577  -.876913  -.238019
 110619.4  14488.8      -.2     43.3     48.9     28.9
      -.2     86.6     48.9     57.7  66381.3  68319.2
      -7.6      53.3       9.0      61.0
       -.8      22.6        .9      20.1
        .0      17.3        .2      10.6
       -.2      15.5        .4       8.8
 63751   .382204  -.891810  -.242063
 108700.1  14212.5      -.2     43.3     48.9     28.9
      -.2     86.6     48.9     57.7  64705.1  67152.6
     -11.9      53.8       8.0      63.5
       -.9      22.8        .9      20.6
        .0      17.4        .1      10.5
       -.2      16.0        .0       8.6
 63752   .345068  -.905804  -.245861
 106937.2  13960.6      -.2     43.3     48.9     28.9
      -.2     86.6     48.9     57.7  64535.9  66363.2
     -11.1      52.7      10.0      67.7
       -.7      23.1        .8      19.2
        .0      17.3        .3       9.3
       -.1      16.0        .1       7.6
 63753   .306238  -.918714  -.249365
 105632.3  13833.9      -.2     43.3     48.9     28.9
      -.2     86.6     48.9     57.7  63461.9  65081.5
      -6.6      47.4       6.7      69.1
       -.9      23.3        .6      19.8
       -.3      17.5        .1       9.5
       -.2      16.0        .1       7.3
 63754   .265817  -.930361  -.252527
 104443.0  13680.7      -.2     43.3     48.9     28.9
      -.2     86.6     48.8      3.3  62122.3  64055.7
     -10.5      52.7       9.2      74.9
       -.9      22.9        .6      19.8
       -.4      17.4        .1       7.6
       -.5      16.0        .2       6.0
 63755   .223945  -.940570  -.255298
 103256.2  13484.8      -.2     43.3     48.9     28.9
      -.2     86.6     48.7     15.9  62174.2  63138.2
     -13.5      53.0      10.7      79.7
      -1.2      22.9        .8      21.4
       -.3      17.4        .1       7.5
       -.1      16.0        .2       5.6
 63756   .180796  -.949177  -.257634
 102596.0  13337.7      -.2     43.3     48.7      1.5
      -.2     86.6     48.5     29.2  61389.4  63254.6
      -8.7      50.2       4.1      85.4
       -.8      22.4        .2      21.8
       -.3      17.7        .1       6.2
       -.2      16.0        .1       3.9
 63757   .136577  -.956038  -.259496
 101849.9  13284.7      -.2     43.3     48.0     13.8
      -.2     86.6     48.0     42.4  60303.1  62200.5
      -9.3      50.9       4.3      95.8
      -1.2      22.4        .2      30.9
       -.3      17.4        .0       6.7
       -.4      16.0        .0       3.0
 63758   .091527  -.961030  -.260851
 101223.0  13222.1      -.2     43.3     48.5     25.5
      -.2     86.6     48.5     53.9  59594.2  61727.5
     -10.8      52.8      10.7     111.6
       -.7      22.4       1.9      54.9
       -.5      17.3       -.6      14.7
       -.1      16.4       -.5       4.2
 63759   .068771  -.962796  -.261330
 101328.6  13197.1      -.2     43.3     50.3     21.5
      -.2     86.6     50.2     50.0  60081.8  62413.8
     -11.0      54.9       2.8     101.5
      -1.2      22.7      -1.0      42.3
       -.3      17.6        .2       9.7
       -.4      16.5        .0       3.6
 63760   .045908  -.964064  -.261674
 100967.8  13140.3      -.2     43.3     49.8     15.1
      -.2     86.6     49.8     43.8  61402.9  62735.6
     -12.3      55.0       1.9      92.7
       -.5      22.7        .0      31.0
       -.2      17.4        .0       5.3
       -.2      16.2       -.1       3.0
 63761   .022972  -.964827  -.261882
 100583.1  13092.9      -.2     43.3     49.6      8.7
      -.2     86.6     49.5     37.3  60786.4  62137.6
     -11.9      51.0       3.1      87.8
      -1.1      22.7        .0      24.8
       -.9      17.7       -.2       5.7
       -.1      16.0       -.1       3.2
 63762   .000000  -.965081  -.261951
 100769.7  13123.3      -.2     43.3     49.5     12.8
      -.2     86.6     49.3     30.7  59974.0  61906.1
     -11.5      51.7       2.6      79.4
       -.7      22.5       -.2      21.0
       -.4      17.9       -.2       5.8
       -.5      16.3       -.1       3.7
 63763  -.022972  -.964827  -.261882
 100693.5  13159.2      -.2     43.3     48.9     28.9
      -.2     86.6     49.0     23.9  60484.7  61885.9
     -13.1      51.9       4.1      79.5
       -.3      22.5       -.3      18.8
       -.6      17.6       -.2       6.8
       -.2      16.4       -.2       4.8
 63764  -.045908  -.964064  -.261674
 100549.0  13102.9      -.2     43.3     48.9     28.9
      -.2     86.6     49.1     17.2  59570.1  61464.5
     -10.7      48.4        .2      69.4
       -.6      22.6       -.3      19.6
       -.2      17.8       -.1       7.5
       -.3      16.3       -.2       5.5
 63765  -.068771  -.962796  -.261330
 100794.2  13251.1      -.2     43.3     48.9     28.9
      -.2     86.6     48.9     10.6  60221.5  62072.7
     -11.5      51.6       4.0      69.1
      -1.1      23.4       -.4      21.2
       -.6      17.8       -.3       8.0
       -.4      16.3       -.3       6.0
 63766  -.091527  -.961030  -.260851
 100914.7  13174.4      -.2     43.3     48.9     28.9
      -.2     86.6     49.1      4.5  60654.0  62501.4
     -11.9      52.8      -1.5      71.6
       -.5      23.6       -.1      17.6
       -.2      17.9       -.3       7.9
       -.4      16.7       -.2       6.1
 63767  -.136577  -.956038  -.259496
 101322.0  13216.3      -.2     43.3     48.9     28.9
      -.2     86.6     48.9     57.7  60000.6  62011.2
     -11.5      51.2      -3.4      64.5
       -.4      23.2       -.3      18.1
       -.1      17.6       -.1       9.3
       -.2      16.5       -.4       7.4
 63768  -.180796  -.949177  -.257634
 101975.7  13354.5      -.2     43.3     48.9     28.9
      -.2     86.6     48.9     57.7  61344.3  62801.3
     -11.1      53.0      -5.9      60.4
      -1.0      22.8       -.7      16.8
       -.1      18.0       -.2       9.8
       -.2      16.4       -.3       7.8
 63769  -.223945  -.940570  -.255298
 102612.3  13447.3      -.2     43.3     48.9     28.9
      -.2     86.6     48.9     57.7  61119.7  62624.7
     -10.7      49.4      -4.1      57.3
       -.7      23.1       -.6      18.8
        .2      18.0       -.2      10.8
       -.2      16.5       -.4       8.7
 63770  -.265817  -.930361  -.252527
 104220.7  13528.9      -.2     43.3     48.9     28.9
      -.2     86.6     48.9     57.7  61714.2  63854.2
     -10.2      52.3      -3.7      53.1
       -.8      23.5       -.5      18.1
       -.1      18.0       -.2      11.0
       -.2      16.4       -.2       9.4
 63771  -.306238  -.918714  -.249365
 105419.2  13700.1      -.2     43.3     48.9     28.9
      -.2     86.6     48.9     57.7  63119.9  65420.6
     -11.9      54.9      -5.8      49.4
       -.5      23.5       -.1      18.9
        .1      17.9       -.1      12.0
        .1      16.3       -.2       9.8
 63772  -.345068  -.905804  -.245861
 106356.2  13826.4      -.2     43.3     48.9     28.9
      -.2     86.6     48.9     57.7  63813.3  65164.1
     -10.5      52.3      -7.9      52.1
       -.8      22.9       -.7      18.6
       -.1      17.7       -.3      12.3
        .2      16.3        .0      10.5
 63773  -.382204  -.891810  -.242063
 108057.0  13899.0      -.2     43.3     48.9     28.9
      -.2     86.6     48.9     57.7  65371.6  67145.0
      -9.9      53.3      -7.4      50.6
      -1.0      23.2      -1.0      19.5
       -.1      17.7       -.1      12.6
        .2      16.2       -.2      10.8
 63774  -.417577  -.876913  -.238019
 109801.8  13754.2      -.2     43.3     48.9     28.9
      -.2     86.6     48.9     57.7  65788.4  67881.1
     -10.1      54.6      -7.2      45.9
       -.7      22.6       -.7      19.2
       -.2      17.6       -.4      13.5
       -.2      16.3       -.3      11.7
 63775  -.451149  -.861285  -.233777
 111930.0  13867.9      -.2     43.3     48.9     28.9
      -.2     86.6     48.9     57.7  67347.5  69160.6
      -9.3      53.0      -2.9      44.6
       -.6      23.8       -.5      19.5
       -.1      17.1       -.5      13.3
        .0      16.1       -.2      11.5
 63776  -.482910  -.845093  -.229382
 113860.6  13715.1      -.2     43.3     48.9     28.9
      -.2     86.6     48.9     57.7  68038.2  70138.4
     -10.2      53.3      -5.1      39.3
       -.6      23.0       -.5      20.3
       -.4      17.2       -.5      14.5
        .1      16.1       -.3      12.8
 63777   .337328  -.927651  -.160231
 164336.2  13894.6      -.2     43.3     48.9     28.9
      -.2     86.6     48.9     57.7 103079.8 106237.3
      -9.7      48.2       8.3      61.1
      -1.2      23.8        .9      22.3
       -.1      17.7        .3      10.1
       -.2      16.4        .3       8.1
 63778   .312066  -.936198  -.161707
 163051.6  13854.2      -.2     43.3     48.9     28.9
      -.2     86.6     48.9     57.7 103170.0 105376.8
      -9.9      55.0       9.3      66.1
      -1.1      23.9       1.1      23.3
       -.2      17.7        .1      10.4
        .2      16.8        .1       8.3
 63779   .286124  -.944211  -.163091
 161542.5  13705.0      -.2     43.3     48.9     28.9
      -.2     86.6     48.9     57.7 100967.7 103919.0
     -12.5      47.4       8.9      69.7
      -1.3      23.2       1.0      22.9
       -.1      17.8        .1       9.1
       -.6      16.4        .2       7.4
 63780   .259539  -.951641  -.164374
 160367.3  13568.1      -.2     43.3     48.9     28.9
      -.2     86.6     48.9     57.7 101865.1 104362.2
     -11.1      51.2       9.5      79.8
       -.9      23.7        .9      24.6
       -.1      17.7        .1       9.5
        .1      16.6        .2       7.5
 63781   .232349  -.958440  -.165549
 159255.6  13435.7      -.2     43.3     48.9     28.9
      -.2     86.6     48.9     57.7 100918.1 103321.4
      -9.6      51.4       6.1      75.1
       -.9      23.4        .7      25.7
       -.2      17.7        .2       8.7
       -.1      16.3        .1       6.0
 63782   .204604  -.964562  -.166606
 158313.4  13413.9      -.2     43.3     48.9     28.9
      -.2     86.6     48.9     57.7  99330.7 101787.4
     -10.5      47.7       6.6      85.2
      -1.1      23.6        .9      26.1
       -.3      18.2        .3       8.7
       -.6      16.6        .1       6.1
 63783   .176357  -.969963  -.167539
 157326.7  13323.4      -.2     43.3     48.9     28.9
      -.2     86.6     48.7      2.1  98799.2 101616.4
      -8.8      48.1       6.5      87.8
       -.7      22.7        .7      27.3
       -.1      17.9        .0       8.3
       -.3      16.8        .0       5.2
 63784   .147667  -.974605  -.168341
 157139.5  13308.6      -.2     43.3     48.9     28.9
      -.2     86.6     48.6     14.8  99364.8 101297.4
     -12.5      53.8       6.0      98.5
      -1.3      23.8        .8      30.7
       -.3      17.8        .2       8.3
       -.7      16.8        .2       4.9
 63785   .118600  -.978453  -.169006
 156090.0  13147.3      -.2     43.3     48.9      1.0
      -.2     86.6     48.1     28.5  98053.1 100311.8
      -9.3      48.6      13.8     100.8
      -1.2      23.3        .5      31.3
       -.5      17.8        .2       7.9
       -.1      16.3        .0       3.7
 63786   .089225  -.981478  -.169528
 155819.8  13280.4      -.2     43.3     47.6     13.3
      -.2     86.6     47.7     41.8  97077.4  99983.9
     -11.6      48.9      -2.7     116.0
      -1.2      22.9        .2      45.1
       -.4      18.1        .3       9.5
       -.3      16.7        .0       3.0
 63787   .059616  -.983656  -.169904
 155782.1  13167.4      -.2     43.3     48.2     25.2
      -.2     86.6     48.3     53.2  96261.6  99487.8
     -12.4      52.4       6.8     127.5
       -.9      23.0       1.5      68.4
       -.4      17.9       -.3      24.1
       -.8      16.3       -.9       9.2
 63788   .044746  -.984421  -.170036
 155366.5  13081.7      -.2     43.3     50.5     21.2
      -.2     86.6     50.4     49.4  96279.3  98900.2
     -13.6      57.1       7.6     112.7
      -1.3      22.7        .1      57.5
       -.6      18.2       -.2      18.6
       -.4      16.3        .1       5.4
 63789   .029848  -.984969  -.170131
 155763.4  13266.8      -.2     43.3     50.0     14.6
      -.2     86.6     50.0     43.0  97545.4  99543.3
      -8.4      49.1       1.0     109.0
      -1.4      23.6        .7      47.5
       -.1      17.8       -.3      11.3
       -.3      16.9       -.2       3.8
 63790   .014929  -.985299  -.170188
 155370.8  13122.2      -.2     43.3     49.9      8.0
      -.2     86.6     49.7     36.5  96262.0  99096.1
      -9.6      45.9       5.5     113.0
      -1.1      23.7        .2      37.0
       -.3      17.9        .1       8.5
       -.2      16.8       -.1       3.0
 63791   .000000  -.985408  -.170207
 154873.5  13143.6      -.2     43.3     49.5      1.6
      -.2     86.6     49.9     29.7  97168.5  99504.5
     -15.7      53.1       -.1      99.4
      -1.0      23.3       -.1      31.2
       -.2      17.9       -.1       8.3
       -.4      16.6       -.1       3.9
 63792  -.014929  -.985299  -.170188
 155093.1  13063.8      -.2     43.3     48.9     28.9
      -.2     86.6     49.2     23.1  97481.9  99763.1
     -11.0      51.0       4.1      98.4
      -1.0      23.4       -.1      29.6
       -.4      18.3       -.2       8.7
       -.1      16.6       -.1       4.5
 63793  -.029848  -.984969  -.170131
 155177.0  13151.1      -.2     43.3     48.9     28.9
      -.2     86.6     49.4     16.2  97657.2 100229.0
      -9.7      50.4       3.8      97.3
      -1.3      23.5       -.2      29.4
       -.5      17.9       -.2       8.6
       -.3      16.4       -.1       4.8
 63794  -.044746  -.984421  -.170036
 155402.5  13100.6      -.2     43.3     48.9     28.9
      -.2     86.6     49.4      9.5  96721.1  99427.6
     -12.0      51.4       -.6      91.3
      -1.5      23.1       -.3      27.0
       -.4      18.0       -.2       8.7
       -.3      17.1       -.2       5.3
 63795  -.059616  -.983656  -.169904
 155203.0  13143.8      -.2     43.3     48.9     28.9
      -.2     86.6     49.3      3.0  97229.1  99510.9
     -10.6      51.6      -1.4      88.6
      -1.2      23.6       -.5      25.8
       -.5      17.9       -.2       7.8
       -.5      17.0       -.2       5.2
 63796  -.089225  -.981478  -.169528
 155545.4  13173.2      -.2     43.3     48.9     28.9
      -.2     86.6     48.9     57.7  96966.1  99380.7
     -10.1      55.0      -3.7      82.6
      -1.0      23.4       -.6      25.4
       -.3      18.2       -.3       8.7
       -.5      16.9       -.3       6.3
 63797  -.118600  -.978453  -.169006
 155758.3  13165.1      -.2     43.3     48.9     28.9
      -.2     86.6     48.9     57.7  96520.2  99058.7
      -7.4      53.9      -1.6      72.6
       -.9      22.9       -.6      21.9
       -.4      18.1       -.1       8.5
       -.2      16.9       -.2       6.4
 63798  -.147667  -.974605  -.168341
 156511.3  13245.2      -.2     43.3     48.9     28.9
      -.2     86.6     48.9     57.7  98219.6 100340.8
      -7.6      49.1       -.6      74.5
      -1.0      23.5       -.6      22.5
       -.2      18.0       -.2       9.6
       -.3      16.5       -.2       7.3
 63799  -.176357  -.969963  -.167539
 157265.9  13445.4      -.2     43.3     48.9     28.9
      -.2     86.6     48.9     57.7  97650.3 100524.0
     -13.5      54.0      -5.6      67.5
      -1.2      23.5       -.4      20.3
       -.4      18.2       -.4       9.4
       -.2      16.8       -.2       7.5
 63800  -.204604  -.964562  -.166606
 158021.6  13392.1      -.2     43.3     48.9     28.9
      -.2     86.6     48.9     57.7  98939.4 100974.6
     -10.9      52.6      -4.9      66.5
       -.9      23.7       -.8      21.9
       -.5      18.1       -.4      10.3
       -.4      16.8       -.4       8.3
 63801  -.232349  -.958440  -.165549
 158825.8  13479.0      -.2     43.3     48.9     28.9
      -.2     86.6     48.9     57.7  99512.8 101806.6
      -8.1      50.1      -8.7      64.0
      -1.2      23.9       -.9      19.5
        .0      17.9       -.3      10.2
        .1      17.1       -.1       8.6
 63802  -.259539  -.951641  -.164374
 159432.6  13556.9      -.2     43.3     48.9     28.9
      -.2     86.6     48.9     57.7  99613.0 102224.7
     -10.8      54.5      -7.1      55.3
      -1.0      23.1       -.7      19.1
        .0      17.9       -.2      11.0
       -.8      16.9       -.5       9.2
 63803  -.286124  -.944211  -.163091
 160866.8  13609.0      -.2     43.3     48.9     28.9
      -.2     86.6     48.9     57.7 100967.0 104013.6
     -13.1      53.3      -8.6      51.8
       -.9      23.5       -.7      19.7
       -.2      18.2       -.2      11.2
        .0      16.6       -.4       9.5
 63804  -.312066  -.936198  -.161707
 162404.6  13773.3      -.2     43.3     48.9     28.9
      -.2     86.6     48.9     57.7 102008.7 104817.6
      -7.2      45.5      -4.8      48.6
       -.6      23.1       -.8      19.5
       -.3      17.9       -.3      11.5
       -.1      17.1       -.3      10.0
 63805  -.337328  -.927651  -.160231
 163418.0  13878.0      -.2     43.3     48.9     28.9
      -.2     86.6     48.9     57.7 102490.9 105770.3
      -8.6      46.5      -9.1      49.3
      -1.3      23.4      -1.0      19.2
       -.5      17.8       -.5      12.1
       -.2      16.8       -.4      10.5
