OCR_prd2017clk:newR11@-300V,3.8T@20d,263K,rhe=1.10,rhh=0.7,0.00/0.00            
   350   1  3.80  28   3  29   3  300.00  263.00     .00  1.1300   700.0   19.21  -29.02  150.000  100.000  290.000  1500.0    9.61  -14.51    1.50    1.00     .85
 52951  -.105170   .946530  -.304993
  88419.7  13469.5      9.6     43.3    -12.1      9.3
      9.6     86.6    -12.3     37.4  51369.0  53479.9
       9.3      50.5      -9.6      71.6
        .0      23.5        .0      19.7
       -.2      19.0        .8       4.5
       -.3      18.1        .8       3.2
 52952  -.113613   .937303  -.329476
  82139.2  13653.2      9.6     43.3    -12.2      9.3
      9.6     86.6    -12.3     37.4  47777.9  48970.9
      11.0      53.3      -8.6      78.9
       -.1      24.1        .0      18.1
       -.4      19.8        .9       4.8
       -.6      19.2        .9       3.2
 52953  -.123410   .925573  -.357888
  75382.6  13673.7      9.6     43.3    -12.2      9.4
      9.6     86.6    -12.4     37.7  43285.1  44493.0
      12.2      53.8      -7.4      72.9
        .2      23.6        .2      16.6
       -.3      18.3        .8       4.4
       -.4      17.8        .8       3.4
 52954  -.134874   .910397  -.391134
  68944.9  13897.8      9.6     43.3    -12.5      9.7
      9.6     86.6    -12.3     37.8  38129.4  40201.5
       9.4      53.8      -4.7      69.7
        .1      23.3        .4      14.7
       -.3      18.9        .7       4.5
       -.5      17.4        .9       3.5
 52955  -.148397   .890380  -.430350
  62943.1  14194.6      9.6     43.3    -12.4     10.0
      9.6     86.6    -12.6     38.0  35192.8  36304.7
       8.9      52.2      -5.8      62.9
        .0      22.8        .4      14.1
       -.5      17.7        .7       4.8
       -.7      16.8        .9       3.8
 52956  -.164460   .863416  -.476934
  56613.2  14698.4      9.6     43.3    -12.6     10.2
      9.6     86.6    -12.5     38.3  31140.5  32208.4
       9.6      53.2      -6.0      62.6
        .2      23.4        .5      12.2
       -.5      18.7        .8       4.7
       -.7      18.1        .8       3.9
 52957  -.183618   .826279  -.532491
  50876.2  15335.0      9.6     43.3    -12.7     10.5
      9.6     86.6    -12.6     38.3  27767.4  28412.7
       6.6      54.1      -9.7      61.7
       -.7      22.0        .7      10.8
       -.5      16.5        .8       4.9
       -.4      15.5        .7       4.2
 52958  -.206405   .774019  -.598575
  45224.9  16394.1      9.6     43.3    -12.8     10.7
      9.6     86.6    -12.7     38.8  23820.2  24761.5
       8.3      55.7      -4.1      59.5
       -.4      23.3        .7       9.6
       -.8      17.7        .8       5.1
       -.4      16.9        .7       4.3
 52959  -.233063   .699189  -.675882
  40217.9  18054.3      9.6     43.3    -12.7     11.0
      9.2     14.7    -12.8     39.0  20977.8  21556.3
       8.0      60.0      -4.7      57.7
       -.7      26.7        .8       8.7
       -.4      18.1        .7       5.1
       -.5      15.0        .7       4.5
 52960  -.262862   .591440  -.762300
  35714.7  21471.0      9.6     43.3    -13.1     11.3
      9.1     34.3    -13.1     39.3  18251.1  18814.5
       6.2      56.8      -5.7      50.2
       -.6      24.1        .7       9.0
       -.7      15.9        .7       5.5
       -.4      12.8        .7       4.8
 52961  -.292854   .439281  -.849276
  32084.5  25693.4      9.2     13.9    -13.1     11.4
      9.2     53.4    -13.1     39.4  15931.3  16479.0
       3.1      48.0      -4.6      45.7
       -.4      14.3        .6       8.5
       -.7       9.3        .8       5.6
       -.5       7.8        .8       4.9
 52962  -.316664   .237498  -.918324
  29826.7  24701.2      9.3     30.7    -13.4     11.3
      9.2     72.4    -13.1     39.8  14652.3  15291.7
       5.7      57.3      -3.5      44.2
       -.4       7.0        .8       8.5
       -.6       5.0        .8       5.6
       -.6       5.0        .7       5.1
 52963  -.325991   .000000  -.945373
  29265.0  24056.1      9.4     38.2    -13.2     11.4
      9.7     80.7    -13.2     39.8  14402.6  14909.2
      -4.2      63.6      -2.4      45.8
      -1.3       7.5        .4       8.4
       -.8       5.0        .7       5.5
      -1.0       5.0        .7       4.7
 52964  -.323582  -.121343  -.938387
  29185.2  24185.0      9.0     30.0    -13.2     12.7
      9.2     71.9    -13.2     39.9  14139.4  14670.1
      -6.4      55.4      -3.9      44.1
      -1.2       7.3        .6       8.3
      -1.0       5.0        .9       5.6
       -.8       5.0        .8       4.7
 52965  -.316664  -.237498  -.918324
  29826.4  24553.3      8.9     21.7    -12.9     11.3
      9.0     62.5    -13.1     39.6  15031.8  15382.3
      -5.3      50.0      -2.1      47.7
       -.7      11.2        .6       8.4
       -.7       7.1        .8       5.4
       -.8       6.0        .7       4.7
 52966  -.306058  -.344315  -.887567
  30645.5  24897.5      8.9     13.8    -13.1     11.2
      9.0     53.1    -13.1     39.6  15355.1  15800.4
      -4.3      47.7      -1.3      45.6
       -.7      14.9        .6       8.3
       -.8       9.7        .9       5.4
       -.8       7.9        .9       4.7
 52967  -.292854  -.439281  -.849276
  31968.4  23396.8      9.0      9.1    -13.3     11.1
      9.0     43.6    -13.1     39.5  15974.7  16678.4
      -5.5      50.2      -2.0      46.0
       -.8      18.8        .7       8.7
       -.9      12.3        .9       5.3
       -.9      10.1        .8       4.6
 52968  -.278147  -.521525  -.806626
  33474.0  21048.1      9.6     43.3    -13.2     10.9
      9.4     33.8    -13.0     39.4  16779.4  17403.8
      -5.6      53.2       -.7      45.3
      -1.4      24.1        .7       8.1
      -1.0      16.1        .7       5.1
      -1.0      13.1        .8       4.6
 52969  -.262862  -.591440  -.762300
  35608.2  18839.4      9.6     43.3    -13.0     10.7
      9.4     24.3    -13.0     39.3  17789.3  18558.0
      -7.9      59.5      -1.7      50.4
      -1.3      27.8        .7       8.7
       -.9      18.3        .9       5.1
       -.9      15.1        .8       4.4
 52970  -.233063  -.699189  -.675882
  40040.7  16328.3      9.6     43.3    -12.9     10.4
      9.0      7.6    -12.8     39.0  20227.9  20999.8
      -6.8      55.1        .0      51.6
      -1.5      25.8        .7       8.5
      -1.4      18.2        .8       5.0
       -.9      16.1        .8       4.3
 52971  -.206405  -.774019  -.598575
  45077.9  15005.5      9.6     43.3    -12.9     10.1
      9.6     86.6    -12.9     38.7  24055.5  25072.0
      -9.2      53.2       -.7      59.8
      -1.4      24.0        .7      10.5
       -.7      18.5        .8       4.7
       -.8      18.0        .9       3.9
 52972  -.183618  -.826279  -.532491
  50765.5  14327.9      9.6     43.3    -12.7      9.8
      9.6     86.6    -12.6     38.5  27014.3  27894.4
     -10.1      55.5       1.4      63.5
       -.9      22.8        .9      10.7
       -.9      16.8        .8       4.5
       -.9      15.4        .8       3.8
 52973  -.164460  -.863416  -.476934
  56503.0  13833.4      9.6     43.3    -12.7      9.6
      9.6     86.6    -12.5     38.1  30735.6  31941.8
      -8.7      53.5       3.1      65.2
       -.6      23.9       1.1      11.6
       -.8      19.4        .8       4.2
       -.8      19.4        .9       3.5
 52974  -.148397  -.890380  -.430350
  62463.2  13615.6      9.6     43.3    -12.6      9.3
      9.6     86.6    -12.6     37.8  35235.2  36185.5
     -12.2      54.8       2.1      68.9
      -1.0      22.5       1.0      11.9
      -1.0      17.7        .9       4.3
      -1.0      16.2        .9       3.3
 52975  -.134874  -.910397  -.391134
  68857.6  13338.9      9.6     43.3    -12.7      9.1
      9.6     86.6    -12.5     37.8  39050.1  40667.4
      -9.9      50.7       2.1      72.4
      -1.1      24.4       1.0      14.3
      -1.0      20.2        .8       4.1
       -.6      19.8        .9       3.1
 52976  -.123410  -.925573  -.357888
  75045.3  13270.6      9.6     43.3    -12.6      9.0
      9.6     86.6    -12.4     37.6  43038.3  44507.8
     -10.8      50.9       2.3      73.7
      -1.3      22.9        .7      15.7
       -.8      17.7       1.0       4.1
       -.9      16.6        .9       3.1
 52977  -.113613  -.937303  -.329476
  81905.2  13165.0      9.6     43.3    -12.5      8.8
      9.6     86.6    -12.5     37.5  47601.9  49139.8
      -9.3      53.0       4.0      78.0
      -1.5      25.1       1.2      17.9
       -.8      20.6        .9       4.3
       -.9      20.3        .8       3.0
 52978  -.105170  -.946530  -.304993
  88431.0  13148.1      9.6     43.3    -12.4      8.7
      9.6     86.6    -12.4     37.3  51492.7  52952.3
      -8.4      50.4       6.5      78.8
      -1.5      23.0       1.3      19.3
       -.7      18.2        .9       4.5
       -.8      17.3        .9       3.0
 52979   .863216  -.064741  -.500666
  53554.8   9115.9      9.2     28.3    -14.5     28.9
      9.3     70.5    -14.5     57.7  29699.2  30760.7
       2.7      68.3       8.2      37.2
       -.8      10.4       1.2      20.5
       -.8       5.0       1.1      15.1
       -.8       5.0       1.4      13.9
 52980   .838516  -.069876  -.540377
  49557.2   9208.8      9.3     28.6    -14.5     28.9
      9.3     70.6    -14.5     57.7  27174.3  27733.3
       2.7      59.7       7.3      38.9
       -.9      10.1       1.9      21.4
       -.8       5.0       1.4      15.9
       -.9       5.0       1.3      14.4
 52981   .807288  -.075683  -.585284
  45785.4   9516.7      9.0     28.7    -14.5     28.9
      9.1     70.8    -14.5     57.7  24699.0  25537.2
       2.8      59.6       6.7      37.6
      -1.1       9.1       1.1      19.8
       -.9       5.0       1.5      14.8
       -.9       5.0       1.6      13.7
 52982   .767414  -.082223  -.635858
  42197.6   9923.1      9.3     28.9    -14.5     28.9
      9.4     71.1    -14.5     57.7  22601.9  23398.5
       3.2      63.7       7.0      41.0
      -1.0       9.5       1.4      20.9
       -.8       5.0       1.3      15.1
       -.8       5.0       1.1      13.4
 52983   .716102  -.089513  -.692232
  38710.3  10370.1      9.5     29.3    -14.5     28.9
      9.6     71.2    -14.5     57.7  20054.6  20851.9
       3.5      59.4       5.1      38.2
       -.9       8.9       1.4      19.0
       -.7       5.0       1.1      13.5
       -.7       5.0       1.1      12.4
 52984   .649830  -.097475  -.753803
  35642.9  11226.6      9.5     29.4    -14.5     28.9
      9.6     71.4    -14.5     57.7  18228.6  18961.4
       3.9      58.3       6.9      41.5
      -1.0       7.7       1.8      20.1
       -.8       5.0       1.1      14.1
       -.8       5.0       1.0      12.4
 52985   .564543  -.105852  -.818588
  32931.0  12584.7      9.4     29.5    -14.5     28.9
      9.4     71.7    -13.8      5.9  16377.9  17282.5
      -1.4      58.7       6.3      40.8
       -.9       7.4       1.3      16.9
       -.7       5.0        .9      12.0
       -.8       5.0        .9      10.7
 52986   .456422  -.114106  -.882416
  30718.3  14774.1      9.1     30.1    -14.5     28.9
      9.2     71.7    -13.2     13.5  15362.1  15754.7
       -.5      55.3       4.5      43.0
      -1.0       8.0        .9      17.8
       -.9       5.0       1.1      11.8
       -.9       5.0       1.0      10.6
 52987   .323582  -.121343  -.938387
  28977.3  19158.6      8.8     30.0    -17.8      9.0
      9.0     71.9    -13.3     25.7  14098.6  14716.1
        .7      52.7       2.6      38.9
      -1.0       7.5       1.1      14.4
      -1.0       5.0       1.2       9.6
       -.8       5.0        .9       8.3
 52988   .168544  -.126408  -.977555
  28020.5  23160.7      9.0     30.0    -13.4      9.8
      9.2     71.9    -13.5     38.1  13433.1  14064.0
      -1.1      53.2       2.9      40.6
       -.9       7.2       1.1       9.2
      -1.0       5.0       1.1       6.2
       -.8       5.0        .9       5.6
 52989   .000000  -.128243  -.991743
  27758.5  22836.4      8.9     30.1    -13.8     21.4
      9.1     72.0    -13.7     49.9  13462.5  13872.4
       1.1      53.9        .1      56.5
      -1.0       7.6        .9       7.0
      -1.0       5.0       1.1       3.3
       -.9       5.0       1.0       3.1
 52990  -.085184  -.127776  -.988138
  27982.5  22988.6      8.9     30.3    -13.7     25.8
      9.2     72.1    -13.7     54.5  13650.6  14214.6
      -2.4      59.3      -1.2      66.7
       -.9       8.2        .6      11.4
       -.9       5.0        .4       3.1
       -.8       5.0        .6       3.0
 52991  -.168544  -.126408  -.977555
  28230.5  23228.4      9.2     30.0    -12.8     23.0
      9.2     71.8    -12.8     51.7  13771.4  14288.7
      -1.2      59.1      -3.3      59.3
       -.9       7.5       1.1       5.1
       -.9       5.0        .8       3.0
       -.8       5.0        .8       3.0
 52992  -.248443  -.124222  -.960648
  28705.6  23575.3      9.2     30.0    -13.0     17.3
      9.5     72.0    -13.0     45.9  13839.4  14410.6
       1.4      56.6      -3.4      55.7
      -1.1       7.4        .6       6.6
       -.9       5.0        .7       3.9
       -.8       5.0        .8       3.5
 52993  -.323582  -.121343  -.938387
  29158.7  24208.7      9.3     29.9    -13.1     11.3
      9.5     71.9    -13.1     39.8  14457.3  15037.5
      -5.9      55.1      -1.5      44.8
       -.9       7.6        .6       8.3
       -.9       5.0        .7       5.7
       -.9       5.0        .8       4.7
 52994  -.393068  -.117920  -.911917
  30051.9  23409.7      9.0     29.8    -13.2      6.0
      9.2     71.7    -13.1     33.5  14559.6  15184.5
      -9.6      54.3      -3.8      41.9
      -1.0       7.7        .6      10.4
       -.8       5.0        .5       7.1
       -.8       5.0        .8       6.1
 52995  -.456422  -.114106  -.882416
  30887.0  20881.8      9.2     29.7    -14.4      4.9
      9.3     71.7    -13.1     27.2  15409.9  15861.3
      -1.9      54.9      -3.0      40.4
      -1.1       7.6        .6      13.2
       -.8       5.0        .7       8.7
       -.9       5.0        .7       7.3
 52996  -.513527  -.110042  -.850988
  32038.2  18061.7      8.9     29.7    -14.5     28.9
      9.2     71.7    -13.2     21.0  16126.0  16596.0
      -4.3      56.7      -3.8      42.1
      -1.4       7.9        .7      15.5
       -.8       5.0        .7      10.6
       -.8       5.0        .7       8.7
 52997  -.564543  -.105852  -.818588
  33172.1  16144.8      9.3     29.6    -14.5     28.9
      9.4     71.5    -13.1     14.7  16770.9  17288.3
      -5.9      55.7      -3.5      41.6
      -1.2       7.8        .4      16.9
       -.8       5.0        .7      11.2
       -.9       5.0        .6       9.7
 52998  -.649830  -.097475  -.753803
  35952.8  13766.4      9.3     29.5    -14.5     28.9
      9.3     71.5    -13.4      5.2  18538.9  19177.3
      -4.6      59.0      -4.5      41.8
      -1.1       8.3        .9      16.6
       -.8       5.0        .8      11.3
       -.9       5.0        .9       9.8
 52999  -.716102  -.089513  -.692232
  38845.1  12258.6      9.4     29.0    -14.5     28.9
      9.6     71.1    -14.5     57.7  20844.1  21293.5
      -5.8      61.4      -6.1      42.3
      -1.0       7.8        .8      19.2
      -1.0       5.0        .8      13.2
       -.9       5.0        .6      11.2
 53000  -.767414  -.082223  -.635858
  42353.6  11419.2      9.3     28.8    -14.5     28.9
      9.6     70.9    -14.5     57.7  22305.2  22954.6
      -4.6      61.6      -4.9      42.6
      -1.2       7.9        .5      18.2
       -.9       5.0        .8      13.0
       -.9       5.0       1.0      11.5
 53001  -.807288  -.075683  -.585284
  45956.5  10763.2      9.4     28.7    -14.5     28.9
      9.6     70.9    -14.5     57.7  25022.5  25645.1
      -9.4      58.9      -5.0      42.7
      -1.0      10.0        .5      20.7
       -.8       5.0        .9      14.7
       -.9       5.0        .9      12.3
 53002  -.838516  -.069876  -.540377
  49644.9  10311.5      9.3     28.1    -14.5     28.9
      9.6     70.6    -14.5     57.7  27212.9  28122.5
      -5.8      64.8      -4.8      39.6
      -1.3      10.1       1.0      19.5
       -.8       5.0        .9      14.0
       -.9       5.0        .9      12.7
 53003  -.863216  -.064741  -.500666
  53632.1  10076.5      9.7     28.2    -14.5     28.9
      9.7     70.3    -14.5     57.7  29844.3  30883.8
     -10.0      64.2      -6.4      41.0
      -1.4      10.7        .6      20.6
       -.8       5.0       1.1      15.4
       -.8       5.0        .7      13.0
 53004  -.882965  -.060202  -.465563
  57591.1   9902.1      9.4     28.7    -14.5     28.9
      9.6     70.4    -14.5     57.7  31697.0  32958.5
      -6.2      68.7      -4.7      38.1
      -1.1      13.4        .7      19.7
       -.9       5.0       1.0      15.1
       -.9       5.0        .9      13.2
 53005  -.898927  -.056183  -.434481
  61539.7   9594.0      9.2     27.9    -14.5     28.9
      9.4     70.1    -14.5     57.7  35122.2  36284.5
      -6.1      66.6      -5.3      38.2
      -1.3      13.0       1.1      21.0
       -.8       5.0       1.2      15.5
       -.7       5.0       1.1      13.4
 53006  -.911966  -.052613  -.406877
  65690.2   9513.1      9.2     28.3    -14.5     28.9
      9.4     70.1    -14.5     57.7  37778.4  38834.8
      -9.9      68.5      -5.7      36.8
      -1.1      14.5        .5      20.3
       -.7       5.0       1.1      15.3
       -.8       5.0       1.0      13.7
 53007  -.922727  -.049432  -.382272
  69877.9   9339.3      9.4     27.5    -14.5     28.9
      9.4     69.7    -14.5     57.7  40830.8  41967.3
      -5.5      67.7      -6.4      38.9
      -2.0      14.7        .2      21.2
       -.8       5.0       1.1      15.6
       -.9       5.0        .9      13.9
 53008   .806111  -.362750  -.467544
  57331.5   9936.7      9.6     43.3    -14.5     28.9
      9.1     21.2    -14.5     57.7  31911.9  33011.1
       -.8      61.3       8.2      38.0
       -.8      25.9       1.7      20.1
      -1.1      16.9       1.5      15.6
       -.8      13.9       1.4      14.7
 53009   .774912  -.387456  -.499388
  53444.1  10236.0      9.6     43.3    -14.5     28.9
      8.9     21.5    -14.5     57.7  29770.2  30611.5
      -1.1      60.3       6.6      39.9
      -1.0      25.8       1.4      21.5
       -.7      16.8       1.0      16.1
      -1.0      14.1       1.4      14.7
 53010   .736803  -.414452  -.534182
  50092.4  10709.9      9.6     43.3    -14.5     28.9
      9.0     21.8    -14.5     57.7  27409.8  28212.6
      -3.0      56.0       7.1      37.2
       -.4      26.2       1.2      19.4
       -.7      17.2       1.4      15.0
      -1.0      14.4       1.2      14.1
 53011   .690099  -.443635  -.571796
  46958.3  11334.2      9.6     43.3    -14.5     28.9
      9.2     22.3    -14.5     57.7  25113.1  26114.8
      -1.0      59.1       8.0      44.1
       -.9      27.0       1.5      21.2
      -1.0      17.1       1.1      14.9
       -.8      14.2       1.1      13.8
 53012   .632842  -.474632  -.611748
  44033.9  12345.5      9.6     43.3    -14.5     28.9
      9.2     22.8    -14.5     57.7  23028.4  23913.8
      -3.7      58.8       6.7      42.3
      -1.0      27.5       1.7      19.0
      -1.1      17.8       1.3      13.5
       -.8      14.7       1.1      12.6
 53013   .562936  -.506642  -.653006
  41082.9  13414.8      9.6     43.3    -14.5     28.9
      9.3     23.2    -14.5     57.7  21779.6  22517.0
      -7.8      57.7       8.1      41.0
      -1.3      27.6       1.0      20.1
       -.7      17.9       1.1      13.6
       -.9      14.7       1.1      12.2
 53014   .478468  -.538276  -.693778
  39002.3  15152.0      9.6     43.3    -14.5     28.9
      9.2     23.7    -13.8      6.9  20101.4  20857.1
      -5.0      60.0       6.5      42.2
      -1.1      27.9       1.3      17.0
      -1.1      18.4       1.1      11.9
       -.9      14.9       1.1      10.3
 53015   .378295  -.567442  -.731370
  36925.6  16892.1      9.6     43.3    -14.5     28.9
      9.0     23.9    -13.2     12.6  19005.3  19616.2
      -5.2      58.3       6.6      44.2
       -.5      28.0        .9      17.3
      -1.1      18.5       1.1      11.6
       -.7      14.9        .8       9.9
 53016   .262862  -.591440  -.762300
  35461.3  17480.0      9.6     43.3    -14.7     10.2
      9.1     24.3    -13.2     24.7  18150.3  18673.5
      -6.5      59.8       6.0      42.8
      -1.1      28.1       1.3      14.5
       -.9      18.5        .9       9.3
      -1.0      15.1        .9       7.9
 53017   .134975  -.607388  -.782855
  34526.8  17526.0      9.6     43.3    -13.5      9.7
      9.3     24.6    -13.5     37.4  17349.9  17981.0
      -7.1      58.0       6.5      47.3
       -.6      27.8        .8       9.1
      -1.5      18.6       1.1       6.0
       -.7      15.0        .9       5.2
 53018   .000000  -.612997  -.790085
  34502.3  17709.0      9.6     43.3    -14.0     21.1
      9.1     24.6    -14.0     49.6  17206.8  17892.1
      -6.2      58.2       4.4      64.9
      -1.5      27.6       1.1       8.4
       -.8      18.5       1.1       3.2
       -.8      15.2       1.0       3.0
 53019  -.067953  -.611580  -.788259
  34561.0  17848.4      9.6     43.3    -14.5     25.3
      9.1     24.3    -14.5     54.0  17135.2  17709.3
      -7.1      57.0       -.2      70.7
       -.8      28.3        .6      13.9
      -1.2      18.5        .5       3.0
       -.9      15.3        .4       3.0
 53020  -.134975  -.607388  -.782855
  34778.8  18018.9      9.6     43.3    -12.7     22.6
      9.1     24.5    -12.7     51.2  17770.8  18316.0
      -7.8      61.0        .4      67.9
       -.8      27.6        .9       8.5
       -.7      18.6       1.0       3.0
      -1.1      15.2        .9       3.0
 53021  -.200196  -.600588  -.774091
  35060.0  18499.5      9.6     43.3    -13.0     16.7
      9.1     24.3    -12.9     45.5  17445.2  18145.1
      -7.6      60.2       -.3      55.4
      -1.2      28.1        .7       7.0
      -1.0      18.5        .7       3.5
       -.8      15.3        .8       3.1
 53022  -.262862  -.591440  -.762300
  35573.4  18980.1      9.6     43.3    -12.9     10.8
      9.1     24.0    -12.9     39.1  18114.0  18659.6
      -8.9      57.1       2.2      52.0
      -1.6      27.7        .5       8.3
       -.7      18.5        .7       5.1
       -.9      15.3        .7       4.5
 53023  -.322373  -.580271  -.747905
  36192.7  19149.1      9.6     43.3    -13.2      5.3
      9.0     23.9    -13.3     32.8  18292.0  19076.3
      -6.2      55.7      -1.2      42.2
      -1.1      27.5        .9      10.4
       -.7      18.4       1.1       6.8
      -1.1      15.1        .9       5.8
 53024  -.378295  -.567442  -.731370
  37062.1  19261.7      9.6     43.3    -15.0      5.9
      9.5     23.9    -12.9     26.4  18778.9  19720.8
      -5.3      57.2      -1.2      45.4
      -1.4      27.9        .7      13.3
      -1.1      18.4        .8       8.6
      -1.0      15.0        .7       7.2
 53025  -.430364  -.553325  -.713175
  38065.9  18664.5      9.6     43.3    -14.5     28.9
      8.6     23.8    -13.0     20.2  19469.3  20129.0
      -9.2      57.9      -2.5      46.6
      -1.4      27.2        .6      15.5
      -1.0      18.2        .6      10.0
       -.7      14.8        .9       8.4
 53026  -.478468  -.538276  -.693778
  38866.5  17624.2      9.6     43.3    -14.5     28.9
      9.3     23.6    -13.1     13.7  19944.2  20611.5
      -9.2      58.7      -2.7      45.4
       -.9      27.2        .6      16.4
       -.7      18.1        .9      11.0
      -1.0      14.8        .6       9.2
 53027  -.562936  -.506642  -.653006
  41427.9  15329.8      9.6     43.3    -14.5     28.9
      9.1     23.2    -13.5      4.4  21766.6  22362.7
      -7.5      57.4      -2.9      42.9
       -.9      27.3        .8      15.9
      -1.1      18.2        .7      11.1
       -.9      14.7        .9       9.6
 53028  -.632842  -.474632  -.611748
  43987.1  13446.1      9.6     43.3    -14.5     28.9
      9.1     22.8    -14.5     57.7  23360.3  24113.4
      -6.2      58.6      -1.7      42.8
      -1.3      27.1        .7      19.2
       -.9      17.7       1.0      12.8
      -1.2      14.6        .7      11.0
 53029  -.690099  -.443635  -.571796
  47089.9  12314.3      9.6     43.3    -14.5     28.9
      8.9     22.4    -14.5     57.7  25038.6  25869.1
      -6.5      57.3      -4.4      43.2
      -1.3      26.5        .5      17.9
      -1.1      17.6        .9      12.8
       -.9      14.2       1.0      11.4
 53030  -.736803  -.414452  -.534182
  50418.0  11602.9      9.6     43.3    -14.5     28.9
      9.2     22.0    -14.5     57.7  27726.6  28330.3
      -8.7      60.7      -4.9      40.9
      -1.0      26.5       1.0      20.0
      -1.0      17.4        .8      14.3
       -.8      14.3       1.2      12.6
 53031  -.774912  -.387456  -.499388
  53610.3  10896.0      9.6     43.3    -14.5     28.9
      8.9     21.6    -14.5     57.7  29938.1  30664.5
      -9.3      58.0      -5.7      41.0
      -1.0      25.8       1.0      18.7
       -.5      16.8       1.2      13.8
       -.7      14.1        .9      12.7
 53032  -.806111  -.362750  -.467544
  57250.8  10508.8      9.6     43.3    -14.5     28.9
      9.3     21.2    -14.5     57.7  32040.2  32693.2
      -9.6      58.7      -5.0      42.0
      -1.0      25.8       1.0      21.2
       -.8      16.9        .9      15.1
       -.6      13.9       1.2      13.4
 53033  -.831783  -.340275  -.438577
  60965.2  10238.1      9.6     43.3    -14.5     28.9
      9.4     20.9    -14.5     57.7  33703.3  35362.8
      -9.8      61.3      -5.3      38.5
       -.9      25.7       1.0      19.6
      -1.2      16.7        .9      14.7
       -.6      14.0        .9      13.4
 53034  -.853040  -.319890  -.412303
  64853.1   9944.4      9.6     43.3    -14.5     28.9
      9.3     20.7    -14.5     57.7  37315.2  38373.1
     -11.1      62.8      -4.2      39.1
      -1.3      25.3       1.2      21.1
       -.7      16.5       1.2      15.5
       -.6      13.8       1.0      13.5
 53035  -.870759  -.301417  -.388493
  68868.0   9828.0      9.6     43.3    -14.5     28.9
      9.3     20.3    -14.5     57.7  39491.1  40758.1
      -9.7      62.6      -5.2      38.5
      -1.4      25.4        .6      20.4
       -.9      16.4       1.0      15.7
       -.5      13.5       1.2      13.9
 53036  -.885633  -.284668  -.366905
  72730.7   9649.4      9.6     43.3    -14.5     28.9
      9.2     20.2    -14.5     57.7  42159.8  43180.7
      -9.5      62.2      -4.7      36.2
      -1.1      25.0       1.0      21.2
      -1.0      16.4       1.2      16.1
       -.8      13.6       1.2      13.7
 53037   .467453  -.841416  -.271123
  99321.3  13998.7      9.6     43.3    -14.5     28.9
      9.6     86.6    -14.5     57.7  59163.8  60967.1
      -8.0      52.6       8.8      46.6
       -.8      22.5       1.8      17.5
       -.5      17.4       1.3      12.1
       -.7      16.1       1.4      10.8
 53038   .429723  -.859446  -.276932
  97020.1  13726.2      9.6     43.3    -14.5     28.9
      9.6     86.6    -14.5     57.7  57781.9  59657.1
      -6.0      53.0      11.6      47.1
      -1.1      22.5       1.7      18.3
       -.7      17.5       1.3      12.5
       -.5      16.4       1.2      11.0
 53039   .389600  -.876600  -.282460
  95375.4  13580.9      9.6     43.3    -14.5     28.9
      9.6     86.6    -14.5     57.7  56687.8  58443.6
      -7.8      50.0      11.5      49.2
      -1.4      22.6       1.7      17.2
       -.5      17.9       1.1      11.3
       -.6      16.4       1.2       9.7
 53040   .347131  -.892622  -.287623
  93210.6  13287.1      9.6     43.3    -14.5     28.9
      9.6     86.6    -14.5     57.7  54833.5  56986.6
      -7.4      52.1      10.9      51.2
      -1.4      22.9       1.9      18.0
       -.5      17.8       1.1      11.5
       -.4      16.4       1.2       9.7
 53041   .302414  -.907242  -.292333
  92158.1  13274.3      9.6     43.3    -14.5     28.9
      9.6     86.6    -14.5     57.7  54390.1  55596.2
      -9.7      57.7       9.7      57.5
      -1.1      22.6       1.7      16.3
       -.9      18.1       1.3      10.3
       -.7      16.7       1.2       8.6
 53042   .255608  -.920190  -.296506
  90592.9  13078.2      9.6     43.3    -14.5     28.9
      9.6     86.6    -14.5     57.7  53224.8  55073.4
     -11.3      53.7      14.4      62.0
      -1.2      23.0       1.5      17.6
       -.6      18.3       1.1      10.1
       -.6      16.7       1.0       8.2
 53043   .206935  -.931206  -.300055
  89789.3  13004.8      9.6     43.3    -14.5     28.9
      9.6     86.6    -14.5     57.7  52544.5  54228.0
     -12.5      51.5      11.2      61.2
      -1.0      22.8       1.6      16.5
       -.9      18.3       1.2       9.0
       -.7      17.0       1.0       7.1
 53044   .156676  -.940054  -.302906
  88745.3  12976.6      9.6     43.3    -14.5     28.9
      9.6     86.6    -13.5      8.7  52052.6  53815.8
      -8.6      48.0      10.4      63.9
      -1.1      22.7       1.7      17.1
       -.6      17.9       1.1       8.4
       -.8      17.0       1.1       6.5
 53045   .105170  -.946530  -.304993
  87999.2  12919.7      9.6     43.3    -14.5     28.9
      9.6     86.6    -13.4     21.9  51271.0  52918.4
     -10.4      52.3       7.6      69.8
      -1.2      23.2       1.5      16.6
       -.5      18.3       1.0       7.4
       -.5      17.0        .8       5.6
 53046   .052804  -.950480  -.306266
  87979.1  12936.0      9.6     43.3    -14.1      7.1
      9.6     86.6    -14.1     35.1  51420.8  52998.7
     -11.2      52.7      10.1      76.8
      -1.5      23.3       1.4      18.8
      -1.1      18.5       1.1       4.8
       -.7      16.9       1.0       3.4
 53047   .000000  -.951808  -.306694
  87655.7  12883.4      9.6     43.3    -14.3     19.2
      9.6     86.6    -14.2     47.8  51140.8  52760.9
     -10.0      49.6       9.5      90.4
      -1.5      23.0       1.7      31.1
       -.7      18.3       1.0       7.6
       -.6      17.0        .9       3.0
 53048  -.026430  -.951476  -.306587
  87861.6  12923.1      9.6     43.3    -14.5     24.8
      9.6     86.6    -14.4     53.3  51161.5  52768.5
     -10.4      54.0       7.4     100.6
      -1.1      23.0       1.6      43.0
       -.4      18.4        .2      12.4
       -.7      17.0        .5       5.9
 53049  -.052804  -.950480  -.306266
  88017.3  12990.0      9.6     43.3    -12.4     21.3
      9.6     86.6    -12.4     49.8  52012.0  53230.4
      -9.1      53.3       3.0      96.1
      -1.7      23.8       1.7      35.5
      -1.1      18.4       1.3       6.4
       -.8      17.3       1.2       3.0
 53050  -.079069  -.948828  -.305734
  88241.7  13145.1      9.6     43.3    -12.6     15.0
      9.6     86.6    -12.6     43.6  51642.7  53464.9
     -11.3      53.8       1.7      85.9
      -1.2      23.0       1.3      26.1
       -.9      18.5        .9       4.4
       -.8      16.9        .9       3.0
 53051  -.105170  -.946530  -.304993
  88216.6  13100.5      9.6     43.3    -12.4      8.7
      9.6     86.6    -12.3     37.4  51494.3  53252.4
     -12.6      53.8       6.3      79.7
      -1.2      22.5       1.1      18.6
       -.8      18.3        .9       4.7
       -.8      17.0        .8       3.0
 53052  -.131055  -.943599  -.304049
  88750.3  13238.1      9.6     43.3    -12.6      2.7
      9.6     86.6    -12.5     30.8  52019.0  53803.5
     -13.5      55.8       1.6      73.9
      -1.4      23.2       1.3      17.6
       -.7      18.3        .9       5.5
       -.5      17.2        .9       3.9
 53053  -.156676  -.940054  -.302906
  88773.2  13293.5      9.6     43.3    -14.5     28.9
      9.6     86.6    -12.4     24.1  52025.4  53885.7
      -8.3      51.2       4.4      73.5
      -1.5      23.4       1.0      16.6
       -.7      18.4        .9       6.6
       -.7      17.1        .8       5.1
 53054  -.181983  -.935915  -.301572
  89283.6  13300.7      9.6     43.3    -14.5     28.9
      9.6     86.6    -12.8     17.2  52198.9  53931.8
      -9.1      50.9       1.5      64.0
      -1.4      23.6        .7      17.3
       -.9      18.5        .7       7.5
       -.7      17.2        .8       5.8
 53055  -.206935  -.931206  -.300055
  89712.1  13458.6      9.6     43.3    -14.5     28.9
      9.6     86.6    -12.8     10.6  52458.1  54685.3
     -13.9      53.6       1.7      64.2
       -.8      22.9       1.0      17.4
       -.8      18.2        .8       7.9
       -.5      17.1       1.0       6.2
 53056  -.255608  -.920190  -.296506
  90738.0  13663.4      9.6     43.3    -14.5     28.9
      9.6     86.6    -14.5     57.7  54142.3  55357.2
      -9.0      50.2        .3      61.8
      -1.8      22.9        .7      16.9
       -.6      18.0       1.0       8.6
       -.9      17.1       1.0       6.9
 53057  -.302414  -.907242  -.292333
  91836.4  13844.6      9.6     43.3    -14.5     28.9
      9.6     86.6    -14.5     57.7  54033.0  55987.5
     -11.4      52.4       2.0      58.4
      -1.5      23.0        .8      18.1
       -.8      18.2       1.0       9.8
       -.8      16.9       1.0       8.0
 53058  -.347131  -.892622  -.287623
  93643.5  14082.8      9.6     43.3    -14.5     28.9
      9.6     86.6    -14.5     57.7  55563.8  57478.2
     -10.2      50.6       1.0      56.6
      -1.5      23.1        .9      16.5
       -.8      17.9       1.0       9.6
       -.7      16.5       1.1       8.2
 53059  -.389600  -.876600  -.282460
  95313.6  14443.7      9.6     43.3    -14.5     28.9
      9.6     86.6    -14.5     57.7  56805.7  58382.8
     -11.6      53.2      -1.8      56.6
      -1.1      22.7       1.0      18.4
       -.5      17.9       1.0      11.3
       -.8      16.6       1.0       9.5
 53060  -.429723  -.859446  -.276932
  97176.6  14601.5      9.6     43.3    -14.5     28.9
      9.6     86.6    -14.5     57.7  57598.6  59095.3
     -11.7      51.6      -3.7      49.7
      -1.4      22.7        .7      16.6
       -.9      17.5       1.0      10.7
       -.7      16.2       1.2       9.2
 53061  -.467453  -.841416  -.271123
  99360.6  14606.9      9.6     43.3    -14.5     28.9
      9.6     86.6    -14.5     57.7  59207.6  61204.0
     -13.4      54.1      -2.5      52.7
      -1.3      22.9        .9      19.2
       -.9      17.3        .9      12.4
      -1.0      16.0        .9      10.5
 53062  -.502792  -.822750  -.265108
 101414.6  14650.6      9.6     43.3    -14.5     28.9
      9.6     86.6    -14.5     57.7  60974.1  62736.5
     -12.5      56.6      -2.8      47.5
      -1.4      22.9        .9      17.4
       -.7      17.2       1.3      11.5
       -.9      15.9       1.0      10.1
 53063  -.535778  -.803668  -.258960
 103750.5  14181.7      9.6     43.3    -14.5     28.9
      9.6     86.6    -14.5     57.7  63014.9  64584.3
     -10.1      51.3       -.1      44.5
      -1.1      21.9        .8      19.4
       -.7      17.3       1.0      13.1
       -.5      15.5       1.3      11.3
 53064  -.566482  -.784360  -.252738
 106415.2  13931.6      9.6     43.3    -14.5     28.9
      9.6     86.6    -14.5     57.7  64361.7  66256.2
     -10.6      52.8       -.8      45.0
      -1.3      22.5        .9      17.8
       -.8      16.9       1.2      12.5
       -.9      15.6       1.2      11.3
 53065  -.594996  -.764995  -.246498
 108729.2  13385.0      9.6     43.3    -14.5     28.9
      9.6     86.6    -14.5     57.7  66552.5  68087.1
     -11.3      53.6      -2.8      41.0
      -1.1      21.7        .9      19.5
       -.5      16.7       1.2      13.9
      -1.0      15.3       1.0      12.2
