Dot1_150x100_prd2017clk:@-100V,3.8T@90d,253K,rh=1.10/0.7,0.0/0.0                
   801   1  3.80  60   5  29   0  100.00  253.00     .00  .66800  1050.0    -.44  156.88  150.000  100.000  285.000  1050.0    -.22   78.44    1.50    1.00     .85
 56801   .000000   .000000 -1.000000
  26239.8  13790.3       .0     39.8     78.4     28.9
      -.1     82.9     75.7     20.4  12520.5  13003.3
       4.7      66.4        .8      40.1
        .3       8.4        .0      17.6
        .3       5.0        .5      11.9
        .4       5.0        .7      10.8
 56802   .000000  -.130455  -.991454
  26443.6  13894.9       .3     34.2     78.4     28.9
       .3     77.4     75.9     20.5  12478.7  13068.6
      -3.8      61.3        .4      40.3
       -.1       5.7        .0      17.1
       -.1       5.0        .7      11.6
       -.2       5.0        .6      10.7
 56803   .000000  -.254493  -.967075
  26970.2  14242.2      -.2     26.1     78.4     28.9
      -.1     69.2     75.7     20.3  12773.7  13299.0
      -4.3      49.4        .2      40.2
       -.4       8.2        .1      16.9
        .0       5.4        .5      11.8
       -.2       5.0        .7      10.6
 56804   .000000  -.367167  -.930155
  28185.2  14833.6      -.1     17.9     78.4     28.9
      -.1     60.4     75.8     20.0  13366.1  13949.9
      -5.5      49.7       -.1      42.3
        .1      11.9        .5      17.0
       -.1       8.1        .4      11.7
       -.2       7.3        .6      10.7
 56805   .000000  -.465746  -.884918
  29636.3  15575.8      -.3     10.2     78.4     28.9
      -.1     51.8     75.5     19.7  14241.1  14975.7
      -5.4      51.0       1.7      42.8
        .0      15.8        .5      16.8
       -.1      10.9        .4      11.7
       -.2       9.3        .4      10.5
 56806   .000000  -.549617  -.835417
  31235.2  16109.5       .4      8.3     78.4     28.9
      -.4     42.7     75.5     19.4  14855.2  15518.7
      -6.7      53.2       1.1      42.6
       -.4      20.8        .2      16.4
       -.2      13.6        .4      11.1
       -.3      11.5        .6      10.2
 56807   .000000  -.619644  -.784883
  33260.0  16335.5      -.2     43.3     78.4     28.9
      -.3     33.2     75.5     18.8  16359.6  17018.7
      -5.0      57.1      -1.0      43.0
       -.5      25.7        .3      16.5
       -.2      17.1        .3      11.0
       -.2      14.3        .7       9.8
 56808   .000000  -.677476  -.735545
  35617.6  16212.1      -.2     43.3     78.4     28.9
      -.4     24.2     75.4     18.3  17439.9  18118.1
     -10.8      59.9       1.4      46.6
       -.4      27.5        .3      16.3
       -.6      18.2        .3      10.6
       -.1      15.8        .6       9.5
 56809   .000000  -.724999  -.688749
  38098.6  16011.6      -.2     43.3     78.4     28.9
      -.2     15.7     75.5     17.8  19158.8  20020.8
      -8.0      57.0        .8      48.7
       -.7      26.5        .2      16.3
       -.4      18.0        .4      10.6
       -.3      16.4        .6       9.2
 56810   .000000  -.764030  -.645181
  40605.9  15394.5      -.2     43.3     78.4     28.9
      -.9     10.3     75.7     17.4  20939.8  21639.7
      -9.1      53.4       -.7      47.2
       -.7      23.6       -.2      16.0
       -.4      18.4        .3      10.2
       -.6      17.4        .4       8.7
 56811   .000000  -.796162  -.605083
  43199.3  15027.5      -.2     43.3     78.4     28.9
      1.5     13.5     75.5     16.9  22356.3  23381.4
      -8.4      52.6        .9      49.0
       -.6      23.6        .1      15.7
       -.5      18.5        .1      10.0
       -.5      18.5        .2       8.6
 56812   .000000  -.822730  -.568432
  46080.2  14649.8      -.2     43.3     78.4     28.9
      -.2     86.6     75.7     16.4  24393.8  25241.1
      -8.9      52.0        .0      50.6
       -.4      23.1        .0      15.8
       -.6      17.5        .2       9.7
       -.7      17.2        .4       8.3
 56813   .000000  -.844819  -.535052
  48962.4  14320.5      -.2     43.3     78.4     28.9
      -.2     86.6     75.6     16.1  25966.8  26871.0
      -7.7      50.6        .4      50.5
       -.7      21.9        .2      15.6
       -.5      16.6        .1       9.6
       -.6      15.5        .4       8.2
 56814   .000000  -.863297  -.504697
  51584.1  14044.9      -.2     43.3     78.4     28.9
      -.2     86.6     75.6     15.9  27826.8  28605.7
      -7.7      49.8        .3      48.8
       -.6      23.1       -.1      15.9
       -.5      18.2        .2       9.2
       -.7      16.7        .3       7.7
 56815   .000000  -.878853  -.477092
  54891.7  13890.2      -.2     43.3     78.4     28.9
      -.2     86.6     75.7     15.6  29972.6  30840.6
      -8.7      49.5        .2      52.1
       -.7      24.0       -.1      15.3
       -.7      19.7        .1       9.1
      -1.1      19.6        .1       7.7
 56816   .000000  -.892036  -.451965
  57843.8  13672.4      -.2     43.3     78.4     28.9
      -.2     86.6     75.8     15.2  31866.3  32799.8
      -6.5      49.1       2.2      50.5
       -.9      23.7       -.1      16.4
       -.6      18.4        .3       8.8
       -.5      18.4        .4       7.5
 56817   .000000  -.903278  -.429057
  60869.1  13608.1      -.2     43.3     78.4     28.9
      -.2     86.6     75.7     15.2  33838.4  35204.1
      -8.5      48.1        .8      56.4
      -1.1      22.5       -.4      16.4
       -.3      17.2        .1       8.7
       -.7      16.4        .3       7.3
 56818   .000000  -.912924  -.408131
  63922.9  13537.7      -.2     43.3     78.4     28.9
      -.2     86.6     75.9     14.9  35900.2  36753.0
     -10.6      54.1       -.8      56.6
       -.8      23.1       -.1      16.9
       -.7      18.9        .0       8.7
      -1.1      17.4        .1       7.2
 56819   .000000  -.921250  -.388972
  67058.7  13454.7      -.2     43.3     78.4     28.9
      -.2     86.6     75.9     14.6  38020.6  39126.6
      -9.4      51.0        .7      60.1
      -1.1      24.4       -.2      15.7
       -.4      20.5        .1       8.5
       -.6      20.3        .2       7.1
 56820   .000000  -.928477  -.371391
  70307.0  13331.5      -.2     43.3     78.4     28.9
      -.2     86.6     75.8     14.6  40163.0  41319.7
     -11.9      52.7       2.1      56.9
      -1.1      23.5       -.1      17.5
       -.5      19.0        .1       8.4
       -.9      18.9        .1       6.9
 56821   .000000  -.934784  -.355218
  73611.0  13370.9      -.2     43.3     78.4     28.9
      -.2     86.6     76.0     14.2  41863.5  43290.4
     -11.0      53.5       1.6      62.0
       -.5      22.6        .0      17.2
       -.7      17.5        .0       8.3
       -.7      16.6        .1       6.7
 56822   .000000  -.940315  -.340305
  76744.8  13264.7      -.2     43.3     78.4     28.9
      -.2     86.6     76.2     14.1  44281.9  45450.1
     -11.8      54.0       2.2      62.9
       -.8      23.3       -.5      18.9
       -.4      19.1        .3       8.2
       -.9      17.7        .1       6.5
 56823   .000000  -.945190  -.326520
  79936.1  13277.3      -.2     43.3     78.4     28.9
      -.2     86.6     76.1     14.0  46645.2  47870.4
      -8.7      52.1      -1.0      64.5
       -.7      24.7       -.1      18.6
      -1.0      21.1        .0       8.3
       -.6      20.6        .2       6.5
 56824   .000000  -.949506  -.313750
  82966.4  13188.9      -.2     43.3     78.4     28.9
      -.2     86.6     76.3     13.8  48645.8  49944.4
      -9.6      52.6        .4      62.2
      -1.2      24.0       -.3      19.4
       -.4      19.5        .0       8.2
      -1.0      19.1        .0       6.3
 56825   .000000  -.953342  -.301892
  86421.8  13138.5      -.2     43.3     78.4     28.9
      -.2     86.6     76.1     13.7  51004.4  52666.1
      -8.9      50.4       2.5      63.2
       -.9      22.4       -.2      20.3
       -.7      18.0        .0       8.2
      -1.0      16.8        .0       6.2
 56826   .000000  -.956767  -.290857
  89938.9  13170.7      -.2     43.3     78.4     28.9
      -.2     86.6     76.3     13.7  53086.4  54182.1
     -10.1      49.3       1.7      65.8
       -.9      23.5        .0      20.7
       -.7      19.3        .1       7.8
       -.8      17.6        .1       6.2
 56827   .000000  -.959834  -.280567
  93184.8  13162.0      -.2     43.3     78.4     28.9
      -.2     86.6     76.3     13.5  55564.5  56681.2
      -9.3      48.9        .1      65.8
       -.9      25.5        .0      20.8
       -.4      21.0        .2       7.7
      -1.1      20.8        .2       6.3
 56828   .000000  -.962593  -.270952
  96336.5  13062.9      -.2     43.3     78.4     28.9
      -.2     86.6     76.4     13.3  56710.8  58146.3
     -10.0      51.3       4.8      70.5
      -1.1      24.0        .1      20.7
       -.5      19.7        .1       7.9
       -.7      19.3        .2       6.1
 56829   .000000  -.965081  -.261951
  99700.6  13049.5      -.2     43.3     78.4     28.9
      -.2     86.6     76.4     13.3  59066.5  60906.9
      -9.5      46.1       1.1      72.9
      -1.1      23.2       -.1      21.5
       -.9      18.1       -.1       7.8
       -.8      16.9        .2       6.0
 56830   .000000  -.967333  -.253508
 103162.3  13125.3      -.2     43.3     78.4     28.9
      -.2     86.6     76.5     13.1  61695.4  63607.1
      -9.0      51.3       2.8      75.3
       -.9      23.9       -.4      21.6
       -.5      19.1        .0       8.1
       -.9      17.9        .0       5.8
 56831   .000000  -.969377  -.245576
 106407.8  13137.4      -.2     43.3     78.4     28.9
      -.2     86.6     76.7     13.1  64527.3  66274.4
      -9.4      51.0       4.5      74.9
       -.9      25.2        .0      22.3
       -.5      21.2        .0       8.0
      -1.1      20.8        .1       5.9
 56832   .000000  -.971238  -.238110
 109862.7  13162.6      -.2     43.3     78.4     28.9
      -.2     86.6     76.7     13.0  65921.2  67350.8
      -9.7      50.1       1.2      76.7
      -1.2      25.1       -.5      24.3
       -.7      19.8        .1       8.4
      -1.0      19.3        .0       6.1
 56833   .000000  -.972937  -.231072
 113136.4  13114.7      -.2     43.3     78.4     28.9
      -.2     86.6     76.7     13.0  67584.7  70016.8
     -10.6      50.5        .9      78.3
      -1.7      23.7       -.3      23.4
       -.5      18.6        .0       8.1
       -.9      17.1        .1       5.8
 56834   .000000  -.974491  -.224428
 116357.4  13131.7      -.2     43.3     78.4     28.9
      -.2     86.6     76.6     12.9  69818.6  71739.6
     -11.2      49.6       1.7      77.4
      -1.3      24.0        .2      23.6
       -.8      19.4        .1       8.0
      -1.1      18.1        .1       5.8
 56835   .000000  -.975916  -.218146
 119445.2  13092.4      -.2     43.3     78.4     28.9
      -.2     86.6     76.9     12.9  72820.8  74601.4
     -10.2      49.6        .4      77.5
      -1.6      25.5        .1      25.3
       -.4      21.2        .3       8.0
       -.8      20.9        .0       5.8
 56836   .000000  -.977227  -.212198
 122780.2  13035.5      -.2     43.3     78.4     28.9
      -.2     86.6     76.9     12.6  75259.8  77734.0
      -9.8      51.6       1.3      78.0
      -1.5      25.4        .2      25.2
       -.6      20.2        .1       8.1
      -1.0      19.6        .1       5.7
 56837   .000000  -.978434  -.206558
 126394.9  13111.1      -.2     43.3     78.4     28.9
      -.2     86.6     77.0     12.6  76920.9  79285.1
      -9.9      51.1       3.3      81.6
      -1.7      23.9       -.4      26.3
      -1.1      18.2        .0       8.4
       -.8      17.4        .0       5.7
 56838   .000000  -.979549  -.201205
 129537.3  13016.3      -.2     43.3     78.4     28.9
      -.2     86.6     77.1     12.5  79910.4  82416.2
      -9.7      48.7       3.2      79.3
      -1.1      24.5        .0      24.3
       -.5      19.4        .2       9.1
      -1.0      18.0        .0       5.8
 56839   .000000  -.980581  -.196116
 132867.9  13109.3      -.2     43.3     78.4     28.9
      -.2     86.6     77.2     12.6  82199.5  84419.9
     -10.1      49.0       -.2      81.4
      -1.2      24.9        .0      26.5
       -.9      21.3        .1       8.2
       -.6      21.2        .1       6.1
 56840   .000000  -.981537  -.191274
 136685.6  13242.3      -.2     43.3     78.4     28.9
      -.2     86.6     77.1     12.4  84686.2  86399.0
     -12.5      49.5       2.3      87.8
      -1.7      25.1        .2      27.4
       -.5      20.2        .2       7.9
       -.8      19.5        .0       5.5
 56841   .000000  -.982424  -.186661
 139721.2  13104.7      -.2     43.3     78.4     28.9
      -.2     86.6     77.2     12.4  87579.9  89276.4
      -9.3      50.2        .6      87.8
      -2.0      24.4        .3      27.7
       -.8      18.5        .1       8.3
       -.8      17.6        .1       5.4
 56842   .000000  -.983250  -.182261
 143127.0  13033.0      -.2     43.3     78.4     28.9
      -.2     86.6     77.3     12.3  88228.2  90613.0
     -11.1      52.1       3.6      88.7
      -1.5      24.3        .3      28.2
       -.7      19.5        .0       8.3
       -.6      18.2        .0       5.3
 56843   .000000  -.984020  -.178061
 146510.2  13138.4      -.2     43.3     78.4     28.9
      -.2     86.6     77.1     12.4  90394.9  93153.2
     -11.1      50.8       1.1      90.6
      -1.4      25.7        .4      28.9
       -.7      21.4       -.1       8.4
      -1.0      20.9        .1       5.7
 56844   .000000  -.984737  -.174047
 150271.1  13046.5      -.2     43.3     78.4     28.9
      -.2     86.6     77.3     12.3  92708.6  95417.2
     -11.4      49.3        .1      89.9
      -1.8      24.9        .0      29.0
      -1.2      20.2        .1       8.9
       -.8      19.5        .1       5.4
 56845   .000000  -.985408  -.170207
 153428.8  13070.4      -.2     43.3     78.4     28.9
      -.2     86.6     77.3     12.2  94931.3  98292.7
      -9.4      49.2      -3.1      91.0
      -1.6      23.6        .1      29.5
       -.6      18.2        .1       9.2
       -.8      17.6        .1       5.5
 56846   .000000  -.986036  -.166531
 157075.2  13084.5      -.2     43.3     78.4     28.9
      -.2     86.6     77.2     12.2  97907.2 100896.4
     -10.9      54.9       2.1      90.9
      -1.8      25.0       -.4      30.9
       -.5      19.3        .1       9.8
       -.9      18.1        .0       5.3
 56847   .000000  -.986625  -.163008
 159907.9  13158.5      -.2     43.3     78.4     28.9
      -.2     86.6     77.4     12.1 100902.3 102911.6
     -10.0      52.3       1.9      90.5
      -1.7      26.2       -.2      30.1
       -.6      21.4        .1       9.4
       -.8      21.0        .0       6.0
 56848   .000000  -.987696  -.156385
 166861.3  13100.2      -.2     43.3     78.4     28.9
      -.2     86.6     77.7     12.0 105888.9 108452.3
     -11.3      50.0      -1.3      85.5
      -1.5      24.0        .1      30.8
       -.5      18.2        .2       9.5
       -.8      17.3        .1       5.9
 56849   .000000  -.988644  -.150274
 173716.7  13091.1      -.2     43.3     78.4     28.9
      -.2     86.6     77.5     12.0 110764.4 112785.5
     -12.4      51.0       1.3     104.9
      -1.5      26.2        .7      32.6
      -1.0      21.4        .1       9.6
       -.9      21.5        .1       5.3
 56850   .000000  -.989488  -.144617
 180790.1  13122.4      -.2     43.3     78.4     28.9
      -.2     86.6     77.6     11.9 115995.6 118683.9
     -11.2      49.6       1.1      93.7
      -2.0      24.2       -.5      33.8
       -.6      18.7        .1      10.1
       -.6      17.5        .1       5.1
 56851   .000000  -.990241  -.139367
 187399.7  13124.7      -.2     43.3     78.4     28.9
      -.2     86.6     77.5     12.0 119438.5 123088.2
     -12.7      56.0       9.7     100.5
      -1.7      26.7        .6      34.2
       -.6      21.7        .0      10.7
       -.9      21.0        .1       5.9
 56852   .000000  -.990916  -.134481
 194185.9  13147.0      -.2     43.3     78.4     28.9
      -.2     86.6     77.8     11.8 123528.8 126524.6
     -14.9      51.4       8.3      98.7
      -1.6      24.7        .5      36.4
       -.7      18.3        .2      10.8
       -.9      17.5        .1       5.7
 56853   .000000  -.991524  -.129924
 200879.8  13178.3      -.2     43.3     78.4     28.9
      -.2     86.6     77.8     11.8 127860.7 131543.1
      -9.9      52.4       -.5      98.2
      -1.7      26.6       -.5      36.2
       -.5      21.7        .3      11.8
       -.8      21.4        .1       5.7
 56854   .000000  -.992073  -.125663
 208191.0  13270.0      -.2     43.3     78.4     28.9
      -.2     86.6     77.6     11.7 133685.1 136716.7
     -10.5      47.9        .9     102.8
      -2.1      25.2        .5      38.7
       -.8      18.4        .0      10.8
       -.7      17.8       -.1       6.6
 56855   .000000  -.992571  -.121670
 214690.4  13183.1      -.2     43.3     78.4     28.9
      -.2     86.6     77.6     11.6 137903.7 141238.1
     -13.6      47.0      -2.5      96.5
      -1.9      26.9        .2      38.7
      -1.1      21.9        .0      12.0
      -1.0      21.0        .0       5.3
 56856   .000000  -.993023  -.117921
 221387.5  13194.0      -.2     43.3     78.4     28.9
      -.2     86.6     78.1     11.6 143688.4 146386.6
      -8.0      45.3       5.0     112.3
      -1.6      23.8        .0      38.3
       -.6      18.7        .1      12.1
       -.7      17.5        .1       6.1
 56857   .000000  -.993435  -.114396
 227871.2  13241.9      -.2     43.3     78.4     28.9
      -.2     86.6     78.0     11.5 148736.0 152356.9
     -12.2      49.0       3.3     107.0
      -1.9      26.3        .3      39.4
       -.6      21.7        .0      11.3
       -.6      21.2        .1       6.6
 56858   .000000  -.993812  -.111073
 235221.6  13379.0      -.2     43.3     78.4     28.9
      -.2     86.6     78.0     11.5 152444.9 156796.8
      -9.5      42.2       4.1     118.4
      -2.1      24.0       -.2      40.0
      -1.0      18.4        .1      12.4
       -.9      17.7        .0       5.9
 56859   .000000  -.994158  -.107937
 241965.4  13227.7      -.2     43.3     78.4     28.9
      -.2     86.6     77.8     11.5 157284.6 161295.2
      -5.1      42.7       4.2     110.6
      -2.2      26.1        .7      41.9
       -.3      21.7        .0      12.7
      -1.0      21.2        .1       6.9
 56860   .000000  -.994475  -.104972
 248773.2  13307.0      -.2     43.3     78.4     28.9
      -.2     86.6     78.0     11.4 163250.1 166973.7
      -7.3      39.4       3.9     112.4
      -1.9      23.5        .7      42.4
       -.8      18.6        .0      12.4
      -1.2      17.6        .2       6.8
 56861   .903278   .000000  -.429057
  60967.5  13001.4      -.2     39.0     78.4     28.9
      -.2     81.9     78.4     57.7  33623.7  35191.8
       2.6      82.7       8.2      43.1
       -.4      26.2       -.8      20.0
        .3       6.0      -1.5      14.0
        .1       5.0       -.8      12.4
 56862   .887877   .000000  -.460082
  57161.7  13754.1       .3     38.9     78.4     28.9
       .2     82.0     78.4     57.7  31475.6  32388.2
       2.0      79.1      10.1      48.2
        .0      25.8       -.1      21.7
        .5       6.7       -.5      15.0
        .0       5.0       -.2      12.8
 56863   .868777   .000000  -.495203
  52866.9  14618.0       .2     39.1     78.4     28.9
       .2     82.0     78.4     57.7  28989.4  29747.7
      -2.4      77.1       7.2      44.6
       -.8      23.8       -.5      18.9
        .2       5.0       -.8      12.8
        .2       5.0       -.2      11.2
 56864   .844819   .000000  -.535052
  49042.2  15781.9       .3     39.0     78.4     28.9
       .4     82.1     78.4     57.7  26596.6  27542.6
       3.0      79.2       7.6      46.7
       1.7      20.4        .2      19.7
        .1       5.0       -.3      13.4
        .1       5.0        .4      11.8
 56865   .814421   .000000  -.580275
  45521.3  17493.7       .2     39.1     78.4     28.9
       .2     82.1     78.2      6.1  24156.7  25142.2
       -.1      73.6       8.8      46.3
       -.7      21.0        .8      17.5
        .2       5.0        .4      11.6
        .5       5.0        .6       9.7
 56866   .775436   .000000  -.631426
  41993.5  20125.0      -.4     38.8     78.4     28.9
      -.3     81.9     75.8     11.9  21869.6  22701.4
      -4.1      74.6       7.4      49.2
        .2      17.0       1.2      17.3
        .2       5.0       1.8      11.8
        .1       5.0       1.8      10.0
 56867   .724999   .000000  -.688749
  39057.0  24614.2       .2     39.0     78.4     28.9
       .2     82.0     75.6     23.9  19746.6  20616.9
       3.8      80.0      10.4      52.6
        .3      12.3       1.9      15.4
        .1       5.0       1.9       9.7
        .3       5.0       2.0       8.1
 56868   .659438   .000000  -.751759
  35887.7  27613.1      -.1     38.9     75.8      7.9
       .0     82.0     75.5     36.0  18127.6  18825.8
       2.8      69.6       9.8      55.4
        .4      12.1       1.2      10.1
        .1       5.0       1.2       6.5
        .2       5.0       1.5       5.4
 56869   .574426   .000000  -.818557
  33140.1  27445.7      -.2     38.6     75.9     18.9
      -.1     81.8     76.0     47.5  16185.5  16950.0
       3.0      70.2      10.0      63.0
        .4      12.1        .6       8.1
        .3       5.0       1.0       3.4
        .2       5.0       1.3       3.0
 56870   .465746   .000000  -.884918
  30788.2  25325.0      -.3     39.0     79.4     22.5
      -.2     82.1     79.5     51.1  14996.1  15598.5
       4.8      66.1       9.0      72.1
        .4      11.7        .5      12.1
        .2       5.0        .9       5.4
        .1       5.0        .6       4.4
 56871   .331088   .000000  -.943600
  28525.7  23274.5       .0     39.3     76.8     13.1
       .0     82.3     76.8     41.8  13500.1  14036.0
       -.7      67.6       5.5      57.2
        .7       7.9       -.2       8.3
        .1       5.1       -.1       5.3
        .1       5.0        .0       4.8
 56872   .254493   .000000  -.967075
  27574.0  21218.3      -.1     39.3     76.3      8.2
      -.1     82.5     76.4     36.4  13142.6  13605.6
       -.2      68.7       2.3      44.5
       -.1      10.6       -.4       9.9
        .1       5.0        .2       6.9
        .3       5.0        .5       6.0
 56873   .172799   .000000  -.984957
  26852.1  18502.0       .4     39.6     76.4      4.7
       .4     82.7     76.1     31.2  12699.8  13147.5
       7.8      68.0       1.1      40.5
        .5       9.2       -.1      12.1
        .0       5.0        .1       8.5
        .2       5.0        .1       7.9
 56874   .087384   .000000  -.996175
  26354.0  16124.7      -.1     39.6     78.1      6.0
      -.1     82.9     75.9     25.8  12560.1  13043.1
       -.3      66.8       1.2      40.7
        .1       8.8        .1      14.8
        .4       5.0        .7      10.1
        .1       5.0        .5       9.1
 56875   .000000   .000000 -1.000000
  26191.8  13757.7       .3     39.8     78.4     28.9
       .3     82.9     75.9     20.4  12325.5  12907.9
       1.1      66.6        .5      40.2
       -.4       6.9        .0      17.2
        .4       5.0        .5      12.0
        .4       5.0        .9      10.6
 56876  -.087384   .000000  -.996175
  26167.6  12226.0       .1     39.9     78.4     28.9
       .1     83.1     75.8     15.6  12506.0  12893.8
        .9      69.1       -.5      39.9
        .9       8.6       -.2      19.0
        .2       5.0        .3      13.3
        .2       5.0        .6      12.3
 56877  -.172799   .000000  -.984957
  26484.9  11056.5       .0     40.1     78.4     28.9
      -.1     83.2     76.1     11.4  12809.6  13243.3
      -4.1      64.7      -1.4      40.4
        .1       8.4       -.1      20.1
        .4       5.0       -.1      13.9
        .1       5.0        .5      13.5
 56878  -.254493   .000000  -.967075
  27059.8  10090.6      -.1     40.0     78.4     28.9
      -.1     83.3     76.0      8.7  12432.7  13132.5
        .2      68.2      -1.0      40.3
       -.2       8.5        .0      19.9
        .2       5.0       -.6      14.4
        .2       5.0       -.3      14.1
 56879  -.331088   .000000  -.943600
  27627.4   9453.3       .1     40.2     78.4     28.9
       .1     83.4     75.9      8.9  13384.6  13965.8
        .9      68.2      -3.3      43.2
        .2       9.2       -.8      21.4
        .0       5.0       -.2      15.3
        .1       5.0       -.6      14.6
 56880  -.465746   .000000  -.884918
  29623.3   8491.3       .1     40.3     78.4     28.9
       .1     83.5     78.4     57.7  14927.7  15316.2
      -1.7      68.3      -2.9      42.5
        .4      11.7      -1.4      23.4
        .4       5.0      -1.0      17.7
        .2       5.0       -.3      16.7
 56881  -.574426   .000000  -.818557
  32029.6   7947.1       .0     40.2     78.4     28.9
       .0     83.5     78.4     57.7  15490.4  16318.6
        .4      72.6      -5.6      42.5
        .2      12.7      -1.6      23.3
        .1       5.0      -1.3      17.6
        .4       5.0      -1.6      17.1
 56882  -.659438   .000000  -.751759
  35124.3   7709.8       .1     40.3     78.4     28.9
       .1     83.5     78.4     57.7  18088.1  18755.7
        .0      77.1      -6.2      45.9
        .1      16.3      -2.3      25.4
        .2       5.0      -1.9      19.0
        .6       5.0      -1.9      18.4
 56883  -.724999   .000000  -.688749
  38397.6   7465.2      -.1     40.3     78.4     28.9
      -.1     83.5     78.4     57.7  19627.1  20475.1
        .4      75.3      -6.7      43.1
        .0      19.1      -2.7      24.5
        .1       5.0      -2.3      18.6
        .2       5.0      -2.2      18.2
 56884  -.775436   .000000  -.631426
  41863.6   7399.4      -.4     40.5     78.4     28.9
      -.3     83.5     78.4     57.7  21988.8  22664.5
      -1.1      72.0      -6.8      42.4
       1.6      19.0      -2.3      26.2
       -.1       5.0      -2.7      19.9
        .1       5.0      -2.5      19.0
 56885  -.814421   .000000  -.580275
  45562.1   7342.1      -.2     40.3     78.4     28.9
      -.2     83.3     78.4     57.7  23889.1  24715.8
        .8      79.0      -6.3      42.2
       -.3      19.5      -2.8      24.8
        .2       5.0      -2.8      19.5
        .3       5.0      -3.4      18.9
 56886  -.844819   .000000  -.535052
  49540.2   7298.7       .3     40.1     78.4     28.9
       .2     83.1     78.4     57.7  26466.5  27393.4
        .4      75.9      -9.4      44.2
       -.3      22.4      -3.2      26.1
        .1       5.1      -2.9      20.1
        .2       5.0      -3.4      19.4
 56887  -.868777   .000000  -.495203
  53684.2   7331.0       .1     39.9     78.4     28.9
       .1     83.0     78.4     57.7  29411.0  30435.0
      -2.6      80.0      -7.9      42.5
        .3      24.2      -3.3      24.9
       -.2       8.9      -3.0      19.7
       -.1       5.0      -3.8      19.3
 56888  -.887877   .000000  -.460082
  57534.3   7332.5      -.2     40.1     78.4     28.9
      -.1     82.9     78.4     57.7  31546.3  32979.9
       1.5      78.5      -8.3      40.9
        .0      27.5      -3.3      25.5
        .5       6.0      -3.2      20.5
        .4       5.0      -3.9      19.6
 56889  -.903278   .000000  -.429057
  61656.6   7349.7      -.2     40.0     78.4     28.9
      -.2     82.8     78.4     57.7  34070.6  35368.2
       3.6      83.1      -8.4      38.8
       -.2      27.7      -3.4      24.4
        .4       6.6      -3.4      19.9
        .4       5.0      -3.8      19.5
 56890   .840060  -.367526  -.399028
  65537.4  14062.5      -.2     43.3     78.4     28.9
      -.1     18.1     78.4     57.7  37188.9  38331.6
      -6.1      57.1       5.3      44.0
       -.7      24.4      -1.1      19.6
        .0      15.6      -1.6      13.7
        .0      13.1      -1.3      12.0
 56891   .817505  -.390173  -.423616
  61711.5  15027.5      -.2     43.3     78.4     28.9
      -.3     18.5     78.4     57.7  34884.8  35606.3
      -4.8      60.1       8.3      49.0
       -.5      24.5       -.5      21.1
       -.2      15.9       -.7      14.6
       -.2      13.1       -.6      12.6
 56892   .790440  -.414981  -.450551
  58189.6  15988.9      -.2     43.3     78.4     28.9
      -.3     19.0     78.4     57.7  32043.2  32938.4
      -4.5      60.0       7.0      50.2
       -.8      25.0       -.1      19.0
       -.1      16.2       -.9      12.7
       -.2      13.5       -.7      10.8
 56893   .757796  -.442047  -.479937
  54647.7  17806.3      -.2     43.3     78.4     28.9
      -.3     19.7     78.4     57.7  29953.3  31061.2
      -5.4      59.4       9.2      50.5
       -.1      25.5        .2      20.2
       -.3      16.3        .0      13.2
       -.4      13.7        .5      11.3
 56894   .718269  -.471364  -.511767
  51436.4  19362.3      -.2     43.3     78.4     28.9
      -.3     20.1     78.2      6.7  27721.7  28710.1
      -5.7      59.5       8.7      51.7
        .0      25.5        .2      17.4
       -.2      16.7        .5      11.4
       -.1      13.9        .5       9.6
 56895   .670317  -.502738  -.545830
  48255.8  21315.6      -.2     43.3     78.4     28.9
      -.3     20.7     75.2     11.1  25498.8  26466.1
      -7.4      60.0       8.4      51.7
       -.5      26.3       1.1      17.5
       -.2      17.0       1.1      11.0
       -.2      14.2       1.3       9.4
 56896   .612205  -.535679  -.581595
  45366.5  22081.9      -.2     43.3     78.4     28.9
      -.6     21.2     75.0     23.1  23754.5  24726.8
      -7.9      58.8       9.1      52.7
        .1      26.1       1.6      15.2
       -.4      16.9       1.8       9.1
       -.3      14.2       1.8       7.6
 56897   .542159  -.569267  -.618061
  42812.3  21101.1      -.2     43.3     75.4      7.4
      -.6     21.7     75.2     35.4  22090.9  23123.1
      -5.8      58.3       7.9      54.4
       -.7      27.1       1.1      11.3
       -.4      17.8       1.2       6.2
       -.4      14.5       1.3       5.3
 56898   .458673  -.602008  -.653609
  40420.4  19903.0      -.2     43.3     75.5     18.5
      -.4     22.5     75.5     47.1  20558.4  21240.2
      -6.4      60.1       7.6      65.3
       -.5      26.6        .5      10.7
       -.1      17.6        .9       3.5
       -.6      14.5       1.2       3.0
 56899   .361020  -.631785  -.685938
  38551.8  18959.5      -.2     43.3     79.8     22.5
      -.6     22.8     79.7     51.3  19831.6  20548.8
      -6.3      58.0       7.2      79.4
       -.3      27.4        .6      17.8
       -.2      17.6        .9       5.6
       -.4      14.8        .7       4.6
 56900   .249898  -.655981  -.712208
  37082.2  18132.8      -.2     43.3     76.8     12.4
      -.8     23.2     76.8     41.0  18878.9  19594.6
      -6.7      59.3       7.0      57.8
       -.2      28.1       -.3       9.4
       -.4      17.9       -.1       4.8
       -.3      15.0        .1       4.4
 56901   .190037  -.665130  -.722141
  36348.5  17877.9      -.2     43.3     76.2      7.1
      -.9     23.7     76.4     35.5  18312.6  19009.1
      -4.9      59.6       2.8      50.4
       -.7      27.6       -.1      10.4
        .0      17.9        .2       6.2
       -.6      15.4        .2       5.6
 56902   .127982  -.671905  -.729496
  35897.8  17504.2      -.2     43.3     76.3      4.2
      -.3     23.8     75.9     29.6  18117.1  18743.7
      -8.0      58.0        .3      44.4
       -.8      27.5       -.2      12.0
       -.6      18.1        .0       7.8
        .0      15.4        .4       7.0
 56903   .064388  -.676070  -.734019
  35785.8  17187.1      -.2     43.3     78.4     28.9
      -.5     24.0     75.7     23.9  17885.4  18724.7
      -7.9      61.2       -.8      44.6
       -.7      27.7        .4      14.4
       -.2      18.3        .6       9.3
       -.5      15.7        .5       8.3
 56904   .000000  -.677476  -.735545
  35505.5  16242.9      -.2     43.3     78.4     28.9
      -.7     24.2     75.7     18.2  17847.5  18531.4
      -7.3      59.5       -.3      44.8
       -.9      27.2        .3      16.0
       -.2      18.3        .4      10.9
       -.4      15.8        .6       9.6
 56905  -.064388  -.676070  -.734019
  35608.3  15247.4      -.2     43.3     78.4     28.9
      -.3     24.4     75.7     12.9  17739.7  18468.1
      -6.3      60.0       -.9      43.9
       -.3      27.3       -.2      17.3
       -.3      18.4       -.1      11.9
       -.6      16.0        .3      10.7
 56906  -.127982  -.671905  -.729496
  35671.3  14027.9      -.2     43.3     78.4     28.9
      -.1     24.3     75.6      8.8  17707.2  18430.5
      -7.4      60.7      -2.4      44.0
       -.8      27.4       -.9      17.8
       -.3      18.0       -.4      12.4
       -.4      16.0       -.1      11.7
 56907  -.190037  -.665130  -.722141
  36131.3  13342.8      -.2     43.3     78.4     28.9
      -.3     24.1     76.0      8.5  18159.1  18682.4
      -5.3      56.8      -2.6      42.7
       -.8      27.8      -1.1      17.9
       -.2      18.2       -.6      12.7
       -.4      16.0       -.7      11.9
 56908  -.249898  -.655981  -.712208
  36731.0  12526.2      -.2     43.3     78.4     28.9
      -.4     24.1     79.3     12.2  18747.9  19471.5
      -8.7      60.5      -1.5      44.0
       -.1      27.8       -.6      19.7
       -.1      18.1       -.4      14.0
       -.2      16.2       -.3      13.0
 56909  -.361020  -.631785  -.685938
  37801.4  10943.5      -.2     43.3     78.4     28.9
      -.5     23.7     78.4     57.7  19475.8  20166.1
      -6.1      58.4      -2.8      43.5
       -.2      26.7      -1.1      20.7
       -.5      17.7      -1.4      15.4
       -.4      15.7       -.9      15.0
 56910  -.458673  -.602008  -.653609
  39774.3  10134.3      -.2     43.3     78.4     28.9
      -.2     23.4     78.4     57.7  20731.1  21252.4
      -5.8      57.7      -4.7      41.6
       -.1      26.6      -1.7      21.7
       -.2      17.8      -1.5      15.9
       -.3      15.5      -1.2      15.3
 56911  -.542159  -.569267  -.618061
  42327.3   9443.9      -.2     43.3     78.4     28.9
       .0     22.7     78.4     57.7  22321.0  23081.6
      -5.9      58.7      -5.3      44.3
       -.5      26.7      -2.3      23.6
       -.4      17.6      -2.0      18.0
       -.2      15.0      -1.5      16.8
 56912  -.612205  -.535679  -.581595
  44741.7   8935.9      -.2     43.3     78.4     28.9
      -.5     22.0     78.4     57.7  23832.6  24810.8
      -6.3      57.3      -5.5      41.0
       -.1      26.2      -2.3      22.7
       -.4      17.2      -2.2      17.7
       -.3      14.9      -2.1      17.1
 56913  -.670317  -.502738  -.545830
  47752.7   8516.5      -.2     43.3     78.4     28.9
      -.4     21.3     78.4     57.7  25947.8  26748.5
      -8.2      61.0      -8.6      43.3
       -.1      25.3      -2.4      24.3
       -.5      16.7      -2.9      18.9
       -.7      14.4      -2.6      18.1
 56914  -.718269  -.471364  -.511767
  51168.3   8405.7      -.2     43.3     78.4     28.9
      -.1     20.7     78.4     57.7  27587.3  28583.4
      -5.2      61.1      -6.5      42.6
        .0      25.3      -2.4      23.9
       -.2      16.3      -2.6      18.3
       -.3      14.2      -2.4      18.0
 56915  -.757796  -.442047  -.479937
  54602.6   8145.1      -.2     43.3     78.4     28.9
      -.4     19.9     78.4     57.7  30332.8  31249.9
      -5.0      58.2      -6.2      41.2
       -.7      24.8      -3.2      24.7
       -.1      15.9      -2.6      19.4
       -.4      13.9      -2.8      19.1
 56916  -.790440  -.414981  -.450551
  58164.0   8042.8      -.2     43.3     78.4     28.9
       .2     19.6     78.4     57.7  32299.7  33374.4
      -4.2      61.5      -8.6      37.7
       -.7      24.7      -3.4      23.8
       -.4      16.0      -2.9      19.4
       -.4      13.6      -2.9      18.8
 56917  -.817505  -.390173  -.423616
  61931.8   8061.0      -.2     43.3     78.4     28.9
      -.2     18.9     78.4     57.7  34847.5  35823.1
      -5.9      60.2      -8.8      42.3
      -1.0      24.2      -3.3      25.3
       -.2      15.7      -3.4      19.9
       -.4      13.3      -3.0      19.6
 56918  -.840060  -.367526  -.399028
  65693.8   7977.6      -.2     43.3     78.4     28.9
       .0     18.4     78.4     57.7  36814.5  38454.4
      -5.8      60.1      -8.5      37.6
       -.3      24.3      -3.6      23.9
       -.1      15.6      -3.0      19.4
       -.3      13.1      -3.3      19.1
 56919   .708659  -.620076  -.336613
  77768.4  16215.8      -.2     43.3     78.4     28.9
      -.2     86.6     78.4     57.7  45304.5  46772.8
      -9.3      54.5       7.8      49.0
       -.6      23.0       -.9      20.5
       -.2      17.6      -1.5      12.7
       -.2      16.3      -1.5      11.0
 56920   .677337  -.646549  -.350984
  74737.0  16290.0      -.2     43.3     78.4     28.9
      -.2     86.6     78.4     57.7  42756.3  43855.5
     -11.2      54.5      10.2      50.5
       -.7      23.1       -.4      20.7
       -.2      17.9       -.6      13.5
       -.2      16.8       -.7      11.6
 56921   .641844  -.673936  -.365851
  71655.6  17182.6      -.2     43.3     78.4     28.9
      -.2     86.6     78.4     57.7  40192.5  41600.9
     -10.4      52.7       8.1      50.7
       -.6      22.6       -.2      18.7
       -.4      17.7       -.8      11.6
       -.5      17.1       -.6      10.0
 56922   .601687  -.701968  -.381068
  68768.4  17051.8      -.2     43.3     78.4     28.9
      -.2     86.6     78.4     57.7  38193.7  39454.9
      -6.2      49.0       8.2      54.5
       -.4      23.1        .0      19.3
        .0      18.0       -.2      11.6
       -.5      17.3        .1      10.0
 56923   .556388  -.730259  -.396426
  66344.8  16687.1      -.2     43.3     78.4     28.9
      -.2     86.6     78.4     57.7  37612.9  38766.2
      -8.4      50.6      10.0      56.5
       -.9      23.1       1.0      19.0
        .2      18.5        .1      10.5
       -.2      17.7        .1       8.8
 56924   .505524  -.758286  -.411641
  63674.1  16180.0      -.2     43.3     78.4     28.9
      -.2     86.6     75.3      9.2  35249.2  36225.7
      -7.8      51.2       7.7      55.8
       -.4      23.1        .9      17.2
       -.3      18.5        .7       9.8
       -.6      17.8       1.0       8.2
 56925   .448787  -.785377  -.426348
  61457.8  15629.1      -.2     43.3     78.4     28.9
      -.2     86.6     74.8     21.5  34410.0  35301.0
      -7.9      51.8       7.3      58.0
       -.9      23.3       1.8      16.2
       -.2      19.1       1.5       8.4
      -1.0      18.2       1.8       6.9
 56926   .386057  -.810720  -.440105
  59577.7  15120.4      -.2     43.3     75.0      6.0
      -.2     86.6     74.6     34.2  33752.7  34407.7
      -9.6      49.9       8.4      62.9
       -.3      23.7        .6      14.6
       -.7      19.0        .9       5.7
       -.7      18.7       1.1       4.9
 56927   .317480  -.833386  -.452409
  57917.2  14741.5      -.2     43.3     74.6     17.9
      -.2     86.6     74.7     46.4  32620.8  33379.8
      -8.9      49.7       5.9      76.4
       -.6      23.1       -.2      21.1
       -.6      19.3        .8       3.6
       -.4      18.7        .9       3.0
 56928   .243541  -.852392  -.462727
  56664.1  14416.5      -.2     43.3     79.4     22.2
      -.2     86.6     79.4     50.7  31103.4  32179.8
      -9.9      53.2       8.6      88.3
       -.7      23.8        .8      27.4
       -.5      19.5        .8       8.0
       -.7      18.9        .3       4.8
 56929   .165103  -.866792  -.470544
  55636.6  14166.8      -.2     43.3     77.1     11.4
      -.2     86.6     77.2     40.2  30572.9  31526.1
      -9.4      53.4       2.2      68.3
       -.7      23.7       -.5      15.6
       -.6      19.2       -.1       4.9
       -.7      19.4        .0       4.0
 56930   .124573  -.872008  -.473376
  55268.0  14054.3      -.2     43.3     76.5      5.6
      -.2     86.6     76.4     34.2  30374.7  31437.3
      -9.4      51.5       4.3      59.5
       -.7      24.1       -.2      13.8
       -.7      19.7       -.2       6.1
       -.5      19.3        .1       4.9
 56931   .083409  -.875791  -.475429
  54816.8  14026.6      -.2     43.3     76.0      2.9
      -.2     86.6     76.3     27.9  29613.1  30756.6
     -10.4      50.8        .9      57.8
       -.8      23.9        .1      13.3
       -.4      19.5        .3       7.0
       -.7      19.4        .1       5.9
 56932   .041814  -.878085  -.476675
  54832.5  13921.1      -.2     43.3     78.4     28.9
      -.2     86.6     76.0     21.7  30015.2  30896.1
     -10.0      53.5       3.7      56.4
       -.5      24.2        .2      15.5
       -.9      19.6        .3       8.0
       -.7      19.7        .4       6.8
 56933   .000000  -.878853  -.477092
  54740.6  13863.4      -.2     43.3     78.4     28.9
      -.2     86.6     75.6     15.6  29797.4  30721.1
      -8.1      50.1       -.8      53.6
       -.5      24.2       -.4      15.9
       -.3      19.5        .2       8.9
       -.9      19.4        .2       7.6
 56934  -.041814  -.878085  -.476675
  54735.8  13890.6      -.2     43.3     78.4     28.9
      -.2     86.6     75.5      9.6  29871.7  30575.8
      -6.7      49.4       -.3      48.3
       -.4      23.6       -.8      15.9
       -.3      19.8       -.4       9.7
       -.8      19.8       -.3       8.1
 56935  -.083409  -.875791  -.475429
  54721.2  13864.0      -.2     43.3     78.4     28.9
      -.2     86.6     75.4      5.3  30173.3  31321.5
     -11.0      53.2       -.5      50.9
       -.5      23.8      -1.0      15.3
       -.7      19.4       -.9       9.8
       -.3      19.5       -.6       8.7
 56936  -.124573  -.872008  -.473376
  55102.2  13864.9      -.2     43.3     78.4     28.9
      -.2     86.6     76.0      6.0  30368.1  31553.1
      -9.1      51.1      -2.1      48.4
       -.3      24.3       -.7      16.3
       -.6      19.7       -.7      10.5
       -.5      19.5       -.7       9.2
 56937  -.165103  -.866792  -.470544
  55296.3  13688.8      -.2     43.3     78.4     28.9
      -.2     86.6     78.4     57.7  30716.7  31643.7
      -7.7      50.9      -1.7      46.5
       -.6      24.2       -.8      17.7
       -.5      19.7       -.8      11.6
       -.1      19.4       -.5      10.2
 56938  -.243541  -.852392  -.462727
  56433.2  13546.5      -.2     43.3     78.4     28.9
      -.2     86.6     78.4     57.7  30676.4  31733.3
     -10.6      53.4      -3.6      45.3
       -.2      24.5      -1.6      18.0
       -.6      19.4      -1.5      12.6
       -.2      19.4      -1.2      11.6
 56939  -.317480  -.833386  -.452409
  57510.6  12932.6      -.2     43.3     78.4     28.9
      -.2     86.6     78.4     57.7  30815.1  32032.4
      -8.0      51.7      -5.5      43.1
       -.5      23.5      -1.7      18.8
        .0      19.3      -1.6      13.4
       -.3      19.4      -1.6      12.2
 56940  -.386057  -.810720  -.440105
  59288.9  12479.7      -.2     43.3     78.4     28.9
      -.2     86.6     78.4     57.7  32921.8  33877.0
      -7.5      50.9      -3.8      41.2
       -.7      24.2      -2.5      19.8
       -.5      19.4      -2.3      14.7
       -.5      18.9      -2.0      13.9
 56941  -.448787  -.785377  -.426348
  61147.7  11848.8      -.2     43.3     78.4     28.9
      -.2     86.6     78.4     57.7  34042.7  35412.6
      -9.0      55.4      -4.8      42.4
        .1      24.2      -2.4      20.6
       -.1      19.2      -2.1      14.8
       -.4      18.5      -2.4      13.5
 56942  -.505524  -.758286  -.411641
  63248.9  11300.5      -.2     43.3     78.4     28.9
      -.2     86.6     78.4     57.7  35644.1  36798.7
      -7.4      52.5      -6.9      40.2
       -.7      23.8      -2.9      21.6
        .0      18.7      -2.4      16.3
       -.3      18.3      -2.3      15.4
 56943  -.556388  -.730259  -.396426
  65818.8  10797.3      -.2     43.3     78.4     28.9
      -.2     86.6     78.4     57.7  37557.9  38565.9
      -9.3      54.2      -7.7      40.0
       -.7      23.3      -3.2      21.2
       -.4      18.6      -3.0      16.0
       -.4      17.9      -2.9      14.8
 56944  -.601687  -.701968  -.381068
  68493.2  10404.4      -.2     43.3     78.4     28.9
      -.2     86.6     78.4     57.7  39379.5  40207.0
     -10.2      53.9      -7.7      41.2
       -.5      23.4      -3.1      22.5
       -.3      18.3      -2.9      17.5
       -.2      17.6      -2.7      16.3
 56945  -.641844  -.673936  -.365851
  71431.8  10043.7      -.2     43.3     78.4     28.9
      -.2     86.6     78.4     57.7  40408.1  41776.8
      -7.4      53.8      -8.9      39.6
       -.3      23.2      -3.2      21.7
       -.2      18.1      -3.1      17.1
       -.5      17.3      -3.0      15.9
 56946  -.677337  -.646549  -.350984
  73993.0   9670.9      -.2     43.3     78.4     28.9
      -.2     86.6     78.4     57.7  41487.3  42913.3
      -7.0      49.6      -7.2      36.7
       -.1      22.7      -3.1      22.8
       -.4      17.7      -3.6      17.7
       -.4      17.0      -3.1      17.1
 56947  -.708659  -.620076  -.336613
  77467.8   9468.3      -.2     43.3     78.4     28.9
      -.2     86.6     78.4     57.7  44796.6  46184.5
      -8.3      57.8      -9.3      37.3
       -.4      23.1      -3.5      22.1
       -.3      17.9      -3.5      17.7
       -.1      16.6      -3.2      16.5
 56948   .482910  -.845093  -.229382
 114007.8  14898.0      -.2     43.3     78.4     28.9
      -.2     86.6     78.4     57.7  68939.2  70893.7
      -8.6      49.5       3.3      53.6
      -1.5      23.1       -.7      21.5
       -.6      17.3      -1.6      11.2
       -.3      16.2      -1.8       9.4
 56949   .451149  -.861285  -.233777
 111881.6  14731.3      -.2     43.3     78.4     28.9
      -.2     86.6     78.4     57.7  67747.7  69781.0
      -9.9      50.8       7.9      57.4
       -.9      22.2       -.7      22.1
       -.8      17.4      -1.1      11.0
       -.4      16.1      -1.3       9.4
 56950   .417577  -.876913  -.238019
 109799.5  14461.4      -.2     43.3     78.4     28.9
      -.2     86.6     78.4     57.7  65989.4  67579.3
      -8.9      49.3       8.7      63.0
      -1.2      22.6       -.3      21.7
       -.5      17.6      -1.1      10.4
      -1.1      16.4       -.7       8.5
 56951   .382204  -.891810  -.242063
 107937.2  14227.3      -.2     43.3     78.4     28.9
      -.2     86.6     78.4     57.7  64898.4  67102.7
     -10.1      50.7       6.1      64.3
      -1.1      22.7        .1      22.1
       -.3      17.7       -.7       9.9
       -.9      16.5       -.4       8.1
 56952   .345068  -.905804  -.245861
 106429.1  13981.9      -.2     43.3     78.4     28.9
      -.2     86.6     78.4     57.7  63053.2  65462.8
     -10.8      55.4       9.4      72.6
      -1.0      22.9       1.0      23.4
       -.8      17.9       -.1       9.3
       -.7      16.8        .1       7.3
 56953   .306238  -.918714  -.249365
 104678.7  13746.3      -.2     43.3     78.4     28.9
      -.2     86.6     74.9      6.5  62960.1  64925.5
      -9.9      50.9       8.6      72.6
      -1.4      23.0        .6      22.2
       -.7      17.9        .2       8.3
       -.8      16.7        .2       6.7
 56954   .265817  -.930361  -.252527
 103588.1  13708.0      -.2     43.3     78.4     28.9
      -.2     86.6     74.4     19.3  62358.9  63968.6
      -8.6      47.6       9.0      82.3
      -1.3      23.2       1.5      24.4
       -.6      17.9       1.3       7.6
       -.8      16.6       1.2       5.8
 56955   .223945  -.940570  -.255298
 102492.5  13449.8      -.2     43.3     74.2      4.2
      -.2     86.6     74.2     32.5  61617.8  63482.6
     -11.9      52.5       9.5      91.6
      -1.3      23.4        .8      26.0
       -.6      17.9        .7       7.2
       -.7      16.7        .7       4.4
 56956   .180796  -.949177  -.257634
 101608.1  13444.1      -.2     43.3     74.0     16.7
      -.2     86.6     74.1     45.2  60378.0  61847.6
     -10.0      53.0       4.5      96.5
      -1.2      23.1        .0      37.5
       -.6      17.7        .5       7.8
       -.9      16.7        .5       3.2
 56957   .136577  -.956038  -.259496
 100544.4  13244.0      -.2     43.3     79.5     21.7
      -.2     86.6     79.6     50.1  59297.4  61551.9
      -9.2      50.8       8.0     102.5
       -.9      23.0       1.2      46.9
       -.7      17.6        .9      11.7
       -.7      17.0        .3       6.5
 56958   .091527  -.961030  -.260851
 100026.3  13187.4      -.2     43.3     78.0     10.6
      -.2     86.6     78.2     39.1  59607.6  61522.7
      -8.7      51.7       7.3      92.5
      -1.1      23.6        .0      29.8
       -.8      18.0        .1       6.7
       -.9      16.7        .1       3.8
 56959   .068771  -.962796  -.261330
  99816.8  13103.4      -.2     43.3     77.2     11.7
      -.2     86.6     77.6     32.8  59821.7  61490.4
     -12.0      51.2       1.3      84.2
      -1.3      23.2        .3      25.3
       -.8      17.9        .1       6.0
       -.8      17.0        .2       4.4
 56960   .045908  -.964064  -.261674
  99917.6  13129.9      -.2     43.3     78.4     28.9
      -.2     86.6     77.1     26.2  59427.3  61360.1
      -9.6      49.3       1.9      78.1
      -1.3      22.5        .3      22.1
       -.8      18.2        .3       7.1
       -.8      16.9        .3       4.9
 56961   .022972  -.964827  -.261882
  99492.0  13047.1      -.2     43.3     78.4     28.9
      -.2     86.6     76.7     19.9  59890.3  61717.1
     -11.3      46.3       1.2      71.4
       -.9      23.2        .5      21.8
       -.7      18.4        .5       7.8
      -1.0      17.3        .4       5.6
 56962   .000000  -.965081  -.261951
  99766.6  13111.1      -.2     43.3     78.4     28.9
      -.2     86.6     76.6     13.2  59100.9  61065.2
     -10.8      47.3       5.0      70.2
       -.8      23.0       -.5      20.2
       -.7      18.3        .0       7.9
       -.6      16.9        .2       6.1
 56963  -.022972  -.964827  -.261882
  99479.2  13110.0      -.2     43.3     78.4     28.9
      -.2     86.6     76.3      6.8  58947.8  60571.3
      -9.5      46.4       -.4      70.3
      -1.2      23.1       -.8      20.9
       -.8      18.1       -.6       7.7
       -.9      17.2       -.5       6.2
 56964  -.045908  -.964064  -.261674
  99978.7  13089.0      -.2     43.3     78.4     28.9
      -.2     86.6     75.2      2.9  60076.9  61455.6
     -11.6      52.2      -1.1      68.8
       -.7      23.3       -.7      20.7
       -.9      18.5      -1.1       7.7
       -.4      17.2       -.9       6.3
 56965  -.068771  -.962796  -.261330
  99835.4  13094.2      -.2     43.3     78.4     28.9
      -.2     86.6     78.4     57.7  58711.2  60533.4
      -9.3      47.8        .6      65.6
      -1.0      22.7       -.8      19.6
       -.4      18.0       -.7       9.0
      -1.3      17.1       -.9       6.9
 56966  -.091527  -.961030  -.260851
  99863.6  13156.0      -.2     43.3     78.4     28.9
      -.2     86.6     78.4     57.7  59706.6  61361.3
      -9.3      51.8      -1.6      63.9
      -1.4      22.5      -1.0      19.4
       -.7      18.4      -1.1       9.3
      -1.0      17.3      -1.0       7.7
 56967  -.136577  -.956038  -.259496
 100347.8  13295.8      -.2     43.3     78.4     28.9
      -.2     86.6     78.4     57.7  60050.7  61893.5
     -10.6      49.2      -2.5      55.0
       -.8      23.4      -2.0      18.2
       -.6      18.2      -1.9       9.3
       -.6      17.1      -2.0       7.7
 56968  -.180796  -.949177  -.257634
 100971.3  13249.9      -.2     43.3     78.4     28.9
      -.2     86.6     78.4     57.7  60479.2  61966.2
      -8.5      46.6      -5.6      55.8
      -1.3      23.8      -2.2      18.9
       -.6      18.5      -1.7      10.6
       -.7      17.3      -1.6       9.0
 56969  -.223945  -.940570  -.255298
 102309.7  13348.9      -.2     43.3     78.4     28.9
      -.2     86.6     78.4     57.7  60932.6  62206.2
     -10.0      49.0      -4.4      50.2
      -1.1      23.1      -2.9      17.9
       -.5      18.1      -2.4      10.5
       -.6      17.4      -2.4       9.2
 56970  -.265817  -.930361  -.252527
 103253.2  13448.7      -.2     43.3     78.4     28.9
      -.2     86.6     78.4     57.7  61635.5  63471.7
     -11.2      51.4      -5.8      47.4
      -1.2      23.0      -2.5      18.6
       -.4      18.3      -2.4      11.9
       -.8      17.1      -2.5      10.2
 56971  -.306238  -.918714  -.249365
 104615.3  13543.0      -.2     43.3     78.4     28.9
      -.2     86.6     78.4     57.7  62632.2  64452.6
     -10.8      51.0      -7.1      48.9
      -1.3      23.2      -3.2      18.0
       -.2      18.1      -2.5      11.9
       -.5      17.1      -2.7      10.6
 56972  -.345068  -.905804  -.245861
 106024.3  13527.1      -.2     43.3     78.4     28.9
      -.2     86.6     78.4     57.7  63923.0  65833.0
      -4.9      45.7      -4.5      42.3
      -1.0      22.7      -3.1      18.8
       -.4      17.9      -2.7      12.8
       -.8      16.8      -3.1      11.2
 56973  -.382204  -.891810  -.242063
 107732.8  13423.8      -.2     43.3     78.4     28.9
      -.2     86.6     78.4     57.7  65060.9  66779.5
      -8.6      48.9      -8.3      41.1
      -1.2      23.5      -3.3      18.9
       -.3      18.1      -2.8      13.3
       -.4      16.8      -2.9      11.9
 56974  -.417577  -.876913  -.238019
 109352.0  13194.9      -.2     43.3     78.4     28.9
      -.2     86.6     78.4     57.7  64742.7  66445.2
      -8.4      50.0      -8.3      43.5
      -1.1      23.9      -3.4      19.2
       -.6      17.6      -3.0      13.6
       -.6      17.3      -3.2      12.3
 56975  -.451149  -.861285  -.233777
 111580.9  13031.3      -.2     43.3     78.4     28.9
      -.2     86.6     78.4     57.7  65460.4  67406.4
     -12.6      55.0      -6.7      41.2
       -.9      23.7      -3.6      19.4
       -.1      17.5      -3.0      14.3
       -.9      16.8      -3.2      13.5
 56976  -.482910  -.845093  -.229382
 113710.1  12899.1      -.2     43.3     78.4     28.9
      -.2     86.6     78.4     57.7  68857.4  71183.9
     -13.3      52.3      -9.6      40.3
       -.5      22.9      -3.3      19.1
       -.5      17.7      -3.2      14.3
       -.4      16.2      -3.4      13.1
 56977   .337328  -.927651  -.160231
 162845.7  13943.4      -.2     43.3     78.4     28.9
      -.2     86.6     78.4     57.7 102222.5 104895.8
      -5.7      46.9       -.9      60.6
      -1.5      23.1       -.9      25.2
       -.7      18.1      -1.6      10.5
       -.6      17.1      -1.8       8.1
 56978   .312066  -.936198  -.161707
 161583.6  13810.7      -.2     43.3     78.4     28.9
      -.2     86.6     78.4     57.7 100375.5 102844.7
      -8.2      48.0       5.6      68.1
      -1.3      23.9       -.6      26.9
       -.9      18.3      -1.5      10.3
       -.2      17.1      -1.6       8.0
 56979   .286124  -.944211  -.163091
 160160.9  13682.6      -.2     43.3     78.4     28.9
      -.2     86.6     78.4     57.7 100628.1 103156.8
      -7.8      46.1       2.6      69.7
      -1.2      24.2        .4      27.4
       -.6      18.2      -1.2      10.5
      -1.0      17.2      -1.0       7.4
 56980   .259539  -.951641  -.164374
 158582.7  13606.5      -.2     43.3     78.4     28.9
      -.2     86.6     78.4     57.7 100025.4 102465.0
     -11.6      46.1      12.8      77.8
      -1.5      23.5        .3      29.6
       -.5      18.4      -1.0       9.1
       -.1      17.3      -1.1       7.0
 56981   .232349  -.958440  -.165549
 157906.0  13469.6      -.2     43.3     78.4     28.9
      -.2     86.6     78.4     57.7  97826.4 101079.8
      -9.8      47.5       9.6      89.4
      -1.6      24.5        .7      30.2
       -.8      18.3       -.3       9.5
       -.7      17.3       -.2       6.5
 56982   .204604  -.964562  -.166606
 156950.5  13370.3      -.2     43.3     78.4     28.9
      -.2     86.6     74.6      5.0  98434.9 100761.8
     -10.3      47.6       8.8      93.0
      -1.8      24.3        .1      32.0
       -.8      18.2       -.2       9.7
       -.4      17.3       -.2       5.8
 56983   .176357  -.969963  -.167539
 156284.1  13323.9      -.2     43.3     78.4     28.9
      -.2     86.6     74.2     18.1  97261.5  99788.0
      -8.3      47.4       7.1      97.7
      -1.9      25.6       1.7      33.5
       -.8      18.5       1.1       9.0
       -.7      17.4       1.1       5.4
 56984   .147667  -.974605  -.168341
 155474.2  13293.8      -.2     43.3     74.1     10.7
      -.2     86.6     73.8     31.5  97201.6 100046.0
     -11.3      51.5       9.4     106.3
      -1.4      23.8        .6      37.9
       -.7      18.4        .4       8.8
       -.8      16.9        .4       5.7
 56985   .118600  -.978453  -.169006
 154462.1  13254.3      -.2     43.3     73.4     16.1
      -.2     86.6     73.7     44.4  96649.9 100139.7
     -12.5      54.3       5.1     112.0
      -1.5      23.5        .2      50.4
       -.5      18.2        .0      13.6
       -.4      17.1        .1       4.4
 56986   .089225  -.981478  -.169528
 153977.2  13202.7      -.2     43.3     79.8     21.4
      -.2     86.6     79.7     49.6  95246.9  97999.2
     -14.6      54.5        .9     122.6
      -1.2      23.2       1.9      64.4
       -.9      18.4       1.3      20.0
      -1.1      16.8        .2      10.5
 56987   .059616  -.983656  -.169904
 153735.5  13170.3      -.2     43.3     78.4     10.0
      -.2     86.6     78.5     38.5  96496.0  98830.5
      -9.8      49.2       3.6     107.8
      -1.1      23.8       1.0      41.7
       -.4      18.4        .1      10.6
       -.3      17.2        .1       5.6
 56988   .044746  -.984421  -.170036
 153349.5  13241.6      -.2     43.3     77.9      3.8
      -.2     86.6     78.0     32.3  95615.2  98439.9
     -10.6      45.7       7.5     100.2
      -1.5      23.3        .4      35.6
       -.7      18.2        .0      10.1
       -.8      17.1        .0       4.9
 56989   .029848  -.984969  -.170131
 153900.2  13162.1      -.2     43.3     78.4     28.9
      -.2     86.6     77.5     25.6  97068.7  98730.1
      -9.9      49.4       2.2     100.7
      -1.7      24.3        .1      36.0
       -.6      18.3        .4       8.4
      -1.0      17.4        .3       5.0
 56990   .014929  -.985299  -.170188
 153675.4  13112.6      -.2     43.3     78.4     28.9
      -.2     86.6     77.3     19.0  95100.8  98388.9
     -14.7      52.5       6.1      99.8
      -1.4      23.7        .3      30.3
       -.9      18.6        .5       9.4
      -1.0      17.3        .5       5.4
 56991   .000000  -.985408  -.170207
 153227.9  13241.2      -.2     43.3     78.4     28.9
      -.2     86.6     77.2     12.2  96702.9  98861.1
     -10.9      54.3       3.9      96.3
      -1.9      24.4       -.4      30.1
       -.6      18.7        .1       8.6
      -1.0      17.5        .1       5.7
 56992  -.014929  -.985299  -.170188
 153658.2  13051.5      -.2     43.3     78.4     28.9
      -.2     86.6     77.0      5.7  95773.7  97978.2
     -10.2      49.8      -4.6      87.0
      -1.6      23.5       -.3      27.2
      -1.1      18.4       -.8       9.6
       -.5      17.6       -.6       5.5
 56993  -.029848  -.984969  -.170131
 153551.8  13152.2      -.2     43.3     78.4     28.9
      -.2     86.6     78.4     57.7  96478.8  98513.3
      -7.7      47.6      -1.2      81.1
      -1.4      23.4      -1.2      26.8
       -.9      18.6       -.9       8.4
       -.9      17.5      -1.0       5.4
 56994  -.044746  -.984421  -.170036
 153509.0  13130.8      -.2     43.3     78.4     28.9
      -.2     86.6     78.4     57.7  96375.6  99056.8
     -12.1      50.2       6.8      79.2
      -1.7      23.7       -.7      26.4
       -.8      18.3       -.6       8.9
       -.7      17.7       -.5       6.2
 56995  -.059616  -.983656  -.169904
 154044.6  13106.5      -.2     43.3     78.4     28.9
      -.2     86.6     78.4     57.7  96489.1  99535.7
     -10.5      51.5        .6      74.8
      -1.4      24.1       -.9      27.1
       -.8      18.3      -1.0       9.3
       -.8      17.5      -1.0       6.6
 56996  -.089225  -.981478  -.169528
 154259.8  13211.1      -.2     43.3     78.4     28.9
      -.2     86.6     78.4     57.7  94870.3  98336.9
     -12.0      49.7      -2.6      77.4
      -1.6      23.7      -2.1      22.8
       -.4      18.2      -1.9       8.4
       -.7      17.4      -1.9       6.1
 56997  -.118600  -.978453  -.169006
 154494.1  13238.3      -.2     43.3     78.4     28.9
      -.2     86.6     78.4     57.7  95373.5  97650.8
      -9.9      49.3      -1.7      70.1
      -1.4      24.0      -2.0      21.4
       -.7      18.7      -1.8       9.4
       -.9      17.9      -1.7       7.5
 56998  -.147667  -.974605  -.168341
 155080.0  13225.4      -.2     43.3     78.4     28.9
      -.2     86.6     78.4     57.7  97532.0  99705.1
      -8.0      49.3      -4.1      61.1
      -1.1      24.4      -2.8      20.7
       -.5      18.5      -2.5       9.2
       -.7      17.3      -2.6       7.1
 56999  -.176357  -.969963  -.167539
 155872.3  13233.9      -.2     43.3     78.4     28.9
      -.2     86.6     78.4     57.7  96129.8  98844.9
     -10.8      52.3      -4.5      60.5
      -1.5      24.2      -2.8      21.4
      -1.0      18.5      -2.3      10.2
       -.2      17.6      -2.3       8.4
 57000  -.204604  -.964562  -.166606
 156682.1  13401.7      -.2     43.3     78.4     28.9
      -.2     86.6     78.4     57.7  98683.5 100696.3
     -11.6      51.5      -8.3      55.1
      -1.2      23.8      -3.1      20.3
       -.5      18.6      -2.8       9.8
       -.8      17.6      -2.9       8.2
 57001  -.232349  -.958440  -.165549
 158054.4  13448.7      -.2     43.3     78.4     28.9
      -.2     86.6     78.4     57.7  96609.0 100348.8
      -9.2      46.1      -6.4      49.8
      -1.4      24.6      -3.1      20.5
       -.8      18.5      -2.8      11.0
       -.8      17.5      -2.6       9.4
 57002  -.259539  -.951641  -.164374
 158541.1  13530.1      -.2     43.3     78.4     28.9
      -.2     86.6     78.4     57.7  98606.9 101332.8
     -10.3      52.4      -8.0      46.2
      -1.7      24.2      -3.8      19.9
       -.6      18.4      -3.0      10.6
       -.8      17.3      -3.2       9.1
 57003  -.286124  -.944211  -.163091
 160228.5  13532.6      -.2     43.3     78.4     28.9
      -.2     86.6     78.4     57.7  99630.3 103634.7
      -9.9      51.4      -6.1      43.9
      -1.7      24.2      -3.7      19.5
       -.3      18.4      -2.9      11.7
       -.9      17.4      -3.2       9.9
 57004  -.312066  -.936198  -.161707
 161689.1  13741.7      -.2     43.3     78.4     28.9
      -.2     86.6     78.4     57.7  99506.4 102522.3
     -12.3      52.0     -11.6      46.6
      -1.1      24.0      -3.6      17.6
       -.9      18.5      -3.5      11.6
       -.4      17.4      -3.2      10.0
 57005  -.337328  -.927651  -.160231
 162854.6  13769.4      -.2     43.3     78.4     28.9
      -.2     86.6     78.4     57.7 103518.6 105751.9
     -13.0      53.9      -9.3      40.5
      -1.4      23.5      -4.0      18.9
       -.5      17.9      -3.2      12.1
       -.5      17.5      -3.2      10.9
