OCR_prd2017clk:newR12@-300V,3.8T@20d,263K,rhe=1.10,rhh=0.7,0.00/0.00            
   360   1  3.80  28   3  29   4  300.00  263.00     .00 1.00000  1000.0   21.82  -23.92  150.000  100.000  290.000  1000.0   10.91  -11.96    1.50    1.00     .85
 53081  -.105170   .946530  -.304993
  87764.3  13581.0     10.9     43.3    -10.2      8.4
     10.9     86.6    -10.4     36.8  51606.1  53043.2
      10.3      50.0      -5.6      78.5
       1.2      24.1       -.4      20.9
        .6      18.0        .2       5.0
       1.0      17.0        .3       3.4
 53082  -.113613   .937303  -.329476
  81129.8  13653.6     10.9     43.3    -10.5      8.5
     10.9     86.6    -10.5     36.9  47327.2  48783.1
      11.2      52.8      -8.3      76.4
       1.7      24.0       -.5      18.1
        .8      19.6        .2       4.4
        .7      18.8        .3       3.5
 53083  -.123410   .925573  -.357888
  74695.1  13843.9     10.9     43.3    -10.4      8.7
     10.9     86.6    -10.7     37.3  43165.5  44306.5
      10.0      49.0      -6.8      70.2
       1.1      22.9       -.3      15.7
        .8      17.5        .2       4.4
        .9      16.6        .2       3.7
 53084  -.134874   .910397  -.391134
  68241.5  14033.2     10.9     43.3    -10.7      9.0
     10.9     86.6    -10.8     37.3  39112.6  40146.6
       9.5      53.1      -8.2      69.1
       1.2      23.4       -.1      13.5
        .8      19.1        .2       4.9
        .4      18.6        .3       3.9
 53085  -.148397   .890380  -.430350
  62198.1  14404.9     10.9     43.3    -10.7      9.2
     10.9     86.6    -10.7     37.5  35673.4  36615.9
       8.2      49.7      -8.5      66.9
        .7      22.3       -.1      13.8
        .7      17.1        .3       4.9
        .7      15.6        .2       4.0
 53086  -.164460   .863416  -.476934
  56266.0  14764.4     10.9     43.3    -11.0      9.4
     10.9     86.6    -10.7     37.8  30309.9  31587.7
       9.0      50.6      -5.8      59.8
       1.1      23.1       -.3      12.6
        .6      18.7        .2       5.0
        .6      17.7        .2       4.3
 53087  -.183618   .826279  -.532491
  50358.9  15429.5     10.9     43.3    -10.8      9.8
     10.9     86.6    -10.9     38.0  27647.2  28419.9
       9.6      55.7      -5.3      58.3
       1.1      22.1        .0      10.3
        .4      16.0        .3       5.2
        .9      14.7        .1       4.5
 53088  -.206405   .774019  -.598575
  45091.1  16525.9     10.9     43.3    -11.1     10.1
     12.2      7.4    -11.0     38.4  24246.7  24886.8
       8.4      53.6      -4.1      52.7
       1.0      21.9       -.1      10.2
        .5      17.5        .3       5.4
       1.1      16.6        .1       4.7
 53089  -.233063   .699189  -.675882
  39985.8  18457.6     10.9     43.3    -11.3     10.5
     11.5     19.1    -11.2     38.9  20736.8  21285.9
       9.3      60.2      -7.0      52.0
        .8      27.2        .1       8.8
        .7      17.8        .2       5.5
        .9      14.7        .1       4.8
 53090  -.262862   .591440  -.762300
  35417.7  22050.8     10.9     43.3    -11.3     10.8
     11.3     37.8    -11.2     39.2  18135.3  18697.7
       4.5      52.6      -5.5      47.3
       1.4      23.3        .1       8.9
        .4      15.1        .3       5.6
        .8      12.2        .1       5.0
 53091  -.292854   .439281  -.849276
  32058.7  26020.8     11.3     14.1    -11.3     11.3
     11.3     56.6    -11.2     39.6  15901.2  16456.1
       4.5      50.8      -6.2      45.8
       1.0      13.8        .0       9.1
        .5       9.4        .2       6.0
        .6       7.7        .2       5.2
 53092  -.316664   .237498  -.918324
  29821.7  24873.5     11.4     31.5    -11.4     11.5
     11.4     74.4    -11.3     39.8  14467.2  15005.8
       8.4      58.2      -2.7      43.5
        .9       7.1        .0       9.2
        .7       5.0        .2       6.0
        .6       5.0        .0       5.3
 53093  -.325991   .000000  -.945373
  28931.0  23942.3     12.0     36.9    -11.3     11.4
     11.9     80.0    -11.3     39.8  14006.3  14617.0
      -5.9      65.4      -4.2      46.0
        .6       8.4        .1       9.1
        .5       5.0        .2       6.0
        .3       5.0        .2       5.2
 53094  -.323582  -.121343  -.938387
  28838.7  23938.7     11.4     28.5    -11.3     11.6
     11.4     71.6    -11.4     39.9  13794.2  14509.7
      -1.6      51.7      -3.6      44.5
        .1       8.4        .2       8.7
        .2       5.1        .0       5.9
        .2       5.0        .1       5.1
 53095  -.316664  -.237498  -.918324
  29482.5  24571.9     11.5     20.1    -11.3     11.4
     11.6     62.9    -11.3     39.7  14324.6  14966.2
      -5.3      47.2      -2.1      45.0
        .2      11.2        .1       8.8
        .5       7.6        .3       6.1
        .3       6.5        .2       5.2
 53096  -.306058  -.344315  -.887567
  30557.8  24650.9     11.1     11.7    -11.2     11.4
     11.2     53.9    -11.4     39.8  14792.0  15203.8
      -3.3      50.3      -4.2      45.4
        .1      15.1        .3       8.6
        .1      10.1        .1       5.8
        .5       8.7        .3       5.0
 53097  -.292854  -.439281  -.849276
  31949.1  22919.5     11.1      6.8    -11.2     11.0
     11.6     44.8    -11.3     39.6  15754.0  16256.0
      -5.0      51.6      -1.2      43.9
       -.4      19.5        .1       9.0
        .2      12.9        .1       5.9
        .2      10.8        .2       5.0
 53098  -.278147  -.521525  -.806626
  33630.1  20550.3     10.9     43.3    -11.4     10.9
     11.4     35.6    -11.3     39.4  16799.6  17394.0
      -6.7      57.0      -2.4      45.9
        .3      25.1        .2       9.1
        .3      16.3        .2       5.7
        .4      13.3        .2       4.9
 53099  -.262862  -.591440  -.762300
  35349.6  18524.7     10.9     43.3    -11.0     10.7
     11.2     26.4    -11.1     39.3  17749.2  18332.0
      -5.5      59.1       -.1      51.1
       -.5      27.2        .1       9.2
        .4      18.0        .4       5.4
        .3      15.2        .2       4.8
 53100  -.233063  -.699189  -.675882
  39721.5  16084.5     10.9     43.3    -11.2     10.2
     11.1     10.4    -11.2     38.8  20658.6  21311.0
      -6.4      53.8       -.8      50.3
       -.6      24.3        .1       9.7
        .3      17.8        .2       5.4
        .1      16.4        .2       4.5
 53101  -.206405  -.774019  -.598575
  44778.7  14919.5     10.9     43.3    -11.0     10.0
     10.9     86.6    -11.0     38.3  23948.3  24474.6
      -7.9      50.1       -.9      54.1
       -.3      23.5        .3      10.4
        .4      17.3        .2       5.0
        .1      17.4        .2       4.2
 53102  -.183618  -.826279  -.532491
  50361.0  14110.5     10.9     43.3    -10.7      9.6
     10.9     86.6    -11.0     38.2  26698.3  27567.0
      -6.5      49.1       2.0      53.3
       -.1      22.0        .1      12.6
        .1      17.3        .1       4.9
        .2      15.5        .2       4.0
 53103  -.164460  -.863416  -.476934
  56126.7  13724.1     10.9     43.3    -10.9      9.3
     10.9     86.6    -10.9     37.8  30861.3  31608.1
      -8.1      53.4       1.9      61.7
        .2      23.7        .3      12.1
        .1      18.8        .2       4.7
        .2      18.5        .3       3.8
 53104  -.148397  -.890380  -.430350
  62132.3  13460.8     10.9     43.3    -11.1      9.0
     10.9     86.6    -10.9     37.6  35014.7  35886.1
      -9.0      51.9       2.6      64.3
        .1      22.4        .5      13.1
        .1      17.6        .4       4.5
        .0      16.3        .2       3.5
 53105  -.134874  -.910397  -.391134
  68362.9  13265.8     10.9     43.3    -10.9      8.8
     10.9     86.6    -10.9     37.4  38704.6  40213.5
      -6.6      49.7       3.8      65.2
       -.7      23.8        .1      14.5
       -.1      19.2        .3       4.4
       -.1      18.9        .2       3.4
 53106  -.123410  -.925573  -.357888
  74654.7  13251.1     10.9     43.3    -10.8      8.6
     10.9     86.6    -10.8     37.2  42395.5  43719.0
     -11.1      51.3       3.6      70.9
        .0      22.9        .7      17.8
        .4      18.0        .4       4.4
        .2      16.5        .3       3.3
 53107  -.113613  -.937303  -.329476
  81259.8  13027.4     10.9     43.3    -10.7      8.5
     10.9     86.6    -10.9     37.1  47705.2  48890.7
      -8.8      51.9       3.8      74.2
       -.3      24.2        .4      17.7
        .2      19.7        .3       4.5
        .2      19.3        .3       3.2
 53108  -.105170  -.946530  -.304993
  87988.1  13026.9     10.9     43.3    -10.7     10.6
     10.9     86.6    -10.6     36.7  51331.7  52884.3
      -9.7      49.2       1.8      70.7
       -.2      23.0        .5      20.7
        .6      18.4        .4       4.7
        .3      16.8        .3       3.2
 53109   .863216  -.064741  -.500666
  53509.4   9101.0     11.3     27.0    -12.0     28.9
     11.3     70.0    -12.0     57.7  29534.7  30597.0
       5.7      63.2       7.3      41.3
       -.2      11.2       1.5      22.9
        .2       5.0       1.1      17.7
        .3       5.0        .7      16.5
 53110   .838516  -.069876  -.540377
  49389.0   9352.7     11.7     27.1    -12.0     28.9
     11.6     70.2    -12.0     57.7  27466.1  28301.9
       5.2      61.9       6.2      40.1
        .4      10.2        .7      22.6
        .2       5.0        .7      16.9
        .3       5.0        .9      15.4
 53111   .807288  -.075683  -.585284
  45729.5   9529.9     11.4     27.4    -12.0     28.9
     11.4     70.5    -12.0     57.7  24284.3  24969.4
       5.5      60.2       7.5      41.9
        .2       9.8       1.3      22.3
        .3       5.0        .5      16.7
        .3       5.0        .7      15.4
 53112   .767414  -.082223  -.635858
  42049.5  10011.3     11.4     27.4    -12.0     28.9
     11.3     70.6    -12.0     57.7  22264.0  23180.2
       3.2      60.2       6.0      42.5
        .0       9.1       1.3      21.9
        .2       5.0        .6      16.0
        .3       5.0        .5      14.7
 53113   .716102  -.089513  -.692232
  38553.3  10479.9     11.4     27.7    -12.0     28.9
     11.4     70.8    -12.0     57.7  19392.3  20385.4
       6.8      59.3       5.6      41.5
        .5       9.4        .6      21.2
        .2       5.0        .6      15.3
        .3       5.0        .4      14.4
 53114   .649830  -.097475  -.753803
  35529.3  11432.5     11.6     28.0    -12.0     28.9
     11.5     71.1    -12.0     57.7  17853.1  18591.8
       1.2      56.8       4.0      42.2
        .2       8.4        .6      21.5
        .1       5.0        .4      14.8
        .3       5.0        .5      13.2
 53115   .564543  -.105852  -.818588
  32846.9  12870.5     11.4     28.2    -12.0     28.9
     11.3     71.4    -11.6      8.3  16172.3  16837.0
       2.6      57.6       6.3      41.2
        .0       8.7        .4      18.8
        .5       5.0        .5      13.4
        .3       5.0        .3      12.2
 53116   .456422  -.114106  -.882416
  30325.5  15234.5     11.5     28.2    -12.0     28.9
     11.5     71.3    -11.4     17.0  14716.5  15391.8
       -.6      54.1       4.5      43.1
        .1       8.1        .4      18.5
        .2       5.0        .6      12.2
        .3       5.0        .4      10.9
 53117   .323582  -.121343  -.938387
  28808.0  19894.8     11.2     28.6    -11.8      5.0
     11.2     71.7    -11.2     28.7  14233.6  14645.4
       1.0      55.2       4.8      39.1
        .0       8.1        .4      14.0
        .4       5.0        .4       9.4
        .3       5.0        .4       8.2
 53118   .168544  -.126408  -.977555
  27831.5  23263.5     11.4     28.7    -11.4     12.0
     11.4     71.6    -11.5     40.2  13140.8  13744.0
      -1.4      52.9       2.4      44.4
        .2       7.7        .8       9.0
        .3       5.1        .5       5.9
        .4       5.0        .3       5.3
 53119   .000000  -.128243  -.991743
  27651.2  22934.3     11.3     28.5    -11.5     23.0
     11.3     71.7    -11.6     51.6  12984.5  13523.1
      -1.1      53.4       -.8      57.3
        .3       8.1        .6       6.6
        .3       5.1        .3       3.2
        .4       5.0        .5       3.0
 53120  -.085184  -.127776  -.988138
  27786.4  22923.6     11.2     28.7    -11.5     26.3
     11.2     71.7    -11.6     55.0  13179.6  13735.4
      -3.5      53.3      -3.3      63.2
        .1       7.7        .2       8.3
        .3       5.1        .1       3.4
        .4       5.0        .1       3.0
 53121  -.168544  -.126408  -.977555
  28078.2  23229.7     11.3     28.6    -11.1     22.5
     11.3     71.7    -11.1     51.2  13465.2  14118.0
      -6.8      53.0      -3.9      57.3
        .0       7.8        .3       5.1
        .3       5.0        .3       3.0
        .3       5.0        .1       3.0
 53122  -.248443  -.124222  -.960648
  28450.1  23552.4     11.2     28.5    -11.2     17.1
     11.2     71.6    -11.2     45.6  13583.3  14147.3
      -1.1      51.6       -.5      47.4
       -.1       8.2       -.2       6.8
        .5       5.0        .3       4.3
        .3       5.0        .2       3.8
 53123  -.323582  -.121343  -.938387
  29007.2  23988.2     11.2     28.5    -11.5     11.4
     11.2     71.5    -11.4     40.0  13580.3  14445.1
      -3.8      48.9      -4.6      42.7
        .2       8.1       -.1       8.8
        .2       5.0        .1       6.1
        .3       5.0        .2       5.1
 53124  -.393068  -.117920  -.911917
  29705.5  22864.7     11.5     28.5    -11.4      6.4
     11.3     71.5    -11.2     33.9  14426.8  15072.6
      -3.9      52.1      -4.0      40.2
        .1       7.5       -.1      10.9
        .5       5.0        .3       7.7
        .4       5.0        .2       6.4
 53125  -.456422  -.114106  -.882416
  30781.9  20196.1     11.4     28.3    -12.0      3.8
     11.3     71.4    -11.3     28.0  15157.2  15580.5
      -3.5      55.0      -3.3      40.0
        .0       7.8        .2      14.1
        .1       5.0        .2       9.3
        .1       5.0        .1       7.9
 53126  -.513527  -.110042  -.850988
  31659.0  17531.2     11.5     28.2    -12.0     28.9
     11.5     71.3    -11.2     21.9  15590.9  16222.5
      -5.5      56.9      -4.7      44.1
        .0       8.1       -.1      16.6
        .2       5.0        .0      11.0
        .3       5.0        .0       9.3
 53127  -.564543  -.105852  -.818588
  32882.1  15844.3     11.5     28.2    -12.0     28.9
     11.4     71.4    -11.5     16.0  16331.1  16961.8
      -4.2      57.2      -4.8      42.8
        .1       8.2       -.1      17.8
        .3       5.0        .0      11.8
        .2       5.0       -.1      10.5
 53128  -.649830  -.097475  -.753803
  35475.3  13454.1     11.2     27.9    -12.0     28.9
     11.3     71.0    -11.5      6.7  18003.9  18579.4
      -3.1      56.0      -5.0      42.0
        .2       8.1       -.4      17.7
        .3       5.0        .2      12.5
        .4       5.0        .3      11.1
 53129  -.716102  -.089513  -.692232
  38570.0  12135.2     12.0     27.6    -12.0     28.9
     11.8     70.7    -12.0     57.7  20373.8  20973.2
      -3.4      58.8      -4.7      42.9
        .1       8.4        .1      20.2
        .3       5.0        .2      14.2
        .2       5.0        .1      12.2
 53130  -.767414  -.082223  -.635858
  41948.8  11228.1     12.0     27.5    -12.0     28.9
     11.9     70.5    -12.0     57.7  21951.9  22587.8
      -2.6      58.5      -5.0      42.7
        .3       9.6        .4      20.6
        .2       5.0        .3      14.3
        .3       5.0        .3      12.9
 53131  -.807288  -.075683  -.585284
  45523.1  10641.8     11.3     27.1    -12.0     28.9
     11.4     70.3    -12.0     57.7  24737.5  25430.0
      -7.0      61.1      -7.2      44.1
        .0      10.0       -.1      21.7
        .4       5.0        .1      15.5
        .3       5.0        .0      13.6
 53132  -.838516  -.069876  -.540377
  49472.3  10262.8     12.1     27.0    -12.0     28.9
     12.0     70.0    -12.0     57.7  26897.6  27590.1
      -4.2      63.9      -5.9      41.7
        .2      10.7       -.1      21.7
        .2       5.0        .3      16.0
        .3       5.0       -.2      14.3
 53133  -.863216  -.064741  -.500666
  53194.4   9897.5     11.6     26.8    -12.0     28.9
     11.5     69.8    -12.0     57.7  29722.2  30643.1
     -10.2      66.0      -7.8      42.3
        .2      11.0        .1      21.8
        .3       5.0        .2      16.1
        .3       5.0        .0      14.3
 53134  -.882965  -.060202  -.465563
  57409.6   9732.0     11.7     26.7    -12.0     28.9
     11.8     69.7    -12.0     57.7  32416.7  33383.4
      -7.9      65.6      -8.7      43.0
        .0      12.1       -.1      22.4
        .4       5.0        .5      16.6
        .4       5.0        .3      15.1
 53135  -.898927  -.056183  -.434481
  61533.4   9549.0     11.7     26.6    -12.0     28.9
     11.7     69.7    -12.0     57.7  34790.5  35961.0
      -2.4      66.9      -5.9      41.1
        .1      13.8       -.1      22.2
        .3       5.0        .3      16.8
        .3       5.0        .2      14.9
 53136  -.911966  -.052613  -.406877
  65565.9   9451.8     11.4     26.5    -12.0     28.9
     11.4     69.6    -12.0     57.7  38035.0  38952.0
      -7.8      68.9      -5.3      39.0
       -.2      14.2       -.1      22.8
        .3       5.0        .3      17.0
        .4       5.0        .3      15.4
 53137  -.922727  -.049432  -.382272
  69898.0   9373.5     11.6     26.2    -12.0     28.9
     11.6     69.1    -12.0     57.7  40574.7  41636.3
      -7.8      71.1      -5.0      39.7
       -.1      15.4       -.1      22.4
        .4       5.0        .0      17.1
        .3       5.0        .5      15.5
 53138   .806111  -.362750  -.467544
  56959.8   9926.6     10.9     43.3    -12.0     28.9
     11.5     22.3    -12.0     57.7  31886.5  32832.4
      -2.1      56.0       7.1      39.7
        .6      25.1        .6      22.5
        .2      16.2        .6      17.1
        .2      13.6        .4      16.1
 53139   .774912  -.387456  -.499388
  53416.4  10354.0     10.9     43.3    -12.0     28.9
     11.6     22.8    -12.0     57.7  29410.0  30230.3
      -2.0      59.9       7.2      41.8
        .1      25.4        .9      22.7
        .4      16.7        .5      16.5
        .3      14.0        .6      15.3
 53140   .736803  -.414452  -.534182
  49754.3  10811.3     10.9     43.3    -12.0     28.9
     11.6     23.5    -12.0     57.7  26754.7  27662.1
      -2.4      55.6       6.6      38.7
        .1      25.5       1.2      21.8
        .1      16.6        .9      16.1
        .1      14.4        .5      15.6
 53141   .690099  -.443635  -.571796
  46437.6  11439.1     10.9     43.3    -12.0     28.9
     11.4     23.9    -12.0     57.7  24966.4  25648.4
      -2.6      58.5       6.6      41.1
        .4      26.0        .8      21.4
       -.1      17.1        .6      15.4
        .3      14.2        .3      14.0
 53142   .632842  -.474632  -.611748
  43573.1  12398.9     10.9     43.3    -12.0     28.9
     11.2     24.4    -12.0     57.7  22586.4  23681.0
      -1.4      58.7       7.2      43.4
        .2      26.1        .7      19.9
        .1      17.6       1.0      14.6
        .5      14.5        .6      13.7
 53143   .562936  -.506642  -.653006
  41018.9  13634.4     10.9     43.3    -12.0     28.9
     11.4     24.9    -12.0     57.7  21266.3  22050.8
      -3.1      60.8       5.9      47.2
       -.2      26.6       1.2      20.0
        .0      17.7        .7      14.2
        .3      14.8        .4      12.7
 53144   .478468  -.538276  -.693778
  38505.6  15327.1     10.9     43.3    -12.0     28.9
     11.3     25.5    -11.4      8.3  19854.6  20528.4
      -4.6      60.5       6.5      41.6
       -.2      26.6        .7      17.4
        .3      17.8        .5      12.0
        .2      14.8        .6      10.9
 53145   .378295  -.567442  -.731370
  36584.8  17018.9     10.9     43.3    -12.0     28.9
     11.1     26.1    -11.2     15.9  18500.5  19196.1
      -3.4      59.3       4.5      40.7
        .0      26.5        .7      17.2
       -.2      18.2        .5      11.5
        .6      15.2        .3      10.2
 53146   .262862  -.591440  -.762300
  35368.5  17381.0     10.9     43.3    -12.1      6.1
     11.3     26.3    -11.4     27.6  17877.4  18356.8
      -4.6      60.5       4.4      44.8
        .5      27.8        .3      14.0
        .3      18.5        .3       9.0
        .4      15.3        .5       7.7
 53147   .134975  -.607388  -.782855
  34311.7  17190.5     10.9     43.3    -11.5     12.7
     11.4     26.5    -11.5     39.5  17072.2  17695.2
      -4.9      57.3       6.8      49.9
       -.7      27.4        .7       8.7
        .3      18.3        .4       5.7
        .3      15.0        .5       5.1
 53148   .000000  -.612997  -.790085
  34268.0  17309.7     10.9     43.3    -11.7     22.3
     11.4     26.3    -11.8     51.0  17233.4  17889.4
      -6.3      59.3        .9      68.4
       -.2      27.8        .6      10.5
        .5      18.3        .6       3.0
        .3      14.9        .5       3.0
 53149  -.067953  -.611580  -.788259
  34377.2  17447.0     10.9     43.3    -11.6     26.0
     10.9     26.6    -11.7     54.6  17016.7  17691.4
      -7.8      59.4       1.0      71.8
       -.1      27.5        .2      15.4
        .4      18.1        .1       3.0
        .5      15.0        .1       3.0
 53150  -.134975  -.607388  -.782855
  34481.5  17724.2     10.9     43.3    -10.8     22.0
     11.1     26.3    -10.8     50.8  17312.9  18032.1
      -5.1      59.5       2.6      62.4
      -1.0      27.7        .2       8.0
        .2      18.3        .2       3.0
        .1      14.9        .2       3.0
 53151  -.200196  -.600588  -.774091
  34840.2  18061.2     10.9     43.3    -11.3     16.5
     10.9     26.1    -11.2     45.1  17245.7  18055.0
      -5.4      57.8      -1.0      55.3
        .7      27.4        .3       7.8
        .1      18.1        .3       3.9
        .1      15.1        .2       3.4
 53152  -.262862  -.591440  -.762300
  35272.9  18508.9     10.9     43.3    -11.3     10.8
     11.2     26.3    -11.2     39.3  17713.3  18256.1
      -6.6      57.8      -1.4      45.6
       -.1      27.3        .0       8.7
        .0      18.1        .2       5.5
        .1      15.2        .2       4.7
 53153  -.322373  -.580271  -.747905
  36105.7  18760.4     10.9     43.3    -11.2      5.5
     11.5     26.2    -11.1     33.0  18224.1  18897.6
      -6.8      58.2      -2.8      44.5
       -.3      27.5        .2      11.2
        .1      17.9        .2       7.3
        .1      14.7        .2       6.1
 53154  -.378295  -.567442  -.731370
  36755.9  18697.2     10.9     43.3    -12.0      2.9
     11.4     25.9    -11.0     27.0  18500.0  19152.4
      -7.6      59.3      -1.8      45.1
       -.2      27.5        .1      14.0
        .4      17.8        .3       8.8
        .1      15.1        .1       7.4
 53155  -.430364  -.553325  -.713175
  37714.7  18096.1     10.9     43.3    -12.0     28.9
     11.3     25.7    -11.3     21.0  19261.9  19793.3
      -6.7      58.2      -2.8      44.8
        .0      27.1        .0      16.0
        .0      17.7       -.1      10.4
        .3      15.0        .1       8.9
 53156  -.478468  -.538276  -.693778
  38705.3  17152.8     10.9     43.3    -12.0     28.9
     11.3     25.5    -11.2     14.9  19501.6  20315.0
      -4.7      58.2      -3.9      47.0
       -.1      27.0        .0      17.4
        .1      17.7        .1      11.2
        .2      14.9       -.1       9.7
 53157  -.562936  -.506642  -.653006
  40998.5  14895.6     10.9     43.3    -12.0     28.9
     11.1     25.1    -11.4      6.3  21237.9  21935.8
      -5.3      58.9      -3.9      43.6
       -.2      26.2        .0      17.2
        .1      17.5        .2      11.9
        .3      14.7        .5      10.6
 53158  -.632842  -.474632  -.611748
  43521.3  13112.7     10.9     43.3    -12.0     28.9
     11.2     24.5    -12.0     57.7  23395.4  24153.0
      -5.6      58.8      -4.9      46.4
       -.1      26.1        .1      19.9
        .2      17.3        .3      13.5
        .6      14.7        .4      11.8
 53159  -.690099  -.443635  -.571796
  46687.8  12158.4     10.9     43.3    -12.0     28.9
     11.1     23.9    -12.0     57.7  24858.7  25689.7
      -8.1      58.0      -4.6      43.2
       -.9      25.7       -.2      19.3
        .2      17.0        .2      13.9
        .1      14.4        .1      12.7
 53160  -.736803  -.414452  -.534182
  49995.4  11363.8     10.9     43.3    -12.0     28.9
     11.0     23.2    -12.0     57.7  27561.3  28254.9
      -7.3      56.0      -6.4      46.1
        .1      25.8        .3      21.1
        .2      16.8        .3      15.1
        .0      14.2        .1      13.4
 53161  -.774912  -.387456  -.499388
  53498.6  10862.7     10.9     43.3    -12.0     28.9
     11.4     22.7    -12.0     57.7  29220.1  30103.7
      -7.7      59.4      -5.2      42.2
        .4      25.6        .0      20.7
        .2      16.4        .4      15.1
        .5      13.8        .4      13.9
 53162  -.806111  -.362750  -.467544
  56928.9  10484.2     10.9     43.3    -12.0     28.9
     11.7     22.2    -12.0     57.7  31867.8  32872.0
      -3.5      60.3      -5.1      44.7
       -.1      25.2        .4      21.9
        .2      16.2        .2      16.0
        .3      14.0        .4      14.2
 53163  -.831783  -.340275  -.438577
  60934.5  10132.6     10.9     43.3    -12.0     28.9
     11.5     21.7    -12.0     57.7  33757.8  35280.7
      -9.5      61.9      -5.7      41.6
        .3      24.9        .3      21.4
        .1      16.2        .0      16.2
        .2      13.9        .2      15.0
 53164  -.853040  -.319890  -.412303
  64473.1  10008.9     10.9     43.3    -12.0     28.9
     11.6     21.2    -12.0     57.7  36646.4  38083.3
      -6.1      59.1      -5.7      40.9
       -.3      24.4        .0      22.3
       -.1      15.9        .1      16.4
        .2      13.8        .5      14.8
 53165  -.870759  -.301417  -.388493
  68682.8   9799.1     10.9     43.3    -12.0     28.9
     11.5     20.9    -12.0     57.7  39633.5  40619.6
      -6.0      62.0      -5.2      42.3
       -.3      24.4       -.1      22.4
        .4      15.8        .5      16.8
        .2      13.4        .4      15.6
 53166  -.885633  -.284668  -.366905
  72813.6   9568.4     10.9     43.3    -12.0     28.9
     11.3     20.5    -12.0     57.7  42027.0  43529.8
      -6.3      61.8      -6.0      41.8
        .0      24.5       -.1      22.4
        .6      16.0        .5      17.0
        .1      13.7        .5      15.3
 53167   .467453  -.841416  -.271123
  98526.4  13903.7     10.9     43.3    -12.0     28.9
     10.9     86.6    -12.0     57.7  58401.4  60502.1
      -6.3      50.8       9.3      45.3
        .1      22.3       1.1      17.5
        .6      17.2        .8      11.9
        .5      16.1        .6      10.8
 53168   .429723  -.859446  -.276932
  96266.2  13751.8     10.9     43.3    -12.0     28.9
     10.9     86.6    -12.0     57.7  57542.9  59433.8
      -7.3      51.2       9.5      48.5
       -.1      22.4       1.4      19.1
        .4      17.8        .7      12.7
        .5      16.0        .7      11.0
 53169   .389600  -.876600  -.282460
  94704.8  13587.2     10.9     43.3    -12.0     28.9
     10.9     86.6    -12.0     57.7  55630.9  57579.0
      -8.5      49.5      11.5      50.4
        .3      22.1        .8      17.4
        .3      17.8        .8      11.3
        .7      16.3        .5       9.7
 53170   .347131  -.892622  -.287623
  92730.5  13267.0     10.9     43.3    -12.0     28.9
     10.9     86.6    -12.0     57.7  54689.1  56665.4
      -6.2      49.2       8.7      52.6
       -.5      23.7       1.2      18.8
        .2      17.8        .8      11.7
        .5      16.3        .7       9.9
 53171   .302414  -.907242  -.292333
  91308.9  13135.3     10.9     43.3    -12.0     28.9
     10.9     86.6    -12.0     57.7  53704.3  55262.7
      -7.6      49.6       8.6      54.7
        .5      22.5        .9      16.9
        .0      17.7        .8       9.9
        .5      16.2        .7       8.3
 53172   .255608  -.920190  -.296506
  90070.0  13011.7     10.9     43.3    -12.0     28.9
     10.9     86.6    -12.0     57.7  53165.3  54590.9
      -7.0      52.2      10.9      58.6
        .1      22.8       1.3      18.0
        .6      17.9        .6       9.9
        .2      16.5        .7       8.1
 53173   .206935  -.931206  -.300055
  88835.1  13026.0     10.9     43.3    -12.0     28.9
     10.9     86.6    -11.4      4.9  52848.5  54398.3
      -8.5      50.6      10.2      57.8
       -.2      23.1       1.3      16.3
        .7      17.9        .6       8.7
        .2      16.4        .5       6.8
 53174   .156676  -.940054  -.302906
  88214.1  12850.3     10.9     43.3    -12.0     28.9
     10.9     86.6    -11.1     10.9  51886.5  53182.4
      -8.5      50.6       6.4      58.5
       -.1      22.6       1.1      18.1
        .2      18.2        .5       8.1
       -.2      16.6        .6       6.6
 53175   .105170  -.946530  -.304993
  87237.9  12868.9     10.9     43.3    -12.0     28.9
     10.9     86.6    -11.5     23.9  51425.1  53100.5
      -5.6      45.1       7.0      64.1
       -.1      23.3        .9      17.1
        .4      18.1        .6       7.1
        .4      16.7        .3       5.5
 53176   .052804  -.950480  -.306266
  87167.2  12825.1     10.9     43.3    -11.8      8.5
     10.9     86.6    -11.8     36.8  51176.0  52873.5
      -7.4      48.7       5.1      75.2
        .0      23.5       1.2      19.8
        .5      18.4        .4       4.9
        .2      16.7        .4       3.3
 53177   .000000  -.951808  -.306694
  87194.4  12885.6     10.9     43.3    -12.0     20.9
     10.9     86.6    -12.1     49.4  51399.1  52683.2
      -7.7      49.4       3.3      88.4
       -.3      23.2       2.7      35.8
        .2      18.0        .5       6.3
        .0      16.6        .4       3.0
 53178  -.026430  -.951476  -.306587
  87126.6  12943.3     10.9     43.3    -11.7     25.6
     10.9     86.6    -11.6     54.0  51180.2  52864.4
      -9.2      47.3       4.0      93.7
       -.1      22.4       2.6      45.0
        .3      18.0        .7      10.8
        .2      16.8        .2       5.5
 53179  -.052804  -.950480  -.306266
  87362.6  12930.0     10.9     43.3    -10.5     20.8
     10.9     86.6    -10.5     49.4  51691.6  53114.3
      -9.8      49.9       -.4      86.9
       -.6      23.2       2.1      34.2
        .4      18.0        .4       6.2
        .0      16.8        .4       3.0
 53180  -.079069  -.948828  -.305734
  87377.5  12978.0     10.9     43.3    -10.6     14.6
     10.9     86.6    -10.6     43.2  50966.4  52804.8
      -9.0      52.0       8.1      86.1
       -.1      22.9       1.4      24.5
        .1      18.4        .3       4.7
        .3      16.4        .3       3.0
 53181  -.105170  -.946530  -.304993
  87684.0  13062.1     10.9     43.3    -10.6      8.3
     10.9     86.6    -10.6     36.8  52393.7  53555.7
      -8.7      52.9       4.4      77.5
       -.5      22.6        .8      17.8
        .2      18.2        .3       4.3
        .4      17.0        .3       3.0
 53182  -.131055  -.943599  -.304049
  87683.0  13078.7     10.9     43.3    -10.8      2.5
     10.9     86.6    -10.7     30.0  51733.1  53428.5
     -10.3      52.1       3.7      69.5
        .1      22.5       1.0      17.9
        .2      18.1        .3       5.4
        .3      16.4        .3       4.1
 53183  -.156676  -.940054  -.302906
  88249.3  13184.0     10.9     43.3    -12.0     28.9
     10.9     86.6    -10.7     23.7  52269.5  53263.2
      -9.4      50.7       4.1      68.9
       -.6      23.0        .3      17.3
        .0      18.1        .2       7.1
       -.1      16.6        .1       5.3
 53184  -.181983  -.935915  -.301572
  88414.1  13303.2     10.9     43.3    -12.0     28.9
     10.9     86.6    -10.8     17.0  52095.9  53337.6
      -9.8      51.8       2.4      63.5
       -.2      22.7        .4      17.6
        .3      18.5        .2       7.5
        .1      17.2        .2       5.9
 53185  -.206935  -.931206  -.300055
  89344.5  13335.7     10.9     43.3    -12.0     28.9
     10.9     86.6    -10.9     10.6  52844.5  54139.3
      -9.0      51.6       4.8      66.0
       -.2      23.0        .4      18.3
        .1      18.2        .4       8.1
        .3      16.8        .3       6.4
 53186  -.255608  -.920190  -.296506
  90236.8  13533.9     10.9     43.3    -12.0     28.9
     10.9     86.6    -12.0     57.7  52621.2  54710.0
      -8.9      49.5      -1.7      61.8
       -.4      23.0        .2      17.6
        .5      18.5        .3       8.5
        .5      17.0        .5       7.1
 53187  -.302414  -.907242  -.292333
  91432.3  13857.5     10.9     43.3    -12.0     28.9
     10.9     86.6    -12.0     57.7  54041.8  55598.1
      -8.6      50.3      -1.3      58.8
       -.1      22.5        .4      17.8
        .1      18.2        .3      10.0
        .4      16.8        .4       8.1
 53188  -.347131  -.892622  -.287623
  93065.8  14113.7     10.9     43.3    -12.0     28.9
     10.9     86.6    -12.0     57.7  54364.5  56670.8
      -8.1      47.3       -.7      59.3
       -.3      23.3        .2      17.9
        .5      18.1        .6      10.3
        .2      17.0        .5       8.5
 53189  -.389600  -.876600  -.282460
  94479.2  14423.3     10.9     43.3    -12.0     28.9
     10.9     86.6    -12.0     57.7  56345.4  57425.6
     -10.1      50.0      -2.9      53.9
       -.5      23.0        .3      18.7
        .5      18.2        .5      11.5
        .2      16.8        .4       9.6
 53190  -.429723  -.859446  -.276932
  96338.9  14604.8     10.9     43.3    -12.0     28.9
     10.9     86.6    -12.0     57.7  57285.8  58983.6
     -10.2      52.1      -1.6      49.2
       -.1      22.6        .3      17.3
        .3      17.7        .4      10.9
        .4      16.5        .7       9.4
 53191  -.467453  -.841416  -.271123
  98675.7  14544.7     10.9     43.3    -12.0     28.9
     10.9     86.6    -12.0     57.7  58729.5  60510.8
     -11.4      47.7      -4.4      52.6
       -.2      22.6        .5      20.0
        .4      17.5        .6      12.6
        .5      16.2        .6      10.7
 53192  -.502792  -.822750  -.265108
 100872.2  14436.9     10.9     43.3    -12.0     28.9
     10.9     86.6    -12.0     57.7  60773.7  62501.2
      -8.9      50.1      -3.8      41.4
       -.3      22.9        .3      18.3
        .2      17.5        .7      12.1
        .3      16.2        .6      10.7
 53193  -.535778  -.803668  -.258960
 103071.9  14228.5     10.9     43.3    -12.0     28.9
     10.9     86.6    -12.0     57.7  61630.4  63355.4
      -8.8      48.7      -3.0      45.5
       -.6      22.2        .3      19.9
        .5      17.6        .5      13.6
        .1      16.6        .4      11.9
 53194  -.566482  -.784360  -.252738
 105676.5  13859.5     10.9     43.3    -12.0     28.9
     10.9     86.6    -12.0     57.7  62156.2  63565.8
     -10.4      51.3      -2.3      42.8
       -.1      22.0        .4      18.7
        .3      17.2        .6      13.1
        .0      16.5        .3      12.3
 53195  -.594996  -.764995  -.246498
 108770.5  13394.1     10.9     43.3    -12.0     28.9
     10.9     86.6    -12.0     57.7  64993.9  66912.0
      -9.5      51.4      -2.8      42.4
       -.2      22.5        .2      21.1
        .8      16.9        .7      14.4
        .6      16.0        .6      12.9
