Dot1_150x100_prd2017clk:@-125V,3.8T@90d,253K,rhe=1.10,rhh=0.7,0.00/0.00         
   702   1  3.80  60   5  29   0  125.00  253.00     .00  .67150  1000.0    -.14  142.77  150.000  100.000  285.000  1000.0    -.07   71.39    1.50    1.00     .85
 55901   .000000   .000000 -1.000000
  26423.5  15139.5       .0     40.2     71.4     28.9
       .0     83.2     69.1     23.5  12512.4  12953.5
       5.3      68.2       1.5      41.5
       -.2       8.8        .4      16.2
        .1       5.0        .3      11.1
        .1       5.0        .3       9.6
 55902   .000000  -.130455  -.991454
  26528.5  15169.6       .2     34.2     71.4     28.9
       .2     77.3     68.9     23.3  12797.0  13432.3
      -2.1      59.3       1.7      39.2
       -.4       6.9        .0      16.0
       -.3       5.0        .3      10.8
       -.3       5.0        .3       9.6
 55903   .000000  -.254493  -.967075
  27214.1  15594.6      -.3     25.8     71.4     28.9
      -.3     68.8     69.1     23.2  13002.6  13437.6
      -4.1      51.1       -.5      40.4
       -.3       8.1       -.1      16.1
       -.2       5.3        .4      10.4
       -.3       5.0        .4       9.6
 55904   .000000  -.367167  -.930155
  28356.7  16257.4      -.1     17.5     71.4     28.9
      -.2     60.2     69.0     23.1  13571.9  14159.0
      -6.2      46.2       -.1      41.0
       -.4      12.5       -.1      16.0
       -.3       8.2        .1      10.8
       -.3       7.2        .5       9.4
 55905   .000000  -.465746  -.884918
  29767.8  16914.9       .1      9.5     71.4     28.9
      -.2     50.9     69.1     22.7  14429.3  15051.1
      -5.2      48.6        .8      43.7
       -.2      16.0        .0      15.5
       -.2      10.8        .4      10.6
       -.4       9.3        .5       9.3
 55906   .000000  -.549617  -.835417
  31482.6  17725.0      -.4      7.8     71.4     28.9
      -.1     41.9     69.1     22.2  15296.7  15997.4
      -5.1      53.0        .2      42.7
       -.7      20.8        .0      15.2
       -.2      13.7        .3      10.3
       -.1      11.6        .5       9.2
 55907   .000000  -.619644  -.784883
  33400.9  17297.5      -.1     43.3     71.4     28.9
       .0     32.6     68.8     21.7  16828.8  17350.4
      -7.6      55.8       -.3      41.7
       -.8      25.7       -.1      15.2
       -.4      17.0        .1      10.1
       -.2      14.4        .6       9.1
 55908   .000000  -.677476  -.735545
  35817.1  16684.0      -.1     43.3     71.4     28.9
      -.2     23.5     69.0     21.4  18225.5  18871.5
      -8.1      59.6        .2      45.9
      -1.0      27.5       -.2      15.6
       -.8      18.2        .1       9.9
       -.4      15.5        .5       8.7
 55909   .000000  -.724999  -.688749
  38150.1  16187.3      -.1     43.3     71.4     28.9
      -.2     14.8     69.0     21.0  19657.5  20396.1
      -8.2      58.0      -1.5      44.8
       -.5      25.7       -.1      15.0
       -.5      17.8        .3       9.7
       -.5      15.7        .4       8.3
 55910   .000000  -.764030  -.645181
  40678.4  15457.7      -.1     43.3     71.4     28.9
      -.2      9.8     69.0     20.7  20939.0  21570.6
      -7.9      52.0        .6      46.1
       -.7      23.1       -.1      14.9
       -.5      17.9        .1       9.5
       -.5      17.0        .4       8.1
 55911   .000000  -.796162  -.605083
  43445.7  15069.9      -.1     43.3     71.4     28.9
      -.1     86.6     69.0     20.3  22882.8  23854.8
      -7.7      54.0        .7      46.9
       -.6      23.2        .1      15.0
       -.2      18.2        .2       9.3
       -.7      17.9        .3       7.8
 55912   .000000  -.822730  -.568432
  46232.8  14627.5      -.1     43.3     71.4     28.9
      -.1     86.6     68.9     20.0  24281.3  25268.7
      -9.6      52.8       1.1      50.9
       -.4      22.9        .1      14.8
       -.6      17.2        .1       9.1
       -.9      16.6        .3       7.7
 55913   .000000  -.844819  -.535052
  48964.4  14401.6      -.1     43.3     71.4     28.9
      -.1     86.6     69.0     19.5  26456.7  27448.9
      -8.3      50.3        .2      48.4
       -.1      21.6        .1      15.5
       -.5      16.1        .2       8.8
       -.6      14.8        .3       7.4
 55914   .000000  -.863297  -.504697
  51996.0  14072.4      -.1     43.3     71.4     28.9
      -.1     86.6     69.3     19.3  28425.8  29085.3
      -9.1      50.4        .7      47.6
       -.3      22.6        .1      15.2
       -.4      18.2        .3       8.8
       -.6      16.7        .2       7.2
 55915   .000000  -.878853  -.477092
  54935.3  13912.2      -.1     43.3     71.4     28.9
      -.1     86.6     69.1     19.1  30534.4  31509.2
     -10.5      52.2        .6      52.4
       -.4      24.0        .0      15.6
       -.2      19.7        .3       8.6
       -.9      19.2        .1       7.1
 55916   .000000  -.892036  -.451965
  57913.3  13905.0      -.1     43.3     71.4     28.9
      -.1     86.6     69.3     18.9  31408.3  33025.2
      -9.5      52.7        .0      52.6
       -.8      23.5       -.1      15.7
       -.5      18.1        .3       8.5
       -.3      17.7        .3       6.9
 55917   .000000  -.903278  -.429057
  61104.9  13651.6      -.1     43.3     71.4     28.9
      -.1     86.6     69.3     18.6  34114.4  35168.4
      -9.8      53.0       -.5      58.6
      -1.0      22.2        .1      15.6
       -.6      16.9        .1       8.3
       -.7      15.6        .2       6.8
 55918   .000000  -.912924  -.408131
  64361.8  13546.4      -.1     43.3     71.4     28.9
      -.1     86.6     69.2     18.5  36400.0  37438.7
     -10.6      51.9        .9      58.9
       -.9      22.9        .2      16.0
       -.7      18.5        .3       8.2
       -.7      17.4        .2       6.7
 55919   .000000  -.921250  -.388972
  67554.3  13371.6      -.1     43.3     71.4     28.9
      -.1     86.6     69.4     18.3  38637.9  39788.2
     -10.0      48.5       -.5      62.3
       -.4      24.4        .0      16.3
       -.5      19.9        .1       8.1
       -.6      19.7        .2       6.5
 55920   .000000  -.928477  -.371391
  70686.5  13361.4      -.1     43.3     71.4     28.9
      -.1     86.6     69.4     18.1  40778.6  41617.9
     -11.5      52.1       2.2      58.3
       -.8      23.5        .0      17.0
       -.5      18.6        .1       7.9
       -.4      18.2        .3       6.4
 55921   .000000  -.934784  -.355218
  73602.2  13252.0      -.1     43.3     71.4     28.9
      -.1     86.6     69.5     18.0  42210.3  43793.7
      -8.6      48.6       1.8      60.7
      -1.0      22.6        .1      17.8
       -.7      17.4        .2       8.0
       -.8      16.0        .1       6.2
 55922   .000000  -.940315  -.340305
  76900.0  13335.9      -.1     43.3     71.4     28.9
      -.1     86.6     69.4     17.8  44211.3  45701.3
      -9.4      49.6       3.3      68.8
       -.9      23.1       -.1      18.3
       -.6      18.8        .2       7.7
       -.7      17.4        .2       6.1
 55923   .000000  -.945190  -.326520
  80274.0  13237.4      -.1     43.3     71.4     28.9
      -.1     86.6     69.3     17.9  46904.2  48108.8
     -12.3      51.8        .1      62.2
       -.8      24.6       -.4      18.0
       -.3      20.7        .2       7.8
       -.2      20.3        .3       6.0
 55924   .000000  -.949506  -.313750
  83369.9  13138.1      -.1     43.3     71.4     28.9
      -.1     86.6     69.5     17.7  48926.2  49945.4
      -9.4      50.0        .9      66.4
      -1.0      23.9        .1      18.7
       -.5      19.2        .2       7.7
      -1.0      18.3        .1       6.0
 55925   .000000  -.953342  -.301892
  86792.6  13167.7      -.1     43.3     71.4     28.9
      -.1     86.6     69.7     17.6  50577.0  52627.5
     -10.0      50.6       2.6      68.4
      -1.1      22.8        .0      19.0
       -.5      17.7        .1       7.8
      -1.3      16.5        .2       5.9
 55926   .000000  -.956767  -.290857
  90239.0  13225.5      -.1     43.3     71.4     28.9
      -.1     86.6     69.5     17.5  53455.6  54830.9
     -11.4      51.6       1.4      69.0
      -1.0      23.4       -.1      19.7
       -.9      19.0        .1       8.2
       -.5      17.7        .2       6.0
 55927   .000000  -.959834  -.280567
  93284.8  13094.9      -.1     43.3     71.4     28.9
      -.1     86.6     69.9     17.4  55749.3  57237.4
      -8.6      48.0       -.3      67.0
      -1.5      25.2        .0      19.8
       -.6      21.0        .2       7.6
       -.6      20.0        .3       5.7
 55928   .000000  -.962593  -.270952
  96749.7  13073.0      -.1     43.3     71.4     28.9
      -.1     86.6     69.8     17.4  57552.3  59478.8
      -8.4      50.0       4.4      74.3
      -1.2      24.1       -.4      19.9
       -.5      19.4        .1       7.4
       -.6      18.5        .2       5.6
 55929   .000000  -.965081  -.261951
  99961.2  13250.8      -.1     43.3     71.4     28.9
      -.1     86.6     69.8     17.2  60554.0  61803.4
     -11.4      53.3        .7      74.8
       -.9      22.6       -.3      21.3
       -.8      17.8        .2       7.6
       -.7      16.4        .1       5.5
 55930   .000000  -.967333  -.253508
 103263.5  13122.8      -.1     43.3     71.4     28.9
      -.1     86.6     69.9     17.2  61930.3  63624.3
      -9.7      48.7       4.6      77.5
      -1.5      23.5       -.1      20.5
       -.4      19.0        .2       7.6
       -.8      17.9        .2       5.6
 55931   .000000  -.969377  -.245576
 106476.6  13087.5      -.1     43.3     71.4     28.9
      -.1     86.6     69.9     17.0  64302.8  66177.9
      -9.5      47.8       2.0      74.1
      -1.0      24.7       -.3      23.1
       -.6      20.7        .3       7.5
       -.3      20.6        .1       5.5
 55932   .000000  -.971238  -.238110
 110241.0  13106.5      -.1     43.3     71.4     28.9
      -.1     86.6     70.1     16.9  66408.8  68002.1
      -9.9      50.9        .7      82.6
      -1.5      24.1       -.2      21.7
       -.3      19.6        .3       7.6
       -.9      18.4        .2       5.5
 55933   .000000  -.972937  -.231072
 113038.3  13079.5      -.1     43.3     71.4     28.9
      -.1     86.6     70.0     16.9  68239.4  70068.9
     -10.6      52.0        .5      74.7
      -1.2      23.6       -.1      24.0
       -.7      17.7        .1       7.5
       -.7      17.1        .2       5.7
 55934   .000000  -.974491  -.224428
 116778.6  13109.8      -.1     43.3     71.4     28.9
      -.1     86.6     69.9     16.9  70727.7  73100.9
     -12.7      51.8       1.9      81.9
      -1.5      24.4        .1      25.4
       -.7      19.3        .2       8.0
       -.8      17.8        .1       5.3
 55935   .000000  -.975916  -.218146
 120138.2  13101.4      -.1     43.3     71.4     28.9
      -.1     86.6     69.8     16.7  72883.8  75081.0
     -11.0      52.0      -1.1      80.6
      -1.1      25.3        .0      25.7
       -.7      21.0        .1       8.1
      -1.0      20.7        .1       5.6
 55936   .000000  -.977227  -.212198
 123060.6  13031.2      -.1     43.3     71.4     28.9
      -.1     86.6     70.2     16.8  76107.2  77767.5
      -9.9      50.1       1.5      80.8
      -1.5      25.4        .3      24.2
       -.7      19.6        .3       8.3
       -.6      18.9        .2       5.3
 55937   .000000  -.978434  -.206558
 126523.1  13060.4      -.1     43.3     71.4     28.9
      -.1     86.6     70.4     16.6  77941.1  80456.6
      -9.1      48.5      -1.1      83.1
      -1.2      23.2       -.1      24.3
       -.5      18.0        .1       7.5
       -.6      16.9        .2       5.3
 55938   .000000  -.979549  -.201205
 130111.8  13018.1      -.1     43.3     71.4     28.9
      -.1     86.6     70.1     16.6  79981.4  82432.5
     -11.8      51.3       1.5      87.9
      -1.0      24.3        .2      25.4
       -.8      19.2        .1       8.3
       -.8      18.0        .3       5.2
 55939   .000000  -.980581  -.196116
 133587.5  13152.6      -.1     43.3     71.4     28.9
      -.1     86.6     70.1     16.7  81272.0  83495.1
     -11.4      52.1       2.8      87.8
      -1.2      25.1        .0      27.5
       -.7      21.1        .2       9.0
       -.7      20.6        .1       5.4
 55940   .000000  -.981537  -.191274
 136842.4  13090.3      -.1     43.3     71.4     28.9
      -.1     86.6     70.0     16.5  85136.2  86776.3
      -6.9      48.9       4.8      88.9
      -1.4      24.5        .1      29.1
       -.9      19.7        .1       8.2
       -.9      19.0        .2       5.2
 55941   .000000  -.982424  -.186661
 140006.6  13128.5      -.1     43.3     71.4     28.9
      -.1     86.6     70.2     16.5  87971.6  89433.8
     -11.6      51.6       1.8      85.8
      -1.4      23.7       -.1      27.8
       -.8      18.0        .1       9.1
       -.7      16.9        .2       5.2
 55942   .000000  -.983250  -.182261
 143481.6  13127.9      -.1     43.3     71.4     28.9
      -.1     86.6     70.5     16.4  89111.6  90817.3
     -10.9      49.7      -1.4      85.0
      -1.6      24.1       -.3      27.4
       -.7      19.1        .1       8.4
       -.8      18.2        .1       5.2
 55943   .000000  -.984020  -.178061
 147120.0  13074.6      -.1     43.3     71.4     28.9
      -.1     86.6     70.6     16.4  92259.5  94664.0
      -9.3      46.3      -4.2      89.0
      -1.5      25.8       -.2      29.9
       -.6      21.1        .0       8.5
       -.7      20.4        .3       5.5
 55944   .000000  -.984737  -.174047
 150397.8  13038.8      -.1     43.3     71.4     28.9
      -.1     86.6     70.3     16.5  93527.2  96005.5
     -10.7      50.3       8.5      86.7
      -1.5      24.7        .3      30.0
       -.3      20.2        .1       8.5
       -.8      18.9        .2       5.4
 55945   .000000  -.985408  -.170207
 153676.2  13075.1      -.1     43.3     71.4     28.9
      -.1     86.6     70.2     16.3  95699.1  98190.5
      -9.4      50.1       4.1      86.0
      -1.8      24.3        .4      30.8
       -.6      18.0        .1       8.9
      -1.0      16.7        .2       5.1
 55946   .000000  -.986036  -.166531
 157302.0  13127.9      -.1     43.3     71.4     28.9
      -.1     86.6     70.5     16.3  98260.4 100706.4
      -8.7      50.1        .3      95.4
      -1.4      25.2       -.3      32.3
       -.6      19.2        .2       8.8
       -.5      18.4        .2       5.8
 55947   .000000  -.986625  -.163008
 161029.6  13188.5      -.1     43.3     71.4     28.9
      -.1     86.6     70.2     16.3 100308.9 102640.8
     -11.5      51.6       7.4      97.3
      -1.3      27.0        .3      31.1
       -.7      21.3        .1       8.7
       -.8      20.7        .2       5.5
 55948   .000000  -.987696  -.156385
 167502.7  13212.3      -.1     43.3     71.4     28.9
      -.1     86.6     70.4     16.1 105747.9 108886.8
     -12.8      53.2       5.4      95.3
      -1.7      23.7        .4      33.5
       -.7      18.2        .2       8.7
       -.9      17.1        .2       5.1
 55949   .000000  -.988644  -.150274
 174266.4  13115.0      -.1     43.3     71.4     28.9
      -.1     86.6     70.8     16.1 109965.6 113072.4
     -10.1      52.2       4.0      96.9
      -1.6      26.2        .4      33.6
       -.1      21.3        .4       9.1
       -.9      20.9        .1       5.0
 55950   .000000  -.989488  -.144617
 181273.0  13166.1      -.1     43.3     71.4     28.9
      -.1     86.6     70.8     16.0 114394.3 117660.5
     -11.6      49.6       2.2      97.4
      -2.0      24.0        .3      32.8
       -.9      18.1        .1      10.7
      -1.0      17.1        .2       5.4
 55951   .000000  -.990241  -.139367
 187640.9  13392.5      -.1     43.3     71.4     28.9
      -.1     86.6     70.9     16.1 119093.7 122001.3
     -11.7      53.4       2.4     101.9
      -1.5      25.9        .1      36.1
       -.7      21.3        .2      10.3
      -1.0      20.8        .1       6.2
 55952   .000000  -.990916  -.134481
 194316.7  13195.9      -.1     43.3     71.4     28.9
      -.1     86.6     70.8     15.9 123346.6 127085.2
     -12.5      54.8       -.4      99.4
      -1.2      23.8       -.1      34.5
       -.7      18.2        .3      11.3
       -.4      17.1        .3       5.7
 55953   .000000  -.991524  -.129924
 201322.1  13156.5      -.1     43.3     71.4     28.9
      -.1     86.6     70.5     15.9 128904.9 132701.9
      -9.5      50.0        .4     101.0
      -1.8      25.7        .7      36.7
       -.8      21.2        .1      11.3
       -.9      20.6        .3       5.6
 55954   .000000  -.992073  -.125663
 208043.6  13189.4      -.1     43.3     71.4     28.9
      -.1     86.6     70.7     15.8 132300.7 136065.8
      -9.7      50.0       2.6     103.9
      -1.8      24.2        .6      37.0
       -.3      17.9        .1      10.8
       -.5      17.3        .3       6.2
 55955   .000000  -.992571  -.121670
 214867.6  13277.8      -.1     43.3     71.4     28.9
      -.1     86.6     70.8     15.7 138245.7 141781.3
      -4.6      46.3       8.1     100.4
      -1.7      26.0        .5      38.5
       -.5      21.2        .1       9.7
       -.6      21.0        .2       6.0
 55956   .000000  -.993023  -.117921
 221942.4  13317.6      -.1     43.3     71.4     28.9
      -.1     86.6     70.8     15.7 144839.0 146900.9
      -6.6      41.1       3.8      99.5
      -2.0      24.6        .5      41.7
       -.9      18.5        .2      11.7
       -.7      17.0        .1       5.6
 55957   .000000  -.993435  -.114396
 228875.2  13198.3      -.1     43.3     71.4     28.9
      -.1     86.6     71.1     15.7 148037.6 152060.0
      -7.3      39.6       5.0     107.9
      -1.5      25.9       -.2      41.2
       -.6      21.2        .1      12.7
       -.6      20.8        .2       6.2
 55958   .000000  -.993812  -.111073
 236004.7  13220.8      -.1     43.3     71.4     28.9
      -.1     86.6     70.8     15.8 152689.0 155020.8
     -10.3      46.6       1.4     103.5
      -1.8      24.1        .6      41.9
       -.9      18.6        .0      13.2
       -.9      17.4        .1       6.4
 55959   .000000  -.994158  -.107937
 242665.1  13277.9      -.1     43.3     71.4     28.9
      -.1     86.6     71.3     15.6 155764.2 160809.7
      -7.1      42.4        .4     104.9
      -1.7      25.7        .9      42.2
       -.8      21.0        .1      12.1
       -.7      20.8        .2       6.5
 55960   .000000  -.994475  -.104972
 249242.8  13275.5      -.1     43.3     71.4     28.9
      -.1     86.6     71.1     15.6 162190.3 166519.7
      -7.0      35.2       9.9     107.8
      -1.8      23.1        .0      43.7
       -.9      18.3        .2      12.6
       -.6      17.1        .2       7.6
 55961   .903278   .000000  -.429057
  61125.8  12591.3       .0     39.7     71.4     28.9
       .1     82.5     71.4     57.7  33935.1  35213.9
       1.9      84.4       7.0      43.1
       1.6      28.4      -1.1      20.7
       -.2       6.1      -1.2      14.0
        .2       5.0       -.9      12.4
 55962   .887877   .000000  -.460082
  57288.8  13188.3       .6     39.4     71.4     28.9
       .5     82.5     71.4     57.7  31748.5  32694.7
       1.4      85.1       9.4      47.2
        .7      24.7       -.6      21.6
        .2       5.2       -.9      14.9
        .3       5.0       -.7      12.9
 55963   .868777   .000000  -.495203
  53060.4  13827.0       .3     39.6     71.4     28.9
       .3     82.5     71.4     57.7  29069.2  30091.1
        .8      79.7       8.0      45.7
        .0      23.2       -.2      19.8
        .0       5.0       -.6      13.4
        .1       5.0       -.6      11.7
 55964   .844819   .000000  -.535052
  49140.8  14919.0      -.5     39.5     71.4     28.9
      -.5     82.5     71.4     57.7  26336.9  27419.2
        .3      77.8       8.2      46.2
       -.2      21.9        .1      19.5
        .6       6.1       -.3      13.6
       -.1       5.0        .2      12.1
 55965   .814421   .000000  -.580275
  45555.8  16372.0      -.2     39.6     71.4     28.9
      -.1     82.6     71.4     57.7  24124.3  25021.4
        .1      77.7       8.8      49.4
        .8      19.4        .2      18.9
       -.1       5.0        .1      12.7
        .2       5.0        .4      10.4
 55966   .775436   .000000  -.631426
  42070.9  18582.7       .0     39.5     71.4     28.9
       .0     82.5     69.2      8.4  21803.7  22721.3
       1.4      73.7       7.5      49.3
       -.9      16.4        .8      17.2
        .1       5.0        .6      11.5
        .3       5.0       1.0      10.0
 55967   .724999   .000000  -.688749
  38671.4  22197.9      -.2     39.9     71.4     28.9
      -.1     82.6     69.1     20.2  19784.9  20535.3
        .3      73.3      10.0      47.2
       -.2      14.3       1.5      16.4
       -.3       5.1       1.4      10.5
       -.1       5.0       1.4       8.6
 55968   .659438   .000000  -.751759
  35747.4  26970.7       .0     39.4     69.3      5.0
       .0     82.6     69.0     32.6  18044.5  18624.6
       2.2      74.9       8.3      48.5
       1.1      13.4        .6      11.4
        .0       5.0        .7       7.3
        .0       5.0       1.0       6.0
 55969   .574426   .000000  -.818557
  33179.2  27414.3      -.3     39.5     69.0     16.0
      -.3     82.7     69.0     44.7  16141.7  16742.6
      -2.9      68.7       7.8      56.1
        .5      12.7        .9       7.3
       -.1       5.0        .9       4.3
        .1       5.0       1.1       3.5
 55970   .465746   .000000  -.884918
  30883.4  25420.7       .1     39.7     71.8     24.3
       .1     82.7     71.8     52.9  14842.7  15463.4
       1.4      70.2      11.4      68.0
        .0      10.6        .3      11.7
       -.2       5.0        .2       3.3
        .1       5.0        .2       3.0
 55971   .331088   .000000  -.943600
  28674.6  23622.9      -.2     39.5     70.1     16.5
      -.1     82.7     70.1     45.0  13658.1  14064.5
       2.5      70.7       7.3      55.0
        .5       9.3       -.5       7.2
        .3       5.0       -.2       4.1
        .2       5.0       -.1       4.0
 55972   .254493   .000000  -.967075
  27680.5  22604.2       .2     39.9     69.7     11.3
       .2     83.0     69.6     39.9  13112.7  13596.8
       2.5      71.6       3.2      45.6
       -.2       8.5       -.3       8.3
        .3       5.0       -.2       5.7
        .2       5.0        .1       5.1
 55973   .172799   .000000  -.984957
  26936.8  20799.5       .5     40.0     69.2      6.3
       .5     83.1     69.2     34.5  12709.7  13278.3
       -.2      70.3       -.8      36.6
        .2      10.6       -.4      10.6
        .2       5.0        .1       7.4
       -.2       5.0        .0       6.6
 55974   .087384   .000000  -.996175
  26603.8  17690.9       .3     40.3     69.8      4.2
       .3     83.3     69.2     28.9  12724.3  13182.6
        .7      73.4        .0      40.7
       -.5       8.9        .0      13.6
        .2       5.0        .2       9.1
        .2       5.0        .2       8.2
 55975   .000000   .000000 -1.000000
  26421.0  15089.7       .0     39.8     69.5      4.3
       .0     83.1     69.1     23.4  12851.1  13317.0
      -4.1      71.5      -1.6      41.0
       -.1       9.3        .3      16.1
        .3       5.0        .5      11.0
        .1       5.0        .5       9.5
 55976  -.087384   .000000  -.996175
  26245.4  13090.6       .3     40.3     71.4     28.9
       .3     83.4     69.2     18.1  12606.7  13158.1
        .7      68.6        .3      42.3
       -.5      10.1       -.3      17.9
        .0       5.0        .2      12.3
        .1       5.0        .5      11.1
 55977  -.172799   .000000  -.984957
  26616.3  11696.2      -.2     40.3     71.4     28.9
      -.1     83.5     69.1     13.1  12672.2  13372.1
       1.6      65.0      -1.6      41.0
        .2       9.5       -.6      19.4
        .1       5.0       -.2      13.5
        .0       5.0        .4      12.4
 55978  -.254493   .000000  -.967075
  27106.2  10703.8       .4     40.3     71.4     28.9
       .3     83.6     69.2      9.1  12951.7  13408.0
       -.9      68.2      -1.2      43.1
        .1       7.4       -.8      19.5
        .3       5.0       -.4      14.0
        .3       5.0       -.3      13.4
 55979  -.331088   .000000  -.943600
  27844.5   9936.0       .3     40.5     71.4     28.9
       .4     83.6     69.5      8.6  13306.0  13935.2
        .8      71.1      -3.4      41.5
        .1      11.5       -.6      19.9
        .0       5.0       -.4      14.7
       -.1       5.0       -.5      13.7
 55980  -.465746   .000000  -.884918
  29750.7   8852.8       .3     40.7     71.4     28.9
       .3     83.9     71.4     57.7  14984.0  15448.5
       4.3      63.9      -4.1      44.0
        .2      11.9      -1.1      22.7
        .2       5.0       -.6      16.5
        .2       5.0       -.6      15.3
 55981  -.574426   .000000  -.818557
  32034.0   8165.9      -.1     40.7     71.4     28.9
      -.1     83.8     71.4     57.7  16121.8  16672.8
        .3      69.6      -3.6      42.4
       -.3      11.7      -1.9      22.3
       -.1       5.0      -1.5      16.9
        .0       5.0      -1.6      16.2
 55982  -.659438   .000000  -.751759
  35166.2   7928.6       .4     40.5     71.4     28.9
       .4     83.7     71.4     57.7  18205.2  18950.7
      -2.8      75.8      -7.6      46.5
        .6      13.4      -2.0      24.6
        .1       5.0      -1.4      18.2
        .1       5.0      -1.5      17.2
 55983  -.724999   .000000  -.688749
  38345.4   7633.1      -.1     40.4     71.4     28.9
      -.1     83.6     71.4     57.7  19896.9  20749.7
       6.9      73.3      -6.2      43.7
       1.5      18.5      -2.2      23.9
        .1       5.1      -2.0      18.3
        .0       5.0      -1.9      17.6
 55984  -.775436   .000000  -.631426
  41936.7   7506.4      -.1     40.6     71.4     28.9
      -.1     83.7     71.4     57.7  22299.0  23186.7
      -3.7      79.8      -7.9      43.7
        .4      20.3      -2.2      24.7
        .3       5.0      -1.5      18.9
        .0       5.0      -2.2      17.8
 55985  -.814421   .000000  -.580275
  45729.6   7470.9       .2     40.6     71.4     28.9
       .1     83.5     71.4     57.7  24304.3  25208.8
      -2.6      80.6      -7.8      41.7
       -.9      23.2      -2.3      24.2
        .3       5.0      -2.1      19.0
       -.2       5.0      -2.4      18.1
 55986  -.844819   .000000  -.535052
  49440.0   7501.5       .1     40.4     71.4     28.9
       .1     83.4     71.4     57.7  27678.1  28370.9
      -5.4      79.9      -7.5      41.3
        .6      23.2      -2.4      24.9
        .3       5.0      -2.4      19.0
        .2       5.0      -2.6      18.0
 55987  -.868777   .000000  -.495203
  53369.5   7410.9      -.3     40.6     71.4     28.9
      -.3     83.4     71.4     57.7  29060.3  30147.9
       1.4      80.1      -8.8      39.4
       -.1      23.6      -3.3      24.0
        .2       7.7      -2.6      18.8
       -.2       5.0      -2.6      18.2
 55988  -.887877   .000000  -.460082
  57538.7   7503.4       .0     40.3     71.4     28.9
       .0     83.3     71.4     57.7  32241.8  33334.7
       1.6      83.2      -8.7      40.9
        .3      27.7      -3.1      25.0
        .4       8.9      -2.7      19.6
        .0       5.0      -2.9      18.4
 55989  -.903278   .000000  -.429057
  61905.5   7482.8      -.1     40.2     71.4     28.9
      -.1     83.1     71.4     57.7  34822.5  35760.4
        .5      79.8      -8.2      38.8
       -.7      29.2      -3.0      24.4
       -.1       6.7      -2.8      19.2
        .0       5.0      -3.2      18.2
 55990   .840060  -.367526  -.399028
  65739.9  13531.4      -.1     43.3     71.4     28.9
      -.2     17.7     71.4     57.7  37371.3  38124.3
      -6.2      61.7       8.9      46.9
       -.9      24.4       -.8      20.5
       -.3      15.5      -1.2      14.0
       -.2      13.1      -1.2      12.2
 55991   .817505  -.390173  -.423616
  62090.2  14317.1      -.1     43.3     71.4     28.9
       .1     18.2     71.4     57.7  34852.8  35841.1
      -6.0      60.5       8.9      48.3
       -.6      24.7       -.6      20.6
       -.4      16.0       -.6      14.6
       -.2      13.1       -.7      12.9
 55992   .790440  -.414981  -.450551
  58317.7  15294.4      -.1     43.3     71.4     28.9
      -.3     18.6     71.4     57.7  32375.4  33353.5
      -6.3      60.9       9.3      47.5
       -.7      24.9        .0      19.9
       -.3      15.9       -.6      13.1
       -.1      13.2       -.6      11.3
 55993   .757796  -.442047  -.479937
  54732.5  16839.2      -.1     43.3     71.4     28.9
      -.2     19.1     71.4     57.7  29871.6  31037.0
      -4.9      59.2       9.7      47.2
       -.8      25.0        .0      19.4
       -.2      16.2       -.5      12.8
       -.3      13.4       -.1      11.3
 55994   .718269  -.471364  -.511767
  51710.6  18309.9      -.1     43.3     71.4     28.9
       .0     19.5     71.4     57.7  27956.7  28880.0
      -8.3      62.0      10.1      53.3
       -.8      25.7        .9      19.2
       -.3      16.6        .1      12.2
       -.5      13.7        .4      10.2
 55995   .670317  -.502738  -.545830
  48424.3  20748.3      -.1     43.3     71.4     28.9
      -.2     20.1     68.8      7.7  26051.6  26696.5
      -7.3      57.5       8.4      49.3
      -1.0      26.3        .3      17.0
       -.4      17.0        .2      10.8
       -.3      13.8        .6       9.3
 55996   .612205  -.535679  -.581595
  45553.3  21482.2      -.1     43.3     71.4     28.9
      -.3     20.8     68.7     19.2  24013.5  24686.3
      -7.7      60.0       9.6      50.2
       -.7      25.8       1.5      16.1
       -.2      17.0       1.1       9.8
       -.2      14.1       1.3       8.1
 55997   .542159  -.569267  -.618061
  42783.8  20979.7      -.1     43.3     68.9      4.4
      -.3     21.1     68.7     32.0  22298.1  23031.0
      -6.4      59.5       6.7      49.9
       -.8      26.5       1.0      11.6
       -.4      17.2        .7       6.9
       -.4      14.2        .8       5.9
 55998   .458673  -.602008  -.653609
  40521.4  19953.1      -.1     43.3     68.8     15.5
      -.6     21.8     68.8     44.1  21054.7  21699.1
      -5.4      59.3       9.7      61.4
       -.1      26.7        .7      10.3
       -.2      17.8        .7       4.0
       -.4      14.6        .9       3.5
 55999   .361020  -.631785  -.685938
  38621.0  19022.8      -.1     43.3     71.8     24.6
      -.5     22.3     71.8     52.9  19997.8  20554.1
      -9.0      59.2      11.1      76.0
       -.9      27.4       -.5      16.6
        .1      17.6        .2       3.6
       -.4      14.8        .3       3.0
 56000   .249898  -.655981  -.712208
  37093.1  18163.2      -.1     43.3     70.2     16.0
      -.4     22.7     70.2     44.6  19063.5  19680.0
      -5.5      58.5       4.2      60.7
       -.5      27.3       -.1       9.4
       -.3      17.9       -.2       4.0
       -.5      14.8       -.2       3.6
 56001   .190037  -.665130  -.722141
  36366.1  17806.6      -.1     43.3     69.4     10.4
      -.5     23.0     69.6     38.7  18356.0  19072.3
      -6.2      58.7       2.0      53.2
       -.6      27.2       -.3       9.4
       -.4      17.7       -.1       5.4
       -.4      15.1        .1       4.6
 56002   .127982  -.671905  -.729496
  36148.8  17634.6      -.1     43.3     69.2      5.2
      -.4     22.9     69.3     33.0  18215.9  18858.5
      -7.5      58.8       -.5      45.2
       -.8      27.4       -.2      10.7
       -.5      18.0       -.1       6.8
       -.2      15.0        .1       6.0
 56003   .064388  -.676070  -.734019
  35837.4  17273.7      -.1     43.3     71.6      4.8
      -.1     23.5     69.3     27.3  18240.2  18899.9
      -6.3      59.0       1.0      46.0
       -.6      27.4        .0      13.2
       -.1      18.3        .3       8.5
       -.4      15.5        .1       7.3
 56004   .000000  -.677476  -.735545
  35715.7  16783.3      -.1     43.3     71.4     28.9
      -.1     23.5     69.0     21.4  17744.5  18442.2
      -7.8      58.3        .9      42.5
       -.5      27.7       -.1      15.2
        .0      18.0        .4       9.8
       -.4      15.6        .3       8.7
 56005  -.064388  -.676070  -.734019
  35928.5  16016.2      -.1     43.3     71.4     28.9
      -.4     23.5     68.7     15.8  18017.1  18504.0
      -6.5      59.2      -1.6      44.9
       -.3      27.4       -.1      16.8
       -.4      18.1        .1      11.0
       -.4      15.7        .3       9.9
 56006  -.127982  -.671905  -.729496
  35920.2  15276.5      -.1     43.3     71.4     28.9
       .2     23.5     68.8     10.5  18018.1  18822.7
      -7.8      62.5      -2.4      46.7
       -.5      27.2       -.6      17.3
       -.3      17.9       -.5      11.9
       -.5      15.5       -.1      10.9
 56007  -.190037  -.665130  -.722141
  36191.6  14019.0      -.1     43.3     71.4     28.9
      -.1     23.4     69.5      7.4  18118.3  18662.0
      -5.8      59.3      -2.5      40.0
       -.1      27.5       -.8      17.3
        .0      17.9       -.5      12.2
       -.3      15.6       -.4      11.4
 56008  -.249898  -.655981  -.712208
  36844.9  12835.6      -.1     43.3     71.4     28.9
      -.3     23.6     69.4     10.0  19011.3  19668.6
      -8.5      60.9      -1.8      44.3
       -.7      27.1      -1.0      18.0
       -.5      18.3       -.6      13.1
       -.5      15.6       -.5      11.8
 56009  -.361020  -.631785  -.685938
  38168.6  11421.0      -.1     43.3     71.4     28.9
       .0     23.1     71.4     57.7  19352.9  20079.1
      -5.6      60.2      -3.2      45.2
       -.5      27.3      -1.4      21.0
       -.5      17.8      -1.0      14.8
       -.1      15.6       -.6      13.9
 56010  -.458673  -.602008  -.653609
  40070.3  10394.7      -.1     43.3     71.4     28.9
      -.1     22.7     71.4     57.7  20435.1  21107.1
      -6.0      60.6      -4.9      40.3
       -.3      27.1      -1.6      20.5
       -.2      17.5      -1.1      15.0
       -.4      15.3      -1.2      14.4
 56011  -.542159  -.569267  -.618061
  42507.5   9655.7      -.1     43.3     71.4     28.9
      -.1     22.0     71.4     57.7  22108.6  22827.3
      -5.8      60.9      -6.5      43.8
       -.3      26.1      -1.5      22.6
       -.5      17.2      -1.7      16.8
       -.4      14.8      -1.3      15.9
 56012  -.612205  -.535679  -.581595
  45008.9   9129.3      -.1     43.3     71.4     28.9
       .4     21.3     71.4     57.7  24165.7  24925.1
      -6.8      60.6      -6.3      41.4
       -.2      25.9      -2.2      21.7
       -.4      16.8      -2.0      16.7
       -.4      14.3      -1.6      16.2
 56013  -.670317  -.502738  -.545830
  48063.3   8785.7      -.1     43.3     71.4     28.9
       .0     20.7     71.4     57.7  25694.6  26621.6
      -8.5      60.9      -7.7      42.7
       -.9      25.7      -2.3      23.5
       -.6      16.3      -2.3      17.9
       -.2      14.2      -2.0      16.9
 56014  -.718269  -.471364  -.511767
  51240.5   8524.2      -.1     43.3     71.4     28.9
       .0     20.3     71.4     57.7  28315.0  29066.4
      -7.9      62.6      -7.1      41.7
       -.3      24.9      -2.3      22.5
       -.3      16.1      -2.4      17.6
       -.7      13.9      -2.6      17.3
 56015  -.757796  -.442047  -.479937
  54841.3   8303.3      -.1     43.3     71.4     28.9
       .0     19.6     71.4     57.7  30379.1  31329.9
      -6.1      59.5      -7.9      41.3
        .3      25.1      -2.2      23.4
       -.7      16.0      -2.5      19.0
       -.3      13.8      -2.3      17.9
 56016  -.790440  -.414981  -.450551
  58289.2   8200.8      -.1     43.3     71.4     28.9
      -.4     19.1     71.4     57.7  32982.1  33693.2
      -4.0      60.2      -7.3      40.6
       -.4      24.1      -3.2      22.8
       -.4      15.5      -2.5      18.5
       -.3      13.3      -2.7      17.7
 56017  -.817505  -.390173  -.423616
  62176.5   8131.8      -.1     43.3     71.4     28.9
      -.2     18.5     71.4     57.7  35520.2  36621.6
      -6.5      60.4      -7.6      39.4
       -.8      24.6      -2.9      24.5
       -.2      15.5      -2.7      19.6
       -.6      13.3      -2.8      18.1
 56018  -.840060  -.367526  -.399028
  65944.5   8152.5      -.1     43.3     71.4     28.9
      -.3     18.1     71.4     57.7  37179.2  38813.2
      -4.0      63.2      -8.3      37.9
       -.1      24.2      -2.9      23.0
       -.1      15.2      -2.8      18.8
       -.6      13.0      -2.7      18.5
 56019   .708659  -.620076  -.336613
  78166.3  15596.0      -.1     43.3     71.4     28.9
      -.1     86.6     71.4     57.7  45095.3  46685.3
      -7.8      53.3       7.0      48.0
       -.4      22.7      -1.1      20.2
       -.4      17.5      -1.3      13.5
       -.5      16.4      -1.2      11.4
 56020   .677337  -.646549  -.350984
  74629.7  16069.6      -.1     43.3     71.4     28.9
      -.1     86.6     71.4     57.7  42931.6  43994.0
      -6.9      54.8       7.2      46.8
       -.6      22.3       -.7      19.7
       -.5      17.6       -.9      13.3
       -.2      16.5      -1.1      11.7
 56021   .641844  -.673936  -.365851
  71991.6  17047.2      -.1     43.3     71.4     28.9
      -.1     86.6     71.4     57.7  40104.7  42362.7
      -9.7      56.1       7.3      49.1
      -1.0      23.1       -.2      19.5
       -.5      17.5       -.9      12.2
        .0      16.9       -.8      10.6
 56022   .601687  -.701968  -.381068
  68980.8  17043.5      -.1     43.3     71.4     28.9
      -.1     86.6     71.4     57.7  39857.7  40906.0
     -10.7      57.8       6.8      54.9
       -.9      23.0        .0      18.4
        .0      17.9       -.8      11.4
       -.3      16.9       -.5       9.9
 56023   .556388  -.730259  -.396426
  66189.4  16714.2      -.1     43.3     71.4     28.9
      -.1     86.6     71.4     57.7  38007.7  38816.0
      -7.7      50.6       9.4      56.8
       -.5      23.0        .2      18.4
       -.5      18.1       -.2      11.0
       -.3      17.0        .1       9.2
 56024   .505524  -.758286  -.411641
  63874.6  16146.4      -.1     43.3     71.4     28.9
      -.1     86.6     68.6      6.0  35592.2  36716.3
      -7.2      51.7       8.7      55.7
       -.6      22.9        .6      17.1
       -.6      18.1        .2       9.6
      -1.0      17.4        .5       8.0
 56025   .448787  -.785377  -.426348
  61888.8  15630.2      -.1     43.3     71.4     28.9
      -.1     86.6     68.6     17.6  34501.7  35519.5
      -9.3      56.4       9.5      61.9
       -.7      22.9       1.1      16.6
       -.5      18.5       1.0       8.8
       -.7      17.9       1.1       7.3
 56026   .386057  -.810720  -.440105
  59902.6  15180.8      -.1     43.3     68.7      3.2
      -.1     86.6     68.4     30.4  33423.4  34247.9
      -9.0      49.7       6.7      61.6
       -.8      23.5        .7      15.2
       -.6      18.4        .6       6.4
       -.4      18.1        .6       5.2
 56027   .317480  -.833386  -.452409
  58157.7  14747.8      -.1     43.3     68.0     14.6
      -.1     86.6     68.1     43.1  32314.0  33431.5
      -7.4      49.6       7.1      73.0
       -.8      23.4        .8      17.6
       -.7      18.8        .7       4.0
       -.2      18.6        .8       3.4
 56028   .243541  -.852392  -.462727
  56771.4  14449.9      -.1     43.3     71.3     24.0
      -.1     86.6     71.4     52.5  30982.2  32170.1
      -8.6      51.5       9.0      86.0
       -.4      23.5        .3      29.7
       -.6      19.2        .2       4.9
       -.9      18.6        .1       3.1
 56029   .165103  -.866792  -.470544
  55801.8  14205.2      -.1     43.3     70.5     15.2
      -.1     86.6     70.6     43.9  30790.8  31967.4
     -11.1      51.4       4.9      70.2
       -.6      23.6       -.9      19.6
       -.6      19.1       -.2       4.3
       -.7      18.6       -.1       3.4
 56030   .124573  -.872008  -.473376
  55328.5  14012.3      -.1     43.3     69.8      9.2
      -.1     86.6     70.0     38.0  30670.7  31744.7
      -8.8      51.2        .0      66.4
       -.7      23.3       -.1      13.3
       -.7      19.1        .0       4.8
       -.5      19.1        .0       4.1
 56031   .083409  -.875791  -.475429
  55065.3  14006.0      -.1     43.3     69.3      3.6
      -.1     86.6     69.7     31.6  30598.2  31747.7
      -9.2      50.7       5.7      59.2
       -.5      23.8       -.3      13.3
       -.5      19.2       -.1       6.1
       -.6      19.3        .0       5.1
 56032   .041814  -.878085  -.476675
  55123.2  13990.7      -.1     43.3     71.4     28.9
      -.1     86.6     69.2     25.3  29731.4  30828.9
     -10.9      51.4       3.2      55.1
       -.7      24.0        .1      14.7
       -.7      19.3        .2       7.4
       -.4      18.9        .2       6.1
 56033   .000000  -.878853  -.477092
  55105.0  13897.0      -.1     43.3     71.4     28.9
      -.1     86.6     69.2     19.2  30453.8  31198.3
      -7.8      51.2       1.6      53.5
       -.7      23.5        .2      15.5
       -.2      19.5        .3       8.5
       -.6      19.2        .2       7.2
 56034  -.041814  -.878085  -.476675
  55026.8  13931.0      -.1     43.3     71.4     28.9
      -.1     86.6     68.9     12.9  29841.9  30973.9
      -9.1      49.6      -1.7      50.8
       -.5      23.5       -.2      15.9
       -.4      19.4       -.1       9.3
      -1.1      19.2        .0       7.8
 56035  -.083409  -.875791  -.475429
  55262.6  13977.7      -.1     43.3     71.4     28.9
      -.1     86.6     68.7      7.3  30906.7  31453.4
      -9.0      51.2       -.7      49.6
       -.4      23.4       -.8      15.7
       -.1      19.6       -.5       9.7
       -.8      19.2       -.5       8.4
 56036  -.124573  -.872008  -.473376
  55194.9  13974.8      -.1     43.3     71.4     28.9
      -.1     86.6     68.8      5.3  30387.3  31326.3
      -7.3      51.6        .5      47.7
       -.7      23.7       -.9      15.5
       -.5      19.5       -.8       9.7
       -.5      18.8       -.9       8.6
 56037  -.165103  -.866792  -.470544
  55744.3  14004.9      -.1     43.3     71.4     28.9
      -.1     86.6     71.4     57.7  30755.3  31793.7
      -8.9      48.5      -2.9      50.7
       -.5      23.5      -1.1      17.3
       -.4      19.6       -.7      11.1
       -.3      19.1       -.4       9.5
 56038  -.243541  -.852392  -.462727
  56790.9  13747.4      -.1     43.3     71.4     28.9
      -.1     86.6     71.4     57.7  31658.0  32483.2
      -8.3      51.5      -3.5      46.3
       -.7      23.8      -1.6      18.0
       -.2      19.3      -1.0      12.1
       -.5      19.1      -1.0      10.9
 56039  -.317480  -.833386  -.452409
  57907.1  13477.3      -.1     43.3     71.4     28.9
      -.1     86.6     71.4     57.7  31233.1  32609.1
      -8.9      53.2      -5.7      42.8
       -.3      23.8      -1.4      18.2
       -.1      19.1      -1.4      12.8
       -.5      19.1      -1.3      11.4
 56040  -.386057  -.810720  -.440105
  59308.8  12642.9      -.1     43.3     71.4     28.9
      -.1     86.6     71.4     57.7  33183.8  33961.9
     -11.4      51.9      -4.4      43.7
       -.4      23.6      -2.0      19.7
       -.4      19.0      -1.7      14.2
       -.3      18.5      -1.7      13.1
 56041  -.448787  -.785377  -.426348
  61383.3  12271.7      -.1     43.3     71.4     28.9
      -.1     86.6     71.4     57.7  34687.8  35638.7
      -8.2      52.1      -5.4      42.7
       -.2      23.5      -2.2      18.8
       -.7      18.9      -2.2      14.2
       -.1      18.4      -1.8      12.7
 56042  -.505524  -.758286  -.411641
  63846.8  11499.6      -.1     43.3     71.4     28.9
      -.1     86.6     71.4     57.7  36192.4  37152.0
     -11.4      57.1      -7.6      43.4
      -1.2      23.8      -2.7      21.4
       -.2      18.5      -2.1      15.6
       -.4      17.8      -2.0      14.2
 56043  -.556388  -.730259  -.396426
  66291.5  11057.1      -.1     43.3     71.4     28.9
      -.1     86.6     71.4     57.7  37775.5  38915.8
     -10.3      54.4      -7.6      40.4
       -.6      23.4      -2.5      20.0
        .3      18.5      -2.0      15.4
       -.1      17.2      -2.2      14.1
 56044  -.601687  -.701968  -.381068
  68759.5  10479.3      -.1     43.3     71.4     28.9
      -.1     86.6     71.4     57.7  38966.4  40274.6
      -7.3      54.6      -6.9      42.1
       -.7      23.6      -2.7      22.1
       -.6      18.1      -2.5      16.6
       -.3      17.4      -2.4      15.4
 56045  -.641844  -.673936  -.365851
  71838.8  10227.0      -.1     43.3     71.4     28.9
      -.1     86.6     71.4     57.7  40104.8  41686.6
      -8.4      57.5      -7.5      39.4
       -.9      23.5      -3.3      21.2
       -.4      17.8      -2.5      16.5
       -.4      16.9      -2.6      15.1
 56046  -.677337  -.646549  -.350984
  74538.4   9852.9      -.1     43.3     71.4     28.9
      -.1     86.6     71.4     57.7  43009.5  43885.3
      -9.3      56.1      -8.9      41.7
       -.2      23.0      -2.8      22.4
       -.4      17.6      -2.6      17.6
       -.5      17.0      -2.9      16.5
 56047  -.708659  -.620076  -.336613
  77863.6   9691.9      -.1     43.3     71.4     28.9
      -.1     86.6     71.4     57.7  45039.6  46479.3
      -6.2      53.8      -6.2      36.7
       -.7      22.8      -2.9      21.2
       -.2      17.6      -2.8      17.0
        .0      16.2      -2.4      16.2
 56048   .482910  -.845093  -.229382
 114626.7  14963.0      -.1     43.3     71.4     28.9
      -.1     86.6     71.4     57.7  68554.3  71031.7
      -7.6      53.7       4.3      53.1
      -1.1      22.4       -.9      21.2
       -.4      17.0      -1.5      11.9
       -.3      15.5      -1.6       9.7
 56049   .451149  -.861285  -.233777
 112145.2  14684.3      -.1     43.3     71.4     28.9
      -.1     86.6     71.4     57.7  67430.2  69522.0
      -9.9      52.0       8.4      57.5
      -1.7      22.3       -.1      22.9
       -.6      16.7      -1.5      10.5
       -.3      15.8      -1.4       9.0
 56050   .417577  -.876913  -.238019
 110343.8  14512.9      -.1     43.3     71.4     28.9
      -.1     86.6     71.4     57.7  64644.4  67512.9
     -10.4      48.4       6.0      64.3
      -1.4      22.9       -.2      22.4
       -.5      17.1      -1.1      10.6
       -.6      16.2       -.7       8.8
 56051   .382204  -.891810  -.242063
 108293.2  14206.1      -.1     43.3     71.4     28.9
      -.1     86.6     71.4     57.7  65715.4  67620.6
     -14.1      54.4       9.6      64.8
      -1.3      23.8       -.4      21.0
       -.2      17.0      -1.2       9.2
       -.6      15.9      -1.0       7.9
 56052   .345068  -.905804  -.245861
 106462.2  13919.2      -.1     43.3     71.4     28.9
      -.1     86.6     71.4     57.7  64589.4  66030.0
     -11.8      49.6       9.1      71.6
      -1.3      23.0        .9      23.3
       -.6      17.2       -.2       9.5
       -.7      16.2       -.1       7.6
 56053   .306238  -.918714  -.249365
 104857.1  13748.4      -.1     43.3     71.4     28.9
      -.1     86.6     68.5      3.5  63576.2  65389.3
      -8.0      47.2       7.6      72.7
      -1.2      22.2        .5      20.7
       -.2      17.4       -.4       7.8
       -.8      16.5       -.2       6.3
 56054   .265817  -.930361  -.252527
 103879.3  13711.6      -.1     43.3     71.4     28.9
      -.1     86.6     68.0     15.6  61714.7  63621.3
     -11.3      53.5       3.0      75.6
       -.7      23.0        .9      23.9
       -.3      17.6        .6       7.8
       -.7      16.3        .8       6.1
 56055   .223945  -.940570  -.255298
 102675.3  13541.0      -.1     43.3     68.6      1.9
      -.1     86.6     68.2     28.7  61648.4  63267.7
      -9.6      50.0       8.9      85.2
      -1.4      23.4        .4      23.2
       -.5      17.5        .4       6.6
       -.9      16.4        .5       4.7
 56056   .180796  -.949177  -.257634
 101582.4  13329.6      -.1     43.3     67.5     13.4
      -.1     86.6     67.6     41.8  61106.4  62451.5
     -14.4      54.4       8.7      96.0
       -.9      22.6        .5      31.7
      -1.0      17.6        .4       7.2
       -.9      16.4        .5       3.2
 56057   .136577  -.956038  -.259496
 101096.6  13316.4      -.1     43.3     71.3     23.2
      -.1     86.6     71.3     51.6  59900.7  62165.4
     -10.5      50.3       5.7     105.3
       -.8      22.7        .1      52.3
       -.4      17.9       -.4      15.2
       -.6      16.4       -.2       4.4
 56058   .091527  -.961030  -.260851
 100393.4  13201.3      -.1     43.3     71.2     14.6
      -.1     86.6     71.2     43.1  60179.8  61871.6
     -13.0      56.5       2.8      93.3
      -1.4      22.6        .6      33.1
       -.5      17.8       -.1       7.5
       -.6      16.6       -.1       3.6
 56059   .068771  -.962796  -.261330
 100183.5  13112.6      -.1     43.3     70.6      8.3
      -.1     86.6     70.7     36.7  59738.7  61828.3
     -12.0      47.3       6.5      86.8
      -1.2      23.3       -.2      26.9
       -.6      18.0       -.1       6.5
       -.6      16.5        .0       4.2
 56060   .045908  -.964064  -.261674
 100140.9  13106.2      -.1     43.3     70.0      2.2
      -.1     86.6     70.1     30.5  59255.3  60977.9
     -12.5      50.7       2.6      81.4
      -1.1      23.2       -.2      24.7
       -.9      17.6       -.1       6.8
      -1.0      16.3       -.1       4.7
 56061   .022972  -.964827  -.261882
  99934.1  13147.7      -.1     43.3     71.4     28.9
      -.1     86.6     70.0     23.8  60311.8  61893.8
     -10.7      53.7       1.1      72.8
      -1.5      22.9        .4      23.5
       -.9      17.9        .2       7.5
       -.5      16.4        .3       5.2
 56062   .000000  -.965081  -.261951
 100043.1  13160.1      -.1     43.3     71.4     28.9
      -.1     86.6     69.6     17.1  58963.3  60752.8
      -8.2      48.9       2.6      72.1
       -.9      23.1        .3      22.2
       -.4      17.7        .1       7.5
       -.7      16.6        .1       5.7
 56063  -.022972  -.964827  -.261882
  99929.7  13112.8      -.1     43.3     71.4     28.9
      -.1     86.6     69.7     10.6  59405.7  61049.1
      -9.7      52.9        .9      72.5
      -1.0      22.7       -.8      21.2
       -.7      17.8       -.3       8.0
       -.5      16.7       -.1       6.1
 56064  -.045908  -.964064  -.261674
  99923.4  13097.4      -.1     43.3     71.4     28.9
      -.1     86.6     69.3      4.3  60097.8  61860.8
     -12.0      50.3       1.2      74.6
       -.8      22.6      -1.1      19.7
       -.7      17.9       -.9       7.7
       -.7      16.5       -.7       6.2
 56065  -.068771  -.962796  -.261330
 100470.5  13154.2      -.1     43.3     71.4     28.9
      -.1     86.6     71.4     57.7  59539.5  61594.6
     -11.2      52.1       1.9      69.3
      -1.3      23.0       -.9      20.1
       -.6      17.9       -.7       8.1
       -.6      16.8       -.8       6.4
 56066  -.091527  -.961030  -.260851
 100577.4  13270.1      -.1     43.3     71.4     28.9
      -.1     86.6     71.4     57.7  59634.9  60894.5
      -7.2      46.2       -.6      65.1
      -1.1      23.2      -1.1      20.2
       -.5      17.8       -.7       9.3
       -.8      16.8       -.7       7.4
 56067  -.136577  -.956038  -.259496
 100712.8  13176.5      -.1     43.3     71.4     28.9
      -.1     86.6     71.4     57.7  60633.1  62302.1
      -9.1      54.1       -.1      59.2
       -.8      23.4      -1.4      18.4
       -.7      17.6      -1.5       9.3
       -.4      16.8      -1.2       7.6
 56068  -.180796  -.949177  -.257634
 101574.7  13272.2      -.1     43.3     71.4     28.9
      -.1     86.6     71.4     57.7  60584.1  62463.4
      -6.8      48.6      -3.0      57.5
      -1.1      22.6      -1.9      17.7
       -.4      17.8      -1.6      10.1
       -.6      16.7      -1.5       8.6
 56069  -.223945  -.940570  -.255298
 102684.5  13403.2      -.1     43.3     71.4     28.9
      -.1     86.6     71.4     57.7  61488.0  63236.5
     -10.5      55.5      -3.2      50.6
       -.7      23.4      -2.2      18.5
       -.2      17.7      -1.8      10.7
       -.6      16.7      -2.0       9.0
 56070  -.265817  -.930361  -.252527
 103849.2  13494.2      -.1     43.3     71.4     28.9
      -.1     86.6     71.4     57.7  62544.7  64383.4
      -8.8      48.9      -8.2      54.6
       -.9      23.1      -2.0      18.2
       -.6      17.5      -2.0      11.3
       -.6      16.7      -2.2       9.6
 56071  -.306238  -.918714  -.249365
 105152.7  13547.0      -.1     43.3     71.4     28.9
      -.1     86.6     71.4     57.7  63360.1  65216.2
     -11.5      50.8      -7.1      50.6
       -.9      23.3      -2.4      19.0
       -.4      17.8      -2.1      11.9
       -.3      16.5      -2.1      10.3
 56072  -.345068  -.905804  -.245861
 106554.2  13619.3      -.1     43.3     71.4     28.9
      -.1     86.6     71.4     57.7  63849.1  65759.6
      -9.9      52.0      -7.0      47.2
       -.9      23.0      -2.7      17.6
       -.3      17.3      -2.2      11.9
       -.5      16.8      -2.4      10.6
 56073  -.382204  -.891810  -.242063
 108417.5  13571.8      -.1     43.3     71.4     28.9
      -.1     86.6     71.4     57.7  65318.5  67048.4
      -9.1      49.5      -6.6      42.6
       -.7      23.3      -2.8      19.9
       -.6      17.5      -2.4      13.1
       -.5      16.1      -2.4      11.4
 56074  -.417577  -.876913  -.238019
 110093.8  13442.7      -.1     43.3     71.4     28.9
      -.1     86.6     71.4     57.7  65214.0  67323.0
     -13.6      55.0      -9.3      41.7
       -.9      23.3      -2.9      18.4
       -.3      17.4      -2.5      12.8
       -.7      16.4      -2.8      11.3
 56075  -.451149  -.861285  -.233777
 112179.4  13306.8      -.1     43.3     71.4     28.9
      -.1     86.6     71.4     57.7  66358.8  68641.0
      -9.0      52.8      -5.3      41.6
       -.6      22.9      -2.9      19.5
       -.2      17.2      -2.7      14.3
       -.6      16.5      -2.6      12.9
 56076  -.482910  -.845093  -.229382
 113971.0  13009.0      -.1     43.3     71.4     28.9
      -.1     86.6     71.4     57.7  70270.6  71460.1
      -8.9      49.5      -6.7      36.3
      -1.2      22.1      -3.1      18.4
       -.2      17.0      -2.6      13.4
       -.3      16.0      -2.6      12.3
 56077   .337328  -.927651  -.160231
 163435.4  14003.5      -.1     43.3     71.4     28.9
      -.1     86.6     71.4     57.7 102931.4 105281.6
      -8.3      47.5       3.8      61.1
      -1.6      23.2       -.7      24.3
       -.7      17.7      -1.4      11.0
       -.3      16.7      -1.6       8.5
 56078   .312066  -.936198  -.161707
 161982.4  13794.3      -.1     43.3     71.4     28.9
      -.1     86.6     71.4     57.7 101424.4 104449.8
      -9.8      48.8       6.7      70.0
      -1.6      22.8       -.1      24.5
       -.6      17.6      -1.4       9.5
       -.5      16.5      -1.7       7.5
 56079   .286124  -.944211  -.163091
 160590.3  13691.0      -.1     43.3     71.4     28.9
      -.1     86.6     71.4     57.7 100643.8 103174.0
      -9.8      49.7       4.0      74.3
      -1.7      23.4        .2      26.3
       -.5      17.6      -1.1       9.9
       -.8      16.9       -.9       7.5
 56080   .259539  -.951641  -.164374
 159180.2  13656.3      -.1     43.3     71.4     28.9
      -.1     86.6     71.4     57.7  99005.3 102377.3
      -8.5      47.0       4.8      78.0
      -1.6      23.9        .0      26.7
       -.7      17.9      -1.3       8.7
       -.5      16.8      -1.3       6.4
 56081   .232349  -.958440  -.165549
 158294.4  13589.1      -.1     43.3     71.4     28.9
      -.1     86.6     71.4     57.7  99697.0 101869.0
      -9.3      47.4       8.1      83.1
      -1.7      24.0       1.0      28.5
       -.5      18.0       -.3       9.6
       -.2      16.9       -.5       6.8
 56082   .204604  -.964562  -.166606
 157016.7  13423.4      -.1     43.3     71.4     28.9
      -.1     86.6     68.5      2.4  98380.7 100251.2
     -10.2      46.3       8.2      87.6
      -1.1      22.9        .2      28.7
       -.7      18.0       -.5       8.4
       -.4      16.8       -.5       5.5
 56083   .176357  -.969963  -.167539
 156576.0  13392.0      -.1     43.3     71.4     28.9
      -.1     86.6     68.1     14.1  98497.0 100892.0
      -9.9      48.8      11.5      93.6
      -1.4      23.1       1.0      31.9
       -.7      18.1        .4       9.1
       -.8      17.0        .5       5.7
 56084   .147667  -.974605  -.168341
 155979.9  13280.2      -.1     43.3     71.4     28.9
      -.1     86.6     67.7     27.6  97990.5 100554.9
      -7.6      45.2       7.2      97.9
      -1.2      23.7        .6      32.9
       -.6      17.9        .5       8.3
       -.6      16.6        .4       4.4
 56085   .118600  -.978453  -.169006
 154841.6  13166.1      -.1     43.3     67.4     12.5
      -.1     86.6     67.5     41.0  96896.8  99085.3
      -9.8      48.3       9.3     110.1
      -1.3      23.0        .6      44.7
       -.7      18.2        .1      11.3
       -.8      17.1        .2       4.7
 56086   .089225  -.981478  -.169528
 154286.4  13258.9      -.1     43.3     71.1     23.0
      -.1     86.6     71.2     51.0  96337.8  98923.4
     -14.1      56.2        .3     114.8
      -1.8      23.8       1.1      62.8
       -.7      18.0        .0      21.6
       -.8      16.5       -.3       9.8
 56087   .059616  -.983656  -.169904
 154374.7  13184.3      -.1     43.3     71.3     14.1
      -.1     86.6     71.4     42.6  96251.7  99408.1
     -11.5      49.3       7.7     111.6
      -1.4      24.0        .4      47.9
       -.6      18.0       -.1      14.3
       -.5      16.8        .0       4.5
 56088   .044746  -.984421  -.170036
 154217.6  13136.2      -.1     43.3     70.9      7.7
      -.1     86.6     71.0     36.3  96613.6  99126.9
     -12.2      52.8      10.8     103.3
      -1.5      24.4        .1      40.4
       -.9      18.0        .1      10.4
       -.5      16.9        .0       4.9
 56089   .029848  -.984969  -.170131
 153853.7  13105.7      -.1     43.3     69.7     23.2
      -.1     86.6     71.2     29.7  95740.0  99183.4
     -12.4      50.9       5.6     102.3
      -2.0      23.9       -.2      35.0
       -.7      18.0       -.1      10.1
      -1.1      16.8       -.1       5.5
 56090   .014929  -.985299  -.170188
 153962.4  13137.6      -.1     43.3     71.4     28.9
      -.1     86.6     70.6     23.0  95654.4  98772.3
     -11.8      51.6       8.7      98.7
      -1.4      23.7        .4      31.4
       -.5      18.2        .4       7.8
       -.7      16.8        .4       4.6
 56091   .000000  -.985408  -.170207
 153937.6  13211.1      -.1     43.3     71.4     28.9
      -.1     86.6     70.3     16.4  96300.1  98465.2
     -11.5      49.5       3.4      94.1
      -1.4      24.0       -.5      31.3
       -.8      18.0        .2       9.6
       -.9      17.0        .2       5.3
 56092  -.014929  -.985299  -.170188
 154046.6  13193.1      -.1     43.3     71.4     28.9
      -.1     86.6     70.1      9.5  96273.7  98826.5
      -8.3      48.3       3.0      86.1
      -1.8      23.8       -.6      29.2
       -.6      17.9       -.2       8.5
       -.7      17.0       -.2       6.0
 56093  -.029848  -.984969  -.170131
 154202.6  13207.3      -.1     43.3     71.4     28.9
      -.1     86.6     69.8      3.1  96525.8  99470.0
     -12.8      50.7       4.5      87.0
      -1.2      23.3       -.8      28.2
       -.6      18.0       -.9       8.1
       -.6      16.9       -.7       5.4
 56094  -.044746  -.984421  -.170036
 154221.1  13152.7      -.1     43.3     71.4     28.9
      -.1     86.6     71.4     57.7  96080.9  99214.2
     -11.9      53.4      -3.4      84.0
      -1.4      24.0       -.9      27.4
       -.7      18.2       -.7       8.3
       -.8      16.9       -.8       5.8
 56095  -.059616  -.983656  -.169904
 154040.2  13125.6      -.1     43.3     71.4     28.9
      -.1     86.6     71.4     57.7  96825.8  98796.4
     -10.0      52.7       -.3      81.4
      -1.5      24.0      -1.0      26.4
       -.6      18.2       -.6       9.3
      -1.2      17.2       -.6       6.2
 56096  -.089225  -.981478  -.169528
 154307.7  13215.6      -.1     43.3     71.4     28.9
      -.1     86.6     71.4     57.7  96444.7  99095.2
      -9.2      48.0       1.0      71.9
      -1.3      23.0      -1.4      23.3
       -.8      18.2      -1.7       8.7
       -.9      16.8      -1.6       6.5
 56097  -.118600  -.978453  -.169006
 155117.9  13270.9      -.1     43.3     71.4     28.9
      -.1     86.6     71.4     57.7  97063.1  99204.2
     -11.8      52.8       -.6      69.6
      -1.9      23.8      -1.6      21.3
       -.7      18.2      -1.5       9.3
       -.8      17.1      -1.4       7.2
 56098  -.147667  -.974605  -.168341
 155348.5  13196.4      -.1     43.3     71.4     28.9
      -.1     86.6     71.4     57.7  95937.0  99329.8
      -8.5      47.5      -3.6      60.4
      -1.2      23.0      -2.3      21.8
       -.8      18.2      -2.0       8.9
      -1.0      17.0      -2.2       7.3
 56099  -.176357  -.969963  -.167539
 156390.8  13346.3      -.1     43.3     71.4     28.9
      -.1     86.6     71.4     57.7  97595.8 100965.9
      -8.4      48.5      -5.3      64.1
      -1.3      22.7      -2.3      21.3
       -.4      18.0      -2.0      10.1
       -.4      17.1      -2.0       7.9
 56100  -.204604  -.964562  -.166606
 157444.0  13403.5      -.1     43.3     71.4     28.9
      -.1     86.6     71.4     57.7  98292.5 100512.5
      -8.5      48.3      -6.5      52.9
      -1.1      23.0      -2.5      20.5
       -.7      17.9      -2.5      10.0
       -.5      16.8      -2.2       8.4
 56101  -.232349  -.958440  -.165549
 158352.8  13395.2      -.1     43.3     71.4     28.9
      -.1     86.6     71.4     57.7  98552.4 100472.1
     -10.5      49.3      -7.7      51.3
      -1.1      23.4      -2.7      20.2
       -.4      18.1      -2.3      10.4
       -.8      17.2      -2.3       8.8
 56102  -.259539  -.951641  -.164374
 159254.6  13605.6      -.1     43.3     71.4     28.9
      -.1     86.6     71.4     57.7  99391.7 101960.2
      -9.9      47.8      -7.0      49.6
      -1.0      22.9      -2.9      19.6
       -.6      18.0      -2.5      10.6
       -.5      16.8      -2.5       9.1
 56103  -.286124  -.944211  -.163091
 160284.9  13628.3      -.1     43.3     71.4     28.9
      -.1     86.6     71.4     57.7 102316.0 103704.1
      -6.6      47.5      -5.8      45.5
      -1.0      23.4      -2.9      19.3
       -.4      18.0      -2.5      11.2
       -.2      16.9      -2.6       9.5
 56104  -.312066  -.936198  -.161707
 161757.6  13677.2      -.1     43.3     71.4     28.9
      -.1     86.6     71.4     57.7 101196.2 104258.2
     -13.5      53.7      -8.9      47.8
      -1.2      23.4      -3.3      19.2
       -.7      17.7      -2.8      11.6
       -.3      17.0      -2.5      10.3
 56105  -.337328  -.927651  -.160231
 163461.1  13771.5      -.1     43.3     71.4     28.9
      -.1     86.6     71.4     57.7 104224.6 105979.4
     -11.6      51.8     -10.2      42.5
      -1.4      24.4      -3.1      18.4
       -.4      17.9      -2.6      11.6
       -.6      16.8      -2.8      10.1
