OCR_prd2017blk:newR2@-150V,3.8T@20d,263K,rhe=1.10,rhh=0.7,0.00/0.00             
   240   1  3.80  28   3  29   2  150.00  263.00     .00 1.00000  1000.0   40.60    -0.46  150.000  100.000  290.000  1000.0   20.30    -0.26    1.50    1.00     .85
 53421  -.105170   .946530  -.304993
  87714.1  13855.1     20.3     43.3      -.3      4.0
     20.3     86.6      -.1     30.8  51635.6  53011.1
      11.4      55.7      -8.6      74.1
       1.0      23.5       -.6      18.1
        .4      19.2        .1       6.5
        .3      17.6        .0       5.5
 53422  -.113613   .937303  -.329476
  81244.6  14170.8     20.3     43.3      -.4      4.1
     20.3     86.6       .1     30.7  47124.0  48730.8
      10.7      52.6      -7.6      63.1
        .9      22.5       -.3      16.6
        .1      17.8        .2       6.6
        .1      16.4        .1       5.6
 53423  -.123410   .925573  -.357888
  74805.6  14265.1     20.3     43.3      -.5      4.3
     20.3     86.6      -.2     31.0  42825.0  44096.7
      10.2      54.5      -8.8      66.1
        .9      23.0       -.4      14.1
        .1      18.3        .2       6.6
        .4      17.6        .1       5.6
 53424  -.134874   .910397  -.391134
  68535.8  14600.8     20.3     43.3      -.5      4.5
     20.3     86.6      -.3     31.4  39072.6  40235.4
      10.0      50.5      -7.3      60.4
        .2      22.1       -.1      14.1
        .6      17.5        .0       6.7
        .5      16.3        .1       5.8
 53425  -.148397   .890380  -.430350
  62254.2  14854.9     20.3     43.3      -.4      4.7
     20.3     86.6      -.2     31.8  35302.3  36159.3
      10.2      51.8      -5.4      58.7
        .7      23.5       -.3      14.3
        .7      17.6        .0       6.9
        .4      16.6        .1       5.9
 53426  -.164460   .863416  -.476934
  56449.7  15429.5     20.3     43.3      -.5      5.0
     20.3     86.6      -.4     31.7  31346.0  32252.5
      10.6      53.6      -4.6      52.1
        .6      21.3       -.1      12.4
        .4      16.8        .2       7.0
        .5      15.4        .1       6.1
 53427  -.183618   .826279  -.532491
  50699.2  16293.9     20.3     43.3      -.4      5.5
     20.3     86.6      -.1     32.2  27302.8  28424.7
       7.7      51.1      -5.5      50.9
        .5      22.7        .0      12.0
        .6      16.9        .1       7.2
        .4      15.7        .1       6.3
 53428  -.206405   .774019  -.598575
  45014.2  17354.3     20.3     43.3      -.4      5.8
     20.5      8.0       .0     32.4  23669.0  24704.3
       9.0      52.8      -5.3      49.5
       1.2      22.8       -.3      11.6
        .2      16.7        .2       7.4
        .3      15.5        .1       6.5
 53429  -.233063   .699189  -.675882
  39975.5  19675.7     20.3     43.3      -.2      6.2
     20.5     23.8      -.2     33.0  20652.9  21524.3
       6.6      58.8      -4.1      44.8
        .5      27.6        .0      11.5
        .9      18.3       -.1       7.5
        .6      14.8        .2       6.6
 53430  -.262862   .591440  -.762300
  35543.4  23437.2     21.2      5.1      -.2      6.5
     20.8     43.0      -.2     33.5  17898.8  18661.6
       6.6      52.4      -5.1      42.8
        .8      20.9       -.1      11.8
        .6      13.6        .0       7.7
        .3      11.0        .2       6.8
 53431  -.292854   .439281  -.849276
  31964.0  24327.9     20.7     18.7      -.2      6.9
     20.8     61.5       .0     33.8  15803.0  16386.7
       7.9      50.0      -5.1      38.8
        .7      12.6       -.1      11.8
        .5       8.6        .2       8.1
        .4       7.0        .2       7.0
 53432  -.316664   .237498  -.918324
  29704.4  22540.6     20.9     36.0       .0      6.9
     20.9     79.1      -.3     34.1  14366.2  14921.6
       6.9      62.3      -3.5      38.8
        .9       6.9        .1      11.6
        .5       5.0        .2       8.2
        .4       5.0       -.1       7.0
 53433  -.325991   .000000  -.945373
  28750.0  21422.5     20.7     32.6      -.2      6.9
     20.6     75.7      -.1     34.3  13857.9  14298.2
      -3.0      59.6      -3.4      38.9
        .4       7.5        .1      11.8
        .3       5.0        .1       8.1
        .4       5.0        .1       7.1
 53434  -.323582  -.121343  -.938387
  28808.8  20592.5     20.7     24.1       .1      7.0
     20.6     67.0       .0     34.5  13973.7  14534.6
      -3.1      51.4      -2.5      41.8
        .4      10.0        .1      11.8
        .4       7.0        .3       8.2
        .6       6.3        .1       7.0
 53435  -.316664  -.237498  -.918324
  29393.9  20889.8     20.6     15.8       .0      6.8
     20.7     58.2      -.2     34.2  14133.5  14829.7
      -2.3      46.9      -1.5      40.8
        .3      13.5        .1      11.5
        .5       9.4        .2       8.1
        .5       8.3        .2       6.9
 53436  -.306058  -.344315  -.887567
  30331.1  20561.1     20.6      9.0      -.2      6.7
     20.4     49.3       .1     34.1  14661.9  15192.0
      -4.0      48.7      -1.6      43.0
        .5      17.4        .2      11.5
        .2      11.9        .1       8.0
        .6      10.3        .2       6.9
 53437  -.292854  -.439281  -.849276
  31819.8  19373.7     23.0      9.8      -.2      6.3
     20.6     40.0       .1     34.0  15256.9  16014.3
      -3.9      51.7      -1.7      42.9
       -.1      22.8        .1      11.2
        .4      15.1        .0       7.9
        .6      12.5        .1       6.8
 53438  -.278147  -.521525  -.806626
  33453.5  18587.8     20.3     43.3       .0      6.1
     21.2     31.0      -.1     33.5  16612.3  17145.5
      -5.0      58.4      -1.5      42.2
       -.2      26.6        .0      11.7
        .3      17.5        .0       7.7
        .7      14.8        .2       6.6
 53439  -.262862  -.591440  -.762300
  35340.9  17436.9     20.3     43.3      -.3      5.9
     20.6     22.2      -.1     33.4  17729.0  18461.5
      -4.0      58.8       1.3      40.6
       -.1      27.5        .1      11.4
        .6      18.4        .2       7.6
        .6      15.7        .1       6.4
 53440  -.233063  -.699189  -.675882
  39747.0  15284.8     20.3     43.3      -.2      5.2
     21.3     10.6       .0     32.9  20881.5  21500.9
      -8.5      53.5       -.2      46.2
        .0      23.8        .0      11.2
        .4      18.6        .2       7.2
        .2      18.1        .1       6.1
 53441  -.206405  -.774019  -.598575
  44735.6  14401.8     20.3     43.3      -.2      4.7
     20.3     86.6       .2     32.5  23511.5  24576.0
      -8.0      51.5       -.4      47.9
        .2      22.7        .1      11.3
        .2      17.3        .1       6.9
        .8      16.6        .2       5.7
 53442  -.183618  -.826279  -.532491
  50296.1  13679.7     20.3     43.3      -.2      4.4
     20.3     86.6       .2     32.0  27199.1  28096.0
      -5.7      48.1       1.0      55.5
        .0      23.3        .1      11.2
        .4      19.4        .0       6.6
        .4      18.4        .1       5.5
 53443  -.164460  -.863416  -.476934
  56073.4  13376.4     20.3     43.3      -.1      4.0
     20.3     86.6       .0     31.3  31153.7  31995.0
      -6.5      49.2       2.3      51.0
       -.1      23.5        .1      12.4
        .3      17.9        .1       6.2
        .5      17.4        .1       5.1
 53444  -.148397  -.890380  -.430350
  62276.9  13138.0     20.3     43.3      -.2      3.6
     20.3     86.6      -.2     31.3  35001.0  36097.0
      -8.5      49.8       1.5      61.3
        .0      23.7        .2      13.7
        .3      19.6        .0       6.3
        .7      18.6        .1       4.9
 53445  -.134874  -.910397  -.391134
  68606.7  12975.4     20.3     43.3      -.1      3.4
     20.3     86.6       .1     31.0  39299.1  40412.3
      -8.6      49.5       3.4      62.4
        .2      23.5        .2      13.4
        .8      18.8        .1       6.1
        .5      18.0        .0       4.7
 53446  -.123410  -.925573  -.357888
  74929.6  12898.1     20.3     43.3      -.2      3.1
     20.3     86.6       .2     30.8  43277.4  44634.6
      -8.1      48.1       1.9      65.0
        .0      24.0       -.2      14.7
        .4      20.2        .1       5.9
        .6      18.9        .2       4.7
 53447  -.113613  -.937303  -.329476
  81599.3  13002.4     20.3     43.3      -.2      2.9
     20.3     86.6       .1     30.4  47588.6  48828.2
      -7.9      50.7       3.2      66.6
       -.3      23.8        .3      14.6
        .4      19.1        .1       5.7
        .3      18.3        .0       4.3
 53448  -.105170  -.946530  -.304993
  87912.0  12814.5     20.3     43.3       .0      2.8
     20.3     86.6       .2     30.2  51977.1  53060.7
      -8.7      49.5       5.9      70.6
       -.5      24.1        .0      17.1
        .5      20.3        .2       5.5
        .6      19.1        .1       4.1
 53449   .863216  -.064741  -.500666
  53546.2   9633.2     20.6     22.0      -.2     28.9
     20.5     64.9      -.2     57.7  29607.3  30429.3
       4.5      60.7       6.6      42.0
       -.1      11.7        .3      23.5
        .4       5.3       -.2      17.3
        .3       5.0        .2      15.9
 53450   .838516  -.069876  -.540377
  49671.2   9866.9     20.6     22.2      -.2     28.9
     20.6     65.2      -.2     57.7  27239.0  27954.7
       6.3      59.7       6.2      42.6
        .5      11.4        .0      21.2
        .2       5.6        .4      16.2
        .3       5.0        .3      14.8
 53451   .807288  -.075683  -.585284
  45807.8  10255.1     20.6     22.3      -.2     28.9
     20.6     65.4      -.2     57.7  24712.2  25460.1
       6.1      59.0       3.9      43.2
        .4       9.9        .6      22.9
        .2       5.5        .1      16.6
        .4       5.0       -.2      14.9
 53452   .767414  -.082223  -.635858
  42172.5  10835.0     20.5     22.7      -.2     28.9
     20.4     65.7      -.2     57.7  22449.5  23198.1
       3.1      53.3       4.7      39.4
        .2      10.3        .6      20.6
        .2       5.7        .1      14.9
        .3       5.0        .0      13.7
 53453   .716102  -.089513  -.692232
  38706.2  11542.9     20.4     22.9      -.2     28.9
     20.4     65.7      -.2     57.7  20047.9  20634.6
       4.5      57.6       7.3      45.8
        .2      10.1        .3      20.9
        .4       6.2        .0      15.6
        .4       5.1        .0      13.8
 53454   .649830  -.097475  -.753803
  35549.5  12655.8     20.7     23.4      -.2     28.9
     20.6     66.2     -1.1     10.2  17869.2  18604.4
       2.9      53.7       4.5      41.7
        .1       9.8        .3      19.1
        .4       6.2        .1      13.8
        .3       5.4        .0      12.1
 53455   .564543  -.105852  -.818588
  32747.6  14607.9     20.5     23.5      -.2     28.9
     20.5     66.6       .1     11.7  16100.2  16792.3
       2.9      52.9       3.3      43.4
        .1       9.8        .6      19.1
        .5       6.4        .1      13.1
        .5       5.6        .1      11.8
 53456   .456422  -.114106  -.882416
  30669.5  18142.2     20.6     23.7      -.2     28.9
     20.6     66.9      -.2     22.6  15060.0  15521.5
       1.3      52.7       5.2      43.1
        .6      10.2        .2      17.0
        .3       6.6        .3      11.3
        .6       5.9       -.1       9.9
 53457   .323582  -.121343  -.938387
  29061.0  21832.9     20.7     24.0      -.1      7.3
     20.6     66.9       .2     34.3  13459.2  14384.2
       -.3      51.7       3.0      38.6
        .4      10.3        .2      11.9
        .5       7.0        .2       8.2
        .5       6.0        .1       7.2
 53458   .168544  -.126408  -.977555
  27919.6  23225.8     20.4     24.2      -.1     17.6
     20.5     67.0      -.1     46.0  13234.7  13912.8
        .3      52.4       4.8      51.9
        .6       9.7        .2       7.6
        .6       7.0        .0       5.1
        .6       6.1        .1       4.8
 53459   .000000  -.128243  -.991743
  27687.4  22810.6     20.8     24.0       .3     26.5
     20.7     67.0       .4     55.3  13376.7  13847.5
        .0      49.5       2.4      70.7
        .5      10.4        .4       8.8
        .6       7.0        .7       3.0
        .4       6.1        .7       3.0
 53460  -.085184  -.127776  -.988138
  27629.6  22920.9     20.7     24.4       .0     23.1
     20.8     67.1       .0     51.4  13023.2  13620.1
      -2.4      49.1        .0      63.7
        .4       9.9        .0       7.8
        .3       6.9        .2       3.5
        .6       6.1        .2       3.0
 53461  -.168544  -.126408  -.977555
  28100.3  23247.3     20.5     24.2      -.2     17.4
     20.6     67.0      -.2     45.9  13531.7  13930.3
        .0      53.4      -4.6      51.7
        .2       9.9       -.1       7.6
        .4       7.1        .1       5.0
        .6       6.3        .2       4.4
 53462  -.248443  -.124222  -.960648
  28252.5  22275.2     20.3     24.1      -.3     11.8
     20.3     67.0      -.2     40.1  13509.2  14199.8
      -2.2      48.3      -1.4      41.5
        .2      10.1        .3       9.1
        .5       7.1        .1       6.4
        .5       6.3        .2       5.7
 53463  -.323582  -.121343  -.938387
  28859.0  20616.5     20.7     24.2       .0      6.9
     20.7     67.1       .0     34.4  13789.2  14322.4
      -3.1      51.8      -1.2      38.4
        .4       9.8        .0      11.6
        .3       6.9        .2       8.2
        .4       6.4        .2       7.0
 53464  -.393068  -.117920  -.911917
  29521.9  18715.8     21.0     24.1      -.3      3.9
     20.8     67.0       .1     28.5  14573.9  14997.9
      -1.4      47.3      -4.0      39.8
        .1       9.7       -.1      14.2
        .5       6.9        .2       9.6
        .6       6.3        .2       8.3
 53465  -.456422  -.114106  -.882416
  30442.0  16595.2     20.4     23.9      -.2     28.9
     20.3     66.9      -.2     22.5  15078.5  15664.6
      -1.4      45.3      -2.5      40.8
        .1       9.9       -.3      16.7
        .5       6.6        .1      11.2
        .5       6.3        .1       9.7
 53466  -.513527  -.110042  -.850988
  31387.6  14866.5     20.5     23.8      -.2     28.9
     20.6     66.6      -.1     16.8  15580.4  16093.5
      -4.1      53.1      -2.5      41.7
       -.1      10.1       -.2      18.2
        .5       6.7        .3      12.4
        .5       6.3        .2      10.9
 53467  -.564543  -.105852  -.818588
  32631.3  13593.0     20.8     23.8      -.2     28.9
     20.7     66.6      -.1     11.3  16459.4  16942.4
      -2.3      52.6      -4.7      40.9
        .4       9.8       -.1      18.6
        .2       7.0       -.2      13.2
        .4       6.1        .0      11.6
 53468  -.649830  -.097475  -.753803
  35537.5  12053.3     20.8     23.3      -.2     28.9
     20.8     66.2       .0      6.9  18005.7  18700.5
      -2.5      52.3      -5.1      43.7
        .4      10.5        .2      19.0
        .5       6.6        .4      13.2
        .6       6.0        .2      11.6
 53469  -.716102  -.089513  -.692232
  38517.7  11124.4     20.5     23.1      -.2     28.9
     20.4     66.0      -.2     57.7  20092.1  20992.6
      -2.6      52.1      -6.0      42.9
        .0       9.9        .0      21.3
        .4       6.4        .1      15.1
        .4       6.0        .3      13.5
 53470  -.767414  -.082223  -.635858
  41844.5  10329.9     20.5     22.8      -.2     28.9
     20.5     65.7      -.2     57.7  22723.5  23318.6
      -3.7      56.5      -6.9      41.2
       -.1      10.7       -.4      20.4
        .4       6.3        .3      14.3
        .4       5.8        .2      13.4
 53471  -.807288  -.075683  -.585284
  45604.6   9972.5     20.3     22.5      -.2     28.9
     20.3     65.6      -.2     57.7  25052.8  25558.2
      -8.1      61.3      -4.7      44.8
        .1      10.2       -.5      22.5
        .4       6.2        .1      16.4
        .3       5.6        .1      14.9
 53472  -.838516  -.069876  -.540377
  49384.0   9668.6     20.6     22.1      -.2     28.9
     20.5     65.3      -.2     57.7  27043.6  28034.5
      -5.1      57.8      -6.3      41.7
       -.3      11.3       -.2      21.4
        .2       6.0        .5      15.9
        .5       5.5        .4      14.4
 53473  -.863216  -.064741  -.500666
  53309.7   9426.7     20.3     22.2      -.2     28.9
     20.2     65.1      -.2     57.7  30095.2  30894.1
      -3.6      60.9      -7.4      45.0
        .2      11.5       -.2      23.0
        .3       5.9        .4      17.1
        .3       5.3        .2      15.2
 53474  -.882965  -.060202  -.465563
  57402.2   9291.4     20.8     22.1      -.2     28.9
     20.5     65.1      -.2     57.7  32357.2  33200.4
      -8.3      62.1      -6.5      41.7
       -.1      11.8        .2      22.1
        .3       5.8        .1      16.5
        .4       5.1        .5      15.0
 53475  -.898927  -.056183  -.434481
  61464.2   9116.0     20.9     21.7      -.2     28.9
     20.7     64.7      -.2     57.7  35367.4  36174.2
      -3.9      61.8      -6.2      40.9
       -.2      12.4       -.2      22.9
        .3       5.6        .1      17.5
        .2       5.0        .2      16.0
 53476  -.911966  -.052613  -.406877
  65806.2   9039.6     20.6     21.6      -.2     28.9
     20.4     64.6      -.2     57.7  37603.7  38736.6
      -7.4      65.3      -5.6      38.2
       -.2      13.7       -.3      22.0
        .3       5.9        .2      16.9
        .3       5.0        .2      15.5
 53477  -.922727  -.049432  -.382272
  70017.9   8981.5     20.4     21.6      -.2     28.9
     20.4     64.3      -.2     57.7  40735.6  41886.6
      -6.2      65.9      -7.1      39.7
        .3      14.1       -.2      23.3
        .3       5.7        .4      18.4
        .3       5.0       -.2      16.4
 53478   .806111  -.362750  -.467544
  57096.6  10710.4     20.3     43.3      -.2     28.9
     20.5     17.3      -.2     57.7  31420.6  32589.6
       -.3      57.3       5.7      40.9
        .2      24.7        .4      23.1
        .7      15.8       -.1      17.2
        .4      13.5        .1      16.2
 53479   .774912  -.387456  -.499388
  53512.1  11094.4     20.3     43.3      -.2     28.9
     20.4     17.9      -.2     57.7  29301.7  30218.1
       -.7      58.8       5.7      42.6
        .1      25.5        .1      21.4
        .6      16.2       -.1      15.9
        .1      13.8        .0      14.7
 53480   .736803  -.414452  -.534182
  49742.1  11643.4     20.3     43.3      -.2     28.9
     20.6     18.4      -.2     57.7  26795.4  27728.3
      -4.7      58.5       7.6      43.1
       -.3      25.2        .6      21.9
        .3      16.2       -.1      15.9
       -.1      13.8        .4      14.9
 53481   .690099  -.443635  -.571796
  46700.2  12470.4     20.3     43.3      -.2     28.9
     20.3     19.2      -.2     57.7  24835.6  25853.6
      -4.8      57.3       6.6      43.6
       -.1      25.9        .7      20.0
        .4      16.8        .2      14.4
        .4      14.3        .0      13.7
 53482   .632842  -.474632  -.611748
  43773.1  13613.9     20.3     43.3      -.2     28.9
     20.6     19.6      -.2     57.7  22814.9  23779.0
        .9      60.6       6.0      44.2
        .0      26.6        .4      20.5
       -.1      17.5        .1      14.9
        .3      14.6        .1      13.5
 53483   .562936  -.506642  -.653006
  40882.8  15095.5     20.3     43.3      -.2     28.9
     20.5     20.2       .2     12.0  21243.1  22086.3
      -2.5      58.2       5.3      41.6
        .0      26.6        .6      18.6
        .1      17.4        .1      13.0
        .3      14.8        .2      11.4
 53484   .478468  -.538276  -.693778
  38779.8  16118.5     20.3     43.3      -.2     28.9
     20.3     21.0       .2     10.9  19569.4  20345.8
      -1.5      60.8       7.1      44.7
        .0      27.3        .4      18.4
        .2      17.9        .2      12.3
        .4      15.3        .0      11.3
 53485   .378295  -.567442  -.731370
  36629.8  16428.5     20.3     43.3      -.2     28.9
     20.4     21.4      -.1     21.6  18693.8  19393.4
      -1.5      57.5       4.7      44.1
        .9      27.1        .2      16.2
        .5      18.3        .1      10.8
        .2      15.7        .2       9.5
 53486   .262862  -.591440  -.762300
  35222.1  16106.3     20.3     43.3       .2      6.7
     20.0     21.8       .0     33.4  17676.4  18360.1
      -3.9      58.5       5.0      46.0
        .5      27.4        .3      11.6
        .8      18.5       -.1       7.9
        .3      15.6        .1       6.9
 53487   .134975  -.607388  -.782855
  34311.6  16239.2     20.3     43.3      -.2     17.0
     20.7     21.9      -.2     45.5  17382.2  18220.9
      -3.0      56.9       6.2      53.9
       -.7      28.1        .4       9.1
        .2      18.2        .1       4.9
        .5      15.4        .0       4.7
 53488   .000000  -.612997  -.790085
  34113.6  16142.9     20.3     43.3       .5     26.0
     20.4     21.9       .5     54.8  17210.6  17928.0
      -5.3      58.0       4.7      68.5
       -.1      27.9       1.2      14.1
        .7      18.0        .3       3.0
        .3      15.5        .6       3.0
 53489  -.067953  -.611580  -.788259
  34387.1  16317.0     20.3     43.3      -.1     22.0
     20.9     21.7      -.1     50.7  17233.6  17933.7
      -5.9      59.3       2.1      64.7
       -.1      28.1        .0       9.8
        .6      18.3        .1       3.0
        .6      15.7        .1       3.0
 53490  -.134975  -.607388  -.782855
  34484.5  16682.4     20.3     43.3       .0     16.6
     21.0     21.9       .0     45.2  17224.2  18092.7
      -4.0      57.7       3.5      54.5
       -.2      28.2       -.1       6.7
        .2      18.5        .2       4.1
        .5      15.8        .0       3.7
 53491  -.200196  -.600588  -.774091
  34882.3  16956.0     20.3     43.3      -.2     11.0
     20.8     22.0      -.1     39.3  17419.6  18112.4
      -4.7      58.3        .6      48.2
        .1      27.8        .1       9.2
        .5      18.3        .1       6.0
        .7      16.2        .0       5.2
 53492  -.262862  -.591440  -.762300
  35269.9  17562.1     20.3     43.3      -.2      5.9
     20.6     22.0      -.2     33.3  17986.1  18543.8
      -5.2      59.2      -1.0      44.9
        .3      27.6       -.1      11.4
        .7      18.1        .1       7.7
        .7      16.0        .2       6.5
 53493  -.322373  -.580271  -.747905
  35948.3  17363.7     20.3     43.3       .0      3.6
     20.7     21.7      -.2     27.4  18211.1  18870.9
      -6.2      58.1      -1.3      42.8
       -.3      27.5       -.3      13.8
        .8      18.1        .1       9.2
        .7      15.9        .2       7.8
 53494  -.378295  -.567442  -.731370
  36876.0  16596.2     20.3     43.3      -.2     28.9
     20.4     21.8      -.1     21.4  18760.9  19354.3
      -7.2      59.5      -1.7      44.9
        .9      28.1       -.1      16.5
        .4      18.3        .0      10.8
        .6      16.0        .1       9.2
 53495  -.430364  -.553325  -.713175
  37688.2  15710.9     20.3     43.3      -.2     28.9
     20.9     21.7      -.1     15.4  18674.8  19495.6
      -6.9      59.6      -2.9      41.7
        .0      27.8       -.4      17.7
        .4      18.2        .0      11.7
        .6      15.8        .2      10.1
 53496  -.478468  -.538276  -.693778
  38615.8  14934.8     20.3     43.3      -.2     28.9
     20.6     21.4      -.1     10.0  19688.0  20245.6
      -3.3      56.1      -2.1      44.0
       -.6      27.2       -.5      18.0
        .5      17.9        .1      12.2
        .4      15.8        .0      11.0
 53497  -.562936  -.506642  -.653006
  40866.9  13096.0     20.3     43.3      -.2     28.9
     21.1     20.9       .0      5.1  21154.3  22233.2
      -6.5      59.4      -3.3      43.1
        .4      26.5        .1      18.2
        .2      17.6        .0      12.7
        .6      15.4        .4      11.3
 53498  -.632842  -.474632  -.611748
  43663.6  11942.3     20.3     43.3      -.2     28.9
     20.6     20.0      -.2     57.7  23040.6  24056.9
      -7.5      58.0      -5.4      43.9
       -.5      26.0       -.4      20.5
        .5      17.1        .1      14.4
        .6      15.0        .4      13.0
 53499  -.690099  -.443635  -.571796
  46721.4  11240.2     20.3     43.3      -.2     28.9
     20.6     19.4      -.2     57.7  24788.4  25917.2
      -6.9      56.8      -5.5      41.4
        .1      25.8        .0      20.1
        .5      17.0        .0      14.2
        .7      14.9        .2      12.9
 53500  -.736803  -.414452  -.534182
  50104.0  10561.5     20.3     43.3      -.2     28.9
     20.3     18.8      -.2     57.7  27538.1  28255.7
      -5.9      57.2      -5.6      43.5
        .0      25.3       -.2      21.5
        .5      16.6        .1      15.9
        .5      14.2        .6      14.6
 53501  -.774912  -.387456  -.499388
  53412.1  10110.4     20.3     43.3      -.2     28.9
     20.5     18.3      -.2     57.7  29479.3  30334.5
      -8.3      57.3      -5.8      41.3
        .2      25.1       -.3      20.9
        .5      16.2        .2      15.4
        .5      13.5        .4      13.9
 53502  -.806111  -.362750  -.467544
  57142.1   9903.1     20.3     43.3      -.2     28.9
     20.4     17.6      -.2     57.7  31372.4  32390.0
      -7.4      58.4      -4.8      43.6
       -.2      24.4       -.4      22.9
        .2      15.7        .0      17.1
        .2      13.3       -.3      15.3
 53503  -.831783  -.340275  -.438577
  60951.7   9640.0     20.3     43.3      -.2     28.9
     20.5     17.1      -.2     57.7  34346.8  35270.7
      -5.9      57.0      -3.5      37.7
        .2      24.4       -.3      21.4
        .4      15.6        .2      16.3
        .4      13.4        .1      14.8
 53504  -.853040  -.319890  -.412303
  64894.5   9413.9     20.3     43.3      -.2     28.9
     20.5     16.6      -.2     57.7  37143.4  38371.2
      -6.4      60.0      -4.5      41.8
       -.1      24.3       -.2      23.5
        .3      15.4        .1      17.7
        .5      12.8        .2      15.9
 53505  -.870759  -.301417  -.388493
  68722.9   9249.7     20.3     43.3      -.2     28.9
     20.4     16.2      -.2     57.7  39492.1  40854.0
      -7.5      58.5      -4.8      38.3
       -.1      23.5        .0      21.8
        .5      14.6        .2      16.8
        .1      12.5        .1      15.3
 53506  -.885633  -.284668  -.366905
  72690.1   9188.5     20.3     43.3      -.2     28.9
     20.7     15.7      -.2     57.7  42176.5  43321.3
      -8.4      62.7      -5.4      40.0
        .2      23.4        .3      23.5
        .2      14.7        .1      18.0
        .3      12.6        .2      16.3
 53507   .467453  -.841416  -.271123
  98455.1  13562.3     20.3     43.3      -.2     28.9
     20.3     86.6      -.2     57.7  58410.5  60664.8
      -5.3      49.8       5.9      48.0
       -.3      23.3        .6      19.1
        .3      19.5       -.1      13.2
        .2      18.4        .0      11.8
 53508   .429723  -.859446  -.276932
  96478.7  13461.3     20.3     43.3      -.2     28.9
     20.3     86.6      -.2     57.7  57342.7  59281.7
      -7.9      51.5       8.1      47.9
       -.4      24.0        .8      19.2
        .0      19.2        .1      12.4
        .1      18.5        .1      10.8
 53509   .389600  -.876600  -.282460
  94706.3  13292.8     20.3     43.3      -.2     28.9
     20.3     86.6      -.2     57.7  55920.0  57564.7
      -7.1      48.6      10.1      51.4
      -1.1      24.2        .7      19.4
        .7      19.7       -.1      11.6
       -.2      18.4        .1      10.0
 53510   .347131  -.892622  -.287623
  93014.5  13113.5     20.3     43.3      -.2     28.9
     20.3     86.6      -.2     57.7  55419.5  56731.1
      -9.0      50.2      10.7      54.4
       -.7      24.1        .3      18.3
        .2      19.7        .2      11.2
        .1      18.2        .2       9.2
 53511   .302414  -.907242  -.292333
  91289.6  12945.3     20.3     43.3      -.2     28.9
     20.3     86.6      -.2     57.7  53565.7  55450.1
      -6.6      47.2       7.9      55.4
       -.1      23.7        .6      18.0
        .0      19.7        .3      10.3
       -.1      18.5        .1       8.9
 53512   .255608  -.920190  -.296506
  90211.5  12828.8     20.3     43.3      -.2     28.9
     20.3     86.6      -.2     57.7  53946.9  55129.6
      -6.2      45.6       8.5      58.4
       -.2      24.5        .4      18.5
        .5      19.8        .1       9.9
        .0      18.7        .1       8.0
 53513   .206935  -.931206  -.300055
  88771.5  12782.1     20.3     43.3      -.2     28.9
     20.3     86.6       .1      5.8  52469.1  53980.1
      -7.7      48.5      10.5      60.0
       -.1      23.4        .8      17.3
        .3      19.8        .2       8.7
        .0      18.7        .1       7.4
 53514   .156676  -.940054  -.302906
  88166.6  12652.1     20.3     43.3      -.2     28.9
     20.3     86.6       .0     17.5  52113.7  53701.8
     -10.6      54.5       9.1      66.8
       -.8      23.7        .9      19.2
        .0      19.9        .2       8.3
        .1      18.9        .1       6.8
 53515   .105170  -.946530  -.304993
  87620.2  12691.9     20.3     43.3       .2      4.2
     20.3     86.6       .0     30.7  52128.5  53377.3
     -10.0      52.9       9.0      72.8
       -.1      23.9        .8      17.7
        .0      20.0        .1       6.4
        .3      18.9        .1       5.3
 53516   .052804  -.950480  -.306266
  87518.1  12609.6     20.3     43.3      -.5     14.9
     20.3     86.6      -.3     43.2  51182.2  52578.7
      -8.2      50.4      11.9      86.7
       -.3      23.8        .9      24.0
        .1      19.9        .2       4.2
        .5      18.6        .1       3.0
 53517   .000000  -.951808  -.306694
  87428.5  12634.0     20.3     43.3       .4     26.0
     20.3     86.6       .4     54.1  51203.1  52548.3
      -8.3      47.4       8.3     101.2
        .3      23.9       4.5      47.4
        .3      20.3        .6      10.8
        .4      19.1        .7       4.1
 53518  -.026430  -.951476  -.306587
  87415.3  12693.6     20.3     43.3       .3     20.6
     20.3     86.6       .4     49.2  51552.0  52884.4
      -9.4      49.1       8.8      92.8
        .2      24.3       1.8      32.0
        .4      20.3        .3       7.3
        .4      18.9        .2       3.0
 53519  -.052804  -.950480  -.306266
  87749.5  12685.5     20.3     43.3       .4     14.5
     20.3     86.6       .4     43.1  51492.3  53167.2
      -8.5      49.5       2.5      85.5
       -.3      23.7       1.0      23.9
        .7      20.2        .2       4.3
        .6      18.6        .1       3.0
 53520  -.079069  -.948828  -.305734
  87721.7  12793.1     20.3     43.3       .2      8.3
     20.3     86.6       .3     36.9  52072.7  53486.4
      -8.4      50.5       6.6      83.5
       -.5      24.0        .6      21.2
       -.1      20.1        .0       4.6
        .6      18.9        .0       3.2
 53521  -.105170  -.946530  -.304993
  87858.7  12892.1     20.3     43.3      -.1      2.8
     20.3     86.6       .1     30.3  51828.5  53562.6
      -8.5      47.9       2.4      68.7
       -.2      24.1        .1      18.1
        .9      20.2        .1       5.5
        .7      18.7        .0       4.2
 53522  -.131055  -.943599  -.304049
  88370.7  12992.6     20.3     43.3      -.2     28.9
     20.3     86.6      -.1     23.8  51593.0  53257.3
      -8.6      48.8       3.8      68.8
       -.1      24.2        .0      17.8
        .2      20.1        .1       6.9
        .5      19.0        .2       5.3
 53523  -.156676  -.940054  -.302906
  88497.5  13030.2     20.3     43.3      -.2     28.9
     20.3     86.6       .3     17.3  52237.3  53590.6
      -9.3      47.6       -.4      64.2
        .1      24.1        .0      16.6
        .2      20.3        .0       7.6
        .3      19.0        .0       6.0
 53524  -.181983  -.935915  -.301572
  88843.5  13156.2     20.3     43.3      -.2     28.9
     20.3     86.6       .1     10.8  52441.4  54436.5
      -9.6      47.3        .5      60.2
       -.1      23.9        .0      17.1
        .3      20.0        .2       8.3
        .9      19.4        .1       6.5
 53525  -.206935  -.931206  -.300055
  89266.3  13256.4     20.3     43.3      -.2     28.9
     20.3     86.6      -.2      4.8  52383.9  53841.8
     -10.2      50.8        .3      58.3
        .0      23.8        .3      17.0
        .6      20.0        .1       8.1
        .6      19.3        .1       6.8
 53526  -.255608  -.920190  -.296506
  90204.8  13363.7     20.3     43.3      -.2     28.9
     20.3     86.6      -.2     57.7  52932.9  54397.2
     -11.6      53.2        .6      60.8
       -.3      24.1        .2      17.7
        .7      19.9        .2       9.6
        .8      18.9        .2       7.7
 53527  -.302414  -.907242  -.292333
  91676.9  13684.9     20.3     43.3      -.2     28.9
     20.3     86.6      -.2     57.7  53146.1  55238.8
      -9.8      50.2       1.6      55.1
       -.5      24.2       -.2      18.1
        .4      19.7        .2      10.1
        .5      19.2        .2       8.4
 53528  -.347131  -.892622  -.287623
  93229.4  13971.2     20.3     43.3      -.2     28.9
     20.3     86.6      -.2     57.7  55733.9  56781.3
      -6.8      49.5        .8      51.3
        .0      23.8        .2      18.4
        .6      19.7        .2      11.0
        .3      18.9        .1       9.5
 53529  -.389600  -.876600  -.282460
  94865.5  14285.6     20.3     43.3      -.2     28.9
     20.3     86.6      -.2     57.7  55414.1  57435.3
      -9.4      50.9       -.3      50.9
        .1      23.9       -.2      18.0
        .0      19.9        .0      11.8
        .3      18.8        .1      10.1
 53530  -.429723  -.859446  -.276932
  96373.3  14287.6     20.3     43.3      -.2     28.9
     20.3     86.6      -.2     57.7  57552.2  59006.6
     -11.0      50.8      -2.2      50.1
       -.4      23.7       -.4      19.1
        .5      19.2        .2      11.9
        .3      18.6        .1      10.5
 53531  -.467453  -.841416  -.271123
  98612.7  14081.9     20.3     43.3      -.2     28.9
     20.3     86.6      -.2     57.7  59300.5  60966.9
      -9.1      50.0        .2      46.8
       -.6      24.0        .0      19.2
        .6      19.5        .1      12.8
        .5      18.4        .2      11.4
 53532  -.502792  -.822750  -.265108
 101198.3  13951.1     20.3     43.3      -.2     28.9
     20.3     86.6      -.2     57.7  60223.3  61912.0
      -9.0      48.2      -1.7      43.8
       -.4      24.3       -.2      20.0
        .1      19.3        .1      13.1
        .3      18.7        .2      11.4
 53533  -.535778  -.803668  -.258960
 103019.8  13606.6     20.3     43.3      -.2     28.9
     20.3     86.6      -.2     57.7  60367.9  62849.8
     -10.7      51.3      -3.9      44.0
       -.3      23.4       -.2      19.8
        .1      19.2        .0      14.1
        .6      18.1        .2      12.5
 53534  -.566482  -.784360  -.252738
 105728.3  13272.9     20.3     43.3      -.2     28.9
     20.3     86.6      -.2     57.7  63197.3  64701.5
      -9.4      51.4      -2.5      40.7
       -.4      23.4        .0      18.9
        .3      19.1        .2      14.1
       1.0      18.4        .7      12.7
 53535  -.594996  -.764995  -.246498
 108421.2  12794.1     20.3     43.3      -.2     28.9
     20.3     86.6      -.2     57.7  64765.1  66386.4
      -9.0      48.1      -6.3      41.5
       -.7      23.2       -.9      20.8
        .2      18.8        .2      14.8
        .2      17.6        .2      13.4
