Dot1_150x100_prd2017clk:@-100V,3.8T@90d,253K,rh=1.10/0.7,0.0/0.0                
   802   1  3.80  60   5  29   0  100.00  253.00     .00  .67150  1000.0    -.44  156.88  150.000  100.000  285.000  1000.0    -.22   78.44    1.50    1.00     .85
 56801   .000000   .000000 -1.000000
  26291.8  13790.3       .0     39.7     75.8     28.9
      -.1     82.8     75.7     20.0  12551.5  13193.4
       4.6      66.3       3.4      38.9
        .3       8.4       2.5      16.9
        .3       5.0       3.0      11.6
        .4       5.0       3.2      10.6
 56802   .000000  -.130455  -.991454
  26500.9  13894.9       .4     34.0     75.8     28.9
       .3     77.2     75.8     20.0  12615.5  13228.7
      -3.6      61.2       3.0      39.4
       -.1       5.7       2.5      16.5
       -.1       5.0       3.1      11.4
       -.2       5.0       3.1      10.4
 56803   .000000  -.254493  -.967075
  27035.8  14242.2      -.1     25.9     75.8     28.9
       .0     69.0     75.7     19.9  12794.6  13336.6
      -4.2      49.3       2.7      39.3
       -.3       8.1       2.7      16.3
       -.1       5.3       3.0      11.4
       -.2       5.0       3.1      10.4
 56804   .000000  -.367167  -.930155
  28259.8  14833.6      -.1     17.6     75.8     28.9
      -.1     60.1     75.7     19.6  13557.9  14152.6
      -5.6      49.5       2.2      41.6
        .1      11.9       3.0      16.5
       -.1       8.0       2.9      11.3
       -.2       7.2       3.1      10.5
 56805   .000000  -.465746  -.884918
  29726.3  15575.8      -.3      9.7     75.8     28.9
      -.2     51.4     75.4     19.3  14575.2  15130.4
      -5.4      50.9       4.3      41.9
        .0      15.6       3.0      16.2
       -.2      10.9       2.8      11.4
       -.2       9.2       2.9      10.3
 56806   .000000  -.549617  -.835417
  31335.4  16109.5       .2      8.4     75.8     28.9
      -.4     42.2     75.4     18.9  15178.2  15720.8
      -6.7      53.3       3.6      42.0
       -.3      20.8       2.6      15.9
       -.3      13.5       2.9      10.8
       -.3      11.4       3.1      10.0
 56807   .000000  -.619644  -.784883
  33362.0  16335.5      -.2     43.3     75.8     28.9
      -.3     32.6     75.6     18.4  16690.4  17279.3
      -5.2      57.1       1.5      42.6
       -.4      25.6       2.8      15.9
       -.2      17.1       2.8      10.7
       -.3      14.2       3.1       9.6
 56808   .000000  -.677476  -.735545
  35726.5  16212.1      -.2     43.3     75.8     28.9
      -.3     23.5     75.4     17.9  17746.1  18443.6
     -10.9      59.8       3.9      46.2
       -.4      27.3       2.8      15.8
       -.6      18.0       2.8      10.3
       -.2      15.5       3.0       9.3
 56809   .000000  -.724999  -.688749
  38208.0  16011.6      -.2     43.3     75.8     28.9
      -.2     15.1     75.6     17.4  19225.0  20217.2
      -8.1      56.5       3.2      48.7
       -.7      26.1       2.7      15.7
       -.4      17.7       2.9      10.3
       -.3      16.0       3.1       9.0
 56810   .000000  -.764030  -.645181
  40724.9  15394.5      -.2     43.3     75.8     28.9
     -1.0      9.8     75.8     17.0  21082.0  21870.0
      -9.1      53.1       1.6      47.2
       -.7      23.3       2.4      15.6
       -.3      18.1       2.8       9.9
       -.6      17.1       2.9       8.6
 56811   .000000  -.796162  -.605083
  43320.8  15027.5      -.2     43.3     75.8     28.9
      4.9     14.7     75.5     16.5  22512.9  23583.7
      -8.5      52.4       3.3      48.8
       -.7      23.4       2.6      15.2
       -.4      18.2       2.7       9.7
       -.5      18.1       2.7       8.5
 56812   .000000  -.822730  -.568432
  46202.4  14649.8      -.2     43.3     75.8     28.9
      -.2     86.6     75.7     16.1  24483.5  25338.7
      -8.8      51.8       2.4      49.7
       -.4      22.8       2.5      15.3
       -.5      17.2       2.7       9.5
       -.7      16.7       2.9       8.2
 56813   .000000  -.844819  -.535052
  49086.3  14320.5      -.2     43.3     75.8     28.9
      -.2     86.6     75.7     15.8  26200.0  26940.6
      -7.8      50.5       2.9      50.5
       -.6      21.6       2.7      15.2
       -.4      16.3       2.6       9.5
       -.7      15.2       2.8       8.1
 56814   .000000  -.863297  -.504697
  51714.3  14044.9      -.2     43.3     75.8     28.9
      -.2     86.6     75.7     15.7  27895.3  28774.2
      -7.8      49.6       2.9      48.9
       -.5      23.0       2.4      15.7
       -.5      18.1       2.7       9.0
       -.6      16.7       2.9       7.6
 56815   .000000  -.878853  -.477092
  55031.4  13890.2      -.2     43.3     75.8     28.9
      -.2     86.6     75.7     15.4  30038.2  31213.5
      -8.8      49.5       2.5      51.9
       -.7      23.8       2.5      15.1
       -.7      19.5       2.6       8.9
      -1.0      19.1       2.6       7.6
 56816   .000000  -.892036  -.451965
  57980.6  13672.4      -.2     43.3     75.8     28.9
      -.2     86.6     75.9     15.0  32016.9  33025.3
      -6.4      49.0       4.5      51.0
       -.9      23.5       2.4      16.1
       -.6      18.1       2.9       8.7
       -.4      17.8       2.9       7.5
 56817   .000000  -.903278  -.429057
  61007.2  13608.1      -.2     43.3     75.8     28.9
      -.2     86.6     75.8     15.0  34178.6  35408.5
      -8.5      48.0       3.3      55.5
      -1.0      22.3       2.2      16.2
       -.2      16.8       2.6       8.5
       -.7      16.1       2.8       7.3
 56818   .000000  -.912924  -.408131
  64057.3  13537.7      -.2     43.3     75.8     28.9
      -.2     86.6     76.0     14.6  35978.0  36950.5
     -10.5      53.9       1.6      56.2
       -.7      22.9       2.5      16.7
       -.8      18.8       2.5       8.6
       -.9      17.3       2.7       7.1
 56819   .000000  -.921250  -.388972
  67205.2  13454.7      -.2     43.3     75.8     28.9
      -.2     86.6     76.0     14.4  38412.7  39475.9
      -9.3      50.6       3.3      60.2
      -1.1      24.1       2.4      15.6
       -.2      20.1       2.7       8.5
       -.5      20.0       2.7       7.1
 56820   .000000  -.928477  -.371391
  70450.8  13331.5      -.2     43.3     75.8     28.9
      -.2     86.6     75.9     14.4  40183.9  41481.0
     -11.8      52.4       4.7      56.3
      -1.1      23.3       2.5      17.4
       -.4      18.7       2.7       8.3
       -.9      18.3       2.6       6.9
 56821   .000000  -.934784  -.355218
  73751.7  13370.9      -.2     43.3     75.8     28.9
      -.2     86.6     76.2     14.0  42117.7  43307.8
     -11.1      53.7       4.1      62.1
       -.4      22.2       2.6      17.1
       -.5      17.2       2.6       8.2
       -.6      16.2       2.6       6.8
 56822   .000000  -.940315  -.340305
  76898.4  13264.7      -.2     43.3     75.8     28.9
      -.2     86.6     76.4     13.9  44611.3  45582.7
     -11.6      53.7       4.8      62.3
       -.7      23.2       2.1      18.6
       -.4      19.0       2.8       8.1
       -.9      17.6       2.7       6.6
 56823   .000000  -.945190  -.326520
  80084.7  13277.3      -.2     43.3     75.8     28.9
      -.2     86.6     76.2     13.8  46914.4  48134.5
      -8.3      51.9       1.1      64.0
       -.8      24.4       2.4      18.6
       -.9      20.8       2.6       8.4
       -.6      20.3       2.7       6.5
 56824   .000000  -.949506  -.313750
  83120.1  13188.9      -.2     43.3     75.8     28.9
      -.2     86.6     76.4     13.7  48725.6  50393.6
      -9.6      52.4       3.3      62.5
      -1.1      23.6       2.3      19.5
       -.4      19.2       2.6       8.1
       -.9      18.7       2.6       6.4
 56825   .000000  -.953342  -.301892
  86577.3  13138.5      -.2     43.3     75.8     28.9
      -.2     86.6     76.2     13.5  51007.8  52772.8
      -8.9      50.4       4.8      64.2
       -.8      22.2       2.4      20.0
       -.6      17.6       2.6       8.1
       -.9      16.4       2.6       6.3
 56826   .000000  -.956767  -.290857
  90108.2  13170.7      -.2     43.3     75.8     28.9
      -.2     86.6     76.4     13.5  53198.1  54291.6
     -10.1      49.1       4.4      66.2
       -.7      23.2       2.6      20.4
       -.6      19.1       2.6       7.8
       -.7      17.5       2.7       6.2
 56827   .000000  -.959834  -.280567
  93352.9  13162.0      -.2     43.3     75.8     28.9
      -.2     86.6     76.4     13.3  55865.6  56988.7
      -9.5      49.3       2.8      66.5
       -.9      25.2       2.7      20.7
       -.3      20.8       2.8       7.7
      -1.0      20.5       2.8       6.3
 56828   .000000  -.962593  -.270952
  96504.7  13062.9      -.2     43.3     75.8     28.9
      -.2     86.6     76.5     13.1  57250.2  58430.0
      -9.9      51.2       7.2      71.3
      -1.0      23.7       2.6      20.8
       -.4      19.4       2.7       8.0
       -.6      18.7       2.8       6.2
 56829   .000000  -.965081  -.261951
  99869.9  13049.5      -.2     43.3     75.8     28.9
      -.2     86.6     76.6     13.1  59100.3  60994.1
      -9.6      45.9       3.6      73.0
      -1.1      22.9       2.5      21.4
       -.7      17.8       2.5       7.8
       -.8      16.5       2.8       6.1
 56830   .000000  -.967333  -.253508
 103328.8  13125.3      -.2     43.3     75.8     28.9
      -.2     86.6     76.6     13.0  61990.2  64063.5
      -9.0      51.3       5.2      76.0
       -.9      23.8       2.2      21.7
       -.4      19.0       2.5       8.2
       -.7      17.8       2.6       6.0
 56831   .000000  -.969377  -.245576
 106584.0  13137.4      -.2     43.3     75.8     28.9
      -.2     86.6     76.8     12.9  64792.8  66399.3
      -9.3      50.9       6.7      75.0
       -.8      24.9       2.7      22.4
       -.4      20.9       2.6       8.0
      -1.0      20.4       2.7       6.1
 56832   .000000  -.971238  -.238110
 110034.0  13162.6      -.2     43.3     75.8     28.9
      -.2     86.6     76.8     12.9  66108.9  67557.1
      -9.7      49.9       3.7      77.3
      -1.2      24.7       2.1      24.6
       -.6      19.5       2.7       8.4
      -1.1      18.7       2.6       6.3
 56833   .000000  -.972937  -.231072
 113307.7  13114.7      -.2     43.3     75.8     28.9
      -.2     86.6     76.8     12.8  68088.2  70079.8
     -10.6      50.4       3.0      78.5
      -1.7      23.4       2.3      23.7
       -.4      18.3       2.7       8.2
       -.8      16.7       2.7       6.0
 56834   .000000  -.974491  -.224428
 116543.0  13131.7      -.2     43.3     75.8     28.9
      -.2     86.6     76.7     12.7  69951.2  72059.0
     -11.1      49.3       4.4      77.6
      -1.2      23.9       2.8      23.7
       -.8      19.3       2.7       8.0
      -1.0      18.0       2.7       6.0
 56835   .000000  -.975916  -.218146
 119623.8  13092.4      -.2     43.3     75.8     28.9
      -.2     86.6     77.0     12.7  72833.9  75096.3
     -10.2      49.3       3.2      77.4
      -1.5      25.2       2.7      25.6
       -.4      20.9       2.9       8.1
       -.7      20.6       2.7       5.9
 56836   .000000  -.977227  -.212198
 122967.0  13035.5      -.2     43.3     75.8     28.9
      -.2     86.6     77.0     12.5  75393.8  77744.3
     -10.4      51.8       3.8      78.2
      -1.4      24.9       2.8      25.5
       -.5      19.8       2.7       8.3
       -.8      19.1       2.7       5.9
 56837   .000000  -.978434  -.206558
 126582.7  13111.1      -.2     43.3     75.8     28.9
      -.2     86.6     77.1     12.5  77675.8  79639.0
      -9.5      50.9       5.2      82.2
      -1.8      23.7       2.3      26.6
      -1.0      17.9       2.6       8.6
       -.8      17.0       2.7       5.9
 56838   .000000  -.979549  -.201205
 129730.9  13016.3      -.2     43.3     75.8     28.9
      -.2     86.6     77.2     12.4  80455.3  82459.8
      -9.5      48.3       4.6      77.9
      -1.1      24.4       2.6      24.4
       -.4      19.2       2.8       9.3
       -.9      17.9       2.6       6.0
 56839   .000000  -.980581  -.196116
 133061.5  13109.3      -.2     43.3     75.8     28.9
      -.2     86.6     77.3     12.5  82699.2  84705.6
     -10.2      48.9       2.1      82.5
      -1.1      24.7       2.6      26.7
       -.8      21.0       2.7       8.4
       -.5      20.9       2.7       6.3
 56840   .000000  -.981537  -.191274
 136877.4  13242.3      -.2     43.3     75.8     28.9
      -.2     86.6     77.2     12.3  84863.1  86623.1
     -12.4      49.5       5.0      88.8
      -1.6      24.8       2.8      27.6
       -.4      19.9       2.8       8.0
       -.7      18.9       2.6       5.7
 56841   .000000  -.982424  -.186661
 139918.3  13104.7      -.2     43.3     75.8     28.9
      -.2     86.6     77.4     12.3  87738.1  89830.0
      -8.9      49.8       3.0      88.3
      -2.0      24.2       3.0      27.7
       -.7      18.2       2.8       8.4
       -.7      17.3       2.7       5.7
 56842   .000000  -.983250  -.182261
 143323.6  13033.0      -.2     43.3     75.8     28.9
      -.2     86.6     77.5     12.2  88228.2  90936.0
     -11.1      52.0       5.7      88.7
      -1.4      24.1       2.9      28.4
       -.7      19.4       2.6       8.6
       -.5      18.1       2.6       5.5
 56843   .000000  -.984020  -.178061
 146710.4  13138.4      -.2     43.3     75.8     28.9
      -.2     86.6     77.2     12.3  90972.4  93247.9
     -10.9      50.7       3.4      89.7
      -1.3      25.5       3.0      29.2
       -.6      21.0       2.6       8.5
       -.9      20.6       2.7       5.9
 56844   .000000  -.984737  -.174047
 150471.4  13046.5      -.2     43.3     75.8     28.9
      -.2     86.6     77.4     12.2  92806.0  95445.3
     -11.5      48.9       2.0      89.8
      -1.7      24.7       2.7      29.3
      -1.1      19.8       2.7       9.2
       -.7      19.1       2.7       5.6
 56845   .000000  -.985408  -.170207
 153644.1  13070.4      -.2     43.3     75.8     28.9
      -.2     86.6     77.4     12.1  95630.9  98441.2
      -9.4      49.0       -.3      91.1
      -1.5      23.3       2.7      29.9
       -.5      17.8       2.8       9.5
       -.6      17.1       2.7       5.8
 56846   .000000  -.986036  -.166531
 157290.6  13084.5      -.2     43.3     75.8     28.9
      -.2     86.6     77.3     12.1  98239.9 100977.5
     -10.6      54.8       4.2      90.3
      -1.7      24.9       2.2      31.3
       -.4      19.2       2.8       9.8
       -.9      17.9       2.6       5.6
 56847   .000000  -.986625  -.163008
 160126.1  13158.5      -.2     43.3     75.8     28.9
      -.2     86.6     77.5     12.0 100911.4 103030.1
     -10.2      52.1       4.3      90.7
      -1.6      25.8       2.5      30.6
       -.6      21.1       2.7       9.6
       -.7      20.6       2.7       6.0
 56848   .000000  -.987696  -.156385
 167080.5  13100.2      -.2     43.3     75.8     28.9
      -.2     86.6     77.8     11.9 105907.2 108758.7
     -11.2      49.7       1.3      85.8
      -1.4      23.7       2.7      30.8
       -.4      18.0       2.8      10.0
       -.8      17.0       2.8       6.1
 56849   .000000  -.988644  -.150274
 173942.3  13091.1      -.2     43.3     75.8     28.9
      -.2     86.6     77.6     11.9 111242.5 112912.9
     -12.7      50.9       3.8     105.8
      -1.4      26.0       3.3      32.9
       -.9      21.1       2.8       9.7
       -.8      21.2       2.8       5.6
 56850   .000000  -.989488  -.144617
 181009.0  13122.4      -.2     43.3     75.8     28.9
      -.2     86.6     77.7     11.9 116284.1 118847.5
     -11.1      49.3       3.6      94.0
      -2.0      23.9       2.2      34.2
       -.6      18.4       2.7      10.5
       -.5      17.2       2.7       5.5
 56851   .000000  -.990241  -.139367
 187632.8  13124.7      -.2     43.3     75.8     28.9
      -.2     86.6     77.6     11.9 120104.6 123118.1
     -12.8      55.6      11.0      97.8
      -1.6      26.5       3.2      34.6
       -.5      21.3       2.7      10.9
       -.8      20.7       2.8       6.2
 56852   .000000  -.990916  -.134481
 194421.7  13147.0      -.2     43.3     75.8     28.9
      -.2     86.6     78.0     11.7 123601.8 126753.1
     -15.3      51.1       9.8      98.6
      -1.5      24.5       3.2      37.0
       -.6      17.9       2.8      10.4
       -.8      17.0       2.8       6.0
 56853   .000000  -.991524  -.129924
 201126.1  13178.3      -.2     43.3     75.8     28.9
      -.2     86.6     77.9     11.6 128125.0 131695.4
     -10.0      52.0       2.0      99.4
      -1.6      26.3       2.1      36.5
       -.5      21.4       3.0      12.1
       -.9      21.0       2.7       6.2
 56854   .000000  -.992073  -.125663
 208453.0  13270.0      -.2     43.3     75.8     28.9
      -.2     86.6     77.8     11.6 134383.5 137200.2
     -10.3      47.8       2.6     103.6
      -2.0      24.9       3.3      39.3
       -.7      18.1       2.7      11.1
       -.7      17.5       2.5       6.9
 56855   .000000  -.992571  -.121670
 214960.3  13183.1      -.2     43.3     75.8     28.9
      -.2     86.6     77.7     11.5 138136.8 141845.0
     -13.4      47.0       -.1      96.8
      -1.8      26.7       2.8      39.1
      -1.0      21.5       2.7      12.3
       -.9      20.6       2.7       5.7
 56856   .000000  -.993023  -.117921
 221646.8  13194.0      -.2     43.3     75.8     28.9
      -.2     86.6     78.2     11.5 144024.0 146547.3
      -7.9      44.9       7.5     113.4
      -1.5      23.5       2.7      38.6
       -.6      18.4       2.7      12.3
       -.6      17.1       2.8       6.5
 56857   .000000  -.993435  -.114396
 228140.4  13241.9      -.2     43.3     75.8     28.9
      -.2     86.6     78.1     11.5 149839.2 152868.2
     -12.2      48.8       5.0     107.0
      -1.7      25.9       3.0      39.7
       -.5      21.4       2.7      11.8
       -.5      20.7       2.8       6.6
 56858   .000000  -.993812  -.111073
 235492.4  13379.0      -.2     43.3     75.8     28.9
      -.2     86.6     78.1     11.4 152900.5 156817.4
      -9.6      42.4       5.5     118.1
      -2.0      23.7       2.5      40.5
       -.9      18.2       2.7      12.7
       -.9      17.2       2.7       6.2
 56859   .000000  -.994158  -.107937
 242240.7  13227.7      -.2     43.3     75.8     28.9
      -.2     86.6     78.0     11.4 157284.6 161981.9
      -5.0      42.4       3.8     110.4
      -2.0      25.9       3.4      42.0
       -.3      21.4       2.7      13.0
       -.9      20.9       2.7       7.2
 56860   .000000  -.994475  -.104972
 249047.2  13307.0      -.2     43.3     75.8     28.9
      -.2     86.6     78.1     11.3 163710.2 167270.9
      -7.2      39.1       6.0     113.3
      -1.8      23.2       3.4      42.9
       -.7      18.3       2.7      12.8
      -1.0      17.3       2.9       7.1
 56861   .903278   .000000  -.429057
  61055.2  13001.4      -.2     38.9     75.8     28.9
      -.2     81.8     75.8     57.7  33695.8  35305.4
       2.2      82.6      11.1      43.5
       -.4      26.2       1.8      20.2
        .4       6.1       1.1      14.0
        .1       5.0       1.8      12.3
 56862   .887877   .000000  -.460082
  57236.8  13754.1       .2     38.8     75.8     28.9
       .2     81.9     75.8     57.7  31684.6  32481.9
       2.1      78.9      12.9      48.6
        .0      25.5       2.6      21.8
        .3       6.7       2.2      15.2
        .0       5.0       2.4      12.8
 56863   .868777   .000000  -.495203
  52938.4  14618.0       .2     38.9     75.8     28.9
       .1     81.9     75.8     57.7  29104.8  29913.5
      -2.3      77.0      10.2      45.3
       -.8      23.5       2.2      19.2
        .2       5.0       1.8      13.0
        .1       5.0       2.4      11.1
 56864   .844819   .000000  -.535052
  49109.0  15781.9       .4     38.9     75.8     28.9
       .4     82.0     75.8     57.7  26939.5  27643.4
       3.2      79.1      10.4      47.4
       1.5      20.1       2.9      20.0
        .2       5.0       2.4      13.6
        .2       5.0       3.1      11.8
 56865   .814421   .000000  -.580275
  45576.0  17493.7       .2     39.0     75.8     28.9
       .2     82.0     78.6      6.6  24169.7  25146.5
       -.2      73.5      11.7      46.8
       -.5      21.3       3.6      18.0
        .2       5.0       3.2      12.0
        .5       5.0       3.3       9.9
 56866   .775436   .000000  -.631426
  42044.0  20125.0      -.3     38.7     75.8     28.9
      -.3     81.9     75.7     11.5  21931.7  22783.2
      -3.8      74.4      10.0      49.4
        .2      16.9       4.0      17.6
        .3       5.0       4.6      12.0
        .1       5.0       4.5      10.1
 56867   .724999   .000000  -.688749
  39099.9  24614.2       .2     38.9     75.8     28.9
       .2     81.9     75.5     23.6  19748.0  20642.7
       3.8      79.8      13.2      52.8
        .3      12.4       4.8      15.9
        .1       5.0       4.7      10.2
        .3       5.0       4.8       8.4
 56868   .659438   .000000  -.751759
  35921.2  27613.1      -.1     38.8     75.7      7.7
       .0     81.9     75.4     35.8  18157.9  18833.0
       2.9      69.3      12.2      54.5
        .4      12.1       4.1      10.8
        .2       5.0       4.0       7.2
        .2       5.0       4.3       5.9
 56869   .574426   .000000  -.818557
  33162.4  27445.7      -.2     38.5     75.8     18.8
      -.1     81.7     75.9     47.3  16191.5  16955.3
       3.1      70.1      12.7      62.0
        .4      12.0       3.8       8.3
        .3       5.0       4.0       4.0
        .2       5.0       4.3       3.4
 56870   .465746   .000000  -.884918
  30807.1  25325.0      -.3     38.9     79.5     22.4
      -.2     82.0     79.5     51.0  15038.0  15611.6
       4.7      66.1      11.8      72.3
        .5      11.7       3.4      13.1
        .2       5.0       3.9       6.7
        .2       5.0       3.5       5.6
 56871   .331088   .000000  -.943600
  28554.0  23274.5       .0     39.2     76.8     12.9
       .0     82.2     76.9     41.5  13500.1  14040.9
       -.6      67.7       7.6      56.8
        .7       8.0       2.3       8.5
        .1       5.1       2.4       5.9
        .2       5.0       2.5       5.4
 56872   .254493   .000000  -.967075
  27608.8  21218.3      -.1     39.2     76.3      8.0
      -.1     82.4     76.4     36.2  13173.9  13656.4
       -.2      68.5       4.8      43.9
        .0      10.6       2.2      10.0
        .0       5.0       2.7       7.3
        .4       5.0       3.0       6.5
 56873   .172799   .000000  -.984957
  26894.6  18502.0       .4     39.5     76.3      4.4
       .4     82.6     76.0     30.9  12757.6  13185.9
       7.4      68.0       3.6      40.0
        .5       9.1       2.4      11.9
        .1       5.0       2.7       8.7
        .2       5.0       2.6       8.3
 56874   .087384   .000000  -.996175
  26401.3  16124.7      -.2     39.5     77.5      5.5
      -.1     82.8     75.9     25.4  12773.3  13229.3
        .0      66.7       3.8      40.2
        .2       8.7       2.7      14.3
        .3       5.0       3.2      10.0
        .1       5.0       3.1       9.1
 56875   .000000   .000000 -1.000000
  26246.8  13757.7       .3     39.7     75.8     28.9
       .3     82.8     75.8     19.9  12414.0  12956.4
        .9      66.5       3.0      39.4
       -.4       7.0       2.6      16.6
        .5       5.0       3.0      11.7
        .3       5.0       3.4      10.4
 56876  -.087384   .000000  -.996175
  26233.0  12226.0       .1     39.8     75.8     28.9
       .1     83.0     75.7     15.0  12567.1  12984.7
        .8      68.9       2.0      38.9
       1.0       8.5       2.3      18.4
        .4       5.0       2.7      13.0
        .2       5.0       3.0      12.0
 56877  -.172799   .000000  -.984957
  26556.7  11056.5       .0     40.0     75.8     28.9
      -.1     83.1     76.0     10.8  12875.2  13316.2
      -4.1      64.6       1.3      39.0
        .1       8.4       2.4      19.4
        .3       5.0       2.4      13.7
        .1       5.0       2.8      13.1
 56878  -.254493   .000000  -.967075
  27131.0  10090.6      -.1     39.9     75.8     28.9
      -.1     83.2     76.1      8.2  12778.8  13324.4
        .3      68.0       1.4      39.5
       -.2       8.3       2.5      19.2
        .3       5.0       1.9      14.1
        .1       5.0       2.1      13.9
 56879  -.331088   .000000  -.943600
  27708.5   9453.3       .1     40.0     75.8     28.9
       .1     83.2     75.7      8.7  13621.5  14176.3
        .9      68.2       -.9      41.9
        .2       9.1       1.8      20.7
        .1       5.0       2.4      14.9
        .0       5.0       1.9      14.3
 56880  -.465746   .000000  -.884918
  29713.5   8491.3       .1     40.1     75.8     28.9
       .1     83.4     75.8     57.7  15062.2  15417.7
      -1.7      67.8       -.4      40.7
        .4      11.3       1.1      22.6
        .4       5.0       1.6      17.1
        .3       5.0       2.1      16.2
 56881  -.574426   .000000  -.818557
  32126.5   7947.1       .0     40.1     75.8     28.9
       .0     83.3     75.8     57.7  15868.0  16606.5
        .1      72.9      -2.6      41.2
        .0      12.8        .9      22.2
        .2       5.0       1.3      17.1
        .4       5.0       1.0      16.8
 56882  -.659438   .000000  -.751759
  35232.9   7709.8       .2     40.1     75.8     28.9
       .1     83.3     75.8     57.7  18202.7  19042.6
        .2      76.9      -3.6      44.3
        .2      16.0        .2      24.3
        .1       5.0        .6      18.4
        .6       5.0        .8      17.7
 56883  -.724999   .000000  -.688749
  38510.2   7465.2      -.1     40.2     75.8     28.9
      -.1     83.4     75.8     57.7  19783.6  20807.7
        .3      75.1      -4.1      41.5
        .1      18.6        .0      23.6
        .1       5.0        .3      18.0
        .2       5.0        .3      17.6
 56884  -.775436   .000000  -.631426
  41982.2   7399.4      -.4     40.4     75.8     28.9
      -.3     83.4     75.8     57.7  22292.7  22924.9
      -1.1      71.9      -4.3      41.2
       1.6      18.3        .4      25.1
       -.1       5.0       -.1      19.1
        .1       5.0        .0      18.2
 56885  -.814421   .000000  -.580275
  45683.1   7342.1      -.3     40.1     75.8     28.9
      -.2     83.2     75.8     57.7  24178.3  25239.9
        .6      78.9      -3.9      40.6
       -.2      19.6       -.2      23.8
        .4       5.0       -.2      18.7
        .2       5.0       -.8      18.3
 56886  -.844819   .000000  -.535052
  49666.7   7298.7       .3     40.0     75.8     28.9
       .2     83.0     75.8     57.7  26772.6  27667.0
        .3      76.0      -6.6      43.0
       -.1      21.7       -.5      25.1
        .1       5.0       -.3      19.3
        .1       5.0       -.7      18.7
 56887  -.868777   .000000  -.495203
  53823.4   7331.0       .1     39.8     75.8     28.9
       .1     82.8     75.8     57.7  30132.4  30980.8
      -2.6      79.7      -5.2      41.4
        .4      23.7       -.6      23.8
       -.3       8.7       -.3      19.0
        .0       5.0      -1.3      18.7
 56888  -.887877   .000000  -.460082
  57671.7   7332.5      -.2     40.0     75.8     28.9
      -.1     82.8     75.8     57.7  32017.6  33164.1
       1.5      78.2      -5.4      39.7
        .2      27.0       -.6      24.6
        .5       6.0       -.4      19.8
        .4       5.0      -1.3      18.9
 56889  -.903278   .000000  -.429057
  61806.5   7349.7      -.1     39.8     75.8     28.9
      -.2     82.7     75.8     57.7  34689.4  35913.9
       3.6      82.6      -5.5      37.6
       -.2      27.1       -.6      23.1
        .3       7.1       -.8      19.2
        .3       5.0      -1.1      18.7
 56890   .840060  -.367526  -.399028
  65677.3  14062.5      -.2     43.3     75.8     28.9
       .0     17.7     75.8     57.7  37307.9  38513.5
      -6.1      57.3       7.8      44.3
       -.7      24.0       1.6      19.9
        .0      15.4       1.1      13.8
        .1      13.0       1.4      11.8
 56891   .817505  -.390173  -.423616
  61841.7  15027.5      -.2     43.3     75.8     28.9
      -.3     18.2     75.8     57.7  35121.1  35662.9
      -4.7      59.9      11.1      49.4
       -.5      24.4       2.2      21.3
       -.2      15.8       2.0      14.7
       -.2      12.9       2.1      12.5
 56892   .790440  -.414981  -.450551
  58320.7  15988.9      -.2     43.3     75.8     28.9
      -.3     18.6     75.8     57.7  32255.0  33095.7
      -4.5      60.0       9.6      50.3
       -.8      24.9       2.7      19.5
        .0      16.1       1.7      13.0
       -.3      13.3       2.0      10.9
 56893   .757796  -.442047  -.479937
  54764.1  17806.3      -.2     43.3     75.8     28.9
      -.3     19.3     75.8     57.7  30191.2  31139.5
      -5.4      59.2      12.0      50.6
        .0      25.3       2.9      20.4
       -.3      16.2       2.7      13.3
       -.4      13.6       3.2      11.3
 56894   .718269  -.471364  -.511767
  51544.9  19362.3      -.2     43.3     75.8     28.9
      -.3     19.6     78.2      6.6  27811.2  28736.8
      -5.6      59.4      11.9      52.1
        .0      25.4       3.0      17.8
       -.1      16.6       3.3      11.8
        .0      13.8       3.2       9.9
 56895   .670317  -.502738  -.545830
  48354.1  21315.6      -.2     43.3     75.8     28.9
      -.2     20.2     75.1     10.7  25524.8  26467.6
      -7.6      59.9      11.0      51.6
       -.4      26.1       3.9      18.0
       -.2      16.9       3.8      11.3
       -.2      14.0       4.0       9.5
 56896   .612205  -.535679  -.581595
  45455.7  22081.9      -.2     43.3     75.8     28.9
      -.6     20.8     75.0     22.8  23946.3  24767.4
      -7.9      58.5      12.0      52.4
        .2      25.9       4.5      15.6
       -.4      16.8       4.7       9.5
       -.3      14.0       4.6       7.9
 56897   .542159  -.569267  -.618061
  42883.1  21101.1      -.2     43.3     75.3      7.2
      -.6     21.2     75.1     35.2  22221.6  23301.2
      -5.9      58.1      10.8      54.0
       -.7      27.0       4.0      11.8
       -.3      17.6       4.1       6.8
       -.4      14.4       4.1       5.8
 56898   .458673  -.602008  -.653609
  40484.6  19903.0      -.2     43.3     75.4     18.3
      -.4     22.0     75.4     46.9  20621.9  21315.3
      -6.5      59.9      10.5      64.7
       -.4      26.4       3.6      10.6
       -.1      17.4       4.1       3.9
       -.5      14.4       4.2       3.5
 56899   .361020  -.631785  -.685938
  38611.2  18959.5      -.2     43.3     79.8     22.4
      -.6     22.2     79.8     51.2  19957.2  20585.2
      -6.1      57.9       9.8      80.5
       -.3      27.2       3.6      18.5
       -.2      17.5       3.9       6.9
       -.4      14.7       3.7       5.9
 56900   .249898  -.655981  -.712208
  37151.4  18132.8      -.2     43.3     76.8     12.2
      -.8     22.7     76.9     40.9  18993.8  19665.3
      -7.0      59.4       9.5      58.2
       -.2      27.9       2.3       9.9
       -.4      17.8       2.4       5.6
       -.3      14.9       2.5       5.1
 56901   .190037  -.665130  -.722141
  36426.7  17877.9      -.2     43.3     76.2      6.9
      -.8     23.1     76.4     35.3  18324.2  19084.9
      -4.7      59.5       5.4      50.6
       -.6      27.4       2.4      10.6
       -.1      17.7       2.7       6.7
       -.5      15.2       2.7       6.1
 56902   .127982  -.671905  -.729496
  35989.5  17504.2      -.2     43.3     76.2      4.1
      -.2     23.2     76.0     29.4  18146.9  18835.7
      -7.9      57.6       2.6      43.5
       -.9      27.3       2.4      11.9
       -.7      17.9       2.5       8.0
        .0      15.3       2.8       7.3
 56903   .064388  -.676070  -.734019
  35881.0  17187.1      -.2     43.3     75.8     28.9
      -.5     23.4     75.8     23.7  18106.4  18882.0
      -7.8      61.0       1.8      44.5
       -.7      27.6       2.9      14.0
       -.2      18.1       3.1       9.0
       -.5      15.5       3.0       8.2
 56904   .000000  -.677476  -.735545
  35616.5  16242.9      -.2     43.3     75.8     28.9
      -.7     23.6     75.7     17.9  17943.5  18565.7
      -7.3      59.4       2.1      44.0
       -.9      26.9       2.7      15.4
       -.2      18.1       2.9      10.6
       -.4      15.5       3.1       9.4
 56905  -.064388  -.676070  -.734019
  35721.7  15247.4      -.2     43.3     75.8     28.9
      -.3     23.7     75.8     12.5  18003.7  18836.5
      -6.5      59.6       1.3      42.7
       -.3      27.2       2.3      16.7
       -.4      18.1       2.4      11.6
       -.6      15.8       2.7      10.5
 56906  -.127982  -.671905  -.729496
  35795.2  14027.9      -.2     43.3     75.8     28.9
       .0     23.6     75.6      8.3  18083.6  18651.2
      -7.2      60.5        .3      43.1
       -.8      27.2       1.6      17.1
       -.3      17.8       2.1      12.1
       -.4      15.7       2.3      11.4
 56907  -.190037  -.665130  -.722141
  36259.6  13342.8      -.2     43.3     75.8     28.9
      -.2     23.4     75.7      8.3  18303.7  18912.0
      -5.3      56.6       -.2      41.6
       -.8      27.7       1.5      17.3
       -.2      18.0       1.9      12.5
       -.5      15.7       1.8      11.7
 56908  -.249898  -.655981  -.712208
  36877.7  12526.2      -.2     43.3     75.8     28.9
      -.4     23.6     81.0     12.0  19074.9  19711.5
      -8.6      60.4        .9      43.5
       -.1      27.6       2.0      19.0
       -.1      17.9       2.1      13.5
       -.3      15.8       2.2      12.6
 56909  -.361020  -.631785  -.685938
  37956.9  10943.5      -.2     43.3     75.8     28.9
      -.5     23.0     75.8     57.7  19555.0  20297.7
      -6.1      58.1       -.3      42.2
       -.1      26.5       1.4      19.9
       -.4      17.6       1.2      14.9
       -.4      15.4       1.6      14.5
 56910  -.458673  -.602008  -.653609
  39945.5  10134.3      -.2     43.3     75.8     28.9
      -.2     22.7     75.8     57.7  20812.6  21352.7
      -5.8      57.5      -2.0      40.9
        .0      26.4        .9      20.8
       -.2      17.6       1.0      15.3
       -.3      15.3       1.3      14.8
 56911  -.542159  -.569267  -.618061
  42515.2   9443.9      -.2     43.3     75.8     28.9
       .0     22.1     75.8     57.7  22704.0  23389.6
      -5.9      58.6      -2.5      43.4
       -.6      26.5        .3      22.7
       -.4      17.4        .6      17.3
       -.2      14.7       1.0      16.2
 56912  -.612205  -.535679  -.581595
  44933.7   8935.9      -.2     43.3     75.8     28.9
      -.4     21.5     75.8     57.7  24007.9  25038.9
      -6.4      56.9      -3.0      39.8
       -.2      26.0        .4      21.7
       -.3      17.0        .5      17.1
       -.4      14.7        .5      16.5
 56913  -.670317  -.502738  -.545830
  47953.3   8516.5      -.2     43.3     75.8     28.9
      -.5     20.7     75.8     57.7  26115.9  26846.1
      -8.1      60.9      -5.7      42.1
       -.1      25.0        .2      23.3
       -.5      16.5       -.3      18.1
       -.6      14.2        .0      17.4
 56914  -.718269  -.471364  -.511767
  51362.5   8405.7      -.2     43.3     75.8     28.9
       .0     20.2     75.8     57.7  27779.4  29112.3
      -5.2      60.9      -3.8      41.4
        .0      25.1        .2      22.9
       -.2      16.2        .0      17.7
       -.3      14.0        .2      17.4
 56915  -.757796  -.442047  -.479937
  54807.1   8145.1      -.2     43.3     75.8     28.9
      -.4     19.5     75.8     57.7  30581.4  31517.3
      -5.3      57.9      -3.6      39.7
       -.8      24.6       -.6      23.8
        .0      15.7        .0      18.7
       -.4      13.6       -.2      18.2
 56916  -.790440  -.414981  -.450551
  58378.8   8042.8      -.2     43.3     75.8     28.9
       .2     19.1     75.8     57.7  32524.9  33569.0
      -4.1      61.4      -5.7      36.4
       -.7      24.6       -.7      22.8
       -.4      15.8       -.2      18.6
       -.4      13.4       -.2      18.1
 56917  -.817505  -.390173  -.423616
  62152.6   8061.0      -.2     43.3     75.8     28.9
      -.2     18.5     75.8     57.7  35325.3  36382.5
      -5.7      60.1      -6.1      41.1
       -.9      24.0       -.6      24.1
       -.2      15.5       -.7      19.1
       -.3      13.2       -.4      18.6
 56918  -.840060  -.367526  -.399028
  65915.2   7977.6      -.2     43.3     75.8     28.9
      -.1     18.1     75.8     57.7  37459.6  39178.7
      -5.7      60.0      -5.7      36.6
       -.2      24.2      -1.1      22.9
       -.1      15.4       -.3      18.7
       -.3      13.1       -.7      18.3
 56919   .708659  -.620076  -.336613
  77964.7  16215.8      -.2     43.3     75.8     28.9
      -.2     86.6     75.8     57.7  45415.2  46923.8
      -9.1      54.6      10.8      49.5
       -.6      22.9       1.8      20.8
       -.1      17.4       1.2      12.9
       -.2      16.2       1.2      11.2
 56920   .677337  -.646549  -.350984
  74916.1  16290.0      -.2     43.3     75.8     28.9
      -.2     86.6     75.8     57.7  42822.1  44126.5
     -11.3      54.5      12.9      50.4
       -.7      23.0       2.3      21.1
       -.2      17.8       2.1      13.6
       -.2      16.6       1.9      11.6
 56921   .641844  -.673936  -.365851
  71829.7  17182.6      -.2     43.3     75.8     28.9
      -.2     86.6     75.8     57.7  40568.4  42231.7
     -10.2      52.6      11.1      51.3
       -.5      22.4       2.5      19.0
       -.3      17.5       1.9      12.0
       -.5      16.9       2.1      10.2
 56922   .601687  -.701968  -.381068
  68929.4  17051.8      -.2     43.3     75.8     28.9
      -.2     86.6     75.8     57.7  38319.7  39661.9
      -6.5      49.0      11.1      54.3
       -.3      23.0       2.7      19.7
        .0      17.7       2.5      11.8
       -.5      17.1       2.7      10.1
 56923   .556388  -.730259  -.396426
  66495.3  16687.1      -.2     43.3     75.8     28.9
      -.2     86.6     75.8     57.7  37737.1  38872.1
      -8.5      50.5      12.8      56.8
       -.8      22.9       3.7      19.2
        .2      18.3       2.9      10.9
       -.1      17.3       2.9       9.1
 56924   .505524  -.758286  -.411641
  63806.9  16180.0      -.2     43.3     75.8     28.9
      -.2     86.6     75.2      9.0  35387.2  36464.3
      -7.9      51.1      10.2      55.3
       -.3      23.0       3.7      17.8
       -.4      18.2       3.5      10.2
       -.6      17.5       3.8       8.4
 56925   .448787  -.785377  -.426348
  61575.3  15629.1      -.2     43.3     75.8     28.9
      -.2     86.6     74.7     21.2  34517.5  35452.6
      -7.8      51.7      10.3      58.4
       -.8      23.2       4.7      16.4
       -.2      18.8       4.4       8.7
      -1.0      17.9       4.6       7.2
 56926   .386057  -.810720  -.440105
  59678.5  15120.4      -.2     43.3     74.9      5.8
      -.2     86.6     74.5     34.0  33770.7  34453.8
      -9.6      49.7      11.0      62.9
       -.3      23.5       3.5      14.8
       -.7      18.8       3.8       6.4
       -.6      18.4       4.0       5.5
 56927   .317480  -.833386  -.452409
  58009.5  14741.5      -.2     43.3     74.5     17.8
      -.2     86.6     74.6     46.3  32650.7  33528.0
      -9.0      49.7       8.6      75.0
       -.5      22.9       2.8      21.4
       -.6      19.1       4.0       4.0
       -.3      18.4       4.1       3.4
 56928   .243541  -.852392  -.462727
  56750.9  14416.5      -.2     43.3     79.5     22.0
      -.2     86.6     79.5     50.6  31290.3  32300.4
      -9.8      53.0      11.2      88.6
       -.6      23.6       3.5      28.7
       -.4      19.1       3.9       9.1
       -.6      18.6       3.0       6.3
 56929   .165103  -.866792  -.470544
  55739.0  14166.8      -.2     43.3     77.2     11.3
      -.2     86.6     77.3     40.0  30673.1  31718.3
      -9.2      53.2       4.8      68.8
       -.7      23.6       2.1      16.1
       -.5      18.9       2.4       5.7
       -.6      19.0       2.5       4.9
 56930   .124573  -.872008  -.473376
  55375.5  14054.3      -.2     43.3     76.6      5.5
      -.2     86.6     76.5     34.0  30431.3  31476.8
      -9.1      51.4       6.7      59.3
       -.8      23.9       2.3      14.2
       -.7      19.3       2.4       6.6
       -.4      18.9       2.6       5.6
 56931   .083409  -.875791  -.475429
  54935.7  14026.6      -.2     43.3     75.9      2.9
      -.2     86.6     76.4     27.8  29728.3  30912.6
     -10.4      50.7       3.5      58.2
       -.8      23.7       2.7      13.3
       -.4      19.3       2.8       7.2
       -.7      19.1       2.6       6.3
 56932   .041814  -.878085  -.476675
  54953.2  13921.1      -.2     43.3     75.8     28.9
      -.2     86.6     76.1     21.4  30105.6  30994.6
      -9.9      53.5       6.5      56.4
       -.6      24.0       2.6      15.4
       -.9      19.3       2.9       8.0
       -.7      19.3       3.0       6.8
 56933   .000000  -.878853  -.477092
  54877.8  13863.4      -.2     43.3     75.8     28.9
      -.2     86.6     75.7     15.3  29941.0  30851.3
      -8.3      49.9       1.7      53.2
       -.5      24.1       2.1      15.8
       -.3      19.1       2.7       8.8
       -.7      19.0       2.8       7.5
 56934  -.041814  -.878085  -.476675
  54880.7  13890.6      -.2     43.3     75.8     28.9
      -.2     86.6     75.6      9.3  30053.3  30807.0
      -6.8      49.3       2.3      48.1
       -.3      23.4       1.8      15.6
       -.3      19.6       2.2       9.5
       -.7      19.4       2.2       8.1
 56935  -.083409  -.875791  -.475429
  54875.6  13864.0      -.2     43.3     75.8     28.9
      -.2     86.6     75.4      5.1  30474.7  31477.6
     -11.0      53.0       1.9      51.3
       -.6      23.6       1.5      14.9
       -.6      19.1       1.6       9.7
       -.4      19.2       1.9       8.7
 56936  -.124573  -.872008  -.473376
  55259.8  13864.9      -.2     43.3     75.8     28.9
      -.2     86.6     75.8     57.7  30673.7  31556.5
      -9.3      51.1        .4      48.0
       -.2      24.0       1.9      15.8
       -.6      19.5       1.9      10.3
       -.5      19.1       1.9       9.0
 56937  -.165103  -.866792  -.470544
  55462.5  13688.8      -.2     43.3     75.8     28.9
      -.2     86.6     75.8     57.7  31193.1  31932.6
      -7.7      50.7        .9      45.9
       -.6      24.1       1.7      17.1
       -.4      19.4       1.8      11.2
       -.2      19.0       2.0       9.9
 56938  -.243541  -.852392  -.462727
  56617.9  13546.5      -.2     43.3     75.8     28.9
      -.2     86.6     75.8     57.7  30920.8  31901.4
     -10.5      53.3      -1.0      44.6
       -.2      24.3        .9      17.3
       -.6      19.1       1.0      12.2
       -.2      19.0       1.3      11.2
 56939  -.317480  -.833386  -.452409
  57718.9  12932.6      -.2     43.3     75.8     28.9
      -.2     86.6     75.8     57.7  31262.8  32381.0
      -8.1      51.6      -3.0      42.4
       -.5      23.2        .9      18.1
        .0      19.1       1.0      13.0
       -.3      18.9       1.0      11.8
 56940  -.386057  -.810720  -.440105
  59510.1  12479.7      -.2     43.3     75.8     28.9
      -.2     86.6     75.8     57.7  32958.8  34273.2
      -7.7      50.9      -1.4      40.4
       -.6      24.0        .1      19.1
       -.4      19.1        .4      14.2
       -.5      18.6        .6      13.5
 56941  -.448787  -.785377  -.426348
  61386.2  11848.8      -.2     43.3     75.8     28.9
      -.2     86.6     75.8     57.7  34501.1  35668.5
      -8.8      55.2      -2.1      41.7
        .1      24.0        .2      19.8
       -.1      18.9        .5      14.3
       -.3      18.2        .2      13.1
 56942  -.505524  -.758286  -.411641
  63495.7  11300.5      -.2     43.3     75.8     28.9
      -.2     86.6     75.8     57.7  35878.1  37175.4
      -7.5      52.5      -4.4      39.1
       -.6      23.5       -.4      20.7
        .1      18.5        .2      15.8
       -.3      17.9        .3      14.8
 56943  -.556388  -.730259  -.396426
  66081.8  10797.3      -.2     43.3     75.8     28.9
      -.2     86.6     75.8     57.7  37698.8  38933.2
      -9.4      54.0      -5.1      39.0
       -.7      23.2       -.5      20.5
       -.5      18.3       -.3      15.4
       -.3      17.6       -.3      14.3
 56944  -.601687  -.701968  -.381068
  68775.1  10404.4      -.2     43.3     75.8     28.9
      -.2     86.6     75.8     57.7  39591.8  40416.9
     -10.1      53.7      -5.0      40.3
       -.5      23.3       -.4      21.5
       -.2      18.1       -.1      16.8
       -.2      17.3        .0      15.6
 56945  -.641844  -.673936  -.365851
  71711.7  10043.7      -.2     43.3     75.8     28.9
      -.2     86.6     75.8     57.7  40550.7  42039.7
      -7.5      53.5      -6.3      38.6
       -.4      23.1       -.5      20.8
       -.1      17.9       -.4      16.4
       -.5      17.1       -.4      15.4
 56946  -.677337  -.646549  -.350984
  74278.5   9670.9      -.2     43.3     75.8     28.9
      -.2     86.6     75.8     57.7  41575.0  43376.4
      -7.2      49.6      -4.6      35.8
        .0      22.6       -.4      21.9
       -.4      17.5       -.9      17.1
       -.4      16.7       -.5      16.4
 56947  -.708659  -.620076  -.336613
  77774.9   9468.3      -.2     43.3     75.8     28.9
      -.2     86.6     75.8     57.7  45088.4  46456.2
      -8.3      57.8      -6.2      36.3
       -.4      22.9       -.8      21.3
       -.2      17.8       -.8      17.1
       -.1      16.4       -.5      16.0
 56948   .482910  -.845093  -.229382
 114270.2  14898.0      -.2     43.3     75.8     28.9
      -.2     86.6     75.8     57.7  69379.7  71173.4
      -8.6      49.3       6.2      53.9
      -1.4      22.8       1.9      21.8
       -.6      17.0       1.1      11.6
       -.2      15.9        .9       9.6
 56949   .451149  -.861285  -.233777
 112123.8  14731.3      -.2     43.3     75.8     28.9
      -.2     86.6     75.8     57.7  68153.1  69983.9
      -9.6      50.5      10.8      57.9
       -.8      21.9       2.0      22.3
       -.8      17.1       1.6      11.3
       -.4      15.8       1.5       9.6
 56950   .417577  -.876913  -.238019
 110021.0  14461.4      -.2     43.3     75.8     28.9
      -.2     86.6     75.8     57.7  66035.2  67686.7
      -8.9      49.1      11.7      62.9
      -1.1      22.3       2.5      22.2
       -.4      17.3       1.6      10.7
      -1.1      16.1       2.0       8.8
 56951   .382204  -.891810  -.242063
 108144.3  14227.3      -.2     43.3     75.8     28.9
      -.2     86.6     75.8     57.7  64956.1  67249.6
     -10.1      50.5       8.9      65.2
      -1.0      22.4       2.8      22.2
       -.4      17.3       2.1      10.2
       -.9      16.1       2.3       8.4
 56952   .345068  -.905804  -.245861
 106614.5  13981.9      -.2     43.3     75.8     28.9
      -.2     86.6     75.8     57.7  63531.4  65595.2
     -11.0      55.5      12.0      72.4
      -1.0      22.6       3.8      23.7
       -.8      17.5       2.6       9.6
       -.7      16.4       2.8       7.6
 56953   .306238  -.918714  -.249365
 104851.6  13746.3      -.2     43.3     75.8     28.9
      -.2     86.6     74.9      6.3  63071.8  65123.2
      -9.6      50.8      10.8      72.7
      -1.3      22.7       3.4      22.4
       -.6      17.6       2.9       8.7
       -.8      16.4       3.0       7.1
 56954   .265817  -.930361  -.252527
 103750.2  13708.0      -.2     43.3     75.8     28.9
      -.2     86.6     74.3     19.1  62424.3  64201.4
      -8.4      47.3      11.5      81.6
      -1.3      23.0       4.4      24.4
       -.7      17.6       4.2       7.8
       -.7      16.2       4.1       6.1
 56955   .223945  -.940570  -.255298
 102639.9  13449.8      -.2     43.3     74.1      4.1
      -.2     86.6     74.1     32.3  61824.9  63546.1
     -12.1      52.3      11.8      91.3
      -1.2      23.0       3.6      25.7
       -.5      17.6       3.6       7.6
       -.6      16.3       3.6       5.2
 56956   .180796  -.949177  -.257634
 101750.2  13444.1      -.2     43.3     73.9     16.6
      -.2     86.6     74.1     45.1  60654.7  61918.5
     -10.1      52.7       7.0      95.8
      -1.0      22.9       3.1      36.7
       -.5      17.4       3.7       7.7
       -.8      16.4       3.8       3.6
 56957   .136577  -.956038  -.259496
 100679.7  13244.0      -.2     43.3     79.6     21.6
      -.2     86.6     79.7     50.0  59570.0  61908.6
      -9.1      50.5       9.9     103.2
       -.8      22.7       4.3      47.8
       -.7      17.4       3.8      12.9
       -.6      16.7       3.1       7.8
 56958   .091527  -.961030  -.260851
 100166.9  13187.4      -.2     43.3     78.1     10.5
      -.2     86.6     78.2     39.0  59640.2  61945.3
      -8.8      51.5       9.9      93.2
      -1.1      23.3       2.8      30.4
       -.7      17.7       2.7       7.5
       -.8      16.3       2.7       4.9
 56959   .068771  -.962796  -.261330
  99957.5  13103.4      -.2     43.3     77.3     11.8
      -.2     86.6     77.7     32.7  59937.4  61570.3
     -11.9      51.2       4.1      85.2
      -1.3      23.0       2.9      25.7
       -.7      17.6       2.8       6.6
       -.8      16.5       2.7       5.3
 56960   .045908  -.964064  -.261674
 100072.9  13129.9      -.2     43.3     75.8     28.9
      -.2     86.6     77.2     26.1  59560.1  61413.6
      -9.7      49.2       5.1      78.9
      -1.2      22.3       3.0      22.5
       -.8      18.0       3.0       7.4
       -.8      16.5       2.9       5.3
 56961   .022972  -.964827  -.261882
  99657.0  13047.1      -.2     43.3     75.8     28.9
      -.2     86.6     76.8     19.8  60557.2  62112.8
     -11.3      46.1       4.0      71.9
       -.8      22.9       3.1      21.8
       -.5      18.0       3.1       7.8
       -.9      16.9       3.0       5.7
 56962   .000000  -.965081  -.261951
  99936.5  13111.1      -.2     43.3     75.8     28.9
      -.2     86.6     76.7     13.1  59162.8  61654.3
     -10.8      47.0       6.9      69.7
       -.7      22.7       2.2      20.3
       -.7      18.0       2.6       8.2
       -.4      16.5       2.8       6.2
 56963  -.022972  -.964827  -.261882
  99657.6  13110.0      -.2     43.3     75.8     28.9
      -.2     86.6     76.4      6.6  59171.8  60672.5
      -9.4      46.3       2.4      70.1
      -1.1      22.8       1.8      21.0
       -.7      17.8       2.1       7.8
       -.8      16.8       2.1       6.4
 56964  -.045908  -.964064  -.261674
 100162.6  13089.0      -.2     43.3     75.8     28.9
      -.2     86.6     75.3      2.6  60076.9  61543.5
     -11.8      52.3       1.1      68.5
       -.7      23.0       1.9      20.8
       -.7      18.1       1.6       7.8
       -.4      16.9       1.6       6.6
 56965  -.068771  -.962796  -.261330
 100030.7  13094.2      -.2     43.3     75.8     28.9
      -.2     86.6     75.8     57.7  58997.8  61076.7
      -9.2      47.6       2.9      65.6
      -1.0      22.4       1.8      19.4
       -.4      17.7       2.0       8.9
      -1.3      16.7       1.6       6.9
 56966  -.091527  -.961030  -.260851
 100068.7  13156.0      -.2     43.3     75.8     28.9
      -.2     86.6     75.8     57.7  59867.8  61444.5
      -9.1      51.2       1.1      64.5
      -1.4      22.2       1.7      19.2
       -.7      18.1       1.6       9.2
       -.9      16.8       1.6       7.5
 56967  -.136577  -.956038  -.259496
 100574.8  13295.8      -.2     43.3     75.8     28.9
      -.2     86.6     75.8     57.7  60118.8  62105.0
     -10.5      49.1        .2      55.0
       -.8      23.2        .7      18.0
       -.5      17.8        .8       9.2
       -.7      16.7        .6       7.7
 56968  -.180796  -.949177  -.257634
 101218.2  13249.9      -.2     43.3     75.8     28.9
      -.2     86.6     75.8     57.7  60918.8  62209.3
      -8.6      46.2      -3.0      54.4
      -1.2      23.5        .4      18.6
       -.5      18.1        .9      10.2
       -.6      16.9       1.0       8.8
 56969  -.223945  -.940570  -.255298
 102573.6  13348.9      -.2     43.3     75.8     28.9
      -.2     86.6     75.8     57.7  61330.2  62673.9
      -9.8      49.0      -1.8      50.1
      -1.2      22.7       -.2      17.4
       -.5      17.8        .3      10.2
       -.6      17.0        .2       9.1
 56970  -.265817  -.930361  -.252527
 103528.0  13448.7      -.2     43.3     75.8     28.9
      -.2     86.6     75.8     57.7  61767.1  63624.1
     -11.4      51.0      -3.5      47.1
      -1.2      22.7        .2      18.1
       -.4      17.9        .3      11.5
       -.9      16.7        .1       9.9
 56971  -.306238  -.918714  -.249365
 104904.4  13543.0      -.2     43.3     75.8     28.9
      -.2     86.6     75.8     57.7  62810.8  65044.4
     -10.9      51.0      -4.4      48.7
      -1.3      22.8       -.5      17.5
       -.1      17.8        .1      11.5
       -.5      16.7       -.1      10.3
 56972  -.345068  -.905804  -.245861
 106341.2  13527.1      -.2     43.3     75.8     28.9
      -.2     86.6     75.8     57.7  64295.1  66053.3
      -4.8      45.4      -1.8      41.8
      -1.0      22.5       -.4      18.3
       -.3      17.6        .0      12.4
       -.8      16.3       -.4      10.8
 56973  -.382204  -.891810  -.242063
 108053.0  13423.8      -.2     43.3     75.8     28.9
      -.2     86.6     75.8     57.7  65441.2  67283.9
      -8.4      49.0      -5.7      40.6
      -1.1      23.3       -.6      18.4
       -.2      17.8       -.1      12.8
       -.4      16.3       -.3      11.5
 56974  -.417577  -.876913  -.238019
 109694.9  13194.9      -.2     43.3     75.8     28.9
      -.2     86.6     75.8     57.7  64988.3  66562.7
      -8.3      50.0      -5.8      42.5
      -1.1      23.6       -.7      18.7
       -.5      17.3       -.3      13.1
       -.5      16.8       -.4      11.8
 56975  -.451149  -.861285  -.233777
 111942.0  13031.3      -.2     43.3     75.8     28.9
      -.2     86.6     75.8     57.7  65730.3  67822.1
     -12.5      54.2      -4.4      40.9
       -.8      23.4       -.9      18.8
       -.1      17.1       -.3      13.6
       -.9      16.3       -.6      12.9
 56976  -.482910  -.845093  -.229382
 114087.5  12899.1      -.2     43.3     75.8     28.9
      -.2     86.6     75.8     57.7  69319.8  71369.2
     -13.0      52.1      -6.9      39.8
       -.5      22.7       -.6      18.3
       -.4      17.4       -.5      13.9
       -.5      15.8       -.7      12.5
 56977   .337328  -.927651  -.160231
 163141.4  13943.4      -.2     43.3     75.8     28.9
      -.2     86.6     75.8     57.7 102622.9 105119.7
      -5.3      45.6        .9      61.0
      -1.4      23.0       1.9      25.5
       -.7      17.8       1.1      10.9
       -.6      16.7        .9       8.4
 56978   .312066  -.936198  -.161707
 161859.0  13810.7      -.2     43.3     75.8     28.9
      -.2     86.6     75.8     57.7 100529.6 103284.8
      -8.1      47.7       7.8      67.4
      -1.3      23.7       2.1      26.9
       -.9      17.9       1.2      10.7
       -.3      16.7       1.1       8.2
 56979   .286124  -.944211  -.163091
 160434.5  13682.6      -.2     43.3     75.8     28.9
      -.2     86.6     75.8     57.7 101029.8 103194.6
      -8.0      45.9       5.1      69.4
      -1.1      23.8       3.1      27.4
       -.5      18.0       1.6      11.1
       -.9      16.8       1.7       7.8
 56980   .259539  -.951641  -.164374
 158831.9  13606.5      -.2     43.3     75.8     28.9
      -.2     86.6     75.8     57.7 100131.5 102653.1
     -11.5      45.9      15.7      77.2
      -1.5      23.2       3.0      29.8
       -.4      18.0       1.8       9.6
        .0      17.0       1.6       7.3
 56981   .232349  -.958440  -.165549
 158129.9  13469.6      -.2     43.3     75.8     28.9
      -.2     86.6     75.8     57.7  98260.5 101090.4
     -10.6      48.5      12.1      88.6
      -1.5      24.0       3.5      30.2
       -.8      17.9       2.5       9.7
       -.5      17.0       2.5       6.8
 56982   .204604  -.964562  -.166606
 157171.9  13370.3      -.2     43.3     75.8     28.9
      -.2     86.6     74.5      4.8  98660.4 101193.2
     -10.4      47.5      11.2      93.9
      -1.7      24.0       2.8      32.1
       -.7      17.8       2.5      10.0
       -.3      17.0       2.6       6.5
 56983   .176357  -.969963  -.167539
 156492.3  13323.9      -.2     43.3     75.8     28.9
      -.2     86.6     74.1     17.9  97320.5 100003.4
      -8.7      47.3      10.4      98.5
      -1.9      25.3       4.4      33.5
       -.7      18.2       3.9       9.1
       -.8      17.0       4.1       6.0
 56984   .147667  -.974605  -.168341
 155670.7  13293.8      -.2     43.3     74.1     10.9
      -.2     86.6     73.8     31.4  97261.6 100248.4
     -11.3      51.4      12.2     106.0
      -1.3      23.6       3.4      37.8
       -.6      18.0       3.4       9.1
       -.7      16.4       3.3       6.3
 56985   .118600  -.978453  -.169006
 154652.3  13254.3      -.2     43.3     73.3     16.0
      -.2     86.6     73.6     44.3  96651.3 100139.7
     -12.0      53.5       7.5     110.4
      -1.4      23.2       2.9      50.5
       -.4      17.9       3.2      13.2
       -.3      16.7       3.4       4.7
 56986   .089225  -.981478  -.169528
 154155.2  13202.7      -.2     43.3     79.8     21.3
      -.2     86.6     79.8     49.5  95627.3  98286.1
     -14.5      54.4       1.9     124.0
      -1.1      22.9       4.6      65.3
       -.8      18.0       4.1      21.0
       -.9      16.5       3.0      11.8
 56987   .059616  -.983656  -.169904
 153920.6  13170.3      -.2     43.3     78.5     10.0
      -.2     86.6     78.6     38.4  96536.8  99087.9
      -9.8      49.1       5.8     108.4
      -1.0      23.5       3.7      42.4
       -.4      18.0       2.8      11.5
       -.2      16.8       2.8       5.9
 56988   .044746  -.984421  -.170036
 153540.0  13241.6      -.2     43.3     78.0      3.7
      -.2     86.6     78.1     32.2  96250.5  98557.2
     -10.6      46.1       9.6     100.4
      -1.5      23.0       2.8      35.6
       -.5      17.9       2.7      10.6
       -.8      16.7       2.6       5.9
 56989   .029848  -.984969  -.170131
 154098.2  13162.1      -.2     43.3     75.8     28.9
      -.2     86.6     77.6     25.5  97068.7  98810.8
     -10.1      49.2       5.1     100.9
      -1.7      24.1       2.8      36.4
       -.5      18.1       3.1       8.8
       -.9      17.0       3.0       5.4
 56990   .014929  -.985299  -.170188
 153873.5  13112.6      -.2     43.3     75.8     28.9
      -.2     86.6     77.4     18.9  95317.8  98570.1
     -14.7      52.3       8.4     100.6
      -1.4      23.3       3.0      30.7
       -.8      18.3       3.3       9.9
       -.9      16.9       3.1       5.6
 56991   .000000  -.985408  -.170207
 153435.2  13241.2      -.2     43.3     75.8     28.9
      -.2     86.6     77.3     12.0  96702.9  98873.0
     -10.6      53.9       5.4      95.6
      -1.7      24.1       2.3      30.3
       -.6      18.2       2.8       8.8
       -.9      17.1       2.7       5.9
 56992  -.014929  -.985299  -.170188
 153868.7  13051.5      -.2     43.3     75.8     28.9
      -.2     86.6     77.1      5.6  95994.6  98269.9
     -10.3      49.8      -1.9      88.0
      -1.5      23.3       2.3      27.4
      -1.1      18.1       1.9       9.8
       -.5      17.3       2.0       5.9
 56993  -.029848  -.984969  -.170131
 153777.8  13152.2      -.2     43.3     75.8     28.9
      -.2     86.6     75.8     57.7  96741.6  98686.6
      -7.8      48.2       1.3      81.5
      -1.4      23.1       1.4      27.0
       -.8      18.3       1.8       8.6
       -.8      17.1       1.6       5.8
 56994  -.044746  -.984421  -.170036
 153739.3  13130.8      -.2     43.3     75.8     28.9
      -.2     86.6     75.8     57.7  96383.7  99058.6
     -11.7      49.2       9.1      78.7
      -1.6      23.6       1.9      26.4
       -.7      18.0       2.1       8.9
       -.6      17.3       2.2       6.2
 56995  -.059616  -.983656  -.169904
 154279.3  13106.5      -.2     43.3     75.8     28.9
      -.2     86.6     75.8     57.7  96688.5  99770.1
     -10.5      51.9       2.6      74.2
      -1.3      23.7       1.8      27.3
       -.7      18.0       1.7       9.3
       -.7      17.1       1.7       6.6
 56996  -.089225  -.981478  -.169528
 154517.7  13211.1      -.2     43.3     75.8     28.9
      -.2     86.6     75.8     57.7  95152.7  98402.6
     -11.9      49.7       -.4      78.2
      -1.6      23.4        .6      22.8
       -.3      17.9        .8       8.5
       -.7      17.1        .7       6.3
 56997  -.118600  -.978453  -.169006
 154769.5  13238.3      -.2     43.3     75.8     28.9
      -.2     86.6     75.8     57.7  95558.2  97755.5
     -10.1      49.3        .9      71.0
      -1.4      23.7        .7      21.4
       -.6      18.3        .9       9.2
       -.9      17.5        .9       7.3
 56998  -.147667  -.974605  -.168341
 155375.5  13225.4      -.2     43.3     75.8     28.9
      -.2     86.6     75.8     57.7  97776.9  99976.1
      -8.3      49.7      -1.5      60.5
      -1.1      24.0       -.2      20.7
       -.4      18.3        .3       9.1
       -.6      17.0        .1       7.2
 56999  -.176357  -.969963  -.167539
 156195.0  13233.9      -.2     43.3     75.8     28.9
      -.2     86.6     75.8     57.7  96938.4  99300.5
     -11.0      52.8      -2.2      60.5
      -1.5      23.9       -.1      21.1
       -.9      18.3        .4      10.0
       -.3      17.1        .4       8.2
 57000  -.204604  -.964562  -.166606
 157011.2  13401.7      -.2     43.3     75.8     28.9
      -.2     86.6     75.8     57.7  98703.0 100972.1
     -11.5      51.4      -5.2      55.7
      -1.2      23.6       -.5      20.1
       -.4      18.3       -.2       9.6
       -.7      17.2       -.2       8.1
 57001  -.232349  -.958440  -.165549
 158396.2  13448.7      -.2     43.3     75.8     28.9
      -.2     86.6     75.8     57.7  97324.1 100824.2
      -8.7      45.7      -3.6      49.8
      -1.4      24.3       -.4      20.2
       -.8      18.1       -.1      10.6
       -.9      17.1        .1       9.1
 57002  -.259539  -.951641  -.164374
 158913.3  13530.1      -.2     43.3     75.8     28.9
      -.2     86.6     75.8     57.7  99105.5 101527.1
     -10.1      52.5      -4.9      45.8
      -1.7      23.8      -1.2      19.6
       -.5      18.1       -.3      10.4
       -.8      17.0       -.5       8.9
 57003  -.286124  -.944211  -.163091
 160612.6  13532.6      -.2     43.3     75.8     28.9
      -.2     86.6     75.8     57.7 100114.4 103774.7
      -9.6      51.1      -3.3      42.7
      -1.6      24.0      -1.0      19.3
       -.4      18.0       -.1      11.1
       -.9      16.9       -.5       9.6
 57004  -.312066  -.936198  -.161707
 162083.1  13741.7      -.2     43.3     75.8     28.9
      -.2     86.6     75.8     57.7  99615.3 103117.9
     -12.1      51.6      -8.9      46.5
      -1.1      23.8       -.9      17.3
       -.9      18.2       -.7      11.2
       -.3      17.0       -.5       9.7
 57005  -.337328  -.927651  -.160231
 163266.1  13769.4      -.2     43.3     75.8     28.9
      -.2     86.6     75.8     57.7 103883.6 106158.3
     -12.6      53.6      -6.0      38.8
      -1.3      23.3      -1.3      18.5
       -.4      17.5       -.5      11.8
       -.5      17.1       -.5      10.5
