OCR_prd2017blk:newR11@-150V,3.8T@20d,263K,rhe=1.10,rhh=0.7,0.00/0.00            
   250   1  3.80  28   3  29   3  150.00  263.00     .00 1.00000  1000.0   37.74  -29.53  150.  100.  290.  1000.0   18.87  -14.77    1.50    1.00     .85
 53551  -.105170   .946530  -.304993
  87965.7  13844.2     18.9     43.3    -14.4     10.8
     18.9     86.6    -14.4     39.0  51752.5  53138.5
       9.3      51.1      -8.3      77.5
        .8      24.0       -.3      20.2
        .0      18.5        .1       5.8
        .2      17.8        .1       4.4
 53552  -.113613   .937303  -.329476
  81433.0  14064.7     18.9     43.3    -14.3     11.1
     18.9     86.6    -14.4     39.4  47402.4  48675.0
      10.0      51.9      -8.9      76.7
        .4      23.7       -.9      20.7
       -.1      18.2        .2       5.1
        .0      16.6        .1       4.7
 53553  -.123410   .925573  -.357888
  74914.0  14163.1     18.9     43.3    -14.5     11.2
     18.9     86.6    -14.6     39.5  43258.5  44542.3
       9.0      50.3     -12.6      74.1
        .7      23.3       -.6      16.8
        .2      18.1       -.1       5.8
        .2      17.1        .1       4.8
 53554  -.134874   .910397  -.391134
  68573.6  14521.9     18.9     43.3    -14.6     11.5
     18.9     86.6    -14.7     39.6  39200.2  40319.1
       9.2      52.8     -11.6      74.5
        .5      22.1       -.4      14.5
        .1      17.9        .1       5.5
        .2      16.4        .1       4.9
 53555  -.148397   .890380  -.430350
  62481.1  14898.5     18.9     43.3    -14.5     11.5
     18.9     86.6    -14.6     39.9  34589.5  35750.9
       9.8      55.7      -7.3      63.5
        .0      23.0       -.1      13.6
        .2      17.7        .2       5.5
        .3      16.7        .2       5.1
 53556  -.164460   .863416  -.476934
  56231.5  15323.3     18.9     43.3    -14.8     11.8
     18.9     86.6    -14.6     40.1  31115.6  31833.9
       7.6      52.3      -4.7      64.1
        .4      22.2        .0      13.2
       -.1      17.5        .2       5.6
        .3      15.8        .2       5.1
 53557  -.183618   .826279  -.532491
  50584.0  16210.4     18.9     43.3    -14.6     12.0
     18.9     86.6    -14.6     40.2  27731.3  28522.9
       8.3      54.1      -5.5      57.5
        .3      22.4       -.2      12.0
        .1      16.6        .0       6.6
        .2      15.3        .0       5.2
 53558  -.206405   .774019  -.598575
  45176.8  17425.1     18.9     43.3    -14.8     12.2
     19.1      7.5    -14.7     40.6  23735.2  24389.6
       7.2      55.7      -4.8      57.2
        .6      22.4        .1      10.1
        .3      16.9        .1       6.0
        .1      15.6        .1       5.3
 53559  -.233063   .699189  -.675882
  40185.9  19943.3     18.9     43.3    -14.6     12.7
     19.0     22.9    -14.6     40.9  20202.7  21339.3
       7.5      58.5      -5.4      56.4
        .3      27.6       -.1       9.7
        .5      18.1        .1       6.0
        .4      14.9        .1       5.5
 53560  -.262862   .591440  -.762300
  35752.0  23912.5     19.6      5.0    -14.6     13.1
     18.9     42.0    -14.6     41.2  17779.6  18541.0
       5.1      54.3      -7.6      53.2
        .5      21.1       -.2       9.4
        .1      13.9        .1       6.0
        .2      11.1        .1       5.5
 53561  -.292854   .439281  -.849276
  32050.4  26688.5     18.8     17.8    -14.5     13.2
     19.0     60.5    -14.6     41.6  15391.0  16313.2
       4.7      51.0      -5.2      47.3
        .4      12.8        .0       9.6
        .4       8.6        .0       6.1
        .3       7.1        .1       5.6
 53562  -.316664   .237498  -.918324
  29811.0  24783.6     18.9     35.3    -14.6     13.3
     18.9     78.4    -14.5     41.8  14392.4  15002.0
       1.8      63.5      -4.7      45.0
        .3       7.5       -.1       9.2
        .0       5.0        .3       6.2
        .0       5.0        .1       5.4
 53563  -.325991   .000000  -.945373
  28925.0  24227.6     18.8     33.3    -14.6     13.4
     18.8     76.5    -14.5     41.9  13943.9  14463.7
      -1.7      59.2      -4.7      45.6
        .0       6.4        .0       8.8
        .1       5.0        .2       6.2
        .2       5.0        .0       5.4
 53564  -.323582  -.121343  -.938387
  29115.7  24125.5     18.9     24.8    -14.6     13.5
     18.8     67.6    -14.6     41.8  14042.1  14520.5
      -3.6      52.2      -2.7      42.3
       -.3       9.8        .0       8.8
        .2       6.5        .2       6.2
        .4       5.9        .1       5.4
 53565  -.316664  -.237498  -.918324
  29646.5  24727.2     19.0     16.5    -14.6     13.4
     18.8     59.0    -14.6     42.0  14163.4  14730.9
      -3.5      48.7      -3.7      46.0
        .1      13.5        .0       9.0
        .2       9.0        .2       6.2
        .2       7.9        .1       5.3
 53566  -.306058  -.344315  -.887567
  30497.1  24136.3     19.2      9.4    -14.5     14.1
     18.9     49.9    -14.7     41.5  14739.5  15323.5
      -3.4      47.1      -3.1      47.6
       -.2      16.9        .0       8.6
        .1      11.6        .0       6.0
        .1      10.0        .0       5.3
 53567  -.292854  -.439281  -.849276
  31871.1  21588.2     21.1      9.2    -14.6     12.9
     19.2     41.0    -14.5     41.4  15380.9  16154.0
      -3.7      52.6      -3.2      48.2
       -.4      22.0       -.1       8.7
        .1      14.3        .1       5.8
        .2      12.3        .1       5.2
 53568  -.278147  -.521525  -.806626
  33453.6  19187.3     18.9     43.3    -14.4     12.8
     19.0     31.7    -14.4     41.0  16637.7  17321.8
      -6.1      57.7      -1.4      49.5
       -.4      26.3       -.2       8.7
        .0      17.3        .1       5.7
        .4      14.5        .2       5.1
 53569  -.262862  -.591440  -.762300
  35423.9  17344.6     18.9     43.3    -14.6     12.6
     18.8     22.5    -14.5     41.1  17727.8  18484.5
      -4.3      56.4      -1.7      50.8
       -.2      27.8        .0       9.0
        .0      18.3        .1       5.6
        .4      15.7        .1       4.8
 53570  -.233063  -.699189  -.675882
  39813.8  15505.2     18.9     43.3    -14.4     12.3
     19.5     10.3    -14.4     40.7  20570.1  21317.8
      -7.4      51.0      -1.0      51.8
       -.3      23.4        .0       8.9
        .2      18.3        .2       5.2
        .1      17.7        .1       4.5
 53571  -.206405  -.774019  -.598575
  44789.5  14290.5     18.9     43.3    -14.3     11.8
     18.9     86.6    -14.3     40.3  23897.5  24614.0
      -6.9      51.1      -1.0      55.3
       -.3      22.5       -.1       9.9
        .3      17.1        .0       4.9
        .2      16.6        .2       4.2
 53572  -.183618  -.826279  -.532491
  50574.7  13744.2     18.9     43.3    -14.3     11.4
     18.9     86.6    -14.4     39.9  27390.1  28217.8
      -6.7      49.0       -.6      60.8
       -.3      23.0        .0      10.5
       -.1      18.9        .1       4.6
        .3      17.8        .1       3.9
 53573  -.164460  -.863416  -.476934
  56232.6  13319.5     18.9     43.3    -14.2     11.0
     18.9     86.6    -14.2     39.6  31014.0  32095.1
      -8.8      51.9        .5      62.6
       -.3      23.3        .2      12.0
        .0      18.6        .1       4.6
        .0      17.7        .1       3.7
 53574  -.148397  -.890380  -.430350
  62242.2  13125.4     18.9     43.3    -14.2     10.8
     18.9     86.6    -14.1     39.2  34714.6  35689.9
      -6.8      50.3       4.3      66.0
       -.4      23.4        .4      14.4
       -.1      19.1        .0       4.3
        .1      17.9        .1       3.4
 53575  -.134874  -.910397  -.391134
  68663.4  12986.9     18.9     43.3    -14.1     10.6
     18.9     86.6    -14.0     39.0  39429.4  40383.5
      -8.4      48.1       2.2      68.1
       -.5      23.6        .2      14.5
        .1      18.8        .0       4.3
        .2      18.1        .0       3.3
 53576  -.123410  -.925573  -.357888
  75078.6  12932.2     18.9     43.3    -14.1     10.4
     18.9     86.6    -14.2     38.9  43354.2  44633.7
      -8.9      49.8       1.6      74.0
       -.6      23.3        .0      17.4
        .1      19.4        .2       4.1
       -.1      18.3        .1       3.1
 53577  -.113613  -.937303  -.329476
  81435.5  12908.6     18.9     43.3    -14.1     10.2
     18.9     86.6    -14.3     38.7  47904.4  49176.5
      -7.9      48.0       5.7      73.3
       -.1      23.9        .0      20.8
        .0      19.1        .1       4.6
       -.2      18.3        .1       3.4
 53578  -.105170  -.946530  -.304993
  88168.6  12832.0     18.9     43.3    -14.2     10.0
     18.9     86.6    -14.2     38.6  52006.3  53501.7
     -10.1      49.5       2.9      80.1
       -.9      23.8        .4      20.1
       -.1      19.6        .1       5.1
       -.2      18.2        .1       3.0
 53579   .863216  -.064741  -.500666
  53605.9   9076.6     18.8     23.0    -14.8     28.9
     18.9     66.1    -14.8     57.7  29439.0  30433.8
       5.2      61.0       6.3      39.7
        .3      11.2        .1      22.8
        .1       5.0       -.1      17.4
        .0       5.0        .1      16.7
 53580   .838516  -.069876  -.540377
  49626.1   9239.0     18.7     23.3    -14.8     28.9
     18.7     66.0    -14.8     57.7  27365.5  28315.8
       1.4      58.6       5.3      41.4
       -.1       9.9        .4      23.3
        .2       5.4        .1      17.1
       -.1       5.0        .2      15.8
 53581   .807288  -.075683  -.585284
  45782.4   9425.1     18.6     23.3    -14.8     28.9
     18.7     66.5    -14.8     57.7  24653.1  25470.1
       2.8      58.6       6.2      41.8
       -.3       9.6        .7      21.6
       -.1       5.2        .2      16.6
        .1       5.0        .0      16.0
 53582   .767414  -.082223  -.635858
  42186.3   9851.9     18.7     23.5    -14.8     28.9
     18.8     66.8    -14.8     57.7  21998.9  23020.6
       3.0      58.3       6.3      44.1
       -.1      10.1        .8      22.4
        .1       5.5       -.3      16.6
       -.1       5.0        .3      14.9
 53583   .716102  -.089513  -.692232
  38672.5  10462.9     18.7     23.9    -14.8     28.9
     18.7     66.9    -14.8     57.7  20050.9  20593.7
       2.2      55.6       6.3      41.5
       -.2      10.1        .4      21.4
       -.1       5.6        .2      15.3
        .2       5.0        .1      14.9
 53584   .649830  -.097475  -.753803
  35592.8  11249.9     19.0     24.3    -14.8     28.9
     18.9     67.2    -14.8     57.7  18218.8  18725.1
       2.5      55.0       5.0      46.2
       -.5      10.0        .4      21.5
        .0       6.0       -.1      15.0
        .1       5.1       -.1      13.9
 53585   .564543  -.105852  -.818588
  32800.3  12465.7     19.0     24.3    -14.8     28.9
     18.9     67.4    -14.7      8.7  15823.9  16447.4
        .9      53.7       3.5      41.0
        .0       9.5        .4      18.7
        .0       6.1        .1      13.4
        .2       5.4        .0      12.5
 53586   .456422  -.114106  -.882416
  30410.2  14766.5     19.2     24.6    -14.8     28.9
     19.1     67.8    -14.6     15.6  14771.0  15395.5
       1.5      53.3       3.8      41.2
       -.3       9.6        .7      18.8
        .0       6.2        .3      12.8
        .1       5.5       -.1      11.5
 53587   .323582  -.121343  -.938387
  28838.3  19099.8     18.8     24.9    -15.3      6.8
     18.8     68.0    -14.4     27.0  13824.9  14425.1
        .3      54.6       2.6      40.8
       -.1       9.6        .4      15.1
        .3       6.5        .1      10.4
        .2       5.6        .1       9.0
 53588   .168544  -.126408  -.977555
  27721.3  23050.5     18.6     25.1    -14.6     10.6
     18.7     68.1    -14.4     38.7  13064.8  13735.8
        .5      48.8       1.6      40.4
       -.1       9.2        .4      10.6
        .3       6.5        .0       7.1
        .2       5.7        .0       6.5
 53589   .000000  -.128243  -.991743
  27590.4  22856.6     18.5     24.9    -14.7     21.5
     18.5     68.0    -14.6     50.1  12951.3  13422.1
       -.5      49.7       3.9      59.3
       -.2       9.3        .4       7.3
        .2       6.7        .2       4.4
        .1       5.8        .2       4.2
 53590  -.085184  -.127776  -.988138
  27736.2  22968.3     18.9     24.8    -14.7     27.0
     18.9     67.9    -14.7     55.6  13281.0  13775.3
      -1.4      50.9      -2.5      68.8
        .0       9.3        .6       9.9
        .1       6.6       -.1       3.7
        .3       5.7       -.1       3.4
 53591  -.168544  -.126408  -.977555
  28048.4  23183.4     19.0     24.8    -14.7     24.3
     18.9     67.9    -14.7     53.0  13434.3  14115.7
      -5.6      49.8      -2.4      64.4
        .0       9.5        .3       7.6
        .3       6.6        .3       3.0
        .2       5.8        .2       3.0
 53592  -.248443  -.124222  -.960648
  28449.9  23633.2     18.9     24.7    -14.6     19.0
     18.9     67.9    -14.6     47.5  13565.5  13999.8
      -2.5      48.3      -3.7      52.5
       -.1      10.2        .3       6.4
        .1       6.7        .1       4.5
        .1       5.9        .1       4.1
 53593  -.323582  -.121343  -.938387
  29138.0  24269.8     19.0     24.8    -14.6     13.4
     19.0     68.1    -14.6     41.8  14202.7  14746.1
      -1.7      53.4      -3.5      45.4
        .0       9.6        .0       8.7
        .2       6.6        .2       6.1
        .2       5.7        .2       5.4
 53594  -.393068  -.117920  -.911917
  30038.0  23615.2     19.1     24.7    -14.5      8.1
     18.9     67.9    -14.5     36.0  14552.2  14947.1
      -6.3      56.1      -4.8      46.1
       -.2       9.8        .1      11.7
        .1       6.5        .1       7.8
        .1       5.8       -.1       6.6
 53595  -.456422  -.114106  -.882416
  30716.2  20878.4     18.9     24.5    -15.3     16.8
     18.8     67.7    -14.7     29.9  14924.3  15531.8
      -4.8      49.6      -4.2      42.6
       -.2       9.9       -.1      14.0
        .0       6.6       -.2       9.2
        .2       5.8        .1       7.8
 53596  -.513527  -.110042  -.850988
  31676.8  18065.1     19.0     24.7    -14.8     28.9
     19.0     67.6    -14.3     23.8  15820.6  16310.9
      -3.7      50.5      -5.9      42.3
        .1       9.9       -.3      16.9
        .3       6.6        .1      11.0
        .3       5.9        .3       9.4
 53597  -.564543  -.105852  -.818588
  32912.3  16118.8     19.1     24.5    -14.8     28.9
     19.1     67.4    -14.6     17.9  16365.7  16984.9
      -5.7      54.3      -5.2      44.7
        .1       9.4       -.4      18.2
        .3       6.5        .1      12.3
        .2       5.8       -.1      10.4
 53598  -.649830  -.097475  -.753803
  35619.7  13769.0     18.6     24.0    -14.8     28.9
     18.6     67.0    -14.4      7.8  17753.6  18515.8
      -3.5      54.8      -5.5      44.2
       -.2      10.2       -.2      18.6
        .4       6.2        .3      12.8
        .2       5.7        .1      11.5
 53599  -.716102  -.089513  -.692232
  38528.5  12289.2     18.8     24.0    -14.8     28.9
     18.8     67.0    -14.8     57.7  20177.4  20793.8
      -6.8      54.9      -5.6      45.5
       -.2       9.7       -.1      20.2
        .2       6.1        .0      13.9
        .1       5.5        .1      12.0
 53600  -.767414  -.082223  -.635858
  42088.0  11410.7     19.0     23.7    -14.8     28.9
     18.9     66.7    -14.8     57.7  22018.6  22689.1
      -4.8      58.9      -6.8      44.1
       -.1      10.3        .1      20.9
        .2       5.9        .3      15.0
        .1       5.4        .4      13.4
 53601  -.807288  -.075683  -.585284
  45698.7  10780.9     19.0     23.9    -14.8     28.9
     19.0     66.5    -14.8     57.7  24665.2  25490.3
      -3.6      60.3      -5.6      42.8
       -.1      10.7       -.1      21.1
        .2       5.9        .2      15.1
        .2       5.3        .3      13.3
 53602  -.838516  -.069876  -.540377
  49442.5  10387.2     19.2     23.3    -14.8     28.9
     19.1     66.2    -14.8     57.7  26943.3  27892.9
      -3.1      59.6      -5.2      42.8
        .1      10.5        .3      22.2
        .0       5.8        .0      16.0
        .1       5.1        .1      14.4
 53603  -.863216  -.064741  -.500666
  53356.8  10022.2     18.7     22.9    -14.8     28.9
     18.7     66.1    -14.8     57.7  29744.8  30731.2
      -4.6      59.2      -7.0      43.6
        .0      11.8       -.1      22.3
        .1       5.7        .5      15.8
        .0       5.0        .3      14.0
 53604  -.882965  -.060202  -.465563
  57537.8   9836.0     18.7     22.9    -14.8     28.9
     18.9     65.8    -14.8     57.7  32623.9  33384.1
      -5.5      66.1      -6.7      41.5
        .1      12.4        .0      22.9
        .1       5.7        .5      17.2
        .1       5.0        .1      15.3
 53605  -.898927  -.056183  -.434481
  61508.2   9618.7     18.8     23.1    -14.8     28.9
     18.8     65.6    -14.8     57.7  34984.6  36162.6
      -4.5      60.8      -6.6      41.4
       -.2      12.1        .1      22.5
        .0       5.5        .4      16.4
        .0       5.0        .4      14.6
 53606  -.911966  -.052613  -.406877
  65999.2   9595.0     18.8     22.5    -14.8     28.9
     18.8     65.3    -14.8     57.7  37949.9  39060.8
      -5.6      67.8      -7.7      41.7
       -.2      12.4       -.1      23.2
        .1       5.4        .2      17.4
        .0       5.0        .2      15.9
 53607  -.922727  -.049432  -.382272
  69800.6   9357.9     18.9     22.3    -14.8     28.9
     18.8     65.3    -14.8     57.7  40525.7  41725.5
      -5.0      66.2      -6.6      39.0
       -.3      14.7       -.2      22.5
        .0       5.5        .1      16.8
        .0       5.0        .2      14.9
 53608   .806111  -.362750  -.467544
  57112.5  10027.7     18.9     43.3    -14.8     28.9
     18.6     18.2    -14.8     57.7  31764.2  32575.6
      -4.3      57.3       6.8      40.6
        .4      24.7       -.1      22.4
        .1      16.2        .3      17.4
        .2      13.5        .2      16.7
 53609   .774912  -.387456  -.499388
  53594.3  10338.1     18.9     43.3    -14.8     28.9
     19.1     18.7    -14.8     57.7  29519.9  30370.1
      -3.1      61.1       6.0      43.4
       -.3      25.5        .4      22.4
       -.1      16.2        .3      16.9
        .1      13.7        .0      15.6
 53610   .736803  -.414452  -.534182
  50051.6  10896.4     18.9     43.3    -14.8     28.9
     19.1     19.4    -14.8     57.7  26646.9  27670.3
       -.6      60.4       6.3      41.5
       -.2      25.5        .9      21.7
       -.3      16.5        .7      16.3
        .0      14.0        .0      15.5
 53611   .690099  -.443635  -.571796
  46632.1  11421.5     18.9     43.3    -14.8     28.9
     18.4     20.0    -14.8     57.7  24743.9  25585.0
       -.1      60.9       7.4      43.0
       -.4      25.7        .5      21.5
        .1      16.8        .1      15.8
        .1      14.5        .1      14.9
 53612   .632842  -.474632  -.611748
  43792.0  12359.5     18.9     43.3    -14.8     28.9
     18.7     20.6    -14.8     57.7  22741.3  23499.8
      -2.6      59.8       7.3      44.1
        .0      26.7        .5      20.0
        .4      16.9        .0      14.6
        .2      14.9        .2      14.1
 53613   .562936  -.506642  -.653006
  40724.0  13523.6     18.9     43.3    -14.8     28.9
     18.6     21.3    -14.8     57.7  21439.2  22068.0
      -3.4      58.4       6.5      43.0
        .5      26.4        .0      20.2
       -.3      17.5        .2      14.5
        .0      15.0        .2      13.2
 53614   .478468  -.538276  -.693778
  38550.6  15237.6     18.9     43.3    -14.8     28.9
     18.4     21.6    -13.7      8.9  19745.8  20538.9
      -3.8      59.4       6.3      42.5
       -.3      27.1        .6      17.7
        .2      17.8        .0      12.4
        .0      15.2        .1      11.2
 53615   .378295  -.567442  -.731370
  36573.4  16369.4     18.9     43.3    -14.8     28.9
     19.0     22.3    -14.6     14.7  18092.8  19050.0
      -2.0      58.4       3.3      42.8
       -.6      27.5        .5      17.7
        .0      17.8        .0      11.9
        .3      15.7        .1      11.0
 53616   .262862  -.591440  -.762300
  35279.8  16248.7     18.9     43.3    -15.0      7.7
     19.0     22.8    -14.4     25.9  17745.6  18361.2
      -6.2      60.1       6.5      45.1
       -.4      27.7        .1      14.7
        .4      18.9        .0       9.9
        .1      16.1        .0       8.7
 53617   .134975  -.607388  -.782855
  34263.5  16252.1     18.9     43.3    -14.4      9.9
     19.1     22.6    -14.3     38.0  17385.2  18108.8
      -5.0      58.0       2.8      47.0
        .5      28.3        .2       9.9
        .3      18.3       -.1       6.8
        .3      15.6        .0       6.3
 53618   .000000  -.612997  -.790085
  34177.9  16216.5     18.9     43.3    -14.3     21.2
     18.8     22.4    -14.3     49.8  17120.5  17804.7
      -4.3      56.2       4.7      62.1
        .1      28.5        .5       9.6
        .3      18.8        .1       4.7
        .2      15.4        .0       4.2
 53619  -.067953  -.611580  -.788259
  34174.0  16348.4     18.9     43.3    -14.8     25.3
     19.1     22.6    -14.8     53.9  17080.1  17733.2
      -4.6      58.5       -.1      71.9
        .0      27.8       -.2      11.8
        .3      18.3       -.1       3.0
        .4      15.5        .0       3.0
 53620  -.134975  -.607388  -.782855
  34588.5  16635.9     18.9     43.3    -14.1     23.5
     18.9     22.4    -14.1     52.1  17241.2  18082.8
      -5.1      60.5       1.2      70.0
       -.4      28.2        .2       8.8
        .0      18.5        .2       3.0
        .2      15.4        .1       3.0
 53621  -.200196  -.600588  -.774091
  34852.0  17004.6     18.9     43.3    -14.4     18.3
     18.8     22.6    -14.4     46.9  17647.3  18354.8
      -7.8      58.6       -.3      60.7
        .1      28.2        .2       8.2
        .1      18.2        .1       3.7
        .0      15.8        .1       3.3
 53622  -.262862  -.591440  -.762300
  35409.2  17354.7     18.9     43.3    -14.4     12.5
     18.9     22.5    -14.5     41.0  17614.5  18554.3
      -5.1      59.2       -.2      49.9
       -.2      28.1        .2       9.0
        .8      18.2        .2       5.5
        .5      15.7        .2       4.9
 53623  -.322373  -.580271  -.747905
  36273.7  18017.4     18.9     43.3    -14.6      7.3
     18.9     22.5    -14.5     34.9  18063.3  18891.8
      -5.4      59.3      -1.2      47.8
       -.8      28.3       -.1      11.4
        .4      18.7        .2       7.3
        .4      15.6        .2       6.1
 53624  -.378295  -.567442  -.731370
  36908.1  18272.4     18.9     43.3    -14.6      3.7
     19.2     22.1    -14.7     29.1  18782.8  19325.0
      -6.4      58.2      -1.6      45.7
       -.2      28.0       -.4      13.6
        .3      18.3        .1       9.1
        .2      15.5        .1       7.5
 53625  -.430364  -.553325  -.713175
  37668.5  17873.3     18.9     43.3    -14.8     28.9
     19.1     22.1    -14.5     22.9  19406.4  19928.0
      -7.3      56.3      -2.9      44.9
       -.4      27.2       -.3      15.9
        .3      17.7        .3      10.4
        .2      15.4        .0       8.8
 53626  -.478468  -.538276  -.693778
  38698.9  17190.6     18.9     43.3    -14.8     28.9
     19.3     21.9    -14.3     16.9  19891.3  20561.1
      -5.4      57.9      -2.3      44.9
       -.5      27.3       -.4      17.3
        .3      17.9        .1      11.5
        .5      15.2        .1       9.8
 53627  -.562936  -.506642  -.653006
  41061.0  14997.2     18.9     43.3    -14.8     28.9
     19.3     21.4    -14.3      6.7  21075.5  21967.0
      -3.0      56.7      -2.7      45.3
        .3      26.7       -.1      17.6
        .2      17.6        .1      12.1
        .4      15.3        .3      11.1
 53628  -.632842  -.474632  -.611748
  43664.9  13347.4     18.9     43.3    -14.8     28.9
     18.9     20.9    -14.8     57.7  23144.3  24020.2
      -7.9      56.8      -3.8      42.8
       -.3      26.5       -.5      19.8
        .1      17.2        .2      13.7
        .2      14.7        .2      11.7
 53629  -.690099  -.443635  -.571796
  46762.9  12209.8     18.9     43.3    -14.8     28.9
     18.8     20.2    -14.8     57.7  24993.6  25813.5
      -6.3      56.7      -5.1      45.1
       -.3      25.8       -.3      19.2
        .0      16.9        .1      14.2
        .0      14.5        .1      12.9
 53630  -.736803  -.414452  -.534182
  49931.4  11407.7     18.9     43.3    -14.8     28.9
     19.0     19.5    -14.8     57.7  27186.4  28202.5
      -5.5      58.8      -5.8      45.2
       -.7      25.7        .1      20.9
        .2      16.7        .4      15.2
        .2      14.3        .4      13.2
 53631  -.774912  -.387456  -.499388
  53305.7  10894.1     18.9     43.3    -14.8     28.9
     18.6     18.9    -14.8     57.7  29158.8  30178.5
      -7.6      57.6      -5.8      44.1
       -.3      24.8       -.2      21.3
        .3      16.4        .4      15.7
        .0      13.6        .2      14.2
 53632  -.806111  -.362750  -.467544
  57028.8  10428.8     18.9     43.3    -14.8     28.9
     18.9     18.5    -14.8     57.7  32191.9  32921.8
      -7.8      60.1      -6.6      43.6
       -.2      25.2        .2      22.1
        .0      15.9        .3      16.0
        .3      13.5        .5      14.0
 53633  -.831783  -.340275  -.438577
  60907.2  10192.3     18.9     43.3    -14.8     28.9
     18.7     18.0    -14.8     57.7  34470.3  35521.9
      -6.0      60.6      -5.9      44.7
       -.1      24.5        .1      21.9
        .1      15.6        .3      16.7
        .1      13.5        .4      15.3
 53634  -.853040  -.319890  -.412303
  64778.2   9896.9     18.9     43.3    -14.8     28.9
     18.7     17.3    -14.8     57.7  37000.2  37618.9
      -7.6      60.0      -5.6      41.3
       -.6      23.8       -.3      22.1
        .2      15.7        .3      16.3
        .0      13.1        .3      14.7
 53635  -.870759  -.301417  -.388493
  68790.9   9705.6     18.9     43.3    -14.8     28.9
     18.7     16.9    -14.8     57.7  39596.7  40575.9
      -7.4      60.7      -4.4      41.3
       -.7      24.1       -.3      22.7
        .0      15.2        .4      17.0
        .0      13.0        .3      16.0
 53636  -.885633  -.284668  -.366905
  72589.0   9577.5     18.9     43.3    -14.8     28.9
     18.7     16.8    -14.8     57.7  41929.6  43159.0
      -9.5      62.4      -6.1      41.7
       -.3      23.6        .0      22.0
        .4      14.7        .6      16.9
        .0      12.4        .4      14.9
 53637   .467453  -.841416  -.271123
  98437.4  13660.7     18.9     43.3    -14.8     28.9
     18.9     86.6    -14.8     57.7  59226.7  60801.3
      -7.5      49.4       9.4      42.2
       -.8      23.2       1.0      18.0
        .0      18.9        .3      12.3
       -.1      17.8        .2      10.6
 53638   .429723  -.859446  -.276932
  96266.3  13571.0     18.9     43.3    -14.8     28.9
     18.9     86.6    -14.8     57.7  57453.5  58674.1
      -8.0      48.8       8.7      46.9
       -.4      23.0        .5      18.9
       -.3      18.9        .4      12.9
        .0      18.2        .2      11.8
 53639   .389600  -.876600  -.282460
  94592.1  13312.8     18.9     43.3    -14.8     28.9
     18.9     86.6    -14.8     57.7  55942.9  57511.6
      -8.6      48.4       8.5      50.4
       -.6      23.3        .9      17.6
       -.4      19.0        .4      11.6
        .0      18.1        .3      10.0
 53640   .347131  -.892622  -.287623
  92748.0  13083.0     18.9     43.3    -14.8     28.9
     18.9     86.6    -14.8     57.7  54659.8  56021.6
      -8.5      48.3       8.0      49.7
       -.4      23.6        .7      18.0
        .2      19.2        .2      11.7
       -.1      18.1        .3      10.1
 53641   .302414  -.907242  -.292333
  91638.2  13005.2     18.9     43.3    -14.8     28.9
     18.9     86.6    -14.8     57.7  54079.2  55169.8
      -9.8      50.5       9.2      57.3
       -.7      23.8        .9      18.4
       -.3      19.5        .4      10.3
        .2      18.4        .2       8.8
 53642   .255608  -.920190  -.296506
  90176.2  12921.6     18.9     43.3    -14.8     28.9
     18.9     86.6    -14.8     57.7  53445.2  55270.0
      -6.9      49.2       8.5      55.7
       -.8      23.3        .8      17.3
       -.1      19.6        .2      10.3
       -.1      18.1        .2       8.6
 53643   .206935  -.931206  -.300055
  88953.5  12757.2     18.9     43.3    -14.8     28.9
     18.9     86.6    -14.8     57.7  52162.0  53409.4
      -8.1      48.0       9.6      60.2
       -.3      24.0        .8      18.1
       -.4      19.5        .3       8.8
        .1      18.3        .1       7.3
 53644   .156676  -.940054  -.302906
  87943.2  12618.3     18.9     43.3    -14.8     28.9
     18.9     86.6    -14.0      9.4  51455.3  53303.2
      -7.7      47.5       9.4      63.3
       -.1      23.5        .5      16.8
       -.3      19.4        .4       8.4
       -.1      18.1        .2       6.6
 53645   .105170  -.946530  -.304993
  87611.1  12800.4     18.9     43.3    -14.8     28.9
     18.9     86.6    -14.4     22.3  51509.1  53023.2
      -8.7      50.7      10.6      68.8
       -.3      23.6        .6      18.4
       -.1      19.9        .2       7.8
       -.3      18.3        .1       6.4
 53646   .052804  -.950480  -.306266
  87236.5  12614.7     18.9     43.3    -14.5      7.3
     18.9     86.6    -14.3     35.4  51548.1  53135.7
      -8.8      48.1       4.9      74.3
       -.5      23.7       1.2      19.2
        .2      19.9        .2       6.1
       -.1      18.3        .1       4.8
 53647   .000000  -.951808  -.306694
  87174.2  12632.2     18.9     43.3    -15.1     18.7
     18.9     86.6    -15.1     47.4  51708.2  53095.7
     -11.7      48.4       9.2      87.7
       -.5      23.4       1.4      31.1
        .0      19.5        .2       6.0
        .1      18.3        .0       3.0
 53648  -.026430  -.951476  -.306587
  87365.1  12650.8     18.9     43.3    -14.7     24.5
     18.9     86.6    -14.8     53.0  51888.4  53018.2
      -7.3      51.0       6.4      96.4
       -.1      23.4       1.0      42.7
        .0      19.7       -.1       8.5
        .1      18.5       -.2       4.1
 53649  -.052804  -.950480  -.306266
  87491.6  12718.7     18.9     43.3    -14.0     22.2
     18.9     86.6    -14.0     50.7  52290.0  53381.6
     -10.1      48.1       7.4      92.4
       -.4      23.1       2.1      37.2
        .3      19.6        .1       5.7
       -.4      18.5        .3       3.8
 53650  -.079069  -.948828  -.305734
  87668.6  12745.8     18.9     43.3    -14.0     16.2
     18.9     86.6    -14.0     44.9  51732.8  53717.4
     -10.6      51.7       5.1      84.1
       -.5      24.0        .3      27.9
       -.2      19.4        .1       5.2
        .2      18.2        .1       3.0
 53651  -.105170  -.946530  -.304993
  87682.7  12773.8     18.9     43.3    -14.1     10.0
     18.9     86.6    -14.1     38.6  52291.5  53349.7
      -9.1      48.4      11.3      77.5
       -.4      23.4        .8      20.9
        .0      19.7        .1       4.6
        .5      18.3        .1       3.0
 53652  -.131055  -.943599  -.304049
  88327.5  12924.0     18.9     43.3    -14.2      4.1
     18.9     86.6    -14.1     32.0  52227.8  53500.3
      -9.2      48.4       3.7      74.2
       -.7      23.7        .4      18.1
       -.2      19.5        .1       5.2
        .5      18.6        .1       4.0
 53653  -.156676  -.940054  -.302906
  88470.6  12917.0     18.9     43.3    -14.8     28.9
     18.9     86.6    -14.0     25.5  51863.9  53706.9
      -7.7      46.5       1.1      67.2
       -.3      24.0        .6      18.3
        .2      19.8        .0       6.5
        .4      18.8        .1       5.0
 53654  -.181983  -.935915  -.301572
  88862.5  13162.9     18.9     43.3    -14.8     28.9
     18.9     86.6    -14.5     19.1  52293.0  53809.1
     -11.4      47.6       3.6      70.1
       -.5      23.5        .3      18.2
        .3      19.9        .2       7.7
        .0      18.8       -.1       6.1
 53655  -.206935  -.931206  -.300055
  89179.0  13246.3     18.9     43.3    -14.8     28.9
     18.9     86.6    -14.5     12.5  53027.2  54319.1
      -9.4      50.5       1.0      64.9
       -.1      23.8        .2      18.0
        .5      19.7        .2       8.4
       -.6      18.3        .1       6.6
 53656  -.255608  -.920190  -.296506
  90664.4  13427.6     18.9     43.3    -14.8     28.9
     18.9     86.6    -14.9      3.0  53329.7  55051.9
     -11.7      52.6       -.4      61.2
       -.8      24.0        .1      18.3
       -.3      19.8        .1       8.7
        .1      18.8        .2       7.2
 53657  -.302414  -.907242  -.292333
  91455.1  13763.1     18.9     43.3    -14.8     28.9
     18.9     86.6    -14.8     57.7  54089.1  55271.1
      -9.9      50.3       1.3      57.9
       -.4      23.4        .1      18.5
        .1      19.8        .1      10.1
        .2      18.6        .1       8.3
 53658  -.347131  -.892622  -.287623
  93203.3  14008.0     18.9     43.3    -14.8     28.9
     18.9     86.6    -14.8     57.7  54852.4  56584.2
      -7.0      45.6        .4      56.6
       -.1      23.4        .3      17.8
        .1      19.7        .2      10.1
        .4      18.4        .3       8.7
 53659  -.389600  -.876600  -.282460
  94691.8  14211.7     18.9     43.3    -14.8     28.9
     18.9     86.6    -14.8     57.7  56050.4  57787.4
     -10.4      47.3        .0      58.5
       -.5      23.1        .0      19.1
        .3      19.2        .4      11.5
        .2      18.3        .4       9.9
 53660  -.429723  -.859446  -.276932
  96600.4  14356.5     18.9     43.3    -14.8     28.9
     18.9     86.6    -14.8     57.7  56955.6  58580.7
     -10.8      48.9      -1.8      50.6
       -.4      23.6        .1      18.6
        .2      19.0        .6      11.4
        .1      18.1        .3       9.8
 53661  -.467453  -.841416  -.271123
  98820.4  14365.8     18.9     43.3    -14.8     28.9
     18.9     86.6    -14.8     57.7  58312.5  60194.6
     -10.0      51.9      -3.1      49.7
       -.7      23.4       -.3      20.5
       -.1      18.9        .2      12.7
        .3      18.2        .3      11.0
 53662  -.502792  -.822750  -.265108
 101046.2  14296.0     18.9     43.3    -14.8     28.9
     18.9     86.6    -14.8     57.7  59382.6  61503.8
     -11.6      50.3      -3.7      48.2
      -1.1      23.4       -.4      19.8
       -.1      19.0        .4      12.9
        .1      17.9        .4      11.2
 53663  -.535778  -.803668  -.258960
 103168.8  14078.9     18.9     43.3    -14.8     28.9
     18.9     86.6    -14.8     57.7  61291.3  63039.5
      -8.3      46.2      -1.5      43.3
       -.9      22.9       -.4      20.4
        .1      18.9        .3      13.7
        .1      17.9        .4      12.2
 53664  -.566482  -.784360  -.252738
 106002.6  13722.0     18.9     43.3    -14.8     28.9
     18.9     86.6    -14.8     57.7  62352.2  63863.3
      -8.3      49.6      -1.2      41.9
       -.8      23.0       -.3      20.0
        .1      18.5        .4      13.6
        .2      17.7        .4      12.4
 53665  -.594996  -.764995  -.246498
 108409.5  13182.6     18.9     43.3    -14.8     28.9
     18.9     86.6    -14.8     57.7  64893.0  66835.2
     -10.6      49.9      -4.2      42.3
       -.7      23.1       -.1      20.7
        .0      18.3        .3      14.7
       -.3      17.5        .2      13.1
