Dot1_150x100_prd2017clk:@-125V,3.8T@90d,253K,rhe=1.10,rhh=0.7,0.00/0.00         
   724   1  3.80  60   5  29   0  225.00  253.00     .00  .95200   950.0    -.17  138.20  150.000  100.000  285.000   950.0    -.08   69.10    1.50    1.00     .85
 55901   .000000   .000000 -1.000000
  26551.4  15139.5      -.1     40.1     69.1     28.9
      -.1     83.1     69.1     23.1  12420.5  12857.3
       5.0      67.8       3.5      40.3
       -.1       9.1       2.7      15.7
        .1       5.0       2.6      10.8
        .1       5.0       2.7       9.1
 55902   .000000  -.130455  -.991454
  26619.3  15169.6       .2     34.0     69.1     28.9
       .2     77.2     68.9     22.9  12597.8  13119.4
      -2.0      58.6       3.8      38.1
       -.3       6.9       2.3      15.6
       -.2       5.0       2.6      10.6
       -.3       5.0       2.6       9.1
 55903   .000000  -.254493  -.967075
  27272.7  15594.6      -.2     25.5     69.1     28.9
      -.3     68.6     69.1     22.7  12890.6  13339.3
      -4.0      50.6       1.4      39.3
       -.2       8.2       2.3      15.6
       -.2       5.3       2.6      10.2
       -.3       5.0       2.7       9.1
 55904   .000000  -.367167  -.930155
  28389.3  16257.4      -.1     17.1     69.1     28.9
      -.2     59.9     69.1     22.7  13444.5  14048.6
      -6.0      45.5       2.2      39.8
       -.4      12.5       2.1      15.6
       -.2       8.2       2.4      10.6
       -.2       6.9       2.7       9.0
 55905   .000000  -.465746  -.884918
  29771.4  16914.9       .1      9.1     69.1     28.9
      -.2     50.5     69.1     22.3  14274.5  14888.5
      -5.0      48.1       3.0      42.7
       -.2      16.1       2.3      15.1
       -.1      10.8       2.7      10.2
       -.2       9.0       2.7       8.9
 55906   .000000  -.549617  -.835417
  31488.7  17725.0      -.6      7.7     69.1     28.9
      -.1     41.4     69.1     21.8  15220.9  15950.7
      -5.2      52.8       2.5      42.0
       -.6      21.1       2.3      14.9
       -.2      14.0       2.6      10.1
        .0      11.3       2.7       8.7
 55907   .000000  -.619644  -.784883
  33415.2  17297.5      -.1     43.3     69.1     28.9
       .0     32.0     68.9     21.3  16561.9  17164.9
      -7.7      54.9       1.9      40.6
       -.7      26.2       2.2      14.9
       -.1      17.5       2.5      10.0
       -.1      14.5       2.7       8.6
 55908   .000000  -.677476  -.735545
  35833.3  16684.0      -.1     43.3     69.1     28.9
      -.2     22.9     69.1     21.1  18032.2  18701.6
      -8.0      58.4       2.4      45.2
      -1.0      27.9       2.2      15.3
       -.7      18.6       2.4       9.7
       -.3      15.2       2.7       8.4
 55909   .000000  -.724999  -.688749
  38184.7  16187.3      -.1     43.3     69.1     28.9
      -.2     14.2     69.0     20.7  19507.4  20301.2
      -7.8      56.8        .7      44.3
       -.4      25.6       2.2      14.7
       -.4      17.5       2.5       9.5
       -.4      15.0       2.6       7.9
 55910   .000000  -.764030  -.645181
  40729.5  15457.7      -.1     43.3     69.1     28.9
      -.3      9.3     69.1     20.4  20509.6  21549.2
      -7.8      51.3       2.6      44.6
       -.6      22.6       2.2      14.6
       -.4      17.0       2.4       9.3
       -.4      15.9       2.6       7.8
 55911   .000000  -.796162  -.605083
  43512.7  15069.9      -.1     43.3     69.1     28.9
      -.1     86.6     69.0     20.0  22526.7  23367.1
      -7.8      54.2       2.7      46.4
       -.6      23.0       2.3      14.8
       -.2      17.8       2.4       9.1
       -.7      16.9       2.4       7.5
 55912   .000000  -.822730  -.568432
  46317.7  14627.5      -.1     43.3     69.1     28.9
      -.1     86.6     68.9     19.7  23981.7  24782.3
     -10.3      53.3       3.1      51.2
       -.3      22.9       2.4      14.5
       -.5      17.0       2.4       9.0
       -.8      16.0       2.4       7.4
 55913   .000000  -.844819  -.535052
  49072.8  14401.6      -.1     43.3     69.1     28.9
      -.1     86.6     69.1     19.3  26356.8  27113.6
      -8.6      51.1       2.3      48.9
       -.2      21.3       2.3      15.2
       -.3      15.8       2.4       8.7
       -.5      14.2       2.5       7.3
 55914   .000000  -.863297  -.504697
  52128.0  14072.4      -.1     43.3     69.1     28.9
      -.1     86.6     69.3     19.1  27712.2  28664.8
      -9.5      51.4       2.8      48.6
       -.3      22.0       2.4      14.7
       -.3      17.6       2.5       8.7
       -.6      15.7       2.3       7.1
 55915   .000000  -.878853  -.477092
  55103.2  13912.2      -.1     43.3     69.1     28.9
      -.1     86.6     69.2     19.0  30046.4  31124.2
     -10.4      53.1       3.3      52.8
       -.4      23.8       2.2      15.4
       -.1      19.0       2.6       8.6
       -.8      18.1       2.3       6.9
 55916   .000000  -.892036  -.451965
  58106.3  13905.0      -.1     43.3     69.1     28.9
      -.1     86.6     69.4     18.7  30881.7  32404.5
     -10.4      53.4       2.3      53.4
       -.8      23.4       2.3      15.2
       -.4      18.0       2.6       8.4
       -.2      16.9       2.5       6.8
 55917   .000000  -.903278  -.429057
  61330.0  13651.6      -.1     43.3     69.1     28.9
      -.1     86.6     69.4     18.4  33432.8  34431.8
     -10.1      54.4       1.3      59.9
      -1.1      21.9       2.4      15.1
       -.6      16.6       2.4       8.4
       -.6      15.1       2.4       6.7
 55918   .000000  -.912924  -.408131
  64607.5  13546.4      -.1     43.3     69.1     28.9
      -.1     86.6     69.3     18.3  35765.8  36946.6
     -10.8      52.7       3.0      60.8
       -.9      22.3       2.4      15.6
       -.7      17.9       2.6       8.2
       -.6      16.5       2.4       6.6
 55919   .000000  -.921250  -.388972
  67831.8  13371.6      -.1     43.3     69.1     28.9
      -.1     86.6     69.4     18.1  37773.2  38965.8
     -10.1      48.5       1.9      63.7
       -.5      24.1       2.3      16.0
       -.5      19.3       2.4       8.1
       -.5      18.6       2.4       6.5
 55920   .000000  -.928477  -.371391
  70979.0  13361.4      -.1     43.3     69.1     28.9
      -.1     86.6     69.5     18.0  39674.6  40836.0
     -11.6      52.4       4.3      58.8
       -.9      23.4       2.3      16.6
       -.4      18.4       2.4       7.9
       -.4      17.3       2.4       6.3
 55921   .000000  -.934784  -.355218
  73929.0  13252.0      -.1     43.3     69.1     28.9
      -.1     86.6     69.6     17.8  41448.1  42924.9
      -8.5      49.1       4.2      62.5
      -1.0      22.2       2.3      17.2
       -.6      17.2       2.5       8.0
       -.8      15.5       2.3       6.2
 55922   .000000  -.940315  -.340305
  77261.1  13335.9      -.1     43.3     69.1     28.9
      -.1     86.6     69.5     17.7  43333.9  44812.1
     -10.2      50.1       6.0      70.5
       -.8      22.5       2.1      17.6
       -.7      18.1       2.4       7.7
       -.7      16.6       2.4       6.1
 55923   .000000  -.945190  -.326520
  80647.7  13237.4      -.1     43.3     69.1     28.9
      -.1     86.6     69.4     17.7  45591.1  47125.2
     -13.0      53.0       2.2      64.5
       -.8      24.0       1.9      17.5
       -.2      20.1       2.4       7.9
       -.2      19.1       2.4       6.0
 55924   .000000  -.949506  -.313750
  83776.2  13138.1      -.1     43.3     69.1     28.9
      -.1     86.6     69.6     17.6  47881.5  49204.7
      -9.8      50.3       3.0      67.7
      -1.0      23.8       2.3      17.9
       -.6      18.9       2.5       7.8
       -.9      17.7       2.3       6.1
 55925   .000000  -.953342  -.301892
  87217.7  13167.7      -.1     43.3     69.1     28.9
      -.1     86.6     69.8     17.4  49374.9  51646.5
     -10.3      51.5       4.8      69.7
      -1.0      22.6       2.3      18.9
       -.6      17.4       2.3       7.9
      -1.2      15.9       2.4       6.0
 55926   .000000  -.956767  -.290857
  90684.5  13225.5      -.1     43.3     69.1     28.9
      -.1     86.6     69.6     17.4  52657.5  53721.4
     -12.2      52.6       4.0      71.5
       -.9      22.8       2.1      19.3
       -.8      18.3       2.3       8.4
       -.5      16.9       2.4       6.1
 55927   .000000  -.959834  -.280567
  93792.8  13094.9      -.1     43.3     69.1     28.9
      -.1     86.6     70.0     17.2  54499.8  56081.8
      -8.8      49.0       1.6      67.8
      -1.5      24.8       2.2      19.5
       -.5      20.2       2.4       7.6
       -.5      18.9       2.5       5.9
 55928   .000000  -.962593  -.270952
  97279.1  13073.0      -.1     43.3     69.1     28.9
      -.1     86.6     69.8     17.3  56663.9  58576.3
      -8.7      51.3       6.6      76.2
      -1.2      23.7       1.9      19.6
       -.7      18.9       2.3       7.5
       -.5      17.9       2.5       5.9
 55929   .000000  -.965081  -.261951
 100546.7  13250.8      -.1     43.3     69.1     28.9
      -.1     86.6     70.0     17.1  58995.6  60693.5
     -12.3      54.6       2.7      77.3
      -1.0      22.2       1.9      20.7
       -.7      17.5       2.4       7.6
       -.6      15.9       2.4       5.6
 55930   .000000  -.967333  -.253508
 103862.4  13122.8      -.1     43.3     69.1     28.9
      -.1     86.6     70.0     17.0  60729.8  62261.1
      -9.0      48.2       6.9      79.2
      -1.6      22.8       2.2      20.2
       -.4      18.3       2.5       7.7
       -.8      17.1       2.4       5.7
 55931   .000000  -.969377  -.245576
 107117.7  13087.5      -.1     43.3     69.1     28.9
      -.1     86.6     70.1     16.9  62833.1  65089.8
     -10.0      48.6       3.7      77.7
      -1.0      24.1       2.0      22.0
       -.6      19.9       2.5       8.1
       -.3      19.4       2.3       5.6
 55932   .000000  -.971238  -.238110
 110889.5  13106.5      -.1     43.3     69.1     28.9
      -.1     86.6     70.2     16.8  64538.4  66669.8
     -10.5      52.0       3.6      84.3
      -1.5      23.6       2.0      21.4
       -.3      19.3       2.5       8.0
      -1.0      17.8       2.4       5.7
 55933   .000000  -.972937  -.231072
 113749.2  13079.5      -.1     43.3     69.1     28.9
      -.1     86.6     70.1     16.7  66845.4  68675.8
     -10.3      52.9       2.2      77.4
      -1.3      23.2       2.3      23.4
       -.6      17.3       2.4       7.8
       -.8      16.7       2.4       5.9
 55934   .000000  -.974491  -.224428
 117467.5  13109.8      -.1     43.3     69.1     28.9
      -.1     86.6     70.0     16.8  69188.7  71664.5
     -12.4      53.5       2.7      84.6
      -1.4      23.7       2.5      24.7
       -.9      18.6       2.4       8.4
       -.8      17.1       2.3       5.6
 55935   .000000  -.975916  -.218146
 120863.2  13101.4      -.1     43.3     69.1     28.9
      -.1     86.6     70.0     16.6  71147.7  73583.4
     -12.0      52.4        .4      83.3
      -1.1      24.8       2.2      25.9
       -.8      20.2       2.4       8.2
       -.9      19.6       2.4       5.8
 55936   .000000  -.977227  -.212198
 123829.2  13031.2      -.1     43.3     69.1     28.9
      -.1     86.6     70.3     16.6  74622.6  76600.2
     -11.0      52.0       2.6      81.9
      -1.4      24.8       2.6      23.4
       -.8      19.2       2.6       8.5
       -.5      18.3       2.4       5.5
 55937   .000000  -.978434  -.206558
 127329.9  13060.4      -.1     43.3     69.1     28.9
      -.1     86.6     70.5     16.5  76178.5  78317.0
      -9.9      49.7        .6      86.1
      -1.2      22.8       2.0      23.8
       -.5      17.5       2.4       7.5
       -.6      16.4       2.4       5.6
 55938   .000000  -.979549  -.201205
 130972.1  13018.1      -.1     43.3     69.1     28.9
      -.1     86.6     70.2     16.5  78443.6  80991.8
     -11.8      51.9       3.5      90.6
      -1.0      23.7       2.4      25.2
       -.7      18.5       2.4       8.5
       -.9      17.2       2.5       5.5
 55939   .000000  -.980581  -.196116
 134469.9  13152.6      -.1     43.3     69.1     28.9
      -.1     86.6     70.2     16.6  79690.1  82230.7
     -11.2      52.7       5.9      90.3
      -1.3      24.6       2.2      27.0
       -.7      20.3       2.4       9.6
       -.7      19.6       2.3       5.7
 55940   .000000  -.981537  -.191274
 137749.0  13090.3      -.1     43.3     69.1     28.9
      -.1     86.6     70.1     16.4  83025.1  85189.5
      -6.8      49.3       8.1      92.9
      -1.5      24.3       2.3      28.6
       -.8      19.3       2.4       8.7
      -1.0      18.3       2.4       5.4
 55941   .000000  -.982424  -.186661
 140953.2  13128.5      -.1     43.3     69.1     28.9
      -.1     86.6     70.3     16.4  85997.7  87370.0
     -12.0      52.0       5.7      88.9
      -1.5      23.4       2.1      27.3
       -.8      17.7       2.4       9.3
       -.5      16.5       2.5       5.8
 55942   .000000  -.983250  -.182261
 144438.1  13127.9      -.1     43.3     69.1     28.9
      -.1     86.6     70.6     16.3  87080.2  89733.1
     -11.4      50.1       -.4      86.6
      -1.5      23.5       2.1      26.8
       -.8      18.4       2.3       8.9
       -.8      17.5       2.3       5.4
 55943   .000000  -.984020  -.178061
 148125.3  13074.6      -.1     43.3     69.1     28.9
      -.1     86.6     70.7     16.3  90649.7  92820.8
      -8.8      46.4      -3.3      91.7
      -1.5      25.2       2.1      29.6
       -.7      20.2       2.3       9.0
       -.7      19.4       2.5       5.9
 55944   .000000  -.984737  -.174047
 151436.3  13038.8      -.1     43.3     69.1     28.9
      -.1     86.6     70.4     16.4  91482.3  94241.4
     -10.8      51.4      12.4      88.4
      -1.5      24.4       2.5      29.8
       -.4      19.8       2.3       8.8
       -.8      18.3       2.4       5.6
 55945   .000000  -.985408  -.170207
 154758.5  13075.1      -.1     43.3     69.1     28.9
      -.1     86.6     70.3     16.2  93636.1  96364.8
     -10.7      51.2       3.8      86.5
      -1.6      23.8       2.8      30.2
       -.8      17.7       2.4       9.7
      -1.0      16.2       2.4       5.4
 55946   .000000  -.986036  -.166531
 158389.3  13127.9      -.1     43.3     69.1     28.9
      -.1     86.6     70.6     16.2  95821.1  98575.5
      -9.2      50.1        .7      98.6
      -1.3      24.6       2.0      31.9
       -.6      18.4       2.5       9.3
       -.7      17.7       2.5       6.0
 55947   .000000  -.986625  -.163008
 162151.1  13188.5      -.1     43.3     69.1     28.9
      -.1     86.6     70.4     16.2  98240.9 100441.2
     -12.4      53.0      10.8     101.0
      -1.2      26.3       2.6      31.0
       -.8      20.5       2.3       9.2
       -.8      19.6       2.5       5.8
 55948   .000000  -.987696  -.156385
 168725.2  13212.3      -.1     43.3     69.1     28.9
      -.1     86.6     70.5     16.0 103789.2 107003.6
     -13.8      55.0       6.8      99.5
      -1.7      23.3       2.8      33.0
       -.7      17.8       2.4       9.2
      -1.0      16.6       2.4       5.4
 55949   .000000  -.988644  -.150274
 175518.4  13115.0      -.1     43.3     69.1     28.9
      -.1     86.6     70.9     16.0 107690.5 110885.5
     -11.2      54.1       5.4      99.9
      -1.5      25.4       2.6      33.4
       -.2      20.5       2.7       9.6
       -.9      20.0       2.4       5.4
 55950   .000000  -.989488  -.144617
 182594.0  13166.1      -.1     43.3     69.1     28.9
      -.1     86.6     70.9     15.9 111427.6 115184.2
     -11.4      50.5       5.6     101.8
      -2.0      23.6       2.5      32.6
       -.9      17.8       2.4      11.1
      -1.0      16.5       2.4       6.0
 55951   .000000  -.990241  -.139367
 189016.7  13392.5      -.1     43.3     69.1     28.9
      -.1     86.6     70.9     16.0 115631.6 119675.2
     -11.4      54.0       5.2     104.5
      -1.6      25.1       2.2      35.8
       -.7      20.5       2.6      11.2
       -.9      19.7       2.4       5.8
 55952   .000000  -.990916  -.134481
 195769.3  13195.9      -.1     43.3     69.1     28.9
      -.1     86.6     70.9     15.8 120449.3 124137.1
     -12.8      57.3       1.4     103.3
      -1.3      23.2       2.3      34.4
       -.7      18.0       2.5      12.0
       -.4      16.6       2.6       6.4
 55953   .000000  -.991524  -.129924
 202818.6  13156.5      -.1     43.3     69.1     28.9
      -.1     86.6     70.7     15.8 126026.3 130392.5
     -10.6      50.3       3.3     105.1
      -1.7      24.8       2.9      36.8
       -.8      20.4       2.3      11.8
       -.9      19.7       2.6       6.4
 55954   .000000  -.992073  -.125663
 209592.7  13189.4      -.1     43.3     69.1     28.9
      -.1     86.6     70.8     15.7 128932.3 133713.9
     -10.5      52.7       9.0     108.6
      -1.8      23.7       2.7      36.4
       -.5      17.5       2.4      11.5
       -.5      16.8       2.6       6.5
 55955   .000000  -.992571  -.121670
 216524.0  13277.8      -.1     43.3     69.1     28.9
      -.1     86.6     70.9     15.6 134845.0 139257.9
      -5.6      47.2      13.0     104.7
      -1.8      25.2       2.7      38.2
       -.5      20.4       2.5      10.3
       -.6      20.0       2.4       6.6
 55956   .000000  -.993023  -.117921
 223636.2  13317.6      -.1     43.3     69.1     28.9
      -.1     86.6     70.9     15.6 141966.2 144177.5
      -6.3      42.7       7.7     102.2
      -2.0      24.2       2.6      41.3
       -.9      18.1       2.5      12.1
       -.7      16.6       2.3       7.2
 55957   .000000  -.993435  -.114396
 230630.4  13198.3      -.1     43.3     69.1     28.9
      -.1     86.6     71.2     15.6 144975.5 148895.0
      -8.4      40.0       5.4     112.7
      -1.6      25.1       2.1      41.0
       -.7      20.5       2.4      13.6
       -.6      19.8       2.5       6.7
 55958   .000000  -.993812  -.111073
 237788.2  13220.8      -.1     43.3     69.1     28.9
      -.1     86.6     70.9     15.7 149743.4 152359.2
     -10.2      46.2       6.0     107.8
      -1.7      23.8       2.9      41.4
      -1.0      18.3       2.4      14.2
       -.9      17.1       2.4       7.0
 55959   .000000  -.994158  -.107937
 244551.5  13277.9      -.1     43.3     69.1     28.9
      -.1     86.6     71.4     15.6 152492.3 157264.1
      -7.3      42.5       2.0     109.5
      -1.8      24.9       3.1      42.0
       -.8      20.3       2.5      12.7
       -.6      19.7       2.4       7.3
 55960   .000000  -.994475  -.104972
 251153.6  13275.5      -.1     43.3     69.1     28.9
      -.1     86.6     71.2     15.5 158813.4 163811.2
      -7.0      35.7      12.8     110.8
      -1.8      22.7       2.3      43.0
       -.9      18.0       2.4      13.7
       -.7      16.6       2.4       8.1
 55961   .903278   .000000  -.429057
  61432.4  12591.3       .1     39.6     69.1     28.9
       .1     82.4     69.1     57.7  33146.8  34542.4
       2.2      84.4       9.6      44.4
       1.2      29.2       1.2      21.2
       -.1       6.1       1.3      14.4
        .3       5.0       1.5      12.4
 55962   .887877   .000000  -.460082
  57636.4  13188.3       .6     39.3     69.1     28.9
       .5     82.4     69.1     57.7  30960.1  32227.6
       1.6      84.8      12.1      48.0
        .6      26.2       1.7      21.7
        .2       5.3       1.6      15.1
        .3       5.0       1.7      12.9
 55963   .868777   .000000  -.495203
  53455.4  13827.0       .3     39.5     69.1     28.9
       .3     82.4     69.1     57.7  28514.6  29625.6
        .5      79.6      10.4      46.3
        .2      23.8       2.2      20.3
        .0       5.0       1.9      13.8
        .1       5.0       1.9      11.9
 55964   .844819   .000000  -.535052
  49558.1  14919.0      -.5     39.4     69.1     28.9
      -.5     82.4     69.1     57.7  26166.8  27077.9
        .2      77.6      11.0      47.6
        .0      23.9       2.6      19.7
        .6       6.1       2.1      13.8
        .0       5.0       2.7      12.0
 55965   .814421   .000000  -.580275
  45977.8  16372.0      -.1     39.5     69.1     28.9
      -.2     82.5     69.1     57.7  23696.9  24873.4
        .6      77.2      11.8      50.5
        .8      20.2       2.7      19.3
       -.1       5.0       2.6      13.2
        .3       5.0       2.8      10.6
 55966   .775436   .000000  -.631426
  42462.6  18582.7       .0     39.4     69.1     28.9
      -.1     82.5     69.1      8.1  21750.7  22680.3
       1.1      74.2       9.8      50.9
       -.8      16.5       3.3      17.4
        .1       5.0       3.2      11.8
        .2       5.0       3.5      10.0
 55967   .724999   .000000  -.688749
  38926.3  22197.9      -.2     39.8     69.1     28.9
      -.2     82.6     69.1     19.9  19958.8  20612.8
        .1      73.6      13.0      49.3
        .2      15.1       4.0      16.4
       -.2       5.2       3.9      10.7
       -.1       5.0       3.9       8.7
 55968   .659438   .000000  -.751759
  35703.0  26970.7       .0     39.3     69.2      4.7
       .0     82.5     69.0     32.4  18188.2  18950.6
       2.4      75.3      11.7      51.2
        .7      14.8       3.2      11.8
       -.1       5.0       3.3       7.9
        .1       5.0       3.5       6.6
 55969   .574426   .000000  -.818557
  32980.8  27414.3      -.3     39.5     68.9     15.8
      -.3     82.6     68.9     44.5  16497.9  17152.8
      -2.7      69.7      10.5      57.1
        .1      15.3       3.4       7.5
        .0       5.0       3.5       4.9
        .1       5.0       3.7       4.2
 55970   .465746   .000000  -.884918
  30752.6  25420.7       .1     39.6     71.8     24.2
       .1     82.6     71.8     52.8  15340.1  15881.8
       1.7      71.2      14.6      69.2
       -.1      11.6       2.2      11.4
       -.1       5.0       2.4       3.0
        .0       5.0       2.4       3.0
 55971   .331088   .000000  -.943600
  28753.2  23622.9      -.2     39.4     70.1     16.3
      -.1     82.7     70.1     44.9  13671.5  14366.6
       2.1      70.7       9.8      55.9
        .9      10.6       1.7       7.3
        .2       5.0       2.0       4.8
        .2       5.0       2.1       4.1
 55972   .254493   .000000  -.967075
  27836.0  22604.2       .2     39.8     69.7     11.0
       .2     82.9     69.6     39.7  13363.5  13927.0
       2.7      71.6       5.2      45.4
       -.3       7.2       2.0       8.1
        .2       5.0       2.0       5.7
        .2       5.0       2.4       5.1
 55973   .172799   .000000  -.984957
  27115.3  20799.5       .5     39.9     69.3      6.1
       .5     83.1     69.3     34.3  12927.0  13463.2
       -.1      69.9       1.4      36.5
        .2      11.0       1.8      10.3
        .2       5.0       2.3       7.2
       -.2       5.0       2.3       6.4
 55974   .087384   .000000  -.996175
  26771.4  17690.9       .3     40.2     69.9      4.0
       .3     83.2     69.2     28.5  12717.9  13182.7
        .6      73.1       2.4      40.1
       -.4       8.1       2.2      13.1
        .2       5.0       2.5       8.9
        .2       5.0       2.5       7.8
 55975   .000000   .000000 -1.000000
  26542.7  15089.7       .1     39.7     69.1     28.9
       .0     83.1     69.1     23.0  12587.5  13159.3
      -4.3      70.3       1.1      39.9
        .0      10.1       2.4      15.7
        .2       5.0       2.8      10.7
        .2       5.0       2.8       9.0
 55976  -.087384   .000000  -.996175
  26303.8  13090.6       .3     40.2     69.1     28.9
       .3     83.3     69.2     17.6  12421.8  12980.5
        .7      67.9       2.2      40.4
       -.6      10.5       1.9      17.7
        .0       5.0       2.5      12.1
        .0       5.0       2.7      10.6
 55977  -.172799   .000000  -.984957
  26591.5  11696.2      -.2     40.2     69.1     28.9
      -.1     83.4     69.0     12.5  12507.1  13149.4
       2.1      65.4        .7      39.2
        .2       9.8       1.8      19.0
        .1       5.0       2.0      13.3
        .1       5.0       2.6      11.9
 55978  -.254493   .000000  -.967075
  27018.0  10703.8       .4     40.2     69.1     28.9
       .4     83.5     69.2      8.5  12703.1  13192.9
      -1.2      68.6       1.0      41.0
        .0       8.2       1.5      19.0
        .2       5.0       1.9      13.6
        .2       5.0       2.0      12.7
 55979  -.331088   .000000  -.943600
  27686.6   9936.0       .3     40.4     69.1     28.9
       .4     83.5     69.3      8.2  13011.9  13578.4
        .9      71.8       -.8      39.9
        .0      11.7       1.8      19.4
       -.1       5.0       1.9      14.2
        .0       5.0       1.7      12.7
 55980  -.465746   .000000  -.884918
  29473.3   8852.8       .3     40.6     69.1     28.9
       .3     83.8     69.1     57.7  14346.8  14944.9
       4.0      63.5      -1.5      42.1
        .6      12.0       1.2      22.4
        .1       5.0       1.6      16.2
        .2       5.0       1.6      14.6
 55981  -.574426   .000000  -.818557
  31645.9   8165.9      -.1     40.6     69.1     28.9
      -.1     83.7     69.1     57.7  15532.8  16114.7
       -.2      69.8      -1.3      40.6
       -.3      12.5        .4      21.8
       -.2       5.0        .7      16.2
        .2       5.0        .7      15.4
 55982  -.659438   .000000  -.751759
  34689.7   7928.6       .3     40.5     69.1     28.9
       .4     83.6     69.1     57.7  17355.9  18105.3
      -2.7      75.2      -5.0      44.8
        .8      13.7        .4      24.2
        .1       5.0        .8      17.9
        .1       5.0        .8      16.4
 55983  -.724999   .000000  -.688749
  37786.3   7633.1      -.1     40.2     69.1     28.9
      -.1     83.6     69.1     57.7  19096.6  19825.7
       6.8      72.2      -4.2      40.9
       1.6      17.8        .3      23.3
        .1       5.3        .2      17.8
        .0       5.0        .3      16.7
 55984  -.775436   .000000  -.631426
  41304.9   7506.4      -.1     40.5     69.1     28.9
      -.1     83.6     69.1     57.7  21391.5  22119.0
      -3.6      79.2      -5.2      42.4
        .5      21.1        .0      24.3
        .4       5.0        .7      18.5
       -.2       5.0        .1      17.0
 55985  -.814421   .000000  -.580275
  45017.8   7470.9       .2     40.5     69.1     28.9
       .1     83.4     69.1     57.7  23379.7  24140.2
      -2.6      79.5      -4.9      40.1
      -1.1      22.9        .0      23.5
        .3       5.0        .1      18.5
       -.1       5.0       -.1      17.4
 55986  -.844819   .000000  -.535052
  48660.0   7501.5       .1     40.2     69.1     28.9
       .1     83.3     69.1     57.7  26206.1  27064.1
      -4.9      79.2      -5.0      39.7
        .5      22.7       -.1      24.4
        .0       5.0       -.2      18.8
        .3       5.0       -.3      17.3
 55987  -.868777   .000000  -.495203
  52536.1   7410.9      -.3     40.4     69.1     28.9
      -.3     83.3     69.1     57.7  28004.0  28982.2
       1.3      79.8      -6.0      37.8
       -.1      22.6      -1.0      23.3
        .1       8.4       -.4      18.4
       -.1       5.0       -.4      17.3
 55988  -.887877   .000000  -.460082
  56626.2   7503.4       .0     40.2     69.1     28.9
       .0     83.2     69.1     57.7  30624.2  31659.9
       1.2      82.8      -6.1      40.2
        .5      27.8       -.6      24.4
        .6       9.9       -.6      19.3
        .0       5.0       -.5      17.7
 55989  -.903278   .000000  -.429057
  60941.6   7482.8      -.1     40.1     69.1     28.9
      -.1     83.0     69.1     57.7  33325.8  34224.7
        .1      78.6      -5.7      37.4
       -.5      29.9       -.9      23.8
       -.1       6.6       -.6      18.7
       -.1       5.0       -.9      17.4
 55990   .840060  -.367526  -.399028
  65865.5  13531.4      -.1     43.3     69.1     28.9
      -.2     17.3     69.1     57.7  36288.4  37196.2
      -6.0      61.7      11.1      47.7
      -1.0      24.3       1.7      20.9
       -.4      16.0       1.0      14.4
       -.3      13.4       1.2      12.3
 55991   .817505  -.390173  -.423616
  62253.8  14317.1      -.1     43.3     69.1     28.9
       .1     17.8     69.1     57.7  34079.0  35313.3
      -6.5      60.7      11.6      49.3
       -.5      24.7       1.8      20.6
       -.6      16.5       1.7      14.7
       -.2      13.5       1.6      12.7
 55992   .790440  -.414981  -.450551
  58502.3  15294.4      -.1     43.3     69.1     28.9
      -.2     18.2     69.1     57.7  31647.2  32772.4
      -6.4      61.1      12.1      48.6
       -.8      24.7       2.4      20.2
       -.4      16.4       1.7      13.7
       -.1      13.5       1.8      11.5
 55993   .757796  -.442047  -.479937
  54944.8  16839.2      -.1     43.3     69.1     28.9
      -.2     18.7     69.1     57.7  29616.9  30570.9
      -4.9      59.0      12.2      48.2
       -.8      25.0       2.3      19.6
       -.5      16.6       2.1      13.2
       -.4      13.6       2.2      11.3
 55994   .718269  -.471364  -.511767
  51919.0  18309.9      -.1     43.3     69.1     28.9
       .0     19.1     69.1     57.7  27355.0  28583.2
      -8.8      61.9      13.1      54.2
       -.8      25.5       3.3      19.4
       -.4      16.9       2.6      12.6
       -.7      13.9       2.9      10.4
 55995   .670317  -.502738  -.545830
  48583.0  20748.3      -.1     43.3     69.1     28.9
      -.2     19.7     68.8      7.3  25666.0  26416.5
      -8.1      57.9      11.2      51.0
       -.9      26.1       2.6      17.1
       -.6      17.2       2.7      11.2
       -.4      14.0       2.9       9.4
 55996   .612205  -.535679  -.581595
  45722.0  21482.2      -.1     43.3     69.1     28.9
      -.3     20.3     68.7     18.8  23741.5  24795.0
      -7.5      60.7      12.3      51.6
       -.9      25.5       4.0      16.1
       -.2      17.2       3.6      10.2
       -.6      14.1       3.8       8.2
 55997   .542159  -.569267  -.618061
  42979.5  20979.7      -.1     43.3     68.9      4.2
      -.3     20.7     68.6     31.7  22298.5  23093.1
      -6.6      59.4       9.7      51.9
      -1.0      26.4       3.4      12.2
       -.5      17.4       3.2       7.6
       -.5      14.2       3.3       6.5
 55998   .458673  -.602008  -.653609
  40805.7  19953.1      -.1     43.3     68.7     15.3
      -.7     21.3     68.7     44.0  20903.7  21678.9
      -5.7      60.0      12.5      62.6
       -.3      26.4       3.3      10.6
       -.3      17.8       3.5       4.8
       -.5      14.7       3.5       4.2
 55999   .361020  -.631785  -.685938
  38937.7  19022.8      -.1     43.3     71.8     24.4
      -.4     21.8     71.7     52.8  19890.9  20579.5
      -9.4      59.0      13.9      76.3
       -.9      26.9       1.5      15.9
        .0      17.8       2.2       3.5
       -.4      14.6       2.4       3.0
 56000   .249898  -.655981  -.712208
  37339.8  18163.2      -.1     43.3     70.3     15.9
      -.3     22.1     70.3     44.5  19008.6  19487.1
      -6.0      57.8       6.4      61.5
       -.3      27.1       2.1       9.6
       -.3      18.1       2.1       4.5
       -.3      14.8       2.1       4.1
 56001   .190037  -.665130  -.722141
  36556.2  17806.6      -.1     43.3     69.4     10.2
      -.4     22.4     69.6     38.6  18220.7  19160.8
      -6.8      57.7       4.0      53.0
       -.4      27.1       1.9       9.4
       -.4      18.1       2.1       5.5
       -.3      14.9       2.3       4.8
 56002   .127982  -.671905  -.729496
  36279.7  17634.6      -.1     43.3     69.2      4.9
      -.5     22.4     69.3     32.8  18251.8  18823.2
      -8.1      57.6       1.5      45.6
       -.7      27.5       2.0      10.4
       -.3      18.2       2.1       6.9
       -.2      14.9       2.3       6.0
 56003   .064388  -.676070  -.734019
  35905.9  17273.7      -.1     43.3     72.1      4.1
      -.1     22.8     69.4     27.0  18071.2  18716.4
      -6.2      58.1       3.2      46.1
       -.5      27.7       2.3      12.8
       -.1      18.6       2.6       8.4
       -.2      15.2       2.3       7.1
 56004   .000000  -.677476  -.735545
  35725.4  16783.3      -.1     43.3     69.1     28.9
      -.1     22.9     69.0     21.1  17590.5  18311.9
      -8.1      57.3       2.9      41.7
       -.3      27.8       2.3      14.8
        .0      18.3       2.7       9.6
       -.2      15.5       2.5       8.4
 56005  -.064388  -.676070  -.734019
  35887.5  16016.2      -.1     43.3     69.1     28.9
      -.4     23.0     68.7     15.4  17784.4  18466.2
      -6.9      58.3        .3      44.8
       -.3      27.7       2.2      16.5
       -.1      18.7       2.5      10.9
       -.3      15.5       2.4       9.4
 56006  -.127982  -.671905  -.729496
  35831.9  15276.5      -.1     43.3     69.1     28.9
       .2     22.9     68.8     10.1  17982.9  18696.6
      -8.2      61.3       -.2      45.4
       -.2      27.5       1.7      16.9
       -.2      18.3       1.8      11.8
       -.3      15.4       2.0      10.3
 56007  -.190037  -.665130  -.722141
  36055.0  14019.0      -.1     43.3     69.1     28.9
      -.2     22.8     69.5      7.1  17834.0  18390.8
      -6.2      57.9       -.5      38.5
        .0      27.9       1.5      16.7
        .1      18.3       1.6      11.8
       -.2      15.5       1.8      10.8
 56008  -.249898  -.655981  -.712208
  36655.6  12835.6      -.1     43.3     69.1     28.9
      -.3     23.0     69.7     10.1  18665.4  19184.0
      -8.5      59.9        .5      43.1
       -.5      27.7       1.4      17.7
       -.5      18.8       1.6      12.7
       -.3      15.4       1.8      11.1
 56009  -.361020  -.631785  -.685938
  37892.6  11421.0      -.1     43.3     69.1     28.9
       .0     22.4     69.1     57.7  18840.5  19516.2
      -5.8      58.9       -.9      43.7
       -.3      27.9       1.0      20.7
       -.4      18.2       1.2      14.4
        .0      15.5       1.6      13.3
 56010  -.458673  -.602008  -.653609
  39680.3  10394.7      -.1     43.3     69.1     28.9
      -.2     22.0     69.1     57.7  20074.1  20695.9
      -5.8      59.1      -2.5      39.0
       -.1      27.8        .8      20.0
       -.2      17.9        .9      14.5
       -.2      15.3       1.1      13.6
 56011  -.542159  -.569267  -.618061
  42046.4   9655.7      -.1     43.3     69.1     28.9
      -.1     21.4     69.1     57.7  21229.7  22190.5
      -5.8      59.7      -4.7      42.5
       -.2      26.7        .8      22.3
       -.3      17.7        .7      16.4
       -.3      14.9        .9      15.3
 56012  -.612205  -.535679  -.581595
  44467.6   9129.3      -.1     43.3     69.1     28.9
       .3     20.8     69.1     57.7  23013.6  23971.8
      -6.6      59.4      -4.0      39.3
       -.1      26.6        .0      21.1
       -.2      17.4        .4      16.3
       -.4      14.5        .6      15.2
 56013  -.670317  -.502738  -.545830
  47426.1   8785.7      -.1     43.3     69.1     28.9
       .0     20.3     69.1     57.7  24747.9  25576.5
      -8.2      60.0      -5.0      41.3
      -1.0      26.2        .0      23.0
       -.5      17.0        .0      17.6
        .0      14.3        .3      16.2
 56014  -.718269  -.471364  -.511767
  50532.4   8524.2      -.1     43.3     69.1     28.9
       .0     19.8     69.1     57.7  27112.7  27987.2
      -7.5      61.6      -4.6      40.2
       -.3      25.6        .0      21.8
       -.1      16.7       -.1      17.1
       -.6      14.1       -.3      16.3
 56015  -.757796  -.442047  -.479937
  54069.7   8303.3      -.1     43.3     69.1     28.9
       .0     19.2     69.1     57.7  28883.6  30113.5
      -6.1      58.9      -5.5      40.0
        .5      25.7        .3      23.0
       -.8      16.6       -.2      18.5
       -.2      14.0        .0      17.1
 56016  -.790440  -.414981  -.450551
  57450.5   8200.8      -.1     43.3     69.1     28.9
      -.4     18.6     69.1     57.7  31269.3  32209.9
      -3.8      59.5      -4.8      39.4
       -.4      24.8      -1.0      22.2
       -.3      16.1       -.1      17.9
       -.3      13.6       -.5      16.8
 56017  -.817505  -.390173  -.423616
  61284.7   8131.8      -.1     43.3     69.1     28.9
      -.2     18.1     69.1     57.7  33745.5  34758.0
      -6.3      59.7      -5.3      38.9
       -.9      25.0       -.6      23.8
       -.1      16.1       -.4      19.1
       -.4      13.6       -.4      17.3
 56018  -.840060  -.367526  -.399028
  64987.2   8152.5      -.1     43.3     69.1     28.9
      -.3     17.7     69.1     57.7  35365.3  37013.5
      -3.4      62.7      -5.5      36.5
       -.2      24.7       -.6      22.4
        .0      15.9       -.5      18.4
       -.5      13.3       -.5      17.5
 56019   .708659  -.620076  -.336613
  78239.6  15596.0      -.1     43.3     69.1     28.9
      -.1     86.6     69.1     57.7  43873.5  45551.0
      -8.2      54.1      10.0      49.2
       -.5      22.7       1.3      20.5
       -.5      17.5       1.1      14.1
       -.5      16.1       1.2      11.6
 56020   .677337  -.646549  -.350984
  74732.7  16069.6      -.1     43.3     69.1     28.9
      -.1     86.6     69.1     57.7  42027.9  43374.1
      -6.9      55.9       9.8      47.8
       -.7      22.4       1.7      19.8
       -.5      17.5       1.3      13.6
       -.2      16.2       1.2      11.5
 56021   .641844  -.673936  -.365851
  72143.2  17047.2      -.1     43.3     69.1     28.9
      -.1     86.6     69.1     57.7  40067.0  41709.9
     -10.9      57.4      10.3      51.3
       -.8      22.9       2.1      19.8
       -.5      17.4       1.5      12.7
       -.1      16.3       1.5      10.8
 56022   .601687  -.701968  -.381068
  69167.6  17043.5      -.1     43.3     69.1     28.9
      -.1     86.6     69.1     57.7  38637.0  39951.0
     -11.5      59.1       9.5      55.6
       -.8      22.8       2.3      18.6
       -.1      17.7       1.6      11.8
       -.4      16.2       1.9      10.1
 56023   .556388  -.730259  -.396426
  66431.5  16714.2      -.1     43.3     69.1     28.9
      -.1     86.6     69.1     57.7  37315.1  38476.6
      -7.8      52.7      12.2      58.5
       -.6      22.6       2.6      18.5
       -.6      18.0       2.2      11.4
       -.2      16.3       2.5       9.3
 56024   .505524  -.758286  -.411641
  64154.4  16146.4      -.1     43.3     69.1     28.9
      -.1     86.6     68.6      5.8  35035.3  36152.5
      -7.2      52.8      11.0      57.8
       -.8      22.9       3.1      17.5
       -.7      17.6       2.6      10.1
      -1.0      16.6       2.8       8.3
 56025   .448787  -.785377  -.426348
  62242.7  15630.2      -.1     43.3     69.1     28.9
      -.1     86.6     68.5     17.4  34069.4  34998.5
      -9.8      57.8      12.0      62.3
       -.9      22.7       3.6      16.5
       -.5      18.1       3.5       9.3
       -.7      17.0       3.5       7.6
 56026   .386057  -.810720  -.440105
  60298.8  15180.8      -.1     43.3     68.6      3.1
      -.1     86.6     68.3     30.2  32863.9  33773.5
      -9.8      51.2       9.5      63.9
       -.7      23.1       3.2      15.4
       -.7      18.0       3.1       7.2
       -.4      17.2       3.1       6.0
 56027   .317480  -.833386  -.452409
  58625.7  14747.8      -.1     43.3     68.0     14.4
      -.1     86.6     68.0     42.9  31781.8  33056.4
      -8.0      51.0      10.2      74.4
       -.8      23.0       3.2      17.1
       -.7      18.3       3.3       5.1
       -.3      17.6       3.4       4.2
 56028   .243541  -.852392  -.462727
  57256.2  14449.9      -.1     43.3     71.3     23.9
      -.1     86.6     71.4     52.4  30865.0  31727.5
      -9.5      52.6      12.0      86.3
       -.4      23.2       2.3      29.2
       -.8      18.6       2.4       4.0
       -.9      17.6       2.4       3.0
 56029   .165103  -.866792  -.470544
  56194.5  14205.2      -.1     43.3     70.6     15.1
      -.1     86.6     70.6     43.8  30253.5  31274.9
     -11.4      52.4       6.9      71.6
       -.7      23.3       1.5      19.8
       -.5      18.5       2.0       5.2
       -.7      17.5       2.1       4.0
 56030   .124573  -.872008  -.473376
  55665.1  14012.3      -.1     43.3     69.9      9.1
      -.1     86.6     70.1     37.9  30190.8  31281.7
      -8.9      51.9       2.0      67.5
       -.7      23.1       2.1      13.8
       -.8      18.6       2.2       5.2
       -.4      18.0       2.2       4.6
 56031   .083409  -.875791  -.475429
  55342.9  14006.0      -.1     43.3     69.4      3.4
      -.1     86.6     69.8     31.5  29915.7  31324.5
      -9.9      51.6       8.1      61.1
       -.4      23.4       1.9      13.1
       -.5      18.7       2.1       6.3
       -.5      18.2       2.2       5.4
 56032   .041814  -.878085  -.476675
  55337.3  13990.7      -.1     43.3     69.1     28.9
      -.1     86.6     69.3     25.1  29320.1  30307.9
     -11.3      52.1       5.6      55.0
       -.8      23.7       2.3      14.3
       -.5      18.7       2.5       7.4
       -.4      17.8       2.4       6.1
 56033   .000000  -.878853  -.477092
  55257.0  13897.0      -.1     43.3     69.1     28.9
      -.1     86.6     69.2     18.9  29700.5  30593.7
      -8.7      52.3       3.7      54.4
       -.6      23.2       2.5      15.2
       -.4      18.8       2.5       8.5
       -.5      18.1       2.4       7.0
 56034  -.041814  -.878085  -.476675
  55129.8  13931.0      -.1     43.3     69.1     28.9
      -.1     86.6     68.9     12.7  29331.9  30342.6
      -9.6      50.0        .3      50.6
       -.2      23.2       2.0      15.5
       -.4      18.8       2.1       9.3
      -1.0      18.2       2.2       7.6
 56035  -.083409  -.875791  -.475429
  55301.7  13977.7      -.1     43.3     69.1     28.9
      -.1     86.6     68.8      7.0  29981.5  30906.5
      -9.3      51.9       1.5      50.1
       -.3      23.1       1.5      15.3
        .0      19.1       1.8       9.6
       -.8      18.2       1.7       8.1
 56036  -.124573  -.872008  -.473376
  55180.7  13974.8      -.1     43.3     69.1     28.9
      -.1     86.6     69.0      5.4  29483.6  30711.9
      -7.8      52.1       2.4      48.0
       -.6      23.4       1.5      14.9
       -.4      19.0       1.4       9.6
       -.5      17.8       1.4       8.2
 56037  -.165103  -.866792  -.470544
  55701.0  14004.9      -.1     43.3     69.1     28.9
      -.1     86.6     69.1     57.7  30154.3  31080.8
      -9.2      48.9      -1.1      50.6
       -.6      23.4       1.2      16.9
       -.4      19.1       1.6      10.9
       -.2      18.1       1.8       9.1
 56038  -.243541  -.852392  -.462727
  56627.7  13747.4      -.1     43.3     69.1     28.9
      -.1     86.6     69.1     57.7  31058.8  31941.4
      -8.5      51.7      -2.0      46.1
       -.6      23.5        .8      17.4
       -.2      19.0       1.2      11.9
       -.5      18.1       1.2      10.4
 56039  -.317480  -.833386  -.452409
  57664.0  13477.3      -.1     43.3     69.1     28.9
      -.1     86.6     69.1     57.7  30575.8  31761.3
      -9.4      53.8      -3.4      42.6
       -.2      23.8        .8      17.8
        .0      18.7        .9      12.5
       -.4      18.1        .9      10.8
 56040  -.386057  -.810720  -.440105
  58972.5  12642.9      -.1     43.3     69.1     28.9
      -.1     86.6     69.1     57.7  32064.8  33269.4
     -11.2      52.0      -2.3      42.5
       -.4      23.5        .3      19.0
       -.5      18.6        .5      13.8
       -.1      17.7        .7      12.2
 56041  -.448787  -.785377  -.426348
  60971.2  12271.7      -.1     43.3     69.1     28.9
      -.1     86.6     69.1     57.7  33379.6  34400.5
      -8.1      52.4      -3.1      42.6
       -.3      23.4        .0      18.5
       -.5      18.7        .2      13.8
        .0      17.8        .5      12.1
 56042  -.505524  -.758286  -.411641
  63360.7  11499.6      -.1     43.3     69.1     28.9
      -.1     86.6     69.1     57.7  34691.4  35701.0
     -11.8      57.1      -5.2      42.4
      -1.0      23.7       -.3      20.7
       -.2      18.6        .1      15.3
       -.2      17.2        .3      13.5
 56043  -.556388  -.730259  -.396426
  65729.3  11057.1      -.1     43.3     69.1     28.9
      -.1     86.6     69.1     57.7  36302.4  37593.5
     -10.4      54.6      -5.2      39.8
       -.6      23.3       -.1      19.4
        .3      18.4        .2      14.9
       -.1      16.8        .1      13.4
 56044  -.601687  -.701968  -.381068
  68140.0  10479.3      -.1     43.3     69.1     28.9
      -.1     86.6     69.1     57.7  37172.1  38937.0
      -7.5      54.5      -4.5      41.0
       -.6      23.5       -.4      21.5
       -.4      18.0       -.2      16.1
       -.3      17.0       -.2      14.8
 56045  -.641844  -.673936  -.365851
  71149.8  10227.0      -.1     43.3     69.1     28.9
      -.1     86.6     69.1     57.7  38677.0  40348.1
      -8.3      58.1      -5.1      38.9
       -.9      23.5      -1.0      20.6
       -.3      17.8       -.2      15.8
       -.4      16.6       -.2      14.3
 56046  -.677337  -.646549  -.350984
  73769.6   9852.9      -.1     43.3     69.1     28.9
      -.1     86.6     69.1     57.7  41177.6  42305.8
      -9.1      56.0      -6.6      40.7
       -.2      23.2       -.4      21.8
       -.5      17.7       -.4      17.2
       -.4      16.7       -.6      15.8
 56047  -.708659  -.620076  -.336613
  77017.9   9691.9      -.1     43.3     69.1     28.9
      -.1     86.6     69.1     57.7  43080.4  44768.8
      -6.5      53.7      -4.3      35.6
       -.6      22.9       -.6      20.5
       -.2      17.7       -.5      16.5
        .1      16.1       -.2      15.3
 56048   .482910  -.845093  -.229382
 114886.7  14963.0      -.1     43.3     69.1     28.9
      -.1     86.6     69.1     57.7  67168.5  69301.2
      -7.6      54.8       7.0      54.7
      -1.1      22.2       1.4      21.2
       -.5      16.8        .9      12.4
       -.3      15.0        .7      10.0
 56049   .451149  -.861285  -.233777
 112512.5  14684.3      -.1     43.3     69.1     28.9
      -.1     86.6     69.1     57.7  65780.7  67962.2
      -9.8      52.1      11.1      58.6
      -1.7      22.1       2.2      22.9
       -.6      16.5        .8      11.1
       -.2      15.4        .9       9.4
 56050   .417577  -.876913  -.238019
 110793.7  14512.9      -.1     43.3     69.1     28.9
      -.1     86.6     69.1     57.7  63203.9  66415.5
     -11.2      49.3       9.3      66.1
      -1.3      22.6       2.1      22.5
       -.5      16.8       1.4      11.1
       -.6      15.6       1.5       9.1
 56051   .382204  -.891810  -.242063
 108772.5  14206.1      -.1     43.3     69.1     28.9
      -.1     86.6     69.1     57.7  64296.0  66094.9
     -14.2      55.5      11.9      66.8
      -1.4      23.4       2.0      21.0
       -.2      16.8       1.1       9.8
       -.5      15.4       1.3       8.3
 56052   .345068  -.905804  -.245861
 107021.1  13919.2      -.1     43.3     69.1     28.9
      -.1     86.6     69.1     57.7  63375.8  65010.8
     -12.2      50.9      12.4      73.8
      -1.3      22.6       3.2      22.9
       -.5      16.9       2.2      10.0
       -.8      15.7       2.3       8.1
 56053   .306238  -.918714  -.249365
 105495.9  13748.4      -.1     43.3     69.1     28.9
      -.1     86.6     68.5      3.3  62396.0  64174.7
      -8.2      48.1      10.2      73.9
      -1.2      21.9       2.8      20.9
       -.3      17.0       2.0       8.7
       -.9      16.0       2.1       7.0
 56054   .265817  -.930361  -.252527
 104589.0  13711.6      -.1     43.3     69.1     28.9
      -.1     86.6     68.0     15.4  60286.3  62509.6
     -12.0      54.0       5.3      76.8
       -.7      22.7       3.3      23.3
       -.3      17.2       3.1       8.3
       -.7      15.8       3.3       6.5
 56055   .223945  -.940570  -.255298
 103425.9  13541.0      -.1     43.3     68.6      1.8
      -.1     86.6     68.1     28.5  60410.8  62367.3
     -10.1      51.1      12.5      87.2
      -1.4      23.1       2.8      23.1
       -.6      17.0       2.9       7.5
       -.7      16.0       3.0       5.5
 56056   .180796  -.949177  -.257634
 102374.2  13329.6      -.1     43.3     67.4     13.3
      -.1     86.6     67.5     41.7  59992.8  61729.1
     -15.7      55.7      11.9      98.0
      -1.0      22.2       2.9      30.5
       -.9      17.2       3.0       8.0
       -.8      16.0       3.1       4.6
 56057   .136577  -.956038  -.259496
 101869.4  13316.4      -.1     43.3     71.3     23.0
      -.1     86.6     71.3     51.5  58556.7  61232.1
     -11.1      50.8       7.8     107.7
      -1.0      22.3       2.4      50.7
       -.4      17.7       1.9      14.8
       -.7      16.0       2.3       4.8
 56058   .091527  -.961030  -.260851
 101135.1  13201.3      -.1     43.3     71.3     14.5
      -.1     86.6     71.3     43.1  59014.9  60731.5
     -13.9      57.8       4.6      96.4
      -1.4      22.3       3.0      33.7
       -.6      17.5       2.1       8.2
       -.7      16.0       2.2       4.6
 56059   .068771  -.962796  -.261330
 100905.1  13112.6      -.1     43.3     70.7      8.2
      -.1     86.6     70.7     36.6  58241.6  60413.5
     -12.5      48.5       8.5      88.8
      -1.2      22.8       2.1      26.9
       -.7      17.8       2.1       7.4
       -.6      15.9       2.3       4.8
 56060   .045908  -.964064  -.261674
 100819.8  13106.2      -.1     43.3     70.1      2.0
      -.1     86.6     70.2     30.4  58644.2  60188.0
     -12.8      51.0       4.5      83.8
      -1.1      23.1       2.2      24.8
       -.9      17.4       2.1       7.1
       -.9      15.8       2.1       5.2
 56061   .022972  -.964827  -.261882
 100538.8  13147.7      -.1     43.3     69.1     28.9
      -.1     86.6     70.2     23.7  59042.6  60627.6
     -10.6      54.0       3.7      75.2
      -1.4      22.6       2.7      23.0
       -.9      17.5       2.5       7.6
       -.6      15.9       2.5       5.5
 56062   .000000  -.965081  -.261951
 100591.8  13160.1      -.1     43.3     69.1     28.9
      -.1     86.6     69.7     17.0  57382.4  59691.1
      -8.8      49.9       4.8      74.5
      -1.0      22.7       2.6      21.9
       -.5      17.4       2.3       7.6
       -.7      16.1       2.3       5.8
 56063  -.022972  -.964827  -.261882
 100455.7  13112.8      -.1     43.3     69.1     28.9
      -.1     86.6     69.8     10.5  58055.2  60074.8
     -10.0      54.1       3.5      74.3
      -1.0      22.4       1.5      20.5
       -.7      17.6       1.9       8.2
       -.4      16.1       2.1       6.2
 56064  -.045908  -.964064  -.261674
 100390.8  13097.4      -.1     43.3     69.1     28.9
      -.1     86.6     69.4      4.2  58861.9  60397.6
     -12.2      51.3       3.5      77.5
       -.9      22.2       1.1      19.3
       -.7      17.7       1.4       7.9
       -.7      15.9       1.5       6.3
 56065  -.068771  -.962796  -.261330
 100867.5  13154.2      -.1     43.3     69.1     28.9
      -.1     86.6     69.1     57.7  58375.7  60506.6
     -11.9      53.0       4.0      70.9
      -1.2      22.5       1.4      19.6
       -.6      17.7       1.5       8.0
       -.5      16.2       1.4       6.5
 56066  -.091527  -.961030  -.260851
 100933.9  13270.1      -.1     43.3     69.1     28.9
      -.1     86.6     69.1     57.7  58287.3  59738.0
      -7.9      46.9       1.8      66.9
      -1.1      22.9       1.2      19.6
       -.7      17.5       1.5       9.4
       -.7      16.2       1.5       7.3
 56067  -.136577  -.956038  -.259496
 100962.4  13176.5      -.1     43.3     69.1     28.9
      -.1     86.6     69.1     57.7  59238.4  60866.3
      -9.8      55.0       1.6      60.7
       -.8      23.0        .8      17.9
       -.6      17.2        .8       9.1
       -.4      16.3       1.0       7.5
 56068  -.180796  -.949177  -.257634
 101722.0  13272.2      -.1     43.3     69.1     28.9
      -.1     86.6     69.1     57.7  59333.4  61352.4
      -7.0      48.4       -.1      58.9
      -1.2      22.5        .3      16.9
       -.3      17.6        .8      10.0
       -.5      16.1        .8       8.4
 56069  -.223945  -.940570  -.255298
 102762.6  13403.2      -.1     43.3     69.1     28.9
      -.1     86.6     69.1     57.7  59856.0  61555.4
     -10.9      56.7       -.9      50.9
       -.6      23.0        .0      18.1
       -.2      17.5        .5      10.6
       -.6      16.0        .3       8.8
 56070  -.265817  -.930361  -.252527
 103815.3  13494.2      -.1     43.3     69.1     28.9
      -.1     86.6     69.1     57.7  60555.8  62867.8
      -9.1      49.7      -6.2      55.3
       -.8      22.7        .3      17.7
       -.5      17.2        .4      11.1
       -.6      16.2        .0       9.5
 56071  -.306238  -.918714  -.249365
 105046.9  13547.0      -.1     43.3     69.1     28.9
      -.1     86.6     69.1     57.7  61789.5  63259.3
     -11.6      51.2      -5.3      51.5
       -.8      23.0       -.1      18.2
       -.4      17.6        .1      11.7
       -.2      15.9        .1       9.9
 56072  -.345068  -.905804  -.245861
 106358.6  13619.3      -.1     43.3     69.1     28.9
      -.1     86.6     69.1     57.7  62208.0  63923.4
      -9.9      52.6      -4.8      47.4
       -.9      22.6       -.3      17.0
       -.3      17.1        .0      11.7
       -.3      16.2        .0      10.4
 56073  -.382204  -.891810  -.242063
 108125.1  13571.8      -.1     43.3     69.1     28.9
      -.1     86.6     69.1     57.7  63143.5  65029.9
      -9.5      50.3      -4.4      42.9
       -.7      23.0       -.6      19.3
       -.4      17.2       -.1      12.7
       -.5      15.7       -.1      11.1
 56074  -.417577  -.876913  -.238019
 109727.0  13442.7      -.1     43.3     69.1     28.9
      -.1     86.6     69.1     57.7  63953.2  66068.1
     -13.8      55.7      -6.9      41.6
      -1.0      23.0       -.6      17.9
       -.3      17.1       -.3      12.5
       -.6      15.7       -.5      11.0
 56075  -.451149  -.861285  -.233777
 111744.4  13306.8      -.1     43.3     69.1     28.9
      -.1     86.6     69.1     57.7  64375.2  67308.0
      -9.4      53.2      -3.6      42.2
       -.5      22.7       -.5      18.7
       -.3      16.9       -.4      13.9
       -.4      15.9       -.3      12.2
 56076  -.482910  -.845093  -.229382
 113489.8  13009.0      -.1     43.3     69.1     28.9
      -.1     86.6     69.1     57.7  67490.9  69578.4
      -9.7      50.1      -5.0      36.2
      -1.0      21.7       -.7      17.9
       -.2      16.8       -.3      13.1
       -.3      15.5       -.3      11.7
 56077   .337328  -.927651  -.160231
 164140.1  14003.5      -.1     43.3     69.1     28.9
      -.1     86.6     69.1     57.7 100280.8 103375.0
      -8.9      48.3       6.7      63.7
      -1.6      22.8       1.6      23.9
       -.8      17.4       1.0      11.4
       -.2      16.3        .7       8.9
 56078   .312066  -.936198  -.161707
 162824.8  13794.3      -.1     43.3     69.1     28.9
      -.1     86.6     69.1     57.7  99061.5 102198.2
     -11.2      50.5       9.2      71.6
      -1.5      22.3       2.1      24.2
       -.7      17.2       1.0      10.2
       -.4      16.1        .5       8.1
 56079   .286124  -.944211  -.163091
 161474.3  13691.0      -.1     43.3     69.1     28.9
      -.1     86.6     69.1     57.7  98317.6 101232.5
     -10.3      49.6       7.1      76.2
      -1.5      23.1       2.4      26.1
       -.5      17.3       1.2      10.5
       -.8      16.3       1.4       8.0
 56080   .259539  -.951641  -.164374
 160112.6  13656.3      -.1     43.3     69.1     28.9
      -.1     86.6     69.1     57.7  97165.3 100204.3
      -9.5      47.8       8.8      80.3
      -1.6      23.6       2.3      26.6
       -.6      17.6       1.0       9.2
       -.5      16.3       1.0       7.2
 56081   .232349  -.958440  -.165549
 159287.4  13589.1      -.1     43.3     69.1     28.9
      -.1     86.6     69.1     57.7  97633.3 100007.2
      -9.5      47.4       9.8      85.8
      -1.6      23.8       3.4      28.1
       -.7      17.7       2.1      10.1
       -.3      16.5       1.9       7.3
 56082   .204604  -.964562  -.166606
 158097.0  13423.4      -.1     43.3     69.1     28.9
      -.1     86.6     68.5      2.3  96182.8  98633.4
     -10.8      47.3      11.7      89.5
      -1.0      22.6       2.5      28.5
       -.7      17.7       1.9       9.1
       -.5      16.3       1.9       6.4
 56083   .176357  -.969963  -.167539
 157730.0  13392.0      -.1     43.3     69.1     28.9
      -.1     86.6     68.0     14.0  96359.6  99387.1
     -10.0      49.3      12.3      93.0
      -1.5      22.7       3.4      31.7
       -.8      17.8       2.9       9.2
       -.8      16.6       2.9       6.5
 56084   .147667  -.974605  -.168341
 157185.7  13280.2      -.1     43.3     69.1     28.9
      -.1     86.6     67.7     27.5  96256.7  98594.5
      -7.9      45.3       9.4      99.4
      -1.3      23.4       3.0      32.4
       -.5      17.5       3.0       9.2
       -.7      16.1       2.9       5.8
 56085   .118600  -.978453  -.169006
 156072.4  13166.1      -.1     43.3     67.4     12.5
      -.1     86.6     67.5     40.9  94954.3  97686.6
     -11.4      50.6       9.9     111.5
      -1.3      22.4       3.0      44.9
       -.8      17.9       2.7      11.8
       -.8      16.6       2.8       5.3
 56086   .089225  -.981478  -.169528
 155517.6  13258.9      -.1     43.3     71.1     22.8
      -.1     86.6     71.1     50.8  94134.3  96935.3
     -14.3      56.5       2.8     118.3
      -1.9      23.6       3.1      61.7
       -.7      17.7       2.5      21.7
       -.9      16.1       2.1      10.3
 56087   .059616  -.983656  -.169904
 155542.1  13184.3      -.1     43.3     71.4     14.1
      -.1     86.6     71.5     42.5  94676.7  96991.8
     -11.9      49.8       9.6     114.5
      -1.4      23.7       2.7      48.3
       -.7      17.7       2.2      15.4
       -.5      16.4       2.3       5.7
 56088   .044746  -.984421  -.170036
 155363.4  13136.2      -.1     43.3     71.0      7.6
      -.1     86.6     71.1     36.2  94151.0  97891.8
     -12.5      53.9      12.6     105.6
      -1.6      23.8       2.4      40.7
       -.9      18.0       2.4      11.2
       -.6      16.4       2.3       6.7
 56089   .029848  -.984969  -.170131
 154969.3  13105.7      -.1     43.3     69.7     24.2
      -.1     86.6     71.3     29.6  93094.4  97425.3
     -13.3      53.1       8.0     104.7
      -2.0      23.3       2.1      34.7
       -.8      17.7       2.2      11.1
      -1.1      16.4       2.2       6.2
 56090   .014929  -.985299  -.170188
 155063.8  13137.6      -.1     43.3     69.1     28.9
      -.1     86.6     70.8     22.9  93103.5  97218.5
     -12.4      52.4      11.4     101.2
      -1.4      23.3       2.7      31.0
       -.5      17.8       2.7       8.6
       -.7      16.3       2.6       5.1
 56091   .000000  -.985408  -.170207
 154966.7  13211.1      -.1     43.3     69.1     28.9
      -.1     86.6     70.4     16.3  93818.8  96495.8
     -12.5      51.1       5.7      96.7
      -1.4      23.5       1.9      31.2
       -.8      17.6       2.5      10.2
       -.9      16.6       2.4       5.6
 56092  -.014929  -.985299  -.170188
 155055.3  13193.1      -.1     43.3     69.1     28.9
      -.1     86.6     70.2      9.5  94034.6  96934.1
      -9.0      49.2       4.5      89.7
      -1.6      23.4       1.6      29.0
       -.7      17.7       2.1       8.9
       -.6      16.5       2.1       6.3
 56093  -.029848  -.984969  -.170131
 155207.3  13207.3      -.1     43.3     69.1     28.9
      -.1     86.6     69.9      2.9  94124.2  97428.9
     -13.3      51.9       6.5      88.1
      -1.2      22.9       1.5      28.5
       -.7      17.6       1.3       8.6
       -.5      16.4       1.5       5.8
 56094  -.044746  -.984421  -.170036
 155178.1  13152.7      -.1     43.3     69.1     28.9
      -.1     86.6     69.1     57.7  94661.2  97298.2
     -12.2      54.6      -1.0      87.5
      -1.3      23.5       1.4      27.2
       -.7      17.9       1.5       8.4
       -.9      16.4       1.5       6.1
 56095  -.059616  -.983656  -.169904
 154948.6  13125.6      -.1     43.3     69.1     28.9
      -.1     86.6     69.1     57.7  94510.9  96893.7
     -10.0      53.8       2.4      83.0
      -1.5      23.5       1.3      26.2
       -.6      17.9       1.6       9.3
      -1.2      16.7       1.7       6.4
 56096  -.089225  -.981478  -.169528
 155096.1  13215.6      -.1     43.3     69.1     28.9
      -.1     86.6     69.1     57.7  94208.8  97468.1
     -10.5      49.8       3.7      73.3
      -1.2      22.5        .9      23.3
       -.7      17.9        .6       8.8
       -.8      16.4        .7       6.5
 56097  -.118600  -.978453  -.169006
 155793.8  13270.9      -.1     43.3     69.1     28.9
      -.1     86.6     69.1     57.7  94691.7  96990.4
     -12.0      52.8       1.9      69.9
      -1.7      23.5        .7      21.0
       -.8      17.9        .8       9.2
       -.7      16.6        .8       7.3
 56098  -.147667  -.974605  -.168341
 155967.6  13196.4      -.1     43.3     69.1     28.9
      -.1     86.6     69.1     57.7  94206.5  97140.9
      -9.2      46.5      -1.0      60.9
      -1.2      22.9       -.1      21.5
       -.8      17.8        .3       9.2
       -.9      16.4        .1       7.3
 56099  -.176357  -.969963  -.167539
 156896.3  13346.3      -.1     43.3     69.1     28.9
      -.1     86.6     69.1     57.7  95266.2  98230.1
      -8.6      48.6      -2.3      65.1
      -1.3      22.5        .0      20.7
       -.4      17.7        .2      10.4
       -.3      16.8        .3       7.9
 56100  -.204604  -.964562  -.166606
 157837.1  13403.5      -.1     43.3     69.1     28.9
      -.1     86.6     69.1     57.7  95837.2  98190.3
      -8.7      49.0      -4.9      53.4
      -1.2      22.7       -.1      19.9
       -.6      17.7       -.2       9.9
       -.5      16.4        .0       8.3
 56101  -.232349  -.958440  -.165549
 158689.4  13395.2      -.1     43.3     69.1     28.9
      -.1     86.6     69.1     57.7  95916.2  98491.4
     -11.5      50.6      -6.0      53.6
      -1.1      23.0       -.3      19.0
       -.5      17.8        .0      10.5
       -.7      16.6        .0       8.6
 56102  -.259539  -.951641  -.164374
 159502.1  13605.6      -.1     43.3     69.1     28.9
      -.1     86.6     69.1     57.7  96953.3  99289.3
      -9.6      47.5      -4.5      50.5
      -1.0      22.7       -.6      19.0
       -.5      17.8       -.2      10.5
       -.6      16.4       -.2       8.9
 56103  -.286124  -.944211  -.163091
 160415.0  13628.3      -.1     43.3     69.1     28.9
      -.1     86.6     69.1     57.7  99457.0 101306.8
      -7.3      47.1      -3.3      46.2
      -1.0      23.1       -.6      18.7
       -.4      17.7       -.3      11.0
       -.2      16.5       -.3       9.3
 56104  -.312066  -.936198  -.161707
 161783.9  13677.2      -.1     43.3     69.1     28.9
      -.1     86.6     69.1     57.7  98091.7 101594.3
     -14.6      53.2      -7.2      47.9
      -1.1      22.9       -.9      18.6
       -.7      17.6       -.5      11.4
       -.2      16.8       -.2      10.1
 56105  -.337328  -.927651  -.160231
 163453.4  13771.5      -.1     43.3     69.1     28.9
      -.1     86.6     69.1     57.7 101180.9 102881.1
     -11.8      52.2      -7.8      42.2
      -1.5      24.0       -.9      17.9
       -.2      17.5       -.3      11.4
       -.5      16.3       -.5       9.9
