OCR_prd2017clk:newR11@-200V,3.8T@20d,263K,rhe=1.10,rhh=0.7,0.00/0.00            
   554   1  3.80  28   3  29   3  200.00  263.00     .00 1.13000   650.0   20.61  -37.16  150.000  100.000  290.000  1150.0   10.30  -18.58    1.50    1.00     .85
 57831  -.105170   .946530  -.304993
  88786.5  13559.1     10.3     43.3    -15.5     10.6
     10.3     86.6    -15.5     38.8  52511.7  53936.7
      13.6      55.6      -9.1      85.8
        .3      22.9        .6      19.8
       -.2      17.8       1.2       5.2
       -.3      16.4       1.2       3.0
 57832  -.113613   .937303  -.329476
  81930.6  13630.9     10.3     43.3    -15.5     10.8
     10.3     86.6    -15.5     39.0  47964.2  49071.6
      10.3      51.8      -5.4      78.0
        .1      23.3        .9      21.1
       -.3      19.0       1.2       3.9
       -.1      18.0       1.1       3.0
 57833  -.123410   .925573  -.357888
  75723.0  13849.9     10.3     43.3    -15.4     10.9
     10.3     86.6    -15.6     39.3  43197.9  44857.9
       9.6      50.7      -6.9      76.8
        .2      22.4        .6      17.7
       -.4      17.1       1.1       4.2
       -.1      15.8       1.1       3.0
 57834  -.134874   .910397  -.391134
  69299.1  13968.6     10.3     43.3    -15.5     11.1
     10.3     86.6    -15.5     39.5  39964.5  40722.7
       9.7      54.0      -6.5      78.9
       -.2      23.3        .8      16.9
       -.5      18.2       1.1       4.0
       -.5      17.2       1.0       3.4
 57835  -.148397   .890380  -.430350
  62814.6  14314.4     10.3     43.3    -15.5     11.5
     10.3     86.6    -15.7     39.9  35162.2  36520.8
       8.3      52.6      -3.9      64.6
       -.2      22.1        .8      13.3
       -.7      16.5       1.2       4.0
       -.2      15.2       1.0       3.2
 57836  -.164460   .863416  -.476934
  56897.4  14698.5     10.3     43.3    -15.6     11.6
     10.3     86.6    -15.7     39.9  31412.3  32602.5
      10.3      53.5      -6.2      66.7
        .2      22.7        .7      12.5
       -.4      18.1       1.0       4.1
       -.4      17.1       1.0       3.5
 57837  -.183618   .826279  -.532491
  51137.7  15379.9     10.3     43.3    -15.9     11.9
     10.3     86.6    -16.0     40.2  28156.8  28967.6
       7.3      51.2      -6.9      61.6
       -.6      21.5        .8      11.2
       -.6      16.1       1.0       4.8
       -.6      14.1       1.0       3.7
 57838  -.206405   .774019  -.598575
  45634.1  16493.4     10.3     43.3    -15.9     12.2
     10.3     86.6    -15.9     40.4  24693.3  25520.2
       8.9      55.6      -5.1      59.0
       -.2      22.3        .6      10.6
       -.2      17.0       1.0       4.6
       -.1      15.7       1.0       3.9
 57839  -.233063   .699189  -.675882
  40340.8  18192.3     10.3     43.3    -16.0     12.5
      9.9     14.9    -16.0     40.9  21002.4  21760.7
       7.6      58.1      -5.6      55.1
       -.6      26.2       1.0       8.7
       -.4      17.7       1.0       5.1
       -.4      14.5       1.0       4.2
 57840  -.262862   .591440  -.762300
  35971.3  21902.5     10.3     43.3    -16.3     12.9
      9.8     34.3    -16.4     41.1  18319.8  19192.7
       6.3      56.6      -2.3      50.8
       -.3      24.3        .9       8.9
       -.6      16.2       1.0       5.1
       -.6      12.7       1.0       4.4
 57841  -.292854   .439281  -.849276
  32262.2  25863.3      9.8     12.9    -16.3     13.0
      9.8     53.7    -16.3     41.3  16104.6  16776.1
       4.7      52.7      -5.5      55.2
       -.5      14.0        .9       8.3
       -.5       9.3       1.0       5.2
       -.5       7.7        .9       4.6
 57842  -.316664   .237498  -.918324
  29947.2  24687.4      9.7     31.6    -16.4     13.9
      9.5     72.6    -16.4     41.5  14754.3  15308.9
       5.0      57.4      -4.6      51.9
       -.3       7.6        .9       7.7
       -.5       5.0        .9       5.3
       -.5       5.0        .9       4.7
 57843  -.325991   .000000  -.945373
  29215.9  24050.1     10.1     37.2    -16.6     13.0
     10.3     79.9    -16.6     41.6  14412.7  14856.5
      -1.6      63.2      -3.8      48.9
      -1.0       9.7       1.0       7.5
       -.8       5.0       1.0       5.1
       -.8       5.0        .9       4.6
 57844  -.323582  -.121343  -.938387
  29365.3  24163.2     10.1     28.7    -16.6     13.0
     10.2     71.2    -16.6     41.4  14325.0  14842.3
      -3.1      59.1      -1.7      51.5
      -1.0       7.8        .9       7.6
       -.8       5.0       1.1       5.1
       -.9       5.0        .9       4.5
 57845  -.316664  -.237498  -.918324
  29877.2  24701.4      9.8     20.2    -16.4     12.9
      9.8     61.8    -16.4     41.5  14789.5  15305.1
      -5.2      54.9      -2.5      51.6
       -.9      10.5       1.0       7.3
       -.6       7.1       1.1       4.9
       -.9       6.1        .9       4.4
 57846  -.306058  -.344315  -.887567
  30688.0  24881.6      9.9     12.0    -16.6     12.8
      9.8     52.3    -16.6     41.3  15370.8  15860.2
      -3.8      47.1        .5      48.1
       -.9      14.7        .9       7.5
       -.8       9.7        .9       4.8
       -.8       8.0        .9       4.2
 57847  -.292854  -.439281  -.849276
  32216.1  23407.2      9.5      6.9    -16.4     12.7
     10.0     42.7    -16.3     41.2  16025.0  16543.1
      -5.0      51.0        .0      50.2
      -1.3      19.2        .8       7.7
       -.8      12.4       1.1       4.7
       -.8      10.2        .9       4.2
 57848  -.278147  -.521525  -.806626
  33853.1  20912.4     10.3     43.3    -16.3     12.5
      9.8     33.0    -16.4     41.1  17215.3  17765.7
      -4.4      55.3       -.5      51.7
      -1.2      24.5       1.0       8.0
       -.8      16.4        .9       4.7
      -1.2      13.3       1.0       4.0
 57849  -.262862  -.591440  -.762300
  35655.4  18828.1     10.3     43.3    -16.6     12.3
     10.1     23.2    -16.5     41.0  18279.3  18871.7
      -7.5      57.1      -1.1      50.8
      -1.2      27.1       1.0       7.3
      -1.4      18.4       1.0       4.4
      -1.0      15.1       1.0       4.0
 57850  -.233063  -.699189  -.675882
  40249.0  16455.4     10.3     43.3    -16.3     12.1
      9.8      6.9    -16.2     40.6  20960.1  21483.4
      -8.7      50.1        .5      54.0
      -1.4      23.9        .9       9.0
       -.9      16.9       1.1       4.3
      -1.0      15.1       1.1       3.7
 57851  -.206405  -.774019  -.598575
  45483.0  15089.4     10.3     43.3    -16.1     11.7
     10.3     86.6    -16.1     40.2  24487.6  25282.3
      -6.6      50.2       3.2      59.5
      -1.1      22.9        .9      10.1
      -1.1      17.5       1.0       4.2
       -.9      16.4        .9       3.4
 57852  -.183618  -.826279  -.532491
  50649.3  14186.4     10.3     43.3    -15.9     11.4
     10.3     86.6    -16.0     39.8  27819.1  28899.0
     -10.9      51.5       2.4      61.8
       -.9      21.5       1.2       9.8
       -.6      16.4       1.1       3.9
       -.8      14.6       1.1       3.2
 57853  -.164460  -.863416  -.476934
  56739.0  13786.2     10.3     43.3    -16.0     11.3
     10.3     86.6    -16.0     39.8  31529.4  32438.3
      -9.2      51.9       2.6      65.5
      -1.0      23.5       1.2      12.2
       -.7      18.3       1.1       3.8
       -.8      18.0       1.2       3.0
 57854  -.148397  -.890380  -.430350
  62653.1  13522.7     10.3     43.3    -16.0     11.0
     10.3     86.6    -15.8     39.5  35179.6  36060.5
     -11.3      51.0       3.0      70.3
      -1.3      21.6       1.2      13.1
       -.6      16.9       1.1       3.8
       -.8      15.3       1.1       3.0
 57855  -.134874  -.910397  -.391134
  68867.5  13279.0     10.3     43.3    -15.8     10.7
     10.3     86.6    -15.9     39.3  39062.5  40508.8
      -9.7      50.8       4.3      74.9
      -1.1      23.7       1.4      14.5
       -.9      18.9       1.1       3.8
       -.5      18.1       1.1       3.0
 57856  -.123410  -.925573  -.357888
  75426.6  13183.9     10.3     43.3    -15.7     10.7
     10.3     86.6    -15.8     39.2  42828.1  44692.3
     -11.4      50.4       6.9      75.8
      -1.2      22.1       1.6      18.6
       -.6      17.2       1.1       4.1
       -.8      15.6       1.2       3.0
 57857  -.113613  -.937303  -.329476
  81778.5  13144.6     10.3     43.3    -15.7     12.2
     10.3     86.6    -15.6     39.0  46985.1  48593.8
     -11.0      52.8       5.2      82.2
      -1.0      24.0       1.6      19.0
       -.4      19.4       1.2       3.5
       -.8      18.5       1.1       3.0
 57858  -.105170  -.946530  -.304993
  88364.8  13171.3     10.3     43.3    -15.6     10.4
     10.3     86.6    -15.7     38.9  51513.6  53088.6
      -9.2      52.1       6.7      85.4
      -1.3      22.0       1.7      20.5
       -.7      17.4       1.2       4.9
       -.8      15.9       1.2       3.0
 57859   .863216  -.064741  -.500666
  53550.2   9035.9     10.1     27.2    -18.6     28.9
     10.3     69.7    -18.6     57.7  30350.7  31088.1
       1.5      63.0       7.3      35.5
       -.4      11.4       2.5      20.0
       -.7       5.0       1.8      14.9
       -.7       5.0       1.7      13.2
 57860   .838516  -.069876  -.540377
  49765.0   9210.5     10.3     27.3    -18.6     28.9
     10.6     69.8    -18.6     57.7  27005.0  28055.6
       2.6      62.6       6.9      39.8
       -.8      11.3       1.5      21.6
       -.8       5.0       1.8      15.8
       -.7       5.0       1.8      13.9
 57861   .807288  -.075683  -.585284
  45903.6   9320.3     10.4     27.5    -18.6     28.9
     10.6     70.0    -18.6     57.7  24785.8  25487.8
       3.4      61.8       6.2      37.9
       -.7       8.4       1.8      19.0
       -.6       5.0       1.6      14.2
       -.7       5.0       1.6      12.8
 57862   .767414  -.082223  -.635858
  42231.4   9617.7      9.9     27.9    -18.6     28.9
     10.2     70.2    -18.6     57.7  22312.9  23132.9
        .5      61.4       5.8      39.6
      -1.0       8.7       2.4      20.8
       -.7       5.0       1.7      15.3
       -.7       5.0       1.5      13.5
 57863   .716102  -.089513  -.692232
  38740.7  10223.4     10.5     28.1    -18.6     28.9
     10.7     70.3    -18.6     57.7  20662.2  21275.2
       3.0      58.3       5.9      40.0
       -.7       8.5       2.0      18.7
       -.7       5.0       1.3      13.4
       -.8       5.0       1.6      11.9
 57864   .649830  -.097475  -.753803
  35771.4  10959.0     10.2     28.3    -18.6     28.9
     10.4     70.5    -18.6     57.7  18021.6  18928.3
       3.1      60.4       6.4      41.2
       -.9       7.8       1.7      20.1
       -.7       5.0       1.6      14.1
       -.7       5.0       1.4      12.5
 57865   .564543  -.105852  -.818588
  32998.6  12218.8      9.9     28.6    -18.6     28.9
     10.1     70.9    -18.5      6.6  16617.0  17276.2
       1.8      58.0       4.7      40.9
       -.6       7.4       1.3      17.8
       -.8       5.0       1.5      12.2
       -.8       5.0       1.4      10.6
 57866   .456422  -.114106  -.882416
  30802.1  14150.2      9.6     28.5    -18.6     28.9
      9.8     70.9    -17.0     11.3  15598.8  16007.5
       1.7      57.1       4.8      39.9
       -.7       7.9       1.5      18.1
       -.7       5.0       1.4      12.0
       -.8       5.0       1.2      10.4
 57867   .323582  -.121343  -.938387
  28958.9  18004.7     10.3     29.0    -18.6     28.9
     10.4     71.1    -17.2     23.3  14292.0  14840.4
       3.1      49.5       4.1      39.0
       -.5       7.1       1.3      15.4
       -.6       5.0       1.1      10.4
       -.8       5.0       1.1       8.5
 57868   .168544  -.126408  -.977555
  28076.5  22803.4      9.9     29.1    -17.0      7.7
     10.1     71.0    -17.0     35.8  13375.6  14030.3
        .4      56.8       2.5      40.5
       -.9       7.6       1.3       9.8
       -.7       5.0       1.2       7.0
       -.8       5.0       1.2       6.0
 57869   .000000  -.128243  -.991743
  27689.6  22812.8     10.1     28.9    -17.3     19.2
     10.2     71.4    -17.4     47.7  13443.2  13947.6
      -3.7      53.4       2.6      51.4
       -.9       7.3       1.3       5.9
       -.6       5.0       1.2       4.0
       -.7       5.0       1.2       3.5
 57870  -.085184  -.127776  -.988138
  27961.7  22962.9     10.0     29.0    -17.8     24.4
     10.3     71.3    -17.8     53.0  13571.4  14145.7
      -3.2      52.2       -.6      64.4
       -.9       8.0       1.4       9.3
       -.7       5.0        .9       3.2
       -.7       5.0        .9       3.1
 57871  -.168544  -.126408  -.977555
  28271.8  23182.0     10.1     28.9    -16.4     24.1
     10.3     71.2    -16.4     52.7  13857.4  14363.5
      -2.9      52.2      -2.5      62.6
      -1.0       6.9       1.4       6.8
       -.6       5.0       1.3       3.0
       -.7       5.0       1.1       3.0
 57872  -.248443  -.124222  -.960648
  28687.7  23749.8      9.7     28.9    -16.3     18.9
      9.9     71.2    -16.3     47.6  14122.3  14708.2
      -1.3      55.4       2.0      54.0
       -.8       7.5       1.2       6.2
       -.8       5.0       1.2       3.7
       -.8       5.0        .9       3.4
 57873  -.323582  -.121343  -.938387
  29266.1  24175.6     10.0     28.8    -16.7     13.1
     10.3     71.0    -16.5     41.5  14565.3  14986.9
      -3.8      52.6      -3.5      48.1
       -.9       8.1       1.1       7.5
       -.8       5.0       1.0       5.0
       -.9       5.0        .9       4.5
 57874  -.393068  -.117920  -.911917
  29993.9  23913.8     10.1     29.0    -16.7      7.3
     10.4     71.0    -16.7     35.2  15141.6  15531.2
      -3.7      53.3      -3.4      43.0
      -1.0       7.6        .9       9.5
       -.8       5.0       1.0       6.6
       -.8       5.0        .9       5.7
 57875  -.456422  -.114106  -.882416
  31153.5  21957.8     10.0     28.8    -17.3      3.7
     10.3     70.9    -17.0     28.9  15664.0  16261.7
      -3.6      56.4      -2.7      41.4
       -.9       8.0       1.1      12.1
       -.9       5.0        .9       8.4
       -.9       5.0        .9       7.0
 57876  -.513527  -.110042  -.850988
  32184.2  19079.0     10.3     28.6    -18.6     28.9
     10.3     70.8    -16.7     22.5  16041.7  16581.5
      -5.6      56.9      -2.9      40.7
      -1.0       7.6        .4      14.9
       -.8       5.0        .8       9.9
       -.8       5.0        .7       8.4
 57877  -.564543  -.105852  -.818588
  33379.7  16917.3      9.8     28.5    -18.6     28.9
     10.0     70.8    -16.8     16.3  16954.3  17506.7
      -3.3      59.3      -4.3      43.8
       -.9       8.0        .6      16.4
       -.9       5.0        .8      11.1
       -.8       5.0        .8       9.2
 57878  -.649830  -.097475  -.753803
  35976.2  14267.5     10.4     28.2    -18.6     28.9
     10.6     70.7    -16.9      5.6  18438.8  18920.7
      -6.6      57.8      -3.4      40.7
       -.8       8.1        .9      15.7
      -1.0       5.0       1.0      11.0
       -.9       5.0       1.0       9.6
 57879  -.716102  -.089513  -.692232
  39010.5  12683.5     10.3     28.2    -18.6     28.9
     10.6     70.3    -18.6     57.7  20397.4  21192.6
      -2.3      56.7      -3.9      41.3
       -.9       8.0       1.2      18.7
       -.9       5.0        .8      12.9
       -.7       5.0       1.2      10.9
 57880  -.767414  -.082223  -.635858
  42427.3  11619.1     10.5     27.9    -18.6     28.9
     10.8     70.4    -18.6     57.7  22804.0  23362.6
      -3.4      59.4      -4.9      40.4
      -1.2       9.3        .8      18.2
       -.7       5.0       1.3      12.8
       -.8       5.0       1.2      11.2
 57881  -.807288  -.075683  -.585284
  45889.1  10966.7     10.3     27.5    -18.6     28.9
     10.5     70.0    -18.6     57.7  25389.0  25962.2
      -5.8      62.7      -5.8      42.6
       -.8       9.3       1.0      19.5
       -.8       5.0       1.2      14.0
       -.8       5.0       1.2      12.0
 57882  -.838516  -.069876  -.540377
  49864.1  10556.7     10.9     27.4    -18.6     28.9
     10.9     69.8    -18.6     57.7  27299.6  27924.6
     -11.8      62.7      -6.1      40.4
      -1.5      10.4       1.1      19.5
       -.8       5.0       1.3      13.7
       -.8       5.0       1.2      12.4
 57883  -.863216  -.064741  -.500666
  53606.7  10207.5     10.7     27.1    -18.6     28.9
     10.8     69.6    -18.6     57.7  29249.9  30363.0
      -9.1      71.3      -5.7      44.7
      -1.0      12.0       1.1      20.2
       -.8       5.0       1.5      14.6
       -.7       5.0       1.5      12.5
 57884  -.882965  -.060202  -.465563
  57447.7   9939.2     10.3     27.0    -18.6     28.9
     10.4     69.4    -18.6     57.7  32615.5  33613.1
      -9.5      63.3      -4.3      37.8
      -1.3      12.9       1.0      19.7
       -.7       5.0       1.3      14.6
       -.7       5.0       1.6      13.0
 57885  -.898927  -.056183  -.434481
  61633.3   9778.6     10.7     26.9    -18.6     28.9
     10.7     69.3    -18.6     57.7  34900.9  36264.2
      -7.4      66.2      -6.4      38.9
      -1.3      12.8       1.1      20.4
       -.7       5.0       1.5      15.0
       -.6       5.0       1.3      12.9
 57886  -.911966  -.052613  -.406877
  65810.5   9609.1     10.5     26.5    -18.6     28.9
     10.7     69.2    -18.6     57.7  37663.9  38783.9
      -8.0      71.6      -3.8      36.4
      -1.0      13.8       1.0      19.8
       -.6       5.0       1.7      15.1
       -.7       5.0       1.5      13.5
 57887  -.922727  -.049432  -.382272
  69997.7   9499.4     11.1     26.4    -18.6     28.9
     11.1     68.9    -18.6     57.7  40841.2  41630.7
      -7.7      70.0      -4.2      38.4
       -.9      14.1       1.3      20.5
       -.6       5.0       1.6      14.9
       -.8       5.0       1.5      13.3
 57888   .806111  -.362750  -.467544
  57340.2   9853.0     10.3     43.3    -18.6     28.9
     10.2     20.4    -18.6     57.7  31998.7  32902.9
      -1.8      56.9       8.9      36.2
       -.9      25.1       1.8      19.4
      -1.3      16.6       1.9      14.8
       -.8      13.9       1.7      13.5
 57889   .774912  -.387456  -.499388
  53590.6  10129.3     10.3     43.3    -18.6     28.9
     10.1     20.6    -18.6     57.7  29586.2  30487.9
      -1.7      59.0       6.3      38.1
      -1.0      25.8       1.8      21.3
      -1.0      16.9       1.9      15.6
       -.6      13.9       1.4      14.1
 57890   .736803  -.414452  -.534182
  50344.1  10671.6     10.3     43.3    -18.6     28.9
      9.8     21.1    -18.6     57.7  27467.2  28401.9
      -2.8      59.4       7.9      37.7
      -1.3      26.2       2.1      19.2
       -.8      17.1       1.5      14.2
       -.8      14.1       1.6      12.8
 57891   .690099  -.443635  -.571796
  46961.4  11194.2     10.3     43.3    -18.6     28.9
     10.1     21.4    -18.6     57.7  25446.3  26438.1
      -1.4      57.7       7.3      40.5
       -.5      26.6       1.6      20.5
       -.9      17.3       1.6      14.8
       -.7      14.2       1.4      13.2
 57892   .632842  -.474632  -.611748
  43959.9  11999.3     10.3     43.3    -18.6     28.9
     10.0     21.8    -18.6     57.7  23501.3  24089.1
      -3.4      56.5       6.9      39.2
      -1.5      26.6       1.5      18.4
      -1.2      17.5       1.6      13.3
       -.7      14.6       1.5      11.8
 57893   .562936  -.506642  -.653006
  41332.6  13301.2     10.3     43.3    -18.6     28.9
     10.0     22.2    -18.6     57.7  21746.3  22309.4
      -4.5      58.7       6.7      42.3
      -1.0      27.2       1.8      19.0
       -.8      17.8       1.4      13.5
       -.6      14.8       1.3      11.9
 57894   .478468  -.538276  -.693778
  38799.6  14950.9     10.3     43.3    -18.6     28.9
     10.2     22.5    -18.0      8.5  20300.7  20863.5
      -2.9      56.3       7.3      41.0
      -1.3      27.0       1.7      17.1
       -.9      17.8       1.4      11.8
       -.9      14.8       1.3      10.2
 57895   .378295  -.567442  -.731370
  36969.6  16265.0     10.3     43.3    -18.6     28.9
     10.2     22.9    -16.9     10.3  19309.8  19981.0
      -3.4      56.7       6.3      41.6
       -.7      27.4       1.3      16.8
      -1.3      18.1       1.3      11.0
       -.9      14.8       1.2       9.7
 57896   .262862  -.591440  -.762300
  35593.2  17047.9     10.3     43.3    -18.6     28.9
     10.2     23.2    -16.7     22.4  17971.1  18827.4
      -4.8      58.0       4.0      43.1
      -1.3      27.8       1.2      15.1
       -.6      18.5       1.1       9.9
       -.8      15.2       1.0       8.3
 57897   .134975  -.607388  -.782855
  34567.3  17219.8     10.3     43.3    -17.2      7.6
      9.9     23.5    -17.2     35.0  17654.1  18139.3
      -3.5      57.5       5.1      45.2
      -1.0      27.2       1.3       9.8
       -.9      18.3       1.3       6.4
       -.8      15.1       1.1       5.6
 57898   .000000  -.612997  -.790085
  34459.2  17443.8     10.3     43.3    -18.2     18.7
      9.9     23.5    -18.1     47.3  17507.6  17976.5
      -6.8      57.3       3.0      56.8
      -1.2      27.6       1.3       7.5
      -1.0      18.4       1.2       3.6
       -.7      15.0       1.2       3.0
 57899  -.067953  -.611580  -.788259
  34617.9  17591.8     10.3     43.3    -18.7     23.6
     10.1     23.4    -18.6     52.3  17481.1  18147.8
      -6.8      58.2       1.5      72.3
      -1.4      27.5       1.0      11.1
       -.7      18.4        .7       3.0
       -.6      14.9        .9       3.0
 57900  -.134975  -.607388  -.782855
  34919.0  17818.9     10.3     43.3    -16.6     23.4
     10.0     23.4    -16.7     52.1  17682.5  18357.4
      -9.0      57.5        .0      70.1
      -1.3      27.8       2.2      11.3
       -.8      18.5       1.5       3.0
       -.9      15.2       1.3       3.0
 57901  -.200196  -.600588  -.774091
  35275.3  18324.1     10.3     43.3    -16.0     18.1
      9.5     23.3    -16.0     46.9  17896.3  18605.4
      -8.2      58.4        .1      57.5
      -1.6      27.5       1.5       7.3
       -.7      18.6       1.2       3.0
       -.8      15.0       1.1       3.0
 57902  -.262862  -.591440  -.762300
  35683.8  18720.6     10.3     43.3    -16.5     12.2
      9.8     23.1    -16.5     40.9  18113.2  18928.7
      -6.9      58.1       -.8      50.9
      -1.6      27.6       1.0       7.5
      -1.2      18.4       1.0       4.5
       -.9      14.9       1.1       3.9
 57903  -.322373  -.580271  -.747905
  36411.7  19145.4     10.3     43.3    -16.5      6.6
     10.2     23.1    -16.5     34.6  18805.7  19286.7
      -7.0      57.3        .5      44.1
      -1.4      27.5        .9      10.1
      -1.1      18.3        .9       6.3
      -1.0      15.0       1.0       5.3
 57904  -.378295  -.567442  -.731370
  37197.6  19407.5     10.3     43.3    -17.8      3.7
     10.0     22.9    -16.6     28.1  19148.2  19825.5
      -8.6      56.0      -2.9      42.1
      -1.3      27.1        .8      12.2
       -.8      18.3       1.0       7.9
      -1.0      14.7        .9       6.5
 57905  -.430364  -.553325  -.713175
  38033.6  19162.5     10.3     43.3    -18.6     28.9
     10.0     23.0    -16.8     21.9  19694.7  20303.7
      -8.0      57.3       -.3      44.1
      -1.1      27.3        .9      14.6
      -1.3      17.7        .6       9.4
      -1.0      14.7       1.0       7.9
 57906  -.478468  -.538276  -.693778
  38996.9  18173.1     10.3     43.3    -18.6     28.9
      9.8     22.7    -16.5     15.5  20582.5  21165.3
      -6.8      56.6       -.5      42.9
      -1.1      26.9        .5      16.1
       -.8      17.9        .8      10.5
       -.9      14.7        .8       8.8
 57907  -.562936  -.506642  -.653006
  41444.2  15619.9     10.3     43.3    -18.6     28.9
     10.0     22.4    -17.1      4.9  21753.4  22449.0
      -7.0      57.4      -3.0      40.5
      -1.1      26.6        .8      15.5
       -.8      17.5       1.3      10.5
       -.8      14.5       1.2       9.2
 57908  -.632842  -.474632  -.611748
  44143.5  13802.7     10.3     43.3    -18.6     28.9
     10.1     21.9    -18.6     57.7  23827.3  24515.4
      -6.4      57.1      -3.7      44.4
      -1.3      26.7       1.0      18.4
       -.4      17.5       1.3      12.4
      -1.0      14.4       1.1      10.4
 57909  -.690099  -.443635  -.571796
  47216.2  12489.8     10.3     43.3    -18.6     28.9
     10.1     21.5    -18.6     57.7  25371.3  26300.8
      -7.0      57.9      -4.7      43.2
      -1.1      26.4       1.1      17.8
       -.6      17.4       1.5      12.5
       -.8      14.2       1.4      10.9
 57910  -.736803  -.414452  -.534182
  50350.5  11753.5     10.3     43.3    -18.6     28.9
     10.2     21.1    -18.6     57.7  27705.1  28494.0
     -10.1      58.6      -5.7      43.2
      -1.3      25.8       1.1      19.6
      -1.0      17.2       1.3      13.6
       -.8      14.2       1.3      11.9
 57911  -.774912  -.387456  -.499388
  53698.4  11177.0     10.3     43.3    -18.6     28.9
      9.9     20.8    -18.6     57.7  29828.5  30757.7
      -7.9      56.2      -5.3      41.4
      -1.1      25.7       1.4      18.7
      -1.1      17.0       1.3      13.6
       -.9      13.9       1.3      12.1
 57912  -.806111  -.362750  -.467544
  57235.4  10667.1     10.3     43.3    -18.6     28.9
     10.3     20.5    -18.6     57.7  31929.2  32881.0
      -9.5      60.2      -4.2      42.5
      -1.4      25.6       1.3      19.6
       -.8      16.7       1.5      14.2
       -.9      13.7       1.4      12.3
 57913  -.831783  -.340275  -.438577
  61200.1  10355.3     10.3     43.3    -18.6     28.9
     10.0     20.0    -18.6     57.7  34408.3  35501.1
      -9.0      61.7      -2.5      38.0
      -1.3      25.5       1.3      19.0
       -.8      16.6       1.5      14.4
       -.7      13.8       1.5      12.8
 57914  -.853040  -.319890  -.412303
  65082.5  10087.1     10.3     43.3    -18.6     28.9
     10.1     19.8    -18.6     57.7  36721.7  37985.4
      -8.9      59.7      -4.0      38.6
      -1.3      25.2       1.0      20.3
       -.7      16.7       1.5      14.9
       -.8      13.7       1.4      12.8
 57915  -.870759  -.301417  -.388493
  68928.6   9901.0     10.3     43.3    -18.6     28.9
     10.3     19.4    -18.6     57.7  39328.4  40484.6
      -6.8      63.4      -4.6      38.4
      -1.0      24.6       1.1      20.0
       -.8      16.5       1.5      15.0
       -.5      13.7       1.7      13.3
 57916  -.885633  -.284668  -.366905
  72945.8   9767.9     10.3     43.3    -18.6     28.9
     10.0     19.4    -18.6     57.7  42566.2  43645.7
      -9.1      61.3      -3.7      37.7
      -1.2      24.8       1.3      20.1
       -.8      16.2       1.3      15.1
       -.7      13.6       1.7      13.2
 57917   .467453  -.841416  -.271123
  99318.6  13882.6     10.3     43.3    -18.6     28.9
     10.3     86.6    -18.6     57.7  59264.8  60673.5
      -6.9      52.3      11.6      46.5
       -.7      21.8       2.0      17.6
       -.6      16.6       1.9      12.1
       -.7      15.2       1.7      10.4
 57918   .429723  -.859446  -.276932
  97406.5  13698.5     10.3     43.3    -18.6     28.9
     10.3     86.6    -18.6     57.7  57463.9  59565.6
     -10.3      51.1      11.9      47.6
      -1.0      22.5       2.0      18.4
       -.7      16.9       1.7      12.3
       -.5      15.4       1.6      10.5
 57919   .389600  -.876600  -.282460
  95274.0  13457.6     10.3     43.3    -18.6     28.9
     10.3     86.6    -18.6     57.7  56765.8  58547.9
      -9.5      53.9      11.1      48.8
      -1.2      22.0       2.1      18.0
       -.5      16.9       1.6      11.4
       -.4      15.3       1.8       9.6
 57920   .347131  -.892622  -.287623
  93518.4  13379.6     10.3     43.3    -18.6     28.9
     10.3     86.6    -18.6     57.7  55357.9  56892.8
      -8.8      50.6       8.6      48.6
      -1.1      22.2       2.4      17.4
       -.7      17.0       1.8      10.9
       -.5      15.4       1.5       9.2
 57921   .302414  -.907242  -.292333
  92089.3  13162.1     10.3     43.3    -18.6     28.9
     10.3     86.6    -18.6     57.7  54607.8  56121.3
     -10.5      53.6      12.9      56.9
      -1.2      22.3       2.0      17.2
       -.7      17.3       1.5      10.3
       -.4      15.7       1.6       8.5
 57922   .255608  -.920190  -.296506
  90459.0  13002.4     10.3     43.3    -18.6     28.9
     10.3     86.6    -18.6     57.7  53221.6  55198.8
      -8.6      51.4       8.7      55.5
      -1.1      21.9       1.8      16.2
       -.9      17.6       1.6       9.8
       -.7      15.7       1.4       8.1
 57923   .206935  -.931206  -.300055
  89730.8  12944.8     10.3     43.3    -18.6     28.9
     10.3     86.6    -18.6     57.7  53569.3  54981.3
     -12.1      56.6       9.4      62.1
       -.6      22.7       1.8      17.0
       -.5      17.6       1.5       9.0
       -.7      15.6       1.3       7.3
 57924   .156676  -.940054  -.302906
  88919.8  12848.6     10.3     43.3    -18.6     28.9
     10.3     86.6    -17.2      6.6  52369.5  53937.9
     -10.9      50.2      14.5      62.1
       -.9      22.9       1.8      16.9
       -.8      17.4       1.4       8.0
       -.7      15.8       1.4       6.4
 57925   .105170  -.946530  -.304993
  88215.0  12836.7     10.3     43.3    -18.6     28.9
     10.3     86.6    -17.6     19.4  51339.5  53724.7
      -8.2      47.3      12.6      64.5
      -1.0      22.2       1.8      18.6
       -.8      17.5       1.2       7.7
       -.6      15.9       1.0       5.7
 57926   .052804  -.950480  -.306266
  87750.4  12792.3     10.3     43.3    -18.0      4.8
     10.3     86.6    -17.9     32.5  51831.3  53117.2
      -9.8      51.7      11.8      76.4
       -.8      22.3       1.8      17.9
       -.6      17.5       1.1       4.9
       -.8      15.8       1.3       3.8
 57927   .000000  -.951808  -.306694
  88046.6  12957.1     10.3     43.3    -18.3     17.5
     10.3     86.6    -18.2     45.3  51303.5  53139.1
      -9.7      49.1       6.5      91.3
      -1.1      22.4       1.8      27.8
      -1.0      17.6       1.3       4.9
       -.7      15.7       1.1       3.0
 57928  -.026430  -.951476  -.306587
  88010.6  12929.4     10.3     43.3    -18.4     22.6
     10.3     86.6    -18.3     51.1  51986.4  53216.9
     -12.1      52.9       6.0      98.6
      -1.0      22.4       2.7      38.8
       -.8      17.3        .7       8.8
       -.5      15.8        .7       3.0
 57929  -.052804  -.950480  -.306266
  88197.6  12896.1     10.3     43.3    -16.0     22.4
     10.3     86.6    -15.9     51.0  52163.9  53839.1
     -11.7      54.0      11.8      99.1
      -1.1      22.4       2.5      39.2
       -.5      17.5       1.6       7.6
       -.4      16.0       1.7       3.0
 57930  -.079069  -.948828  -.305734
  88274.1  13018.8     10.3     43.3    -15.8     16.7
     10.3     86.6    -15.8     45.2  52664.9  53897.5
      -9.6      51.9       8.5      88.2
      -1.3      22.7       2.5      26.5
       -.8      17.7       1.4       5.2
       -.6      16.0       1.3       3.0
 57931  -.105170  -.946530  -.304993
  88633.3  13130.9     10.3     43.3    -15.8     10.4
     10.3     86.6    -15.7     38.9  52412.3  53443.2
      -8.9      51.0       7.8      85.9
       -.8      22.1       1.7      22.1
       -.5      17.6       1.2       4.4
       -.5      15.8       1.2       3.0
 57932  -.131055  -.943599  -.304049
  88940.5  13182.2     10.3     43.3    -15.9      4.2
     10.3     86.6    -15.9     32.3  52193.5  53869.4
     -11.8      52.3       9.4      79.6
      -1.0      23.0       1.3      18.4
       -.4      17.5       1.2       4.7
       -.6      16.0       1.1       3.6
 57933  -.156676  -.940054  -.302906
  89073.4  13159.9     10.3     43.3    -18.6     28.9
     10.3     86.6    -15.9     25.8  52672.3  53893.8
      -8.6      48.1       3.3      73.0
      -1.3      22.2       1.0      15.9
       -.5      17.5       1.1       6.1
       -.5      15.9       1.0       4.5
 57934  -.181983  -.935915  -.301572
  89497.8  13286.1     10.3     43.3    -18.6     28.9
     10.3     86.6    -16.0     19.1  53097.1  54536.8
     -10.4      51.2       3.4      74.7
      -1.1      22.4       1.5      18.0
       -.9      17.4       1.0       7.2
       -.5      15.9       1.0       5.5
 57935  -.206935  -.931206  -.300055
  90020.0  13484.5     10.3     43.3    -18.6     28.9
     10.3     86.6    -16.3     12.4  52836.9  54375.6
     -10.9      51.0       5.1      70.8
      -1.1      22.7       1.1      17.4
       -.7      17.4       1.1       7.8
       -.7      15.6       1.2       6.0
 57936  -.255608  -.920190  -.296506
  90872.1  13778.5     10.3     43.3    -18.6     28.9
     10.3     86.6    -17.4      2.0  53920.8  55377.9
     -11.4      49.2       4.7      63.9
      -1.0      22.4       1.2      16.6
       -.6      17.2       1.3       7.9
       -.5      15.7       1.3       6.2
 57937  -.302414  -.907242  -.292333
  92281.4  13926.8     10.3     43.3    -18.6     28.9
     10.3     86.6    -18.6     57.7  55256.2  56777.4
      -9.2      48.7       1.1      62.2
      -1.0      22.1       1.1      18.1
       -.9      17.1       1.1       9.4
       -.6      15.8       1.2       7.7
 57938  -.347131  -.892622  -.287623
  93925.7  14183.6     10.3     43.3    -18.6     28.9
     10.3     86.6    -18.6     57.7  56389.2  57752.0
     -10.5      51.1       -.7      56.9
      -1.0      21.9       1.6      16.0
       -.5      17.0       1.4       9.0
       -.3      15.6       1.6       7.6
 57939  -.389600  -.876600  -.282460
  95612.9  14481.1     10.3     43.3    -18.6     28.9
     10.3     86.6    -18.6     57.7  56571.1  58072.6
      -8.1      49.2       -.4      52.3
      -1.2      21.7       1.4      17.6
       -.5      17.0       1.5      10.6
       -.5      15.3       1.3       8.7
 57940  -.429723  -.859446  -.276932
  97569.3  14666.0     10.3     43.3    -18.6     28.9
     10.3     86.6    -18.6     57.7  57921.1  59564.9
     -13.2      51.2      -3.7      57.0
      -1.3      22.7       1.2      16.1
       -.5      16.9       1.7       9.9
       -.7      15.2       1.4       8.5
 57941  -.467453  -.841416  -.271123
  99670.1  14721.6     10.3     43.3    -18.6     28.9
     10.3     86.6    -18.6     57.7  59497.9  61721.3
     -13.4      53.0      -3.4      51.8
      -1.1      22.1       1.4      18.5
       -.4      16.3       1.5      11.7
       -.4      14.9       1.6      10.0
 57942  -.502792  -.822750  -.265108
 101870.7  14455.2     10.3     43.3    -18.6     28.9
     10.3     86.6    -18.6     57.7  60892.2  62452.2
     -11.6      51.8      -2.3      49.2
      -1.5      21.9       1.0      17.2
       -.5      16.2       1.7      11.0
       -.7      15.0       1.5       9.8
 57943  -.535778  -.803668  -.258960
 103952.8  14360.5     10.3     43.3    -18.6     28.9
     10.3     86.6    -18.6     57.7  63020.8  64715.2
     -11.4      51.9       -.6      43.7
      -1.0      21.6       1.5      19.0
       -.5      16.1       1.7      12.5
       -.4      14.9       1.6      10.9
 57944  -.566482  -.784360  -.252738
 107008.4  14192.1     10.3     43.3    -18.6     28.9
     10.3     86.6    -18.6     57.7  63891.1  65731.6
     -10.0      54.9      -2.1      44.4
      -1.0      21.7       1.3      18.0
       -.7      16.3       1.6      12.1
       -.4      15.0       1.7      11.0
 57945  -.594996  -.764995  -.246498
 109192.1  13522.0     10.3     43.3    -18.6     28.9
     10.3     86.6    -18.6     57.7  66199.0  68026.2
      -9.8      53.5       -.9      39.7
       -.9      21.5       1.7      19.6
       -.8      16.2       1.5      13.3
       -.4      14.3       1.8      11.4
