Dot1_150x100_prd2017clk:@-100V,3.8T@90d,253K,rh=1.10/0.7,0.0/0.0                
   804   1  3.80  60   5  29   0  100.00  253.00     .00  .76500  1400.0    -.52  152.28  150.000  100.000  285.000  2650.0    -.26   76.14    1.50    1.00     .85
 56801   .000000   .000000 -1.000000
  25785.5  13790.3      -.2     41.1     79.5      9.4
      -.1     83.5     76.2     23.7   9203.5   9966.0
       4.2      67.9       3.2      38.2
        .1      10.5       2.5      18.5
        .0       5.0       2.9      14.0
        .2       5.0       2.9      13.6
 56802   .000000  -.130455  -.991454
  25902.1  13894.9      -.2     36.7     86.5     17.7
      -.1     78.4     76.2     23.8   8901.3   9783.6
      -4.8      62.4       2.8      39.3
        .0       7.1       2.8      18.0
       -.2       5.0       3.3      13.7
       -.3       5.0       2.9      14.1
 56803   .000000  -.254493  -.967075
  26207.8  14242.2      -.2     30.8     86.3     18.3
      -.2     70.9     76.3     23.6   8655.9   9388.7
      -4.7      50.1       2.6      39.5
       -.4       9.3       2.7      18.0
        .1       6.7       3.2      14.4
       -.1       6.5       3.1      14.5
 56804   .000000  -.367167  -.930155
  27224.7  14833.6       .1     24.9     86.1     17.8
      -.2     62.7     76.1     23.3   9109.0  10070.3
      -5.4      50.3       2.4      40.9
        .2      13.2       3.1      18.2
        .1      10.3       3.2      14.6
        .0       9.5       3.0      14.9
 56805   .000000  -.465746  -.884918
  28509.4  15575.8       .0     19.9     85.1     17.2
      -.2     54.8     76.1     22.9   9699.8  10392.9
      -5.2      51.1       4.3      41.9
        .1      17.4       3.2      18.4
       -.1      13.4       2.7      14.6
        .1      12.4       2.9      14.9
 56806   .000000  -.549617  -.835417
  29938.3  16109.5       .4     17.3     83.9     13.5
      -.3     46.3     75.9     22.4  10653.0  11330.4
      -6.3      52.6       3.5      42.0
       -.2      21.8       2.5      17.9
        .0      16.1       3.1      13.9
       -.1      15.3       3.1      14.2
 56807   .000000  -.619644  -.784883
  31850.5  16335.5       .9     19.9     83.4     12.2
      -.5     37.1     75.7     21.6  11359.9  12044.7
      -5.4      56.4       1.5      42.2
        .0      27.1       2.9      17.8
        .3      20.4       3.2      14.1
       -.2      18.5       3.0      14.0
 56808   .000000  -.677476  -.735545
  34109.6  16212.1      3.0     23.5     84.5     16.1
      -.4     28.6     75.6     21.1  12872.4  13757.1
     -10.0      60.7       4.0      45.3
       -.4      31.2       2.7      17.8
        .0      23.8       2.9      13.7
        .5      22.2       3.2      13.7
 56809   .000000  -.724999  -.688749
  36578.3  16011.6      -.3     43.3     91.4     11.3
      -.1     20.4     75.7     20.3  14167.7  15111.0
      -6.9      61.8       3.0      46.5
       -.8      33.1       2.8      17.6
       -.5      25.7       2.8      13.5
        .2      24.8       3.2      13.3
 56810   .000000  -.764030  -.645181
  39006.3  15394.5      -.3     43.3     91.9      7.2
      -.6     14.2     75.7     19.9  15513.9  16544.5
      -8.2      59.7       2.1      45.4
      -1.1      31.7       2.3      17.2
       -.1      26.0       3.1      13.0
       -.3      26.5       2.9      12.6
 56811   .000000  -.796162  -.605083
  41556.6  15027.5      -.3     43.3     83.8      4.1
      -.1     15.7     75.4     19.2  16685.3  17628.3
      -7.0      57.3       3.2      47.5
       -.7      30.3       2.5      16.7
       -.3      25.7       2.7      12.3
       -.3      27.4       3.0      11.9
 56812   .000000  -.822730  -.568432
  44411.7  14649.8      -.3     43.3     78.3      6.8
      -.3     86.6     75.7     18.6  17575.5  18465.1
      -8.0      54.9       1.7      49.1
       -.5      28.8       2.6      16.6
       -.5      25.0       3.0      12.1
       -.4      27.5       3.0      11.5
 56813   .000000  -.844819  -.535052
  47266.4  14320.5      -.3     43.3     81.4      7.7
      -.3     86.6     75.3     18.1  19677.2  21018.3
      -7.6      53.8       2.6      48.7
       -.6      27.7       2.6      16.8
       -.5      24.6       2.7      12.1
       -.6      26.6       2.8      11.4
 56814   .000000  -.863297  -.504697
  49907.3  14044.9      -.3     43.3     76.1     28.9
      -.3     86.6     75.2     17.7  21420.1  22631.0
      -7.5      53.0       2.5      46.3
       -.8      27.1       2.4      17.2
       -.7      23.3       2.7      11.5
       -.5      24.3       2.9      10.9
 56815   .000000  -.878853  -.477092
  53207.6  13890.2      -.3     43.3     76.1     28.9
      -.3     86.6     75.4     17.4  22903.8  24056.3
      -8.0      51.6       3.0      50.5
       -.8      28.0       2.3      16.2
       -.9      25.0       2.6      11.3
      -1.3      25.3       2.5      10.5
 56816   .000000  -.892036  -.451965
  56111.7  13672.4      -.3     43.3     76.1     28.9
      -.3     86.6     75.5     16.8  25040.8  26174.6
      -5.7      52.0       4.2      48.0
      -1.3      29.2       2.4      16.7
       -.9      26.6       2.8      11.1
       -.2      28.9       2.9      10.4
 56817   .000000  -.903278  -.429057
  59151.1  13608.1      -.3     43.3     76.1     28.9
      -.3     86.6     75.4     16.8  27003.3  28334.7
      -8.2      51.7       2.7      53.8
      -1.1      29.1       2.2      17.2
       -.7      26.0       2.5      10.8
       -.7      28.3       2.8      10.2
 56818   .000000  -.912924  -.408131
  62158.2  13537.7      -.3     43.3     76.1     28.9
      -.3     86.6     75.7     16.4  28656.5  29923.5
      -9.8      57.0       1.4      55.4
      -1.2      27.9       2.4      17.1
       -.8      24.6       2.4      10.8
      -1.4      25.9       2.5       9.8
 56819   .000000  -.921250  -.388972
  65320.2  13454.7      -.3     43.3     76.1     28.9
      -.3     86.6     75.6     16.0  30242.4  31410.5
     -10.2      53.1       3.0      57.2
      -1.4      28.5       2.3      16.3
       -.8      25.0       2.5      10.2
       -.8      25.0       2.6       9.4
 56820   .000000  -.928477  -.371391
  68567.7  13331.5      -.3     43.3     76.1     28.9
      -.3     86.6     75.3     15.9  32539.1  34147.0
     -10.9      54.2       3.8      54.5
      -1.3      29.2       2.3      17.5
       -.8      25.8       2.5      10.3
       -.9      26.3       2.5       9.0
 56821   .000000  -.934784  -.355218
  71899.9  13370.9      -.3     43.3     76.1     28.9
      -.3     86.6     75.6     15.5  34430.9  35850.6
      -9.3      57.4       3.8      59.8
      -1.0      29.3       2.3      17.0
       -.8      26.0       2.5      10.2
      -1.3      27.4       2.4       8.9
 56822   .000000  -.940315  -.340305
  75046.2  13264.7      -.3     43.3     76.1     28.9
      -.3     86.6     75.8     15.4  35451.5  37831.0
     -11.0      56.4       3.9      60.1
      -1.1      28.8       2.0      18.5
       -.7      25.5       2.6      10.1
      -1.2      26.2       2.6       8.9
 56823   .000000  -.945190  -.326520
  78224.7  13277.3      -.3     43.3     76.1     28.9
      -.3     86.6     75.5     15.1  37775.5  39458.7
      -9.1      54.0       1.3      61.7
      -1.3      28.9       2.2      18.6
      -1.5      26.5       2.2      10.2
      -1.1      26.3       2.6       8.6
 56824   .000000  -.949506  -.313750
  81206.6  13188.9      -.3     43.3     76.1     28.9
      -.3     86.6     75.7     15.1  39975.5  42034.2
      -8.9      54.4       2.9      59.2
      -1.8      31.0       2.0      18.8
       -.7      28.1       2.3       9.8
       -.9      29.6       2.5       8.6
 56825   .000000  -.953342  -.301892
  84684.8  13138.5      -.3     43.3     76.1     28.9
      -.3     86.6     75.5     14.9  41998.4  43646.7
      -7.8      52.7       4.5      61.3
      -1.1      29.7       2.2      19.3
      -1.3      27.7       2.3      10.0
      -1.4      29.1       2.3       8.3
 56826   .000000  -.956767  -.290857
  88234.9  13170.7      -.3     43.3     76.1     28.9
      -.3     86.6     75.7     14.7  43981.1  45528.3
      -9.6      52.4       2.9      61.5
      -1.3      29.1       2.3      20.1
       -.9      26.1       2.4       9.6
      -1.0      26.2       2.4       8.1
 56827   .000000  -.959834  -.280567
  91490.1  13162.0      -.3     43.3     76.1     28.9
      -.3     86.6     75.7     14.7  45482.1  47549.9
      -9.0      51.3       1.3      62.8
      -1.3      29.9       2.4      20.2
       -.7      25.6       2.6       9.3
      -1.4      25.6       2.5       8.0
 56828   .000000  -.962593  -.270952
  94692.3  13062.9      -.3     43.3     76.1     28.9
      -.3     86.6     75.7     14.4  46789.6  48850.4
      -9.3      52.6       5.8      67.0
      -1.3      30.3       2.3      20.4
      -1.1      26.7       2.4       9.8
      -1.5      26.7       2.5       7.9
 56829   .000000  -.965081  -.261951
  98044.8  13049.5      -.3     43.3     76.1     28.9
      -.3     86.6     75.8     14.2  47928.2  50456.4
      -9.4      49.3       3.2      66.9
      -1.6      30.2       2.2      21.3
      -1.3      27.2       2.2       9.6
      -1.8      27.6       2.3       7.8
 56830   .000000  -.967333  -.253508
 101483.8  13125.3      -.3     43.3     76.1     28.9
      -.3     86.6     75.8     14.2  52175.1  53850.5
      -8.2      52.0       3.9      72.0
      -1.6      29.9       1.8      21.3
      -1.1      26.1       2.2       9.7
      -1.2      26.5       2.3       7.7
 56831   .000000  -.969377  -.245576
 104774.7  13137.4      -.3     43.3     76.1     28.9
      -.3     86.6     76.0     14.0  53058.9  55806.1
     -10.2      53.4       4.9      73.0
      -1.3      29.8       2.4      20.7
      -1.2      26.6       2.3       9.4
      -1.6      26.5       2.2       7.6
 56832   .000000  -.971238  -.238110
 108173.1  13162.6      -.3     43.3     76.1     28.9
      -.3     86.6     76.1     13.9  54617.8  57438.6
      -9.3      51.9       1.3      72.7
      -1.7      31.9       2.1      23.2
      -1.2      29.1       2.3      10.5
      -1.3      29.3       2.2       7.6
 56833   .000000  -.972937  -.231072
 111497.4  13114.7      -.3     43.3     76.1     28.9
      -.3     86.6     76.0     13.9  55619.6  58251.1
      -8.2      51.7       1.9      73.0
      -2.4      31.2       2.1      23.1
       -.6      28.6       2.3       9.4
      -1.5      29.4       2.3       7.5
 56834   .000000  -.974491  -.224428
 114617.0  13131.7      -.3     43.3     76.1     28.9
      -.3     86.6     75.9     13.8  58305.0  60502.2
     -11.1      52.4       3.4      72.1
      -1.7      29.8       2.6      23.1
      -1.4      26.2       2.3       9.8
      -1.9      26.8       2.3       7.5
 56835   .000000  -.975916  -.218146
 117751.1  13092.4      -.3     43.3     76.1     28.9
      -.3     86.6     76.2     13.7  60788.1  63183.4
      -9.9      51.7       2.7      74.1
      -2.2      29.3       2.4      23.5
      -1.0      26.0       2.6      11.0
      -1.4      25.9       2.3       7.4
 56836   .000000  -.977227  -.212198
 121129.1  13035.5      -.3     43.3     76.1     28.9
      -.3     86.6     76.2     13.5  63105.8  65708.9
      -8.5      54.3       2.5      72.2
      -2.1      31.0       2.5      24.6
      -1.6      27.1       2.4      10.2
      -1.8      27.0       2.3       7.6
 56837   .000000  -.978434  -.206558
 124796.2  13111.1      -.3     43.3     76.1     28.9
      -.3     86.6     76.2     13.5  64797.9  67627.0
      -9.2      53.8       4.4      76.8
      -2.4      30.9       2.1      25.0
      -1.7      27.6       2.2      10.0
      -1.8      28.3       2.2       7.4
 56838   .000000  -.979549  -.201205
 127899.7  13016.3      -.3     43.3     76.1     28.9
      -.3     86.6     76.4     13.4  66400.5  70141.9
      -8.8      51.5       4.7      70.3
      -1.7      30.3       2.2      23.6
      -1.3      26.7       2.4      10.2
      -1.9      27.1       2.2       8.1
 56839   .000000  -.980581  -.196116
 131232.8  13109.3      -.3     43.3     76.1     28.9
      -.3     86.6     76.6     13.4  68481.1  71560.5
      -9.2      50.3       1.0      75.3
      -1.6      29.8       2.3      25.4
      -1.1      26.5       2.4       9.9
      -1.7      26.7       2.3       8.1
 56840   .000000  -.981537  -.191274
 135093.7  13242.3      -.3     43.3     76.1     28.9
      -.3     86.6     76.3     13.3  70655.2  73532.5
     -11.1      53.0       4.7      83.9
      -2.6      32.0       2.4      26.2
       -.6      29.4       2.4       9.8
      -1.7      29.6       2.2       7.0
 56841   .000000  -.982424  -.186661
 138030.5  13104.7      -.3     43.3     76.1     28.9
      -.3     86.6     76.5     13.2  73490.2  76694.0
     -10.6      52.8       2.9      83.1
      -2.5      32.0       2.4      26.3
      -1.3      29.0       2.3      10.1
      -1.4      29.5       2.3       7.4
 56842   .000000  -.983250  -.182261
 141529.4  13033.0      -.3     43.3     76.1     28.9
      -.3     86.6     76.6     13.2  74752.5  77455.1
     -13.1      55.6       4.3      81.6
      -2.0      29.8       2.4      27.0
      -1.6      26.4       2.2      11.0
      -1.3      27.0       2.2       7.1
 56843   .000000  -.984020  -.178061
 144827.5  13138.4      -.3     43.3     76.1     28.9
      -.3     86.6     76.4     13.3  76225.3  79248.8
     -11.3      51.4       3.2      82.3
      -1.7      29.9       2.4      27.6
      -1.7      26.3       2.3      10.7
      -2.2      26.0       2.1       7.6
 56844   .000000  -.984737  -.174047
 148708.0  13046.5      -.3     43.3     76.1     28.9
      -.3     86.6     76.5     13.1  78191.0  81394.3
     -10.1      50.5       1.9      83.3
      -2.2      31.0       2.4      27.1
      -2.2      27.3       2.1      11.2
      -1.5      27.0       2.3       7.8
 56845   .000000  -.985408  -.170207
 151868.1  13070.4      -.3     43.3     76.1     28.9
      -.3     86.6     76.6     13.0  79348.2  83360.6
      -9.2      51.8        .2      85.3
      -2.1      30.6       2.3      28.4
      -1.0      27.5       2.3      10.7
      -1.8      28.8       2.1       8.0
 56846   .000000  -.986036  -.166531
 155440.2  13084.5      -.3     43.3     76.1     28.9
      -.3     86.6     76.3     13.0  82245.4  87137.5
     -10.9      56.1       2.3      81.7
      -2.6      30.5       1.7      29.8
      -1.5      26.8       2.2      12.3
      -1.7      26.4       2.3       8.3
 56847   .000000  -.986625  -.163008
 158302.9  13158.5      -.3     43.3     76.1     28.9
      -.3     86.6     76.5     13.0  84992.6  88080.8
     -10.4      53.9        .2      83.9
      -2.5      30.6       2.2      29.3
      -1.0      27.1       2.4      11.6
      -1.5      26.8       2.1       8.3
 56848   .000000  -.987696  -.156385
 165257.8  13100.2      -.3     43.3     76.1     28.9
      -.3     86.6     76.9     12.8  88771.3  92226.0
     -10.5      52.2      -1.7      80.5
      -2.2      31.9       2.4      29.2
      -1.4      28.7       2.2      11.9
      -1.4      29.1       2.4       8.0
 56849   .000000  -.988644  -.150274
 172161.3  13091.1      -.3     43.3     76.1     28.9
      -.3     86.6     76.8     12.7  92716.4  97501.2
     -12.3      52.1       3.9      96.0
      -2.2      30.0       2.6      31.1
      -1.3      25.8       2.3      11.8
      -2.0      26.0       2.3       7.5
 56850   .000000  -.989488  -.144617
 179303.2  13122.4      -.3     43.3     76.1     28.9
      -.3     86.6     76.7     12.7  98110.5 102078.1
     -10.0      51.7       -.1      85.7
      -2.6      31.3       2.0      31.9
      -1.1      28.1       2.3      12.9
      -1.7      28.1       2.1       7.9
 56851   .000000  -.990241  -.139367
 185808.6  13124.7      -.3     43.3     76.1     28.9
      -.3     86.6     76.8     12.6 102217.7 106041.0
     -10.0      52.9       9.1      87.5
      -2.4      31.2       2.4      33.6
      -1.5      26.8       2.2      12.5
      -1.8      26.9       2.3       7.8
 56852   .000000  -.990916  -.134481
 192717.2  13147.0      -.3     43.3     76.1     28.9
      -.3     86.6     77.0     12.5 104777.9 108691.4
     -12.2      51.9      10.9      90.0
      -2.3      32.6       2.7      34.7
      -1.5      29.0       2.3      12.1
      -1.7      29.1       2.3       8.1
 56853   .000000  -.991524  -.129924
 199366.0  13178.3      -.3     43.3     76.1     28.9
      -.3     86.6     77.0     12.4 109891.6 113241.4
      -8.9      51.4       1.5      92.2
      -2.3      30.4       1.7      33.7
      -1.3      26.4       2.5      13.5
      -1.9      26.3       2.2      10.2
 56854   .000000  -.992073  -.125663
 206768.6  13270.0      -.3     43.3     76.1     28.9
      -.3     86.6     76.9     12.4 114740.2 117852.1
      -9.9      52.0       2.3      94.3
      -2.8      32.3       2.8      37.0
      -1.8      27.7       2.2      13.2
      -1.8      28.4       2.1       8.5
 56855   .000000  -.992571  -.121670
 213245.7  13183.1      -.3     43.3     76.1     28.9
      -.3     86.6     76.9     12.3 117565.2 122804.7
     -12.7      48.9      -1.9      88.9
      -2.3      30.7       2.3      36.0
      -2.2      27.4       2.2      15.2
      -1.6      26.4       2.2       8.8
 56856   .000000  -.993023  -.117921
 219912.8  13194.0      -.3     43.3     76.1     28.9
      -.3     86.6     77.4     12.3 122546.9 127598.2
      -5.0      47.7       7.8      97.6
      -2.3      32.0       2.1      36.1
      -1.7      28.7       2.2      15.1
      -1.1      29.1       2.1       9.9
 56857   .000000  -.993435  -.114396
 226353.6  13241.9      -.3     43.3     76.1     28.9
      -.3     86.6     77.2     12.2 126279.2 131946.8
      -9.4      49.8       2.1      97.8
      -2.2      29.9       2.5      36.5
      -1.4      26.9       2.2      15.3
      -1.5      26.2       2.1       8.6
 56858   .000000  -.993812  -.111073
 233839.7  13379.0      -.3     43.3     76.1     28.9
      -.3     86.6     77.2     12.1 129661.0 135284.7
      -7.6      48.8       5.3     106.6
      -2.6      31.2       1.9      38.0
      -1.7      27.6       2.3      14.7
      -1.7      27.7       2.1       8.6
 56859   .000000  -.994158  -.107937
 240547.0  13227.7      -.3     43.3     76.1     28.9
      -.3     86.6     77.0     12.1 131502.3 138868.1
      -6.5      45.0       2.5     103.8
      -2.8      30.5       2.7      39.0
      -1.6      27.0       2.2      16.1
      -1.6      26.9       2.1      10.0
 56860   .000000  -.994475  -.104972
 247332.5  13307.0      -.3     43.3     76.1     28.9
      -.3     86.6     77.2     12.1 139216.6 144008.2
      -6.9      42.4       5.6     103.6
      -2.3      31.6       2.6      39.6
      -1.7      29.7       2.1      16.1
      -2.0      29.4       2.2       8.7
 56861   .903278   .000000  -.429057
  60581.1  13001.4      -.1     40.1     76.1     28.9
      -.2     82.7     76.1     57.7  28128.9  29298.1
       2.6      83.5      10.2      46.7
       -.6      29.5       2.4      23.7
        .4       5.4       1.5      18.2
        .3       5.0       2.7      17.4
 56862   .887877   .000000  -.460082
  56904.0  13754.1       .3     39.9     76.1     28.9
       .3     82.6     76.1     57.7  25941.9  27224.5
       2.2      79.3      13.2      50.1
        .8      30.0       3.0      24.7
        .2       9.3       2.8      18.5
        .2       5.0       3.1      17.0
 56863   .868777   .000000  -.495203
  52670.5  14618.0       .1     40.1     76.1     28.9
       .1     82.7     76.1     57.7  23863.5  24836.3
      -2.1      79.0      10.3      47.5
      -1.0      26.0       2.5      21.9
       -.1       8.0       2.3      16.6
        .0       5.0       3.4      15.7
 56864   .844819   .000000  -.535052
  48892.0  15781.9       .3     40.1     76.1     28.9
       .4     82.7     76.1     57.7  21676.5  23207.7
       3.0      79.8      10.1      48.2
       1.9      23.2       3.4      22.1
        .0       5.0       3.3      17.1
        .3       5.0       3.6      15.6
 56865   .814421   .000000  -.580275
  45426.3  17493.7       .1     40.2     76.1     28.9
       .1     82.7     77.6      6.8  19392.4  20535.4
       -.8      74.9      11.9      47.9
       -.1      24.2       3.7      19.4
        .3       5.1       3.7      14.5
        .3       5.0       3.8      13.5
 56866   .775436   .000000  -.631426
  41899.1  20125.0      -.3     40.0     76.1     28.9
      -.3     82.6     76.3     14.3  18236.5  18880.7
      -4.0      76.2       9.6      48.5
       -.2      20.6       4.3      19.2
        .5       5.0       4.9      14.6
        .1       5.0       5.1      13.4
 56867   .724999   .000000  -.688749
  38909.7  24614.2       .2     40.2     81.5      5.0
       .2     82.6     76.2     26.0  15721.3  16690.0
       3.8      81.7      12.3      52.1
        .3      16.0       4.9      16.4
        .3       5.3       4.8      12.0
        .3       5.0       4.7      10.6
 56868   .659438   .000000  -.751759
  35555.5  27613.1       .0     40.0     76.5      9.4
      -.1     82.6     76.2     37.4  14130.3  15153.3
       3.0      71.2      12.2      55.6
        .4      16.9       4.2      11.3
        .3       5.0       4.0       8.3
        .2       5.0       4.3       7.4
 56869   .574426   .000000  -.818557
  32814.2  27445.7      -.2     39.9     76.7     19.8
      -.2     82.3     76.8     48.4  12276.1  13373.7
       3.6      71.7      13.1      63.4
        .3      16.9       3.8       9.3
        .3       5.0       4.2       4.4
        .2       5.0       4.2       3.9
 56870   .465746   .000000  -.884918
  30590.0  25325.0      -.3     40.3     79.1     23.1
      -.3     82.7     79.1     51.7  11532.7  12368.7
       4.8      67.3      10.3      72.0
        .8      13.2       3.1      14.9
        .4       5.0       2.9       6.2
        .3       5.0       2.9       5.1
 56871   .331088   .000000  -.943600
  28403.3  23274.5       .2     40.6     76.7     14.4
       .0     82.9     76.7     42.9  10350.5  11085.4
        .1      69.1       7.2      55.9
        .2      14.9       2.0       8.4
        .3       5.0       2.1       5.7
        .4       5.0       2.3       5.5
 56872   .254493   .000000  -.967075
  27404.0  21218.3      -.1     40.7     76.5     10.0
       .0     83.1     76.5     38.1   9873.0  10594.9
       -.5      71.8       4.6      43.4
       -.5      13.6       2.0      10.6
        .1       5.0       2.6       7.7
        .3       5.0       2.7       7.1
 56873   .172799   .000000  -.984957
  26640.3  18502.0       .4     40.9     76.7      6.6
       .4     83.3     76.4     33.4   9548.6  10299.3
       8.2      70.3       3.1      39.2
        .2      12.6       2.1      12.2
        .0       5.0       2.5       9.4
        .4       5.0       2.5       9.3
 56874   .087384   .000000  -.996175
  26064.4  16124.7      -.1     40.9     77.5      6.1
      -.1     83.5     76.2     28.5   8529.1   9629.6
       -.6      67.9       3.6      39.4
        .2      10.7       2.5      15.0
        .2       5.0       3.2      11.5
        .3       5.0       2.7      11.2
 56875   .000000   .000000 -1.000000
  25771.6  13757.7       .2     41.2     80.0      9.8
       .2     83.6     76.2     23.7   9343.9   9987.1
       1.0      68.6       2.9      39.8
        .1       8.3       2.5      18.0
        .0       5.0       3.2      14.1
        .4       5.0       3.2      13.4
 56876  -.087384   .000000  -.996175
  25603.7  12226.0       .0     41.2     76.1     28.9
       .1     83.8     76.3     19.3   9201.5   9893.7
        .7      71.6       1.7      39.9
        .9       8.1       2.4      20.5
        .4       5.0       3.3      16.4
        .1       5.0       2.9      15.7
 56877  -.172799   .000000  -.984957
  25793.5  11056.5       .0     41.4     76.1     28.9
       .0     83.9     76.5     15.5   9679.8  10142.1
      -3.6      66.3       1.4      41.5
        .0      11.3       2.3      22.1
        .3       5.0       2.9      17.1
        .3       5.0       3.2      17.7
 56878  -.254493   .000000  -.967075
  26246.0  10090.6       .0     41.3     76.1     28.9
      -.1     84.1     76.5     12.2   9360.4  10050.6
       -.3      70.2       1.8      42.6
       -.3      10.7       2.6      22.3
        .3       5.0       2.1      17.8
        .2       5.0       2.5      18.6
 56879  -.331088   .000000  -.943600
  26725.5   9453.3       .2     41.4     76.1     28.9
       .2     84.1     76.5     11.2   9695.3  10366.5
        .4      71.1       -.9      44.1
        .1      11.0       2.3      23.4
        .1       5.0       2.5      19.0
        .2       5.0       2.0      19.2
 56880  -.465746   .000000  -.884918
  28497.6   8491.3       .0     41.4     76.1     28.9
       .0     84.3     78.1     15.0  11381.7  12048.8
      -1.2      69.8       -.1      45.6
        .8      14.0       1.2      26.4
        .6       5.0       2.1      22.5
        .2       5.0       2.1      22.2
 56881  -.574426   .000000  -.818557
  30705.8   7947.1       .0     41.3     76.1     28.9
       .0     84.3     76.1     57.7  11472.2  12469.6
       -.3      74.7      -2.5      46.0
        .0      15.5        .6      27.1
        .4       5.0       1.3      22.2
        .3       5.0       1.5      22.7
 56882  -.659438   .000000  -.751759
  33627.5   7709.8       .1     41.4     33.4    139.6
       .0     84.3     76.1     57.7  11075.7  13389.2
        .0      78.8      -3.1      48.6
       -.1      19.3        .1      29.0
        .3       5.4        .7      24.0
        .4       5.0        .8      25.3
 56883  -.724999   .000000  -.688749
  36752.4   7465.2      -.1     41.4     -6.8    145.6
      -.1     84.3     76.1     57.7  11327.5  14557.2
       -.4      77.5      -4.1      47.5
        .7      23.2       -.5      28.7
        .2       5.0        .4      23.7
        .2       5.0        .2      26.2
 56884  -.775436   .000000  -.631426
  40116.9   7399.4      -.3     41.5    -11.7    138.9
      -.3     84.2     76.1     57.7  12456.4  15690.8
       -.8      73.6      -3.9      46.6
       1.7      23.5       -.2      30.3
        .1       6.7        .1      25.5
        .2       5.0       -.7      27.9
 56885  -.814421   .000000  -.580275
  43634.1   7342.1      -.2     41.4     72.9    212.6
      -.2     84.1     76.1     57.7  12481.5  16475.6
       1.1      81.0      -3.6      46.4
       -.4      23.6       -.4      29.4
       -.2       8.3       -.1      25.2
        .3       5.0      -1.0      29.8
 56886  -.844819   .000000  -.535052
  47458.7   7298.7       .3     41.3     66.2    217.8
       .2     83.9     76.1     57.7  13372.8  17215.8
        .1      77.2      -6.0      47.1
       1.6      27.1      -1.2      30.9
       -.6       9.6       -.9      25.6
        .3       5.0      -1.9      30.2
 56887  -.868777   .000000  -.495203
  51486.7   7331.0       .2     41.1     10.8    263.3
       .2     83.8     76.1     57.7  13012.4  16926.1
      -3.4      81.4      -4.8      47.2
        .1      30.4       -.6      29.8
       -.5       7.8       -.7      25.9
        .1       5.7      -2.5      31.5
 56888  -.887877   .000000  -.460082
  55190.9   7332.5      -.3     41.3    -38.7    260.4
      -.2     83.7     76.1     57.7  12213.0  15812.4
       1.7      80.2      -5.0      44.9
       -.5      32.9      -1.4      30.2
       -.1       9.2      -1.1      25.9
        .4       5.0      -2.8      33.1
 56889  -.903278   .000000  -.429057
  59224.1   7349.7      -.3     41.1     80.3    343.5
      -.3     83.6     76.1     57.7  15667.5  19279.7
       4.7      83.4      -4.6      42.7
       -.8      31.9      -1.2      29.2
        .3      11.4      -1.6      26.1
        .2       5.0      -2.3      32.7
 56890   .840060  -.367526  -.399028
  64227.4  14062.5      -.3     43.3     76.1     28.9
      -.2     20.7     76.1     57.7  30329.3  31924.9
      -5.6      56.6       8.4      47.1
       -.9      26.1       2.0      24.2
       -.4      18.7       1.4      19.4
       -.1      16.6       1.9      18.8
 56891   .817505  -.390173  -.423616
  60485.9  15027.5      -.3     43.3     76.1     28.9
      -.3     21.2     76.1     57.7  28020.2  29368.0
      -4.7      59.5      10.7      51.0
       -.8      26.6       2.7      24.4
       -.8      19.3       2.5      19.4
       -.4      17.0       2.3      18.3
 56892   .790440  -.414981  -.450551
  57011.0  15988.9      -.3     43.3     76.1     28.9
      -.4     21.9     76.1     57.7  26094.6  27299.4
      -3.9      59.9       9.0      51.3
       -.8      27.0       2.7      22.8
       -.5      19.7       2.1      17.5
       -.4      17.5       2.6      16.9
 56893   .757796  -.442047  -.479937
  53544.1  17806.3      -.3     43.3     76.1     28.9
      -.7     22.6     76.1     57.7  23909.7  25081.5
      -4.4      59.7      10.9      52.0
       -.6      27.8       3.4      23.3
       -.4      20.3       3.2      17.6
       -.5      18.2       3.7      16.6
 56894   .718269  -.471364  -.511767
  50416.3  19362.3      -.3     43.3     76.1     28.9
      -.4     23.2     77.1      7.9  22294.1  23316.9
      -5.0      59.5      11.7      53.0
       -.6      27.9       3.2      19.9
       -.4      21.1       3.4      15.4
       -.3      18.5       3.5      14.2
 56895   .670317  -.502738  -.545830
  47234.9  21315.6      -.3     43.3     76.1     28.9
      -.6     23.9     75.6     13.5  20192.9  21463.7
      -6.4      60.1      10.7      52.3
       -.5      28.4       4.1      19.5
       -.9      21.0       4.5      14.5
       -.4      19.2       4.3      13.8
 56896   .612205  -.535679  -.581595
  44426.4  22081.9      -.3     43.3     83.3      8.2
      -.9     24.6     75.5     25.1  19049.5  19954.4
      -7.1      59.3      11.5      51.6
       -.5      28.6       4.5      16.4
       -.7      21.4       4.7      11.9
       -.5      19.4       4.2      10.9
 56897   .542159  -.569267  -.618061
  41975.3  21101.1      -.3     43.3     76.3      9.8
      -.9     25.3     75.8     36.8  17257.8  18310.4
      -5.6      58.9      10.1      52.7
       -.9      30.0       4.0      12.5
       -.8      22.3       4.2       8.3
       -.8      20.2       4.1       7.8
 56898   .458673  -.602008  -.653609
  39718.0  19903.0      -.3     43.3     76.3     19.6
      -.7     25.9     76.2     48.0  15952.6  16780.2
      -6.8      60.3       9.8      65.7
       -.6      29.1       3.6      12.0
       -.5      22.4       4.0       4.6
       -.8      20.6       4.3       4.4
 56899   .361020  -.631785  -.685938
  37862.6  18959.5      -.3     43.3     79.4     23.1
      -.9     26.5     79.3     51.8  14820.0  15750.5
      -5.7      58.4       9.4      80.0
       -.8      30.2       3.2      18.9
       -.1      22.4       3.0       7.8
       -.4      20.9       3.0       5.1
 56900   .249898  -.655981  -.712208
  36154.1  18132.8      -.3     43.3     76.9     14.2
      -.9     27.1     76.5     42.1  14248.9  14998.4
      -7.0      60.5       8.6      57.1
        .0      31.1       2.1      10.1
       -.1      22.9       2.1       5.8
       -.3      21.3       2.3       5.4
 56901   .190037  -.665130  -.722141
  35276.5  17877.9      -.7     23.2     76.5     10.2
      -.9     27.9     76.2     36.9  13710.9  14550.6
      -4.9      61.7       4.9      49.5
       -.5      31.2       2.1      11.0
        .2      22.9       2.5       7.4
       -.4      21.9       2.6       7.3
 56902   .127982  -.671905  -.729496
  34732.6  17504.2      -.6     22.3     77.4      8.9
      -.3     28.0     76.0     31.4  13068.8  14022.9
      -7.9      59.0       1.8      42.8
       -.7      30.8       2.2      12.4
        .3      23.2       2.6       9.2
        .2      21.9       2.7       9.2
 56903   .064388  -.676070  -.734019
  34454.8  17187.1      2.5     21.2     82.6     11.0
      -.6     28.4     75.9     26.2  12787.7  13562.5
      -7.4      63.0       1.1      42.8
       -.4      31.2       2.9      15.3
       -.1      23.4       3.0      11.3
        .5      22.1       2.9      11.4
 56904   .000000  -.677476  -.735545
  33991.8  16242.9     -1.1     20.4     85.5     14.2
      -.6     28.8     75.7     20.9  12685.1  13716.5
      -7.4      60.3       1.8      43.0
       -.6      31.0       2.8      17.5
       -.1      23.7       2.8      13.7
        .1      22.4       3.2      13.8
 56905  -.064388  -.676070  -.734019
  34036.0  15247.4    -10.9    103.0     76.1     28.9
      -.2     28.9     76.0     16.1  12344.3  13466.6
      -6.3      62.5       1.3      43.6
        .2      31.3       2.7      19.5
       -.2      23.6       2.8      15.6
       -.3      22.3       2.9      15.9
 56906  -.127982  -.671905  -.729496
  33947.9  14027.9      2.4     23.5     76.1     28.9
      -.3     28.7     75.9     12.2  12811.6  13610.3
      -7.0      62.4        .4      43.5
       -.4      31.5       1.8      20.8
       -.2      23.8       2.3      16.8
        .1      22.4       2.9      17.8
 56907  -.190037  -.665130  -.722141
  34246.7  13342.8      1.7     21.1     76.1     28.9
      -.1     28.6     76.3     10.9  12730.8  13850.2
      -4.1      59.0        .1      43.5
       -.7      31.6       1.4      21.6
       -.1      23.6       2.1      17.5
        .2      22.4       2.9      18.9
 56908  -.249898  -.655981  -.712208
  34793.5  12526.2      1.9     19.9     76.1     28.9
      -.3     28.6     78.9     13.1  12646.1  13811.6
      -6.9      62.3       1.6      44.9
       -.4      31.4       1.9      22.7
        .3      23.4       2.3      18.6
        .2      22.4       2.8      19.9
 56909  -.361020  -.631785  -.685938
  35616.7  10943.5      2.5     24.9     76.1     28.9
      -.2     28.3     76.1     57.7  13866.4  14866.0
      -4.7      60.7        .2      46.4
       -.3      30.9       1.6      25.5
       -.1      23.5       1.6      21.8
        .2      22.1       2.5      23.3
 56910  -.458673  -.602008  -.653609
  37382.0  10134.3      -.7     25.4     76.1     28.9
      -.3     27.8     76.1     57.7  14627.1  15481.6
      -5.5      59.2      -1.8      45.6
        .3      30.6       1.1      26.7
        .3      23.1       1.6      23.1
       -.3      21.4       1.6      25.4
 56911  -.542159  -.569267  -.618061
  39801.3   9443.9     -6.2     62.3     76.1     28.9
       .0     26.8     76.1     57.7  15441.3  16412.5
      -5.8      60.2      -2.4      48.0
       -.4      30.6        .3      29.2
       -.1      22.7       1.1      25.1
        .2      20.8       1.7      26.9
 56912  -.612205  -.535679  -.581595
  42056.8   8935.9     -1.2     66.8     76.1     28.9
      -.5     26.1     76.1     57.7  16070.4  17727.4
      -5.9      58.3      -2.4      45.3
       -.3      30.2        .0      30.5
        .0      21.6        .9      25.2
        .1      20.6       1.3      29.1
 56913  -.670317  -.502738  -.545830
  44928.4   8516.5     -4.9     83.7     -5.6    189.4
      -.4     25.1     76.1     57.7  15407.0  18312.3
      -6.8      60.8      -5.0      48.7
       -.2      28.8        .4      30.8
       -.1      21.8       -.1      27.0
       -.6      19.4        .4      31.4
 56914  -.718269  -.471364  -.511767
  48246.9   8405.7     -4.9     79.8     -2.7    213.8
      -.1     24.1     76.1     57.7  15449.4  19060.4
      -4.6      61.3      -3.5      48.9
        .2      28.7        .1      32.0
        .0      20.8        .0      27.6
        .0      18.7       1.3      33.4
 56915  -.757796  -.442047  -.479937
  51493.6   8145.1     -6.1     78.6    -31.5    213.5
      -.3     23.3     76.1     57.7  16925.7  19070.5
      -4.8      58.6      -3.5      46.5
       -.5      28.0       -.8      31.6
       -.3      19.7       -.5      28.0
        .3      18.3        .9      34.9
 56916  -.790440  -.414981  -.450551
  54948.7   8042.8     -9.7     86.0     76.1     28.9
       .0     22.7     76.1     57.7  15671.3  19805.7
      -3.2      60.4      -5.5      44.7
       -.7      27.7      -1.4      31.5
       -.4      19.6       -.6      27.6
       -.1      17.6        .3      35.6
 56917  -.817505  -.390173  -.423616
  58571.1   8061.0     -3.4     86.8     -9.1    291.2
      -.3     21.8     76.1     57.7  15451.1  19503.7
      -5.0      59.7      -6.0      47.1
      -1.0      27.1      -1.1      32.9
       -.2      19.3      -1.4      28.5
       -.1      17.5        .4      38.0
 56918  -.840060  -.367526  -.399028
  62195.0   7977.6     -7.8     92.8    -73.1    289.9
      -.1     21.3     76.1     57.7  15252.3  18672.1
      -4.3      58.5      -5.2      45.0
       -.1      26.8       -.9      31.5
       -.1      18.7       -.9      28.0
       -.2      16.6       -.5      40.4
 56919   .708659  -.620076  -.336613
  75776.0  16215.8      -.3     43.3     76.1     28.9
      -.3     86.6     76.1     57.7  37399.1  38740.3
      -8.6      54.7      10.4      51.2
      -1.0      25.8       2.2      24.3
       -.1      21.7       1.1      18.1
       -.4      21.4       1.8      17.4
 56920   .677337  -.646549  -.350984
  72789.4  16290.0      -.3     43.3     76.1     28.9
      -.3     86.6     76.1     57.7  34579.5  35888.2
     -10.6      54.8      12.7      52.7
      -1.0      26.1       2.6      24.2
       -.5      22.1       2.6      18.3
       -.4      22.1       2.3      17.0
 56921   .641844  -.673936  -.365851
  69888.8  17182.6      -.3     43.3     76.1     28.9
      -.3     86.6     76.1     57.7  32707.3  34144.0
      -9.6      53.7      10.6      51.7
       -.8      25.6       2.7      21.8
       -.7      21.9       2.1      16.4
       -.5      22.3       2.5      15.6
 56922   .601687  -.701968  -.381068
  67079.2  17051.8      -.3     43.3     76.1     28.9
      -.3     86.6     76.1     57.7  31049.3  32652.9
      -6.1      49.7      10.3      55.2
       -.7      26.5       2.9      22.1
       -.8      22.5       3.1      16.0
       -.8      22.7       3.1      14.7
 56923   .556388  -.730259  -.396426
  64791.7  16687.1      -.3     43.3     76.1     28.9
      -.3     86.6     76.5      7.0  29850.7  31602.9
      -7.7      51.5      10.9      55.5
      -1.2      26.6       3.9      21.1
       -.5      23.2       3.0      14.1
       -.3      23.2       3.2      13.0
 56924   .505524  -.758286  -.411641
  62263.2  16180.0      -.3     43.3     76.1     28.9
      -.3     86.6     75.6     11.3  28199.3  29739.4
      -7.6      53.2      10.3      54.3
       -.9      26.5       4.0      19.1
       -.5      23.6       3.8      13.3
       -.9      23.5       4.2      11.9
 56925   .448787  -.785377  -.426348
  60218.5  15629.1      -.3     43.3     81.9      3.9
      -.3     86.6     75.2     23.0  27552.2  28807.8
      -7.8      53.2      10.1      57.6
      -1.4      26.7       4.6      17.1
       -.8      23.8       4.5      10.7
      -1.3      23.8       4.5      10.0
 56926   .386057  -.810720  -.440105
  58449.1  15120.4      -.3     43.3     75.7      8.3
      -.3     86.6     75.2     35.4  26833.0  27880.1
      -9.2      52.2      10.3      62.2
       -.9      27.3       3.6      16.2
      -1.2      23.8       3.9       7.7
      -1.0      23.9       4.0       7.1
 56927   .317480  -.833386  -.452409
  56954.0  14741.5      -.3     43.3     75.3     18.8
      -.3     86.6     75.3     47.2  25739.8  27319.7
      -8.0      51.2       8.5      74.3
      -1.2      26.6       3.1      21.9
      -1.4      23.9       3.9       5.7
      -1.4      24.4       4.1       4.4
 56928   .243541  -.852392  -.462727
  55644.9  14416.5      -.3     43.3     79.1     22.7
      -.3     86.6     79.0     51.3  24273.9  25831.4
     -10.4      55.3      10.3      88.1
       -.5      27.2       2.8      31.2
      -1.1      23.9       3.2      10.0
      -1.0      24.1       2.4       5.8
 56929   .165103  -.866792  -.470544
  54449.2  14166.8      -.3     43.3     77.0     12.6
      -.3     86.6     76.6     40.9  23990.9  25321.7
      -9.2      54.6       4.2      67.7
       -.7      27.6       1.9      15.2
       -.9      24.2       2.0       6.0
       -.7      24.9       2.3       4.8
 56930   .124573  -.872008  -.473376
  53939.1  14054.3      -.3     43.3     76.4      7.6
      -.3     86.6     75.9     35.1  24420.2  25465.9
      -8.7      53.2       5.9      57.4
      -1.1      27.6       2.0      13.2
       -.9      24.5       2.0       7.6
      -1.1      25.1       2.3       6.2
 56931   .083409  -.875791  -.475429
  53377.7  14026.6      -.3     43.3     76.6      5.9
      -.3     86.6     75.9     29.1  22914.2  24071.7
     -10.1      53.1       3.0      55.4
       -.7      27.6       2.4      13.0
       -.9      24.5       2.4       8.2
       -.4      24.8       2.5       7.6
 56932   .041814  -.878085  -.476675
  53255.9  13921.1      -.3     43.3     81.5      5.2
      -.3     86.6     75.6     23.2  23713.6  24672.0
      -8.4      54.9       6.1      53.6
      -1.2      28.3       2.4      15.5
       -.8      24.8       2.7      10.0
       -.8      25.3       2.7       9.0
 56933   .000000  -.878853  -.477092
  53039.1  13863.4      -.3     43.3     76.1     28.9
      -.3     86.6     75.4     17.5  23003.3  24167.4
      -7.3      51.5       2.0      49.3
       -.4      28.2       2.1      17.3
       -.4      25.0       2.8      11.3
       -.8      25.3       2.7      10.5
 56934  -.041814  -.878085  -.476675
  52902.7  13890.6      -.3     43.3     76.1     28.9
      -.3     86.6     75.3     11.8  23428.4  24533.2
      -6.8      51.5       2.2      46.0
       -.7      27.8       1.7      17.5
       -.7      24.9       2.1      12.2
       -.2      25.8       2.6      11.7
 56935  -.083409  -.875791  -.475429
  52708.1  13864.0      -.3     43.3     76.1     28.9
      -.3     86.6     75.4      7.5  23345.7  24607.0
     -10.4      55.2       1.6      49.9
       -.5      28.5       1.4      17.4
       -.8      24.7       1.7      13.1
       -.2      25.7       2.4      12.8
 56936  -.124573  -.872008  -.473376
  52971.3  13864.9      -.3     43.3     76.1     28.9
      -.3     86.6     75.8      7.8  22945.2  24402.6
      -9.0      52.8        .5      46.5
       -.1      28.6       1.8      18.3
       -.4      25.0       1.6      13.4
       -.4      25.5       1.9      13.4
 56937  -.165103  -.866792  -.470544
  53070.4  13688.8      -.3     43.3     76.1     28.9
      -.3     86.6     76.5      7.2  23207.6  24239.0
      -6.9      53.0        .4      44.8
       -.6      28.9       1.7      19.8
      -1.0      24.7       1.3      14.8
        .2      25.6       2.3      14.5
 56938  -.243541  -.852392  -.462727
  53902.2  13546.5      -.3     43.3     76.1     28.9
      -.3     86.6     76.1     57.7  23474.9  24811.1
      -9.7      55.8      -1.0      46.3
       -.2      29.1       1.1      21.8
       -.2      25.2       1.5      17.5
       -.1      25.5       2.0      17.4
 56939  -.317480  -.833386  -.452409
  54778.4  12932.6      -.3     43.3     76.1     28.9
      -.3     86.6     76.1     57.7  24244.4  25367.3
      -7.8      52.9      -3.2      44.5
        .0      27.9        .8      22.3
        .0      25.1       1.1      18.5
        .1      25.5       1.2      18.6
 56940  -.386057  -.810720  -.440105
  56347.6  12479.7      -.3     43.3     76.1     28.9
      -.3     86.6     76.1     57.7  25200.3  26352.5
      -6.7      53.3      -1.0      44.2
       -.7      28.5       -.1      24.7
       -.7      24.9        .5      20.7
        .0      25.6       1.2      20.8
 56941  -.448787  -.785377  -.426348
  58042.2  11848.8      -.3     43.3     76.1     28.9
      -.3     86.6     76.1     57.7  26717.3  27954.2
      -7.9      56.6      -2.5      44.9
        .0      28.2        .2      24.7
        .2      24.3        .4      20.7
       -.2      24.5        .4      21.5
 56942  -.505524  -.758286  -.411641
  59936.1  11300.5      -.3     43.3     76.1     28.9
      -.3     86.6     76.1     57.7  27097.3  28396.9
      -6.7      53.9      -4.1      45.1
       -.5      27.9       -.2      27.1
        .2      24.1        .2      23.0
        .2      25.0        .6      23.5
 56943  -.556388  -.730259  -.396426
  62418.0  10797.3      -.3     43.3     76.1     28.9
      -.3     86.6     76.1     57.7  28608.0  29963.2
      -8.7      54.3      -5.9      42.8
       -.5      27.4       -.7      26.7
       -.3      23.9       -.4      23.3
       -.2      24.3       -.1      23.7
 56944  -.601687  -.701968  -.381068
  64912.0  10404.4      -.3     43.3     76.1     28.9
      -.3     86.6     76.1     57.7  30128.5  31453.2
      -9.5      54.5      -6.2      45.2
       -.2      27.2       -.4      28.2
       -.2      23.3       -.3      24.6
       -.2      23.9       -.1      25.6
 56945  -.641844  -.673936  -.365851
  67719.2  10043.7      -.3     43.3     76.1     28.9
      -.3     86.6     76.1     57.7  31637.8  33260.9
      -7.2      54.6      -6.4      44.0
       -.3      26.8       -.9      27.8
        .0      23.0       -.6      24.5
       -.1      23.3       -.3      25.8
 56946  -.677337  -.646549  -.350984
  70146.4   9670.9      -.3     43.3     76.1     28.9
      -.3     86.6     76.1     57.7  32029.5  34150.5
      -7.1      50.4      -5.4      42.8
        .3      26.3       -.5      29.3
       -.5      22.6      -1.2      25.2
       -.1      23.5       -.6      27.1
 56947  -.708659  -.620076  -.336613
  73497.6   9468.3      -.3     43.3     76.1     28.9
      -.3     86.6     76.1     57.7  34047.5  35974.5
      -7.3      56.5      -6.8      42.2
       -.4      26.1      -1.5      29.0
       -.4      22.1      -1.3      25.5
       -.1      22.2       -.8      27.0
 56948   .482910  -.845093  -.229382
 111507.5  14898.0      -.3     43.3     76.1     28.9
      -.3     86.6     76.1     57.7  56370.3  59170.9
      -8.8      51.0       5.2      53.3
      -1.6      29.4       1.8      23.6
       -.9      25.8       1.2      15.4
       -.5      25.9       1.0      14.3
 56949   .451149  -.861285  -.233777
 109541.9  14731.3      -.3     43.3     76.1     28.9
      -.3     86.6     76.1     57.7  56039.6  58300.9
      -8.5      54.0      10.5      57.1
      -1.3      28.9       2.1      23.2
       -.6      26.4       1.7      15.6
       -.5      26.1       1.6      13.6
 56950   .417577  -.876913  -.238019
 107689.6  14461.4      -.3     43.3     76.1     28.9
      -.3     86.6     76.1     57.7  54658.7  56958.2
      -8.7      51.7      10.0      59.7
      -1.4      29.3       2.5      23.2
      -1.2      25.9       1.8      13.9
      -1.2      26.3       2.0      12.4
 56951   .382204  -.891810  -.242063
 105974.9  14227.3      -.3     43.3     76.1     28.9
      -.3     86.6     76.1     57.7  53504.7  55849.4
      -9.3      53.1       7.7      61.2
      -1.1      29.3       3.1      23.3
       -.9      26.5       2.5      13.7
      -1.0      26.8       2.6      12.0
 56952   .345068  -.905804  -.245861
 104583.3  13981.9      -.3     43.3     76.1     28.9
      -.3     86.6     76.1     57.7  52421.9  55848.3
      -9.2      54.9      10.2      67.8
      -1.6      29.6       3.7      24.2
      -1.3      26.8       2.9      12.4
       -.9      27.1       2.8      10.5
 56953   .306238  -.918714  -.249365
 103104.2  13746.3      -.3     43.3     76.1     28.9
      -.3     86.6     75.2      8.0  52603.9  54648.9
      -9.7      52.6      11.0      68.7
      -1.6      29.8       3.5      23.0
      -1.0      26.8       3.2      11.4
      -1.4      27.3       3.4       9.7
 56954   .265817  -.930361  -.252527
 102209.5  13708.0      -.3     43.3     76.1     28.9
      -.3     86.6     74.8     20.5  51422.0  53551.2
      -7.7      51.5      10.9      76.8
      -1.9      29.6       4.6      23.8
      -1.4      27.0       4.1      10.1
      -1.2      26.7       4.1       7.9
 56955   .223945  -.940570  -.255298
 101259.1  13449.8      -.3     43.3     74.7      5.9
      -.3     86.6     74.7     33.4  51316.0  53225.8
     -12.0      55.3      10.1      86.2
      -1.7      30.0       3.6      25.7
      -1.4      27.0       3.7       9.8
      -1.5      27.6       3.7       6.5
 56956   .180796  -.949177  -.257634
 100429.6  13444.1      -.3     43.3     74.5     17.5
      -.3     86.6     74.7     45.9  49439.7  51834.5
      -9.1      55.1       5.6      92.8
      -2.1      30.1       3.2      37.8
      -1.0      26.8       3.6      11.1
      -1.4      27.7       3.7       6.2
 56957   .136577  -.956038  -.259496
  99340.0  13244.0      -.3     43.3     79.1     22.3
      -.3     86.6     79.2     50.6  49463.8  51864.2
      -7.6      52.3       9.0     104.2
      -1.7      29.9       3.0      48.8
      -1.3      26.6       3.4      15.5
      -1.9      27.8       2.2       8.7
 56958   .091527  -.961030  -.260851
  98712.1  13187.4      -.3     43.3     77.4     11.2
      -.3     86.6     77.5     39.7  50162.3  51700.9
      -8.2      54.6       9.5      86.5
      -1.7      30.3       1.8      28.8
      -1.5      27.0       2.1      11.0
      -2.1      27.7       2.3       5.0
 56959   .068771  -.962796  -.261330
  98441.3  13103.4      -.3     43.3     76.7     11.2
      -.3     86.6     76.9     33.5  48648.0  51592.7
     -11.9      53.4       3.1      79.1
      -1.9      30.3       2.3      24.4
      -1.3      26.9       2.2       7.0
      -1.3      27.8       2.5       5.6
 56960   .045908  -.964064  -.261674
  98485.6  13129.9      -.3     43.3     75.2      2.9
      -.3     86.6     76.4     27.0  50203.9  51862.9
      -9.4      53.4       3.3      73.2
      -1.6      29.6       2.4      21.6
       -.8      26.8       2.5       8.4
      -1.9      28.1       2.4       6.7
 56961   .022972  -.964827  -.261882
  97883.6  13047.1      -.3     43.3     76.1     28.9
      -.3     86.6     76.1     20.7  49711.1  52385.8
     -11.8      51.0       3.0      67.6
       -.9      30.4       2.8      21.2
      -1.3      27.3       2.7       9.1
      -1.7      28.0       2.6       7.5
 56962   .000000  -.965081  -.261951
  98076.6  13111.1      -.3     43.3     76.1     28.9
      -.3     86.6     75.9     14.3  47924.4  50818.8
     -10.0      50.9       7.1      65.2
      -1.2      30.1       1.9      20.5
      -1.4      27.2       2.1      10.9
      -1.1      27.7       2.4       7.7
 56963  -.022972  -.964827  -.261882
  97648.7  13110.0      -.3     43.3     76.1     28.9
      -.3     86.6     75.7      8.0  48812.1  51170.2
      -9.4      50.9       2.2      65.2
      -1.6      30.4       1.5      20.3
      -1.1      27.4       1.9      10.2
      -1.1      27.9       1.8       8.3
 56964  -.045908  -.964064  -.261674
  98066.1  13089.0      -.3     43.3     76.1     28.9
      -.3     86.6     75.2      3.5  49730.8  51640.6
     -10.0      54.0        .8      63.6
      -1.1      30.2       1.3      20.2
      -1.0      26.9       1.3      10.1
      -1.1      27.7       1.4       8.6
 56965  -.068771  -.962796  -.261330
  97724.3  13094.2      -.3     43.3     76.1     28.9
      -.3     86.6     76.1     57.7  48725.1  51126.4
      -8.3      50.5       2.6      62.1
      -1.7      29.9       1.5      19.3
       -.9      27.4       1.5      11.0
      -1.8      27.7       1.2       9.2
 56966  -.091527  -.961030  -.260851
  97660.6  13156.0      -.3     43.3     76.1     28.9
      -.3     86.6     76.1     57.7  49677.1  51684.8
      -8.9      54.1        .5      63.1
      -1.5      29.9       1.4      19.4
      -1.2      27.6       1.3      11.3
       -.6      28.2       1.5      10.3
 56967  -.136577  -.956038  -.259496
  97938.0  13295.8      -.3     43.3     76.1     28.9
      -.3     86.6     76.1     57.7  48603.2  51292.6
      -9.5      51.2       -.7      53.7
      -1.4      30.4        .5      18.8
      -1.0      27.2        .6      12.1
       -.7      28.3        .6      11.4
 56968  -.180796  -.949177  -.257634
  98240.0  13249.9      -.3     43.3     76.1     28.9
      -.3     86.6     76.1     57.7  48525.1  51666.8
      -8.1      49.9      -3.1      51.3
      -1.7      30.6       -.1      20.0
       -.5      27.9        .6      13.5
       -.8      28.2        .6      12.5
 56969  -.223945  -.940570  -.255298
  99388.0  13348.9      -.3     43.3     76.1     28.9
      -.3     86.6     76.1     57.7  48217.3  51319.9
      -8.1      50.3      -2.5      48.2
      -1.4      30.2       -.3      20.4
       -.1      27.5        .3      14.6
       -.9      28.2        .0      13.6
 56970  -.265817  -.930361  -.252527
 100095.7  13448.7      -.3     43.3     76.1     28.9
      -.3     86.6     76.1     57.7  49480.0  51674.9
      -9.7      54.6      -3.1      46.0
      -1.2      30.4       -.2      20.9
       -.5      27.4        .0      15.3
      -1.2      28.3       -.4      14.7
 56971  -.306238  -.918714  -.249365
 101250.1  13543.0      -.3     43.3     76.1     28.9
      -.3     86.6     76.1     57.7  51031.6  53534.2
     -10.5      53.7      -4.1      48.2
      -1.5      30.5       -.7      21.3
       -.1      27.3        .0      16.4
       -.2      28.0        .1      16.4
 56972  -.345068  -.905804  -.245861
 102359.2  13527.1      -.3     43.3     76.1     28.9
      -.3     86.6     76.1     57.7  51472.9  53914.0
      -5.0      49.6      -2.3      44.1
       -.8      30.0       -.8      21.1
       -.4      27.4       -.3      17.3
       -.9      27.3       -.7      16.2
 56973  -.382204  -.891810  -.242063
 103918.4  13423.8      -.3     43.3     76.1     28.9
      -.3     86.6     76.1     57.7  52675.1  55191.8
      -8.4      51.7      -5.5      42.9
      -1.2      30.6      -1.1      22.7
       -.5      27.6       -.7      19.1
       -.2      27.9       -.3      18.1
 56974  -.417577  -.876913  -.238019
 105325.2  13194.9      -.3     43.3     76.1     28.9
      -.3     86.6     76.1     57.7  52030.6  54810.7
      -8.3      51.8      -5.6      44.1
       -.9      30.4       -.9      22.7
       -.7      26.7       -.9      18.5
       -.8      27.4       -.8      18.1
 56975  -.451149  -.861285  -.233777
 107364.1  13031.3      -.3     43.3     76.1     28.9
      -.3     86.6     76.1     57.7  52998.5  55118.2
     -12.4      57.5      -5.5      42.0
       -.9      30.1      -1.1      24.0
       -.6      26.7       -.9      20.4
       -.8      27.3       -.9      20.0
 56976  -.482910  -.845093  -.229382
 109281.1  12899.1      -.3     43.3     76.1     28.9
      -.3     86.6     76.1     57.7  55578.6  57827.8
     -11.9      55.4      -6.5      42.5
       -.8      29.3      -1.3      23.4
       -.7      26.3      -1.1      20.0
       -.8      26.4      -1.3      19.9
 56977   .337328  -.927651  -.160231
 160344.3  13943.4      -.3     43.3     76.1     28.9
      -.3     86.6     76.1     57.7  84930.3  89272.7
      -6.6      50.2       1.9      57.8
      -1.7      30.0       1.7      25.6
       -.9      27.3       1.1      13.8
      -1.4      27.2       1.0      12.0
 56978   .312066  -.936198  -.161707
 159214.4  13810.7      -.3     43.3     76.1     28.9
      -.3     86.6     76.1     57.7  83178.5  87184.2
      -8.8      50.9       7.5      62.6
      -1.4      31.0       1.9      27.1
      -1.2      27.7       1.3      14.0
       -.8      27.8       1.4      11.7
 56979   .286124  -.944211  -.163091
 158016.7  13682.6      -.3     43.3     76.1     28.9
      -.3     86.6     76.1     57.7  83510.2  88070.2
      -6.4      49.0       3.6      68.2
      -1.5      31.0       3.0      26.9
      -1.3      27.5       1.7      13.6
      -1.5      27.6       1.6      11.2
 56980   .259539  -.951641  -.164374
 156651.8  13606.5      -.3     43.3     76.1     28.9
      -.3     86.6     76.1     57.7  84800.0  87602.3
     -10.8      47.9      13.6      74.7
      -1.6      30.7       3.0      29.2
      -1.2      27.8       2.1      12.6
      -1.0      27.6       2.0      10.5
 56981   .232349  -.958440  -.165549
 156167.0  13469.6      -.3     43.3     76.1     28.9
      -.3     86.6     76.1     57.7  82858.3  85608.0
      -9.8      51.0      11.5      83.9
      -2.1      31.6       3.4      28.9
      -1.3      27.6       2.5      12.3
      -1.2      27.6       2.6       9.0
 56982   .204604  -.964562  -.166606
 155409.3  13370.3      -.3     43.3     76.1     28.9
      -.3     86.6     74.9      6.1  83118.5  86080.2
     -11.3      52.0      11.0      88.2
      -2.0      31.3       2.9      30.7
      -1.1      27.7       2.7      13.8
       -.8      27.4       2.8       8.6
 56983   .176357  -.969963  -.167539
 154876.6  13323.9      -.3     43.3     76.1     28.9
      -.3     86.6     74.6     19.1  81632.1  85291.3
      -9.4      50.8      10.5      92.1
      -2.0      32.1       4.3      31.0
      -1.2      27.6       3.8      12.7
      -1.9      28.4       4.2       7.9
 56984   .147667  -.974605  -.168341
 154266.2  13293.8      -.3     43.3     74.3      9.8
      -.3     86.6     74.3     32.3  82552.6  86133.5
     -12.6      55.2      11.0      99.7
      -2.0      30.7       3.2      35.4
      -1.6      27.3       3.2      12.6
      -1.1      27.4       3.4       8.7
 56985   .118600  -.978453  -.169006
 153217.3  13254.3      -.3     43.3     73.7     16.8
      -.3     86.6     74.1     45.1  82125.0  85413.5
     -11.3      55.7       3.8     108.6
      -1.9      31.0       3.2      49.4
      -1.3      28.1       3.2      19.7
      -1.0      28.0       3.3       8.3
 56986   .089225  -.981478  -.169528
 152791.1  13202.7      -.3     43.3     79.3     21.9
      -.3     86.6     79.3     50.1  81025.7  83896.4
     -13.7      55.4        .8     115.5
      -1.8      30.0       4.3      66.1
      -1.2      27.9       3.1      27.5
      -2.8      27.9       2.5      17.6
 56987   .059616  -.983656  -.169904
 152430.1  13170.3      -.3     43.3     77.8     10.6
      -.3     86.6     78.0     39.1  81561.5  84390.1
      -9.6      51.7       4.9     100.0
      -1.8      31.3       3.2      41.7
      -1.3      28.1       2.3      14.1
      -1.2      28.1       2.2       7.5
 56988   .044746  -.984421  -.170036
 152006.2  13241.6      -.3     43.3     77.2      4.4
      -.3     86.6     77.3     32.9  80869.3  83789.2
     -10.4      48.8       8.2      91.6
      -2.4      30.8       2.2      35.1
       -.9      27.5       2.4      12.6
      -1.7      27.6       2.2       8.4
 56989   .029848  -.984969  -.170131
 152537.9  13162.1      -.3     43.3     76.1     28.9
      -.3     86.6     76.8     26.2  81189.1  84642.6
     -10.2      51.6       3.2      92.9
      -2.3      31.3       2.2      34.6
      -1.6      27.8       2.5      10.8
      -1.5      28.0       2.5       6.7
 56990   .014929  -.985299  -.170188
 152245.9  13112.6      -.3     43.3     76.1     28.9
      -.3     86.6     76.6     19.6  80168.3  84928.2
     -13.5      51.6       4.8      92.7
      -2.1      30.8       2.6      29.1
      -1.4      27.9       2.8      11.8
      -1.7      27.8       2.6       7.3
 56991   .000000  -.985408  -.170207
 151563.4  13241.2      -.3     43.3     76.1     28.9
      -.3     86.6     76.4     13.0  81366.7  83956.4
     -10.7      55.1       4.6      89.3
      -2.7      31.7       1.9      28.6
      -1.2      28.1       2.4      11.7
      -1.8      28.5       2.2       7.2
 56992  -.014929  -.985299  -.170188
 152004.2  13051.5      -.3     43.3     76.1     28.9
      -.3     86.6     76.3      6.6  80536.9  84429.4
      -9.5      52.2      -1.3      81.1
      -1.8      30.9       1.7      26.0
      -1.6      27.8       1.5      11.5
       -.9      28.0       1.6       8.3
 56993  -.029848  -.984969  -.170131
 151770.9  13152.2      -.3     43.3     76.1     28.9
      -.3     86.6     74.5      2.2  81868.6  84884.3
      -7.2      51.0        .2      74.7
      -2.1      30.7        .9      25.5
      -1.7      27.7       1.2      10.7
      -1.5      28.0       1.1       7.4
 56994  -.044746  -.984421  -.170036
 151604.5  13130.8      -.3     43.3     76.1     28.9
      -.3     86.6     76.1     57.7  81619.2  84635.4
     -11.4      51.0       7.2      72.8
      -2.1      31.5       1.4      25.3
      -1.2      27.8       1.5      10.2
      -1.4      28.4       1.6       8.1
 56995  -.059616  -.983656  -.169904
 152072.8  13106.5      -.3     43.3     76.1     28.9
      -.3     86.6     76.1     57.7  82048.7  85262.6
      -8.2      53.4       3.2      71.3
      -2.0      31.5       1.2      26.4
      -1.6      27.9       1.3      11.1
      -1.5      28.3       1.3       9.0
 56996  -.089225  -.981478  -.169528
 152068.9  13211.1      -.3     43.3     76.1     28.9
      -.3     86.6     76.1     57.7  80169.7  83458.0
     -11.3      52.2      -1.7      70.7
      -2.2      31.5        .2      22.4
       -.8      27.6        .4      11.5
      -1.2      27.8        .3       8.7
 56997  -.118600  -.978453  -.169006
 152046.3  13238.3      -.3     43.3     76.1     28.9
      -.3     86.6     76.1     57.7  80715.8  82819.7
      -9.5      51.6       -.1      64.5
      -1.9      31.3        .3      21.3
      -1.4      28.0        .4      11.4
      -1.4      28.7        .4      10.1
 56998  -.147667  -.974605  -.168341
 152431.8  13225.4      -.3     43.3     76.1     28.9
      -.3     86.6     76.1     57.7  81667.5  85133.3
      -7.7      53.3      -2.0      57.2
      -1.6      31.8       -.6      21.0
       -.8      27.9       -.1      11.9
      -1.1      27.7       -.4      10.2
 56999  -.176357  -.969963  -.167539
 152946.0  13233.9      -.3     43.3     76.1     28.9
      -.3     86.6     76.1     57.7  79759.5  83682.6
      -9.5      52.8      -3.0      55.9
      -2.0      31.4       -.5      21.8
       -.9      27.9       -.1      12.8
       -.5      28.3        .0      11.5
 57000  -.204604  -.964562  -.166606
 153498.2  13401.7      -.3     43.3     76.1     28.9
      -.3     86.6     76.1     57.7  81142.4  85941.6
      -9.7      53.1      -5.1      52.4
      -1.2      31.2       -.7      20.9
       -.6      28.2       -.5      13.3
      -1.3      28.0       -.7      11.9
 57001  -.232349  -.958440  -.165549
 154700.7  13448.7      -.3     43.3     76.1     28.9
      -.3     86.6     76.1     57.7  81149.4  85614.5
      -9.3      50.2      -3.9      47.5
      -1.6      31.2       -.9      21.4
       -.8      27.8       -.6      14.1
      -1.2      28.3       -.5      12.7
 57002  -.259539  -.951641  -.164374
 154779.5  13530.1      -.3     43.3     76.1     28.9
      -.3     86.6     76.1     57.7  81845.0  85305.7
     -10.9      54.5      -5.6      45.3
      -1.9      31.4      -1.4      21.4
       -.9      27.9       -.9      14.9
      -1.1      28.1      -1.0      13.3
 57003  -.286124  -.944211  -.163091
 156297.9  13532.6      -.3     43.3     76.1     28.9
      -.3     86.6     76.1     57.7  83105.5  86258.0
      -9.8      53.7      -3.8      42.2
      -1.6      31.4      -1.4      20.6
       -.7      27.9       -.7      15.4
      -1.1      28.3      -1.1      13.7
 57004  -.312066  -.936198  -.161707
 157556.4  13741.7      -.3     43.3     76.1     28.9
      -.3     86.6     76.1     57.7  81236.7  86069.8
     -11.1      52.2      -8.2      44.5
      -1.3      31.3      -1.2      20.6
      -1.4      28.0      -1.5      15.9
       -.9      28.3      -1.1      14.9
 57005  -.337328  -.927651  -.160231
 158494.4  13769.4      -.3     43.3     76.1     28.9
      -.3     86.6     76.1     57.7  84690.8  88315.8
     -10.0      54.2      -6.8      39.8
      -2.1      31.0      -1.8      21.0
       -.9      27.1      -1.1      15.7
       -.2      27.7       -.7      14.8
