OCR_prd2017clk:newR21@-300V,3.8T@20d,263K,rhe=1.10,rhh=0.7,0.00/0.00            
   344   1  3.80  28   3  29   2  300.00  263.00     .00 1.11700   650.0   26.23  -13.44  150.000  100.000  290.000  1250.0   13.11   -6.72    1.50    1.00     .85
 52821  -.105170   .946530  -.304993
  88988.7  13710.6     13.1     43.3     -4.4      5.1
     13.1     86.6     -4.6     32.8  52381.6  53904.0
      10.7      53.5     -10.7      77.3
        .1      23.1        .5      18.5
       -.2      18.2        .8       5.3
       -.2      17.0        .7       4.0
 52822  -.113613   .937303  -.329476
  82183.6  13805.6     13.1     43.3     -4.7      5.3
     13.1     86.6     -4.8     33.1  48196.7  49263.0
       9.8      53.7      -8.4      73.8
        .1      23.6        .4      17.3
       -.3      18.9        .7       5.3
       -.3      17.8        .6       4.1
 52823  -.123410   .925573  -.357888
  75516.3  13847.7     13.1     43.3     -4.8      5.4
     13.1     86.6     -4.8     33.2  43956.1  45069.6
       8.5      52.5      -7.4      67.1
       1.0      22.7        .2      15.4
       -.6      17.6        .7       5.7
       -.3      16.3        .7       4.1
 52824  -.134874   .910397  -.391134
  69356.9  14265.0     13.1     43.3     -5.0      5.7
     13.1     86.6     -4.7     33.2  39500.9  40522.8
      12.0      56.6      -6.7      70.9
       -.2      23.1        .5      14.0
       -.4      18.3        .6       5.7
       -.2      16.6        .7       4.3
 52825  -.148397   .890380  -.430350
  62926.5  14459.6     13.1     43.3     -5.0      5.9
     13.1     86.6     -4.9     33.5  35440.8  36384.2
      11.3      54.6      -6.2      65.2
        .6      22.8        .1      13.1
       -.6      17.1        .7       5.4
       -.6      15.7        .7       4.4
 52826  -.164460   .863416  -.476934
  56902.1  14899.3     13.1     43.3     -5.0      6.1
     13.1     86.6     -5.1     33.8  31452.7  32323.6
       8.9      52.9      -2.9      61.4
        .4      22.4        .4      12.5
       -.1      17.8        .5       5.6
       -.2      16.7        .6       4.6
 52827  -.183618   .826279  -.532491
  51178.7  15583.0     13.1     43.3     -5.1      6.3
     13.1     86.6     -5.3     33.9  27460.0  28443.9
       9.8      55.9      -6.5      58.3
       -.2      22.3        .2      12.1
       -.3      16.3        .8       5.8
       -.2      14.7        .6       4.8
 52828  -.206405   .774019  -.598575
  45409.3  16531.4     13.1     43.3     -5.2      6.6
     14.6      6.9     -5.2     34.2  24098.2  24739.1
       7.1      54.8      -3.8      51.9
        .1      21.8        .3       9.9
       -.3      17.2        .7       6.0
       -.2      15.7        .6       5.0
 52829  -.233063   .699189  -.675882
  40290.9  18529.8     13.1     43.3     -5.4      7.0
     12.3     16.1     -5.3     34.8  20982.6  21788.5
       6.6      58.4      -4.6      50.1
        .6      27.1        .4      10.2
        .0      18.0        .6       6.2
       -.1      14.6        .6       5.2
 52830  -.262862   .591440  -.762300
  35715.6  22248.7     13.1     43.3     -5.4      7.2
     12.9     35.6     -5.4     34.9  18523.4  19100.5
       5.5      57.2      -5.1      46.8
       -.1      23.1        .6       9.7
       -.3      15.2        .7       6.4
       -.4      12.2        .7       5.4
 52831  -.292854   .439281  -.849276
  32205.9  25768.7     12.7     14.6     -5.6      7.3
     12.6     55.3     -5.5     35.0  16215.9  16728.4
       4.5      47.6      -4.5      44.1
        .0      13.5        .6      10.1
       -.4       8.8        .6       6.5
       -.1       7.4        .6       5.6
 52832  -.316664   .237498  -.918324
  29906.9  23974.9     12.4     31.9     -5.5      7.3
     12.3     74.2     -5.5     35.2  14608.6  15174.8
       1.5      57.8      -3.9      41.7
       -.2       7.7        .7       9.7
       -.2       5.0        .6       6.7
       -.2       5.0        .6       5.8
 52833  -.325991   .000000  -.945373
  29064.2  23255.9     13.0     36.2     -5.5      7.4
     13.1     78.8     -5.6     35.5  14321.8  14845.8
      -1.5      65.1      -1.3      42.1
       -.6       7.4        .5       9.9
       -.3       5.0        .7       6.5
       -.4       5.0        .6       5.6
 52834  -.323582  -.121343  -.938387
  29224.1  22761.8     12.9     27.9     -5.5      7.4
     13.1     69.9     -5.5     35.4  14085.8  14793.9
      -4.1      56.1      -2.8      44.4
       -.5       8.5        .7       9.9
       -.5       5.2        .7       6.5
       -.6       5.0        .7       5.6
 52835  -.316664  -.237498  -.918324
  29751.3  23416.2     13.0     19.1     -5.5      7.3
     12.6     60.4     -5.6     35.5  14728.7  15304.7
      -3.7      47.5      -1.1      40.1
       -.7      11.6        .5       9.5
       -.4       7.6        .6       6.4
       -.3       6.4        .7       5.5
 52836  -.306058  -.344315  -.887567
  30737.2  23308.0     12.6     11.2     -5.5      7.2
     12.8     51.0     -5.8     35.3  15283.7  15870.1
      -3.7      48.7      -2.2      43.6
       -.6      15.1        .5       9.6
       -.5      10.2        .7       6.4
       -.4       8.3        .7       5.5
 52837  -.292854  -.439281  -.849276
  32172.4  21952.3     13.3      8.1     -5.6      7.0
     12.6     41.2     -5.6     35.1  16020.7  16510.4
      -6.3      51.9      -2.0      43.6
       -.6      20.2        .5       9.9
       -.3      13.1        .6       6.4
       -.6      10.4        .6       5.5
 52838  -.278147  -.521525  -.806626
  33812.6  19876.5     13.1     43.3     -5.7      6.9
     12.9     31.6     -5.5     34.9  17139.6  17759.1
      -4.2      54.2        .1      44.4
       -.8      25.5        .6       9.6
       -.3      17.0        .6       6.2
       -.7      13.7        .6       5.4
 52839  -.262862  -.591440  -.762300
  35609.0  18361.6     13.1     43.3     -5.6      6.7
     12.8     21.6     -5.5     34.7  17986.9  18750.4
      -5.0      57.8        .5      47.5
       -.9      27.6        .5       9.7
       -.4      18.4        .7       6.1
       -.6      15.1        .6       5.2
 52840  -.233063  -.699189  -.675882
  39906.1  16023.2     13.1     43.3     -5.4      6.3
     12.8      6.9     -5.3     34.5  21025.3  21635.1
      -7.0      49.8       -.9      48.7
       -.6      23.2        .7       9.7
       -.5      16.9        .7       5.8
       -.2      15.8        .7       5.0
 52841  -.206405  -.774019  -.598575
  45314.3  14828.1     13.1     43.3     -5.4      5.9
     13.1     86.6     -5.3     34.1  24191.0  24979.0
      -9.7      52.2      -1.1      50.9
       -.5      22.9        .6       9.8
       -.3      17.5        .8       5.6
       -.4      16.7        .7       4.7
 52842  -.183618  -.826279  -.532491
  50715.8  14007.9     13.1     43.3     -5.2      5.6
     13.1     86.6     -5.2     33.7  27762.8  28565.7
      -7.2      49.8       3.8      55.7
      -1.1      22.3        .5      10.9
       -.3      16.8        .8       5.6
       -.6      15.5        .7       4.5
 52843  -.164460  -.863416  -.476934
  56655.9  13775.3     13.1     43.3     -5.2      5.3
     13.1     86.6     -5.3     33.6  31440.3  32524.9
     -10.8      53.5       3.1      56.7
       -.9      23.6        .7      11.4
       -.4      18.7        .7       5.3
       -.2      17.7        .7       4.2
 52844  -.148397  -.890380  -.430350
  62482.9  13507.2     13.1     43.3     -5.1      5.1
     13.1     86.6     -5.2     33.5  35327.4  36533.9
      -8.5      49.7       1.3      63.4
       -.8      22.7        .6      13.5
       -.7      17.4        .6       5.1
       -.7      15.7        .7       4.0
 52845  -.134874  -.910397  -.391134
  69070.7  13346.7     13.1     43.3     -5.1      4.8
     13.1     86.6     -5.3     33.2  39776.9  40918.2
     -10.2      54.1       4.5      68.1
      -1.1      23.8        .7      13.3
       -.2      18.9        .8       5.4
       -.6      18.5        .7       3.8
 52846  -.123410  -.925573  -.357888
  75252.0  13159.7     13.1     43.3     -5.1      4.7
     13.1     86.6     -5.1     33.1  43226.2  44533.4
     -10.7      50.7       2.0      65.0
       -.9      22.4        .6      15.0
       -.4      17.7        .7       4.8
       -.4      16.4        .8       3.7
 52847  -.113613  -.937303  -.329476
  81857.5  13026.5     13.1     43.3     -5.1      4.5
     13.1     86.6     -5.1     32.9  48571.3  49841.9
      -9.1      51.1       2.7      75.1
       -.8      23.5        .8      15.9
       -.7      19.7        .7       4.8
       -.6      18.7        .7       3.6
 52848  -.105170  -.946530  -.304993
  88628.1  12958.8     13.1     43.3     -5.0      4.3
     13.1     86.6     -5.0     32.6  52102.0  53625.1
     -10.7      50.5       4.7      78.0
       -.9      22.6       1.0      18.0
       -.5      18.0        .7       4.7
       -.4      16.6        .7       3.6
 52849   .863216  -.064741  -.500666
  53627.4   9379.4     12.8     26.0     -6.7     28.9
     12.9     68.6     -6.7     57.7  29608.9  30624.7
       4.2      61.8       7.7      38.5
       -.4      10.7       1.6      20.5
       -.4       5.0       1.0      15.5
       -.5       5.0       1.1      13.9
 52850   .838516  -.069876  -.540377
  49748.9   9627.4     12.7     26.2     -6.7     28.9
     12.8     68.5     -6.7     57.7  27699.3  28298.5
       2.2      62.1       7.2      38.5
       -.2      10.1       1.3      20.5
       -.5       5.0       1.0      15.0
       -.4       5.0       1.2      13.1
 52851   .807288  -.075683  -.585284
  46002.0   9876.3     12.9     26.4     -6.7     28.9
     12.9     68.8     -6.7     57.7  24590.6  25411.6
       4.3      60.2       6.6      39.0
       -.8       9.9       1.2      20.5
       -.4       5.0        .9      14.6
       -.4       5.0        .8      13.2
 52852   .767414  -.082223  -.635858
  42136.6  10288.3     12.7     26.7     -6.7     28.9
     12.8     68.8     -6.7     57.7  22650.8  23410.6
       3.5      58.6       5.5      39.9
       -.3       8.2       1.1      20.3
       -.4       5.0       1.1      14.5
       -.3       5.0       1.0      12.6
 52853   .716102  -.089513  -.692232
  38765.5  10893.7     12.8     26.7     -6.7     28.9
     12.9     69.2     -6.7     57.7  20582.1  21142.0
       -.4      56.3       5.6      39.7
       -.5       8.8       1.1      18.8
       -.4       5.0       1.0      13.3
       -.4       5.0       1.3      12.4
 52854   .649830  -.097475  -.753803
  35547.6  11865.8     12.7     27.1     -6.7     28.9
     12.8     69.4     -6.7     57.7  18288.6  19027.2
       1.3      55.5       6.3      39.9
       -.5       8.8       1.1      19.2
       -.2       5.0        .8      13.4
       -.4       5.0        .8      11.4
 52855   .564543  -.105852  -.818588
  33002.3  13490.6     12.7     27.2     -6.7     28.9
     13.0     69.5     -5.6      6.3  16530.8  17415.8
       1.0      55.4       5.4      40.1
      -1.0       8.3       1.1      16.9
       -.4       5.0       1.0      12.0
       -.4       5.0       1.0      10.4
 52856   .456422  -.114106  -.882416
  30870.5  16433.6     12.5     27.6     -6.7     28.9
     12.8     69.6     -5.5     16.8  15357.3  15851.5
        .5      55.1       3.6      40.4
       -.3       7.8        .7      17.0
       -.4       5.0        .7      11.4
       -.4       5.0        .9       9.8
 52857   .323582  -.121343  -.938387
  29127.0  21293.5     12.5     27.9     -5.8      4.4
     12.8     69.8     -5.7     29.3  14345.9  14740.9
      -1.2      54.1       5.3      38.7
       -.4       7.7        .7      12.6
       -.6       5.1        .7       8.6
       -.4       5.0        .8       7.2
 52858   .168544  -.126408  -.977555
  28072.8  23113.5     12.6     27.9     -6.0     13.5
     12.7     69.7     -5.9     41.9  13927.1  14335.8
       1.2      55.0       3.3      45.4
       -.5       8.2        .9       8.0
       -.4       5.0        .8       5.2
       -.5       5.0        .8       4.6
 52859   .000000  -.128243  -.991743
  27792.4  22855.7     12.5     27.9     -6.8     24.9
     12.9     70.1     -6.7     53.6  13517.0  14031.9
       1.4      52.6       3.8      62.2
       -.6       7.8        .5       8.0
       -.4       5.2        .7       3.0
       -.4       5.0        .8       3.0
 52860  -.085184  -.127776  -.988138
  28019.3  23053.7     13.2     28.1     -5.1     24.6
     13.2     69.8     -5.1     53.3  13329.3  13880.0
       -.7      52.6       1.4      64.1
       -.6       8.6       1.1       9.7
       -.5       5.3       1.0       3.0
       -.4       5.0        .7       3.0
 52861  -.168544  -.126408  -.977555
  28048.4  23249.1     12.6     27.8     -5.5     19.1
     12.8     69.8     -5.5     47.8  13738.3  14394.4
      -3.8      48.3      -1.8      53.9
       -.7       7.8        .7       6.7
       -.2       5.2        .7       3.4
       -.6       5.0        .6       3.1
 52862  -.248443  -.124222  -.960648
  28659.0  23475.0     12.7     27.8     -5.5     13.1
     12.9     69.9     -5.5     41.7  14209.9  14602.4
        .1      53.8      -1.6      44.7
       -.6       8.0        .5       7.4
       -.4       5.2        .7       4.9
       -.5       5.0        .5       4.3
 52863  -.323582  -.121343  -.938387
  29273.3  22853.9     13.1     27.7     -5.6      7.4
     13.0     69.7     -5.8     35.4  14313.1  14807.4
      -4.2      50.7      -1.6      40.3
       -.8       7.9        .5       9.6
       -.5       5.1        .7       6.6
       -.4       5.0        .6       5.6
 52864  -.393068  -.117920  -.911917
  29985.2  20771.9     12.9     27.8     -6.1      3.9
     13.1     69.8     -5.5     29.2  14848.8  15317.1
      -1.0      54.2      -1.3      39.0
       -.4       8.3        .3      12.2
       -.5       5.0        .6       8.1
       -.4       5.0        .6       6.9
 52865  -.456422  -.114106  -.882416
  30828.8  18331.1     12.9     27.7     -6.7     28.9
     13.2     69.7     -5.7     22.8  15181.6  15900.4
      -3.1      53.9      -3.5      40.0
       -.7       7.8        .3      14.9
       -.4       5.0        .4       9.8
       -.4       5.0        .4       8.3
 52866  -.513527  -.110042  -.850988
  31894.4  16115.5     12.7     27.5     -6.7     28.9
     12.8     69.5     -5.6     16.4  15979.0  16756.4
      -3.9      54.9      -2.5      40.5
       -.6       7.7        .7      16.4
       -.3       5.0        .8      11.2
       -.5       5.0        .4       9.3
 52867  -.564543  -.105852  -.818588
  33206.4  14719.7     12.8     27.5     -6.7     28.9
     13.1     69.6     -5.7     10.4  16813.1  17302.4
      -5.5      55.5      -3.1      40.1
       -.4       8.1        .8      17.1
       -.4       5.0        .6      11.7
       -.5       5.0        .6      10.0
 52868  -.649830  -.097475  -.753803
  35918.0  12775.0     12.9     27.1     -6.7     28.9
     13.0     69.4     -6.5      4.2  18723.1  19229.8
      -6.2      57.4      -3.9      43.0
       -.7       7.6        .5      17.2
       -.5       5.0        .6      11.9
       -.4       5.0        .6      10.0
 52869  -.716102  -.089513  -.692232
  39014.3  11580.8     13.1     27.0     -6.7     28.9
     13.3     69.1     -6.7     57.7  20634.9  21069.0
      -6.2      60.9      -4.8      42.3
       -.6       8.1       1.0      18.9
       -.5       5.0        .6      13.7
       -.4       5.0        .6      11.5
 52870  -.767414  -.082223  -.635858
  42278.6  10811.2     13.4     26.4     -6.7     28.9
     13.5     68.9     -6.7     57.7  22552.6  23324.3
      -5.2      57.9      -3.7      39.6
       -.7       9.4        .2      18.1
       -.4       5.0        .9      13.1
       -.5       5.0        .8      11.1
 52871  -.807288  -.075683  -.585284
  45874.8  10308.6     12.7     26.3     -6.7     28.9
     13.0     68.6     -6.7     57.7  25138.5  25709.8
      -5.1      64.4      -5.2      42.4
       -.7       9.8        .4      20.2
       -.5       5.0        .5      14.4
       -.4       5.0       1.0      12.7
 52872  -.838516  -.069876  -.540377
  49738.6   9934.2     13.0     26.0     -6.7     28.9
     13.2     68.4     -6.7     57.7  27497.9  28330.9
      -5.5      59.1      -5.1      37.1
       -.3       9.9       1.0      18.6
       -.5       5.0        .9      13.9
       -.5       5.0        .8      12.1
 52873  -.863216  -.064741  -.500666
  53517.2   9763.9     13.0     25.9     -6.7     28.9
     13.1     68.5     -6.7     57.7  29858.6  30794.7
      -8.0      64.4      -4.9      38.9
      -1.1      10.1        .5      20.7
       -.5       5.0        .8      15.3
       -.5       5.0        .7      13.2
 52874  -.882965  -.060202  -.465563
  57388.4   9494.5     13.1     25.8     -6.7     28.9
     13.2     68.0     -6.7     57.7  32111.5  33225.5
      -6.4      65.1      -5.5      37.3
       -.5      11.3        .7      18.5
       -.5       5.0        .8      14.2
       -.4       5.0        .9      12.7
 52875  -.898927  -.056183  -.434481
  61663.1   9325.1     13.1     25.7     -6.7     28.9
     13.2     67.9     -6.7     57.7  35127.2  36172.3
      -8.5      66.5      -6.9      39.7
      -1.0      13.3        .0      21.4
       -.5       5.0        .7      16.0
       -.4       5.0        .8      13.6
 52876  -.911966  -.052613  -.406877
  65746.7   9208.3     13.1     26.0     -6.7     28.9
     13.2     67.9     -6.7     57.7  37920.9  38745.7
      -7.0      70.2      -6.0      36.1
       -.5      12.6        .5      19.0
       -.4       5.0        .8      14.5
       -.4       5.0       1.1      13.0
 52877  -.922727  -.049432  -.382272
  70072.0   9132.0     13.4     25.3     -6.7     28.9
     13.4     67.5     -6.7     57.7  40569.1  42040.8
      -9.1      67.7      -5.3      37.1
      -1.1      15.1        .3      21.3
       -.5       5.0        .5      16.1
       -.4       5.0        .9      14.2
 52878   .806111  -.362750  -.467544
  57389.5  10227.1     13.1     43.3     -6.7     28.9
     12.8     18.9     -6.7     57.7  32295.5  33306.6
      -1.7      61.3       7.3      37.8
       -.8      25.8       1.2      20.9
       -.5      16.6       1.1      15.2
       -.5      13.7       1.1      14.0
 52879   .774912  -.387456  -.499388
  53719.5  10600.1     13.1     43.3     -6.7     28.9
     12.8     19.2     -6.7     57.7  29648.6  30400.6
      -3.3      58.4       8.5      39.8
       -.6      25.3       1.6      20.1
       -.4      16.9        .9      15.3
       -.4      13.9       1.0      13.2
 52880   .736803  -.414452  -.534182
  50281.5  11180.8     13.1     43.3     -6.7     28.9
     12.9     19.6     -6.7     57.7  27470.8  28282.0
      -3.3      55.9       7.3      38.8
       -.6      26.0        .8      19.6
       -.4      16.7        .8      14.4
       -.5      13.9       1.0      13.1
 52881   .690099  -.443635  -.571796
  46897.8  11878.2     13.1     43.3     -6.7     28.9
     12.5     20.0     -6.7     57.7  25389.5  26276.5
      -5.0      57.5       9.1      42.9
       -.5      26.4       1.0      19.6
       -.5      17.2        .9      14.1
       -.4      14.0        .8      12.2
 52882   .632842  -.474632  -.611748
  43925.6  12921.7     13.1     43.3     -6.7     28.9
     12.9     20.4     -6.7     57.7  23080.3  23980.7
      -2.3      56.3       6.6      41.5
       -.9      26.7       1.3      18.8
       -.3      17.7       1.1      13.2
       -.1      14.3        .8      11.7
 52883   .562936  -.506642  -.653006
  41300.9  14174.9     13.1     43.3     -6.7     28.9
     12.6     20.7     -6.7     57.7  21652.9  22292.6
      -4.4      58.3       6.7      41.9
        .0      27.0        .9      18.8
       -.4      17.8        .9      13.0
       -.3      14.5        .9      11.2
 52884   .478468  -.538276  -.693778
  38951.6  16248.7     13.1     43.3     -6.7     28.9
     12.8     21.0     -5.9      6.0  20064.6  20688.6
      -1.4      59.0       6.1      38.0
       -.7      27.5       1.2      16.4
       -.4      18.2        .8      11.2
       -.4      14.7        .9       9.7
 52885   .378295  -.567442  -.731370
  36959.8  17488.6     13.1     43.3     -6.7     28.9
     12.8     21.6     -5.8     16.0  18759.7  19609.4
      -7.6      60.2       7.3      43.5
      -1.0      27.5       1.3      16.5
       -.3      18.3        .6      10.9
       -.5      15.0        .8       9.0
 52886   .262862  -.591440  -.762300
  35599.1  17322.0     13.1     43.3     -6.3      5.3
     13.1     21.8     -5.9     28.7  18415.9  18974.8
      -4.8      58.1       5.6      45.5
       -.9      27.9       1.0      12.6
       -.3      18.4        .8       8.1
       -.3      15.4        .7       6.8
 52887   .134975  -.607388  -.782855
  34672.8  17086.5     13.1     43.3     -6.3     13.1
     13.0     21.8     -6.2     41.5  17362.8  18113.0
      -6.0      58.4       4.9      53.2
       -.5      27.5        .8       8.2
       -.6      18.5        .8       5.0
       -.6      15.2        .8       4.2
 52888   .000000  -.612997  -.790085
  34461.3  17268.7     13.1     43.3     -7.0     24.2
     12.4     21.9     -6.9     52.7  17433.8  17891.0
      -5.7      58.9       3.7      68.2
      -1.1      27.6        .9      11.0
       -.3      18.6        .5       3.0
       -.5      15.3        .7       3.0
 52889  -.067953  -.611580  -.788259
  34758.9  17457.4     13.1     43.3     -5.2     24.0
     12.7     21.8     -5.3     52.6  17478.3  18044.2
      -6.9      60.1       2.1      70.2
       -.6      27.9        .7      10.9
       -.6      18.7       1.0       3.0
       -.5      15.3        .9       3.0
 52890  -.134975  -.607388  -.782855
  34830.8  17643.7     13.1     43.3     -5.5     18.6
     12.6     21.9     -5.5     47.3  17345.6  18012.2
      -5.9      57.8       2.6      59.0
       -.4      27.8        .8       6.7
      -1.0      18.4        .7       3.0
       -.8      15.1        .7       3.0
 52891  -.200196  -.600588  -.774091
  35019.7  17774.2     13.1     43.3     -5.4     12.6
     12.8     21.8     -5.3     41.1  17934.9  18513.9
      -6.1      57.1       2.0      54.4
       -.3      27.8        .8       7.5
       -.5      18.3        .7       4.5
       -.6      15.1        .6       4.0
 52892  -.262862  -.591440  -.762300
  35813.8  18457.4     13.1     43.3     -5.5      6.7
     12.9     21.8     -5.5     34.9  18136.1  18678.8
      -5.8      58.4        .7      45.5
       -.5      28.5        .5       9.9
       -.2      18.9        .7       6.3
       -.5      15.2        .7       5.4
 52893  -.322373  -.580271  -.747905
  36226.6  18445.4     13.1     43.3     -6.0      4.0
     12.8     21.8     -5.4     28.5  18518.5  19035.1
      -5.6      55.9       -.8      41.2
       -.6      27.6        .4      11.8
       -.5      18.5        .5       7.8
       -.3      14.9        .6       6.5
 52894  -.378295  -.567442  -.731370
  37115.0  17959.3     13.1     43.3     -6.7     28.9
     12.7     21.7     -5.5     22.0  18928.0  19681.8
      -7.7      60.5      -1.3      44.1
      -1.1      27.8        .4      14.6
       -.4      17.9        .7       9.4
       -.3      14.8        .7       7.8
 52895  -.430364  -.553325  -.713175
  37919.4  16894.9     13.1     43.3     -6.7     28.9
     12.8     21.5     -5.5     15.6  19904.9  20478.7
      -7.5      59.0      -1.2      41.5
       -.4      27.6        .7      16.0
       -.5      18.2        .7      10.5
       -.3      14.5        .6       8.7
 52896  -.478468  -.538276  -.693778
  38847.2  16021.1     13.1     43.3     -6.7     28.9
     12.2     21.4     -5.7      9.6  20462.4  20937.6
      -6.1      57.2      -1.3      41.3
      -1.0      26.9        .3      15.7
       -.6      17.9        .5      10.8
       -.3      14.7        .7       9.4
 52897  -.562936  -.506642  -.653006
  41415.5  14243.9     13.1     43.3     -6.7     28.9
     12.6     20.7     -6.7     57.7  22029.7  22788.1
      -7.3      59.1      -2.1      41.6
      -1.1      27.2        .4      17.3
       -.7      17.8        .7      11.5
       -.6      14.6        .7       9.8
 52898  -.632842  -.474632  -.611748
  44106.7  12670.8     13.1     43.3     -6.7     28.9
     12.9     20.4     -6.7     57.7  23714.3  24432.9
      -5.5      56.5      -4.2      41.5
       -.8      26.8        .4      18.6
        .0      17.7        .8      12.9
       -.4      14.3        .8      11.2
 52899  -.690099  -.443635  -.571796
  47080.8  11753.5     13.1     43.3     -6.7     28.9
     12.7     20.0     -6.7     57.7  25497.1  26192.0
      -9.4      58.5      -4.5      41.3
      -1.1      26.4        .6      17.9
       -.7      17.1        .7      12.8
       -.2      14.4        .8      11.1
 52900  -.736803  -.414452  -.534182
  50130.6  10977.8     13.1     43.3     -6.7     28.9
     12.9     19.5     -6.7     57.7  27893.3  28491.7
      -8.2      57.9      -3.4      42.2
       -.6      25.7        .4      19.8
       -.3      16.8       1.0      14.2
       -.4      13.9        .8      12.4
 52901  -.774912  -.387456  -.499388
  53693.2  10492.4     13.1     43.3     -6.7     28.9
     12.7     19.3     -6.7     57.7  29928.5  30744.7
      -7.0      58.7      -3.6      40.1
       -.4      25.8        .6      18.4
       -.1      16.7       1.0      13.5
       -.5      13.8        .9      11.9
 52902  -.806111  -.362750  -.467544
  57218.1  10228.9     13.1     43.3     -6.7     28.9
     12.9     18.8     -6.7     57.7  31940.5  33057.9
      -8.9      59.1      -5.3      42.3
       -.8      25.4        .7      20.3
       -.1      16.3        .7      14.7
       -.3      13.6        .8      13.2
 52903  -.831783  -.340275  -.438577
  61140.1   9868.4     13.1     43.3     -6.7     28.9
     12.9     18.5     -6.7     57.7  34206.9  35572.5
      -8.6      60.7      -4.1      37.8
       -.6      25.1        .5      18.7
       -.4      16.6        .7      14.3
       -.2      13.5        .9      12.6
 52904  -.853040  -.319890  -.412303
  64933.2   9732.8     13.1     43.3     -6.7     28.9
     13.1     18.2     -6.7     57.7  37347.2  38264.3
      -9.2      61.4      -4.3      39.1
       -.5      24.9        .5      20.6
       -.7      16.3        .8      15.4
       -.2      13.4       1.0      13.5
 52905  -.870759  -.301417  -.388493
  68965.9   9495.7     13.1     43.3     -6.7     28.9
     12.7     18.1     -6.7     57.7  38836.5  40502.0
     -10.8      62.9      -3.9      37.4
      -1.0      24.6        .5      19.3
       -.2      16.3        .8      14.7
       -.5      13.3        .8      13.1
 52906  -.885633  -.284668  -.366905
  72958.6   9400.8     13.1     43.3     -6.7     28.9
     12.9     17.7     -6.7     57.7  42455.3  43613.6
      -9.3      62.8      -3.7      37.5
       -.8      24.5        .8      20.8
       -.5      16.0        .9      15.8
       -.4      13.3        .9      14.1
 52907   .467453  -.841416  -.271123
  99287.5  13839.5     13.1     43.3     -6.7     28.9
     13.1     86.6     -6.7     57.7  59869.6  61596.7
      -9.6      51.0      11.0      45.7
       -.6      21.7       1.2      16.2
       -.7      17.1       1.2      11.6
       -.5      15.8       1.1      10.0
 52908   .429723  -.859446  -.276932
  97242.3  13915.0     13.1     43.3     -6.7     28.9
     13.1     86.6     -6.7     57.7  58625.5  60234.5
     -10.1      53.6      11.2      48.7
      -1.1      22.1       1.3      18.2
       -.4      17.5        .8      12.2
       -.2      15.8       1.0      10.3
 52909   .389600  -.876600  -.282460
  95231.7  13440.0     13.1     43.3     -6.7     28.9
     13.1     86.6     -6.7     57.7  56329.2  58076.9
      -7.9      48.9      12.5      47.7
      -1.1      22.7       1.6      17.0
       -.6      17.5       1.2      10.6
       -.7      16.1       1.1       9.1
 52910   .347131  -.892622  -.287623
  93636.4  13279.2     13.1     43.3     -6.7     28.9
     13.1     86.6     -6.7     57.7  55917.2  57190.2
      -9.0      53.4      10.9      50.9
       -.5      22.7       1.2      18.3
       -.5      17.5        .9      11.2
       -.4      16.0        .9       9.2
 52911   .302414  -.907242  -.292333
  92049.3  13118.1     13.1     43.3     -6.7     28.9
     13.1     86.6     -6.7     57.7  54172.1  55866.0
      -7.6      50.4       7.4      56.4
       -.9      22.1       1.5      15.7
       -.8      17.6       1.3       9.5
       -.6      16.0       1.0       8.0
 52912   .255608  -.920190  -.296506
  90881.6  13068.7     13.1     43.3     -6.7     28.9
     13.1     86.6     -6.7     57.7  53490.7  55256.9
      -7.7      47.9      11.5      60.3
      -1.2      22.8       1.4      17.6
       -.4      18.1        .9      10.0
       -.6      16.2       1.0       7.8
 52913   .206935  -.931206  -.300055
  89866.2  12915.4     13.1     43.3     -6.7     28.9
     13.1     86.6     -6.2      3.1  53255.1  54901.8
      -9.6      50.8       9.3      59.3
      -1.3      22.5       1.7      16.6
       -.6      18.0        .9       8.4
       -.4      16.3        .8       6.8
 52914   .156676  -.940054  -.302906
  88979.6  12805.1     13.1     43.3     -6.7     28.9
     13.1     86.6     -6.0     13.0  52245.4  53241.0
     -10.6      52.4      12.9      64.9
       -.9      22.7       1.3      18.3
       -.3      17.9        .8       8.0
       -.6      16.4        .8       6.3
 52915   .105170  -.946530  -.304993
  88126.6  12707.9     13.1     43.3     -7.3      2.3
     13.1     86.6     -6.3     26.2  51503.3  53114.8
     -10.3      50.2       9.5      74.1
       -.8      22.3       1.1      16.3
       -.4      17.9        .8       6.7
        .0      16.5        .8       4.9
 52916   .052804  -.950480  -.306266
  88274.7  12788.0     13.1     43.3     -6.6     13.8
     13.1     86.6     -6.6     39.5  52194.9  53633.6
     -10.3      52.4       7.6      82.0
       -.9      22.4       1.0      22.0
       -.3      18.2        .8       4.3
       -.3      16.4        .9       3.0
 52917   .000000  -.951808  -.306694
  87944.7  12822.1     13.1     43.3     -6.5     23.0
     13.1     86.6     -6.4     51.6  51921.1  53233.2
     -11.9      53.1      10.5      96.7
      -1.1      23.0       1.6      38.7
       -.4      18.1        .7       6.4
       -.8      16.3        .5       3.0
 52918  -.026430  -.951476  -.306587
  87874.3  13001.5     13.1     43.3     -4.9     23.0
     13.1     86.6     -4.8     51.4  50711.9  52413.7
     -10.1      50.4       8.9      97.2
      -1.0      23.0       3.9      39.4
       -.5      18.2       1.4       9.1
       -.3      16.7       1.1       3.7
 52919  -.052804  -.950480  -.306266
  88155.5  12916.9     13.1     43.3     -4.9     17.1
     13.1     86.6     -4.8     45.8  51950.3  53545.3
     -11.7      54.8       8.3      88.9
      -1.1      22.4       1.3      26.0
       -.5      18.0        .8       5.1
       -.4      16.4        .9       3.0
 52920  -.079069  -.948828  -.305734
  88204.4  12898.2     13.1     43.3     -5.0     10.7
     13.1     86.6     -5.0     39.2  51778.1  53299.0
      -8.4      53.4       5.6      79.3
      -1.6      22.7       1.2      22.7
       -.4      17.9        .7       4.0
       -.5      16.2        .8       3.0
 52921  -.105170  -.946530  -.304993
  88242.7  13061.6     13.1     43.3     -5.1      4.4
     13.1     86.6     -5.0     32.7  52516.8  53809.9
     -10.0      49.7       9.4      76.8
       -.8      22.2       1.2      17.7
       -.5      17.9        .8       5.4
       -.5      16.7        .7       3.5
 52922  -.131055  -.943599  -.304049
  88907.2  13092.7     13.1     43.3     -6.7     28.9
     13.1     86.6     -5.2     26.1  52848.4  54116.7
     -12.0      50.5       4.9      71.2
      -1.5      22.9        .8      16.6
       -.7      17.9        .7       6.1
       -.7      16.4        .7       4.6
 52923  -.156676  -.940054  -.302906
  89059.0  13302.1     13.1     43.3     -6.7     28.9
     13.1     86.6     -4.9     19.4  52879.1  54499.6
      -9.0      51.3       4.5      68.2
       -.7      22.6       1.1      18.8
       -.5      18.0        .7       7.2
       -.8      16.5        .6       5.4
 52924  -.181983  -.935915  -.301572
  89383.9  13189.3     13.1     43.3     -6.7     28.9
     13.1     86.6     -5.3     12.7  52944.7  54428.2
     -11.1      52.2       3.7      69.3
      -1.1      22.8        .7      17.6
       -.8      18.0        .7       7.6
       -.5      16.6        .8       6.0
 52925  -.206935  -.931206  -.300055
  89883.4  13344.1     13.1     43.3     -6.7     28.9
     13.1     86.6     -5.0      6.1  53729.9  54926.1
     -11.1      55.5        .7      66.7
      -1.4      22.2        .5      16.4
       -.3      17.7        .8       8.0
       -.3      16.4        .7       6.3
 52926  -.255608  -.920190  -.296506
  90886.1  13561.9     13.1     43.3     -6.7     28.9
     13.1     86.6     -6.7     57.7  53653.3  55308.5
     -10.6      47.0       1.2      62.9
       -.9      22.4        .8      16.6
       -.4      17.6        .8       9.1
       -.6      16.4        .7       7.1
 52927  -.302414  -.907242  -.292333
  92277.6  13806.9     13.1     43.3     -6.7     28.9
     13.1     86.6     -6.7     57.7  55067.5  56295.2
     -11.6      51.8        .1      57.2
       -.7      22.8        .8      16.8
       -.5      17.5        .7       9.6
       -.5      16.2        .7       7.7
 52928  -.347131  -.892622  -.287623
  93964.0  14127.6     13.1     43.3     -6.7     28.9
     13.1     86.6     -6.7     57.7  55525.2  57564.7
      -9.8      45.6       3.9      58.2
      -1.1      22.3        .4      17.3
       -.6      17.6        .7      10.2
       -.3      16.3        .9       8.5
 52929  -.389600  -.876600  -.282460
  95671.3  14309.3     13.1     43.3     -6.7     28.9
     13.1     86.6     -6.7     57.7  56736.0  58397.4
     -10.0      48.2       -.1      51.5
       -.7      22.7        .8      17.7
       -.3      17.8        .7      11.0
       -.6      16.2        .7       9.2
 52930  -.429723  -.859446  -.276932
  97208.1  14384.4     13.1     43.3     -6.7     28.9
     13.1     86.6     -6.7     57.7  57761.9  59561.5
     -11.4      49.8      -2.3      49.7
      -1.0      21.9        .9      17.1
       -.6      17.1        .8      11.0
       -.4      15.9        .9       9.4
 52931  -.467453  -.841416  -.271123
  99602.4  14516.2     13.1     43.3     -6.7     28.9
     13.1     86.6     -6.7     57.7  58971.3  60994.7
     -13.1      54.3       -.5      49.4
      -1.3      22.2        .5      18.2
       -.7      17.1        .8      11.6
       -.6      15.6        .8      10.1
 52932  -.502792  -.822750  -.265108
 101846.1  14179.5     13.1     43.3     -6.7     28.9
     13.1     86.6     -6.7     57.7  61529.1  62990.7
     -11.7      53.9      -4.0      46.7
      -1.1      22.2        .8      17.7
       -.4      17.3        .9      11.9
       -.1      15.2       1.2      10.0
 52933  -.535778  -.803668  -.258960
 104205.3  14100.8     13.1     43.3     -6.7     28.9
     13.1     86.6     -6.7     57.7  62640.5  64180.9
     -11.7      53.4       -.7      41.1
      -1.1      21.8        .8      19.0
       -.5      16.8        .8      12.8
       -.4      15.5       1.0      11.1
 52934  -.566482  -.784360  -.252738
 106756.3  13688.9     13.1     43.3     -6.7     28.9
     13.1     86.6     -6.7     57.7  64897.0  66390.4
     -12.7      56.2      -2.7      43.1
      -1.1      21.8        .3      18.1
       -.5      16.9        .8      12.4
       -.7      15.6        .8      11.0
 52935  -.594996  -.764995  -.246498
 109297.6  13279.0     13.1     43.3     -6.7     28.9
     13.1     86.6     -6.7     57.7  67104.4  68559.4
     -11.8      51.9      -1.9      38.6
      -1.2      21.5        .4      19.1
       -.2      16.6       1.1      13.3
       -.9      15.2        .7      11.8
