CMSSW:newR22@-150V,3.8T@20d,263K,rhe=1.09183[mu=.122],rhh=0.7,0.00/0.00         
   170   1  3.80  28   3  29   2  150.00  263.00     .00 1.00000  1000.0   39.20  -13.74  150.000  100.000  290.000  1000.0   19.60   -6.87    1.50    1.00     .85
 54021  -.105170   .946530  -.304993
  87866.4  13955.9     19.6     43.3     -6.0      9.7
     19.6     86.6     -5.9     33.7  52090.0  53809.9
      13.2      52.8      -9.7      76.9
       2.1      23.7       -.6      18.7
        .6      18.5        .2       5.3
       1.2      17.8        .1       3.4
 54022  -.113613   .937303  -.329476
  81217.6  14054.9     19.6     43.3     -6.1      5.4
     19.6     86.6     -6.1     33.6  47179.4  48548.6
      11.3      53.2      -8.4      70.8
       1.1      22.9       -.5      16.9
        .9      18.2        .2       4.7
       1.1      16.8        .1       3.5
 54023  -.123410   .925573  -.357888
  74792.3  14173.3     19.6     43.3     -6.3      5.5
     19.6     86.6     -6.1     33.9  43215.4  44258.8
      10.9      53.4      -4.1      65.4
       1.6      23.4       -.4      17.3
       1.4      18.0        .1       4.6
       1.1      17.4        .1       3.6
 54024  -.134874   .910397  -.391134
  68510.5  14479.1     19.6     43.3     -6.3      5.7
     19.6     86.6     -6.3     34.3  39196.9  40200.9
       9.6      51.6      -6.2      65.2
       1.2      23.2       -.3      14.4
       1.2      18.0        .1       4.8
       1.2      16.6        .2       3.8
 54025  -.148397   .890380  -.430350
  62215.0  14782.7     19.6     43.3     -6.2      6.0
     19.6     86.6     -6.3     34.5  34324.4  35609.0
       7.5      51.5      -6.5      59.9
        .9      23.0        .0      13.6
        .6      17.7        .2       4.9
       1.1      16.7        .1       3.8
 54026  -.164460   .863416  -.476934
  56095.7  15471.7     19.6     43.3     -6.2      6.3
     19.6     86.6     -6.4     34.8  30812.9  31667.3
      10.4      54.9      -4.4      55.8
       1.0      21.8       -.2      12.8
        .8      17.5        .1       5.0
       1.1      16.0        .1       4.0
 54027  -.183618   .826279  -.532491
  50360.3  16147.6     19.6     43.3     -6.2      6.6
     19.6     86.6     -6.4     34.8  27291.0  28289.1
       7.6      51.0      -4.3      53.3
       1.1      22.1        .0      10.2
        .9      16.3        .1       5.2
       1.1      15.7        .2       4.2
 54028  -.206405   .774019  -.598575
  45003.3  17513.1     19.6     43.3     -6.4      7.0
     20.4      8.0     -6.4     35.4  23771.7  24538.1
       7.9      52.7      -3.7      50.9
        .7      22.4       -.2      10.9
       1.4      17.0        .0       5.4
       1.0      15.7        .1       4.4
 54029  -.233063   .699189  -.675882
  39948.6  19713.9     19.6     43.3     -6.5      7.4
     20.6     22.6     -6.6     35.7  20526.1  21305.8
       8.2      58.6      -4.7      46.3
        .7      27.2       -.2       9.8
       1.1      17.7        .0       5.7
       1.1      14.6        .0       4.7
 54030  -.262862   .591440  -.762300
  35562.2  24038.7     20.3      7.3     -6.4      7.9
     20.3     41.5     -6.6     36.2  18225.7  18764.7
       7.3      53.0      -5.0      46.5
       1.0      20.6        .1       9.8
       1.0      13.5        .1       5.7
        .6      10.7        .2       4.9
 54031  -.292854   .439281  -.849276
  31944.0  25813.5     20.2     17.2     -6.5      8.3
     20.2     60.2     -6.7     36.8  15599.8  16282.2
       8.3      51.8      -4.9      43.8
       1.1      12.2       -.2       9.6
        .7       7.8        .1       5.9
        .7       6.5        .0       5.1
 54032  -.316664   .237498  -.918324
  29626.9  23801.1     20.2     34.5     -6.7      8.6
     20.2     77.6     -6.6     37.0  14314.2  14838.2
       5.4      61.5      -2.5      39.3
        .8       5.9       -.1       9.5
        .7       5.0        .0       6.1
        .7       5.0        .0       5.1
 54033  -.325991   .000000  -.945373
  28705.9  23114.2     20.8     33.4     -6.4      8.7
     20.6     76.6     -6.6     37.0  14108.3  14542.4
       1.7      60.6       -.9      40.3
        .2       6.6       -.1       9.6
        .3       5.0        .0       6.2
        .2       5.0        .0       5.2
 54034  -.323582  -.121343  -.938387
  29037.5  23167.2     19.9     25.0     -6.7      8.8
     19.9     67.9     -6.7     37.2  13782.5  14429.1
      -2.7      50.0      -2.1      41.0
        .5       9.0        .2       9.4
        .3       5.6        .1       6.2
        .3       5.0        .1       5.3
 54035  -.316664  -.237498  -.918324
  29640.7  23919.1     20.0     16.5     -6.6      8.8
     19.9     59.2     -6.5     37.0  14067.9  14600.4
      -3.2      49.5      -2.3      41.7
       -.1      13.0       -.1       9.6
        .3       8.4        .1       6.3
        .4       7.0        .2       5.2
 54036  -.306058  -.344315  -.887567
  30441.6  23254.3     19.8      8.7     -6.7      8.6
     19.8     50.4     -6.7     36.9  14783.5  15329.9
      -4.0      50.1      -1.8      41.4
        .2      16.4        .0       9.4
        .2      11.0        .1       6.0
        .3       9.3        .1       5.2
 54037  -.292854  -.439281  -.849276
  31826.1  20848.1     19.7      8.0     -6.8      8.5
     19.6     41.3     -6.8     36.9  15974.0  16584.5
      -3.1      53.0      -1.6      45.7
       -.3      21.5        .1       9.6
        .4      14.4        .2       6.0
        .2      11.6        .1       5.2
 54038  -.278147  -.521525  -.806626
  33350.0  18601.2     19.6     43.3     -6.5      8.2
     20.0     31.9     -6.5     36.6  16755.8  17318.5
      -5.6      58.8      -1.8      46.8
       -.5      26.1        .0       9.6
        .4      17.5        .2       5.9
        .2      14.5        .1       5.0
 54039  -.262862  -.591440  -.762300
  35298.6  17037.6     19.6     43.3     -6.4      8.0
     20.0     23.0     -6.5     36.4  17742.4  18580.0
      -7.3      59.7       -.3      45.7
       -.1      27.4        .3       9.1
        .1      18.5        .1       5.8
        .2      15.3        .1       4.9
 54040  -.233063  -.699189  -.675882
  39537.2  15077.8     19.6     43.3     -6.6      7.5
     20.0      9.5     -6.5     35.9  20396.2  21177.6
      -6.4      53.9       -.1      46.1
        .5      23.4        .1       9.9
        .4      18.4        .2       5.5
       -.1      17.5        .0       4.6
 54041  -.206405  -.774019  -.598575
  44809.7  14081.7     19.6     43.3     -6.4      7.0
     19.6     86.6     -6.7     35.4  23529.8  24413.5
      -6.6      50.6        .5      52.8
       -.4      22.8        .1       9.6
        .1      17.3        .1       5.4
        .1      16.6        .2       4.4
 54042  -.183618  -.826279  -.532491
  50222.9  13560.0     19.6     43.3     -6.4      6.7
     19.6     86.6     -6.5     35.2  26685.7  27764.0
      -9.1      50.3       1.5      54.4
       -.3      23.1        .1      10.4
        .2      18.8        .2       5.2
        .2      17.4        .1       4.2
 54043  -.164460  -.863416  -.476934
  56280.7  13269.9     19.6     43.3     -6.3      6.3
     19.6     86.6     -6.3     34.8  30976.0  31924.0
      -8.2      49.1       4.0      54.2
       -.3      23.2        .2      11.5
        .0      18.4        .2       5.0
        .0      17.7        .1       3.9
 54044  -.148397  -.890380  -.430350
  61986.5  12987.5     19.6     43.3     -6.4      6.0
     19.6     86.6     -6.3     34.4  34929.8  35967.2
      -9.9      51.1       -.7      62.7
       -.5      23.6        .2      11.9
        .3      19.1        .3       4.9
       -.2      17.8        .1       3.8
 54045  -.134874  -.910397  -.391134
  68261.4  12834.1     19.6     43.3     -6.3      5.7
     19.6     86.6     -6.2     34.2  39034.9  40226.7
      -9.7      48.7       2.6      65.4
       -.2      23.7        .3      14.4
        .0      18.9        .0       5.1
       -.3      18.3        .1       3.7
 54046  -.123410  -.925573  -.357888
  74573.2  12806.2     19.6     43.3     -6.2      5.6
     19.6     86.6     -6.3     34.1  42481.7  43991.9
      -7.2      48.4       5.0      67.8
       -.2      23.6        .3      15.0
        .1      19.5        .3       4.6
        .0      18.0        .2       3.6
 54047  -.113613  -.937303  -.329476
  81181.1  12765.4     19.6     43.3     -6.2      5.3
     19.6     86.6     -6.1     33.8  47874.9  48776.3
      -7.1      49.8       5.3      74.9
       -.5      23.7        .5      18.2
        .0      19.2        .1       4.9
       -.1      18.6        .2       3.4
 54048  -.105170  -.946530  -.304993
  87775.1  12664.1     19.6     43.3     -6.1      5.2
     19.6     86.6     -6.1     33.5  51001.1  52947.5
      -5.5      47.6       6.0      74.5
       -.4      23.3        .6      20.0
        .2      19.7        .1       4.8
        .1      17.9        .2       3.4
 54049   .863216  -.064741  -.500666
  53384.1   9231.5     20.4     23.0     -6.9     28.9
     20.4     65.9     -6.9     57.7  29960.4  30721.3
       2.4      60.7       8.1      42.6
        .5      10.7        .8      22.9
        .5       5.0        .4      17.4
        .4       5.0        .8      15.9
 54050   .838516  -.069876  -.540377
  49390.7   9445.8     20.2     23.1     -6.9     28.9
     20.1     66.3     -6.9     57.7  27010.7  27897.1
       1.7      61.5       6.4      39.6
        .5       9.9        .7      21.6
        .3       5.0        .9      16.0
        .2       5.0        .8      14.6
 54051   .807288  -.075683  -.585284
  45521.4   9759.6     20.1     23.4     -6.9     28.9
     20.1     66.6     -6.9     57.7  24712.2  25321.3
       4.2      54.9       7.5      42.8
        .4       9.8       1.0      22.0
        .4       5.0        .7      16.5
        .3       5.0        .9      15.4
 54052   .767414  -.082223  -.635858
  41885.4  10076.3     19.9     23.7     -6.9     28.9
     20.1     66.6     -6.9     57.7  22594.5  23355.6
       2.5      57.3       6.2      42.4
        .2       9.8       1.1      20.9
        .3       5.0        .7      15.0
        .4       5.0        .6      13.7
 54053   .716102  -.089513  -.692232
  38520.7  10727.9     20.2     24.1     -6.9     28.9
     20.1     67.0     -6.9     57.7  19963.3  20697.8
       2.7      54.8       6.3      43.2
        .4       9.2        .6      21.1
        .4       5.1        .6      15.3
        .3       5.0        .7      13.9
 54054   .649830  -.097475  -.753803
  35292.4  11662.4     20.0     24.4     -6.9     28.9
     20.0     67.4     -4.2     11.1  18151.0  18657.9
        .8      56.6       5.6      43.6
        .1       9.1        .8      20.2
        .3       5.1        .5      13.8
        .5       5.0        .5      12.3
 54055   .564543  -.105852  -.818588
  32750.9  13270.9     20.3     24.6     -6.9     28.9
     20.3     67.7     -6.4      8.8  16060.7  16705.4
        .2      56.6       6.8      44.2
        .1       9.4        .9      18.6
        .3       5.4        .7      12.9
        .4       5.0        .5      11.6
 54056   .456422  -.114106  -.882416
  30430.1  15843.3     20.3     24.9     -6.9     28.9
     20.2     68.0     -6.6     19.4  14906.2  15445.2
       1.0      54.5       4.6      41.7
        .1       8.4        .5      17.3
        .3       5.5        .5      11.3
        .3       5.0        .6       9.9
 54057   .323582  -.121343  -.938387
  28870.2  20694.6     20.6     25.1     -6.5      4.5
     20.5     68.3     -6.7     31.0  13878.9  14260.9
       2.5      55.8       2.0      40.7
        .3       8.9        .5      12.4
        .5       5.5        .3       8.4
        .3       5.0        .5       7.0
 54058   .168544  -.126408  -.977555
  27678.7  22973.5     20.1     25.1     -6.8     14.1
     20.0     68.3     -6.7     42.8  13193.5  13728.4
        .6      49.1       3.0      45.5
        .1       8.6        .7       7.1
        .5       5.6        .5       4.6
        .3       5.0        .6       3.8
 54059   .000000  -.128243  -.991743
  27568.3  22785.1     20.2     25.2     -7.2     25.1
     20.2     68.2     -7.2     53.4  13080.1  13541.3
      -1.1      49.6       3.9      63.5
        .2       8.8        .2       5.0
        .4       5.5        .4       3.0
        .3       5.0        .4       3.0
 54060  -.085184  -.127776  -.988138
  27656.2  22872.0     20.0     25.0     -6.0     24.8
     20.0     68.1     -6.0     53.6  13166.9  13599.0
       -.3      50.3        .6      61.8
        .5       8.8        .4       6.8
        .4       5.9        .3       3.0
        .3       5.0        .2       3.0
 54061  -.168544  -.126408  -.977555
  27956.0  23371.7     19.9     25.2     -6.3     19.7
     19.8     68.3     -6.3     48.4  13320.5  13782.6
      -2.2      52.7      -2.2      57.3
        .4       8.8        .2       5.2
        .4       5.6        .1       3.0
        .3       5.0        .1       3.0
 54062  -.248443  -.124222  -.960648
  28306.0  23547.1     20.5     25.1     -6.4     14.3
     20.3     68.1     -6.5     42.9  13326.6  14032.9
      -1.1      46.3      -1.7      43.0
        .2       8.8       -.1       7.2
        .2       5.6       -.1       4.4
        .3       5.0        .0       3.8
 54063  -.323582  -.121343  -.938387
  28850.4  23137.2     20.2     25.1     -6.5      8.8
     20.1     68.1     -6.4     37.1  13863.9  14396.6
      -2.8      49.7      -2.3      43.6
        .0       9.1        .1       9.4
        .3       5.5       -.1       6.1
        .2       5.0        .1       5.3
 54064  -.393068  -.117920  -.911917
  29657.5  21563.5     19.7     24.8     -6.6      4.5
     19.7     68.0     -6.6     31.3  14294.1  14755.3
      -3.0      49.5      -4.0      37.9
        .4       8.6        .0      11.9
        .3       5.5        .2       7.9
        .4       5.0        .1       6.7
 54065  -.456422  -.114106  -.882416
  30554.1  18975.4     19.8     24.8     -4.8      7.3
     19.9     67.7     -6.6     25.3  14821.5  15484.8
      -5.5      51.7      -3.2      40.1
        .1       8.6       -.4      15.1
        .4       5.5        .0       9.7
        .3       5.0        .0       8.1
 54066  -.513527  -.110042  -.850988
  31532.3  16584.9     20.1     24.7     -6.9     28.9
     20.0     67.6     -6.9     19.3  15460.6  16256.7
      -3.2      53.7      -4.2      44.0
        .0       9.1       -.5      17.2
        .4       5.5        .0      11.4
        .3       5.0        .1       9.7
 54067  -.564543  -.105852  -.818588
  32740.0  15030.1     20.1     24.4     -6.9     28.9
     20.1     67.6     -6.9     13.5  16128.9  16951.0
      -3.4      50.0      -2.8      42.3
        .2       8.7       -.5      17.8
        .4       5.3        .2      12.4
        .3       5.0       -.2      10.6
 54068  -.649830  -.097475  -.753803
  35533.1  12968.1     20.1     24.1     -6.9     28.9
     20.0     67.6     -6.7      6.9  17923.8  18687.9
      -4.9      54.5      -5.5      42.4
        .1       9.2       -.3      17.8
        .2       5.2       -.2      12.5
        .2       5.0       -.1      11.2
 54069  -.716102  -.089513  -.692232
  38376.0  11699.1     20.1     24.2     -6.9     28.9
     20.1     67.2     -6.9     57.7  20145.9  20857.1
      -6.3      57.9      -6.8      44.5
        .4       9.2        .1      20.4
        .3       5.0       -.1      14.3
        .3       5.0       -.2      12.9
 54070  -.767414  -.082223  -.635858
  42127.7  10929.4     19.9     23.7     -6.9     28.9
     19.9     66.8     -6.9     57.7  22302.6  22978.4
      -2.2      56.4      -6.7      42.2
       -.1       9.5       -.1      19.9
        .5       5.0        .1      14.3
        .4       5.0       -.1      13.1
 54071  -.807288  -.075683  -.585284
  45640.2  10436.3     20.2     23.4     -6.9     28.9
     20.2     66.3     -6.9     57.7  25031.7  25760.5
      -3.8      57.8      -5.7      44.0
       -.1      10.0       -.3      22.1
        .2       5.0       -.1      15.7
        .2       5.0       -.2      14.0
 54072  -.838516  -.069876  -.540377
  49260.7   9983.6     20.2     23.3     -6.9     28.9
     20.2     66.4     -6.9     57.7  27024.2  28108.6
      -3.2      61.6      -5.7      42.0
        .0      10.3       -.6      20.8
        .5       5.0       -.1      15.6
        .3       5.0       -.2      14.5
 54073  -.863216  -.064741  -.500666
  53401.5   9736.5     20.4     23.0     -6.9     28.9
     20.3     66.0     -6.9     57.7  29327.8  30532.2
      -7.0      61.7      -5.6      43.7
        .3      11.6       -.1      22.7
        .4       5.0        .0      16.4
        .3       5.0       -.2      14.9
 54074  -.882965  -.060202  -.465563
  57320.9   9574.2     20.4     23.0     -6.9     28.9
     20.3     65.9     -6.9     57.7  32285.5  33113.9
      -6.9      66.8      -6.9      40.9
        .2      11.4       -.7      21.2
        .4       5.0       -.3      16.3
        .3       5.0       -.3      14.8
 54075  -.898927  -.056183  -.434481
  61390.7   9355.6     20.4     22.5     -6.9     28.9
     20.3     65.6     -6.9     57.7  35415.7  36338.4
      -5.6      66.9      -6.5      41.3
        .3      11.6       -.7      22.6
        .5       5.0       -.1      17.0
        .3       5.0       -.2      15.5
 54076  -.911966  -.052613  -.406877
  65653.0   9257.4     20.3     22.4     -6.9     28.9
     20.2     65.3     -6.9     57.7  37703.0  38941.5
      -4.7      64.6      -6.0      39.1
       -.2      12.2       -.7      22.2
        .4       5.0        .0      16.9
        .4       5.0       -.3      15.8
 54077  -.922727  -.049432  -.382272
  70078.7   9185.6     20.6     22.3     -6.9     28.9
     20.4     65.1     -6.9     57.7  40898.1  41801.6
      -7.6      66.0      -6.1      40.9
       -.5      13.9       -.5      23.0
        .5       5.0        .1      17.7
        .3       5.0       -.6      15.8
 54078   .806111  -.362750  -.467544
  57242.2   9891.0     19.6     43.3     -6.9     28.9
     20.2     18.4     -6.9     57.7  31871.8  32781.9
       -.5      59.9       7.9      42.1
        .3      24.8       1.0      22.9
        .3      15.9        .4      16.9
        .2      13.3        .8      15.6
 54079   .774912  -.387456  -.499388
  53505.0  10322.8     19.6     43.3     -6.9     28.9
     20.0     18.9     -6.9     57.7  29713.0  30749.9
      -1.5      60.5       7.0      41.2
        .1      25.1        .6      21.4
        .3      16.2        .3      15.7
        .2      13.8        .5      14.3
 54080   .736803  -.414452  -.534182
  49851.6  10662.4     19.6     43.3     -6.9     28.9
     19.9     19.5     -6.9     57.7  27311.6  28323.4
      -1.7      56.5       7.0      39.7
       -.3      25.2        .7      21.7
        .2      16.3        .7      16.2
        .1      13.9        .8      14.9
 54081   .690099  -.443635  -.571796
  46633.6  11295.3     19.6     43.3     -6.9     28.9
     19.9     20.0     -6.9     57.7  24452.5  25376.7
      -1.5      58.5       7.2      43.4
        .2      26.0        .7      20.9
        .1      16.7        .7      14.7
        .4      14.1        .6      13.4
 54082   .632842  -.474632  -.611748
  43565.1  12176.4     19.6     43.3     -6.9     28.9
     20.1     20.9     -6.9     57.7  22813.9  23618.5
      -2.0      58.4       5.3      41.9
        .9      26.2        .7      19.7
        .4      17.3        .5      14.5
        .3      14.4        .6      13.3
 54083   .562936  -.506642  -.653006
  40896.7  13502.8     19.6     43.3     -6.9     28.9
     19.9     21.5     -6.9     57.7  21449.4  22074.6
      -3.7      58.3       6.8      44.7
        .7      26.9        .6      19.6
        .4      17.3        .4      13.4
        .2      14.9        .5      12.0
 54084   .478468  -.538276  -.693778
  38653.9  15179.6     19.6     43.3     -6.9     28.9
     20.3     22.2     -6.7      8.0  19475.6  20354.4
      -4.1      58.6       6.2      44.2
        .1      26.7        .5      17.3
        .4      17.7        .6      11.8
        .2      15.5        .6      10.9
 54085   .378295  -.567442  -.731370
  36796.4  16557.5     19.6     43.3     -6.9     28.9
     19.9     22.7     -6.6     18.0  18540.6  19242.1
      -4.3      59.5       5.4      44.9
        .5      27.9        .4      16.6
        .1      18.1        .7      10.9
        .5      15.5        .3       9.3
 54086   .262862  -.591440  -.762300
  35350.4  16916.8     19.6     43.3     -6.5      4.0
     19.6     23.0     -6.8     30.0  17596.9  18076.3
      -2.1      58.5       4.9      41.5
       -.3      28.3        .7      12.2
        .4      18.2        .5       7.7
        .3      15.6        .5       6.5
 54087   .134975  -.607388  -.782855
  34371.7  16690.5     19.6     43.3     -6.7     13.5
     19.8     23.1     -6.8     42.1  17303.1  17858.0
      -4.6      57.7       4.4      49.9
       -.1      28.1        .5       8.7
        .4      18.2        .4       4.2
        .3      15.4        .4       3.5
 54088   .000000  -.612997  -.790085
  34115.6  16514.5     19.6     43.3     -7.1     24.6
     19.7     23.1     -7.2     53.2  17338.0  17772.6
      -3.9      57.8       2.7      66.2
       -.4      27.8        .3      11.4
        .2      18.2        .3       3.0
        .2      15.4        .4       3.0
 54089  -.067953  -.611580  -.788259
  33975.7  16482.6     19.6     43.3     -5.8     24.8
     20.1     23.1     -5.8     53.5  17039.4  17731.3
      -4.6      58.5       5.5      68.6
        .1      27.6        .6       9.1
        .4      18.6        .4       3.0
        .1      15.3        .3       3.0
 54090  -.134975  -.607388  -.782855
  34401.9  16628.7     19.6     43.3     -6.4     19.4
     20.2     23.0     -6.4     48.1  17394.6  18015.8
      -6.3      58.6        .3      58.3
        .3      27.7        .1       7.5
        .3      18.4        .2       3.0
        .2      15.6        .1       3.0
 54091  -.200196  -.600588  -.774091
  34762.3  16807.3     19.6     43.3     -6.3     13.6
     19.9     22.9     -6.5     42.2  17307.4  18012.2
      -6.0      59.0       -.5      53.2
        .1      27.8       -.1       8.6
        .3      18.1        .1       4.1
        .3      15.4        .1       3.5
 54092  -.262862  -.591440  -.762300
  35228.6  17044.2     19.6     43.3     -6.4      8.0
     20.0     22.9     -6.6     36.3  17719.5  18356.3
      -6.3      57.9      -1.8      46.0
        .0      28.3        .1       9.5
       -.1      18.2        .0       5.8
        .3      15.3        .1       4.9
 54093  -.322373  -.580271  -.747905
  35866.4  17283.3     19.6     43.3     -6.6      4.2
     20.1     22.7     -6.6     30.3  18061.1  18883.1
      -5.8      58.3      -1.6      43.6
       -.2      27.4        .0      11.8
        .3      18.3        .2       7.7
        .2      15.4        .2       6.3
 54094  -.378295  -.567442  -.731370
  36578.2  17525.6     19.6     43.3     -6.9     28.9
     20.0     22.5     -6.9     24.1  18363.0  19235.3
      -5.4      58.2      -1.9      43.9
        .2      27.2        .2      14.6
        .0      17.9       -.2       9.2
        .1      15.3        .2       7.9
 54095  -.430364  -.553325  -.713175
  37653.5  17101.0     19.6     43.3     -6.9     28.9
     20.1     22.4     -6.5     18.1  19103.2  20051.1
      -5.9      58.4      -1.4      45.2
       -.4      27.3       -.2      16.5
        .1      18.0       -.1      10.7
        .5      15.5        .1       9.1
 54096  -.478468  -.538276  -.693778
  38455.7  16588.8     19.6     43.3     -6.9     28.9
     19.8     22.0     -6.7     12.4  19539.4  20227.2
      -6.9      56.9      -2.8      44.5
       -.2      26.9       -.3      17.2
        .5      17.6        .1      11.3
        .3      15.1        .0       9.8
 54097  -.562936  -.506642  -.653006
  41069.2  14725.9     19.6     43.3     -6.9     28.9
     19.7     21.5     -6.5      7.6  21289.5  21906.9
      -5.1      59.3      -1.9      44.8
       -.7      26.9       -.3      17.3
        .4      17.4        .2      11.7
        .3      15.1        .1      10.6
 54098  -.632842  -.474632  -.611748
  43667.7  13380.2     19.6     43.3     -6.9     28.9
     20.0     20.8     -6.9     57.7  23390.8  23942.2
      -5.3      59.4      -3.9      44.7
        .0      26.5       -.2      20.4
        .2      17.0       -.3      13.9
        .5      14.8        .2      12.5
 54099  -.690099  -.443635  -.571796
  46709.1  12173.1     19.6     43.3     -6.9     28.9
     19.8     20.4     -6.9     57.7  25072.3  25893.4
      -9.5      57.6      -5.2      42.3
        .4      25.6        .0      18.8
        .3      16.9       -.1      13.5
        .1      14.2       -.1      12.5
 54100  -.736803  -.414452  -.534182
  49964.5  11395.1     19.6     43.3     -6.9     28.9
     19.9     19.6     -6.9     57.7  26799.2  28044.1
      -5.8      59.1      -5.8      45.2
        .1      25.5       -.3      21.4
        .4      16.2        .1      15.2
        .2      13.7        .0      13.9
 54101  -.774912  -.387456  -.499388
  53254.2  10899.6     19.6     43.3     -6.9     28.9
     19.8     18.8     -6.9     57.7  29453.3  30704.7
      -5.2      55.3      -5.0      40.8
        .2      25.0       -.3      20.0
        .2      16.0       -.1      14.8
        .4      13.6        .0      14.0
 54102  -.806111  -.362750  -.467544
  57111.4  10482.9     19.6     43.3     -6.9     28.9
     20.2     18.4     -6.9     57.7  31764.2  33008.5
      -5.5      59.1      -6.1      42.3
       -.1      24.6       -.3      22.2
        .5      15.8       -.2      16.5
        .2      13.3       -.2      14.7
 54103  -.831783  -.340275  -.438577
  60812.1  10223.3     19.6     43.3     -6.9     28.9
     19.9     17.9     -6.9     57.7  33662.1  34860.8
      -7.8      60.1      -6.7      42.9
        .2      24.3        .1      21.0
        .3      15.5       -.1      16.0
        .2      13.0        .0      14.7
 54104  -.853040  -.319890  -.412303
  64682.4   9946.5     19.6     43.3     -6.9     28.9
     20.1     17.3     -6.9     57.7  36971.1  38123.8
      -7.6      59.1      -4.7      41.3
       -.1      23.9       -.2      22.7
        .4      15.4        .0      17.0
        .4      12.9        .1      15.3
 54105  -.870759  -.301417  -.388493
  68718.2   9729.9     19.6     43.3     -6.9     28.9
     20.0     17.0     -6.9     57.7  39440.9  40655.7
      -5.9      60.8      -6.7      40.1
        .1      23.7       -.4      21.6
        .5      15.1        .0      16.7
        .5      12.7        .1      15.3
 54106  -.885633  -.284668  -.366905
  72863.7   9578.4     19.6     43.3     -6.9     28.9
     20.3     16.5     -6.9     57.7  42159.0  43807.6
      -6.0      57.5      -6.4      38.7
        .3      23.4       -.2      23.1
        .3      14.9        .0      17.4
        .4      12.5        .0      15.9
 54107   .467453  -.841416  -.271123
  98548.3  13957.0     19.6     43.3     -6.9     28.9
     19.6     86.6     -6.9     57.7  59486.7  60708.4
      -7.1      55.3      10.4      44.3
        .4      22.6        .6      18.5
        .3      18.7        .6      12.6
        .3      17.6        .6      11.0
 54108   .429723  -.859446  -.276932
  96347.4  13917.4     19.6     43.3     -6.9     28.9
     19.6     86.6     -6.9     57.7  57429.1  59325.8
      -9.0      51.0      11.7      47.6
       -.5      23.0       1.2      19.3
        .2      18.9        .4      12.5
        .5      17.9        .3      10.6
 54109   .389600  -.876600  -.282460
  94652.6  13633.4     19.6     43.3     -6.9     28.9
     19.6     86.6     -6.9     57.7  55794.4  57323.2
      -7.6      51.8      12.4      47.5
       -.2      23.6       1.1      17.5
        .4      18.9        .5      11.1
        .2      17.5        .5       9.6
 54110   .347131  -.892622  -.287623
  92685.3  13564.6     19.6     43.3     -6.9     28.9
     19.6     86.6     -6.9     57.7  54897.0  56605.0
      -7.8      50.4      12.3      54.2
        .0      23.3        .9      18.7
       -.1      19.1        .7      11.3
        .3      17.8        .5       9.4
 54111   .302414  -.907242  -.292333
  91314.8  13211.5     19.6     43.3     -6.9     28.9
     19.6     86.6     -6.9     57.7  54224.4  55525.5
      -8.5      48.9       9.8      50.8
       -.2      23.3       1.0      16.4
       -.1      19.1        .7       9.5
        .2      18.1        .4       8.2
 54112   .255608  -.920190  -.296506
  90015.1  13122.8     19.6     43.3     -6.9     28.9
     19.6     86.6     -6.9     57.7  53715.4  55078.1
      -7.1      49.3      12.3      58.7
       -.3      23.2       1.1      17.5
        .1      19.0        .5       9.8
        .1      18.1        .4       7.8
 54113   .206935  -.931206  -.300055
  89082.6  12931.7     19.6     43.3     -6.9     28.9
     19.6     86.6     -6.5      3.3  51290.1  52945.1
      -6.3      49.9       8.2      58.5
       -.1      23.5       1.0      16.7
        .1      19.4        .4       7.9
        .0      18.5        .5       6.4
 54114   .156676  -.940054  -.302906
  88414.2  12820.1     19.6     43.3     -6.9     28.9
     19.6     86.6     -6.7     13.6  51562.2  52979.1
      -8.2      45.9      13.2      64.1
       -.2      23.9       1.0      17.8
       -.3      19.4        .7       7.9
       -.3      18.3        .5       6.0
 54115   .105170  -.946530  -.304993
  87379.4  12674.7     19.6     43.3     -6.9     28.9
     19.6     86.6     -7.1     26.8  51110.7  52689.0
      -6.7      48.3       8.4      66.8
       -.4      24.0       1.0      17.6
        .0      19.7        .5       6.0
        .0      18.3        .4       4.5
 54116   .052804  -.950480  -.306266
  87186.5  12688.5     19.6     43.3     -7.3     11.2
     19.6     86.6     -7.2     39.9  51475.6  52824.9
     -10.1      49.3      11.0      78.9
       -.4      23.6        .9      21.0
        .0      19.5        .5       4.5
       -.1      18.0        .4       3.0
 54117   .000000  -.951808  -.306694
  86680.5  12587.6     19.6     43.3     -7.9     23.8
     19.6     86.6     -7.8     52.3  51424.8  53056.1
      -6.8      45.5       9.3      94.8
       -.4      23.4       3.2      39.5
       -.2      19.5        .3       9.1
       -.2      18.3       -.1       3.6
 54118  -.026430  -.951476  -.306587
  86960.7  12670.4     19.6     43.3     -5.1     24.0
     19.6     86.6     -5.1     52.4  51607.5  52572.8
     -11.0      51.8      12.0      95.7
       -.3      23.5       2.3      40.1
        .3      19.7       1.1       8.3
        .2      18.0        .7       3.0
 54119  -.052804  -.950480  -.306266
  87215.7  12723.9     19.6     43.3     -5.5     17.9
     19.6     86.6     -5.5     46.5  51119.1  52521.2
      -9.0      48.9       4.1      89.8
        .1      23.4       1.0      29.5
        .1      19.5        .3       5.2
        .1      18.1        .3       3.0
 54120  -.079069  -.948828  -.305734
  87206.0  12735.6     19.6     43.3     -6.1     11.5
     19.6     86.6     -5.9     40.1  51441.1  52899.8
      -9.1      47.2       2.0      82.3
       -.7      24.1        .1      22.6
        .3      19.3        .3       3.9
       -.3      18.3        .2       3.0
 54121  -.105170  -.946530  -.304993
  87631.5  12723.9     19.6     43.3     -6.2      5.2
     19.6     86.6     -6.1     33.6  51365.5  52708.6
     -12.9      51.0       3.7      72.8
       -.2      23.7        .5      19.1
        .1      19.8        .2       5.2
       -.2      18.4        .1       3.3
 54122  -.131055  -.943599  -.304049
  87782.6  12827.4     19.6     43.3     -6.9     28.9
     19.6     86.6     -6.1     26.8  52010.1  53072.9
      -9.5      51.8       4.5      66.9
       -.2      23.0        .2      17.6
       -.2      19.6        .1       6.2
       -.2      18.2        .1       4.5
 54123  -.156676  -.940054  -.302906
  88061.3  12796.1     19.6     43.3     -6.9     28.9
     19.6     86.6     -6.0     20.4  51522.4  53163.1
      -8.5      48.6       3.4      68.9
       -.2      23.7        .2      17.6
       -.2      19.4        .1       7.1
        .0      18.1        .1       5.4
 54124  -.181983  -.935915  -.301572
  88401.3  12848.7     19.6     43.3     -6.9     28.9
     19.6     86.6     -6.2     13.8  52490.1  53725.3
      -9.8      47.6       1.2      64.3
       -.2      23.4        .2      17.1
        .1      19.8        .1       7.8
        .2      18.4        .2       6.1
 54125  -.206935  -.931206  -.300055
  89066.4  12970.6     19.6     43.3     -6.9     28.9
     19.6     86.6     -6.5      7.4  52701.1  54157.5
     -11.9      50.2       2.1      65.3
       -.2      23.2        .4      17.8
       -.2      19.4        .0       7.9
       -.1      18.1        .2       6.2
 54126  -.255608  -.920190  -.296506
  90074.8  13195.1     19.6     43.3     -6.9     28.9
     19.6     86.6     -6.9     57.7  53499.4  54734.6
     -10.7      52.1      -2.0      63.0
       -.3      23.1        .3      17.2
       -.2      19.5        .1       9.0
        .2      18.2        .1       7.2
 54127  -.302414  -.907242  -.292333
  91611.8  13240.8     19.6     43.3     -6.9     28.9
     19.6     86.6     -6.9     57.7  53402.4  55324.2
      -9.0      49.9       1.1      56.3
       -.6      22.8        .0      18.4
        .0      19.4        .2       9.9
       -.1      18.5        .0       8.1
 54128  -.347131  -.892622  -.287623
  93061.9  13497.7     19.6     43.3     -6.9     28.9
     19.6     86.6     -6.9     57.7  54782.5  56475.2
      -9.4      49.4      -1.0      55.1
       -.5      23.7       -.1      17.5
        .3      19.5        .2      10.4
        .3      18.2        .2       8.5
 54129  -.389600  -.876600  -.282460
  94455.8  13749.8     19.6     43.3     -6.9     28.9
     19.6     86.6     -6.9     57.7  55953.2  57931.4
      -9.0      47.8       -.1      51.1
       -.1      23.4       -.1      19.7
        .1      18.9        .1      11.4
       -.1      17.7        .1       9.5
 54130  -.429723  -.859446  -.276932
  96515.2  13856.6     19.6     43.3     -6.9     28.9
     19.6     86.6     -6.9     57.7  57634.9  58976.1
     -11.0      55.0      -1.2      51.2
       -.1      22.7       -.2      18.4
        .1      19.1        .0      11.3
        .3      17.8        .2       9.5
 54131  -.467453  -.841416  -.271123
  98715.6  14038.5     19.6     43.3     -6.9     28.9
     19.6     86.6     -6.9     57.7  59353.2  61162.3
      -9.9      50.1      -1.6      48.1
       -.5      23.4       -.2      19.6
        .1      18.7       -.1      12.6
       -.2      17.4        .0      10.8
 54132  -.502792  -.822750  -.265108
 100892.1  14000.6     19.6     43.3     -6.9     28.9
     19.6     86.6     -6.9     57.7  59500.4  61340.5
      -9.8      52.2      -2.1      43.2
       -.7      23.3       -.2      18.2
        .2      18.6        .0      12.0
        .4      17.6        .2      10.8
 54133  -.535778  -.803668  -.258960
 103227.6  13958.3     19.6     43.3     -6.9     28.9
     19.6     86.6     -6.9     57.7  60820.2  62603.0
     -10.4      50.8      -3.4      44.2
       -.5      23.0       -.5      19.7
        .4      18.6        .3      13.5
        .4      17.5        .1      12.0
 54134  -.566482  -.784360  -.252738
 105775.5  14003.6     19.6     43.3     -6.9     28.9
     19.6     86.6     -6.9     57.7  62126.2  63920.1
      -9.4      50.3      -3.5      41.3
       -.5      23.3       -.4      18.9
        .3      18.4        .0      13.1
        .3      17.5        .1      11.9
 54135  -.594996  -.764995  -.246498
 108225.3  13574.9     19.6     43.3     -6.9     28.9
     19.6     86.6     -6.9     57.7  64916.9  66883.9
     -10.3      51.1      -2.0      40.1
       -.1      22.7       -.1      20.2
        .3      18.3        .2      14.5
        .3      17.0       -.1      12.8
