CMSSW:newR11@-150V,3.8T@20d,263K,rhe=1.09183[mu=.122],rhh=0.7,0.00/0.00         
   150   1  3.80  28   3  29   3  150.00  263.00     .00 1.00000  1000.0   44.49  -33.06  150.000  100.000  290.000  1000.0   22.24  -16.53    1.50    1.00     .85
 54751  -.105170   .946530  -.304993
  87883.5  13915.5     22.2     43.3    -16.8     10.4
     22.2     86.6    -16.8     38.9  51882.4  53320.6
      11.2      54.2     -10.6      78.6
        .0      24.0      -1.4      22.3
       -.2      18.6       -.3       4.0
       -.3      17.7       -.2       3.1
 54752  -.113613   .937303  -.329476
  81384.6  14117.5     22.2     43.3    -16.8     10.6
     22.2     86.6    -16.8     39.2  47469.0  48785.6
      12.2      53.7     -10.5      76.0
        .1      22.9      -1.2      18.2
        .0      17.8       -.3       4.6
       -.5      16.3       -.2       3.0
 54753  -.123410   .925573  -.357888
  75177.9  14316.3     22.2     43.3    -16.8     10.8
     22.2     86.6    -16.9     39.4  43779.5  44728.1
      10.3      52.1     -13.3      72.7
        .0      23.5       -.8      18.9
       -.2      18.1       -.3       4.8
        .0      17.2       -.3       3.1
 54754  -.134874   .910397  -.391134
  68667.4  14511.9     22.2     43.3    -16.7     10.9
     22.2     86.6    -16.9     39.5  38799.9  40136.6
       9.4      53.7      -7.1      70.7
        .4      22.5      -1.0      16.4
       -.4      17.5       -.3       4.1
       -.4      16.3       -.2       3.1
 54755  -.148397   .890380  -.430350
  62531.2  14893.2     22.2     43.3    -17.0     11.1
     22.2     86.6    -16.8     39.7  34985.8  36199.9
       8.8      52.4     -10.5      64.8
        .4      22.7       -.7      12.3
       -.6      17.7       -.3       4.0
       -.4      16.4       -.3       3.1
 54756  -.164460   .863416  -.476934
  56534.2  15505.5     22.2     43.3    -16.7     12.3
     22.2     86.6    -16.7     39.9  31289.9  32191.7
       8.7      52.4      -4.8      58.4
        .8      22.0       -.8      11.7
       -.2      17.2       -.3       4.2
       -.3      15.6       -.2       3.2
 54757  -.183618   .826279  -.532491
  50643.9  16222.1     22.2     43.3    -16.6     12.8
     22.2     86.6    -16.8     40.0  27383.8  28230.5
       8.3      54.3      -6.8      59.1
        .5      22.3       -.7      10.5
       -.3      16.5       -.2       4.3
       -.2      15.3       -.3       3.4
 54758  -.206405   .774019  -.598575
  45144.6  17621.1     22.2     43.3    -16.8     11.6
     21.8      7.9    -16.8     40.2  23594.7  24396.9
       8.6      55.7      -6.5      58.1
        .4      22.5       -.6       9.5
       -.2      16.5       -.4       4.3
       -.4      15.6       -.2       3.6
 54759  -.233063   .699189  -.675882
  40228.9  19979.3     22.2     43.3    -16.7     12.0
     21.6     22.7    -16.8     40.6  20870.5  21444.9
       6.0      60.0      -6.6      51.4
        .0      27.1       -.4       9.3
        .2      17.7       -.3       4.5
       -.4      14.5       -.3       3.8
 54760  -.262862   .591440  -.762300
  35643.0  24592.0     22.7      5.8    -16.8     12.3
     21.8     41.6    -16.8     41.1  18168.6  18784.8
       4.4      51.9      -5.5      52.5
       -.2      20.3       -.4       8.9
       -.2      12.9       -.3       4.7
       -.4      10.7       -.3       3.9
 54761  -.292854   .439281  -.849276
  32062.7  26931.3     21.5     17.6    -16.7     13.7
     21.6     60.8    -16.8     41.4  16126.2  16726.3
       5.4      51.1      -6.3      48.9
       -.1      11.8       -.5       8.0
       -.4       7.7       -.1       4.8
       -.2       6.4       -.3       4.1
 54762  -.316664   .237498  -.918324
  29923.5  24911.0     22.0     35.4    -16.9     12.8
     22.0     78.4    -16.9     41.6  14295.2  14954.9
       -.7      65.0      -3.9      45.2
       -.4       7.3       -.3       8.2
       -.3       5.0       -.3       5.0
       -.2       5.0       -.3       4.2
 54763  -.325991   .000000  -.945373
  28963.9  24108.8     22.2     33.3    -16.8     13.1
     22.2     76.4    -16.8     41.7  14001.4  14567.5
        .6      57.2      -4.6      45.9
       -.5       6.6       -.4       7.8
       -.3       5.0       -.2       5.1
       -.3       5.0       -.2       4.3
 54764  -.323582  -.121343  -.938387
  29154.5  24205.8     21.9     24.6    -16.9     13.0
     21.8     67.7    -16.9     41.7  14212.3  14645.3
      -2.0      50.5      -2.7      46.1
       -.3       9.5       -.5       8.1
       -.4       6.1       -.3       5.2
       -.2       5.1       -.3       4.2
 54765  -.316664  -.237498  -.918324
  29589.8  24545.7     21.8     16.1    -16.8     13.0
     21.9     59.0    -16.8     41.7  14436.7  15105.7
      -5.9      46.9      -2.4      42.6
       -.6      13.4       -.6       8.2
       -.3       8.9       -.3       5.1
       -.3       7.5       -.3       4.2
 54766  -.306058  -.344315  -.887567
  30433.6  23643.3     21.8      8.2    -16.8     12.9
     22.1     50.1    -16.8     41.5  14873.0  15534.1
      -4.3      46.7      -1.7      46.5
       -.5      17.4       -.6       7.7
       -.5      11.4       -.2       4.8
       -.1       9.5       -.2       4.2
 54767  -.292854  -.439281  -.849276
  31911.3  20924.9     21.3      8.0    -16.7     12.8
     21.9     40.7    -16.8     41.4  15514.4  16189.1
      -5.6      52.6      -4.4      46.8
      -1.0      22.7       -.5       8.4
       -.3      14.7       -.2       5.0
       -.5      11.8       -.3       4.2
 54768  -.278147  -.521525  -.806626
  33524.8  18572.1     22.2     43.3    -16.6     12.7
     21.5     31.7    -16.7     41.2  16686.4  17373.4
      -5.5      60.1      -2.9      50.4
      -1.2      27.2       -.8       8.9
       -.6      17.9       -.3       4.9
       -.2      14.6       -.2       4.0
 54769  -.262862  -.591440  -.762300
  35416.4  16961.5     22.2     43.3    -17.0     12.4
     21.9     22.2    -16.9     41.0  17870.1  18414.6
      -6.1      58.7      -1.7      54.2
      -1.1      28.2       -.5       8.4
       -.3      18.2       -.2       4.7
       -.1      15.6       -.2       4.1
 54770  -.233063  -.699189  -.675882
  39706.5  15030.4     22.2     43.3    -16.9     12.2
     21.9      8.9    -16.9     40.8  20668.8  21393.7
      -7.2      50.1      -3.1      54.7
       -.2      23.7       -.2       9.7
       -.2      18.3       -.3       4.7
       -.5      17.6       -.2       3.8
 54771  -.206405  -.774019  -.598575
  44848.2  14008.9     22.2     43.3    -16.9     11.8
     22.2     86.6    -16.9     40.4  23387.0  24530.0
      -6.9      49.3      -1.8      58.2
      -1.2      22.4       -.5       9.0
       -.4      16.9       -.3       4.3
       -.4      16.5       -.3       3.6
 54772  -.183618  -.826279  -.532491
  50395.9  13483.7     22.2     43.3    -16.6     11.5
     22.2     86.6    -16.7     40.1  27367.2  28236.9
      -9.0      49.9       1.7      59.7
       -.9      23.4       -.3      10.6
       -.2      18.8       -.3       4.2
       -.6      17.6       -.3       3.4
 54773  -.164460  -.863416  -.476934
  56269.3  13199.2     22.2     43.3    -16.6     11.2
     22.2     86.6    -16.7     40.0  31258.3  32186.4
      -7.3      50.5       1.8      62.4
      -1.1      23.5       -.3      12.3
       -.5      17.7       -.3       4.1
       -.4      17.4       -.3       3.2
 54774  -.148397  -.890380  -.430350
  62226.6  12988.1     22.2     43.3    -16.8     11.0
     22.2     86.6    -16.9     39.6  34528.5  35700.5
      -9.4      49.6       1.3      70.0
      -1.0      23.3       -.2      14.4
       -.4      19.2       -.3       4.1
       -.1      18.1       -.3       3.1
 54775  -.134874  -.910397  -.391134
  68562.7  12895.6     22.2     43.3    -16.8     10.9
     22.2     86.6    -16.7     39.5  39386.8  40537.7
      -8.7      48.4       2.0      66.0
       -.6      23.6        .0      16.7
       -.5      18.6       -.4       4.4
       -.5      17.8       -.2       3.0
 54776  -.123410  -.925573  -.357888
  74872.7  12722.7     22.2     43.3    -16.7     10.8
     22.2     86.6    -16.7     39.4  43579.7  44699.6
      -8.3      47.7       3.1      74.2
      -1.1      24.0        .0      18.4
       -.4      19.7       -.2       4.7
       -.7      18.2       -.2       3.0
 54777  -.113613  -.937303  -.329476
  81396.1  12730.2     22.2     43.3    -16.7     10.7
     22.2     86.6    -16.8     39.4  47824.2  49063.3
     -10.6      49.7       4.1      77.1
       -.6      23.5        .1      17.9
       -.6      19.0       -.2       4.4
       -.3      17.8       -.3       3.0
 54778  -.105170  -.946530  -.304993
  87803.1  12659.4     22.2     43.3    -16.8     10.5
     22.2     86.6    -16.7     39.2  51652.0  53548.9
      -7.1      45.9       2.3      79.3
       -.8      23.7        .4      21.2
       -.2      19.9       -.3       4.5
       -.4      18.5       -.3       3.0
 54779   .863216  -.064741  -.500666
  53654.0   8922.4     21.9     22.9    -16.5     28.9
     21.9     65.8    -16.5     57.7  29617.9  30768.0
       5.6      61.9       6.4      40.7
       -.4      11.2       -.5      22.6
       -.2       5.0       -.2      17.4
       -.3       5.0       -.5      16.0
 54780   .838516  -.069876  -.540377
  49663.4   9077.8     22.2     22.8    -16.5     28.9
     22.0     65.9    -16.5     57.7  27513.0  28272.5
       1.5      60.7       7.8      43.2
       -.5      11.6        .2      23.0
       -.3       5.3        .1      17.3
       -.2       5.0       -.3      15.5
 54781   .807288  -.075683  -.585284
  45763.9   9269.3     21.9     23.0    -16.5     28.9
     21.8     66.2    -16.5     57.7  24992.9  25547.7
       1.6      59.7       5.5      41.3
       -.6      10.5        .0      22.3
       -.3       5.1       -.2      16.5
       -.4       5.0       -.2      15.2
 54782   .767414  -.082223  -.635858
  42084.5   9723.6     22.0     23.4    -16.5     28.9
     22.0     66.3    -16.5     57.7  22857.7  23419.4
       2.9      57.0       5.2      44.2
       -.5       9.7        .2      22.8
       -.4       5.6        .0      16.3
       -.3       5.0       -.2      14.7
 54783   .716102  -.089513  -.692232
  38663.5  10209.1     21.8     23.6    -16.5     28.9
     21.9     66.8    -16.5     57.7  20101.9  20826.5
      -1.4      57.5       5.2      43.8
       -.6      10.1       -.2      20.7
       -.3       5.4       -.2      15.2
       -.3       5.0       -.4      14.1
 54784   .649830  -.097475  -.753803
  35494.2  10880.0     22.2     23.9    -16.5     28.9
     22.2     66.9    -16.5     57.7  18395.8  18941.7
        .9      58.0       5.4      43.8
       -.3       9.6       -.5      21.2
       -.3       5.7       -.2      15.1
       -.4       5.0       -.2      13.6
 54785   .564543  -.105852  -.818588
  32580.7  12067.6     21.7     24.2    -16.5     28.9
     21.8     67.4    -16.8      7.5  16467.3  17003.7
      -1.7      57.0       2.6      42.3
       -.5       9.3        .2      18.8
       -.5       5.8        .0      13.1
       -.4       5.1       -.1      11.9
 54786   .456422  -.114106  -.882416
  30490.4  14294.9     21.8     24.5    -16.5     28.9
     21.8     67.6    -16.7     15.2  15109.2  15645.9
       -.2      52.7       4.2      43.4
       -.6       9.7        .3      19.2
       -.6       6.1       -.1      12.6
       -.3       5.2       -.2      11.2
 54787   .323582  -.121343  -.938387
  28817.1  18307.2     21.7     24.8    -17.3      5.5
     21.7     67.9    -16.9     26.8  13812.3  14318.5
      -2.5      49.2       2.4      37.7
       -.2       9.7       -.2      15.4
       -.4       6.1       -.1       9.9
       -.3       5.3       -.2       8.4
 54788   .168544  -.126408  -.977555
  27767.7  22899.8     21.9     24.8    -16.9     10.0
     21.9     67.8    -16.8     38.5  13358.1  13880.6
      -1.0      48.9       2.7      42.1
       -.4       9.8       -.1       9.7
       -.2       6.2       -.5       6.3
       -.3       5.3       -.2       5.2
 54789   .000000  -.128243  -.991743
  27551.4  22844.9     22.3     24.9    -16.8     21.2
     22.1     67.8    -16.7     50.0  13308.6  13791.8
      -4.2      47.9       2.3      57.8
       -.5       9.8        .0       6.4
       -.3       6.1       -.2       3.0
       -.3       5.2       -.3       3.0
 54790  -.085184  -.127776  -.988138
  27720.3  22912.4     21.9     24.8    -16.7     27.0
     21.9     67.9    -16.7     55.7  13094.8  13798.3
      -3.2      48.6       -.9      64.0
       -.6       9.5        .7      11.5
       -.3       6.1       -.2       3.0
       -.3       5.0       -.2       3.0
 54791  -.168544  -.126408  -.977555
  28138.5  23222.6     22.0     24.8    -16.7     24.6
     22.0     67.6    -16.6     53.3  13625.7  14017.4
      -4.0      49.3      -2.6      60.0
       -.5       9.7        .2       7.6
       -.1       6.3       -.3       3.0
       -.2       5.0       -.3       3.0
 54792  -.248443  -.124222  -.960648
  28644.6  23553.7     22.3     24.5    -16.7     18.8
     22.0     67.9    -16.8     47.5  13787.1  14237.6
      -2.0      53.2      -7.1      52.7
       -.7      10.1       -.5       6.7
       -.4       6.3       -.2       3.3
       -.4       5.0       -.3       3.0
 54793  -.323582  -.121343  -.938387
  28977.6  24165.4     21.8     24.6    -16.7     13.1
     21.9     67.8    -16.8     41.6  14228.9  14722.5
      -2.4      49.1      -4.8      44.8
       -.4       9.9       -.5       7.8
        .0       6.2       -.1       5.1
       -.4       5.1       -.3       4.3
 54794  -.393068  -.117920  -.911917
  29794.3  23963.9     21.7     24.5    -16.9      7.4
     21.8     67.7    -16.7     35.7  14157.3  14851.0
      -4.0      50.7      -4.7      37.5
       -.4       9.6       -.5      10.2
       -.2       6.0       -.1       6.8
       -.2       5.2       -.1       5.8
 54795  -.456422  -.114106  -.882416
  30756.7  21723.8     22.1     24.4    -16.8      4.1
     21.8     67.4    -16.9     29.6  15142.0  15666.1
      -7.5      52.7      -5.3      40.1
       -.8       9.9       -.7      12.8
       -.2       6.0       -.2       8.7
       -.3       5.1       -.2       7.3
 54796  -.513527  -.110042  -.850988
  31648.9  18702.6     22.1     24.4    -16.5     28.9
     21.9     67.4    -16.7     23.7  15731.7  16291.7
      -4.1      54.0      -4.3      40.8
       -.4       9.5       -.4      15.7
       -.4       5.9       -.2      10.4
       -.2       5.0       -.2       8.6
 54797  -.564543  -.105852  -.818588
  32882.0  16581.0     22.2     24.1    -16.5     28.9
     22.0     67.6    -16.9     17.7  16755.6  17201.8
      -3.3      53.0      -5.3      42.1
       -.7       9.8       -.6      17.4
       -.4       5.8       -.5      11.4
       -.3       5.0       -.3       9.8
 54798  -.649830  -.097475  -.753803
  35737.7  14085.6     21.9     24.0    -16.5     28.9
     21.8     66.7    -16.7      7.4  18234.6  18956.1
      -6.2      57.9      -6.6      43.9
       -.5      10.2       -.5      17.9
       -.3       5.8       -.1      12.4
       -.4       5.0       -.2      11.2
 54799  -.716102  -.089513  -.692232
  38727.4  12620.9     21.9     23.6    -16.5     28.9
     21.9     66.7    -16.5     57.7  20081.5  20931.8
      -4.6      56.9      -6.0      45.5
       -.7       9.8       -.5      19.6
       -.2       5.4        .0      13.7
       -.3       5.0       -.2      11.8
 54800  -.767414  -.082223  -.635858
  42072.3  11640.3     21.7     23.3    -16.5     28.9
     21.7     66.5    -16.5     57.7  22330.8  23063.6
      -3.3      54.8      -5.1      42.2
       -.7      10.1       -.9      20.0
       -.3       5.3       -.6      14.5
       -.2       5.0       -.1      13.4
 54801  -.807288  -.075683  -.585284
  45770.7  10917.9     21.7     23.0    -16.5     28.9
     21.5     66.2    -16.5     57.7  24812.1  25436.7
      -7.8      59.1      -6.8      43.4
       -.9      10.1       -.5      21.3
       -.3       5.3       -.5      15.0
       -.3       5.0       -.3      13.2
 54802  -.838516  -.069876  -.540377
  49456.9  10507.9     22.0     22.9    -16.5     28.9
     21.9     65.8    -16.5     57.7  27031.3  28082.6
      -6.3      58.2      -6.2      41.6
       -.6      10.8       -.1      21.7
       -.3       5.1       -.4      15.7
       -.3       5.0       -.3      14.5
 54803  -.863216  -.064741  -.500666
  53642.8  10117.7     22.2     22.7    -16.5     28.9
     22.0     65.8    -16.5     57.7  29768.2  30744.9
      -7.3      62.2      -7.2      42.5
       -.4      11.8       -.3      21.6
       -.4       5.3       -.4      16.0
       -.3       5.0       -.2      14.0
 54804  -.882965  -.060202  -.465563
  57636.8   9940.8     22.0     22.5    -16.5     28.9
     21.9     65.6    -16.5     57.7  31998.7  32938.6
      -5.4      64.9      -6.9      43.5
      -1.1      12.1       -.5      22.2
       -.3       5.0       -.3      16.7
       -.2       5.0       -.2      15.2
 54805  -.898927  -.056183  -.434481
  61569.2   9682.2     21.2     22.4    -16.5     28.9
     21.3     65.3    -16.5     57.7  35497.5  36639.2
      -7.9      63.8      -6.5      40.1
       -.9      11.8       -.6      21.7
       -.2       5.0       -.3      16.2
       -.4       5.0       -.2      14.6
 54806  -.911966  -.052613  -.406877
  65678.5   9627.0     22.1     22.3    -16.5     28.9
     21.9     65.4    -16.5     57.7  37817.6  38817.4
      -3.0      65.4      -6.7      40.1
       -.7      13.1       -.7      22.7
       -.3       5.0       -.4      17.2
       -.3       5.0       -.3      16.0
 54807  -.922727  -.049432  -.382272
  70054.0   9469.6     22.1     22.0    -16.5     28.9
     21.9     65.0    -16.5     57.7  40890.3  42213.0
      -7.8      66.9      -6.5      40.0
      -1.1      13.2       -.7      22.2
       -.4       5.0       -.1      16.2
       -.3       5.0       -.4      15.1
 54808   .806111  -.362750  -.467544
  57192.6   9556.2     22.2     43.3    -16.5     28.9
     22.0     18.0    -16.5     57.7  31417.6  32634.9
      -1.2      60.6       6.3      38.4
       -.4      24.9       -.1      22.1
       -.5      15.7       -.4      17.1
       -.1      13.4       -.4      16.0
 54809   .774912  -.387456  -.499388
  53630.6  10008.6     22.2     43.3    -16.5     28.9
     22.0     18.4    -16.5     57.7  29604.0  30498.4
      -1.1      58.2       5.5      41.8
       -.6      25.3       -.3      22.6
       -.8      16.1        .0      16.9
       -.2      13.7       -.3      15.4
 54810   .736803  -.414452  -.534182
  50010.2  10186.2     22.2     43.3    -16.5     28.9
     21.9     19.1    -16.5     57.7  27333.1  28336.1
      -3.1      57.5       6.1      41.2
       -.7      25.4        .3      21.5
       -.3      16.5       -.2      16.0
       -.3      14.1       -.4      15.1
 54811   .690099  -.443635  -.571796
  46632.1  10751.1     22.2     43.3    -16.5     28.9
     22.0     19.7    -16.5     57.7  24832.9  25669.2
      -4.9      59.4       5.8      42.6
       -.9      26.2        .0      22.0
       -.3      16.7       -.2      15.8
       -.3      14.2       -.2      14.4
 54812   .632842  -.474632  -.611748
  43696.2  11514.3     22.2     43.3    -16.5     28.9
     21.8     20.4    -16.5     57.7  22806.7  23587.8
      -3.3      60.5       5.6      43.3
       -.8      26.4        .4      19.8
       -.2      17.1       -.4      14.3
       -.4      14.6       -.3      13.4
 54813   .562936  -.506642  -.653006
  41017.2  12666.1     22.2     43.3    -16.5     28.9
     22.0     21.2    -16.5     57.7  21553.4  22188.6
      -4.6      58.8       4.7      46.1
      -1.1      26.9        .3      20.6
       -.4      17.8       -.1      14.4
       -.3      14.9       -.3      12.7
 54814   .478468  -.538276  -.693778
  38631.3  14156.4     22.2     43.3    -16.5     28.9
     22.0     21.7    -17.2      7.9  19920.5  20672.2
      -5.1      57.6       4.7      41.8
       -.8      27.6        .0      17.6
       -.6      18.0       -.1      12.0
       -.2      15.4       -.3      10.9
 54815   .378295  -.567442  -.731370
  36676.6  15999.2     22.2     43.3    -16.5     28.9
     22.2     22.4    -16.9     13.8  18686.4  19330.0
      -4.8      59.1       4.0      43.6
       -.6      27.8        .1      17.8
       -.5      18.5       -.1      11.8
       -.4      15.7       -.2      10.2
 54816   .262862  -.591440  -.762300
  35423.3  16786.7     22.2     43.3    -14.6      5.4
     22.0     22.5    -16.7     25.6  17971.8  18557.2
      -7.6      59.2       4.5      45.8
      -1.1      28.3        .2      14.8
       -.7      18.8       -.3       9.6
       -.2      16.0       -.4       7.9
 54817   .134975  -.607388  -.782855
  34333.3  16502.7     22.2     43.3    -16.9      9.2
     21.9     22.7    -16.8     37.7  17678.7  18223.4
      -4.2      60.7       3.7      48.5
      -1.2      28.2        .0       9.5
       -.1      18.7       -.4       5.8
       -.3      15.6       -.2       4.9
 54818   .000000  -.612997  -.790085
  34249.4  16400.1     22.2     43.3    -16.6     21.0
     22.2     22.4    -16.7     49.6  17077.1  17820.3
      -5.2      56.9       2.8      58.6
      -1.2      28.7        .3       8.5
       -.3      18.8       -.2       3.0
       -.4      15.5       -.3       3.0
 54819  -.067953  -.611580  -.788259
  34420.4  16424.8     22.2     43.3    -16.5     27.0
     22.0     22.2    -16.5     55.6  17128.3  17863.3
      -7.1      58.8       1.9      71.0
       -.4      28.6        .0      12.7
       -.5      18.7       -.2       3.0
       -.3      15.6       -.3       3.0
 54820  -.134975  -.607388  -.782855
  34576.3  16510.7     22.2     43.3    -16.7     24.3
     21.9     22.2    -16.7     53.1  17684.4  18080.5
      -4.9      59.4       1.0      68.0
       -.8      28.1       -.5      11.2
       -.4      18.4       -.3       3.0
       -.4      15.3       -.3       3.0
 54821  -.200196  -.600588  -.774091
  34924.5  16639.6     22.2     43.3    -16.9     18.4
     21.9     22.3    -16.8     47.0  17458.9  18185.1
      -6.1      59.2      -2.0      60.0
       -.9      28.3       -.4       7.4
       -.3      18.5       -.2       3.0
       -.3      15.4       -.2       3.0
 54822  -.262862  -.591440  -.762300
  35262.0  16960.9     22.2     43.3    -16.8     12.3
     21.7     22.2    -16.8     41.1  17780.5  18479.7
      -8.2      58.9      -2.6      49.0
       -.4      28.1       -.3       8.6
       -.2      18.7       -.2       4.8
       -.4      15.4       -.2       4.0
 54823  -.322373  -.580271  -.747905
  36109.1  17315.9     22.2     43.3    -16.8      6.7
     22.0     22.2    -16.7     35.0  18062.2  18605.5
      -5.3      59.7       -.2      44.6
      -1.0      27.8       -.4      10.2
       -.5      18.3       -.4       6.4
       -.4      15.5       -.2       5.4
 54824  -.378295  -.567442  -.731370
  36804.3  17584.6     22.2     43.3    -16.6      4.1
     21.9     22.0    -16.6     28.9  18818.9  19556.0
      -7.1      57.0      -2.7      39.7
       -.6      27.6       -.4      12.7
       -.5      18.3       -.3       8.1
       -.3      15.4       -.3       6.8
 54825  -.430364  -.553325  -.713175
  37721.9  17865.0     22.2     43.3    -16.5     28.9
     21.8     21.6    -16.9     22.6  19155.8  19890.1
      -6.4      60.2       -.5      44.9
       -.8      27.9       -.4      15.3
       -.4      18.1       -.4       9.7
       -.1      15.5       -.2       8.2
 54826  -.478468  -.538276  -.693778
  38799.7  17515.4     22.2     43.3    -16.5     28.9
     21.7     21.5    -16.7     16.7  20225.9  20763.6
      -6.4      56.9      -4.4      42.6
      -1.0      27.2      -1.0      16.9
       -.2      17.9       -.3      11.0
       -.7      15.4       -.4       9.4
 54827  -.562936  -.506642  -.653006
  41163.1  15989.3     22.2     43.3    -16.5     28.9
     21.9     21.0    -16.7      7.0  21035.7  21808.8
      -8.7      59.6      -6.6      44.0
       -.7      27.4       -.4      16.8
       -.2      17.8       -.2      11.7
       -.3      15.0       -.2      10.5
 54828  -.632842  -.474632  -.611748
  43682.4  14210.7     22.2     43.3    -16.5     28.9
     22.1     20.2    -16.5     57.7  22806.9  23914.4
      -7.2      58.2      -5.0      46.6
      -1.2      26.1       -.9      19.2
       -.1      17.2       -.1      13.3
        .0      14.7       -.2      11.6
 54829  -.690099  -.443635  -.571796
  46920.6  12887.7     22.2     43.3    -16.5     28.9
     22.2     19.7    -16.5     57.7  25051.2  25996.9
      -9.6      57.7      -4.3      41.1
       -.3      25.9       -.3      19.2
       -.2      17.2       -.2      14.1
       -.1      14.2       -.1      12.7
 54830  -.736803  -.414452  -.534182
  50008.3  12048.1     22.2     43.3    -16.5     28.9
     21.9     19.0    -16.5     57.7  27123.5  28066.3
      -9.7      59.5      -6.7      45.8
       -.7      25.9       -.6      20.7
       -.3      16.6       -.5      14.5
       -.2      14.1       -.2      13.0
 54831  -.774912  -.387456  -.499388
  53399.3  11272.3     22.2     43.3    -16.5     28.9
     22.0     18.5    -16.5     57.7  29126.3  30340.2
      -9.3      58.5      -6.3      42.5
       -.7      25.2       -.3      20.9
       -.2      16.1       -.3      15.1
       -.4      13.7       -.4      14.3
 54832  -.806111  -.362750  -.467544
  57277.4  10926.9     22.2     43.3    -16.5     28.9
     21.7     17.8    -16.5     57.7  32029.7  32841.8
      -7.0      60.0      -7.5      44.5
       -.7      25.3       -.8      21.6
       -.4      16.1       -.4      15.5
       -.5      13.4       -.4      14.1
 54833  -.831783  -.340275  -.438577
  61179.2  10603.6     22.2     43.3    -16.5     28.9
     21.6     17.3    -16.5     57.7  34025.6  35289.1
      -7.2      56.2      -6.5      42.6
      -1.3      25.0      -1.0      21.9
       -.4      16.0       -.6      16.5
       -.3      13.1       -.2      15.2
 54834  -.853040  -.319890  -.412303
  64772.8  10251.0     22.2     43.3    -16.5     28.9
     21.9     17.0    -16.5     57.7  37128.0  38395.9
      -6.8      62.7      -6.8      42.3
       -.9      24.0      -1.0      21.7
       -.5      15.4       -.4      16.0
        .0      12.8        .0      14.5
 54835  -.870759  -.301417  -.388493
  68861.6  10128.4     22.2     43.3    -16.5     28.9
     22.0     16.2    -16.5     57.7  39781.4  40650.4
      -5.8      59.7      -7.3      41.8
       -.8      24.1       -.8      22.6
       -.2      15.1       -.2      17.0
       -.5      12.6       -.1      15.7
 54836  -.885633  -.284668  -.366905
  73044.2   9896.6     22.2     43.3    -16.5     28.9
     22.1     16.1    -16.5     57.7  42130.8  43266.9
      -7.8      60.6      -5.9      38.9
       -.3      23.8       -.6      22.2
       -.3      15.1       -.2      16.8
       -.5      12.6       -.4      15.2
 54837   .467453  -.841416  -.271123
  98752.5  13902.8     22.2     43.3    -16.5     28.9
     22.2     86.6    -16.5     57.7  59387.8  60885.5
      -7.8      53.3       7.1      40.9
       -.8      23.5        .4      18.0
       -.5      19.2       -.2      12.5
        .0      18.1       -.3      10.7
 54838   .429723  -.859446  -.276932
  96556.7  13849.8     22.2     43.3    -16.5     28.9
     22.2     86.6    -16.5     57.7  58019.0  59441.5
      -8.2      51.2       5.4      48.5
       -.7      23.1        .2      19.0
       -.4      19.2       -.2      12.8
       -.1      18.1       -.4      11.3
 54839   .389600  -.876600  -.282460
  94905.5  13659.2     22.2     43.3    -16.5     28.9
     22.2     86.6    -16.5     57.7  55543.6  57577.9
      -7.1      47.5       7.0      47.4
       -.5      23.3        .2      17.7
       -.2      19.5       -.5      11.4
        .1      18.3       -.5       9.7
 54840   .347131  -.892622  -.287623
  93089.5  13536.7     22.2     43.3    -16.5     28.9
     22.2     86.6    -16.5     57.7  55355.5  56858.9
      -7.7      47.9       6.6      51.7
       -.8      23.9        .3      18.7
       -.1      19.4       -.1      11.5
        .0      18.1       -.5       9.7
 54841   .302414  -.907242  -.292333
  91706.9  13278.8     22.2     43.3    -16.5     28.9
     22.2     86.6    -16.5     57.7  53962.3  55880.2
      -8.8      52.2       9.8      55.9
       -.6      23.5        .2      17.3
       -.2      19.7       -.2      10.4
       -.1      18.6       -.3       8.7
 54842   .255608  -.920190  -.296506
  90185.4  13044.9     22.2     43.3    -16.5     28.9
     22.2     86.6    -16.5     57.7  53938.9  55455.1
      -9.6      52.0       9.7      54.1
       -.5      23.4        .2      17.8
       -.3      19.5       -.2      10.0
       -.3      18.5       -.3       8.2
 54843   .206935  -.931206  -.300055
  89307.6  12932.8     22.2     43.3    -16.5     28.9
     22.2     86.6    -16.5     57.7  52718.5  54165.2
      -8.6      49.6      10.2      61.9
      -1.1      23.7        .3      17.2
       -.3      19.6       -.1       9.0
       -.2      18.7       -.2       7.2
 54844   .156676  -.940054  -.302906
  88324.1  12760.8     22.2     43.3    -16.5     28.9
     22.2     86.6    -16.9      8.7  52021.2  53559.5
      -7.8      48.1       7.8      61.1
      -1.1      23.9        .4      17.7
       -.6      19.5       -.2       8.0
       -.1      18.4       -.2       6.4
 54845   .105170  -.946530  -.304993
  87510.9  12652.2     22.2     43.3    -16.5     28.9
     22.2     86.6    -16.7     21.8  51637.8  53307.4
      -7.6      48.4       9.0      68.0
       -.5      23.7        .0      16.3
       -.3      19.5       -.3       7.2
        .1      18.6       -.3       5.4
 54846   .052804  -.950480  -.306266
  87520.4  12597.7     22.2     43.3    -16.9      6.7
     22.2     86.6    -16.7     35.5  51952.0  53428.7
      -9.4      50.9       7.1      72.7
      -1.1      23.7        .7      21.5
       -.2      19.6       -.2       4.9
       -.2      18.2       -.3       3.7
 54847   .000000  -.951808  -.306694
  87207.6  12595.7     22.2     43.3    -16.8     20.0
     22.2     86.6    -16.7     48.5  51175.0  52944.3
      -9.6      50.4       6.4      86.4
       -.8      23.5       2.1      31.9
       -.2      19.7       -.2       3.9
       -.1      18.1       -.3       3.0
 54848  -.026430  -.951476  -.306587
  87386.6  12656.7     22.2     43.3    -16.6     26.3
     22.2     86.6    -16.6     54.7  50526.7  52492.1
      -7.7      48.3       5.6      94.5
       -.8      23.8       1.1      44.9
       -.3      19.7        .3      11.3
       -.7      18.4        .0       4.0
 54849  -.052804  -.950480  -.306266
  87308.3  12682.6     22.2     43.3    -16.6     23.8
     22.2     86.6    -16.6     52.2  51680.0  53073.5
      -8.6      50.0       4.0      98.0
      -1.0      23.9       2.1      37.8
       -.1      19.3       -.5       6.9
       -.3      18.4       -.2       3.0
 54850  -.079069  -.948828  -.305734
  87588.2  12641.1     22.2     43.3    -17.0     17.8
     22.2     86.6    -16.9     45.7  50910.7  52696.0
      -9.7      48.9       5.4      89.5
       -.8      23.6        .0      30.0
       -.1      19.5       -.3       4.3
       -.2      18.6       -.2       3.0
 54851  -.105170  -.946530  -.304993
  87629.9  12657.9     22.2     43.3    -17.0     10.5
     22.2     86.6    -17.0     39.2  51822.9  53549.7
      -6.9      46.4       5.7      76.3
      -1.0      23.5       -.3      20.1
        .0      19.6       -.2       4.4
       -.1      18.4       -.2       3.0
 54852  -.131055  -.943599  -.304049
  88319.8  12743.1     22.2     43.3    -17.0     10.0
     22.2     86.6    -16.8     32.4  52169.4  53251.4
     -10.4      53.1        .7      74.5
       -.8      23.7        .1      18.8
       -.4      19.7       -.3       5.1
       -.5      18.5       -.3       3.7
 54853  -.156676  -.940054  -.302906
  88301.9  12728.2     22.2     43.3    -16.5     28.9
     22.2     86.6    -16.6     25.9  52379.3  53951.9
     -10.0      48.2        .4      68.6
       -.9      24.0       -.2      17.4
       -.2      19.6       -.3       6.5
       -.4      18.6       -.3       4.8
 54854  -.181983  -.935915  -.301572
  88822.0  12886.7     22.2     43.3    -16.5     28.9
     22.2     86.6    -16.9     19.1  52366.2  53866.9
     -11.5      52.2       2.1      67.8
       -.5      24.0       -.4      17.2
       -.2      19.7       -.3       7.5
       -.6      18.6       -.2       5.6
 54855  -.206935  -.931206  -.300055
  89057.4  12909.0     22.2     43.3    -16.5     28.9
     22.2     86.6    -16.8     12.4  53059.3  54011.9
      -7.9      45.4       4.2      65.2
       -.9      23.9       -.2      17.5
        .1      19.4       -.2       8.0
       -.2      18.3       -.1       6.1
 54856  -.255608  -.920190  -.296506
  90306.5  13096.2     22.2     43.3    -16.5     28.9
     22.2     86.6    -16.5      3.1  52841.1  54661.7
     -11.2      47.7       -.3      59.8
      -1.3      23.5       -.5      16.8
       -.4      19.6       -.2       7.9
       -.3      18.6       -.3       6.5
 54857  -.302414  -.907242  -.292333
  91581.0  13269.6     22.2     43.3    -16.5     28.9
     22.2     86.6    -16.5     57.7  54418.4  56207.9
     -10.1      49.0      -1.8      60.9
       -.9      23.9       -.4      18.7
       -.4      19.6       -.3       9.8
       -.7      18.5       -.4       8.1
 54858  -.347131  -.892622  -.287623
  93313.3  13447.6     22.2     43.3    -16.5     28.9
     22.2     86.6    -16.5     57.7  55458.0  56784.8
     -11.5      49.1      -1.9      57.8
       -.8      23.8       -.4      17.6
       -.3      19.3       -.3       9.4
       -.1      18.1       -.3       8.0
 54859  -.389600  -.876600  -.282460
  94900.6  13787.0     22.2     43.3    -16.5     28.9
     22.2     86.6    -16.5     57.7  56821.3  57998.0
      -8.3      49.6      -3.5      56.0
       -.7      23.5       -.4      18.9
       -.3      19.2       -.3      11.1
       -.8      18.3       -.5       9.5
 54860  -.429723  -.859446  -.276932
  96476.4  13830.8     22.2     43.3    -16.5     28.9
     22.2     86.6    -16.5     57.7  57594.7  59000.2
     -11.6      51.4      -3.6      51.6
      -1.2      23.0       -.8      17.3
       -.5      19.4       -.4      10.9
       -.2      18.0       -.2       9.5
 54861  -.467453  -.841416  -.271123
  99004.4  14146.2     22.2     43.3    -16.5     28.9
     22.2     86.6    -16.5     57.7  59470.6  60816.4
     -11.2      50.0      -2.4      47.2
      -1.2      23.2       -.8      19.6
       -.2      19.2       -.3      12.5
       -.6      18.0       -.3      10.8
 54862  -.502792  -.822750  -.265108
 101137.3  14279.9     22.2     43.3    -16.5     28.9
     22.2     86.6    -16.5     57.7  60685.5  62489.3
     -11.8      51.8      -1.9      43.1
      -1.7      23.3      -1.0      18.4
       -.4      18.8       -.3      12.2
       -.6      17.9       -.3      10.8
 54863  -.535778  -.803668  -.258960
 103254.7  14192.1     22.2     43.3    -16.5     28.9
     22.2     86.6    -16.5     57.7  62438.1  63888.9
     -10.0      51.7      -4.7      45.3
      -1.2      23.5      -1.0      20.4
       -.3      18.9       -.4      13.6
       -.3      17.7       -.2      11.8
 54864  -.566482  -.784360  -.252738
 106001.4  14162.1     22.2     43.3    -16.5     28.9
     22.2     86.6    -16.5     57.7  63015.7  64878.1
     -10.7      53.1      -2.3      44.7
      -1.4      22.6      -1.2      18.8
       -.6      18.0       -.6      13.2
       -.2      17.7       -.3      12.1
 54865  -.594996  -.764995  -.246498
 108693.0  13897.4     22.2     43.3    -16.5     28.9
     22.2     86.6    -16.5     57.7  64713.8  66622.0
     -13.0      51.1      -5.6      41.0
      -1.1      23.1      -1.0      20.5
       -.3      18.3       -.2      14.0
       -.1      17.3       -.3      12.6
