OCR_prd2017clk:newR22@-300V,3.8T@20d,263K,rhe=1.10,rhh=0.7,0.00/0.00            
   374   1  3.80  28   3  29   2  300.00  263.00     .00 1.12700   650.0   28.46   -7.28  150.000  100.000  290.000  1150.0   14.23   -3.64    1.50    1.00     .85
 54281  -.105170   .946530  -.304993
  88682.7  13685.4     14.2     43.3     -2.1      3.8
     14.2     86.6     -2.1     31.4  52588.4  54074.7
       9.0      50.9      -7.8      70.9
       -.1      22.6       -.6      16.9
       -.5      18.0        .2       5.3
       -.5      16.5        .2       4.1
 54282  -.113613   .937303  -.329476
  82195.9  13889.9     14.2     43.3     -2.2      3.9
     14.2     86.6     -2.5     31.6  47627.9  49187.2
       9.4      51.8      -5.6      67.0
        .1      23.3       -.6      16.1
       -.6      18.4        .1       5.5
       -.6      17.3        .2       4.2
 54283  -.123410   .925573  -.357888
  75679.0  13893.3     14.2     43.3     -2.4      4.3
     14.2     86.6     -2.2     31.6  43852.9  44838.1
       9.6      52.3      -7.1      67.4
       -.1      22.6       -.1      13.5
       -.3      17.5        .1       5.7
       -.4      16.4        .1       4.3
 54284  -.134874   .910397  -.391134
  69277.7  14133.7     14.2     43.3     -2.5      4.5
     14.2     86.6     -2.3     31.8  39468.5  40813.6
       9.5      53.4      -7.2      63.1
       -.2      22.2       -.3      13.4
       -.6      18.0        .2       5.5
       -.5      16.8        .0       4.5
 54285  -.148397   .890380  -.430350
  62955.4  14396.6     14.2     43.3     -2.5      4.7
     14.2     86.6     -2.6     31.9  34968.4  36173.8
       7.4      52.2      -7.9      61.6
       -.3      22.6       -.2      13.5
       -.5      16.9        .1       5.9
       -.7      15.7        .2       4.7
 54286  -.164460   .863416  -.476934
  56738.7  14940.1     14.2     43.3     -2.7      5.0
     14.2     86.6     -2.6     32.2  31173.6  32263.9
       8.5      54.8      -7.0      56.2
       -.3      22.2       -.1      11.7
       -.4      17.4        .1       5.8
       -.2      16.4        .1       4.8
 54287  -.183618   .826279  -.532491
  50888.8  15574.4     14.2     43.3     -2.5      5.1
     14.2     86.6     -2.5     32.5  27737.5  29018.4
       6.7      54.1      -5.8      53.3
       -.2      21.8       -.1      10.9
       -.5      16.0        .1       6.1
       -.5      14.4        .2       5.0
 54288  -.206405   .774019  -.598575
  45537.2  16785.4     14.2     43.3     -2.7      5.4
     13.8      8.1     -2.7     32.8  23930.8  24938.0
       9.0      55.8      -6.1      52.8
       -.4      22.0        .0      10.4
       -.6      16.5        .2       6.2
       -.3      15.2        .1       5.2
 54289  -.233063   .699189  -.675882
  40366.5  18585.1     14.2     43.3     -2.9      5.8
     13.6     16.4     -2.8     33.1  21251.1  22042.1
       7.8      57.9      -4.2      50.2
        .0      26.8       -.1      10.2
       -.3      17.8        .1       6.5
       -.4      14.5        .1       5.4
 54290  -.262862   .591440  -.762300
  35889.5  22458.9     14.2     43.3     -2.9      6.0
     13.6     36.1     -2.9     33.6  18418.8  19068.0
       5.4      55.0      -4.4      48.3
       -.7      22.9        .1      10.5
       -.4      14.9        .1       6.6
       -.4      12.0        .0       5.6
 54291  -.292854   .439281  -.849276
  32078.6  25221.8     13.8     14.5     -3.2      6.3
     13.5     55.7     -3.0     33.8  16304.3  16776.7
       3.9      47.0      -4.5      39.9
       -.3      13.0       -.1      10.2
       -.4       8.8        .1       6.9
       -.5       7.2        .2       5.9
 54292  -.316664   .237498  -.918324
  29883.7  23152.0     13.1     32.2     -3.1      6.1
     13.1     74.7     -2.9     33.9  14666.1  15307.4
       3.6      56.3      -2.7      41.3
       -.1       7.4       -.3      10.3
       -.2       5.0        .0       7.0
       -.3       5.0        .1       6.0
 54293  -.325991   .000000  -.945373
  29008.4  22255.6     14.0     35.7     -3.1      6.3
     14.2     78.3     -3.1     34.1  14549.8  14935.4
      -3.6      59.8      -3.6      38.9
       -.9       7.1       -.1      10.2
       -.6       5.0        .1       7.1
       -.7       5.0        .1       5.9
 54294  -.323582  -.121343  -.938387
  29018.9  22212.3     14.0     27.1     -2.9      6.2
     14.1     69.3     -3.0     34.1  14127.4  14789.2
      -2.9      51.3      -2.5      37.2
       -.5       7.7        .1      10.1
       -.6       5.2        .2       6.9
       -.7       5.0        .0       5.9
 54295  -.316664  -.237498  -.918324
  29639.7  22294.6     13.6     18.5     -3.1      6.1
     13.7     60.0     -3.1     34.1  14622.3  15253.5
      -5.4      46.0      -1.1      37.8
      -1.0      11.5       -.1      10.5
       -.6       7.6        .2       7.0
       -.6       6.4        .0       6.0
 54296  -.306058  -.344315  -.887567
  30582.5  22188.4     13.8     10.6     -3.0      6.0
     13.8     50.3     -3.0     34.0  15333.7  15846.3
      -4.8      47.6      -1.9      39.5
      -1.1      15.4       -.1      10.3
       -.6      10.1        .2       6.7
       -.4       8.6        .1       5.8
 54297  -.292854  -.439281  -.849276
  32114.4  21048.8     13.8      8.2     -3.0      5.9
     13.7     40.6     -3.0     33.6  15987.5  16711.5
      -7.2      51.9      -2.3      42.4
       -.7      20.2        .0      10.4
       -.4      13.3        .1       6.7
       -.5      10.7        .2       5.8
 54298  -.278147  -.521525  -.806626
  33712.8  19507.1     14.2     43.3     -3.0      5.8
     14.0     31.0     -3.0     33.6  17250.4  17700.9
      -7.0      54.4      -1.2      42.7
      -1.1      25.7       -.1      10.2
       -.7      16.9        .1       6.6
       -.6      13.8        .2       5.6
 54299  -.262862  -.591440  -.762300
  35548.0  18355.2     14.2     43.3     -3.1     11.1
     13.3     21.2     -2.9     33.4  18319.3  18896.5
      -6.1      57.5      -1.2      43.9
       -.9      27.4        .0      10.0
      -1.1      18.2        .0       6.4
       -.7      15.0        .1       5.6
 54300  -.233063  -.699189  -.675882
  40034.7  15969.8     14.2     43.3     -3.0      5.1
     13.8      6.9     -3.0     33.1  20822.6  21727.5
      -8.5      49.9      -1.3      46.6
       -.8      23.3        .0       9.9
       -.9      16.7        .1       6.3
       -.7      15.4        .2       5.2
 54301  -.206405  -.774019  -.598575
  45307.2  14874.9     14.2     43.3     -2.9      4.7
     14.2     86.6     -2.9     32.7  24392.2  25295.0
      -8.7      52.5       1.4      52.6
      -1.1      22.8        .1      10.2
       -.7      17.5        .0       6.1
       -.7      16.3        .2       5.0
 54302  -.183618  -.826279  -.532491
  50984.9  14084.9     14.2     43.3     -2.9      4.4
     14.2     86.6     -2.9     32.5  27726.8  28586.4
      -7.4      49.5       1.7      56.0
      -1.1      21.5        .1      11.0
       -.7      17.1        .2       5.7
      -1.0      15.5        .2       4.7
 54303  -.164460  -.863416  -.476934
  56694.4  13685.1     14.2     43.3     -2.7      4.1
     14.2     86.6     -2.7     32.2  31484.1  32383.8
      -8.3      52.3       1.7      59.9
       -.6      23.2        .2      11.7
       -.8      18.3        .2       5.7
       -.7      17.3        .2       4.5
 54304  -.148397  -.890380  -.430350
  62691.7  13394.0     14.2     43.3     -2.8      3.9
     14.2     86.6     -2.5     31.9  35555.0  36818.4
     -10.5      52.0       3.4      63.5
      -1.3      22.2        .1      11.6
      -1.0      17.5        .2       5.5
       -.7      15.7        .1       4.2
 54305  -.134874  -.910397  -.391134
  68890.4  13188.7     14.2     43.3     -2.4     12.7
     14.2     86.6     -2.5     31.6  39042.6  40097.8
     -10.8      52.4       5.3      62.9
      -1.3      23.7        .2      14.6
       -.8      18.7        .1       5.3
       -.7      17.9        .2       4.1
 54306  -.123410  -.925573  -.357888
  75244.6  13124.7     14.2     43.3     -2.6      3.4
     14.2     86.6     -2.4     31.5  43632.7  45223.3
     -10.1      50.2       1.7      73.2
      -1.2      22.7        .0      14.4
       -.7      17.6        .2       5.0
       -.7      16.1        .1       3.9
 54307  -.113613  -.937303  -.329476
  81934.6  13097.8     14.2     43.3     -2.8      3.2
     14.2     86.6     -2.5     31.6  47986.3  49526.8
     -11.0      52.5       5.5      72.8
      -1.3      24.0        .4      14.7
      -1.1      19.2        .1       5.0
       -.7      18.1        .2       3.9
 54308  -.105170  -.946530  -.304993
  88497.6  12983.9     14.2     43.3     -2.5      3.1
     14.2     86.6     -2.5     31.3  51960.4  53381.2
     -10.3      51.6       3.7      75.9
      -1.5      22.7        .6      18.2
       -.7      18.2        .2       5.0
       -.5      16.3        .2       3.9
 54309   .863216  -.064741  -.500666
  53639.9   9405.7     13.7     25.3     -3.6     28.9
     13.9     67.9     -3.6     57.7  30151.4  30810.2
       4.8      62.3       7.4      39.0
       -.7      11.6       1.3      20.6
       -.6       5.0        .6      15.5
       -.6       5.0        .4      13.9
 54310   .838516  -.069876  -.540377
  49778.0   9708.2     13.9     25.6     -3.6     28.9
     14.0     68.1     -3.6     57.7  27426.2  28086.7
       4.1      60.7       5.8      39.2
       -.6      10.9        .5      20.5
       -.6       5.0        .3      14.7
       -.6       5.0        .5      12.8
 54311   .807288  -.075683  -.585284
  46053.8   9989.4     13.9     25.8     -3.6     28.9
     13.9     68.2     -3.6     57.7  24895.0  25729.4
       2.8      64.6       5.1      40.3
       -.6       9.6        .8      20.0
       -.6       5.0        .2      15.0
       -.6       5.0        .5      13.0
 54312   .767414  -.082223  -.635858
  42429.1  10477.6     13.6     25.9     -3.6     28.9
     13.7     68.4     -3.6     57.7  22723.0  23640.8
       3.2      64.3       7.1      39.8
       -.9       8.9        .4      20.0
       -.7       5.0        .5      14.1
       -.7       5.0        .5      12.1
 54313   .716102  -.089513  -.692232
  38831.9  11156.4     13.4     26.4     -3.6     28.9
     13.5     68.8     -3.6     57.7  20381.8  21019.8
       3.1      57.4       5.5      41.4
       -.7       8.7        .5      18.9
       -.7       5.0        .4      13.6
       -.5       5.0        .4      12.0
 54314   .649830  -.097475  -.753803
  35897.0  12219.9     13.7     26.4     -3.6     28.9
     13.8     69.0     -3.6     57.7  18455.4  19112.0
       1.1      56.1       5.8      43.0
       -.8       9.0        .7      19.0
       -.5       5.0        .1      12.8
       -.6       5.0        .3      11.1
 54315   .564543  -.105852  -.818588
  33279.1  13905.2     14.0     26.8     -3.6     28.9
     14.0     69.1     -3.1      7.0  16431.8  17121.9
       1.2      53.6       4.3      40.8
       -.9       8.7        .5      16.9
       -.6       5.0        .4      11.9
       -.5       5.0        .3      10.4
 54316   .456422  -.114106  -.882416
  30826.7  16888.0     13.4     27.0     -3.6     28.9
     13.5     69.1     -3.4     18.3  15353.5  15903.9
       -.4      54.6       3.7      39.2
       -.6       8.0        .1      16.5
       -.5       5.0        .1      11.4
       -.6       5.0        .4       9.4
 54317   .323582  -.121343  -.938387
  29124.3  21522.9     13.9     27.2     -3.4      4.6
     13.8     69.3     -3.3     30.9  14342.9  14786.4
        .9      54.3       4.0      40.2
       -.8       8.1        .6      12.0
       -.5       5.1        .2       8.0
       -.6       5.0        .3       6.8
 54318   .168544  -.126408  -.977555
  27977.7  23076.0     13.4     27.3     -3.4     14.8
     13.5     69.4     -3.4     43.2  13608.3  14007.3
      -2.7      53.3       4.9      46.1
      -1.0       8.1        .4       6.9
       -.6       5.1        .3       4.8
       -.6       5.0        .3       4.3
 54319   .000000  -.128243  -.991743
  27739.6  22815.3     13.6     27.3     -3.7     25.6
     13.6     69.4     -3.7     54.3  13602.1  14043.2
      -2.3      53.1       2.2      62.1
      -1.2       8.1        .3      11.1
       -.5       5.2        .1       3.0
       -.5       5.0        .0       3.0
 54320  -.085184  -.127776  -.988138
  27873.3  22967.9     13.8     27.3     -2.6     23.6
     13.8     69.4     -2.6     52.2  13779.3  14130.9
      -2.9      51.0      -1.0      63.3
      -1.1       8.0        .1       7.5
       -.6       5.2        .3       3.0
       -.6       5.0        .1       3.0
 54321  -.168544  -.126408  -.977555
  28216.7  23177.6     13.8     27.0     -2.9     17.8
     13.8     69.4     -2.8     46.4  13630.3  14278.1
      -3.0      49.6      -1.4      51.8
       -.8       7.9       -.3       7.4
       -.7       5.3        .0       3.8
       -.6       5.0        .0       3.4
 54322  -.248443  -.124222  -.960648
  28633.8  23109.0     14.0     27.3     -3.0     11.9
     14.0     69.5     -2.9     40.4  13783.3  14345.4
       -.4      52.3      -1.9      45.8
       -.6       8.6        .0       8.3
       -.8       5.2        .0       5.4
       -.7       5.0        .0       4.6
 54323  -.323582  -.121343  -.938387
  29267.5  22184.6     13.6     27.2     -3.2      6.2
     13.8     69.3     -3.1     34.0  14328.1  14968.8
      -5.3      48.2      -2.9      41.4
       -.6       8.0       -.1      10.3
       -.7       5.3        .2       6.9
       -.7       5.0        .1       6.0
 54324  -.393068  -.117920  -.911917
  30018.2  19967.5     13.8     27.2     -3.1      3.9
     13.8     69.2     -3.1     27.9  14683.2  15448.8
      -4.6      51.5      -2.3      40.2
      -1.0       8.1       -.4      12.9
       -.5       5.2        .1       8.7
       -.6       5.0        .1       7.2
 54325  -.456422  -.114106  -.882416
  31024.6  17668.9     13.4     27.2     -3.6     28.9
     13.5     69.3     -3.0     21.4  15585.1  16081.1
      -6.0      53.8      -3.5      40.9
       -.9       8.0       -.3      15.6
       -.9       5.2       -.3      10.5
       -.5       5.0       -.1       8.6
 54326  -.513527  -.110042  -.850988
  31904.6  15672.0     14.0     26.9     -3.6     28.9
     13.9     69.1     -3.4     15.2  16133.8  16563.1
      -4.8      54.3      -3.8      42.0
      -1.0       8.5        .0      17.0
       -.7       5.0        .0      11.3
       -.6       5.0        .1       9.6
 54327  -.564543  -.105852  -.818588
  33216.8  14287.8     13.7     26.8     -3.6     28.9
     13.8     69.1     -3.1      9.2  16402.6  17153.8
      -5.7      56.0      -5.4      41.3
       -.6       8.5        .0      17.3
       -.6       5.1        .1      11.7
       -.7       5.0        .0       9.9
 54328  -.649830  -.097475  -.753803
  35865.4  12425.4     13.7     26.4     -3.6     28.9
     13.9     68.9     -3.6     57.7  18775.4  19239.8
      -4.6      55.8      -4.4      38.1
       -.8       8.3       -.5      17.7
       -.7       5.0        .2      12.1
       -.6       5.0        .2      10.1
 54329  -.716102  -.089513  -.692232
  38889.9  11364.9     13.7     26.5     -3.6     28.9
     13.8     68.6     -3.6     57.7  20513.7  21290.3
      -8.0      55.6      -6.4      41.8
      -1.0       8.9        .0      19.4
       -.6       5.0        .4      13.5
       -.6       5.0        .2      11.8
 54330  -.767414  -.082223  -.635858
  42222.8  10658.3     13.9     26.2     -3.6     28.9
     14.0     68.4     -3.6     57.7  22765.0  23526.6
      -7.8      57.4      -5.2      40.4
       -.7       9.4        .3      18.4
       -.6       5.0        .1      13.3
       -.7       5.0        .2      11.3
 54331  -.807288  -.075683  -.585284
  45918.0  10140.9     13.9     26.0     -3.6     28.9
     14.0     68.4     -3.6     57.7  24587.5  25743.2
      -8.8      63.7      -8.0      43.5
       -.9       9.0       -.1      20.4
       -.6       5.0        .3      14.6
       -.6       5.0        .3      12.5
 54332  -.838516  -.069876  -.540377
  49642.5   9802.8     13.8     25.8     -3.6     28.9
     14.0     68.2     -3.6     57.7  27365.7  28114.5
      -4.1      66.8      -5.1      38.4
      -1.0      10.1        .1      19.2
       -.6       5.0        .2      13.7
       -.6       5.0        .2      12.0
 54333  -.863216  -.064741  -.500666
  53650.5   9597.3     14.0     25.4     -3.6     28.9
     14.0     67.9     -3.6     57.7  30002.1  30871.3
      -6.5      64.9      -6.1      39.5
       -.8      10.8        .0      21.1
       -.5       5.0        .4      15.3
       -.7       5.0        .5      13.4
 54334  -.882965  -.060202  -.465563
  57634.3   9426.6     14.0     25.3     -3.6     28.9
     14.0     67.9     -3.6     57.7  32478.8  33315.3
      -9.2      68.0      -5.6      38.6
       -.9      11.9       -.1      18.8
       -.7       5.0        .2      14.5
       -.7       5.0        .1      12.5
 54335  -.898927  -.056183  -.434481
  61760.2   9244.2     14.0     25.2     -3.6     28.9
     14.1     67.6     -3.6     57.7  35617.9  36485.7
      -6.4      68.5      -5.4      38.3
       -.9      12.4       -.1      21.1
       -.6       5.0        .3      16.0
       -.7       5.0        .1      13.5
 54336  -.911966  -.052613  -.406877
  65937.5   9164.6     14.1     25.0     -3.6     28.9
     14.1     67.3     -3.6     57.7  38161.7  39064.9
      -7.8      68.1      -7.2      36.9
      -1.1      12.9        .4      19.5
       -.4       5.0        .6      14.9
       -.6       5.0        .2      13.1
 54337  -.922727  -.049432  -.382272
  70130.4   9063.7     14.1     24.6     -3.6     28.9
     14.1     67.1     -3.6     57.7  40439.8  41778.1
      -7.0      72.4      -6.3      37.2
      -1.4      14.4       -.5      21.1
       -.7       5.0        .1      16.0
       -.6       5.0        .5      14.1
 54338   .806111  -.362750  -.467544
  57465.9  10399.9     14.2     43.3     -3.6     28.9
     13.7     18.4     -3.6     57.7  32207.3  33119.2
      -1.4      59.9       5.9      38.2
       -.8      25.3        .8      20.4
       -.7      16.4        .5      15.4
       -.3      13.5        .4      13.7
 54339   .774912  -.387456  -.499388
  53908.1  10772.7     14.2     43.3     -3.6     28.9
     13.8     18.7     -3.6     57.7  29512.6  30659.6
       -.8      61.7       7.3      39.3
      -1.0      25.8        .9      20.0
       -.3      16.6        .5      14.7
       -.6      13.9        .4      12.9
 54340   .736803  -.414452  -.534182
  50445.7  11378.0     14.2     43.3     -3.6     28.9
     13.7     18.9     -3.6     57.7  27429.8  28649.2
      -3.5      58.6       5.6      40.4
       -.3      26.0        .2      19.3
       -.8      17.0        .7      14.5
       -.7      14.1        .4      12.9
 54341   .690099  -.443635  -.571796
  47127.9  12033.8     14.2     43.3     -3.6     28.9
     13.5     19.4     -3.6     57.7  25398.1  26221.9
      -5.2      58.6       7.1      40.1
       -.2      26.0        .3      19.4
       -.7      17.1        .5      13.9
       -.4      14.1        .4      12.1
 54342   .632842  -.474632  -.611748
  44049.1  13072.5     14.2     43.3     -3.6     28.9
     14.1     19.8     -3.6     57.7  23312.7  24330.5
      -1.9      57.2       4.8      39.9
       -.7      26.7        .5      18.4
       -.9      17.6        .5      13.2
       -.3      14.5        .3      11.9
 54343   .562936  -.506642  -.653006
  41300.8  14570.7     14.2     43.3     -3.6     28.9
     13.8     20.3     -3.6     57.7  21787.1  22584.5
      -4.7      56.9       6.3      43.1
       -.7      27.2        .7      18.8
       -.8      17.8        .5      12.6
       -.7      14.5        .4      10.8
 54344   .478468  -.538276  -.693778
  38932.1  16549.0     14.2     43.3     -3.6     28.9
     13.7     20.8     -3.4      6.7  20497.9  21136.9
      -6.1      58.3       7.3      40.8
      -1.0      27.8        .5      16.5
       -.5      18.0        .4      10.9
       -.4      14.5        .1       9.4
 54345   .378295  -.567442  -.731370
  37129.9  17292.0     14.2     43.3     -3.6     28.9
     13.7     21.0     -3.4     17.4  19053.1  19766.7
      -5.6      56.7       6.3      46.2
      -1.2      27.3        .5      16.0
       -.5      18.1        .2      10.5
       -.4      15.1        .1       8.9
 54346   .262862  -.591440  -.762300
  35584.9  17242.6     14.2     43.3     -3.3      4.9
     14.0     21.3     -3.2     30.1  18313.1  18854.8
      -5.1      59.0       6.1      42.4
       -.4      27.6        .2      11.7
       -.9      18.7        .4       7.7
       -.7      15.4        .3       6.5
 54347   .134975  -.607388  -.782855
  34878.8  17033.6     14.2     43.3     -3.9     14.4
     13.5     21.4     -3.7     42.7  17486.3  18081.5
      -5.9      57.4       5.4      52.0
      -1.2      28.1        .4       7.8
       -.5      18.6        .2       4.5
       -.4      15.1        .2       3.9
 54348   .000000  -.612997  -.790085
  34669.1  17166.0     14.2     43.3     -4.2     25.0
     13.6     21.5     -4.2     53.6  17292.2  17978.0
      -4.4      56.8       2.4      72.1
       -.9      27.9        .0      13.1
       -.9      18.7       -.2       3.0
       -.8      15.3        .0       3.0
 54349  -.067953  -.611580  -.788259
  34533.7  17259.6     14.2     43.3     -2.7     22.8
     13.6     21.4     -2.6     51.5  17549.9  18076.1
      -5.3      58.3       3.4      67.4
      -1.5      27.9        .5       9.6
       -.3      18.6        .4       3.0
       -.6      15.1        .3       3.0
 54350  -.134975  -.607388  -.782855
  34845.0  17606.4     14.2     43.3     -2.8     17.2
     13.5     21.4     -2.8     45.9  17745.1  18383.8
      -6.7      57.1       3.1      54.6
      -1.0      27.5       -.1       7.4
       -.9      18.7        .2       3.2
       -.4      15.3        .2       3.0
 54351  -.200196  -.600588  -.774091
  35046.6  17862.0     14.2     43.3     -2.6     11.2
     13.9     21.2     -2.8     39.6  17835.5  18478.1
      -9.7      57.6       1.1      46.9
       -.6      27.5        .1       8.1
       -.6      18.5        .0       4.8
       -.5      15.1        .2       4.2
 54352  -.262862  -.591440  -.762300
  35544.8  18205.0     14.2     43.3     -3.0      5.5
     13.9     21.3     -3.1     33.4  18433.1  19036.9
      -6.7      60.6       -.2      44.5
      -1.5      27.4       -.2       9.8
       -.4      18.3        .1       6.6
       -.6      15.2        .2       5.6
 54353  -.322373  -.580271  -.747905
  36383.6  18195.6     14.2     43.3    -10.8     66.9
     13.6     21.2     -3.1     27.0  18512.5  19302.5
      -8.5      56.8      -3.1      43.8
       -.9      27.2        .0      12.6
       -.6      18.1        .1       8.2
       -.9      15.1        .0       6.9
 54354  -.378295  -.567442  -.731370
  37177.2  17344.1     14.2     43.3     -3.6     28.9
     13.5     21.1     -3.0     20.6  19269.8  19914.5
      -6.6      57.7       -.9      40.7
      -1.0      27.7       -.1      14.9
       -.8      18.5        .0      10.1
       -.7      15.0        .0       8.3
 54355  -.430364  -.553325  -.713175
  37916.0  16161.3     14.2     43.3     -3.6     28.9
     13.6     21.0     -3.0     14.2  19390.5  20072.8
      -5.7      58.1      -1.0      42.6
      -1.1      27.0       -.2      15.8
       -.3      18.2        .2      10.8
       -.9      14.8       -.1       9.0
 54356  -.478468  -.538276  -.693778
  38908.7  15545.1     14.2     43.3     -3.6     28.9
     13.7     20.9     -3.2      8.4  20270.0  20981.0
      -7.5      59.1      -3.3      41.6
       -.8      26.9       -.2      16.1
       -.7      18.0        .1      11.2
       -.7      14.7        .0       9.4
 54357  -.562936  -.506642  -.653006
  41305.1  13762.8     14.2     43.3     -3.6     28.9
     13.6     20.3     -3.6     57.7  22005.0  22730.4
      -8.6      58.7      -2.8      42.9
      -1.3      27.3       -.2      17.6
       -.6      17.4        .1      11.7
       -.6      14.6        .3       9.9
 54358  -.632842  -.474632  -.611748
  44135.3  12535.9     14.2     43.3     -3.6     28.9
     13.5     19.8     -3.6     57.7  23647.2  24234.2
      -8.7      59.0      -4.2      40.7
      -1.0      26.7        .1      19.0
      -1.0      17.4       -.1      12.9
       -.4      14.3        .2      11.2
 54359  -.690099  -.443635  -.571796
  47020.5  11506.3     14.2     43.3     -3.6     28.9
     13.6     19.6     -3.6     57.7  25417.8  26322.5
      -4.8      55.1      -3.3      42.6
      -1.2      26.0        .0      18.2
       -.8      17.4        .3      13.3
       -.6      14.1        .1      11.2
 54360  -.736803  -.414452  -.534182
  50373.7  10831.8     14.2     43.3     -3.6     28.9
     13.8     19.1     -3.6     57.7  27664.2  28351.6
      -6.7      57.9      -3.9      41.1
      -1.0      26.1        .0      19.6
       -.8      17.0        .2      14.3
       -.6      13.8        .2      12.5
 54361  -.774912  -.387456  -.499388
  53800.0  10374.4     14.2     43.3     -3.6     28.9
     13.7     18.7     -3.6     57.7  29959.8  30847.8
      -9.6      59.5      -5.5      41.3
       -.6      25.3        .4      19.0
       -.7      16.5        .2      13.6
       -.5      13.8        .3      11.9
 54362  -.806111  -.362750  -.467544
  57348.5  10055.4     14.2     43.3     -3.6     28.9
     13.5     18.4     -3.6     57.7  31900.8  32996.1
      -8.9      60.5      -6.0      40.6
       -.6      25.3        .1      20.4
       -.7      16.2        .2      15.1
       -.4      13.6        .4      13.1
 54363  -.831783  -.340275  -.438577
  61093.4   9778.3     14.2     43.3     -3.6     28.9
     13.7     18.0     -3.6     57.7  34275.2  35188.6
      -9.1      58.0      -5.1      36.9
       -.7      25.1        .4      19.2
       -.7      16.2        .3      14.4
       -.8      13.5        .1      12.7
 54364  -.853040  -.319890  -.412303
  64891.4   9583.1     14.2     43.3     -3.6     28.9
     13.5     17.6     -3.6     57.7  37427.6  38573.2
      -9.8      61.9      -6.5      38.9
       -.7      24.9       -.2      20.5
       -.7      16.2        .3      15.4
       -.7      13.3        .4      13.7
 54365  -.870759  -.301417  -.388493
  68876.0   9410.9     14.2     43.3     -3.6     28.9
     13.4     17.6     -3.6     57.7  39439.1  40758.1
      -5.0      59.0      -5.0      37.4
       -.6      24.5        .4      18.6
       -.5      15.9        .6      14.7
       -.7      13.3        .2      13.0
 54366  -.885633  -.284668  -.366905
  72998.2   9308.7     14.2     43.3     -3.6     28.9
     13.7     17.4     -3.6     57.7  42514.8  43621.8
      -9.1      62.8      -6.5      39.0
       -.8      24.1        .0      20.9
       -.3      15.8        .7      16.0
       -.6      13.3        .5      14.3
 54367   .467453  -.841416  -.271123
  99537.2  13872.7     14.2     43.3     -3.6     28.9
     14.2     86.6     -3.6     57.7  59720.4  60889.3
      -9.0      54.1      11.2      46.8
      -1.3      22.1       1.0      17.7
       -.9      17.0        .7      11.4
       -.8      15.6        .5      10.0
 54368   .429723  -.859446  -.276932
  97484.5  13706.0     14.2     43.3     -3.6     28.9
     14.2     86.6     -3.6     57.7  58179.3  59697.3
     -10.0      52.3       9.1      47.3
      -1.1      22.4        .8      18.8
       -.3      17.1        .1      11.8
       -.7      15.7        .4      10.1
 54369   .389600  -.876600  -.282460
  95144.9  13425.8     14.2     43.3     -3.6     28.9
     14.2     86.6     -3.6     57.7  56054.8  57967.3
     -10.5      50.3      10.9      48.9
      -1.2      21.8       1.1      16.9
       -.5      17.3        .5      10.4
      -1.1      15.9        .6       8.9
 54370   .347131  -.892622  -.287623
  93532.9  13253.1     14.2     43.3     -3.6     28.9
     14.2     86.6     -3.6     57.7  54948.4  57042.1
      -9.1      49.1      10.9      55.3
      -1.6      22.4       1.2      18.0
       -.7      17.6        .4      10.9
       -.7      16.0        .5       9.0
 54371   .302414  -.907242  -.292333
  92210.0  13086.1     14.2     43.3     -3.6     28.9
     14.2     86.6     -3.6     57.7  54639.2  56386.8
      -9.0      50.5      11.3      58.9
      -1.3      22.3        .8      16.4
       -.9      17.5        .4       9.4
       -.8      16.2        .3       7.9
 54372   .255608  -.920190  -.296506
  90780.7  13106.4     14.2     43.3     -3.6     28.9
     14.2     86.6     -3.6     57.7  53210.4  55074.9
     -10.9      53.6      11.6      58.1
      -1.1      22.7        .8      17.5
       -.6      17.6        .5       9.6
       -.9      16.3        .4       7.7
 54373   .206935  -.931206  -.300055
  89745.5  12860.3     14.2     43.3     -3.6     28.9
     14.2     86.6     -3.1      4.0  53129.5  54410.2
     -12.1      51.9       7.3      60.7
      -1.5      22.3       1.0      16.5
       -.8      18.0        .4       7.9
       -.6      16.1        .3       6.5
 54374   .156676  -.940054  -.302906
  89160.6  12891.3     14.2     43.3     -3.6     28.9
     14.2     86.6     -3.6     14.3  52588.3  54383.0
      -9.6      53.4      13.0      67.1
      -1.6      23.0       1.1      18.6
       -.9      17.7        .3       8.1
       -.8      16.5        .2       6.4
 54375   .105170  -.946530  -.304993
  88374.8  12984.2     14.2     43.3     -4.1      2.2
     14.2     86.6     -3.7     27.6  51471.4  52974.1
      -9.8      49.7       7.6      71.1
      -1.1      22.4        .9      17.7
       -.8      17.7        .3       6.2
      -1.0      16.5        .2       4.7
 54376   .052804  -.950480  -.306266
  88221.8  12780.5     14.2     43.3     -4.3     12.4
     14.2     86.6     -4.2     40.7  52042.8  53620.7
     -10.1      51.5      10.1      82.7
      -1.0      22.4        .9      24.4
       -.8      17.7        .3       4.1
       -.5      16.4        .3       3.0
 54377   .000000  -.951808  -.306694
  87914.0  12779.8     14.2     43.3     -4.2     24.7
     14.2     86.6     -4.1     52.8  51383.6  52815.4
     -10.4      51.1       6.3     102.0
      -1.3      22.1       1.8      42.4
       -.6      18.2        .0       7.4
      -1.0      16.2       -.1       3.0
 54378  -.026430  -.951476  -.306587
  87755.3  12821.5     14.2     43.3     -2.3     21.8
     14.2     86.6     -2.4     50.3  51847.5  53587.9
     -11.1      50.3       5.8      95.3
      -1.3      22.5       2.1      35.3
       -.8      18.2        .5       5.9
       -.5      16.5        .4       3.0
 54379  -.052804  -.950480  -.306266
  88128.3  12872.6     14.2     43.3     -2.2     15.7
     14.2     86.6     -2.2     44.3  52065.4  53602.1
     -11.6      51.0       9.7      85.5
      -1.4      22.5        .7      25.6
       -.9      18.0        .3       4.9
       -.7      16.3        .3       3.0
 54380  -.079069  -.948828  -.305734
  88360.9  12963.8     14.2     43.3     -2.3      9.2
     14.2     86.6     -2.6     37.8  52113.8  54047.8
     -10.7      49.0       4.5      80.8
      -1.3      22.6        .5      20.0
       -.9      17.7        .2       4.6
       -.7      16.2        .3       3.0
 54381  -.105170  -.946530  -.304993
  88397.5  12989.8     14.2     43.3     -2.8     12.7
     14.2     86.6     -2.5     31.2  51996.0  53424.1
      -9.5      46.3       5.4      70.4
      -1.2      21.7        .7      18.1
       -.6      18.2        .3       5.0
      -1.1      16.5        .0       3.7
 54382  -.131055  -.943599  -.304049
  88729.4  13095.7     14.2     43.3     -3.6     28.9
     14.2     86.6     -2.4     24.4  53169.2  54237.5
     -12.6      50.1       5.8      73.3
      -1.2      22.4        .5      16.8
       -.8      17.7        .2       6.4
       -.4      16.3        .2       4.9
 54383  -.156676  -.940054  -.302906
  89049.0  13096.2     14.2     43.3     -3.6     28.9
     14.2     86.6     -2.6     18.0  52866.7  54134.7
     -11.8      49.7       4.5      68.0
      -1.4      22.4        .1      16.9
       -.5      17.9        .2       7.4
       -.8      16.5        .2       5.5
 54384  -.181983  -.935915  -.301572
  89376.6  13108.9     14.2     43.3     -3.6     28.9
     14.2     86.6     -2.6     11.2  53145.5  54835.3
     -11.3      52.5       2.5      64.5
      -1.3      22.5        .4      17.1
       -.8      18.1        .1       8.0
       -.6      16.4        .2       6.1
 54385  -.206935  -.931206  -.300055
  89906.7  13308.3     14.2     43.3     -3.6     28.9
     14.2     86.6     -2.7      4.9  53419.4  54903.1
     -14.5      53.9        .0      61.4
      -1.1      22.6        .3      15.7
       -.3      17.8        .3       7.8
       -.9      16.2        .1       6.1
 54386  -.255608  -.920190  -.296506
  90909.9  13519.7     14.2     43.3     -3.6     28.9
     14.2     86.6     -3.6     57.7  54013.3  55439.8
      -9.0      53.1       2.1      59.7
      -1.1      22.5        .1      17.0
       -.5      17.8        .3       9.0
       -.8      16.2        .2       7.2
 54387  -.302414  -.907242  -.292333
  92375.9  13854.4     14.2     43.3     -3.6     28.9
     14.2     86.6     -3.6     57.7  54814.5  56140.4
     -10.4      51.6        .7      58.4
      -1.2      22.0        .3      16.7
      -1.0      17.5        .1       9.5
       -.7      16.3        .2       7.7
 54388  -.347131  -.892622  -.287623
  93985.1  14107.0     14.2     43.3     -3.6     28.9
     14.2     86.6     -3.6     57.7  55929.5  57411.7
     -11.2      49.1      -1.6      56.6
      -1.7      22.0       -.2      17.5
      -1.0      17.8        .2      10.4
       -.5      16.0        .4       8.5
 54389  -.389600  -.876600  -.282460
  95700.3  14205.8     14.2     43.3     -3.6     28.9
     14.2     86.6     -3.6     57.7  57033.7  58549.1
     -12.5      53.5      -1.9      54.4
      -1.6      22.8        .2      17.3
       -.7      17.5        .4      10.7
       -.8      16.1        .3       9.1
 54390  -.429723  -.859446  -.276932
  97328.5  14312.0     14.2     43.3     -3.6     28.9
     14.2     86.6     -3.6     57.7  58675.2  60469.5
     -10.0      49.6      -1.2      50.8
       -.9      21.7        .1      17.9
       -.7      17.2        .3      11.4
       -.7      16.0        .5       9.7
 54391  -.467453  -.841416  -.271123
  99631.7  14254.3     14.2     43.3     -3.6     28.9
     14.2     86.6     -3.6     57.7  59809.2  61478.5
     -13.5      53.8      -4.1      50.6
      -1.6      22.0        .1      18.0
       -.4      17.0        .4      11.8
       -.7      15.7        .3      10.1
 54392  -.502792  -.822750  -.265108
 101673.7  14074.7     14.2     43.3     -3.6     28.9
     14.2     86.6     -3.6     57.7  61245.2  62737.6
     -12.1      52.0      -2.4      43.4
      -1.5      22.0       -.1      18.2
       -.5      17.1        .4      12.2
       -.8      15.6        .5      10.3
 54393  -.535778  -.803668  -.258960
 104266.8  13928.4     14.2     43.3     -3.6     28.9
     14.2     86.6     -3.6     57.7  62812.1  64604.0
     -10.3      50.5      -1.7      40.8
      -1.1      21.8        .0      18.6
      -1.0      16.9        .3      12.9
       -.7      15.3        .3      11.0
 54394  -.566482  -.784360  -.252738
 106666.8  13558.0     14.2     43.3     -3.6     28.9
     14.2     86.6     -3.6     57.7  63950.4  65782.3
     -10.1      50.7       -.9      41.6
      -1.5      21.6       -.1      18.3
      -1.1      16.5        .4      12.6
       -.4      15.4        .7      11.4
 54395  -.594996  -.764995  -.246498
 109335.8  13151.7     14.2     43.3     -3.6     28.9
     14.2     86.6     -3.6     57.7  65855.0  68009.5
      -9.1      50.4      -1.5      40.8
      -1.4      21.6       -.1      18.5
       -.7      16.6        .4      13.5
       -.8      15.1        .4      11.9
