Dot1_150x100_prd2010lk:@-150V,0.0T@90d,263K,rhe=1.10,rhh=0.7,0.00/0.00          
   400   1   .00  60   5  29   0  150.00  263.00     .00 1.00000  1000.0     .02     .05  150.000  100.000  285.000  1000.0     .01     .03    1.50    1.00     .85
 55001   .000000   .000000 -1.000000
  27036.8  22274.6      -.2     40.3       .0     26.1
      -.2     83.5       .0     54.8  12632.6  13171.8
       1.4      68.0       -.5      66.5
        .5       9.8       -.3       9.0
        .0       5.0       -.1       3.0
       -.1       5.0        .0       3.0
 55002   .000000  -.130455  -.991454
  27288.8  22533.7      -.2     33.9       .0     26.0
      -.2     77.1       .0     54.8  13020.6  13510.4
      -3.7      54.6        .2      64.7
       -.5       7.0        .5      10.8
       -.1       5.0        .2       3.0
       -.3       5.0        .0       3.0
 55003   .000000  -.254493  -.967075
  27932.1  23173.7       .1     25.6       .0     26.2
       .1     68.7       .0     54.9  13101.1  13684.7
      -4.9      53.7       -.9      68.2
       -.2       8.6        .2      11.1
       -.1       5.5        .0       3.2
       -.2       5.0        .0       3.0
 55004   .000000  -.367167  -.930155
  28861.6  22980.7      -.3     17.2      -.2     26.0
      -.2     59.7      -.2     54.8  13505.7  14369.6
      -6.1      49.6      -5.4      73.0
       -.3      12.6       -.1      12.6
       -.1       8.1       -.1       3.0
       -.1       6.8        .1       3.0
 55005   .000000  -.465746  -.884918
  30258.3  22222.9      -.3      8.9      -.3     26.1
      -.2     50.8      -.3     54.8  14709.6  15267.2
      -6.0      49.0       -.3      71.2
       -.1      16.3        .1      12.5
       -.1      10.6        .1       3.1
       -.3       8.9       -.1       3.0
 55006   .000000  -.549617  -.835417
  31807.9  20875.9     -1.8      6.4       .0     26.0
      -.7     41.7       .0     54.7  15619.6  16146.3
      -6.3      52.5       1.2      70.6
       -.8      20.7       -.2      10.3
       -.6      13.6       -.1       3.1
       -.3      11.2       -.1       3.0
 55007   .000000  -.619644  -.784883
  33776.6  19117.8       .0     43.3      -.2     26.1
      -.4     32.3      -.1     54.7  17140.2  17701.9
      -7.3      55.6       4.0      69.5
        .0      26.4        .7      13.4
       -.2      17.2        .0       4.0
       -.2      13.8       -.1       3.0
 55008   .000000  -.677476  -.735545
  35964.3  17656.2       .0     43.3       .1     26.0
      -.3     22.7       .0     54.7  18413.6  18987.7
      -7.6      58.7      -4.3      68.7
       -.8      27.2       -.1      13.4
       -.2      18.2       -.1       3.2
       -.5      15.0       -.2       3.0
 55009   .000000  -.724999  -.688749
  38393.7  16474.7       .0     43.3       .1     26.0
      -.4     14.1       .1     54.7  19504.0  20386.0
      -6.7      56.8       1.1      74.4
       -.8      26.1       -.8      18.0
       -.5      17.5        .0       3.9
       -.3      15.2       -.1       3.0
 55010   .000000  -.764030  -.645181
  40876.4  15661.5       .0     43.3      -.2     25.9
      -.6      8.6      -.2     54.6  21188.7  22019.6
      -6.8      50.4      -3.3      75.6
       -.3      23.3       1.0      18.7
       -.3      17.6        .1       3.5
       -.6      16.8       -.1       3.0
 55011   .000000  -.796162  -.605083
  43574.1  15219.8       .0     43.3       .0     25.8
     -5.0     10.5       .0     54.5  23224.7  23984.1
      -8.0      49.5       -.1      73.5
       -.4      22.7        .5      21.7
       -.9      18.2       -.4       5.2
       -.6      17.6        .1       3.0
 55012   .000000  -.822730  -.568432
  46408.5  14807.0       .0     43.3       .0     25.9
       .0     86.6       .0     54.6  24729.6  25541.2
      -7.5      51.4       3.4      79.0
       -.7      22.4        .5      21.7
       -.2      16.7        .2       4.2
       -.6      16.1       -.2       3.8
 55013   .000000  -.844819  -.535052
  49178.3  14380.2       .0     43.3       .0     25.9
       .0     86.6       .1     54.5  26948.1  27697.8
      -7.2      51.0       -.3      82.5
       -.4      21.6       -.5      25.9
       -.4      15.6        .1       4.4
       -.7      14.3        .0       3.0
 55014   .000000  -.863297  -.504697
  52037.4  14078.1       .0     43.3      -.2     25.8
       .0     86.6      -.2     54.4  28219.9  29074.1
     -10.5      51.6      -1.0      84.3
       -.6      22.6        .3      24.8
        .0      17.9       -.3       4.6
       -.3      16.6       -.1       3.0
 55015   .000000  -.878853  -.477092
  55128.5  13960.0       .0     43.3       .2     26.2
       .0     86.6       .1     54.5  30213.0  31407.5
     -10.3      51.7       -.8      84.5
       -.8      24.3        .9      30.4
       -.7      19.6       -.2       5.6
       -.5      18.8        .0       3.6
 55016   .000000  -.892036  -.451965
  58182.7  13884.4       .0     43.3       .1     25.7
       .0     86.6       .2     54.3  32196.7  33463.2
      -8.9      50.3       1.1      89.3
       -.3      22.8       -.5      30.1
       -.3      18.1        .2       6.4
       -.7      17.0        .0       3.1
 55017   .000000  -.903278  -.429057
  61472.6  13651.4       .0     43.3      -.1     25.8
       .0     86.6      -.1     54.3  34203.9  35209.0
     -10.4      51.4      -1.0      90.9
       -.4      22.5      -1.5      32.8
       -.7      16.7        .3       6.7
       -.7      15.2        .1       4.3
 55018   .000000  -.912924  -.408131
  64315.6  13540.1       .0     43.3      -.2     25.7
       .0     86.6      -.1     54.3  35764.5  37296.3
      -8.6      51.6      -2.8      85.7
      -1.2      22.9       1.4      32.8
       -.2      18.5       -.2       5.9
       -.5      17.3        .1       3.1
 55019   .000000  -.921250  -.388972
  67772.1  13508.7       .0     43.3       .0     25.7
       .0     86.6       .0     54.1  38461.6  39692.0
     -11.8      53.1       1.3      90.1
       -.5      24.3      -1.0      36.5
       -.6      20.0       -.5       9.0
       -.6      19.3       -.2       3.5
 55020   .000000  -.928477  -.371391
  70612.0  13373.5       .0     43.3       .0     25.6
       .0     86.6       .0     54.2  40064.9  41256.8
      -9.6      52.5      -1.6      88.9
      -1.3      23.1       -.1      38.5
       -.5      18.7        .3      10.0
       -.8      17.4       -.1       3.8
 55021   .000000  -.934784  -.355218
  73803.4  13352.7       .0     43.3       .4     25.7
       .0     86.6       .3     54.3  42743.0  44187.4
      -9.3      51.5       1.9      96.8
       -.3      22.0        .1      39.6
       -.7      17.3       -.2       7.9
       -.8      15.7       -.1       4.6
 55022   .000000  -.940315  -.340305
  77114.4  13222.6       .0     43.3      -.1     25.7
       .0     86.6      -.1     54.1  44356.6  46159.7
      -8.9      49.3       5.6      97.0
       -.7      23.5       1.4      41.0
       -.4      18.6        .3      10.0
       -.3      17.5       -.1       3.7
 55023   .000000  -.945190  -.326520
  80520.6  13242.6       .0     43.3       .0     25.6
       .0     86.6       .0     54.1  47224.0  48419.7
     -10.6      51.4      -2.7      96.0
       -.6      24.2       1.3      39.2
       -.5      20.3        .0      10.3
      -1.1      19.6        .0       4.5
 55024   .000000  -.949506  -.313750
  83537.7  13221.1       .0     43.3       .1     25.6
       .0     86.6       .0     54.0  48771.6  50079.2
      -7.6      50.8       1.2      99.8
       -.9      23.6      -1.0      44.5
       -.3      18.8       -.1      10.4
       -.5      18.0       -.3       6.1
 55025   .000000  -.953342  -.301892
  87130.2  13199.2       .0     43.3       .0     25.4
       .0     86.6       .0     53.9  51287.3  52812.5
     -10.3      52.3       2.3     101.8
       -.6      22.4      -1.6      45.0
       -.5      17.5        .1      12.2
       -.7      16.0       -.1       4.8
 55026   .000000  -.956767  -.290857
  90077.0  13130.7       .0     43.3      -.2     25.5
       .0     86.6      -.2     53.9  53303.6  54681.3
     -10.5      50.2       3.8     101.8
      -1.0      23.0        .2      46.7
       -.5      18.5       -.3       9.5
       -.6      17.7        .0       3.7
 55027   .000000  -.959834  -.280567
  93724.7  13143.7       .0     43.3       .0     25.5
       .0     86.6       .0     53.9  55778.4  57150.4
      -7.8      50.9      -2.7     107.0
      -1.2      24.6       -.9      49.0
       -.8      20.6        .5      12.6
       -.5      20.2        .2       4.5
 55028   .000000  -.962593  -.270952
  96642.5  13068.6       .0     43.3       .0     25.5
       .0     86.6       .0     53.9  57731.1  59511.1
     -10.0      51.7       1.3     106.6
      -1.2      24.0      -1.5      49.2
       -.9      19.5        .3      12.2
       -.6      17.9       -.1       6.2
 55029   .000000  -.965081  -.261951
 100518.9  13093.4       .0     43.3       .2     25.3
       .0     86.6       .1     53.7  59882.6  61742.0
     -10.6      51.6       -.4     105.1
      -1.0      22.6       -.9      51.3
       -.4      17.5        .3      12.9
       -.6      16.3       -.1       6.1
 55030   .000000  -.967333  -.253508
 103497.2  13145.3       .0     43.3       .0     25.7
       .0     86.6       .0     53.8  61348.3  63320.0
     -11.9      53.3      -4.9     105.9
      -1.2      23.6        .8      48.6
       -.5      19.2       -.4      13.5
       -.5      17.6       -.1       4.8
 55031   .000000  -.969377  -.245576
 107089.7  13097.0       .0     43.3       .0     25.2
       .0     86.6       .0     53.7  63914.0  65611.7
      -8.5      48.8        .1     107.0
       -.8      24.4        .1      52.3
       -.6      20.9       -.4      12.9
       -.8      20.4        .3       5.4
 55032   .000000  -.971238  -.238110
 110357.1  13076.9       .0     43.3       .1     25.3
       .0     86.6       .0     53.6  66006.8  68075.3
     -10.2      51.0      -1.4     105.7
      -1.1      23.8      -1.7      53.6
       -.5      19.4       -.2      16.6
       -.9      18.5        .2       6.2
 55033   .000000  -.972937  -.231072
 113648.3  13163.3       .0     43.3      -.1     25.3
       .0     86.6       .0     53.6  68029.9  69837.9
     -11.7      51.1       2.4     106.4
      -1.0      23.1        .0      55.1
       -.6      17.8       -.2      17.5
       -.6      16.4       -.3       5.9
 55034   .000000  -.974491  -.224428
 116783.1  13055.8       .0     43.3       .1     25.3
       .0     86.6       .1     53.5  70975.1  72834.8
     -13.2      52.2       2.0     112.8
      -1.3      23.5        .2      56.2
       -.3      18.9       -.2      15.1
       -.8      17.9        .1       6.1
 55035   .000000  -.975916  -.218146
 120026.0  13080.1       .0     43.3      -.1     25.2
       .0     86.6       .0     53.5  72420.5  74650.3
     -11.4      52.9      -3.3     108.5
      -1.2      25.0       -.6      55.4
       -.8      21.0        .3      18.9
       -.7      20.3        .0       9.1
 55036   .000000  -.977227  -.212198
 123687.5  13099.2       .0     43.3       .1     25.3
       .0     86.6       .1     53.5  75342.2  77613.5
      -9.7      49.3       3.7     113.0
      -1.1      24.0        .5      58.5
       -.4      19.4        .3      19.1
       -.7      18.5       -.2       6.5
 55037   .000000  -.978434  -.206558
 126891.8  13057.0       .0     43.3       .5     25.1
       .0     86.6       .4     53.4  77322.3  79706.8
     -10.2      47.2        .4     116.0
      -1.6      22.9      -1.3      59.2
       -.5      17.8        .1      17.3
      -1.1      16.6       -.1       7.0
 55038   .000000  -.979549  -.201205
 130300.1  13082.7       .0     43.3      -.1     25.2
       .0     86.6      -.1     53.5  80194.5  81820.8
     -11.8      51.1      -3.0     114.7
      -1.2      24.7       -.2      60.7
       -.5      19.2        .5      19.1
       -.3      18.0        .0       5.0
 55039   .000000  -.980581  -.196116
 133809.6  13075.4       .0     43.3       .1     25.2
       .0     86.6       .0     53.4  83114.3  84700.8
      -8.3      48.4       6.8     111.8
      -1.2      25.1       -.2      59.7
       -.4      21.0       -.7      22.1
       -.4      20.7       -.4       7.9
 55040   .000000  -.981537  -.191274
 136940.7  13009.7       .0     43.3      -.2     25.2
       .0     86.6      -.2     53.4  84638.0  86676.7
     -10.1      49.1       1.5     117.0
      -1.4      24.5      -1.4      59.2
       -.5      19.4        .0      19.9
      -1.1      18.7        .5       8.8
 55041   .000000  -.982424  -.186661
 140366.1  13098.7       .0     43.3      -.1     25.1
       .0     86.6       .0     53.3  85437.9  89077.0
     -10.7      46.6        .9     111.0
      -1.6      23.4       1.3      62.7
       -.4      17.9       -.4      21.8
      -1.0      16.9        .1       6.8
 55042   .000000  -.983250  -.182261
 144063.1  13165.4       .0     43.3       .2     25.1
       .0     86.6       .1     53.3  89314.4  91956.8
     -10.4      48.9      -3.9     118.0
      -1.1      23.9      -1.4      65.5
       -.8      18.9       -.7      23.1
       -.6      17.8        .1      10.7
 55043   .000000  -.984020  -.178061
 147289.7  13151.7       .0     43.3       .0     25.0
       .0     86.6      -.1     53.1  92552.1  95062.0
     -10.2      51.3       7.5     112.1
      -1.5      25.7      -1.3      64.4
       -.4      21.1       -.5      20.4
       -.8      20.4       -.1       9.5
 55044   .000000  -.984737  -.174047
 150708.0  13104.7       .0     43.3       .0     24.9
       .0     86.6       .0     53.1  93509.4  96435.4
      -8.6      50.6       4.4     114.8
      -1.0      24.4      -1.1      63.5
       -.5      19.9        .7      22.3
       -.5      18.7       -.6       8.1
 55045   .000000  -.985408  -.170207
 154232.6  13119.6       .0     43.3       .3     24.9
       .0     86.6       .3     53.0  96278.0  98424.6
      -8.7      49.9      -6.7     113.7
       -.9      22.8        .3      65.9
       -.5      18.1       -.3      24.8
       -.8      16.8        .5      14.2
 55046   .000000  -.986036  -.166531
 157269.9  13111.9       .0     43.3      -.1     25.0
       .0     86.6      -.1     53.1  98750.2 100950.3
     -11.4      46.9      -5.1     120.6
      -1.6      24.6       1.5      65.7
       -.2      18.8        .7      24.4
       -.8      18.0        .1       9.2
 55047   .000000  -.986625  -.163008
 160951.7  13138.4       .0     43.3      -.1     25.0
       .0     86.6       .0     53.1 100963.5 103693.6
      -8.8      46.1       3.6     121.5
      -1.2      26.1       -.7      65.2
       -.4      21.0       -.3      25.2
      -1.0      20.4       -.1      12.9
 55048   .000000  -.987696  -.156385
 167819.5  13105.2       .0     43.3       .1     25.0
       .0     86.6       .0     53.0 106191.4 108559.1
      -6.9      44.2        .0     118.4
      -1.4      23.9       1.9      69.2
       -.3      17.7       -.1      25.4
      -1.1      16.6        .9      11.6
 55049   .000000  -.988644  -.150274
 174258.9  13131.3       .0     43.3       .0     24.9
       .0     86.6       .0     53.0 111510.9 113689.9
     -11.7      48.5      11.9     121.4
      -1.5      25.1       -.9      68.3
       -.5      21.1       -.3      28.0
       -.7      20.7      -1.0      13.0
 55050   .000000  -.989488  -.144617
 181516.7  13165.9       .0     43.3       .0     24.8
       .0     86.6       .1     52.8 112667.2 117725.3
      -9.9      48.1      -8.0     126.2
      -1.6      23.7       -.7      71.6
       -.7      18.0        .6      25.9
       -.8      16.6       -.1       8.7
 55051   .000000  -.990241  -.139367
 187979.2  13217.1       .0     43.3       .1     24.7
       .0     86.6       .2     52.7 119371.5 122244.7
     -11.0      52.6      -7.6     123.8
      -1.0      25.8        .1      69.0
       -.3      21.2       -.3      31.4
       -.9      20.4       -.5      16.3
 55052   .000000  -.990916  -.134481
 194867.6  13184.7       .0     43.3       .0     24.9
       .0     86.6       .0     52.8 125247.9 127546.1
     -13.2      50.6      -3.1     124.8
      -1.3      23.9       -.8      71.7
       -.5      17.9       -.5      30.0
      -1.0      17.1       -.1      14.4
 55053   .000000  -.991524  -.129924
 201878.7  13320.9       .0     43.3       .2     24.7
       .0     86.6       .1     52.6 127912.4 131638.4
      -8.8      46.8      -5.3     128.6
      -1.5      25.9        .2      72.3
       -.7      21.3        .2      32.3
       -.8      20.2       -.7      14.6
 55054   .000000  -.992073  -.125663
 208695.0  13186.5       .0     43.3       .0     24.6
       .0     86.6       .0     52.4 132176.9 136516.6
     -13.3      54.0        .7     119.7
      -1.0      23.0       1.6      74.4
       -.4      17.7       1.4      33.1
      -1.0      16.9       -.8      15.6
 55055   .000000  -.992571  -.121670
 215695.0  13294.7       .0     43.3       .1     24.6
       .0     86.6       .1     52.5 139441.7 143316.8
     -11.0      48.7       1.5     128.1
      -1.6      26.3        .4      77.6
       -.5      21.4        .0      33.4
       -.9      20.5        .3      20.4
 55056   .000000  -.993023  -.117921
 222084.4  13271.1       .0     43.3      -.1     24.6
       .0     86.6       .0     52.5 144128.2 147798.1
     -11.8      49.0      -1.2     121.4
      -1.5      23.8        .4      73.8
       -.6      18.0        .5      34.6
      -1.0      17.1        .5      15.9
 55057   .000000  -.993435  -.114396
 229031.1  13243.6       .0     43.3      -.1     24.5
       .0     86.6      -.1     52.4 147177.5 151071.6
     -10.5      49.2       7.4     124.4
      -1.8      25.8        .1      74.8
       -.8      21.2       -.5      35.4
       -.9      20.6        .1      18.0
 55058   .000000  -.993812  -.111073
 236072.1  13325.6       .0     43.3       .0     24.4
       .0     86.6       .0     52.3 152569.8 157051.6
      -6.5      41.8       9.4     121.1
      -1.2      23.1        .8      75.1
       -.3      18.1      -1.2      36.4
       -.8      16.5       -.3      19.2
 55059   .000000  -.994158  -.107937
 242873.1  13244.8       .0     43.3       .2     24.5
       .0     86.6       .1     52.2 156383.3 160818.6
      -6.9      42.8      11.8     127.7
      -1.9      25.6      -1.9      76.0
       -.5      21.3      -1.6      35.0
       -.9      20.9       -.6      18.7
 55060   .000000  -.994475  -.104972
 249764.7  13330.7       .0     43.3      -.3     24.4
       .0     86.6      -.2     52.1 164544.9 167542.6
      -4.2      34.2      -7.1     121.7
      -1.5      23.2        .4      77.5
       -.7      17.8       -.3      37.2
       -.6      17.0       -.4      18.2
 55061   .903278   .000000  -.429057
  61244.0   9147.4       .1     40.6       .0     28.9
       .1     83.4       .0     57.7  34527.5  35571.2
       -.2      87.4       7.9      40.8
       1.4      30.0        .4      23.0
        .6       6.3        .7      17.3
       -.1       5.0        .6      16.1
 55062   .887877   .000000  -.460082
  57084.1   9283.9      -.4     40.4       .0     28.9
      -.4     83.4       .0     57.7  31762.9  33108.5
      -1.9      84.0       7.5      39.5
        .4      26.5        .4      21.5
       -.3       5.8        .3      16.1
       -.2       5.0        .6      14.9
 55063   .868777   .000000  -.495203
  52926.8   9427.5       .2     40.5       .0     28.9
       .2     83.4       .0     57.7  29604.7  30680.9
       2.0      81.3       6.8      42.0
       -.2      24.2        .4      23.0
        .1       8.1        .3      16.9
        .0       5.0        .7      15.6
 55064   .844819   .000000  -.535052
  49157.3   9628.7       .0     40.5       .0     28.9
       .1     83.5       .0     57.7  27050.8  27739.4
        .1      82.4       5.4      42.4
        .2      24.6        .7      21.3
       -.3       5.0        .3      15.6
        .0       5.0        .3      14.2
 55065   .814421   .000000  -.580275
  45289.5   9947.8       .0     40.6       .0     28.9
       .0     83.5       .0     57.7  23891.6  25090.5
      -1.6      76.8       6.2      42.0
        .3      21.7        .6      22.4
       -.2       5.3        .4      16.4
       -.1       5.0        .5      14.7
 55066   .775436   .000000  -.631426
  41590.3  10424.2       .2     40.6       .0     28.9
       .2     83.7       .0     57.7  21910.1  22816.6
       1.7      78.5       5.2      43.6
        .1      18.9        .4      19.9
        .1       5.0        .0      14.7
        .1       5.0        .5      13.1
 55067   .724999   .000000  -.688749
  38133.0  11077.6      -.3     40.6       .0     28.9
      -.2     83.6       .0     57.7  19658.4  20284.3
      -1.8      74.1       5.4      43.3
       -.2      17.1        .3      21.2
        .3       7.3        .3      15.3
       -.1       5.0        .4      13.2
 55068   .659438   .000000  -.751759
  34948.9  12052.2       .1     40.7       .0     28.9
       .1     83.8      2.4      6.8  18027.4  18573.2
       2.7      75.5       5.8      43.7
       -.2      14.2        .1      19.2
        .1       5.0        .4      13.3
        .1       5.0        .4      11.5
 55069   .574426   .000000  -.818557
  32180.3  13897.2       .1     40.6       .0     28.9
       .2     83.7       .1     10.9  16046.5  16586.6
        .4      76.6       7.0      42.9
       -.4      11.1        .4      18.5
        .3       5.0        .5      12.7
        .0       5.0        .2      11.1
 55070   .465746   .000000  -.884918
  29858.4  16839.7       .1     40.5       .0     28.9
       .1     83.7       .3     22.3  14891.7  15399.9
      -1.7      70.5       5.3      43.0
        .3      12.5        .3      16.4
       -.1       5.0        .2      10.8
       -.1       5.0        .3       9.0
 55071   .331088   .000000  -.943600
  28243.1  20658.9       .1     40.7      -.1     10.8
       .1     83.6       .2     34.1  13618.4  14009.7
      -1.0      71.9       3.4      40.0
       -.7      10.7        .2      10.7
        .1       5.0        .1       7.4
        .2       5.0        .3       6.2
 55072   .254493   .000000  -.967075
  27749.7  21997.5      -.5     40.4       .2     11.4
      -.5     83.5       .1     39.9  13303.6  13744.4
      -3.4      73.6       2.5      43.5
        .4      10.3        .1       8.4
       -.1       5.0        .1       5.3
        .0       5.0        .1       4.6
 55073   .172799   .000000  -.984957
  27478.3  22622.4      -.4     40.3       .0     16.9
      -.3     83.6       .0     45.8  12731.7  13306.2
        .5      71.5       2.8      49.9
        .1      11.0        .3       6.3
       -.1       5.0        .3       3.6
        .2       5.0        .2       3.0
 55074   .087384   .000000  -.996175
  27209.1  22349.0       .1     40.5      -.4     22.4
       .1     83.6      -.4     51.2  12535.1  13403.2
       -.8      74.1       2.8      59.7
        .1      10.2        .2       5.7
       -.2       5.0        .2       3.0
       -.1       5.0        .3       3.0
 55075   .000000   .000000 -1.000000
  27068.9  22215.9       .2     40.6      -.1     25.9
       .2     83.6      -.2     54.7  12761.5  13163.3
       3.6      70.2      -1.3      66.0
       -.3       8.7        .1       9.7
       -.1       5.0       -.2       3.0
        .1       5.0        .0       3.0
 55076  -.087384   .000000  -.996175
  27016.2  22314.4       .0     40.3       .4     22.4
       .0     83.5       .4     51.1  12686.0  13235.0
       -.6      68.3       1.0      57.8
        .6       9.2       -.3       5.6
        .3       5.0       -.2       3.0
        .0       5.0       -.3       3.0
 55077  -.172799   .000000  -.984957
  27337.0  22662.3      -.4     40.3       .1     17.0
      -.4     83.6       .1     45.7  13020.0  13411.7
       1.4      68.6      -4.0      48.4
       -.4       8.8       -.3       6.2
        .1       5.0       -.2       3.6
        .1       5.0       -.2       3.0
 55078  -.254493   .000000  -.967075
  27756.0  22059.9       .1     40.5       .1     11.5
       .1     83.7       .1     39.9  13351.3  13704.5
      -2.9      71.1      -2.8      43.1
        .4       8.9       -.3       8.4
        .1       5.0       -.1       5.5
       -.1       5.0       -.3       4.5
 55079  -.331088   .000000  -.943600
  28359.4  20644.4      -.2     40.5       .0      6.3
      -.1     83.6       .0     34.0  13668.9  14127.7
        .2      72.7      -3.7      41.6
       -.1      13.0       -.3      10.6
       -.1       5.0       -.3       7.1
        .0       5.0       -.1       6.0
 55080  -.465746   .000000  -.884918
  29974.5  16821.4      -.3     40.6       .0     28.9
      -.2     83.6      -.5     22.3  14611.8  15340.0
      -1.7      72.2      -5.1      40.8
        .3      12.4       -.4      16.5
       -.1       5.0       -.3      10.9
        .0       5.0       -.3       9.1
 55081  -.574426   .000000  -.818557
  32167.4  13787.7       .1     40.7       .0     28.9
       .1     83.7      -.3     11.0  16103.2  16661.4
      -2.1      76.5      -5.7      44.2
       -.3      13.0       -.3      18.7
        .2       5.0       -.3      12.8
        .1       5.0       -.4      11.2
 55082  -.659438   .000000  -.751759
  35022.1  12073.2       .3     40.7       .0     28.9
       .3     83.7     -2.4      7.1  18041.1  18741.4
       3.6      72.3      -6.9      44.9
       -.4      13.6       -.3      19.0
        .1       5.0       -.2      13.2
        .1       5.0       -.3      11.5
 55083  -.724999   .000000  -.688749
  38011.3  11109.9       .0     40.6       .0     28.9
       .0     83.7       .0     57.7  20069.3  20656.8
      -1.3      78.2      -6.0      42.7
        .0      16.9       -.8      20.8
        .2       5.0       -.2      14.9
        .1       5.0       -.7      13.3
 55084  -.775436   .000000  -.631426
  41645.8  10391.6       .3     40.4       .0     28.9
       .3     83.6       .0     57.7  22022.8  22783.2
       3.9      78.7      -8.2      41.7
        .2      19.6       -.3      20.3
       -.3       5.2       -.5      14.8
        .0       5.0       -.5      13.0
 55085  -.814421   .000000  -.580275
  45167.9  10012.7       .3     40.6       .0     28.9
       .3     83.6       .0     57.7  24428.4  25297.4
        .0      73.2      -7.5      43.4
        .8      22.0       -.3      22.6
       -.1       5.0       -.2      16.2
        .2       5.0       -.3      14.6
 55086  -.844819   .000000  -.535052
  49063.3   9676.9      -.3     40.6       .0     28.9
      -.3     83.6       .0     57.7  26879.0  27787.9
      -1.8      80.1      -8.7      41.9
       -.3      24.2       -.6      21.1
        .3       5.0       -.5      15.6
        .0       5.0       -.4      14.2
 55087  -.868777   .000000  -.495203
  53079.0   9434.0      -.3     40.5       .0     28.9
      -.2     83.5       .0     57.7  29735.8  30703.5
      -1.4      83.9      -7.8      42.1
        .3      25.3       -.7      23.0
        .3       5.4       -.4      17.2
        .0       5.0       -.7      15.5
 55088  -.887877   .000000  -.460082
  57119.6   9264.9      -.2     40.6       .0     28.9
      -.2     83.6       .0     57.7  32172.7  33101.5
      -2.2      80.0      -7.5      40.5
        .3      28.5       -.7      21.4
        .0       5.0       -.4      16.5
        .3       5.0       -.6      15.1
 55089  -.903278   .000000  -.429057
  61209.5   9095.1       .1     40.3       .0     28.9
       .1     83.3       .0     57.7  34969.1  35923.9
       1.7      82.3      -6.8      42.7
       1.7      29.8       -.7      23.1
        .4       6.6       -.1      17.5
        .1       5.0       -.6      16.0
 55090   .840060  -.367526  -.399028
  65844.4   9874.6       .0     43.3       .0     28.9
       .2     18.0       .0     57.7  37722.3  38845.8
      -5.2      62.3       5.8      40.1
       -.5      24.2        .1      22.8
       -.4      15.4        .6      17.3
       -.2      13.0        .3      15.8
 55091   .817505  -.390173  -.423616
  61991.2  10134.7       .0     43.3       .0     28.9
       .0     18.5       .0     57.7  34974.9  36027.1
      -4.3      62.2       8.1      40.5
       -.6      24.7        .5      20.9
       -.4      15.7        .1      15.9
       -.4      13.3        .4      14.7
 55092   .790440  -.414981  -.450551
  58127.3  10423.8       .0     43.3       .0     28.9
      -.1     18.7       .0     57.7  32263.9  33240.9
      -6.8      58.9       7.2      42.1
       -.4      24.7        .9      22.2
       -.2      15.8        .4      16.5
       -.1      13.3        .4      15.0
 55093   .757796  -.442047  -.479937
  54630.4  10782.3       .0     43.3       .0     28.9
      -.1     19.3       .0     57.7  30389.5  31264.9
      -7.3      57.6       6.2      40.1
       -.7      25.2        .5      20.2
       -.2      16.0        .2      14.8
       -.4      13.6        .3      13.5
 55094   .718269  -.471364  -.511767
  51358.9  11356.4       .0     43.3       .0     28.9
       .0     19.8       .0     57.7  28102.9  28813.6
      -8.5      59.9       6.1      44.9
       -.4      25.2        .4      21.0
       -.4      16.5        .2      15.4
       -.2      13.7        .1      14.0
 55095   .670317  -.502738  -.545830
  48025.8  12056.1       .0     43.3       .0     28.9
       .0     20.4       .0     57.7  25337.4  26310.3
      -4.7      58.3       5.9      41.9
        .0      25.7        .3      19.7
       -.6      16.5        .4      13.9
       -.2      14.2        .3      12.3
 55096   .612205  -.535679  -.581595
  45150.4  13136.1       .0     43.3       .0     28.9
      -.3     20.9       .0     57.7  23837.0  24688.6
      -7.8      59.5       4.4      44.7
       -.8      26.4        .7      20.3
       -.2      16.9        .2      14.0
       -.3      14.3        .4      12.6
 55097   .542159  -.569267  -.618061
  42449.4  14633.0       .0     43.3       .0     28.9
      -.4     21.6     -1.5     10.5  22679.6  23361.2
      -4.3      56.0       2.8      43.5
       -.4      26.6        .5      18.3
       -.3      17.4        .0      12.3
       -.4      14.5        .2      10.8
 55098   .458673  -.602008  -.653609
  40366.8  16674.5       .0     43.3       .0     28.9
       .2     22.0      -.2      9.4  20845.1  21586.6
      -6.4      58.5       4.0      46.8
       -.1      26.5        .2      16.9
        .1      17.9       -.1      11.5
        .0      15.0        .2      10.2
 55099   .361020  -.631785  -.685938
  38455.0  18238.1       .0     43.3       .0     28.9
      -.1     22.3       .0     20.8  19670.3  20327.2
      -7.3      58.0       4.0      44.9
       -.3      27.1        .1      15.8
       -.3      17.8        .2       9.8
       -.2      15.0        .1       8.3
 55100   .249898  -.655981  -.712208
  37220.1  18157.0       .0     43.3       .1      5.1
       .0     22.8       .0     33.0  19105.1  19641.9
      -7.9      60.7       3.1      47.4
       -.6      27.7        .3      10.6
       -.5      17.8        .2       6.7
       -.4      14.9        .1       5.5
 55101   .190037  -.665130  -.722141
  36594.5  17888.5       .0     43.3      -.2     10.6
      -.4     23.0      -.1     38.9  18810.7  19417.0
      -8.4      58.7       2.1      51.2
       -.8      27.1        .3       9.4
       -.3      17.9        .0       4.8
       -.5      15.1        .1       4.2
 55102   .127982  -.671905  -.729496
  36300.3  17727.5       .0     43.3       .0     16.2
      -.3     23.0      -.1     45.0  18553.2  19129.6
      -6.9      57.9       3.3      55.6
       -.3      27.4        .1       7.5
       -.3      18.1        .1       3.2
       -.1      15.1        .2       3.0
 55103   .064388  -.676070  -.734019
  36030.3  17575.3       .0     43.3      -.8     22.0
      -.3     22.9      -.7     50.7  18064.3  18959.7
      -7.4      59.0       1.5      63.7
       -.6      28.0        .8      11.6
       -.4      17.8        .1       3.0
       -.4      15.1        .1       3.0
 55104   .000000  -.677476  -.735545
  35894.5  17534.6       .0     43.3       .2     25.9
      -.3     22.9       .1     54.7  18289.2  19028.2
      -8.1      59.2       -.2      70.9
       -.4      27.0      -1.1      15.7
       -.1      17.8       -.2       3.7
       -.4      14.9        .0       3.0
 55105  -.064388  -.676070  -.734019
  36165.7  17595.2       .0     43.3       .6     22.1
      -.1     22.8       .6     50.8  18148.4  18953.4
      -4.2      58.1        .3      67.8
       -.1      28.2        .0       9.6
       -.3      18.3       -.2       3.0
       -.5      14.9       -.2       3.0
 55106  -.127982  -.671905  -.729496
  36324.3  17736.4       .0     43.3       .1     16.2
      -.3     23.0       .1     45.1  18414.4  19015.8
      -5.9      57.9      -1.1      55.7
       -.4      27.4       -.3       7.7
       -.7      18.3       -.3       3.4
       -.6      15.1       -.3       3.0
 55107  -.190037  -.665130  -.722141
  36637.3  17952.0       .0     43.3      -.1     10.5
      -.4     22.9      -.1     39.1  18473.7  19177.0
      -6.1      57.1      -2.6      51.4
       -.4      27.4       -.2       8.4
       -.4      18.0       -.2       5.0
       -.4      15.0       -.2       4.2
 55108  -.249898  -.655981  -.712208
  37237.3  18112.2       .0     43.3       .0      5.1
      -.2     22.9      -.1     32.9  18963.7  19748.9
      -6.5      58.6      -2.3      44.8
       -.8      27.8       -.4      10.9
       -.1      18.1       -.2       6.7
       -.4      15.2       -.2       5.6
 55109  -.361020  -.631785  -.685938
  38428.4  18229.3       .0     43.3       .0     28.9
       .0     22.6       .0     20.7  19569.2  20464.6
      -7.4      58.1      -4.0      45.3
       -.9      27.1       -.5      15.8
       -.3      17.5       -.1      10.0
       -.4      15.0       -.3       8.4
 55110  -.458673  -.602008  -.653609
  40316.8  16747.9       .0     43.3       .0     28.9
      -.2     22.2       .0      9.2  20649.7  21401.6
      -6.1      59.1      -3.3      42.0
       -.8      26.7       -.6      16.9
       -.6      17.7       -.4      11.6
       -.1      14.9        .0      10.1
 55111  -.542159  -.569267  -.618061
  42582.5  14721.2       .0     43.3       .0     28.9
      -.5     21.5     -1.8      9.5  22595.6  23226.6
      -8.0      58.9      -4.8      42.8
       -.7      26.5       -.8      18.1
       -.5      17.5       -.3      12.5
       -.3      14.6       -.2      10.8
 55112  -.612205  -.535679  -.581595
  45297.4  13134.9       .0     43.3       .0     28.9
       .2     20.8       .0     57.7  24125.1  25033.5
      -4.3      58.5      -4.9      43.8
       -.6      26.4       -.6      20.1
       -.2      17.1       -.3      14.1
        .0      14.4       -.1      12.6
 55113  -.670317  -.502738  -.545830
  47785.4  12085.4       .0     43.3       .0     28.9
      -.3     20.3       .0     57.7  26062.1  26852.2
      -5.3      58.8      -6.6      41.8
       -.3      25.2       -.5      19.2
        .1      16.9       -.2      13.9
       -.4      14.2       -.5      12.4
 55114  -.718269  -.471364  -.511767
  51312.3  11307.6       .0     43.3       .0     28.9
       .1     19.7       .0     57.7  28328.5  29176.2
      -6.7      58.6      -8.4      44.5
       -.7      25.3       -.5      21.6
       -.4      16.3       -.8      15.6
       -.3      13.8       -.5      14.2
 55115  -.757796  -.442047  -.479937
  54790.0  10756.0       .0     43.3       .0     28.9
       .0     19.3       .0     57.7  30273.2  31308.9
      -6.3      58.5      -7.7      45.2
      -1.1      25.3       -.6      20.8
       -.1      16.3        .0      15.0
       -.2      13.5       -.2      13.6
 55116  -.790440  -.414981  -.450551
  58320.0  10414.5       .0     43.3       .0     28.9
       .0     18.8       .0     57.7  32479.1  33465.2
      -6.9      62.8      -6.9      44.1
       -.6      25.3       -.7      22.4
       -.4      16.0       -.4      16.7
       -.4      13.3       -.4      14.9
 55117  -.817505  -.390173  -.423616
  62009.2  10158.7       .0     43.3       .0     28.9
      -.2     18.4       .0     57.7  35049.3  36200.8
      -8.0      63.9      -6.8      40.7
       -.4      24.5       -.3      20.9
       -.5      15.6       -.5      15.8
       -.4      13.2       -.4      14.6
 55118  -.840060  -.367526  -.399028
  65816.9   9830.2       .0     43.3       .0     28.9
      -.1     17.9       .0     57.7  37402.5  38567.2
      -7.4      62.5      -8.0      41.0
       -.2      24.1       -.8      23.0
       -.5      15.4       -.6      17.4
        .0      13.0       -.2      15.8
 55119   .708659  -.620076  -.336613
  77772.4  11681.8       .0     43.3       .0     28.9
       .0     86.6       .0     57.7  45473.5  46920.0
     -11.0      57.5       6.8      40.1
       -.4      23.0        .5      20.9
       -.2      17.4        .5      15.7
       -.2      16.2        .1      14.5
 55120   .677337  -.646549  -.350984
  74598.7  12269.8       .0     43.3       .0     28.9
       .0     86.6       .0     57.7  43047.5  44591.3
      -7.7      52.5       5.7      39.8
       -.7      22.6        .6      19.5
       -.3      17.6        .2      14.4
       -.2      16.5        .2      13.0
 55121   .641844  -.673936  -.365851
  71813.5  12754.2       .0     43.3       .0     28.9
       .0     86.6       .0     57.7  41532.4  42342.3
     -10.5      56.3       9.2      44.3
       -.6      23.0        .4      21.0
       -.1      17.8        .3      14.8
       -.2      16.8        .2      13.4
 55122   .601687  -.701968  -.381068
  68853.1  13393.0       .0     43.3       .0     28.9
       .0     86.6       .0     57.7  39337.7  40635.7
      -6.7      54.2       4.2      44.9
       -.5      22.7        .5      19.1
        .0      18.0        .2      13.4
       -.3      17.2        .2      11.9
 55123   .556388  -.730259  -.396426
  66155.6  14118.0       .0     43.3       .0     28.9
       .0     86.6       .0     57.7  36993.7  38707.7
      -8.6      52.7       5.9      45.0
       -.4      23.1        .5      19.7
       -.2      18.0        .6      13.7
       -.9      17.4        .4      12.3
 55124   .505524  -.758286  -.411641
  63871.2  14850.7       .0     43.3       .0     28.9
       .0     86.6       .0     57.7  35634.9  36722.2
      -9.0      52.1       6.3      45.9
       -.3      22.9        .4      18.2
       -.1      18.0        .0      12.5
       -.2      17.9        .1      10.8
 55125   .448787  -.785377  -.426348
  61413.4  14914.6       .0     43.3       .0     28.9
       .0     86.6       .0     57.7  34199.9  35509.9
      -8.9      54.0       3.6      49.6
      -1.0      23.5        .5      17.6
       -.2      18.7        .1      11.9
       -.4      18.1        .3      10.5
 55126   .386057  -.810720  -.440105
  59743.3  14925.8       .0     43.3       .0     28.9
       .0     86.6       .0     57.7  33289.8  34372.6
      -9.1      52.3       4.3      48.6
       -.1      23.5        .1      17.1
        .0      18.8       -.1      11.0
       -.4      18.4        .2       9.3
 55127   .317480  -.833386  -.452409
  57898.4  14692.2       .0     43.3       .0     28.9
       .0     86.6       .2      6.7  32302.8  33157.4
      -9.9      49.7       4.8      46.8
       -.8      23.1        .3      15.6
       -.5      18.8        .1       9.5
       -.3      18.6        .3       8.1
 55128   .243541  -.852392  -.462727
  56752.9  14276.9       .0     43.3       .0     28.9
       .0     86.6      -.3     18.6  31280.1  32236.9
      -9.4      52.3       4.4      56.2
       -.3      23.6        .0      15.2
       -.2      19.3        .1       8.6
       -.3      18.9        .2       6.9
 55129   .165103  -.866792  -.470544
  55743.3  14139.8       .0     43.3       .0      3.5
       .0     86.6      -.1     31.6  30434.8  31617.8
      -8.2      49.8       2.1      54.9
       -.3      23.4        .0      11.2
       -.2      19.1        .1       5.7
       -.4      19.0        .1       4.6
 55130   .124573  -.872008  -.473376
  55793.0  14141.8       .0     43.3      -.3      9.2
       .0     86.6      -.2     37.8  30460.5  31729.0
     -10.3      51.7       2.3      63.5
       -.6      23.9        .3      12.0
       -.6      19.4        .1       4.5
       -.5      19.1        .2       3.5
 55131   .083409  -.875791  -.475429
  55363.4  14079.2       .0     43.3      -.4     15.3
       .0     86.6      -.5     44.0  30952.1  31753.9
     -11.0      53.7       1.6      71.8
      -1.0      24.1        .3      14.6
       -.5      19.4        .1       3.1
       -.5      19.0        .1       3.0
 55132   .041814  -.878085  -.476675
  55234.5  13953.4       .0     43.3     -1.1     21.4
       .0     86.6     -1.1     50.0  30664.7  31347.7
      -9.8      49.8      -1.7      82.4
       -.2      23.9       -.2      19.3
       -.4      19.4        .0       3.1
       -.5      18.8        .0       3.0
 55133   .000000  -.878853  -.477092
  55148.0  13967.5       .0     43.3       .0     25.7
       .0     86.6       .0     54.4  30641.4  31373.4
     -10.2      51.7       -.8      87.1
      -1.1      23.5        .9      26.7
       -.3      19.0        .0       6.3
       -.5      18.9        .1       3.0
 55134  -.041814  -.878085  -.476675
  55181.2  13987.4       .0     43.3       .9     21.5
       .0     86.6       .8     50.1  30452.6  31571.6
     -10.3      53.6       1.8      77.4
      -1.0      23.7       -.2      19.5
       -.3      19.1       -.1       3.0
       -.9      19.1       -.1       3.0
 55135  -.083409  -.875791  -.475429
  55336.4  13976.3       .0     43.3       .8     15.4
       .0     86.6       .6     44.1  30924.0  31758.2
     -10.0      52.3      -2.5      68.2
       -.4      23.7       -.6      13.6
       -.3      19.4       -.1       3.2
       -.3      18.9       -.2       3.0
 55136  -.124573  -.872008  -.473376
  55344.7  13988.3       .0     43.3       .3      9.2
       .0     86.6       .4     37.9  30909.1  31572.8
      -7.1      50.8       -.4      56.9
       -.4      23.4       -.3      12.3
       -.3      19.4       -.1       4.5
       -.5      19.1       -.1       3.5
 55137  -.165103  -.866792  -.470544
  55890.5  14115.3       .0     43.3       .2      3.6
       .0     86.6       .1     31.6  30631.8  31575.2
      -9.0      53.0      -1.7      54.6
       -.4      23.5       -.2      11.5
       -.1      19.3       -.2       5.8
       -.8      18.7       -.2       4.6
 55138  -.243541  -.852392  -.462727
  56629.7  14425.6       .0     43.3       .0     28.9
       .0     86.6       .0     18.7  31597.8  32660.9
      -9.4      51.8      -4.5      53.1
       -.6      23.9       -.2      15.1
       -.1      19.1       -.1       8.5
       -.5      18.7       -.1       7.0
 55139  -.317480  -.833386  -.452409
  58072.6  14608.6       .0     43.3       .0     28.9
       .0     86.6       .0      6.7  32719.4  33290.2
      -9.4      52.9      -4.2      49.4
       -.3      23.2       -.2      15.2
       -.6      18.9       -.4       9.5
       -.3      18.4       -.2       8.1
 55140  -.386057  -.810720  -.440105
  59795.7  14952.8       .0     43.3       .0     28.9
       .0     86.6       .0     57.7  33507.8  34785.5
      -8.6      53.4      -5.5      50.4
       -.2      23.4       -.5      17.7
       -.4      18.7       -.1      11.0
       -.5      18.4       -.3       9.2
 55141  -.448787  -.785377  -.426348
  61475.8  14979.2       .0     43.3       .0     28.9
       .0     86.6       .0     57.7  34304.8  35657.9
     -10.1      53.6      -6.1      47.1
       -.7      23.4       -.6      17.8
       -.4      18.6       -.3      11.8
       -.3      18.0       -.3      10.4
 55142  -.505524  -.758286  -.411641
  63778.5  14854.4       .0     43.3       .0     28.9
       .0     86.6       .0     57.7  34866.3  36031.6
     -10.1      53.2      -6.9      45.2
       -.5      22.6       -.5      17.6
       -.4      18.2       -.2      12.4
       -.4      18.2       -.3      11.0
 55143  -.556388  -.730259  -.396426
  66265.5  14027.9       .0     43.3       .0     28.9
       .0     86.6       .0     57.7  37052.6  38190.1
      -7.1      50.7      -6.0      47.9
       -.7      23.0       -.5      19.5
       -.2      18.2       -.1      13.7
       -.1      17.4       -.2      12.4
 55144  -.601687  -.701968  -.381068
  68792.1  13425.3       .0     43.3       .0     28.9
       .0     86.6       .0     57.7  39673.0  40682.3
      -8.0      57.4      -5.2      44.9
       -.5      22.8       -.5      19.4
       -.1      18.3       -.3      13.7
       -.2      17.2       -.2      11.9
 55145  -.641844  -.673936  -.365851
  71670.0  12819.1       .0     43.3       .0     28.9
       .0     86.6       .0     57.7  41202.7  42497.3
      -7.4      52.7      -6.2      44.0
       -.5      23.0       -.5      20.6
       -.2      17.7       -.4      14.9
       -.2      16.8       -.4      13.6
 55146  -.677337  -.646549  -.350984
  74690.0  12116.8       .0     43.3       .0     28.9
       .0     86.6       .0     57.7  43467.5  44618.5
     -10.3      55.4      -8.6      42.6
       -.5      22.9       -.7      19.8
       -.4      17.6       -.5      14.5
       -.2      16.5       -.1      12.9
 55147  -.708659  -.620076  -.336613
  77983.1  11762.2       .0     43.3       .0     28.9
       .0     86.6       .0     57.7  44872.2  46510.0
      -9.8      56.8      -6.6      43.0
       -.6      23.0       -.7      21.8
       -.4      17.5       -.5      15.8
       -.7      16.3       -.5      14.3
 55148   .482910  -.845093  -.229382
 114567.1  14299.9       .0     43.3       .0     28.9
       .0     86.6       .0     57.7  69309.9  71304.4
     -10.7      51.9       4.6      43.5
       -.7      22.4        .6      19.2
       -.7      16.6        .4      12.8
       -.3      15.6        .2      11.3
 55149   .451149  -.861285  -.233777
 111973.5  14320.0       .0     43.3       .0     28.9
       .0     86.6       .0     57.7  68490.4  70054.5
     -10.6      50.8       6.8      45.6
       -.5      22.1        .3      18.1
       -.2      17.0        .1      12.2
       -.3      16.1        .1      10.7
 55150   .417577  -.876913  -.238019
 110511.8  14218.0       .0     43.3       .0     28.9
       .0     86.6       .0     57.7  66497.3  68827.1
      -9.1      51.9       5.1      46.2
      -1.0      23.1        .5      19.2
       -.6      17.4        .2      11.9
        .2      16.2       -.1      10.4
 55151   .382204  -.891810  -.242063
 108346.8  14101.9       .0     43.3       .0     28.9
       .0     86.6       .0     57.7  65295.9  67683.0
      -9.7      49.2       7.1      53.4
      -1.2      22.5        .5      18.0
       -.4      17.2        .3      11.3
       -.3      16.1        .2       9.6
 55152   .345068  -.905804  -.245861
 106694.7  13975.9       .0     43.3       .0     28.9
       .0     86.6       .0     57.7  64495.2  66548.3
     -11.7      53.5       6.8      58.5
      -1.1      23.4        .6      18.7
       -.1      17.5        .2      10.5
       -.4      16.2        .3       9.0
 55153   .306238  -.918714  -.249365
 105311.0  13855.8       .0     43.3       .0     28.9
       .0     86.6       .0     57.7  63763.0  64890.3
     -10.7      51.7       4.4      57.8
      -1.2      23.0        .6      18.5
       -.4      17.5        .2      10.3
       -.3      16.4        .1       8.7
 55154   .265817  -.930361  -.252527
 104023.9  13598.5       .0     43.3       .0     28.9
       .0     86.6       .0     57.7  62541.9  64418.9
     -10.1      54.3       6.6      61.5
      -1.3      23.0        .6      17.9
       -.5      17.4        .3       9.3
       -.5      16.3        .1       7.7
 55155   .223945  -.940570  -.255298
 102791.7  13427.0       .0     43.3       .0     28.9
       .0     86.6       .0     57.7  62182.5  63648.9
      -8.6      50.9       6.0      61.2
       -.7      22.7        .0      19.5
       -.4      17.8        .0       9.2
       -.4      16.4        .3       7.3
 55156   .180796  -.949177  -.257634
 101688.3  13298.1       .0     43.3       .0     28.9
       .0     86.6       .0      3.9  61159.8  62695.4
     -11.0      51.8       2.6      67.1
       -.7      22.8        .9      18.7
       -.4      17.8        .2       7.4
       -.8      16.4        .2       6.0
 55157   .136577  -.956038  -.259496
 101048.3  13252.8       .0     43.3       .0     28.9
       .0     86.6      -.1     16.6  60009.6  61902.7
     -10.1      48.2       4.0      72.7
      -1.1      22.8        .3      19.2
       -.6      17.6        .1       7.1
       -.7      16.5        .2       5.6
 55158   .091527  -.961030  -.260851
 100660.9  13212.8       .0     43.3      -.5      1.9
       .0     86.6      -.9     29.9  60349.9  62078.9
     -13.3      51.4       1.1      74.0
      -1.4      22.8        .5      20.4
       -.4      17.7        .0       5.9
       -.6      16.3        .1       3.6
 55159   .068771  -.962796  -.261330
 100354.5  13186.3       .0     43.3      -.7      8.0
       .0     86.6      -.8     36.4  59980.7  62080.2
     -11.5      49.9       6.3      89.9
      -1.0      23.1        .3      23.1
       -.3      17.8        .1       5.0
       -.6      16.2        .0       3.0
 55160   .045908  -.964064  -.261674
 100359.7  13157.1       .0     43.3     -1.1     14.5
       .0     86.6     -1.0     43.1  60238.8  61556.5
     -10.6      55.7      -4.0      89.7
      -1.0      23.3        .9      30.6
       -.4      17.7        .1       4.7
       -.5      16.5        .0       3.0
 55161   .022972  -.964827  -.261882
 100272.9  13121.8       .0     43.3     -1.3     20.9
       .0     86.6     -1.4     49.4  60257.2  61803.7
     -12.2      52.3       3.9      96.5
      -1.3      23.3       -.8      41.9
       -.6      17.7       -.1       7.3
       -.5      16.1       -.1       3.0
 55162   .000000  -.965081  -.261951
 100238.0  13084.6       .0     43.3       .0     25.5
       .0     86.6       .1     53.8  60359.7  61758.7
     -10.7      49.5      -1.5     105.2
       -.6      22.6       -.3      49.6
       -.3      17.6        .3      13.0
       -.8      16.3        .1       7.4
 55163  -.022972  -.964827  -.261882
 100634.5  13175.6       .0     43.3      1.3     20.9
       .0     86.6      1.3     49.3  59500.6  61222.0
     -13.0      51.0      -3.6     100.4
      -1.3      23.0        .8      37.3
       -.2      17.3        .0       7.0
       -.7      16.2        .0       3.0
 55164  -.045908  -.964064  -.261674
 100237.1  13161.1       .0     43.3       .8     14.4
       .0     86.6       .8     43.1  59863.8  61827.9
     -12.3      51.4       -.4      87.2
       -.7      22.1        .5      27.3
       -.7      17.5       -.2       6.0
       -.7      16.2        .0       3.0
 55165  -.068771  -.962796  -.261330
 100355.8  13266.4       .0     43.3       .8      8.0
       .0     86.6       .6     36.4  59939.6  61228.3
      -9.5      50.0       -.5      86.6
      -1.4      22.9       -.7      24.0
       -.5      17.6       -.2       4.6
       -.6      16.3       -.2       3.0
 55166  -.091527  -.961030  -.260851
 100588.5  13302.8       .0     43.3       .4      2.0
       .0     86.6       .4     29.9  60827.8  62079.3
     -13.8      52.8      -1.4      79.4
      -1.2      23.5       -.4      20.5
       -.6      17.6       -.1       5.3
       -.6      16.5       -.1       3.8
 55167  -.136577  -.956038  -.259496
 100776.9  13206.6       .0     43.3       .0     28.9
       .0     86.6       .3     16.7  60914.7  62018.2
     -11.1      49.5      -5.0      69.3
      -1.4      23.1       -.7      19.6
       -.4      17.5       -.2       7.4
       -.4      16.4       -.2       5.4
 55168  -.180796  -.949177  -.257634
 101923.0  13403.7       .0     43.3       .0     28.9
       .0     86.6       .2      3.8  60892.9  62721.1
      -8.8      50.0      -4.0      63.5
      -1.1      22.7       -.6      17.7
       -.5      17.8       -.2       7.5
       -.3      16.2       -.1       6.1
 55169  -.223945  -.940570  -.255298
 102858.1  13539.2       .0     43.3       .0     28.9
       .0     86.6       .0     57.7  61364.2  63170.5
      -7.7      49.3      -6.1      62.7
       -.9      21.9       -.5      18.1
       -.8      17.7       -.3       9.3
       -.3      16.3       -.1       7.2
 55170  -.265817  -.930361  -.252527
 103902.1  13545.4       .0     43.3       .0     28.9
       .0     86.6       .0     57.7  62575.3  64111.4
     -11.0      52.6      -4.4      62.4
      -1.2      23.1      -1.0      18.9
       -.3      17.9       -.3       9.3
       -.2      16.2       -.2       7.6
 55171  -.306238  -.918714  -.249365
 105361.6  13843.7       .0     43.3       .0     28.9
       .0     86.6       .0     57.7  62513.7  64418.4
     -10.8      50.4      -7.1      59.0
      -1.0      23.3       -.7      19.6
       -.4      17.7       -.3      10.6
       -.5      16.7       -.3       8.7
 55172  -.345068  -.905804  -.245861
 106694.1  13862.8       .0     43.3       .0     28.9
       .0     86.6       .0     57.7  64541.9  66094.0
      -9.1      52.1      -6.8      55.3
      -1.1      22.7       -.7      18.3
       -.6      17.4       -.4      10.5
       -.4      16.0       -.3       9.0
 55173  -.382204  -.891810  -.242063
 108327.9  14045.3       .0     43.3       .0     28.9
       .0     86.6       .0     57.7  65766.8  67467.1
     -10.7      51.3      -7.7      53.4
      -1.2      22.7       -.7      19.1
       -.3      17.5       -.3      11.6
       -.3      16.1       -.2       9.7
 55174  -.417577  -.876913  -.238019
 110336.7  14311.5       .0     43.3       .0     28.9
       .0     86.6       .0     57.7  67093.8  68261.6
     -10.3      53.0      -5.9      51.5
      -1.1      22.6       -.9      19.1
       -.3      17.0       -.3      11.8
       -.2      15.7       -.1      10.2
 55175  -.451149  -.861285  -.233777
 112379.3  14425.3       .0     43.3       .0     28.9
       .0     86.6       .0     57.7  67798.7  70214.2
     -11.0      49.7      -8.6      48.0
      -1.0      22.4      -1.0      19.4
       -.5      17.1       -.5      12.3
       -.2      16.0       -.2      10.5
 55176  -.482910  -.845093  -.229382
 114447.2  14376.7       .0     43.3       .0     28.9
       .0     86.6       .0     57.7  69945.5  72113.4
      -9.3      52.1      -4.9      44.2
       -.8      21.8       -.7      19.8
       -.6      17.2       -.6      13.0
       -.3      15.7       -.2      11.4
 55177   .337328  -.927651  -.160231
 163973.5  13954.0       .0     43.3       .0     28.9
       .0     86.6       .0     57.7 103555.1 105998.9
     -11.1      55.4       3.6      52.6
      -1.5      23.7       1.0      20.6
       -.3      17.9        .2      11.1
        .0      16.5        .1       9.1
 55178   .312066  -.936198  -.161707
 162397.8  13813.8       .0     43.3       .0     28.9
       .0     86.6       .0     57.7 100955.0 103441.2
     -11.4      47.7       6.9      57.7
      -1.2      24.4        .7      20.7
       -.2      17.7        .1      10.6
       -.1      17.2        .0       9.1
 55179   .286124  -.944211  -.163091
 161045.2  13635.9       .0     43.3       .0     28.9
       .0     86.6       .0     57.7 101616.5 104054.9
      -7.3      48.1       5.5      57.0
      -1.4      23.2       1.0      20.7
       -.3      17.7        .1      10.1
       -.3      17.0        .3       8.3
 55180   .259539  -.951641  -.164374
 159814.2  13596.4       .0     43.3       .0     28.9
       .0     86.6       .0     57.7 100775.0 102909.0
      -8.3      52.1       6.7      65.3
      -1.0      23.4        .6      21.8
       -.4      17.8        .1      10.1
       -.2      17.0        .1       8.3
 55181   .232349  -.958440  -.165549
 158459.4  13538.5       .0     43.3       .0     28.9
       .0     86.6       .0     57.7 100662.1 103783.4
      -8.2      49.8       6.3      65.0
      -1.5      23.9        .7      21.1
       -.7      18.0        .3       9.0
       -.6      16.7        .1       7.3
 55182   .204604  -.964562  -.166606
 157408.5  13379.0       .0     43.3       .0     28.9
       .0     86.6       .0     57.7  97515.9 100630.7
      -9.5      47.3       8.4      78.1
      -1.0      23.7        .3      22.5
       -.4      18.0        .1       9.4
       -.3      16.7        .0       7.3
 55183   .176357  -.969963  -.167539
 156908.1  13287.7       .0     43.3       .0     28.9
       .0     86.6       .0     57.7  98042.2 101667.9
      -9.7      53.7       5.3      75.3
      -1.1      24.2        .2      24.5
       -.5      18.1        .1       8.3
       -.4      17.1        .1       6.1
 55184   .147667  -.974605  -.168341
 155971.2  13185.7       .0     43.3       .0     28.9
       .0     86.6       .0     57.7  97959.4 100617.9
      -9.3      54.2       3.0      77.6
      -1.4      23.5        .3      24.7
       -.7      17.9        .1       8.4
       -.7      16.8        .2       6.3
 55185   .118600  -.978453  -.169006
 155015.9  13269.0       .0     43.3       .0     28.9
       .0     86.6      -.2      2.6  96372.5  99862.3
     -10.2      50.7       2.1      88.2
      -1.6      24.0        .1      24.3
       -.8      18.0        .1       7.6
       -.6      16.5        .1       4.9
 55186   .089225  -.981478  -.169528
 154648.0  13157.9       .0     43.3       .0     28.9
       .0     86.6      -.6     15.7  97463.8  99739.2
     -10.1      49.0      -1.6      93.3
      -1.1      23.2        .2      27.5
       -.3      18.1        .1       7.6
       -.6      17.1        .0       4.8
 55187   .059616  -.983656  -.169904
 154369.2  13140.0       .0     43.3      -.5      1.2
       .0     86.6      -.5     29.1  95530.8  98608.4
     -11.0      48.7       3.1      95.4
      -1.7      23.4        .4      30.3
       -.7      17.9        .1       7.1
      -1.0      16.7        .1       4.2
 55188   .044746  -.984421  -.170036
 154050.3  13140.8       .0     43.3     -1.1      7.3
       .0     86.6     -1.0     35.8  96913.5  98912.9
     -10.4      48.5       2.1     103.0
      -1.6      23.2        .3      33.7
       -.6      17.8        .0       8.7
       -.2      16.8        .0       3.0
 55189   .029848  -.984969  -.170131
 154376.9  13126.8       .0     43.3     -1.3     15.1
       .0     86.6     -1.2     42.3  96700.2  98520.9
     -10.1      53.2       3.5      99.1
      -1.3      22.8        .8      40.6
       -.6      17.8        .0       9.8
       -.7      16.5        .1       3.6
 55190   .014929  -.985299  -.170188
 154284.9  13070.9       .0     43.3     -1.7     20.5
       .0     86.6     -1.6     48.8  95844.2  99079.9
      -7.5      49.5      -1.3     113.8
      -1.3      23.5      -1.1      54.4
       -.3      18.0       -.4      14.0
       -.6      16.5       -.3       6.1
 55191   .000000  -.985408  -.170207
 154074.1  13126.4       .0     43.3      -.1     24.9
       .0     86.6      -.1     53.2  96713.3  99012.0
      -9.9      48.5        .1     118.9
      -1.1      23.6      -1.7      67.0
       -.5      17.6       -.7      25.7
       -.6      16.5        .1      10.5
 55192  -.014929  -.985299  -.170188
 154359.3  13165.4       .0     43.3      1.5     20.5
       .0     86.6      1.4     48.9  95787.5  98416.3
     -12.8      52.6       6.7     107.4
      -1.6      23.0        .2      54.6
      -1.0      17.9       -.1      14.4
       -.9      16.8       -.1       7.3
 55193  -.029848  -.984969  -.170131
 154050.5  13109.1       .0     43.3      1.2     14.1
       .0     86.6      1.2     42.4  95736.8  98257.8
      -9.7      52.6       3.9     106.6
      -1.3      23.3      -1.5      44.5
       -.3      17.9       -.3       9.3
       -.4      16.6       -.1       3.0
 55194  -.044746  -.984421  -.170036
 154390.3  13159.0       .0     43.3      1.0      7.3
       .0     86.6       .9     35.9  97085.1  99620.1
     -11.4      52.8      -3.6     105.1
      -1.4      23.1       -.3      34.4
       -.8      17.9       -.2       7.0
       -.3      16.4        .0       3.0
 55195  -.059616  -.983656  -.169904
 154593.3  13158.6       .0     43.3       .5      1.3
       .0     86.6       .7     29.1  95275.5  98740.1
     -13.3      51.4      -7.7      96.5
      -1.7      23.6       -.4      30.4
       -.6      17.9       -.2       6.3
       -.7      17.0       -.2       4.1
 55196  -.089225  -.981478  -.169528
 154984.3  13251.8       .0     43.3       .0     28.9
       .0     86.6       .4     15.6  97168.8  99829.5
      -9.0      46.7        .5      86.2
      -1.4      22.6       -.2      27.9
       -.5      18.0       -.1       7.6
       -.3      16.4       -.2       4.9
 55197  -.118600  -.978453  -.169006
 155396.9  13312.5       .0     43.3       .0     28.9
       .0     86.6       .3      2.5  97277.3  99975.6
     -10.1      49.3      -4.7      83.8
      -1.0      23.4       -.3      25.0
       -.4      17.9       -.2       7.0
       -.8      16.6       -.2       5.1
 55198  -.147667  -.974605  -.168341
 155928.6  13203.8       .0     43.3       .0     28.9
       .0     86.6       .0     57.7  97416.8 100106.3
     -13.4      53.8      -7.4      82.7
      -1.7      24.0       -.6      25.4
       -.4      17.9       -.2       8.1
       -.6      17.0       -.2       6.0
 55199  -.176357  -.969963  -.167539
 156743.7  13253.0       .0     43.3       .0     28.9
       .0     86.6       .0     57.7  97093.6 100025.6
      -9.1      49.5      -5.1      76.9
      -1.1      23.3       -.7      21.9
       -.6      17.8       -.3       7.9
       -.6      16.5       -.3       6.1
 55200  -.204604  -.964562  -.166606
 157468.1  13444.7       .0     43.3       .0     28.9
       .0     86.6       .0     57.7  97569.6 100234.1
     -10.4      49.5      -4.4      70.6
      -1.6      24.7       -.7      25.1
       -.6      17.6       -.2       9.0
       -.3      17.1       -.2       7.2
 55201  -.232349  -.958440  -.165549
 158842.9  13571.2       .0     43.3       .0     28.9
       .0     86.6       .0     57.7  99455.7 102258.4
      -8.6      50.4      -5.3      70.8
      -1.5      24.0      -1.0      22.5
       -.6      18.0       -.3       9.3
       -.3      16.6       -.2       7.3
 55202  -.259539  -.951641  -.164374
 159763.9  13532.0       .0     43.3       .0     28.9
       .0     86.6       .0     57.7 100589.7 103304.9
     -10.5      51.6      -6.6      58.3
      -1.3      23.3       -.8      21.0
       -.3      18.1       -.2      10.2
       -.7      16.9       -.2       8.4
 55203  -.286124  -.944211  -.163091
 160853.7  13658.5       .0     43.3       .0     28.9
       .0     86.6       .0     57.7 100033.7 103803.7
      -9.9      51.4      -4.0      55.8
      -1.2      23.9      -1.0      20.2
       -.6      18.0       -.3      10.1
       -.6      16.7       -.4       8.3
 55204  -.312066  -.936198  -.161707
 162454.9  13801.2       .0     43.3       .0     28.9
       .0     86.6       .0     57.7 101388.0 103856.5
      -7.9      49.6      -4.5      53.5
      -1.3      23.2       -.9      21.1
        .0      17.7        .0      10.8
       -.2      16.9       -.2       9.1
 55205  -.337328  -.927651  -.160231
 163963.0  13941.7       .0     43.3       .0     28.9
       .0     86.6       .0     57.7 103289.4 105774.6
      -7.9      54.6      -7.6      52.3
      -1.2      23.3      -1.0      20.6
       -.3      17.8       -.2      10.7
       -.8      16.8       -.4       9.3
