Dot1_150x100_prd2017clk:@-125V,3.8T@90d,253K,rhe=1.10,rhh=0.7,0.00/0.00         
   701   1  3.80  60   5  29   0  125.00  253.00     .00  .89600   900.0    -.15  138.19  150.000  100.000  285.000   900.0    -.08   69.09    1.50    1.00     .85
 55901   .000000   .000000 -1.000000
  26590.3  15139.5       .0     40.0     69.1     28.9
       .0     83.0     69.1     22.7  12569.4  12994.0
       4.9      67.5       3.7      40.3
       -.1       9.0       2.7      15.8
        .1       5.0       2.7      10.8
        .1       5.0       2.7       9.1
 55902   .000000  -.130455  -.991454
  26669.7  15169.6       .3     33.9     69.1     28.9
       .2     77.0     68.9     22.5  12811.5  13444.9
      -2.1      58.4       3.6      38.1
       -.3       6.8       2.2      15.5
       -.3       5.0       2.6      10.6
       -.3       5.0       2.6       9.1
 55903   .000000  -.254493  -.967075
  27325.9  15594.6      -.2     25.3     69.1     28.9
      -.2     68.4     69.1     22.3  13036.1  13507.2
      -4.0      50.4       1.4      39.3
       -.2       8.2       2.3      15.7
       -.2       5.3       2.6      10.2
       -.3       5.0       2.7       9.1
 55904   .000000  -.367167  -.930155
  28446.7  16257.4      -.1     16.8     69.1     28.9
      -.1     59.6     69.1     22.3  13722.9  14229.8
      -6.0      45.6       2.2      39.7
       -.3      12.5       2.2      15.7
       -.3       8.2       2.4      10.5
       -.2       6.9       2.7       9.0
 55905   .000000  -.465746  -.884918
  29842.6  16914.9       .1      8.6     69.1     28.9
      -.2     50.1     69.1     21.9  14513.2  15179.0
      -5.0      48.1       2.9      42.6
       -.2      16.2       2.3      15.1
       -.1      10.7       2.7      10.2
       -.2       9.0       2.7       8.9
 55906   .000000  -.549617  -.835417
  31561.2  17725.0      -.1      7.4     69.1     28.9
      -.1     41.0     69.1     21.5  15579.0  16305.0
      -5.2      52.8       2.5      42.0
       -.6      21.2       2.3      14.9
       -.2      14.0       2.5      10.0
       -.1      11.4       2.7       8.8
 55907   .000000  -.619644  -.784883
  33492.8  17297.5      -.1     43.3     69.1     28.9
       .0     31.4     68.9     21.0  16873.2  17464.2
      -7.7      55.0       1.7      40.5
       -.6      26.4       2.2      14.9
       -.2      17.5       2.5      10.0
       -.1      14.6       2.7       8.6
 55908   .000000  -.677476  -.735545
  35917.9  16684.0      -.1     43.3     69.1     28.9
      -.1     22.3     69.0     20.8  18516.0  18949.2
      -8.3      58.7       2.4      45.4
      -1.0      27.8       2.1      15.2
       -.8      18.6       2.5       9.7
       -.3      15.1       2.6       8.3
 55909   .000000  -.724999  -.688749
  38266.4  16187.3      -.1     43.3     69.1     28.9
      -.3     13.5     69.0     20.4  20152.7  20588.8
      -8.2      56.6        .5      44.4
       -.4      25.4       2.2      14.9
       -.4      17.3       2.6       9.5
       -.4      14.8       2.6       7.9
 55910   .000000  -.764030  -.645181
  40821.7  15457.7      -.1     43.3     69.1     28.9
      -.1      9.0     69.1     20.1  20864.0  21850.4
      -7.7      51.0       2.6      45.0
       -.6      22.5       2.2      14.6
       -.4      16.8       2.4       9.3
       -.3      15.7       2.6       7.8
 55911   .000000  -.796162  -.605083
  43603.2  15069.9      -.1     43.3     69.1     28.9
      -.1     86.6     69.0     19.8  22914.6  23919.9
      -7.8      54.3       2.7      46.7
       -.6      23.1       2.3      14.9
       -.1      17.7       2.4       9.1
       -.7      16.8       2.4       7.5
 55912   .000000  -.822730  -.568432
  46420.5  14627.5      -.1     43.3     69.1     28.9
      -.1     86.6     68.9     19.5  24525.7  25367.7
     -10.5      53.4       2.9      51.3
       -.2      22.8       2.4      14.6
       -.5      16.9       2.4       8.9
       -.8      15.8       2.4       7.4
 55913   .000000  -.844819  -.535052
  49172.8  14401.6      -.1     43.3     69.1     28.9
      -.1     86.6     69.1     19.1  26825.6  27495.4
      -9.0      51.2       2.2      48.8
       -.2      21.2       2.4      15.2
       -.4      15.6       2.4       8.7
       -.4      14.0       2.5       7.3
 55914   .000000  -.863297  -.504697
  52235.4  14072.4      -.1     43.3     69.1     28.9
      -.1     86.6     69.4     18.8  28508.5  29142.9
      -9.6      51.2       2.8      49.0
       -.3      22.1       2.4      14.7
       -.4      17.5       2.5       8.7
       -.6      15.7       2.4       7.0
 55915   .000000  -.878853  -.477092
  55215.3  13912.2      -.1     43.3     69.1     28.9
      -.1     86.6     69.2     18.7  30556.8  31653.9
     -10.6      53.2       3.3      53.3
       -.3      23.7       2.2      15.1
       -.2      18.8       2.6       8.6
       -.8      17.9       2.3       6.9
 55916   .000000  -.892036  -.451965
  58217.9  13905.0      -.1     43.3     69.1     28.9
      -.1     86.6     69.5     18.5  31706.8  33122.5
     -10.4      53.7       2.4      53.6
       -.8      23.3       2.3      15.3
       -.4      17.8       2.5       8.4
       -.2      16.6       2.5       6.7
 55917   .000000  -.903278  -.429057
  61440.9  13651.6      -.1     43.3     69.1     28.9
      -.1     86.6     69.5     18.2  34330.4  35351.0
     -10.1      53.9       1.0      59.7
      -1.0      21.7       2.3      15.3
       -.5      16.4       2.4       8.3
       -.7      14.8       2.4       6.7
 55918   .000000  -.912924  -.408131
  64718.7  13546.4      -.1     43.3     69.1     28.9
      -.1     86.6     69.4     18.1  36669.7  37951.8
     -11.3      53.1       3.0      61.8
       -.9      22.2       2.4      15.6
       -.6      17.8       2.6       8.2
       -.7      16.4       2.4       6.6
 55919   .000000  -.921250  -.388972
  67943.6  13371.6      -.1     43.3     69.1     28.9
      -.1     86.6     69.4     18.0  38645.1  39806.3
     -10.3      49.0       1.9      64.5
       -.4      24.0       2.3      16.0
       -.7      19.0       2.4       8.1
       -.4      18.4       2.4       6.4
 55920   .000000  -.928477  -.371391
  71098.0  13361.4      -.1     43.3     69.1     28.9
      -.1     86.6     69.5     17.8  40872.6  41663.1
     -11.9      52.3       4.3      59.2
       -.8      23.3       2.3      16.6
       -.4      18.1       2.4       7.8
       -.3      17.0       2.5       6.3
 55921   .000000  -.934784  -.355218
  74046.3  13252.0      -.1     43.3     69.1     28.9
      -.1     86.6     69.7     17.6  42812.8  44087.1
      -9.2      49.7       4.3      62.8
       -.8      22.1       2.4      17.3
       -.7      17.1       2.4       8.0
       -.7      15.2       2.3       6.2
 55922   .000000  -.940315  -.340305
  77373.6  13335.9      -.1     43.3     69.1     28.9
      -.1     86.6     69.6     17.5  44324.6  46139.6
     -10.4      50.7       6.2      71.5
       -.8      22.4       2.1      17.7
       -.6      18.1       2.4       7.7
       -.7      16.6       2.4       6.1
 55923   .000000  -.945190  -.326520
  80775.9  13237.4      -.1     43.3     69.1     28.9
      -.1     86.6     69.5     17.6  46977.8  48302.4
     -13.5      53.4       1.8      65.7
       -.7      24.0       1.8      17.7
       -.3      19.8       2.4       7.9
       -.1      18.8       2.5       6.0
 55924   .000000  -.949506  -.313750
  83907.0  13138.1      -.1     43.3     69.1     28.9
      -.1     86.6     69.7     17.5  49179.9  50169.2
     -10.2      50.5       2.8      68.3
      -1.0      23.6       2.4      17.7
       -.4      18.7       2.5       7.7
       -.9      17.2       2.3       6.0
 55925   .000000  -.953342  -.301892
  87348.9  13167.7      -.1     43.3     69.1     28.9
      -.1     86.6     69.9     17.3  50481.8  52995.0
     -10.4      51.8       5.1      70.7
      -1.0      22.4       2.2      19.0
       -.5      17.1       2.3       7.8
      -1.1      15.5       2.4       5.9
 55926   .000000  -.956767  -.290857
  90815.3  13225.5      -.1     43.3     69.1     28.9
      -.1     86.6     69.7     17.2  53879.7  55051.5
     -12.3      52.9       4.3      72.4
       -.9      22.9       2.1      19.6
       -.7      18.2       2.4       7.9
       -.5      16.8       2.4       6.0
 55927   .000000  -.959834  -.280567
  93909.3  13094.9      -.1     43.3     69.1     28.9
      -.1     86.6     70.1     17.1  55820.3  57408.1
      -9.1      49.5       1.9      69.1
      -1.5      24.7       2.2      19.4
       -.4      20.0       2.5       7.7
       -.5      18.6       2.5       5.8
 55928   .000000  -.962593  -.270952
  97404.7  13073.0      -.1     43.3     69.1     28.9
      -.1     86.6     69.9     17.2  57768.7  59865.8
      -8.8      51.4       6.3      76.5
      -1.2      23.6       2.0      19.7
       -.6      18.7       2.4       7.4
       -.5      17.5       2.5       5.8
 55929   .000000  -.965081  -.261951
 100665.7  13250.8      -.1     43.3     69.1     28.9
      -.1     86.6     70.1     17.0  61020.6  62271.7
     -12.3      54.6       3.3      78.1
       -.8      22.2       1.9      20.5
       -.8      17.3       2.4       7.5
       -.6      15.6       2.4       5.6
 55930   .000000  -.967333  -.253508
 103996.9  13122.8      -.1     43.3     69.1     28.9
      -.1     86.6     70.1     16.9  62180.7  64026.6
      -9.3      48.4       7.2      80.7
      -1.4      22.8       2.2      20.1
       -.4      18.3       2.5       7.7
       -.7      17.1       2.4       5.7
 55931   .000000  -.969377  -.245576
 107246.8  13087.5      -.1     43.3     69.1     28.9
      -.1     86.6     70.2     16.7  64689.6  66492.8
     -10.2      48.9       3.9      78.4
      -1.0      24.1       2.1      22.5
       -.5      19.7       2.5       7.7
       -.2      19.1       2.4       5.6
 55932   .000000  -.971238  -.238110
 111027.8  13106.5      -.1     43.3     69.1     28.9
      -.1     86.6     70.3     16.7  66684.8  68428.6
     -10.4      51.9       3.5      85.2
      -1.5      23.6       2.1      21.3
       -.2      19.0       2.6       7.9
       -.9      17.5       2.5       5.6
 55933   .000000  -.972937  -.231072
 113883.2  13079.5      -.1     43.3     69.1     28.9
      -.1     86.6     70.2     16.6  68717.8  70716.0
     -10.8      53.1       2.4      78.3
      -1.2      23.0       2.3      23.7
       -.5      17.1       2.4       7.6
       -.8      16.3       2.5       5.8
 55934   .000000  -.974491  -.224428
 117630.8  13109.8      -.1     43.3     69.1     28.9
      -.1     86.6     70.0     16.7  71747.1  73303.6
     -12.9      53.3       2.7      85.2
      -1.4      23.9       2.5      25.2
       -.7      18.4       2.4       8.0
       -.7      17.1       2.3       5.5
 55935   .000000  -.975916  -.218146
 121022.7  13101.4      -.1     43.3     69.1     28.9
      -.1     86.6     70.1     16.5  73729.2  75624.8
     -11.9      52.7       -.1      84.8
      -1.1      24.7       2.3      25.9
       -.7      20.1       2.4       8.1
       -.9      19.2       2.3       5.7
 55936   .000000  -.977227  -.212198
 123994.2  13031.2      -.1     43.3     69.1     28.9
      -.1     86.6     70.4     16.5  76651.8  78376.7
     -10.7      51.2       2.6      83.1
      -1.4      24.9       2.6      23.5
       -.7      18.9       2.6       8.3
       -.4      17.9       2.5       5.4
 55937   .000000  -.978434  -.206558
 127474.7  13060.4      -.1     43.3     69.1     28.9
      -.1     86.6     70.6     16.4  78576.6  80403.7
     -10.3      50.3        .5      87.4
      -1.0      22.6       2.1      24.0
       -.5      17.3       2.4       7.6
       -.5      16.1       2.4       5.4
 55938   .000000  -.979549  -.201205
 131114.7  13018.1      -.1     43.3     69.1     28.9
      -.1     86.6     70.4     16.4  80619.0  82982.8
     -12.2      52.5       3.2      92.4
       -.9      23.7       2.5      25.5
       -.6      18.4       2.4       8.2
       -.7      17.2       2.5       5.4
 55939   .000000  -.980581  -.196116
 134618.6  13152.6      -.1     43.3     69.1     28.9
      -.1     86.6     70.3     16.4  81817.2  84339.6
     -11.7      53.0       5.9      91.5
      -1.2      24.4       2.3      27.3
       -.7      20.1       2.5       9.2
       -.6      19.3       2.4       5.6
 55940   .000000  -.981537  -.191274
 137899.2  13090.3      -.1     43.3     69.1     28.9
      -.1     86.6     70.2     16.3  85656.9  87671.0
      -7.3      49.6       7.9      94.1
      -1.5      24.2       2.4      28.9
       -.8      19.0       2.4       8.5
       -.8      18.0       2.4       5.3
 55941   .000000  -.982424  -.186661
 141115.9  13128.5      -.1     43.3     69.1     28.9
      -.1     86.6     70.4     16.3  88335.7  89843.4
     -12.3      52.6       5.0      90.8
      -1.4      23.3       2.3      27.7
       -.8      17.4       2.4       9.1
       -.6      16.2       2.5       5.4
 55942   .000000  -.983250  -.182261
 144601.1  13127.9      -.1     43.3     69.1     28.9
      -.1     86.6     70.7     16.2  89866.2  91558.4
     -12.2      50.8       -.1      89.3
      -1.5      23.5       2.1      27.1
       -.7      18.5       2.4       8.5
       -.8      17.4       2.4       5.4
 55943   .000000  -.984020  -.178061
 148295.8  13074.6      -.1     43.3     69.1     28.9
      -.1     86.6     70.8     16.2  93117.8  95389.1
      -8.8      47.1      -2.9      93.5
      -1.5      25.1       2.1      29.6
       -.6      20.1       2.3       8.7
       -.8      19.0       2.5       5.8
 55944   .000000  -.984737  -.174047
 151593.4  13038.8      -.1     43.3     69.1     28.9
      -.1     86.6     70.5     16.2  94614.3  97020.1
     -11.1      52.0      13.3      90.1
      -1.4      24.2       2.6      30.0
       -.4      19.4       2.4       8.6
       -.8      18.0       2.5       5.6
 55945   .000000  -.985408  -.170207
 154911.4  13075.1      -.1     43.3     69.1     28.9
      -.1     86.6     70.4     16.1  96540.2  98629.9
     -10.4      51.4       4.3      87.2
      -1.5      23.7       2.8      30.7
       -.7      17.5       2.5       9.1
       -.9      15.8       2.4       5.3
 55946   .000000  -.986036  -.166531
 158565.6  13127.9      -.1     43.3     69.1     28.9
      -.1     86.6     70.7     16.1  98798.2 101468.4
      -9.8      51.1       1.3     100.9
      -1.1      24.5       2.0      32.3
       -.6      18.4       2.5       9.0
       -.6      17.6       2.5       6.0
 55947   .000000  -.986625  -.163008
 162311.4  13188.5      -.1     43.3     69.1     28.9
      -.1     86.6     70.5     16.1 100849.3 103473.6
     -12.5      53.1      11.0     103.2
      -1.2      26.3       2.6      31.3
       -.6      20.3       2.4       8.6
       -.9      19.1       2.5       5.7
 55948   .000000  -.987696  -.156385
 168897.7  13212.3      -.1     43.3     69.1     28.9
      -.1     86.6     70.7     15.9 107019.6 109920.4
     -14.0      55.7       7.9     101.4
      -1.6      23.3       2.7      33.2
       -.6      17.6       2.5       9.1
       -.9      16.2       2.5       5.2
 55949   .000000  -.988644  -.150274
 175700.4  13115.0      -.1     43.3     69.1     28.9
      -.1     86.6     71.0     15.9 110894.3 113886.8
     -11.3      54.2       6.4     101.7
      -1.5      25.3       2.7      33.8
       -.1      20.3       2.7       9.3
       -.9      19.7       2.4       5.3
 55950   .000000  -.989488  -.144617
 182764.0  13166.1      -.1     43.3     69.1     28.9
      -.1     86.6     71.0     15.8 115309.3 118702.2
     -12.4      51.2       5.1     103.3
      -1.9      23.4       2.6      33.1
       -.9      17.5       2.5      10.6
       -.9      16.2       2.4       5.7
 55951   .000000  -.990241  -.139367
 189205.5  13392.5      -.1     43.3     69.1     28.9
      -.1     86.6     71.0     15.9 119531.9 122978.9
     -12.2      55.2       5.1     105.4
      -1.4      25.1       2.3      36.2
       -.6      20.2       2.6      10.3
       -.9      19.3       2.4       5.7
 55952   .000000  -.990916  -.134481
 195939.8  13195.9      -.1     43.3     69.1     28.9
      -.1     86.6     71.1     15.7 124593.4 128189.3
     -12.5      55.3       1.8     106.0
      -1.2      23.3       2.3      34.8
       -.6      17.7       2.5      11.1
       -.2      16.3       2.6       5.6
 55953   .000000  -.991524  -.129924
 203007.3  13156.5      -.1     43.3     69.1     28.9
      -.1     86.6     70.8     15.7 130086.8 133368.0
     -11.3      51.4       4.6     107.3
      -1.7      24.7       2.9      37.2
       -.8      20.2       2.4      11.3
       -.7      19.2       2.7       5.8
 55954   .000000  -.992073  -.125663
 209778.1  13189.4      -.1     43.3     69.1     28.9
      -.1     86.6     70.9     15.6 133467.4 137243.4
     -10.8      53.2       9.5     109.1
      -1.8      23.6       2.8      37.0
       -.4      17.3       2.4      11.2
       -.5      16.5       2.6       6.4
 55955   .000000  -.992571  -.121670
 216706.2  13277.8      -.1     43.3     69.1     28.9
      -.1     86.6     71.0     15.5 139218.0 142938.3
      -5.0      47.1      11.9     107.1
      -1.7      25.2       2.9      38.6
       -.6      20.2       2.4       9.7
       -.4      19.8       2.5       6.3
 55956   .000000  -.993023  -.117921
 223837.5  13317.6      -.1     43.3     69.1     28.9
      -.1     86.6     71.0     15.5 145711.3 148706.5
      -6.1      43.5       6.7     105.0
      -2.0      24.1       2.7      41.8
       -.8      17.8       2.5      11.9
       -.7      16.1       2.4       5.8
 55957   .000000  -.993435  -.114396
 230843.7  13198.3      -.1     43.3     69.1     28.9
      -.1     86.6     71.3     15.5 149619.6 153348.1
      -9.2      40.7       5.6     114.7
      -1.6      25.1       2.1      41.6
       -.5      20.2       2.4      12.9
       -.5      19.6       2.5       6.5
 55958   .000000  -.993812  -.111073
 238011.8  13220.8      -.1     43.3     69.1     28.9
      -.1     86.6     71.0     15.6 154490.2 157080.1
     -11.5      48.8       6.5     110.6
      -1.7      23.6       2.9      42.0
       -.9      18.1       2.4      12.6
       -.9      16.7       2.4       6.5
 55959   .000000  -.994158  -.107937
 244754.0  13277.9      -.1     43.3     69.1     28.9
      -.1     86.6     71.5     15.5 157559.8 162076.5
      -8.4      41.9       -.1     111.4
      -1.7      24.9       3.1      42.4
       -.7      20.0       2.4      12.4
       -.7      19.5       2.5       6.8
 55960   .000000  -.994475  -.104972
 251382.8  13275.5      -.1     43.3     69.1     28.9
      -.1     86.6     71.3     15.4 163855.3 167817.7
      -7.4      35.9      13.0     116.1
      -1.7      22.7       2.3      43.5
       -.8      17.6       2.5      13.1
       -.6      16.2       2.5       7.9
 55961   .903278   .000000  -.429057
  61512.4  12591.3       .0     39.5     69.1     28.9
       .1     82.3     69.1     57.7  34263.0  35387.7
       2.2      84.5      10.0      44.2
       1.3      28.3       1.2      21.2
       -.2       6.3       1.2      14.3
        .3       5.0       1.5      12.3
 55962   .887877   .000000  -.460082
  57702.6  13188.3       .6     39.2     69.1     28.9
       .5     82.3     69.1     57.7  31850.7  32913.5
       1.2      84.9      12.5      47.9
        .8      25.9       1.6      21.5
        .1       5.1       1.5      14.9
        .3       5.0       1.6      12.8
 55963   .868777   .000000  -.495203
  53522.4  13827.0       .3     39.4     69.1     28.9
       .3     82.3     69.1     57.7  29386.6  30395.5
        .5      79.7      10.3      46.3
        .3      23.7       2.1      20.3
        .0       5.0       1.9      13.8
        .0       5.0       1.8      11.8
 55964   .844819   .000000  -.535052
  49613.8  14919.0      -.5     39.3     69.1     28.9
      -.5     82.3     69.1     57.7  26750.6  27808.2
        .3      77.5      10.8      47.5
       -.1      23.4       2.5      19.4
        .6       6.1       2.1      13.7
        .0       5.0       2.6      12.0
 55965   .814421   .000000  -.580275
  46031.4  16372.0      -.2     39.4     69.1     28.9
      -.2     82.4     69.1     57.7  24270.4  25385.8
        .5      77.6      11.9      50.5
        .7      20.0       2.7      19.4
       -.1       5.0       2.5      13.1
        .2       5.0       2.8      10.7
 55966   .775436   .000000  -.631426
  42512.2  18582.7       .0     39.3     69.1     28.9
      -.1     82.4     69.0      7.8  22198.7  23105.2
       1.3      74.0      10.2      51.1
      -1.0      16.2       3.1      17.2
        .1       5.0       3.1      11.7
        .3       5.0       3.4       9.9
 55967   .724999   .000000  -.688749
  38966.2  22197.9      -.1     39.7     69.1     28.9
      -.1     82.5     69.0     19.5  20257.0  20862.2
        .4      73.5      12.9      49.3
       -.1      14.2       4.0      16.4
       -.2       5.3       3.9      10.8
        .0       5.0       3.9       8.8
 55968   .659438   .000000  -.751759
  35728.5  26970.7       .0     39.2     69.1      4.5
       .0     82.4     68.9     32.1  18585.9  19180.6
       2.5      75.4      11.9      51.3
        .6      14.9       3.2      11.9
        .0       5.0       3.3       8.0
        .0       5.0       3.5       6.6
 55969   .574426   .000000  -.818557
  33001.5  27414.3      -.3     39.4     68.8     15.6
      -.3     82.5     68.8     44.3  16607.7  17383.7
      -2.6      69.3      10.2      57.1
        .2      16.5       3.4       7.6
       -.1       5.0       3.5       5.0
        .1       5.0       3.7       4.2
 55970   .465746   .000000  -.884918
  30765.6  25420.7       .0     39.5     71.8     24.1
       .0     82.5     71.8     52.7  15443.8  15986.7
       1.8      71.1      14.5      69.1
       -.3      11.2       2.3      11.4
       -.1       5.0       2.4       3.0
        .0       5.0       2.5       3.0
 55971   .331088   .000000  -.943600
  28772.6  23622.9      -.2     39.3     70.2     16.2
      -.2     82.6     70.2     44.8  13926.3  14433.7
       2.1      71.0       9.7      56.0
        .8      10.6       1.8       7.6
        .2       5.0       2.0       4.8
        .2       5.0       2.1       4.1
 55972   .254493   .000000  -.967075
  27859.4  22604.2       .2     39.7     69.7     10.9
       .2     82.9     69.6     39.5  13582.5  14119.9
       2.5      71.6       5.1      45.2
       -.1       8.1       2.0       8.1
        .1       5.0       2.0       5.7
        .1       5.0       2.4       5.1
 55973   .172799   .000000  -.984957
  27145.4  20799.5       .5     39.8     69.3      5.8
       .4     83.0     69.3     34.0  13068.7  13533.8
       -.3      69.9       1.5      36.7
        .5      11.1       1.8      10.3
        .1       5.0       2.3       7.2
       -.2       5.0       2.3       6.5
 55974   .087384   .000000  -.996175
  26806.2  17690.9       .2     40.1     69.7      4.0
       .3     83.1     69.2     28.2  12923.4  13365.3
        .5      72.9       2.5      40.2
       -.5       8.2       2.2      13.2
        .1       5.0       2.5       8.8
        .2       5.0       2.5       7.8
 55975   .000000   .000000 -1.000000
  26583.5  15089.7       .1     39.6     69.1     28.9
       .0     83.0     69.1     22.6  12974.3  13444.1
      -3.8      71.1       1.0      40.0
        .1       9.4       2.5      15.7
        .1       5.0       2.8      10.8
        .2       5.0       2.8       9.0
 55976  -.087384   .000000  -.996175
  26352.4  13090.6       .3     40.1     69.1     28.9
       .3     83.2     69.2     17.1  12845.5  13223.1
        .5      67.8       2.1      40.3
       -.7      11.2       2.0      17.6
        .0       5.0       2.5      12.0
        .0       5.0       2.7      10.6
 55977  -.172799   .000000  -.984957
  26645.1  11696.2      -.1     40.1     69.1     28.9
      -.1     83.3     68.9     12.0  12753.0  13376.3
       2.0      65.3        .9      39.0
        .2       9.8       1.9      18.7
        .0       5.0       2.1      13.3
        .2       5.0       2.5      11.8
 55978  -.254493   .000000  -.967075
  27074.0  10703.8       .3     40.1     69.1     28.9
       .3     83.4     69.2      8.1  12899.8  13448.8
      -1.3      68.2       1.0      40.8
        .2       7.7       1.5      18.8
        .2       5.0       1.8      13.4
        .2       5.0       2.0      12.6
 55979  -.331088   .000000  -.943600
  27744.0   9936.0       .3     40.2     69.1     28.9
       .4     83.4     68.8      7.8  13406.9  14013.2
        .9      71.4       -.8      39.6
        .1      11.6       1.7      19.3
        .0       5.0       1.8      13.9
        .0       5.0       1.8      12.6
 55980  -.465746   .000000  -.884918
  29540.7   8852.8       .3     40.5     69.1     28.9
       .3     83.7     69.1     57.7  14760.2  15282.4
       4.0      63.4      -1.6      41.7
        .3      11.8       1.2      22.1
        .2       5.0       1.6      16.0
        .1       5.0       1.6      14.4
 55981  -.574426   .000000  -.818557
  31727.2   8165.9      -.1     40.5     69.1     28.9
      -.1     83.6     69.1     57.7  15907.4  16662.6
       -.2      69.7      -1.1      40.0
       -.5      11.7        .4      21.4
       -.2       5.0        .7      15.8
        .1       5.0        .7      15.1
 55982  -.659438   .000000  -.751759
  34774.9   7928.6       .3     40.3     69.1     28.9
       .3     83.5     69.1     57.7  17762.1  18448.2
      -2.7      75.0      -4.9      44.4
        .6      13.3        .2      23.8
        .1       5.0        .9      17.7
        .1       5.0        .8      16.1
 55983  -.724999   .000000  -.688749
  37871.1   7633.1      -.2     40.1     69.1     28.9
      -.1     83.5     69.1     57.7  19589.0  20303.2
       6.9      72.4      -4.2      40.0
       1.7      16.8        .2      22.7
        .3       5.1        .2      17.4
       -.2       5.0        .3      16.4
 55984  -.775436   .000000  -.631426
  41395.5   7506.4      -.1     40.4     69.1     28.9
      -.1     83.5     69.1     57.7  21761.9  22612.2
      -3.6      79.0      -5.2      41.8
        .7      20.0        .0      24.1
        .3       5.0        .7      18.3
       -.1       5.0        .2      16.7
 55985  -.814421   .000000  -.580275
  45118.4   7470.9       .1     40.4     69.1     28.9
       .1     83.3     69.1     57.7  24113.4  25024.2
      -2.8      79.8      -4.9      39.4
       -.9      22.0        .1      23.1
        .3       5.0        .1      18.1
       -.2       5.0       -.1      16.9
 55986  -.844819   .000000  -.535052
  48763.2   7501.5       .2     40.1     69.1     28.9
       .1     83.2     69.1     57.7  27068.6  27766.4
      -4.9      78.8      -4.9      39.4
        .5      21.8       -.1      24.1
        .0       5.0       -.3      18.4
        .3       5.0       -.2      16.8
 55987  -.868777   .000000  -.495203
  52637.8   7410.9      -.3     40.3     69.1     28.9
      -.3     83.2     69.1     57.7  28549.9  29713.2
       1.5      79.5      -5.9      37.3
       -.4      22.5      -1.0      22.9
        .2       7.9       -.2      17.9
       -.1       5.0       -.2      16.9
 55988  -.887877   .000000  -.460082
  56735.2   7503.4       .0     40.1     69.1     28.9
       .0     83.0     69.1     57.7  31510.4  32558.9
       1.4      82.6      -5.9      39.7
        .5      27.1       -.7      24.0
        .4       8.6       -.4      19.0
        .0       5.0       -.6      17.1
 55989  -.903278   .000000  -.429057
  61052.1   7482.8      -.1     40.0     69.1     28.9
      -.1     82.9     69.1     57.7  34056.6  35090.2
        .2      78.5      -5.6      36.8
       -.6      29.2       -.9      23.3
       -.1       6.6       -.5      18.1
       -.1       5.0       -.9      17.0
 55990   .840060  -.367526  -.399028
  65986.5  13531.4      -.1     43.3     69.1     28.9
      -.2     17.0     69.1     57.7  37260.6  38134.7
      -6.4      62.0      11.5      47.7
       -.9      24.4       1.6      20.8
       -.3      15.9       1.0      14.4
       -.4      13.3       1.2      12.2
 55991   .817505  -.390173  -.423616
  62372.5  14317.1      -.1     43.3     69.1     28.9
       .2     17.5     69.1     57.7  35048.3  36216.1
      -6.3      61.2      11.6      49.5
       -.6      24.7       1.8      20.4
       -.5      16.3       1.6      14.5
       -.2      13.5       1.6      12.5
 55992   .790440  -.414981  -.450551
  58612.4  15294.4      -.1     43.3     69.1     28.9
      -.2     17.9     69.1     57.7  32441.4  33505.6
      -6.6      61.2      11.8      48.2
       -.7      24.8       2.4      20.4
       -.3      16.4       1.7      13.5
       -.2      13.5       1.7      11.4
 55993   .757796  -.442047  -.479937
  55040.4  16839.2      -.1     43.3     69.1     28.9
      -.2     18.2     69.1     57.7  30146.7  31247.4
      -5.3      59.2      12.3      48.1
       -.8      25.1       2.2      19.4
       -.4      16.6       2.0      13.1
       -.3      13.6       2.1      11.1
 55994   .718269  -.471364  -.511767
  52004.5  18309.9      -.1     43.3     69.1     28.9
       .1     18.7     69.1     57.7  28052.6  29171.3
      -9.0      62.1      13.2      54.1
       -.9      25.5       3.2      19.3
       -.3      16.9       2.6      12.5
       -.6      13.9       2.8      10.3
 55995   .670317  -.502738  -.545830
  48675.9  20748.3      -.1     43.3     69.1     28.9
      -.2     19.2     68.7      6.9  26272.4  27108.6
      -8.0      58.0      11.1      50.9
       -.9      26.1       2.6      17.0
       -.5      17.2       2.6      11.1
       -.4      13.9       2.9       9.3
 55996   .612205  -.535679  -.581595
  45793.0  21482.2      -.1     43.3     69.1     28.9
      -.3     19.8     68.7     18.6  24453.0  25256.6
      -7.6      61.1      12.3      51.7
       -.9      25.6       4.0      16.2
       -.3      17.2       3.6      10.1
       -.5      14.1       3.7       8.2
 55997   .542159  -.569267  -.618061
  43054.1  20979.7      -.1     43.3     68.8      4.0
      -.2     20.2     68.5     31.5  22579.9  23383.3
      -6.6      59.6       9.4      51.7
       -.9      26.3       3.4      12.2
       -.4      17.4       3.1       7.7
       -.5      14.3       3.3       6.5
 55998   .458673  -.602008  -.653609
  40860.6  19953.1      -.1     43.3     68.6     15.2
      -.5     20.8     68.5     43.8  21327.4  22034.8
      -5.9      60.0      12.4      62.6
       -.2      26.5       3.3      10.5
       -.3      17.8       3.4       4.8
       -.4      14.7       3.5       4.2
 55999   .361020  -.631785  -.685938
  38987.0  19022.8      -.1     43.3     71.7     24.3
      -.3     21.2     71.7     52.6  20441.6  20916.5
      -9.5      58.9      13.9      76.3
       -.8      27.0       1.4      15.6
        .0      17.7       2.4       3.0
       -.4      14.7       2.4       3.0
 56000   .249898  -.655981  -.712208
  37396.0  18163.2      -.1     43.3     70.3     15.8
      -.4     21.5     70.4     44.4  19195.1  19878.4
      -5.6      57.5       6.6      61.7
       -.3      27.2       2.1       9.7
       -.3      18.2       2.1       4.6
       -.2      14.9       2.1       4.2
 56001   .190037  -.665130  -.722141
  36619.6  17806.6      -.1     43.3     69.5     10.0
      -.5     21.8     69.6     38.4  18543.8  19408.3
      -7.2      57.7       4.0      53.1
       -.3      27.2       1.9       9.4
       -.3      18.0       2.1       5.5
       -.3      15.0       2.3       4.9
 56002   .127982  -.671905  -.729496
  36347.6  17634.6      -.1     43.3     69.2      4.6
      -.5     21.9     69.3     32.6  18469.4  19180.1
      -7.9      57.8       1.6      45.7
       -.8      27.4       2.0      10.4
       -.3      18.3       2.1       6.9
       -.2      14.9       2.3       6.0
 56003   .064388  -.676070  -.734019
  35987.1  17273.7      -.1     43.3     71.2      3.8
      -.2     22.2     69.4     26.7  18592.8  19035.5
      -6.3      58.0       3.1      46.3
       -.4      27.7       2.3      12.8
       -.1      18.5       2.7       8.3
       -.2      15.2       2.3       7.1
 56004   .000000  -.677476  -.735545
  35810.7  16783.3      -.1     43.3     69.1     28.9
      -.2     22.3     69.1     20.7  18020.4  18654.7
      -7.9      57.2       3.0      41.9
       -.4      27.8       2.2      14.8
        .0      18.3       2.7       9.5
       -.2      15.3       2.5       8.3
 56005  -.064388  -.676070  -.734019
  35980.4  16016.2      -.1     43.3     69.1     28.9
      -.4     22.4     68.8     15.0  18305.2  19002.5
      -7.0      58.0        .1      45.2
       -.2      27.7       2.3      16.5
       -.1      18.6       2.4      10.9
       -.3      15.4       2.3       9.3
 56006  -.127982  -.671905  -.729496
  35942.3  15276.5      -.1     43.3     69.1     28.9
       .2     22.3     68.8      9.6  18483.3  19186.4
      -8.1      61.3       -.1      45.5
       -.2      27.6       1.7      16.6
       -.3      18.2       1.7      11.5
       -.4      15.3       2.0      10.2
 56007  -.190037  -.665130  -.722141
  36165.6  14019.0      -.1     43.3     69.1     28.9
      -.2     22.2     69.5      6.8  18242.4  19032.6
      -6.0      58.0       -.4      38.1
        .0      27.9       1.6      16.5
        .0      18.2       1.7      11.6
       -.2      15.5       1.7      10.6
 56008  -.249898  -.655981  -.712208
  36766.9  12835.6      -.1     43.3     69.1     28.9
      -.3     22.3     70.0     10.3  18925.5  19480.7
      -8.6      59.8        .6      43.0
       -.5      27.6       1.4      17.7
       -.6      18.6       1.6      12.6
       -.4      15.2       1.8      11.0
 56009  -.361020  -.631785  -.685938
  38018.0  11421.0      -.1     43.3     69.1     28.9
       .0     21.9     69.1     57.7  19307.2  20008.1
      -5.7      58.7       -.9      43.6
       -.3      27.9       1.0      20.5
       -.4      18.2       1.1      14.3
        .0      15.4       1.6      13.0
 56010  -.458673  -.602008  -.653609
  39829.5  10394.7      -.1     43.3     69.1     28.9
      -.1     21.5     69.1     57.7  20289.4  21229.2
      -5.7      59.1      -2.5      38.7
       -.2      27.7        .8      19.9
       -.1      17.7        .9      14.1
       -.2      15.2       1.1      13.3
 56011  -.542159  -.569267  -.618061
  42189.6   9655.7      -.1     43.3     69.1     28.9
       .0     20.8     69.1     57.7  21770.1  22678.6
      -5.9      59.6      -4.6      42.1
       -.2      26.7        .8      22.0
       -.4      17.6        .5      16.1
       -.3      14.7        .9      14.9
 56012  -.612205  -.535679  -.581595
  44620.3   9129.3      -.1     43.3     69.1     28.9
       .3     20.2     69.1     57.7  23757.0  24488.4
      -6.4      59.5      -3.9      39.0
       -.1      26.6        .1      20.8
       -.3      17.3        .3      15.8
       -.3      14.3        .6      14.8
 56013  -.670317  -.502738  -.545830
  47589.4   8785.7      -.1     43.3     69.1     28.9
       .0     19.7     69.1     57.7  25302.2  26293.9
      -8.3      60.1      -4.9      40.5
       -.9      26.2        .0      22.7
       -.6      16.7        .0      17.1
        .0      14.2        .3      15.9
 56014  -.718269  -.471364  -.511767
  50705.6   8524.2      -.1     43.3     69.1     28.9
       .0     19.2     69.1     57.7  27970.3  28653.9
      -7.6      61.7      -4.6      40.1
       -.3      25.5        .0      21.3
       -.1      16.6       -.1      16.6
       -.7      14.0       -.3      15.9
 56015  -.757796  -.442047  -.479937
  54235.5   8303.3      -.1     43.3     69.1     28.9
       .0     18.7     69.1     57.7  29846.8  30802.8
      -6.1      59.0      -5.6      39.8
        .4      25.7        .3      22.8
       -.7      16.4       -.1      18.1
       -.1      13.9       -.1      16.6
 56016  -.790440  -.414981  -.450551
  57629.7   8200.8      -.1     43.3     69.1     28.9
      -.4     18.1     69.1     57.7  32273.3  33095.9
      -3.6      59.5      -4.7      39.0
       -.5      24.8       -.9      21.5
       -.4      16.1       -.2      17.5
       -.3      13.6       -.4      16.4
 56017  -.817505  -.390173  -.423616
  61460.8   8131.8      -.1     43.3     69.1     28.9
      -.2     17.7     69.1     57.7  34762.8  35665.3
      -6.3      59.9      -5.2      38.3
       -.9      25.0       -.6      23.6
       -.2      16.0       -.4      18.7
       -.4      13.4       -.4      16.7
 56018  -.840060  -.367526  -.399028
  65161.8   8152.5      -.1     43.3     69.1     28.9
      -.3     17.3     69.1     57.7  36690.8  38152.4
      -3.6      62.9      -5.8      36.1
       -.1      24.7       -.6      21.8
       -.2      15.8       -.7      17.9
       -.4      13.2       -.5      16.8
 56019   .708659  -.620076  -.336613
  78405.6  15596.0      -.1     43.3     69.1     28.9
      -.1     86.6     69.1     57.7  45241.0  46639.2
      -8.4      54.1      10.0      49.0
       -.5      22.7       1.2      20.5
       -.5      17.4       1.1      14.0
       -.5      16.0       1.2      11.5
 56020   .677337  -.646549  -.350984
  74889.6  16069.6      -.1     43.3     69.1     28.9
      -.1     86.6     69.1     57.7  43138.2  44426.2
      -6.9      56.3       9.8      47.9
       -.7      22.4       1.7      19.8
       -.5      17.5       1.3      13.3
       -.2      16.0       1.2      11.4
 56021   .641844  -.673936  -.365851
  72285.5  17047.2      -.1     43.3     69.1     28.9
      -.1     86.6     69.1     57.7  40492.0  42661.2
     -10.8      57.5      10.1      51.5
       -.8      23.1       2.2      19.8
       -.4      17.4       1.5      12.7
       -.1      16.2       1.5      10.7
 56022   .601687  -.701968  -.381068
  69305.0  17043.5      -.1     43.3     69.1     28.9
      -.1     86.6     69.1     57.7  39831.5  40906.8
     -11.8      59.4       9.8      56.0
       -.8      22.9       2.3      18.5
        .0      17.6       1.5      11.7
       -.3      16.1       1.8       9.9
 56023   .556388  -.730259  -.396426
  66560.9  16714.2      -.1     43.3     69.1     28.9
      -.1     86.6     69.1     57.7  38274.6  39042.0
      -7.9      52.9      12.5      58.4
       -.5      22.6       2.6      18.5
       -.5      17.9       2.2      11.4
       -.2      16.2       2.4       9.3
 56024   .505524  -.758286  -.411641
  64264.8  16146.4      -.1     43.3     69.1     28.9
      -.1     86.6     68.6      5.5  36022.1  37069.2
      -7.8      53.2      11.5      58.1
       -.6      22.8       2.9      17.5
       -.8      17.5       2.6      10.0
       -.8      16.5       2.7       8.2
 56025   .448787  -.785377  -.426348
  62348.1  15630.2      -.1     43.3     69.1     28.9
      -.1     86.6     68.5     17.1  34845.6  35792.1
      -9.8      57.5      12.1      62.5
       -.8      22.7       3.6      16.5
       -.6      18.0       3.5       9.3
       -.6      16.8       3.5       7.6
 56026   .386057  -.810720  -.440105
  60387.4  15180.8      -.1     43.3     68.6      2.9
      -.1     86.6     68.3     30.0  33677.0  34541.0
      -9.9      51.2       9.4      63.9
       -.7      23.1       3.1      15.2
       -.7      18.0       3.1       7.2
       -.3      17.0       3.1       5.9
 56027   .317480  -.833386  -.452409
  58706.2  14747.8      -.1     43.3     67.9     14.3
      -.1     86.6     68.0     42.8  32599.4  33602.3
      -8.3      51.3      10.1      74.7
       -.8      23.0       3.3      17.2
       -.7      18.1       3.3       4.7
       -.2      17.4       3.4       4.2
 56028   .243541  -.852392  -.462727
  57323.6  14449.9      -.1     43.3     71.3     23.7
      -.1     86.6     71.3     52.2  31472.6  32511.2
      -9.3      52.9      11.7      86.8
       -.5      23.2       2.3      27.9
       -.7      18.6       2.4       4.0
       -.9      17.4       2.4       3.0
 56029   .165103  -.866792  -.470544
  56259.4  14205.2      -.1     43.3     70.7     15.0
      -.1     86.6     70.7     43.7  31151.4  32220.2
     -11.7      52.5       6.8      71.7
       -.7      23.3       1.5      20.0
       -.5      18.4       2.0       5.0
       -.7      17.3       2.1       4.0
 56030   .124573  -.872008  -.473376
  55753.2  14012.3      -.1     43.3     70.0      9.0
      -.1     86.6     70.3     37.7  30865.0  31899.7
      -9.0      52.1       2.2      68.0
       -.8      22.9       2.1      13.4
       -.6      18.5       2.3       5.2
       -.4      17.7       2.2       4.6
 56031   .083409  -.875791  -.475429
  55435.5  14006.0      -.1     43.3     69.5      3.3
      -.1     86.6     69.9     31.3  30793.7  31887.2
     -10.0      52.1       7.9      60.3
       -.4      23.4       1.9      13.3
       -.5      18.5       2.1       6.3
       -.5      18.0       2.2       5.4
 56032   .041814  -.878085  -.476675
  55434.8  13990.7      -.1     43.3     69.1     28.9
      -.1     86.6     69.3     24.9  29905.5  30992.5
     -11.3      52.0       5.5      55.0
       -.7      23.6       2.4      14.4
       -.5      18.6       2.5       7.4
       -.4      17.6       2.4       6.1
 56033   .000000  -.878853  -.477092
  55368.1  13897.0      -.1     43.3     69.1     28.9
      -.1     86.6     69.3     18.7  30383.7  31131.4
      -8.8      52.2       3.6      54.4
       -.6      23.1       2.5      15.2
       -.3      18.7       2.5       8.4
       -.4      17.8       2.4       7.0
 56034  -.041814  -.878085  -.476675
  55244.0  13931.0      -.1     43.3     69.1     28.9
      -.1     86.6     69.0     12.4  30012.2  30976.0
      -9.6      50.2        .3      50.8
       -.3      23.1       2.0      15.5
       -.3      18.6       2.2       9.2
      -1.0      17.8       2.1       7.6
 56035  -.083409  -.875791  -.475429
  55415.8  13977.7      -.1     43.3     69.1     28.9
      -.1     86.6     68.9      6.6  30797.0  31640.3
      -9.6      52.1       1.4      50.3
       -.2      23.0       1.4      15.3
       -.1      19.0       1.7       9.5
       -.6      17.9       1.7       8.0
 56036  -.124573  -.872008  -.473376
  55311.1  13974.8      -.1     43.3     69.1     28.9
      -.1     86.6     69.0      5.4  30279.3  31572.5
      -7.7      52.3       2.3      48.7
       -.7      23.4       1.4      14.9
       -.4      18.8       1.4       9.5
       -.5      17.6       1.4       8.1
 56037  -.165103  -.866792  -.470544
  55840.7  14004.9      -.1     43.3     69.1     28.9
      -.1     86.6     69.1     57.7  30800.8  31864.9
      -9.3      48.9      -1.0      51.0
       -.5      23.3       1.2      16.8
       -.4      18.9       1.6      10.9
       -.2      17.8       1.8       9.0
 56038  -.243541  -.852392  -.462727
  56780.3  13747.4      -.1     43.3     69.1     28.9
      -.1     86.6     69.1     57.7  31931.2  32670.1
      -8.5      52.0      -1.9      46.2
       -.6      23.5        .8      17.3
       -.2      18.8       1.2      11.7
       -.5      17.9       1.1      10.2
 56039  -.317480  -.833386  -.452409
  57833.7  13477.3      -.1     43.3     69.1     28.9
      -.1     86.6     69.1     57.7  31540.5  32686.5
      -9.3      54.5      -3.2      43.0
       -.3      23.8        .8      17.9
       -.1      18.6        .8      12.3
       -.4      17.8        .9      10.6
 56040  -.386057  -.810720  -.440105
  59166.0  12642.9      -.1     43.3     69.1     28.9
      -.1     86.6     69.1     57.7  32977.6  33945.6
     -11.6      52.2      -2.5      42.9
       -.3      23.4        .4      18.9
       -.6      18.5        .4      13.5
       -.1      17.4        .6      12.0
 56041  -.448787  -.785377  -.426348
  61171.1  12271.7      -.1     43.3     69.1     28.9
      -.1     86.6     69.1     57.7  34586.4  35320.8
      -8.1      52.6      -3.2      42.5
       -.3      23.3        .0      18.3
       -.6      18.6        .2      13.7
        .0      17.4        .5      11.9
 56042  -.505524  -.758286  -.411641
  63570.0  11499.6      -.1     43.3     69.1     28.9
      -.1     86.6     69.1     57.7  35703.6  36758.6
     -11.9      57.5      -5.4      42.1
      -1.0      23.7       -.3      20.5
       -.2      18.4        .1      15.0
       -.3      17.0        .3      13.3
 56043  -.556388  -.730259  -.396426
  65944.7  11057.1      -.1     43.3     69.1     28.9
      -.1     86.6     69.1     57.7  37576.3  38631.8
     -10.4      54.4      -5.2      39.4
       -.6      23.5       -.1      19.2
        .3      18.3        .2      14.7
       -.1      16.7        .1      13.1
 56044  -.601687  -.701968  -.381068
  68357.6  10479.3      -.1     43.3     69.1     28.9
      -.1     86.6     69.1     57.7  38654.8  39876.3
      -7.5      54.8      -4.5      40.9
       -.5      23.7       -.3      21.3
       -.6      17.9       -.3      15.8
       -.3      16.8       -.1      14.5
 56045  -.641844  -.673936  -.365851
  71376.9  10227.0      -.1     43.3     69.1     28.9
      -.1     86.6     69.1     57.7  39910.3  41448.9
      -8.6      58.3      -5.3      38.5
       -.9      23.6      -1.0      20.3
       -.4      17.6       -.2      15.4
       -.4      16.5       -.2      14.0
 56046  -.677337  -.646549  -.350984
  74013.6   9852.9      -.1     43.3     69.1     28.9
      -.1     86.6     69.1     57.7  42369.8  43369.7
      -9.3      56.4      -6.5      40.7
       -.2      23.2       -.5      21.6
       -.4      17.6       -.4      16.8
       -.4      16.5       -.5      15.4
 56047  -.708659  -.620076  -.336613
  77267.6   9691.9      -.1     43.3     69.1     28.9
      -.1     86.6     69.1     57.7  44479.0  45998.7
      -6.6      54.0      -4.6      35.5
       -.5      22.9       -.6      20.1
       -.2      17.6       -.4      16.0
        .1      16.0       -.2      14.9
 56048   .482910  -.845093  -.229382
 115106.5  14963.0      -.1     43.3     69.1     28.9
      -.1     86.6     69.1     57.7  69069.8  71508.9
      -8.1      54.7       7.2      54.2
      -1.1      22.1       1.4      21.4
       -.5      16.6        .9      12.3
       -.2      14.6        .6       9.8
 56049   .451149  -.861285  -.233777
 112719.6  14684.3      -.1     43.3     69.1     28.9
      -.1     86.6     69.1     57.7  67799.5  69651.0
     -10.4      52.9      11.3      59.6
      -1.7      21.9       2.2      22.7
       -.5      16.3        .7      10.7
       -.4      15.1        .9       9.3
 56050   .417577  -.876913  -.238019
 110973.7  14512.9      -.1     43.3     69.1     28.9
      -.1     86.6     69.1     57.7  65567.9  68206.1
     -11.0      49.4       9.5      67.0
      -1.3      22.5       2.1      22.5
       -.4      16.6       1.3      11.0
       -.5      15.3       1.6       9.0
 56051   .382204  -.891810  -.242063
 108949.0  14206.1      -.1     43.3     69.1     28.9
      -.1     86.6     69.1     57.7  66298.6  67802.7
     -14.8      55.6      12.6      67.7
      -1.3      23.3       2.0      20.8
       -.2      16.6       1.1       9.6
       -.5      15.1       1.3       8.2
 56052   .345068  -.905804  -.245861
 107190.5  13919.2      -.1     43.3     69.1     28.9
      -.1     86.6     69.1     57.7  65078.5  66579.7
     -12.5      50.8      12.2      74.4
      -1.3      22.6       3.2      23.0
       -.6      16.7       2.1       9.9
       -.6      15.4       2.2       7.9
 56053   .306238  -.918714  -.249365
 105642.8  13748.4      -.1     43.3     69.1     28.9
      -.1     86.6     68.5      3.2  64183.8  65908.1
      -8.5      48.5      10.3      75.6
      -1.2      21.7       2.8      20.7
       -.3      16.8       2.0       8.4
       -.7      15.7       2.1       6.9
 56054   .265817  -.930361  -.252527
 104722.6  13711.6      -.1     43.3     69.1     28.9
      -.1     86.6     67.9     15.2  62101.6  64232.5
     -12.2      54.5       4.8      78.9
       -.7      22.4       3.3      23.1
       -.3      17.0       3.1       8.2
       -.6      15.5       3.2       6.4
 56055   .223945  -.940570  -.255298
 103545.9  13541.0      -.1     43.3     68.5      1.7
      -.1     86.6     68.1     28.4  61981.6  63651.0
     -10.4      51.2      12.5      88.4
      -1.3      23.0       2.8      23.1
       -.5      16.8       2.9       7.1
       -.8      15.7       3.0       5.5
 56056   .180796  -.949177  -.257634
 102493.5  13329.6      -.1     43.3     67.3     13.2
      -.1     86.6     67.5     41.6  61504.8  63058.0
     -16.0      56.3      12.2      99.1
      -1.0      22.1       2.9      30.7
       -.9      17.0       3.0       7.6
       -.7      15.6       3.1       4.3
 56057   .136577  -.956038  -.259496
 101974.3  13316.4      -.1     43.3     71.3     22.9
      -.1     86.6     71.3     51.4  60337.4  62764.9
     -11.6      51.5       9.0     107.1
       -.8      22.1       2.2      51.1
       -.4      17.3       2.1      14.4
       -.7      15.7       2.3       3.0
 56058   .091527  -.961030  -.260851
 101248.5  13201.3      -.1     43.3     71.4     14.4
      -.1     86.6     71.4     43.0  60627.4  62471.1
     -13.9      58.3       5.1      97.2
      -1.4      22.1       2.9      33.7
       -.5      17.3       2.2       8.0
       -.6      15.7       2.2       4.5
 56059   .068771  -.962796  -.261330
 101013.6  13112.6      -.1     43.3     70.8      8.1
      -.1     86.6     70.9     36.6  60143.5  62185.6
     -12.8      48.5       8.8      89.9
      -1.2      22.8       2.1      27.1
       -.6      17.5       2.2       6.9
       -.6      15.6       2.3       4.8
 56060   .045908  -.964064  -.261674
 100935.2  13106.2      -.1     43.3     70.2      2.0
      -.1     86.6     70.3     30.3  59835.1  61576.5
     -13.5      51.9       4.9      85.2
      -1.0      22.7       2.1      24.6
       -.8      17.1       2.1       7.1
      -1.0      15.5       2.2       5.1
 56061   .022972  -.964827  -.261882
 100675.1  13147.7      -.1     43.3     69.1     28.9
      -.1     86.6     70.2     23.6  60594.4  62212.6
     -10.7      53.9       3.7      76.3
      -1.3      22.5       2.8      22.7
       -.8      17.2       2.6       7.6
       -.5      15.7       2.5       5.4
 56062   .000000  -.965081  -.261951
 100730.6  13160.1      -.1     43.3     69.1     28.9
      -.1     86.6     69.8     16.8  59141.9  61151.1
      -9.0      50.0       4.5      74.7
       -.9      22.6       2.6      21.9
       -.5      17.1       2.4       7.5
       -.7      15.8       2.3       5.8
 56063  -.022972  -.964827  -.261882
 100596.5  13112.8      -.1     43.3     69.1     28.9
      -.1     86.6     69.9     10.3  59973.2  61444.8
     -10.1      54.5       4.0      74.4
       -.9      22.2       1.5      20.6
       -.7      17.4       1.9       8.2
       -.4      15.8       2.1       6.1
 56064  -.045908  -.964064  -.261674
 100532.7  13097.4      -.1     43.3     69.1     28.9
      -.1     86.6     69.4      4.0  60385.8  62054.1
     -12.7      51.3       3.7      78.9
       -.8      22.2       1.1      19.6
       -.6      17.5       1.4       7.8
       -.7      15.6       1.5       6.2
 56065  -.068771  -.962796  -.261330
 101028.9  13154.2      -.1     43.3     69.1     28.9
      -.1     86.6     69.1     57.7  59988.5  62209.0
     -12.6      53.3       3.4      71.4
      -1.2      22.4       1.5      19.9
       -.5      17.4       1.5       8.0
       -.5      16.0       1.5       6.5
 56066  -.091527  -.961030  -.260851
 101086.2  13270.1      -.1     43.3     69.1     28.9
      -.1     86.6     69.1     57.7  59887.5  61188.9
      -8.2      47.3       2.1      67.6
      -1.1      22.7       1.2      19.8
       -.5      17.2       1.6       9.3
       -.8      15.9       1.5       7.3
 56067  -.136577  -.956038  -.259496
 101157.7  13176.5      -.1     43.3     69.1     28.9
      -.1     86.6     69.1     57.7  60768.8  62091.6
     -10.0      55.5       1.4      62.3
       -.8      22.9        .7      17.6
       -.5      17.0        .8       9.0
       -.4      16.0       1.0       7.4
 56068  -.180796  -.949177  -.257634
 101914.7  13272.2      -.1     43.3     69.1     28.9
      -.1     86.6     69.1     57.7  60999.7  62916.6
      -7.0      48.7       -.2      59.1
      -1.2      22.3        .4      16.9
       -.3      17.3        .8       9.9
       -.5      15.8        .8       8.4
 56069  -.223945  -.940570  -.255298
 102973.9  13403.2      -.1     43.3     69.1     28.9
      -.1     86.6     69.1     57.7  61333.3  63331.7
     -11.3      56.6      -1.3      51.9
       -.6      23.0        .0      17.9
       -.2      17.2        .5      10.4
       -.5      15.7        .3       8.7
 56070  -.265817  -.930361  -.252527
 104046.9  13494.2      -.1     43.3     69.1     28.9
      -.1     86.6     69.1     57.7  62552.4  64359.2
      -9.4      49.9      -6.2      55.5
       -.8      22.7        .4      17.4
       -.5      16.9        .4      11.0
       -.5      15.8        .1       9.3
 56071  -.306238  -.918714  -.249365
 105276.0  13547.0      -.1     43.3     69.1     28.9
      -.1     86.6     69.1     57.7  63317.3  65013.2
     -11.4      51.4      -5.2      51.9
       -.9      22.8       -.2      18.3
       -.4      17.2        .1      11.5
       -.3      15.6        .1       9.8
 56072  -.345068  -.905804  -.245861
 106619.8  13619.3      -.1     43.3     69.1     28.9
      -.1     86.6     69.1     57.7  64155.3  65757.6
     -10.5      53.3      -4.9      47.8
       -.8      22.4       -.2      17.0
       -.4      16.8        .1      11.6
       -.4      15.8       -.1      10.3
 56073  -.382204  -.891810  -.242063
 108400.6  13571.8      -.1     43.3     69.1     28.9
      -.1     86.6     69.1     57.7  64997.5  66757.0
      -9.3      50.8      -4.3      43.3
       -.8      22.8       -.5      19.2
       -.4      16.8       -.1      12.5
       -.5      15.4       -.2      10.9
 56074  -.417577  -.876913  -.238019
 110016.4  13442.7      -.1     43.3     69.1     28.9
      -.1     86.6     69.1     57.7  65489.2  67344.5
     -13.6      55.9      -6.8      41.2
      -1.0      22.8       -.6      17.8
       -.3      16.7       -.2      12.4
       -.6      15.4       -.5      10.8
 56075  -.451149  -.861285  -.233777
 112059.1  13306.8      -.1     43.3     69.1     28.9
      -.1     86.6     69.1     57.7  67043.0  69224.7
      -9.8      53.4      -3.8      42.2
       -.5      22.5       -.4      18.6
       -.2      16.7       -.4      13.6
       -.3      15.5       -.3      12.0
 56076  -.482910  -.845093  -.229382
 113796.3  13009.0      -.1     43.3     69.1     28.9
      -.1     86.6     69.1     57.7  69244.8  71242.3
      -9.6      50.3      -4.7      36.3
      -1.1      21.7       -.7      17.8
       -.2      16.4       -.3      13.0
       -.2      15.1       -.3      11.4
 56077   .337328  -.927651  -.160231
 164393.0  14003.5      -.1     43.3     69.1     28.9
      -.1     86.6     69.1     57.7 103475.8 106233.1
      -9.4      49.0       7.1      64.8
      -1.6      22.7       1.6      23.9
       -.7      17.1        .9      11.4
       -.1      15.9        .7       8.8
 56078   .312066  -.936198  -.161707
 163067.8  13794.3      -.1     43.3     69.1     28.9
      -.1     86.6     69.1     57.7 101877.2 105203.0
     -10.6      51.2       9.0      71.4
      -1.6      22.1       2.1      24.5
       -.6      17.1        .9       9.8
       -.4      15.7        .5       7.8
 56079   .286124  -.944211  -.163091
 161694.5  13691.0      -.1     43.3     69.1     28.9
      -.1     86.6     69.1     57.7 101281.2 103853.4
     -10.6      50.4       5.6      78.2
      -1.5      23.0       2.6      26.1
       -.6      17.1       1.2      10.2
       -.6      16.0       1.4       7.9
 56080   .259539  -.951641  -.164374
 160350.5  13656.3      -.1     43.3     69.1     28.9
      -.1     86.6     69.1     57.7 100481.8 102874.0
      -9.3      48.6       8.2      82.3
      -1.6      23.6       2.3      26.7
       -.6      17.3       1.0       9.1
       -.4      16.1        .9       6.9
 56081   .232349  -.958440  -.165549
 159488.3  13589.1      -.1     43.3     69.1     28.9
      -.1     86.6     69.1     57.7 100149.3 102775.9
      -9.8      47.9      11.1      87.5
      -1.7      23.7       3.3      28.2
       -.5      17.4       2.0       9.9
       -.3      16.2       2.0       7.1
 56082   .204604  -.964562  -.166606
 158275.6  13423.4      -.1     43.3     69.1     28.9
      -.1     86.6     68.5      2.1  99150.5 101010.8
     -10.9      47.6      12.4      92.2
      -1.0      22.5       2.5      28.5
       -.6      17.3       1.9       8.8
       -.4      15.9       1.8       6.1
 56083   .176357  -.969963  -.167539
 157898.2  13392.0      -.1     43.3     69.1     28.9
      -.1     86.6     68.0     13.8  99758.7 101771.7
     -10.6      49.8      13.1      95.0
      -1.4      22.7       3.4      31.8
       -.7      17.6       2.9       9.2
       -.7      16.2       2.9       6.1
 56084   .147667  -.974605  -.168341
 157321.6  13280.2      -.1     43.3     69.1     28.9
      -.1     86.6     67.6     27.4  98988.3 101413.8
      -8.2      45.7       8.4     101.0
      -1.2      23.2       3.0      32.3
       -.5      17.3       2.9       8.6
       -.6      15.9       3.0       5.2
 56085   .118600  -.978453  -.169006
 156218.7  13166.1      -.1     43.3     67.3     12.3
      -.1     86.6     67.3     40.8  97655.6  99937.0
     -11.7      51.1      11.9     115.8
      -1.3      22.3       2.9      44.3
       -.7      17.7       2.7      11.2
       -.9      16.2       2.8       5.4
 56086   .089225  -.981478  -.169528
 155655.5  13258.9      -.1     43.3     71.0     22.7
      -.1     86.6     71.1     50.7  96888.0  99990.9
     -15.0      57.8       1.7     120.4
      -1.6      23.3       3.2      61.7
       -.7      17.5       2.5      20.8
       -.9      15.8       2.2       8.7
 56087   .059616  -.983656  -.169904
 155689.1  13184.3      -.1     43.3     71.5     14.0
      -.1     86.6     71.6     42.4  96986.4  99867.3
     -12.2      51.0       8.3     116.7
      -1.4      23.6       2.9      48.7
       -.5      17.5       2.3      14.4
       -.5      16.2       2.4       5.2
 56088   .044746  -.984421  -.170036
 155530.3  13136.2      -.1     43.3     71.1      7.6
      -.1     86.6     71.2     36.2  96977.8 100384.3
     -12.7      53.9      14.3     107.8
      -1.5      23.9       2.3      41.0
       -.7      17.6       2.4      11.0
       -.6      16.1       2.3       5.6
 56089   .029848  -.984969  -.170131
 155124.2  13105.7      -.1     43.3     69.7     25.4
      -.1     86.6     71.4     29.5  96763.8  99881.6
     -13.2      53.5       8.8     105.5
      -2.0      23.5       2.1      35.5
       -.7      17.5       2.3      10.1
       -.9      16.0       2.3       6.0
 56090   .014929  -.985299  -.170188
 155206.8  13137.6      -.1     43.3     69.1     28.9
      -.1     86.6     70.8     22.8  96508.9  99837.6
     -12.5      52.3      12.3     102.5
      -1.3      23.3       2.8      31.4
       -.5      17.5       2.7       8.7
       -.7      16.0       2.7       4.9
 56091   .000000  -.985408  -.170207
 155146.7  13211.1      -.1     43.3     69.1     28.9
      -.1     86.6     70.5     16.2  96584.8  99094.8
     -12.5      52.2       6.5      98.6
      -1.4      23.3       1.9      31.3
       -.7      17.4       2.5       9.8
       -.8      16.3       2.4       5.4
 56092  -.014929  -.985299  -.170188
 155218.8  13193.1      -.1     43.3     69.1     28.9
      -.1     86.6     70.3      9.4  96779.4  99782.3
      -9.7      50.5       2.8      91.8
      -1.6      23.2       1.8      28.9
       -.6      17.3       2.1       8.7
       -.6      16.2       2.1       6.2
 56093  -.029848  -.984969  -.170131
 155379.8  13207.3      -.1     43.3     69.1     28.9
      -.1     86.6     70.0      2.8  97316.2 100236.4
     -13.9      52.6       7.4      91.2
      -1.1      22.7       1.5      28.6
       -.6      17.5       1.4       8.2
       -.6      16.0       1.5       5.6
 56094  -.044746  -.984421  -.170036
 155337.9  13152.7      -.1     43.3     69.1     28.9
      -.1     86.6     69.1     57.7  97615.4 100055.1
     -12.8      55.4       -.9      88.7
      -1.3      23.5       1.4      27.7
       -.6      17.5       1.6       8.4
       -.7      16.1       1.5       6.0
 56095  -.059616  -.983656  -.169904
 155137.5  13125.6      -.1     43.3     69.1     28.9
      -.1     86.6     69.1     57.7  97353.8  99394.6
     -10.5      54.1       2.9      84.7
      -1.5      23.6       1.3      26.5
       -.7      17.6       1.6       9.4
      -1.0      16.4       1.7       6.3
 56096  -.089225  -.981478  -.169528
 155293.3  13215.6      -.1     43.3     69.1     28.9
      -.1     86.6     69.1     57.7  97142.5 100084.2
     -10.3      49.2       2.9      73.8
      -1.2      22.5       1.0      23.3
       -.7      17.6        .7       8.6
       -.7      16.1        .7       6.5
 56097  -.118600  -.978453  -.169006
 156015.5  13270.9      -.1     43.3     69.1     28.9
      -.1     86.6     69.1     57.7  97619.0  99693.9
     -12.7      53.4       2.7      71.5
      -1.7      23.3        .7      21.1
       -.6      17.6        .9       9.2
       -.6      16.2        .9       7.2
 56098  -.147667  -.974605  -.168341
 156187.4  13196.4      -.1     43.3     69.1     28.9
      -.1     86.6     69.1     57.7  96830.5 100168.1
      -9.1      47.0      -1.6      61.1
      -1.2      22.7        .0      21.5
       -.8      17.5        .3       9.0
       -.7      16.1        .1       7.2
 56099  -.176357  -.969963  -.167539
 157144.4  13346.3      -.1     43.3     69.1     28.9
      -.1     86.6     69.1     57.7  98839.2 100968.5
      -9.3      49.5      -2.6      66.1
      -1.2      22.2        .0      20.8
       -.3      17.5        .4      10.0
       -.3      16.4        .3       7.7
 56100  -.204604  -.964562  -.166606
 158109.1  13403.5      -.1     43.3     69.1     28.9
      -.1     86.6     69.1     57.7  98707.5 101214.5
      -9.3      50.1      -4.3      52.4
      -1.1      22.5       -.1      20.3
       -.7      17.5       -.2       9.8
       -.4      15.9        .1       8.1
 56101  -.232349  -.958440  -.165549
 158942.4  13395.2      -.1     43.3     69.1     28.9
      -.1     86.6     69.1     57.7  99258.5 101195.2
     -11.9      51.0      -5.9      55.0
      -1.0      22.8       -.3      19.0
       -.5      17.5        .0      10.4
       -.7      16.3        .0       8.5
 56102  -.259539  -.951641  -.164374
 159812.7  13605.6      -.1     43.3     69.1     28.9
      -.1     86.6     69.1     57.7  99552.6 102061.3
     -10.2      48.0      -4.2      51.4
       -.9      22.5       -.5      19.0
       -.5      17.5       -.2      10.3
       -.5      16.0       -.1       8.8
 56103  -.286124  -.944211  -.163091
 160728.6  13628.3      -.1     43.3     69.1     28.9
      -.1     86.6     69.1     57.7 102351.8 104668.4
      -7.3      47.5      -3.1      47.2
       -.9      23.2       -.5      18.7
       -.5      17.3       -.3      10.9
       -.2      16.1       -.3       9.2
 56104  -.312066  -.936198  -.161707
 162119.0  13677.2      -.1     43.3     69.1     28.9
      -.1     86.6     69.1     57.7 101678.9 104421.9
     -14.0      53.2      -7.2      48.4
      -1.1      22.8       -.9      18.6
       -.7      17.2       -.4      11.3
       -.1      16.5       -.2       9.9
 56105  -.337328  -.927651  -.160231
 163796.0  13771.5      -.1     43.3     69.1     28.9
      -.1     86.6     69.1     57.7 103628.6 105990.0
     -12.1      53.0      -8.1      42.4
      -1.5      24.0       -.8      18.1
       -.3      17.2       -.3      11.2
       -.5      15.8       -.4       9.7
