OCR_prd2017clk:newR21@-300V,3.8T@20d,263K,rhe=1.10,rhh=0.7,0.00/0.00            
   340   1  3.80  28   3  29   2  300.00  263.00     .00 1.00000  1000.0   24.65  -12.80  150.000  100.000  290.000  1000.0   12.32   -6.40    1.50    1.00     .85
 52821  -.105170   .946530  -.304993
  87998.7  13710.6     12.3     43.3     -4.7     10.6
     12.3     86.6     -4.9     33.5  51873.9  53472.3
      10.7      51.9      -9.7      73.8
       1.0      23.3        .0      18.6
        .6      18.3        .4       5.0
        .9      17.1        .3       4.1
 52822  -.113613   .937303  -.329476
  81270.8  13805.6     12.3     43.3     -5.0      5.6
     12.3     86.6     -5.1     33.9  47673.8  48658.1
      10.0      51.9      -7.8      69.6
        .8      24.0       -.1      18.7
        .8      19.5        .3       5.2
        .6      18.4        .3       4.1
 52823  -.123410   .925573  -.357888
  74671.0  13847.7     12.3     43.3     -5.2      5.8
     12.3     86.6     -5.1     34.0  43667.8  44662.7
       9.0      50.8      -6.8      64.1
       1.7      22.9       -.2      15.7
        .2      17.7        .3       5.7
        .7      16.6        .3       4.2
 52824  -.134874   .910397  -.391134
  68586.3  14265.0     12.3     43.3     -5.3      6.1
     12.3     86.6     -5.0     34.1  38628.2  39898.4
      11.6      55.2      -6.7      67.5
        .7      23.7        .1      14.2
        .4      19.2        .3       5.7
        .7      17.9        .3       4.4
 52825  -.148397   .890380  -.430350
  62236.2  14459.6     12.3     43.3     -5.4      6.4
     12.3     86.6     -5.3     34.4  34902.8  35913.6
      11.3      53.5      -6.1      64.1
       1.4      22.7       -.2      13.5
        .3      17.0        .3       5.5
        .2      15.8        .4       4.5
 52826  -.164460   .863416  -.476934
  56266.7  14899.3     12.3     43.3     -5.3      6.7
     12.3     86.6     -5.4     34.7  30809.0  31693.3
       9.2      50.6      -3.3      59.2
       1.2      22.7        .1      12.6
        .8      18.3        .2       5.6
        .7      17.4        .2       4.9
 52827  -.183618   .826279  -.532491
  50614.7  15583.0     12.3     43.3     -5.4      7.1
     12.3     86.6     -5.6     34.9  27311.5  28284.3
       9.8      54.5      -6.2      55.8
        .8      22.3       -.1      12.2
        .5      16.3        .4       5.9
        .7      14.9        .2       5.1
 52828  -.206405   .774019  -.598575
  44929.0  16531.4     12.3     43.3     -5.6      7.4
     13.0      7.9     -5.5     35.3  23736.4  24381.3
       7.5      53.5      -4.0      50.5
        .9      21.9       -.1      10.1
        .4      17.5        .4       6.2
        .9      16.7        .3       5.3
 52829  -.233063   .699189  -.675882
  39883.9  18529.8     12.3     43.3     -5.8      7.9
     12.4     19.8     -5.7     36.0  20293.3  21171.7
       7.4      58.4      -4.6      48.1
       1.2      27.5        .0      10.4
        .8      18.0        .2       6.4
       1.0      15.0        .3       5.6
 52830  -.262862   .591440  -.762300
  35409.9  22248.7     12.3     43.3     -5.7      8.4
     12.9     38.6     -5.8     36.3  18145.0  18745.6
       5.7      56.4      -5.6      47.2
        .8      23.3        .2      10.0
        .5      15.1        .4       6.5
        .5      12.0        .3       5.6
 52831  -.292854   .439281  -.849276
  31990.8  25768.7     12.8     14.7     -5.9      8.7
     12.7     57.4     -5.8     36.5  15718.0  16362.5
       5.1      47.1      -5.0      43.6
        .7      13.9        .3      10.5
        .5       8.9        .2       6.6
        .7       7.6        .2       5.8
 52832  -.316664   .237498  -.918324
  29699.4  23974.9     12.4     32.1     -5.6      8.9
     12.5     75.3     -5.7     36.7  14139.4  14731.0
       2.4      57.8      -4.2      40.9
        .5       7.6        .3      10.1
        .6       5.0        .2       6.8
        .6       5.0        .3       5.9
 52833  -.325991   .000000  -.945373
  28804.3  23255.9     12.9     36.3     -5.7      9.0
     12.8     79.4     -5.8     37.1  13691.3  14344.6
       -.6      65.1      -1.7      41.7
        .1       7.7        .1      10.3
        .4       5.0        .3       6.7
        .4       5.0        .3       5.8
 52834  -.323582  -.121343  -.938387
  28976.8  22761.8     12.9     28.0     -5.6      8.9
     12.8     71.0     -5.7     37.0  13949.7  14379.0
      -3.2      56.3      -2.8      42.9
        .2       8.2        .3      10.3
        .3       5.2        .3       6.7
        .2       5.0        .3       5.9
 52835  -.316664  -.237498  -.918324
  29502.1  23416.2     12.9     19.4     -5.7      8.8
     12.5     62.2     -5.8     37.1  14345.0  14757.0
      -3.0      47.3      -1.5      40.5
        .1      11.7        .2      10.0
        .2       7.8        .2       6.8
        .5       6.8        .4       5.8
 52836  -.306058  -.344315  -.887567
  30496.7  23308.0     12.6     11.3     -5.7      8.6
     12.8     53.4     -5.9     36.8  14921.4  15496.5
      -3.1      48.4      -2.6      43.9
        .2      15.1        .2      10.0
        .3      10.3        .5       6.7
        .3       8.8        .3       5.8
 52837  -.292854  -.439281  -.849276
  31905.2  21952.3     12.8      7.6     -5.9      8.4
     12.6     44.1     -5.8     36.6  15644.2  16191.4
      -5.1      51.5      -2.2      43.9
        .1      20.0        .1      10.2
        .5      13.0        .3       6.6
        .2      10.8        .2       5.7
 52838  -.278147  -.521525  -.806626
  33532.2  19876.5     12.3     43.3     -5.8      8.3
     12.8     35.2     -5.8     36.4  16615.5  17101.5
      -3.3      53.8       -.4      45.8
       -.3      24.9        .1       9.8
        .3      16.4        .3       6.4
        .1      13.6        .3       5.5
 52839  -.262862  -.591440  -.762300
  35282.6  18361.6     12.3     43.3     -5.8      8.1
     12.7     25.6     -5.7     36.2  17608.6  18120.9
      -4.0      58.2        .2      46.6
       -.3      27.4        .2      10.0
        .4      18.2        .3       6.2
        .2      15.3        .2       5.4
 52840  -.233063  -.699189  -.675882
  39530.7  16023.2     12.3     43.3     -5.7      7.6
     12.7     10.6     -5.5     35.8  20420.1  21283.3
      -5.7      49.3      -1.2      49.2
        .2      24.0        .3      10.2
        .3      17.8        .3       5.9
        .5      16.7        .3       5.1
 52841  -.206405  -.774019  -.598575
  44914.8  14828.1     12.3     43.3     -5.6      7.1
     12.3     86.6     -5.6     35.4  23841.5  24602.4
      -8.6      51.1      -1.4      50.5
        .2      22.7        .3      10.0
        .4      17.6        .5       5.8
        .2      17.3        .4       4.7
 52842  -.183618  -.826279  -.532491
  50260.9  14007.9     12.3     43.3     -5.4      6.7
     12.3     86.6     -5.4     34.8  27408.2  28226.7
      -6.1      49.0       3.1      55.1
       -.4      22.7        .2      11.5
        .4      17.3        .5       5.6
        .1      16.2        .4       4.6
 52843  -.164460  -.863416  -.476934
  56145.8  13775.3     12.3     43.3     -5.4      6.4
     12.3     86.6     -5.5     34.7  30766.6  31787.1
      -9.4      52.4       2.0      56.3
       -.1      23.5        .3      11.7
        .3      19.0        .3       5.4
        .7      18.3        .4       4.3
 52844  -.148397  -.890380  -.430350
  61936.8  13507.2     12.3     43.3     -5.4      6.1
     12.3     86.6     -5.5     34.5  34644.8  35806.9
      -6.8      48.7       1.1      61.2
       -.3      23.0        .2      13.8
        .1      18.1        .3       5.1
        .2      16.4        .4       4.1
 52845  -.134874  -.910397  -.391134
  68482.0  13346.7     12.3     43.3     -5.4      5.8
     12.3     86.6     -5.5     34.1  38879.8  40409.2
      -8.8      53.1       3.3      66.2
       -.5      23.9        .3      14.0
        .2      19.2        .5       5.1
        .3      18.9        .4       3.9
 52846  -.123410  -.925573  -.357888
  74577.5  13159.7     12.3     43.3     -5.3      5.6
     12.3     86.6     -5.3     34.0  42662.3  43912.5
      -9.3      48.9       2.3      65.1
       -.3      22.9        .1      15.2
        .3      18.2        .3       4.8
        .0      16.9        .4       3.8
 52847  -.113613  -.937303  -.329476
  81093.9  13026.5     12.3     43.3     -5.3      5.4
     12.3     86.6     -5.3     33.7  47853.7  49112.5
      -7.9      50.6       2.6      71.2
       -.2      23.7        .3      16.6
        .1      19.6        .4       4.7
        .1      19.4        .3       3.6
 52848  -.105170  -.946530  -.304993
  87830.1  12958.8     12.3     43.3     -5.2      5.2
     12.3     86.6     -5.2     33.5  51996.7  53085.4
      -9.1      49.7       4.1      75.0
        .0      22.9        .7      18.7
        .2      18.4        .4       4.7
        .1      16.9        .3       3.6
 52849   .863216  -.064741  -.500666
  53423.1   9379.4     12.6     26.3     -6.4     28.9
     12.7     69.5     -6.4     57.7  29569.6  30383.1
       5.1      62.2       7.9      42.3
        .4      10.7       1.5      23.2
        .3       5.0        .7      17.5
        .2       5.0        .9      16.2
 52850   .838516  -.069876  -.540377
  49524.9   9627.4     12.5     26.5     -6.4     28.9
     12.5     69.5     -6.4     57.7  27210.1  28153.1
       3.0      62.5       7.2      41.1
        .6      10.5       1.1      22.0
        .2       5.0        .9      16.1
        .3       5.0        .8      14.9
 52851   .807288  -.075683  -.585284
  45736.1   9876.3     12.8     26.7     -6.4     28.9
     12.8     69.9     -6.4     57.7  24514.6  25267.2
       5.1      60.5       6.8      43.3
        .0      10.2        .8      23.0
        .3       5.0        .5      16.8
        .3       5.0        .4      15.3
 52852   .767414  -.082223  -.635858
  41848.2  10288.3     12.6     27.0     -6.4     28.9
     12.7     69.9     -6.4     57.7  22359.1  23098.7
       4.3      59.7       5.2      42.5
        .4       8.4        .8      21.3
        .3       5.0        .8      15.4
        .4       5.0        .7      14.0
 52853   .716102  -.089513  -.692232
  38444.6  10893.7     12.7     27.1     -6.4     28.9
     12.6     70.3     -6.4     57.7  20287.6  20825.1
        .4      56.9       4.9      43.6
        .3       8.8        .9      21.2
        .3       5.0        .8      15.2
        .3       5.0        .9      14.4
 52854   .649830  -.097475  -.753803
  35201.5  11865.8     12.6     27.4     -6.4     28.9
     12.7     70.5     -8.3     14.4  17843.0  18809.9
       2.1      56.0       6.5      42.6
        .2       8.9        .7      20.0
        .4       5.0        .5      13.9
        .4       5.0        .4      12.5
 52855   .564543  -.105852  -.818588
  32637.6  13490.6     12.6     27.5     -6.4     28.9
     12.7     70.7     -5.7      9.5  16212.9  16825.0
       1.9      56.0       5.1      42.5
       -.2       8.4        .7      18.6
        .3       5.0        .7      13.2
        .4       5.0        .7      12.1
 52856   .456422  -.114106  -.882416
  30516.5  16433.6     12.4     27.8     -6.4     28.9
     12.5     70.9     -5.5     19.7  15034.9  15583.3
       1.4      55.5       3.1      42.1
        .5       7.7        .3      17.7
        .3       5.0        .4      11.7
        .4       5.0        .5      10.4
 52857   .323582  -.121343  -.938387
  28844.5  21293.5     12.7     28.0     -5.7      5.4
     12.6     71.1     -5.6     31.3  13781.0  14342.5
       -.4      54.2       5.2      39.8
        .4       7.8        .4      12.8
        .2       5.2        .4       8.6
        .3       5.0        .5       7.4
 52858   .168544  -.126408  -.977555
  27871.1  23113.5     12.5     28.1     -5.9     14.7
     12.5     71.0     -5.9     43.2  13276.3  13835.4
       2.0      54.8       3.1      45.8
        .2       8.5        .5       8.2
        .4       5.2        .5       5.3
        .2       5.0        .5       4.6
 52859   .000000  -.128243  -.991743
  27641.0  22855.7     12.6     28.1     -6.5     25.4
     12.6     71.3     -6.5     54.0  13065.8  13617.6
       2.1      52.7       2.9      62.8
        .1       8.0        .3       8.5
        .4       5.3        .4       3.0
        .4       5.0        .6       3.0
 52860  -.085184  -.127776  -.988138
  27869.5  23053.7     13.1     28.2     -5.4     25.1
     13.0     71.0     -5.5     53.8  13031.9  13557.7
        .0      52.5        .9      63.6
        .2       8.5        .8       9.1
        .3       5.3        .5       3.0
        .4       5.0        .3       3.0
 52861  -.168544  -.126408  -.977555
  27884.9  23249.1     12.6     28.0     -5.8     19.9
     12.7     71.0     -5.8     48.5  13243.3  13850.9
      -2.9      48.3      -2.1      54.4
        .1       7.8        .3       6.9
        .5       5.3        .3       3.6
        .2       5.0        .2       3.2
 52862  -.248443  -.124222  -.960648
  28466.9  23475.0     12.7     28.0     -5.8     14.3
     12.7     71.1     -5.8     42.9  13319.0  14246.9
        .7      53.9      -2.3      44.5
        .1       8.2        .3       7.7
        .4       5.2        .3       5.1
        .3       5.0        .2       4.5
 52863  -.323582  -.121343  -.938387
  29029.9  22853.9     13.0     27.9     -5.7      8.8
     12.9     70.9     -5.9     37.0  13817.0  14318.7
      -3.0      50.4      -1.8      41.2
       -.1       8.0        .2      10.0
        .3       5.1        .3       6.8
        .4       5.0        .2       5.8
 52864  -.393068  -.117920  -.911917
  29676.4  20771.9     12.8     28.0     -5.9      4.7
     12.8     71.0     -5.7     31.2  14283.1  14804.1
       -.1      54.0      -1.7      39.6
        .4       8.5        .0      12.6
        .3       5.1        .3       8.4
        .4       5.0        .2       7.2
 52865  -.456422  -.114106  -.882416
  30465.7  18331.1     12.9     27.8     -7.6      3.2
     12.9     70.8     -6.1     25.1  14930.3  15680.8
      -2.5      54.2      -4.2      41.3
        .0       7.8       -.1      15.1
        .4       5.0        .2      10.1
        .4       5.0        .0       8.7
 52866  -.513527  -.110042  -.850988
  31487.2  16115.5     12.5     27.8     -6.4     28.9
     12.5     70.7     -5.8     19.2  15594.9  16257.3
      -3.1      55.0      -3.6      42.3
        .1       7.6        .3      17.2
        .4       5.0        .5      11.8
        .3       5.0        .0       9.9
 52867  -.564543  -.105852  -.818588
  32800.4  14719.7     12.7     27.7     -6.4     28.9
     12.7     70.8     -5.8     13.4  16421.5  16925.6
      -4.9      55.6      -4.0      42.7
        .4       8.1        .3      18.4
        .4       5.0        .2      12.6
        .2       5.0        .2      11.0
 52868  -.649830  -.097475  -.753803
  35529.6  12775.0     12.8     27.4     -6.4     28.9
     12.7     70.5     -5.9      6.2  18018.8  18728.7
      -5.6      57.8      -4.5      44.8
        .1       7.5        .2      18.2
        .3       5.0        .2      12.6
        .3       5.0        .1      11.1
 52869  -.716102  -.089513  -.692232
  38647.5  11580.8     13.0     27.2     -6.4     28.9
     13.0     70.2     -6.4     57.7  19962.1  20861.2
      -5.8      61.6      -5.7      45.8
        .1       8.1        .5      20.5
        .2       5.0        .3      14.8
        .4       5.0        .1      12.8
 52870  -.767414  -.082223  -.635858
  41962.3  10811.2     13.3     26.7     -6.4     28.9
     13.2     69.8     -6.4     57.7  22179.8  22948.7
      -4.2      58.3      -4.6      41.5
        .1       9.8       -.3      19.7
        .3       5.0        .5      14.3
        .3       5.0        .4      13.0
 52871  -.807288  -.075683  -.585284
  45584.5  10308.6     12.6     26.5     -6.4     28.9
     12.7     69.5     -6.4     57.7  25158.5  25815.0
      -4.0      64.6      -6.3      44.8
        .1      10.0        .1      22.1
        .1       5.0        .1      15.8
        .4       5.0        .5      14.0
 52872  -.838516  -.069876  -.540377
  49484.9   9934.2     12.9     26.3     -6.4     28.9
     12.8     69.3     -6.4     57.7  27057.1  27958.2
      -4.7      59.2      -5.4      39.8
        .5      10.6        .7      21.1
        .2       5.0        .3      15.8
        .2       5.0        .4      14.2
 52873  -.863216  -.064741  -.500666
  53308.6   9763.9     13.0     26.0     -6.4     28.9
     12.8     69.3     -6.4     57.7  29958.4  30824.1
      -7.4      64.1      -5.0      41.3
       -.2      10.7        .0      22.6
        .2       5.0        .4      16.7
        .3       5.0        .2      14.8
 52874  -.882965  -.060202  -.465563
  57210.8   9494.5     13.0     26.0     -6.4     28.9
     13.0     68.8     -6.4     57.7  31543.8  33183.5
      -5.3      65.3      -6.5      41.2
        .1      11.4        .4      21.4
        .3       5.0        .3      16.3
        .3       5.0        .5      15.0
 52875  -.898927  -.056183  -.434481
  61518.2   9325.1     13.1     25.9     -6.4     28.9
     13.0     68.7     -6.4     57.7  35446.1  36255.0
      -7.6      66.4      -7.8      42.4
       -.3      13.8       -.4      23.2
        .3       5.0        .4      17.5
        .4       5.0        .5      15.5
 52876  -.911966  -.052613  -.406877
  65649.4   9208.3     13.0     26.2     -6.4     28.9
     12.9     68.7     -6.4     57.7  37847.2  39008.6
      -6.2      70.2      -7.1      38.9
        .2      12.9        .1      22.1
        .4       5.0        .3      16.9
        .3       5.0        .7      15.5
 52877  -.922727  -.049432  -.382272
  70007.0   9132.0     13.3     25.5     -6.4     28.9
     13.1     68.3     -6.4     57.7  41134.8  42323.3
      -8.4      67.6      -6.6      40.4
       -.3      15.6        .0      23.4
        .2       5.0        .0      17.8
        .3       5.0        .6      15.8
 52878   .806111  -.362750  -.467544
  57005.1  10227.1     12.3     43.3     -6.4     28.9
     12.8     21.6     -6.4     57.7  32320.0  32906.3
      -1.0      61.3       7.0      40.4
        .0      25.4        .9      23.3
        .1      16.3        .8      17.2
        .2      13.7        .7      16.0
 52879   .774912  -.387456  -.499388
  53314.9  10600.1     12.3     43.3     -6.4     28.9
     12.8     22.1     -6.4     57.7  29130.2  30236.8
      -2.1      58.7       8.8      41.7
        .4      25.1       1.2      21.1
        .2      16.7        .6      16.2
        .5      14.0        .4      14.7
 52880   .736803  -.414452  -.534182
  49879.2  11180.8     12.3     43.3     -6.4     28.9
     12.9     22.6     -6.4     57.7  26942.6  27833.6
      -3.0      57.0       6.9      42.6
        .3      25.6        .5      21.9
        .3      16.6        .5      16.2
        .3      13.9        .5      15.1
 52881   .690099  -.443635  -.571796
  46470.0  11878.2     12.3     43.3     -6.4     28.9
     12.3     23.2     -6.4     57.7  24495.0  25438.9
      -4.2      58.6       8.3      43.7
        .1      26.0        .8      20.4
        .3      17.1        .5      14.9
        .4      14.2        .4      13.4
 52882   .632842  -.474632  -.611748
  43510.6  12921.7     12.3     43.3     -6.4     28.9
     12.8     23.8     -6.4     57.7  22844.6  23626.4
      -1.6      57.4       6.2      43.7
       -.3      26.1       1.0      20.8
        .7      17.5        .5      14.8
        .6      14.4        .4      13.4
 52883   .562936  -.506642  -.653006
  40897.7  14174.9     12.3     43.3     -6.4     28.9
     12.6     24.3     -6.4     57.7  21055.0  21888.6
      -3.7      58.9       6.2      43.0
        .6      26.6        .5      19.6
        .5      17.7        .4      13.6
        .4      14.8        .5      11.9
 52884   .478468  -.538276  -.693778
  38581.2  16248.7     12.3     43.3     -6.4     28.9
     12.9     25.0     -5.7      8.9  19703.3  20238.5
       -.8      60.1       5.5      40.2
        .1      27.1        .9      17.7
        .4      17.8        .5      12.1
        .5      14.9        .5      10.9
 52885   .378295  -.567442  -.731370
  36612.8  17488.6     12.3     43.3     -6.4     28.9
     12.6     25.4     -5.7     18.5  18347.7  19088.6
      -6.6      60.9       7.0      44.2
       -.2      27.2        .8      16.9
        .3      17.8        .4      11.1
        .4      15.1        .4       9.8
 52886   .262862  -.591440  -.762300
  35273.9  17322.0     12.3     43.3     -5.9      5.3
     13.0     25.7     -5.8     30.6  17890.9  18461.5
      -3.6      58.7       5.2      44.7
       -.3      27.8        .7      12.7
        .5      17.9        .4       8.1
        .6      15.6        .4       7.2
 52887   .134975  -.607388  -.782855
  34343.3  17086.5     12.3     43.3     -6.0     14.0
     12.7     25.6     -5.9     42.6  17175.5  17799.9
      -5.3      59.1       4.7      54.1
        .3      27.3        .6       8.0
        .2      18.3        .6       5.0
        .1      15.2        .5       4.5
 52888   .000000  -.612997  -.790085
  34120.2  17268.7     12.3     43.3     -6.8     24.7
     12.3     25.8     -6.7     53.3  17283.5  17659.4
      -4.8      59.5       3.8      68.9
       -.3      27.3        .6      11.5
        .4      18.3        .3       3.0
        .3      15.1        .4       3.0
 52889  -.067953  -.611580  -.788259
  34452.1  17457.4     12.3     43.3     -5.4     24.5
     12.7     25.7     -5.5     53.2  17219.1  17850.9
      -5.9      60.8       1.5      70.7
        .5      27.5        .3      11.3
        .1      18.4        .5       3.0
        .2      15.1        .4       3.0
 52890  -.134975  -.607388  -.782855
  34521.9  17643.7     12.3     43.3     -5.7     19.5
     12.3     25.8     -5.7     48.1  17102.8  17787.6
      -5.0      58.3       2.1      59.3
        .3      27.4        .4       6.8
       -.2      18.0        .3       3.0
       -.1      15.1        .3       3.0
 52891  -.200196  -.600588  -.774091
  34695.7  17774.2     12.3     43.3     -5.7     13.7
     13.0     25.7     -5.6     42.2  17526.5  18063.4
      -5.1      57.7       1.1      54.6
        .3      27.6        .3       7.7
        .4      18.1        .4       4.7
        .0      15.3        .3       4.1
 52892  -.262862  -.591440  -.762300
  35519.9  18457.4     12.3     43.3     -5.6      8.0
     12.6     25.6     -5.7     36.3  17454.0  18223.4
      -5.7      59.0        .4      45.9
        .1      28.2        .1      10.2
        .7      18.6        .4       6.5
        .1      15.3        .3       5.5
 52893  -.322373  -.580271  -.747905
  35900.0  18445.4     12.3     43.3     -6.0      3.9
     12.7     25.8     -5.7     30.2  17972.4  18747.4
      -5.2      57.1      -1.2      41.8
        .3      27.1        .0      12.0
        .0      18.1        .1       8.0
        .3      15.0        .2       6.7
 52894  -.378295  -.567442  -.731370
  36787.8  17959.3     12.3     43.3     -6.4     28.9
     12.7     25.6     -5.6     24.1  18512.2  19176.5
      -6.7      61.4      -1.8      45.1
       -.5      27.5        .1      14.9
        .5      17.7        .4       9.6
        .4      15.0        .4       8.1
 52895  -.430364  -.553325  -.713175
  37567.8  16894.9     12.3     43.3     -6.4     28.9
     12.5     25.3     -5.7     18.0  18993.9  19806.9
      -6.3      59.2      -1.7      42.2
        .6      27.4        .4      16.6
        .2      18.0        .3      10.9
        .4      14.9        .2       9.2
 52896  -.478468  -.538276  -.693778
  38456.5  16021.1     12.3     43.3     -6.4     28.9
     12.0     25.1     -5.9     12.4  19599.3  20498.2
      -5.0      58.3      -1.5      42.3
       -.2      26.7        .0      17.0
        .1      17.7        .1      11.7
        .4      15.1        .3      10.3
 52897  -.562936  -.506642  -.653006
  41010.2  14243.9     12.3     43.3     -6.4     28.9
     12.4     24.3     -5.8      6.2  21304.8  22180.3
      -7.1      59.7      -2.5      42.3
       -.3      26.9        .1      17.9
        .0      17.8        .4      12.1
        .3      14.9        .4      10.5
 52898  -.632842  -.474632  -.611748
  43707.8  12670.8     12.3     43.3     -6.4     28.9
     13.0     23.7     -6.4     57.7  23073.3  23759.8
      -4.5      57.4      -4.5      44.2
        .1      26.3        .1      20.0
        .5      17.4        .3      13.7
        .3      14.6        .4      12.3
 52899  -.690099  -.443635  -.571796
  46681.0  11753.5     12.3     43.3     -6.4     28.9
     12.4     23.2     -6.4     57.7  24460.6  25661.6
      -7.7      59.1      -4.9      43.6
       -.5      26.1        .2      19.2
        .2      16.9        .4      13.7
        .3      14.7        .4      12.6
 52900  -.736803  -.414452  -.534182
  49760.5  10977.8     12.3     43.3     -6.4     28.9
     12.7     22.5     -6.4     57.7  27549.7  28272.0
      -6.7      58.7      -3.5      44.7
       -.1      25.1       -.2      21.2
        .6      16.6        .6      15.3
        .2      14.0        .3      13.9
 52901  -.774912  -.387456  -.499388
  53345.6  10492.4     12.3     43.3     -6.4     28.9
     12.5     22.2     -6.4     57.7  29503.9  30279.2
      -6.5      59.1      -3.8      42.7
        .3      25.4        .2      20.2
        .5      16.4        .7      15.0
        .3      13.9        .6      13.9
 52902  -.806111  -.362750  -.467544
  56916.6  10228.9     12.3     43.3     -6.4     28.9
     12.8     21.5     -6.4     57.7  31794.5  32593.4
      -7.1      58.7      -5.9      45.2
       -.1      25.1        .3      22.0
        .7      16.1        .5      16.0
        .3      13.8        .4      14.6
 52903  -.831783  -.340275  -.438577
  60834.6   9868.4     12.3     43.3     -6.4     28.9
     12.5     21.1     -6.4     57.7  33943.5  35001.3
      -7.4      60.7      -4.7      40.1
        .2      24.7       -.1      21.3
        .4      16.5        .5      16.4
        .5      13.6        .5      14.9
 52904  -.853040  -.319890  -.412303
  64653.9   9732.8     12.3     43.3     -6.4     28.9
     12.9     20.7     -6.4     57.7  37172.9  38221.2
      -8.3      61.2      -4.8      41.4
        .1      24.7       -.2      22.4
        .1      16.0        .4      16.8
        .4      13.6        .6      15.2
 52905  -.870759  -.301417  -.388493
  68720.5   9495.7     12.3     43.3     -6.4     28.9
     12.6     20.3     -6.4     57.7  38998.5  40393.6
      -9.5      62.6      -5.3      40.2
       -.3      24.4        .1      21.9
        .4      16.0        .5      17.1
        .2      13.3        .4      15.3
 52906  -.885633  -.284668  -.366905
  72764.8   9400.8     12.3     43.3     -6.4     28.9
     12.6     19.8     -6.4     57.7  42148.6  43321.0
      -7.9      62.7      -4.3      40.6
        .0      24.4        .2      22.6
        .2      15.7        .5      17.0
        .3      13.5        .5      15.7
 52907   .467453  -.841416  -.271123
  98344.2  13839.5     12.3     43.3     -6.4     28.9
     12.3     86.6     -6.4     57.7  59028.1  60720.5
      -7.5      50.2       9.8      46.5
       -.2      22.1       1.2      18.0
        .2      17.6        .7      12.6
        .1      16.4        .9      11.0
 52908   .429723  -.859446  -.276932
  96332.4  13915.0     12.3     43.3     -6.4     28.9
     12.3     86.6     -6.4     57.7  57657.7  59233.8
      -7.5      51.7       9.3      47.7
       -.4      22.6       1.0      19.1
        .4      18.0        .5      12.6
        .4      16.6        .6      11.0
 52909   .389600  -.876600  -.282460
  94336.5  13440.0     12.3     43.3     -6.4     28.9
     12.3     86.6     -6.4     57.7  55725.3  57752.5
      -6.9      47.8      12.7      48.7
       -.6      22.8       1.5      17.8
        .2      17.9        .9      11.3
        .2      16.6        .6       9.9
 52910   .347131  -.892622  -.287623
  92784.2  13279.2     12.3     43.3     -6.4     28.9
     12.3     86.6     -6.4     57.7  54991.9  56495.4
      -7.0      51.9       9.4      50.8
        .2      23.0        .8      18.7
        .2      18.0        .7      11.4
        .5      16.7        .7       9.7
 52911   .302414  -.907242  -.292333
  91175.3  13118.1     12.3     43.3     -6.4     28.9
     12.3     86.6     -6.4     57.7  53531.4  55045.7
      -6.5      49.6       7.1      55.0
       -.1      22.4       1.2      16.1
        .0      18.1        .9       9.9
        .1      16.5        .8       8.6
 52912   .255608  -.920190  -.296506
  90021.7  13068.7     12.3     43.3     -6.4     28.9
     12.3     86.6     -6.4     57.7  53378.3  54674.9
      -6.8      46.7       9.7      57.7
       -.5      23.2       1.2      18.3
        .2      18.4        .6      10.1
        .2      16.7        .7       8.1
 52913   .206935  -.931206  -.300055
  89026.3  12915.4     12.3     43.3     -6.4     28.9
     12.3     86.6     -5.7      4.3  52341.9  54092.7
      -9.0      50.1       9.2      57.6
       -.5      22.9       1.3      16.8
       -.1      18.4        .7       8.3
        .1      16.8        .5       7.0
 52914   .156676  -.940054  -.302906
  88132.7  12805.1     12.3     43.3     -6.4     28.9
     12.3     86.6     -5.8     14.1  51827.3  52802.0
      -8.7      50.4      11.4      63.1
       -.2      23.0       1.1      18.7
        .6      18.4        .5       8.0
       -.1      16.8        .6       6.4
 52915   .105170  -.946530  -.304993
  87263.5  12707.9     12.3     43.3     -6.6      1.8
     12.3     86.6     -6.0     27.1  51143.5  52181.5
      -9.0      48.5       8.5      70.7
        .0      22.5        .9      17.0
        .1      18.3        .5       6.4
        .5      16.9        .5       4.9
 52916   .052804  -.950480  -.306266
  87441.0  12788.0     12.3     43.3     -6.3     14.0
     12.3     86.6     -6.3     40.2  51866.4  53430.6
      -8.4      50.9       7.4      80.3
       -.3      22.9        .7      22.6
        .4      18.4        .5       4.3
        .4      16.9        .6       3.0
 52917   .000000  -.951808  -.306694
  87129.1  12822.1     12.3     43.3     -6.3     23.6
     12.3     86.6     -6.2     52.1  51340.3  52719.4
     -10.0      50.9      10.0      95.1
       -.4      23.3       1.1      39.3
        .2      18.6        .3       6.5
       -.1      16.8        .4       3.0
 52918  -.026430  -.951476  -.306587
  87037.5  13001.5     12.3     43.3     -4.9     23.6
     12.3     86.6     -4.9     52.1  50358.9  51939.3
      -8.2      49.4       8.8      95.4
       -.4      23.3       3.7      40.7
        .2      18.7        .8       8.7
        .4      17.1        .7       4.1
 52919  -.052804  -.950480  -.306266
  87329.0  12916.9     12.3     43.3     -5.1     17.7
     12.3     86.6     -5.0     46.4  51494.3  53022.5
     -10.6      53.5       7.7      86.0
       -.5      22.7        .9      27.0
        .1      18.5        .4       5.1
        .2      16.9        .4       3.0
 52920  -.079069  -.948828  -.305734
  87388.1  12898.2     12.3     43.3     -5.3     11.5
     12.3     86.6     -5.2     39.9  51591.5  52862.8
      -7.7      52.0       5.0      77.5
       -.9      23.0        .6      23.0
        .4      18.2        .3       4.1
        .2      16.8        .4       3.0
 52921  -.105170  -.946530  -.304993
  87433.0  13061.6     12.3     43.3     -5.3      5.2
     12.3     86.6     -5.2     33.6  52016.6  53192.0
      -8.3      48.6       8.7      73.1
        .0      22.6        .9      18.3
        .3      18.4        .4       5.6
        .2      17.2        .3       3.6
 52922  -.131055  -.943599  -.304049
  88100.6  13092.7     12.3     43.3     -6.4     28.9
     12.3     86.6     -5.4     27.1  51872.9  53667.0
     -10.7      49.5       4.7      67.9
       -.8      23.6        .4      16.8
        .2      18.4        .4       6.1
       -.2      17.1        .3       4.6
 52923  -.156676  -.940054  -.302906
  88211.8  13302.1     12.3     43.3     -6.4     28.9
     12.3     86.6     -5.0     20.5  52431.5  54026.3
      -7.5      50.5       3.9      64.9
        .1      23.0        .7      19.1
        .3      18.5        .4       7.2
       -.1      17.1        .3       5.5
 52924  -.181983  -.935915  -.301572
  88541.7  13189.3     12.3     43.3     -6.4     28.9
     12.3     86.6     -5.5     13.9  52226.2  53688.5
      -9.7      50.5       2.9      65.9
       -.4      23.5        .3      18.6
       -.1      18.6        .3       7.7
        .1      17.2        .4       6.2
 52925  -.206935  -.931206  -.300055
  89031.0  13344.1     12.3     43.3     -6.4     28.9
     12.3     86.6     -5.3      7.5  53020.3  54285.3
     -10.3      53.4        .6      64.0
       -.5      22.9        .2      17.5
        .4      18.2        .4       8.2
        .2      17.1        .3       6.5
 52926  -.255608  -.920190  -.296506
  90021.2  13561.9     12.3     43.3     -6.4     28.9
     12.3     86.6     -6.4     57.7  53514.8  54670.5
      -9.0      45.8        .2      61.7
        .0      22.9        .4      17.2
        .3      18.2        .5       9.2
        .3      17.1        .5       7.3
 52927  -.302414  -.907242  -.292333
  91388.6  13806.9     12.3     43.3     -6.4     28.9
     12.3     86.6     -6.4     57.7  54003.3  55363.1
      -9.0      50.3        .5      56.1
        .0      23.4        .4      18.0
       -.1      18.0        .3      10.0
        .5      16.9        .4       8.2
 52928  -.347131  -.892622  -.287623
  93035.2  14127.6     12.3     43.3     -6.4     28.9
     12.3     86.6     -6.4     57.7  54987.3  56439.2
      -8.5      45.3       3.8      55.5
       -.4      22.8        .1      17.7
        .2      18.4        .4      10.3
        .3      17.2        .6       8.9
 52929  -.389600  -.876600  -.282460
  94732.6  14309.3     12.3     43.3     -6.4     28.9
     12.3     86.6     -6.4     57.7  55962.7  57642.0
      -8.5      47.0       -.8      52.1
       -.1      23.3        .4      19.1
        .4      18.5        .4      11.6
        .0      17.1        .3       9.8
 52930  -.429723  -.859446  -.276932
  96224.3  14384.4     12.3     43.3     -6.4     28.9
     12.3     86.6     -6.4     57.7  56873.9  59040.8
      -9.0      48.0      -2.2      49.0
       -.1      22.6        .6      17.5
        .2      18.0        .5      11.2
        .4      16.8        .6       9.6
 52931  -.467453  -.841416  -.271123
  98625.7  14516.2     12.3     43.3     -6.4     28.9
     12.3     86.6     -6.4     57.7  58468.1  59881.1
     -11.2      53.4      -1.2      49.8
       -.7      22.8        .1      19.4
        .0      17.7        .4      12.6
        .3      16.6        .5      10.8
 52932  -.502792  -.822750  -.265108
 100872.3  14179.5     12.3     43.3     -6.4     28.9
     12.3     86.6     -6.4     57.7  60275.0  62255.2
      -9.7      52.1      -3.2      46.2
       -.4      23.1        .4      18.3
        .3      18.1        .6      12.5
        .7      16.4        .9      10.7
 52933  -.535778  -.803668  -.258960
 103189.4  14100.8     12.3     43.3     -6.4     28.9
     12.3     86.6     -6.4     57.7  61047.4  62541.2
     -10.1      52.2      -1.2      42.0
       -.3      22.3        .6      20.3
        .1      17.6        .5      13.8
        .3      16.4        .5      12.1
 52934  -.566482  -.784360  -.252738
 105719.1  13688.9     12.3     43.3     -6.4     28.9
     12.3     86.6     -6.4     57.7  62359.7  64320.8
     -10.8      55.0      -2.8      44.0
       -.5      22.5       -.2      18.8
        .1      17.6        .6      13.1
        .1      16.8        .5      12.1
 52935  -.594996  -.764995  -.246498
 108276.1  13279.0     12.3     43.3     -6.4     28.9
     12.3     86.6     -6.4     57.7  66093.0  67323.7
     -10.2      51.1      -2.4      38.4
       -.5      22.2        .0      20.9
        .5      17.4        .7      14.4
       -.1      16.3        .3      13.1
