Dot1_150x100_prd2017clk:@-125V,3.8T@90d,253K,rhe=1.10,rhh=0.7,0.00/0.00         
   702   1  3.80  60   5  29   0  125.00  253.00     .00  .91000   950.0    -.15  138.19  150.000  100.000  285.000   950.0    -.08   69.09    1.50    1.00     .85
 55901   .000000   .000000 -1.000000
  26549.6  15139.5      -.1     40.1     69.1     28.9
      -.1     83.1     69.1     23.1  12558.3  12892.2
       5.0      67.7       3.6      40.3
       -.2       9.1       2.7      15.9
        .0       5.0       2.6      10.9
        .1       5.0       2.7       9.2
 55902   .000000  -.130455  -.991454
  26622.9  15169.6       .2     34.0     69.1     28.9
       .2     77.2     68.9     22.9  12695.7  13395.4
      -2.1      58.6       3.8      38.1
       -.4       6.9       2.3      15.6
       -.2       5.0       2.6      10.6
       -.3       5.0       2.6       9.2
 55903   .000000  -.254493  -.967075
  27272.6  15594.6      -.2     25.5     69.1     28.9
      -.3     68.6     69.1     22.7  13036.1  13447.7
      -4.1      50.6       1.4      39.4
       -.2       8.3       2.3      15.7
       -.2       5.4       2.7      10.3
       -.3       5.0       2.7       9.2
 55904   .000000  -.367167  -.930155
  28386.8  16257.4      -.1     17.1     69.1     28.9
      -.2     59.9     69.1     22.7  13638.9  14137.2
      -6.1      45.7       2.1      39.9
       -.3      12.6       2.2      15.7
       -.3       8.2       2.4      10.6
       -.2       7.0       2.7       9.1
 55905   .000000  -.465746  -.884918
  29771.4  16914.9       .1      9.1     69.1     28.9
      -.2     50.5     69.1     22.3  14460.4  15071.3
      -5.0      48.1       3.0      42.7
       -.2      16.3       2.3      15.2
       -.1      10.8       2.7      10.3
       -.3       9.1       2.7       9.0
 55906   .000000  -.549617  -.835417
  31490.8  17725.0      -.6      7.7     69.1     28.9
      -.1     41.4     69.1     21.8  15369.7  16155.1
      -5.2      52.9       2.5      42.0
       -.6      21.3       2.3      15.0
       -.2      14.0       2.6      10.1
        .0      11.5       2.7       8.8
 55907   .000000  -.619644  -.784883
  33414.7  17297.5      -.1     43.3     69.1     28.9
       .0     32.0     68.9     21.3  16729.1  17422.1
      -7.6      55.2       1.8      40.8
       -.7      26.4       2.2      15.0
       -.2      17.5       2.5      10.0
       -.1      14.6       2.7       8.7
 55908   .000000  -.677476  -.735545
  35831.9  16684.0      -.1     43.3     69.1     28.9
      -.2     22.9     69.1     21.1  18353.1  18880.5
      -8.2      58.9       2.5      45.6
       -.9      28.0       2.1      15.3
       -.8      18.7       2.4       9.8
       -.3      15.4       2.7       8.4
 55909   .000000  -.724999  -.688749
  38180.7  16187.3      -.1     43.3     69.1     28.9
      -.2     14.2     69.0     20.7  19796.9  20483.0
      -8.0      57.0        .6      44.5
       -.4      25.8       2.2      14.8
       -.4      17.6       2.6       9.6
       -.4      15.1       2.6       8.0
 55910   .000000  -.764030  -.645181
  40731.8  15457.7      -.1     43.3     69.1     28.9
      -.3      9.3     69.1     20.4  20844.8  21772.0
      -7.7      51.5       2.6      45.0
       -.7      22.8       2.2      14.6
       -.5      17.0       2.4       9.4
       -.3      15.9       2.6       7.9
 55911   .000000  -.796162  -.605083
  43511.1  15069.9      -.1     43.3     69.1     28.9
      -.1     86.6     69.0     20.0  22800.3  23829.0
      -7.8      54.3       2.7      46.6
       -.7      23.2       2.3      14.9
       -.1      17.8       2.4       9.1
       -.7      17.1       2.4       7.6
 55912   .000000  -.822730  -.568432
  46322.7  14627.5      -.1     43.3     69.1     28.9
      -.1     86.6     68.9     19.7  24385.3  25185.4
     -10.3      53.4       3.0      51.4
       -.3      23.1       2.4      14.6
       -.5      17.1       2.4       9.0
       -.8      16.1       2.4       7.5
 55913   .000000  -.844819  -.535052
  49073.9  14401.6      -.1     43.3     69.1     28.9
      -.1     86.6     69.1     19.3  26818.5  27468.6
      -8.9      51.2       2.4      48.7
       -.2      21.4       2.3      15.3
       -.3      15.9       2.4       8.8
       -.5      14.3       2.5       7.3
 55914   .000000  -.863297  -.504697
  52127.8  14072.4      -.1     43.3     69.1     28.9
      -.1     86.6     69.3     19.1  28354.5  29041.4
      -9.5      51.5       2.8      48.8
       -.3      22.2       2.4      14.8
       -.4      17.5       2.5       8.7
       -.6      15.8       2.4       7.1
 55915   .000000  -.878853  -.477092
  55108.9  13912.2      -.1     43.3     69.1     28.9
      -.1     86.6     69.2     19.0  30494.4  31529.8
     -10.7      53.3       3.2      53.5
       -.4      23.9       2.2      15.1
       -.2      19.0       2.6       8.6
       -.8      18.3       2.3       7.0
 55916   .000000  -.892036  -.451965
  58113.2  13905.0      -.1     43.3     69.1     28.9
      -.1     86.6     69.4     18.7  31560.9  33090.8
     -10.5      53.8       2.3      53.7
       -.8      23.5       2.3      15.3
       -.4      18.0       2.5       8.4
       -.3      17.0       2.5       6.8
 55917   .000000  -.903278  -.429057
  61327.2  13651.6      -.1     43.3     69.1     28.9
      -.1     86.6     69.4     18.4  34167.3  35111.1
     -10.0      54.2       1.1      60.0
      -1.1      22.0       2.4      15.2
       -.5      16.7       2.4       8.3
       -.7      15.1       2.4       6.7
 55918   .000000  -.912924  -.408131
  64601.9  13546.4      -.1     43.3     69.1     28.9
      -.1     86.6     69.3     18.3  36493.6  37568.2
     -11.2      53.2       3.0      61.5
       -.9      22.4       2.4      15.6
       -.7      17.9       2.5       8.3
       -.6      16.6       2.4       6.6
 55919   .000000  -.921250  -.388972
  67829.7  13371.6      -.1     43.3     69.1     28.9
      -.1     86.6     69.4     18.1  38631.9  39766.0
     -10.3      49.1       1.7      64.5
       -.4      24.2       2.3      15.9
       -.7      19.3       2.3       8.2
       -.5      18.7       2.4       6.5
 55920   .000000  -.928477  -.371391
  70982.6  13361.4      -.1     43.3     69.1     28.9
      -.1     86.6     69.5     18.0  40839.9  41580.0
     -11.8      52.6       4.4      59.2
       -.8      23.5       2.3      16.6
       -.4      18.4       2.4       7.9
       -.3      17.4       2.5       6.3
 55921   .000000  -.934784  -.355218
  73927.3  13252.0      -.1     43.3     69.1     28.9
      -.1     86.6     69.6     17.8  42300.0  43978.5
      -9.1      49.8       4.3      62.9
       -.9      22.4       2.4      17.3
       -.7      17.3       2.4       8.0
       -.7      15.5       2.3       6.2
 55922   .000000  -.940315  -.340305
  77256.2  13335.9      -.1     43.3     69.1     28.9
      -.1     86.6     69.5     17.7  44311.6  45860.7
     -10.4      50.7       6.4      71.3
       -.8      22.6       2.1      17.5
       -.7      18.1       2.4       7.7
       -.7      16.7       2.4       6.1
 55923   .000000  -.945190  -.326520
  80648.7  13237.4      -.1     43.3     69.1     28.9
      -.1     86.6     69.4     17.7  46977.8  48104.7
     -13.3      53.1       2.2      64.9
       -.8      24.1       1.8      17.6
       -.3      20.1       2.4       7.9
       -.1      19.2       2.5       6.0
 55924   .000000  -.949506  -.313750
  83786.7  13138.1      -.1     43.3     69.1     28.9
      -.1     86.6     69.6     17.6  49167.1  50152.5
     -10.2      51.0       2.7      68.6
      -1.0      23.7       2.3      17.8
       -.4      19.0       2.5       7.7
       -.9      17.7       2.3       6.0
 55925   .000000  -.953342  -.301892
  87226.0  13167.7      -.1     43.3     69.1     28.9
      -.1     86.6     69.8     17.4  50476.0  52974.4
     -10.3      51.7       5.1      70.4
      -1.0      22.7       2.2      18.7
       -.5      17.5       2.3       7.9
      -1.2      15.9       2.4       5.9
 55926   .000000  -.956767  -.290857
  90681.1  13225.5      -.1     43.3     69.1     28.9
      -.1     86.6     69.6     17.4  53878.9  54975.9
     -12.3      52.9       4.2      71.9
      -1.0      23.0       2.1      19.4
       -.8      18.3       2.4       8.3
       -.5      17.0       2.4       6.0
 55927   .000000  -.959834  -.280567
  93786.4  13094.9      -.1     43.3     69.1     28.9
      -.1     86.6     70.0     17.2  55782.7  57319.3
      -9.2      49.6       1.7      69.2
      -1.5      24.9       2.2      19.3
       -.4      20.2       2.5       7.7
       -.6      19.0       2.5       5.9
 55928   .000000  -.962593  -.270952
  97280.6  13073.0      -.1     43.3     69.1     28.9
      -.1     86.6     69.8     17.3  57529.1  59708.6
      -8.8      51.7       6.3      76.5
      -1.2      23.8       2.0      19.8
       -.6      19.0       2.4       7.4
       -.5      18.0       2.5       5.8
 55929   .000000  -.965081  -.261951
 100539.3  13250.8      -.1     43.3     69.1     28.9
      -.1     86.6     70.0     17.1  60572.5  62148.1
     -12.4      54.7       2.8      78.4
       -.9      22.4       1.9      20.5
       -.8      17.5       2.4       7.6
       -.6      16.0       2.4       5.6
 55930   .000000  -.967333  -.253508
 103862.2  13122.8      -.1     43.3     69.1     28.9
      -.1     86.6     70.0     17.0  62089.8  63905.8
      -9.3      48.4       6.9      80.6
      -1.5      22.9       2.2      20.1
       -.4      18.4       2.5       7.7
       -.8      17.2       2.4       5.7
 55931   .000000  -.969377  -.245576
 107107.6  13087.5      -.1     43.3     69.1     28.9
      -.1     86.6     70.1     16.9  64665.0  66451.3
     -10.2      49.0       3.8      78.5
      -1.1      24.3       2.1      22.4
       -.5      20.0       2.5       7.6
       -.3      19.5       2.3       5.6
 55932   .000000  -.971238  -.238110
 110891.5  13106.5      -.1     43.3     69.1     28.9
      -.1     86.6     70.2     16.8  66384.6  68293.6
     -10.5      52.0       3.4      85.2
      -1.5      23.9       2.0      21.4
       -.3      19.3       2.5       7.9
      -1.0      17.9       2.4       5.6
 55933   .000000  -.972937  -.231072
 113746.0  13079.5      -.1     43.3     69.1     28.9
      -.1     86.6     70.1     16.7  68614.6  70713.3
     -10.7      53.3       2.3      78.1
      -1.2      23.3       2.3      23.6
       -.6      17.4       2.4       7.6
       -.7      16.7       2.4       5.8
 55934   .000000  -.974491  -.224428
 117487.8  13109.8      -.1     43.3     69.1     28.9
      -.1     86.6     70.0     16.8  70957.6  73243.5
     -12.9      53.4       2.5      85.2
      -1.4      23.9       2.5      25.1
       -.8      18.5       2.4       8.0
       -.8      17.2       2.3       5.5
 55935   .000000  -.975916  -.218146
 120880.6  13101.4      -.1     43.3     69.1     28.9
      -.1     86.6     70.0     16.6  73205.1  75602.8
     -12.2      52.6       -.1      84.5
      -1.1      25.0       2.3      25.9
       -.8      20.4       2.4       8.1
       -.9      19.6       2.3       5.7
 55936   .000000  -.977227  -.212198
 123843.1  13031.2      -.1     43.3     69.1     28.9
      -.1     86.6     70.3     16.6  76390.1  78112.4
     -10.9      51.7       2.6      83.2
      -1.5      25.1       2.6      23.3
       -.8      19.2       2.6       8.4
       -.5      18.4       2.4       5.4
 55937   .000000  -.978434  -.206558
 127326.4  13060.4      -.1     43.3     69.1     28.9
      -.1     86.6     70.5     16.5  78544.1  80364.3
     -10.3      50.2        .3      87.2
      -1.1      22.9       2.1      23.8
       -.5      17.5       2.4       7.6
       -.7      16.4       2.4       5.4
 55938   .000000  -.979549  -.201205
 130970.8  13018.1      -.1     43.3     69.1     28.9
      -.1     86.6     70.2     16.5  80619.0  82927.1
     -12.5      52.6       3.2      92.4
      -1.0      23.8       2.5      25.4
       -.8      18.5       2.4       8.2
       -.8      17.3       2.5       5.4
 55939   .000000  -.980581  -.196116
 134465.9  13152.6      -.1     43.3     69.1     28.9
      -.1     86.6     70.2     16.6  81817.2  84214.1
     -11.9      53.6       5.8      92.2
      -1.3      24.6       2.2      27.2
       -.7      20.3       2.5       9.1
       -.7      19.7       2.3       5.6
 55940   .000000  -.981537  -.191274
 137749.1  13090.3      -.1     43.3     69.1     28.9
      -.1     86.6     70.1     16.4  85568.9  87431.0
      -7.3      49.8       8.4      94.2
      -1.5      24.4       2.3      28.7
       -.8      19.3       2.4       8.8
       -.9      18.4       2.4       5.4
 55941   .000000  -.982424  -.186661
 140957.8  13128.5      -.1     43.3     69.1     28.9
      -.1     86.6     70.3     16.4  88311.5  89796.5
     -12.5      52.6       5.1      90.5
      -1.4      23.5       2.2      27.5
       -.8      17.8       2.4       9.2
       -.6      16.5       2.5       5.4
 55942   .000000  -.983250  -.182261
 144447.2  13127.9      -.1     43.3     69.1     28.9
      -.1     86.6     70.6     16.3  89773.5  91475.8
     -12.0      50.8       -.3      88.4
      -1.5      23.6       2.1      27.1
       -.8      18.5       2.4       8.5
       -.9      17.4       2.4       5.4
 55943   .000000  -.984020  -.178061
 148137.2  13074.6      -.1     43.3     69.1     28.9
      -.1     86.6     70.7     16.3  93105.1  95272.6
      -8.9      47.2      -3.0      93.9
      -1.5      25.3       2.0      29.6
       -.7      20.4       2.3       8.7
       -.8      19.4       2.5       5.7
 55944   .000000  -.984737  -.174047
 151434.1  13038.8      -.1     43.3     69.1     28.9
      -.1     86.6     70.4     16.4  94614.3  97002.5
     -11.3      52.1      12.8      90.4
      -1.5      24.5       2.5      30.0
       -.4      19.8       2.4       8.7
       -.8      18.4       2.4       5.6
 55945   .000000  -.985408  -.170207
 154749.1  13075.1      -.1     43.3     69.1     28.9
      -.1     86.6     70.3     16.2  96151.0  98621.3
     -10.9      51.7       4.3      88.3
      -1.6      23.9       2.7      30.4
       -.8      17.8       2.4       9.1
       -.9      16.2       2.4       5.3
 55946   .000000  -.986036  -.166531
 158402.6  13127.9      -.1     43.3     69.1     28.9
      -.1     86.6     70.6     16.2  98798.2 101438.3
      -9.3      51.1       1.3     100.2
      -1.3      24.7       2.0      32.2
       -.7      18.5       2.5       8.9
       -.6      17.7       2.5       6.0
 55947   .000000  -.986625  -.163008
 162137.1  13188.5      -.1     43.3     69.1     28.9
      -.1     86.6     70.4     16.2 100779.8 103137.2
     -12.5      53.1      10.7     102.9
      -1.3      26.5       2.5      31.2
       -.7      20.5       2.4       8.6
       -.9      19.7       2.5       5.7
 55948   .000000  -.987696  -.156385
 168726.9  13212.3      -.1     43.3     69.1     28.9
      -.1     86.6     70.5     16.0 106480.8 109920.4
     -14.2      55.6       8.2     101.7
      -1.7      23.5       2.7      33.2
       -.7      17.9       2.5       9.0
      -1.0      16.6       2.4       5.3
 55949   .000000  -.988644  -.150274
 175522.5  13115.0      -.1     43.3     69.1     28.9
      -.1     86.6     70.9     16.0 110894.3 113697.7
     -11.2      54.3       6.5     101.5
      -1.6      25.6       2.6      33.7
       -.2      20.5       2.7       9.2
       -.9      20.1       2.3       5.3
 55950   .000000  -.989488  -.144617
 182582.3  13166.1      -.1     43.3     69.1     28.9
      -.1     86.6     70.9     15.9 114978.6 118307.4
     -12.4      51.4       4.7     103.6
      -2.0      23.6       2.6      32.9
       -.9      17.9       2.4      10.6
      -1.0      16.6       2.4       5.7
 55951   .000000  -.990241  -.139367
 189028.0  13392.5      -.1     43.3     69.1     28.9
      -.1     86.6     70.9     16.0 119531.9 122693.3
     -12.1      55.2       6.0     105.7
      -1.5      25.3       2.3      36.4
       -.7      20.5       2.6      10.3
      -1.0      19.7       2.4       5.6
 55952   .000000  -.990916  -.134481
 195758.0  13195.9      -.1     43.3     69.1     28.9
      -.1     86.6     70.9     15.8 124593.4 128101.3
     -12.2      55.6        .9     105.6
      -1.4      23.5       2.3      34.8
       -.7      18.0       2.5      11.1
       -.4      16.7       2.6       5.6
 55953   .000000  -.991524  -.129924
 202814.2  13156.5      -.1     43.3     69.1     28.9
      -.1     86.6     70.7     15.8 130052.8 133368.0
     -11.5      51.4       3.5     107.6
      -1.7      24.9       2.9      37.1
       -.8      20.5       2.4      11.3
       -.9      19.5       2.7       5.8
 55954   .000000  -.992073  -.125663
 209590.9  13189.4      -.1     43.3     69.1     28.9
      -.1     86.6     70.8     15.7 133324.6 137243.4
     -10.9      53.3       7.8     110.4
      -1.8      23.9       2.8      36.9
       -.4      17.6       2.4      11.1
       -.7      16.9       2.6       6.4
 55955   .000000  -.992571  -.121670
 216505.8  13277.8      -.1     43.3     69.1     28.9
      -.1     86.6     70.9     15.6 139218.0 142780.6
      -5.5      47.1      12.0     107.6
      -1.8      25.4       2.8      38.6
       -.6      20.5       2.4       9.8
       -.5      20.0       2.4       6.3
 55956   .000000  -.993023  -.117921
 223629.5  13317.6      -.1     43.3     69.1     28.9
      -.1     86.6     70.9     15.6 145485.6 148467.9
      -6.4      43.8       7.9     105.1
      -2.0      24.3       2.6      41.6
       -.8      18.2       2.5      11.8
       -.8      16.5       2.4       5.8
 55957   .000000  -.993435  -.114396
 230641.3  13198.3      -.1     43.3     69.1     28.9
      -.1     86.6     71.2     15.6 149550.9 153138.3
      -9.6      41.0       5.5     114.5
      -1.6      25.3       2.1      41.5
       -.6      20.4       2.4      12.9
       -.7      19.9       2.5       6.2
 55958   .000000  -.993812  -.111073
 237805.4  13220.8      -.1     43.3     69.1     28.9
      -.1     86.6     70.9     15.7 154258.6 156779.3
     -11.4      48.6       7.0     109.9
      -1.8      23.8       2.9      42.1
      -1.0      18.4       2.4      12.9
       -.9      17.1       2.4       6.4
 55959   .000000  -.994158  -.107937
 244547.7  13277.9      -.1     43.3     69.1     28.9
      -.1     86.6     71.4     15.6 157023.0 162076.5
      -8.7      42.1       1.0     111.6
      -1.7      25.1       3.2      42.1
       -.8      20.3       2.4      12.3
       -.7      19.8       2.5       6.8
 55960   .000000  -.994475  -.104972
 251163.1  13275.5      -.1     43.3     69.1     28.9
      -.1     86.6     71.2     15.5 163855.3 167817.7
      -7.8      35.8      13.3     114.5
      -1.8      23.0       2.3      43.5
       -.9      17.9       2.5      12.9
       -.8      16.6       2.4       7.8
 55961   .903278   .000000  -.429057
  61437.2  12591.3       .1     39.6     69.1     28.9
       .1     82.4     69.1     57.7  34145.1  35218.9
       2.0      84.5       9.8      44.5
       1.4      28.9       1.3      21.3
       -.2       6.0       1.3      14.4
        .3       5.0       1.6      12.5
 55962   .887877   .000000  -.460082
  57634.4  13188.3       .6     39.3     69.1     28.9
       .5     82.4     69.1     57.7  31850.7  32730.7
       1.3      85.1      12.6      48.2
        .9      25.7       1.7      21.9
        .1       5.1       1.6      15.2
        .3       5.0       1.7      13.0
 55963   .868777   .000000  -.495203
  53461.1  13827.0       .3     39.5     69.1     28.9
       .3     82.4     69.1     57.7  29293.4  30246.5
        .6      79.6      10.5      46.5
        .2      23.9       2.1      20.4
        .0       5.0       2.0      14.0
        .0       5.0       1.9      11.9
 55964   .844819   .000000  -.535052
  49558.8  14919.0      -.5     39.4     69.1     28.9
      -.5     82.4     69.1     57.7  26642.7  27586.2
        .3      77.7      11.1      47.8
       -.2      23.6       2.5      19.8
        .6       6.1       2.2      13.9
        .0       5.0       2.7      12.2
 55965   .814421   .000000  -.580275
  45981.0  16372.0      -.1     39.5     69.1     28.9
      -.2     82.5     69.1     57.7  24123.4  25294.3
        .3      77.6      11.9      50.6
        .7      20.2       2.8      19.5
       -.1       5.0       2.6      13.2
        .3       5.0       2.9      10.8
 55966   .775436   .000000  -.631426
  42467.2  18582.7       .0     39.4     69.1     28.9
      -.1     82.5     69.1      8.1  22149.1  23097.5
       1.2      74.4      10.0      51.0
       -.9      16.3       3.2      17.4
        .0       5.0       3.1      11.9
        .3       5.0       3.5      10.1
 55967   .724999   .000000  -.688749
  38929.1  22197.9      -.2     39.8     69.1     28.9
      -.2     82.6     69.1     19.9  20226.2  20801.5
        .2      73.6      13.1      49.7
        .1      14.9       4.1      16.5
       -.2       5.2       4.0      10.8
       -.1       5.0       3.9       8.9
 55968   .659438   .000000  -.751759
  35702.8  26970.7       .0     39.3     69.2      4.7
       .0     82.5     69.0     32.4  18570.6  19129.8
       2.4      75.5      11.8      51.5
        .6      14.9       3.2      11.9
        .0       5.0       3.3       8.0
        .0       5.0       3.5       6.7
 55969   .574426   .000000  -.818557
  32981.4  27414.3      -.3     39.5     68.9     15.8
      -.3     82.6     68.9     44.5  16596.5  17303.7
      -2.7      69.4      10.5      57.3
        .2      16.3       3.5       7.6
       -.1       5.0       3.6       5.0
        .1       5.0       3.7       4.2
 55970   .465746   .000000  -.884918
  30751.0  25420.7       .1     39.6     71.8     24.2
       .1     82.6     71.8     52.8  15423.2  15957.9
       1.8      71.1      14.5      69.2
       -.3      11.1       2.3      11.4
       -.1       5.0       2.4       3.0
        .0       5.0       2.4       3.0
 55971   .331088   .000000  -.943600
  28754.4  23622.9      -.2     39.4     70.1     16.3
      -.1     82.7     70.1     44.9  13877.0  14428.4
       2.1      71.0       9.8      56.0
        .8      10.6       1.7       7.4
        .2       5.0       2.0       4.8
        .2       5.0       2.1       4.1
 55972   .254493   .000000  -.967075
  27837.6  22604.2       .2     39.8     69.7     11.0
       .2     82.9     69.6     39.7  13449.4  14014.7
       2.6      71.7       5.2      45.5
       -.1       8.1       2.0       8.1
        .2       5.0       2.0       5.7
        .1       5.0       2.4       5.1
 55973   .172799   .000000  -.984957
  27113.2  20799.5       .5     39.9     69.3      6.1
       .5     83.1     69.3     34.3  12996.8  13520.0
       -.2      70.1       1.4      36.6
        .4      10.8       1.8      10.3
        .1       5.0       2.3       7.2
       -.2       5.0       2.3       6.5
 55974   .087384   .000000  -.996175
  26771.5  17690.9       .3     40.2     69.9      4.0
       .3     83.2     69.2     28.5  12792.1  13315.6
        .6      73.0       2.5      40.1
       -.4       8.1       2.2      13.2
        .2       5.0       2.4       8.9
        .2       5.0       2.5       7.9
 55975   .000000   .000000 -1.000000
  26542.7  15089.7       .1     39.7     69.1     28.9
       .0     83.1     69.1     23.0  12812.5  13291.6
      -3.9      71.0       1.1      40.0
        .1       9.5       2.4      15.8
        .2       5.0       2.8      10.8
        .1       5.0       2.8       9.1
 55976  -.087384   .000000  -.996175
  26306.9  13090.6       .3     40.2     69.1     28.9
       .3     83.3     69.2     17.6  12506.0  13115.2
        .6      68.1       2.1      40.5
       -.6      10.5       2.0      17.8
        .0       5.0       2.5      12.1
        .0       5.0       2.7      10.7
 55977  -.172799   .000000  -.984957
  26592.3  11696.2      -.2     40.2     69.1     28.9
      -.1     83.4     69.0     12.5  12622.1  13303.9
       2.1      65.4        .7      39.3
        .2       9.9       1.8      19.1
        .1       5.0       2.1      13.4
        .1       5.0       2.5      11.9
 55978  -.254493   .000000  -.967075
  27017.3  10703.8       .4     40.2     69.1     28.9
       .4     83.5     69.2      8.5  12861.8  13367.0
      -1.3      68.6       1.0      41.1
        .1       7.7       1.5      19.1
        .2       5.0       1.9      13.6
        .3       5.0       2.0      12.9
 55979  -.331088   .000000  -.943600
  27684.6   9936.0       .3     40.4     69.1     28.9
       .4     83.5     69.3      8.2  13208.8  13782.6
        .9      71.7       -.8      39.9
        .0      11.8       1.8      19.5
       -.1       5.0       1.8      14.2
        .0       5.0       1.7      12.9
 55980  -.465746   .000000  -.884918
  29470.9   8852.8       .3     40.6     69.1     28.9
       .3     83.8     69.1     57.7  14619.4  15119.5
       4.1      63.5      -1.6      42.3
        .4      12.1       1.2      22.5
        .1       5.0       1.7      16.3
        .2       5.0       1.6      14.7
 55981  -.574426   .000000  -.818557
  31649.9   8165.9      -.1     40.6     69.1     28.9
      -.1     83.7     69.1     57.7  15760.2  16373.0
       -.1      69.9      -1.3      40.7
       -.4      12.0        .4      21.9
       -.3       5.0        .8      16.2
        .2       5.0        .7      15.5
 55982  -.659438   .000000  -.751759
  34692.9   7928.6       .3     40.5     69.1     28.9
       .4     83.6     69.1     57.7  17637.2  18386.3
      -2.6      75.4      -4.9      44.8
        .6      13.6        .3      24.4
        .2       5.0        .9      18.1
        .1       5.0        .8      16.5
 55983  -.724999   .000000  -.688749
  37783.5   7633.1      -.1     40.2     69.1     28.9
      -.1     83.6     69.1     57.7  19361.3  20111.5
       6.7      72.5      -4.1      41.1
       1.7      17.1        .3      23.4
        .3       5.3        .2      17.8
       -.1       5.0        .3      16.9
 55984  -.775436   .000000  -.631426
  41305.8   7506.4      -.1     40.5     69.1     28.9
      -.1     83.6     69.1     57.7  21688.9  22435.1
      -3.7      79.0      -5.2      42.4
        .7      20.3        .0      24.5
        .4       5.0        .7      18.6
       -.2       5.0        .1      17.1
 55985  -.814421   .000000  -.580275
  45017.6   7470.9       .2     40.5     69.1     28.9
       .1     83.4     69.1     57.7  23987.4  24715.6
      -2.8      80.0      -5.0      40.3
       -.8      22.7        .0      23.7
        .2       5.0        .1      18.5
       -.2       5.0       -.1      17.5
 55986  -.844819   .000000  -.535052
  48661.5   7501.5       .1     40.2     69.1     28.9
       .1     83.3     69.1     57.7  26778.0  27582.4
      -4.8      79.3      -5.1      39.8
        .4      22.4        .0      24.6
        .0       5.0       -.3      18.8
        .3       5.0       -.3      17.4
 55987  -.868777   .000000  -.495203
  52532.2   7410.9      -.3     40.4     69.1     28.9
      -.3     83.3     69.1     57.7  28454.2  29510.2
       1.4      79.8      -6.1      37.9
       -.4      22.9      -1.1      23.5
        .3       6.4       -.3      18.4
       -.1       5.0       -.4      17.4
 55988  -.887877   .000000  -.460082
  56630.4   7503.4       .0     40.2     69.1     28.9
       .0     83.2     69.1     57.7  31310.7  32287.6
       1.4      82.9      -6.1      40.5
        .4      27.5       -.7      24.5
        .4       8.8       -.4      19.4
        .0       5.0       -.6      17.7
 55989  -.903278   .000000  -.429057
  60942.3   7482.8      -.1     40.1     69.1     28.9
      -.1     83.0     69.1     57.7  33872.2  34960.7
        .2      78.8      -5.6      37.5
       -.6      29.0       -.9      24.0
       -.2       6.6       -.5      18.7
       -.1       5.0       -.9      17.6
 55990   .840060  -.367526  -.399028
  65868.0  13531.4      -.1     43.3     69.1     28.9
      -.2     17.3     69.1     57.7  37070.9  38048.2
      -6.3      62.0      11.6      48.0
      -1.0      24.5       1.7      21.0
       -.4      16.0       1.1      14.6
       -.3      13.4       1.2      12.4
 55991   .817505  -.390173  -.423616
  62257.6  14317.1      -.1     43.3     69.1     28.9
       .1     17.8     69.1     57.7  34802.8  35915.5
      -6.4      61.2      11.7      49.7
       -.5      24.8       1.8      20.7
       -.6      16.5       1.7      14.9
       -.2      13.6       1.6      12.8
 55992   .790440  -.414981  -.450551
  58502.7  15294.4      -.1     43.3     69.1     28.9
      -.2     18.2     69.1     57.7  32441.4  33456.5
      -6.5      61.3      12.2      49.0
       -.7      24.9       2.4      20.4
       -.4      16.5       1.8      13.6
       -.2      13.6       1.7      11.5
 55993   .757796  -.442047  -.479937
  54943.7  16839.2      -.1     43.3     69.1     28.9
      -.2     18.7     69.1     57.7  30142.3  31161.9
      -5.2      59.3      12.5      48.7
       -.8      25.1       2.4      19.6
       -.4      16.7       2.0      13.2
       -.4      13.7       2.2      11.3
 55994   .718269  -.471364  -.511767
  51912.7  18309.9      -.1     43.3     69.1     28.9
       .0     19.1     69.1     57.7  27956.3  29084.5
      -8.9      62.2      13.2      54.5
       -.8      25.7       3.3      19.5
       -.4      17.0       2.6      12.7
       -.6      14.0       2.9      10.4
 55995   .670317  -.502738  -.545830
  48591.0  20748.3      -.1     43.3     69.1     28.9
      -.2     19.7     68.8      7.3  26058.9  26979.7
      -8.1      58.2      11.3      51.1
       -.9      26.2       2.7      17.3
       -.5      17.3       2.7      11.3
       -.4      14.1       3.0       9.5
 55996   .612205  -.535679  -.581595
  45720.8  21482.2      -.1     43.3     69.1     28.9
      -.3     20.3     68.7     18.8  24314.3  25113.2
      -7.7      61.0      12.4      51.8
       -.9      25.7       4.0      16.2
       -.3      17.3       3.6      10.2
       -.5      14.2       3.8       8.3
 55997   .542159  -.569267  -.618061
  42987.4  20979.7      -.1     43.3     68.9      4.2
      -.3     20.7     68.6     31.7  22576.4  23346.7
      -6.7      59.7       9.4      51.7
      -1.0      26.5       3.5      12.2
       -.4      17.5       3.2       7.7
       -.5      14.4       3.3       6.5
 55998   .458673  -.602008  -.653609
  40806.6  19953.1      -.1     43.3     68.7     15.3
      -.7     21.3     68.7     44.0  21193.2  21940.1
      -5.9      60.1      12.5      62.7
       -.2      26.6       3.3      10.6
       -.4      18.0       3.5       4.8
       -.5      14.8       3.6       4.2
 55999   .361020  -.631785  -.685938
  38937.3  19022.8      -.1     43.3     71.8     24.4
      -.4     21.8     71.7     52.8  20291.3  20885.4
      -9.6      59.2      14.0      76.2
       -.8      27.2       1.4      15.7
       -.1      17.9       2.3       3.5
       -.4      14.7       2.4       3.0
 56000   .249898  -.655981  -.712208
  37343.0  18163.2      -.1     43.3     70.3     15.9
      -.3     22.1     70.3     44.5  19169.2  19796.1
      -5.7      58.1       6.4      61.7
       -.3      27.3       2.1       9.6
       -.3      18.3       2.1       4.5
       -.2      14.9       2.1       4.1
 56001   .190037  -.665130  -.722141
  36559.4  17806.6      -.1     43.3     69.4     10.2
      -.4     22.4     69.6     38.6  18529.2  19376.8
      -7.2      57.9       4.0      53.2
       -.3      27.4       1.9       9.5
       -.3      18.2       2.1       5.5
       -.3      15.1       2.3       4.8
 56002   .127982  -.671905  -.729496
  36277.4  17634.6      -.1     43.3     69.2      4.9
      -.5     22.4     69.3     32.8  18469.4  19109.5
      -7.9      58.0       1.5      45.8
       -.8      27.7       2.0      10.5
       -.3      18.4       2.1       6.9
       -.2      15.0       2.3       6.0
 56003   .064388  -.676070  -.734019
  35905.8  17273.7      -.1     43.3     72.1      4.1
      -.1     22.8     69.4     27.0  18479.2  18921.7
      -6.3      58.3       3.2      46.2
       -.5      27.9       2.3      12.9
        .0      18.8       2.6       8.4
       -.2      15.4       2.3       7.1
 56004   .000000  -.677476  -.735545
  35728.9  16783.3      -.1     43.3     69.1     28.9
      -.1     22.9     69.0     21.1  17869.6  18452.4
      -8.0      57.5       3.1      41.9
       -.4      28.1       2.2      14.9
        .1      18.4       2.7       9.7
       -.2      15.6       2.5       8.4
 56005  -.064388  -.676070  -.734019
  35888.5  16016.2      -.1     43.3     69.1     28.9
      -.4     23.0     68.7     15.4  18011.6  18724.1
      -7.2      58.4        .2      44.9
       -.1      27.9       2.3      16.6
       -.2      18.8       2.4      11.0
       -.3      15.6       2.4       9.5
 56006  -.127982  -.671905  -.729496
  35842.1  15276.5      -.1     43.3     69.1     28.9
       .2     22.9     68.8     10.1  18246.0  18985.0
      -8.1      61.5       -.2      45.5
       -.3      27.7       1.7      17.0
       -.2      18.3       1.8      11.7
       -.3      15.5       2.0      10.4
 56007  -.190037  -.665130  -.722141
  36057.5  14019.0      -.1     43.3     69.1     28.9
      -.2     22.8     69.5      7.1  18046.8  18708.6
      -6.0      58.3       -.5      38.7
        .0      28.1       1.6      16.8
        .0      18.4       1.6      11.9
       -.1      15.7       1.8      10.9
 56008  -.249898  -.655981  -.712208
  36653.7  12835.6      -.1     43.3     69.1     28.9
      -.3     23.0     69.7     10.1  18901.9  19442.4
      -8.6      60.0        .4      43.2
       -.4      27.9       1.4      17.9
       -.5      18.8       1.6      12.8
       -.4      15.5       1.8      11.2
 56009  -.361020  -.631785  -.685938
  37889.7  11421.0      -.1     43.3     69.1     28.9
       .0     22.4     69.1     57.7  19131.7  19844.0
      -5.5      59.0       -.8      43.9
       -.4      28.1       1.0      20.7
       -.3      18.3       1.1      14.5
        .0      15.6       1.6      13.4
 56010  -.458673  -.602008  -.653609
  39688.7  10394.7      -.1     43.3     69.1     28.9
      -.2     22.0     69.1     57.7  20216.1  20992.1
      -5.7      59.4      -2.5      39.1
       -.2      27.9        .7      20.1
       -.1      18.0       1.0      14.6
       -.2      15.4       1.1      13.7
 56011  -.542159  -.569267  -.618061
  42042.9   9655.7      -.1     43.3     69.1     28.9
      -.1     21.4     69.1     57.7  21592.9  22498.5
      -5.8      59.8      -4.5      42.5
       -.2      26.9        .8      22.4
       -.3      17.8        .7      16.6
       -.3      14.9        .9      15.3
 56012  -.612205  -.535679  -.581595
  44466.7   9129.3      -.1     43.3     69.1     28.9
       .3     20.8     69.1     57.7  23546.0  24325.0
      -6.7      59.6      -4.1      39.4
       -.1      26.8        .1      21.2
       -.3      17.4        .4      16.3
       -.3      14.5        .6      15.4
 56013  -.670317  -.502738  -.545830
  47428.0   8785.7      -.1     43.3     69.1     28.9
       .0     20.3     69.1     57.7  25227.1  26182.3
      -8.2      60.3      -5.0      41.4
      -1.0      26.4        .0      23.1
       -.5      17.0        .0      17.6
        .0      14.4        .3      16.3
 56014  -.718269  -.471364  -.511767
  50533.0   8524.2      -.1     43.3     69.1     28.9
       .0     19.8     69.1     57.7  27610.1  28426.9
      -7.6      61.9      -4.5      40.3
       -.3      25.8        .0      22.0
       -.1      16.7        .0      17.2
       -.7      14.2       -.3      16.4
 56015  -.757796  -.442047  -.479937
  54063.0   8303.3      -.1     43.3     69.1     28.9
       .0     19.2     69.1     57.7  29564.7  30559.6
      -6.2      59.2      -5.5      40.2
        .5      25.8        .3      23.2
       -.7      16.6       -.1      18.5
       -.2      14.1       -.1      17.2
 56016  -.790440  -.414981  -.450551
  57454.4   8200.8      -.1     43.3     69.1     28.9
      -.4     18.6     69.1     57.7  32024.2  32962.5
      -3.7      59.6      -4.7      39.5
       -.5      25.0       -.9      22.3
       -.3      16.2       -.2      18.0
       -.3      13.7       -.5      16.9
 56017  -.817505  -.390173  -.423616
  61276.4   8131.8      -.1     43.3     69.1     28.9
      -.2     18.1     69.1     57.7  34639.8  35566.8
      -6.1      59.9      -5.4      38.8
       -.9      25.2       -.6      24.1
       -.1      16.1       -.3      19.1
       -.4      13.6       -.4      17.4
 56018  -.840060  -.367526  -.399028
  64983.7   8152.5      -.1     43.3     69.1     28.9
      -.3     17.7     69.1     57.7  36154.0  37878.1
      -3.5      63.0      -5.6      36.8
       -.1      24.8       -.6      22.5
       -.1      15.9       -.6      18.4
       -.4      13.3       -.4      17.6
 56019   .708659  -.620076  -.336613
  78238.3  15596.0      -.1     43.3     69.1     28.9
      -.1     86.6     69.1     57.7  45012.0  46533.8
      -8.4      54.3      10.1      49.3
       -.5      22.8       1.2      20.7
       -.5      17.5       1.1      14.1
       -.5      16.1       1.2      11.6
 56020   .677337  -.646549  -.350984
  74733.6  16069.6      -.1     43.3     69.1     28.9
      -.1     86.6     69.1     57.7  43052.4  44214.1
      -6.9      56.3       9.9      48.0
       -.7      22.5       1.7      20.1
       -.5      17.5       1.3      13.5
       -.3      16.2       1.3      11.6
 56021   .641844  -.673936  -.365851
  72135.9  17047.2      -.1     43.3     69.1     28.9
      -.1     86.6     69.1     57.7  40492.0  42653.2
     -10.8      57.5      10.1      51.7
       -.9      23.2       2.2      20.0
       -.5      17.5       1.5      12.8
       -.1      16.4       1.5      10.8
 56022   .601687  -.701968  -.381068
  69170.5  17043.5      -.1     43.3     69.1     28.9
      -.1     86.6     69.1     57.7  39735.3  40690.5
     -11.7      59.3       9.7      56.0
       -.8      22.9       2.3      18.7
        .0      17.7       1.5      11.9
       -.4      16.3       1.9      10.1
 56023   .556388  -.730259  -.396426
  66432.7  16714.2      -.1     43.3     69.1     28.9
      -.1     86.6     69.1     57.7  38263.2  38997.9
      -8.0      52.9      12.3      58.7
       -.6      22.8       2.6      18.6
       -.6      18.0       2.2      11.5
       -.2      16.4       2.4       9.4
 56024   .505524  -.758286  -.411641
  64148.3  16146.4      -.1     43.3     69.1     28.9
      -.1     86.6     68.6      5.8  35723.7  36811.2
      -7.7      53.5      11.5      58.3
       -.7      22.9       3.0      17.5
       -.7      17.7       2.7      10.1
      -1.0      16.7       2.8       8.3
 56025   .448787  -.785377  -.426348
  62245.0  15630.2      -.1     43.3     69.1     28.9
      -.1     86.6     68.5     17.4  34840.4  35708.7
      -9.8      57.6      12.1      62.6
       -.8      22.9       3.6      16.6
       -.6      18.1       3.5       9.3
       -.6      17.1       3.5       7.6
 56026   .386057  -.810720  -.440105
  60300.7  15180.8      -.1     43.3     68.6      3.1
      -.1     86.6     68.3     30.2  33650.6  34390.0
      -9.8      51.3       9.4      64.2
       -.8      23.2       3.1      15.0
       -.7      18.1       3.1       7.2
       -.4      17.3       3.1       6.0
 56027   .317480  -.833386  -.452409
  58633.2  14747.8      -.1     43.3     68.0     14.4
      -.1     86.6     68.0     42.9  32599.4  33500.8
      -8.1      51.3      10.0      74.7
       -.9      23.1       3.3      17.3
       -.7      18.3       3.3       4.7
       -.3      17.7       3.4       4.2
 56028   .243541  -.852392  -.462727
  57253.7  14449.9      -.1     43.3     71.3     23.9
      -.1     86.6     71.4     52.4  31412.2  32437.0
      -9.5      52.9      12.0      86.6
       -.5      23.3       2.3      28.6
       -.6      18.7       2.4       4.1
       -.9      17.7       2.4       3.0
 56029   .165103  -.866792  -.470544
  56188.3  14205.2      -.1     43.3     70.6     15.1
      -.1     86.6     70.6     43.8  30942.1  32066.3
     -11.7      52.5       7.0      71.7
       -.8      23.4       1.5      20.0
       -.5      18.6       2.0       5.0
       -.7      17.6       2.1       4.0
 56030   .124573  -.872008  -.473376
  55666.6  14012.3      -.1     43.3     69.9      9.1
      -.1     86.6     70.1     37.9  30861.2  31873.0
      -9.1      52.3       2.0      68.1
       -.8      23.1       2.1      13.5
       -.7      18.6       2.2       5.2
       -.4      18.1       2.2       4.6
 56031   .083409  -.875791  -.475429
  55343.9  14006.0      -.1     43.3     69.4      3.4
      -.1     86.6     69.8     31.5  30772.3  31822.6
     -10.0      52.1       8.2      60.8
       -.4      23.5       1.9      13.2
       -.5      18.8       2.1       6.4
       -.5      18.4       2.2       5.4
 56032   .041814  -.878085  -.476675
  55337.5  13990.7      -.1     43.3     69.1     28.9
      -.1     86.6     69.3     25.1  29853.0  30930.8
     -11.3      52.2       5.6      55.1
       -.7      23.7       2.3      14.4
       -.6      18.9       2.5       7.4
       -.4      17.9       2.4       6.1
 56033   .000000  -.878853  -.477092
  55256.2  13897.0      -.1     43.3     69.1     28.9
      -.1     86.6     69.2     18.9  30324.8  31106.0
      -8.7      52.5       3.7      54.6
       -.7      23.3       2.5      15.3
       -.3      18.8       2.5       8.5
       -.5      18.2       2.4       7.1
 56034  -.041814  -.878085  -.476675
  55126.2  13931.0      -.1     43.3     69.1     28.9
      -.1     86.6     68.9     12.7  29894.8  30914.5
      -9.6      50.3        .4      50.8
       -.3      23.3       2.0      15.7
       -.3      18.9       2.1       9.3
      -1.0      18.2       2.2       7.7
 56035  -.083409  -.875791  -.475429
  55297.4  13977.7      -.1     43.3     69.1     28.9
      -.1     86.6     68.8      7.0  30760.5  31528.5
      -9.4      52.1       1.5      50.3
       -.3      23.3       1.5      15.4
       -.1      19.2       1.7       9.6
       -.7      18.2       1.7       8.1
 56036  -.124573  -.872008  -.473376
  55181.8  13974.8      -.1     43.3     69.1     28.9
      -.1     86.6     69.0      5.4  30156.8  31288.7
      -7.8      52.4       2.5      48.3
       -.6      23.6       1.5      15.0
       -.5      19.1       1.4       9.6
       -.5      17.9       1.4       8.3
 56037  -.165103  -.866792  -.470544
  55699.9  14004.9      -.1     43.3     69.1     28.9
      -.1     86.6     69.1     57.7  30712.5  31584.1
      -9.4      49.1      -1.1      50.8
       -.5      23.4       1.2      16.9
       -.4      19.2       1.6      11.0
       -.2      18.2       1.8       9.2
 56038  -.243541  -.852392  -.462727
  56627.0  13747.4      -.1     43.3     69.1     28.9
      -.1     86.6     69.1     57.7  31682.2  32510.6
      -8.5      52.0      -1.8      46.3
       -.6      23.7        .8      17.6
       -.2      19.0       1.2      11.9
       -.5      18.2       1.2      10.4
 56039  -.317480  -.833386  -.452409
  57664.5  13477.3      -.1     43.3     69.1     28.9
      -.1     86.6     69.1     57.7  31411.6  32553.3
      -9.5      54.6      -3.4      42.9
       -.2      24.0        .9      18.0
       -.1      18.8        .9      12.5
       -.3      18.2        .9      10.8
 56040  -.386057  -.810720  -.440105
  58975.1  12642.9      -.1     43.3     69.1     28.9
      -.1     86.6     69.1     57.7  32708.6  33737.5
     -11.5      52.4      -2.3      42.7
       -.4      23.6        .3      19.2
       -.6      18.6        .5      13.8
       -.1      17.7        .6      12.3
 56041  -.448787  -.785377  -.426348
  60970.6  12271.7      -.1     43.3     69.1     28.9
      -.1     86.6     69.1     57.7  34359.2  35009.2
      -8.0      52.6      -2.9      42.8
       -.3      23.5        .0      18.6
       -.6      18.8        .2      13.9
        .0      17.8        .5      12.1
 56042  -.505524  -.758286  -.411641
  63365.7  11499.6      -.1     43.3     69.1     28.9
      -.1     86.6     69.1     57.7  35531.7  36557.5
     -11.8      57.5      -5.3      42.6
      -1.1      23.8       -.3      20.9
       -.2      18.6        .1      15.3
       -.3      17.3        .3      13.6
 56043  -.556388  -.730259  -.396426
  65728.1  11057.1      -.1     43.3     69.1     28.9
      -.1     86.6     69.1     57.7  37118.7  38329.7
     -10.4      54.6      -5.2      39.7
       -.6      23.6        .0      19.6
        .3      18.5        .3      15.0
       -.1      16.8        .1      13.4
 56044  -.601687  -.701968  -.381068
  68135.6  10479.3      -.1     43.3     69.1     28.9
      -.1     86.6     69.1     57.7  38301.3  39716.4
      -7.6      55.0      -4.5      41.3
       -.5      23.6       -.3      21.7
       -.6      18.1       -.2      16.2
       -.3      17.0       -.1      14.8
 56045  -.641844  -.673936  -.365851
  71147.3  10227.0      -.1     43.3     69.1     28.9
      -.1     86.6     69.1     57.7  39484.9  41033.1
      -8.6      58.3      -5.3      39.0
       -.9      23.7      -1.0      20.7
       -.3      17.9       -.2      15.9
       -.4      16.6       -.2      14.4
 56046  -.677337  -.646549  -.350984
  73768.5   9852.9      -.1     43.3     69.1     28.9
      -.1     86.6     69.1     57.7  42340.3  43174.1
      -9.2      56.4      -6.5      40.8
       -.2      23.2       -.5      22.1
       -.5      17.8       -.4      17.2
       -.5      16.7       -.5      15.8
 56047  -.708659  -.620076  -.336613
  77020.5   9691.9      -.1     43.3     69.1     28.9
      -.1     86.6     69.1     57.7  44474.9  45760.9
      -6.8      54.2      -4.5      36.1
       -.6      23.0       -.6      20.6
       -.1      17.7       -.4      16.4
        .0      16.1       -.2      15.4
 56048   .482910  -.845093  -.229382
 114893.3  14963.0      -.1     43.3     69.1     28.9
      -.1     86.6     69.1     57.7  68897.6  71175.3
      -7.6      55.0       7.3      54.5
      -1.2      22.3       1.4      21.5
       -.5      16.9        .9      12.4
       -.3      14.9        .7      10.0
 56049   .451149  -.861285  -.233777
 112516.5  14684.3      -.1     43.3     69.1     28.9
      -.1     86.6     69.1     57.7  67537.9  69398.6
     -10.3      53.1      11.6      59.8
      -1.7      22.2       2.3      23.0
       -.5      16.5        .8      11.0
       -.3      15.4        .9       9.4
 56050   .417577  -.876913  -.238019
 110779.1  14512.9      -.1     43.3     69.1     28.9
      -.1     86.6     69.1     57.7  65524.3  68029.5
     -11.3      49.9       9.4      66.9
      -1.3      22.7       2.1      22.6
       -.5      16.9       1.4      11.1
       -.5      15.7       1.5       9.1
 56051   .382204  -.891810  -.242063
 108775.9  14206.1      -.1     43.3     69.1     28.9
      -.1     86.6     69.1     57.7  66105.0  67776.2
     -14.5      55.9      12.6      68.0
      -1.4      23.6       2.0      20.9
       -.2      16.9       1.1       9.8
       -.5      15.4       1.3       8.3
 56052   .345068  -.905804  -.245861
 107032.2  13919.2      -.1     43.3     69.1     28.9
      -.1     86.6     69.1     57.7  64974.2  66533.8
     -12.5      50.9      12.0      74.2
      -1.3      22.8       3.2      23.1
       -.6      17.0       2.2      10.0
       -.7      15.8       2.3       8.0
 56053   .306238  -.918714  -.249365
 105494.2  13748.4      -.1     43.3     69.1     28.9
      -.1     86.6     68.5      3.3  63963.1  65908.1
      -8.5      48.5      10.3      75.3
      -1.2      22.0       2.8      20.7
       -.3      17.1       2.0       8.6
       -.8      16.0       2.2       7.0
 56054   .265817  -.930361  -.252527
 104582.8  13711.6      -.1     43.3     69.1     28.9
      -.1     86.6     68.0     15.4  61876.4  64176.5
     -12.3      54.7       5.3      78.4
       -.7      22.8       3.3      23.3
       -.4      17.3       3.2       8.3
       -.7      15.9       3.3       6.5
 56055   .223945  -.940570  -.255298
 103432.1  13541.0      -.1     43.3     68.6      1.8
      -.1     86.6     68.1     28.5  61833.1  63651.0
     -10.3      51.6      12.5      88.4
      -1.3      23.2       2.8      23.1
       -.5      17.1       2.9       7.1
       -.8      16.0       3.0       5.5
 56056   .180796  -.949177  -.257634
 102378.1  13329.6      -.1     43.3     67.4     13.3
      -.1     86.6     67.5     41.7  61351.6  63026.3
     -15.8      56.3      12.4      99.0
      -1.0      22.4       2.9      30.8
       -.9      17.3       3.1       7.5
       -.9      15.9       3.1       4.3
 56057   .136577  -.956038  -.259496
 101869.9  13316.4      -.1     43.3     71.3     23.0
      -.1     86.6     71.3     51.5  60071.4  62600.6
     -11.7      51.7       8.4     107.4
       -.9      22.4       2.1      51.3
       -.4      17.6       2.1      14.6
       -.7      16.1       2.3       3.0
 56058   .091527  -.961030  -.260851
 101138.1  13201.3      -.1     43.3     71.3     14.5
      -.1     86.6     71.3     43.1  60513.8  62343.0
     -13.9      58.3       5.2      97.3
      -1.4      22.4       2.8      33.7
       -.6      17.6       2.2       7.8
       -.6      16.0       2.2       4.5
 56059   .068771  -.962796  -.261330
 100897.2  13112.6      -.1     43.3     70.7      8.2
      -.1     86.6     70.7     36.6  59889.9  61947.7
     -12.9      48.9       9.0      90.1
      -1.3      23.0       2.0      27.0
       -.6      17.7       2.1       6.9
       -.7      16.0       2.3       4.8
 56060   .045908  -.964064  -.261674
 100815.1  13106.2      -.1     43.3     70.1      2.0
      -.1     86.6     70.2     30.4  59788.7  61496.4
     -13.4      51.9       4.8      84.9
      -1.1      23.0       2.1      24.6
       -.9      17.4       2.1       7.2
      -1.0      15.8       2.2       5.1
 56061   .022972  -.964827  -.261882
 100548.8  13147.7      -.1     43.3     69.1     28.9
      -.1     86.6     70.2     23.7  60372.1  62068.0
     -10.7      54.0       3.3      75.9
      -1.4      22.7       2.7      22.9
       -.9      17.5       2.5       7.6
       -.5      16.0       2.5       5.3
 56062   .000000  -.965081  -.261951
 100596.1  13160.1      -.1     43.3     69.1     28.9
      -.1     86.6     69.7     17.0  58989.2  61085.7
      -9.1      50.1       4.4      74.8
       -.9      22.8       2.6      22.0
       -.5      17.5       2.4       7.5
       -.7      16.2       2.3       5.8
 56063  -.022972  -.964827  -.261882
 100462.5  13112.8      -.1     43.3     69.1     28.9
      -.1     86.6     69.8     10.5  59901.5  61363.9
     -10.1      54.5       3.4      74.7
      -1.0      22.5       1.5      20.5
       -.7      17.6       1.9       8.2
       -.4      16.2       2.1       6.2
 56064  -.045908  -.964064  -.261674
 100388.2  13097.4      -.1     43.3     69.1     28.9
      -.1     86.6     69.4      4.2  60385.8  62037.6
     -12.7      51.5       3.6      78.5
       -.9      22.4       1.0      19.4
       -.7      17.7       1.4       8.0
       -.8      16.0       1.5       6.3
 56065  -.068771  -.962796  -.261330
 100875.9  13154.2      -.1     43.3     69.1     28.9
      -.1     86.6     69.1     57.7  59729.7  61749.3
     -12.3      53.5       3.4      71.5
      -1.2      22.7       1.5      19.9
       -.6      17.7       1.5       8.0
       -.5      16.3       1.5       6.5
 56066  -.091527  -.961030  -.260851
 100929.6  13270.1      -.1     43.3     69.1     28.9
      -.1     86.6     69.1     57.7  59703.9  61107.9
      -8.2      47.2       2.0      67.7
      -1.1      23.0       1.2      19.7
       -.5      17.5       1.5       9.3
       -.8      16.3       1.5       7.3
 56067  -.136577  -.956038  -.259496
 100980.8  13176.5      -.1     43.3     69.1     28.9
      -.1     86.6     69.1     57.7  60722.7  62034.3
     -10.0      55.6       1.8      62.0
       -.9      23.2        .8      17.7
       -.5      17.3        .8       9.1
       -.4      16.3       1.0       7.5
 56068  -.180796  -.949177  -.257634
 101729.0  13272.2      -.1     43.3     69.1     28.9
      -.1     86.6     69.1     57.7  60641.3  62823.8
      -7.1      48.8       -.1      59.3
      -1.2      22.6        .3      17.0
       -.3      17.6        .7      10.0
       -.5      16.2        .8       8.4
 56069  -.223945  -.940570  -.255298
 102760.3  13403.2      -.1     43.3     69.1     28.9
      -.1     86.6     69.1     57.7  61278.9  63087.3
     -11.1      56.9      -1.3      51.7
       -.7      23.3        .0      18.1
       -.2      17.5        .5      10.6
       -.6      16.1        .3       8.8
 56070  -.265817  -.930361  -.252527
 103815.3  13494.2      -.1     43.3     69.1     28.9
      -.1     86.6     69.1     57.7  62512.3  64244.6
      -9.4      50.1      -6.5      55.8
       -.8      22.9        .3      17.8
       -.5      17.2        .3      11.1
       -.5      16.1        .1       9.4
 56071  -.306238  -.918714  -.249365
 105038.3  13547.0      -.1     43.3     69.1     28.9
      -.1     86.6     69.1     57.7  63248.7  64653.8
     -11.6      51.7      -5.2      51.7
       -.9      23.1       -.2      18.4
       -.4      17.6        .1      11.7
       -.2      16.0        .2      10.0
 56072  -.345068  -.905804  -.245861
 106359.3  13619.3      -.1     43.3     69.1     28.9
      -.1     86.6     69.1     57.7  63726.2  65640.4
     -10.1      53.3      -4.9      47.7
       -.9      22.7       -.3      17.1
       -.3      17.1        .1      11.7
       -.4      16.2       -.1      10.4
 56073  -.382204  -.891810  -.242063
 108127.5  13571.8      -.1     43.3     69.1     28.9
      -.1     86.6     69.1     57.7  64723.7  66613.6
      -9.8      50.9      -4.5      43.4
       -.7      23.0       -.6      19.4
       -.4      17.3       -.1      12.7
       -.5      15.8       -.1      11.1
 56074  -.417577  -.876913  -.238019
 109731.9  13442.7      -.1     43.3     69.1     28.9
      -.1     86.6     69.1     57.7  65064.7  67264.0
     -13.7      56.1      -7.0      41.8
      -1.0      23.2       -.6      18.0
       -.2      17.1       -.2      12.5
       -.7      15.7       -.5      11.0
 56075  -.451149  -.861285  -.233777
 111752.1  13306.8      -.1     43.3     69.1     28.9
      -.1     86.6     69.1     57.7  66442.1  68836.3
      -9.9      53.9      -4.0      42.5
       -.5      22.8       -.4      18.9
       -.2      17.0       -.4      13.9
       -.4      15.9       -.3      12.3
 56076  -.482910  -.845093  -.229382
 113485.5  13009.0      -.1     43.3     69.1     28.9
      -.1     86.6     69.1     57.7  69081.6  71157.9
      -9.6      50.4      -4.7      36.5
      -1.2      22.0       -.7      18.0
       -.2      16.8       -.3      13.1
       -.2      15.5       -.2      11.7
 56077   .337328  -.927651  -.160231
 164144.8  14003.5      -.1     43.3     69.1     28.9
      -.1     86.6     69.1     57.7 103238.2 106217.7
      -9.1      49.1       6.8      65.0
      -1.6      22.9       1.6      24.0
       -.8      17.4        .9      11.4
       -.2      16.4        .7       8.9
 56078   .312066  -.936198  -.161707
 162820.2  13794.3      -.1     43.3     69.1     28.9
      -.1     86.6     69.1     57.7 101877.2 105082.2
     -10.8      51.3       9.2      72.1
      -1.6      22.5       2.2      24.5
       -.7      17.3        .9      10.0
       -.4      16.1        .5       8.0
 56079   .286124  -.944211  -.163091
 161468.0  13691.0      -.1     43.3     69.1     28.9
      -.1     86.6     69.1     57.7 101281.2 103845.8
     -10.6      50.8       5.9      78.6
      -1.6      23.2       2.5      26.2
       -.6      17.4       1.3      10.2
       -.7      16.4       1.4       8.0
 56080   .259539  -.951641  -.164374
 160129.9  13656.3      -.1     43.3     69.1     28.9
      -.1     86.6     69.1     57.7  99874.3 102718.3
      -9.5      48.6       7.9      82.5
      -1.6      23.8       2.3      26.7
       -.7      17.6       1.0       9.2
       -.5      16.4       1.0       7.0
 56081   .232349  -.958440  -.165549
 159291.3  13589.1      -.1     43.3     69.1     28.9
      -.1     86.6     69.1     57.7 100099.6 102642.4
      -9.9      48.1      11.4      87.1
      -1.6      24.0       3.3      28.3
       -.6      17.7       2.1       9.9
       -.3      16.5       2.0       7.2
 56082   .204604  -.964562  -.166606
 158096.3  13423.4      -.1     43.3     69.1     28.9
      -.1     86.6     68.5      2.3  98852.6 100937.5
     -10.8      47.8      12.0      92.2
      -1.1      22.8       2.5      28.4
       -.7      17.7       1.9       8.9
       -.5      16.3       1.9       6.2
 56083   .176357  -.969963  -.167539
 157729.7  13392.0      -.1     43.3     69.1     28.9
      -.1     86.6     68.0     14.0  99682.0 101771.7
     -10.4      50.1      12.9      94.9
      -1.5      22.9       3.5      31.8
       -.8      17.9       2.9       9.3
       -.8      16.6       2.9       6.1
 56084   .147667  -.974605  -.168341
 157169.7  13280.2      -.1     43.3     69.1     28.9
      -.1     86.6     67.7     27.5  98798.1 101282.3
      -8.4      45.7       9.1     101.8
      -1.3      23.6       3.0      32.4
       -.5      17.6       2.9       8.6
       -.7      16.1       3.0       5.3
 56085   .118600  -.978453  -.169006
 156075.9  13166.1      -.1     43.3     67.4     12.5
      -.1     86.6     67.5     40.9  97601.8  99739.1
     -12.0      51.3      11.0     115.3
      -1.4      22.6       3.0      44.5
       -.7      18.0       2.6      11.4
       -.9      16.6       2.8       5.2
 56086   .089225  -.981478  -.169528
 155514.3  13258.9      -.1     43.3     71.1     22.8
      -.1     86.6     71.1     50.8  96756.6  99781.6
     -15.0      58.1        .6     119.9
      -1.8      23.6       3.5      61.9
       -.7      17.7       2.5      20.4
      -1.0      16.1       2.2       8.7
 56087   .059616  -.983656  -.169904
 155544.4  13184.3      -.1     43.3     71.4     14.1
      -.1     86.6     71.5     42.5  96986.4  99522.0
     -12.0      50.9       8.3     116.3
      -1.4      23.8       2.8      48.8
       -.6      17.8       2.3      14.4
       -.5      16.5       2.3       5.2
 56088   .044746  -.984421  -.170036
 155378.8  13136.2      -.1     43.3     71.0      7.6
      -.1     86.6     71.1     36.2  96965.6 100094.3
     -12.7      54.1      14.6     107.7
      -1.6      24.1       2.3      40.8
       -.8      17.8       2.4      11.0
       -.6      16.5       2.2       5.5
 56089   .029848  -.984969  -.170131
 154974.6  13105.7      -.1     43.3     69.7     24.2
      -.1     86.6     71.3     29.6  95978.1  99783.4
     -13.3      53.7       9.2     104.8
      -2.1      23.6       2.1      35.4
       -.8      17.8       2.2      10.3
      -1.0      16.4       2.3       6.0
 56090   .014929  -.985299  -.170188
 155057.1  13137.6      -.1     43.3     69.1     28.9
      -.1     86.6     70.8     22.9  96241.6  99752.1
     -12.9      52.7      11.6     102.6
      -1.4      23.5       2.7      31.4
       -.5      17.9       2.7       8.0
       -.7      16.3       2.7       4.8
 56091   .000000  -.985408  -.170207
 154986.6  13211.1      -.1     43.3     69.1     28.9
      -.1     86.6     70.4     16.3  96542.8  99014.3
     -12.7      52.3       5.7      98.7
      -1.4      23.5       1.9      31.2
       -.8      17.6       2.5       9.8
       -.9      16.6       2.4       5.5
 56092  -.014929  -.985299  -.170188
 155052.4  13193.1      -.1     43.3     69.1     28.9
      -.1     86.6     70.2      9.5  96779.4  99679.6
      -9.8      50.6       3.7      91.2
      -1.6      23.5       1.7      29.1
       -.6      17.7       2.1       8.8
       -.7      16.5       2.1       6.2
 56093  -.029848  -.984969  -.170131
 155202.7  13207.3      -.1     43.3     69.1     28.9
      -.1     86.6     69.9      2.9  97238.2  99967.0
     -14.2      52.8       7.1      90.7
      -1.2      23.0       1.5      28.6
       -.6      17.7       1.4       8.2
       -.6      16.4       1.5       5.6
 56094  -.044746  -.984421  -.170036
 155163.3  13152.7      -.1     43.3     69.1     28.9
      -.1     86.6     69.1     57.7  97317.8  99821.6
     -12.7      55.3       -.5      88.0
      -1.4      23.8       1.3      27.6
       -.7      17.8       1.6       8.4
       -.9      16.5       1.5       6.0
 56095  -.059616  -.983656  -.169904
 154937.3  13125.6      -.1     43.3     69.1     28.9
      -.1     86.6     69.1     57.7  97246.7  99248.8
     -10.4      54.0       2.3      85.7
      -1.5      23.9       1.3      26.3
       -.7      17.9       1.6       9.3
      -1.1      16.7       1.7       6.3
 56096  -.089225  -.981478  -.169528
 155088.6  13215.6      -.1     43.3     69.1     28.9
      -.1     86.6     69.1     57.7  97142.5  99735.0
     -10.3      49.3       3.3      74.6
      -1.2      22.8       1.0      23.2
       -.7      17.9        .6       8.8
       -.8      16.4        .7       6.5
 56097  -.118600  -.978453  -.169006
 155795.4  13270.9      -.1     43.3     69.1     28.9
      -.1     86.6     69.1     57.7  97534.2  99605.6
     -12.4      53.6       2.6      71.3
      -1.7      23.6        .7      21.0
       -.7      18.0        .8       9.3
       -.7      16.6        .9       7.2
 56098  -.147667  -.974605  -.168341
 155954.6  13196.4      -.1     43.3     69.1     28.9
      -.1     86.6     69.1     57.7  96494.3  99624.6
      -9.1      47.1      -1.5      61.4
      -1.2      23.1        .0      21.6
       -.8      17.9        .3       9.0
       -.9      16.5        .1       7.2
 56099  -.176357  -.969963  -.167539
 156893.9  13346.3      -.1     43.3     69.1     28.9
      -.1     86.6     69.1     57.7  98205.0 100949.1
      -9.2      50.5      -2.6      65.9
      -1.3      22.4        .0      20.9
       -.4      17.8        .3      10.1
       -.3      16.8        .3       7.8
 56100  -.204604  -.964562  -.166606
 157835.0  13403.5      -.1     43.3     69.1     28.9
      -.1     86.6     69.1     57.7  98012.2 100822.0
      -9.0      50.2      -4.6      52.2
      -1.1      22.8       -.1      20.4
       -.7      17.7       -.2       9.9
       -.5      16.4        .0       8.2
 56101  -.232349  -.958440  -.165549
 158660.8  13395.2      -.1     43.3     69.1     28.9
      -.1     86.6     69.1     57.7  98811.4 101021.1
     -11.9      51.4      -6.1      54.5
      -1.1      23.1       -.3      19.1
       -.5      17.8        .0      10.5
       -.7      16.7        .0       8.5
 56102  -.259539  -.951641  -.164374
 159512.5  13605.6      -.1     43.3     69.1     28.9
      -.1     86.6     69.1     57.7  99552.6 101830.0
     -10.3      48.6      -4.4      51.8
       -.9      22.8       -.6      19.1
       -.6      17.8       -.2      10.5
       -.5      16.4       -.1       8.9
 56103  -.286124  -.944211  -.163091
 160415.3  13628.3      -.1     43.3     69.1     28.9
      -.1     86.6     69.1     57.7 102329.9 104134.4
      -7.5      47.9      -3.2      47.1
      -1.0      23.4       -.6      18.9
       -.4      17.7       -.3      11.0
       -.2      16.4       -.3       9.3
 56104  -.312066  -.936198  -.161707
 161784.5  13677.2      -.1     43.3     69.1     28.9
      -.1     86.6     69.1     57.7 100905.7 103862.3
     -14.1      53.6      -7.2      48.4
      -1.2      23.1      -1.0      18.8
       -.7      17.5       -.4      11.4
       -.2      16.9       -.2      10.1
 56105  -.337328  -.927651  -.160231
 163446.1  13771.5      -.1     43.3     69.1     28.9
      -.1     86.6     69.1     57.7 103581.8 105613.1
     -12.0      53.2      -8.0      42.4
      -1.5      24.2       -.9      18.2
       -.3      17.5       -.3      11.4
       -.5      16.2       -.5       9.9
