Dot1_150x100_prd2017clk:@-200V,3.8T@90d,253K,rhe=1.10,rhh=0.7,0.00/0.00         
   300   1  3.80  60   5  29   0  200.00  253.00     .00  .60700  1750.0     .03  112.14  150.000  100.000  285.000  2400.0     .01   56.07    1.50    1.00     .85
 52601   .000000   .000000 -1.000000
  26034.5  18411.8      -.1     41.8     55.5      8.6
      -.2     84.8     55.1     35.3  10658.0  11302.3
       2.0      69.0       -.6      38.0
       -.3      11.6       -.3      13.3
        .0       5.0        .0       9.1
       -.1       5.0        .2       7.8
 52602   .000000  -.130455  -.991454
  26124.8  18577.3      -.3     36.8     55.7      9.9
      -.3     79.2     55.2     35.3  10494.1  11105.2
      -6.1      59.0       1.3      39.1
       -.3       5.3        .0      13.6
       -.3       5.0        .1       9.1
       -.1       5.0        .3       8.4
 52603   .000000  -.254493  -.967075
  26469.3  19001.9      -.2     30.5     55.7     10.1
      -.3     72.3     55.3     35.1  10218.8  10962.7
      -5.3      53.3       1.1      40.5
       -.4       9.3       -.2      13.2
        .0       6.4        .2       9.3
       -.1       6.2        .3       8.8
 52604   .000000  -.367167  -.930155
  27461.0  19851.1       .3     24.9     55.6     10.2
       .2     64.9     55.0     35.1  10663.2  11357.2
      -5.2      52.2        .9      41.7
       -.4      13.9       -.1      13.5
        .0       9.7        .3       9.6
        .1       8.8        .0       9.2
 52605   .000000  -.465746  -.884918
  28532.2  20220.0       .3     19.3     55.7     10.1
       .0     57.3     55.1     34.5  11717.3  12356.8
      -4.9      51.3       1.9      39.7
       -.2      17.6       -.1      13.4
       -.3      12.5        .1       9.4
        .3      11.5        .3       9.2
 52606   .000000  -.549617  -.835417
  30310.4  19898.7       .4     15.8     55.7      9.8
      -.2     49.0     54.9     34.1  12131.7  12980.0
      -8.0      54.3        .8      41.4
       -.8      22.2       -.2      13.4
       -.2      15.4        .0       9.3
        .3      14.1        .4       8.8
 52607   .000000  -.619644  -.784883
  32055.0  18730.7      1.2     16.3     55.5      9.2
       .2     40.7     54.8     33.6  12438.0  13373.1
      -6.3      59.3       1.3      44.0
       -.1      27.4       -.1      13.1
        .1      19.0        .1       9.3
        .4      16.9        .3       8.7
 52608   .000000  -.677476  -.735545
  34308.1  17492.3      4.5     18.4     55.2      8.8
      -.2     32.5     54.8     32.9  14522.4  15551.4
      -8.3      62.7        .0      44.4
       -.9      31.7       -.3      13.6
       -.4      22.0       -.1       9.0
        .0      20.4        .1       8.8
 52609   .000000  -.724999  -.688749
  36747.4  16434.6       .0     43.3     55.2      8.2
       .0     24.4     54.7     32.2  16480.3  17230.8
      -7.6      63.0       2.2      47.0
        .1      33.9        .1      13.3
       -.3      24.0        .1       9.0
       -.1      22.5        .0       8.5
 52610   .000000  -.764030  -.645181
  39096.6  15745.8       .0     43.3     55.1      7.6
       .4     18.3     54.8     32.0  17935.3  18701.3
      -9.2      61.0       -.6      45.5
       -.7      32.7       -.2      13.0
       -.1      24.5        .2       8.8
       -.6      24.6        .0       8.1
 52611   .000000  -.796162  -.605083
  41843.8  15158.9       .0     43.3     55.1      7.2
       .5     16.8     54.7     31.5  18753.8  19931.5
      -7.6      56.8       -.6      47.5
       -.4      30.5       -.3      12.9
        .0      24.3        .1       8.6
       -.4      25.5        .0       7.6
 52612   .000000  -.822730  -.568432
  44393.6  14701.9       .0     43.3     54.9      6.8
      1.6     18.2     54.6     31.0  20777.3  21736.0
      -6.8      55.4        .4      50.2
        .3      28.1        .2      13.1
       -.6      23.7       -.1       8.6
        .1      26.6        .1       7.7
 52613   .000000  -.844819  -.535052
  47241.8  14345.5       .0     43.3     54.9      6.0
       .7     14.3     54.6     30.6  22895.8  24182.6
      -9.7      54.7        .0      49.8
       -.9      27.0       -.2      13.2
        .1      22.8        .1       8.5
        .0      25.1        .1       7.6
 52614   .000000  -.863297  -.504697
  50218.5  14091.3       .0     43.3     55.1      6.0
       .0     86.6     54.3     30.1  24605.8  25880.0
      -9.0      56.7        .7      53.4
       -.6      26.8       -.3      13.7
       -.4      22.0        .0       8.1
       -.4      22.3        .0       7.2
 52615   .000000  -.878853  -.477092
  53264.5  13877.7       .0     43.3     54.8      5.7
       .0     86.6     54.4     29.8  26183.2  27288.8
      -8.3      53.7        .6      55.1
       -.7      27.9       -.4      13.6
       -.2      23.7        .0       8.1
       -.5      23.4       -.1       6.9
 52616   .000000  -.892036  -.451965
  56286.6  13728.1       .0     43.3     54.8      5.1
       .0     86.6     54.5     29.4  28248.2  29566.1
      -9.3      53.6       1.4      56.6
       -.7      29.1       -.1      13.5
       -.6      25.4       -.1       7.8
       -.6      27.0        .1       6.9
 52617   .000000  -.903278  -.429057
  59412.3  13671.3       .0     43.3     55.0      4.9
       .0     86.6     54.4     29.3  31357.4  32564.2
      -9.5      55.8       2.2      55.8
       -.5      28.2       -.2      13.3
       -.6      24.3       -.1       7.6
       -.8      26.4        .0       6.7
 52618   .000000  -.912924  -.408131
  62379.3  13516.9       .0     43.3     54.7      4.9
       .0     86.6     54.1     29.1  33430.9  34509.5
     -11.8      56.5       1.0      60.4
      -1.2      27.8       -.2      15.1
       -.4      23.2        .1       7.6
       -.4      23.5        .1       6.5
 52619   .000000  -.921250  -.388972
  65905.5  13421.9       .0     43.3     54.7      4.5
       .0     86.6     54.2     28.7  34542.0  36094.8
     -11.6      55.2       -.5      60.6
       -.9      28.4       -.1      14.9
       -.6      24.1       -.1       7.4
       -.8      23.5       -.1       6.1
 52620   .000000  -.928477  -.371391
  68729.9  13404.6       .0     43.3     54.5      4.0
       .0     86.6     54.1     28.4  36821.6  38386.1
     -11.9      57.1       1.5      64.5
      -1.4      29.8       -.1      15.7
       -.6      25.7        .0       7.3
       -.6      26.4       -.1       6.2
 52621   .000000  -.934784  -.355218
  72180.1  13271.1       .0     43.3     54.4      4.0
       .0     86.6     54.4     28.3  38477.1  40627.3
      -8.6      54.4       1.2      64.5
      -1.0      29.3       -.1      15.8
      -1.1      25.0       -.2       7.2
      -1.5      26.6       -.1       6.1
 52622   .000000  -.940315  -.340305
  75240.4  13326.7       .0     43.3     54.7      5.4
       .0     86.6     54.1     28.2  42057.5  43369.9
     -10.6      54.9       1.7      59.6
      -1.4      28.0       -.1      16.5
       -.4      23.9        .1       7.4
       -.8      23.7       -.1       5.9
 52623   .000000  -.945190  -.326520
  78597.1  13278.0       .0     43.3     54.1      5.7
       .0     86.6     54.4     28.0  43692.1  44931.3
     -11.2      53.4       1.3      68.0
      -1.0      28.8        .2      16.5
       -.6      24.5       -.1       7.2
       -.8      23.9       -.1       5.6
 52624   .000000  -.949506  -.313750
  81713.8  13218.8       .0     43.3     54.8      3.0
       .0     86.6     54.5     27.8  45235.5  47132.5
     -11.9      55.4        .2      69.7
      -1.4      30.5       -.1      18.3
       -.9      26.8       -.1       7.1
       -.7      27.6        .0       5.6
 52625   .000000  -.953342  -.301892
  85124.7  13195.6       .0     43.3     54.7      3.8
       .0     86.6     54.5     27.7  47960.9  49909.3
     -12.3      56.7      -2.0      75.7
      -1.3      29.8        .1      18.3
      -1.2      25.5       -.1       7.0
       -.5      27.5        .0       5.5
 52626   .000000  -.956767  -.290857
  88592.2  13249.4       .0     43.3     52.9     87.6
       .0     86.6     54.3     27.7  50625.7  51655.4
     -13.3      56.7       4.9      74.6
      -1.2      28.8       -.2      18.7
       -.8      24.2       -.2       7.2
       -.7      25.0       -.1       5.5
 52627   .000000  -.959834  -.280567
  91900.2  13160.0       .0     43.3     54.0      4.4
       .0     86.6     54.6     27.6  52938.1  54447.6
     -12.6      55.9       -.1      73.9
      -1.3      29.2        .0      19.6
      -1.0      24.3       -.2       6.7
       -.9      24.0       -.1       5.3
 52628   .000000  -.962593  -.270952
  95072.9  13115.6       .0     43.3     54.6      2.8
       .0     86.6     54.4     27.4  55039.1  56754.6
     -10.5      51.5       3.4      73.1
      -2.0      29.7        .2      19.7
       -.8      26.8        .0       7.1
      -1.4      26.7       -.2       5.3
 52629   .000000  -.965081  -.261951
  98423.0  13094.0       .0     43.3     54.9      2.9
       .0     86.6     54.3     27.2  57620.2  58806.7
     -12.2      54.7       -.6      76.5
      -1.4      30.1        .0      21.0
       -.9      26.2       -.1       7.0
      -1.3      27.4       -.2       5.3
 52630   .000000  -.967333  -.253508
 101539.9  13157.8       .0     43.3     61.9     20.6
       .0     86.6     54.4     27.1  59852.6  60961.1
     -12.1      56.1       2.0      78.5
      -1.2      28.6       -.4      21.6
      -1.0      24.4        .0       6.5
      -1.3      24.8       -.1       5.1
 52631   .000000  -.969377  -.245576
 104992.7  13210.3       .0     43.3     54.6      2.7
       .0     86.6     54.5     27.1  61808.8  63823.8
     -12.8      56.7       3.5      78.9
      -1.7      29.4       -.2      19.9
       -.7      24.7        .1       7.0
      -1.2      24.2        .0       5.3
 52632   .000000  -.971238  -.238110
 108584.3  13153.4       .0     43.3     40.8     93.3
       .0     86.6     54.6     27.0  63543.8  65896.2
      -8.5      54.3       1.9      80.1
      -2.1      31.1       -.3      23.2
      -1.2      27.3       -.1       6.9
       -.4      28.1       -.1       5.4
 52633   .000000  -.972937  -.231072
 111569.2  13090.0       .0     43.3     50.6     10.8
       .0     86.6     54.8     26.9  65429.0  67783.8
      -9.5      57.0      -1.4      81.2
      -1.5      30.0        .0      21.9
      -1.2      26.9        .0       7.0
      -1.4      28.0       -.2       4.9
 52634   .000000  -.974491  -.224428
 115064.0  13117.4       .0     43.3     56.1     28.9
       .0     86.6     54.4     26.9  67873.8  70042.7
     -11.8      56.3      -1.2      86.7
      -1.6      28.8       -.1      23.3
       -.5      24.5        .0       7.4
      -1.2      24.6       -.1       4.9
 52635   .000000  -.975916  -.218146
 118397.1  13129.4       .0     43.3     56.1     28.9
       .0     86.6     54.4     26.6  70845.1  72381.0
     -14.0      56.4       2.2      88.2
      -1.8      29.3        .0      25.0
      -1.0      24.4       -.1       6.8
      -1.1      24.1       -.1       5.2
 52636   .000000  -.977227  -.212198
 121682.6  13102.9       .0     43.3     54.4      2.6
       .0     86.6     54.6     26.5  73184.2  75140.6
     -14.8      56.7       5.0      87.1
      -1.3      30.6        .3      24.7
      -1.0      27.0        .0       7.3
      -1.6      27.0       -.1       4.8
 52637   .000000  -.978434  -.206558
 125183.2  13113.5       .0     43.3     46.1     19.3
       .0     86.6     54.5     26.4  74861.5  77143.5
     -15.4      61.3       2.2      84.1
      -1.6      31.0        .3      24.2
      -1.0      26.9        .0       7.1
      -1.7      27.3       -.1       4.8
 52638   .000000  -.979549  -.201205
 128920.4  13141.7       .0     43.3     56.1     28.9
       .0     86.6     54.5     26.4  77256.0  79733.8
     -15.5      57.3        .0      91.6
      -2.0      29.3        .0      24.6
      -1.6      24.9        .0       7.9
      -1.5      25.3        .0       4.9
 52639   .000000  -.980581  -.196116
 131830.7  13083.6       .0     43.3     56.1     28.9
       .0     86.6     54.5     26.3  79723.2  81456.7
      -9.6      55.7       3.5      95.2
      -2.1      29.2       -.5      26.5
      -1.2      25.0        .0       7.5
       -.9      23.9        .0       4.7
 52640   .000000  -.981537  -.191274
 135620.6  13115.5       .0     43.3     56.1     28.9
       .0     86.6     54.8     26.3  81536.2  84188.2
     -10.0      55.2       1.2      93.2
      -1.8      31.2        .1      28.4
      -1.0      27.4        .0       7.5
      -1.4      28.6       -.1       5.0
 52641   .000000  -.982424  -.186661
 138852.0  13117.2       .0     43.3     56.1     28.9
       .0     86.6     54.7     26.3  83720.4  86389.2
     -15.1      60.4       3.4      95.4
      -1.5      30.9        .0      27.7
       -.8      27.1       -.1       7.2
      -1.2      27.8        .0       4.6
 52642   .000000  -.983250  -.182261
 142033.3  13059.6       .0     43.3     56.1     28.9
       .0     86.6     54.7     26.2  86991.9  89432.5
     -11.3      54.6       4.3      93.2
      -1.9      29.4        .0      29.8
      -1.0      25.2        .0       8.0
       -.8      24.9        .0       4.8
 52643   .000000  -.984020  -.178061
 145431.3  13068.9       .0     43.3     56.1     28.9
       .0     86.6     54.9     26.2  88884.0  92058.9
     -10.5      53.5       3.2      94.6
      -1.5      28.9        .3      29.4
       -.7      25.0        .0       7.7
      -1.6      24.7        .0       4.5
 52644   .000000  -.984737  -.174047
 149117.8  13140.4       .0     43.3     56.1     28.9
       .0     86.6     54.9     26.3  90862.7  92953.9
      -8.4      54.0       2.4      99.6
      -2.2      30.8       -.4      28.1
      -1.2      26.7        .0       8.2
       -.9      26.7        .0       4.6
 52645   .000000  -.985408  -.170207
 152357.9  13194.9       .0     43.3     56.1     28.9
       .0     86.6     54.8     26.0  93807.7  96775.0
     -14.1      59.7      -3.1      96.0
      -1.7      30.5        .3      29.2
      -1.3      26.7       -.1       8.3
      -1.7      27.7        .0       4.9
 52646   .000000  -.986036  -.166531
 155888.9  13116.1       .0     43.3     56.1     28.9
       .0     86.6     55.0     26.0  96605.6  98912.2
     -10.8      58.3        .8     100.7
      -1.6      30.2        .1      32.6
       -.7      24.5        .0       9.0
      -1.5      25.5       -.1       4.6
 52647   .000000  -.986625  -.163008
 159100.2  13119.1       .0     43.3     56.1     28.9
       .0     86.6     55.0     26.0  98299.0 101032.1
     -13.1      56.5       3.6     100.9
      -2.4      30.2       -.4      31.8
      -1.3      25.1       -.1       8.5
       -.7      24.7        .1       4.9
 52648   .000000  -.987696  -.156385
 165959.3  13158.2       .0     43.3     56.1     28.9
       .0     86.6     54.8     25.8 103973.9 105841.1
     -11.5      58.0       7.6      98.7
      -2.2      30.9        .3      32.4
       -.9      27.2        .0       8.4
      -1.0      27.7       -.1       4.9
 52649   .000000  -.988644  -.150274
 173026.6  13153.3       .0     43.3     56.1     28.9
       .0     86.6     55.0     25.7 107612.2 110095.1
      -8.6      53.6        .1     107.8
      -2.0      30.0        .1      34.3
      -1.3      24.6       -.1      10.0
      -1.3      24.6        .0       4.9
 52650   .000000  -.989488  -.144617
 179718.3  13211.3       .0     43.3     56.1     28.9
       .0     86.6     54.9     25.7 112142.7 116024.9
      -9.4      56.4       7.5      99.1
      -2.5      30.9       -.2      34.1
      -1.7      27.3        .1       8.9
      -1.4      27.4       -.1       5.1
 52651   .000000  -.990241  -.139367
 186322.3  13164.0       .0     43.3     56.1     28.9
       .0     86.6     54.8     25.7 118288.7 120911.9
     -11.4      55.4       9.1     108.9
      -2.3      29.7       -.2      37.2
      -1.1      25.1        .0       9.6
      -1.6      25.3       -.2       5.1
 52652   .000000  -.990916  -.134481
 193714.9  13254.7       .0     43.3     56.1     28.9
       .0     86.6     55.0     25.7 122666.7 125666.9
      -7.9      52.6      -2.3     107.0
      -2.4      31.4       -.6      37.8
      -1.6      27.3        .0      10.3
      -1.6      27.8       -.1       4.8
 52653   .000000  -.991524  -.129924
 200360.4  13237.3       .0     43.3     56.1     28.9
       .0     86.6     54.9     25.5 127306.5 130224.9
     -14.9      54.1       2.6     107.4
      -2.0      30.5        .6      37.6
      -1.6      25.0       -.2      10.6
      -1.0      24.1        .1       5.7
 52654   .000000  -.992073  -.125663
 207470.6  13241.4       .0     43.3     56.1     28.9
       .0     86.6     54.7     25.4 131219.9 134550.0
     -11.9      54.4       -.3     109.9
      -2.8      31.3       -.4      38.0
      -1.6      27.2        .0      11.9
      -1.8      27.7       -.1       5.6
 52655   .000000  -.992571  -.121670
 214042.8  13219.4       .0     43.3     56.1     28.9
       .0     86.6     54.9     25.5 136977.9 140418.2
     -14.6      60.3      -4.4     117.4
      -2.2      30.3        .3      39.5
      -1.6      24.9        .0      10.3
       -.7      24.1        .2       5.7
 52656   .000000  -.993023  -.117921
 220866.3  13292.9       .0     43.3     56.1     28.9
       .0     86.6     55.0     25.3 141072.8 145553.7
      -9.2      50.9       5.2     119.2
      -2.5      31.6        .3      40.3
      -1.4      27.4       -.2      12.2
      -1.7      28.3        .0       5.4
 52657   .000000  -.993435  -.114396
 227762.5  13304.2       .0     43.3     56.1     28.9
       .0     86.6     55.2     25.4 144711.0 148943.9
     -13.4      55.9       5.7     108.8
      -2.5      30.2        .5      41.3
      -1.6      25.0        .0      11.7
      -1.3      24.0        .0       6.4
 52658   .000000  -.993812  -.111073
 234642.2  13234.0       .0     43.3     56.1     28.9
       .0     86.6     55.3     25.2 150736.7 154274.2
     -10.7      46.8       2.8     110.0
      -2.3      31.1        .2      41.7
      -1.1      27.0        .2      13.6
      -1.5      27.7        .2       5.9
 52659   .000000  -.994158  -.107937
 241173.0  13295.4       .0     43.3     56.1     28.9
       .0     86.6     55.1     25.3 154233.9 159204.2
      -8.3      41.0      -2.1     110.3
      -2.2      29.6        .1      43.0
      -1.7      25.1       -.1      13.8
      -1.8      24.9        .1       5.0
 52660   .000000  -.994475  -.104972
 248109.8  13408.1       .0     43.3     56.1     28.9
       .0     86.6     55.2     25.1 160394.0 164580.3
      -7.5      46.9       9.7     111.7
      -2.3      30.8       -.2      42.3
      -1.3      27.3        .1      13.9
      -1.3      28.1        .0       5.6
 52661   .903278   .000000  -.429057
  59949.0  11512.9      -.4     41.3     56.1     28.9
      -.3     84.2     56.1     57.7  30714.3  32102.6
        .7      86.1       9.3      49.3
        .2      30.8        .2      25.9
       -.2       5.0       -.3      19.2
       -.2       5.0        .7      17.9
 52662   .887877   .000000  -.460082
  56085.9  11948.0      -.2     41.8     56.1     28.9
      -.2     84.4     56.1     57.7  28376.2  29677.2
       4.1      84.6       8.9      49.6
      -1.9      29.1        .5      26.2
       -.5       8.5        .0      19.4
        .2       5.0       1.0      18.9
 52663   .868777   .000000  -.495203
  52249.7  12572.5      -.1     41.7     56.1     28.9
      -.1     84.5     56.1     57.7  25954.6  27466.7
      -1.8      85.0      10.1      52.5
      -2.2      28.2        .3      25.0
       -.1       5.0        .5      18.4
        .0       5.0       1.1      16.3
 52664   .844819   .000000  -.535052
  48286.2  13238.2       .0     41.3     56.1     28.9
       .0     84.3     56.1     57.7  23722.3  24866.8
      -2.1      81.1      10.2      50.3
        .7      26.3        .4      24.0
        .0       5.0        .5      17.5
        .1       5.0       1.2      16.6
 52665   .814421   .000000  -.580275
  44764.0  14286.8       .1     41.8     56.1     28.9
       .1     84.4     66.1     10.8  21666.7  22782.2
       1.4      78.7       9.2      50.7
       2.3      21.8       1.0      23.1
        .5       5.0        .5      16.2
        .0       5.0       1.4      14.3
 52666   .775436   .000000  -.631426
  41177.3  15785.5      -.1     41.6     56.1     28.9
      -.1     84.5     55.6      9.7  19822.8  20748.1
      -1.5      79.8       9.0      50.1
      -1.7      19.8       1.0      20.4
       -.5       6.5        .9      14.4
       -.1       5.0       1.3      13.5
 52667   .724999   .000000  -.688749
  38317.4  18389.6       .4     41.5     56.1     28.9
       .3     84.3     55.1     18.4  17888.0  18600.3
      -3.1      81.5       8.8      49.7
       -.9      21.1       1.6      19.7
        .0       5.0       1.4      13.6
       -.2       5.0       1.7      11.6
 52668   .659438   .000000  -.751759
  35383.3  22804.4       .0     41.5     56.5      6.0
       .0     84.3     55.2     29.2  15998.6  16855.4
       3.0      72.6       8.8      48.9
       1.5      16.2        .6      15.6
        .0       5.0        .9      10.3
        .0       5.0        .9       8.5
 52669   .574426   .000000  -.818557
  32548.0  26330.3      -.1     41.5     55.1     12.1
       .0     84.4     55.2     40.5  15212.6  15874.3
       -.5      75.5       6.6      49.1
      -1.1      15.0        .6      10.1
        .1       5.0        .8       6.7
        .0       5.0       1.1       5.6
 52670   .465746   .000000  -.884918
  30633.3  25352.8      -.3     41.6     55.3     22.0
      -.3     84.4     55.4     50.7  14611.6  15282.2
       4.1      73.6       8.5      62.8
       -.5      12.6        .8       8.6
        .1       5.0       1.1       3.2
        .1       5.0       1.2       3.0
 52671   .331088   .000000  -.943600
  28772.3  23722.5      -.3     41.5     55.8     24.6
      -.2     84.4     55.7     53.3  13134.7  13861.2
      -3.7      71.1       1.9      68.3
       -.1       8.1       -.4       6.9
        .2       5.0       -.3       3.0
        .0       5.0       -.2       3.0
 52672   .254493   .000000  -.967075
  27815.7  23083.2      -.4     41.6     55.1     20.2
      -.4     84.5     55.2     48.9  12286.8  12874.4
      -1.4      70.8       6.8      58.1
       -.3       7.9       -.2       6.1
        .0       5.0        .0       3.4
        .1       5.0        .0       3.0
 52673   .172799   .000000  -.984957
  27065.4  22513.9       .3     42.0     55.3     15.9
       .3     84.6     55.2     44.3  11630.2  12433.5
        .5      72.9       2.6      48.4
        .7      11.5       -.1       8.2
        .2       5.0        .1       5.2
        .0       5.0        .2       4.5
 52674   .087384   .000000  -.996175
  26542.9  20965.2       .1     42.0     55.2     11.8
       .0     84.8     55.0     39.7  11196.0  11930.9
       1.8      74.9       2.6      39.3
       -.6      11.9        .1      10.7
       -.1       5.0        .2       7.2
        .0       5.0        .2       6.1
 52675   .000000   .000000 -1.000000
  26129.8  18312.9       .1     41.9     55.4      8.7
       .1     84.8     55.2     35.1  10709.8  11441.4
       1.8      72.8        .9      36.6
       -.6       7.7       -.2      13.2
        .0       5.0        .1       9.2
        .0       5.0        .3       7.9
 52676  -.087384   .000000  -.996175
  25870.1  15723.5      -.3     42.1     55.9      7.8
      -.2     84.9     55.2     30.6   9763.7  10491.7
        .8      73.9      -1.0      42.6
      -1.6      10.3        .0      16.6
        .4       5.0        .1      11.3
        .0       5.0        .2      10.1
 52677  -.172799   .000000  -.984957
  25955.3  13495.4      -.1     42.0     55.6      8.4
       .0     84.9     54.7     26.3   9676.8  10458.1
       1.7      66.3      -1.5      43.8
        .6       8.6       -.1      19.8
        .0       5.0        .5      13.9
        .0       5.0        .2      12.6
 52678  -.254493   .000000  -.967075
  26292.8  12324.6       .2     42.1     54.6     10.9
       .2     85.0     55.2     21.9   9617.4  10823.4
       1.3      74.0       -.4      44.3
       -.8      12.2       -.4      22.8
       -.2       5.0        .2      16.0
        .0       5.0        .6      15.5
 52679  -.331088   .000000  -.943600
  26719.8  11118.0       .9     42.0     62.0     38.7
       .9     85.0     54.8     18.2  10462.3  11335.5
       5.8      71.5      -2.8      46.9
        .5      10.1       -.2      24.1
       -.4       5.0        .0      18.1
        .0       5.0        .2      17.7
 52680  -.465746   .000000  -.884918
  28243.1   9690.0      -.6     42.3     56.2     69.5
      -.6     85.2     55.1     13.2  10360.7  11170.1
       4.4      78.1      -2.1      48.5
        .8      14.0        .1      25.7
       -.3       5.0       -.3      19.3
        .0       5.0       -.1      19.7
 52681  -.574426   .000000  -.818557
  30495.1   8924.7       .1     42.0     39.4     94.3
       .1     85.1     53.6     13.7  11111.3  12834.0
        .0      73.7      -2.0      50.3
       -.9      18.8      -1.2      29.4
       -.7       5.4       -.5      22.0
        .1       5.0       -.3      22.4
 52682  -.659438   .000000  -.751759
  33233.9   8517.5       .1     42.2     38.2    117.1
       .2     85.1     56.1     57.7  10455.7  13271.0
       2.0      76.5      -5.7      50.8
       -.7      19.9       -.8      29.7
       -.3       5.0       -.2      22.7
        .1       5.0      -1.0      23.8
 52683  -.724999   .000000  -.688749
  36366.1   8138.3       .3     42.1     88.5    157.4
       .3     85.1     56.1     57.7  10348.3  13220.8
      -2.0      78.6      -4.3      51.3
       1.6      21.4      -1.8      31.4
       -.1       5.0       -.7      25.4
        .0       5.0      -1.2      26.5
 52684  -.775436   .000000  -.631426
  39652.4   7980.1      -.4     42.0     48.1    162.4
      -.4     85.0     56.1     57.7   9242.2  12793.7
       1.3      78.1      -4.4      51.4
      -1.2      21.4      -1.3      31.2
       -.4       5.0       -.4      24.6
       -.1       5.0      -2.0      28.7
 52685  -.814421   .000000  -.580275
  43213.5   7847.9      -.2     42.2     40.1    186.4
      -.2     85.0     56.1     57.7   8924.2  11430.0
      -1.3      81.2      -7.1      50.5
      -2.6      23.1      -1.6      32.8
        .2      10.9      -1.5      25.5
       -.1       5.0      -2.6      31.6
 52686  -.844819   .000000  -.535052
  46884.4   7795.9      -.4     42.2     26.2    214.7
      -.4     84.9     56.1     57.7   8669.7  10775.6
      -3.0      81.9      -7.8      50.9
      -1.9      27.4      -1.7      32.9
       -.2       7.5      -1.3      25.8
       -.1       5.0      -2.7      33.9
 52687  -.868777   .000000  -.495203
  50780.8   7752.0       .3     42.3     37.0    228.0
       .2     84.9     56.1     57.7   9372.6  12534.3
      -2.1      83.3      -7.7      52.6
       -.7      32.4      -2.1      33.4
        .6       7.4      -1.8      27.0
       -.1       5.0      -3.4      37.5
 52688  -.887877   .000000  -.460082
  54433.7   7759.7      -.1     42.0     -4.4    250.7
       .0     84.8     56.1     57.7   9749.8  12839.3
        .7      81.6      -8.6      50.6
       2.1      32.5      -2.5      32.3
      -2.1       9.8      -1.6      27.0
       -.1       5.0      -4.2      39.9
 52689  -.903278   .000000  -.429057
  58836.4   7808.4       .0     42.1     25.2    240.3
       .1     84.7     56.1     57.7  10136.6  12571.9
       4.3      84.1      -7.6      50.5
       2.5      34.4      -1.9      33.3
       -.3       6.3      -1.7      27.8
        .0       5.0      -4.3      41.6
 52690   .840060  -.367526  -.399028
  63042.6  12423.1       .0     43.3     56.1     28.9
      -.1     23.4     56.1     57.7  33197.2  34546.1
      -7.7      58.7       7.9      49.2
       -.3      27.1       -.3      26.6
       -.5      18.0       -.3      20.7
       -.3      15.9       -.4      20.2
 52691   .817505  -.390173  -.423616
  59548.8  13060.9       .0     43.3     56.1     28.9
       .0     24.2     56.1     57.7  30319.9  31928.9
      -6.1      61.2      10.9      50.6
       -.6      27.4       -.1      26.6
       -.5      18.5        .0      20.3
       -.6      16.1        .0      20.3
 52692   .790440  -.414981  -.450551
  56112.9  13943.6       .0     43.3     56.1     28.9
      -.7     24.9     56.1     57.7  28909.5  30082.9
      -5.1      59.2       9.6      52.4
       -.8      27.9        .3      25.4
       -.3      19.0       -.1      19.5
       -.7      16.6        .2      18.3
 52693   .757796  -.442047  -.479937
  52606.7  14775.6       .0     43.3     56.1     28.9
      -.1     25.6     56.1     57.7  25944.6  27282.8
      -6.4      60.2       8.6      49.8
       -.8      28.6        .1      24.2
       -.5      19.1        .1      18.0
       -.5      17.0        .5      17.9
 52694   .718269  -.471364  -.511767
  49436.4  16332.4       .0     43.3     56.1     28.9
      -.4     26.7     58.9     15.5  24062.9  25084.7
      -7.2      58.9       8.1      51.3
       -.8      28.9        .7      23.3
       -.6      19.8        .4      16.7
       -.9      17.1        .8      15.7
 52695   .670317  -.502738  -.545830
  46578.4  18053.0       .0     43.3     56.1     28.9
      -.2     27.4     54.7     10.1  22291.6  23263.2
      -6.8      62.2       9.5      51.9
      -1.1      29.3        .9      20.7
       -.7      20.0        .3      14.8
       -.4      17.4        .7      13.9
 52696   .612205  -.535679  -.581595
  43973.8  19898.8       .0     43.3     56.1     28.9
      -.3     28.3     54.8     17.4  20610.6  21772.3
      -7.7      62.3       8.1      51.8
       -.8      29.5       1.1      19.3
       -.6      20.1       1.1      13.5
       -.8      17.8       1.0      12.7
 52697   .542159  -.569267  -.618061
  41391.1  20678.6      -.6     15.4     57.0      8.0
      -.6     29.0     55.0     28.2  19546.2  20476.2
      -5.9      62.7       6.7      53.0
      -1.0      29.5       1.2      15.6
       -.6      20.4        .8      10.6
       -.6      17.9        .5       9.2
 52698   .458673  -.602008  -.653609
  39454.1  19826.7      3.7     24.6     55.0     11.8
      -.2     29.6     54.9     39.3  18744.7  19561.5
      -7.1      60.3       7.8      53.0
      -1.0      30.0        .8      11.0
       -.3      20.5        .5       6.8
       -.7      18.2        .7       6.3
 52699   .361020  -.631785  -.685938
  37907.9  18891.4    -10.7     23.4     55.4     21.7
      -.8     30.1     55.3     50.2  17605.9  18617.3
      -6.6      62.3      12.9      70.3
      -1.0      30.3        .9       8.5
      -1.0      20.6        .8       3.2
      -1.0      17.8       1.0       3.0
 52700   .249898  -.655981  -.712208
  36449.4  18150.4      3.3     20.2     55.8     24.4
      -.3     30.8     55.8     53.1  16499.2  17592.3
      -6.3      61.6       8.6      74.8
       -.5      30.3       -.7      14.6
       -.9      20.6       -.2       3.0
       -.3      18.2       -.2       3.0
 52701   .190037  -.665130  -.722141
  35809.0  17873.1      3.7     19.6     55.1     19.7
      -.6     31.1     54.9     48.1  16175.5  17041.9
      -7.5      62.6       4.5      62.2
       -.6      30.9       -.5       9.4
       -.3      21.1       -.1       3.5
       -.4      18.4        .0       3.1
 52702   .127982  -.671905  -.729496
  35169.1  17708.6      5.9     22.1     55.1     15.1
       .0     31.6     54.9     43.0  15306.7  16263.7
      -6.5      60.3       2.3      51.7
       -.7      31.3       -.2       9.4
       -.2      21.5        .0       5.1
        .1      19.1        .1       4.8
 52703   .064388  -.676070  -.734019
  34677.6  17642.8      2.4     21.0     55.1     10.9
      -.4     32.1     54.7     37.9  14905.9  16089.2
      -5.3      61.0       1.4      49.8
        .2      31.5       -.3      10.9
       -.5      21.9       -.1       7.2
        .2      19.8        .3       6.7
 52704   .000000  -.677476  -.735545
  34311.5  17391.0      1.3     17.5     55.2      8.8
       .0     32.3     54.5     33.0  14267.2  15287.5
      -8.6      63.0       -.8      46.3
      -1.2      31.6       -.4      13.3
       -.7      22.0       -.2       9.2
        .4      20.2        .2       8.9
 52705  -.064388  -.676070  -.734019
  34270.3  17034.1      -.3     19.9     56.6     11.1
      -.2     32.6     54.5     28.0  13684.4  14469.6
      -5.4      63.3        .1      44.9
       -.5      32.2        .1      16.7
       -.3      22.3        .1      11.6
        .0      20.5        .2      10.7
 52706  -.127982  -.671905  -.729496
  33765.2  16272.8      1.0     22.7     58.7     14.1
       .0     33.1     54.8     23.3  13247.8  14207.5
      -6.2      61.8      -1.0      42.8
       -.2      31.5        .4      19.0
       -.4      22.4        .0      13.7
        .3      21.2        .4      13.4
 52707  -.190037  -.665130  -.722141
  34053.5  15284.4      3.9     19.5     56.2     21.5
       .3     33.1     55.0     18.9  13762.4  14969.7
      -6.0      62.0      -1.1      45.4
       -.6      31.9        .0      21.5
        .5      22.6        .5      15.9
        .3      21.2        .8      15.9
 52708  -.249898  -.655981  -.712208
  34556.5  14144.0      2.4     21.7     56.1     28.9
      -.6     32.9     54.7     15.4  14231.1  15423.3
      -6.9      63.3      -2.1      46.0
       -.6      32.4       -.7      23.1
        .0      23.0        .0      17.2
        .2      21.2        .4      17.9
 52709  -.361020  -.631785  -.685938
  35362.8  12607.1      1.8     17.2     56.1     28.9
       .3     32.7     56.1     15.0  13746.8  14500.5
      -5.8      62.5      -2.2      47.9
       -.2      31.6       -.1      24.5
       -.1      22.7       -.3      18.6
        .1      21.5        .2      19.7
 52710  -.458673  -.602008  -.653609
  37231.9  11303.1      1.2     32.5     56.1     28.9
       .5     31.7     56.0     21.4  14836.2  15960.6
      -5.5      63.9      -4.4      49.6
       -.7      31.8      -1.2      28.0
       -.7      23.1      -1.0      22.1
        .3      22.2        .2      23.3
 52711  -.542159  -.569267  -.618061
  39007.8  10365.8       .5     48.1     38.7    124.2
       .1     31.2     56.1     57.7  12820.9  16027.8
      -6.6      60.9      -4.6      49.9
       -.1      31.4       -.6      28.9
       -.3      21.8       -.5      23.3
        .2      20.7        .2      25.6
 52712  -.612205  -.535679  -.581595
  41434.7   9651.1     -5.7     69.4     17.4    151.4
       .2     30.2     56.1     57.7  12029.6  14506.4
      -5.7      61.4      -4.1      50.1
        .0      30.5       -.7      31.7
       -.3      22.1       -.7      26.1
        .1      20.3       -.4      29.1
 52713  -.670317  -.502738  -.545830
  44052.2   9228.3      2.5     78.8     23.6    180.1
      -.1     28.8     56.1     57.7  10117.5  13071.9
      -5.8      60.9      -4.7      52.4
       -.7      30.0      -1.9      31.6
       -.3      21.0      -1.1      26.1
        .4      20.0       -.1      34.5
 52714  -.718269  -.471364  -.511767
  47206.0   8981.4     -4.3     80.7      8.3    193.8
       .0     27.7     56.1     57.7   9204.7  11104.0
      -6.4      61.6      -7.5      54.0
       -.6      29.7      -1.7      33.4
        .1      21.2       -.3      29.0
       -.2      19.2       -.8      39.0
 52715  -.757796  -.442047  -.479937
  50154.7   8725.7     -1.4     81.1     42.6    223.6
       .2     26.9     56.1     57.7   9753.1  11417.2
      -6.8      63.5      -6.0      51.6
       -.3      28.3      -1.6      33.9
       -.2      19.8      -1.6      29.2
       -.3      17.9      -1.1      46.1
 52716  -.790440  -.414981  -.450551
  53492.0   8539.3     -9.6     86.0      3.5    240.6
       .0     25.9     56.1     57.7   9331.2  11013.1
      -7.3      62.5      -7.6      52.5
       -.3      28.5      -1.7      36.5
       -.3      19.8      -1.4      30.4
       -.1      18.2       -.6      49.9
 52717  -.817505  -.390173  -.423616
  56781.7   8458.7     -8.1     87.2    -30.9    257.8
      -.3     24.9     56.1     57.7   9886.9  11455.1
      -3.4      60.2      -6.7      50.1
       -.4      27.3      -1.9      34.6
       -.4      19.0      -1.9      31.0
        .4      18.0       -.4      58.1
 52718  -.840060  -.367526  -.399028
  60439.7   8339.3     -2.5     86.1     12.7    290.9
       .0     24.1     56.1     57.7  10162.0  12515.4
      -4.8      57.4      -6.3      50.5
       -.1      27.0      -1.3      36.3
       -.1      18.9      -1.2      32.4
        .1      17.3       -.9      61.9
 52719   .708659  -.620076  -.336613
  74348.2  14692.9       .0     43.3     56.1     28.9
       .0     86.6     56.1     57.7  40554.7  41873.4
      -7.0      55.0       8.4      50.4
      -1.3      25.6        .5      25.4
       -.4      20.9       -.5      19.3
       -.3      21.3       -.7      18.2
 52720   .677337  -.646549  -.350984
  71453.8  15454.4       .0     43.3     56.1     28.9
       .0     86.6     56.1     57.7  38207.8  39417.4
      -6.7      57.2       7.5      49.1
      -1.0      26.1        .0      24.8
       -.6      21.1       -.5      18.5
       -.4      21.1       -.4      17.9
 52721   .641844  -.673936  -.365851
  68573.8  15609.2       .0     43.3     56.1     28.9
       .0     86.6     56.1     57.7  35451.5  36890.6
      -9.4      55.7       8.9      52.4
       -.9      26.2        .6      24.7
       -.6      21.7       -.1      17.7
       -.1      22.2       -.4      16.6
 52722   .601687  -.701968  -.381068
  66206.1  16673.8       .0     43.3     56.1     28.9
       .0     86.6     56.1     57.7  34082.1  35306.8
      -8.1      59.2       7.8      52.9
       -.9      26.5        .1      22.4
       -.5      22.0       -.2      16.1
       -.7      22.5        .2      15.6
 52723   .556388  -.730259  -.396426
  63845.3  16487.4       .0     43.3     56.1     28.9
       .0     86.6     56.1     57.7  33566.2  35010.3
      -9.7      56.4       8.1      55.9
       -.8      27.2        .5      21.9
       -.8      22.7        .5      15.1
       -.8      22.1        .4      13.7
 52724   .505524  -.758286  -.411641
  61721.6  16109.9       .0     43.3     56.1     28.9
       .0     86.6     54.4      8.2  31344.8  32645.4
     -10.5      56.8       9.1      54.9
       -.5      26.4        .3      19.2
       -.4      22.4        .0      13.1
       -.9      22.5        .4      11.8
 52725   .448787  -.785377  -.426348
  59666.0  15715.5       .0     43.3     56.1     28.9
       .0     86.6     54.7     14.2  30086.7  31603.0
      -8.0      52.8       6.6      55.2
       -.8      27.1        .7      18.7
       -.4      23.1        .8      12.1
       -.8      22.9        .9      10.7
 52726   .386057  -.810720  -.440105
  58043.9  15123.4       .0     43.3     55.4      5.0
       .0     86.6     54.5     25.9  29705.1  30938.9
      -9.0      54.1       5.7      57.5
       -.6      27.1        .9      15.7
      -1.2      22.8        .8       9.5
      -1.0      22.5        .6       8.2
 52727   .317480  -.833386  -.452409
  56655.2  14761.3       .0     43.3     54.8      9.8
       .0     86.6     54.8     37.6  28925.5  30235.3
      -9.1      54.8       8.2      63.5
      -1.2      27.0        .5      12.9
       -.9      22.9        .6       6.2
      -1.1      23.0        .7       5.7
 52728   .243541  -.852392  -.462727
  55781.6  14504.1       .0     43.3     54.6     20.9
       .0     86.6     54.6     49.2  28067.1  29355.3
      -9.7      53.2       7.8      80.0
      -1.4      27.5        .7      19.5
       -.5      22.6        .7       4.0
      -1.1      22.5        .8       3.0
 52729   .165103  -.866792  -.470544
  54887.9  14143.9       .0     43.3     55.9     23.9
       .0     86.6     55.9     52.5  28114.8  29059.6
      -9.0      54.3       9.4      82.1
       -.8      26.7      -1.1      28.4
      -1.0      22.8       -.4       3.5
      -1.0      22.6       -.2       3.0
 52730   .124573  -.872008  -.473376
  54364.2  14056.6       .0     43.3     54.9     18.4
       .0     86.6     54.9     47.1  27315.5  28393.9
      -9.0      55.9       4.3      71.5
      -1.3      27.5       -.4      17.8
       -.2      23.0       -.1       4.2
       -.9      22.6       -.1       3.0
 52731   .083409  -.875791  -.475429
  53836.5  13973.4       .0     43.3     54.8     13.2
       .0     86.6     54.7     41.4  27610.6  28748.8
      -9.9      53.0       1.9      67.8
       -.3      27.2       -.6      14.9
       -.5      23.2       -.1       5.1
       -.4      23.0        .0       4.0
 52732   .041814  -.878085  -.476675
  53547.6  13946.7       .0     43.3     54.7      7.9
       .0     86.6     54.4     35.6  27226.4  28198.2
      -8.0      54.1       3.0      60.5
       -.4      27.8       -.1      12.9
       -.5      23.2        .0       6.1
       -.4      23.4        .1       5.4
 52733   .000000  -.878853  -.477092
  53259.8  13919.6       .0     43.3     54.6      5.4
       .0     86.6     54.5     29.7  26731.8  27731.3
     -12.3      56.2        .5      56.4
       -.2      27.4        .1      13.8
       -.5      23.8       -.1       8.0
       -.4      22.9        .0       6.9
 52734  -.041814  -.878085  -.476675
  53139.0  13975.1       .0     43.3     55.3      4.7
       .0     86.6     54.7     24.1  26414.8  27522.1
     -10.0      54.6       -.2      53.1
       -.9      28.1        .0      15.3
       -.1      23.4        .3       9.8
       -.5      23.5        .0       8.6
 52735  -.083409  -.875791  -.475429
  53006.3  13984.1       .0     43.3     56.1     28.9
       .0     86.6     54.5     18.6  26013.4  26878.7
     -10.5      56.9       -.4      52.0
       -.7      28.3       -.3      17.2
       -.3      23.7        .0      11.2
       -.1      24.2        .2      10.1
 52736  -.124573  -.872008  -.473376
  52962.3  13957.7       .0     43.3     56.1     28.9
       .0     86.6     54.6     13.3  26474.0  27293.0
      -8.2      55.4       1.1      52.6
       -.3      28.4       -.1      18.5
       -.1      24.8       -.1      12.6
       -.5      24.7        .2      11.6
 52737  -.165103  -.866792  -.470544
  53067.2  14034.8       .0     43.3     56.1     28.9
       .0     86.6     54.4      9.9  25499.8  26894.3
      -7.4      55.1      -2.1      48.6
       -.7      28.6       -.5      18.6
      -1.0      24.5       -.6      13.4
        .1      24.6        .1      12.8
 52738  -.243541  -.852392  -.462727
  53638.5  14173.8       .0     43.3     56.1     28.9
       .0     86.6     56.3      9.3  26846.1  27708.1
      -6.9      55.7        .0      50.9
       -.2      28.5       -.4      21.1
        .2      24.4       -.2      15.4
        .3      24.8       -.1      14.4
 52739  -.317480  -.833386  -.452409
  54499.1  13937.0       .0     43.3     56.1     28.9
       .0     86.6     56.1     57.7  26235.5  27226.0
     -10.4      56.0      -4.1      49.5
       -.8      28.5      -1.1      23.7
       -.1      24.9       -.6      17.9
        .5      25.6        .0      17.6
 52740  -.386057  -.810720  -.440105
  55872.6  13334.4       .0     43.3     56.1     28.9
       .0     86.6     56.1     57.7  26359.1  27865.6
     -11.2      57.0      -4.3      47.6
       -.5      28.6      -1.1      24.1
       -.4      24.3      -1.0      18.4
        .0      25.1       -.5      19.1
 52741  -.448787  -.785377  -.426348
  57153.6  12762.3       .0     43.3     56.1     28.9
       .0     86.6     56.1     57.7  28015.7  29232.5
      -7.4      56.6      -3.5      46.7
       -.5      28.1      -1.2      26.5
       -.4      24.0      -1.2      20.6
        .0      24.4       -.7      21.2
 52742  -.505524  -.758286  -.411641
  59018.8  12196.6       .0     43.3     56.1     28.9
       .0     86.6     56.1     57.7  29089.2  30383.3
      -7.3      55.1      -4.8      49.3
       -.5      28.1       -.9      26.9
       -.6      24.0      -1.6      21.3
        .2      24.0       -.7      21.8
 52743  -.556388  -.730259  -.396426
  61413.4  11578.0       .0     43.3     56.1     28.9
       .0     86.6     56.1     57.7  28988.5  31466.0
      -8.5      54.4      -6.8      48.8
        .4      27.7      -1.1      28.9
        .2      24.0      -1.0      23.8
        .2      24.9       -.9      23.9
 52744  -.601687  -.701968  -.381068
  63684.4  10986.9     -4.6    184.1     77.4    254.6
       .0     86.6     56.1     57.7  24209.8  30877.1
      -9.7      59.9      -7.3      49.4
       -.4      27.3      -1.9      28.9
       -.1      23.5      -1.6      23.9
       -.1      25.4      -1.1      25.9
 52745  -.641844  -.673936  -.365851
  66146.3  10603.8     21.9    191.3     70.4    243.3
       .0     86.6     56.1     57.7  20809.8  25231.1
      -6.9      55.2      -5.3      49.2
       -.5      27.7      -2.1      31.2
       -.7      23.3      -1.9      25.5
        .6      29.5       -.6      30.0
 52746  -.677337  -.646549  -.350984
  68971.6  10258.1    -59.6    185.4     20.8    258.0
       .0     86.6     56.1     57.7  14881.2  21158.7
      -8.7      58.1      -7.8      48.4
       -.4      27.0      -1.9      30.2
       -.5      22.9      -1.9      25.4
        .4      31.8       -.8      34.6
 52747  -.708659  -.620076  -.336613
  72020.7  10060.6    -29.7    190.6     -3.2    281.7
       .0     86.6     56.1     57.7  12513.2  17531.7
      -7.5      56.9      -7.0      49.0
       -.5      26.8      -2.8      31.6
       -.3      23.2      -2.3      27.5
        .4      32.6       -.8      39.7
 52748   .482910  -.845093  -.229382
 110234.0  14975.4       .0     43.3     56.1     28.9
       .0     86.6     56.1     57.7  64062.8  65789.2
     -12.0      52.8       8.8      52.3
      -1.0      29.9        .0      24.0
       -.8      25.7       -.6      16.2
       -.4      26.3       -.8      15.0
 52749   .451149  -.861285  -.233777
 108275.4  14598.9       .0     43.3     56.1     28.9
       .0     86.6     56.1     57.7  62796.8  64700.8
     -10.7      56.8       9.0      58.2
      -1.1      28.9       -.2      22.9
       -.6      24.8       -.7      14.4
       -.5      25.6       -.8      13.4
 52750   .417577  -.876913  -.238019
 106883.5  14362.5       .0     43.3     56.1     28.9
       .0     86.6     56.1     57.7  61780.8  64107.8
     -11.8      54.3       8.5      58.8
      -1.7      29.7        .2      23.2
      -1.0      25.8       -.2      14.0
        .0      26.2       -.6      12.5
 52751   .382204  -.891810  -.242063
 105054.9  14166.4       .0     43.3     56.1     28.9
       .0     86.6     56.1     57.7  60761.9  63204.9
     -11.8      57.6       4.7      62.0
      -1.3      29.5        .3      21.6
       -.6      25.4       -.6      12.5
       -.6      26.3       -.4      11.1
 52752   .345068  -.905804  -.245861
 103689.1  13986.4       .0     43.3     56.1     28.9
       .0     86.6     56.1     57.7  59981.8  62101.0
      -9.2      55.8       4.3      67.2
       -.7      30.5        .2      22.8
      -1.4      26.1        .1      12.1
       -.7      27.0        .1      10.3
 52753   .306238  -.918714  -.249365
 102567.0  13668.1       .0     43.3     56.1     28.9
       .0     86.6     53.8      6.4  60293.2  61472.3
     -10.7      55.9       8.7      68.8
      -1.8      30.1        .9      22.1
      -1.1      26.1        .1      10.5
        .2      27.1       -.3       9.0
 52754   .265817  -.930361  -.252527
 101729.3  13575.3       .0     43.3     56.1     28.9
       .0     86.6     54.5     10.3  59822.0  61169.2
     -11.2      55.1       6.4      72.5
      -1.3      29.6        .6      20.6
       -.6      26.5        .4       9.7
       -.7      27.2        .5       7.9
 52755   .223945  -.940570  -.255298
 100960.4  13456.1       .0     43.3     56.1     28.9
       .0     86.6     54.5     22.8  58443.1  60339.9
      -9.2      53.7       6.1      77.0
      -1.5      29.6        .9      21.8
       -.9      26.1        .6       8.1
       -.8      26.7        .6       6.3
 52756   .180796  -.949177  -.257634
 100529.9  13327.4       .0     43.3     54.4      7.4
       .0     86.6     54.4     35.6  58744.9  60622.1
     -15.1      56.9       1.9      86.2
      -1.6      30.5        .9      26.7
      -1.2      25.9        .6       6.0
      -1.4      26.9        .6       4.5
 52757   .136577  -.956038  -.259496
  99883.1  13253.6       .0     43.3     54.1     19.7
       .0     86.6     54.2     48.0  57698.0  59992.2
     -12.1      53.8       9.0     101.1
      -1.5      29.4        .7      39.0
      -1.1      25.9        .9       9.4
      -1.6      26.7        .7       3.0
 52758   .091527  -.961030  -.260851
  99230.7  13129.3       .0     43.3     56.0     23.4
       .0     86.6     56.0     51.9  57487.2  59148.2
     -11.9      58.6       2.3     100.3
      -1.9      30.2        .7      50.7
      -1.0      26.1       -.5       9.2
      -2.2      27.9       -.1       3.6
 52759   .068771  -.962796  -.261330
  99224.4  13162.5       .0     43.3     55.3     17.6
       .0     86.6     55.3     46.0  57885.7  59461.7
     -10.3      52.2       5.8      93.7
      -1.5      30.5        .0      36.0
      -1.4      25.9       -.4       6.6
      -1.9      26.8       -.1       3.0
 52760   .045908  -.964064  -.261674
  98959.3  13123.1       .0     43.3     54.7     12.6
       .0     86.6     54.8     39.8  57470.2  59847.2
     -14.4      58.4      -3.0      92.9
      -1.3      30.2       -.6      26.9
       -.8      26.0       -.2       6.2
      -1.3      27.2       -.1       3.8
 52761   .022972  -.964827  -.261882
  98501.2  13151.8       .0     43.3     54.5      5.6
       .0     86.6     54.5     33.5  57019.9  59229.9
     -10.0      53.7        .4      79.9
      -2.0      30.2       -.3      23.4
       -.7      26.2       -.1       6.4
      -1.1      27.5       -.1       4.1
 52762   .000000  -.965081  -.261951
  98402.6  13084.7       .0     43.3     57.2     10.3
       .0     86.6     54.3     27.3  56695.7  58972.6
     -11.1      57.3       1.5      73.9
      -1.5      30.5       -.3      20.2
       -.4      26.2        .0       6.8
       -.8      28.0       -.1       5.2
 52763  -.022972  -.964827  -.261882
  98113.2  13153.1       .0     43.3     56.1     28.9
       .0     86.6     54.6     20.8  56415.6  58602.2
     -10.5      52.2       2.1      68.8
      -1.1      30.0        .0      20.1
       -.7      26.5        .0       7.9
       -.5      27.6        .0       6.3
 52764  -.045908  -.964064  -.261674
  97878.3  13075.4       .0     43.3     56.1     28.9
       .0     86.6     54.4     14.5  56783.3  58943.3
      -9.6      54.9        .3      71.9
      -1.6      30.8       -.4      19.7
       -.8      26.4       -.2       8.9
       -.3      27.6        .0       7.1
 52765  -.068771  -.962796  -.261330
  97817.9  13121.2       .0     43.3     56.1     28.9
       .0     86.6     54.3      8.6  55927.5  58132.9
     -12.6      57.8       -.3      67.9
      -1.7      30.9       -.7      19.6
       -.6      26.7       -.4       9.1
      -1.0      27.9       -.4       7.7
 52766  -.091527  -.961030  -.260851
  98183.9  13228.9       .0     43.3     56.1     28.9
       .0     86.6     54.5      4.8  56289.0  57862.3
     -10.9      56.5      -3.0      68.1
      -1.0      29.7      -1.0      19.3
       -.6      26.2       -.6       9.6
      -1.0      27.2       -.6       8.1
 52767  -.136577  -.956038  -.259496
  97858.0  13193.4       .0     43.3     56.1     28.9
       .0     86.6     56.1     57.7  55121.8  57324.2
     -12.7      55.7      -2.0      61.8
      -1.2      30.8       -.7      20.3
       -.7      27.6       -.6      11.6
       -.7      28.4       -.7       9.8
 52768  -.180796  -.949177  -.257634
  98069.6  13336.6       .0     43.3     56.1     28.9
       .0     86.6     56.1     57.7  56590.2  58211.1
      -9.5      55.0      -2.2      61.0
       -.8      30.2      -1.1      19.0
       -.5      26.4       -.9      12.2
       -.1      28.1       -.6      11.0
 52769  -.223945  -.940570  -.255298
  98763.2  13555.0       .0     43.3     56.1     28.9
       .0     86.6     56.1     57.7  57391.5  58710.7
     -10.5      55.2      -5.5      55.6
       -.8      30.1      -1.3      20.6
       -.6      27.1      -1.1      13.4
       -.2      28.1       -.6      12.3
 52770  -.265817  -.930361  -.252527
  99555.2  13584.3       .0     43.3     56.1     28.9
       .0     86.6     56.1     57.7  57074.2  58892.6
     -10.7      54.9      -5.5      53.3
       -.8      30.5      -1.4      20.7
       -.3      27.1      -1.3      15.0
       -.7      28.5      -1.1      13.8
 52771  -.306238  -.918714  -.249365
 100505.4  13698.8       .0     43.3     56.1     28.9
       .0     86.6     56.1     57.7  57162.7  58663.9
     -12.1      58.0      -5.6      53.2
       -.7      30.2      -1.3      21.2
       -.2      27.0      -1.2      15.5
       -.3      28.7      -1.2      14.9
 52772  -.345068  -.905804  -.245861
 101394.0  13805.3       .0     43.3     56.1     28.9
       .0     86.6     56.1     57.7  57162.3  59483.0
      -9.7      57.1      -6.0      51.2
      -1.4      31.0      -2.0      23.4
       -.7      26.7      -1.6      17.1
       -.6      28.3      -1.5      16.8
 52773  -.382204  -.891810  -.242063
 102740.7  13801.7       .0     43.3     56.1     28.9
       .0     86.6     56.1     57.7  58461.3  60872.4
     -13.1      56.4      -8.1      46.9
       -.8      30.5      -1.8      22.9
       -.1      27.1      -1.4      17.5
       -.1      28.1      -1.6      16.6
 52774  -.417577  -.876913  -.238019
 104289.5  13816.8       .0     43.3     56.1     28.9
       .0     86.6     56.1     57.7  59386.6  61310.0
      -8.7      56.0      -4.7      46.4
       -.8      30.8      -2.0      24.2
       -.1      26.6      -1.4      19.2
       -.9      28.4      -1.9      18.1
 52775  -.451149  -.861285  -.233777
 106020.4  13663.6       .0     43.3     56.1     28.9
       .0     86.6     56.1     57.7  60003.2  61897.7
     -10.2      59.8      -5.9      46.0
      -1.2      29.8      -2.4      24.3
       -.3      26.7      -1.8      19.5
        .1      27.7      -1.3      18.1
 52776  -.482910  -.845093  -.229382
 107761.7  13525.0       .0     43.3     56.1     28.9
       .0     86.6     56.1     57.7  60448.7  62268.7
     -11.5      56.9      -6.6      46.8
      -1.0      30.0      -2.5      25.9
       -.4      26.9      -1.8      21.4
       -.7      27.8      -1.8      20.9
 52777   .337328  -.927651  -.160231
 159602.7  13920.9       .0     43.3     56.1     28.9
       .0     86.6     56.1     57.7  96814.8 100512.2
     -10.2      57.7       5.9      60.6
      -1.6      31.3        .4      24.7
       -.5      27.3       -.9      13.4
       -.6      28.1       -.7      11.9
 52778   .312066  -.936198  -.161707
 157871.4  13744.7       .0     43.3     56.1     28.9
       .0     86.6     56.1     57.7  95659.1  99320.1
     -14.6      57.6      10.5      63.2
      -1.8      31.4        .2      24.4
       -.9      27.0       -.8      12.0
       -.5      27.5       -.9      10.3
 52779   .286124  -.944211  -.163091
 157316.5  13807.6       .0     43.3     56.1     28.9
       .0     86.6     56.1     57.7  97131.8  99636.3
     -12.4      57.9       6.7      71.6
      -1.3      31.0        .0      25.4
      -1.2      27.1       -.4      11.9
      -1.0      28.4       -.5      10.1
 52780   .259539  -.951641  -.164374
 156192.4  13687.1       .0     43.3     56.1     28.9
       .0     86.6     56.1     57.7  95966.6  98666.3
     -13.9      57.8       4.5      85.7
      -1.1      30.9        .2      24.8
      -1.0      26.9       -.5      10.7
      -1.4      27.5       -.6       9.1
 52781   .232349  -.958440  -.165549
 155415.6  13522.1       .0     43.3     56.1     28.9
       .0     86.6     56.1     57.7  95333.7  97684.2
     -13.6      57.9      10.2      78.9
      -1.7      30.7        .4      28.1
      -1.2      27.1       -.2      11.0
       -.3      28.2       -.3       8.5
 52782   .204604  -.964562  -.166606
 155012.0  13387.6       .0     43.3     56.1     28.9
       .0     86.6     56.1     57.7  95443.0  98172.3
     -12.0      52.1      11.3      87.7
      -1.6      30.4        .9      27.0
       -.4      26.8        .0       9.9
       -.6      28.0        .0       7.5
 52783   .176357  -.969963  -.167539
 154378.9  13328.7       .0     43.3     56.1     28.9
       .0     86.6     54.4      8.3  94757.3  97335.4
      -8.1      51.4       7.9      90.2
      -2.4      31.7       1.2      29.6
       -.5      27.2        .0       9.2
       -.1      27.5        .2       6.5
 52784   .147667  -.974605  -.168341
 154018.0  13264.1       .0     43.3     56.1     28.9
       .0     86.6     54.2     21.4  94028.1  97076.7
     -12.3      53.5       4.5      92.3
      -2.0      30.6       1.3      30.1
      -1.4      27.4        .6       8.7
      -1.4      27.7        .6       5.5
 52785   .118600  -.978453  -.169006
 153318.3  13206.4       .0     43.3     54.2      6.3
       .0     86.6     54.3     34.5  95555.5  98060.9
     -11.0      53.0      12.2     103.6
      -1.9      30.7        .9      36.4
      -1.4      26.7        .3       9.4
      -1.1      27.5        .4       4.2
 52786   .089225  -.981478  -.169528
 153402.8  13164.2       .0     43.3     54.0     19.6
       .0     86.6     54.2     47.3  94590.8  97364.9
     -12.2      56.7       2.1     120.1
      -2.2      30.3        .1      52.3
      -1.1      27.1        .3      15.3
      -1.8      27.4        .4       4.8
 52787   .059616  -.983656  -.169904
 153571.0  13170.9       .0     43.3     55.7     23.1
       .0     86.6     55.7     51.3  91783.4  94877.5
     -12.8      60.8       2.8     120.8
      -2.2      30.8        .6      61.5
      -1.2      26.9       -.7      21.8
      -1.7      27.9       -.1       7.0
 52788   .044746  -.984421  -.170036
 152823.3  13075.8       .0     43.3     55.5     17.7
       .0     86.6     55.5     45.5  94337.2  96736.4
     -12.4      54.5        .3     104.5
      -2.1      30.7        .6      50.9
      -1.4      26.9       -.4      13.0
      -1.8      27.5       -.1       3.2
 52789   .029848  -.984969  -.170131
 152874.7  13072.3       .0     43.3     55.1     10.7
       .0     86.6     55.2     39.2  93886.3  96961.2
      -9.7      52.1       -.2     104.5
      -2.0      31.1       -.6      41.1
       -.5      26.9        .1      10.0
      -1.6      27.6       -.1       5.0
 52790   .014929  -.985299  -.170188
 152681.2  13145.5       .0     43.3     54.6      4.5
       .0     86.6     54.9     32.6  93035.8  96207.7
     -14.6      56.5       4.3     101.0
      -1.9      31.0        .3      33.4
      -1.3      27.2       -.2      10.4
      -1.7      27.8       -.1       4.2
 52791   .000000  -.985408  -.170207
 152416.8  13100.9       .0     43.3     56.1     28.9
       .0     86.6     54.8     26.0  92621.4  96495.1
     -12.1      57.2       1.8      93.4
      -1.4      31.1        .1      29.8
      -1.7      27.1       -.2       8.9
      -1.7      27.4        .0       5.1
 52792  -.014929  -.985299  -.170188
 152523.9  13089.1       .0     43.3     56.1     28.9
       .0     86.6     54.6     19.4  93559.9  96603.4
      -9.2      53.5       5.6      94.0
      -1.6      30.9        .2      29.3
      -1.4      27.3        .1       8.5
      -1.4      28.0       -.1       5.7
 52793  -.029848  -.984969  -.170131
 152056.9  13150.1       .0     43.3     56.1     28.9
       .0     86.6     54.6     12.9  93909.1  96522.6
     -11.4      59.7       4.4      92.0
      -1.7      30.8       -.2      27.3
      -1.2      27.3        .0       8.6
      -1.1      28.2       -.2       5.9
 52794  -.044746  -.984421  -.170036
 152017.8  13156.3       .0     43.3     56.1     28.9
       .0     86.6     54.4      6.4  92639.1  95187.4
     -11.8      58.5       6.4      85.6
      -2.0      31.4       -.4      26.8
       -.9      27.3       -.7       8.5
       -.8      28.2       -.5       6.2
 52795  -.059616  -.983656  -.169904
 152007.5  13117.0       .0     43.3     56.1     28.9
       .0     86.6     54.1      3.3  92243.0  95532.4
     -12.6      51.7       -.6      80.7
      -1.3      30.7       -.9      25.5
      -1.1      27.1       -.9       9.1
      -1.0      27.7       -.7       7.0
 52796  -.089225  -.981478  -.169528
 151846.4  13171.0       .0     43.3     56.1     28.9
       .0     86.6     56.1     57.7  92930.8  95905.3
     -12.5      57.5      -2.7      83.4
      -2.2      31.3      -1.0      24.3
       -.6      27.5       -.7       9.5
       -.9      28.4       -.6       7.8
 52797  -.118600  -.978453  -.169006
 152058.7  13252.0       .0     43.3     56.1     28.9
       .0     86.6     56.1     57.7  92536.9  95163.6
     -12.9      57.0      -6.8      72.9
      -1.4      31.7      -1.2      22.9
      -1.0      27.0      -1.1      10.1
       -.7      27.8      -1.0       8.1
 52798  -.147667  -.974605  -.168341
 152265.1  13332.3       .0     43.3     56.1     28.9
       .0     86.6     56.1     57.7  91654.3  94063.6
     -15.1      54.6      -7.4      69.6
      -1.0      31.2      -1.7      23.9
       -.5      27.9      -1.0      11.3
       -.7      28.6      -1.1       9.4
 52799  -.176357  -.969963  -.167539
 152262.0  13247.3       .0     43.3     56.1     28.9
       .0     86.6     56.1     57.7  92005.6  94691.9
     -11.5      53.5      -4.8      61.9
      -1.7      31.4      -1.6      21.2
      -1.1      27.6      -1.6      11.9
       -.5      28.1      -1.2      10.5
 52800  -.204604  -.964562  -.166606
 152945.2  13355.3       .0     43.3     56.1     28.9
       .0     86.6     56.1     57.7  93977.3  96664.5
      -9.6      54.6      -9.2      61.8
      -1.2      31.2      -1.7      22.2
       -.4      27.7      -1.4      13.0
       -.3      28.5      -1.3      11.2
 52801  -.232349  -.958440  -.165549
 153815.9  13538.3       .0     43.3     56.1     28.9
       .0     86.6     56.1     57.7  93817.7  97191.9
     -12.4      56.6      -1.6      55.5
       -.8      31.5      -2.0      21.2
       -.2      27.7      -1.5      13.0
       -.1      28.1      -1.3      11.8
 52802  -.259539  -.951641  -.164374
 153879.5  13572.9       .0     43.3     56.1     28.9
       .0     86.6     56.1     57.7  92628.0  95933.8
     -13.1      55.1      -8.7      60.4
      -1.0      31.4      -2.1      22.3
       -.5      27.9      -1.8      13.8
       -.5      28.1      -1.5      12.6
 52803  -.286124  -.944211  -.163091
 155111.4  13688.3       .0     43.3     56.1     28.9
       .0     86.6     56.1     57.7  96061.0  98738.6
     -11.0      57.7      -5.5      54.7
      -1.5      31.9      -2.5      22.3
       -.4      27.5      -1.8      14.9
       -.2      28.5      -1.5      13.5
 52804  -.312066  -.936198  -.161707
 156269.7  13710.7       .0     43.3     56.1     28.9
       .0     86.6     56.1     57.7  93312.8  96936.8
     -13.3      59.1      -6.2      48.3
      -1.3      31.7      -2.2      21.8
        .3      27.3      -1.3      15.1
       -.4      28.7      -1.8      14.0
 52805  -.337328  -.927651  -.160231
 157028.3  13770.5       .0     43.3     56.1     28.9
       .0     86.6     56.1     57.7  94511.0  98023.5
     -12.5      57.8      -5.7      42.3
      -1.3      31.9      -2.3      23.1
       -.4      27.2      -1.8      15.9
       -.1      28.6      -1.6      15.1
