OCR_prd2017clk:dj045a,R12@-300V,3.8T@20d,263K,rhe=1.10,rhh=0.7,0.4/0.4          
  1869   1  3.80  28   3  29   4  300.00  263.00     .40 1.28000   700.0   24.03  -23.91  150.000  100.000  290.000  1900.0   12.01  -11.96    1.50    1.00     .85
 60381  -.105170   .946530  -.304993
  84430.6  13116.3     12.0     43.3    -10.9      8.7
     12.0     86.6    -11.0     36.6  47245.6  49105.1
       9.2      54.6      -6.5      77.1
       1.7      26.9       -.7      20.0
        .8      22.0        .1       5.6
       1.2      22.8        .3       3.9
 60382  -.113613   .937303  -.329476
  78172.9  13287.2     12.0     43.3    -10.9      9.0
     12.0     86.6    -10.9     36.8  43537.2  45118.7
      10.3      53.8      -8.4      74.7
       1.5      25.3       -.4      17.8
        .9      21.6        .3       5.3
        .8      21.0        .2       4.1
 60383  -.123410   .925573  -.357888
  72017.1  13395.3     12.0     43.3    -11.0      9.1
     12.0     86.6    -11.0     37.0  40209.1  41147.7
      12.0      57.2      -9.4      71.8
       1.3      25.7       -.2      16.2
        .9      21.7        .2       5.4
       1.2      21.8        .1       4.2
 60384  -.134874   .910397  -.391134
  65933.5  13578.3     12.0     43.3    -11.0      9.4
     12.0     86.6    -11.0     37.1  35860.1  37025.6
       9.3      52.5      -6.2      71.0
       1.3      24.2       -.3      14.5
        .9      19.9        .1       5.3
        .8      19.4        .2       4.3
 60385  -.148397   .890380  -.430350
  59941.5  13880.4     12.0     43.3    -11.0      9.5
     12.0     86.6    -11.3     37.4  31609.6  32658.6
      11.7      54.1      -9.1      66.1
        .9      25.0        .0      12.1
        .8      20.5        .1       5.8
        .8      20.9        .3       4.5
 60386  -.164460   .863416  -.476934
  54111.4  14419.6     12.0     43.3    -11.1      9.9
     12.0     86.6    -11.3     37.7  27452.8  28775.2
      11.5      55.6      -4.4      61.9
        .8      24.2       -.2      13.6
        .7      20.0        .1       5.5
        .8      19.6        .2       4.7
 60387  -.183618   .826279  -.532491
  48659.9  14992.0     12.0     43.3    -11.3     10.1
     12.0     86.6    -11.3     37.9  24520.2  25282.5
       8.4      53.7      -8.1      63.2
        .9      24.3        .1      10.9
        .8      19.1        .2       5.6
        .9      19.7        .2       5.0
 60388  -.206405   .774019  -.598575
  43213.1  16006.7     12.0     43.3    -11.6     10.3
     13.7      7.6    -11.5     38.2  20332.2  21329.5
       9.1      54.2      -4.4      54.4
       1.1      25.0       -.1       9.6
       1.0      19.8        .1       5.7
       1.0      19.6        .2       5.1
 60389  -.233063   .699189  -.675882
  38427.5  17984.8     12.0     43.3    -11.7     10.6
     12.0     16.7    -11.6     38.4  18102.3  18920.8
       8.9      60.5      -6.0      51.7
        .8      29.2        .0       9.9
       1.3      20.8       -.1       6.2
        .8      18.8        .1       5.5
 60390  -.262862   .591440  -.762300
  34272.9  21321.9     11.8     30.0    -11.9     12.6
     11.9     36.3    -11.6     38.5  15349.1  16195.0
       5.9      56.6      -5.8      49.5
        .9      23.4        .0       9.1
        .7      16.9        .0       6.1
        .4      14.2        .2       5.6
 60391  -.292854   .439281  -.849276
  30727.0  25252.1     11.9     17.2    -11.9     11.1
     11.5     55.3    -11.8     39.1  12902.5  13785.0
       5.6      49.6      -4.8      44.6
        .3      14.1        .0       9.2
        .2      10.1        .1       6.5
        .3       9.0        .1       6.0
 60392  -.316664   .237498  -.918324
  28750.7  23709.2     12.0     32.6    -12.1     10.9
     12.0     74.1    -12.0     39.3  12037.7  12695.0
       5.4      54.3      -3.3      43.7
        .1       7.6        .1       9.2
       -.3       5.0        .3       6.6
       -.3       5.0        .0       6.1
 60393  -.325991   .000000  -.945373
  28004.7  23067.5     11.5     37.3    -12.0     10.9
     12.1     79.4    -11.9     39.3  11786.2  12388.4
       1.4      62.8      -1.4      41.3
      -1.2       8.3       -.2       8.9
      -1.1       5.0        .0       6.4
      -1.0       5.0        .0       5.7
 60394  -.323582  -.121343  -.938387
  27904.6  23182.9     12.0     29.5    -12.1     11.0
     12.3     70.5    -12.0     39.3  12040.8  12657.7
      -3.8      56.8      -2.1      42.5
      -1.4       7.7       -.2       9.1
      -1.3       5.5       -.1       6.4
      -1.2       5.0        .1       5.8
 60395  -.316664  -.237498  -.918324
  28560.0  23669.0     11.6     21.9    -11.9     11.1
     12.0     61.4    -11.9     39.3  11763.7  12584.2
      -5.4      48.3      -3.1      44.4
      -1.7      11.7       -.2       9.4
      -1.3       8.5        .0       6.4
      -1.5       7.4        .2       5.8
 60396  -.306058  -.344315  -.887567
  29280.1  23684.0     11.0     15.1    -12.0     10.9
     12.1     52.0    -11.8     38.9  12433.0  13129.5
      -5.9      47.8       -.5      44.1
      -1.7      15.7       -.1       8.8
      -2.0      11.1       -.1       6.3
      -1.7      10.0        .0       5.7
 60397  -.292854  -.439281  -.849276
  30624.5  22014.5     10.6     12.3    -11.9     10.7
     11.9     42.3    -11.8     38.9  13481.0  14072.2
      -5.4      54.5       -.7      44.7
      -2.3      20.1       -.2       9.2
      -2.0      14.1        .1       6.3
      -1.8      12.3        .2       5.7
 60398  -.278147  -.521525  -.806626
  32034.1  19291.3      8.5     16.3    -11.8     10.6
     11.9     32.8    -11.7     38.8  14240.9  14960.4
      -8.4      54.3      -2.3      47.2
      -2.7      25.3        .1       8.8
      -2.3      17.9        .2       6.0
      -2.2      15.8        .2       5.7
 60399  -.262862  -.591440  -.762300
  33979.7  17907.0     12.0     43.3    -11.7     10.5
     12.2     23.2    -11.7     38.6  15258.1  16007.0
     -10.0      58.6      -2.2      47.9
      -2.3      28.9       -.1       8.7
      -3.1      20.8        .0       5.9
      -2.2      18.3        .2       5.5
 60400  -.233063  -.699189  -.675882
  38198.8  15805.6     12.0     43.3    -11.5     10.0
     12.2      8.0    -11.5     38.5  18142.8  18892.0
      -8.7      56.6      -2.5      55.4
      -2.3      27.4       -.2       9.2
      -1.7      20.9        .3       5.8
      -2.2      20.5        .2       5.2
 60401  -.206405  -.774019  -.598575
  42968.7  14547.9     12.0     43.3    -11.3      9.6
     12.0     86.6    -11.3     38.0  20967.5  21724.5
      -8.3      51.3       3.4      51.4
      -2.1      25.3        .1      10.2
      -1.9      20.6        .2       5.7
      -1.9      21.6        .2       5.0
 60402  -.183618  -.826279  -.532491
  48392.0  13766.7     12.0     43.3    -11.4      9.4
     12.0     86.6    -11.4     37.9  24492.3  25460.9
      -8.2      52.7       2.5      60.6
      -1.9      23.9        .0      10.4
      -1.4      19.5        .2       5.5
      -1.9      18.9        .2       4.6
 60403  -.164460  -.863416  -.476934
  53918.6  13493.6     12.0     43.3    -11.4      9.1
     12.0     86.6    -11.3     37.4  27969.5  28856.4
      -8.1      51.8       -.2      59.5
      -1.4      26.0        .3      12.5
      -1.4      22.5        .2       5.3
      -1.9      23.6        .2       4.4
 60404  -.148397  -.890380  -.430350
  59744.9  13171.5     12.0     43.3    -11.4      8.8
     12.0     86.6    -11.4     37.3  31002.5  32535.7
      -9.4      50.7       3.2      66.4
      -1.4      24.2        .2      12.0
      -1.8      20.3        .1       5.0
      -1.6      20.0        .3       4.2
 60405  -.134874  -.910397  -.391134
  65669.8  12914.0     12.0     43.3    -11.1      8.6
     12.0     86.6    -11.2     37.1  34571.1  36176.7
     -10.7      51.0       4.8      71.4
      -1.7      27.0        .3      15.9
      -1.7      22.7        .3       5.1
      -1.1      22.5        .4       4.0
 60406  -.123410  -.925573  -.357888
  71850.5  12798.6     12.0     43.3    -11.2      8.5
     12.0     86.6    -11.2     36.9  39682.5  40862.8
      -9.0      51.3        .5      72.2
      -1.3      25.1        .9      15.7
      -1.0      21.3        .2       4.8
      -1.1      20.5        .3       3.9
 60407  -.113613  -.937303  -.329476
  78146.6  12806.1     12.0     43.3    -10.9      8.3
     12.0     86.6    -11.0     36.9  44416.3  45954.8
      -9.0      50.2       6.7      72.7
      -1.3      26.8        .4      17.2
      -1.3      23.7        .3       5.1
      -1.3      24.4        .3       3.7
 60408  -.105170  -.946530  -.304993
  84263.8  12728.2     12.0     43.3    -11.2      8.2
     12.0     86.6    -11.1     36.7  47537.4  49113.6
     -10.2      54.5       1.3      81.4
      -1.9      25.4        .9      19.1
      -1.6      21.1        .2       5.0
       -.8      21.1        .3       3.6
 60409   .863216  -.064741  -.500666
  51413.5   8842.9     12.3     27.2    -12.0     28.9
     12.5     69.1    -12.0     57.7  27376.0  28262.3
       4.8      63.5       5.6      39.6
      -1.0      12.8       1.2      20.8
       -.9       5.0        .6      17.0
      -1.0       5.0        .9      16.0
 60410   .838516  -.069876  -.540377
  47457.0   9012.9     11.9     27.5    -12.0     28.9
     12.4     69.5    -12.0     57.7  25311.8  25948.6
       2.6      59.8       7.0      39.7
       -.8      10.8       1.4      22.0
      -1.0       5.0       1.1      16.9
       -.9       5.0       1.0      16.4
 60411   .807288  -.075683  -.585284
  43911.6   9329.4     12.1     27.6    -12.0     28.9
     12.4     69.5    -12.0     57.7  22575.4  23187.1
       5.4      64.4       5.3      38.9
       -.8       9.4       1.4      20.3
       -.9       5.0       1.2      16.3
      -1.0       5.0       1.0      15.7
 60412   .767414  -.082223  -.635858
  40398.6   9682.8     12.3     27.9    -12.0     28.9
     12.7     69.8    -12.0     57.7  20865.7  21395.5
       5.7      64.2       5.5      39.4
      -1.1      10.2       1.5      21.8
      -1.0       5.0       1.3      16.4
      -1.1       5.0       1.3      15.6
 60413   .716102  -.089513  -.692232
  37329.4  10317.0     12.1     28.2    -12.0     28.9
     12.4     69.7    -12.0     57.7  18297.4  18996.8
       2.1      60.0       6.3      39.7
      -1.3       8.8       1.5      19.8
      -1.2       5.0       1.0      15.3
      -1.0       5.0       1.4      14.5
 60414   .649830  -.097475  -.753803
  34157.9  11088.0     11.8     28.6    -12.0     28.9
     12.2     70.0    -12.0     57.7  16434.8  17013.7
       1.4      54.6       8.0      42.7
      -1.3       9.0       1.9      20.3
      -1.2       5.0       1.5      15.3
      -1.2       5.0       1.7      14.5
 60415   .564543  -.105852  -.818588
  31597.2  12397.8     11.7     28.8    -12.0     28.9
     11.9     70.3    -12.5      6.3  14383.9  15055.8
       1.7      55.5       4.2      38.9
      -1.4       8.6       1.7      17.3
       -.9       5.0       1.1      13.0
      -1.2       5.0       1.7      12.7
 60416   .456422  -.114106  -.882416
  29376.8  14622.4     11.4     29.1    -12.0     28.9
     11.9     70.3    -12.3     14.5  13339.4  13867.9
        .7      54.5       5.8      41.7
      -1.1       8.0       2.0      18.1
      -1.2       5.1       1.8      13.2
      -1.1       5.0       1.7      12.3
 60417   .323582  -.121343  -.938387
  27859.5  18981.2     11.8     29.4    -11.3     10.6
     12.1     70.6    -12.0     26.6  11959.8  12573.0
      -1.2      53.7       4.2      38.2
      -1.4       7.8       1.9      14.3
      -1.3       5.4       1.6      10.3
      -1.1       5.0       1.4       9.5
 60418   .168544  -.126408  -.977555
  26773.5  22355.5     11.4     29.7    -12.0     10.7
     12.1     70.6    -12.2     39.0  11133.2  11805.8
       1.3      52.7       2.9      42.8
      -1.6       8.8       1.2       9.6
      -1.1       5.4       1.1       6.6
      -1.2       5.0       1.1       6.1
 60419   .000000  -.128243  -.991743
  26708.9  22047.0     11.9     29.5    -12.1     22.1
     12.1     70.8    -12.2     50.7  10809.7  11631.4
      -3.7      53.3        .7      52.7
      -1.5       8.1        .6       7.5
      -1.2       5.5        .6       3.4
      -1.2       5.1        .8       3.1
 60420  -.085184  -.127776  -.988138
  26663.4  22118.4     11.5     29.7    -11.4     26.1
     12.0     70.6    -11.5     54.8  10423.8  11118.5
      -1.2      50.0       -.5      65.6
      -1.2       8.0        .0      10.4
      -1.2       5.4        .3       3.5
      -1.4       5.1        .2       3.0
 60421  -.168544  -.126408  -.977555
  26915.4  22291.7     11.7     29.7    -11.5     22.4
     12.3     70.7    -11.5     51.1  11106.5  11609.6
      -2.9      52.4        .5      60.0
      -1.5       8.9        .2       6.5
      -1.2       5.5        .2       3.0
      -1.1       5.0        .3       3.0
 60422  -.248443  -.124222  -.960648
  27453.4  22677.5     11.5     29.6    -12.0     16.7
     12.1     70.6    -11.9     45.4  11237.5  12070.8
      -2.5      53.4      -1.8      51.9
      -1.4       8.0        .0       7.0
      -1.3       5.4        .1       4.6
      -1.2       5.0        .1       4.1
 60423  -.323582  -.121343  -.938387
  28061.8  23282.2     12.0     29.5    -11.9     10.9
     12.4     70.5    -12.0     39.3  11798.4  12375.0
      -4.4      54.8      -1.7      43.1
      -1.5       7.9       -.3       8.7
      -1.3       5.4        .1       6.5
      -1.2       5.0        .0       5.7
 60424  -.393068  -.117920  -.911917
  28755.0  22248.5     11.9     29.5    -12.3      6.1
     12.1     70.6    -12.0     33.2  12212.2  12924.7
      -7.2      57.2      -5.0      40.9
      -1.3       8.8       -.2      11.3
      -1.3       5.3       -.1       8.1
      -1.2       5.0       -.1       7.4
 60425  -.456422  -.114106  -.882416
  29642.0  19783.1     11.8     29.2    -14.7      8.0
     12.2     70.4    -11.7     26.8  13097.6  13890.7
      -5.5      55.9      -4.2      39.1
      -1.2       8.6       -.5      14.4
      -1.3       5.4       -.2      10.4
      -1.4       5.0       -.3       9.1
 60426  -.513527  -.110042  -.850988
  30776.2  17250.1     11.5     29.1    -19.3      9.1
     12.0     70.4    -12.1     20.6  13719.5  14473.4
      -4.3      56.9      -5.2      44.5
      -1.4       8.9       -.9      16.8
      -1.0       5.1       -.2      11.7
      -1.2       5.0       -.5      10.8
 60427  -.564543  -.105852  -.818588
  31823.3  15364.0     11.6     28.9    -12.0     28.9
     12.0     70.1    -11.8     14.3  14654.1  15310.4
      -4.5      52.4      -3.4      42.6
      -1.6       8.8       -.8      18.1
      -1.1       5.3       -.6      13.0
      -1.2       5.0       -.5      11.8
 60428  -.649830  -.097475  -.753803
  34373.4  13037.4     12.0     28.6    -12.0     28.9
     12.2     70.2    -11.8      5.3  16122.9  16743.6
      -8.2      57.9      -4.8      40.5
      -1.6       9.1       -.7      17.5
      -1.3       5.1       -.8      13.0
      -1.1       5.0       -.5      11.7
 60429  -.716102  -.089513  -.692232
  37434.0  11824.2     12.1     28.6    -12.0     28.9
     12.6     69.7    -12.0     57.7  18552.0  19116.6
      -5.5      61.3      -6.1      45.1
      -1.3       9.4       -.9      20.6
      -1.0       5.0       -.8      14.8
      -1.1       5.0       -.7      13.6
 60430  -.767414  -.082223  -.635858
  40495.3  10793.1     12.1     28.0    -12.0     28.9
     12.5     69.7    -12.0     57.7  20593.6  21304.8
     -11.3      61.5      -7.5      43.9
      -1.2       8.9       -.8      19.1
      -1.1       5.0       -.2      14.4
      -1.1       5.0       -.7      13.5
 60431  -.807288  -.075683  -.585284
  43832.2  10329.5     12.0     27.6    -12.0     28.9
     12.4     69.2    -12.0     57.7  22699.2  23532.2
      -7.2      64.7      -5.3      42.1
      -1.5       9.7      -1.1      21.4
      -1.1       5.0       -.5      16.4
      -1.1       5.0       -.9      14.5
 60432  -.838516  -.069876  -.540377
  47398.8   9867.3     12.3     27.4    -12.0     28.9
     12.9     69.2    -12.0     57.7  24797.3  25627.6
      -5.5      61.8      -5.5      38.2
      -1.4      10.6      -1.0      20.0
      -1.0       5.0       -.6      15.6
      -1.0       5.0       -.7      14.6
 60433  -.863216  -.064741  -.500666
  51233.5   9633.3     12.4     27.3    -12.0     28.9
     12.7     69.0    -12.0     57.7  27539.0  28418.1
      -5.4      62.5      -6.5      42.1
      -1.2      11.5      -1.2      22.2
      -1.0       5.0       -.7      16.8
      -1.1       5.0       -.9      15.4
 60434  -.882965  -.060202  -.465563
  55132.0   9414.2     12.1     27.0    -12.0     28.9
     12.5     68.9    -12.0     57.7  29702.3  30864.4
      -5.0      69.1      -7.8      40.3
      -1.1      12.9      -1.0      20.8
       -.9       5.0       -.7      16.2
      -1.1       5.0       -.8      15.4
 60435  -.898927  -.056183  -.434481
  59085.3   9183.2     12.0     26.8    -12.0     28.9
     12.4     68.8    -12.0     57.7  32093.0  33331.2
      -4.6      66.2      -6.2      39.5
      -1.2      12.3      -1.7      22.6
       -.8       5.0       -.9      17.1
      -1.0       5.0       -.8      15.5
 60436  -.911966  -.052613  -.406877
  63091.8   9122.8     12.5     26.5    -12.0     28.9
     12.7     68.6    -12.0     57.7  34871.7  36162.8
      -8.8      68.8      -8.1      38.3
      -1.2      13.5      -1.2      21.2
      -1.0       5.0       -.8      16.9
       -.9       5.0      -1.0      15.8
 60437  -.922727  -.049432  -.382272
  66926.7   9004.7     12.2     26.5    -12.0     28.9
     12.5     68.6    -12.0     57.7  37716.5  38875.5
     -10.4      70.3      -6.6      38.7
      -1.4      14.6      -1.2      22.6
       -.9       5.0      -1.0      17.6
       -.9       5.0      -1.0      16.0
 60438   .806111  -.362750  -.467544
  54961.2   9630.9     12.0     43.3    -12.0     28.9
     12.3     19.9    -12.0     57.7  28712.9  30210.6
      -2.7      59.9       6.9      39.0
      -2.0      26.4       1.2      21.2
      -1.5      17.7        .9      17.3
      -1.5      15.0        .8      17.1
 60439   .774912  -.387456  -.499388
  51365.5  10038.4     12.0     43.3    -12.0     28.9
     12.6     20.5    -12.0     57.7  26999.3  27888.3
      -4.1      57.8       6.7      39.3
      -1.9      27.0       1.3      22.7
      -1.8      18.0        .9      17.7
      -1.7      15.2       1.1      16.8
 60440   .736803  -.414452  -.534182
  47931.6  10516.9     12.0     43.3    -12.0     28.9
     12.3     20.8    -12.0     57.7  24999.0  25757.8
      -2.3      57.1       4.9      39.0
      -2.4      27.1       1.2      20.5
      -1.8      18.1       1.1      16.6
      -1.6      15.7       1.0      16.6
 60441   .690099  -.443635  -.571796
  44775.9  11121.4     12.0     43.3    -12.0     28.9
     12.6     21.3    -12.0     57.7  22630.3  23580.1
      -3.0      59.0       6.6      42.8
      -2.6      27.5       1.2      21.9
      -1.6      18.7       1.1      16.8
      -1.7      15.9       1.2      16.0
 60442   .632842  -.474632  -.611748
  41782.7  11910.7     12.0     43.3    -12.0     28.9
     12.5     21.8    -12.0     57.7  20549.4  21503.5
      -4.4      58.5       6.3      39.3
      -2.7      27.5       1.7      19.4
      -1.9      18.9       1.1      14.8
      -1.7      16.5       1.3      14.8
 60443   .562936  -.506642  -.653006
  39286.1  13249.9     12.0     43.3    -12.0     28.9
     12.5     22.3    -12.0     57.7  18931.2  19861.9
      -5.0      58.6       6.1      42.9
      -2.7      28.3       2.0      20.3
      -2.3      19.4       1.7      15.2
      -2.0      17.2       1.6      14.5
 60444   .478468  -.538276  -.693778
  37015.2  14755.6     12.0     43.3    -12.0     28.9
     12.5     22.6    -12.7      6.4  17561.5  18481.5
      -4.9      58.8       7.2      41.2
      -3.0      28.4       1.6      17.2
      -2.0      19.9       1.2      12.8
      -2.0      17.5       1.4      12.3
 60445   .378295  -.567442  -.731370
  35222.7  16469.4     12.0     43.3    -12.0     28.9
     12.3     23.1    -12.3     13.6  16488.5  17250.6
      -7.1      58.6       5.4      43.4
      -2.5      28.5       1.9      17.5
      -2.3      20.5       1.7      12.7
      -2.1      17.6       1.6      11.5
 60446   .262862  -.591440  -.762300
  33722.5  16787.1     12.0     43.3    -10.9     11.2
     12.4     23.2    -12.1     25.8  15263.9  15947.8
      -7.3      58.2       4.3      40.9
      -3.5      28.6       1.7      14.1
      -2.6      20.5       1.4      10.0
      -2.3      18.4       1.4       9.1
 60447   .134975  -.607388  -.782855
  32832.3  16723.8     12.0     43.3    -12.4     10.8
     12.3     23.5    -12.4     38.4  14523.8  15397.0
      -7.3      59.0       3.2      45.4
      -3.0      29.2       1.3       9.0
      -2.4      21.1        .9       6.2
      -2.4      18.6       1.1       5.7
 60448   .000000  -.612997  -.790085
  32794.8  16772.6     12.0     43.3    -12.5     21.9
     12.1     23.4    -12.5     50.3  14613.8  15346.3
      -9.1      61.2       3.4      64.5
      -2.6      29.0        .7       8.3
      -2.3      21.0        .6       3.0
      -2.6      18.9        .7       3.0
 60449  -.067953  -.611580  -.788259
  32919.1  16950.0     12.0     43.3    -12.0     25.6
     12.0     23.4    -12.0     54.3  14389.8  15247.0
      -8.5      58.6       1.3      73.5
      -3.0      29.6        .3      15.2
      -2.3      20.9        .2       4.0
      -2.7      18.8        .2       3.0
 60450  -.134975  -.607388  -.782855
  33190.0  17301.3     12.0     43.3    -11.4     21.9
     12.1     23.5    -11.3     50.7  15227.0  15942.5
      -5.6      57.5       3.1      64.3
      -2.6      29.4        .2       9.8
      -2.6      20.9        .3       3.0
      -2.5      18.6        .3       3.0
 60451  -.200196  -.600588  -.774091
  33284.2  17458.2     12.0     43.3    -11.3     16.1
     12.1     23.3    -11.4     44.8  14728.3  15514.1
      -7.5      56.0      -1.1      54.1
      -2.8      29.1        .2       8.0
      -2.6      20.7        .1       4.2
      -2.2      18.5        .2       3.8
 60452  -.262862  -.591440  -.762300
  34002.7  18088.3     12.0     43.3    -11.5     10.4
     12.3     23.2    -11.5     38.7  15526.6  16323.4
      -7.3      59.6      -1.9      49.8
      -3.3      29.3        .1       8.9
      -2.6      20.6        .2       5.9
      -2.4      18.4        .2       5.5
 60453  -.322373  -.580271  -.747905
  34584.0  17971.7     12.0     43.3    -11.9      5.7
     12.1     23.1    -11.8     32.4  15888.1  16668.6
      -8.9      59.1      -1.8      46.1
      -3.3      29.0       -.1      11.5
      -2.4      20.2        .1       7.8
      -2.4      18.1       -.1       7.1
 60454  -.378295  -.567442  -.731370
  35473.8  18018.7     12.0     43.3    -17.2     48.1
     12.0     23.0    -11.7     26.0  16789.6  17231.4
     -10.2      57.0      -3.8      43.4
      -3.3      28.8       -.6      14.1
      -2.2      20.1        .0       9.9
      -2.4      17.6       -.2       8.8
 60455  -.430364  -.553325  -.713175
  36234.8  17560.5     12.0     43.3    -12.0     28.9
     12.3     22.8    -11.7     19.8  16706.2  17766.2
      -9.3      58.0      -4.4      45.1
      -2.8      28.8       -.7      16.4
      -2.4      20.0       -.2      11.4
      -2.1      17.9       -.1      10.5
 60456  -.478468  -.538276  -.693778
  37125.6  16622.0     12.0     43.3    -12.0     28.9
     12.3     22.5    -11.7     13.6  17856.1  18475.9
      -9.9      59.6      -3.0      46.0
      -3.4      28.7       -.7      17.3
      -2.5      19.5       -.5      12.1
      -2.3      17.5       -.5      11.5
 60457  -.562936  -.506642  -.653006
  39343.1  14592.9     12.0     43.3    -12.0     28.9
     12.4     22.1    -11.9      4.9  19104.1  19831.1
      -9.1      60.1      -3.8      43.2
      -3.1      27.8       -.8      16.6
      -2.4      19.2       -.6      12.4
      -2.4      17.1       -.4      11.8
 60458  -.632842  -.474632  -.611748
  41967.0  12936.9     12.0     43.3    -12.0     28.9
     12.4     21.7    -12.0     57.7  20968.7  21835.7
      -5.7      58.2      -4.2      48.8
      -2.3      27.5       -.6      20.2
      -2.0      19.0       -.6      14.6
      -2.0      16.5       -.3      13.6
 60459  -.690099  -.443635  -.571796
  44780.0  11790.4     12.0     43.3    -12.0     28.9
     12.4     21.3    -12.0     57.7  22645.6  23487.7
      -8.8      58.8      -6.2      41.9
      -2.8      27.1       -.9      18.8
      -1.7      18.6       -.2      14.2
      -2.0      16.1       -.6      13.8
 60460  -.736803  -.414452  -.534182
  48004.7  11049.9     12.0     43.3    -12.0     28.9
     12.3     20.8    -12.0     57.7  25092.1  25729.7
      -7.4      58.0      -5.9      43.5
      -2.6      26.9      -1.0      21.3
      -1.8      18.1       -.8      15.9
      -2.0      15.8       -.5      15.0
 60461  -.774912  -.387456  -.499388
  51063.2  10515.4     12.0     43.3    -12.0     28.9
     12.5     20.3    -12.0     57.7  26883.0  27915.1
      -9.7      57.8      -5.8      40.1
      -2.5      26.1       -.6      20.1
      -1.8      17.9       -.2      15.7
      -2.1      15.2       -.7      15.2
 60462  -.806111  -.362750  -.467544
  54776.1  10078.9     12.0     43.3    -12.0     28.9
     12.2     20.0    -12.0     57.7  29573.5  30135.5
     -10.9      60.0      -6.2      40.8
      -2.1      26.2       -.7      22.0
      -2.0      17.4       -.8      16.8
      -1.7      14.8       -.8      15.8
 60463  -.831783  -.340275  -.438577
  58339.7   9768.5     12.0     43.3    -12.0     28.9
     12.4     19.6    -12.0     57.7  31866.8  32833.4
      -8.1      61.7      -6.2      40.1
      -2.2      25.7      -1.0      21.2
      -1.8      17.4       -.7      16.4
      -1.8      14.9       -.6      15.9
 60464  -.853040  -.319890  -.412303
  61985.9   9575.7     12.0     43.3    -12.0     28.9
     12.6     19.5    -12.0     57.7  34450.0  35618.4
      -8.7      60.7      -6.0      38.5
      -1.7      25.4       -.6      22.2
      -1.5      17.1       -.6      17.4
      -1.5      14.6       -.9      16.3
 60465  -.870759  -.301417  -.388493
  65778.1   9469.2     12.0     43.3    -12.0     28.9
     12.6     19.0    -12.0     57.7  36663.2  37832.3
      -7.2      59.2      -6.1      36.9
      -1.9      25.2      -1.1      21.8
      -1.5      16.7       -.6      17.0
      -1.5      14.3       -.4      16.1
 60466  -.885633  -.284668  -.366905
  69795.4   9243.1     12.0     43.3    -12.0     28.9
     12.7     18.6    -12.0     57.7  39222.6  40140.2
     -12.1      63.6      -8.3      39.6
      -1.4      25.2       -.5      22.7
      -1.3      16.7       -.2      18.0
      -1.2      14.1       -.3      16.5
 60467   .467453  -.841416  -.271123
  94612.6  13496.9     12.0     43.3    -12.0     28.9
     12.0     86.6    -12.0     57.7  55400.1  57234.5
      -6.9      51.1       7.6      44.0
      -1.0      24.6       1.2      18.7
       -.6      20.0        .6      13.5
       -.9      19.2        .5      12.5
 60468   .429723  -.859446  -.276932
  92800.9  13442.9     12.0     43.3    -12.0     28.9
     12.0     86.6    -12.0     57.7  53318.3  55256.8
      -7.2      52.0       8.8      46.4
      -1.5      25.0       1.3      19.4
      -1.0      20.1        .9      14.0
      -1.0      19.7        .8      12.7
 60469   .389600  -.876600  -.282460
  91085.8  13132.1     12.0     43.3    -12.0     28.9
     12.0     86.6    -12.0     57.7  52299.7  53891.6
     -10.4      58.0      10.7      49.5
      -1.6      24.6       1.3      17.9
       -.7      20.4        .7      12.6
       -.6      20.0        .6      11.3
 60470   .347131  -.892622  -.287623
  89272.7  13054.4     12.0     43.3    -12.0     28.9
     12.0     86.6    -12.0     57.7  51154.7  52956.5
      -8.6      54.7      10.1      51.5
      -1.5      24.6       1.4      18.5
       -.9      20.4        .9      12.5
      -1.0      19.9       1.0      11.4
 60471   .302414  -.907242  -.292333
  87851.3  12796.3     12.0     43.3    -12.0     28.9
     12.0     86.6    -12.0     57.7  50275.9  51633.6
      -9.1      52.9       8.1      56.8
      -1.8      25.9       1.5      17.7
       -.7      20.9        .5      11.0
       -.9      20.2        .8       9.6
 60472   .255608  -.920190  -.296506
  86628.9  12678.6     12.0     43.3    -12.0     28.9
     12.0     86.6    -12.0     57.7  49859.5  51564.3
      -9.6      53.6       9.2      61.0
      -1.1      25.3       1.5      18.0
      -1.0      21.0       1.1      11.0
      -1.0      20.6       1.0       9.6
 60473   .206935  -.931206  -.300055
  85426.0  12641.6     12.0     43.3    -12.0     28.9
     12.0     86.6    -12.0     57.7  49037.4  50509.5
     -12.1      53.4      10.0      59.2
      -1.3      25.0       1.4      16.9
       -.9      21.0       1.1       9.5
      -1.4      20.8       1.0       8.1
 60474   .156676  -.940054  -.302906
  84771.1  12524.1     12.0     43.3    -12.0     28.9
     12.0     86.6    -12.8      9.7  48087.7  49937.7
      -9.7      53.5       8.3      66.0
      -1.5      25.7       1.4      17.0
       -.8      21.1       1.2       9.0
      -1.3      21.1       1.2       7.4
 60475   .105170  -.946530  -.304993
  84193.5  12483.8     12.0     43.3    -12.0     28.9
     12.0     86.6    -12.9     22.7  47917.4  49275.0
      -8.7      52.5       8.8      69.8
      -1.6      25.6       1.5      16.5
       -.9      21.3       1.0       7.6
      -1.3      20.7       1.1       6.4
 60476   .052804  -.950480  -.306266
  83993.1  12484.4     12.0     43.3    -13.2      8.2
     12.0     86.6    -13.1     35.9  47540.8  49147.6
      -9.5      52.3       8.5      78.3
      -1.7      25.5       1.3      20.2
      -1.4      21.6        .8       5.1
      -1.2      20.9        .8       3.9
 60477   .000000  -.951808  -.306694
  84144.4  12563.0     12.0     43.3    -13.4     20.3
     12.0     86.6    -13.2     48.7  46644.2  48293.0
     -11.2      51.9       6.2      92.6
      -1.6      25.2       1.3      33.1
      -1.0      21.4        .2       6.3
      -1.3      20.7        .3       3.8
 60478  -.026430  -.951476  -.306587
  83881.9  12577.4     12.0     43.3    -12.1     25.2
     12.0     86.6    -12.0     53.5  47368.0  48686.3
      -8.6      50.7       7.5      97.4
      -1.8      25.0       2.1      41.3
      -1.1      21.5        .2      11.4
      -1.6      20.9        .0       4.4
 60479  -.052804  -.950480  -.306266
  83998.3  12565.4     12.0     43.3    -11.0     20.7
     12.0     86.6    -10.8     49.3  47763.6  49162.9
     -12.7      54.1       5.9      90.6
      -1.5      25.3       2.1      32.6
      -1.3      21.8        .7       6.3
       -.9      20.7        .6       3.0
 60480  -.079069  -.948828  -.305734
  84097.4  12637.2     12.0     43.3    -10.9     14.6
     12.0     86.6    -10.9     43.2  47940.5  49345.4
     -10.8      50.5       4.8      84.8
      -1.9      26.0        .9      24.2
      -1.5      21.2        .3       5.0
       -.8      20.9        .4       3.0
 60481  -.105170  -.946530  -.304993
  84064.1  12612.1     12.0     43.3    -11.1      8.2
     12.0     86.6    -11.0     36.6  47930.3  49207.3
     -10.0      50.6       5.2      75.4
      -1.6      25.3        .8      18.4
      -1.3      21.5        .2       5.0
      -1.3      21.2        .2       3.7
 60482  -.131055  -.943599  -.304049
  84787.5  12705.0     12.0     43.3    -11.4      2.4
     12.0     86.6    -11.3     30.1  48169.8  49260.3
      -9.1      50.0       6.5      70.4
      -1.5      25.5        .2      16.9
       -.4      21.2        .3       6.3
      -1.6      20.9        .2       4.8
 60483  -.156676  -.940054  -.302906
  85041.2  12788.7     12.0     43.3    -12.0     28.9
     12.0     86.6    -11.5     23.3  48444.0  49626.1
     -10.7      50.7       3.1      72.5
      -1.4      25.9        .3      18.8
      -1.4      21.1        .1       7.6
      -1.1      20.8        .0       6.1
 60484  -.181983  -.935915  -.301572
  85030.0  12895.6     12.0     43.3    -12.0     28.9
     12.0     86.6    -11.4     16.8  49410.8  50661.4
      -9.5      53.5       2.3      66.6
      -1.7      25.0        .2      17.2
      -1.1      21.2        .1       8.5
      -1.4      20.8        .0       6.9
 60485  -.206935  -.931206  -.300055
  85716.4  12982.1     12.0     43.3    -12.0     28.9
     12.0     86.6    -11.4     10.0  48577.8  49925.9
      -9.7      52.1       3.6      65.9
      -1.6      25.5        .1      17.5
      -1.4      21.2       -.1       8.8
       -.7      20.6        .2       7.3
 60486  -.255608  -.920190  -.296506
  86405.6  13057.1     12.0     43.3    -12.0     28.9
     12.0     86.6    -12.0     57.7  49491.3  50804.2
     -14.1      56.3       1.4      62.3
      -1.6      25.5       -.3      18.1
      -1.2      20.9       -.1       9.6
      -1.2      20.6        .0       8.0
 60487  -.302414  -.907242  -.292333
  87972.5  13399.0     12.0     43.3    -12.0     28.9
     12.0     86.6    -12.0     57.7  50410.2  52029.4
     -12.1      50.4      -1.3      58.3
      -1.3      25.0       -.1      18.6
       -.5      20.9        .0      10.9
       -.9      20.5       -.2       9.3
 60488  -.347131  -.892622  -.287623
  89394.8  13581.7     12.0     43.3    -12.0     28.9
     12.0     86.6    -12.0     57.7  51460.3  53249.4
     -12.9      56.0      -1.8      56.2
      -1.9      25.6      -1.0      17.9
       -.9      20.6       -.2      11.2
       -.8      20.1       -.1       9.8
 60489  -.389600  -.876600  -.282460
  90939.3  13902.8     12.0     43.3    -12.0     28.9
     12.0     86.6    -12.0     57.7  52083.0  54110.0
      -8.4      52.2       -.3      54.9
      -1.8      24.5       -.8      19.6
       -.9      20.7       -.3      12.7
       -.8      19.7       -.1      11.2
 60490  -.429723  -.859446  -.276932
  92750.7  14144.8     12.0     43.3    -12.0     28.9
     12.0     86.6    -12.0     57.7  53422.9  55077.0
     -10.1      50.0      -1.0      48.1
      -1.7      24.6       -.8      18.0
       -.8      20.2       -.4      12.2
      -1.0      19.6       -.3      11.0
 60491  -.467453  -.841416  -.271123
  95134.2  14064.6     12.0     43.3    -12.0     28.9
     12.0     86.6    -12.0     57.7  54326.8  55896.0
     -11.5      52.2      -5.4      50.6
      -1.4      25.1       -.6      20.6
       -.8      20.0       -.3      14.0
       -.9      19.3       -.4      12.7
 60492  -.502792  -.822750  -.265108
  97116.0  13988.6     12.0     43.3    -12.0     28.9
     12.0     86.6    -12.0     57.7  56008.6  57964.8
     -13.8      55.7      -3.7      48.5
      -1.5      24.0       -.9      19.0
       -.7      19.8       -.4      13.6
       -.6      18.9       -.2      12.4
 60493  -.535778  -.803668  -.258960
  99087.2  13709.5     12.0     43.3    -12.0     28.9
     12.0     86.6    -12.0     57.7  58408.1  59898.6
     -13.2      53.6      -3.6      44.1
      -1.5      24.3       -.7      20.6
       -.6      19.3       -.5      14.8
       -.7      19.0       -.5      13.8
 60494  -.566482  -.784360  -.252738
 101872.9  13374.0     12.0     43.3    -12.0     28.9
     12.0     86.6    -12.0     57.7  59589.8  61076.4
     -10.7      54.6      -5.8      43.5
      -1.7      24.6       -.9      19.8
       -.8      19.5       -.3      14.5
      -1.0      18.3       -.6      13.7
 60495  -.594996  -.764995  -.246498
 104251.4  13165.1     12.0     43.3    -12.0     28.9
     12.0     86.6    -12.0     57.7  61600.6  63394.3
     -12.0      53.4      -3.1      41.8
      -1.0      23.4       -.6      21.6
       -.9      18.7       -.6      15.5
      -1.0      18.4       -.6      14.7
