Dot1_150x100_prd2012lk:dj25b@-100V,3.8T@90d,253K,rhe=1.10,rhh=0.7,0.25/0.25     
  2021   1  3.80  60   5  29   0  100.00  253.00     .25 1.00000   800.0     .86  144.75  150.000  100.000  285.000   800.0     .43   72.38    1.50    1.00     .85
 61801   .000000   .000000 -1.000000
  25011.7  12946.2       .1     39.7     75.2     28.9
       .0     83.0     75.4     18.5  11946.7  12446.3
       -.9      68.5      -4.9      39.3
      -1.0      10.1      -4.9      16.8
       -.3       5.0      -4.5      11.5
       -.5       5.0      -5.0      10.4
 61802   .000000  -.130455  -.991454
  25289.6  13002.0       .5     33.6     75.2     28.9
       .5     76.9     75.3     18.4  11877.8  12466.7
      -3.5      59.3      -4.6      39.5
      -1.1       6.7      -4.9      16.9
      -1.0       5.0      -4.5      11.6
      -1.2       5.0      -5.1      10.4
 61803   .000000  -.254493  -.967075
  25908.2  13421.4      -.1     25.3     75.2     28.9
      -.1     68.4     75.7     18.2  12488.5  12985.0
      -5.0      48.5      -2.9      40.9
      -1.3       8.6      -4.8      16.6
      -1.4       5.6      -4.5      11.9
      -1.5       5.0      -4.9      10.4
 61804   .000000  -.367167  -.930155
  26883.8  14001.6      -.2     16.7     75.2     28.9
      -.3     59.6     75.6     18.0  12895.6  13548.5
      -5.1      46.9      -1.9      40.4
      -1.5      12.4      -4.4      16.3
      -1.8       8.1      -4.6      11.4
      -1.7       6.9      -5.0      10.3
 61805   .000000  -.465746  -.884918
  28310.0  14808.9      -.5      8.7     75.2     28.9
      -.1     50.4     76.0     17.6  13679.8  14302.1
      -6.9      48.3      -4.4      41.9
      -2.0      16.7      -4.5      16.3
      -1.6      10.8      -4.2      11.3
      -1.7       9.1      -4.8      10.0
 61806   .000000  -.549617  -.835417
  29973.0  15203.4     -1.2      7.1     75.2     28.9
       .1     40.9     76.0     17.4  14683.6  15276.8
      -7.5      52.2      -4.4      40.6
      -2.4      21.7      -4.3      16.0
      -2.2      13.9      -4.1      10.9
      -2.2      11.5      -4.6       9.7
 61807   .000000  -.619644  -.784883
  31961.3  15535.9       .4     43.3     75.2     28.9
      -.3     31.3     76.6     16.8  15951.8  16640.4
      -8.6      54.2      -3.1      43.1
      -3.7      26.6      -4.2      16.2
      -2.8      17.4      -4.1      10.7
      -2.7      14.5      -4.4       9.5
 61808   .000000  -.677476  -.735545
  34131.7  15804.8       .4     43.3     75.2     28.9
      -.4     22.2     76.5     16.5  17207.1  17929.3
      -7.4      60.0      -3.4      42.8
      -3.1      27.7      -4.2      16.0
      -2.8      18.4      -3.9      10.4
      -2.9      15.3      -4.2       9.4
 61809   .000000  -.724999  -.688749
  36275.1  15400.9       .4     43.3     75.2     28.9
       .0     13.5     76.6     16.1  18875.6  19476.5
     -10.5      56.2      -2.3      40.2
      -2.8      25.5      -4.0      15.7
      -2.8      17.3      -3.7      10.4
      -2.8      14.5      -4.1       8.8
 61810   .000000  -.764030  -.645181
  38786.5  14902.9       .4     43.3     75.2     28.9
     -1.3      8.7     76.9     15.7  20563.7  21099.2
      -8.1      52.2        .6      45.3
      -2.6      22.4      -4.1      15.2
      -2.0      16.5      -3.6      10.0
      -2.4      15.6      -3.9       8.8
 61811   .000000  -.796162  -.605083
  41308.9  14568.6       .4     43.3     75.2     28.9
       .4     86.6     77.1     15.4  22006.6  22617.6
      -8.0      49.2      -1.6      47.0
      -2.3      22.6      -3.8      15.6
      -2.4      17.6      -3.5      10.0
      -2.5      16.6      -3.9       8.6
 61812   .000000  -.822730  -.568432
  43887.9  14199.1       .4     43.3     75.2     28.9
       .4     86.6     77.1     15.1  23309.0  24233.9
     -11.3      54.3      -1.3      47.7
      -2.5      22.3      -3.5      15.5
      -2.2      16.9      -3.1       9.8
      -2.7      15.6      -3.8       8.4
 61813   .000000  -.844819  -.535052
  46771.9  13967.5       .4     43.3     75.2     28.9
       .4     86.6     77.5     14.7  25404.4  26194.1
      -8.0      48.9      -2.1      47.7
      -2.2      21.6      -3.3      15.2
      -2.1      15.4      -3.3       9.7
      -2.7      14.1      -3.6       8.3
 61814   .000000  -.863297  -.504697
  49707.4  13611.3       .4     43.3     75.2     28.9
       .4     86.6     77.8     14.4  27049.8  27745.9
     -11.5      53.2      -1.3      51.6
      -2.7      22.5      -3.3      15.7
      -2.5      17.2      -3.1       9.4
      -2.4      15.8      -3.4       7.9
 61815   .000000  -.878853  -.477092
  52344.0  13409.1       .4     43.3     75.2     28.9
       .4     86.6     77.6     14.2  28549.0  29447.3
     -11.7      51.1        .4      51.2
      -2.5      23.2      -3.1      15.5
      -2.3      19.0      -3.1       9.4
      -2.6      17.7      -3.3       7.7
 61816   .000000  -.892036  -.451965
  55473.7  13237.2       .4     43.3     75.2     28.9
       .4     86.6     77.9     14.0  30158.4  31416.9
     -11.2      50.6       -.2      58.6
      -2.6      23.1      -2.9      15.8
      -2.6      17.8      -3.2       9.4
      -2.7      16.4      -3.2       7.6
 61817   .000000  -.903278  -.429057
  58307.6  13173.3       .4     43.3     75.2     28.9
       .4     86.6     78.0     13.7  32553.7  33586.1
     -10.8      51.6       -.2      54.3
      -2.3      21.7      -2.7      17.0
      -2.5      16.2      -2.8       9.0
      -2.6      14.7      -3.2       7.6
 61818   .000000  -.912924  -.408131
  61134.3  13019.8       .4     43.3     75.2     28.9
       .4     86.6     78.2     13.6  34613.1  35514.1
     -11.6      53.9        .1      59.7
      -2.6      22.5      -3.0      16.0
      -2.4      18.0      -2.7       8.8
      -2.3      16.4      -2.9       7.6
 61819   .000000  -.921250  -.388972
  64401.9  13011.4       .4     43.3     75.2     28.9
       .4     86.6     78.4     13.4  36633.5  37832.9
     -13.8      53.9       1.7      60.6
      -2.5      23.0      -2.5      16.9
      -2.8      19.4      -2.9       9.0
      -2.6      18.4      -2.9       7.5
 61820   .000000  -.928477  -.371391
  67208.5  12823.4       .4     43.3     75.2     28.9
       .4     86.6     78.4     13.2  38682.5  39918.7
     -14.2      51.9        .8      63.8
      -2.8      23.4      -2.5      16.7
      -2.4      18.4      -2.6       8.8
      -2.5      16.9      -2.9       7.3
 61821   .000000  -.934784  -.355218
  70435.4  12872.4       .4     43.3     75.2     28.9
       .4     86.6     78.5     13.0  40806.6  41859.3
     -12.3      50.3       -.8      63.3
      -2.8      22.6      -2.5      16.2
      -2.5      17.1      -2.7       9.2
      -2.3      15.3      -2.7       7.3
 61822   .000000  -.940315  -.340305
  73387.6  12722.8       .4     43.3     75.2     28.9
       .4     86.6     78.7     12.9  42555.0  43875.8
     -12.5      50.5       4.7      69.8
      -2.6      22.5      -2.6      17.8
      -2.2      18.1      -2.5       8.6
      -2.3      16.8      -2.9       7.1
 61823   .000000  -.945190  -.326520
  76494.9  12717.5       .4     43.3     75.2     28.9
       .4     86.6     79.0     12.7  44651.0  45844.8
     -14.3      53.8       2.7      67.3
      -2.8      23.2      -2.5      18.3
      -2.2      19.5      -2.4       8.6
      -2.4      18.7      -2.6       7.2
 61824   .000000  -.949506  -.313750
  79377.6  12754.6       .4     43.3     75.2     28.9
       .4     86.6     78.9     12.7  46132.1  47534.6
     -10.3      48.1        .0      68.8
      -2.7      23.5      -2.3      17.9
      -2.4      18.4      -2.5       8.7
      -2.4      17.1      -2.4       7.1
 61825   .000000  -.953342  -.301892
  82520.1  12618.3       .4     43.3     75.2     28.9
       .4     86.6     78.9     12.6  48324.5  49822.4
     -13.4      49.8        .9      70.1
      -2.6      22.1      -2.0      18.8
      -2.3      17.1      -2.4       8.5
      -2.3      15.3      -2.5       7.0
 61826   .000000  -.956767  -.290857
  85962.9  12741.1       .4     43.3     75.2     28.9
       .4     86.6     79.0     12.4  50605.1  52473.4
     -12.1      50.8       3.1      73.2
      -2.6      22.8      -1.9      19.5
      -2.0      18.4      -2.2       8.3
      -2.2      17.1      -2.4       6.9
 61827   .000000  -.959834  -.280567
  89118.7  12631.9       .4     43.3     75.2     28.9
       .4     86.6     79.1     12.3  53370.6  54809.3
     -12.1      52.7        .6      70.6
      -2.7      24.0      -2.0      20.3
      -2.7      19.8      -2.3       8.6
      -2.7      19.1      -2.3       6.9
 61828   .000000  -.962593  -.270952
  92334.4  12664.0       .4     43.3     75.2     28.9
       .4     86.6     79.2     12.3  55156.2  56686.5
     -14.8      53.3       1.4      73.6
      -2.8      23.6      -1.6      21.5
      -2.2      18.7      -2.1       8.9
      -2.5      17.4      -2.2       7.0
 61829   .000000  -.965081  -.261951
  95377.7  12579.4       .4     43.3     75.2     28.9
       .4     86.6     79.5     12.1  57185.6  58902.9
     -11.5      49.0        .3      76.9
      -2.9      22.3      -1.8      21.8
      -2.4      17.1      -2.0       8.8
      -2.6      15.7      -2.2       6.9
 61830   .000000  -.967333  -.253508
  98507.5  12626.8       .4     43.3     75.2     28.9
       .4     86.6     79.1     12.0  59108.8  60609.3
     -11.3      49.9       2.8      75.9
      -3.0      23.3      -1.9      21.8
      -2.7      18.6      -2.1       8.7
      -3.0      17.1      -2.2       6.7
 61831   .000000  -.969377  -.245576
 101941.1  12553.9       .4     43.3     75.2     28.9
       .4     86.6     79.5     12.0  60960.7  62639.3
     -12.3      51.8       4.0      78.0
      -2.4      24.3      -1.7      23.6
      -2.4      20.0      -2.1       9.0
      -2.6      19.1      -2.2       6.8
 61832   .000000  -.971238  -.238110
 104962.3  12526.4       .4     43.3     75.2     28.9
       .4     86.6     79.5     11.9  62984.0  65097.8
     -13.6      52.5       3.7      77.3
      -2.9      23.7      -1.5      22.1
      -2.6      19.0      -2.1       8.5
      -2.5      17.4      -2.1       6.8
 61833   .000000  -.972937  -.231072
 108018.7  12549.6       .4     43.3     75.2     28.9
       .4     86.6     79.4     11.7  65004.9  66879.8
     -11.4      46.1       7.6      78.7
      -2.9      22.0      -1.2      23.5
      -2.4      17.4      -1.9       8.8
      -2.3      16.2      -2.1       6.9
 61834   .000000  -.974491  -.224428
 111157.5  12568.0       .4     43.3     75.2     28.9
       .4     86.6     79.7     11.8  67443.0  69319.3
     -11.3      48.9       6.0      82.3
      -2.9      22.5      -1.5      24.7
      -2.1      18.8      -1.8       8.7
      -2.3      17.2      -2.0       6.8
 61835   .000000  -.975916  -.218146
 114391.3  12514.7       .4     43.3     75.2     28.9
       .4     86.6     79.8     11.6  69568.5  71809.2
     -12.2      49.0       3.6      82.2
      -3.2      25.1      -1.6      24.9
      -2.5      20.1      -1.8       8.7
      -2.4      19.1      -1.9       6.8
 61836   .000000  -.977227  -.212198
 117787.9  12516.7       .4     43.3     75.2     28.9
       .4     86.6     79.9     11.6  72291.0  74015.9
     -13.1      50.8       3.8      87.4
      -3.0      23.6      -1.5      25.2
      -2.4      19.1      -1.9       9.4
      -2.7      17.7      -2.0       6.8
 61837   .000000  -.978434  -.206558
 120896.9  12602.1       .4     43.3     75.2     28.9
       .4     86.6     79.7     11.6  73478.7  75246.0
     -12.2      52.1       3.2      84.5
      -3.1      23.4      -1.6      25.1
      -2.5      17.4      -1.9       8.9
      -2.3      15.8      -1.8       6.7
 61838   .000000  -.979549  -.201205
 124050.7  12574.6       .4     43.3     75.2     28.9
       .4     86.6     79.9     11.5  76004.0  78429.3
     -13.8      51.1        .7      86.4
      -2.9      22.7       -.9      26.6
      -2.2      18.3      -1.8       9.0
      -2.6      17.2      -1.8       7.0
 61839   .000000  -.980581  -.196116
 127241.7  12544.9       .4     43.3     75.2     28.9
       .4     86.6     80.0     11.4  78332.5  80358.2
     -12.8      52.9       6.2      85.1
      -3.2      24.3      -1.2      26.7
      -2.6      20.1      -1.8       8.9
      -2.4      18.9      -1.8       6.8
 61840   .000000  -.981537  -.191274
 130792.3  12598.0       .4     43.3     75.2     28.9
       .4     86.6     80.2     11.4  80616.5  82800.1
     -12.9      48.3       4.1      84.6
      -3.6      24.2      -1.4      27.0
      -2.6      18.9      -1.5       9.4
      -2.3      17.9      -1.7       6.7
 61841   .000000  -.982424  -.186661
 133894.1  12647.6       .4     43.3     75.2     28.9
       .4     86.6     79.9     11.3  82825.4  85435.8
     -12.6      50.4       9.0      91.5
      -3.5      23.8      -1.3      28.7
      -2.5      17.3      -1.5       9.8
      -2.4      16.0      -1.7       7.3
 61842   .000000  -.983250  -.182261
 136902.0  12691.2       .4     43.3     75.2     28.9
       .4     86.6     80.3     11.2  85193.4  87630.0
     -11.9      49.7       6.3      86.9
      -3.2      23.1      -1.2      28.7
      -1.9      18.7      -1.7       9.5
      -2.7      17.3      -1.9       7.0
 61843   .000000  -.984020  -.178061
 140105.4  12634.0       .4     43.3     75.2     28.9
       .4     86.6     80.2     11.1  86527.2  88692.4
     -12.8      45.5        .3      92.0
      -3.3      25.5       -.7      30.2
      -2.1      20.0      -1.7       9.9
      -2.5      19.4      -1.6       6.9
 61844   .000000  -.984737  -.174047
 143624.3  12599.9       .4     43.3     75.2     28.9
       .4     86.6     80.2     11.2  89489.8  91684.0
     -12.9      48.9       4.3      94.6
      -3.4      24.1       -.8      29.7
      -2.6      19.0      -1.8      10.8
      -2.5      17.8      -1.6       6.7
 61845   .000000  -.985408  -.170207
 147060.1  12623.8       .4     43.3     75.2     28.9
       .4     86.6     80.2     11.1  91792.8  93757.1
     -10.8      49.5       7.4      94.1
      -3.1      23.2       -.9      30.5
      -2.6      17.4      -1.7      10.5
      -2.4      16.3      -1.6       6.6
 61846   .000000  -.986036  -.166531
 150050.8  12607.5       .4     43.3     75.2     28.9
       .4     86.6     80.2     11.1  94458.8  96658.8
     -14.2      51.3       6.0      96.0
      -3.3      23.0      -1.1      31.9
      -2.5      18.7      -1.5      10.3
      -2.3      17.7      -1.6       7.2
 61847   .000000  -.986625  -.163008
 153333.1  12784.0       .4     43.3     75.2     28.9
       .4     86.6     80.3     11.0  95351.2  98669.0
      -9.8      50.1       5.7      97.2
      -3.3      25.2       -.3      31.9
      -2.7      20.1      -1.5      10.4
      -2.7      19.5      -1.7       7.1
 61848   .000000  -.987696  -.156385
 159875.4  12634.2       .4     43.3     75.2     28.9
       .4     86.6     80.6     10.9 100517.3 103449.2
     -12.4      48.2       4.1      97.3
      -2.9      23.3       -.5      33.2
      -2.7      17.5      -1.5      10.9
      -2.7      16.1      -1.4       6.9
 61849   .000000  -.988644  -.150274
 166338.4  12691.2       .4     43.3     75.2     28.9
       .4     86.6     80.6     10.9 105191.8 107973.7
     -12.4      46.2        .2     102.9
      -3.1      24.7       -.5      33.4
      -2.4      20.0      -1.2      10.2
      -2.6      19.2      -1.5       7.3
 61850   .000000  -.989488  -.144617
 173102.8  12618.5       .4     43.3     75.2     28.9
       .4     86.6     80.5     10.8 109177.7 112370.1
     -15.5      55.3       5.7      98.4
      -3.1      22.7       -.3      33.1
      -2.5      17.4      -1.3      10.3
      -2.8      16.6      -1.5       6.9
 61851   .000000  -.990241  -.139367
 179436.8  12612.2       .4     43.3     75.2     28.9
       .4     86.6     80.8     10.8 113570.7 116425.8
     -15.0      57.2       2.0     100.5
      -3.2      24.8       -.5      35.1
      -2.5      20.4      -1.4      12.3
      -2.3      19.4      -1.5       7.2
 61852   .000000  -.990916  -.134481
 185917.7  12652.0       .4     43.3     75.2     28.9
       .4     86.6     80.7     10.7 120007.4 122053.1
     -12.2      46.7      11.3     111.9
      -3.4      23.6       -.6      35.8
      -2.4      17.3      -1.2      11.1
      -2.6      16.2      -1.3       7.0
 61853   .000000  -.991524  -.129924
 192568.1  12683.2       .4     43.3     75.2     28.9
       .4     86.6     81.1     10.6 123019.6 127030.0
     -17.6      54.0      -5.0     108.4
      -3.5      25.0       -.6      37.2
      -2.4      20.1      -1.2      11.8
      -2.5      19.6      -1.1       7.5
 61854   .000000  -.992073  -.125663
 198990.8  12742.0       .4     43.3     75.2     28.9
       .4     86.6     80.9     10.5 127063.9 131266.9
     -12.3      49.9       7.2     105.6
      -3.6      23.3       -.3      39.3
      -2.6      17.5      -1.4      12.3
      -2.5      16.3      -1.1       8.2
 61855   .000000  -.992571  -.121670
 205471.9  12652.3       .4     43.3     75.2     28.9
       .4     86.6     81.0     10.4 133643.6 136943.2
     -11.1      47.6       8.6     113.8
      -3.1      25.4       -.3      37.4
      -2.2      20.3      -1.3      11.9
      -2.3      19.2      -1.4       7.5
 61856   .000000  -.993023  -.117921
 212178.1  12694.3       .4     43.3     75.2     28.9
       .4     86.6     81.1     10.5 136839.5 140831.7
     -10.2      44.1      15.7     107.3
      -4.1      24.3       -.1      41.0
      -2.5      17.6      -1.0      13.2
      -3.1      16.2      -1.2       8.3
 61857   .000000  -.993435  -.114396
 218136.2  12800.7       .4     43.3     75.2     28.9
       .4     86.6     81.0     10.5 140948.4 144497.7
      -8.5      46.1      -7.5     120.3
      -3.5      25.1        .0      40.5
      -2.5      20.1      -1.1      13.5
      -2.4      19.5      -1.1       8.3
 61858   .000000  -.993812  -.111073
 224818.1  12755.6       .4     43.3     75.2     28.9
       .4     86.6     81.1     10.3 146832.5 150341.0
      -6.7      37.0       3.7     116.3
      -3.8      23.0       -.5      40.9
      -2.6      17.6      -1.0      13.4
      -2.8      16.4       -.9       7.6
 61859   .000000  -.994158  -.107937
 231524.8  12765.4       .4     43.3     75.2     28.9
       .4     86.6     81.3     10.3 149268.5 153724.5
      -8.7      42.8      13.5     112.3
      -3.7      24.9        .4      41.8
      -2.4      20.1      -1.0      13.7
      -2.6      19.2      -1.1       7.9
 61860   .000000  -.994475  -.104972
 237649.9  12664.7       .4     43.3     75.2     28.9
       .4     86.6     81.3     10.3 154977.1 158211.4
     -11.0      37.5      15.8     121.3
      -3.4      22.0        .3      41.5
      -2.9      17.8       -.8      13.2
      -2.8      16.4      -1.0       7.0
 61861   .903278   .000000  -.429057
  58275.4  12273.5      -.2     38.7     75.2     28.9
      -.1     81.6     75.2     57.7  32745.8  33652.9
       2.2      79.8       9.1      46.9
        .9      26.3       1.1      20.7
       -.3       6.7        .5      14.2
       -.5       5.0        .9      12.0
 61862   .887877   .000000  -.460082
  54334.2  12827.8      -.1     38.8     75.2     28.9
       .0     81.7     75.2     57.7  29938.3  31088.2
        .9      79.3      10.6      49.9
        .3      24.6        .6      21.8
       -.4       5.5        .7      14.9
       -.3       5.0        .4      12.8
 61863   .868777   .000000  -.495203
  50812.0  13672.3      -.4     38.5     75.2     28.9
      -.3     81.6     75.2     57.7  27970.0  28730.6
      -1.3      77.7      10.4      49.3
        .3      20.8        .5      19.5
       -.4       5.3       -.1      13.7
       -.5       5.0        .0      11.0
 61864   .844819   .000000  -.535052
  47140.6  15028.8       .1     38.8     75.2     28.9
       .0     81.8     75.2     57.7  25560.8  26253.8
      -3.3      72.3      10.4      53.9
      -1.5      20.1       -.2      21.3
       -.4       5.0       -.5      13.9
       -.6       5.0       -.4      11.7
 61865   .814421   .000000  -.580275
  43679.7  16703.7       .2     38.7     75.2     28.9
       .2     81.8     77.4      6.5  23147.2  24024.2
        .2      75.1       9.2      50.4
       -.4      20.0       -.5      18.9
       -.5       5.0      -1.0      12.6
       -.6       5.0       -.9      10.3
 61866   .775436   .000000  -.631426
  40361.1  19549.6       .1     38.9     75.2     28.9
       .1     82.0     76.3     11.4  20915.1  21623.5
       -.4      74.1       8.1      48.6
       -.1      16.8      -1.0      18.3
       -.4       5.0      -1.6      12.0
       -.3       5.0      -1.7       9.8
 61867   .724999   .000000  -.688749
  37234.0  23816.6      -.3     39.0     75.2     28.9
      -.3     82.0     75.9     23.7  19426.6  20036.0
       -.1      73.9       6.9      50.4
        .2      16.8      -2.0      16.0
       -.4       5.0      -2.3      11.1
       -.5       5.0      -2.2       9.2
 61868   .659438   .000000  -.751759
  34172.6  26434.8      -.1     38.9     75.5      7.9
      -.1     82.1     75.3     36.1  17739.0  18280.7
      -1.6      75.3       8.7      56.4
       -.8      13.1      -2.1      11.6
       -.8       5.0      -2.0       8.5
       -.4       5.0      -2.3       7.3
 61869   .574426   .000000  -.818557
  31531.9  26162.4      -.2     39.0     74.1     19.0
      -.2     82.1     74.0     47.7  15613.9  16378.7
      -4.3      78.1      11.1      65.4
       -.8      10.8      -1.7      10.1
       -.3       5.0      -2.0       5.5
       -.3       5.0      -2.5       4.9
 61870   .465746   .000000  -.884918
  29228.9  23983.6       .1     39.2     75.1     22.2
       .0     82.4     75.0     51.0  14559.4  15111.2
      -3.3      73.0      13.4      68.5
       -.4      11.2        .1      14.0
       -.6       5.0        .1       7.1
       -.3       5.0       -.6       6.1
 61871   .331088   .000000  -.943600
  27149.7  22145.3      -.3     39.6     76.1     12.5
      -.2     82.6     76.3     41.1  13091.3  13656.6
      -1.6      68.5       4.6      53.9
       -.6       9.3      -2.5       9.2
       -.7       5.0      -2.6       6.8
       -.3       5.0      -3.0       6.3
 61872   .254493   .000000  -.967075
  26290.3  19830.3      -.3     39.5     75.7      7.1
      -.3     82.7     75.7     35.4  12900.3  13371.9
      -2.2      68.6       1.3      44.4
       -.8       8.6      -3.0      10.2
       -.3       5.0      -3.2       7.9
       -.3       5.0      -3.8       7.2
 61873   .172799   .000000  -.984957
  25770.0  17879.5      -.3     39.8     74.1      3.5
      -.2     82.9     75.5     29.7  12341.9  12832.6
       1.1      68.3       -.5      39.9
       -.4       9.9      -3.9      12.3
       -.5       5.0      -3.8       9.2
       -.5       5.0      -4.4       8.4
 61874   .087384   .000000  -.996175
  25375.6  15480.7       .0     39.9     69.0      2.6
       .0     83.0     75.4     23.9  12233.8  12648.5
      -4.8      71.8      -3.7      37.8
       -.1       7.1      -4.6      14.8
       -.2       5.0      -4.2      10.3
       -.4       5.0      -4.9       9.1
 61875   .000000   .000000 -1.000000
  25098.5  12955.2      -.1     39.7     75.2     28.9
       .0     83.0     75.3     18.4  12187.3  12540.3
       3.3      69.4      -4.8      38.5
       -.3       8.5      -4.6      16.8
       -.5       5.0      -4.6      11.8
       -.4       5.0      -5.2      10.3
 61876  -.087384   .000000  -.996175
  25108.7  11979.3       .0     40.0     75.2     28.9
      -.1     83.1     75.3     13.2  11998.8  12573.0
      -3.9      70.7      -4.3      39.5
       -.3       9.6      -4.7      17.9
       -.5       5.0      -4.5      13.2
       -.3       5.0      -5.3      11.7
 61877  -.172799   .000000  -.984957
  25371.5  10652.9       .2     40.0     75.2     28.9
       .2     83.2     74.6      8.9  12320.0  12717.9
      -4.1      71.1      -4.3      40.1
       -.1       8.9      -4.5      18.6
       -.2       5.0      -4.2      13.9
       -.4       5.0      -5.1      12.5
 61878  -.254493   .000000  -.967075
  25681.6   9976.1       .3     40.1     75.2     28.9
       .2     83.3     73.2      7.3  12428.0  12971.2
        .6      67.7      -4.2      39.9
       -.5       9.2      -4.1      18.3
       -.7       5.0      -4.1      13.8
       -.3       5.0      -5.0      13.0
 61879  -.331088   .000000  -.943600
  26255.7   9156.0       .1     40.3     75.2     28.9
       .0     83.4     70.6      8.9  13080.5  13632.8
      -3.6      66.4      -6.1      41.4
        .1      10.6      -4.3      19.8
       -.4       5.0      -4.0      14.5
       -.4       5.0      -4.9      13.5
 61880  -.465746   .000000  -.884918
  28062.3   8415.8       .5     40.4     75.2     28.9
       .5     83.5     75.2     57.7  13745.0  14354.5
        .6      69.9      -5.8      39.9
       -.4       9.5      -4.0      21.8
       -.2       5.0      -3.8      16.1
       -.7       5.0      -4.8      15.4
 61881  -.574426   .000000  -.818557
  30248.0   7767.4      -.3     40.2     75.2     28.9
      -.3     83.5     75.2     57.7  15474.0  16038.9
       1.2      75.0      -7.4      39.8
        .7      12.6      -3.7      21.4
       -.6       5.0      -3.3      16.3
       -.3       5.0      -4.0      15.2
 61882  -.659438   .000000  -.751759
  33134.0   7589.7      -.1     40.0     75.2     28.9
      -.1     83.3     75.2     57.7  17083.4  17723.0
       1.9      70.6      -8.7      40.5
        .2      12.2      -3.6      23.9
       -.4       5.0      -3.3      17.7
       -.5       5.0      -4.2      16.6
 61883  -.724999   .000000  -.688749
  36082.1   7426.8       .1     39.9     75.2     28.9
       .0     83.2     75.2     57.7  19122.1  19878.6
       -.7      75.2      -6.3      38.4
       -.4      14.9      -2.4      22.3
       -.2       5.0      -2.9      17.4
       -.5       5.0      -3.3      16.2
 61884  -.775436   .000000  -.631426
  39450.1   7291.2      -.1     39.9     75.2     28.9
      -.1     83.0     75.2     57.7  21317.5  21766.6
      -3.5      75.5      -6.0      39.6
      -1.3      19.5      -2.6      23.7
       -.7       5.0      -2.1      18.3
       -.3       5.0      -3.5      17.2
 61885  -.814421   .000000  -.580275
  42916.0   7281.9      -.3     40.0     75.2     28.9
      -.2     83.0     75.2     57.7  23202.0  24025.8
      -2.5      79.1      -5.4      37.9
      -1.5      20.8      -2.1      22.8
       -.6       5.0      -2.3      17.7
       -.4       5.0      -2.6      16.7
 61886  -.844819   .000000  -.535052
  46524.5   7217.0       .0     40.1     75.2     28.9
      -.1     82.9     75.2     57.7  25472.5  26370.2
      -1.2      78.5      -5.9      37.4
       -.7      21.6      -2.2      23.8
       -.7       5.8      -2.0      19.0
       -.3       5.0      -2.9      17.5
 61887  -.868777   .000000  -.495203
  50274.6   7327.2      -.2     39.5     75.2     28.9
      -.2     82.7     75.2     57.7  28333.6  29046.8
       -.4      79.2      -6.2      36.3
       -.7      24.3      -1.6      22.5
       -.5       5.2      -1.1      18.2
       -.3       5.0      -2.3      17.1
 61888  -.887877   .000000  -.460082
  54177.5   7212.6       .1     39.6     75.2     28.9
       .2     82.6     75.2     57.7  30254.3  31516.1
       1.5      80.6      -6.3      37.7
      -1.0      23.7      -1.7      24.1
       -.5       5.2      -1.7      19.1
       -.5       5.0      -2.4      17.5
 61889  -.903278   .000000  -.429057
  58123.5   7304.9       .4     39.4     75.2     28.9
       .4     82.3     75.2     57.7  32527.7  33694.0
      -1.5      82.4      -6.9      36.4
        .9      27.4      -1.7      22.4
       -.5       5.4      -1.2      18.2
       -.5       5.0      -1.9      16.8
 61890   .840060  -.367526  -.399028
  62495.6  13313.9       .4     43.3     75.2     28.9
       .1     16.8     75.2     57.7  35789.4  36966.2
      -8.5      62.5      10.1      46.7
      -2.5      24.4       1.0      20.4
      -2.0      16.0        .7      14.0
      -2.0      13.3        .8      11.9
 61891   .817505  -.390173  -.423616
  58984.3  13990.1       .4     43.3     75.2     28.9
       .3     17.3     75.2     57.7  33290.1  34155.9
      -7.2      58.1      10.6      53.1
      -2.5      24.5        .7      22.2
      -2.0      16.3        .2      15.0
      -2.3      13.4        .1      12.2
 61892   .790440  -.414981  -.450551
  55323.4  15092.8       .4     43.3     75.2     28.9
       .2     17.7     75.2     57.7  31110.8  31818.2
      -6.7      59.8       9.4      51.0
      -2.6      24.6        .0      19.1
      -2.2      16.2        .1      13.0
      -2.4      13.6       -.2      10.9
 61893   .757796  -.442047  -.479937
  52418.3  16516.9       .4     43.3     75.2     28.9
       .4     18.1     75.2     57.7  28557.0  29652.9
      -7.4      60.9       8.9      52.7
      -2.5      25.2       -.3      20.0
      -2.5      16.7       -.4      13.4
      -2.2      13.7       -.8      11.1
 61894   .718269  -.471364  -.511767
  49168.5  18404.2       .4     43.3     75.2     28.9
       .2     18.7     75.8      6.6  26666.1  27558.2
      -9.2      58.8      13.7      56.2
      -2.6      25.3       -.6      18.6
      -2.6      17.0      -1.0      12.2
      -2.3      13.7      -1.3      10.2
 61895   .670317  -.502738  -.545830
  46238.9  20478.6       .4     43.3     75.2     28.9
       .0     19.1     76.0     10.5  24782.8  25776.7
      -6.9      58.1       8.3      55.9
      -2.6      25.3      -1.1      17.7
      -2.3      17.1      -1.7      11.3
      -2.6      14.1      -1.8       9.5
 61896   .612205  -.535679  -.581595
  43577.3  21064.9       .4     43.3     75.2     28.9
       .1     19.6     75.6     23.1  23346.1  24092.1
      -9.2      55.5       6.3      54.3
      -2.9      26.1      -2.1      16.3
      -2.7      17.6      -2.3      10.5
      -2.7      14.0      -2.6       8.6
 61897   .542159  -.569267  -.618061
  40909.5  20113.0       .4     43.3     75.6      9.4
      -.3     20.1     75.3     35.4  21677.5  22523.4
      -9.7      57.8       6.6      56.4
      -3.2      26.1      -2.0      12.1
      -3.0      17.5      -2.3       8.2
      -3.1      14.5      -2.5       7.1
 61898   .458673  -.602008  -.653609
  38950.5  19107.7       .4     43.3     73.9     18.6
      -.1     20.6     73.8     47.3  20396.9  21123.8
      -9.8      59.0       7.5      69.8
      -3.6      26.8      -2.1      13.3
      -3.0      17.8      -2.2       5.3
      -3.2      14.6      -2.4       5.0
 61899   .361020  -.631785  -.685938
  37133.2  18248.9       .4     43.3     75.6     21.7
      -.3     21.0     75.6     50.4  19008.6  19738.9
      -9.9      57.6       8.1      77.2
      -3.8      27.1        .6      19.0
      -3.3      18.1        .9       7.4
      -3.4      14.8       -.1       6.7
 61900   .249898  -.655981  -.712208
  35572.4  17458.9       .4     43.3     77.1     11.8
      -.3     21.5     77.2     40.4  18028.0  18704.8
      -9.7      59.1       3.4      56.1
      -3.6      27.2      -2.0      10.9
      -3.4      18.2      -2.1       6.9
      -3.3      15.0      -2.5       6.3
 61901   .190037  -.665130  -.722141
  34949.4  17187.2       .4     43.3     76.6      6.1
      -.1     21.7     76.9     34.2  17667.6  18173.5
     -10.2      59.9       1.4      51.6
      -3.3      27.6      -2.6      11.1
      -3.3      18.6      -2.9       7.9
      -3.1      14.9      -3.1       7.0
 61902   .127982  -.671905  -.729496
  34469.9  16731.0       .4     43.3     74.0      3.1
      -.5     21.8     76.8     28.4  17604.8  18163.0
      -6.1      58.5       1.4      45.6
      -3.6      27.1      -3.3      12.1
      -3.0      18.5      -3.4       8.7
      -3.0      15.1      -3.8       7.8
 61903   .064388  -.676070  -.734019
  34178.7  16497.6       .4     43.3     75.2     28.9
      -.3     21.8     76.8     22.4  17431.4  18137.5
      -7.3      56.0      -1.2      44.8
      -3.3      27.7      -4.0      14.5
      -2.6      18.2      -3.8       9.5
      -3.0      15.2      -4.1       8.3
 61904   .000000  -.677476  -.735545
  33989.4  15974.5       .4     43.3     75.2     28.9
      -.4     22.1     76.5     16.5  17220.0  17691.3
      -7.4      56.9      -3.7      42.9
      -3.3      27.5      -4.4      15.7
      -2.8      18.5      -3.9      10.7
      -3.1      15.2      -4.4       9.2
 61905  -.064388  -.676070  -.734019
  34175.1  15224.8       .4     43.3     75.2     28.9
      -.1     22.0     76.4     10.9  17344.8  17872.5
      -8.3      60.4      -3.1      42.9
      -3.2      27.9      -4.0      16.4
      -2.7      18.4      -3.7      11.5
      -2.9      15.3      -4.3      10.2
 61906  -.127982  -.671905  -.729496
  34086.4  13498.8       .4     43.3     75.2     28.9
      -.3     22.1     75.8      6.8  17359.5  17836.0
      -9.4      57.4      -4.5      41.8
      -2.9      27.8      -3.2      16.4
      -2.7      18.0      -3.4      11.8
      -2.7      15.1      -4.0      10.8
 61907  -.190037  -.665130  -.722141
  34379.7  13287.7       .4     43.3     75.2     28.9
       .0     22.1     74.6      8.9  17478.1  18389.6
      -9.0      60.0      -2.7      41.5
      -3.0      27.6      -3.5      16.9
      -2.6      18.2      -3.3      11.9
      -2.9      15.3      -4.0      10.9
 61908  -.249898  -.655981  -.712208
  34946.6  12252.8       .4     43.3     75.2     28.9
      -.5     22.1     75.2     57.7  17968.5  18621.3
      -8.1      56.3      -3.6      39.9
      -3.1      27.8      -4.1      18.9
      -2.4      18.3      -3.4      13.2
      -2.4      15.3      -4.0      11.6
 61909  -.361020  -.631785  -.685938
  36122.5  11005.9       .4     43.3     75.2     28.9
      -.1     21.6     75.2     57.7  18781.3  19523.1
     -10.1      59.7      -4.3      40.8
      -2.9      27.3      -2.9      19.5
      -2.4      17.9      -3.1      14.6
      -2.4      15.0      -3.9      13.5
 61910  -.458673  -.602008  -.653609
  37899.7   9892.3       .4     43.3     75.2     28.9
      -.3     21.2     75.2     57.7  19445.3  20368.7
      -7.8      57.1      -5.2      40.0
      -3.3      26.8      -3.0      19.7
      -1.9      18.0      -2.8      14.9
      -2.1      15.0      -3.2      13.6
 61911  -.542159  -.569267  -.618061
  40096.7   9259.5       .4     43.3     75.2     28.9
       .2     20.7     75.2     57.7  21102.3  21908.2
      -9.1      60.0      -5.2      41.4
      -2.3      26.8      -2.6      21.8
      -2.3      17.5      -2.6      16.5
      -2.1      14.7      -3.4      15.4
 61912  -.612205  -.535679  -.581595
  42466.4   8790.4       .4     43.3     75.2     28.9
       .0     20.2     75.2     57.7  22927.4  23579.3
      -7.5      58.5      -5.0      38.5
      -1.9      26.2      -2.2      21.0
      -1.9      17.3      -2.3      16.1
      -2.1      14.3      -2.9      14.8
 61913  -.670317  -.502738  -.545830
  45345.1   8571.7       .4     43.3     75.2     28.9
       .0     19.5     75.2     57.7  24601.9  25470.4
      -8.4      61.2      -7.2      37.6
      -2.3      25.6      -2.3      22.2
      -1.9      16.8      -1.9      17.2
      -1.9      14.1      -2.8      16.3
 61914  -.718269  -.471364  -.511767
  48459.8   8198.3       .4     43.3     75.2     28.9
       .0     19.1     75.2     57.7  26780.1  27578.8
      -4.9      61.6      -4.3      35.7
      -2.2      25.8      -2.1      21.8
      -1.5      16.9      -1.5      17.2
      -1.9      14.1      -2.2      15.8
 61915  -.757796  -.442047  -.479937
  51515.8   8141.4       .4     43.3     75.2     28.9
       .4     18.5     75.2     57.7  28450.2  29404.2
      -6.7      59.6      -5.3      38.3
      -2.1      25.6      -1.9      23.5
      -1.6      16.3      -1.9      18.0
      -1.7      13.7      -2.4      16.8
 61916  -.790440  -.414981  -.450551
  54707.8   7964.3       .4     43.3     75.2     28.9
       .2     18.0     75.2     57.7  30853.8  31811.0
      -7.7      58.8      -6.9      37.1
      -2.0      24.9       -.9      21.3
      -1.6      16.0      -1.2      17.4
      -1.8      13.5      -1.5      16.1
 61917  -.817505  -.390173  -.423616
  58574.6   7971.8       .4     43.3     75.2     28.9
       .4     17.7     75.2     57.7  33123.3  34053.8
      -6.9      60.9      -4.5      37.1
      -1.6      25.2      -1.3      23.2
      -1.5      16.0      -1.0      18.5
      -1.7      13.3      -2.1      17.3
 61918  -.840060  -.367526  -.399028
  62118.5   7878.8       .4     43.3     75.2     28.9
      -.1     17.1     75.2     57.7  35658.7  36666.2
      -3.6      59.3      -6.4      35.0
      -2.1      24.8      -1.4      21.8
      -1.7      15.5      -1.6      17.3
      -1.6      13.1      -1.4      16.4
 61919   .708659  -.620076  -.336613
  74221.4  15204.1       .4     43.3     75.2     28.9
       .4     86.6     75.2     57.7  43022.1  44502.5
     -11.9      57.2       8.7      52.4
      -2.4      22.5       1.7      20.8
      -1.6      17.3        .5      13.3
      -2.2      15.6        .8      11.3
 61920   .677337  -.646549  -.350984
  71145.3  15827.2       .4     43.3     75.2     28.9
       .4     86.6     75.2     57.7  40897.4  42347.8
     -10.5      54.1      10.2      52.6
      -2.3      22.3        .8      21.5
      -2.1      17.2        .4      13.3
      -2.2      15.9        .2      11.4
 61921   .641844  -.673936  -.365851
  68501.2  16234.1       .4     43.3     75.2     28.9
       .4     86.6     75.2     57.7  39562.8  40455.7
     -11.4      57.5      10.6      55.6
      -2.6      22.6        .6      19.9
      -1.9      17.2       -.3      12.5
      -2.1      16.0       -.2      10.6
 61922   .601687  -.701968  -.381068
  65816.3  16299.0       .4     43.3     75.2     28.9
       .4     86.6     75.2     57.7  37438.9  38762.1
     -10.8      54.1      11.4      55.9
      -2.1      23.0       -.2      19.7
      -1.7      17.4       -.7      12.1
      -2.3      16.2       -.6      10.2
 61923   .556388  -.730259  -.396426
  63233.1  16136.4       .4     43.3     75.2     28.9
       .4     86.6     75.2     57.7  35997.4  37265.4
     -10.3      54.4       8.5      58.5
      -2.2      22.7       -.9      18.9
      -1.9      17.6      -1.2      11.1
      -2.2      16.3      -1.4       9.5
 61924   .505524  -.758286  -.411641
  61060.4  15627.0       .4     43.3     75.2     28.9
       .4     86.6     76.1      8.7  34358.3  35323.1
     -11.8      55.8       7.5      59.0
      -2.5      22.8      -1.1      17.4
      -2.1      17.9      -1.6      10.5
      -2.1      16.4      -1.8       8.6
 61925   .448787  -.785377  -.426348
  59002.5  15152.3       .4     43.3     75.2     28.9
       .4     86.6     75.6     21.4  32916.2  33796.8
     -12.0      54.4      10.1      65.4
      -2.3      22.9      -2.3      16.4
      -2.0      18.0      -2.6       9.5
      -2.3      16.8      -2.6       7.7
 61926   .386057  -.810720  -.440105
  57180.1  14605.8       .4     43.3     75.5      5.9
       .4     86.6     75.2     34.0  32007.6  33042.4
     -12.1      51.5       6.7      64.6
      -2.3      22.9      -1.8      15.4
      -2.0      18.2      -2.4       7.9
      -2.2      16.9      -2.4       6.9
 61927   .317480  -.833386  -.452409
  55573.4  14265.1       .4     43.3     74.1     17.8
       .4     86.6     73.9     46.4  30936.9  31896.8
      -9.8      49.3       6.4      75.5
      -2.4      23.5      -2.2      21.2
      -2.3      17.9      -2.3       5.4
      -2.8      17.1      -2.7       5.1
 61928   .243541  -.852392  -.462727
  54260.0  13906.8       .4     43.3     76.6     21.2
       .4     86.6     76.6     49.9  30155.0  30979.8
     -10.8      52.1       5.0      82.0
      -2.5      23.1       -.1      29.7
      -2.0      18.3       1.1       8.7
      -2.9      17.1        .7       7.6
 61929   .165103  -.866792  -.470544
  53294.7  13636.8       .4     43.3     78.4     10.9
       .4     86.6     78.5     39.3  28955.2  30158.1
     -10.3      52.0       4.9      70.3
      -2.6      23.2      -1.3      17.4
      -2.3      18.4      -1.6       7.3
      -2.6      17.5      -1.9       6.5
 61930   .124573  -.872008  -.473376
  53037.8  13566.9       .4     43.3     78.0      4.9
       .4     86.6     78.2     33.2  28836.9  30266.7
     -12.3      54.1       3.3      61.8
      -2.7      23.6      -2.0      15.7
      -2.5      18.3      -2.3       7.7
      -2.7      17.6      -2.6       6.9
 61931   .083409  -.875791  -.475429
  52408.5  13453.0       .4     43.3    118.3    139.6
       .4     86.6     77.8     26.9  28356.9  29596.8
     -11.2      52.3       1.0      60.0
      -3.0      23.3      -3.0      15.1
      -2.5      18.2      -2.9       8.0
      -2.6      17.8      -3.1       7.1
 61932   .041814  -.878085  -.476675
  52254.2  13396.9       .4     43.3     75.2     28.9
       .4     86.6     77.8     20.5  28864.9  29673.3
     -11.3      53.0       1.0      52.2
      -2.8      23.1      -3.2      14.6
      -2.6      18.3      -3.2       8.5
      -2.6      17.5      -3.4       7.3
 61933   .000000  -.878853  -.477092
  52445.3  13545.5       .4     43.3     75.2     28.9
       .4     86.6     77.6     14.2  28847.4  29638.5
     -12.0      53.0        .3      51.7
      -2.4      24.0      -3.3      16.5
      -2.6      18.4      -3.1       9.3
      -2.6      17.6      -3.3       7.9
 61934  -.041814  -.878085  -.476675
  52492.5  13349.5       .4     43.3     75.2     28.9
       .4     86.6     77.8      8.2  28675.6  29739.4
     -13.2      54.8      -2.7      53.4
      -2.1      23.4      -3.1      16.1
      -2.3      18.7      -2.9       9.6
      -2.4      17.8      -3.0       8.4
 61935  -.083409  -.875791  -.475429
  52546.4  13471.9       .4     43.3     75.2     28.9
       .4     86.6     76.6      4.5  28749.0  29675.3
     -10.3      50.9       -.6      48.7
      -2.4      23.1      -2.6      14.4
      -2.6      18.7      -2.7       9.7
      -2.6      17.7      -2.9       8.8
 61936  -.124573  -.872008  -.473376
  52522.0  13370.9       .4     43.3     75.2     28.9
       .4     86.6     75.2     57.7  29326.7  30265.2
      -9.8      50.1      -2.0      47.3
      -2.5      23.4      -3.0      16.6
      -2.3      18.8      -2.7      10.3
      -2.4      17.9      -3.0       8.9
 61937  -.165103  -.866792  -.470544
  52823.0  13425.2       .4     43.3     75.2     28.9
       .4     86.6     75.2     57.7  29382.2  30085.9
     -11.1      52.9      -2.9      45.1
      -2.1      23.2      -2.8      16.8
      -2.1      18.8      -2.9      11.3
      -2.5      17.9      -3.1       9.9
 61938  -.243541  -.852392  -.462727
  53839.0  13270.9       .4     43.3     75.2     28.9
       .4     86.6     75.2     57.7  29692.9  30618.5
     -10.9      52.3      -2.8      42.4
      -2.1      23.3      -2.0      16.6
      -1.8      18.1      -1.9      11.6
      -2.4      17.6      -2.6      10.7
 61939  -.317480  -.833386  -.452409
  54743.3  12723.5       .4     43.3     75.2     28.9
       .4     86.6     75.2     57.7  30274.8  31122.8
      -9.2      48.4      -4.5      41.7
      -2.5      23.5      -2.6      17.7
      -1.8      18.2      -2.2      12.5
      -2.0      17.6      -2.5      11.2
 61940  -.386057  -.810720  -.440105
  56328.2  12516.0       .4     43.3     75.2     28.9
       .4     86.6     75.2     57.7  31284.6  32351.3
     -11.2      52.2      -4.8      44.8
      -2.3      23.4      -2.2      18.1
      -2.1      18.3      -1.7      13.6
      -2.2      17.5      -2.3      12.4
 61941  -.448787  -.785377  -.426348
  58156.5  11588.6       .4     43.3     75.2     28.9
       .4     86.6     75.2     57.7  32933.8  34036.6
     -10.7      53.3      -6.0      40.1
      -2.1      23.5      -2.1      19.4
      -1.8      18.4      -1.7      14.0
      -2.1      17.4      -2.1      12.6
 61942  -.505524  -.758286  -.411641
  60198.1  10900.3       .4     43.3     75.2     28.9
       .4     86.6     75.2     57.7  33776.1  35071.7
      -9.8      52.2      -4.3      38.2
      -1.8      23.4      -1.5      19.7
      -1.3      18.1      -1.3      14.8
      -2.1      16.8      -2.0      13.5
 61943  -.556388  -.730259  -.396426
  62453.1  10699.6       .4     43.3     75.2     28.9
       .4     86.6     75.2     57.7  35325.8  36730.0
     -10.5      55.0      -5.1      37.8
      -2.0      23.1      -1.7      19.8
      -1.4      17.8      -1.3      14.8
      -2.0      16.5      -1.8      13.4
 61944  -.601687  -.701968  -.381068
  64828.9  10356.6       .4     43.3     75.2     28.9
       .4     86.6     75.2     57.7  36684.7  38040.1
      -9.2      50.7      -7.0      37.9
      -1.8      23.0      -1.3      20.0
      -1.4      17.8      -1.2      15.9
      -1.8      16.6      -1.5      14.6
 61945  -.641844  -.673936  -.365851
  67565.8   9916.6       .4     43.3     75.2     28.9
       .4     86.6     75.2     57.7  38741.8  40057.2
      -7.7      54.5      -3.5      37.5
      -2.1      22.5      -1.3      19.4
      -1.9      18.0      -1.1      15.7
      -1.9      16.4      -1.4      14.2
 61946  -.677337  -.646549  -.350984
  70443.7   9601.5       .4     43.3     75.2     28.9
       .4     86.6     75.2     57.7  40401.8  41562.4
      -8.8      56.9      -4.2      38.0
      -1.4      22.6      -1.2      20.7
      -1.6      17.4       -.6      16.4
      -1.4      16.2       -.9      15.3
 61947  -.708659  -.620076  -.336613
  73464.3   9486.3       .4     43.3     75.2     28.9
       .4     86.6     75.2     57.7  42809.5  44107.3
      -9.0      57.1      -5.1      35.1
      -1.4      22.9       -.9      19.9
      -1.3      17.5       -.6      15.9
      -1.9      15.8      -1.2      14.7
 61948   .482910  -.845093  -.229382
 109022.5  14331.8       .4     43.3     75.2     28.9
       .4     86.6     75.2     57.7  66357.8  67709.5
     -11.0      52.3       8.4      60.8
      -2.4      22.0       1.2      22.3
      -2.1      16.5        .8      12.1
      -1.6      14.7        .5      10.0
 61949   .451149  -.861285  -.233777
 106921.8  14094.0       .4     43.3     75.2     28.9
       .4     86.6     75.2     57.7  64645.1  66367.4
     -12.7      49.3      10.3      62.0
      -2.7      22.8       1.3      22.7
      -1.9      16.5        .4      11.9
      -2.1      15.1        .3       9.8
 61950   .417577  -.876913  -.238019
 105151.0  14006.9       .4     43.3     75.2     28.9
       .4     86.6     75.2     57.7  63363.6  64975.4
     -13.1      51.6       6.3      67.8
      -2.2      21.6        .6      22.6
      -2.2      16.5       -.1      11.3
      -2.2      15.2       -.1       9.1
 61951   .382204  -.891810  -.242063
 103186.4  13687.4       .4     43.3     75.2     28.9
       .4     86.6     75.2     57.7  62146.3  63904.0
     -12.0      50.7      10.0      68.4
      -2.6      22.2        .6      24.0
      -2.0      16.8       -.4      10.9
      -2.2      15.3       -.3       8.5
 61952   .345068  -.905804  -.245861
 101437.0  13409.6       .4     43.3     75.2     28.9
       .4     86.6     75.2     57.7  60874.2  62562.2
      -9.7      48.1       7.7      74.6
      -2.4      22.1       -.4      23.3
      -2.2      16.5      -1.1      10.2
      -2.1      15.1      -1.4       8.0
 61953   .306238  -.918714  -.249365
 100411.9  13298.6       .4     43.3     75.2     28.9
       .4     86.6     76.2      6.4  60230.5  62182.9
     -11.1      46.2       9.5      78.9
      -2.6      22.0       -.9      23.5
      -2.1      16.6      -1.4       9.2
      -2.4      15.2      -1.4       7.4
 61954   .265817  -.930361  -.252527
  99067.2  13073.0       .4     43.3     75.2     28.9
       .4     86.6     76.0     19.2  58915.3  60668.4
     -13.2      52.8       9.2      78.3
      -3.2      21.8      -1.3      22.2
      -2.3      17.2      -2.4       8.5
      -2.6      15.4      -2.6       6.7
 61955   .223945  -.940570  -.255298
  98049.2  12929.5       .4     43.3     75.4      4.2
       .4     86.6     75.3     32.5  58420.2  59913.2
     -12.3      52.8       6.8      87.1
      -2.5      22.4      -1.6      25.9
      -2.2      16.9      -2.3       8.3
      -2.4      15.5      -2.3       6.6
 61956   .180796  -.949177  -.257634
  96982.3  12799.7       .4     43.3     74.2     16.7
       .4     86.6     74.0     45.3  57820.8  59641.3
     -12.2      49.0       4.2      97.4
      -2.4      22.6      -1.8      36.7
      -2.2      16.7      -2.2       8.4
      -2.5      15.5      -2.6       6.3
 61957   .136577  -.956038  -.259496
  96386.9  12769.7       .4     43.3     77.3     20.4
       .4     86.6     77.1     48.9  57261.1  59140.5
     -12.7      47.7       7.4     101.7
      -3.1      22.6       1.6      49.8
      -2.5      17.1       1.4      12.7
      -2.5      15.7       1.2       9.7
 61958   .091527  -.961030  -.260851
  95933.4  12652.8       .4     43.3     80.0      9.9
       .4     86.6     79.8     38.2  57897.8  59114.2
      -9.3      47.7       6.2      92.2
      -3.0      22.4       -.2      31.3
      -2.7      17.2       -.8       9.6
      -2.4      15.6      -1.2       7.1
 61959   .068771  -.962796  -.261330
  95468.6  12667.1       .4     43.3     79.7      3.6
       .4     86.6     79.7     32.1  57598.6  58877.2
     -10.7      47.7      -1.5      86.3
      -3.0      22.0      -1.1      25.7
      -2.3      17.1      -1.7       8.7
      -2.4      15.6      -1.9       7.2
 61960   .045908  -.964064  -.261674
  95594.8  12582.9       .4     43.3     75.2     28.9
       .4     86.6     79.6     25.3  57702.0  59012.8
     -10.9      48.3       7.2      80.4
      -2.7      22.4      -1.7      22.9
      -2.5      17.1      -2.2       8.7
      -2.3      15.6      -2.3       6.7
 61961   .022972  -.964827  -.261882
  95412.8  12555.4       .4     43.3     75.2     28.9
       .4     86.6     79.6     18.8  57250.7  58581.2
     -12.3      49.8       5.0      78.0
      -3.0      23.1      -1.8      22.6
      -2.4      17.3      -2.2       8.4
      -2.7      15.7      -2.5       6.7
 61962   .000000  -.965081  -.261951
  95592.3  12643.3       .4     43.3     75.2     28.9
       .4     86.6     79.1     12.2  57287.5  58654.8
     -11.2      50.6       6.3      77.4
      -2.9      22.5      -1.4      21.3
      -2.3      17.2      -2.2       8.6
      -2.4      15.8      -2.3       6.9
 61963  -.022972  -.964827  -.261882
  95114.0  12724.8       .4     43.3     75.2     28.9
       .4     86.6     79.0      5.7  57093.4  58360.3
      -9.9      49.4       5.2      69.0
      -3.0      22.3      -2.0      21.5
      -2.5      17.0      -1.8       8.5
      -2.5      15.6      -2.1       7.2
 61964  -.045908  -.964064  -.261674
  95558.8  12599.1       .4     43.3     75.2     28.9
       .4     86.6     75.3      2.3  57149.8  58384.3
     -15.5      55.3       1.0      75.0
      -2.6      21.9      -1.5      18.8
      -2.5      17.0      -1.9       8.3
      -2.2      15.8      -1.9       7.1
 61965  -.068771  -.962796  -.261330
  95399.9  12580.5       .4     43.3     75.2     28.9
       .4     86.6     75.2     57.7  57019.5  58415.6
     -16.1      52.0       -.7      67.2
      -2.9      22.6      -2.0      19.4
      -2.8      17.2      -2.1       9.4
      -2.8      15.8      -2.4       7.7
 61966  -.091527  -.961030  -.260851
  95822.5  12706.5       .4     43.3     75.2     28.9
       .4     86.6     75.2     57.7  57353.2  58809.4
     -10.3      50.0       1.6      65.6
      -2.7      22.3      -1.7      18.9
      -2.2      17.4      -1.8       9.6
      -2.4      15.8      -2.0       7.9
 61967  -.136577  -.956038  -.259496
  95966.4  12690.3       .4     43.3     75.2     28.9
       .4     86.6     75.2     57.7  57508.4  59443.6
     -11.9      51.8        .9      63.4
      -2.6      22.9      -1.2      17.2
      -2.2      17.0      -1.1       9.1
      -2.2      15.5      -1.1       7.8
 61968  -.180796  -.949177  -.257634
  96867.1  12777.9       .4     43.3     75.2     28.9
       .4     86.6     75.2     57.7  57794.8  60056.0
      -9.6      51.9      -3.1      59.2
      -2.5      22.3      -1.6      18.5
      -1.9      17.2      -1.4      10.5
      -2.3      15.9      -1.6       8.8
 61969  -.223945  -.940570  -.255298
  97764.5  12905.4       .4     43.3     75.2     28.9
       .4     86.6     75.2     57.7  58566.6  60047.5
     -11.8      54.9      -4.6      54.4
      -2.7      22.4       -.7      17.0
      -2.2      17.4       -.6      10.3
      -2.4      15.9       -.9       8.9
 61970  -.265817  -.930361  -.252527
  98669.0  13060.4       .4     43.3     75.2     28.9
       .4     86.6     75.2     57.7  58652.9  60487.1
     -10.6      51.4      -2.8      52.2
      -2.8      22.4      -1.6      18.4
      -2.1      17.1      -1.0      11.4
      -2.1      15.5      -1.3       9.6
 61971  -.306238  -.918714  -.249365
  99645.7  13070.1       .4     43.3     75.2     28.9
       .4     86.6     75.2     57.7  60089.3  62280.0
     -12.4      52.7      -5.0      46.7
      -2.4      22.1       -.4      16.9
      -2.1      16.8       -.5      11.1
      -2.0      15.3       -.7       9.8
 61972  -.345068  -.905804  -.245861
 101058.7  13095.9       .4     43.3     75.2     28.9
       .4     86.6     75.2     57.7  60922.3  62573.5
     -13.4      54.5      -3.7      42.6
      -2.2      22.1      -1.2      18.3
      -2.2      16.8      -1.0      12.3
      -2.0      15.4       -.9      10.6
 61973  -.382204  -.891810  -.242063
 102499.9  13069.0       .4     43.3     75.2     28.9
       .4     86.6     75.2     57.7  61748.8  63908.4
     -13.6      54.3      -7.4      44.4
      -2.1      21.8       -.5      17.4
      -1.8      16.4       -.3      12.2
      -2.2      15.4       -.6      10.8
 61974  -.417577  -.876913  -.238019
 104350.6  12844.3       .4     43.3     75.2     28.9
       .4     86.6     75.2     57.7  62587.1  64653.1
     -14.0      54.2      -5.3      40.1
      -2.6      22.4      -1.0      18.0
      -1.8      16.8       -.5      13.0
      -2.3      15.3       -.9      11.3
 61975  -.451149  -.861285  -.233777
 106150.0  12922.9       .4     43.3     75.2     28.9
       .4     86.6     75.2     57.7  63891.8  65149.5
     -11.2      51.6      -4.6      37.0
      -2.4      22.7       -.6      17.9
      -1.8      16.5       -.2      13.0
      -1.9      15.2       -.3      11.9
 61976  -.482910  -.845093  -.229382
 108294.9  12874.5       .4     43.3     75.2     28.9
       .4     86.6     75.2     57.7  65911.5  67605.8
     -11.7      54.2      -7.3      38.3
      -2.2      21.7       -.6      17.7
      -1.6      16.6       -.1      13.6
      -1.7      14.9       -.4      11.9
 61977   .337328  -.927651  -.160231
 155817.4  13388.4       .4     43.3     75.2     28.9
       .4     86.6     75.2     57.7  97696.6 100592.7
     -14.6      48.7      10.2      67.7
      -2.5      22.8       1.5      25.7
      -2.0      17.1        .6      11.3
      -2.2      15.5        .6       8.8
 61978   .312066  -.936198  -.161707
 154439.4  13316.4       .4     43.3     75.2     28.9
       .4     86.6     75.2     57.7  96866.8  99324.3
     -12.5      48.5      13.7      68.8
      -3.0      23.9       1.6      27.3
      -2.1      17.3        .7      10.8
      -2.1      15.6        .5       8.6
 61979   .286124  -.944211  -.163091
 153116.8  13301.0       .4     43.3     75.2     28.9
       .4     86.6     75.2     57.7  96112.2  98977.0
     -13.4      52.4       9.5      76.6
      -2.8      22.2       1.4      27.6
      -2.6      17.6        .1      10.8
      -2.1      15.8        .0       8.3
 61980   .259539  -.951641  -.164374
 151771.5  13005.8       .4     43.3     75.2     28.9
       .4     86.6     75.2     57.7  95844.2  97586.8
     -11.9      53.6       8.2      82.4
      -3.1      22.3       1.1      27.4
      -2.3      17.1       -.1       9.5
      -2.2      15.8       -.3       7.6
 61981   .232349  -.958440  -.165549
 151104.7  12962.5       .4     43.3     75.2     28.9
       .4     86.6     75.2     57.7  94957.2  96954.1
     -13.7      52.6       2.0      87.4
      -3.0      22.8        .3      28.7
      -2.4      17.1      -1.0      10.0
      -2.5      16.1      -1.0       7.6
 61982   .204604  -.964562  -.166606
 149901.1  12831.1       .4     43.3     75.2     28.9
       .4     86.6     76.2      4.9  93883.5  96314.0
     -12.0      46.9       5.3      90.3
      -3.0      23.4       -.1      32.2
      -2.1      17.1      -1.1       9.1
      -2.4      15.9      -1.4       6.9
 61983   .176357  -.969963  -.167539
 149213.2  12764.4       .4     43.3     75.2     28.9
       .4     86.6     75.9     18.2  93648.6  95612.4
      -8.8      48.2      10.5      96.8
      -2.9      22.3      -1.0      31.6
      -2.0      17.2      -2.4       9.4
      -2.4      16.0      -2.4       7.0
 61984   .147667  -.974605  -.168341
 148795.5  12814.5       .4     43.3     75.4      3.3
       .4     86.6     75.1     31.6  93474.7  95536.9
     -12.3      50.0       7.4     103.1
      -2.9      22.6      -1.3      36.8
      -2.2      17.4      -2.1      10.8
      -2.2      15.8      -2.3       6.6
 61985   .118600  -.978453  -.169006
 148475.2  12695.2       .4     43.3     74.5     16.2
       .4     86.6     74.2     44.5  91725.2  94811.6
     -10.4      45.1       3.4     115.9
      -3.1      22.8      -1.6      51.8
      -2.1      17.6      -2.2      14.9
      -2.9      16.1      -2.6       6.8
 61986   .089225  -.981478  -.169528
 147621.7  12661.6       .4     43.3     77.1     20.0
       .4     86.6     77.0     48.3  93457.6  95302.4
     -12.1      51.7      12.5     122.8
      -2.9      22.5       2.2      62.7
      -2.2      17.3       2.0      24.0
      -2.5      15.8       1.6      11.7
 61987   .059616  -.983656  -.169904
 147449.7  12622.0       .4     43.3     80.6     11.2
       .4     86.6     80.4     37.5  92555.4  94202.5
     -10.7      51.0       5.2     109.3
      -3.0      22.4        .1      42.5
      -2.7      17.2       -.5      13.7
      -2.3      16.2       -.8       8.2
 61988   .044746  -.984421  -.170036
 146888.3  12682.3       .4     43.3     80.6      2.9
       .4     86.6     80.5     31.2  91743.3  94306.0
     -11.1      50.8       9.0     106.8
      -3.6      23.5       -.6      37.5
      -2.5      17.3      -1.4      10.7
      -2.3      16.0      -1.6       7.5
 61989   .029848  -.984969  -.170131
 146983.1  12556.7       .4     43.3     75.2     28.9
       .4     86.6     80.4     24.5  91106.1  94242.3
     -15.2      51.9       3.3     101.4
      -3.0      23.0       -.2      33.8
      -2.6      17.4      -1.9      10.8
      -2.7      16.1      -1.9       7.7
 61990   .014929  -.985299  -.170188
 146858.6  12552.1       .4     43.3     75.2     28.9
       .4     86.6     80.5     17.8  91317.9  93951.9
     -14.7      53.7        .5     101.0
      -3.1      22.9      -1.3      33.5
      -2.5      17.5      -1.8       9.6
      -2.4      16.2      -2.0       6.8
 61991   .000000  -.985408  -.170207
 146711.1  12594.7       .4     43.3     75.2     28.9
       .4     86.6     80.4     11.1  91634.1  93869.9
     -12.1      49.4       2.6     101.2
      -3.4      22.5       -.9      30.1
      -2.4      17.3      -1.6       9.2
      -2.2      15.8      -1.7       6.8
 61992  -.014929  -.985299  -.170188
 146648.8  12612.1       .4     43.3     75.2     28.9
       .4     86.6     80.0      4.6  91137.5  93870.1
     -11.6      52.4       1.0      90.8
      -3.3      23.6      -1.0      28.0
      -2.8      17.5      -1.5       9.4
      -2.6      15.9      -1.3       6.9
 61993  -.029848  -.984969  -.170131
 147018.1  12706.3       .4     43.3     75.2     28.9
       .4     86.6     75.2     57.7  93079.9  95243.6
     -10.1      48.4      -1.3      87.8
      -3.6      23.9      -1.1      28.2
      -2.4      17.2      -1.6      10.3
      -2.4      16.2      -1.5       6.8
 61994  -.044746  -.984421  -.170036
 146961.1  12681.6       .4     43.3     75.2     28.9
       .4     86.6     75.2     57.7  90410.0  93934.1
     -13.2      53.0       4.8      80.9
      -3.2      23.1      -1.6      26.7
      -2.3      17.5      -1.2       9.5
      -2.9      16.4      -1.6       7.1
 61995  -.059616  -.983656  -.169904
 147090.7  12609.8       .4     43.3     75.2     28.9
       .4     86.6     75.2     57.7  92127.0  94042.2
     -11.7      49.8        .5      80.9
      -3.5      23.9      -1.3      25.1
      -2.4      17.4      -1.2       9.7
      -2.2      16.2      -1.2       7.4
 61996  -.089225  -.981478  -.169528
 147378.4  12538.7       .4     43.3     75.2     28.9
       .4     86.6     75.2     57.7  91960.1  94266.8
     -10.6      48.9       3.9      76.0
      -3.4      22.5       -.2      23.6
      -2.2      17.6       -.8       8.4
      -2.5      16.5       -.7       7.1
 61997  -.118600  -.978453  -.169006
 147521.2  12639.6       .4     43.3     75.2     28.9
       .4     86.6     75.2     57.7  91805.0  95081.3
     -12.3      50.5      -2.0      68.1
      -2.6      22.5       -.7      21.6
      -2.5      17.6       -.9       9.4
      -2.5      16.1       -.8       7.7
 61998  -.147667  -.974605  -.168341
 148428.9  12711.8       .4     43.3     75.2     28.9
       .4     86.6     75.2     57.7  93538.3  95781.6
     -10.2      49.8      -1.3      60.8
      -2.9      23.4       -.4      20.8
      -2.3      17.8       -.2       8.8
      -2.4      16.2       -.3       7.4
 61999  -.176357  -.969963  -.167539
 148667.7  12774.4       .4     43.3     75.2     28.9
       .4     86.6     75.2     57.7  92436.1  94840.3
     -10.0      51.5      -2.2      60.7
      -3.2      22.7      -1.0      20.2
      -2.5      17.4       -.8      10.3
      -2.2      16.5       -.4       8.3
 62000  -.204604  -.964562  -.166606
 149892.9  12860.3       .4     43.3     75.2     28.9
       .4     86.6     75.2     57.7  92958.4  95631.3
     -12.6      48.6      -3.7      53.6
      -2.8      22.9       -.2      18.6
      -2.2      17.5        .0       9.5
      -2.3      16.2        .1       8.1
 62001  -.232349  -.958440  -.165549
 150673.3  12884.0       .4     43.3     75.2     28.9
       .4     86.6     75.2     57.7  93117.1  96483.3
     -11.6      47.8      -2.7      49.3
      -3.2      22.8      -1.3      19.8
      -2.1      17.4       -.3      10.9
      -2.3      15.8       -.3       8.9
 62002  -.259539  -.951641  -.164374
 151469.9  12985.3       .4     43.3     75.2     28.9
       .4     86.6     75.2     57.7  93601.5  96302.1
     -13.0      50.8      -5.1      53.1
      -3.0      22.7       -.2      17.6
      -1.9      17.4        .3      10.1
      -2.2      16.0        .1       8.7
 62003  -.286124  -.944211  -.163091
 152660.4  13183.1       .4     43.3     75.2     28.9
       .4     86.6     75.2     57.7  96313.8  98562.6
     -10.9      51.6      -5.3      45.0
      -2.5      22.8       -.7      18.3
      -2.2      17.4       -.3      11.3
      -2.1      15.7       -.2       9.6
 62004  -.312066  -.936198  -.161707
 153937.6  13161.1       .4     43.3     75.2     28.9
       .4     86.6     75.2     57.7  95964.7  99387.5
     -13.1      47.8      -5.2      40.7
      -3.1      23.5        .0      16.5
      -2.1      17.4        .5      10.6
      -2.0      15.9        .3       9.5
 62005  -.337328  -.927651  -.160231
 155246.5  13169.4       .4     43.3     75.2     28.9
       .4     86.6     75.2     57.7  97322.9  99783.1
     -10.0      47.9      -4.3      38.7
      -2.7      23.1       -.3      17.3
      -2.2      17.4       -.1      11.8
      -2.2      15.9       -.2      10.0
