Dot1_150x100_prd2012lk:dj25b@-125V,3.8T@90d,253K,rhe=1.10,rhh=0.7,0.25/0.25     
  1921   1  3.80  60   5  29   0  125.00  253.00     .25 1.00000   800.0    -.54  132.34  150.000  100.000  285.000   800.0    -.27   66.17    1.50    1.00     .85
 62101   .000000   .000000 -1.000000
  25412.7  14128.7       .2     40.5     68.8     28.9
       .2     83.5     68.6     21.9  12157.4  12626.4
       -.2      66.5      -2.8      39.0
        .4      12.2      -4.6      15.5
        .2       5.0      -4.1      10.7
        .2       5.0      -4.5       9.4
 62102   .000000  -.130455  -.991454
  25793.0  14298.7       .3     33.9     68.8     28.9
       .3     76.9     68.9     21.7  12385.9  12803.2
      -2.3      58.2      -4.6      40.9
       -.2       5.6      -4.6      16.0
       -.3       5.0      -4.1      10.7
       -.4       5.0      -4.6       9.5
 62103   .000000  -.254493  -.967075
  26419.5  14687.3      -.1     25.2     68.8     28.9
      -.1     68.3     68.7     21.6  12747.5  13297.7
      -2.1      51.8      -2.4      38.4
       -.6       8.5      -4.4      16.0
       -.5       5.4      -4.0      10.8
       -.5       5.0      -4.5       9.5
 62104   .000000  -.367167  -.930155
  27233.2  15236.4      -.1     16.5     68.8     28.9
      -.1     59.5     68.9     21.5  13056.5  13636.7
      -4.3      48.1      -3.4      42.1
       -.9      12.5      -4.1      15.5
       -.5       8.0      -4.1      10.9
       -.7       6.8      -4.5       9.2
 62105   .000000  -.465746  -.884918
  28597.8  15927.5      -.3      8.5     68.8     28.9
      -.1     50.2     68.9     21.3  14185.4  14712.6
      -5.3      46.0      -3.2      41.1
       -.9      16.4      -4.0      15.5
      -1.0      10.9      -4.0      10.6
       -.8       9.0      -4.3       9.2
 62106   .000000  -.549617  -.835417
  30354.7  16168.7      -.6      7.3     68.8     28.9
      -.4     40.7     69.0     20.7  14946.1  15640.7
      -6.8      52.1      -3.7      41.7
      -1.4      21.4      -3.9      15.2
      -1.2      14.0      -3.8      10.3
      -1.1      11.4      -4.3       8.9
 62107   .000000  -.619644  -.784883
  32274.7  16295.5      -.3     43.3     68.8     28.9
       .0     31.3     69.3     20.4  16448.7  16945.5
      -7.6      56.6      -2.3      42.2
      -1.6      26.0      -3.8      14.8
      -1.6      17.5      -3.9       9.9
      -1.4      14.3      -4.1       8.7
 62108   .000000  -.677476  -.735545
  34486.9  16328.4      -.3     43.3     68.8     28.9
      -.4     21.8     69.7     20.0  17589.5  18273.7
      -7.4      58.0      -1.4      43.5
      -2.4      27.4      -4.1      14.9
      -1.7      18.2      -3.8       9.8
      -1.9      15.3      -4.0       8.4
 62109   .000000  -.724999  -.688749
  36815.5  15841.7      -.3     43.3     68.8     28.9
      -.4     13.1     69.8     19.7  19151.5  19788.3
      -8.1      54.7      -2.7      42.3
      -1.9      25.6      -3.8      14.6
      -1.5      17.1      -3.8       9.8
      -1.5      14.6      -3.9       8.3
 62110   .000000  -.764030  -.645181
  39193.4  15073.2      -.3     43.3     68.8     28.9
     -1.0      8.3     69.9     19.3  20548.6  21356.0
      -7.5      51.5      -2.3      44.0
      -1.3      22.3      -3.6      14.7
      -1.4      16.8      -3.4       9.6
      -1.9      15.5      -3.8       7.9
 62111   .000000  -.796162  -.605083
  41676.1  14632.7      -.3     43.3     68.8     28.9
      -.3     86.6     69.9     19.1  22136.4  22948.5
      -7.8      52.3      -2.6      48.2
      -1.4      22.6      -3.3      15.0
       -.8      17.6      -3.4       9.3
      -1.8      16.5      -3.8       8.0
 62112   .000000  -.822730  -.568432
  44559.8  14225.4      -.3     43.3     68.8     28.9
      -.3     86.6     70.2     18.9  23645.9  24585.0
     -10.1      53.5       -.6      51.1
      -1.4      22.3      -3.5      14.8
      -1.2      16.7      -3.4       9.2
      -1.4      15.2      -3.5       7.6
 62113   .000000  -.844819  -.535052
  47375.9  13948.5      -.3     43.3     68.8     28.9
      -.3     86.6     70.4     18.7  25298.9  26369.1
      -8.8      51.0        .3      50.2
      -1.5      21.0      -3.1      15.3
      -1.1      15.5      -3.3       9.2
      -1.4      13.9      -3.5       7.4
 62114   .000000  -.863297  -.504697
  50216.8  13602.5      -.3     43.3     68.8     28.9
      -.3     86.6     70.5     18.4  27096.1  28112.4
     -10.6      52.0      -1.7      54.5
      -1.2      22.2      -3.3      14.7
      -1.1      17.2      -3.2       8.9
      -1.1      15.7      -3.3       7.3
 62115   .000000  -.878853  -.477092
  52868.6  13587.1      -.3     43.3     68.8     28.9
      -.3     86.6     70.7     18.2  29388.9  30224.6
      -9.3      51.5        .0      58.0
      -1.4      23.5      -2.9      14.9
       -.8      18.6      -3.0       8.7
      -1.7      17.7      -3.2       7.2
 62116   .000000  -.892036  -.451965
  55908.6  13280.9      -.3     43.3     68.8     28.9
      -.3     86.6     70.6     17.9  31205.4  31923.6
      -9.3      48.8       2.1      53.6
      -1.3      23.0      -3.0      16.1
      -1.1      17.5      -3.1       8.4
      -1.3      16.0      -3.2       7.1
 62117   .000000  -.903278  -.429057
  58855.0  13312.8      -.3     43.3     68.8     28.9
      -.3     86.6     70.8     17.8  32473.4  33860.1
      -9.6      51.3        .2      59.4
      -1.4      21.5      -3.1      15.4
      -1.4      16.3      -3.0       8.4
      -1.4      14.6      -3.1       7.0
 62118   .000000  -.912924  -.408131
  61876.7  13050.9      -.3     43.3     68.8     28.9
      -.3     86.6     71.2     17.5  34638.2  35792.0
      -9.8      49.9      -3.0      54.0
      -1.6      22.4      -2.9      15.4
      -1.4      17.8      -2.9       8.3
      -1.1      16.2      -2.9       6.8
 62119   .000000  -.921250  -.388972
  65040.2  13025.2      -.3     43.3     68.8     28.9
      -.3     86.6     71.3     17.5  36879.0  38156.3
     -10.9      52.8       -.8      59.0
      -1.7      23.7      -2.9      16.6
       -.9      19.2      -2.7       8.4
      -1.6      18.1      -3.0       6.8
 62120   .000000  -.928477  -.371391
  67875.8  12914.7      -.3     43.3     68.8     28.9
      -.3     86.6     70.9     17.2  38706.8  39730.2
      -9.7      50.2       1.0      61.6
      -1.3      22.9      -2.7      16.2
      -1.4      18.0      -2.8       8.2
      -1.5      16.6      -2.9       6.6
 62121   .000000  -.934784  -.355218
  71099.4  12968.3      -.3     43.3     68.8     28.9
      -.3     86.6     71.4     17.0  41050.2  42503.3
     -10.9      51.9       1.6      64.9
      -1.4      21.8      -2.5      16.5
      -1.0      16.6      -2.8       8.2
      -1.5      15.2      -2.8       6.5
 62122   .000000  -.940315  -.340305
  74063.2  12762.0      -.3     43.3     68.8     28.9
      -.3     86.6     71.3     17.0  43456.6  44618.0
     -11.0      49.5        .4      66.9
      -1.3      22.2      -2.7      16.8
      -1.0      17.8      -2.5       8.0
      -1.7      16.7      -3.0       6.5
 62123   .000000  -.945190  -.326520
  77373.5  12820.6      -.3     43.3     68.8     28.9
      -.3     86.6     71.4     16.9  45096.2  46584.7
      -9.8      50.6       1.0      66.3
      -1.5      24.1      -2.5      19.0
      -1.1      19.3      -2.7       8.2
      -1.5      18.6      -2.8       6.5
 62124   .000000  -.949506  -.313750
  80432.0  12846.3      -.3     43.3     68.8     28.9
      -.3     86.6     71.5     16.9  47086.9  48547.4
     -11.9      53.1      -1.5      70.1
      -1.5      23.2      -2.3      18.4
       -.9      18.3      -2.6       8.2
      -1.5      17.0      -2.8       6.5
 62125   .000000  -.953342  -.301892
  83575.0  12809.1      -.3     43.3     68.8     28.9
      -.3     86.6     71.8     16.7  48701.0  50004.1
      -9.8      51.6       5.0      64.5
      -1.5      21.3      -2.2      19.1
      -1.3      17.0      -2.7       8.1
      -1.3      15.1      -2.6       6.3
 62126   .000000  -.956767  -.290857
  86890.8  12749.7      -.3     43.3     68.8     28.9
      -.3     86.6     71.6     16.5  51211.2  52651.4
     -12.1      50.7       4.5      69.6
      -1.5      23.3      -2.6      20.3
      -1.2      18.3      -2.5       8.5
      -1.5      16.9      -2.7       6.4
 62127   .000000  -.959834  -.280567
  89861.1  12748.8      -.3     43.3     68.8     28.9
      -.3     86.6     71.8     16.5  52994.9  54522.8
     -10.2      46.8       1.2      73.8
      -1.1      23.9      -2.2      19.7
      -1.0      19.7      -2.4       7.9
      -1.1      18.5      -2.6       6.2
 62128   .000000  -.962593  -.270952
  93375.8  12686.2      -.3     43.3     68.8     28.9
      -.3     86.6     71.7     16.3  55272.8  56550.7
     -12.2      51.2       3.0      72.9
      -1.7      23.2      -2.4      21.0
      -1.1      18.6      -2.4       8.0
      -1.5      17.4      -2.6       6.3
 62129   .000000  -.965081  -.261951
  96255.8  12639.4      -.3     43.3     68.8     28.9
      -.3     86.6     71.8     16.3  57829.1  59430.3
     -12.5      49.8       9.2      81.3
      -1.9      21.9      -2.0      19.7
      -1.2      17.2      -2.3       8.3
      -1.2      15.6      -2.5       6.2
 62130   .000000  -.967333  -.253508
  99710.9  12701.6      -.3     43.3     68.8     28.9
      -.3     86.6     72.0     16.1  60063.6  61534.4
     -11.1      53.3       3.7      77.4
      -1.8      23.2      -2.3      22.1
      -1.4      18.3      -2.4       8.5
      -1.2      16.8      -2.5       6.5
 62131   .000000  -.969377  -.245576
 102996.1  12661.0      -.3     43.3     68.8     28.9
      -.3     86.6     72.0     16.1  62533.0  63759.9
     -10.2      52.6        .9      82.3
      -2.0      24.3      -2.1      23.0
      -1.1      19.6      -2.3       8.2
      -1.5      19.0      -2.4       6.0
 62132   .000000  -.971238  -.238110
 105998.8  12769.2      -.3     43.3     68.8     28.9
      -.3     86.6     72.3     16.0  64555.3  66316.5
     -13.2      52.5       2.2      83.2
      -1.8      23.6      -2.0      22.7
      -1.2      18.4      -2.4       8.3
      -1.3      17.5      -2.5       6.3
 62133   .000000  -.972937  -.231072
 109377.0  12808.4      -.3     43.3     68.8     28.9
      -.3     86.6     72.1     16.0  67114.5  68631.5
     -11.8      52.0       2.9      79.7
      -1.8      22.0      -2.2      24.5
      -1.5      17.5      -2.3       8.5
      -1.2      15.7      -2.4       6.1
 62134   .000000  -.974491  -.224428
 112321.0  12805.3      -.3     43.3     68.8     28.9
      -.3     86.6     72.3     16.0  67283.8  69453.3
     -13.2      54.3       2.4      80.0
      -1.6      23.2      -1.6      23.9
      -1.5      18.4      -2.4       8.9
      -1.4      17.2      -2.3       6.6
 62135   .000000  -.975916  -.218146
 115549.7  12634.6      -.3     43.3     68.8     28.9
      -.3     86.6     72.0     15.8  71007.3  72417.7
     -11.9      51.2       3.4      82.4
      -1.7      24.3      -2.1      24.1
      -1.3      19.6      -2.2       8.0
       -.9      18.9      -2.2       6.0
 62136   .000000  -.977227  -.212198
 119087.9  12593.4      -.3     43.3     68.8     28.9
      -.3     86.6     72.3     15.7  72939.6  74853.6
     -12.7      50.9       -.1      80.9
      -2.0      23.6      -1.8      26.0
      -1.2      18.7      -2.1       8.4
      -1.5      17.4      -2.3       6.2
 62137   .000000  -.978434  -.206558
 122233.5  12628.0      -.3     43.3     68.8     28.9
      -.3     86.6     72.3     15.7  75109.7  77132.4
     -13.9      55.2       3.7      86.6
      -1.9      22.7      -1.9      25.9
      -1.2      17.0      -2.2       8.6
      -1.4      15.7      -2.2       6.8
 62138   .000000  -.979549  -.201205
 125681.9  12644.0      -.3     43.3     68.8     28.9
      -.3     86.6     72.5     15.8  76884.5  79333.8
      -7.6      47.2       -.9      88.1
      -1.9      23.0      -1.6      27.0
      -1.1      18.8      -2.1      10.4
      -1.3      17.2      -2.2       6.2
 62139   .000000  -.980581  -.196116
 128539.2  12650.8      -.3     43.3     68.8     28.9
      -.3     86.6     72.5     15.7  78693.8  81063.4
     -13.5      51.0       3.1      89.8
      -2.2      24.0      -1.8      26.7
      -1.2      20.1      -2.2       8.9
      -1.7      19.1      -2.3       6.4
 62140   .000000  -.981537  -.191274
 132410.1  12686.2      -.3     43.3     68.8     28.9
      -.3     86.6     72.5     15.5  80805.2  82988.3
     -14.3      52.4       1.1      89.5
      -1.7      23.8      -1.8      27.9
      -1.5      18.9      -2.0       8.9
      -1.5      17.8      -2.3       6.1
 62141   .000000  -.982424  -.186661
 135191.6  12604.1      -.3     43.3     68.8     28.9
      -.3     86.6     72.6     15.6  84702.6  86739.3
     -10.1      48.4       2.6      90.1
      -1.8      23.2      -1.5      27.0
      -1.4      17.5      -2.1       8.5
      -1.0      15.9      -2.1       6.2
 62142   .000000  -.983250  -.182261
 138506.3  12717.3      -.3     43.3     68.8     28.9
      -.3     86.6     72.5     15.6  85725.2  87848.9
      -9.9      50.7       2.2      91.3
      -2.0      23.4      -1.5      29.8
       -.9      18.7      -2.0       8.8
      -1.2      17.5      -2.0       6.4
 62143   .000000  -.984020  -.178061
 141668.0  12725.4      -.3     43.3     68.8     28.9
      -.3     86.6     72.9     15.4  88254.6  90699.4
     -11.0      48.1       3.8     100.3
      -2.2      24.2      -1.3      29.8
      -1.1      20.0      -1.9       9.7
      -1.5      18.8      -2.2       6.6
 62144   .000000  -.984737  -.174047
 145065.3  12666.8      -.3     43.3     68.8     28.9
      -.3     86.6     72.7     15.4  91340.2  93423.3
     -15.9      55.5       3.0      97.7
      -2.3      24.3      -1.4      30.9
      -1.5      18.7      -2.0       9.2
      -1.4      17.8      -2.2       5.9
 62145   .000000  -.985408  -.170207
 148393.1  12698.3      -.3     43.3     68.8     28.9
      -.3     86.6     72.7     15.4  92672.9  94980.6
     -14.1      53.9       6.1     101.9
      -1.9      23.0      -1.4      32.0
      -1.5      17.3      -1.9      10.0
      -1.5      15.9      -2.1       5.9
 62146   .000000  -.986036  -.166531
 151840.7  12703.9      -.3     43.3     68.8     28.9
      -.3     86.6     72.7     15.4  95302.3  98045.2
     -11.6      50.0       6.8      97.6
      -1.7      23.8      -1.2      31.0
      -1.5      18.4      -2.0       9.8
      -1.1      17.5      -2.0       7.0
 62147   .000000  -.986625  -.163008
 154805.4  12657.7      -.3     43.3     68.8     28.9
      -.3     86.6     72.9     15.3  97193.2  99889.7
     -15.9      57.9       6.0      98.4
      -2.0      25.1      -1.2      31.8
      -1.2      20.2      -1.8       9.9
      -1.8      19.3      -2.1       6.8
 62148   .000000  -.987696  -.156385
 161589.7  12743.0      -.3     43.3     68.8     28.9
      -.3     86.6     73.2     15.2 103537.1 105798.9
     -10.9      54.0       -.6     101.0
      -2.2      22.1       -.7      32.2
      -1.2      17.2      -1.8      10.1
      -1.5      16.0      -2.1       6.7
 62149   .000000  -.988644  -.150274
 168201.4  12722.4      -.3     43.3     68.8     28.9
      -.3     86.6     72.8     15.1 106939.9 109930.4
     -11.6      48.6       3.1     100.9
      -2.5      25.7      -1.7      33.6
      -1.3      19.9      -1.7       9.9
      -1.2      19.3      -2.1       6.3
 62150   .000000  -.989488  -.144617
 174994.4  12879.4      -.3     43.3     68.8     28.9
      -.3     86.6     72.6     15.1 112477.7 114319.2
     -15.7      51.4       5.1      94.5
      -2.2      23.3      -1.0      33.2
      -1.7      17.4      -2.0       9.7
      -1.2      16.2      -1.9       6.4
 62151   .000000  -.990241  -.139367
 180963.2  12745.3      -.3     43.3     68.8     28.9
      -.3     86.6     73.0     15.0 114991.0 117748.4
     -13.9      49.3       9.6      99.7
      -2.5      25.5       -.5      34.8
      -1.4      19.9      -1.6      11.1
      -1.3      19.1      -1.9       6.3
 62152   .000000  -.990916  -.134481
 187434.7  12694.6      -.3     43.3     68.8     28.9
      -.3     86.6     72.9     15.0 119401.4 123243.8
     -11.5      49.9       9.7     107.9
      -2.6      23.4      -1.5      37.3
      -1.1      17.5      -1.7      10.6
      -1.7      16.3      -2.0       6.7
 62153   .000000  -.991524  -.129924
 194070.8  12728.3      -.3     43.3     68.8     28.9
      -.3     86.6     73.0     15.0 124842.6 127680.1
      -9.2      51.4       1.5     106.8
      -2.6      25.3       -.6      35.5
      -1.3      19.7      -1.6      11.8
      -1.3      19.0      -1.7       6.8
 62154   .000000  -.992073  -.125663
 201405.6  12721.8      -.3     43.3     68.8     28.9
      -.3     86.6     73.4     14.8 127881.8 131911.0
     -13.1      55.5        .8     113.1
      -2.3      24.3       -.5      38.5
      -1.5      17.2      -1.8      11.9
      -1.7      16.3      -1.9       6.1
 62155   .000000  -.992571  -.121670
 207735.8  12743.1      -.3     43.3     68.8     28.9
      -.3     86.6     73.3     14.9 132382.7 137388.4
     -11.7      48.2      14.2     114.3
      -2.6      25.8       -.8      38.1
      -1.5      19.9      -1.8      13.0
      -1.6      19.4      -1.8       6.6
 62156   .000000  -.993023  -.117921
 214131.1  12942.3      -.3     43.3     68.8     28.9
      -.3     86.6     73.3     14.9 137721.8 141618.7
      -9.0      43.7      -5.1     109.4
      -2.6      23.6       -.5      38.1
      -1.6      17.5      -1.8      13.7
      -1.6      16.0      -1.8       7.3
 62157   .000000  -.993435  -.114396
 221396.7  12815.9      -.3     43.3     68.8     28.9
      -.3     86.6     73.6     14.8 142101.8 145968.1
     -11.9      47.5     -10.7     106.7
      -2.5      25.1       -.9      40.5
      -1.5      20.0      -1.6      13.2
      -1.3      19.1      -1.7       6.9
 62158   .000000  -.993812  -.111073
 227032.4  12687.0      -.3     43.3     68.8     28.9
      -.3     86.6     73.6     14.7 145970.3 150838.8
      -8.1      43.8      14.5     112.0
      -2.6      23.6       -.2      40.2
      -1.5      17.2      -1.6      13.1
      -1.8      16.2      -1.8       7.3
 62159   .000000  -.994158  -.107937
 233891.2  12884.4      -.3     43.3     68.8     28.9
      -.3     86.6     73.3     14.7 151888.4 155891.1
      -9.6      35.8      10.0     109.2
      -2.3      24.9       -.7      42.0
      -1.5      20.2      -1.5      12.8
      -1.9      19.1      -1.7       8.4
 62160   .000000  -.994475  -.104972
 240696.3  12796.4      -.3     43.3     68.8     28.9
      -.3     86.6     73.6     14.6 156829.8 160634.9
      -5.9      35.3       7.0     113.2
      -2.9      22.4       -.8      41.6
      -1.5      17.6      -1.7      14.9
      -1.6      16.4      -1.8       8.2
 62161   .903278   .000000  -.429057
  58990.5  11788.7       .3     39.2     68.8     28.9
       .3     82.2     68.8     57.7  33414.4  34176.0
       -.6      83.6       9.2      46.0
        .2      28.2        .6      21.0
       -.4       8.5        .2      14.7
        .4       5.0        .2      12.4
 62162   .887877   .000000  -.460082
  55009.6  12428.8      -.1     39.3     68.8     28.9
       .0     82.2     68.8     57.7  30383.1  31315.6
       3.3      81.9       9.7      45.8
      -1.0      25.3        .1      20.6
        .2       6.0        .2      14.8
        .0       5.0        .2      12.6
 62163   .868777   .000000  -.495203
  51177.4  13144.3      -.1     39.4     68.8     28.9
      -.1     82.4     68.8     57.7  28156.3  28809.5
       1.7      78.8       9.2      47.8
       -.1      23.5       -.2      20.4
        .3       5.9       -.6      13.9
        .3       5.0       -.2      11.6
 62164   .844819   .000000  -.535052
  47423.4  14193.6       .1     39.3     68.8     28.9
       .0     82.5     68.8     57.7  25450.8  26405.8
      -3.6      80.5       9.7      48.1
        .8      20.7       -.6      20.1
        .3       5.4       -.6      13.8
        .4       5.0       -.5      11.4
 62165   .814421   .000000  -.580275
  44068.2  15744.6      -.3     39.1     68.8     28.9
      -.2     82.3     68.8     57.7  23936.1  24757.2
       1.7      77.2       8.4      51.3
       1.2      18.9      -1.0      19.5
        .0       5.1      -1.4      13.4
        .1       5.0      -1.1      10.7
 62166   .775436   .000000  -.631426
  40585.0  18014.0       .0     39.6     68.8     28.9
       .1     82.5     69.3      7.9  21146.9  22070.2
        .9      75.7       8.7      50.8
       1.1      20.7       -.8      18.0
        .4       5.0      -1.4      12.0
        .4       5.0      -1.6       9.9
 62167   .724999   .000000  -.688749
  37475.2  21755.0       .1     39.5     68.8     28.9
       .0     82.5     69.4     20.0  19171.5  19866.6
      -2.5      72.7       7.7      50.9
        .4      17.1      -2.0      16.7
        .3       5.0      -2.3      11.2
        .2       5.0      -2.1       9.2
 62168   .659438   .000000  -.751759
  34316.1  26618.1       .0     39.6     69.0      4.9
       .1     82.6     69.0     32.8  17665.8  18065.0
        .5      74.5       5.6      50.9
        .2      14.8      -1.7      12.5
        .5       5.0      -2.2       8.7
        .4       5.0      -2.1       7.3
 62169   .574426   .000000  -.818557
  31713.0  26292.7       .1     39.5     68.4     16.0
       .2     82.7     68.3     44.6  16205.1  16865.5
       4.0      73.1       8.2      60.1
       -.1      10.7      -2.3       8.5
        .5       5.0      -2.3       5.8
        .2       5.0      -2.5       5.1
 62170   .465746   .000000  -.884918
  29515.8  24209.5      -.2     39.7     66.8     24.5
      -.2     82.8     66.8     53.2  14471.1  15134.9
        .8      72.1       9.4      69.7
        .8      12.5      -2.2      10.7
        .3       5.0      -2.3       3.0
        .4       5.0      -2.4       3.0
 62171   .331088   .000000  -.943600
  27487.5  22533.2       .3     39.8     69.5     16.3
       .2     83.0     69.4     45.0  13370.3  13956.2
        .3      67.1       5.2      54.8
        .0      10.0      -1.9       7.9
        .3       5.0      -2.3       5.7
        .1       5.0      -2.8       5.1
 62172   .254493   .000000  -.967075
  26653.0  21688.5      -.4     39.8     69.1     10.5
      -.4     83.0     69.1     39.2  13055.6  13524.3
      -1.6      69.9       2.0      47.6
        .5       8.1      -2.6       9.0
        .2       5.0      -2.8       6.6
        .2       5.0      -3.3       6.0
 62173   .172799   .000000  -.984957
  25990.0  19924.7       .3     40.2     68.5      5.2
       .3     83.3     68.8     33.2  12698.4  13220.4
        .5      68.1       -.3      39.2
        .1       8.3      -3.4      10.9
        .2       5.0      -3.5       8.0
        .3       5.0      -3.7       7.1
 62174   .087384   .000000  -.996175
  25706.6  17163.6      -.1     40.2     66.4      3.4
      -.2     83.3     68.7     27.4  12336.4  12885.2
      -2.3      67.4      -2.0      39.7
       -.1       7.7      -3.8      13.1
        .1       5.0      -3.8       9.4
        .3       5.0      -4.2       8.3
 62175   .000000   .000000 -1.000000
  25499.8  14152.0       .0     40.3     68.8     28.9
       .0     83.4     68.4     21.8  12235.1  12783.1
       1.7      68.9      -4.2      37.6
        .4       8.6      -4.6      15.8
        .2       5.0      -4.3      10.9
        .3       5.0      -4.5       9.4
 62176  -.087384   .000000  -.996175
  25423.8  12916.6      -.3     40.2     68.8     28.9
      -.2     83.4     68.7     16.3  12166.8  12673.7
      -1.3      67.1      -3.5      40.0
        .7       7.9      -4.4      17.4
        .1       5.0      -4.1      12.2
        .3       5.0      -4.6      10.7
 62177  -.172799   .000000  -.984957
  25586.1  11364.4      -.3     40.2     68.8     28.9
      -.3     83.5     68.2     11.2  12562.2  12850.7
       -.2      64.8      -5.9      39.2
       1.0       9.0      -4.4      18.6
        .3       5.0      -4.1      13.4
        .3       5.0      -4.5      11.9
 62178  -.254493   .000000  -.967075
  26017.3  10545.8       .4     40.3     68.8     28.9
       .3     83.6     67.6      7.9  12530.8  13033.9
      -1.1      69.3      -4.5      37.6
        .1       8.5      -4.1      18.4
        .5       5.0      -3.8      13.4
        .2       5.0      -4.5      12.5
 62179  -.331088   .000000  -.943600
  26570.4   9617.4       .3     40.3     68.8     28.9
       .2     83.6     65.2      7.0  13168.3  13476.7
      -3.0      71.7      -4.9      39.4
        .5       9.2      -4.0      18.8
        .5       5.0      -3.8      13.7
        .2       5.0      -4.1      12.6
 62180  -.465746   .000000  -.884918
  28380.6   8715.9       .2     40.5     68.8     28.9
       .1     83.7     68.8     57.7  14430.3  14872.7
      -1.3      71.3      -6.3      41.0
       -.1      11.3      -3.3      21.4
        .1       5.0      -3.6      15.8
        .3       5.0      -4.3      14.4
 62181  -.574426   .000000  -.818557
  30553.7   8179.2       .0     40.4     68.8     28.9
       .0     83.6     68.8     57.7  15471.6  16004.6
      -1.2      72.0      -7.2      37.8
       1.0      12.5      -3.5      21.0
        .3       5.0      -3.1      15.7
        .5       5.0      -3.9      14.9
 62182  -.659438   .000000  -.751759
  33512.7   7903.2       .0     40.3     68.8     28.9
       .1     83.6     68.8     57.7  17236.3  17927.9
       2.8      71.2      -7.0      41.2
        .4      16.4      -2.7      23.3
        .3       5.0      -2.8      17.4
        .5       5.0      -3.7      15.9
 62183  -.724999   .000000  -.688749
  36474.3   7640.6       .0     40.7     68.8     28.9
       .0     83.6     68.8     57.7  18836.2  19843.1
       1.0      73.9      -7.4      37.7
       -.1      17.0      -2.3      21.9
        .2       5.0      -2.4      17.0
        .4       5.0      -3.1      16.1
 62184  -.775436   .000000  -.631426
  39911.4   7474.0      -.1     40.3     68.8     28.9
       .0     83.5     68.8     57.7  21476.3  22175.3
       2.2      77.0      -6.8      39.0
        .9      19.0      -2.7      23.6
        .2       5.0      -2.3      18.3
        .4       5.0      -2.8      16.5
 62185  -.814421   .000000  -.580275
  43301.0   7369.9      -.3     40.1     68.8     28.9
      -.2     83.3     68.8     57.7  23902.0  24435.1
       2.3      75.2      -6.7      38.1
       1.4      19.7      -2.1      22.6
        .7       5.1      -1.8      17.5
        .3       5.0      -2.5      16.3
 62186  -.844819   .000000  -.535052
  46940.2   7395.7      -.4     40.1     68.8     28.9
      -.4     83.1     68.8     57.7  26254.5  27151.2
        .5      75.2      -7.3      40.2
        .7      24.1      -2.1      24.1
        .7       5.5      -2.0      18.4
        .4       5.0      -2.8      16.7
 62187  -.868777   .000000  -.495203
  50567.4   7404.6       .1     40.0     68.8     28.9
       .1     83.1     68.8     57.7  28188.7  28999.1
      -2.3      78.8      -6.3      35.7
        .9      21.1      -2.0      23.0
        .5       5.0      -1.3      17.6
        .3       5.0      -2.3      16.6
 62188  -.887877   .000000  -.460082
  54730.1   7405.2       .2     39.7     68.8     28.9
       .3     82.9     68.8     57.7  30970.4  31859.2
       1.2      77.9      -8.0      37.6
       1.0      26.7      -2.2      23.3
        .1       5.2      -1.7      18.8
        .4       5.0      -2.2      17.1
 62189  -.903278   .000000  -.429057
  58422.5   7343.6      -.3     39.8     68.8     28.9
      -.3     82.8     68.8     57.7  33704.2  34635.3
       1.2      80.5      -5.1      36.3
        .1      31.0      -1.2      21.9
        .1       6.8       -.9      17.8
        .3       5.0      -1.7      16.7
 62190   .840060  -.367526  -.399028
  63124.6  12728.5      -.3     43.3     68.8     28.9
       .2     16.9     68.8     57.7  35754.5  36840.2
      -6.1      61.7       6.7      44.9
      -1.4      24.4        .4      20.9
      -1.0      16.0        .0      14.6
       -.9      13.2        .0      12.3
 62191   .817505  -.390173  -.423616
  59446.9  13540.7      -.3     43.3     68.8     28.9
       .2     17.2     68.8     57.7  33832.8  34664.8
      -8.1      57.3       8.1      46.8
      -1.4      24.9        .4      20.4
      -1.0      16.2       -.2      14.5
       -.9      13.2       -.3      12.3
 62192   .790440  -.414981  -.450551
  56080.8  14511.3      -.3     43.3     68.8     28.9
       .0     17.5     68.8     57.7  31358.3  32276.4
      -8.1      58.5       8.3      46.5
      -2.0      25.2        .0      20.3
      -1.3      16.5       -.3      13.7
      -1.4      13.4       -.5      11.5
 62193   .757796  -.442047  -.479937
  52732.2  15953.4      -.3     43.3     68.8     28.9
       .3     18.0     68.8     57.7  29097.2  30170.9
      -5.6      56.9       9.5      49.2
      -1.0      25.2       -.5      19.7
      -1.1      16.6       -.9      13.1
      -1.4      13.6       -.7      11.2
 62194   .718269  -.471364  -.511767
  49691.1  17748.2      -.3     43.3     68.8     28.9
       .1     18.3     68.8     57.7  27132.9  27970.4
      -7.1      59.2       8.0      51.8
      -1.4      25.2      -1.0      19.4
       -.9      16.9      -1.4      12.6
      -1.2      13.6      -1.4      10.3
 62195   .670317  -.502738  -.545830
  46703.5  19218.1      -.3     43.3     68.8     28.9
       .1     19.0     69.1      7.4  25183.5  26026.3
      -8.4      60.1       8.1      51.7
      -1.8      25.8       -.9      17.5
      -1.4      17.4      -1.6      11.5
      -1.4      13.9      -1.7       9.4
 62196   .612205  -.535679  -.581595
  43906.1  20506.2      -.3     43.3     68.8     28.9
      -.2     19.4     69.5     18.9  23554.5  24200.9
      -7.0      55.6       6.1      51.7
      -1.7      26.0      -2.2      16.6
      -1.7      17.5      -2.4      10.7
      -1.6      14.3      -2.4       8.6
 62197   .542159  -.569267  -.618061
  41375.4  20221.6      -.3     43.3     69.0      4.3
      -.2     19.9     68.9     31.5  21848.6  22666.3
     -10.5      57.2       8.2      51.0
      -2.6      26.7      -2.0      12.5
      -1.4      17.4      -2.2       8.3
      -1.6      14.4      -2.4       7.1
 62198   .458673  -.602008  -.653609
  39354.2  19197.9      -.3     43.3     68.2     15.3
      -.2     20.4     68.1     44.0  20789.1  21270.0
      -8.1      57.5       8.2      63.0
      -2.4      26.5      -2.0      11.6
      -1.6      17.7      -2.5       5.7
      -1.6      14.7      -2.7       5.1
 62199   .361020  -.631785  -.685938
  37361.5  18283.6      -.3     43.3     66.6     24.3
      -.1     20.6     66.6     53.0  19023.9  19766.0
      -6.6      58.4       6.1      76.4
      -2.7      26.9      -2.2      16.0
      -2.0      17.9      -2.2       3.0
      -2.0      14.6      -2.3       3.0
 62200   .249898  -.655981  -.712208
  35920.7  17501.7      -.3     43.3     70.5     15.5
      -.5     21.1     70.4     44.3  18697.2  19178.8
      -8.2      57.8       7.0      62.1
      -2.5      26.9      -1.8      10.2
      -2.0      18.2      -1.8       5.8
      -2.0      14.6      -2.1       5.3
 62201   .190037  -.665130  -.722141
  35116.8  17183.8      -.3     43.3     70.0      9.7
      -.5     21.2     70.1     38.3  18443.1  19131.1
      -8.9      56.7       1.8      53.3
      -2.0      26.9      -2.3       9.2
      -1.7      17.9      -2.5       6.4
      -2.0      14.9      -2.9       5.9
 62202   .127982  -.671905  -.729496
  34884.1  17050.4      -.3     43.3     69.4      4.3
      -.1     21.4     70.0     32.4  17790.7  18434.1
      -7.8      56.6        .2      49.0
      -2.7      27.7      -3.1      11.3
      -2.0      18.4      -2.9       7.8
      -1.6      14.8      -3.2       6.7
 62203   .064388  -.676070  -.734019
  34683.4  16883.4      -.3     43.3     63.7      2.7
      -.1     21.7     69.5     26.2  17605.3  18410.0
      -7.1      57.9        .2      46.3
      -1.8      27.6      -3.6      13.3
      -1.6      18.3      -3.5       8.7
      -1.6      15.0      -3.8       7.6
 62204   .000000  -.677476  -.735545
  34556.8  16391.8      -.3     43.3     68.8     28.9
      -.5     21.8     69.5     20.0  17409.1  18254.2
      -8.0      59.5      -2.4      43.4
      -2.0      27.8      -3.8      15.3
      -1.7      18.1      -3.7       9.8
      -1.8      15.0      -4.0       8.4
 62205  -.064388  -.676070  -.734019
  34470.7  15426.1      -.3     43.3     68.8     28.9
      -.2     21.8     69.6     14.3  17300.8  17926.2
      -8.6      57.8      -2.7      44.5
      -2.1      27.5      -3.9      16.4
      -1.5      18.1      -3.6      10.9
      -1.7      15.0      -3.9       9.4
 62206  -.127982  -.671905  -.729496
  34578.3  14083.9      -.3     43.3     68.8     28.9
      -.2     22.0     69.2      9.0  17622.3  18272.6
      -9.2      56.6      -4.4      41.0
      -1.9      27.3      -3.3      16.7
      -1.6      18.2      -3.2      11.5
      -1.5      15.4      -3.8      10.3
 62207  -.190037  -.665130  -.722141
  34936.5  13957.8      -.3     43.3     68.8     28.9
      -.4     21.9     68.3      6.2  17533.2  18246.7
      -7.5      58.1      -3.8      42.3
      -1.8      27.7      -3.4      16.3
      -1.7      17.8      -3.1      11.4
      -1.7      15.1      -3.6      10.5
 62208  -.249898  -.655981  -.712208
  35230.2  12823.3      -.3     43.3     68.8     28.9
       .1     21.6     66.9      9.5  18051.5  18895.5
      -6.1      56.2      -3.7      39.1
      -2.0      27.2      -3.4      17.3
      -1.5      18.0      -3.5      12.2
      -1.6      15.2      -3.6      11.1
 62209  -.361020  -.631785  -.685938
  36430.5  11271.9      -.3     43.3     68.8     28.9
       .1     21.5     68.8     57.7  18559.5  19453.4
      -6.7      58.4      -3.7      39.9
      -2.1      26.8      -3.5      19.7
      -1.2      17.7      -3.1      14.2
      -1.4      15.1      -3.8      12.8
 62210  -.458673  -.602008  -.653609
  38356.7  10210.8      -.3     43.3     68.8     28.9
       .1     21.1     68.8     57.7  19684.8  20562.4
      -7.5      59.3      -6.4      40.0
      -1.5      26.8      -2.7      19.1
      -1.1      17.8      -2.5      14.3
      -1.1      15.0      -2.8      13.2
 62211  -.542159  -.569267  -.618061
  40430.3   9553.3      -.3     43.3     68.8     28.9
      -.4     20.4     68.8     57.7  21533.9  22299.1
      -3.5      56.3      -5.6      41.1
      -1.7      26.5      -2.6      21.1
      -1.5      17.6      -3.1      16.1
      -1.1      14.6      -3.2      14.7
 62212  -.612205  -.535679  -.581595
  42942.7   9053.6      -.3     43.3     68.8     28.9
       .1     20.1     68.8     57.7  23052.6  23920.6
      -8.7      57.7      -6.7      39.0
      -1.1      26.3      -2.1      20.7
       -.9      17.1      -1.9      15.4
       -.8      14.4      -2.6      14.4
 62213  -.670317  -.502738  -.545830
  45722.3   8702.8      -.3     43.3     68.8     28.9
       .4     19.3     68.8     57.7  25042.8  25696.2
      -6.3      60.9      -5.9      40.1
       -.9      25.8      -2.3      22.7
      -1.3      16.9      -2.2      17.1
      -1.1      14.1      -2.8      15.8
 62214  -.718269  -.471364  -.511767
  48722.6   8500.2      -.3     43.3     68.8     28.9
       .0     18.9     68.8     57.7  26510.7  27479.1
      -5.1      58.6      -6.6      38.8
      -1.4      25.6      -2.2      21.3
       -.5      16.6      -1.4      16.3
       -.9      13.9      -2.0      15.4
 62215  -.757796  -.442047  -.479937
  52081.5   8368.5      -.3     43.3     68.8     28.9
       .2     18.4     68.8     57.7  29214.9  30148.4
      -5.6      61.4      -5.1      38.3
      -1.0      25.5      -1.3      23.1
       -.8      16.2      -1.8      17.7
       -.8      13.8      -2.3      16.2
 62216  -.790440  -.414981  -.450551
  55619.8   8204.2      -.3     43.3     68.8     28.9
       .0     17.9     68.8     57.7  30979.5  32005.1
      -7.0      60.6      -6.1      35.9
      -1.0      25.5      -1.4      21.9
       -.5      16.2      -1.3      16.9
       -.7      13.4      -1.6      15.8
 62217  -.817505  -.390173  -.423616
  59071.6   8110.3      -.3     43.3     68.8     28.9
       .1     17.4     68.8     57.7  33278.6  34635.7
      -7.4      62.8      -6.2      38.1
      -1.2      24.6      -1.9      22.8
       -.7      15.6      -1.0      18.0
       -.7      13.1      -1.8      16.6
 62218  -.840060  -.367526  -.399028
  62696.6   8059.3      -.3     43.3     68.8     28.9
       .2     17.0     68.8     57.7  35616.2  37056.7
      -5.9      63.2      -5.5      34.8
      -1.1      24.7      -1.0      21.3
       -.5      15.5       -.9      17.4
       -.5      13.1      -1.3      16.2
 62219   .708659  -.620076  -.336613
  75175.2  14774.3      -.3     43.3     68.8     28.9
      -.3     86.6     68.8     57.7  43705.7  44938.1
      -7.3      58.0       8.3      48.4
      -1.4      22.9        .9      21.1
       -.8      17.2        .0      13.7
       -.8      15.7       -.1      11.7
 62220   .677337  -.646549  -.350984
  72267.8  15415.5      -.3     43.3     68.8     28.9
      -.3     86.6     68.8     57.7  42186.9  42957.5
     -11.1      57.9       8.8      50.8
      -1.4      23.4        .6      20.3
       -.9      17.3       -.1      13.5
       -.7      15.9       -.2      11.5
 62221   .641844  -.673936  -.365851
  69268.4  15537.9      -.3     43.3     68.8     28.9
      -.3     86.6     68.8     57.7  39342.5  40235.6
     -10.2      55.7      10.2      53.9
      -1.1      22.8       -.3      20.2
      -1.0      17.4       -.4      12.9
      -1.1      15.8       -.5      10.6
 62222   .601687  -.701968  -.381068
  66391.7  16148.0      -.3     43.3     68.8     28.9
      -.3     86.6     68.8     57.7  37603.9  39241.4
      -8.7      56.7       9.0      55.8
      -1.6      23.2       -.2      18.7
       -.5      17.5       -.7      11.8
      -1.1      16.1       -.9      10.1
 62223   .556388  -.730259  -.396426
  63832.7  16067.4      -.3     43.3     68.8     28.9
      -.3     86.6     68.8     57.7  36285.5  37404.8
     -10.2      53.4       7.9      53.2
      -1.1      22.6       -.9      19.1
      -1.1      17.7      -1.3      11.6
      -1.1      16.5      -1.5       9.7
 62224   .505524  -.758286  -.411641
  61535.3  15799.5      -.3     43.3     68.8     28.9
      -.3     86.6     69.2      5.6  34707.6  35681.5
      -9.9      52.2       9.4      60.4
      -1.4      22.4       -.7      17.4
      -1.4      18.0      -1.5      10.2
      -1.2      16.2      -1.6       8.4
 62225   .448787  -.785377  -.426348
  59566.9  15332.1      -.3     43.3     68.8     28.9
      -.3     86.6     69.4     17.5  33732.0  34740.6
      -9.3      55.9       3.7      60.2
      -1.5      23.0      -2.0      17.0
      -1.0      17.8      -2.3       9.4
      -1.0      16.4      -2.4       7.6
 62226   .386057  -.810720  -.440105
  57768.0  14800.5      -.3     43.3     69.0      3.1
      -.3     86.6     69.0     30.5  32129.3  33512.4
      -9.4      53.1       6.8      66.5
      -1.3      22.8      -2.0      14.8
      -1.0      18.1      -2.4       7.9
      -1.4      16.8      -2.4       6.6
 62227   .317480  -.833386  -.452409
  56119.7  14296.5      -.3     43.3     68.1     14.5
      -.3     86.6     68.0     43.1  31334.1  32142.2
      -9.3      52.5       3.1      72.8
      -1.8      22.8      -1.9      17.2
      -1.3      18.1      -2.4       5.5
      -1.5      17.0      -2.5       5.0
 62228   .243541  -.852392  -.462727
  55033.7  14101.5      -.3     43.3     67.5     23.9
      -.3     86.6     67.5     52.5  30251.3  31229.2
     -12.3      53.6       8.0      85.8
      -1.4      23.3      -2.3      28.0
      -1.5      18.5      -1.9       6.2
      -1.5      17.0      -2.0       3.0
 62229   .165103  -.866792  -.470544
  54033.3  13703.2      -.3     43.3     71.2     14.8
      -.3     86.6     71.2     43.3  30021.2  30731.2
     -10.9      51.4       1.6      74.4
      -1.4      22.8      -1.3      17.4
      -1.1      18.6      -1.4       6.5
      -1.6      17.1      -1.7       5.4
 62230   .124573  -.872008  -.473376
  53570.3  13625.2      -.3     43.3     71.1      8.7
      -.3     86.6     71.2     37.2  29914.1  30719.5
     -10.8      52.6       4.5      66.8
      -1.5      23.4      -2.2      16.5
      -1.7      18.7      -2.2       6.6
      -1.5      17.3      -2.3       5.8
 62231   .083409  -.875791  -.475429
  53220.7  13554.9      -.3     43.3     70.4      3.0
      -.3     86.6     71.1     30.8  29330.3  30473.7
      -9.7      50.0       5.8      60.6
      -1.3      23.3      -2.3      13.3
      -1.5      18.4      -2.6       7.1
      -1.6      17.4      -2.7       6.3
 62232   .041814  -.878085  -.476675
  53311.8  13542.1      -.3     43.3     68.8     28.9
      -.3     86.6     70.9     24.6  29061.1  30168.3
      -8.7      51.1       1.0      55.5
      -1.4      23.6      -3.0      14.0
      -1.2      18.3      -3.1       8.1
      -1.6      17.7      -3.3       6.7
 62233   .000000  -.878853  -.477092
  52943.1  13550.3      -.3     43.3     68.8     28.9
      -.3     86.6     70.6     18.1  29596.3  30367.8
     -13.4      54.8        .3      56.4
      -1.1      23.7      -3.0      14.6
      -1.3      18.6      -3.1       8.8
      -1.6      17.6      -3.2       7.2
 62234  -.041814  -.878085  -.476675
  53199.2  13571.7      -.3     43.3     68.8     28.9
      -.3     86.6     70.4     11.8  28736.2  29968.0
     -10.5      51.9       -.9      54.9
      -1.6      23.6      -3.1      15.3
       -.9      18.4      -2.9       9.4
      -1.0      17.8      -3.1       7.9
 62235  -.083409  -.875791  -.475429
  53058.2  13620.9      -.3     43.3     68.8     28.9
      -.3     86.6     70.3      6.0  29361.5  30420.9
      -8.2      51.3       -.9      50.1
      -1.5      23.4      -3.0      15.0
      -1.1      18.5      -2.8       9.5
      -1.4      17.5      -3.0       8.3
 62236  -.124573  -.872008  -.473376
  53063.8  13589.3      -.3     43.3     68.8     28.9
      -.3     86.6     68.4      4.6  29384.6  30231.2
     -10.1      49.2      -5.3      48.6
      -1.0      23.6      -2.7      14.6
      -1.1      18.7      -2.5       9.6
      -1.5      17.4      -2.9       8.2
 62237  -.165103  -.866792  -.470544
  53406.8  13611.6      -.3     43.3     68.8     28.9
      -.3     86.6     68.8     57.7  29560.7  30433.8
     -11.8      51.8      -4.0      47.6
      -1.1      23.2      -2.9      16.5
      -1.2      18.7      -2.7      10.6
      -1.0      17.4      -2.9       9.0
 62238  -.243541  -.852392  -.462727
  54156.8  13516.9      -.3     43.3     68.8     28.9
      -.3     86.6     68.8     57.7  30194.0  31114.4
      -9.1      49.4      -3.4      45.6
      -1.0      23.2      -2.2      17.5
      -1.1      18.4      -2.5      11.7
      -1.3      17.5      -2.6      10.2
 62239  -.317480  -.833386  -.452409
  55635.8  13029.0      -.3     43.3     68.8     28.9
      -.3     86.6     68.8     57.7  30537.4  31483.1
      -7.8      51.0      -5.3      42.0
      -1.5      23.6      -2.2      17.8
       -.8      18.6      -2.2      12.2
      -1.3      17.6      -2.4      10.7
 62240  -.386057  -.810720  -.440105
  56969.3  12797.3      -.3     43.3     68.8     28.9
      -.3     86.6     68.8     57.7  32062.1  32974.0
     -10.3      53.2      -5.5      44.7
      -1.1      23.3      -2.2      18.9
       -.7      18.3      -2.2      13.6
       -.7      17.1      -2.2      11.9
 62241  -.448787  -.785377  -.426348
  58873.6  12030.2      -.3     43.3     68.8     28.9
      -.3     86.6     68.8     57.7  33414.9  34272.6
     -11.9      56.3      -4.6      40.1
       -.9      23.1      -1.8      18.0
       -.4      18.2      -1.3      13.3
       -.8      17.0      -1.9      11.8
 62242  -.505524  -.758286  -.411641
  60865.8  11186.9      -.3     43.3     68.8     28.9
      -.3     86.6     68.8     57.7  34787.6  35728.1
      -8.4      51.7      -6.2      39.4
      -1.1      23.1      -1.8      19.8
       -.7      18.2      -1.6      14.8
       -.8      16.8      -1.7      13.1
 62243  -.556388  -.730259  -.396426
  62983.4  10754.6      -.3     43.3     68.8     28.9
      -.3     86.6     68.8     57.7  36068.2  37062.4
     -10.2      51.0      -5.6      38.2
      -1.2      23.3      -2.0      18.9
       -.9      18.0      -1.4      14.2
       -.6      16.5      -1.5      12.8
 62244  -.601687  -.701968  -.381068
  65557.1  10511.6      -.3     43.3     68.8     28.9
      -.3     86.6     68.8     57.7  37522.1  38664.9
      -7.7      54.7      -5.0      38.3
       -.7      23.0      -1.6      20.7
       -.7      17.9      -1.5      15.8
       -.7      16.5      -1.5      14.1
 62245  -.641844  -.673936  -.365851
  68442.8  10188.2      -.3     43.3     68.8     28.9
      -.3     86.6     68.8     57.7  39043.7  40490.3
      -8.5      52.6      -5.8      36.0
      -1.4      23.1      -1.4      19.1
       -.8      17.7      -1.1      15.1
       -.6      16.1      -1.1      13.8
 62246  -.677337  -.646549  -.350984
  71238.5   9826.0      -.3     43.3     68.8     28.9
      -.3     86.6     68.8     57.7  41365.4  42708.1
     -10.7      59.2      -5.8      38.6
       -.8      22.8      -1.2      20.6
       -.8      17.6      -1.5      16.4
       -.5      16.0      -1.2      14.9
 62247  -.708659  -.620076  -.336613
  74298.1   9573.6      -.3     43.3     68.8     28.9
      -.3     86.6     68.8     57.7  43669.3  44632.9
      -9.6      58.7      -4.7      33.6
       -.7      22.8       -.9      19.5
       -.9      17.5       -.9      15.5
       -.7      15.8       -.9      14.7
 62248   .482910  -.845093  -.229382
 110200.8  14410.1      -.3     43.3     68.8     28.9
      -.3     86.6     68.8     57.7  66946.2  68394.4
     -11.4      53.1       5.9      60.5
      -1.5      22.0        .5      22.1
       -.5      16.2       -.3      12.2
      -1.1      14.6        .1      10.2
 62249   .451149  -.861285  -.233777
 108022.6  14252.1      -.3     43.3     68.8     28.9
      -.3     86.6     68.8     57.7  65230.7  66825.6
      -9.9      53.3       9.5      55.6
      -1.6      21.8       1.1      21.7
      -1.1      16.1        .2      11.3
      -1.0      14.7        .2       9.3
 62250   .417577  -.876913  -.238019
 106050.2  13952.7      -.3     43.3     68.8     28.9
      -.3     86.6     68.8     57.7  63318.6  65874.4
     -10.6      51.9       7.5      65.9
      -1.5      21.6        .2      22.4
      -1.1      16.5       -.3      11.1
      -1.2      15.0       -.4       9.3
 62251   .382204  -.891810  -.242063
 104245.4  13674.1      -.3     43.3     68.8     28.9
      -.3     86.6     68.8     57.7  62908.0  64486.2
      -8.4      50.0       9.2      69.1
      -1.2      21.6       -.2      21.6
      -1.1      16.6       -.3      10.1
       -.9      14.9       -.5       8.3
 62252   .345068  -.905804  -.245861
 102704.7  13615.0      -.3     43.3     68.8     28.9
      -.3     86.6     68.8     57.7  62501.5  63878.0
      -9.0      49.9       6.0      72.1
      -1.4      22.2       -.7      22.8
      -1.0      17.1      -1.3      10.1
      -1.4      14.8      -1.2       8.0
 62253   .306238  -.918714  -.249365
 101200.1  13349.6      -.3     43.3     68.8     28.9
      -.3     86.6     69.7      3.5  60879.5  62773.9
     -11.6      52.9       7.5      76.2
      -2.1      21.8       -.6      22.8
      -1.1      16.8      -1.2       8.8
       -.8      15.0      -1.4       7.2
 62254   .265817  -.930361  -.252527
 100126.2  13162.3      -.3     43.3     68.8     28.9
      -.3     86.6     69.1     15.6  60729.5  62109.5
     -10.3      52.4       4.8      81.0
      -1.8      22.2      -1.1      22.8
      -1.2      16.8      -2.0       8.5
      -1.1      15.4      -2.4       6.5
 62255   .223945  -.940570  -.255298
  99455.9  13023.1      -.3     43.3     69.2      2.0
      -.3     86.6     68.8     28.9  59340.9  61092.5
     -10.1      53.3       8.3      87.4
      -1.7      22.3      -1.5      24.4
      -1.0      16.8      -2.3       7.4
      -1.1      15.3      -2.3       6.2
 62256   .180796  -.949177  -.257634
  98180.9  12848.3      -.3     43.3     68.4     13.3
      -.3     86.6     68.0     41.9  58657.2  60368.2
      -9.3      45.4       4.9      93.6
      -1.6      22.0      -1.3      32.9
      -1.3      17.2      -2.0       8.6
      -1.5      15.4      -2.5       4.9
 62257   .136577  -.956038  -.259496
  97561.6  12751.7      -.3     43.3     67.6     23.3
      -.3     86.6     67.6     51.7  57112.8  58951.2
     -10.9      50.7       6.4     108.4
      -1.9      22.2       -.9      48.2
      -1.5      16.9      -1.9      14.6
      -1.5      15.5      -1.8       5.0
 62258   .091527  -.961030  -.260851
  96901.2  12738.9      -.3     43.3     72.2     13.9
      -.3     86.6     72.1     42.5  58146.9  59673.6
     -11.2      50.3       7.3      96.6
      -2.0      22.5       -.2      35.3
      -1.1      16.9      -1.0       8.5
      -1.8      15.5      -1.1       6.2
 62259   .068771  -.962796  -.261330
  96937.3  12746.4      -.3     43.3     72.2      7.7
      -.3     86.6     72.4     36.1  58096.1  59569.7
     -12.2      52.2       2.1      87.9
      -1.8      22.4       -.5      26.3
      -1.3      17.1      -1.5       8.4
      -1.5      15.2      -1.8       7.0
 62260   .045908  -.964064  -.261674
  96783.6  12637.8      -.3     43.3     71.7      1.7
      -.3     86.6     72.3     29.5  57638.8  59676.2
     -10.9      48.9       -.9      85.2
      -1.7      22.2      -1.8      23.6
      -1.2      17.2      -2.1       8.2
      -1.2      15.4      -2.2       6.2
 62261   .022972  -.964827  -.261882
  96473.0  12719.9      -.3     43.3     68.8     28.9
      -.3     86.6     71.9     22.9  57788.9  59515.5
     -10.6      49.4       -.7      80.3
      -1.9      22.3      -2.0      21.9
      -1.2      17.4      -2.4       8.0
      -1.5      15.7      -2.7       6.3
 62262   .000000  -.965081  -.261951
  96369.5  12698.4      -.3     43.3     68.8     28.9
      -.3     86.6     72.1     16.3  58272.9  59400.7
     -10.9      53.1       5.2      77.5
      -1.6      22.3      -2.5      21.9
      -1.1      17.2      -2.5       8.1
      -1.5      15.6      -2.7       6.2
 62263  -.022972  -.964827  -.261882
  96281.1  12663.3      -.3     43.3     68.8     28.9
      -.3     86.6     71.8      9.7  57170.7  58807.8
     -11.4      50.3        .7      78.3
      -1.6      22.1      -2.2      21.3
      -1.3      17.0      -2.4       8.3
      -1.3      15.4      -2.2       6.6
 62264  -.045908  -.964064  -.261674
  96617.2  12742.5      -.3     43.3     68.8     28.9
      -.3     86.6     71.5      3.4  57524.1  59265.0
     -12.5      51.0       1.4      70.3
      -1.6      22.4      -1.6      19.9
      -1.1      16.9      -1.8       8.1
      -1.5      15.5      -2.1       6.8
 62265  -.068771  -.962796  -.261330
  96440.4  12745.9      -.3     43.3     68.8     28.9
      -.3     86.6     68.8     57.7  57320.6  59504.6
     -10.9      48.8        .8      72.5
      -1.8      21.9      -2.1      18.6
      -1.0      17.2      -2.0       8.2
      -1.3      15.6      -2.3       6.9
 62266  -.091527  -.961030  -.260851
  96578.5  12784.5      -.3     43.3     68.8     28.9
      -.3     86.6     68.8     57.7  57876.9  59566.5
     -10.0      48.5      -3.0      68.2
      -1.4      22.4      -2.1      19.0
      -1.2      17.3      -2.2       9.1
      -1.2      15.4      -2.2       7.3
 62267  -.136577  -.956038  -.259496
  96984.1  12759.3      -.3     43.3     68.8     28.9
      -.3     86.6     68.8     57.7  57652.8  58923.3
     -10.3      52.7      -3.4      64.3
      -1.5      22.2      -1.2      18.3
      -1.2      17.1      -1.7       9.2
      -1.1      15.3      -1.6       7.8
 62268  -.180796  -.949177  -.257634
  97769.7  12823.5      -.3     43.3     68.8     28.9
      -.3     86.6     68.8     57.7  58034.2  59999.0
      -9.2      50.3      -3.4      54.1
      -1.6      22.1      -1.9      18.1
      -1.2      17.1      -1.7      10.0
      -1.2      15.5      -1.6       8.4
 62269  -.223945  -.940570  -.255298
  98769.2  13027.6      -.3     43.3     68.8     28.9
      -.3     86.6     68.8     57.7  59703.4  61459.2
     -10.5      50.7      -1.6      54.5
      -1.7      21.9      -1.6      16.6
       -.9      16.8      -1.1      10.4
      -1.2      15.6      -1.4       8.9
 62270  -.265817  -.930361  -.252527
  99588.2  13110.5      -.3     43.3     68.8     28.9
      -.3     86.6     68.8     57.7  60005.3  61272.3
     -10.1      49.5      -2.3      48.7
      -1.6      22.0      -1.7      17.8
       -.9      16.9      -1.2      11.0
      -1.1      15.2      -1.4       9.2
 62271  -.306238  -.918714  -.249365
 100963.5  13116.7      -.3     43.3     68.8     28.9
      -.3     86.6     68.8     57.7  60666.3  62079.6
     -10.7      50.7      -2.8      48.6
      -1.3      22.6      -1.2      16.9
       -.9      16.7       -.9      11.3
       -.9      15.5      -1.1      10.0
 62272  -.345068  -.905804  -.245861
 102029.1  13251.5      -.3     43.3     68.8     28.9
      -.3     86.6     68.8     57.7  61059.3  62829.8
     -11.6      51.4      -3.7      44.1
      -1.3      22.2      -1.3      17.0
       -.9      16.8      -1.0      11.7
       -.4      15.5       -.7      10.0
 62273  -.382204  -.891810  -.242063
 103906.6  13301.2      -.3     43.3     68.8     28.9
      -.3     86.6     68.8     57.7  63208.1  65155.1
     -12.1      52.8      -8.1      44.5
      -1.2      22.4       -.9      17.5
       -.6      16.8       -.8      12.4
       -.7      15.4       -.8      10.9
 62274  -.417577  -.876913  -.238019
 105390.3  13070.9      -.3     43.3     68.8     28.9
      -.3     86.6     68.8     57.7  63743.2  65367.1
      -9.9      52.6      -5.8      41.3
      -1.3      22.1      -1.0      17.8
       -.7      16.8       -.4      12.3
       -.9      15.5       -.6      10.9
 62275  -.451149  -.861285  -.233777
 107464.5  13092.4      -.3     43.3     68.8     28.9
      -.3     86.6     68.8     57.7  64085.7  66558.8
     -10.7      55.7      -7.5      38.7
      -1.3      21.6       -.9      18.7
       -.7      16.5       -.5      13.4
       -.8      15.4       -.8      11.9
 62276  -.482910  -.845093  -.229382
 109322.9  13125.6      -.3     43.3     68.8     28.9
      -.3     86.6     68.8     57.7  65960.9  67522.6
     -11.3      51.5      -5.0      35.3
      -1.6      22.6       -.8      17.6
       -.9      16.4       -.5      12.9
       -.8      15.1       -.6      11.5
 62277   .337328  -.927651  -.160231
 157778.8  13619.4      -.3     43.3     68.8     28.9
      -.3     86.6     68.8     57.7  98359.4 101686.0
     -11.3      51.9       5.9      61.9
      -1.9      22.9       1.1      25.0
      -1.0      17.2        .3      11.3
      -1.0      15.8        .3       9.0
 62278   .312066  -.936198  -.161707
 156227.6  13348.7      -.3     43.3     68.8     28.9
      -.3     86.6     68.8     57.7  98210.9 101213.9
     -11.8      50.3      12.7      71.5
      -1.7      22.4       1.1      25.1
       -.8      16.8        .3      10.4
      -1.0      15.7        .3       8.1
 62279   .286124  -.944211  -.163091
 155366.9  14211.0      -.3     43.3     68.8     28.9
      -.3     86.6     68.8     57.7 113703.8 119060.2
        .8      22.6       -.5      82.5
       -.5      21.3        .1      27.1
      -1.6      17.5        .0      10.3
      -2.8      14.9        .9       7.7
 62280   .259539  -.951641  -.164374
 153224.3  13116.8      -.3     43.3     68.8     28.9
      -.3     86.6     68.8     57.7  95429.0  98418.5
     -15.6      52.8       7.9      80.3
      -1.8      22.5        .8      26.0
      -1.0      17.1       -.2       9.7
      -1.2      15.9       -.2       7.3
 62281   .232349  -.958440  -.165549
 152256.4  13030.2      -.3     43.3     68.8     28.9
      -.3     86.6     68.8     57.7  96482.0  98360.7
     -13.5      52.7      11.3      91.4
      -2.0      23.1        .1      29.0
      -1.2      16.8      -1.1       9.8
      -1.8      15.6      -1.1       7.1
 62282   .204604  -.964562  -.166606
 151570.2  12983.5      -.3     43.3     68.8     28.9
      -.3     86.6     69.7      2.4  93425.7  96784.7
     -12.9      52.0      10.2      96.8
      -1.8      23.0       -.3      29.2
      -1.3      17.3      -1.0       9.2
      -1.3      15.8      -1.2       6.6
 62283   .176357  -.969963  -.167539
 150789.4  12880.8      -.3     43.3     68.8     28.9
      -.3     86.6     69.3     14.3  94492.0  96559.2
     -11.5      50.3       1.9     100.4
      -2.3      22.9      -1.3      32.1
      -1.1      17.1      -2.1       8.9
      -1.4      15.7      -2.3       6.0
 62284   .147667  -.974605  -.168341
 150074.0  12756.8      -.3     43.3     70.1      1.1
      -.3     86.6     68.7     27.9  94329.0  96649.3
     -10.4      51.6       5.7     102.9
      -2.1      22.9      -1.4      33.9
      -1.2      16.7      -2.2       9.1
      -1.1      15.9      -2.2       6.3
 62285   .118600  -.978453  -.169006
 149588.2  12720.6      -.3     43.3     68.1     12.6
      -.3     86.6     67.8     41.0  94071.9  96685.9
     -11.8      51.7      -7.5     111.7
      -2.1      22.2      -1.8      44.0
      -1.2      17.2      -2.2      13.4
      -1.6      15.9      -2.1       6.8
 62286   .089225  -.981478  -.169528
 149270.3  12792.3      -.3     43.3     67.7     22.8
      -.3     86.6     67.8     50.9  92253.1  94895.6
     -10.9      51.2       7.2     128.1
      -2.1      22.5       -.2      61.1
      -1.2      17.5      -1.3      20.8
      -1.3      16.0      -1.7       7.0
 62287   .059616  -.983656  -.169904
 148989.4  12691.7      -.3     43.3     73.0     13.3
      -.3     86.6     72.6     41.8  93525.4  95056.5
      -7.9      48.8       1.7     114.4
      -2.4      23.6        .8      49.4
      -1.3      17.3       -.5      15.5
      -1.2      15.8       -.7       7.7
 62288   .044746  -.984421  -.170036
 148404.9  12695.5      -.3     43.3     73.0      7.1
      -.3     86.6     73.0     35.2  92757.4  94719.9
     -12.5      49.0       3.1     107.8
      -2.1      22.9       -.1      39.2
      -1.4      17.1      -1.3      11.8
      -1.5      15.7      -1.7       6.8
 62289   .029848  -.984969  -.170131
 148580.7  12710.5      -.3     43.3     72.2      1.1
      -.3     86.6     72.8     28.9  93276.1  95217.0
     -10.5      50.7      10.5     100.8
      -1.6      22.5      -1.2      33.9
      -1.4      17.3      -1.9      11.2
      -1.4      15.9      -2.0       6.8
 62290   .014929  -.985299  -.170188
 148408.9  12690.0      -.3     43.3     68.8     28.9
      -.3     86.6     72.8     22.1  92004.4  94442.6
     -15.3      54.8       3.6      93.4
      -2.1      22.5      -1.3      32.4
      -1.3      17.2      -2.1       9.7
      -1.5      16.1      -2.1       6.1
 62291   .000000  -.985408  -.170207
 148620.2  12747.9      -.3     43.3     68.8     28.9
      -.3     86.6     72.8     15.4  93777.3  95995.0
     -13.6      52.2       -.8      96.8
      -2.2      23.0      -1.1      30.1
      -1.3      17.3      -2.0       9.4
      -1.3      16.1      -2.1       6.0
 62292  -.014929  -.985299  -.170188
 148125.6  12660.9      -.3     43.3     68.8     28.9
      -.3     86.6     72.6      8.6  93070.0  95090.8
     -12.5      48.9       7.2      91.1
      -2.3      22.8      -1.2      28.6
      -1.4      17.4      -1.8      10.1
      -1.2      16.1      -1.8       6.3
 62293  -.029848  -.984969  -.170131
 148558.4  12686.1      -.3     43.3     68.8     28.9
      -.3     86.6     72.1      2.3  92943.0  95163.1
     -10.8      50.1       5.3      91.3
      -2.2      22.6      -1.2      28.1
      -1.2      17.2      -1.7       9.1
      -1.3      15.9      -1.6       6.4
 62294  -.044746  -.984421  -.170036
 148700.4  12795.4      -.3     43.3     68.8     28.9
      -.3     86.6     68.8     57.7  93451.1  95790.4
     -10.5      48.6       6.6      88.4
      -1.9      22.4      -1.6      25.2
      -1.2      17.5      -1.7       9.5
      -1.5      15.9      -1.9       6.4
 62295  -.059616  -.983656  -.169904
 148499.6  12643.5      -.3     43.3     68.8     28.9
      -.3     86.6     68.8     57.7  93694.4  95597.5
     -14.5      49.1       3.4      84.6
      -2.2      22.5      -2.0      26.3
      -1.4      17.7      -1.7       8.9
      -1.3      16.2      -1.8       6.8
 62296  -.089225  -.981478  -.169528
 148871.1  12711.0      -.3     43.3     68.8     28.9
      -.3     86.6     68.8     57.7  92973.2  95272.9
     -11.0      49.8       1.2      76.5
      -2.3      23.0       -.9      24.1
      -1.1      17.3       -.9       9.0
      -1.3      15.8      -1.2       6.9
 62297  -.118600  -.978453  -.169006
 149514.0  12773.0      -.3     43.3     68.8     28.9
      -.3     86.6     68.8     57.7  93894.5  95917.8
     -14.4      49.5       1.2      73.4
      -1.7      22.9      -1.4      22.6
      -1.3      17.6      -1.3       9.2
      -1.7      16.2      -1.5       7.4
 62298  -.147667  -.974605  -.168341
 149791.2  12778.0      -.3     43.3     68.8     28.9
      -.3     86.6     68.8     57.7  93975.7  96396.2
     -13.7      57.7      -4.6      66.1
      -1.9      24.0       -.9      21.0
      -1.4      17.3       -.9       9.7
      -1.3      16.1       -.9       7.5
 62299  -.176357  -.969963  -.167539
 150770.0  12915.5      -.3     43.3     68.8     28.9
      -.3     86.6     68.8     57.7  93145.2  96420.7
     -12.2      52.4      -7.3      62.8
      -2.1      23.0      -1.3      21.2
      -1.1      17.4      -1.0       9.9
      -1.2      16.1      -1.1       8.3
 62300  -.204604  -.964562  -.166606
 151172.0  12821.9      -.3     43.3     68.8     28.9
      -.3     86.6     68.8     57.7  93402.2  96373.0
      -9.3      50.7      -5.4      56.3
      -1.7      22.3       -.8      18.8
      -1.2      17.3       -.4      10.0
      -1.0      16.1       -.5       8.2
 62301  -.232349  -.958440  -.165549
 151913.2  12992.0      -.3     43.3     68.8     28.9
      -.3     86.6     68.8     57.7  94744.2  97288.5
     -11.5      48.5      -5.2      56.2
      -1.8      22.5      -1.0      18.9
      -1.3      17.2       -.8      10.5
      -1.1      16.2       -.7       8.6
 62302  -.259539  -.951641  -.164374
 153380.4  13089.7      -.3     43.3     68.8     28.9
      -.3     86.6     68.8     57.7  96180.8  98536.7
     -10.5      53.4      -4.4      50.7
      -1.7      23.1       -.8      17.7
      -1.1      17.2       -.4      10.7
       -.9      16.0       -.2       8.9
 62303  -.286124  -.944211  -.163091
 154266.2  13202.5      -.3     43.3     68.8     28.9
      -.3     86.6     68.8     57.7  96876.7  99128.8
     -10.0      46.2      -5.3      51.8
      -1.9      23.2       -.9      18.7
       -.9      17.2       -.6      11.2
      -1.0      16.1       -.4       9.4
 62304  -.312066  -.936198  -.161707
 155558.4  13245.3      -.3     43.3     68.8     28.9
      -.3     86.6     68.8     57.7  97868.4 100337.1
     -12.6      49.5      -4.0      43.0
      -1.8      23.7       -.5      17.5
      -1.0      17.5       -.2      11.1
      -1.2      15.9       -.5       9.8
 62305  -.337328  -.927651  -.160231
 157142.6  13414.1      -.3     43.3     68.8     28.9
      -.3     86.6     68.8     57.7  98369.4 100568.6
     -12.9      53.6      -5.1      39.5
      -1.9      23.0       -.7      18.2
      -1.0      17.1       -.1      11.4
       -.7      16.1       -.2       9.9
