OCR_prd2017clk:dj0090h,R21@-300V,3.8T@20d,263K,rhe=1.10,rhh=0.7,0.7/0.7         
  3542   1  3.80  28   3  29   2  300.00  263.00     .60 1.25500   650.0   21.80  -14.64  150.000  100.000  290.000  2000.0   10.95   -7.32    1.50    1.00     .85
 67921  -.105170   .946530  -.304993
  81560.2  12950.0     14.8     43.3     -5.9      6.2
     14.8     86.6     -5.7     33.8  47832.7  49370.2
      13.4      58.0     -11.0      75.3
       2.2      26.8      -2.1      19.5
       1.9      22.2      -1.3       5.5
       1.8      23.3      -1.2       4.3
 67922  -.113613   .937303  -.329476
  75501.0  13080.4     14.8     43.3     -5.7      6.3
     14.8     86.6     -6.0     33.9  43066.4  44473.8
      11.9      52.1     -11.0      72.9
       2.0      25.0      -1.7      16.3
       1.3      20.7      -1.2       5.4
       1.6      20.0      -1.2       4.4
 67923  -.123410   .925573  -.357888
  69605.6  13203.9     14.8     43.3     -6.2      6.6
     14.8     86.6     -6.1     34.2  39266.9  40811.1
      12.5      57.1      -8.3      69.1
       2.1      26.1      -1.7      15.5
       1.7      21.6      -1.1       5.7
       1.6      21.8      -1.2       4.6
 67924  -.134874   .910397  -.391134
  63678.9  13443.5     14.8     43.3     -6.3      6.9
     14.8     86.6     -6.1     34.4  35610.8  36807.8
       9.8      53.0      -7.6      69.6
       1.8      24.4      -1.5      12.9
       1.4      19.6      -1.3       5.8
       1.4      18.8      -1.2       4.7
 67925  -.148397   .890380  -.430350
  57788.0  13688.2     14.8     43.3     -6.2      7.2
     14.8     86.6     -6.0     34.6  31567.4  32928.6
      11.2      54.2      -8.6      63.5
       1.7      24.8      -1.6      12.5
       1.7      20.5      -1.3       5.7
       1.3      21.5      -1.2       4.9
 67926  -.164460   .863416  -.476934
  52153.8  14095.4     14.8     43.3     -6.5      7.6
     14.8     86.6     -6.4     34.9  28143.0  29167.8
       9.8      53.8     -10.1      62.2
       1.0      23.7      -1.5      12.4
       1.0      19.0      -1.2       5.9
       1.1      18.6      -1.3       5.2
 67927  -.183618   .826279  -.532491
  46936.8  14864.3     14.8     43.3     -6.6      7.8
     14.8     86.6     -6.4     35.0  24693.9  25573.7
       8.0      56.3      -6.9      55.5
       1.4      24.0      -1.3      12.2
        .8      18.9      -1.3       6.0
       1.1      19.3      -1.2       5.2
 67928  -.206405   .774019  -.598575
  41864.5  15911.9     14.8     43.3     -6.5      8.2
     14.7      8.4     -6.6     35.4  21296.2  22139.4
       8.1      56.4      -5.7      53.2
        .9      26.8      -1.6      10.9
        .5      19.4      -1.3       6.4
       1.0      18.2      -1.4       5.5
 67929  -.233063   .699189  -.675882
  37111.3  17805.7     14.8     43.3     -6.8     10.9
     14.3     17.8     -6.5     35.6  18633.5  19218.0
       7.0      61.6      -5.4      47.8
       1.4      28.7      -1.7      10.9
        .8      18.8      -1.5       6.4
        .5      15.8      -1.2       5.7
 67930  -.262862   .591440  -.762300
  33045.2  21501.6     16.1     13.5     -6.8      8.8
     14.4     37.4     -6.9     36.3  16044.4  16812.9
       3.4      55.7      -4.6      48.0
        .3      22.6      -1.5      10.1
        .3      14.8      -1.3       6.7
        .0      11.4      -1.3       5.9
 67931  -.292854   .439281  -.849276
  29685.9  24535.5     14.2     18.8     -7.1      9.0
     14.2     56.8     -7.0     36.4  14239.2  14941.4
       4.2      48.9      -4.7      40.3
       -.3      13.5      -1.7      10.1
       -.5       8.7      -1.5       6.9
       -.5       7.1      -1.4       6.1
 67932  -.316664   .237498  -.918324
  27661.4  22624.0     13.9     34.1     -7.3      8.5
     13.9     75.4     -7.0     36.7  13152.0  13763.6
       -.7      62.3      -5.6      41.5
      -1.1       7.0      -1.8       9.8
      -1.3       5.0      -1.4       6.8
      -1.3       5.0      -1.6       6.1
 67933  -.325991   .000000  -.945373
  26981.4  21961.0     14.0     36.3     -7.3      8.7
     14.8     78.2     -7.1     36.7  12776.0  13493.2
      -2.4      63.3      -6.1      45.0
      -2.3       6.2      -2.0      10.1
      -2.4       5.0      -1.6       6.7
      -2.5       5.0      -1.7       5.6
 67934  -.323582  -.121343  -.938387
  27011.0  21604.9     13.7     28.8     -7.1      8.7
     14.5     69.2     -7.2     36.6  12714.4  13245.4
      -6.9      54.2      -3.8      41.6
      -2.9       8.3      -1.7      10.0
      -3.0       5.3      -1.5       6.6
      -3.1       5.0      -1.6       5.7
 67935  -.316664  -.237498  -.918324
  27518.5  22078.5     13.2     21.4     -7.0      8.7
     14.1     60.1     -6.8     36.6  12731.0  13372.5
      -6.6      53.8      -4.9      41.9
      -3.5      12.4      -1.6       9.8
      -3.3       8.1      -1.5       6.8
      -3.5       6.6      -1.5       5.8
 67936  -.306058  -.344315  -.887567
  28365.8  22117.2     12.9     15.4     -7.2      8.6
     14.2     50.7     -7.0     36.7  13425.8  13955.5
      -9.4      52.8      -2.6      43.5
      -3.8      16.2      -1.7      10.0
      -3.5      10.6      -1.5       6.8
      -3.7       8.9      -1.5       5.9
 67937  -.292854  -.439281  -.849276
  29467.5  20344.8     11.9     13.9     -7.0      8.6
     14.4     40.7     -6.9     36.3  13691.2  14462.0
      -9.2      49.2      -3.3      41.4
      -4.2      20.3      -1.6      10.2
      -3.9      13.2      -1.4       6.5
      -3.8      11.0      -1.3       5.9
 67938  -.278147  -.521525  -.806626
  30975.2  18428.1      -.1     14.3     -6.9      8.4
     14.6     31.6     -7.0     36.3  14901.6  15533.4
     -11.1      57.8      -3.1      45.8
      -5.0      25.9      -1.5       9.8
      -5.2      17.4      -1.3       6.7
      -4.7      14.2      -1.4       6.0
 67939  -.262862  -.591440  -.762300
  32652.9  17175.5     14.8     43.3     -6.8      8.2
     14.6     21.8     -6.7     36.1  15909.3  16550.9
      -9.4      57.8      -1.7      46.5
      -5.7      28.7      -1.7      10.4
      -5.1      19.4      -1.2       6.6
      -5.5      16.1      -1.4       5.8
 67940  -.233063  -.699189  -.675882
  36594.2  15262.8     14.8     43.3     -6.6      7.8
     14.9      7.6     -6.5     35.8  18208.8  19120.3
     -12.2      57.8       -.9      47.4
      -4.6      27.6      -1.6       9.7
      -4.4      20.2      -1.4       6.3
      -4.9      19.1      -1.2       5.6
 67941  -.206405  -.774019  -.598575
  41538.4  14350.9     14.8     43.3     -6.6      7.3
     14.8     86.6     -6.4     35.5  20465.9  21398.1
     -12.0      51.3       -.6      50.8
      -3.5      25.8      -1.3      10.6
      -3.9      20.4      -1.3       6.0
      -4.1      21.6      -1.3       5.4
 67942  -.183618  -.826279  -.532491
  46373.1  13517.7     14.8     43.3     -6.3      6.8
     14.8     86.6     -6.3     34.9  24735.4  25424.9
     -10.6      50.9       -.1      52.2
      -3.7      23.9      -1.4      10.4
      -3.7      19.1      -1.4       5.9
      -3.3      19.1      -1.2       5.1
 67943  -.164460  -.863416  -.476934
  51898.5  13184.0     14.8     43.3     -6.2      6.5
     14.8     86.6     -6.2     34.7  28735.0  29647.0
      -9.8      53.5       2.9      57.3
      -3.6      26.2      -1.2      11.6
      -3.4      22.1      -1.1       5.6
      -3.4      23.8      -1.1       4.9
 67944  -.148397  -.890380  -.430350
  57501.5  12868.9     14.8     43.3     -6.4      6.2
     14.8     86.6     -6.3     34.5  31277.4  32509.0
      -7.9      50.7       1.3      65.9
      -3.3      24.8      -1.0      12.9
      -3.0      20.3      -1.1       5.7
      -3.7      20.2      -1.0       4.6
 67945  -.134874  -.910397  -.391134
  63575.2  12797.4     14.8     43.3     -6.3      5.9
     14.8     86.6     -6.1     34.4  35626.8  36511.5
     -13.7      56.6       3.1      68.9
      -3.9      26.9      -1.1      14.5
      -2.9      22.1      -1.3       5.6
      -3.2      22.2      -1.1       4.5
 67946  -.123410  -.925573  -.357888
  69183.6  12685.2     14.8     43.3     -6.2      5.7
     14.8     86.6     -6.2     34.1  39016.0  40578.8
     -13.6      52.6       3.3      68.7
      -3.6      25.3      -1.3      15.3
      -2.8      20.9      -1.1       5.3
      -3.0      21.0      -1.0       4.3
 67947  -.113613  -.937303  -.329476
  75244.7  12389.2     14.8     43.3     -6.2      5.5
     14.8     86.6     -5.9     33.9  43723.4  45135.1
     -11.0      51.0       1.4      74.5
      -3.1      27.2       -.9      17.4
      -3.2      23.8      -1.1       5.1
      -3.0      24.9      -1.0       4.1
 67948  -.105170  -.946530  -.304993
  81324.2  12373.4     14.8     43.3     -6.2      5.4
     14.8     86.6     -6.1     33.8  47812.3  49140.3
     -12.3      54.2       5.6      82.4
      -3.1      25.3       -.8      19.2
      -2.8      21.6      -1.0       5.2
      -3.0      21.0      -1.0       4.0
 67949   .863216  -.064741  -.500666
  49824.6   8869.3     14.6     26.1     -5.7     28.9
     15.1     67.8     -5.7     57.7  27325.2  28260.0
       2.0      66.4       5.7      37.1
      -2.3      10.9        .6      21.1
      -2.3       5.0        .4      16.1
      -2.3       5.0        .5      15.1
 67950   .838516  -.069876  -.540377
  45854.0   9136.9     14.8     26.3     -5.7     28.9
     15.2     68.0     -5.7     57.7  25561.8  26095.3
       3.7      66.4       6.2      41.5
      -2.6      10.2        .7      20.5
      -2.4       5.0        .6      15.7
      -2.4       5.0        .7      14.2
 67951   .807288  -.075683  -.585284
  42688.7   9451.1     14.4     26.6     -5.7     28.9
     14.9     68.2     -5.7     57.7  22407.5  23376.6
       1.6      63.2       5.0      39.4
      -2.6      10.5        .9      20.7
      -2.4       5.0        .5      15.2
      -2.5       5.0        .8      14.7
 67952   .767414  -.082223  -.635858
  39028.9   9759.1     14.2     26.9     -5.7     28.9
     14.9     68.4     -5.7     57.7  20765.3  21618.8
       2.3      59.2       6.2      41.8
      -2.5       9.4       1.3      20.5
      -2.5       5.0        .8      14.5
      -2.5       5.0       1.2      13.8
 67953   .716102  -.089513  -.692232
  35971.4  10451.3     14.1     27.3     -5.7     28.9
     14.8     68.4     -5.7     57.7  18640.0  19198.5
       3.3      58.9       5.1      41.9
      -2.6       8.5       1.4      19.4
      -2.7       5.0        .7      14.3
      -2.6       5.0       1.3      13.5
 67954   .649830  -.097475  -.753803
  33042.3  11362.4     14.2     27.7     -5.7     28.9
     14.8     68.7     -5.7     57.7  16737.7  17389.2
       3.3      57.8       5.9      41.4
      -2.8       8.1       1.2      19.5
      -2.6       5.1       1.3      13.6
      -2.7       5.0       1.7      12.6
 67955   .564543  -.105852  -.818588
  30517.6  12901.2     14.1     28.0     -5.7     28.9
     14.6     68.7     -7.4      6.7  14867.0  15489.9
      -2.4      53.3       6.1      38.2
      -2.6       8.4       1.5      17.2
      -2.8       5.1       1.5      12.1
      -2.8       5.0       1.6      11.5
 67956   .456422  -.114106  -.882416
  28399.2  15340.8     13.7     28.5     -5.7     28.9
     14.6     69.1     -7.3     16.9  13665.5  14183.3
       1.5      51.9       4.9      39.1
      -2.8       8.9       1.7      17.0
      -2.9       5.3       1.7      11.9
      -2.8       5.0       1.8      10.5
 67957   .323582  -.121343  -.938387
  26960.2  19347.9     13.4     28.5     -6.0      6.7
     14.5     69.3     -7.1     29.3  12585.6  13263.9
       -.8      55.4       2.9      38.4
      -2.9       8.7       1.0      12.5
      -2.9       5.4        .9       8.6
      -2.9       5.0       1.0       7.8
 67958   .168544  -.126408  -.977555
  25994.0  21671.3     13.6     29.0     -7.1     13.3
     14.4     69.4     -7.2     41.5  11962.0  12527.0
      -3.9      51.6       1.6      42.3
      -3.2       8.6        .5       7.8
      -2.8       5.5        .2       5.5
      -3.0       5.0        .5       5.0
 67959   .000000  -.128243  -.991743
  25753.7  21279.1     13.9     29.0     -7.7     24.5
     14.5     69.6     -7.7     53.1  11722.7  12477.1
      -2.7      55.0       -.8      60.7
      -3.0       8.7      -1.3       9.3
      -3.0       5.6       -.8       3.5
      -3.0       5.0       -.8       3.1
 67960  -.085184  -.127776  -.988138
  25951.0  21338.9     13.5     29.1     -6.0     25.2
     14.5     69.3     -6.0     53.9  11918.0  12537.4
      -4.4      50.6      -1.5      61.7
      -3.0       8.3       -.5       7.9
      -3.1       5.6       -.7       3.0
      -3.1       5.0       -.7       3.0
 67961  -.168544  -.126408  -.977555
  26010.3  21628.6     13.5     28.8     -6.7     20.0
     14.3     69.3     -6.7     48.8  12302.4  12742.6
      -3.7      54.4      -1.6      53.3
      -3.0       8.9       -.9       5.6
      -3.1       5.4      -1.1       3.3
      -3.2       5.0      -1.0       3.0
 67962  -.248443  -.124222  -.960648
  26533.5  21951.6     13.3     28.9     -7.2     14.2
     14.3     69.2     -7.1     42.8  12332.6  12878.6
      -4.8      54.1      -4.2      49.9
      -2.9       8.5      -1.4       7.5
      -3.0       5.4      -1.2       5.0
      -3.1       5.0      -1.2       4.3
 67963  -.323582  -.121343  -.938387
  27092.7  21891.0     13.6     28.6     -7.2      8.7
     14.6     69.3     -7.2     36.9  12686.1  13361.0
      -7.6      56.8      -4.0      40.8
      -3.0       8.6      -1.6      10.2
      -2.7       5.6      -1.5       6.8
      -3.0       5.0      -1.5       5.7
 67964  -.393068  -.117920  -.911917
  27702.5  20001.3     13.9     28.6     -7.6      5.8
     14.7     69.2     -7.1     30.5  12677.5  13675.7
      -6.4      54.5      -5.4      39.8
      -3.0       9.1      -2.2      12.5
      -3.0       5.1      -1.8       8.2
      -2.9       5.0      -1.7       7.0
 67965  -.456422  -.114106  -.882416
  28703.6  17639.3     13.7     28.5     -9.9     11.7
     14.4     69.1     -7.3     24.2  13772.0  14392.8
      -4.3      52.6      -5.2      41.5
      -3.0       8.2      -2.3      15.6
      -3.0       5.3      -2.3      10.2
      -3.0       5.0      -2.1       8.5
 67966  -.513527  -.110042  -.850988
  29508.2  15508.1     13.8     28.3     -5.7     28.9
     14.5     69.0     -7.1     18.2  14311.5  14865.3
      -6.4      54.9      -6.3      39.8
      -3.1       8.6      -2.7      17.2
      -2.8       5.2      -2.3      11.5
      -2.9       5.0      -2.4       9.8
 67967  -.564543  -.105852  -.818588
  30675.5  14100.9     13.9     28.1     -5.7     28.9
     14.6     69.0     -7.0     12.0  14982.9  15621.1
      -9.3      51.9      -6.5      41.6
      -3.0       8.7      -2.5      18.0
      -2.9       5.2      -2.6      12.1
      -2.9       5.0      -2.6      10.4
 67968  -.649830  -.097475  -.753803
  33095.6  12175.9     14.1     27.7     -5.7     28.9
     14.8     68.7     -7.0      5.8  16580.6  17453.7
      -6.9      55.8      -7.1      41.3
      -2.8       8.7      -2.8      17.5
      -2.7       5.0      -2.4      12.3
      -2.6       5.0      -2.6      10.8
 67969  -.716102  -.089513  -.692232
  36007.2  10989.5     14.0     27.3     -5.7     28.9
     14.8     68.5     -5.7     57.7  18615.7  19320.0
      -6.5      55.4      -6.9      42.5
      -2.8       9.4      -3.1      20.7
      -2.7       5.0      -2.6      14.0
      -2.6       5.0      -2.7      12.4
 67970  -.767414  -.082223  -.635858
  38966.2  10292.2     14.5     27.1     -5.7     28.9
     15.0     68.3     -5.7     57.7  20656.6  21326.4
      -8.6      54.5      -6.9      39.4
      -2.7       9.2      -3.2      19.3
      -2.4       5.0      -2.4      13.2
      -2.6       5.0      -3.0      12.4
 67971  -.807288  -.075683  -.585284
  42265.4   9771.3     14.3     26.5     -5.7     28.9
     15.0     68.0     -5.7     57.7  22736.2  23433.9
      -9.0      60.3      -9.0      40.4
      -2.6       9.5      -3.3      20.9
      -2.6       5.0      -3.0      15.3
      -2.5       5.0      -2.9      13.5
 67972  -.838516  -.069876  -.540377
  45956.7   9455.2     15.0     26.5     -5.7     28.9
     15.5     67.9     -5.7     57.7  24819.1  25571.6
      -7.0      60.9      -7.2      39.5
      -2.4      11.0      -2.8      19.6
      -2.3       5.0      -2.6      14.8
      -2.4       5.0      -2.8      13.4
 67973  -.863216  -.064741  -.500666
  49501.9   9124.3     14.5     26.1     -5.7     28.9
     15.1     67.9     -5.7     57.7  27401.1  28334.6
     -10.0      65.5      -8.8      42.1
      -2.7      11.2      -3.1      22.2
      -2.4       5.0      -2.8      15.8
      -2.4       5.0      -3.0      14.1
 67974  -.882965  -.060202  -.465563
  53312.4   8907.5     14.5     25.9     -5.7     28.9
     15.0     67.3     -5.7     57.7  29735.2  30659.8
      -8.7      65.1     -10.0      40.1
      -2.8      11.5      -3.0      20.5
      -2.3       5.0      -2.6      15.3
      -2.3       5.0      -2.5      14.1
 67975  -.898927  -.056183  -.434481
  57027.2   8797.1     14.8     25.4     -5.7     28.9
     15.4     67.3     -5.7     57.7  32393.4  33178.3
     -12.3      64.3      -8.7      40.6
      -2.6      12.5      -3.6      22.6
      -2.4       5.0      -3.1      16.4
      -2.3       5.0      -3.2      14.6
 67976  -.911966  -.052613  -.406877
  60889.7   8694.5     14.6     25.4     -5.7     28.9
     15.3     67.4     -5.7     57.7  34447.6  35891.7
      -9.9      69.5      -8.6      39.0
      -2.9      13.6      -3.1      21.0
      -2.3       5.0      -2.8      15.7
      -2.3       5.0      -2.9      14.3
 67977  -.922727  -.049432  -.382272
  64956.6   8601.2     14.6     25.2     -5.7     28.9
     15.2     66.9     -5.7     57.7  38263.0  39040.5
      -7.6      71.1      -9.8      39.4
      -2.5      14.4      -3.6      22.6
      -2.2       5.0      -3.1      16.9
      -2.2       5.0      -3.1      15.2
 67978   .806111  -.362750  -.467544
  52771.6   9608.1     14.8     43.3     -5.7     28.9
     15.0     18.6     -5.7     57.7  28922.9  29946.5
      -5.2      61.7       7.1      37.1
      -3.9      25.5        .1      21.4
      -3.7      16.4        .2      16.6
      -3.9      13.5        .7      16.3
 67979   .774912  -.387456  -.499388
  49478.2  10021.8     14.8     43.3     -5.7     28.9
     15.1     19.0     -5.7     57.7  26739.0  27826.4
      -4.4      61.1       5.8      41.1
      -3.7      26.3        .5      21.6
      -3.9      16.7        .5      16.3
      -3.9      14.1        .6      15.6
 67980   .736803  -.414452  -.534182
  46308.1  10502.0     14.8     43.3     -5.7     28.9
     15.4     19.5     -5.7     57.7  24740.7  25428.2
      -4.6      58.1       6.6      39.5
      -4.2      26.6        .6      20.6
      -3.8      16.8        .3      15.7
      -4.2      14.4       1.0      15.7
 67981   .690099  -.443635  -.571796
  43362.9  11168.2     14.8     43.3     -5.7     28.9
     15.1     19.9     -5.7     57.7  22710.3  23614.2
      -6.2      60.2       6.5      42.1
      -4.2      27.1        .7      20.8
      -4.4      17.5        .9      15.2
      -4.1      14.8        .9      14.9
 67982   .632842  -.474632  -.611748
  40581.1  12207.5     14.8     43.3     -5.7     28.9
     15.1     20.4     -5.7     57.7  20817.6  21605.6
      -8.6      58.8       6.1      41.7
      -5.0      27.8       1.0      19.3
      -4.3      17.8        .7      14.4
      -4.2      15.0        .9      14.2
 67983   .562936  -.506642  -.653006
  38049.8  13479.2     14.8     43.3     -5.7     28.9
     15.3     20.9     -5.7     57.7  18703.2  19453.6
      -8.1      59.2       5.9      42.4
      -5.2      28.2       1.6      19.5
      -4.7      18.4       1.2      13.9
      -4.2      15.4       1.4      13.0
 67984   .478468  -.538276  -.693778
  35699.5  14557.5     14.8     43.3     -5.7     28.9
     15.3     21.2     -7.9      6.6  17486.2  18389.8
      -7.3      56.7       5.5      40.9
      -5.1      28.4       1.0      16.9
      -4.6      18.7        .9      12.0
      -5.0      15.7       1.4      11.4
 67985   .378295  -.567442  -.731370
  34010.9  16435.9     14.8     43.3     -5.7     28.9
     14.8     21.7     -7.7     16.0  16847.4  17467.3
      -7.1      60.1       5.5      47.0
      -5.7      29.0       1.6      16.9
      -5.1      18.9       1.3      11.3
      -4.9      16.3       1.4      10.3
 67986   .262862  -.591440  -.762300
  32518.1  16284.4     14.8     43.3     -6.3      8.2
     14.8     21.9     -7.5     28.3  15963.0  16412.1
      -7.8      58.7       2.9      40.0
      -5.3      28.6        .8      12.4
      -5.2      18.9       1.0       8.2
      -4.9      16.4        .9       7.6
 67987   .134975  -.607388  -.782855
  31786.9  16243.9     14.8     43.3     -7.5     14.2
     15.1     21.9     -7.8     40.8  15641.2  16250.5
     -11.5      58.8       3.7      49.3
      -5.8      28.9        .2       8.5
      -5.4      19.3        .2       5.2
      -5.2      16.3        .3       4.8
 67988   .000000  -.612997  -.790085
  31737.3  16354.4     14.8     43.3     -7.8     23.8
     14.7     22.1     -7.9     52.3  15000.6  15772.8
      -9.1      58.2       2.2      65.9
      -6.2      29.1       -.6      10.8
      -5.5      19.7      -1.3       3.0
      -5.6      16.4       -.8       3.0
 67989  -.067953  -.611580  -.788259
  31734.0  16458.9     14.8     43.3     -5.7     24.7
     14.9     22.1     -5.7     53.5  14892.1  15673.1
     -11.1      59.7       5.2      74.5
      -6.2      29.2       -.4      12.3
      -5.1      19.5       -.6       3.0
      -5.5      16.4       -.7       3.0
 67990  -.134975  -.607388  -.782855
  32049.5  16643.7     14.8     43.3     -6.3     19.4
     14.8     22.0     -6.2     48.2  15346.9  16152.6
     -10.4      59.5       1.1      62.8
      -6.2      29.4       -.9       7.2
      -5.5      19.6      -1.1       3.0
      -5.6      16.3       -.9       3.0
 67991  -.200196  -.600588  -.774091
  32189.7  16821.0     14.8     43.3     -6.6     13.7
     14.7     22.0     -6.6     42.3  15807.4  16413.5
      -8.6      56.8      -3.2      52.3
      -5.7      29.3      -1.2       8.1
      -5.1      19.1      -1.2       4.8
      -5.3      16.1      -1.2       4.3
 67992  -.262862  -.591440  -.762300
  32651.7  17203.7     14.8     43.3     -6.6      8.2
     14.5     22.0     -6.7     36.2  15771.5  16485.7
     -10.7      60.1      -1.9      47.9
      -5.9      28.8      -1.5      10.0
      -5.2      19.4      -1.5       6.6
      -5.2      16.2      -1.3       5.9
 67993  -.322373  -.580271  -.747905
  33180.8  17211.3     14.8     43.3     -7.3      6.2
     14.7     21.8     -7.0     29.8  16284.0  17028.0
     -10.2      58.5      -3.8      44.3
      -5.7      27.9      -1.7      12.1
      -4.9      18.8      -1.6       8.1
      -5.0      16.3      -1.4       7.3
 67994  -.378295  -.567442  -.731370
  33950.6  16641.5     14.8     43.3     -8.5     11.3
     14.7     21.7     -6.7     23.2  16787.6  17453.3
     -10.1      61.4      -4.7      43.9
      -5.2      28.2      -2.1      15.2
      -5.1      19.1      -1.9      10.1
      -5.0      15.9      -1.8       8.9
 67995  -.430364  -.553325  -.713175
  34856.6  16001.6     14.8     43.3     -5.7     28.9
     14.8     21.4     -6.8     17.2  17065.5  17897.5
     -10.1      58.8      -4.8      42.9
      -5.5      28.6      -2.2      17.1
      -5.1      18.6      -2.0      11.1
      -4.9      15.9      -2.0      10.0
 67996  -.478468  -.538276  -.693778
  35881.0  15427.4     14.8     43.3     -5.7     28.9
     15.0     21.4     -6.7     11.1  17867.2  18368.0
     -11.4      57.6      -7.1      43.1
      -5.5      28.3      -2.4      17.4
      -4.6      18.8      -2.3      11.9
      -5.0      15.8      -2.3      10.9
 67997  -.562936  -.506642  -.653006
  38085.7  13599.7     14.8     43.3     -5.7     28.9
     14.8     20.8     -7.5      5.3  19637.0  20244.3
     -11.8      60.6      -5.7      42.5
      -5.4      28.0      -2.9      17.7
      -5.0      18.3      -2.5      12.3
      -4.7      15.2      -2.4      11.4
 67998  -.632842  -.474632  -.611748
  40717.3  12147.4     14.8     43.3     -5.7     28.9
     15.0     20.4     -5.7     57.7  21068.3  21978.8
     -12.8      59.9      -5.7      42.3
      -4.7      28.1      -2.9      20.3
      -4.2      18.0      -2.4      14.1
      -4.5      15.2      -2.4      12.9
 67999  -.690099  -.443635  -.571796
  43480.0  11163.6     14.8     43.3     -5.7     28.9
     15.2     19.9     -5.7     57.7  23041.7  24055.4
     -13.4      61.6      -7.9      44.2
      -4.6      27.4      -2.6      19.3
      -4.2      17.5      -2.3      14.2
      -4.3      14.6      -2.7      13.1
 68000  -.736803  -.414452  -.534182
  46229.3  10520.6     14.8     43.3     -5.7     28.9
     15.3     19.4     -5.7     57.7  24983.7  25714.2
     -11.1      58.4      -7.7      43.8
      -4.5      26.2      -2.8      21.2
      -4.0      17.2      -2.3      15.6
      -4.1      14.3      -2.7      14.4
 68001  -.774912  -.387456  -.499388
  49601.1   9943.6     14.8     43.3     -5.7     28.9
     15.2     18.9     -5.7     57.7  27039.9  27907.7
      -9.7      59.3      -7.4      40.7
      -4.0      26.4      -2.5      20.0
      -3.9      16.9      -2.3      14.9
      -3.8      13.9      -2.3      14.3
 68002  -.806111  -.362750  -.467544
  52863.3   9616.6     14.8     43.3     -5.7     28.9
     15.2     18.4     -5.7     57.7  29187.9  30070.4
     -12.8      59.9      -7.9      42.6
      -4.1      25.8      -2.9      22.0
      -4.0      16.6      -2.5      16.4
      -3.7      13.5      -2.3      15.0
 68003  -.831783  -.340275  -.438577
  56415.9   9324.0     14.8     43.3     -5.7     28.9
     15.3     18.3     -5.7     57.7  31401.6  32255.3
     -10.7      60.1      -8.2      39.8
      -4.3      25.3      -3.2      20.6
      -3.6      16.4      -2.4      15.5
      -3.7      13.5      -2.6      14.9
 68004  -.853040  -.319890  -.412303
  60019.1   9143.1     14.8     43.3     -5.7     28.9
     15.2     17.7     -5.7     57.7  34011.5  35194.1
     -11.9      60.8      -7.4      39.6
      -3.9      25.2      -3.1      22.5
      -3.6      16.1      -2.4      16.8
      -3.8      13.4      -3.1      16.0
 68005  -.870759  -.301417  -.388493
  63582.0   9070.4     14.8     43.3     -5.7     28.9
     15.3     17.5     -5.7     57.7  36760.4  37752.0
     -11.1      59.3      -7.2      38.5
      -4.3      24.8      -2.5      21.0
      -3.8      15.9      -2.9      16.2
      -3.5      13.1      -2.5      15.3
 68006  -.885633  -.284668  -.366905
  67278.3   8913.8     14.8     43.3     -5.7     28.9
     15.7     17.4     -5.7     57.7  39238.3  40264.0
     -11.4      64.1      -8.3      39.6
      -4.4      25.0      -3.5      22.2
      -3.8      15.7      -2.9      17.4
      -3.6      12.8      -3.0      15.9
 68007   .467453  -.841416  -.271123
  91612.8  13328.6     14.8     43.3     -5.7     28.9
     14.8     86.6     -5.7     57.7  54772.1  56243.0
     -10.6      52.1       7.8      44.2
      -2.7      24.1        .3      18.1
      -2.2      19.8        .0      13.1
      -2.0      19.3       -.2      12.0
 68008   .429723  -.859446  -.276932
  89537.4  13072.5     14.8     43.3     -5.7     28.9
     14.8     86.6     -5.7     57.7  53541.3  54922.2
      -9.6      51.3       9.7      48.1
      -2.6      24.5        .7      18.9
      -2.5      20.2        .2      12.9
      -2.5      19.7        .2      11.5
 68009   .389600  -.876600  -.282460
  87794.8  12940.0     14.8     43.3     -5.7     28.9
     14.8     86.6     -5.7     57.7  52319.0  53838.9
     -11.0      48.3       8.1      52.0
      -2.9      24.7        .9      17.6
      -2.3      20.3       -.1      11.4
      -2.3      20.0        .1      10.6
 68010   .347131  -.892622  -.287623
  86369.9  12653.2     14.8     43.3     -5.7     28.9
     14.8     86.6     -5.7     57.7  51251.7  52568.3
      -9.0      51.7       9.2      53.3
      -2.9      25.2        .9      18.1
      -2.2      20.7        .4      12.0
      -2.1      20.1        .2      10.3
 68011   .302414  -.907242  -.292333
  84516.0  12535.3     14.8     43.3     -5.7     28.9
     14.8     86.6     -5.7     57.7  49869.9  50831.2
      -9.1      52.5      10.1      56.2
      -3.1      24.9        .3      16.2
      -2.5      20.7        .0      10.2
      -2.9      20.8        .3       9.1
 68012   .255608  -.920190  -.296506
  83561.2  12471.6     14.8     43.3     -5.7     28.9
     14.8     86.6     -5.7     57.7  48485.2  50189.8
      -9.1      53.1       7.7      59.9
      -3.1      24.9       1.0      17.5
      -2.5      20.9        .5      10.0
      -2.9      20.9        .5       8.6
 68013   .206935  -.931206  -.300055
  82549.8  12392.4     14.8     43.3     -5.7     28.9
     14.8     86.6     -9.3      3.4  48079.4  49398.2
     -12.6      57.0       8.0      60.6
      -3.2      25.4        .6      16.5
      -2.5      21.0        .1       8.6
      -3.2      21.3        .4       7.3
 68014   .156676  -.940054  -.302906
  81890.4  12231.2     14.8     43.3     -5.7     28.9
     14.8     86.6     -8.3     12.3  47371.8  48732.2
     -11.9      52.0       9.0      67.2
      -2.9      25.4        .8      16.5
      -2.5      21.3        .5       8.2
      -2.9      21.0        .6       6.7
 68015   .105170  -.946530  -.304993
  81273.0  12294.7     14.8     43.3     -5.7     28.9
     14.8     86.6     -8.6     25.5  47044.5  48408.0
     -11.9      49.8      10.5      69.4
      -3.4      25.8        .8      17.1
      -2.8      21.3        .3       6.6
      -2.9      21.4        .4       5.5
 68016   .052804  -.950480  -.306266
  81247.5  12197.8     14.8     43.3     -8.6     12.2
     14.8     86.6     -8.6     38.7  46732.5  48633.2
     -12.3      53.6       2.8      80.9
      -3.4      25.6        .0      21.5
      -2.7      21.2       -.3       4.5
      -3.3      21.2       -.2       3.3
 68017   .000000  -.951808  -.306694
  80879.5  12262.7     14.8     43.3     -8.6     22.5
     14.8     86.6     -8.5     51.0  47474.2  48533.0
      -9.9      51.2       4.5      96.4
      -3.4      25.4        .3      37.0
      -2.9      21.2      -1.3       7.9
      -3.0      21.1      -1.5       3.7
 68018  -.026430  -.951476  -.306587
  80929.8  12243.6     14.8     43.3     -5.3     24.0
     14.8     86.6     -5.2     52.4  46786.9  48476.0
     -13.9      53.0      13.1      99.9
      -3.2      25.2       1.4      41.2
      -2.8      21.5       -.4       7.1
      -3.1      21.2       -.4       3.0
 68019  -.052804  -.950480  -.306266
  80859.3  12229.4     14.8     43.3     -5.7     18.1
     14.8     86.6     -5.6     46.7  47587.1  48590.3
     -11.2      51.0       2.8      95.5
      -3.3      25.8        .3      28.5
      -2.9      21.2       -.8       5.5
      -3.1      21.4       -.7       3.0
 68020  -.079069  -.948828  -.305734
  81013.1  12265.8     14.8     43.3     -6.1     11.7
     14.8     86.6     -5.8     40.4  48274.0  49383.5
     -12.3      53.4       3.6      84.8
      -3.0      25.7        .0      21.6
      -2.7      21.1      -1.0       4.7
      -2.9      21.3       -.9       3.0
 68021  -.105170  -.946530  -.304993
  81381.2  12355.7     14.8     43.3     -6.1      5.4
     14.8     86.6     -6.0     33.8  47459.1  48709.1
     -13.8      52.4       4.7      74.1
      -3.2      25.3      -1.1      18.4
      -2.7      21.2      -1.0       5.5
      -3.2      21.2      -1.1       4.0
 68022  -.131055  -.943599  -.304049
  81675.0  12370.2     14.8     43.3     -5.7     28.9
     14.8     86.6     -6.0     27.0  47553.0  49234.3
     -11.8      52.4       4.0      72.1
      -3.1      25.4      -1.3      18.0
      -2.6      21.4      -1.3       6.4
      -2.6      21.5      -1.2       5.2
 68023  -.156676  -.940054  -.302906
  81922.7  12407.8     14.8     43.3     -5.7     28.9
     14.8     86.6     -6.2     20.5  47771.2  49205.9
     -14.2      52.4       1.3      68.6
      -3.6      25.4      -1.4      17.7
      -2.4      21.2      -1.3       7.6
      -2.4      21.3      -1.3       6.0
 68024  -.181983  -.935915  -.301572
  82146.4  12504.4     14.8     43.3     -5.7     28.9
     14.8     86.6     -6.3     13.8  47756.8  49347.4
     -12.3      52.7       2.4      65.5
      -3.4      25.1      -1.6      16.8
      -2.9      21.1      -1.6       8.3
      -2.5      21.4      -1.4       6.7
 68025  -.206935  -.931206  -.300055
  82378.1  12613.2     14.8     43.3     -5.7     28.9
     14.8     86.6     -6.2      7.3  48795.8  49877.7
     -12.0      53.4       3.4      68.9
      -2.8      25.2      -1.6      17.5
      -2.1      21.2      -1.6       8.5
      -2.7      21.0      -1.5       7.0
 68026  -.255608  -.920190  -.296506
  83614.1  12956.1     14.8     43.3     -5.7     28.9
     14.8     86.6     -5.7     57.7  49022.6  50032.9
     -13.3      52.9       1.6      60.4
      -2.6      25.0      -2.3      18.9
      -2.4      21.2      -1.9       9.5
      -3.0      20.8      -2.0       8.2
 68027  -.302414  -.907242  -.292333
  84836.6  13111.6     14.8     43.3     -5.7     28.9
     14.8     86.6     -5.7     57.7  49823.2  51530.0
     -12.6      52.6        .2      59.5
      -2.3      25.0      -1.9      18.4
      -2.4      20.7      -1.9      10.4
      -2.8      20.3      -2.1       8.7
 68028  -.347131  -.892622  -.287623
  86353.8  13326.3     14.8     43.3     -5.7     28.9
     14.8     86.6     -5.7     57.7  51392.3  52720.0
     -11.3      52.4      -2.9      60.5
      -2.8      24.7      -2.6      18.9
      -2.4      20.9      -1.9      11.5
      -2.4      20.1      -2.1       9.7
 68029  -.389600  -.876600  -.282460
  87823.5  13443.0     14.8     43.3     -5.7     28.9
     14.8     86.6     -5.7     57.7  51920.8  53773.0
     -13.0      53.5      -2.8      53.3
      -2.6      24.4      -2.3      18.8
      -2.1      20.3      -2.2      11.9
      -2.3      20.2      -2.2      10.8
 68030  -.429723  -.859446  -.276932
  89815.3  13636.3     14.8     43.3     -5.7     28.9
     14.8     86.6     -5.7     57.7  52897.4  54646.5
      -9.0      50.7      -5.9      48.4
      -3.0      24.7      -2.6      19.0
      -2.3      20.1      -2.3      12.4
      -2.5      19.8      -2.3      11.2
 68031  -.467453  -.841416  -.271123
  91667.4  13642.1     14.8     43.3     -5.7     28.9
     14.8     86.6     -5.7     57.7  53985.0  55814.0
     -14.7      54.0      -4.9      50.3
      -2.7      24.2      -2.6      20.0
      -2.0      19.9      -2.3      13.5
      -2.3      19.4      -2.3      12.1
 68032  -.502792  -.822750  -.265108
  94003.7  13460.0     14.8     43.3     -5.7     28.9
     14.8     86.6     -5.7     57.7  55484.2  57402.6
     -12.8      53.2      -3.5      49.7
      -2.8      24.4      -2.7      19.2
      -2.1      19.8      -2.4      13.6
      -2.0      19.1      -2.1      12.2
 68033  -.535778  -.803668  -.258960
  95911.5  13294.5     14.8     43.3     -5.7     28.9
     14.8     86.6     -5.7     57.7  57710.4  58943.6
     -12.7      53.6      -4.8      46.2
      -2.9      23.3      -3.2      20.0
      -2.0      19.2      -2.6      14.4
      -1.9      18.5      -2.5      13.0
 68034  -.566482  -.784360  -.252738
  98254.8  13005.7     14.8     43.3     -5.7     28.9
     14.8     86.6     -5.7     57.7  58692.6  60365.9
     -14.4      55.5      -2.8      39.8
      -2.4      23.5      -2.6      19.9
      -1.8      18.9      -2.2      14.3
      -2.4      18.5      -2.8      13.5
 68035  -.594996  -.764995  -.246498
 100632.1  12535.6     14.8     43.3     -5.7     28.9
     14.8     86.6     -5.7     57.7  61514.4  62900.8
     -11.6      51.4      -3.8      39.0
      -2.3      23.7      -2.7      20.9
      -1.5      18.8      -2.4      15.4
      -2.2      18.0      -2.7      14.0
