OCR_prd2017clk:dj0090h,R22@-300V,3.8T@20d,263K,rhe=1.10,rhh=0.7,0.7/0.7         
  3572   1  3.80  28   3  29   2  300.00  263.00     .60 1.26000   600.0   23.80   -9.16  150.000  100.000  290.000  2000.0   11.90   -4.58    1.50    1.00     .85
 68311  -.105170   .946530  -.304993
  81666.9  12930.7     15.8     43.3     -3.0      4.9
     15.8     86.6     -2.9     32.2  47977.4  49510.3
      12.1      54.8      -4.0      73.6
       2.0      26.6       -.5      17.9
       1.5      22.2        .3       5.8
       1.8      23.2        .3       4.1
 68312  -.113613   .937303  -.329476
  75806.3  13044.8     15.8     43.3     -3.0      5.1
     15.8     86.6     -3.0     32.0  43669.6  44810.6
      13.9      55.9      -8.6      73.9
       2.3      24.8       -.4      15.6
       1.8      20.5        .3       5.4
       1.4      20.1        .3       4.4
 68313  -.123410   .925573  -.357888
  69658.0  13326.2     15.8     43.3     -3.2      5.3
     15.8     86.6     -3.2     32.4  39578.6  40583.0
      12.5      55.6      -6.6      69.5
       2.1      25.9       -.4      14.7
       1.3      21.4        .2       5.5
       1.2      21.7        .3       4.5
 68314  -.134874   .910397  -.391134
  63648.2  13470.9     15.8     43.3     -3.2      5.6
     15.8     86.6     -3.3     32.4  35669.6  36755.9
      11.7      55.6      -7.4      67.9
       1.8      24.0       -.2      13.9
        .8      19.3        .3       5.4
       1.3      18.5        .3       4.6
 68315  -.148397   .890380  -.430350
  57794.1  13769.3     15.8     43.3     -3.4      5.9
     15.8     86.6     -3.2     32.8  32211.9  33137.5
      10.1      54.8      -8.5      58.6
       1.0      24.9        .0      13.7
        .9      20.2        .2       5.6
       1.0      21.1        .2       4.7
 68316  -.164460   .863416  -.476934
  52179.2  14152.0     15.8     43.3     -3.5      6.2
     15.8     86.6     -3.4     32.9  28176.6  29067.6
      10.9      54.6      -7.0      57.2
       1.3      23.6       -.1      11.8
        .7      18.9        .3       5.9
       1.2      18.4        .2       5.0
 68317  -.183618   .826279  -.532491
  46892.1  14888.8     15.8     43.3     -3.7      6.6
     15.8     86.6     -3.5     33.3  24842.5  25844.2
       8.3      52.9      -4.5      55.3
        .9      23.6       -.2      10.9
        .6      18.9        .1       6.1
       1.1      19.5        .1       5.3
 68318  -.206405   .774019  -.598575
  41917.9  15976.8     15.8     43.3     -3.9      7.1
     17.2      5.8     -3.7     33.7  21547.1  22177.9
       8.9      57.4      -7.3      49.5
       1.0      25.6       -.2      10.8
        .9      19.4        .0       6.3
       1.0      18.2        .1       5.4
 68319  -.233063   .699189  -.675882
  37056.4  17810.0     15.8     43.3     -3.9      7.4
     15.5     18.0     -3.8     34.2  18631.2  19510.8
       6.7      58.0      -7.2      49.9
        .7      28.2       -.1      10.2
        .9      18.7        .0       6.4
        .5      15.6        .1       5.7
 68320  -.262862   .591440  -.762300
  33065.5  21642.2     15.0     14.5     -4.4      7.9
     15.6     37.5     -4.1     34.2  16434.9  17058.8
       5.7      53.6      -4.8      47.6
        .1      21.9        .0      10.1
        .0      14.5       -.1       6.7
        .0      11.3        .0       6.0
 68321  -.292854   .439281  -.849276
  29645.9  23854.4     15.6     19.3     -4.4      7.7
     15.7     56.8     -4.1     34.5  14059.3  14969.8
       4.8      48.9      -5.1      39.4
       -.3      13.2       -.5      10.0
       -.6       8.4       -.1       6.8
       -.7       7.0       -.1       6.2
 68322  -.316664   .237498  -.918324
  27779.9  22198.1     15.1     34.5     -4.4      6.8
     15.2     75.5     -4.2     34.8  13286.3  13990.2
       1.6      60.3      -5.9      41.7
       -.8       7.5       -.5      10.4
      -1.3       5.0        .0       7.0
      -1.4       5.0       -.2       6.2
 68323  -.325991   .000000  -.945373
  27056.2  21342.8     15.0     35.8     -4.5      7.1
     15.8     77.5     -4.5     34.9  12862.4  13469.4
      -6.0      63.3      -4.0      39.1
      -2.6       5.4       -.4      10.0
      -2.7       5.0       -.3       6.9
      -2.6       5.0       -.1       5.7
 68324  -.323582  -.121343  -.938387
  26939.9  21014.0     14.1     28.2     -4.3      7.2
     15.4     68.6     -4.2     35.0  12851.1  13311.6
      -2.7      52.5      -1.8      44.3
      -3.1       8.6       -.3       9.8
      -2.8       5.6       -.1       6.7
      -3.1       5.0       -.2       5.8
 68325  -.316664  -.237498  -.918324
  27578.3  21307.3     14.3     20.8     -4.4      7.2
     15.4     59.1     -4.0     34.9  12841.3  13552.0
      -7.1      50.7      -3.5      38.8
      -3.7      12.7       -.5      10.3
      -3.2       8.2       -.2       6.6
      -3.5       6.8       -.1       6.0
 68326  -.306058  -.344315  -.887567
  28437.0  21232.6     13.7     16.8     -4.4     10.5
     15.5     49.7     -4.1     34.7  13382.8  14034.0
      -9.2      50.2      -2.4      41.7
      -3.9      16.5       -.2      10.3
      -3.8      10.7       -.2       6.8
      -4.0       8.9       -.2       5.9
 68327  -.292854  -.439281  -.849276
  29419.3  19680.5     11.8     14.5     -4.2      7.2
     15.6     39.9     -4.1     34.5  13826.2  14447.0
      -9.5      50.1      -1.5      39.4
      -4.3      20.8       -.2      10.2
      -4.2      13.6        .0       6.7
      -4.1      11.2       -.1       6.0
 68328  -.278147  -.521525  -.806626
  30957.7  18289.3       .5     16.2     -4.1      7.0
     15.5     30.3     -3.8     34.5  14782.4  15521.0
     -10.0      55.1      -3.8      45.3
      -5.6      26.2       -.3      10.1
      -5.2      17.3        .0       6.5
      -4.7      14.4       -.1       6.0
 68329  -.262862  -.591440  -.762300
  32744.9  17250.8     15.8     43.3     -3.8      6.7
     16.3     20.7     -3.8     34.3  15704.3  16348.3
     -10.3      58.7        .7      43.7
      -5.8      28.8        .1      10.2
      -5.0      19.3        .0       6.6
      -5.0      16.3        .1       5.9
 68330  -.233063  -.699189  -.675882
  36763.1  15244.3     15.8     43.3     -3.7      6.4
     16.2      7.7     -3.8     33.9  18401.0  18964.3
     -10.3      53.5        .0      44.4
      -4.6      27.5       -.3      10.3
      -4.2      19.9        .1       6.1
      -4.8      19.5        .0       5.6
 68331  -.206405  -.774019  -.598575
  41489.9  14087.6     15.8     43.3     -3.6      5.7
     15.8     86.6     -3.8     33.6  20664.7  22045.7
     -11.9      52.8        .1      50.9
      -3.6      25.5        .2      10.5
      -3.4      20.3        .2       6.1
      -4.0      21.3        .1       5.3
 68332  -.183618  -.826279  -.532491
  46613.4  13439.8     15.8     43.3     -3.9     13.4
     15.8     86.6     -3.5     33.4  24425.2  25336.8
     -11.4      53.3       1.5      56.8
      -3.6      24.1        .0      11.3
      -3.2      19.4        .2       6.0
      -3.5      19.4        .2       5.2
 68333  -.164460  -.863416  -.476934
  52034.6  13047.5     15.8     43.3     -3.4      5.0
     15.8     86.6     -3.3     33.0  28385.0  29413.5
     -11.3      51.5       2.7      58.6
      -3.6      26.3        .1      11.4
      -2.8      22.3        .2       5.7
      -3.3      23.9        .3       4.9
 68334  -.148397  -.890380  -.430350
  57455.0  12745.5     15.8     43.3     -3.5      4.7
     15.8     86.6     -3.3     32.6  32095.5  32943.7
      -7.9      49.0       1.9      59.8
      -3.2      24.7        .3      12.7
      -2.8      20.0        .3       5.6
      -3.5      20.1        .3       4.5
 68335  -.134874  -.910397  -.391134
  63622.9  12706.8     15.8     43.3     -3.3      4.4
     15.8     86.6     -3.1     32.4  35713.9  36657.4
     -10.4      49.5       5.5      64.7
      -3.2      26.5        .5      14.5
      -3.2      22.2        .2       5.4
      -3.2      22.2        .3       4.3
 68336  -.123410  -.925573  -.357888
  69397.0  12575.3     15.8     43.3     -3.3      4.1
     15.8     86.6     -3.1     32.3  39893.3  41109.7
     -13.0      53.2       6.0      68.2
      -3.4      24.8        .3      14.9
      -3.0      21.5        .3       5.1
      -3.1      21.1        .3       4.1
 68337  -.113613  -.937303  -.329476
  75315.3  12388.7     15.8     43.3     -3.3      4.0
     15.8     86.6     -3.4     32.1  44464.9  45301.0
     -12.8      50.3       3.0      67.9
      -3.2      27.1        .4      16.4
      -2.8      23.7        .4       5.4
      -2.4      25.0        .4       4.0
 68338  -.105170  -.946530  -.304993
  81636.6  12311.0     15.8     43.3     -3.2      3.8
     15.8     86.6     -2.9     32.1  47343.2  48896.7
     -11.4      51.9       6.6      70.5
      -3.1      26.1        .7      17.6
      -2.8      21.6        .3       5.3
      -3.1      21.4        .4       4.0
 68339   .863216  -.064741  -.500666
  49499.8   8962.8     15.7     25.2     -4.6     28.9
     16.2     67.1     -4.6     57.7  27274.7  28038.8
       -.9      60.3       8.2      38.4
      -2.0      10.5       2.4      20.9
      -2.5       5.0       2.1      15.6
      -2.4       5.0       2.0      14.7
 68340   .838516  -.069876  -.540377
  46061.0   9177.3     15.8     25.5     -4.6     28.9
     16.3     67.0     -4.6     57.7  25262.0  26113.7
       2.2      60.6       7.5      37.9
      -2.3      10.3       2.5      20.4
      -2.3       5.0       1.9      15.4
      -2.5       5.0       2.2      14.1
 68341   .807288  -.075683  -.585284
  42589.7   9489.8     15.7     26.1     -4.6     28.9
     16.3     67.3     -4.6     57.7  22900.5  23600.7
       4.2      61.8       7.4      40.4
      -2.7      10.0       2.7      20.1
      -2.5       5.0       2.3      15.1
      -2.6       5.0       2.2      14.2
 68342   .767414  -.082223  -.635858
  39122.4   9913.2     15.1     26.3     -4.6     28.9
     15.9     67.6     -4.6     57.7  20761.1  21390.7
       2.3      57.3       7.4      41.1
      -2.6       9.5       2.8      20.1
      -2.4       5.0       2.4      14.6
      -2.6       5.0       2.6      13.2
 68343   .716102  -.089513  -.692232
  36029.4  10635.2     15.0     26.6     -4.6     28.9
     15.8     67.6     -4.6     57.7  18689.7  19222.4
       1.6      60.2       8.6      41.4
      -2.7       8.9       2.6      19.0
      -2.6       5.0       2.3      14.2
      -2.6       5.0       2.7      13.2
 68344   .649830  -.097475  -.753803
  33302.1  11697.3     14.9     27.0     -4.6     28.9
     15.7     67.9     -4.6     57.7  16974.7  17474.3
      -1.3      59.3       7.4      42.6
      -2.8       9.1       3.1      19.6
      -2.7       5.2       2.8      13.7
      -2.7       5.0       3.0      12.3
 68345   .564543  -.105852  -.818588
  30665.1  13211.9     15.0     27.4     -4.6     28.9
     15.9     68.3     -4.8      7.0  14605.3  15259.0
      -1.1      57.6       6.5      39.3
      -2.9       9.0       3.0      17.4
      -2.7       5.3       2.7      11.8
      -2.8       5.0       3.0      11.2
 68346   .456422  -.114106  -.882416
  28467.5  15801.0     14.5     27.6     -4.6     28.9
     15.5     68.3     -4.7     18.0  13742.5  14403.8
      -3.7      56.6       7.4      42.1
      -3.0       8.8       3.3      17.0
      -3.0       5.4       3.1      11.5
      -3.0       5.0       3.2      10.3
 68347   .323582  -.121343  -.938387
  26873.1  19593.1     14.7     28.3     -3.6      5.9
     15.6     68.6     -4.5     30.3  12835.5  13310.6
      -1.4      54.2       3.7      38.3
      -3.0       8.6       2.8      12.1
      -2.9       5.7       2.2       8.3
      -3.2       5.0       2.7       7.5
 68348   .168544  -.126408  -.977555
  26087.4  21592.2     14.3     28.2     -4.3     14.3
     15.5     68.6     -4.6     42.8  11996.1  12590.4
      -2.6      53.7       5.3      47.4
      -3.1       9.0       1.8       7.6
      -3.2       5.8       1.9       5.0
      -3.1       5.0       2.0       4.6
 68349   .000000  -.128243  -.991743
  25830.3  21314.4     14.4     28.2     -4.6     25.3
     15.4     68.3     -4.6     54.0  11924.3  12651.5
      -2.2      53.5       -.3      65.8
      -3.1       8.6        .5      10.3
      -2.9       5.8        .4       3.0
      -3.2       5.0        .7       3.0
 68350  -.085184  -.127776  -.988138
  25969.6  21431.3     14.6     28.3     -3.3     23.9
     15.4     68.5     -3.3     52.6  11995.9  12621.4
      -8.6      51.5      -1.6      63.0
      -3.5       9.0        .9       7.0
      -3.0       5.7        .7       3.0
      -3.2       5.0        .6       3.0
 68351  -.168544  -.126408  -.977555
  25969.0  21611.4     14.6     28.5     -3.7     18.5
     15.6     68.6     -3.8     47.2  12132.0  12653.3
      -5.0      51.8       -.8      52.9
      -2.9       8.6        .3       6.8
      -3.2       5.8        .4       3.7
      -3.2       5.0        .3       3.0
 68352  -.248443  -.124222  -.960648
  26476.5  21634.1     14.7     28.3     -4.1     12.7
     15.6     68.7     -4.1     41.0  11984.0  12720.0
      -6.5      50.9      -1.2      44.2
      -3.1       8.7       -.1       8.0
      -3.0       5.5        .0       5.1
      -3.1       5.0        .1       4.4
 68353  -.323582  -.121343  -.938387
  27036.9  21013.8     15.0     28.3     -4.6      7.4
     15.8     68.4     -4.2     35.1  12735.7  13315.3
      -6.5      51.9      -2.8      38.3
      -3.2       8.4       -.2      10.2
      -2.9       5.6       -.3       6.8
      -3.2       5.0       -.2       5.8
 68354  -.393068  -.117920  -.911917
  27721.9  19057.6     14.7     28.1     -5.2      7.3
     15.8     68.4     -4.4     28.6  13024.8  13666.9
      -6.8      51.5      -3.0      42.3
      -2.9       9.0       -.5      12.6
      -2.9       5.4       -.4       8.5
      -3.1       5.0       -.4       7.2
 68355  -.456422  -.114106  -.882416
  28656.5  16854.1     15.1     27.9    -10.4     13.2
     15.9     68.4     -4.2     22.5  13875.9  14429.7
      -6.6      52.8      -4.6      40.3
      -3.0       8.3       -.9      15.5
      -3.0       5.5       -.8      10.3
      -2.9       5.0       -.7       8.7
 68356  -.513527  -.110042  -.850988
  29484.7  14874.0     14.8     27.6     -4.6     28.9
     15.8     68.2     -4.0     16.2  14584.9  14987.3
      -5.2      54.4      -4.3      42.0
      -2.9       8.8      -1.2      17.0
      -2.7       5.3       -.8      11.3
      -3.0       5.0      -1.1       9.8
 68357  -.564543  -.105852  -.818588
  30764.5  13747.7     15.0     27.5     -4.6     28.9
     16.1     68.1     -4.0     10.2  15148.2  15775.6
      -5.9      54.6      -4.4      39.9
      -2.8       9.0      -1.1      17.2
      -2.8       5.3      -1.1      12.1
      -2.8       5.0      -1.1      10.3
 68358  -.649830  -.097475  -.753803
  33225.2  11886.8     15.2     27.2     -4.6     28.9
     16.1     68.0     -4.9      4.6  16739.8  17541.1
      -7.1      56.6      -5.5      41.3
      -2.8       9.3      -1.2      17.8
      -2.7       5.2       -.8      12.4
      -2.7       5.0      -1.2      10.8
 68359  -.716102  -.089513  -.692232
  35956.5  10911.6     15.1     26.7     -4.6     28.9
     15.9     67.7     -4.6     57.7  18551.5  19158.2
      -9.0      55.4      -6.3      41.5
      -2.7       9.4      -1.5      19.7
      -2.6       5.0      -1.3      13.6
      -2.8       5.0      -1.5      12.2
 68360  -.767414  -.082223  -.635858
  39130.1  10131.8     15.5     26.3     -4.6     28.9
     16.3     67.6     -4.6     57.7  20426.4  21190.4
      -6.3      59.8      -6.2      39.8
      -2.9       8.9      -1.3      18.7
      -2.6       5.0      -1.0      13.4
      -2.5       5.0      -1.2      12.2
 68361  -.807288  -.075683  -.585284
  42430.8   9662.5     15.6     26.0     -4.6     28.9
     16.3     67.2     -4.6     57.7  22982.6  23603.4
      -8.1      62.5      -6.9      40.6
      -2.7       9.8      -1.6      20.3
      -2.6       5.0      -1.5      15.1
      -2.5       5.0      -1.2      13.2
 68362  -.838516  -.069876  -.540377
  45907.0   9242.0     15.8     25.8     -4.6     28.9
     16.4     67.2     -4.6     57.7  24857.2  25785.1
      -5.2      64.6      -6.1      38.0
      -2.6      10.0      -1.3      19.3
      -2.5       5.0      -1.0      14.2
      -2.5       5.0      -1.1      12.9
 68363  -.863216  -.064741  -.500666
  49786.3   9157.7     15.5     25.5     -4.6     28.9
     16.2     66.8     -4.6     57.7  27153.2  28003.7
      -4.4      66.6      -7.6      41.5
      -2.8      10.7      -1.4      21.3
      -2.4       5.0      -1.2      15.8
      -2.4       5.0      -1.2      14.1
 68364  -.882965  -.060202  -.465563
  53415.9   8948.6     15.7     25.2     -4.6     28.9
     16.3     66.6     -4.6     57.7  29711.6  30473.5
      -9.9      61.6      -5.8      38.2
      -2.7      12.7      -1.8      19.8
      -2.3       5.0      -1.0      14.8
      -2.4       5.0      -1.2      13.3
 68365  -.898927  -.056183  -.434481
  57149.3   8747.4     15.7     24.7     -4.6     28.9
     16.4     66.5     -4.6     57.7  32348.3  33397.1
      -5.5      64.1      -7.2      38.6
      -2.6      12.2      -1.5      21.1
      -2.3       5.0      -1.1      16.3
      -2.4       5.0      -1.4      14.1
 68366  -.911966  -.052613  -.406877
  60979.6   8606.0     16.0     24.8     -4.6     28.9
     16.4     66.6     -4.6     57.7  35163.1  36061.3
      -7.4      69.7      -8.0      38.5
      -2.7      13.6      -1.3      19.6
      -2.3       5.0      -1.0      15.5
      -2.3       5.0      -1.0      14.1
 68367  -.922727  -.049432  -.382272
  64940.4   8599.5     16.2     24.5     -4.6     28.9
     16.5     66.3     -4.6     57.7  37437.7  38382.2
      -9.5      67.0      -7.1      35.9
      -2.4      14.4      -1.7      21.4
      -2.3       5.0      -1.2      16.4
      -2.2       5.0      -1.1      14.7
 68368   .806111  -.362750  -.467544
  53209.4   9828.3     15.8     43.3     -4.6     28.9
     16.6     17.6     -4.6     57.7  29465.0  30504.7
      -2.7      59.0       9.1      40.0
      -4.0      26.0       1.7      21.2
      -3.8      16.4       1.7      16.6
      -3.7      13.7       1.8      16.0
 68369   .774912  -.387456  -.499388
  49777.2  10111.2     15.8     43.3     -4.6     28.9
     16.5     17.9     -4.6     57.7  26665.9  27898.0
      -4.9      59.2       8.2      39.0
      -4.1      26.2       2.0      21.0
      -4.0      16.8       1.8      15.7
      -4.0      13.8       2.3      15.6
 68370   .736803  -.414452  -.534182
  46396.7  10626.8     15.8     43.3     -4.6     28.9
     16.3     18.4     -4.6     57.7  24973.4  25934.2
      -7.2      58.2       9.1      41.0
      -4.6      26.6       2.5      20.7
      -3.9      16.9       2.0      15.7
      -4.2      14.1       2.2      15.3
 68371   .690099  -.443635  -.571796
  43490.7  11348.7     15.8     43.3     -4.6     28.9
     16.0     18.8     -4.6     57.7  23075.6  24037.2
      -6.4      63.6       8.5      40.5
      -4.7      27.3       2.4      20.7
      -4.4      17.4       2.3      14.8
      -4.1      14.5       2.5      14.5
 68372   .632842  -.474632  -.611748
  40633.1  12409.8     15.8     43.3     -4.6     28.9
     16.0     19.4     -4.6     57.7  21377.9  22011.8
      -7.5      58.4       7.7      38.6
      -5.4      27.4       2.6      19.3
      -4.8      17.7       2.3      14.1
      -4.5      15.3       2.6      14.1
 68373   .562936  -.506642  -.653006
  38005.0  13789.5     15.8     43.3     -4.6     28.9
     16.1     19.8     -4.6     57.7  19372.0  20265.4
      -5.5      56.6       7.4      41.8
      -5.0      27.6       2.8      19.2
      -4.6      17.9       2.6      13.3
      -4.5      15.1       2.9      12.5
 68374   .478468  -.538276  -.693778
  35737.1  14892.0     15.8     43.3     -4.6     28.9
     16.2     20.2     -5.0      6.7  17945.8  18870.4
      -7.8      57.2       5.2      38.0
      -5.3      28.4       2.6      17.0
      -5.0      18.6       2.7      11.7
      -4.8      15.5       2.7      11.1
 68375   .378295  -.567442  -.731370
  33988.4  16591.9     15.8     43.3     -4.6     28.9
     16.1     20.5     -5.1     17.0  16294.1  17084.2
      -7.6      60.0       7.5      44.1
      -5.0      28.4       2.9      16.5
      -5.1      19.1       2.8      11.2
      -5.0      16.0       3.0      10.1
 68376   .262862  -.591440  -.762300
  32489.1  16251.4     15.8     43.3     -4.2      7.5
     15.8     20.9     -4.9     29.7  15782.7  16454.2
      -8.8      57.5       4.8      41.7
      -6.0      28.8       2.3      11.9
      -5.1      18.7       2.1       8.0
      -5.6      16.4       2.3       7.2
 68377   .134975  -.607388  -.782855
  31985.3  16145.3     15.8     43.3     -4.9     14.4
     16.0     21.1     -5.1     42.2  15319.7  16008.1
     -12.4      60.8       5.6      52.2
      -5.7      29.3       1.7       8.1
      -5.3      19.1       1.5       4.8
      -5.7      16.7       1.9       4.5
 68378   .000000  -.612997  -.790085
  31646.0  16145.5     15.8     43.3     -4.8     24.7
     16.0     21.0     -4.9     53.3  15259.4  15726.9
     -10.7      57.7       3.6      71.7
      -5.9      29.2        .6      11.1
      -5.4      19.9        .2       3.0
      -5.5      16.7        .5       3.0
 68379  -.067953  -.611580  -.788259
  31617.1  16292.9     15.8     43.3     -3.0     23.6
     15.7     20.9     -3.0     52.2  15098.8  15917.3
     -10.1      57.6       3.9      64.0
      -6.7      28.7        .4       9.9
      -5.5      19.8        .8       3.0
      -5.4      16.7        .8       3.0
 68380  -.134975  -.607388  -.782855
  32164.2  16693.4     15.8     43.3     -3.4     17.9
     15.7     21.0     -3.4     46.6  15498.2  16161.4
     -12.2      62.0       -.8      58.0
      -5.9      30.0        .5       7.3
      -5.4      19.7        .5       3.1
      -5.5      16.6        .5       3.0
 68381  -.200196  -.600588  -.774091
  32215.6  16922.0     15.8     43.3     -3.7     12.0
     15.9     20.8     -3.8     40.6  15460.0  16184.0
     -10.8      60.6        .1      52.1
      -6.3      28.5        .4       9.0
      -5.7      19.5        .1       4.9
      -5.4      16.5        .3       4.4
 68382  -.262862  -.591440  -.762300
  32752.5  17061.2     15.8     43.3     -4.0      6.8
     15.9     20.8     -3.9     34.2  15789.6  16422.6
     -10.5      59.3       -.3      44.2
      -6.3      29.5       -.1      10.4
      -5.1      19.6        .1       6.8
      -5.3      16.1        .0       5.9
 68383  -.322373  -.580271  -.747905
  33384.2  17142.5     15.8     43.3     -4.8      7.9
     15.9     20.6     -3.9     27.9  16656.4  17120.3
     -12.5      61.1       -.4      43.9
      -5.8      28.7       -.3      12.7
      -5.3      19.1       -.3       8.4
      -5.3      16.2       -.2       7.4
 68384  -.378295  -.567442  -.731370
  34174.7  16532.1     15.8     43.3     -4.6     28.9
     15.7     20.4     -4.1     21.7  16844.4  17545.5
     -11.7      59.6      -2.7      45.5
      -5.7      28.2      -1.1      15.1
      -4.8      19.0       -.4       9.9
      -5.0      15.8       -.4       8.9
 68385  -.430364  -.553325  -.713175
  34988.9  15569.6     15.8     43.3     -4.6     28.9
     15.9     20.4     -4.0     15.2  17298.9  18008.6
     -11.5      59.8      -2.2      42.6
      -5.2      28.4      -1.1      16.4
      -4.6      18.8       -.6      11.1
      -5.0      15.8       -.7       9.9
 68386  -.478468  -.538276  -.693778
  35985.7  15070.6     15.8     43.3     -4.6     28.9
     15.9     20.2     -3.7      9.1  18004.7  18742.0
     -10.2      58.9      -3.0      44.5
      -5.9      28.6      -1.2      17.1
      -4.7      18.4       -.8      11.4
      -5.3      15.9      -1.0      10.7
 68387  -.562936  -.506642  -.653006
  38022.2  13131.3     15.8     43.3     -4.6     28.9
     16.1     19.7     -4.6     57.7  19337.0  20297.3
     -10.3      59.1      -5.0      43.5
      -5.1      27.5      -1.2      18.0
      -4.8      17.8       -.9      12.2
      -4.5      15.4       -.8      11.3
 68388  -.632842  -.474632  -.611748
  40551.9  11957.6     15.8     43.3     -4.6     28.9
     16.0     19.5     -4.6     57.7  21195.5  21894.2
      -9.2      55.8      -5.7      43.3
      -4.8      27.0      -1.0      19.0
      -4.3      17.7       -.8      13.6
      -4.3      15.0      -1.0      12.7
 68389  -.690099  -.443635  -.571796
  43357.5  10990.0     15.8     43.3     -4.6     28.9
     16.3     18.8     -4.6     57.7  23265.8  23950.7
     -11.4      57.7      -6.4      42.3
      -4.9      26.9      -1.3      19.3
      -4.3      17.5       -.8      13.6
      -4.3      14.6      -1.0      12.9
 68390  -.736803  -.414452  -.534182
  46362.7  10288.1     15.8     43.3     -4.6     28.9
     16.2     18.3     -4.6     57.7  24582.2  25891.3
     -10.9      57.6      -5.8      40.4
      -4.0      26.6      -1.2      20.7
      -4.0      16.9      -1.0      14.8
      -4.3      14.2      -1.0      14.1
 68391  -.774912  -.387456  -.499388
  49664.6   9861.7     15.8     43.3     -4.6     28.9
     16.4     18.0     -4.6     57.7  27344.5  28189.6
     -10.4      61.9      -5.6      41.3
      -4.4      25.8      -1.1      19.3
      -4.1      16.7      -1.0      14.9
      -3.6      13.8       -.6      14.0
 68392  -.806111  -.362750  -.467544
  52954.0   9514.3     15.8     43.3     -4.6     28.9
     16.6     17.7     -4.6     57.7  29499.2  30375.3
     -11.7      60.4      -6.7      42.2
      -4.2      25.9      -1.1      21.5
      -4.0      16.6      -1.0      16.0
      -3.6      13.5       -.9      14.9
 68393  -.831783  -.340275  -.438577
  56666.5   9359.6     15.8     43.3     -4.6     28.9
     16.4     17.3     -4.6     57.7  31527.4  32494.4
     -10.9      61.5      -5.8      38.8
      -4.6      25.3      -1.5      20.3
      -3.6      16.2       -.8      15.3
      -3.8      13.5       -.8      14.7
 68394  -.853040  -.319890  -.412303
  60052.5   9117.5     15.8     43.3     -4.6     28.9
     16.5     17.1     -4.6     57.7  34354.9  35339.6
      -9.2      60.5      -5.4      40.1
      -4.0      24.7       -.9      21.4
      -3.7      15.9      -1.2      16.5
      -3.7      13.1      -1.0      15.3
 68395  -.870759  -.301417  -.388493
  63873.5   8998.0     15.8     43.3     -4.6     28.9
     16.4     16.7     -4.6     57.7  36301.1  37386.1
     -12.4      61.2      -4.5      37.7
      -4.2      24.8      -1.2      20.7
      -3.8      15.6      -1.0      15.6
      -3.6      12.9       -.8      14.8
 68396  -.885633  -.284668  -.366905
  67606.2   8820.4     15.8     43.3     -4.6     28.9
     16.7     16.3     -4.6     57.7  39162.4  40603.5
     -12.8      62.5      -5.3      36.4
      -4.6      24.7      -1.5      22.1
      -3.4      15.6      -1.0      17.1
      -3.4      12.6      -1.3      15.8
 68397   .467453  -.841416  -.271123
  91684.1  13331.7     15.8     43.3     -4.6     28.9
     15.8     86.6     -4.6     57.7  54758.9  56279.9
      -7.6      51.6       9.0      47.3
      -2.4      24.7       2.2      18.2
      -2.1      19.4       1.5      12.9
      -2.2      19.1       1.7      12.0
 68398   .429723  -.859446  -.276932
  89637.4  13064.9     15.8     43.3     -4.6     28.9
     15.8     86.6     -4.6     57.7  52580.9  54342.9
      -7.1      51.1       9.3      48.6
      -2.3      24.3       2.3      19.0
      -2.0      19.8       1.9      12.9
      -2.2      19.6       1.7      11.5
 68399   .389600  -.876600  -.282460
  88204.3  12981.8     15.8     43.3     -4.6     28.9
     15.8     86.6     -4.6     57.7  51662.0  53365.9
     -11.6      54.6      11.4      51.0
      -2.2      24.8       1.6      17.8
      -1.9      20.4       1.5      11.9
      -2.6      19.9       1.9      10.7
 68400   .347131  -.892622  -.287623
  86211.1  12706.9     15.8     43.3     -4.6     28.9
     15.8     86.6     -4.6     57.7  51306.8  52519.8
     -11.3      51.9      12.5      51.6
      -2.0      24.6       2.3      18.1
      -2.0      20.1       1.8      11.7
      -2.8      20.2       2.2      10.1
 68401   .302414  -.907242  -.292333
  84819.6  12591.4     15.8     43.3     -4.6     28.9
     15.8     86.6     -4.6     57.7  50089.0  51345.4
      -9.9      52.1      11.9      54.5
      -2.8      24.6       2.1      16.4
      -2.5      20.4       1.8      10.2
      -2.8      20.4       1.8       9.0
 68402   .255608  -.920190  -.296506
  83880.3  12344.5     15.8     43.3     -4.6     28.9
     15.8     86.6     -4.6     57.7  48762.9  50466.5
     -10.4      54.2      10.2      59.9
      -2.7      24.8       2.6      18.8
      -2.4      20.9       2.1      10.4
      -2.8      20.6       2.2       8.6
 68403   .206935  -.931206  -.300055
  82727.6  12379.1     15.8     43.3     -4.6     28.9
     15.8     86.6     -5.6      3.4  48486.8  49370.0
     -10.7      50.8       9.1      62.8
      -3.0      25.4       2.3      17.2
      -2.5      21.1       1.7       8.6
      -2.8      20.6       1.7       7.2
 68404   .156676  -.940054  -.302906
  81864.9  12209.2     15.8     43.3     -4.6     28.9
     15.8     86.6     -5.5     13.8  47195.2  48780.9
     -12.2      54.3       9.4      67.8
      -3.2      24.9       2.3      16.2
      -2.5      21.0       2.0       8.1
      -3.2      20.8       2.1       6.7
 68405   .105170  -.946530  -.304993
  81440.5  12194.1     15.8     43.3     -5.5      3.2
     15.8     86.6     -5.5     26.9  47333.9  48701.4
     -11.8      54.8      10.0      69.7
      -3.0      25.4       2.2      17.4
      -2.4      21.4       1.8       6.3
      -2.8      21.2       1.7       5.0
 68406   .052804  -.950480  -.306266
  81253.7  12171.2     15.8     43.3     -6.1     11.9
     15.8     86.6     -5.9     40.1  47551.7  48936.3
     -11.6      51.4       7.5      84.8
      -3.6      25.2       1.8      21.1
      -2.8      21.6       1.3       4.6
      -2.9      21.5       1.4       3.1
 68407   .000000  -.951808  -.306694
  80814.8  12140.8     15.8     43.3     -5.6     23.8
     15.8     86.6     -5.5     52.2  47530.6  48785.5
     -11.7      52.9       6.3      98.5
      -3.1      25.6       3.9      38.7
      -2.4      21.6        .5       9.8
      -2.9      21.5        .2       3.0
 68408  -.026430  -.951476  -.306587
  81204.7  12309.3     15.8     43.3     -2.6     22.5
     15.8     86.6     -2.4     50.9  47259.8  48925.9
     -12.6      51.6      10.6      96.3
      -2.8      25.8       3.5      35.8
      -3.0      21.3       1.2       7.7
      -2.9      21.3       1.3       4.5
 68409  -.052804  -.950480  -.306266
  81278.1  12340.8     15.8     43.3     -2.6     16.3
     15.8     86.6     -2.5     45.0  47062.9  48673.9
     -13.0      55.6       9.2      87.6
      -3.1      25.4       1.4      27.5
      -2.5      21.0        .7       4.5
      -3.2      21.2        .7       3.0
 68410  -.079069  -.948828  -.305734
  81323.9  12230.4     15.8     43.3     -3.0     10.0
     15.8     86.6     -2.8     38.5  47250.1  48961.6
     -11.8      52.9       6.3      87.5
      -3.1      25.9        .7      19.9
      -2.4      21.5        .8       4.5
      -2.5      21.0        .6       3.0
 68411  -.105170  -.946530  -.304993
  81448.5  12293.9     15.8     43.3     -3.2      3.8
     15.8     86.6     -3.0     32.0  47703.3  48912.4
     -12.2      48.0       8.4      75.0
      -2.6      25.1        .7      17.7
      -2.3      21.3        .5       5.8
      -3.4      20.8        .3       3.9
 68412  -.131055  -.943599  -.304049
  81671.2  12358.7     15.8     43.3     -4.6     28.9
     15.8     86.6     -3.1     25.3  47835.2  49051.1
     -12.9      52.7       5.6      69.9
      -3.0      25.0        .2      17.3
      -2.3      21.4        .2       6.4
      -2.7      21.0        .2       5.0
 68413  -.156676  -.940054  -.302906
  82100.3  12480.2     15.8     43.3     -4.6     28.9
     15.8     86.6     -3.3     18.7  48212.4  49460.3
     -13.3      53.6       4.4      69.9
      -3.3      25.5        .2      17.5
      -2.4      21.3        .1       7.5
      -2.3      20.6        .1       5.9
 68414  -.181983  -.935915  -.301572
  82197.6  12606.5     15.8     43.3     -4.6     28.9
     15.8     86.6     -3.2     12.0  49119.3  50237.6
     -12.9      52.1       4.4      64.9
      -3.2      25.1       -.2      17.8
      -2.1      21.1        .0       8.0
      -2.8      21.0       -.1       6.4
 68415  -.206935  -.931206  -.300055
  82861.6  12723.3     15.8     43.3     -4.6     28.9
     15.8     86.6     -3.4      5.6  48461.9  50298.8
     -12.8      51.6       3.2      60.4
      -2.8      25.0       -.1      15.7
      -2.7      21.1       -.1       8.1
      -2.5      21.1       -.1       6.7
 68416  -.255608  -.920190  -.296506
  83658.9  12934.9     15.8     43.3     -4.6     28.9
     15.8     86.6     -4.6     57.7  49621.4  50944.6
     -14.2      53.7        .9      61.5
      -2.6      25.4       -.3      18.3
      -2.4      21.2       -.4       9.5
      -2.5      20.7       -.4       8.1
 68417  -.302414  -.907242  -.292333
  84929.0  13132.5     15.8     43.3     -4.6     28.9
     15.8     86.6     -4.6     57.7  49984.7  51384.3
      -9.9      52.6       4.3      57.7
      -2.8      25.5       -.5      17.3
      -1.9      20.7       -.4      10.1
      -2.3      20.1       -.4       8.6
 68418  -.347131  -.892622  -.287623
  86752.7  13346.4     15.8     43.3     -4.6     28.9
     15.8     86.6     -4.6     57.7  50926.6  52204.3
     -15.5      57.1       -.6      57.2
      -2.5      24.9       -.7      18.4
      -2.4      20.4       -.6      11.2
      -2.4      20.4       -.4       9.7
 68419  -.389600  -.876600  -.282460
  88163.3  13573.0     15.8     43.3     -4.6     28.9
     15.8     86.6     -4.6     57.7  51774.0  53321.6
     -12.5      51.1      -3.1      54.1
      -2.7      24.7       -.8      17.7
      -2.2      20.2       -.7      11.6
      -2.2      20.1       -.4      10.5
 68420  -.429723  -.859446  -.276932
  89868.1  13585.0     15.8     43.3     -4.6     28.9
     15.8     86.6     -4.6     57.7  52935.4  54508.8
     -14.8      60.5      -4.0      51.0
      -2.4      24.6       -.7      18.6
      -1.6      19.8       -.4      12.1
      -2.6      19.4       -.7      10.9
 68421  -.467453  -.841416  -.271123
  91696.3  13587.7     15.8     43.3     -4.6     28.9
     15.8     86.6     -4.6     57.7  54675.8  56500.7
     -12.9      57.0      -1.1      50.5
      -2.1      23.9       -.9      18.3
      -2.0      19.6       -.7      12.9
      -2.3      19.1       -.8      11.7
 68422  -.502792  -.822750  -.265108
  93668.5  13319.0     15.8     43.3     -4.6     28.9
     15.8     86.6     -4.6     57.7  56506.9  57723.2
     -11.7      51.0      -2.6      43.9
      -2.7      24.6      -1.0      18.7
      -1.5      19.1       -.3      13.0
      -1.6      18.7       -.4      11.8
 68423  -.535778  -.803668  -.258960
  95991.3  13175.5     15.8     43.3     -4.6     28.9
     15.8     86.6     -4.6     57.7  57868.7  59234.2
     -11.7      50.7      -5.3      41.7
      -2.2      24.6       -.9      20.3
      -1.8      19.4       -.8      13.9
      -1.6      18.5       -.8      12.7
 68424  -.566482  -.784360  -.252738
  98759.7  12999.1     15.8     43.3     -4.6     28.9
     15.8     86.6     -4.6     57.7  58773.9  60577.6
     -13.2      53.4      -4.0      42.6
      -2.3      24.0      -1.0      19.3
      -1.9      19.0       -.9      14.1
      -1.6      18.2       -.6      13.1
 68425  -.594996  -.764995  -.246498
 100878.1  12494.1     15.8     43.3     -4.6     28.9
     15.8     86.6     -4.6     57.7  60351.6  62400.6
      -9.1      49.1      -3.5      39.5
      -2.4      24.3      -1.1      20.0
      -1.7      18.2       -.9      14.5
      -1.8      17.7       -.8      13.6
