Dot1_150x100_prd2012lk:dj0090h@-200V,3.8T@90d,263K,rhe=1.10,rhh=0.7,0.6/0.6     
  3422   1  3.80  60   5  29   0  200.00  263.00     .60  .95800   650.0     .15  101.12  150.000  100.000  285.000   800.0     .07   50.56    1.50    1.00     .85
 67401   .000000   .000000 -1.000000
  24819.2  16619.0       .4     40.7     51.9      3.0
       .4     83.7     55.0     28.3  11929.5  12362.1
      -2.6      68.7      -3.9      35.9
        .0      10.0      -6.0      13.0
        .0       5.0      -6.3       9.7
        .1       5.0      -6.7       8.7
 67402   .000000  -.130455  -.991454
  24965.5  16791.9       .4     33.9     51.7      3.6
       .5     76.8     54.8     28.2  12182.9  12608.9
       1.2      56.9      -4.5      37.3
       -.8       5.5      -6.1      13.2
       -.7       5.0      -6.2       9.6
       -.8       5.0      -6.5       8.7
 67403   .000000  -.254493  -.967075
  25482.4  17206.1      -.2     25.2     51.7      3.8
      -.1     67.9     54.9     28.0  12601.8  12967.7
      -4.5      48.6      -4.1      38.8
      -1.4       8.3      -6.4      13.1
      -1.2       5.5      -6.3       9.6
      -1.4       5.0      -6.7       8.5
 67404   .000000  -.367167  -.930155
  26389.3  17741.9      -.3     16.2     52.0      3.9
      -.2     58.7     55.2     27.7  13006.8  13442.5
      -5.7      46.5      -4.8      40.2
      -2.1      12.4      -6.4      13.2
      -1.5       8.0      -6.1       9.4
      -1.8       6.7      -6.6       8.5
 67405   .000000  -.465746  -.884918
  27920.7  18497.0      -.5      8.1     51.5      3.7
      -.5     49.0     55.3     27.6  13868.7  14358.6
      -7.7      49.9      -5.6      42.2
      -2.3      16.6      -6.1      13.1
      -2.2      10.8      -6.1       9.4
      -1.9       8.8      -6.4       8.3
 67406   .000000  -.549617  -.835417
  29436.1  18553.8     -2.7      6.5     51.9      3.4
      -.1     39.7     55.7     27.3  14753.4  15241.3
      -7.5      53.0      -3.6      42.1
      -3.3      21.4      -6.2      13.0
      -2.8      14.2      -6.0       9.2
      -2.5      11.4      -6.3       8.3
 67407   .000000  -.619644  -.784883
  31274.0  17548.7       .1     43.3     51.3      3.8
       .3     29.9     55.9     27.2  16133.7  16615.7
      -9.4      55.1      -4.5      41.3
      -4.3      26.4      -5.9      12.9
      -3.2      17.6      -6.0       9.3
      -3.3      14.2      -6.2       8.0
 67408   .000000  -.677476  -.735545
  33463.8  16294.7       .1     43.3     52.0      3.0
       .1     20.3     56.0     26.9  17143.6  17774.0
      -8.6      58.8      -3.2      46.8
      -4.4      27.5      -6.0      12.9
      -3.2      18.2      -5.8       9.1
      -3.4      14.9      -6.2       8.1
 67409   .000000  -.724999  -.688749
  35811.3  15819.6       .1     43.3     51.6      2.6
       .0     11.5     56.4     26.7  18290.3  19067.3
     -10.4      57.3      -3.8      46.2
      -3.4      25.2      -5.7      13.2
      -3.2      16.7      -5.7       8.9
      -3.2      14.4      -6.0       7.9
 67410   .000000  -.764030  -.645181
  38044.5  14739.6       .1     43.3     52.3      2.7
      -.9      7.4     56.3     26.4  20322.0  20831.2
     -10.6      51.2      -4.0      46.8
      -3.0      21.8      -5.8      12.8
      -2.6      16.3      -5.8       8.8
      -2.8      15.6      -5.9       7.7
 67411   .000000  -.796162  -.605083
  40597.9  14425.4       .1     43.3     54.8     28.9
       .1     86.6     56.6     26.2  21692.7  22384.9
     -10.2      51.0      -3.3      49.2
      -2.5      22.5      -5.6      13.8
      -2.5      17.3      -5.7       8.8
      -2.7      16.2      -5.8       7.6
 67412   .000000  -.822730  -.568432
  43111.2  13947.6       .1     43.3     54.8     28.9
       .1     86.6     56.5     26.0  23144.8  23806.6
      -9.8      49.7       -.3      49.1
      -2.9      22.2      -5.6      13.4
      -2.9      16.5      -5.7       8.6
      -2.5      14.9      -5.8       7.6
 67413   .000000  -.844819  -.535052
  45780.9  13653.5       .1     43.3     54.8     28.9
       .1     86.6     56.8     25.9  24564.7  25358.0
      -9.8      48.8       -.7      51.3
      -3.0      21.3      -5.7      13.5
      -2.5      15.4      -5.5       8.5
      -2.7      13.5      -5.7       7.4
 67414   .000000  -.863297  -.504697
  48435.2  13553.4       .1     43.3     54.8     28.9
       .1     86.6     57.0     25.8  26273.4  27555.5
     -10.8      49.4      -2.5      53.1
      -2.6      21.5      -5.4      14.1
      -2.1      17.2      -5.3       8.4
      -2.7      15.9      -5.6       7.4
 67415   .000000  -.878853  -.477092
  51364.1  13361.0       .1     43.3     54.8     28.9
       .1     86.6     57.2     25.5  28351.7  29351.6
     -10.0      48.4      -1.8      58.7
      -2.2      22.9      -5.2      13.7
      -2.4      18.3      -5.3       8.5
      -2.8      17.3      -5.5       7.3
 67416   .000000  -.892036  -.451965
  54167.8  13081.0       .1     43.3     54.8     28.9
       .1     86.6     56.9     25.4  29756.3  30747.9
     -10.8      51.9        .2      58.6
      -2.5      22.1      -5.4      14.3
      -2.3      17.3      -5.4       8.5
      -2.8      15.8      -5.5       7.1
 67417   .000000  -.903278  -.429057
  57103.8  12914.2       .1     43.3     54.8     28.9
       .1     86.6     57.5     25.2  31868.8  32937.9
     -12.4      52.1      -1.0      61.3
      -3.0      22.1      -5.1      16.1
      -2.1      16.0      -5.2       8.3
      -2.5      14.4      -5.4       7.1
 67418   .000000  -.912924  -.408131
  59724.9  12828.1       .1     43.3     54.8     28.9
       .1     86.6     57.4     25.0  34185.9  35167.7
     -10.5      50.7      -1.5      59.5
      -2.5      21.9      -5.1      15.4
      -2.5      18.2      -5.3       8.2
      -2.6      16.2      -5.4       7.0
 67419   .000000  -.921250  -.388972
  62956.1  12899.3       .1     43.3     54.8     28.9
       .1     86.6     57.5     25.0  35994.2  37255.4
     -13.4      53.0       -.5      59.7
      -2.4      23.7      -4.9      16.5
      -2.5      19.1      -5.2       8.2
      -2.7      18.1      -5.2       6.9
 67420   .000000  -.928477  -.371391
  65780.6  12728.7       .1     43.3     54.8     28.9
       .1     86.6     57.3     24.7  38127.0  39081.2
     -12.9      54.7      -1.2      64.2
      -2.9      22.9      -4.9      16.7
      -2.5      17.8      -5.1       8.2
      -2.7      16.4      -5.4       7.0
 67421   .000000  -.934784  -.355218
  68807.9  12629.5       .1     43.3     54.8     28.9
       .1     86.6     57.6     24.7  39904.3  40919.6
     -11.9      50.9      -1.9      62.5
      -2.8      21.0      -5.0      16.4
      -2.5      16.4      -5.0       8.1
      -2.6      14.8      -5.2       6.9
 67422   .000000  -.940315  -.340305
  71871.1  12569.2       .1     43.3     54.8     28.9
       .1     86.6     57.8     24.7  41625.2  42980.9
     -12.1      48.3       1.9      67.6
      -2.9      22.6      -4.9      17.9
      -2.5      18.3      -5.0       8.3
      -2.5      16.6      -5.2       6.9
 67423   .000000  -.945190  -.326520
  74792.2  12495.6       .1     43.3     54.8     28.9
       .1     86.6     57.5     24.5  44077.7  45133.4
     -11.0      49.5        .2      72.7
      -2.5      23.1      -4.7      17.9
      -2.4      19.2      -5.0       8.0
      -2.6      18.4      -5.1       6.9
 67424   .000000  -.949506  -.313750
  77863.5  12462.1       .1     43.3     54.8     28.9
       .1     86.6     57.9     24.4  45242.7  47093.7
     -11.4      50.7       1.8      74.1
      -3.1      23.3      -4.5      19.6
      -2.9      17.9      -5.0       8.3
      -3.0      16.8      -5.2       6.9
 67425   .000000  -.953342  -.301892
  80749.1  12431.8       .1     43.3     54.8     28.9
       .1     86.6     57.7     24.4  47228.2  48948.7
     -12.8      49.1       -.7      74.8
      -3.0      21.6      -4.9      19.2
      -2.4      16.7      -5.0       8.0
      -2.7      15.0      -5.2       6.8
 67426   .000000  -.956767  -.290857
  83924.6  12406.7       .1     43.3     54.8     28.9
       .1     86.6     58.1     24.5  49813.4  51364.0
     -15.9      54.8       -.2      73.7
      -3.3      22.8      -4.6      19.5
      -2.1      18.4      -4.9       8.4
      -2.4      17.0      -5.0       6.7
 67427   .000000  -.959834  -.280567
  87222.2  12428.7       .1     43.3     54.8     28.9
       .1     86.6     57.9     24.2  52156.0  53566.8
     -11.5      48.3       1.8      76.2
      -3.2      23.8      -4.6      20.1
      -2.6      19.4      -4.7       8.5
      -2.5      18.6      -4.9       6.7
 67428   .000000  -.962593  -.270952
  90179.8  12486.9       .1     43.3     54.8     28.9
       .1     86.6     57.7     24.3  53296.3  55297.6
     -13.5      51.2       5.6      78.2
      -3.1      23.4      -4.4      22.0
      -2.6      18.1      -4.8       8.3
      -2.8      16.7      -5.0       6.8
 67429   .000000  -.965081  -.261951
  93242.5  12475.5       .1     43.3     54.8     28.9
       .1     86.6     57.9     24.3  55678.2  57244.1
     -11.9      52.4        .9      83.9
      -2.8      22.0      -4.5      22.2
      -2.6      16.6      -4.9       8.1
      -2.5      15.2      -4.9       6.7
 67430   .000000  -.967333  -.253508
  96487.8  12371.2       .1     43.3     54.8     28.9
       .1     86.6     58.2     24.0  57512.7  59356.4
     -10.9      47.6       -.3      77.4
      -2.7      22.5      -4.2      22.6
      -2.5      18.7      -4.8       8.0
      -2.7      17.2      -4.9       6.7
 67431   .000000  -.969377  -.245576
  99498.1  12350.9       .1     43.3     54.8     28.9
       .1     86.6     58.1     24.0  60563.0  62145.8
     -16.1      54.8        .4      79.3
      -3.4      24.2      -4.3      22.8
      -2.3      19.7      -4.8       8.4
      -2.6      18.7      -4.9       6.6
 67432   .000000  -.971238  -.238110
 102390.1  12317.1       .1     43.3     54.8     28.9
       .1     86.6     58.4     23.9  62335.8  64121.9
     -11.3      50.5      -1.2      82.2
      -3.1      23.4      -4.1      24.0
      -2.4      18.2      -4.7       8.2
      -2.7      16.9      -4.7       6.7
 67433   .000000  -.972937  -.231072
 105837.5  12314.4       .1     43.3     54.8     28.9
       .1     86.6     58.3     24.0  63492.5  65231.8
     -13.9      52.4       4.2      88.7
      -3.2      21.9      -3.9      24.6
      -2.6      16.8      -4.7       8.7
      -2.7      15.6      -4.7       6.6
 67434   .000000  -.974491  -.224428
 108366.3  12330.4       .1     43.3     54.8     28.9
       .1     86.6     58.2     23.9  65903.8  67817.9
     -14.6      55.5       1.4      83.5
      -2.9      22.9      -4.4      23.6
      -2.3      18.6      -4.6       8.5
      -2.2      17.2      -4.8       6.7
 67435   .000000  -.975916  -.218146
 111994.6  12327.1       .1     43.3     54.8     28.9
       .1     86.6     58.4     23.8  68368.7  70122.3
     -15.2      53.9        .8      88.8
      -2.7      23.9      -4.4      26.1
      -2.8      20.0      -4.8       9.1
      -2.8      18.6      -4.8       6.8
 67436   .000000  -.977227  -.212198
 115055.0  12320.4       .1     43.3     54.8     28.9
       .1     86.6     58.5     23.9  70720.6  72831.3
     -16.7      54.0       3.0      88.7
      -3.0      23.4      -3.3      27.2
      -2.7      18.6      -4.5       9.5
      -2.6      17.5      -4.8       6.8
 67437   .000000  -.978434  -.206558
 118270.5  12364.0       .1     43.3     54.8     28.9
       .1     86.6     58.6     23.8  72401.5  73646.1
     -13.9      47.0        .1      94.9
      -3.1      22.4      -3.9      27.0
      -2.8      17.1      -4.6       9.1
      -2.3      15.8      -4.7       6.8
 67438   .000000  -.979549  -.201205
 121383.3  12303.7       .1     43.3     54.8     28.9
       .1     86.6     58.7     23.7  74930.6  76665.4
      -9.6      45.4      -1.2      93.2
      -2.9      23.2      -4.1      29.0
      -2.5      18.5      -4.4       8.7
      -2.6      17.5      -4.5       6.6
 67439   .000000  -.980581  -.196116
 124288.0  12252.6       .1     43.3     54.8     28.9
       .1     86.6     58.3     23.7  76328.2  78288.8
     -13.4      53.2      13.5      89.3
      -3.0      24.2      -4.1      27.0
      -3.0      19.9      -4.5       9.1
      -2.5      18.9      -4.7       7.0
 67440   .000000  -.981537  -.191274
 127370.4  12361.5       .1     43.3     54.8     28.9
       .1     86.6     58.4     23.6  78590.2  80667.7
     -13.0      51.5       -.9      92.0
      -3.5      23.8      -3.7      29.1
      -2.5      18.5      -4.5      10.3
      -2.6      17.4      -4.7       6.7
 67441   .000000  -.982424  -.186661
 130616.3  12310.4       .1     43.3     54.8     28.9
       .1     86.6     58.4     23.5  81390.4  83671.6
     -11.0      48.6       -.1      97.5
      -3.2      21.7      -3.7      29.4
      -2.3      16.9      -4.5       9.1
      -2.8      15.6      -4.7       6.5
 67442   .000000  -.983250  -.182261
 133923.3  12487.4       .1     43.3     54.8     28.9
       .1     86.6     58.6     23.6  82855.8  85041.8
      -9.7      48.6       4.2     100.4
      -3.0      23.6      -3.4      30.6
      -2.1      18.4      -4.4       9.4
      -2.5      17.2      -4.8       7.3
 67443   .000000  -.984020  -.178061
 136752.9  12309.4       .1     43.3     54.8     28.9
       .1     86.6     58.7     23.5  85567.6  87371.5
     -13.3      49.6       2.1      99.1
      -3.0      23.9      -3.6      31.2
      -2.5      19.8      -4.4      10.1
      -2.8      18.6      -4.5       7.2
 67444   .000000  -.984737  -.174047
 140273.8  12363.7       .1     43.3     54.8     28.9
       .1     86.6     58.1     23.5  87085.3  89576.2
     -14.5      50.9       2.3      94.1
      -3.5      23.5      -3.7      32.3
      -3.1      18.6      -4.5      10.5
      -2.7      17.3      -4.7       7.1
 67445   .000000  -.985408  -.170207
 143330.2  12351.0       .1     43.3     54.8     28.9
       .1     86.6     58.6     23.5  89522.4  91951.9
     -14.0      52.5      -2.4      97.7
      -3.2      22.4      -4.0      30.4
      -2.5      17.0      -4.3       9.8
      -2.7      15.7      -4.5       6.9
 67446   .000000  -.986036  -.166531
 146186.5  12493.5       .1     43.3     54.8     28.9
       .1     86.6     58.8     23.5  90988.5  93631.2
     -10.9      49.2      -1.5      97.6
      -3.3      23.1      -3.7      32.5
      -2.5      18.8      -4.3      10.1
      -2.4      17.4      -4.5       6.9
 67447   .000000  -.986625  -.163008
 149865.9  12421.5       .1     43.3     54.8     28.9
       .1     86.6     58.7     23.4  94371.6  96858.7
     -14.0      53.4       3.1     100.7
      -3.3      23.9      -3.4      33.5
      -2.6      19.7      -4.4       9.9
      -2.4      18.9      -4.6       6.6
 67448   .000000  -.987696  -.156385
 155500.3  12411.1       .1     43.3     54.8     28.9
       .1     86.6     58.8     23.4  99348.2 101695.4
     -10.4      48.2      -6.7      97.3
      -3.3      22.1      -3.8      33.1
      -2.8      17.1      -4.2       9.8
      -2.6      15.9      -4.6       6.9
 67449   .000000  -.988644  -.150274
 162404.5  12336.8       .1     43.3     54.8     28.9
       .1     86.6     58.9     23.3 102676.2 105386.7
     -11.5      42.8       1.7     104.1
      -3.5      24.4      -3.0      35.3
      -2.8      19.9      -4.4      10.8
      -2.4      19.0      -4.6       6.9
 67450   .000000  -.989488  -.144617
 168912.3  12432.1       .1     43.3     54.8     28.9
       .1     86.6     59.0     23.2 107929.5 110727.8
     -16.6      52.9       3.8     106.6
      -3.6      23.2      -4.0      36.5
      -2.6      17.2      -4.3      11.4
      -2.3      15.8      -4.4       7.0
 67451   .000000  -.990241  -.139367
 175085.9  12447.8       .1     43.3     54.8     28.9
       .1     86.6     59.0     23.1 112206.4 114816.0
     -14.5      51.7       3.1     104.9
      -3.5      25.0      -3.1      39.2
      -2.4      20.1      -4.3      11.8
      -2.5      19.0      -4.4       7.4
 67452   .000000  -.990916  -.134481
 181470.4  12347.8       .1     43.3     54.8     28.9
       .1     86.6     58.9     23.2 114807.7 117869.5
     -16.5      56.9       6.6     104.0
      -3.9      24.0      -3.2      37.7
      -2.8      17.2      -4.1      13.2
      -2.9      15.8      -4.4       7.0
 67453   .000000  -.991524  -.129924
 187482.6  12387.6       .1     43.3     54.8     28.9
       .1     86.6     59.1     23.2 119827.7 123734.4
     -10.6      52.5       2.0     110.9
      -3.4      25.9      -3.1      39.8
      -2.8      19.9      -4.2      12.4
      -2.7      19.1      -4.3       7.1
 67454   .000000  -.992073  -.125663
 194177.2  12416.6       .1     43.3     54.8     28.9
       .1     86.6     59.1     23.0 123805.7 127473.1
     -13.9      54.9       9.4     108.9
      -3.5      23.2      -2.9      37.9
      -2.6      17.3      -4.2      12.3
      -2.5      16.0      -4.3       8.1
 67455   .000000  -.992571  -.121670
 200535.5  12421.6       .1     43.3     54.8     28.9
       .1     86.6     59.4     23.1 128698.0 132807.6
      -8.9      45.0       4.4     110.6
      -3.7      25.1      -2.8      41.4
      -2.7      19.8      -3.9      12.6
      -2.3      19.3      -4.1       7.9
 67456   .000000  -.993023  -.117921
 206917.8  12548.3       .1     43.3     54.8     28.9
       .1     86.6     59.3     22.9 133904.8 137745.1
     -18.4      50.4       7.2     110.9
      -3.5      23.5      -2.6      40.0
      -2.6      17.1      -4.0      13.2
      -2.9      15.9      -4.3       7.4
 67457   .000000  -.993435  -.114396
 213264.8  12607.5       .1     43.3     54.8     28.9
       .1     86.6     59.3     22.9 138327.0 141371.2
     -15.1      53.3       3.4     115.7
      -3.9      25.5      -2.7      44.1
      -2.3      20.3      -4.0      13.0
      -2.3      19.2      -4.2       7.9
 67458   .000000  -.993812  -.111073
 219406.8  12489.1       .1     43.3     54.8     28.9
       .1     86.6     59.1     22.9 141673.5 145578.9
     -10.8      40.9      -3.8     105.9
      -3.5      21.8      -2.2      42.6
      -2.8      17.6      -4.1      13.4
      -2.7      16.0      -4.3       8.0
 67459   .000000  -.994158  -.107937
 225830.3  12502.9       .1     43.3     54.8     28.9
       .1     86.6     59.1     22.7 146530.5 149837.6
      -9.5      39.2       8.5     123.1
      -3.5      24.4      -3.0      43.7
      -2.8      19.9      -3.8      14.2
      -2.9      19.1      -4.1       8.3
 67460   .000000  -.994475  -.104972
 232243.9  12500.1       .1     43.3     54.8     28.9
       .1     86.6     59.1     22.8 151939.7 155683.9
      -6.6      35.3       9.1     120.0
      -3.7      22.1      -2.9      43.2
      -2.7      17.2      -3.9      14.3
      -2.4      16.0      -4.3       7.8
 67461   .903278   .000000  -.429057
  56684.4  10818.2       .0     39.8     54.8     28.9
       .0     82.4     54.8     57.7  32076.6  33079.3
       2.2      82.4       8.3      44.9
       -.5      29.4        .7      21.2
        .0       5.2       1.0      15.0
       -.1       5.0       1.1      12.9
 67462   .887877   .000000  -.460082
  52801.8  11340.6       .1     39.8     54.8     28.9
       .1     82.5     54.8     57.7  29475.6  30488.5
       2.9      79.6       8.8      41.7
        .3      28.1       1.0      19.2
        .0       5.6        .7      13.5
       -.1       5.0        .9      11.7
 67463   .868777   .000000  -.495203
  49432.4  11931.3      -.2     39.8     54.8     28.9
      -.2     82.6     54.8     57.7  27471.4  28085.4
       1.5      79.1       8.7      46.5
       -.3      26.4        .5      20.7
        .0       6.0        .2      14.7
       -.1       5.0        .1      12.4
 67464   .844819   .000000  -.535052
  45660.4  12773.2       .2     39.8     54.8     28.9
       .1     82.7     54.8     57.7  25026.3  25774.8
      -3.5      76.2       8.0      45.0
       -.3      23.4        .2      18.3
       -.1       6.6       -.2      12.6
       -.1       5.0       -.3      10.7
 67465   .814421   .000000  -.580275
  42216.1  13988.1       .1     40.0     54.8     28.9
       .0     82.7     54.8     57.7  22583.0  23391.1
      -2.2      74.6       7.8      48.1
        .3      19.4       -.4      19.8
        .3       5.0      -1.0      13.5
        .0       5.0      -1.2      11.2
 67466   .775436   .000000  -.631426
  39095.1  15530.1      -.2     39.7     54.8     28.9
      -.3     82.7     55.5      5.4  20817.4  21500.0
       1.3      75.9       5.9      47.2
       -.3      15.8      -1.3      17.7
       -.2       5.0      -1.7      11.7
       -.1       5.0      -1.7       9.7
 67467   .724999   .000000  -.688749
  36096.5  18074.9      -.1     40.0     54.8     28.9
      -.1     82.9     55.4     12.1  18670.2  19556.2
        .3      77.1       6.6      46.1
        .3      18.1      -2.7      17.6
       -.2       5.0      -3.0      11.6
        .0       5.0      -3.2       9.8
 67468   .659438   .000000  -.751759
  33372.0  21531.4       .0     40.0     54.8     28.9
       .0     83.0     55.3     24.7  17151.7  17575.0
       1.2      75.9       5.9      51.3
      -1.0      16.0      -3.6      15.6
       -.2       5.0      -3.9      10.7
        .1       5.0      -4.1       8.8
 67469   .574426   .000000  -.818557
  30787.5  24688.2       .2     40.2     55.2      8.9
       .2     83.1     55.1     37.4  15183.3  15905.8
        .5      70.9       5.2      52.5
       -.1      13.9      -3.8      10.6
        .0       5.0      -4.1       7.5
        .0       5.0      -4.3       6.5
 67470   .465746   .000000  -.884918
  28555.8  23530.3       .0     40.2     53.7     20.4
       .1     83.2     53.6     49.2  14264.3  14724.4
      -1.2      72.7       8.6      62.8
        .7      11.0      -4.4       7.5
        .1       5.0      -4.6       4.7
        .1       5.0      -4.7       4.1
 67471   .331088   .000000  -.943600
  26696.4  21870.1       .1     40.5     53.6     21.9
       .1     83.4     53.5     50.6  12825.5  13380.7
       2.4      70.4       3.6      66.3
        .4      11.5      -1.7       9.3
       -.1       5.0      -2.1       5.2
        .0       5.0      -2.9       4.8
 67472   .254493   .000000  -.967075
  25931.9  21383.7       .3     40.5     55.2     17.2
       .2     83.5     55.1     45.9  12571.2  13205.2
        .8      70.4       1.3      54.0
       -.2      10.5      -3.6       7.8
        .1       5.0      -3.9       6.1
        .2       5.0      -4.7       5.6
 67473   .172799   .000000  -.984957
  25491.7  20924.5       .3     40.4     55.3     11.4
       .3     83.5     55.1     40.0  12398.2  12824.0
      -2.2      70.7        .0      46.1
        .0      11.1      -4.8       9.5
       -.1       5.0      -4.8       7.2
        .0       5.0      -5.5       6.5
 67474   .087384   .000000  -.996175
  24889.5  18654.1      -.2     40.7     54.5      5.8
      -.2     83.6     54.9     34.0  11992.7  12478.7
      -3.4      69.5      -2.9      38.9
       -.2      10.9      -5.4      11.0
        .0       5.0      -5.5       8.3
       -.2       5.0      -5.9       7.6
 67475   .000000   .000000 -1.000000
  24800.4  16672.6      -.4     40.7     52.2      3.2
      -.4     83.7     55.1     28.0  11940.1  12369.4
      -6.8      67.6      -5.2      36.9
        .6      10.8      -6.7      13.6
       -.2       5.0      -6.3       9.6
        .0       5.0      -6.6       8.7
 67476  -.087384   .000000  -.996175
  24741.3  14858.9       .0     40.5     54.8     28.9
       .0     83.6     54.7     22.1  12197.2  12573.1
       1.1      65.4      -5.8      37.8
        .0       9.6      -7.5      15.8
       -.1       5.0      -7.0      10.9
        .0       5.0      -7.2       9.4
 67477  -.172799   .000000  -.984957
  24966.6  12763.2      -.1     40.7     54.8     28.9
      -.1     83.6     54.8     16.2  12321.7  12675.7
      -1.9      67.4      -7.9      37.6
        .2       8.0      -7.1      17.4
       -.1       5.0      -7.0      12.3
       -.2       5.0      -7.3      10.7
 67478  -.254493   .000000  -.967075
  25311.4  12106.7      -.5     40.7     54.8     28.9
      -.5     83.7     54.6     10.8  12361.9  12846.0
       2.4      67.5      -8.5      38.0
       -.1      10.4      -7.0      17.9
       -.4       5.0      -6.5      13.1
       -.1       5.0      -7.1      11.5
 67479  -.331088   .000000  -.943600
  25872.7  10954.5       .0     40.5     54.8     28.9
       .0     83.6     54.3      6.9  12530.8  13192.8
        .8      73.9      -6.7      39.0
        .3       9.7      -6.2      17.7
       -.3       5.0      -5.9      13.0
        .0       5.0      -6.6      12.1
 67480  -.465746   .000000  -.884918
  27572.2   9832.6      -.1     40.8     54.8     28.9
      -.1     83.8     54.8     57.7  13923.6  14528.1
      -1.1      75.0      -7.8      41.2
        .3      14.2      -6.7      20.3
        .0       5.0      -6.0      14.6
        .0       5.0      -6.7      13.0
 67481  -.574426   .000000  -.818557
  29713.6   8945.6       .2     40.8     54.8     28.9
       .2     83.7     54.8     57.7  15354.4  15818.1
       1.0      76.0      -9.4      39.1
        .9      12.7      -5.2      20.5
        .2       5.0      -5.2      15.1
       -.2       5.0      -5.7      14.0
 67482  -.659438   .000000  -.751759
  32378.2   8470.4       .1     40.8     54.8     28.9
       .1     83.6     54.8     57.7  16935.4  17564.1
       -.6      75.0      -8.1      39.2
      -1.5      14.9      -5.1      21.0
        .1       5.0      -4.4      15.3
        .2       5.0      -5.3      14.0
 67483  -.724999   .000000  -.688749
  35439.3   8207.7       .0     40.6     54.8     28.9
       .0     83.6     54.8     57.7  18849.6  19415.5
      -3.5      74.5      -8.4      38.6
        .4      16.2      -3.8      21.4
        .2       5.0      -3.8      16.2
       -.2       5.0      -4.8      15.0
 67484  -.775436   .000000  -.631426
  38307.0   7994.7       .1     40.4     54.8     28.9
       .0     83.4     54.8     57.7  20995.7  21607.8
       1.2      74.7      -6.7      37.3
       -.5      17.9      -3.9      21.1
        .0       5.0      -3.4      16.1
       -.1       5.0      -4.0      14.7
 67485  -.814421   .000000  -.580275
  41934.7   7868.5       .0     40.5     54.8     28.9
       .0     83.3     54.8     57.7  22725.4  23541.0
       3.3      76.7      -9.0      38.6
       -.7      22.1      -3.6      22.1
       -.2       7.8      -3.1      16.7
        .3       5.0      -3.8      15.7
 67486  -.844819   .000000  -.535052
  45474.2   7784.4       .1     40.3     54.8     28.9
       .0     83.1     54.8     57.7  25182.2  25854.3
       -.8      76.0      -8.2      37.0
        .0      22.8      -3.4      21.4
        .0       6.2      -2.9      16.7
       -.2       5.0      -3.4      14.7
 67487  -.868777   .000000  -.495203
  48984.4   7646.4      -.2     40.3     54.8     28.9
      -.2     83.1     54.8     57.7  27463.7  28350.3
       1.6      78.5      -6.6      36.6
       -.4      22.5      -2.6      21.9
       -.3       5.9      -2.8      17.3
        .2       5.0      -2.9      15.6
 67488  -.887877   .000000  -.460082
  52681.0   7611.1       .1     40.2     54.8     28.9
       .2     82.9     54.8     57.7  29911.1  30692.2
       -.2      77.6      -8.2      35.7
       1.0      26.8      -2.6      21.6
        .0       5.9      -2.5      16.4
       -.1       5.0      -2.9      15.0
 67489  -.903278   .000000  -.429057
  56555.0   7640.2       .0     40.0     54.8     28.9
       .2     82.8     54.8     57.7  32301.5  33334.4
       3.2      82.3      -8.0      36.8
       -.1      28.9      -2.3      21.9
        .1       5.5      -1.9      17.5
        .0       5.0      -2.7      15.8
 67490   .840060  -.367526  -.399028
  60957.0  11782.7       .1     43.3     54.8     28.9
       .6     16.1     54.8     57.7  34451.7  35758.6
      -7.5      62.0       9.6      44.6
      -2.7      24.1        .8      20.7
      -2.2      15.8        .7      14.9
      -2.5      13.0        .7      13.0
 67491   .817505  -.390173  -.423616
  57524.8  12324.9       .1     43.3     54.8     28.9
       .5     16.4     54.8     57.7  32377.0  33499.2
      -4.8      59.9       9.0      46.3
      -2.4      24.5        .6      19.5
      -2.6      15.8        .6      13.1
      -2.2      13.3        .3      11.5
 67492   .790440  -.414981  -.450551
  54067.4  13227.2       .1     43.3     54.8     28.9
       .7     16.7     54.8     57.7  29997.4  31308.2
      -9.7      60.6      10.1      47.6
      -2.9      24.9        .3      20.4
      -2.2      15.9       -.3      14.0
      -2.5      13.2       -.4      11.9
 67493   .757796  -.442047  -.479937
  50978.4  14338.9       .1     43.3     54.8     28.9
       .6     17.0     54.8     57.7  28598.1  29227.4
      -9.0      58.7       9.1      49.5
      -2.9      25.2       -.4      18.5
      -2.7      16.3       -.4      12.5
      -2.6      13.6       -.4      10.5
 67494   .718269  -.471364  -.511767
  47936.7  15668.5       .1     43.3     54.8     28.9
       .6     17.6     54.8     57.7  26202.0  27038.5
      -8.7      60.1       8.8      50.4
      -3.4      25.5       -.7      19.5
      -2.7      16.6      -1.3      12.8
      -2.9      13.7      -1.5      10.8
 67495   .670317  -.502738  -.545830
  44969.8  17650.2       .1     43.3     54.8     28.9
       .4     17.9     52.4      6.7  24624.0  25274.9
     -10.1      59.8       9.8      54.3
      -3.2      25.9      -1.9      17.6
      -2.7      17.0      -1.9      11.6
      -2.8      13.8      -2.1       9.5
 67496   .612205  -.535679  -.581595
  42282.5  19143.0       .1     43.3     54.8     28.9
       .0     18.4     55.3     11.4  22812.0  23442.5
      -7.2      58.5       4.3      50.0
      -3.1      26.3      -2.8      17.2
      -3.1      16.9      -2.8      10.8
      -2.9      13.9      -3.3       9.0
 67497   .542159  -.569267  -.618061
  39733.8  19421.9       .1     43.3     54.8     28.9
       .3     19.0     55.2     23.8  21122.9  21906.1
      -9.0      58.1       6.2      51.7
      -3.5      26.6      -3.9      15.1
      -3.2      17.2      -4.0       9.8
      -3.3      14.2      -4.3       8.2
 67498   .458673  -.602008  -.653609
  37888.9  18780.2       .1     43.3     55.0      8.2
       .1     19.3     55.0     36.6  19822.5  20525.8
      -8.3      56.6       5.2      51.3
      -3.4      26.8      -3.7      10.9
      -3.3      17.7      -4.1       7.3
      -3.6      14.2      -4.5       6.3
 67499   .361020  -.631785  -.685938
  36162.2  17931.2       .1     43.3     53.7     19.9
      -.1     19.6     53.6     48.7  18556.3  19264.1
      -9.7      58.0       3.3      67.3
      -4.0      26.9      -4.1      10.7
      -3.9      18.1      -4.4       4.4
      -3.8      14.5      -4.8       4.1
 67500   .249898  -.655981  -.712208
  34601.2  17058.4       .1     43.3     54.2     21.4
      -.3     19.9     54.2     50.0  17994.7  18504.3
     -11.4      56.6       1.5      69.8
      -3.8      27.2      -1.7      13.4
      -3.9      17.8      -2.0       5.9
      -3.8      14.8      -2.2       5.2
 67501   .190037  -.665130  -.722141
  34214.8  16872.2       .1     43.3     55.7     16.6
      -.3     20.0     55.8     45.3  17875.9  18483.7
     -10.7      60.9       2.9      64.2
      -4.2      27.3      -3.0      11.5
      -3.8      18.2      -3.5       6.1
      -3.8      14.7      -4.0       5.7
 67502   .127982  -.671905  -.729496
  33919.0  16715.7       .1     43.3     56.0     10.7
       .1     20.1     56.0     39.3  17431.8  17958.7
     -12.0      59.4       1.2      56.8
      -4.1      27.0      -4.7      10.4
      -3.9      18.3      -4.4       7.0
      -3.5      14.8      -4.8       6.3
 67503   .064388  -.676070  -.734019
  33705.0  16489.0       .1     43.3     55.5      4.9
      -.3     20.2     56.0     33.1  17324.4  17862.7
     -12.5      56.9      -3.7      47.7
      -3.7      27.9      -5.0      11.2
      -3.8      18.1      -5.0       8.0
      -3.4      14.8      -5.3       7.2
 67504   .000000  -.677476  -.735545
  33336.2  16274.3       .1     43.3     50.7      3.2
      -.3     20.4     55.7     26.9  17148.6  17755.2
     -10.8      59.1      -3.0      45.5
      -4.2      27.7      -6.0      13.3
      -3.4      18.1      -6.0       8.9
      -3.4      14.9      -6.1       7.9
 67505  -.064388  -.676070  -.734019
  33533.9  16100.8       .1     43.3     54.8     28.9
       .7     20.4     55.9     20.6  17104.7  17650.7
     -11.4      58.4      -5.9      46.5
      -3.6      27.7      -6.2      15.1
      -3.4      18.1      -6.3      10.1
      -3.4      14.7      -6.7       8.7
 67506  -.127982  -.671905  -.729496
  33468.0  15691.7       .1     43.3     54.8     28.9
      -.1     20.4     55.7     14.7  17443.8  17903.3
     -11.8      55.5      -4.9      39.3
      -4.1      27.1      -6.5      16.0
      -3.1      18.1      -6.2      11.1
      -3.2      15.1      -6.5       9.6
 67507  -.190037  -.665130  -.722141
  33769.4  15211.4       .1     43.3     54.8     28.9
       .0     20.4     55.9      8.8  17724.0  18167.0
      -8.5      57.2      -5.0      41.3
      -3.9      27.3      -6.3      16.5
      -3.5      18.1      -5.7      11.6
      -3.0      14.7      -6.1      10.2
 67508  -.249898  -.655981  -.712208
  34338.6  13895.4       .1     43.3     54.8     28.9
      -.4     20.2     55.0      5.3  17884.4  18480.6
     -10.8      57.4      -5.5      39.9
      -3.8      26.6      -5.2      15.9
      -3.1      18.0      -5.0      11.4
      -3.2      14.8      -5.8      10.4
 67509  -.361020  -.631785  -.685938
  35534.2  12712.9       .1     43.3     54.8     28.9
       .7     20.1     54.8     57.7  18611.8  19225.8
     -10.2      59.0      -7.5      38.5
      -3.2      26.8      -6.0      18.8
      -3.0      17.5      -5.5      13.2
      -2.9      14.7      -5.9      11.7
 67510  -.458673  -.602008  -.653609
  37222.7  11463.8       .1     43.3     54.8     28.9
       .2     19.6     54.8     57.7  19796.7  20488.1
      -9.0      59.6      -6.6      39.6
      -3.1      26.6      -4.4      18.3
      -2.4      17.5      -4.1      13.8
      -2.7      14.5      -5.0      12.5
 67511  -.542159  -.569267  -.618061
  39480.8  10255.2       .1     43.3     54.8     28.9
       .2     19.2     54.8     57.7  21058.7  21722.8
      -9.1      58.6      -7.9      40.2
      -2.4      26.3      -4.3      19.9
      -2.4      17.4      -4.3      14.6
      -2.4      14.2      -4.7      13.1
 67512  -.612205  -.535679  -.581595
  41910.1   9720.5       .1     43.3     54.8     28.9
       .1     18.5     54.8     57.7  22828.4  23565.8
      -8.3      58.8      -6.4      37.7
      -3.1      26.4      -3.7      19.8
      -2.0      16.9      -3.1      15.0
      -2.3      14.1      -3.9      14.1
 67513  -.670317  -.502738  -.545830
  44549.3   9226.7       .1     43.3     54.8     28.9
       .5     18.4     54.8     57.7  24332.9  24981.7
      -6.9      57.1      -5.9      37.3
      -2.8      26.2      -3.7      20.7
      -1.9      16.7      -3.2      15.6
      -2.0      13.8      -3.8      13.8
 67514  -.718269  -.471364  -.511767
  47400.1   8863.8       .1     43.3     54.8     28.9
       .4     17.7     54.8     57.7  26385.2  26955.7
      -5.7      56.9      -7.1      37.1
      -2.1      25.2      -3.0      20.5
      -2.0      16.1      -3.1      16.1
      -1.9      13.6      -3.1      15.1
 67515  -.757796  -.442047  -.479937
  50494.5   8685.2       .1     43.3     54.8     28.9
       .6     17.3     54.8     57.7  28191.4  28994.4
      -6.7      57.6      -6.1      36.2
      -2.7      24.8      -3.4      20.9
      -1.9      15.8      -2.7      15.9
      -1.4      13.3      -2.6      14.3
 67516  -.790440  -.414981  -.450551
  53936.1   8446.9       .1     43.3     54.8     28.9
       .6     16.8     54.8     57.7  31034.4  31823.6
      -5.7      57.7      -5.7      35.5
      -2.3      24.7      -2.7      21.4
      -1.9      15.8      -2.2      16.7
      -1.5      13.2      -2.6      15.5
 67517  -.817505  -.390173  -.423616
  57245.1   8341.8       .1     43.3     54.8     28.9
       .7     16.5     54.8     57.7  32840.8  33775.4
      -9.1      63.7      -6.4      34.1
      -2.4      24.5      -2.8      21.2
      -1.9      15.4      -2.3      16.4
      -1.8      13.1      -2.4      15.0
 67518  -.840060  -.367526  -.399028
  60706.7   8241.1       .1     43.3     54.8     28.9
       .4     16.3     54.8     57.7  34833.5  35770.3
      -6.6      60.1      -6.1      34.7
      -1.9      24.3      -1.8      21.2
      -1.6      15.3      -1.7      16.7
      -1.4      12.8      -2.5      15.7
 67519   .708659  -.620076  -.336613
  72436.7  13756.1       .1     43.3     54.8     28.9
       .1     86.6     54.8     57.7  42025.5  43271.5
      -9.5      54.5       8.0      45.5
      -2.6      22.4       1.1      20.6
      -2.0      17.2        .5      14.1
      -1.9      15.6        .4      12.1
 67520   .677337  -.646549  -.350984
  69519.3  14391.2       .1     43.3     54.8     28.9
       .1     86.6     54.8     57.7  40635.0  41816.5
     -10.5      55.2      10.3      48.7
      -2.2      22.5        .8      19.2
      -2.0      16.9        .3      12.4
      -2.0      15.8        .1      10.6
 67521   .641844  -.673936  -.365851
  66892.7  14956.5       .1     43.3     54.8     28.9
       .1     86.6     54.8     57.7  38402.5  39847.4
     -12.7      59.4       8.8      50.5
      -2.1      22.9        .2      19.8
      -1.9      17.3       -.2      13.1
      -1.8      15.9       -.6      11.1
 67522   .601687  -.701968  -.381068
  64234.0  15578.2       .1     43.3     54.8     28.9
       .1     86.6     54.8     57.7  36906.8  38044.8
      -9.5      55.6       6.1      47.5
      -2.5      22.6       -.1      18.5
      -2.1      17.2       -.8      11.6
      -1.9      16.0       -.7       9.9
 67523   .556388  -.730259  -.396426
  61816.6  15478.1       .1     43.3     54.8     28.9
       .1     86.6     54.8     57.7  35330.3  36218.6
     -11.9      55.1       8.6      58.0
      -2.2      22.5       -.9      18.8
      -2.2      17.7      -1.5      11.8
      -2.4      16.0      -1.5       9.6
 67524   .505524  -.758286  -.411641
  59488.5  15147.6       .1     43.3     54.8     28.9
       .1     86.6     54.8     57.7  33990.7  34822.4
     -11.6      53.7       6.4      56.0
      -1.9      22.4      -2.2      17.4
      -2.1      17.6      -2.2      10.7
      -2.0      16.3      -2.3       8.9
 67525   .448787  -.785377  -.426348
  57622.5  14888.5       .1     43.3     54.8     28.9
       .1     86.6     55.2      9.6  32497.1  33512.9
     -10.0      54.2       6.3      57.3
      -2.7      22.8      -2.1      17.3
      -2.3      17.9      -3.0      10.0
      -2.5      16.5      -3.1       8.1
 67526   .386057  -.810720  -.440105
  55625.9  14371.8       .1     43.3     54.8     28.9
       .1     86.6     55.1     22.4  31204.8  32007.7
     -11.1      52.9       3.0      61.0
      -2.6      22.7      -4.1      16.5
      -2.8      17.9      -4.2       9.0
      -2.6      16.8      -4.4       7.4
 67527   .317480  -.833386  -.452409
  54164.1  14160.3       .1     43.3     55.1      7.1
       .1     86.6     54.8     35.3  29892.4  31065.3
     -12.1      51.3       3.9      67.1
      -2.9      22.8      -3.5      14.4
      -2.6      18.1      -4.1       6.9
      -2.8      17.0      -4.2       6.0
 67528   .243541  -.852392  -.462727
  52876.2  13653.7       .1     43.3     53.9     19.3
       .1     86.6     53.7     47.9  29447.2  30251.5
     -10.6      49.4       3.5      77.7
      -2.5      23.1      -3.2      21.6
      -2.6      18.1      -4.6       5.6
      -2.9      16.9      -4.7       4.1
 67529   .165103  -.866792  -.470544
  52096.5  13627.9       .1     43.3     55.0     20.8
       .1     86.6     55.0     49.3  29274.2  29977.8
     -12.2      49.8       5.4      83.7
      -2.8      23.1      -1.6      22.6
      -2.5      17.8      -1.1       7.5
      -2.7      16.9      -2.0       5.7
 67530   .124573  -.872008  -.473376
  51706.7  13338.8       .1     43.3     56.5     15.9
       .1     86.6     56.7     44.6  28362.9  29176.5
     -10.0      49.4       6.5      75.0
      -2.9      23.3      -2.9      19.4
      -2.8      18.3      -2.8       6.8
      -2.8      17.2      -3.1       6.0
 67531   .083409  -.875791  -.475429
  51558.0  13284.3       .1     43.3     57.1      9.8
       .1     86.6     57.2     38.2  28546.5  29612.8
     -12.9      53.1      -1.3      66.8
      -3.1      23.0      -3.6      15.2
      -2.5      18.2      -3.9       7.1
      -3.2      17.2      -4.3       6.3
 67532   .041814  -.878085  -.476675
  51293.4  13208.5       .1     43.3     56.8      3.8
       .1     86.6     57.2     31.9  28121.4  29156.6
     -12.1      52.1        .1      60.1
      -3.0      23.0      -4.5      14.2
      -2.6      18.4      -4.6       7.6
      -2.8      17.2      -4.9       6.8
 67533   .000000  -.878853  -.477092
  51341.9  13332.9       .1     43.3     54.8     28.9
       .1     86.6     57.1     25.5  28269.8  29269.5
     -11.2      48.0      -2.0      54.9
      -2.0      23.2      -5.7      13.8
      -2.2      18.4      -5.3       8.4
      -2.7      17.0      -5.5       7.2
 67534  -.041814  -.878085  -.476675
  51497.7  13231.9       .1     43.3     54.8     28.9
       .1     86.6     57.2     18.9  28193.8  29142.2
     -10.2      52.6      -4.1      55.0
      -2.7      23.2      -5.9      15.4
      -2.4      18.2      -5.6       8.9
      -2.6      17.4      -5.8       7.6
 67535  -.083409  -.875791  -.475429
  51540.2  13402.9       .1     43.3     54.8     28.9
       .1     86.6     57.0     12.5  29220.6  29697.7
     -12.6      53.3      -2.9      52.6
      -2.2      23.4      -5.1      15.3
      -2.7      18.2      -5.4       9.7
      -2.7      17.2      -5.4       8.1
 67536  -.124573  -.872008  -.473376
  51640.2  13287.3       .1     43.3     54.8     28.9
       .1     86.6     56.9      6.4  28732.1  29668.9
     -13.1      55.0      -2.7      50.5
      -2.8      23.2      -4.7      16.1
      -2.4      18.2      -4.7       9.9
      -2.6      17.3      -4.9       8.5
 67537  -.165103  -.866792  -.470544
  51847.0  13437.6       .1     43.3     54.8     28.9
       .1     86.6     55.1      4.1  29049.4  29748.3
     -10.0      51.8      -2.7      49.2
      -2.4      23.0      -4.3      14.3
      -2.5      18.5      -4.3       9.5
      -2.5      17.3      -4.3       8.1
 67538  -.243541  -.852392  -.462727
  52808.1  13546.5       .1     43.3     54.8     28.9
       .1     86.6     54.8     57.7  29347.9  30388.9
      -8.7      49.9      -2.9      45.5
      -2.4      23.3      -4.4      17.0
      -2.1      18.4      -4.6      11.6
      -2.4      17.2      -4.9       9.8
 67539  -.317480  -.833386  -.452409
  54116.4  13407.0       .1     43.3     54.8     28.9
       .1     86.6     54.8     57.7  29565.6  30807.7
     -12.0      52.6      -3.4      40.8
      -2.1      23.3      -3.3      15.8
      -1.9      18.4      -3.1      11.3
      -2.3      17.1      -3.7       9.8
 67540  -.386057  -.810720  -.440105
  55320.0  13252.5       .1     43.3     54.8     28.9
       .1     86.6     54.8     57.7  30786.5  31491.2
     -11.8      54.0      -7.5      43.2
      -2.5      23.5      -4.1      18.7
      -2.1      18.1      -3.9      12.8
      -1.9      17.2      -3.7      11.2
 67541  -.448787  -.785377  -.426348
  56999.2  12769.3       .1     43.3     54.8     28.9
       .1     86.6     54.8     57.7  32728.4  33554.6
     -10.8      51.9      -6.2      40.2
      -1.5      23.0      -2.5      17.0
      -1.9      18.1      -2.6      12.5
      -2.3      16.7      -3.0      11.3
 67542  -.505524  -.758286  -.411641
  59121.3  11695.5       .1     43.3     54.8     28.9
       .1     86.6     54.8     57.7  33620.1  35070.3
     -10.3      52.9      -4.6      38.1
      -2.1      23.0      -3.2      19.0
      -1.7      17.8      -2.9      13.8
      -2.1      16.7      -3.1      12.3
 67543  -.556388  -.730259  -.396426
  61509.3  11432.3       .1     43.3     54.8     28.9
       .1     86.6     54.8     57.7  35318.9  36170.6
     -12.3      53.9      -5.0      40.1
      -2.0      23.0      -2.3      18.7
      -1.8      17.6      -2.0      13.9
      -1.7      16.3      -2.7      12.7
 67544  -.601687  -.701968  -.381068
  63772.3  11044.3       .1     43.3     54.8     28.9
       .1     86.6     54.8     57.7  37089.4  38160.7
      -9.8      55.6      -6.6      39.4
      -1.7      22.8      -2.5      19.1
      -1.5      17.5      -2.2      14.5
      -1.6      16.2      -2.6      12.9
 67545  -.641844  -.673936  -.365851
  66355.6  10601.5       .1     43.3     54.8     28.9
       .1     86.6     54.8     57.7  38816.0  39651.2
     -11.4      56.2      -7.3      38.4
      -1.9      23.2      -2.3      19.2
      -1.6      17.2      -1.8      14.6
      -1.5      15.9      -2.3      13.4
 67546  -.677337  -.646549  -.350984
  69003.3  10178.6       .1     43.3     54.8     28.9
       .1     86.6     54.8     57.7  40106.9  41285.8
      -9.0      55.9      -6.3      35.5
      -1.8      22.6      -2.3      19.7
      -1.4      17.2      -1.8      15.0
      -1.4      15.8      -2.2      13.3
 67547  -.708659  -.620076  -.336613
  71956.2   9670.9       .1     43.3     54.8     28.9
       .1     86.6     54.8     57.7  42068.2  43166.6
      -9.0      56.6      -6.9      36.5
      -1.5      22.6      -1.7      19.6
      -1.5      17.4      -1.5      15.5
      -1.6      15.7      -1.8      14.2
 67548   .482910  -.845093  -.229382
 106225.7  14026.2       .1     43.3     54.8     28.9
       .1     86.6     54.8     57.7  64485.3  66396.4
     -13.5      52.3       8.7      52.3
      -2.8      21.9       1.4      21.0
      -1.7      16.1        .5      12.4
      -1.7      14.4        .5      10.0
 67549   .451149  -.861285  -.233777
 104212.4  13922.0       .1     43.3     54.8     28.9
       .1     86.6     54.8     57.7  63053.4  64796.8
     -11.2      50.5       5.1      58.5
      -2.7      22.1       1.0      19.9
      -1.9      16.1        .3      11.2
      -2.1      14.8        .3       9.5
 67550   .417577  -.876913  -.238019
 102559.3  13737.5       .1     43.3     54.8     28.9
       .1     86.6     54.8     57.7  62395.1  63642.4
     -13.2      51.1       9.7      60.2
      -2.5      22.0        .4      20.2
      -2.3      16.3       -.1      11.2
      -2.2      14.9       -.1       9.3
 67551   .382204  -.891810  -.242063
 100680.6  13397.7       .1     43.3     54.8     28.9
       .1     86.6     54.8     57.7  60073.4  62266.3
     -12.6      49.7      10.0      63.1
      -2.9      21.6        .1      21.0
      -2.0      16.4       -.5      10.6
      -2.1      14.8       -.6       8.6
 67552   .345068  -.905804  -.245861
  99219.7  13183.4       .1     43.3     54.8     28.9
       .1     86.6     54.8     57.7  59574.4  61247.8
     -10.9      53.9       8.3      70.1
      -2.8      21.2       -.2      21.9
      -2.3      16.6      -1.0      10.3
      -1.9      14.7      -1.3       8.1
 67553   .306238  -.918714  -.249365
  97867.9  13086.2       .1     43.3     54.8     28.9
       .1     86.6     54.8     57.7  59485.1  61124.7
     -14.4      53.7       7.3      71.6
      -2.8      21.5      -1.4      21.3
      -2.3      16.5      -2.3       9.6
      -2.1      14.7      -2.1       7.6
 67554   .265817  -.930361  -.252527
  96718.5  12790.6       .1     43.3     54.8     28.9
       .1     86.6     55.6      7.6  57923.5  59686.0
     -12.8      51.5       6.0      73.4
      -2.8      21.5      -2.1      22.1
      -2.5      16.6      -2.7       8.9
      -2.4      15.3      -2.9       7.1
 67555   .223945  -.940570  -.255298
  95681.3  12807.9       .1     43.3     54.8     28.9
       .1     86.6     55.2     20.7  57210.4  58798.8
     -14.7      51.6       6.6      79.3
      -3.0      21.6      -3.3      23.0
      -2.5      16.7      -4.3       8.2
      -2.6      15.1      -4.4       6.5
 67556   .180796  -.949177  -.257634
  95049.2  12641.6       .1     43.3     55.0      5.7
       .1     86.6     54.6     34.1  56978.4  58544.8
     -14.4      50.4       5.4      86.6
      -2.8      21.7      -3.7      25.3
      -2.2      17.0      -3.9       7.8
      -2.5      15.1      -4.1       5.8
 67557   .136577  -.956038  -.259496
  93933.1  12504.0       .1     43.3     53.7     18.5
       .1     86.6     53.6     46.9  56139.4  57783.8
     -12.0      49.8       2.2      99.8
      -3.3      22.0      -1.3      37.6
      -2.6      16.6      -4.2       7.9
      -2.8      15.0      -4.6       4.2
 67558   .091527  -.961030  -.260851
  93647.0  12491.6       .1     43.3     55.2     20.1
       .1     86.6     55.3     48.5  55763.9  57696.5
     -16.7      54.4       6.5     103.4
      -3.3      22.3       -.9      43.7
      -2.2      16.7       -.7      13.3
      -2.4      15.6      -1.2       7.2
 67559   .068771  -.962796  -.261330
  93345.3  12384.9       .1     43.3     57.5     15.0
       .1     86.6     57.5     43.6  56208.7  57390.0
     -12.4      51.6       2.4      95.4
      -3.2      21.7      -1.4      32.3
      -2.5      16.9      -2.5       8.5
      -2.4      15.2      -2.6       7.0
 67560   .045908  -.964064  -.261674
  93240.2  12370.7       .1     43.3     58.4      9.0
       .1     86.6     58.3     37.4  55503.2  57523.1
     -12.3      50.6       4.9      88.9
      -3.0      22.0      -2.1      27.8
      -2.3      16.8      -3.5       8.1
      -2.5      15.0      -3.7       6.5
 67561   .022972  -.964827  -.261882
  93039.7  12380.9       .1     43.3     57.9      2.6
       .1     86.6     58.0     30.9  56150.2  57747.1
     -11.2      49.0      -1.0      85.4
      -3.2      21.9      -3.3      24.0
      -2.7      16.9      -4.1       8.5
      -2.8      15.3      -4.3       6.7
 67562   .000000  -.965081  -.261951
  92998.7  12441.2       .1     43.3     54.8     28.9
       .1     86.6     57.8     24.1  56156.7  57375.3
     -12.4      52.4        .5      78.9
      -3.2      21.8      -4.3      21.9
      -2.5      16.9      -4.9       8.4
      -2.6      15.4      -5.1       7.1
 67563  -.022972  -.964827  -.261882
  93344.8  12364.0       .1     43.3     54.8     28.9
       .1     86.6     57.9     17.4  56090.4  57451.6
     -11.9      48.4      -1.9      75.7
      -3.0      22.5      -4.4      23.8
      -2.6      16.9      -4.8       8.8
      -2.5      15.2      -4.8       6.9
 67564  -.045908  -.964064  -.261674
  93322.4  12400.2       .1     43.3     54.8     28.9
       .1     86.6     57.8     10.8  55960.5  57213.3
     -12.8      51.6        .5      69.9
      -3.1      22.1      -4.1      21.0
      -2.6      16.8      -4.4       8.7
      -2.3      15.4      -4.4       7.0
 67565  -.068771  -.962796  -.261330
  93324.1  12531.6       .1     43.3     54.8     28.9
       .1     86.6     57.7      4.2  56187.0  57395.6
     -12.2      49.2       -.9      71.5
      -3.0      22.2      -3.9      19.3
      -2.3      16.9      -3.8       8.4
      -2.5      15.4      -3.8       7.0
 67566  -.091527  -.961030  -.260851
  93193.0  12479.3       .1     43.3     54.8     28.9
       .1     86.6     54.8     57.7  56362.2  57650.7
     -11.3      52.4      -2.1      64.9
      -3.0      22.3      -4.1      17.5
      -2.3      17.1      -3.8       8.7
      -2.4      15.4      -3.9       7.0
 67567  -.136577  -.956038  -.259496
  94083.8  12510.4       .1     43.3     54.8     28.9
       .1     86.6     54.8     57.7  56043.4  57856.3
     -14.5      52.0      -4.8      65.5
      -2.9      22.4      -3.8      18.6
      -2.4      17.0      -3.5       9.9
      -2.6      15.7      -3.7       8.1
 67568  -.180796  -.949177  -.257634
  94524.6  12589.7       .1     43.3     54.8     28.9
       .1     86.6     54.8     57.7  56740.9  58173.9
     -10.6      47.3      -5.1      55.9
      -2.8      21.5      -3.1      16.3
      -2.2      17.0      -2.6       8.9
      -2.5      15.3      -2.8       7.5
 67569  -.223945  -.940570  -.255298
  95404.5  12660.3       .1     43.3     54.8     28.9
       .1     86.6     54.8     57.7  57805.2  59057.8
     -12.7      52.1      -5.0      53.9
      -2.8      21.8      -3.2      18.5
      -2.5      16.8      -2.9      10.8
      -2.1      15.3      -2.8       8.7
 67570  -.265817  -.930361  -.252527
  96382.6  12790.8       .1     43.3     54.8     28.9
       .1     86.6     54.8     57.7  58344.9  60008.3
     -11.8      52.9      -3.9      49.7
      -3.0      21.9      -2.0      15.7
      -2.1      16.9      -1.8       9.7
      -2.3      15.3      -1.9       8.3
 67571  -.306238  -.918714  -.249365
  97754.1  13016.9       .1     43.3     54.8     28.9
       .1     86.6     54.8     57.7  58755.9  60301.6
     -11.7      52.3      -6.6      50.3
      -2.7      21.6      -2.5      17.8
      -1.9      16.8      -2.3      11.4
      -2.2      15.1      -2.4       9.8
 67572  -.345068  -.905804  -.245861
  98959.2  13118.9       .1     43.3     54.8     28.9
       .1     86.6     54.8     57.7  59787.5  60939.9
     -12.7      52.2      -2.8      48.4
      -2.6      21.6      -1.8      15.5
      -2.0      16.8      -1.4      10.7
      -2.0      15.2      -1.5       9.2
 67573  -.382204  -.891810  -.242063
 100528.4  13130.4       .1     43.3     54.8     28.9
       .1     86.6     54.8     57.7  61411.0  62684.2
     -11.7      53.6      -6.4      45.6
      -2.4      21.8      -2.0      18.0
      -1.9      16.5      -1.8      12.2
      -1.7      14.9      -1.9      10.6
 67574  -.417577  -.876913  -.238019
 102334.7  13156.2       .1     43.3     54.8     28.9
       .1     86.6     54.8     57.7  62550.5  63883.0
     -11.1      53.8      -6.2      41.2
      -2.8      22.2      -1.6      16.6
      -1.9      16.5      -1.0      11.5
      -1.8      14.7      -1.3      10.2
 67575  -.451149  -.861285  -.233777
 104146.2  13047.4       .1     43.3     54.8     28.9
       .1     86.6     54.8     57.7  62201.5  64462.9
     -13.5      55.3      -6.7      42.0
      -2.6      22.1      -1.9      18.2
      -1.7      16.1      -1.4      12.8
      -2.0      14.7      -1.6      11.1
 67576  -.482910  -.845093  -.229382
 106026.9  13125.1       .1     43.3     54.8     28.9
       .1     86.6     54.8     57.7  64748.7  66173.6
     -13.1      50.9      -5.2      41.8
      -2.6      22.3      -1.3      17.2
      -2.1      16.2      -1.1      12.2
      -1.9      14.7      -1.0      11.3
 67577   .337328  -.927651  -.160231
 152100.2  13190.0       .1     43.3     54.8     28.9
       .1     86.6     54.8     57.7  94615.4  97800.5
     -14.2      53.7       9.4      65.5
      -3.4      23.2       1.8      24.7
      -2.2      16.7       1.0      10.8
      -2.3      15.2        .9       8.7
 67578   .312066  -.936198  -.161707
 150782.5  13046.1       .1     43.3     54.8     28.9
       .1     86.6     54.8     57.7  94372.4  96400.5
     -14.1      55.4       8.9      67.7
      -3.3      23.5       1.3      24.2
      -2.1      16.9        .5      10.8
      -2.5      15.8        .6       8.4
 67579   .286124  -.944211  -.163091
 149546.6  13008.7       .1     43.3     54.8     28.9
       .1     86.6     54.8     57.7  93264.8  95667.7
     -10.6      49.0       9.4      70.8
      -3.3      22.2       1.0      25.4
      -2.2      17.1        .3      10.4
      -2.3      15.4        .2       8.0
 67580   .259539  -.951641  -.164374
 148289.7  12809.7       .1     43.3     54.8     28.9
       .1     86.6     54.8     57.7  93103.5  95919.8
     -15.0      56.3       1.8      78.0
      -2.7      22.9        .3      26.3
      -2.3      16.9       -.3       9.8
      -2.3      15.6       -.5       7.6
 67581   .232349  -.958440  -.165549
 147086.9  12771.6       .1     43.3     54.8     28.9
       .1     86.6     54.8     57.7  93666.9  95327.4
     -13.5      50.0       9.2      79.1
      -2.9      22.5        .0      26.9
      -2.5      17.1       -.9       8.9
      -2.1      15.4       -.9       7.2
 67582   .204604  -.964562  -.166606
 146265.0  12630.2       .1     43.3     54.8     28.9
       .1     86.6     54.8     57.7  92612.2  94381.5
     -12.6      48.2       7.8      88.5
      -3.5      23.0      -1.1      27.1
      -2.5      16.9      -2.0       9.2
      -2.4      15.6      -2.1       7.0
 67583   .176357  -.969963  -.167539
 145845.2  12614.4       .1     43.3     54.8     28.9
       .1     86.6     55.4      6.3  90961.0  93070.9
      -9.6      48.6       4.1      91.0
      -3.6      23.3       -.9      30.3
      -2.7      17.0      -2.5       8.9
      -2.3      15.8      -2.6       6.4
 67584   .147667  -.974605  -.168341
 144876.9  12432.2       .1     43.3     54.8     28.9
       .1     86.6     54.9     19.8  90415.8  93474.7
     -14.1      48.9       5.5      95.2
      -3.2      22.3      -2.7      30.4
      -2.4      17.0      -4.1       9.4
      -2.3      15.8      -4.3       6.4
 67585   .118600  -.978453  -.169006
 144063.0  12360.6       .1     43.3     55.0      4.9
       .1     86.6     54.5     33.2  89292.9  92406.9
     -13.3      48.3      -4.4     104.4
      -3.7      22.6      -2.4      37.5
      -2.5      17.3      -3.8       9.5
      -2.5      15.7      -4.0       5.9
 67586   .089225  -.981478  -.169528
 143786.2  12382.4       .1     43.3     54.0     18.0
       .1     86.6     53.5     46.2  90512.9  92612.3
     -13.8      50.1       3.3     117.3
      -3.2      22.6      -1.9      50.5
      -2.3      17.0      -4.1      14.1
      -2.8      15.7      -4.2       6.1
 67587   .059616  -.983656  -.169904
 143600.0  12454.0       .1     43.3     55.7     20.2
       .1     86.6     55.7     47.9  88915.9  91718.3
     -13.3      51.8       4.4     117.6
      -3.6      22.3       -.9      57.4
      -2.5      17.1       -.4      19.2
      -2.6      15.8      -1.0       8.8
 67588   .044746  -.984421  -.170036
 143373.9  12397.3       .1     43.3     58.2     14.6
       .1     86.6     58.0     43.0  89196.5  91669.7
     -12.3      52.4       -.3     118.8
      -3.6      22.6       -.6      46.9
      -2.6      17.1      -1.9      15.1
      -2.8      15.8      -2.5       7.8
 67589   .029848  -.984969  -.170131
 143095.3  12323.5       .1     43.3     59.0      8.5
       .1     86.6     58.8     36.8  89215.1  92100.1
     -14.3      51.9       1.4     108.2
      -3.7      23.1      -2.3      39.2
      -2.6      17.2      -3.1      11.8
      -2.3      15.7      -3.6       7.1
 67590   .014929  -.985299  -.170188
 143678.0  12411.6       .1     43.3     58.5      2.0
       .1     86.6     58.6     30.2  89910.8  91923.0
     -14.9      50.7       1.4     103.7
      -3.1      22.8      -2.7      35.0
      -2.5      17.3      -3.8      11.4
      -2.2      15.6      -4.1       7.0
 67591   .000000  -.985408  -.170207
 143139.8  12455.1       .1     43.3     54.8     28.9
       .1     86.6     59.2     23.4  88805.7  91892.8
     -11.7      52.8       1.1      97.4
      -3.6      22.7      -3.5      31.6
      -2.7      17.0      -4.3       9.5
      -2.2      16.0      -4.3       7.5
 67592  -.014929  -.985299  -.170188
 143309.3  12364.2       .1     43.3     54.8     28.9
       .1     86.6     58.5     16.5  89233.4  91661.2
     -13.0      46.6       -.2      97.3
      -3.9      22.7      -3.4      32.7
      -2.6      16.9      -4.4       9.3
      -2.7      15.7      -4.4       7.0
 67593  -.029848  -.984969  -.170131
 143300.6  12283.6       .1     43.3     54.8     28.9
       .1     86.6     58.5      9.9  90668.0  92495.8
     -11.9      47.9       4.9      91.1
      -3.8      22.5      -3.5      28.6
      -2.7      17.0      -3.9       8.8
      -2.3      15.7      -3.9       6.7
 67594  -.044746  -.984421  -.170036
 143045.3  12390.8       .1     43.3     54.8     28.9
       .1     86.6     58.3      3.2  89610.0  92062.3
     -14.9      51.7       4.7      86.4
      -3.3      22.5      -3.1      26.8
      -2.7      17.2      -3.2       9.1
      -2.5      15.9      -3.4       6.7
 67595  -.059616  -.983656  -.169904
 143772.1  12468.0       .1     43.3     54.8     28.9
       .1     86.6     54.8     57.7  89995.7  92459.6
     -10.4      48.6        .0      89.9
      -3.5      23.3      -3.2      28.3
      -2.4      17.4      -3.6       8.7
      -2.5      15.7      -3.5       7.1
 67596  -.089225  -.981478  -.169528
 143903.1  12331.2       .1     43.3     54.8     28.9
       .1     86.6     54.8     57.7  89689.8  91940.5
     -12.4      49.2       -.9      80.1
      -3.0      22.9      -2.9      25.4
      -2.3      17.4      -3.1       9.1
      -2.4      15.8      -3.1       7.2
 67597  -.118600  -.978453  -.169006
 144395.7  12467.5       .1     43.3     54.8     28.9
       .1     86.6     54.8     57.7  90100.6  92852.1
     -10.2      47.6       -.7      74.7
      -3.4      22.9      -2.8      22.9
      -2.5      17.1      -2.4       8.9
      -2.5      15.7      -2.4       6.7
 67598  -.147667  -.974605  -.168341
 144941.7  12595.1       .1     43.3     54.8     28.9
       .1     86.6     54.8     57.7  90772.9  92626.2
     -13.7      55.1      -2.7      67.8
      -2.8      23.0      -2.5      21.5
      -2.4      17.3      -2.4       9.7
      -2.0      15.6      -2.2       8.0
 67599  -.176357  -.969963  -.167539
 145544.7  12539.8       .1     43.3     54.8     28.9
       .1     86.6     54.8     57.7  90030.5  92801.6
     -12.5      50.7      -5.2      59.9
      -3.1      23.1      -1.9      20.7
      -2.6      17.0      -1.7       8.9
      -2.4      16.0      -1.8       7.0
 67600  -.204604  -.964562  -.166606
 146253.0  12692.4       .1     43.3     54.8     28.9
       .1     86.6     54.8     57.7  91817.7  93642.3
     -13.5      46.6      -4.8      63.6
      -2.9      22.4      -2.2      20.4
      -2.3      17.1      -1.9      10.3
      -2.4      15.6      -2.1       8.5
 67601  -.232349  -.958440  -.165549
 147244.2  12675.2       .1     43.3     54.8     28.9
       .1     86.6     54.8     57.7  92659.8  95448.6
     -10.9      47.1      -4.1      61.4
      -2.6      22.2      -1.3      17.3
      -2.1      17.1      -1.0       9.2
      -2.2      16.0      -1.1       7.6
 67602  -.259539  -.951641  -.164374
 148140.4  12777.1       .1     43.3     54.8     28.9
       .1     86.6     54.8     57.7  93682.6  95295.5
     -12.6      50.5      -7.6      54.9
      -2.8      23.4      -1.9      20.1
      -2.2      17.1      -1.6      10.8
      -2.5      15.7      -1.6       9.1
 67603  -.286124  -.944211  -.163091
 149423.2  12849.5       .1     43.3     54.8     28.9
       .1     86.6     54.8     57.7  94485.5  96963.6
     -13.3      47.1      -6.7      48.6
      -2.7      22.0      -1.2      17.8
      -2.0      17.3       -.6      10.1
      -2.4      15.6       -.7       8.2
 67604  -.312066  -.936198  -.161707
 150371.4  13023.9       .1     43.3     54.8     28.9
       .1     86.6     54.8     57.7  95587.6  98210.8
     -12.8      49.9      -6.6      46.1
      -2.6      22.6      -1.7      18.8
      -2.2      16.7      -1.2      11.0
      -2.2      15.6      -1.2       9.5
 67605  -.337328  -.927651  -.160231
 152005.6  13097.2       .1     43.3     54.8     28.9
       .1     86.6     54.8     57.7  95522.8  98503.4
      -9.7      49.5      -4.9      42.7
      -3.3      22.5      -1.2      16.8
      -1.8      16.7       -.4      10.2
      -2.2      15.7       -.6       8.8
