Dot1_150x100_prd2017clk:@-350V,3.8T@90d,253K,rhe=1.10,rhh=0.7,0.00/0.00         
  6805   1  3.80  60   5  29   0  350.00  253.00     .00  .8000  1750.0    -.14   78.35  150.000  100.000  285.000  2500.0    -.07   39.17    1.50    1.00     .85
 74001   .000000   .000000 -1.000000
  26532.4  22073.5       .2     42.3     39.0     13.4
       .2     85.1     38.9     41.7   5856.3   6746.5
       5.6      72.5       1.0      42.4
        .4      17.9        .3      10.5
        .8       5.5        .0       8.7
        .0       5.0        .2       9.4
 74002   .000000  -.130455  -.991454
  26601.0  22275.3      -.1     36.7     38.9     13.7
       .0     79.2     39.0     41.8   6130.2   7059.4
       1.4      59.6        .1      40.7
       -.3       6.9        .3      10.5
        .0       5.0        .6       8.8
        .0       5.0        .5       9.7
 74003   .000000  -.254493  -.967075
  26933.3  22841.4      -.2     30.7     39.0     13.8
      -.2     72.1     39.0     41.5   6157.4   6931.5
      -5.1      51.2       1.8      39.9
       -.1      11.7        .6      11.0
        .1       8.6        .3       8.5
       -.2       9.1        .2       9.7
 74004   .000000  -.367167  -.930155
  27758.2  22906.3      -.3     24.8     38.7     13.9
      -.1     64.5     38.8     41.5   6854.6   7754.4
      -5.4      48.2       1.1      42.2
       -.2      15.5        .1      11.1
        .5      12.8        .5       8.7
        .0      13.3        .3       9.5
 74005   .000000  -.465746  -.884918
  28997.0  22006.1       .2     19.1     38.8     13.7
      -.1     56.8     38.7     41.3   7163.7   7925.0
      -5.7      49.1        .5      43.4
       -.3      19.7        .2      10.5
        .1      16.3        .2       8.6
       -.1      17.9        .2       9.4
 74006   .000000  -.549617  -.835417
  30525.3  20730.6       .3     15.2     38.7     13.5
      -.3     48.6     38.7     40.9   7536.4   8738.5
      -4.0      49.1       1.3      40.0
       -.7      24.2        .0      11.3
       -.1      20.4        .3       8.5
        .1      21.5        .4       9.0
 74007   .000000  -.619644  -.784883
  32598.3  19045.3       .5     17.0     38.9     13.1
       .1     40.5     38.7     40.4   8997.7  10031.2
      -5.4      57.4       2.4      45.1
       -.3      30.0        .0      11.1
       -.2      25.3        .5       8.7
       -.2      25.7        .2       9.0
 74008   .000000  -.677476  -.735545
  34655.0  17600.6       .7     30.2     38.8     12.6
      -.5     31.7     38.7     40.1   9980.9  10938.3
      -7.8      61.9       1.2      45.1
       -.4      34.2        .0      11.7
       -.3      29.0        .3       8.4
       -.2      30.0        .2       8.7
 74009   .000000  -.724999  -.688749
  37051.1  16546.8      -.1     43.3     38.8     12.2
       .0     23.7     38.8     39.7  11752.8  12822.6
      -4.8      59.9       2.0      47.1
       -.9      35.4        .1      12.4
        .2      30.7        .2       8.2
        .3      32.8        .4       8.5
 74010   .000000  -.764030  -.645181
  39570.5  15695.2      -.1     43.3     38.6     11.6
      -.2     17.8     38.6     39.2  12679.8  14114.2
      -7.1      59.7        .4      47.7
       -.3      34.4        .2      12.0
       -.8      29.5        .0       8.0
        .0      33.2        .3       7.9
 74011   .000000  -.796162  -.605083
  42056.2  15181.4      -.1     43.3     38.8     11.5
      -.4     16.7     38.5     39.1  13910.1  15365.3
      -4.7      58.2       1.7      52.7
       -.5      31.8        .1      12.2
        .2      29.0        .3       7.8
       -.2      31.9        .3       7.6
 74012   .000000  -.822730  -.568432
  44839.1  14743.8      -.1     43.3     38.6     11.1
      -.8     37.4     38.5     38.7  15372.1  16575.0
      -7.8      54.9       1.0      50.2
        .3      30.2        .2      10.8
       -.2      27.5        .2       7.6
        .3      30.8        .4       7.4
 74013   .000000  -.844819  -.535052
  47772.2  14412.1      -.1     43.3     38.6     10.6
      -.1     86.6     38.5     38.4  17415.6  18727.7
      -7.7      54.2        .9      55.4
       -.2      28.8        .1      11.9
       -.6      27.3        .1       7.8
       -.1      28.8        .4       7.3
 74014   .000000  -.863297  -.504697
  50632.0  14197.0      -.1     43.3     38.5     10.3
      -.1     86.6     38.5     38.3  19210.7  20578.6
      -7.4      53.8       2.7      56.8
       -.5      28.7        .3      13.3
       -.1      25.7        .2       7.5
        .5      26.9        .4       7.2
 74015   .000000  -.878853  -.477092
  53609.8  13936.5      -.1     43.3     38.3     10.0
      -.1     86.6     38.4     38.0  20535.2  22301.0
      -8.0      50.8       1.2      55.8
      -1.0      29.6       -.2      13.3
        .0      26.9        .2       7.3
       -.1      27.4        .2       6.8
 74016   .000000  -.892036  -.451965
  56579.4  13689.4      -.1     43.3     38.5      9.9
      -.1     86.6     38.4     37.8  22114.9  23599.0
      -6.5      55.9       2.1      56.4
       -.4      31.0        .1      14.3
       -.6      29.1        .0       7.9
        .0      31.2        .2       6.7
 74017   .000000  -.903278  -.429057
  59574.7  13623.9      -.1     43.3     38.6      9.6
      -.1     86.6     38.5     37.5  24880.1  26340.4
      -6.7      52.8        .3      58.3
       -.3      30.8        .5      13.5
       -.4      27.9        .1       7.7
       -.1      30.2        .2       6.9
 74018   .000000  -.912924  -.408131
  62703.9  13545.5      -.1     43.3     38.6      9.4
      -.1     86.6     38.5     37.4  25621.4  27449.8
      -5.8      52.4       1.6      57.1
       -.3      29.8        .1      15.2
       -.1      26.8        .2       7.1
       -.1      28.2        .2       6.4
 74019   .000000  -.921250  -.388972
  66057.2  13404.4      -.1     43.3     38.8      9.2
      -.1     86.6     38.5     37.1  27626.9  29135.5
      -9.6      54.4       2.4      62.3
       -.8      30.1       -.1      15.0
        .4      26.9        .3       7.2
       -.1      27.7        .2       6.1
 74020   .000000  -.928477  -.371391
  68988.8  13341.1      -.1     43.3     38.6      9.0
      -.1     86.6     38.6     37.2  29751.6  31365.4
      -8.3      55.8       1.9      63.8
       -.5      31.5        .3      15.7
        .4      29.7        .3       7.1
       -.2      30.7        .3       6.1
 74021   .000000  -.934784  -.355218
  72442.6  13351.4      -.1     43.3     38.5      8.8
      -.1     86.6     38.7     37.1  31055.2  33332.7
      -8.6      56.1       1.8      65.7
       -.6      31.6        .3      17.8
       -.7      29.1        .1       7.4
       -.4      30.7        .3       5.8
 74022   .000000  -.940315  -.340305
  75846.9  13354.6      -.1     43.3     38.5      8.7
      -.1     86.6     38.5     36.7  33501.6  35164.1
      -8.8      51.8       4.1      66.4
       -.9      30.6       -.4      18.7
       -.2      27.3        .2       8.4
       -.4      28.5        .3       6.3
 74023   .000000  -.945190  -.326520
  78871.8  13244.8      -.1     43.3     38.6      8.6
      -.1     86.6     38.6     36.9  35391.2  36999.4
      -8.3      51.9        .6      67.0
       -.7      30.6        .1      17.2
       -.8      27.8        .3       7.4
       -.5      28.6        .2       6.0
 74024   .000000  -.949506  -.313750
  82056.0  13172.8      -.1     43.3     38.6      8.4
      -.1     86.6     38.6     36.6  35821.5  38858.2
     -10.0      53.0        .1      70.5
       -.7      32.3        .0      18.7
       -.1      30.4        .5       7.4
       -.3      31.6        .3       5.6
 74025   .000000  -.953342  -.301892
  85528.7  13156.8      -.1     43.3     38.5      8.3
      -.1     86.6     38.8     36.5  38824.9  40983.5
      -7.6      51.4       1.7      66.8
      -1.0      32.5       -.5      18.9
       -.6      29.7        .1       7.9
       -.5      32.2        .3       5.4
 74026   .000000  -.956767  -.290857
  88866.2  13223.1      -.1     43.3     38.5      8.1
      -.1     86.6     38.5     36.3  39606.7  41922.9
      -7.5      50.8       3.1      75.4
      -1.1      30.7        .3      21.9
       -.3      28.1        .3       8.8
       -.4      28.7        .3       5.5
 74027   .000000  -.959834  -.280567
  92315.1  13113.5      -.1     43.3     38.7      8.1
      -.1     86.6     38.7     36.2  43043.1  44832.7
      -7.2      53.1       1.1      72.9
      -1.1      31.2        .0      20.9
       -.3      27.8        .2       7.7
       -.3      28.7        .3       5.7
 74028   .000000  -.962593  -.270952
  95846.0  13178.8      -.1     43.3     38.7      8.0
      -.1     86.6     38.7     36.2  44281.7  46775.5
     -11.6      53.7       2.0      74.5
       -.9      31.6        .3      19.6
       -.7      29.9        .2       7.1
       -.4      31.2        .3       5.8
 74029   .000000  -.965081  -.261951
  98968.7  13121.3      -.1     43.3     38.6      7.9
      -.1     86.6     38.5     36.2  46657.2  48919.6
      -8.4      54.7       -.9      77.2
      -1.4      32.6        .6      24.4
       -.3      29.7        .2       7.1
       -.5      31.6        .4       5.4
 74030   .000000  -.967333  -.253508
 102368.6  13210.5      -.1     43.3     38.5      7.8
      -.1     86.6     38.6     35.9  47904.7  50741.9
     -10.2      50.3        .4      72.3
      -1.4      31.0        .3      23.5
       -.7      28.7        .2       9.3
       -.8      29.2        .2       5.8
 74031   .000000  -.969377  -.245576
 105467.7  13070.2      -.1     43.3     38.5      7.7
      -.1     86.6     38.5     36.1  49397.0  52682.9
      -9.0      54.2      -1.6      81.4
      -1.2      31.4        .0      25.8
       -.5      28.3        .1       8.7
       -.6      28.9        .3       5.8
 74032   .000000  -.971238  -.238110
 108751.4  13133.9      -.1     43.3     38.7      7.7
      -.1     86.6     38.6     36.1  51483.4  54510.7
      -8.8      52.6       6.2      75.7
      -2.1      33.5        .0      25.8
       -.7      31.4        .1       9.4
       -.3      32.1        .2       5.1
 74033   .000000  -.972937  -.231072
 112245.4  13125.8      -.1     43.3     38.8      7.7
      -.1     86.6     38.6     35.7  54008.9  56055.5
      -7.9      55.4       1.1      84.4
      -1.2      32.9        .5      25.4
       -.6      30.6        .1       9.7
       -.8      32.1        .3       5.5
 74034   .000000  -.974491  -.224428
 115650.2  13160.5      -.1     43.3     38.6      7.6
      -.1     86.6     38.7     35.8  56079.7  59860.4
     -11.2      52.7      -1.5      82.9
      -1.1      31.8       -.3      27.5
       -.6      28.9        .2      11.5
       -.6      29.4        .2       6.3
 74035   .000000  -.975916  -.218146
 118878.0  13245.6      -.1     43.3     38.8      7.5
      -.1     86.6     38.7     35.7  56672.4  60035.3
      -8.7      49.8       2.6      84.9
      -1.4      31.8        .4      27.3
       -.5      28.2        .3      10.6
       -.5      28.9        .1       5.6
 74036   .000000  -.977227  -.212198
 122105.2  13129.6      -.1     43.3     38.6      7.5
      -.1     86.6     38.8     35.6  61108.3  63923.2
      -9.7      53.5       5.4      83.1
      -1.1      32.3        .5      27.6
       -.7      30.3        .2       9.2
      -1.1      31.1        .1       6.6
 74037   .000000  -.978434  -.206558
 125687.7  13093.5      -.1     43.3     38.6      7.4
      -.1     86.6     38.7     35.5  61710.5  65508.8
      -9.1      49.4       -.7      85.2
      -1.2      32.4        .2      29.6
       -.6      30.6        .3      10.8
      -1.1      31.3        .2       6.4
 74038   .000000  -.979549  -.201205
 128692.0  13139.2      -.1     43.3     38.7      7.3
      -.1     86.6     38.8     35.6  62114.5  66126.3
      -8.9      52.0        .1      85.4
      -1.5      31.4        .5      28.3
       -.8      29.1        .1      10.6
      -1.0      29.5        .3       6.0
 74039   .000000  -.980581  -.196116
 132447.6  13090.0      -.1     43.3     38.8      7.2
      -.1     86.6     38.6     35.6  66346.9  68415.7
      -9.0      55.5       7.1      90.4
      -1.5      31.6        .7      30.1
       -.3      27.8        .1      10.5
       -.5      29.1        .2       6.3
 74040   .000000  -.981537  -.191274
 136172.2  13195.4      -.1     43.3     38.8      7.2
      -.1     86.6     38.7     35.5  68651.6  72461.5
     -10.2      54.2       2.4      92.2
      -1.5      33.0        .6      30.4
      -1.1      31.6        .3      11.6
       -.6      32.2        .2       5.8
 74041   .000000  -.982424  -.186661
 139526.1  13181.9      -.1     43.3     38.5     10.4
      -.1     86.6     38.7     35.6  71186.2  74555.5
      -9.8      54.1       5.3      87.8
      -1.3      33.3        .2      31.8
        .0      30.8        .2      11.4
       -.7      32.5        .2       6.9
 74042   .000000  -.983250  -.182261
 142689.1  13163.0      -.1     43.3     38.9      7.0
      -.1     86.6     38.6     35.2  73341.8  76678.2
      -5.2      48.4       3.2      87.3
      -1.3      32.0        .3      31.5
      -1.0      29.0       -.1      12.2
       -.7      29.4        .3       6.5
 74043   .000000  -.984020  -.178061
 145799.6  13356.3      -.1     43.3     38.7      7.0
      -.1     86.6     38.7     35.1  72238.4  75906.8
     -11.1      53.2       1.1      90.7
      -1.9      31.0        .1      33.5
       -.7      28.2        .2      11.1
      -1.1      29.0        .3       5.9
 74044   .000000  -.984737  -.174047
 149586.3  13140.5      -.1     43.3     38.6      7.0
      -.1     86.6     38.9     35.2  73602.9  78844.3
      -8.9      47.9        .2      90.1
      -1.6      33.1        .8      34.3
      -1.1      31.0        .1      13.8
       -.7      31.1        .3       6.3
 74045   .000000  -.985408  -.170207
 152977.4  13183.2      -.1     43.3     38.6      6.9
      -.1     86.6     38.5     35.1  74487.4  80157.5
     -11.6      53.9      -1.3      94.7
      -1.2      32.8        .6      35.1
      -1.6      30.7        .4      12.7
       -.6      31.6        .2       6.6
 74046   .000000  -.986036  -.166531
 156340.3  13141.5      -.1     43.3     38.7      6.9
      -.1     86.6     38.9     35.3  77893.1  82044.8
      -8.2      47.7       1.6      87.3
      -1.3      32.3        .0      33.8
      -1.1      28.3        .4      15.5
      -1.0      29.6        .2       7.0
 74047   .000000  -.986625  -.163008
 159881.1  13129.4      -.1     43.3     38.6      6.9
      -.1     86.6     38.8     35.1  79175.4  85248.7
     -10.5      51.4       4.1      98.5
      -1.6      32.6        .5      36.6
       -.7      28.8        .1      12.9
       -.4      29.4        .2       8.1
 74048   .000000  -.987696  -.156385
 166584.6  13183.0      -.1     43.3     38.9      6.9
      -.1     86.6     38.8     35.1  83942.0  88784.6
     -11.8      56.2       3.2      94.4
      -1.1      34.0       1.1      37.7
       -.9      31.1        .2      13.0
       -.4      32.7        .3       8.1
 74049   .000000  -.988644  -.150274
 173711.6  13188.1      -.1     43.3     38.7      6.8
      -.1     86.6     38.8     35.2  88948.6  94501.8
     -10.1      48.8       2.3      94.7
      -1.2      31.5        .7      38.4
       -.7      28.6        .4      15.9
      -1.3      28.9        .3       8.4
 74050   .000000  -.989488  -.144617
 180376.2  13132.0      -.1     43.3     38.8      6.7
      -.1     86.6     38.8     35.0  94197.2  97953.1
      -9.6      53.3       5.0      92.6
      -1.7      33.2        .5      36.4
      -1.1      31.2        .1      14.8
       -.8      32.3        .3       8.5
 74051   .000000  -.990241  -.139367
 186867.5  13179.5      -.1     43.3     38.8      6.7
      -.1     86.6     38.8     34.9  96326.5 100878.6
      -9.6      53.3       3.2     100.2
      -2.2      32.1        .2      40.0
       -.9      28.6        .1      15.7
       -.5      29.0        .1       9.7
 74052   .000000  -.990916  -.134481
 194233.5  13177.0      -.1     43.3     38.7      6.6
      -.1     86.6     38.8     34.8  98094.3 104668.9
      -8.0      48.8       -.6     103.9
      -1.8      33.7        .2      39.7
       -.9      31.4        .1      16.1
       -.7      32.3        .0       8.8
 74053   .000000  -.991524  -.129924
 201126.1  13199.9      -.1     43.3     38.7      6.6
      -.1     86.6     38.7     34.9 104998.8 110462.6
      -8.6      50.5       1.1      93.1
      -1.5      31.7       -.1      42.4
      -1.3      28.9        .5      15.9
      -1.6      29.6        .0       9.2
 74054   .000000  -.992073  -.125663
 207477.3  13195.9      -.1     43.3     38.9      6.4
      -.1     86.6     38.9     34.6 108069.6 114352.5
      -8.3      51.4      -5.9      98.6
      -1.6      33.4        .1      41.0
      -1.1      30.6        .3      17.0
       -.9      32.4        .0      10.0
 74055   .000000  -.992571  -.121670
 214710.4  13327.3      -.1     43.3     38.9      6.4
      -.1     86.6     38.8     34.7 114470.8 120781.3
     -10.4      52.2      -1.1      91.9
      -2.1      32.5       -.1      42.9
      -1.0      29.2       -.1      18.2
      -1.0      29.6        .3       9.6
 74056   .000000  -.993023  -.117921
 221430.6  13344.5      -.1     43.3     39.0      6.4
      -.1     86.6     38.7     34.5 117627.4 125064.4
     -12.3      56.2      -1.8     108.3
      -2.4      34.3       -.4      43.6
      -1.4      31.0        .3      19.1
       -.6      32.3        .5      11.1
 74057   .000000  -.993435  -.114396
 228650.8  13273.0      -.1     43.3     38.8      6.5
      -.1     86.6     38.8     34.6 120589.7 127213.4
      -6.5      47.5       -.1      99.8
      -1.6      32.3        .6      44.8
      -1.5      28.8        .1      18.6
      -1.1      28.7        .5      11.0
 74058   .000000  -.993812  -.111073
 235185.4  13226.9      -.1     43.3     38.8      6.4
      -.1     86.6     39.1     34.5 124483.7 131859.2
      -5.2      43.7       2.1     103.1
      -2.5      33.7        .6      44.9
       -.4      31.2        .6      18.4
      -1.3      31.8        .4      11.1
 74059   .000000  -.994158  -.107937
 242116.2  13233.9      -.1     43.3     38.8      6.5
      -.1     86.6     39.1     34.6 127927.7 135182.8
      -7.9      43.2       2.7      98.2
      -1.6      31.6        .0      45.5
      -1.4      28.9        .0      20.2
       -.3      29.0        .2      14.5
 74060   .000000  -.994475  -.104972
 249147.1  13278.2      -.1     43.3     39.1     10.2
      -.1     86.6     38.9     34.4 128863.8 139226.1
      -6.4      43.3        .5      99.6
      -1.8      33.3        .6      44.4
       -.7      31.7        .3      21.5
      -1.2      32.3        .3      11.2
 74061   .903278   .000000  -.429057
  59929.4  10653.9       .0     42.1     39.0     28.9
       .0     84.7     39.0     57.7  24975.4  26432.0
       5.7      83.5       7.4      49.4
       1.0      37.1        .6      30.9
       1.3      16.1        .3      26.3
       -.1       7.9       1.3      27.6
 74062   .887877   .000000  -.460082
  56036.0  10894.9      -.1     42.1     39.0     28.9
       .0     84.8     39.0     57.7  22041.1  23627.6
       5.0      81.6       9.2      46.7
       1.7      37.5        .8      28.2
      -2.1      12.2        .0      24.8
       -.5       8.4       1.2      25.8
 74063   .868777   .000000  -.495203
  52066.2  11307.8       .0     42.0     39.0     28.9
       .0     84.8     39.0     57.7  20888.7  21767.8
       -.6      84.0       7.1      50.0
       -.1      31.5        .7      29.0
       -.6      12.6        .6      25.7
        .3       9.5       1.1      26.2
 74064   .844819   .000000  -.535052
  47946.1  11832.9       .1     42.1     39.0     28.9
       .1     84.9     39.0     57.7  18489.9  19713.7
       1.7      85.0       7.4      47.3
      -1.9      30.3        .6      26.5
       1.1      17.5       1.0      23.0
       -.5       7.1        .9      24.2
 74065   .814421   .000000  -.580275
  44597.3  12605.9       .0     42.0     39.0     28.9
       .0     84.9     39.0     57.7  16793.3  18090.0
        .1      77.3       7.4      50.4
      -1.8      28.4        .9      27.6
        .1       6.7        .4      23.5
        .1       5.0       1.4      24.5
 74066   .775436   .000000  -.631426
  40961.5  13792.1       .2     42.1     39.0     28.9
       .2     85.0     41.6     17.8  14471.9  15550.0
       2.3      79.3       7.5      46.4
        .1      26.4       1.2      24.3
        .2      10.4        .9      20.8
        .0       5.0        .9      21.4
 74067   .724999   .000000  -.688749
  37829.6  15261.6       .0     42.0     39.0     28.9
       .0     84.9     39.1     12.6  12846.6  13750.5
      -5.8      78.9       7.6      46.0
        .7      26.2       1.4      23.0
       -.4       5.0        .9      19.9
        .2       5.0       1.3      21.5
 74068   .659438   .000000  -.751759
  35060.1  18022.1       .1     42.0     36.5     20.7
       .1     84.9     39.2     22.2  10769.9  11870.4
      -2.4      81.7       8.2      43.8
       1.5      22.7       1.2      21.4
        .4       6.0       1.0      17.8
       -.1       5.0        .8      18.8
 74069   .574426   .000000  -.818557
  32368.5  23072.3       .3     41.8     39.3      6.7
       .3     84.9     39.1     33.2   7994.7   9166.3
       1.3      78.0       6.2      42.7
      -1.2      19.7        .7      15.3
        .3       5.0        .8      12.6
        .0       5.0       1.2      13.5
 74070   .465746   .000000  -.884918
  30220.4  25316.0       .2     42.2     39.1     15.4
       .2     85.1     39.1     43.8   7150.8   8135.5
       -.5      72.4       6.3      45.5
        .2      18.2        .5      10.0
       -.4       5.0        .8       8.1
        .0       5.0        .9       8.1
 74071   .331088   .000000  -.943600
  28751.9  23746.9      -.2     41.9     38.9     25.1
      -.2     84.9     39.0     53.8   6369.6   6972.8
      -4.4      72.7       9.8      64.3
      -2.0      22.7       1.4      13.0
        .4       5.0        .9       3.0
        .1       5.0       1.0       3.0
 74072   .254493   .000000  -.967075
  28240.4  23103.3       .3     41.8     39.2     26.8
       .3     84.9     39.2     55.3   6200.6   7049.3
       2.6      70.1       4.7      65.0
       1.2      18.0        .3      16.6
        .3       5.0        .9       6.4
        .4       5.0        .3       3.0
 74073   .172799   .000000  -.984957
  27466.9  22570.3      -.3     42.0     39.1     22.3
      -.3     85.0     39.1     51.0   6208.9   6981.7
       -.9      71.2       7.3      51.9
       -.2      18.7        .3       9.3
       -.1       7.5        .2       3.8
        .1       9.1        .2       3.9
 74074   .087384   .000000  -.996175
  27086.5  22320.2       .1     42.3     38.8     17.7
       .1     85.1     38.8     46.2   6028.1   7012.5
        .4      73.7       4.1      46.3
        .2      12.6        .0       8.4
       -.3       6.0        .4       6.0
        .2       5.0        .4       6.3
 74075   .000000   .000000 -1.000000
  26527.7  21981.7       .1     42.2     39.0     13.3
       .0     85.1     38.8     41.7   6282.2   7129.6
       2.0      66.4        .9      39.8
      -2.0      23.1        .2      10.6
       -.1       5.5        .3       8.8
        .2       5.0        .5       9.5
 74076  -.087384   .000000  -.996175
  26264.3  20203.6       .0     42.5     38.9      9.6
       .0     85.3     38.8     37.0   6512.0   7219.6
       2.7      72.2       1.0      35.6
        .3      15.9        .4      13.3
       -.2       8.5        .5      11.4
        .3       5.0        .5      12.2
 74077  -.172799   .000000  -.984957
  26444.1  17114.7       .0     42.1     38.9      7.5
       .1     85.2     38.7     32.2   6721.9   7281.2
       3.5      78.2       -.9      36.6
       -.3      18.6        .4      16.5
       1.1       5.4        .5      14.0
        .1       5.0        .5      15.4
 74078  -.254493   .000000  -.967075
  26794.1  14617.3      -.6     42.2     38.6      7.9
      -.6     85.2     38.9     27.7   7499.4   8140.6
      -3.0      76.1      -2.5      41.2
      -1.0      15.7        .6      20.1
        .4       8.1        .4      16.7
        .1       5.0        .1      18.5
 74079  -.331088   .000000  -.943600
  27154.1  13136.8       .1     42.2     39.6     20.1
       .1     85.2     38.7     22.9   7755.8   8655.8
       5.7      73.9       -.9      44.0
      -1.2      17.2        .3      23.0
        .0       5.0        .1      19.5
        .1       5.0        .3      21.3
 74080  -.465746   .000000  -.884918
  28724.5  11038.9      -.5     42.5     39.0     28.9
      -.4     85.4     38.7     14.8   9016.7   9496.6
       4.6      69.7      -1.4      45.1
       1.2      16.7       -.3      26.2
        .3       5.0        .4      22.2
       -.1       5.0        .1      25.0
 74081  -.574426   .000000  -.818557
  30755.0   9879.8       .0     42.3     39.0     28.9
       .1     85.3     38.6     11.0   9958.6  10639.8
       4.2      74.6      -3.3      48.8
        .0      22.4        .1      27.3
        .9       9.9       -.5      24.3
        .2       5.0       -.1      26.0
 74082  -.659438   .000000  -.751759
  33390.3   9185.9      -.3     42.3     36.5    110.4
      -.3     85.3     34.4     36.5  10873.3  12177.3
      -3.6      75.5      -3.7      51.0
       2.3      24.9       -.5      31.0
      -1.0      14.4        .2      26.6
        .3       5.0       -.3      28.7
 74083  -.724999   .000000  -.688749
  36537.5   8735.2      -.4     42.5     42.7    122.8
      -.3     85.3     39.0     57.7  11773.6  13495.1
       4.0      75.3      -2.9      49.9
       3.5      29.2       -.4      31.0
       -.5       5.7        .2      27.1
        .1       5.0       -.3      29.1
 74084  -.775436   .000000  -.631426
  39982.1   8490.4       .3     42.3     75.7    158.5
       .3     85.3     39.0     57.7  14021.4  15550.4
       -.6      80.2      -5.8      51.8
        .2      30.6       -.3      33.0
       -.9      13.1       -.9      29.8
       -.6       7.2      -1.2      31.1
 74085  -.814421   .000000  -.580275
  43540.3   8357.2      -.1     42.5      1.9    162.8
      -.1     85.4     39.0     57.7  13484.4  15434.2
      -4.4      77.7      -5.0      50.1
       -.7      33.8       -.8      32.5
       2.2      17.4       -.3      28.5
        .1       5.0      -1.1      31.8
 74086  -.844819   .000000  -.535052
  47176.2   8240.3       .3     42.4    -23.4    184.1
       .3     85.2     39.0     57.7  11498.8  15321.2
       1.1      81.5      -4.9      51.7
        .1      34.1       -.8      34.4
        .6      12.3       -.1      30.4
        .1       5.0       -.7      34.3
 74087  -.868777   .000000  -.495203
  51194.5   8093.2      -.1     42.2    -17.7    257.6
      -.1     85.0     39.0     57.7  13640.4  17321.9
        .4      82.3      -6.1      48.6
       2.8      35.2       -.7      33.5
       -.9      14.5       -.7      30.0
        .0       5.0      -1.6      34.9
 74088  -.887877   .000000  -.460082
  55103.4   8109.1       .0     42.4     71.5    217.7
       .0     85.1     39.0     57.7  12945.2  18331.9
        .6      86.6      -6.8      51.4
       1.7      37.8       -.5      35.5
        .8      14.5       -.8      31.5
        .0       5.0      -1.8      36.3
 74089  -.903278   .000000  -.429057
  59016.0   8134.1      -.1     42.2     99.1    263.6
      -.1     84.9     39.0     57.7  15440.9  19942.1
        .0      84.5      -5.6      49.5
       1.1      40.9       -.9      34.9
       -.7      16.2       -.8      30.5
       -.3      13.0      -1.7      36.8
 74090   .840060  -.367526  -.399028
  63021.1  11439.7     28.8     86.2     39.0     28.9
      -.4     23.4     39.0     57.7  25662.2  27773.3
      -2.1      62.2       4.7      47.8
       -.5      28.9        .8      31.5
       -.3      22.4        .3      27.9
        .0      21.2        .0      29.2
 74091   .817505  -.390173  -.423616
  59056.6  11975.5     -7.2     70.3     39.0     28.9
       .0     24.3     39.0     57.7  23626.5  25986.5
      -5.1      58.2       7.8      47.4
       -.6      29.1        .7      29.3
       -.5      23.2        .4      25.9
       -.3      22.0        .5      27.4
 74092   .790440  -.414981  -.450551
  55593.5  12477.3      -.1     43.3     39.0     28.9
      -.3     24.9     39.0     57.7  22040.7  23583.5
      -4.3      57.5       6.8      48.3
       -.1      29.3        .8      29.6
       -.3      23.6        .3      26.1
       -.4      22.9        .6      27.3
 74093   .757796  -.442047  -.479937
  52309.7  13332.8      -.1     43.3     39.0     28.9
       .0     25.8     39.0     57.7  19998.7  21674.8
      -6.0      60.0       9.5      49.5
       -.5      29.9        .3      27.6
       -.1      24.2        .5      23.9
       -.2      23.4       -.1      24.5
 74094   .718269  -.471364  -.511767
  49108.0  14350.9      -.1     43.3     39.0     28.9
      -.2     26.6     39.0     57.7  18348.8  19651.4
      -6.2      58.7       7.9      50.3
       -.5      30.4        .6      27.1
       -.4      25.0        .8      23.4
       -.3      24.7        .6      24.8
 74095   .670317  -.502738  -.545830
  45978.5  15888.2      -.1     43.3     39.0     28.9
      -.3     27.5     38.9     14.9  16445.7  17622.9
      -3.9      56.8       8.5      49.3
        .0      31.2        .8      24.4
       -.2      25.2        .4      21.0
       -.2      25.6        .3      21.3
 74096   .612205  -.535679  -.581595
  43528.4  18060.6      -.1     43.3     39.0     28.9
      -.3     28.4     38.7     11.9  15070.4  16180.8
      -5.9      59.6       7.2      48.0
       -.6      32.0        .8      22.5
       -.4      26.7        .3      19.1
       -.2      27.0        .7      21.2
 74097   .542159  -.569267  -.618061
  40861.7  18950.8      -.1     43.3     53.1     24.4
      -.8     29.1     38.9     20.9  13403.5  14374.1
      -4.5      58.2       5.9      46.1
        .0      32.2        .9      20.5
      -1.0      27.3        .8      17.2
       -.5      28.0        .9      17.7
 74098   .458673  -.602008  -.653609
  39107.2  19721.3       .3     24.4     39.2      7.8
      -.6     29.8     38.8     31.8  11984.7  13427.0
      -5.8      61.2       6.9      46.5
       -.5      32.8        .6      15.5
       -.3      27.5        .6      12.2
       -.4      28.3        .6      12.5
 74099   .361020  -.631785  -.685938
  37840.7  18940.8     -2.4     30.8     38.9     14.9
      -.7     30.1     38.9     42.9  11561.8  13137.2
      -6.0      61.0       5.3      53.7
      -1.1      33.2       1.1      11.5
       -.5      28.1        .8       7.5
      -1.2      29.7        .7       7.4
 74100   .249898  -.655981  -.712208
  36504.0  18246.5     -1.9     19.5     39.1     25.0
      -.4     30.3     39.1     53.5  11735.3  12433.4
      -5.6      59.4       6.8      66.3
       -.8      33.9        .5      17.0
      -1.0      28.5        .9       4.7
       -.1      29.8        .9       3.0
 74101   .190037  -.665130  -.722141
  36012.3  17960.5      7.6     34.7     39.4     26.6
      -.1     30.7     39.4     55.3  11306.3  12081.0
      -3.4      61.2       7.6      73.6
       -.9      32.6        .3      21.1
       -.6      27.9        .5       5.7
       -.3      29.7        .3       3.0
 74102   .127982  -.671905  -.729496
  35584.3  17744.8     -3.1     32.5     38.6     21.9
      -.6     31.0     38.6     50.4  10186.3  11637.5
      -3.4      61.4       3.0      65.4
       -.4      33.6       -.1      11.8
        .0      28.6        .2       5.3
       -.4      30.2        .2       3.7
 74103   .064388  -.676070  -.734019
  35022.3  17566.2      1.0     36.1     38.7     17.1
      -.1     31.5     38.7     45.3  10719.0  11555.6
      -5.5      63.4       4.3      57.4
       -.2      34.3        .3      11.0
        .1      28.5        .4       7.0
        .4      29.9        .3       6.0
 74104   .000000  -.677476  -.735545
  34565.3  17539.1      4.1     35.1     39.0     12.6
       .2     31.8     38.7     40.2  10320.2  11578.5
      -4.5      60.4       1.5      47.2
        .4      34.0        .1      11.0
        .0      28.3        .2       8.3
        .0      30.2        .3       8.7
 74105  -.064388  -.676070  -.734019
  34488.6  17462.8       .4     23.9     38.9      9.5
       .5     32.1     38.8     35.1  10180.5  11354.9
      -5.4      61.3        .3      42.1
       -.2      33.8        .1      13.5
        .1      28.9        .4      10.8
        .0      30.3        .5      11.5
 74106  -.127982  -.671905  -.729496
  34375.3  17162.8       .7     19.4     39.5      9.5
       .0     32.5     38.6     29.7   9513.4  10708.8
      -5.8      61.0        .7      42.4
       -.3      34.3        .2      16.4
        .2      28.8        .1      13.6
       -.7      29.9        .0      14.2
 74107  -.190037  -.665130  -.722141
  34426.8  16543.4      2.9     22.5     39.2     14.1
       .0     32.5     38.8     24.9  10275.8  11235.6
      -6.1      62.1       1.3      43.1
       -.2      34.2        .2      19.5
        .3      28.3        .5      16.2
       -.3      30.3        .1      17.4
 74108  -.249898  -.655981  -.712208
  34957.0  15743.4       .1     24.8     40.5     15.7
       .3     32.5     38.8     20.1  11448.8  12056.2
      -6.4      60.5       -.4      43.2
       -.3      34.0       -.2      22.1
        .0      28.7        .3      19.1
        .4      29.5        .4      20.3
 74109  -.361020  -.631785  -.685938
  35900.4  14277.1      -.3     20.1     39.0     28.9
      -.1     32.0     38.8     13.3  10882.8  11992.1
      -5.5      61.0      -2.2      46.5
       -.2      34.2        .0      24.6
       -.2      28.6        .1      21.6
        .3      29.3        .4      24.1
 74110  -.458673  -.602008  -.653609
  37174.8  12376.5      1.6     20.5     39.0     28.9
       .1     31.6     40.5     18.0  12338.4  13281.5
      -5.4      61.1      -3.0      48.2
        .0      33.5        .0      27.5
        .2      27.4        .1      23.3
        .4      28.4        .5      25.9
 74111  -.542159  -.569267  -.618061
  39462.9  11207.9     -3.3     42.7     39.0     28.9
       .1     31.0     39.0     57.7  12944.8  14252.2
      -7.2      61.4      -3.9      49.4
       -.2      32.9       -.2      29.6
        .8      27.4        .4      26.4
       -.4      27.7       -.2      29.4
 74112  -.612205  -.535679  -.581595
  41676.9  10487.3     -7.1     54.6    -18.4    134.6
       .2     29.7     39.0     57.7  14318.8  15342.7
      -6.0      59.6      -4.1      47.7
       -.1      32.1        .0      30.6
       -.3      26.4       -.5      27.7
        .2      26.2        .5      30.8
 74113  -.670317  -.502738  -.545830
  44588.5   9929.7    -11.7     69.9    -17.7    143.5
       .0     28.7     39.0     57.7  13145.6  15585.1
      -4.3      61.3      -4.1      52.8
       -.1      31.5       -.4      32.7
       -.5      25.3       -.5      29.3
        .4      25.5        .1      34.2
 74114  -.718269  -.471364  -.511767
  47595.1   9546.6     -2.9     81.3     20.9    188.8
      -.3     27.6     39.0     57.7  11966.9  15323.7
      -4.0      59.9      -4.5      49.3
        .3      30.7       -.4      33.8
       -.2      24.9       -.7      30.6
       -.2      24.6       -.4      36.3
 74115  -.757796  -.442047  -.479937
  50646.0   9222.7    -13.7     81.2     10.6    211.0
      -.3     26.6     39.0     57.7  11213.0  13569.2
      -3.8      60.5      -4.7      51.1
        .0      30.7       -.4      35.6
        .2      24.0       -.4      32.5
        .0      23.4       -.8      40.9
 74116  -.790440  -.414981  -.450551
  53956.2   8998.4     -6.0     85.0     -4.1    233.9
       .2     25.8     39.0     57.7  10995.6  13766.2
      -5.9      59.0      -6.9      52.5
        .2      29.6       -.3      35.8
       -.2      23.5       -.4      33.0
        .1      22.4        .5      42.6
 74117  -.817505  -.390173  -.423616
  57556.6   8887.8     -3.1     87.2      6.9    258.4
       .2     24.9     39.0     57.7  11403.0  13976.1
      -3.0      61.9      -6.3      51.4
        .1      29.5       -.7      36.9
        .3      22.7       -.3      34.2
       -.1      22.3       -.3      48.5
 74118  -.840060  -.367526  -.399028
  60896.9   8779.1     -5.7     87.2     56.7    276.6
       .0     24.0     39.0     57.7  11817.2  13978.1
      -5.8      61.2      -4.9      50.5
        .0      28.2        .0      36.6
        .3      22.4       -.4      34.3
       -.1      21.5      -1.2      51.0
 74119   .708659  -.620076  -.336613
  74058.6  13591.0      -.1     43.3     39.0     28.9
      -.1     86.6     39.0     57.7  32484.2  34212.0
      -6.6      52.6       6.6      46.9
       -.9      27.6        .3      29.7
        .2      24.2       -.7      25.9
       -.3      24.7        .0      26.2
 74120   .677337  -.646549  -.350984
  70939.1  14368.0      -.1     43.3     39.0     28.9
      -.1     86.6     39.0     57.7  30754.5  32336.2
      -6.0      53.0       6.1      46.6
       -.5      27.5        .5      27.8
        .0      24.4        .1      23.7
       -.9      24.9        .5      24.6
 74121   .641844  -.673936  -.365851
  68515.3  15040.0      -.1     43.3     39.0     28.9
      -.1     86.6     39.0     57.7  28211.3  29633.5
      -8.8      53.5       8.0      49.2
       -.8      28.3        .4      27.6
        .0      25.0       -.2      23.3
       -.6      25.4        .4      24.1
 74122   .601687  -.701968  -.381068
  65495.1  15648.0      -.1     43.3     39.0     28.9
      -.1     86.6     39.0     57.7  26762.9  28174.0
      -6.2      52.2       6.9      49.8
       -.6      28.6        .8      25.7
        .0      25.4        .0      21.4
       -.6      26.5        .4      22.4
 74123   .556388  -.730259  -.396426
  63356.7  15988.7      -.1     43.3     39.0     28.9
      -.1     86.6     39.0     57.7  24996.0  26823.9
      -7.9      50.3       6.3      46.8
       -.8      28.6        .5      24.6
       -.7      25.7        .4      20.3
       -.8      26.7       1.0      21.4
 74124   .505524  -.758286  -.411641
  61321.2  15915.9      -.1     43.3     39.0     28.9
      -.1     86.6     39.0      5.5  25195.5  26688.2
      -8.0      52.2       6.9      49.6
       -.8      28.3        .9      22.9
       -.2      25.8        .4      18.8
       -.6      26.8        .6      18.4
 74125   .448787  -.785377  -.426348
  59243.0  15606.9      -.1     43.3     39.0     28.9
      -.1     86.6     38.8      8.5  23158.7  24638.0
      -7.8      53.4       5.1      47.9
      -1.1      29.2        .9      20.4
       -.6      25.8        .5      16.1
       -.3      27.1        .6      16.2
 74126   .386057  -.810720  -.440105
  57706.8  15193.1      -.1     43.3     39.0     28.9
      -.1     86.6     38.5     17.8  22673.8  23795.8
      -8.2      52.8       7.2      53.4
       -.3      29.2        .9      18.7
       -.7      26.2        .9      14.7
       -.6      27.5        .6      14.4
 74127   .317480  -.833386  -.452409
  56586.4  14742.9      -.1     43.3     39.3     16.2
      -.1     86.6     38.8     29.4  21611.7  23151.3
      -8.4      52.5       6.4      52.3
      -1.2      29.0       1.0      15.4
       -.4      26.2        .7      10.9
       -.8      27.2        .5      10.3
 74128   .243541  -.852392  -.462727
  55434.0  14337.9      -.1     43.3     39.0     13.1
      -.1     86.6     39.0     41.3  21553.1  23197.7
      -6.8      52.3       4.2      61.8
       -.6      29.2        .9      14.5
       -.4      26.7        .6       6.9
       -.6      27.2        .7       6.6
 74129   .165103  -.866792  -.470544
  54967.8  14094.1      -.1     43.3     38.3     24.2
      -.1     86.6     38.4     52.8  21194.4  22452.6
      -8.0      52.7        .8      78.7
       -.9      28.7       1.1      22.9
      -1.2      26.0        .7       8.1
      -1.3      27.3       1.0       3.0
 74130   .124573  -.872008  -.473376
  54690.5  14060.2      -.1     43.3     39.3     26.2
      -.1     86.6     39.3     54.9  21460.1  22674.0
     -10.0      54.4       6.2      87.9
       -.9      28.6       1.3      34.6
       -.7      26.3        .9      13.4
       -.4      26.8        .4       3.0
 74131   .083409  -.875791  -.475429
  54218.0  13940.1      -.1     43.3     38.2     21.1
      -.1     86.6     38.2     49.5  20859.0  22451.0
      -9.1      54.3       2.9      75.0
       -.8      29.1       -.2      19.7
        .1      26.2        .1       6.5
       -.7      27.4        .2       3.9
 74132   .041814  -.878085  -.476675
  53878.2  13957.1      -.1     43.3     38.6     15.5
      -.1     86.6     38.6     43.8  20876.3  22501.6
      -8.9      54.9        .2      65.2
       -.7      29.3       -.1      15.6
       -.1      26.6        .0       5.8
       -.5      27.3        .2       4.7
 74133   .000000  -.878853  -.477092
  53678.9  13940.1      -.1     43.3     38.5     10.1
      -.1     86.6     38.5     37.9  20983.3  22162.7
      -8.4      53.1       1.4      60.0
       -.7      29.6        .3      13.9
       -.7      27.0        .2       7.0
       -.1      27.8        .4       6.9
 74134  -.041814  -.878085  -.476675
  53363.2  13926.4      -.1     43.3     38.6      6.0
      -.1     86.6     38.3     32.1  20099.4  21541.6
      -9.2      53.0       -.6      51.1
       -.7      29.3        .2      14.1
       -.3      26.7        .3       9.3
       -.4      28.0        .2       9.1
 74135  -.083409  -.875791  -.475429
  53441.3  14009.2      -.1     43.3     36.5     39.0
      -.1     86.6     38.5     26.3  20633.9  22004.7
      -9.1      54.6      -1.9      49.7
       -.4      29.6        .3      15.7
       -.4      26.9        .4      12.0
        .0      27.8        .2      11.0
 74136  -.124573  -.872008  -.473376
  53384.7  14102.3      -.1     43.3     39.0     28.9
      -.1     86.6     38.6     20.7  20298.7  21687.9
      -7.6      51.0       -.2      47.5
       -.2      29.3        .5      17.7
        .1      26.9        .6      13.7
        .3      28.2        .4      13.4
 74137  -.165103  -.866792  -.470544
  53626.3  14201.9      -.1     43.3     39.0     28.9
      -.1     86.6     38.6     15.2  19846.8  21407.9
      -7.1      54.3       -.7      46.7
        .2      30.1        .2      19.4
       -.3      27.6        .4      15.3
        .4      28.4        .3      15.1
 74138  -.243541  -.852392  -.462727
  54051.6  14208.0      -.1     43.3     39.0     28.9
      -.1     86.6     38.9      8.9  20572.2  21892.3
      -9.0      55.6      -2.8      46.9
       -.4      30.2       -.3      19.9
        .0      27.2        .3      16.5
       -.1      28.0        .0      16.8
 74139  -.317480  -.833386  -.452409
  54836.9  14506.2      -.1     43.3     39.0     28.9
      -.1     86.6     39.7     10.4  21452.8  22575.5
      -5.4      52.3      -2.5      45.9
       -.6      30.0       -.4      23.2
        .1      27.1       -.1      19.8
       -.2      28.5        .1      20.5
 74140  -.386057  -.810720  -.440105
  55990.5  13864.8      -.1     43.3     39.0     28.9
      -.1     86.6     39.0     57.7  21652.7  23194.7
      -6.1      55.7      -2.0      46.4
        .0      30.1        .1      24.9
        .4      27.0        .1      21.4
        .4      28.5        .1      22.9
 74141  -.448787  -.785377  -.426348
  57571.8  13657.8      -.1     43.3     39.0     28.9
      -.1     86.6     39.0     57.7  22552.1  23795.9
      -6.9      52.6      -3.5      45.8
       -.4      29.3       -.4      26.8
        .1      27.0       -.2      23.8
        .1      27.9        .1      24.1
 74142  -.505524  -.758286  -.411641
  59414.0  12832.3      -.1     43.3     39.0     28.9
      -.1     86.6     39.0     57.7  23653.2  25136.9
      -8.3      55.1      -2.8      47.9
       -.1      29.1       -.1      28.0
        .0      26.5       -.5      24.9
       -.3      26.9       -.5      26.7
 74143  -.556388  -.730259  -.396426
  61518.5  12143.9      -.1     43.3     39.0     28.9
      -.1     86.6     39.0     57.7  25082.8  26861.1
      -5.3      54.8      -3.8      47.9
       -.4      29.5       -.6      29.1
        .2      25.9       -.4      25.9
        .1      26.8        .0      27.1
 74144  -.601687  -.701968  -.381068
  63954.8  11627.0      -.1     43.3     39.0     28.9
      -.1     86.6     39.0     57.7  25472.1  27261.4
      -5.7      53.0      -3.8      48.1
       -.3      28.5       -.8      30.9
        .3      26.0        .0      27.9
        .1      27.4       -.4      30.1
 74145  -.641844  -.673936  -.365851
  66753.8  11245.8      -.1     43.3     39.0     28.9
      -.1     86.6     39.0     57.7  26114.9  28517.9
      -6.9      55.1      -4.3      48.3
       -.7      28.5      -1.1      31.2
        .3      25.3        .0      28.4
        .2      27.3       -.4      30.4
 74146  -.677337  -.646549  -.350984
  69393.3  10745.6    -60.6    192.2    -15.9    262.0
      -.1     86.6     39.0     57.7  24112.8  29183.2
      -7.4      56.1      -4.7      46.4
      -1.2      28.1      -1.7      32.8
        .4      25.1       -.2      29.9
        .5      28.4        .0      33.4
 74147  -.708659  -.620076  -.336613
  72291.0  10419.9    -33.5    189.1    -38.5    261.7
      -.1     86.6     39.0     57.7  21558.9  27818.0
      -5.2      55.5      -5.8      46.8
       -.2      28.1       -.8      32.6
       -.4      24.9       -.7      30.0
        .2      29.2       -.4      35.1
 74148   .482910  -.845093  -.229382
 109930.6  14879.6      -.1     43.3     39.0     28.9
      -.1     86.6     39.0     57.7  52682.5  54904.2
      -8.1      52.4       7.9      49.4
       -.7      31.2        .3      25.2
       -.3      28.8       -.1      20.3
      -1.1      29.7        .4      20.7
 74149   .451149  -.861285  -.233777
 107907.3  14679.6      -.1     43.3     39.0     28.9
      -.1     86.6     39.0     57.7  50998.6  53795.8
     -10.0      54.0       7.1      52.7
       -.7      31.4        .5      24.1
       -.3      29.4        .0      19.4
       -.8      31.0        .2      19.1
 74150   .417577  -.876913  -.238019
 106399.5  14364.4      -.1     43.3     39.0     28.9
      -.1     86.6     39.0     57.7  50832.1  52989.2
     -10.8      55.9       6.4      53.2
      -1.3      31.6        .7      23.6
       -.3      29.3        .0      17.9
       -.2      30.9       -.1      18.1
 74151   .382204  -.891810  -.242063
 104834.5  14144.8      -.1     43.3     39.0     28.9
      -.1     86.6     39.0     57.7  48681.4  51519.1
      -8.0      51.9       7.2      55.5
       -.7      32.3        .6      23.5
       -.1      29.8        .0      17.3
       -.7      31.2        .3      16.9
 74152   .345068  -.905804  -.245861
 103102.9  13936.5      -.1     43.3     39.0     28.9
      -.1     86.6     39.0     57.7  49500.7  51499.6
      -7.7      53.1       6.9      54.5
      -1.0      32.2        .5      22.7
       -.6      29.2        .2      15.1
       -.1      30.6       -.1      14.8
 74153   .306238  -.918714  -.249365
 102671.2  13782.0      -.1     43.3     39.0     28.9
      -.1     86.6     39.0     57.7  49672.2  52065.1
     -10.1      56.9       4.9      59.5
      -1.2      32.8        .8      22.1
       -.6      29.8        .5      15.0
       -.1      30.8        .2      13.7
 74154   .265817  -.930361  -.252527
 101541.6  13694.1      -.1     43.3     39.0     28.9
      -.1     86.6     38.3      4.7  47135.7  49935.8
      -9.4      54.5       7.3      59.2
      -1.3      31.8        .9      21.5
       -.6      29.6        .5      12.2
       -.1      30.8        .3      11.6
 74155   .223945  -.940570  -.255298
 100919.2  13465.1      -.1     43.3     39.0     28.9
      -.1     86.6     38.5     14.2  47053.7  50185.7
      -8.5      53.7       7.2      69.0
      -1.4      32.3       1.6      21.8
       -.4      29.6        .5      11.5
       -.2      30.9        .7      10.4
 74156   .180796  -.949177  -.257634
 100400.7  13386.9      -.1     43.3     37.3      8.0
      -.1     86.6     38.6     26.7  47458.8  49298.5
      -8.9      50.2       5.8      67.9
      -1.3      32.0       1.1      20.3
      -1.1      29.9        .8      10.4
       -.5      31.4        .6       8.3
 74157   .136577  -.956038  -.259496
 100019.3  13348.1      -.1     43.3     38.6     11.3
      -.1     86.6     38.6     39.6  46901.6  49716.6
      -8.8      52.8       8.9      82.9
      -1.5      31.7       1.3      27.5
       -.3      30.5        .8       9.1
      -1.2      31.0        .8       5.7
 74158   .091527  -.961030  -.260851
  99735.3  13167.7      -.1     43.3     38.5     23.6
      -.1     86.6     38.6     52.0  47635.3  49686.6
      -9.2      52.0       2.4     101.0
      -1.4      32.2       2.0      45.7
       -.9      29.2        .7      16.3
       -.8      30.8       1.0       8.9
 74159   .068771  -.962796  -.261330
  99407.4  13159.1      -.1     43.3     39.2     26.1
      -.1     86.6     39.2     54.3  46892.2  49327.3
     -10.8      53.2       8.6     100.2
      -1.6      32.0       1.5      55.9
      -1.1      29.4       -.4      26.8
      -1.8      31.2        .4      10.3
 74160   .045908  -.964064  -.261674
  99309.3  13187.7      -.1     43.3     38.9     20.2
      -.1     86.6     38.9     48.6  45621.4  48235.6
      -8.5      54.9       1.8      95.6
       -.8      32.4       -.2      38.5
      -1.0      29.5        .6      12.6
      -1.0      31.5        .2       5.9
 74161   .022972  -.964827  -.261882
  99162.4  13206.0      -.1     43.3     38.6     14.0
      -.1     86.6     38.5     42.4  46368.2  48915.8
      -9.0      53.4       1.5      84.1
      -1.5      32.2       -.5      30.7
       -.3      29.7        .2       9.0
       -.6      31.0        .2       4.8
 74162   .000000  -.965081  -.261951
  99072.8  13242.8      -.1     43.3     38.5      7.8
      -.1     86.6     38.5     36.0  45345.4  48775.9
      -9.8      52.4       1.1      75.0
       -.8      32.2       -.2      23.8
       -.5      30.0        .0       8.2
       -.5      31.7        .3       5.7
 74163  -.022972  -.964827  -.261882
  98425.4  13089.3      -.1     43.3     38.6      3.2
      -.1     86.6     38.7     29.6  46818.3  48789.0
      -9.1      53.1       1.3      71.9
       -.7      32.0        .5      19.9
       -.4      29.8        .3       8.4
       -.2      30.8        .4       6.9
 74164  -.045908  -.964064  -.261674
  98511.7  13161.8      -.1     43.3     39.0     28.9
      -.1     86.6     38.6     23.3  45525.0  48460.3
      -7.5      55.5        .9      65.1
      -1.4      31.8       -.1      20.2
       -.2      30.8        .4       9.8
        .0      32.2        .3       8.4
 74165  -.068771  -.962796  -.261330
  98412.8  13188.4      -.1     43.3     39.0     28.9
      -.1     86.6     38.5     16.9  46558.7  48395.3
     -10.6      56.6       4.6      67.8
      -1.6      32.9        .0      19.9
       -.5      30.3        .3      11.2
       -.5      31.6        .3       9.4
 74166  -.091527  -.961030  -.260851
  98328.9  13181.5      -.1     43.3     39.0     28.9
      -.1     86.6     38.6     10.8  46232.6  48778.1
      -9.9      54.0        .7      63.0
      -1.1      33.1       -.1      20.0
       -.4      30.2        .1      11.5
       -.1      31.7        .3      10.4
 74167  -.136577  -.956038  -.259496
  98244.2  13304.8      -.1     43.3     39.0     28.9
      -.1     86.6     38.2      6.8  45780.3  48245.2
      -8.5      52.8      -2.3      56.1
       -.5      32.3        .0      20.3
        .2      30.3        .1      12.5
        .3      31.8        .3      11.5
 74168  -.180796  -.949177  -.257634
  98374.7  13350.5      -.1     43.3     39.0     28.9
      -.1     86.6     39.0     57.7  45372.7  48068.8
      -8.3      52.7        .4      54.1
      -1.1      33.2       -.6      21.1
        .1      30.6       -.1      15.0
       -.3      31.7        .0      13.7
 74169  -.223945  -.940570  -.255298
  98995.5  13478.9      -.1     43.3     39.0     28.9
      -.1     86.6     39.0     57.7  45838.7  48686.6
      -7.8      52.2      -2.4      49.7
       -.5      32.8       -.6      20.6
      -1.0      30.1       -.4      14.8
        .2      31.7       -.1      14.6
 74170  -.265817  -.930361  -.252527
  99652.3  13588.1      -.1     43.3     39.0     28.9
      -.1     86.6     39.0     57.7  45230.2  48593.2
      -8.5      52.7      -4.2      50.0
       -.6      32.6       -.2      22.6
       -.6      30.5       -.4      17.0
        .3      32.5        .0      17.0
 74171  -.306238  -.918714  -.249365
 100900.6  13778.7      -.1     43.3     39.0     28.9
      -.1     86.6     39.0     57.7  48285.6  50668.8
      -9.0      53.8      -3.4      51.7
       -.5      31.5       -.8      22.0
       -.5      29.8       -.1      17.7
       -.2      30.4       -.3      17.4
 74172  -.345068  -.905804  -.245861
 101736.0  13883.4      -.1     43.3     39.0     28.9
      -.1     86.6     39.0     57.7  49087.9  51251.1
      -7.2      53.2      -3.5      50.0
       -.4      33.2       -.7      24.1
        .2      30.2       -.4      20.0
       -.5      31.7       -.7      20.1
 74173  -.382204  -.891810  -.242063
 102776.9  13957.3      -.1     43.3     39.0     28.9
      -.1     86.6     39.0     57.7  49251.6  52121.1
     -10.4      55.0      -5.4      46.6
       -.9      31.9       -.8      24.5
       -.5      29.4       -.8      20.2
       -.3      30.8       -.5      20.8
 74174  -.417577  -.876913  -.238019
 104544.8  14150.9      -.1     43.3     39.0     28.9
      -.1     86.6     39.0     57.7  50262.1  52335.8
      -8.1      51.0      -3.6      45.4
       -.7      32.9       -.7      25.7
       -.6      30.2      -1.0      21.5
        .1      31.2       -.4      21.5
 74175  -.451149  -.861285  -.233777
 106341.1  13860.4      -.1     43.3     39.0     28.9
      -.1     86.6     39.0     57.7  50127.2  52967.7
      -8.4      54.8      -4.0      43.2
       -.3      32.6       -.9      26.8
        .1      29.7       -.6      23.2
       -.2      30.8       -.5      23.7
 74176  -.482910  -.845093  -.229382
 108143.3  13745.1      -.1     43.3     39.0     28.9
      -.1     86.6     39.0     57.7  49864.4  53112.8
     -10.0      55.0      -4.8      43.9
       -.3      32.4       -.9      27.3
       -.3      29.9       -.6      24.3
       -.3      32.2       -.8      24.6
 74177   .337328  -.927651  -.160231
 159286.6  13867.2      -.1     43.3     39.0     28.9
      -.1     86.6     39.0     57.7  79220.5  84943.9
      -6.7      49.7       6.0      52.9
      -1.4      33.1        .7      23.8
       -.5      30.4        .0      16.8
       -.9      30.4        .3      16.3
 74178   .312066  -.936198  -.161707
 157925.2  13848.1      -.1     43.3     39.0     28.9
      -.1     86.6     39.0     57.7  80008.2  84865.3
      -8.2      53.0       7.1      57.2
      -1.7      33.3       1.1      24.9
      -1.0      31.1        .3      16.4
       -.2      31.6       -.2      15.9
 74179   .286124  -.944211  -.163091
 157039.0  13686.9      -.1     43.3     39.0     28.9
      -.1     86.6     39.0     57.7  80369.8  83993.0
      -8.9      47.6       7.7      59.1
      -1.0      33.5        .9      24.5
       -.5      29.9        .3      14.6
       -.9      31.2       -.1      15.1
 74180   .259539  -.951641  -.164374
 156046.2  13640.8      -.1     43.3     39.0     28.9
      -.1     86.6     39.0     57.7  76800.2  81449.7
     -11.4      55.6       5.6      64.6
       -.8      33.5        .7      26.4
       -.3      31.0        .2      15.0
       -.8      32.1        .1      14.2
 74181   .232349  -.958440  -.165549
 155444.2  13487.5      -.1     43.3     39.0     28.9
      -.1     86.6     39.0     57.7  77870.6  81674.4
      -6.5      50.7       6.7      60.2
      -1.0      32.9        .8      24.7
       -.9      30.3        .3      13.7
        .0      31.2        .0      12.2
 74182   .204604  -.964562  -.166606
 154975.8  13360.0      -.1     43.3     39.0     28.9
      -.1     86.6     39.0     57.7  80294.5  83635.8
      -8.0      47.3       6.4      69.0
      -1.5      33.1       1.0      25.0
       -.4      31.0        .2      13.0
        .3      31.8        .1      11.3
 74183   .176357  -.969963  -.167539
 154723.0  13360.8      -.1     43.3     39.0     28.9
      -.1     86.6     38.6      3.7  78476.1  82349.3
     -11.1      56.4       6.7      72.8
      -1.7      33.4       1.4      26.4
       -.4      31.1        .4      12.9
       -.7      30.8        .2      10.3
 74184   .147667  -.974605  -.168341
 154041.6  13216.8      -.1     43.3     39.0     28.9
      -.1     86.6     38.7     12.2  79438.4  83231.2
      -9.0      52.4      12.7      82.6
      -1.3      32.9       1.4      27.3
       -.8      30.9        .6      11.6
      -1.1      32.0        .7       9.0
 74185   .118600  -.978453  -.169006
 153485.0  13241.5      -.1     43.3     35.9     35.2
      -.1     86.6     38.4     25.6  78688.5  82741.5
      -8.7      51.1       2.1      83.0
      -1.7      33.2       1.0      29.9
       -.1      31.1        .7      10.4
       -.2      31.4        .6       7.6
 74186   .089225  -.981478  -.169528
 153700.3  13144.0      -.1     43.3     38.3     10.5
      -.1     86.6     38.4     38.6  76893.4  81289.9
      -8.5      53.4       4.1      92.8
      -1.8      33.5       1.1      37.4
      -1.0      31.1        .4      13.9
       -.7      31.4        .6       6.3
 74187   .059616  -.983656  -.169904
 153392.5  13159.1      -.1     43.3     38.3     23.1
      -.1     86.6     38.4     51.4  76708.5  81678.4
      -9.7      55.0       3.8     109.8
      -1.6      32.5       2.3      60.3
       -.1      30.5       -.3      25.3
      -1.2      32.6        .8      12.2
 74188   .044746  -.984421  -.170036
 153326.1  13121.7      -.1     43.3     39.4     25.5
      -.1     86.6     39.4     53.7  77383.2  80658.6
      -5.8      48.0       2.6     107.7
      -1.8      33.1       2.4      68.6
      -1.0      30.6       -.9      37.5
      -1.4      31.5        .3      18.5
 74189   .029848  -.984969  -.170131
 153764.5  13172.0      -.1     43.3     39.1     19.7
      -.1     86.6     39.1     48.1  78982.1  82716.3
      -6.9      50.7        .2     105.4
      -1.8      33.3        .4      54.2
      -1.0      30.9        .3      22.0
      -1.0      31.6        .1      10.9
 74190   .014929  -.985299  -.170188
 153201.5  13176.0      -.1     43.3     39.0     13.4
      -.1     86.6     38.9     41.7  78737.3  82409.5
     -10.8      54.0      -2.7      96.9
      -1.8      33.6        .1      40.7
       -.8      30.9        .3      16.0
      -1.1      32.0        .4       7.9
 74191   .000000  -.985408  -.170207
 152792.3  13157.8      -.1     43.3     38.7      7.0
      -.1     86.6     38.7     35.1  75144.2  81183.1
      -9.5      51.6       3.3      87.8
      -1.5      33.2       -.4      33.2
       -.4      30.3        .2      14.2
       -.6      31.3        .3       7.2
 74192  -.014929  -.985299  -.170188
 152641.1  13209.6      -.1     43.3     38.7      7.4
      -.1     86.6     39.0     28.7  76889.7  80863.2
      -8.3      49.8       -.1      84.0
      -1.4      33.3        .6      29.1
      -1.0      30.7        .3      10.9
      -1.0      31.3        .1       7.4
 74193  -.029848  -.984969  -.170131
 152845.5  13071.9      -.1     43.3     64.5     38.5
      -.1     86.6     38.7     22.0  75987.0  80101.4
      -8.0      52.8       2.1      78.9
      -1.3      33.1        .1      26.9
       -.8      30.8        .5      11.3
      -1.0      31.8        .3       8.0
 74194  -.044746  -.984421  -.170036
 152831.6  13182.7      -.1     43.3     39.0     28.9
      -.1     86.6     38.8     15.3  76618.1  80320.4
     -11.5      55.4      -1.6      81.1
      -1.5      33.6        .6      27.0
       -.7      31.2        .1      11.6
       -.5      32.1        .3       8.5
 74195  -.059616  -.983656  -.169904
 152600.4  13122.8      -.1     43.3     39.0     28.9
      -.1     86.6     38.4      8.8  77401.3  81549.2
     -11.5      53.3        .1      80.4
      -1.3      33.1       -.3      26.3
       -.9      31.2       -.1      12.4
       -.8      31.6       -.1       8.9
 74196  -.089225  -.981478  -.169528
 152644.4  13186.4      -.1     43.3     39.0     28.9
      -.1     86.6     39.0     57.7  77167.9  81275.0
      -9.6      50.9        .2      75.3
      -1.2      33.4       -.3      25.9
       -.7      30.4        .1      11.9
      -1.2      32.4       -.1       9.4
 74197  -.118600  -.978453  -.169006
 152373.8  13201.5      -.1     43.3     39.0     28.9
      -.1     86.6     39.0     57.7  75965.5  80299.1
      -9.5      51.4        .0      68.0
       -.6      33.2        .2      24.3
       -.1      31.4        .0      12.0
       -.5      31.7       -.1      11.1
 74198  -.147667  -.974605  -.168341
 152795.1  13215.4      -.1     43.3     39.0     28.9
      -.1     86.6     39.0     57.7  78066.7  82519.8
      -6.4      55.2      -1.1      66.1
       -.8      34.3       -.5      23.5
       -.7      31.1       -.4      12.3
        .2      32.0       -.1      12.0
 74199  -.176357  -.969963  -.167539
 152891.1  13352.4      -.1     43.3     39.0     28.9
      -.1     86.6     39.0     57.7  77051.8  81256.5
      -9.9      51.7      -1.6      59.3
      -1.0      33.8       -.4      22.7
        .1      31.1       -.4      14.3
       -.6      32.2       -.4      13.5
 74200  -.204604  -.964562  -.166606
 153266.7  13358.1      -.1     43.3     39.0     28.9
      -.1     86.6     39.0     57.7  75503.4  80716.9
      -7.3      50.7      -5.1      58.3
       -.8      33.1       -.4      21.8
       -.4      31.6       -.5      14.2
        .2      32.0       -.2      14.0
 74201  -.232349  -.958440  -.165549
 154453.7  13455.3      -.1     43.3     39.0     28.9
      -.1     86.6     39.0     57.7  79614.2  83047.2
      -7.0      51.6      -4.6      55.0
      -1.1      34.9      -1.0      24.2
       -.5      31.3       -.4      15.6
       -.1      31.8       -.4      15.7
 74202  -.259539  -.951641  -.164374
 154178.4  13601.5      -.1     43.3     39.0     28.9
      -.1     86.6     39.0     57.7  75149.6  79659.1
      -8.0      52.8      -5.4      49.8
      -1.1      33.7      -1.2      23.6
       -.1      30.7       -.6      15.6
       -.4      31.7       -.8      15.4
 74203  -.286124  -.944211  -.163091
 155328.6  13725.1      -.1     43.3     39.0     28.9
      -.1     86.6     39.0     57.7  78062.0  82837.3
     -10.8      53.6      -5.8      49.2
       -.5      33.5       -.8      23.9
       -.1      31.1       -.4      17.6
       -.2      32.2       -.4      17.0
 74204  -.312066  -.936198  -.161707
 156509.1  13730.5      -.1     43.3     39.0     28.9
      -.1     86.6     39.0     57.7  78451.4  82358.4
      -7.1      51.8      -3.4      45.7
      -1.0      33.5       -.9      22.8
       -.2      30.7       -.6      17.1
       -.1      31.3       -.7      17.4
 74205  -.337328  -.927651  -.160231
 157479.2  13844.3      -.1     43.3     39.0     28.9
      -.1     86.6     39.0     57.7  80212.2  83023.9
      -7.0      53.3      -6.3      43.9
      -1.0      33.4      -1.3      24.6
        .2      30.9       -.4      19.3
       -.4      32.2       -.5      19.8
