Dot1_150x100_dj57a@-350V,3.8T@90d,263K,rh=1.10/0.7,1.6/1.6                      
  1209   1  3.80  60   5  29   0  350.00  263.00    1.60  .99400  1250.0    -.23   72.09  150.000  100.000  285.000  3250.0    -.12   36.04    1.50    1.00     .85
 62401   .000000   .000000 -1.000000
  22911.3  18824.3       .2     42.4     35.6     11.9
       .2     85.1     36.0     40.2   5538.2   6399.0
      -1.2      73.3      -1.1      42.9
       -.3      19.4      -4.4      11.0
        .0      12.7      -4.6       9.7
        .1       5.0      -4.8      10.2
 62402   .000000  -.130455  -.991454
  22843.5  18939.9     -1.6     37.9     35.1     13.2
     -1.2     78.9     35.8     40.1   5609.0   6192.8
       -.3      61.0      -1.5      42.2
      -1.6       7.6      -4.4      10.7
      -1.2       5.0      -4.6       9.6
      -1.4       5.0      -4.4      10.4
 62403   .000000  -.254493  -.967075
  23119.5  19410.2     -2.7     33.0     34.7     14.0
     -1.9     71.4     36.0     40.0   5460.8   6073.4
      -6.2      55.9      -1.2      39.4
      -2.8      11.0      -4.3      10.9
      -2.3       8.3      -4.7       9.7
      -2.5       8.8      -4.7      10.5
 62404   .000000  -.367167  -.930155
  23670.4  19671.6     -3.5     29.2     34.7     14.8
     -2.1     63.5     36.2     39.7   5752.8   6316.4
      -9.1      48.0      -2.0      40.3
      -3.8      14.8      -4.4      11.2
      -3.3      12.7      -4.6       9.7
      -3.5      13.1      -4.6      10.6
 62405   .000000  -.465746  -.884918
  24742.2  19403.4     -3.9     25.9     35.0     14.5
     -2.5     55.3     36.8     39.5   5981.7   6696.5
      -8.9      50.3      -2.5      40.8
      -4.8      19.3      -4.0      11.7
      -4.4      16.5      -4.2       9.8
      -4.5      17.4      -4.5      10.9
 62406   .000000  -.549617  -.835417
  26060.3  18495.8     -6.1     24.5     35.2     14.6
     -2.6     46.8     37.1     39.0   6236.7   7120.1
     -10.4      54.2      -1.3      43.7
      -5.5      24.4      -3.7      11.5
      -5.1      20.5      -4.0       9.9
      -5.4      21.7      -4.6      10.8
 62407   .000000  -.619644  -.784883
  27452.3  17051.0     -8.6     25.0     35.4     14.1
     -2.5     38.5     37.5     38.6   6616.7   7394.6
     -10.5      57.7      -2.2      41.0
      -7.0      29.3      -3.7      11.6
      -7.0      24.1      -4.3       9.5
      -6.2      25.9      -4.6      10.4
 62408   .000000  -.677476  -.735545
  29387.8  15654.5    -17.9     29.0     35.6     13.8
     -2.5     29.8     38.0     38.2   8142.2   8814.9
     -13.1      62.3      -2.3      45.5
      -8.5      34.6      -3.4      12.0
      -7.2      29.3      -3.7       9.7
      -7.4      30.8      -4.3      10.3
 62409   .000000  -.724999  -.688749
  31115.5  15020.0    -31.3     29.7     35.9     13.4
     -3.1     21.7     38.5     37.7   9032.2   9861.7
     -12.7      64.5      -3.0      43.9
      -9.4      37.1      -3.4      12.4
      -9.9      33.3      -3.7      10.0
      -9.1      35.1      -4.1      10.1
 62410   .000000  -.764030  -.645181
  33322.2  14256.3      -.1     43.3     36.3     12.8
     -3.3     16.1     38.8     37.6  10525.8  11375.6
     -15.6      63.6       -.1      49.6
      -9.6      38.2      -3.3      12.3
      -9.5      33.7      -3.7      10.0
      -9.7      38.8      -4.0      10.0
 62411   .000000  -.796162  -.605083
  35337.6  13875.1      -.1     43.3     36.6     12.5
     -6.1     16.0     39.2     37.0  11132.9  12046.9
     -14.9      59.6        .8      49.6
      -8.7      37.9      -3.1      12.3
      -9.3      33.6      -3.5       9.4
     -10.4      39.2      -4.0       9.4
 62412   .000000  -.822730  -.568432
  37827.4  13602.7      -.1     43.3     37.1     11.8
    -13.9     22.4     39.5     36.7  11432.0  12631.4
     -14.5      58.6       -.8      49.4
      -8.0      35.5      -2.6      12.7
      -9.0      33.6      -3.4       9.5
      -9.6      38.9      -3.9       9.0
 62413   .000000  -.844819  -.535052
  40106.3  13311.1      -.1     43.3     37.4     11.5
      -.1     86.6     39.9     36.4  12463.3  13376.6
     -15.1      57.0        .7      48.5
      -8.3      33.7      -2.7      13.2
      -8.0      30.9      -2.9       9.5
     -10.7      37.6      -3.8       9.0
 62414   .000000  -.863297  -.504697
  42687.1  12877.2      -.1     43.3     37.8     10.9
      -.1     86.6     40.1     36.2  13624.2  15129.8
     -13.0      53.8        .9      52.8
      -8.8      31.9      -3.1      13.8
      -8.4      30.2      -3.2       9.2
      -9.8      35.6      -3.6       9.1
 62415   .000000  -.878853  -.477092
  45348.2  12759.1      -.1     43.3     37.8     10.8
      -.1     86.6     40.5     35.9  16496.7  17793.9
     -14.9      55.0        .2      54.8
      -9.2      32.9      -2.7      14.3
      -9.5      31.4      -2.8       9.3
      -9.3      34.3      -3.2       8.8
 62416   .000000  -.892036  -.451965
  47778.4  12574.3      -.1     43.3     38.3     10.3
      -.1     86.6     40.4     35.6  17457.8  19024.0
     -14.5      55.8       2.2      54.9
      -9.2      34.3      -2.5      14.9
      -8.4      33.3      -2.6       9.2
      -9.0      37.0      -3.4       8.8
 62417   .000000  -.903278  -.429057
  50562.2  12537.0      -.1     43.3     38.5      9.9
      -.1     86.6     40.7     35.6  19341.6  20764.8
     -15.9      57.8       1.0      58.0
      -9.3      35.1      -2.4      16.2
      -9.1      33.5      -2.7       9.0
      -9.5      38.9      -3.2       8.6
 62418   .000000  -.912924  -.408131
  53089.3  12342.0      -.1     43.3     38.8      9.6
      -.1     86.6     40.9     35.3  21446.4  22550.5
     -16.4      55.6        .1      60.1
      -9.3      34.6      -2.3      16.5
      -9.6      32.9      -2.7       9.3
     -10.0      37.4      -3.1       8.6
 62419   .000000  -.921250  -.388972
  55832.4  12364.9      -.1     43.3     38.9     11.7
      -.1     86.6     41.0     35.1  22367.5  23692.9
     -14.3      54.6       1.4      62.0
      -8.9      33.7      -2.0      16.4
     -10.0      32.5      -2.6       9.3
      -9.9      34.8      -3.1       8.3
 62420   .000000  -.928477  -.371391
  58561.2  12249.7      -.1     43.3     39.5     10.9
      -.1     86.6     41.1     34.9  23879.1  25318.2
     -17.0      53.9       -.6      62.8
      -9.7      33.3      -1.8      17.0
      -9.4      31.4      -2.4       9.3
     -10.1      32.9      -2.9       8.0
 62421   .000000  -.934784  -.355218
  61153.6  12172.0      -.1     43.3     39.5      8.9
      -.1     86.6     41.2     34.8  25944.8  26897.3
     -16.0      56.0       -.2      63.4
      -9.5      33.5      -2.0      17.7
      -9.4      31.0      -2.4       9.3
     -10.2      32.5      -2.9       8.1
 62422   .000000  -.940315  -.340305
  63988.4  12034.0      -.1     43.3     39.7      8.6
      -.1     86.6     41.5     34.6  26924.2  28384.0
     -15.8      54.4      -1.7      61.4
      -9.5      34.0      -1.9      17.1
      -9.7      32.5      -2.4       9.0
     -10.3      34.4      -2.8       8.8
 62423   .000000  -.945190  -.326520
  66680.4  11997.8      -.1     43.3     39.9      8.3
      -.1     86.6     41.5     34.6  27669.9  29919.2
     -17.1      57.5       -.8      64.0
     -10.4      35.2      -2.0      19.7
      -9.6      33.5      -2.3       9.7
     -10.2      35.7      -2.6       8.0
 62424   .000000  -.949506  -.313750
  69343.5  12037.6      -.1     43.3     40.2      8.1
      -.1     86.6     41.6     34.4  29391.0  31448.7
     -18.7      55.7       2.4      67.5
      -9.5      36.6      -2.3      19.4
      -9.4      35.4      -2.2      10.0
      -9.5      38.2      -2.5       8.4
 62425   .000000  -.953342  -.301892
  72252.8  11951.5      -.1     43.3     40.3      8.0
      -.1     86.6     41.9     34.3  31950.4  33812.6
     -17.3      53.4        .2      66.4
      -9.4      37.7      -1.5      21.2
      -9.8      36.7      -2.3      10.0
     -10.5      41.3      -2.5       7.9
 62426   .000000  -.956767  -.290857
  75050.7  11964.4      -.1     43.3     40.4      7.9
      -.1     86.6     42.0     34.1  34644.9  36230.8
     -17.7      56.2       4.6      73.0
      -9.4      36.7      -1.6      20.6
      -8.9      36.0      -1.9       9.8
     -10.6      40.0      -2.5       8.4
 62427   .000000  -.959834  -.280567
  77902.1  11983.7      -.1     43.3     40.5      7.6
      -.1     86.6     42.3     34.1  35502.7  37259.6
     -15.6      52.5       2.5      71.1
      -9.4      36.0      -1.1      21.4
      -9.3      34.1      -1.8      10.4
     -10.6      37.4      -2.3       7.9
 62428   .000000  -.962593  -.270952
  81058.2  11878.0      -.1     43.3     40.6      7.4
      -.1     86.6     42.3     34.0  36667.0  38573.8
     -16.9      56.6      -2.7      74.4
      -9.9      35.0      -1.3      23.8
      -9.9      32.7      -1.6      10.8
     -10.5      34.7      -2.3       8.2
 62429   .000000  -.965081  -.261951
  83834.9  11901.0      -.1     43.3     40.7      7.4
      -.1     86.6     41.9     33.8  38456.7  40084.5
     -19.0      56.4        .4      76.7
     -10.1      35.1      -1.1      23.4
     -11.2      32.4      -1.9      10.8
     -10.6      34.0      -2.4       8.0
 62430   .000000  -.967333  -.253508
  86608.8  11841.3      -.1     43.3     40.9      7.1
      -.1     86.6     42.4     33.6  38554.0  40478.8
     -17.6      59.9        .5      75.2
     -10.3      35.7      -1.2      22.6
      -9.4      33.3      -2.1      10.7
     -10.8      35.3      -2.1       8.0
 62431   .000000  -.969377  -.245576
  89760.0  11926.1      -.1     43.3     40.8      7.1
      -.1     86.6     42.2     33.8  42144.9  44267.7
     -14.0      55.5       1.8      73.8
     -10.6      36.6      -1.4      25.6
     -10.3      34.9      -1.8      12.1
     -11.5      37.2      -2.1       8.4
 62432   .000000  -.971238  -.238110
  92154.0  11777.4      -.1     43.3     41.0      6.9
      -.1     86.6     42.5     33.6  43440.1  45374.6
     -19.0      57.6       5.7      77.4
     -10.6      38.1      -1.8      25.4
      -9.4      36.7      -1.5      10.9
     -10.7      38.8      -2.0       8.4
 62433   .000000  -.972937  -.231072
  94920.5  11920.0      -.1     43.3     41.4      9.4
      -.1     86.6     42.4     33.7  44263.1  46643.5
     -19.1      54.6       1.4      76.7
     -10.1      39.3       -.8      26.8
      -9.6      38.7      -1.7      12.4
     -10.2      41.5      -1.9       8.2
 62434   .000000  -.974491  -.224428
  97816.7  11746.4      -.1     43.3     41.1      6.9
      -.1     86.6     42.6     33.3  46115.0  48691.6
     -16.9      55.0       -.5      78.9
     -10.1      38.2      -1.1      27.6
      -9.4      38.0      -1.6      11.9
     -11.0      41.0      -1.7       8.8
 62435   .000000  -.975916  -.218146
 100838.8  11848.4      -.1     43.3     41.3      6.5
      -.1     86.6     42.4     33.4  48309.8  50863.7
     -16.6      56.3       2.1      82.3
     -10.4      37.3      -1.0      27.1
     -10.1      35.3      -1.4      11.9
     -11.0      37.9      -1.9       8.7
 62436   .000000  -.977227  -.212198
 103605.7  11793.9      -.1     43.3     41.3      6.7
      -.1     86.6     42.7     33.5  50058.1  52954.1
     -16.4      53.0       3.3      81.5
      -9.7      36.4       -.4      27.1
     -10.7      33.9      -1.6      11.2
     -11.1      35.7      -1.7       8.0
 62437   .000000  -.978434  -.206558
 106386.4  11789.4      -.1     43.3     41.5      6.5
      -.1     86.6     42.9     33.2  50587.7  53013.6
     -17.4      55.8        .7      81.3
     -10.9      35.3       -.7      28.3
     -10.7      32.5      -1.3      13.0
     -11.7      34.0      -1.9       8.6
 62438   .000000  -.979549  -.201205
 109403.8  11719.0      -.1     43.3     41.5      6.4
      -.1     86.6     42.8     33.2  53513.8  55805.0
     -17.2      54.0       3.3      76.1
     -10.4      35.7       -.8      27.7
     -10.3      33.4      -1.1      12.7
     -11.6      35.5      -1.5       8.5
 62439   .000000  -.980581  -.196116
 112203.3  11846.1      -.1     43.3     41.9      6.2
      -.1     86.6     42.6     33.3  54420.7  57528.3
     -15.9      56.1       2.4      80.7
     -10.1      36.8       -.6      30.3
     -10.2      35.7      -1.5      11.6
     -11.1      36.9      -1.7       9.2
 62440   .000000  -.981537  -.191274
 115417.7  11799.1      -.1     43.3     41.8      6.1
      -.1     86.6     42.7     32.9  56583.5  59493.6
     -20.7      58.9      -3.1      85.0
     -10.6      39.2       -.5      31.0
     -10.6      37.1      -1.6      11.8
     -11.3      39.4      -1.8       8.3
 62441   .000000  -.982424  -.186661
 117989.7  11785.0      -.1     43.3     41.8      6.1
      -.1     86.6     42.9     33.0  59450.9  62169.7
     -16.7      55.2       -.3      83.2
     -10.5      40.1       -.4      31.2
     -10.5      38.7      -1.3      13.3
     -11.7      42.2      -1.5       9.4
 62442   .000000  -.983250  -.182261
 121019.4  11780.1      -.1     43.3     42.0      6.0
      -.1     86.6     42.9     33.1  60716.0  63237.1
     -17.5      57.7       4.8      89.3
     -10.9      39.5       -.6      31.4
     -11.0      38.4      -1.4      14.4
     -10.8      40.7      -1.4       9.5
 62443   .000000  -.984020  -.178061
 123584.7  11831.2      -.1     43.3     42.0      6.1
      -.1     86.6     43.0     32.8  60233.8  64800.7
     -13.1      53.0       2.3      86.1
     -10.9      37.7       -.4      30.5
     -10.9      36.8      -1.2      13.9
     -11.9      38.8      -1.4       9.7
 62444   .000000  -.984737  -.174047
 126944.4  11777.7      -.1     43.3     41.8      5.9
      -.1     86.6     42.9     32.9  61161.2  65891.2
     -17.6      54.6       2.3      86.9
     -10.8      36.2        .0      32.0
     -11.0      34.7      -1.6      14.4
     -11.5      36.3      -1.6       9.1
 62445   .000000  -.985408  -.170207
 129762.6  11791.2      -.1     43.3     42.2      5.8
      -.1     86.6     42.8     32.9  63679.3  66810.8
     -17.7      55.0        .3      92.0
     -11.1      36.4       -.4      33.6
      -9.8      33.3      -1.2      13.7
     -11.7      34.3      -1.5       8.9
 62446   .000000  -.986036  -.166531
 132384.0  11738.6      -.1     43.3     42.1      6.0
      -.1     86.6     43.0     32.8  64016.4  68926.2
     -16.7      52.8        .6      85.7
     -11.4      36.6       -.6      33.9
     -11.1      34.6      -1.1      14.8
     -10.7      35.5      -1.4       9.3
 62447   .000000  -.986625  -.163008
 135527.0  11770.2      -.1     43.3     42.2      5.8
      -.1     86.6     42.9     32.6  67272.1  71475.7
     -17.8      56.3       1.1      96.6
     -10.6      37.7       -.3      33.9
     -11.0      36.0      -1.2      14.1
     -11.1      37.3      -1.4       9.5
 62448   .000000  -.987696  -.156385
 141574.1  11922.2      -.1     43.3     42.4      5.6
      -.1     86.6     43.1     32.6  73095.9  75917.8
     -17.1      54.5       7.1      96.0
     -11.2      40.4       -.3      36.4
     -10.6      39.7       -.8      15.8
     -10.7      41.9      -1.5       9.4
 62449   .000000  -.988644  -.150274
 147420.2  11846.7      -.1     43.3     42.5      5.7
      -.1     86.6     43.1     32.4  72627.0  77187.6
     -18.4      54.5       1.2      95.3
     -11.5      38.3       -.9      38.4
     -10.7      37.0      -1.0      13.7
     -12.8      39.5      -1.1      10.5
 62450   .000000  -.989488  -.144617
 153255.9  11863.7      -.1     43.3     42.6      5.8
      -.1     86.6     43.1     32.5  77854.5  83067.0
     -18.3      51.2       -.9      93.3
     -11.8      36.3        .1      36.9
     -11.1      33.9       -.8      15.8
     -11.7      34.8      -1.5      10.2
 62451   .000000  -.990241  -.139367
 158629.7  11858.6      -.1     43.3     42.6      5.4
      -.1     86.6     43.4     32.2  80715.0  85014.8
     -17.5      56.9       1.6      96.3
     -11.2      38.2       -.3      38.2
     -10.6      35.7       -.8      16.4
     -12.4      37.5      -1.3      11.0
 62452   .000000  -.990916  -.134481
 165029.6  11869.6      -.1     43.3     42.8      5.1
      -.1     86.6     43.3     32.4  84927.0  88474.5
     -16.0      54.9       -.9      94.2
     -12.5      41.4       -.5      38.8
     -11.6      39.8       -.6      16.9
     -10.9      42.1      -1.2      11.0
 62453   .000000  -.991524  -.129924
 170813.8  11832.5      -.1     43.3     42.9      5.4
      -.1     86.6     43.4     32.4  88623.4  92976.5
     -19.2      54.5      -1.1      95.0
     -10.8      39.2        .0      39.5
     -11.3      36.9       -.8      18.2
     -10.9      39.0      -1.2      10.7
 62454   .000000  -.992073  -.125663
 176588.9  11947.7      -.1     43.3     43.0      5.3
      -.1     86.6     43.2     32.2  88415.9  94661.6
     -21.9      61.3       8.8      99.8
     -11.5      36.5        .5      41.4
     -11.4      33.7       -.5      19.1
     -12.0      35.2      -1.0      11.5
 62455   .000000  -.992571  -.121670
 182914.3  11880.4      -.1     43.3     43.0      5.5
      -.1     86.6     43.3     32.0  90461.6  98672.2
     -17.9      50.3      12.9      92.3
     -11.5      38.6       -.2      41.6
     -10.6      35.8       -.8      17.7
     -11.7      37.3      -1.2      11.5
 62456   .000000  -.993023  -.117921
 188221.1  11891.1      -.1     43.3     42.9      5.2
      -.1     86.6     43.3     32.2  98765.1 103880.1
     -17.1      54.6      -7.7      95.3
     -12.9      42.2        .0      42.7
     -11.0      40.4       -.7      20.3
     -11.9      42.5      -1.0      12.7
 62457   .000000  -.993435  -.114396
 194444.5  11899.5      -.1     43.3     43.2      5.0
      -.1     86.6     43.4     32.1 101464.8 105284.0
     -16.9      52.7      -7.0      99.9
     -11.8      39.6       -.1      44.8
     -11.3      37.7       -.6      20.2
     -11.0      38.5       -.7      11.3
 62458   .000000  -.993812  -.111073
 200199.3  11891.6      -.1     43.3     43.2      5.0
      -.1     86.6     43.4     31.9 105154.0 112200.6
     -18.2      46.6       2.3      94.8
     -11.9      37.0        .0      44.7
     -11.1      33.2       -.3      20.5
     -11.3      34.1       -.6      12.4
 62459   .000000  -.994158  -.107937
 206084.0  12086.0      -.1     43.3     43.3      4.5
      -.1     86.6     43.4     31.9 107519.8 112407.8
     -16.0      48.4       3.0      97.6
     -11.9      38.0       -.4      45.0
     -11.4      36.2       -.7      20.1
     -12.1      37.2       -.9      14.4
 62460   .000000  -.994475  -.104972
 212326.6  11862.3      -.1     43.3     43.2      5.0
      -.1     86.6     43.5     31.9 110990.2 118409.7
     -10.0      48.0       1.7      95.8
     -12.4      41.3        .6      45.5
     -11.0      40.8       -.5      21.8
     -11.9      42.5       -.6      14.2
 62461   .903278   .000000  -.429057
  51751.3   9440.0       .0     41.8     36.0     28.9
       .1     84.3     36.0     57.7  22259.3  23327.7
       1.8      81.9      16.7      50.3
      -2.2      35.6       9.2      31.0
        .6      14.8       7.4      26.3
        .1       5.9       7.6      27.3
 62462   .887877   .000000  -.460082
  48267.8   9678.2       .0     41.7     36.0     28.9
       .0     84.4     36.0     57.7  19926.3  21094.4
      -2.7      79.2      13.5      48.0
      -1.2      34.3       7.5      28.3
       1.6      15.2       7.0      24.2
        .0       6.4       7.4      25.6
 62463   .868777   .000000  -.495203
  44650.3  10067.5       .1     41.8     36.0     28.9
       .1     84.4     36.0     57.7  17970.8  19401.3
       2.3      80.6      12.7      49.2
       1.5      33.0       6.8      28.9
       2.2      16.2       6.5      25.6
        .8       8.7       6.4      26.0
 62464   .844819   .000000  -.535052
  41364.8  10667.0      -.3     41.8     36.0     28.9
      -.3     84.5     36.0     57.7  16574.7  17519.0
       1.7      82.5      12.4      48.6
        .8      29.9       6.2      27.1
       -.7       9.8       6.2      23.2
        .2       5.0       6.1      23.4
 62465   .814421   .000000  -.580275
  38233.2  11339.2       .5     42.0     36.0     28.9
       .4     84.6     36.0     57.7  14304.7  15418.3
      -2.0      79.2      11.1      49.9
        .5      28.3       5.5      27.1
       -.5       9.2       4.7      23.4
       -.1       5.0       4.9      24.5
 62466   .775436   .000000  -.631426
  35279.0  12598.5      -.3     42.0     36.0     28.9
      -.2     84.6     40.0     21.0  12639.6  13657.9
       3.3      80.5      11.3      48.7
        .8      31.1       4.1      24.9
       1.0      10.3       3.7      20.8
        .3       6.6       4.3      21.3
 62467   .724999   .000000  -.688749
  32704.5  14075.3      -.2     42.0     36.0     28.9
      -.2     84.7     40.3     12.1  10839.0  11815.0
      -4.9      75.6       9.8      46.7
        .5      25.4       2.6      24.3
        .2       5.0       2.8      20.4
        .5       5.0       2.7      21.8
 62468   .659438   .000000  -.751759
  30134.5  16512.3       .1     42.1     36.0     28.9
       .1     84.7     40.5     22.4   9642.4  10369.6
      -1.1      79.7       6.5      47.7
        .5      20.8       1.0      21.9
       -.8       6.3       1.0      18.4
        .0       5.0       1.3      19.0
 62469   .574426   .000000  -.818557
  28156.9  20950.0      -.2     41.9     39.6      6.4
      -.2     84.7     39.6     33.6   7724.5   8484.8
        .7      76.8       6.3      42.2
        .8      17.5        .4      16.7
        .2       5.3       -.2      13.7
        .1       5.0        .5      13.9
 62470   .465746   .000000  -.884918
  26388.6  21821.3      -.3     42.1     39.2     15.8
      -.3     84.8     39.1     44.6   6232.9   7183.4
       1.0      75.9       7.8      50.9
        .9      16.1      -1.5      11.8
       -.2       5.0      -1.9       9.1
        .1       5.0      -1.3       9.0
 62471   .331088   .000000  -.943600
  25011.5  20535.6       .5     42.0     36.4     24.7
       .5     84.8     36.4     53.4   5689.7   6231.1
      -2.5      72.2       8.9      63.2
       -.9      19.9      -1.0      10.7
        .2       5.0      -1.6       5.7
        .0       5.0      -1.4       3.9
 62472   .254493   .000000  -.967075
  24303.8  19990.5       .0     42.4     35.7     25.3
       .0     85.0     35.7     53.9   5447.1   5985.6
        .8      77.2       6.0      63.5
        .6      22.8        .1      13.5
        .9       5.0       -.4       5.6
        .1       5.0       -.6       3.6
 62473   .172799   .000000  -.984957
  23756.3  19436.8       .0     42.1     36.9     21.3
       .0     84.9     36.9     49.9   5687.1   6118.9
       1.8      72.7       6.4      56.7
        .4      18.6      -1.4       9.7
       1.0       8.5      -2.1       6.0
       -.6       8.6      -2.0       5.8
 62474   .087384   .000000  -.996175
  23252.8  19256.1       .3     42.5     36.3     16.4
       .2     85.2     36.5     44.9   5933.8   6466.2
       1.7      74.9       1.2      45.4
       1.7      20.7      -3.2       9.1
        .5       5.0      -3.8       7.5
        .3       5.2      -3.7       7.7
 62475   .000000   .000000 -1.000000
  22913.8  18671.2       .1     42.4     35.6     11.9
       .2     85.1     35.9     40.0   5663.7   6278.6
       -.4      73.4      -1.8      37.3
       1.1      17.9      -4.2      11.2
       -.3       5.9      -4.8       9.4
        .0       5.0      -4.5      10.2
 62476  -.087384   .000000  -.996175
  22669.0  16801.9      -.6     42.4     34.6      8.4
      -.6     85.2     35.6     35.1   5944.8   6596.4
       3.2      68.3      -4.2      36.1
       -.3      20.2      -5.5      13.5
        .2       5.0      -5.2      11.9
        .1       5.0      -5.3      12.8
 62477  -.172799   .000000  -.984957
  22844.5  14623.2      -.2     42.4     31.6      7.5
      -.2     85.2     35.6     30.2   6450.7   7203.2
      -3.0      69.5      -6.7      37.0
      -1.4      19.7      -6.9      16.1
       1.4       8.6      -6.4      14.1
        .3       5.0      -6.6      15.6
 62478  -.254493   .000000  -.967075
  23220.6  13735.2      -.1     42.4     27.0     12.7
      -.1     85.2     35.6     25.3   7307.0   7854.9
      -3.1      77.9      -8.3      40.1
        .2      15.5      -8.5      19.2
        .4       5.9      -8.3      17.0
        .0       5.0      -8.2      18.3
 62479  -.331088   .000000  -.943600
  23599.3  12265.8      -.1     42.4     14.5     45.7
      -.1     85.2     35.3     20.6   7615.3   8063.8
       9.0      75.0      -9.0      41.2
       1.4      18.0      -9.2      22.3
       -.4       5.0      -9.1      19.2
        .1       5.0      -9.5      20.7
 62480  -.465746   .000000  -.884918
  24879.5  10736.2       .1     42.7     36.0     28.9
       .2     85.4     34.1     13.0   8101.7   8761.8
       1.9      76.6     -10.2      42.9
      -1.2      19.2      -9.0      24.1
        .9       6.6      -9.1      21.5
        .0       5.0     -10.4      23.0
 62481  -.574426   .000000  -.818557
  26956.3   9779.7      -.3     42.4     36.0     28.9
      -.3     85.3     28.2     12.0   9622.6  10396.3
      -5.8      79.7     -11.4      46.3
        .1      22.9      -9.1      26.0
      -1.2       6.8      -9.3      23.1
        .3       5.0      -9.6      24.3
 62482  -.659438   .000000  -.751759
  29250.4   9039.8       .0     42.3     36.0     28.9
       .0     85.2     26.7     45.3  10417.1  11299.5
       3.4      78.2     -11.9      46.4
       -.7      26.5      -8.2      28.0
        .0       5.3      -8.5      24.8
        .0       5.0     -10.2      27.1
 62483  -.724999   .000000  -.688749
  31909.9   8604.3      -.2     42.4     36.0     28.9
      -.2     85.2     36.0     57.7  12002.0  12855.7
       -.5      79.4     -10.9      46.4
        .4      25.1      -8.6      28.4
        .2       8.7      -8.1      24.8
        .2       5.0      -9.1      27.0
 62484  -.775436   .000000  -.631426
  34748.1   8271.6      -.1     42.1     36.0     28.9
      -.1     85.0     36.0     57.7  13043.2  14055.7
       -.1      79.2     -10.9      45.5
       2.4      27.2      -7.7      30.4
        .6       5.8      -7.8      26.9
        .2       5.0      -9.6      28.9
 62485  -.814421   .000000  -.580275
  37906.1   7991.4      -.4     42.1     36.0     28.9
      -.5     85.0     36.0     57.7  15290.8  16147.7
        .8      83.1     -10.2      45.6
       2.3      26.0      -7.0      29.7
        .7       5.9      -7.0      26.8
        .2       5.0      -7.6      28.8
 62486  -.844819   .000000  -.535052
  40994.8   7828.2      -.2     42.1     36.0     28.9
      -.3     84.9     36.0     57.7  16130.9  17736.5
      -6.4      80.8     -11.9      45.6
       -.2      31.2      -6.4      31.5
       1.1      10.5      -7.1      27.8
       -.3       6.4      -8.0      30.6
 62487  -.868777   .000000  -.495203
  44380.2   7708.0       .2     42.2     36.0     28.9
       .1     84.9     36.0     57.7  18230.3  19372.7
       -.4      79.6      -9.5      45.4
      -1.1      36.9      -5.4      30.1
        .3      11.0      -5.7      28.1
        .0       5.0      -7.2      30.1
 62488  -.887877   .000000  -.460082
  47944.8   7687.5       .2     41.8     36.0     28.9
       .3     84.6     36.0     57.7  19542.0  21071.9
        .5      84.6     -10.2      45.8
       1.6      32.8      -5.5      31.8
       1.9      13.4      -5.7      28.7
       -.3       8.4      -7.8      31.2
 62489  -.903278   .000000  -.429057
  51239.4   7617.8      -.2     41.9     36.0     28.9
      -.1     84.7     36.0     57.7  19390.6  22042.9
        .0      85.6      -9.5      44.7
       2.3      38.3      -5.2      30.9
        .3      17.6      -5.1      28.1
       1.1       8.6      -6.8      31.8
 62490   .840060  -.367526  -.399028
  54065.7  10060.0      -.1     43.3     36.0     28.9
      -.4     22.1     36.0     57.7  22626.5  23914.2
      -7.3      59.0      11.8      50.6
      -5.6      29.0       7.8      32.9
      -5.2      22.6       7.7      29.5
      -5.1      21.1       7.3      31.7
 62491   .817505  -.390173  -.423616
  50926.6  10556.0      -.1     43.3     36.0     28.9
      -.5     22.9     36.0     57.7  20506.3  21918.9
      -7.2      60.1      11.9      49.8
      -5.4      29.2       7.3      31.1
      -5.4      22.9       7.0      27.3
      -4.8      22.0       6.5      29.9
 62492   .790440  -.414981  -.450551
  47769.8  11046.8      -.1     43.3     36.0     28.9
      -.7     23.5     36.0     57.7  19065.0  20212.9
      -9.2      61.6      14.1      52.4
      -5.8      29.4       6.6      30.7
      -5.5      24.3       5.9      27.5
      -5.4      22.8       5.5      29.5
 62493   .757796  -.442047  -.479937
  44961.3  11877.9      -.1     43.3     36.0     28.9
      -.8     24.1     36.0     57.7  16876.0  17850.0
     -11.8      60.1      10.7      51.9
      -5.7      30.5       5.9      29.1
      -5.8      24.1       5.5      25.2
      -5.4      23.8       4.5      27.8
 62494   .718269  -.471364  -.511767
  42089.0  12971.8      -.1     43.3     36.0     28.9
      -.8     25.1     36.0     57.7  15602.2  16718.8
      -9.4      59.6      10.8      51.1
      -5.8      31.0       4.4      28.4
      -5.6      25.1       4.4      25.1
      -5.9      24.9       4.3      27.4
 62495   .670317  -.502738  -.545830
  39611.0  14219.2    -25.9     47.7     36.0     28.9
      -.6     25.7     35.2     13.4  13916.4  14781.4
     -12.7      61.8      10.7      51.0
      -6.1      31.9       3.6      26.2
      -5.6      25.9       3.1      22.6
      -6.1      26.0       2.9      24.5
 62496   .612205  -.535679  -.581595
  37323.1  15894.2     -7.7     28.9     36.0     28.9
      -.9     26.7     39.9     11.4  12415.2  13333.1
     -10.7      61.3       8.1      49.3
      -6.4      32.2       2.4      24.3
      -6.2      26.8       1.2      20.8
      -6.0      26.9       1.4      22.8
 62497   .542159  -.569267  -.618061
  34950.9  17018.6    -15.0     27.5     33.0     18.2
     -1.2     27.2     39.9     21.1  10763.4  11711.8
     -11.7      59.5       7.9      48.5
      -7.6      32.5       1.1      21.9
      -7.0      27.3        .7      18.4
      -7.0      28.1        .9      19.6
 62498   .458673  -.602008  -.653609
  33128.2  17514.4    -11.9     29.2     38.4     10.5
     -1.2     28.0     40.1     32.6   9935.3  10915.5
     -12.3      59.5       9.1      47.5
      -7.1      33.3        .3      16.6
      -6.2      27.7       -.6      13.8
      -6.6      29.0       -.3      14.4
 62499   .361020  -.631785  -.685938
  31868.7  16756.7    -16.4     30.3     38.9     16.3
     -1.8     28.3     39.5     43.7   9267.3  10010.4
     -13.1      61.2       5.0      55.2
      -8.2      33.8      -1.0      13.0
      -7.4      28.7      -1.9       9.1
      -6.9      30.5      -1.8       9.4
 62500   .249898  -.655981  -.712208
  30798.0  16255.3    -12.3     29.8     35.7     24.8
     -2.3     28.6     36.1     53.3   8872.8   9499.4
     -14.4      61.4       3.8      67.6
      -9.0      33.8       -.7      16.4
      -8.2      29.6      -1.7       6.7
      -7.4      30.3      -1.9       4.1
 62501   .190037  -.665130  -.722141
  30201.7  16028.9    -18.0     26.5     36.0     24.9
     -2.2     28.7     36.5     53.2   8474.6   9242.1
     -13.1      61.4       7.2      70.9
      -9.4      34.4       1.1      16.0
      -8.2      29.4        .6       6.6
      -7.4      30.9       -.4       4.5
 62502   .127982  -.671905  -.729496
  29900.5  15747.1    -18.3     26.5     37.2     21.3
     -2.7     29.4     38.2     49.0   8412.7   9105.6
     -12.3      62.4       3.9      59.2
      -8.6      34.5       -.4      13.2
      -8.3      29.2      -1.1       7.3
      -7.3      31.3      -1.7       6.2
 62503   .064388  -.676070  -.734019
  29526.9  15603.0    -20.3     36.6     36.8     17.5
     -2.6     29.5     38.2     43.6   7697.7   8617.6
     -12.9      62.0       1.3      52.2
      -9.1      34.6      -2.7      11.0
      -7.8      28.6      -2.9       7.8
      -7.1      30.9      -3.1       7.9
 62504   .000000  -.677476  -.735545
  29238.9  15684.0    -17.2     28.0     35.4     14.0
     -2.5     29.7     38.0     38.0   7708.9   8750.5
     -12.2      62.6      -1.6      43.9
      -9.0      34.3      -3.7      12.6
      -8.1      29.4      -4.0       9.7
      -7.5      31.2      -4.3      10.6
 62505  -.064388  -.676070  -.734019
  29225.1  15625.9    -16.2     30.0     33.1     13.2
     -3.1     30.1     37.6     32.9   8024.7   8600.1
     -11.5      63.0      -2.0      39.5
      -9.3      35.0      -4.7      14.5
      -8.5      28.9      -5.0      11.8
      -6.9      30.5      -4.9      13.1
 62506  -.127982  -.671905  -.729496
  29295.9  15683.5    -14.8     29.2     26.7     15.1
     -2.4     30.1     37.9     27.7   7881.2   9022.3
     -11.9      64.3      -2.8      41.5
      -8.5      34.2      -6.4      16.4
      -8.2      29.0      -6.3      14.2
      -7.0      30.3      -6.2      15.9
 62507  -.190037  -.665130  -.722141
  29147.2  15205.2    -14.4     28.9     20.1     14.8
     -2.8     30.4     37.5     22.7   8241.3   8927.9
     -12.6      60.4      -6.2      39.0
      -8.6      33.7      -7.8      19.2
      -7.3      29.0      -7.2      16.8
      -6.9      30.3      -7.6      19.1
 62508  -.249898  -.655981  -.712208
  29804.1  14868.4    -15.1     29.3     13.7     15.9
     -2.8     30.3     37.3     17.9   8483.3   9257.1
     -15.3      64.1      -6.5      45.5
      -8.4      34.2      -8.0      21.6
      -7.4      29.0      -7.5      19.3
      -7.1      29.8      -8.9      22.3
 62509  -.361020  -.631785  -.685938
  30452.3  13523.3    -13.5     29.1     -2.4     20.5
     -2.3     29.8     35.7     11.9   8961.0   9760.8
     -11.8      63.6      -7.2      43.2
      -7.8      33.8      -7.6      24.3
      -7.0      28.0      -8.1      22.0
      -6.4      28.8      -9.2      25.6
 62510  -.458673  -.602008  -.653609
  31981.5  12260.4    -15.3     28.6     36.0     28.9
     -2.1     29.3     29.6     18.6  10114.4  10989.6
     -10.5      61.6      -9.5      46.4
      -7.8      33.1      -8.3      26.5
      -6.7      27.0      -8.4      24.6
      -6.3      28.2      -9.9      28.5
 62511  -.542159  -.569267  -.618061
  33809.6  11047.1    -19.4     28.1     36.0     28.9
     -2.0     28.5     36.0     57.7  11132.6  11876.2
      -9.9      62.2     -10.7      47.4
      -6.9      32.6      -7.6      29.1
      -6.5      26.8      -8.1      27.3
      -6.2      26.5     -10.4      31.7
 62512  -.612205  -.535679  -.581595
  35863.1  10111.7    -24.6     27.2     36.0     28.9
     -1.6     27.6     36.0     57.7  12647.6  13277.3
     -13.0      62.0     -12.0      47.0
      -6.9      32.0      -7.9      30.8
      -6.3      25.9      -8.0      28.2
      -5.6      25.9      -9.9      34.0
 62513  -.670317  -.502738  -.545830
  38609.2   9523.3    -15.8     37.9     36.0     28.9
     -1.5     26.6     36.0     57.7  12973.3  14263.9
     -10.6      61.1      -9.2      49.1
      -5.7      32.1      -6.9      32.9
      -6.1      25.7      -8.1      29.8
      -5.5      24.7     -10.2      36.0
 62514  -.718269  -.471364  -.511767
  41043.4   9007.8    -13.6     61.1     36.0     28.9
     -1.1     25.7     36.0     57.7  14268.0  15981.6
      -9.9      63.0     -10.6      49.6
      -5.4      30.2      -6.8      32.7
      -5.4      24.3      -7.3      31.4
      -4.8      23.9      -8.6      37.0
 62515  -.757796  -.442047  -.479937
  44117.3   8714.3    -13.6     67.9     36.0     28.9
     -1.2     24.9     36.0     57.7  16501.3  17550.7
      -9.6      59.8     -10.7      48.1
      -5.4      30.2      -6.5      33.8
      -4.8      23.8      -6.7      31.8
      -4.7      23.0      -8.9      38.4
 62516  -.790440  -.414981  -.450551
  46872.0   8482.0    -23.6     70.5     36.0     28.9
     -1.1     24.2     36.0     57.7  17109.1  19317.3
     -10.2      59.0     -10.4      47.9
      -5.0      29.4      -6.1      33.8
      -4.2      23.2      -6.0      33.1
      -4.8      22.3      -8.5      39.7
 62517  -.817505  -.390173  -.423616
  50255.5   8309.1    -16.2     84.9   -102.7    225.9
     -1.4     23.4     36.0     57.7  16890.3  19570.6
      -7.8      60.7     -11.3      49.4
      -5.4      28.9      -5.8      35.3
      -5.1      22.1      -6.4      33.5
      -4.3      21.1      -8.0      39.8
 62518  -.840060  -.367526  -.399028
  53393.1   8233.9    -33.6     84.6    -24.2    276.3
     -1.0     22.7     36.0     57.7  15654.0  20816.8
      -9.3      62.5     -10.2      47.6
      -5.1      28.2      -5.1      34.6
      -4.2      21.7      -5.3      33.3
      -4.3      20.7      -7.8      40.9
 62519   .708659  -.620076  -.336613
  63749.4  11935.6      -.1     43.3     36.0     28.9
      -.1     86.6     36.0     57.7  27697.5  28930.2
     -11.8      54.2      12.6      50.4
      -5.7      28.7       7.4      32.0
      -5.8      25.7       7.7      28.4
      -5.6      27.3       7.2      30.2
 62520   .677337  -.646549  -.350984
  61082.2  12619.1      -.1     43.3     36.0     28.9
      -.1     86.6     36.0     57.7  25829.3  27428.5
     -13.3      54.6      12.1      50.8
      -5.6      29.1       7.0      30.3
      -5.5      26.1       6.5      26.4
      -5.9      27.4       6.4      28.3
 62521   .641844  -.673936  -.365851
  58451.6  13246.7      -.1     43.3     36.0     28.9
      -.1     86.6     36.0     57.7  24261.7  25610.3
      -9.6      52.6      11.3      52.0
      -5.7      29.4       6.5      29.6
      -5.8      26.8       6.1      25.6
      -6.1      28.7       5.8      27.5
 62522   .601687  -.701968  -.381068
  56377.6  13550.6      -.1     43.3     36.0     28.9
      -.1     86.6     36.0     57.7  23057.3  24428.6
     -11.4      54.2      12.0      54.6
      -6.3      29.5       5.6      27.8
      -6.1      27.6       5.4      24.8
      -6.4      29.2       5.0      25.4
 62523   .556388  -.730259  -.396426
  54301.9  14370.2      -.1     43.3     36.0     28.9
      -.1     86.6     36.0     57.7  21843.1  23039.4
     -13.7      55.9      11.0      54.3
      -6.5      30.2       4.9      27.1
      -6.3      27.9       4.5      22.7
      -6.8      30.3       3.6      24.4
 62524   .505524  -.758286  -.411641
  52438.7  14265.1      -.1     43.3     36.0     28.9
      -.1     86.6     33.1     10.2  19811.9  21415.6
     -13.3      51.6      10.5      51.1
      -6.7      30.3       3.5      25.1
      -7.3      28.6       2.8      20.8
      -6.8      31.0       2.5      21.4
 62525   .448787  -.785377  -.426348
  50411.4  14279.9      -.1     43.3     36.0     28.9
      -.1     86.6     40.3      8.2  19383.6  20568.9
     -13.0      56.5       5.9      50.7
      -6.8      30.7       2.6      22.7
      -6.8      29.3       1.8      18.9
      -7.1      31.6       1.1      19.2
 62526   .386057  -.810720  -.440105
  48882.5  13858.1      -.1     43.3     40.9     17.0
      -.1     86.6     40.9     18.9  18448.3  19716.9
     -13.9      55.5       6.0      53.2
      -7.4      30.9        .7      20.6
      -6.7      29.3       -.1      16.3
      -6.9      32.4       -.4      16.5
 62527   .317480  -.833386  -.452409
  47573.7  13508.6      -.1     43.3     38.6      8.2
      -.1     86.6     40.7     30.6  17265.4  19224.4
     -12.8      52.6       5.5      51.4
      -7.1      31.8        .0      17.6
      -8.0      29.8       -.5      12.8
      -7.7      32.9       -.8      12.7
 62528   .243541  -.852392  -.462727
  46912.7  13237.4      -.1     43.3     39.3     14.7
      -.1     86.6     40.2     42.5  16938.7  18302.3
     -13.0      52.9       3.2      62.1
      -8.6      32.1      -1.0      16.4
      -7.2      30.2      -1.5      10.4
      -7.9      33.5      -2.2       8.3
 62529   .165103  -.866792  -.470544
  46280.5  12897.1      -.1     43.3     36.3     24.1
      -.1     86.6     36.7     52.4  16967.4  18311.2
     -13.9      53.9       6.9      79.2
      -8.6      32.2       -.6      24.1
      -8.3      29.9      -1.7       8.8
      -9.0      33.4      -2.2       5.2
 62530   .124573  -.872008  -.473376
  45855.4  12883.3      -.1     43.3     37.0     24.0
      -.1     86.6     37.7     52.2  16923.5  18163.0
     -15.1      54.3       1.9      79.8
      -8.1      33.1       1.4      26.5
      -8.4      30.5       1.3      10.8
      -9.2      33.4        .7       6.1
 62531   .083409  -.875791  -.475429
  45638.9  12744.9      -.1     43.3     39.4     20.0
      -.1     86.6     40.4     47.8  16781.7  17972.6
     -13.8      56.5       5.0      70.7
      -9.2      32.5        .7      21.8
      -8.0      30.8        .3      10.0
      -9.5      34.0       -.8       6.7
 62532   .041814  -.878085  -.476675
  45179.8  12736.7      -.1     43.3     38.9     14.9
      -.1     86.6     40.4     41.8  16771.8  17769.8
     -12.4      54.2       1.3      62.6
      -8.4      32.2      -1.5      15.3
      -8.3      30.6      -1.9       8.3
      -9.2      33.8      -2.3       7.2
 62533   .000000  -.878853  -.477092
  45231.0  12762.7      -.1     43.3     38.1     10.7
      -.1     86.6     40.3     35.9  15635.9  17018.9
     -15.9      53.3      -2.2      54.2
      -8.7      33.6      -2.4      15.4
      -9.3      30.7      -3.1       9.4
      -9.3      34.4      -3.4       8.9
 62534  -.041814  -.878085  -.476675
  45102.0  12735.4      -.1     43.3     35.0      9.1
      -.1     86.6     40.2     30.1  16143.7  17481.5
     -16.1      55.1      -2.2      51.4
      -8.7      32.5      -3.9      14.0
      -8.8      30.9      -4.2      11.2
      -9.4      34.3      -4.4      10.6
 62535  -.083409  -.875791  -.475429
  45118.8  12738.8      -.1     43.3     27.2      8.7
      -.1     86.6     40.1     24.1  16094.7  17356.1
     -14.4      55.4      -3.2      48.1
      -8.4      32.7      -5.2      16.4
      -8.4      31.0      -5.4      12.4
      -9.0      34.5      -5.5      12.5
 62536  -.124573  -.872008  -.473376
  45132.1  12798.7      -.1     43.3     27.6     15.2
      -.1     86.6     40.0     18.4  15704.1  17132.2
     -12.2      54.5      -6.2      48.6
      -8.3      33.1      -5.9      18.4
      -8.6      31.0      -6.1      14.4
      -9.2      34.8      -6.8      15.1
 62537  -.165103  -.866792  -.470544
  45362.3  12930.1      -.1     43.3     30.1     23.8
      -.1     86.6     39.8     13.1  16789.4  17782.1
     -13.4      53.7      -4.3      45.1
      -8.1      32.8      -5.9      19.6
      -7.9      31.6      -6.3      16.4
      -8.9      35.1      -7.0      16.9
 62538  -.243541  -.852392  -.462727
  45699.7  13112.9      -.1     43.3     36.0     28.9
      -.1     86.6     36.6      8.6  16651.4  17760.9
     -12.7      54.4      -7.5      46.0
      -7.9      32.7      -5.9      20.3
      -7.8      31.8      -6.3      18.4
      -8.8      34.4      -7.5      19.6
 62539  -.317480  -.833386  -.452409
  46695.4  13164.6      -.1     43.3     36.0     28.9
      -.1     86.6     36.0     57.7  16819.7  18310.2
     -13.8      55.6      -6.8      45.9
      -7.4      32.8      -6.4      23.9
      -7.5      30.4      -6.8      20.9
      -7.8      33.8      -7.8      22.6
 62540  -.386057  -.810720  -.440105
  47922.8  12958.5      -.1     43.3     36.0     28.9
      -.1     86.6     36.0     57.7  17739.1  19215.0
     -14.5      56.3      -7.7      46.6
      -7.4      32.3      -5.8      25.3
      -7.1      30.4      -5.8      23.2
      -8.3      33.0      -8.1      25.8
 62541  -.448787  -.785377  -.426348
  49481.4  13011.6      -.1     43.3     36.0     28.9
      -.1     86.6     36.0     57.7  18249.2  19612.6
     -14.1      54.8      -8.4      47.9
      -7.5      32.2      -6.5      28.2
      -6.3      29.8      -6.0      25.1
      -7.7      32.3      -7.7      27.3
 62542  -.505524  -.758286  -.411641
  50927.8  12148.6      -.1     43.3     36.0     28.9
      -.1     86.6     36.0     57.7  20174.6  21265.0
     -13.4      56.1      -8.1      44.3
      -6.9      31.2      -5.7      28.6
      -6.7      28.8      -5.9      26.4
      -7.5      31.7      -7.4      29.6
 62543  -.556388  -.730259  -.396426
  53024.2  11452.6      -.1     43.3     36.0     28.9
      -.1     86.6     36.0     57.7  21595.1  22662.4
     -12.3      55.1      -8.3      46.9
      -5.9      30.7      -5.3      29.5
      -6.0      28.4      -5.5      27.9
      -7.4      30.9      -8.2      31.3
 62544  -.601687  -.701968  -.381068
  55185.8  10979.5      -.1     43.3     36.0     28.9
      -.1     86.6     36.0     57.7  22044.4  23362.8
     -11.1      54.4      -8.0      46.5
      -5.7      30.5      -5.1      31.3
      -6.4      27.8      -6.3      29.5
      -6.4      29.9      -7.0      32.6
 62545  -.641844  -.673936  -.365851
  57488.5  10569.7      -.1     43.3     36.0     28.9
      -.1     86.6     36.0     57.7  23634.6  25512.0
     -12.0      55.8      -9.6      47.7
      -5.7      29.5      -4.9      32.2
      -6.3      26.7      -6.2      30.1
      -6.5      29.2      -7.4      33.7
 62546  -.677337  -.646549  -.350984
  59944.7  10279.6      -.1     43.3     36.0     28.9
      -.1     86.6     36.0     57.7  24602.8  26186.5
     -11.3      55.0      -8.9      47.4
      -5.9      29.0      -5.5      33.1
      -5.8      26.5      -5.9      31.5
      -6.2      28.2      -7.8      35.4
 62547  -.708659  -.620076  -.336613
  62822.2   9873.6      -.1     43.3     36.0     28.9
      -.1     86.6     36.0     57.7  26589.0  27869.3
     -12.7      55.2      -8.9      45.4
      -6.0      29.2      -5.1      33.5
      -5.6      25.5      -5.3      30.9
      -5.7      27.8      -6.9      36.0
 62548   .482910  -.845093  -.229382
  94057.7  13376.1      -.1     43.3     36.0     28.9
      -.1     86.6     36.0     57.7  44785.2  46653.6
     -15.2      56.6      11.2      51.9
      -8.4      34.5       8.3      28.8
      -7.0      31.4       7.0      23.3
      -7.8      32.6       6.8      23.7
 62549   .451149  -.861285  -.233777
  92352.4  13165.5      -.1     43.3     36.0     28.9
      -.1     86.6     36.0     57.7  42532.3  45216.4
     -15.7      54.1      12.9      54.2
      -8.2      34.0       7.3      27.7
      -6.7      31.3       6.3      22.1
      -7.8      32.8       6.2      21.9
 62550   .417577  -.876913  -.238019
  91051.8  13018.3      -.1     43.3     36.0     28.9
      -.1     86.6     36.0     57.7  42081.4  44565.8
     -13.0      52.7      11.9      52.2
      -8.0      34.4       7.0      26.7
      -8.3      31.6       6.4      21.0
      -8.2      32.6       5.5      21.3
 62551   .382204  -.891810  -.242063
  89422.2  12858.2      -.1     43.3     36.0     28.9
      -.1     86.6     36.0     57.7  40242.1  43040.5
     -15.2      53.1      10.6      54.5
      -7.8      34.2       5.4      26.3
      -7.7      32.0       4.8      19.4
      -9.0      33.4       5.0      19.6
 62552   .345068  -.905804  -.245861
  88105.8  12669.5      -.1     43.3     36.0     28.9
      -.1     86.6     36.0     57.7  41273.9  43013.1
     -13.0      53.8      10.9      58.5
      -8.5      34.3       4.9      24.1
      -7.9      31.9       3.9      18.5
      -8.3      33.2       3.3      18.1
 62553   .306238  -.918714  -.249365
  86979.9  12463.2      -.1     43.3     36.0     28.9
      -.1     86.6     36.0     57.7  39546.8  42139.9
     -14.8      54.4       8.8      58.3
      -9.2      34.5       3.7      24.6
      -8.7      31.9       3.1      16.4
      -8.6      33.3       2.3      16.1
 62554   .265817  -.930361  -.252527
  86538.2  12303.6      -.1     43.3     36.0     28.9
      -.1     86.6     41.1      4.7  39817.7  41822.0
     -15.5      53.5      10.1      63.2
      -8.7      34.2       2.9      23.8
      -8.8      32.1       2.1      15.0
      -8.5      33.1       1.2      14.5
 62555   .223945  -.940570  -.255298
  85398.9  12160.1      -.1     43.3     36.0     28.9
      -.1     86.6     42.0     15.7  37774.4  40243.0
     -14.0      54.3       4.7      62.7
      -9.1      34.7       1.1      21.8
      -8.4      32.2        .1      13.4
      -9.4      33.0       -.3      12.5
 62556   .180796  -.949177  -.257634
  85033.8  12157.5      -.1     43.3     39.1      5.9
      -.1     86.6     41.7     28.6  38363.9  40670.9
     -16.4      53.7       3.9      69.4
      -9.0      35.0        .6      22.7
      -9.6      32.2       -.3      12.1
      -9.7      33.6       -.8      10.3
 62557   .136577  -.956038  -.259496
  84357.7  12011.5      -.1     43.3     40.7     13.0
      -.1     86.6     41.1     41.0  36810.4  39480.7
     -15.3      51.2       5.4      78.4
      -9.2      34.7       -.3      27.1
      -9.8      32.3      -1.8      10.5
     -10.2      33.7      -2.0       8.3
 62558   .091527  -.961030  -.260851
  84396.8  11865.3      -.1     43.3     36.8     23.3
      -.1     86.6     37.0     51.5  39060.6  40416.7
     -18.6      54.5       4.5      99.8
      -9.8      34.4       -.3      45.8
      -9.3      32.2      -1.5      18.5
     -10.4      33.1      -2.1       8.3
 62559   .068771  -.962796  -.261330
  83967.9  11824.2      -.1     43.3     38.6     22.8
      -.1     86.6     38.9     51.0  37910.6  40282.8
     -15.6      55.3       4.8      96.6
     -10.5      34.3       1.8      43.8
      -9.7      32.3       2.8      19.5
     -10.9      33.7       1.7      10.2
 62560   .045908  -.964064  -.261674
  83950.3  11845.1      -.1     43.3     41.2     18.3
      -.1     86.6     41.7     46.3  37785.6  39698.3
     -17.0      53.8       3.3      90.8
     -10.3      34.7       1.8      36.0
     -10.1      32.6       1.3      14.8
     -11.1      33.7        .5       7.7
 62561   .022972  -.964827  -.261882
  83448.8  11940.8      -.1     43.3     41.2     12.7
      -.1     86.6     42.1     40.2  38022.7  39932.9
     -15.4      55.2       2.9      83.5
     -10.2      34.7        .5      29.4
      -9.8      32.4       -.9      11.6
     -11.2      34.0      -1.4       7.6
 62562   .000000  -.965081  -.261951
  83785.1  11883.9      -.1     43.3     40.9      7.4
      -.1     86.6     42.3     33.7  37602.8  39819.2
     -17.6      58.7       4.6      72.4
      -9.6      34.3      -1.2      23.2
     -10.0      32.3      -1.9      10.4
     -11.1      33.7      -2.2       8.5
 62563  -.022972  -.964827  -.261882
  83491.9  11958.0      -.1     43.3     37.6     25.9
      -.1     86.6     42.3     27.4  38122.7  39736.6
     -15.3      54.2        .6      69.2
     -10.0      35.5      -2.7      20.5
      -9.1      32.7      -2.8      11.0
     -11.2      33.9      -3.3       8.8
 62564  -.045908  -.964064  -.261674
  83334.5  11859.4      -.1     43.3     20.2     23.8
      -.1     86.6     42.2     20.9  37687.5  39968.6
     -18.5      55.9      -3.3      65.6
      -9.4      34.7      -3.5      21.1
      -9.8      32.9      -4.0      11.1
     -11.2      33.9      -4.3       9.9
 62565  -.068771  -.962796  -.261330
  83475.6  11834.9      -.1     43.3     36.0     28.9
      -.1     86.6     42.1     14.6  37591.8  39449.5
     -17.6      56.0       4.2      67.9
     -10.6      35.1      -4.0      20.5
     -10.4      32.3      -4.1      11.6
     -10.6      34.0      -4.5      10.8
 62566  -.091527  -.961030  -.260851
  83415.4  11896.8      -.1     43.3     36.0     28.9
      -.1     86.6     42.1      8.4  37446.4  39380.6
     -13.9      53.3       -.6      59.9
      -9.1      34.6      -3.1      20.1
      -9.5      32.3      -3.7      12.6
      -9.7      34.7      -4.4      11.9
 62567  -.136577  -.956038  -.259496
  83643.6  12103.2      -.1     43.3     36.0     28.9
      -.1     86.6     36.0     57.7  38384.3  40539.6
     -15.4      55.1      -2.9      56.0
      -8.8      35.2      -3.4      20.6
      -9.5      32.6      -3.9      13.3
     -10.4      34.1      -4.3      12.8
 62568  -.180796  -.949177  -.257634
  83792.9  12007.2      -.1     43.3     36.0     28.9
      -.1     86.6     36.0     57.7  38864.2  40520.3
     -16.9      55.3      -4.6      53.7
      -8.5      35.2      -3.8      21.0
      -9.2      32.9      -3.9      15.5
     -10.6      34.3      -5.0      15.4
 62569  -.223945  -.940570  -.255298
  84503.3  12167.4      -.1     43.3     36.0     28.9
      -.1     86.6     36.0     57.7  38884.4  40677.4
     -15.2      53.9      -4.2      54.8
      -9.1      35.1      -3.0      20.5
      -9.0      32.8      -3.4      16.1
     -10.7      34.4      -4.6      16.3
 62570  -.265817  -.930361  -.252527
  85154.1  12205.2      -.1     43.3     36.0     28.9
      -.1     86.6     36.0     57.7  38090.1  40173.4
     -15.7      56.3      -6.2      53.5
      -9.0      35.0      -3.7      22.4
      -8.4      32.1      -3.9      18.0
      -9.5      33.9      -4.7      18.3
 62571  -.306238  -.918714  -.249365
  86213.3  12584.9      -.1     43.3     36.0     28.9
      -.1     86.6     36.0     57.7  39992.9  42149.7
     -17.0      55.5      -4.6      44.7
      -9.3      35.1      -3.1      22.1
      -9.5      32.9      -3.7      19.0
      -9.5      33.9      -4.6      19.5
 62572  -.345068  -.905804  -.245861
  87132.3  12536.7      -.1     43.3     36.0     28.9
      -.1     86.6     36.0     57.7  39711.3  41740.1
     -15.2      56.4      -5.8      49.2
      -8.9      35.6      -3.4      24.3
      -8.0      32.9      -3.7      20.9
      -9.0      33.8      -4.8      21.4
 62573  -.382204  -.891810  -.242063
  88502.8  12880.6      -.1     43.3     36.0     28.9
      -.1     86.6     36.0     57.7  40111.3  43048.8
     -14.9      56.4      -6.8      46.4
      -8.4      35.0      -3.2      25.0
      -8.1      32.3      -3.1      21.6
      -8.6      34.2      -4.4      23.2
 62574  -.417577  -.876913  -.238019
  89537.5  12857.1      -.1     43.3     36.0     28.9
      -.1     86.6     36.0     57.7  43121.2  44134.8
     -13.9      54.6      -6.5      43.6
      -7.9      34.6      -3.8      26.5
      -8.2      32.4      -4.0      23.5
      -8.6      33.8      -5.0      24.8
 62575  -.451149  -.861285  -.233777
  91397.5  12824.2      -.1     43.3     36.0     28.9
      -.1     86.6     36.0     57.7  41532.0  43649.7
     -15.0      58.3      -5.7      45.0
      -7.9      33.7      -2.9      26.7
      -8.5      31.9      -3.6      24.4
      -8.0      33.1      -4.2      25.9
 62576  -.482910  -.845093  -.229382
  92834.3  12811.5      -.1     43.3     36.0     28.9
      -.1     86.6     36.0     57.7  42947.2  45152.3
     -16.9      55.2      -6.8      43.9
      -7.7      34.1      -3.1      28.0
      -7.2      32.4      -3.4      26.0
      -8.3      33.1      -4.8      26.9
 62577   .337328  -.927651  -.160231
 136153.1  12672.7      -.1     43.3     36.0     28.9
      -.1     86.6     36.0     57.7  70268.2  72318.5
     -15.7      53.5      13.2      56.8
      -9.2      36.0       8.2      26.6
      -8.2      32.8       7.4      19.2
      -8.7      33.7       6.8      19.2
 62578   .312066  -.936198  -.161707
 134826.1  12414.5      -.1     43.3     36.0     28.9
      -.1     86.6     36.0     57.7  66252.5  70958.6
     -14.3      53.9      11.4      54.5
      -9.4      35.7       7.3      27.0
      -9.3      33.3       6.8      18.6
      -8.8      34.4       6.2      18.7
 62579   .286124  -.944211  -.163091
 134323.4  12292.6      -.1     43.3     36.0     28.9
      -.1     86.6     36.0     57.7  67435.3  70472.8
     -15.4      50.1      11.1      64.0
      -9.9      36.0       6.7      27.1
      -9.6      34.1       6.4      18.1
      -9.6      33.8       6.0      17.0
 62580   .259539  -.951641  -.164374
 132997.4  12247.7      -.1     43.3     36.0     28.9
      -.1     86.6     36.0     57.7  65293.7  69213.4
     -14.2      53.9       9.0      61.3
     -10.0      36.3       6.0      26.5
      -9.6      33.3       5.3      16.7
      -9.3      34.4       4.7      16.3
 62581   .232349  -.958440  -.165549
 132481.6  12220.8      -.1     43.3     36.0     28.9
      -.1     86.6     36.0     57.7  65540.9  69861.3
     -16.9      57.2      13.4      66.7
      -9.9      35.7       6.0      27.0
      -9.0      33.2       4.5      15.9
      -9.9      35.2       4.3      15.0
 62582   .204604  -.964562  -.166606
 131791.1  12144.4      -.1     43.3     36.0     28.9
      -.1     86.6     36.0     57.7  66062.9  69623.8
     -15.5      51.2       7.2      68.1
      -9.7      35.5       3.9      26.6
      -9.5      33.9       3.1      16.0
     -10.8      34.4       2.8      13.8
 62583   .176357  -.969963  -.167539
 131488.4  12053.7      -.1     43.3     36.0     28.9
      -.1     86.6     41.7      3.0  64660.4  68194.7
     -17.8      57.3       7.1      69.9
      -9.9      35.9       3.2      28.3
      -9.9      33.1       2.2      14.6
     -10.8      34.0       2.3      12.3
 62584   .147667  -.974605  -.168341
 131205.4  11979.0      -.1     43.3     36.0     28.9
      -.1     86.6     42.5     14.1  65680.3  69507.6
     -17.3      55.7       6.3      78.3
     -10.4      36.0       1.3      28.3
      -9.7      33.9        .7      14.3
     -10.5      34.6        .0      11.0
 62585   .118600  -.978453  -.169006
 130384.3  11854.1      -.1     43.3     42.6     45.2
      -.1     86.6     42.4     27.3  66133.0  69273.6
     -16.7      52.2       4.7      83.4
     -10.8      36.0        .3      29.5
     -10.2      33.6       -.6      12.9
      -9.9      34.5      -1.0       9.9
 62586   .089225  -.981478  -.169528
 130524.5  11859.0      -.1     43.3     41.2     12.1
      -.1     86.6     41.4     40.1  65515.1  68346.9
     -17.4      52.8       5.6      98.7
     -10.7      36.0       -.4      38.4
     -10.8      34.1      -1.7      15.4
     -11.6      34.4      -1.6      10.2
 62587   .059616  -.983656  -.169904
 130379.2  11856.4      -.1     43.3     37.1     22.7
      -.1     86.6     37.2     50.8  63859.7  67989.2
     -16.4      51.7       5.6     106.2
     -11.0      36.2       -.1      55.2
     -10.8      33.2       -.8      26.9
     -11.3      34.2      -1.5      13.7
 62588   .044746  -.984421  -.170036
 130151.0  11840.7      -.1     43.3     39.2     22.4
      -.1     86.6     39.3     50.1  65261.0  68414.6
     -16.1      51.4       5.6     105.6
     -11.5      36.0       2.4      60.2
     -10.6      33.1       1.7      28.9
     -11.4      34.4       2.7      17.2
 62589   .029848  -.984969  -.170131
 130215.6  11804.6      -.1     43.3     42.2     17.5
      -.1     86.6     42.4     45.5  64311.6  67837.9
     -15.7      51.1       4.8      96.3
     -11.2      35.4       3.2      48.3
     -11.1      33.4       1.4      21.2
     -11.8      33.6       1.4      12.3
 62590   .014929  -.985299  -.170188
 129962.3  11825.5      -.1     43.3     42.4     11.5
      -.1     86.6     42.9     39.3  65306.7  67796.1
     -17.6      50.5       -.3      89.1
     -11.1      35.9       1.0      40.1
     -10.6      33.2        .4      16.6
     -11.2      34.0       -.2      11.1
 62591   .000000  -.985408  -.170207
 129936.7  11858.7      -.1     43.3     42.1      5.9
      -.1     86.6     43.1     33.0  64784.2  68739.1
     -21.7      58.5       1.4      88.9
     -11.3      36.2       -.8      32.3
     -10.4      33.3      -1.2      14.8
     -11.7      34.3      -1.4      10.8
 62592  -.014929  -.985299  -.170188
 130006.1  11787.8      -.1     43.3     37.1      7.8
      -.1     86.6     43.2     26.2  63947.8  67938.4
     -18.5      55.4       1.7      81.1
     -11.0      35.9      -1.7      30.6
     -11.1      33.6      -2.3      13.0
     -12.1      34.8      -2.5       8.7
 62593  -.029848  -.984969  -.170131
 129393.3  11841.1      -.1     43.3     36.0     28.9
      -.1     86.6     43.3     19.5  64000.1  67226.1
     -16.6      52.8      -4.9      74.0
     -11.1      35.7      -2.1      28.5
     -11.2      33.0      -3.3      12.8
     -10.9      34.8      -3.1       9.8
 62594  -.044746  -.984421  -.170036
 129572.8  11865.2      -.1     43.3     36.0     28.9
      -.1     86.6     42.9     13.0  63797.2  68747.3
     -17.7      52.5        .3      77.1
     -10.4      36.3      -2.4      27.8
     -11.3      33.3      -3.1      12.8
     -10.7      34.8      -3.1       9.8
 62595  -.059616  -.983656  -.169904
 129797.3  11908.3      -.1     43.3     36.0     28.9
      -.1     86.6     42.9      6.5  65390.5  68280.9
     -16.2      52.7       1.9      76.5
     -10.3      36.2      -2.0      25.6
     -10.4      33.8      -2.4      12.6
     -10.6      34.7      -2.7      10.3
 62596  -.089225  -.981478  -.169528
 129659.2  11958.2      -.1     43.3     36.0     28.9
      -.1     86.6     36.0     57.7  64287.0  67076.3
     -15.7      51.8       1.0      68.8
     -10.5      36.0      -2.1      25.9
     -10.4      34.5      -3.0      12.4
     -11.5      35.5      -3.2      10.9
 62597  -.118600  -.978453  -.169006
 129751.4  12035.3      -.1     43.3     36.0     28.9
      -.1     86.6     36.0     57.7  65140.7  68366.6
     -14.5      51.2        .5      65.5
     -10.3      36.6      -2.0      24.5
     -10.6      33.4      -2.5      13.3
     -11.1      34.7      -2.9      12.6
 62598  -.147667  -.974605  -.168341
 130196.9  11909.8      -.1     43.3     36.0     28.9
      -.1     86.6     36.0     57.7  64715.9  67117.0
     -19.3      53.6      -3.8      62.1
     -10.0      36.4      -1.8      24.1
     -10.5      34.1      -2.2      13.3
     -11.1      35.1      -2.6      12.6
 62599  -.176357  -.969963  -.167539
 130329.1  12101.3      -.1     43.3     36.0     28.9
      -.1     86.6     36.0     57.7  66167.0  68437.7
     -16.5      53.0      -3.2      58.7
     -10.2      36.6      -2.2      23.6
     -10.1      33.9      -2.2      14.9
     -10.1      35.0      -2.5      14.8
 62600  -.204604  -.964562  -.166606
 131057.1  12096.3      -.1     43.3     36.0     28.9
      -.1     86.6     36.0     57.7  65239.5  67866.3
     -16.3      58.6      -5.1      60.6
      -9.8      36.6      -1.8      23.2
      -9.6      33.7      -1.8      15.6
     -10.0      35.1      -2.2      15.2
 62601  -.232349  -.958440  -.165549
 131911.4  12239.2      -.1     43.3     36.0     28.9
      -.1     86.6     36.0     57.7  65914.1  69625.1
     -14.7      53.7      -1.2      54.0
     -10.3      36.8      -2.4      23.5
      -9.7      33.8      -2.2      16.7
     -10.4      35.6      -2.7      17.7
 62602  -.259539  -.951641  -.164374
 132264.6  12318.7      -.1     43.3     36.0     28.9
      -.1     86.6     36.0     57.7  65063.9  69417.3
     -17.1      56.5      -2.5      52.8
      -9.5      36.3      -1.3      22.3
      -9.0      34.1      -1.5      16.8
      -9.7      35.6      -2.1      17.4
 62603  -.286124  -.944211  -.163091
 133079.6  12313.8      -.1     43.3     36.0     28.9
      -.1     86.6     36.0     57.7  65448.4  69600.9
     -15.3      55.1      -2.8      42.9
      -9.5      36.6      -2.0      23.8
      -9.5      34.0      -2.5      18.9
      -9.3      35.0      -2.6      18.7
 62604  -.312066  -.936198  -.161707
 134113.5  12410.8      -.1     43.3     36.0     28.9
      -.1     86.6     36.0     57.7  66847.1  69899.1
     -14.4      52.7       -.9      43.5
      -9.1      36.4      -1.4      23.1
      -8.7      33.1      -1.5      18.1
      -9.5      34.3      -1.5      19.2
 62605  -.337328  -.927651  -.160231
 134727.3  12599.2      -.1     43.3     36.0     28.9
      -.1     86.6     36.0     57.7  68911.2  71563.6
     -15.2      51.5      -5.0      43.1
      -9.2      36.6      -1.8      24.1
      -9.1      33.9      -2.0      20.0
      -9.3      35.2      -2.4      20.8
