Dot1_150x100_prd2017clk:@-200V,3.8T@90d,253K,rhe=1.10,rhh=0.7,0.00/0.00         
   339   1  3.80  60   5  29   0  200.00  253.00     .00 1.0420   800.0     .06  112.14  150.000  100.000  285.000   800.0     .03   56.07    1.50    1.00     .85
 52601   .000000   .000000 -1.000000
  26747.1  18411.8      -.2     40.5     54.9      3.4
      -.2     83.7     54.6     29.4  12989.3  13502.2
       1.7      67.0       -.3      36.4
       -.3       7.9       -.2      12.4
        .2       5.0       -.1       8.5
       -.2       5.0        .1       7.2
 52602   .000000  -.130455  -.991454
  26997.1  18577.3       .3     33.7     55.1      3.4
       .3     76.9     54.6     29.4  12825.9  13411.7
      -5.2      55.5       1.3      37.7
       -.2       5.6        .0      12.7
       -.2       5.0        .1       8.4
       -.1       5.0        .1       7.2
 52603   .000000  -.254493  -.967075
  27552.2  19001.9       .0     25.0     55.1      3.8
       .0     68.3     54.8     29.2  13367.4  13756.5
      -4.6      50.3        .8      38.6
       -.3       8.3       -.2      12.4
       -.2       5.5        .1       8.3
       -.2       5.0        .0       7.1
 52604   .000000  -.367167  -.930155
  28791.9  19851.1       .2     16.2     55.3      4.0
       .2     59.1     54.6     29.1  14054.1  14629.3
      -5.0      49.5        .5      40.3
       -.4      12.4       -.2      12.9
        .0       8.3        .1       8.3
       -.2       6.7       -.1       7.1
 52605   .000000  -.465746  -.884918
  30022.6  20220.0       .1      7.7     55.1      3.7
      -.1     49.8     54.9     28.7  14988.6  15403.2
      -4.7      49.5       1.4      39.0
       -.3      16.1        .0      12.2
       -.1      10.5        .1       8.1
       -.1       8.8        .0       6.9
 52606   .000000  -.549617  -.835417
  31968.9  19898.7       .7      4.9     55.1      3.8
       .0     40.0     54.7     28.5  15763.6  16517.0
      -8.7      53.5       -.2      40.4
       -.6      21.9       -.2      12.6
       -.5      14.0        .0       8.0
        .0      11.4        .1       6.8
 52607   .000000  -.619644  -.784883
  33814.1  18730.7       .0     43.3     55.2      3.6
       .1     30.4     54.8     28.4  17065.0  17909.8
      -6.8      57.0       1.3      44.1
       -.2      26.5        .0      12.1
        .1      17.6        .1       7.9
       -.1      14.2        .1       6.6
 52608   .000000  -.677476  -.735545
  36202.2  17492.3       .0     43.3     55.2      3.4
      -.4     20.7     54.8     27.9  18718.0  19496.2
      -8.3      58.5        .3      43.8
      -1.1      27.5       -.2      12.4
       -.3      18.1        .0       7.8
       -.2      15.1        .0       6.6
 52609   .000000  -.724999  -.688749
  38745.9  16434.6       .0     43.3     55.4      3.0
      -.2     11.9     54.5     27.7  19961.7  20721.6
      -8.2      55.3       2.0      45.8
       -.2      25.5        .0      12.3
       -.5      16.6        .0       7.7
       -.4      14.4       -.1       6.4
 52610   .000000  -.764030  -.645181
  41184.9  15745.8       .0     43.3     54.7      2.9
      -.5      8.2     55.0     27.6  21838.1  22642.7
      -8.9      52.1       -.8      45.6
       -.7      21.7       -.2      12.0
       -.5      16.4        .0       7.5
       -.4      15.0        .0       6.2
 52611   .000000  -.796162  -.605083
  43987.4  15158.9       .0     43.3     54.9      3.3
       .0     86.6     54.9     27.4  23543.4  24372.6
      -8.0      52.7       -.8      48.5
       -.7      22.7       -.1      12.5
       -.1      17.6        .1       7.3
       -.3      16.0        .0       5.9
 52612   .000000  -.822730  -.568432
  46619.9  14701.9       .0     43.3     56.0      3.3
       .0     86.6     54.9     27.1  25062.8  25872.5
      -7.3      51.8        .8      49.8
        .1      21.8        .2      12.7
       -.3      16.2        .0       7.2
       -.1      15.1        .0       6.0
 52613   .000000  -.844819  -.535052
  49522.0  14345.5       .0     43.3     56.1     28.9
       .0     86.6     54.9     26.9  26933.4  27745.3
      -9.6      50.7        .5      52.8
       -.8      20.8       -.2      12.6
       -.2      15.1        .2       7.3
       -.2      13.3        .1       5.7
 52614   .000000  -.863297  -.504697
  52548.2  14091.3       .0     43.3     54.6      2.1
       .0     86.6     54.5     26.7  28280.5  29315.1
      -9.8      52.4       1.0      53.9
       -.4      21.8       -.2      13.3
       -.4      17.2       -.1       7.2
       -.4      15.7        .1       5.7
 52615   .000000  -.878853  -.477092
  55616.4  13877.7       .0     43.3     56.1     28.9
       .0     86.6     54.7     26.6  30610.7  31583.1
      -8.7      50.7       1.3      56.4
       -.6      23.1       -.4      13.1
       -.1      18.3        .1       7.0
       -.2      16.8        .0       5.5
 52616   .000000  -.892036  -.451965
  58688.2  13728.1       .0     43.3     56.1     28.9
       .0     86.6     55.0     26.4  32675.1  33775.5
      -9.7      49.4       1.3      59.9
       -.6      22.6       -.1      13.5
       -.4      17.1        .0       6.9
       -.4      15.6        .1       5.5
 52617   .000000  -.903278  -.429057
  61820.3  13671.3       .0     43.3     56.1     28.9
       .0     86.6     54.9     26.3  35206.2  36181.4
      -9.9      51.6       2.4      57.4
       -.5      21.0       -.1      13.7
       -.3      16.0        .0       6.9
       -.5      14.3        .1       5.3
 52618   .000000  -.912924  -.408131
  64868.5  13516.9       .0     43.3     56.1     28.9
       .0     86.6     54.7     26.3  36829.0  37805.2
     -11.5      53.5       1.6      63.5
       -.7      22.0       -.2      15.7
       -.3      17.6        .1       6.8
       -.3      16.2        .2       5.3
 52619   .000000  -.921250  -.388972
  68398.1  13421.9       .0     43.3     56.1     28.9
       .0     86.6     54.9     26.1  38449.9  39886.4
     -11.3      52.0        .4      63.0
       -.6      23.6       -.1      14.8
       -.5      18.8        .1       6.7
       -.5      17.5        .0       5.1
 52620   .000000  -.928477  -.371391
  71269.4  13404.6       .0     43.3     56.1     28.9
       .0     86.6     54.8     25.9  41167.6  42176.7
     -12.0      53.8       2.0      67.4
      -1.1      22.8       -.1      15.8
       -.2      17.6        .1       6.6
       -.4      16.1        .1       5.1
 52621   .000000  -.934784  -.355218
  74752.1  13271.1       .0     43.3     56.1     28.9
       .0     86.6     55.0     25.9  42504.7  43973.5
      -9.3      50.4       2.1      66.6
       -.5      21.8        .1      15.7
       -.5      16.4        .0       6.5
       -.7      14.5        .0       5.1
 52622   .000000  -.940315  -.340305
  77829.2  13326.7       .0     43.3     56.1     28.9
       .0     86.6     54.9     25.8  45355.7  46603.0
     -11.4      52.0       2.0      61.0
      -1.0      22.2        .2      17.1
       -.3      18.2        .1       6.7
       -.4      16.5        .0       5.1
 52623   .000000  -.945190  -.326520
  81223.7  13278.0       .0     43.3     56.1     28.9
       .0     86.6     55.2     25.6  47360.9  48517.0
     -11.8      50.5       1.2      70.7
       -.7      23.5        .3      17.5
       -.4      18.8        .1       6.4
       -.3      17.8        .0       4.9
 52624   .000000  -.949506  -.313750
  84371.7  13218.8       .0     43.3     56.1     28.9
       .0     86.6     55.2     25.6  49085.9  50959.4
     -11.2      52.0        .6      74.4
      -1.0      23.2        .0      18.6
       -.5      17.9        .0       6.6
       -.4      16.4        .1       4.8
 52625   .000000  -.953342  -.301892
  87788.5  13195.6       .0     43.3     56.1     28.9
       .0     86.6     55.3     25.5  52266.4  53608.6
     -12.1      54.1      -1.0      79.4
       -.6      22.0        .1      18.0
       -.5      16.5        .1       6.4
       -.3      15.0        .1       4.8
 52626   .000000  -.956767  -.290857
  91295.3  13249.4       .0     43.3     56.1     28.9
       .0     86.6     55.1     25.6  53420.3  54730.6
     -13.3      52.5       6.2      78.6
       -.7      22.7       -.1      19.2
       -.4      18.1        .0       6.6
       -.7      16.6        .0       4.8
 52627   .000000  -.959834  -.280567
  94640.8  13160.0       .0     43.3     56.1     28.9
       .0     86.6     55.5     25.5  56720.9  57929.2
     -12.3      52.4       -.3      77.9
       -.8      24.1        .1      20.2
       -.5      19.2        .0       6.6
       -.5      18.2        .1       4.8
 52628   .000000  -.962593  -.270952
  97825.9  13115.6       .0     43.3     56.1     28.9
       .0     86.6     55.2     25.4  58163.5  60179.8
     -11.2      47.7       4.4      76.2
      -1.5      22.7        .3      20.1
       -.1      18.0        .1       6.8
       -.7      16.6        .0       4.6
 52629   .000000  -.965081  -.261951
 101221.7  13094.0       .0     43.3     56.1     28.9
       .0     86.6     55.1     25.4  60543.6  62428.3
     -12.5      49.6        .1      78.9
       -.9      21.8        .1      22.0
       -.6      16.5        .0       6.5
       -.7      15.0        .0       4.6
 52630   .000000  -.967333  -.253508
 104367.9  13157.8       .0     43.3     56.1     28.9
       .0     86.6     55.2     25.2  63126.2  65090.7
     -12.6      51.5       2.3      81.8
       -.8      22.3       -.1      21.6
       -.4      18.1        .1       6.2
       -.6      16.7        .1       4.6
 52631   .000000  -.969377  -.245576
 107829.1  13210.3       .0     43.3     56.1     28.9
       .0     86.6     55.4     25.2  66014.4  67657.4
     -12.7      53.8       3.3      82.8
      -1.2      24.0        .2      20.7
        .0      19.4        .3       6.9
       -.8      18.4        .1       4.9
 52632   .000000  -.971238  -.238110
 111406.3  13153.4       .0     43.3     56.1     28.9
       .0     86.6     55.6     25.1  67941.1  69359.8
      -8.4      50.2       2.3      82.3
      -1.3      23.4       -.2      24.0
       -.4      18.3        .1       6.6
       -.4      16.9        .1       4.9
 52633   .000000  -.972937  -.231072
 114461.3  13090.0       .0     43.3     56.1     28.9
       .0     86.6     55.7     25.1  69087.0  70897.7
     -10.4      53.1       -.7      84.2
      -1.1      21.8        .1      22.2
       -.6      17.0        .0       7.1
       -.5      15.1        .1       4.5
 52634   .000000  -.974491  -.224428
 117953.4  13117.4       .0     43.3     56.1     28.9
       .0     86.6     55.4     25.2  70911.4  73146.4
     -11.3      50.8       -.6      90.0
      -1.0      22.6        .1      24.3
       -.1      18.2        .2       7.4
       -.4      16.9        .1       4.9
 52635   .000000  -.975916  -.218146
 121354.2  13129.4       .0     43.3     56.1     28.9
       .0     86.6     55.4     24.9  73842.1  75764.1
     -14.6      54.6       4.5      92.3
      -1.3      23.9        .0      26.0
       -.4      19.3        .0       6.8
       -.4      18.4        .1       5.1
 52636   .000000  -.977227  -.212198
 124628.8  13102.9       .0     43.3     56.1     28.9
       .0     86.6     55.7     24.9  76796.9  78376.5
     -14.6      54.5       4.9      89.4
      -1.1      23.6        .4      25.5
       -.3      18.4        .1       7.0
       -.4      17.0        .2       4.4
 52637   .000000  -.978434  -.206558
 128182.8  13113.5       .0     43.3     56.1     28.9
       .0     86.6     55.5     24.9  79227.8  81138.3
     -16.1      57.1       3.0      88.2
      -1.0      22.5        .4      25.6
       -.7      16.7        .1       7.2
       -.5      15.1        .2       4.5
 52638   .000000  -.979549  -.201205
 131939.2  13141.7       .0     43.3     56.1     28.9
       .0     86.6     55.5     24.8  81025.7  83250.3
     -14.8      55.3       1.7      92.7
      -1.2      23.2        .0      25.9
       -.6      18.2        .2       8.0
       -.7      17.3        .1       4.8
 52639   .000000  -.980581  -.196116
 134889.3  13083.6       .0     43.3     56.1     28.9
       .0     86.6     55.5     24.8  82955.3  85406.0
      -9.4      53.6       3.2      98.5
      -1.4      24.3       -.4      27.5
       -.5      19.3        .1       7.4
       -.6      18.5        .2       4.4
 52640   .000000  -.981537  -.191274
 138681.9  13115.5       .0     43.3     56.1     28.9
       .0     86.6     55.9     24.8  86021.7  87875.8
      -9.7      49.9       1.6      95.5
      -1.0      23.5        .2      29.4
       -.4      18.4        .1       7.5
       -.4      17.0        .1       4.8
 52641   .000000  -.982424  -.186661
 141960.1  13117.2       .0     43.3     56.1     28.9
       .0     86.6     55.7     24.8  87619.8  89941.9
     -14.7      58.0       5.0     102.3
      -1.0      22.5        .0      27.7
       -.2      16.8        .2       7.5
       -.2      15.4        .3       4.3
 52642   .000000  -.983250  -.182261
 145156.6  13059.6       .0     43.3     56.1     28.9
       .0     86.6     55.7     24.8  90670.9  92865.6
      -9.7      51.4       5.8      96.4
      -1.5      23.5        .1      30.1
       -.2      18.2        .2       7.8
       -.3      17.2        .2       4.7
 52643   .000000  -.984020  -.178061
 148571.8  13068.9       .0     43.3     56.1     28.9
       .0     86.6     55.9     24.8  93372.4  95098.9
      -9.8      52.4       3.8      95.6
      -1.1      23.7        .4      30.5
       -.2      19.5        .2       8.1
       -.7      18.5        .2       4.3
 52644   .000000  -.984737  -.174047
 152308.6  13140.4       .0     43.3     56.1     28.9
       .0     86.6     56.0     24.8  94064.8  97598.5
      -7.9      49.7        .7     102.8
      -1.5      23.3       -.1      29.0
       -.5      18.0        .1       8.7
       -.1      16.9        .2       4.6
 52645   .000000  -.985408  -.170207
 155539.8  13194.9       .0     43.3     56.1     28.9
       .0     86.6     55.9     24.6  97664.2 100089.1
     -12.7      54.1        .3     100.1
      -1.2      22.1        .5      30.8
       -.5      16.8        .0       8.5
       -.1      15.2        .2       5.5
 52646   .000000  -.986036  -.166531
 159119.4  13116.1       .0     43.3     56.1     28.9
       .0     86.6     56.1     24.7  99663.9 102715.4
     -12.0      55.0       1.4     103.0
      -1.1      24.0        .4      34.4
       -.4      18.0        .3       9.1
       -.4      17.0        .1       4.3
 52647   .000000  -.986625  -.163008
 162375.1  13119.1       .0     43.3     56.1     28.9
       .0     86.6     56.2     24.6 102233.1 105092.0
     -11.4      51.9       9.4      98.4
      -1.6      24.8       -.3      33.1
       -.5      19.8        .1       9.5
       -.3      18.5        .2       5.1
 52648   .000000  -.987696  -.156385
 169243.7  13158.2       .0     43.3     56.1     28.9
       .0     86.6     55.9     24.6 107146.0 109787.9
     -12.3      54.5       7.9     104.6
      -1.4      22.4        .3      33.4
       -.4      17.0        .2       8.5
       -.5      15.5        .1       4.5
 52649   .000000  -.988644  -.150274
 176382.7  13153.3       .0     43.3     56.1     28.9
       .0     86.6     56.2     24.4 111782.3 113794.2
      -8.7      51.3      -2.5     110.5
      -1.3      25.0        .4      35.4
       -.5      19.5        .1       9.8
       -.4      18.8        .2       4.8
 52650   .000000  -.989488  -.144617
 183113.7  13211.3       .0     43.3     56.1     28.9
       .0     86.6     56.0     24.6 116240.5 119258.9
     -10.3      51.7      11.9     100.4
      -1.6      22.6        .1      35.1
       -.6      16.6        .3       9.3
       -.5      15.3        .1       4.8
 52651   .000000  -.990241  -.139367
 189812.3  13164.0       .0     43.3     56.1     28.9
       .0     86.6     56.0     24.5 121974.4 125031.4
     -12.1      54.1      13.4     107.6
      -1.4      24.7       -.1      38.4
       -.5      19.4        .2      10.3
       -.6      18.4        .1       4.7
 52652   .000000  -.990916  -.134481
 197247.0  13254.7       .0     43.3     56.1     28.9
       .0     86.6     56.3     24.4 126634.6 129234.2
      -8.8      49.9      -1.9     105.9
      -1.5      23.2       -.2      38.5
       -.6      16.7        .1       9.7
       -.3      15.7        .1       5.7
 52653   .000000  -.991524  -.129924
 203989.5  13237.3       .0     43.3     56.1     28.9
       .0     86.6     56.0     24.3 131420.9 133949.8
     -15.3      51.0       3.2     108.9
      -1.3      25.4        .9      38.4
       -.6      19.5        .1      10.6
       -.5      18.7        .3       6.4
 52654   .000000  -.992073  -.125663
 211099.8  13241.4       .0     43.3     56.1     28.9
       .0     86.6     56.0     24.2 135234.2 137856.8
     -11.6      49.5       -.2     112.8
      -1.9      22.9       -.1      38.7
       -.5      17.0        .3      12.1
       -.7      15.6        .1       5.7
 52655   .000000  -.992571  -.121670
 217741.4  13219.4       .0     43.3     56.1     28.9
       .0     86.6     56.1     24.4 140763.1 145080.0
     -13.1      57.6        .0     119.5
      -1.3      25.3        .2      40.8
       -.7      19.4        .2      11.5
       -.3      18.4        .4       5.4
 52656   .000000  -.993023  -.117921
 224630.9  13292.9       .0     43.3     56.1     28.9
       .0     86.6     56.2     24.1 145234.6 150238.3
      -8.3      44.3       5.8     121.1
      -1.7      22.7        .6      41.2
       -.5      16.8        .0      12.3
       -.6      15.5        .2       5.5
 52657   .000000  -.993435  -.114396
 231582.3  13304.2       .0     43.3     56.1     28.9
       .0     86.6     56.4     24.2 149488.3 153413.6
     -14.2      51.3       2.4     112.4
      -1.3      25.4        .9      42.1
       -.5      19.4        .3      12.4
       -.4      18.8        .2       5.9
 52658   .000000  -.993812  -.111073
 238496.9  13234.0       .0     43.3     56.1     28.9
       .0     86.6     56.4     24.1 154656.7 159123.5
     -12.1      41.4       3.6     114.7
      -1.5      22.4        .6      42.5
       -.6      17.0        .2      12.9
       -.5      15.8        .4       6.5
 52659   .000000  -.994158  -.107937
 245120.5  13295.4       .0     43.3     56.1     28.9
       .0     86.6     56.3     24.2 158931.6 163104.8
      -5.1      38.2      -1.9     112.6
      -1.8      24.1        .5      43.6
       -.6      19.6        .1      13.8
       -.2      18.6        .4       5.4
 52660   .000000  -.994475  -.104972
 252109.6  13408.1       .0     43.3     56.1     28.9
       .0     86.6     56.2     24.1 165058.3 169055.9
      -5.7      35.9      11.3     116.6
      -1.4      21.9       -.1      43.4
       -.6      16.9        .2      13.5
       -.3      15.6        .2       7.2
 52661   .903278   .000000  -.429057
  61440.1  11512.9      -.3     39.9     56.1     28.9
      -.3     83.0     56.1     57.7  34406.7  35489.6
       1.0      85.1       7.5      44.0
       -.1      28.2       -.2      21.0
       -.1       6.7       -.7      15.0
       -.1       5.0       -.7      13.0
 52662   .887877   .000000  -.460082
  57473.4  11948.0      -.2     40.3     56.1     28.9
      -.2     83.2     56.1     57.7  32107.0  32772.8
       3.5      82.9       7.8      41.7
      -1.2      24.7       -.7      18.7
        .0       6.0       -.7      13.7
        .2       5.0       -.6      11.8
 52663   .868777   .000000  -.495203
  53548.2  12572.5       .0     40.4     56.1     28.9
      -.1     83.3     56.1     57.7  29318.1  30467.7
      -1.6      83.8       9.3      46.8
      -1.5      25.8       -.4      20.7
       -.2       5.2       -.3      14.6
        .0       5.0       -.4      12.2
 52664   .844819   .000000  -.535052
  49499.8  13238.2       .1     40.1     56.1     28.9
       .1     83.2     56.1     57.7  26932.3  27825.1
      -2.3      79.2       8.6      44.7
        .8      23.2       -.3      17.9
        .2       6.1       -.6      12.3
        .0       5.0       -.4      10.4
 52665   .814421   .000000  -.580275
  45873.4  14286.8       .1     40.4     56.1     28.9
       .1     83.2     56.1     57.7  24576.1  25393.4
        .6      77.8       9.3      46.9
       1.1      20.5        .2      19.4
       -.1       6.3       -.2      13.1
       -.1       5.0        .2      11.0
 52666   .775436   .000000  -.631426
  42171.1  15785.5      -.1     40.3     56.1     28.9
      -.1     83.3     56.9      5.0  22262.8  23107.2
      -1.8      78.1       8.2      45.2
      -1.0      18.0        .6      16.8
       -.2       5.0        .1      11.4
        .1       5.0        .0       9.3
 52667   .724999   .000000  -.688749
  39176.9  18389.6       .3     40.1     56.1     28.9
       .2     83.2     54.5     11.4  20077.8  20727.1
      -3.0      79.3       7.5      46.4
       -.6      16.6        .9      16.8
       -.1       5.0        .7      11.3
       -.1       5.0        .7       9.3
 52668   .659438   .000000  -.751759
  36024.1  22804.4      -.2     40.3     56.1     28.9
      -.1     83.3     54.4     23.8  18544.9  19078.3
       2.3      72.0       8.9      48.2
        .0      16.0        .4      14.8
       -.3       5.0        .8       9.7
       -.1       5.0        .7       7.8
 52669   .574426   .000000  -.818557
  32970.7  26330.3      -.1     40.3     54.4      8.3
      -.1     83.4     54.5     36.8  16613.5  17232.3
       -.3      74.0       6.0      49.1
      -1.0      15.1        .3       9.5
        .0       5.0        .4       6.2
        .0       5.0        .6       5.1
 52670   .465746   .000000  -.884918
  30837.3  25352.8      -.3     40.2     54.1     20.2
      -.3     83.3     54.2     48.8  15772.5  16208.0
       4.1      72.0       8.8      62.4
       -.1      12.8        .4       8.9
        .0       5.0        .7       3.1
        .1       5.0        .7       3.0
 52671   .331088   .000000  -.943600
  28916.7  23722.5      -.1     40.3     56.3     23.5
      -.2     83.5     56.3     52.1  13997.2  14616.7
      -3.8      69.1       1.7      68.4
        .3       7.6        .0       7.8
        .1       5.0        .0       3.0
        .1       5.0        .0       3.0
 52672   .254493   .000000  -.967075
  28095.0  23083.2      -.4     40.4     55.1     18.0
      -.4     83.5     55.2     46.8  13428.2  14169.4
      -1.7      68.8       6.8      57.4
       -.4       8.4       -.2       6.7
        .0       5.0       -.1       3.3
        .1       5.0       -.1       3.0
 52673   .172799   .000000  -.984957
  27489.2  22513.9       .3     40.8     55.0     12.4
       .3     83.6     55.0     41.0  13189.8  13677.5
       -.2      71.1       2.4      46.5
        .0      11.2       -.3       7.8
        .0       5.0       -.1       4.9
        .1       5.0        .1       4.3
 52674   .087384   .000000  -.996175
  27109.6  20965.2       .1     40.8     54.9      6.9
       .1     83.8     54.8     35.1  13099.9  13511.9
       2.0      72.6       2.0      37.3
       -.8      12.2        .0      10.0
       -.1       5.0        .1       6.7
        .0       5.0        .1       5.7
 52675   .000000   .000000 -1.000000
  26824.8  18312.9       .1     40.7     54.9      3.5
       .1     83.8     54.9     29.2  13068.7  13620.8
       1.5      70.2        .3      34.7
        .0       8.5       -.2      12.5
       -.1       5.0        .0       8.5
        .0       5.0        .2       7.3
 52676  -.087384   .000000  -.996175
  26708.0  15723.5      -.1     40.7     56.1     28.9
      -.2     83.8     54.8     23.5  12827.5  13523.9
        .6      70.7      -1.2      41.0
       -.6       9.0        .0      15.6
        .3       5.0        .1      10.3
        .1       5.0        .3       8.6
 52677  -.172799   .000000  -.984957
  26934.9  13495.4      -.1     40.6     56.1     28.9
      -.1     83.7     54.3     17.7  12999.5  13535.6
       1.2      64.4      -1.6      39.9
       -.1       8.9       -.2      17.5
       -.1       5.0        .2      11.7
        .0       5.0        .2      10.1
 52678  -.254493   .000000  -.967075
  27376.0  12324.6       .2     40.7     56.1     28.9
       .2     83.8     54.6     12.0  13345.6  13953.5
       1.5      71.7       -.3      38.5
       -.8       9.3       -.8      18.6
       -.1       5.0       -.1      12.5
        .0       5.0        .1      11.1
 52679  -.331088   .000000  -.943600
  27906.3  11118.0       .7     40.7     56.1     28.9
       .7     83.8     54.6      7.8  13645.2  14086.7
       5.2      68.0      -3.1      39.4
       -.3      11.1       -.5      18.0
       -.3       5.0       -.4      13.0
       -.2       5.0       -.1      11.7
 52680  -.465746   .000000  -.884918
  29628.5   9690.0      -.6     40.8     56.1     28.9
      -.6     83.9     56.1     57.7  15034.4  15469.7
       3.6      75.1      -2.4      41.4
        .3       9.5       -.3      20.5
        .0       5.0       -.8      14.3
       -.1       5.0       -.3      12.6
 52681  -.574426   .000000  -.818557
  32039.6   8924.7       .1     40.6     56.1     28.9
       .1     83.9     56.1     57.7  16473.4  16976.2
       -.1      70.4      -3.5      39.7
       -.3      14.0      -1.3      21.4
       -.1       5.0       -.7      15.3
       -.1       5.0       -.8      13.8
 52682  -.659438   .000000  -.751759
  34905.1   8517.5       .2     40.8     56.1     28.9
       .2     83.9     56.1     57.7  18253.3  18816.4
       1.4      73.5      -4.9      39.0
       -.5      17.9       -.9      21.6
       -.4       5.0       -.8      15.7
       -.1       5.0       -.9      13.9
 52683  -.724999   .000000  -.688749
  38158.5   8138.3       .3     40.5     56.1     28.9
       .3     83.7     56.1     57.7  20163.2  20779.4
      -1.5      76.8      -5.0      39.9
        .5      17.4      -1.4      22.6
       -.1       5.0      -1.2      17.0
        .1       5.0      -1.2      15.2
 52684  -.775436   .000000  -.631426
  41526.0   7980.1      -.5     40.6     56.1     28.9
      -.5     83.8     56.1     57.7  22399.6  23354.4
       1.2      76.3      -4.1      38.6
       -.9      19.4      -1.1      21.7
       -.2       5.0      -1.2      16.3
       -.1       5.0      -1.2      14.4
 52685  -.814421   .000000  -.580275
  45205.4   7847.9      -.3     40.8     56.1     28.9
      -.3     83.8     56.1     57.7  24889.0  25684.2
      -1.1      79.0      -6.1      39.0
      -1.2      21.2      -1.7      23.4
       -.4       5.0      -1.7      17.6
       -.2       5.0      -1.5      15.7
 52686  -.844819   .000000  -.535052
  49052.0   7795.9      -.3     40.7     56.1     28.9
      -.3     83.6     56.1     57.7  27230.8  27871.3
      -3.5      80.0      -6.4      36.6
       -.4      23.3      -1.7      22.4
       -.2       5.2      -1.6      16.9
        .1       5.0      -1.5      15.2
 52687  -.868777   .000000  -.495203
  53041.5   7752.0       .2     40.8     56.1     28.9
       .2     83.7     56.1     57.7  29736.2  30575.2
      -1.6      80.3      -7.1      42.0
       -.1      26.7      -1.5      23.2
        .0       5.6      -1.6      17.5
       -.1       5.0      -1.6      16.0
 52688  -.887877   .000000  -.460082
  56758.7   7759.7      -.1     40.5     56.1     28.9
      -.1     83.4     56.1     57.7  32186.8  33414.1
        .5      80.4      -7.4      38.7
        .8      27.2      -2.1      22.1
       -.4       5.0      -1.8      17.1
       -.3       5.0      -1.5      15.2
 52689  -.903278   .000000  -.429057
  61281.9   7808.4       .1     40.5     56.1     28.9
       .1     83.4     56.1     57.7  35141.2  35976.6
       4.4      82.0      -6.5      37.4
        .9      30.5      -1.9      22.6
        .2       6.3      -1.7      18.2
        .1       5.0      -1.9      16.3
 52690   .840060  -.367526  -.399028
  65963.0  12423.1       .0     43.3     56.1     28.9
       .0     16.3     56.1     57.7  37386.1  38425.1
      -7.5      58.6       7.5      42.2
       -.3      24.3       -.7      20.3
       -.3      15.7       -.7      14.6
       -.3      13.1       -.7      12.7
 52691   .817505  -.390173  -.423616
  62403.0  13060.9       .0     43.3     56.1     28.9
       .1     16.5     56.1     57.7  34434.2  36044.7
      -6.7      60.7       9.6      43.1
       -.5      24.3       -.5      18.6
       -.3      15.8       -.8      13.0
       -.2      13.3       -.9      11.1
 52692   .790440  -.414981  -.450551
  58821.7  13943.6       .0     43.3     56.1     28.9
      -.3     16.9     56.1     57.7  32642.7  33705.8
      -5.3      58.1       7.2      46.1
       -.7      24.8       -.2      20.1
       -.1      16.4       -.4      14.1
       -.3      13.4       -.6      11.9
 52693   .757796  -.442047  -.479937
  55167.4  14775.6       .0     43.3     56.1     28.9
       .2     17.5     56.1     57.7  30193.1  31493.7
      -6.9      58.2       7.4      44.8
       -.5      25.1       -.5      17.7
       -.2      16.5       -.6      12.2
       -.4      13.5       -.4      10.2
 52694   .718269  -.471364  -.511767
  51881.3  16332.4       .0     43.3     56.1     28.9
       .0     18.0     56.1     57.7  28265.3  29168.5
      -8.4      56.2       7.6      47.3
       -.5      25.2        .0      18.0
       -.6      16.8       -.1      12.4
       -.6      13.5        .1      10.4
 52695   .670317  -.502738  -.545830
  48814.5  18053.0       .0     43.3     56.1     28.9
       .1     18.3     55.9      6.9  26285.2  27066.6
      -6.9      60.5       8.9      49.2
      -1.0      25.8        .5      16.8
       -.2      16.9        .0      10.9
       -.4      13.9        .0       9.1
 52696   .612205  -.535679  -.581595
  46007.8  19898.8       .0     43.3     56.1     28.9
       .1     18.7     54.5     10.4  24538.4  25278.8
      -8.1      59.6       8.2      49.2
       -.6      25.7        .8      16.2
       -.2      17.2        .4      10.5
       -.5      14.1        .4       8.7
 52697   .542159  -.569267  -.618061
  43174.9  20678.6       .0     43.3     56.1     28.9
      -.4     19.2     54.4     23.1  22972.1  23577.7
      -6.6      59.6       6.0      52.5
       -.6      25.9       1.1      14.5
       -.5      17.2        .7       9.0
       -.2      14.2        .5       7.3
 52698   .458673  -.602008  -.653609
  40975.4  19826.7       .0     43.3     54.4      7.5
       .0     19.6     54.4     35.9  21371.9  22188.1
      -6.3      57.2       7.8      53.5
       -.4      26.0        .5      10.0
       -.3      17.6        .3       5.9
       -.3      14.4        .5       4.9
 52699   .361020  -.631785  -.685938
  39158.3  18891.4       .0     43.3     54.3     19.8
      -.5     20.0     54.3     48.5  20386.2  21212.8
      -6.3      58.6      12.5      70.6
       -.8      26.8        .6       8.0
       -.4      18.1        .4       3.0
       -.3      14.6        .7       3.0
 52700   .249898  -.655981  -.712208
  37662.6  18150.4       .0     43.3     56.4     23.3
      -.2     20.4     56.5     51.9  19763.8  20422.6
      -6.9      57.5       8.2      73.3
       -.2      26.9        .0      13.8
       -.5      17.8        .2       3.4
       -.2      14.6        .0       3.0
 52701   .190037  -.665130  -.722141
  37158.5  17873.1       .0     43.3     55.5     17.6
      -.4     20.6     55.5     46.3  19150.7  19878.1
      -7.0      57.4       4.6      63.6
       -.4      27.2       -.4       9.2
       -.3      18.1       -.2       3.5
       -.3      14.9       -.1       3.0
 52702   .127982  -.671905  -.729496
  36694.7  17708.6       .0     43.3     55.1     11.7
       .2     20.7     55.1     40.3  18710.6  19388.4
      -6.3      55.8       2.2      51.9
       -.9      27.4        .0       9.7
       -.3      18.5       -.1       4.7
       -.2      14.6       -.1       3.9
 52703   .064388  -.676070  -.734019
  36387.1  17642.8       .0     43.3     54.7      5.8
      -.3     20.8     54.7     34.0  18734.4  19498.6
      -5.4      56.3        .7      49.1
       -.2      27.6       -.2      10.2
       -.2      18.1       -.1       6.2
       -.5      14.8        .0       5.1
 52704   .000000  -.677476  -.735545
  36211.1  17391.0       .0     43.3     55.0      3.4
      -.1     20.9     54.5     28.0  18577.9  19307.6
      -9.8      59.1       -.4      46.6
      -1.5      27.5       -.4      12.7
       -.6      18.2       -.2       7.9
       -.1      15.0        .0       6.5
 52705  -.064388  -.676070  -.734019
  36373.1  17034.1       .0     43.3     56.1     28.9
      -.3     21.0     54.2     21.8  18687.5  19426.5
      -6.4      58.5       -.4      45.0
       -.7      27.7        .0      15.2
       -.4      18.2        .1       9.6
       -.4      14.8        .1       7.7
 52706  -.127982  -.671905  -.729496
  36034.9  16272.8       .0     43.3     56.1     28.9
      -.2     20.8     54.7     15.8  18410.4  19077.9
      -6.9      57.1      -1.6      40.6
       -.4      26.8        .1      16.0
       -.5      18.0        .0      10.3
       -.2      14.9        .1       8.8
 52707  -.190037  -.665130  -.722141
  36496.5  15284.4       .0     43.3     56.1     28.9
       .0     20.9     54.8     10.1  18965.8  19663.3
      -6.8      56.6      -1.9      42.0
       -.2      27.4       -.1      16.8
        .1      18.0       -.1      11.2
       -.1      15.0        .0       9.7
 52708  -.249898  -.655981  -.712208
  37170.5  14144.0       .0     43.3     56.1     28.9
      -.2     20.8     54.7      6.0  19006.6  19700.2
      -8.0      57.8      -3.5      39.7
       -.7      27.5       -.6      16.9
        .0      18.0       -.4      11.2
       -.4      14.8       -.4      10.0
 52709  -.361020  -.631785  -.685938
  38315.3  12607.1       .0     43.3     56.1     28.9
       .3     20.5     56.1     57.7  19866.7  20772.9
      -6.5      57.4      -2.4      42.7
       -.6      27.0       -.4      18.9
       -.3      17.7       -.5      13.0
       -.1      14.8       -.4      11.3
 52710  -.458673  -.602008  -.653609
  40379.2  11303.1       .0     43.3     56.1     28.9
       .3     20.1     56.1     57.7  21066.6  21738.8
      -6.0      59.6      -3.8      40.7
       -.7      27.0      -1.3      19.3
       -.3      17.6      -1.0      14.1
       -.2      14.9       -.6      12.7
 52711  -.542159  -.569267  -.618061
  42441.8  10365.8       .0     43.3     56.1     28.9
      -.1     20.0     56.1     57.7  22647.0  23297.7
      -6.6      56.8      -3.4      40.5
       -.4      26.7      -1.2      20.5
       -.3      17.2       -.9      14.7
       -.3      14.5       -.9      12.9
 52712  -.612205  -.535679  -.581595
  45056.0   9651.1       .0     43.3     56.1     28.9
       .1     19.2     56.1     57.7  24723.2  25333.4
      -6.7      57.4      -5.6      38.6
       -.3      26.1      -1.3      21.1
       -.4      17.0      -1.1      15.5
       -.2      14.2      -1.1      14.1
 52713  -.670317  -.502738  -.545830
  47904.9   9228.3       .0     43.3     56.1     28.9
       .0     18.7     56.1     57.7  26415.5  27116.0
      -7.2      58.3      -5.6      39.3
       -.7      26.0      -1.7      21.3
       -.5      16.6      -1.5      15.6
       -.2      13.8      -1.1      13.9
 52714  -.718269  -.471364  -.511767
  51343.2   8981.4       .0     43.3     56.1     28.9
       .0     18.1     56.1     57.7  28251.4  28957.3
      -5.7      59.2      -6.5      41.2
       -.9      25.7      -2.0      21.4
       -.1      16.7      -1.2      16.9
       -.4      13.7      -1.4      15.0
 52715  -.757796  -.442047  -.479937
  54553.9   8725.7       .0     43.3     56.1     28.9
       .0     17.8     56.1     57.7  30220.5  31406.2
      -7.5      62.0      -6.1      39.5
       -.6      25.0      -2.0      21.3
       -.4      16.1      -1.8      16.4
       -.3      13.6      -1.4      14.6
 52716  -.790440  -.414981  -.450551
  58115.7   8539.3       .0     43.3     56.1     28.9
       .3     17.3     56.1     57.7  32698.9  34109.7
      -8.3      61.8      -7.4      38.5
       -.6      25.1      -1.6      22.8
       -.4      16.0      -1.6      17.1
       -.3      13.2      -1.5      15.5
 52717  -.817505  -.390173  -.423616
  61654.6   8458.7       .0     43.3     56.1     28.9
      -.4     16.8     56.1     57.7  35557.5  36371.5
      -4.1      61.1      -6.6      37.0
       -.5      24.6      -1.9      21.8
       -.2      15.7      -1.5      16.6
       -.3      13.1      -1.3      14.8
 52718  -.840060  -.367526  -.399028
  65531.5   8339.3       .0     43.3     56.1     28.9
       .2     16.5     56.1     57.7  37619.5  38480.3
      -5.4      57.3      -6.5      37.3
        .0      23.8      -1.5      22.1
        .0      15.6      -1.6      17.8
       -.3      13.0      -1.5      16.0
 52719   .708659  -.620076  -.336613
  78519.9  14692.9       .0     43.3     56.1     28.9
       .0     86.6     56.1     57.7  45469.3  46801.4
      -7.6      53.2       8.0      45.3
       -.6      22.5       -.4      19.7
       -.4      17.1       -.6      13.6
       -.3      15.5      -1.0      11.6
 52720   .677337  -.646549  -.350984
  75432.2  15454.4       .0     43.3     56.1     28.9
       .0     86.6     56.1     57.7  43436.8  44737.3
      -6.7      56.7       6.9      44.9
       -.8      22.8       -.5      17.9
       -.1      16.8      -1.0      12.2
       -.5      15.6       -.8      10.1
 52721   .641844  -.673936  -.365851
  72300.0  15609.2       .0     43.3     56.1     28.9
       .0     86.6     56.1     57.7  41153.7  42850.7
      -9.9      54.7       8.8      48.4
       -.7      22.5        .1      19.7
       -.5      17.3       -.5      12.6
       -.1      15.7       -.6      10.7
 52722   .601687  -.701968  -.381068
  69721.5  16673.8       .0     43.3     56.1     28.9
       .0     86.6     56.1     57.7  40467.2  41355.4
      -8.2      57.1       8.1      49.1
       -.9      22.9       -.2      17.8
       -.3      17.6       -.7      11.5
       -.2      15.9       -.7       9.4
 52723   .556388  -.730259  -.396426
  67078.3  16487.4       .0     43.3     56.1     28.9
       .0     86.6     56.1     57.7  38681.5  39617.7
     -10.2      54.7       8.6      53.6
       -.6      23.2        .0      17.7
       -.5      17.7       -.1      11.2
       -.2      16.0       -.2       9.3
 52724   .505524  -.758286  -.411641
  64668.3  16109.9       .0     43.3     56.1     28.9
       .0     86.6     56.1     57.7  36939.0  37964.5
     -10.8      54.3       9.4      53.0
       -.3      22.6        .2      17.3
       -.4      17.7       -.1      10.1
       -.3      16.2       -.1       8.3
 52725   .448787  -.785377  -.426348
  62356.5  15715.5       .0     43.3     56.1     28.9
       .0     86.6     54.5      8.8  35129.1  36234.1
      -7.9      51.5       6.8      55.5
       -.5      22.6        .3      16.2
       -.3      17.7        .2       9.2
       -.6      16.1        .4       7.5
 52726   .386057  -.810720  -.440105
  60437.6  15123.4       .0     43.3     56.1     28.9
       .0     86.6     54.1     21.9  33854.7  34868.6
      -9.3      50.7       7.0      59.0
       -.2      23.0        .6      14.9
       -.6      17.9        .7       8.1
       -.7      16.7        .6       6.3
 52727   .317480  -.833386  -.452409
  58709.7  14761.3       .0     43.3     54.1      6.4
       .0     86.6     54.1     34.9  32566.6  33491.5
      -9.2      51.7       7.2      64.3
       -.7      22.7        .4      12.5
       -.4      17.9        .3       5.4
       -.4      16.7        .4       4.3
 52728   .243541  -.852392  -.462727
  57560.2  14504.1       .0     43.3     53.6     19.2
       .0     86.6     53.7     47.7  32119.1  32885.2
      -9.6      50.8       6.8      79.4
      -1.1      23.4        .3      19.2
       -.3      17.7        .3       3.4
       -.3      16.7        .4       3.0
 52729   .165103  -.866792  -.470544
  56600.7  14143.9       .0     43.3     56.7     22.9
       .0     86.6     56.7     51.6  31729.3  32675.1
      -9.0      50.8       8.7      81.7
       -.3      22.5       -.9      27.2
       -.4      18.0        .1       3.8
       -.2      16.8        .1       3.0
 52730   .124573  -.872008  -.473376
  56165.9  14056.6       .0     43.3     55.6     17.0
       .0     86.6     55.7     45.8  30904.6  31794.9
      -8.4      52.3       4.6      71.1
       -.9      23.3       -.4      17.5
       -.5      18.4        .0       3.3
       -.4      16.8       -.1       3.0
 52731   .083409  -.875791  -.475429
  55816.5  13973.4       .0     43.3     55.4     10.9
       .0     86.6     55.4     39.5  30635.2  31919.0
     -10.2      50.3       2.1      68.5
       -.3      22.9       -.3      14.8
       -.3      17.9       -.1       4.5
       -.3      16.9       -.1       3.4
 52732   .041814  -.878085  -.476675
  55686.1  13946.7       .0     43.3     55.0      4.6
       .0     86.6     54.8     33.1  30934.3  31765.1
      -8.6      51.8       2.5      61.3
       -.3      23.2       -.1      12.3
       -.5      18.0       -.1       5.5
       -.4      17.2        .0       4.6
 52733   .000000  -.878853  -.477092
  55557.7  13919.6       .0     43.3     56.1     28.9
       .0     86.6     54.9     26.6  30820.2  31598.2
     -11.7      53.0       1.0      57.4
       -.4      22.7        .1      13.6
       -.5      18.4        .1       7.0
       -.4      16.9        .1       5.6
 52734  -.041814  -.878085  -.476675
  55685.9  13975.1       .0     43.3     56.1     28.9
       .0     86.6     55.0     20.2  30862.6  31694.0
     -10.7      51.3       -.2      53.2
       -.6      23.3       -.1      14.3
       -.3      18.2        .2       8.2
       -.4      17.1        .1       6.6
 52735  -.083409  -.875791  -.475429
  55740.0  13984.1       .0     43.3     56.1     28.9
       .0     86.6     54.6     13.7  30959.2  31887.8
     -10.4      53.1       -.6      52.3
       -.6      23.2       -.4      15.7
       -.6      18.0       -.2       8.9
        .0      17.1        .0       7.3
 52736  -.124573  -.872008  -.473376
  55902.5  13957.7       .0     43.3     56.1     28.9
       .0     86.6     54.7      7.5  30615.5  31587.0
      -9.0      52.0        .9      53.0
       -.3      23.0       -.4      15.2
       -.5      18.5       -.4       9.3
       -.5      17.2       -.3       7.7
 52737  -.165103  -.866792  -.470544
  56247.5  14034.8       .0     43.3     56.1     28.9
       .0     86.6     54.8      3.9  31373.8  32506.7
      -8.9      53.8      -2.2      47.9
       -.5      23.0       -.7      14.3
       -.8      18.4       -.7       9.1
       -.2      17.0       -.5       7.7
 52738  -.243541  -.852392  -.462727
  57145.3  14173.8       .0     43.3     56.1     28.9
       .0     86.6     56.1     57.7  32405.2  33161.4
      -8.0      52.1      -1.6      48.6
       -.6      23.5       -.6      17.5
        .2      18.5       -.3      11.2
       -.1      16.9       -.4       9.3
 52739  -.317480  -.833386  -.452409
  58385.8  13937.0       .0     43.3     56.1     28.9
       .0     86.6     56.1     57.7  32318.9  33626.3
     -11.6      53.5      -3.9      43.8
       -.5      23.1      -1.3      16.5
       -.2      18.2       -.8      11.2
       -.3      16.9       -.9       9.7
 52740  -.386057  -.810720  -.440105
  60027.4  13334.4       .0     43.3     56.1     28.9
       .0     86.6     56.1     57.7  33494.6  34550.9
     -12.4      55.1      -4.6      43.4
       -.8      23.8      -1.4      18.7
       -.1      18.2       -.9      12.6
       -.4      16.8       -.9      11.1
 52741  -.448787  -.785377  -.426348
  61630.4  12762.3       .0     43.3     56.1     28.9
       .0     86.6     56.1     57.7  34897.4  36036.9
      -9.0      55.9      -3.7      40.5
       -.4      22.9      -1.4      17.9
       -.3      17.9      -1.3      12.9
       -.2      16.5      -1.3      11.4
 52742  -.505524  -.758286  -.411641
  63794.4  12196.6       .0     43.3     56.1     28.9
       .0     86.6     56.1     57.7  36404.9  37671.5
      -8.0      53.5      -5.4      42.5
       -.6      23.1      -1.3      19.5
       -.3      17.8      -1.3      14.1
       -.3      16.7      -1.4      12.3
 52743  -.556388  -.730259  -.396426
  66403.3  11578.0       .0     43.3     56.1     28.9
       .0     86.6     56.1     57.7  38067.5  39393.6
      -9.1      51.8      -6.2      40.4
       -.1      23.3      -1.7      19.3
        .2      17.8      -1.3      14.1
        .1      16.4      -1.3      12.8
 52744  -.601687  -.701968  -.381068
  68961.1  10986.9       .0     43.3     56.1     28.9
       .0     86.6     56.1     57.7  40226.8  40989.2
     -10.3      57.8      -6.4      40.8
       -.6      22.9      -2.0      20.0
       -.2      17.8      -1.3      14.9
       -.2      16.3      -1.5      13.3
 52745  -.641844  -.673936  -.365851
  71674.0  10603.8       .0     43.3     56.1     28.9
       .0     86.6     56.1     57.7  41937.2  42958.9
      -8.8      54.3      -6.4      39.9
       -.5      22.8      -1.7      19.5
       -.4      17.6      -1.7      15.2
        .0      15.9      -1.6      13.5
 52746  -.677337  -.646549  -.350984
  74742.7  10258.1       .0     43.3     56.1     28.9
       .0     86.6     56.1     57.7  43255.9  44481.2
     -10.5      58.1      -7.3      38.7
       -.7      23.0      -1.9      20.4
       -.2      17.5      -1.6      15.6
       -.2      15.9      -1.3      13.7
 52747  -.708659  -.620076  -.336613
  78078.4  10060.6       .0     43.3     56.1     28.9
       .0     86.6     56.1     57.7  45250.3  46595.8
      -8.7      55.8      -6.6      37.9
       -.4      22.8      -1.9      20.4
       -.3      17.7      -1.8      15.8
       -.3      15.8      -1.6      14.5
 52748   .482910  -.845093  -.229382
 115509.2  14975.4       .0     43.3     56.1     28.9
       .0     86.6     56.1     57.7  70191.7  72011.6
     -12.1      48.8       7.8      51.0
       -.9      22.2       -.4      19.9
       -.4      15.7       -.8      11.5
       -.4      14.3      -1.0      10.0
 52749   .451149  -.861285  -.233777
 113232.0  14598.9       .0     43.3     56.1     28.9
       .0     86.6     56.1     57.7  68511.0  70655.0
     -10.3      52.8       8.4      58.0
       -.9      21.2       -.5      19.6
       -.4      16.0       -.9      10.8
       -.1      14.3      -1.1       8.9
 52750   .417577  -.876913  -.238019
 111509.3  14362.5       .0     43.3     56.1     28.9
       .0     86.6     56.1     57.7  67235.8  69633.2
     -11.0      49.6       7.9      57.2
      -1.1      21.7       -.1      20.2
       -.4      16.2       -.6      10.6
       -.2      14.6       -.8       8.7
 52751   .382204  -.891810  -.242063
 109345.1  14166.4       .0     43.3     56.1     28.9
       .0     86.6     56.1     57.7  66175.9  67749.8
     -12.0      54.2       3.1      61.5
       -.9      21.6        .1      20.5
       -.4      16.3       -.7      10.0
       -.3      14.5       -.6       8.1
 52752   .345068  -.905804  -.245861
 107630.5  13986.4       .0     43.3     56.1     28.9
       .0     86.6     56.1     57.7  64775.7  66509.5
      -8.6      51.5       2.4      66.6
       -.7      22.1        .0      20.7
       -.6      16.1       -.4       9.3
       -.4      15.0       -.3       7.5
 52753   .306238  -.918714  -.249365
 106159.1  13668.1       .0     43.3     56.1     28.9
       .0     86.6     56.1     57.7  64990.3  66620.7
     -11.1      50.3       9.6      70.7
      -1.4      22.2        .8      21.4
       -.5      16.5       -.1       9.0
       -.1      14.5       -.3       6.8
 52754   .265817  -.930361  -.252527
 104966.0  13575.3       .0     43.3     56.1     28.9
       .0     86.6     54.1      6.8  63551.7  64842.7
     -10.7      49.4       5.6      73.9
       -.7      21.5        .3      19.8
       -.5      16.5        .1       7.8
       -.2      14.7        .0       6.0
 52755   .223945  -.940570  -.255298
 103850.2  13456.1       .0     43.3     56.1     28.9
       .0     86.6     54.1     20.3  61786.6  63828.6
      -8.2      49.4       6.7      80.5
      -1.1      21.9        .8      21.3
       -.2      16.4        .4       7.3
       -.5      15.0        .5       5.3
 52756   .180796  -.949177  -.257634
 103117.9  13327.4       .0     43.3     53.8      5.2
       .0     86.6     53.9     33.7  62336.3  63707.6
     -14.4      53.8       2.2      89.4
      -1.0      22.5        .6      26.4
       -.5      16.4        .3       5.5
       -.4      14.9        .3       3.7
 52757   .136577  -.956038  -.259496
 102195.1  13253.6       .0     43.3     53.4     18.4
       .0     86.6     53.5     46.8  60994.3  62871.4
     -10.9      49.2       7.5     102.7
      -1.0      21.3        .6      39.5
       -.4      16.4        .3       8.3
       -.4      14.9        .2       3.0
 52758   .091527  -.961030  -.260851
 101492.0  13129.3       .0     43.3     56.8     22.5
       .0     86.6     56.9     51.0  61678.1  63123.8
     -11.1      52.9       4.0     103.0
      -1.4      22.3        .4      49.1
       -.5      16.6        .1      10.0
       -.6      15.2        .3       3.8
 52759   .068771  -.962796  -.261330
 101544.4  13162.5       .0     43.3     56.3     16.5
       .0     86.6     56.3     45.0  60926.2  62534.2
      -9.1      46.4       6.4      94.8
       -.9      22.4       -.4      35.3
       -.5      16.5        .0       6.8
       -.3      15.3       -.1       3.1
 52760   .045908  -.964064  -.261674
 101418.8  13123.1       .0     43.3     55.7     11.5
       .0     86.6     55.8     38.5  60660.8  62578.0
     -13.9      53.0      -1.5      94.8
       -.9      21.7       -.1      26.8
       -.3      16.6       -.1       7.1
       -.6      14.9       -.1       3.6
 52761   .022972  -.964827  -.261882
 101127.3  13151.8       .0     43.3     55.6      3.5
       .0     86.6     55.5     32.0  60944.5  62620.4
     -10.1      48.5       1.4      84.1
      -1.3      22.0       -.3      24.3
       -.3      16.7        .0       5.8
       -.4      14.9       -.1       3.8
 52762   .000000  -.965081  -.261951
 101209.9  13084.7       .0     43.3     56.1     28.9
       .0     86.6     55.1     25.4  60383.3  61957.8
     -12.0      54.6       2.7      76.5
      -1.1      22.4       -.2      20.9
       -.3      16.8        .1       6.5
       -.6      15.0        .1       4.6
 52763  -.022972  -.964827  -.261882
 101088.5  13153.1       .0     43.3     56.1     28.9
       .0     86.6     55.5     18.5  59966.9  61958.5
     -10.1      46.5       3.7      71.9
      -1.0      21.8        .0      20.1
       -.3      16.7        .1       7.1
       -.3      15.0        .1       5.3
 52764  -.045908  -.964064  -.261674
 101001.4  13075.4       .0     43.3     56.1     28.9
       .0     86.6     55.2     11.8  60692.3  62632.0
      -9.3      49.3       -.5      72.8
      -1.0      22.2       -.4      19.3
       -.5      16.6       -.2       7.7
       -.1      14.9       -.1       5.8
 52765  -.068771  -.962796  -.261330
 101144.2  13121.2       .0     43.3     56.1     28.9
       .0     86.6     55.0      5.2  60819.8  62713.5
     -13.4      53.0       -.5      70.2
      -1.2      21.9       -.7      19.4
       -.4      16.6       -.5       7.5
       -.6      15.0       -.4       5.8
 52766  -.091527  -.961030  -.260851
 101699.8  13228.9       .0     43.3     56.1     28.9
       .0     86.6     56.1     57.7  60123.6  62269.7
     -10.6      51.7      -3.3      69.1
       -.8      22.0       -.9      18.7
       -.6      16.6       -.7       7.9
       -.6      15.2       -.6       6.0
 52767  -.136577  -.956038  -.259496
 101803.3  13193.4       .0     43.3     56.1     28.9
       .0     86.6     56.1     57.7  60799.9  62897.7
     -11.9      50.7      -2.9      62.0
       -.9      22.2       -.8      19.1
       -.5      16.9       -.6       9.4
       -.7      15.1       -.8       7.1
 52768  -.180796  -.949177  -.257634
 102390.7  13336.6       .0     43.3     56.1     28.9
       .0     86.6     56.1     57.7  62332.3  63798.9
     -10.3      51.0      -2.0      60.1
       -.9      22.0      -1.2      16.6
       -.3      16.7      -1.0       8.8
       -.1      15.2       -.9       7.0
 52769  -.223945  -.940570  -.255298
 103480.9  13555.0       .0     43.3     56.1     28.9
       .0     86.6     56.1     57.7  62431.1  63850.6
     -11.0      52.9      -5.2      53.9
       -.7      21.4      -1.3      18.2
       -.3      16.4      -1.0      10.4
       -.3      14.9       -.9       8.4
 52770  -.265817  -.930361  -.252527
 104668.9  13584.3       .0     43.3     56.1     28.9
       .0     86.6     56.1     57.7  63472.1  64999.8
     -10.6      50.5      -5.5      54.4
       -.8      21.6      -1.6      16.0
       -.2      16.7      -1.4       9.8
       -.6      14.8      -1.3       8.2
 52771  -.306238  -.918714  -.249365
 105988.2  13698.8       .0     43.3     56.1     28.9
       .0     86.6     56.1     57.7  63450.8  65088.3
     -12.4      52.7      -5.8      50.8
       -.8      21.6      -1.5      17.9
       -.3      16.5      -1.3      11.4
       -.1      15.0      -1.1       9.5
 52772  -.345068  -.905804  -.245861
 107256.3  13805.3       .0     43.3     56.1     28.9
       .0     86.6     56.1     57.7  64238.3  66432.8
     -10.0      52.2      -5.5      49.4
      -1.1      22.0      -2.0      17.2
       -.3      16.3      -1.4      10.8
       -.3      14.7      -1.6       9.2
 52773  -.382204  -.891810  -.242063
 108915.0  13801.7       .0     43.3     56.1     28.9
       .0     86.6     56.1     57.7  66132.1  67962.7
     -13.1      52.2      -8.0      45.7
       -.8      21.4      -1.9      17.9
       -.1      16.5      -1.5      12.5
       -.2      14.6      -1.4      10.3
 52774  -.417577  -.876913  -.238019
 110755.5  13816.8       .0     43.3     56.1     28.9
       .0     86.6     56.1     57.7  67241.8  68834.0
      -9.6      52.6      -5.4      41.8
       -.7      22.2      -1.9      16.9
       -.2      16.2      -1.5      12.0
       -.5      14.9      -1.7      10.4
 52775  -.451149  -.861285  -.233777
 112866.9  13663.6       .0     43.3     56.1     28.9
       .0     86.6     56.1     57.7  68331.0  70200.6
     -10.7      55.6      -6.3      42.3
      -1.1      21.8      -2.2      18.7
       -.1      16.0      -1.5      13.1
       -.4      14.6      -1.6      11.3
 52776  -.482910  -.845093  -.229382
 114882.3  13525.0       .0     43.3     56.1     28.9
       .0     86.6     56.1     57.7  69938.9  71195.0
     -11.3      52.4      -6.5      39.1
       -.8      21.5      -2.4      18.0
       -.4      16.0      -1.8      12.6
       -.5      14.2      -1.7      11.2
 52777   .337328  -.927651  -.160231
 165399.1  13920.9       .0     43.3     56.1     28.9
       .0     86.6     56.1     57.7 102968.8 106744.7
      -9.7      54.2       3.8      59.8
      -1.3      22.8        .1      22.4
       -.2      16.7      -1.1      10.8
       -.5      15.3       -.9       8.5
 52778   .312066  -.936198  -.161707
 163361.3  13744.7       .0     43.3     56.1     28.9
       .0     86.6     56.1     57.7 102340.4 105290.6
     -13.2      51.8      11.9      64.8
      -1.3      22.9       -.1      23.4
       -.3      16.6       -.9      10.0
       -.3      15.0      -1.0       7.8
 52779   .286124  -.944211  -.163091
 162391.6  13807.6       .0     43.3     56.1     28.9
       .0     86.6     56.1     57.7 102371.1 104540.6
     -12.7      52.2       5.6      72.6
      -1.0      22.2       -.3      23.4
       -.5      16.6       -.7       9.7
       -.3      15.5       -.9       7.6
 52780   .259539  -.951641  -.164374
 160929.5  13687.1       .0     43.3     56.1     28.9
       .0     86.6     56.1     57.7 101827.3 103978.9
     -14.1      54.9       2.4      84.8
      -1.3      22.0        .2      24.4
       -.5      16.7       -.6       9.6
       -.5      15.2       -.7       7.3
 52781   .232349  -.958440  -.165549
 159741.0  13522.1       .0     43.3     56.1     28.9
       .0     86.6     56.1     57.7  99482.5 102055.4
     -13.4      53.0      11.3      80.1
      -1.3      22.3        .0      26.7
       -.6      16.9       -.5       9.0
       -.6      15.6       -.4       6.5
 52782   .204604  -.964562  -.166606
 158987.5  13387.6       .0     43.3     56.1     28.9
       .0     86.6     56.1     57.7 101018.0 102844.1
     -12.3      49.5      13.9      91.5
      -1.0      21.6        .6      26.8
       -.5      16.9       -.1       8.6
       -.6      15.4       -.1       6.6
 52783   .176357  -.969963  -.167539
 158033.5  13328.7       .0     43.3     56.1     28.9
       .0     86.6     54.1      5.6  98791.7 101000.6
      -7.6      47.0       7.2      90.9
      -1.7      23.2        .9      29.2
       -.4      16.6       -.2       8.2
       -.3      15.4       -.1       5.3
 52784   .147667  -.974605  -.168341
 157357.8  13264.1       .0     43.3     56.1     28.9
       .0     86.6     53.8     19.4  98004.7 101342.5
     -10.9      48.7       5.8      94.1
      -1.3      22.3       1.1      31.1
       -.7      16.9        .3       8.1
       -.6      15.5        .5       4.9
 52785   .118600  -.978453  -.169006
 156360.8  13206.4       .0     43.3     53.5      4.4
       .0     86.6     53.7     32.9  99184.4 101898.3
     -11.0      49.2      10.9     102.8
      -1.2      22.3       1.1      36.5
       -.4      16.7        .1       9.2
       -.1      15.5        .1       3.7
 52786   .089225  -.981478  -.169528
 156254.7  13164.2       .0     43.3     53.2     18.4
       .0     86.6     53.4     46.1  98657.2 100429.5
     -10.8      52.0       2.5     123.0
      -1.6      22.1        .1      50.8
       -.5      16.6       -.1      14.2
       -.2      15.4       -.1       5.2
 52787   .059616  -.983656  -.169904
 156371.7  13170.9       .0     43.3     56.7     22.1
       .0     86.6     56.6     50.3  97986.3  99447.7
     -13.5      55.9       3.4     122.5
      -1.3      22.9        .8      59.3
       -.4      17.0       -.4      20.5
       -.2      15.5        .2       8.1
 52788   .044746  -.984421  -.170036
 155662.2  13075.8       .0     43.3     56.7     16.9
       .0     86.6     56.6     44.6  98164.1 100404.7
     -11.4      49.4       2.1     107.1
      -1.5      22.8        .5      50.2
       -.4      17.0       -.1      13.4
       -.3      15.1        .2       4.1
 52789   .029848  -.984969  -.170131
 155835.4  13072.3       .0     43.3     56.2      9.7
       .0     86.6     56.3     38.2  98067.7 100429.3
      -8.9      46.6       1.0     104.8
      -1.0      22.6       -.3      40.9
       -.1      16.7        .2      10.0
       -.4      15.3        .0       5.5
 52790   .014929  -.985299  -.170188
 155770.3  13145.5       .0     43.3     55.8      3.0
       .0     86.6     56.2     31.3  96660.4  99702.8
     -13.5      53.0       4.5     105.6
      -1.2      22.7        .5      33.7
       -.5      16.7       -.1      10.4
       -.7      15.4        .0       4.4
 52791   .000000  -.985408  -.170207
 155595.3  13100.9       .0     43.3     56.1     28.9
       .0     86.6     55.8     24.7  97032.5  99774.4
     -10.3      52.4       4.0      95.3
      -1.4      22.9        .2      30.1
       -.7      17.1        .1       8.8
       -.1      15.4        .3       4.9
 52792  -.014929  -.985299  -.170188
 155903.2  13089.1       .0     43.3     56.1     28.9
       .0     86.6     55.7     17.8  97495.1 100016.7
      -9.4      49.3       8.4      98.1
      -1.2      22.5        .1      30.1
       -.4      16.8        .2       8.3
       -.6      15.7        .1       5.3
 52793  -.029848  -.984969  -.170131
 155594.0  13150.1       .0     43.3     56.1     28.9
       .0     86.6     55.5     11.0  97980.8 100642.9
     -10.3      54.8       4.8      93.9
      -1.3      22.1       -.1      28.4
       -.4      16.9        .0       8.2
       -.6      15.4       -.1       5.2
 52794  -.044746  -.984421  -.170036
 155724.4  13156.3       .0     43.3     56.1     28.9
       .0     86.6     55.3      4.2  97515.5  99698.7
     -12.0      54.8       7.3      88.5
      -1.1      22.7       -.4      27.0
       -.5      16.8       -.5       8.0
       -.6      15.5       -.5       5.3
 52795  -.059616  -.983656  -.169904
 155883.5  13117.0       .0     43.3     56.1     28.9
       .0     86.6     56.1     57.7  97435.2 100679.9
     -12.6      48.5       1.4      83.1
      -1.3      22.1       -.8      26.3
       -.2      17.0       -.7       8.5
       -.5      15.5       -.5       5.6
 52796  -.089225  -.981478  -.169528
 156106.2  13171.0       .0     43.3     56.1     28.9
       .0     86.6     56.1     57.7  97764.6 100759.6
     -11.6      52.5      -2.5      87.2
      -1.5      22.5       -.8      24.3
       -.4      16.7       -.7       8.2
        .0      15.4       -.5       6.4
 52797  -.118600  -.978453  -.169006
 156681.1  13252.0       .0     43.3     56.1     28.9
       .0     86.6     56.1     57.7  97201.6 100474.2
     -12.5      51.8      -5.5      74.2
      -1.1      23.1      -1.2      23.1
       -.3      16.9      -1.0       8.5
       -.6      15.1      -1.1       6.1
 52798  -.147667  -.974605  -.168341
 157298.4  13332.3       .0     43.3     56.1     28.9
       .0     86.6     56.1     57.7  97370.6 100349.3
     -13.6      48.8      -7.2      73.9
       -.7      22.0      -1.5      23.0
       -.5      16.9      -1.0       9.1
       -.3      15.7       -.9       7.4
 52799  -.176357  -.969963  -.167539
 157693.2  13247.3       .0     43.3     56.1     28.9
       .0     86.6     56.1     57.7  98589.3 100744.0
     -10.2      49.7      -4.8      60.6
      -1.3      22.9      -1.6      20.3
       -.6      17.0      -1.5       8.6
       -.3      15.6      -1.4       6.9
 52800  -.204604  -.964562  -.166606
 158779.9  13355.3       .0     43.3     56.1     28.9
       .0     86.6     56.1     57.7 100671.7 103097.9
      -9.4      48.3     -10.1      64.3
      -1.3      22.4      -1.6      20.6
       -.5      16.7      -1.4      10.3
       -.6      15.4      -1.4       8.1
 52801  -.232349  -.958440  -.165549
 160009.6  13538.3       .0     43.3     56.1     28.9
       .0     86.6     56.1     57.7 100378.5 103471.3
     -13.0      53.0       -.9      55.0
       -.7      22.5      -1.9      18.3
       -.1      16.9      -1.4       9.1
        .1      15.5      -1.3       7.6
 52802  -.259539  -.951641  -.164374
 160493.5  13572.9       .0     43.3     56.1     28.9
       .0     86.6     56.1     57.7 100049.9 103263.6
     -13.8      54.4      -9.1      60.0
      -1.3      22.4      -2.0      20.0
       -.2      17.0      -1.5      11.0
       -.5      15.1      -1.5       8.8
 52803  -.286124  -.944211  -.163091
 162140.6  13688.3       .0     43.3     56.1     28.9
       .0     86.6     56.1     57.7 104014.3 105926.0
     -11.1      51.2      -5.9      53.4
      -1.4      22.8      -2.2      18.0
       -.3      16.7      -1.6       9.8
       -.3      15.6      -1.4       8.3
 52804  -.312066  -.936198  -.161707
 163611.3  13710.7       .0     43.3     56.1     28.9
       .0     86.6     56.1     57.7 101676.0 104944.1
     -15.0      55.8      -6.6      44.6
      -1.3      23.0      -2.1      18.9
        .1      16.6      -1.2      11.1
       -.8      15.4      -1.7       9.7
 52805  -.337328  -.927651  -.160231
 164802.0  13770.5       .0     43.3     56.1     28.9
       .0     86.6     56.1     57.7 101717.9 106084.4
     -13.5      52.8      -6.3      40.1
      -1.2      22.6      -2.2      18.1
       -.2      16.5      -1.7      10.3
       -.4      15.2      -1.7       8.8
