Dot1_150x100_prd2012lk:dj0045a@-275V,3.8T@90d,263K,rhe=1.10,rhh=0.7,0.4/0.4     
  1319   1  3.80  60   5  29   0  275.00  263.00     .40 1.24000   900.0    -.02   86.41  150.000  100.000  285.000  1300.0    -.01   43.21    1.50    1.00     .85
 59901   .000000   .000000 -1.000000
  25790.0  20331.5       .1     41.4     43.0      7.3
       .1     84.4     43.3     35.6   9530.6  10266.6
       -.4      71.4      -1.3      42.1
        .8      12.1      -2.1      10.6
       -.1       5.0      -2.0       8.0
        .1       5.0      -2.1       7.9
 59902   .000000  -.130455  -.991454
  25982.8  20533.0       .1     34.7     43.0      7.4
       .1     77.4     42.9     35.5   9756.6  10297.6
      -8.5      58.3      -1.2      38.6
       -.5       6.6      -2.0      10.6
       -.6       5.0      -2.2       7.9
       -.4       5.0      -2.1       7.8
 59903   .000000  -.254493  -.967075
  26547.3  20943.3      -.2     26.6     43.0      7.4
      -.1     68.8     43.2     35.4   9795.0  10674.5
      -4.1      48.8       -.4      39.4
       -.8       9.1      -2.2      10.3
       -.7       6.4      -2.2       8.0
       -.6       6.0      -2.2       7.7
 59904   .000000  -.367167  -.930155
  27427.7  21077.6      -.4     18.2     43.1      7.3
      -.2     59.6     43.3     35.3  10731.3  11407.1
      -4.8      47.7        .7      41.7
      -1.0      13.3      -2.1      10.6
       -.8       9.7      -2.0       7.8
       -.6       8.9      -2.0       7.6
 59905   .000000  -.465746  -.884918
  28769.3  20920.8      -.3     10.9     43.3      7.3
      -.1     50.8     43.3     34.9  11699.8  12314.8
      -7.9      49.1       -.2      42.1
      -1.1      17.3      -2.1      10.7
       -.9      12.9      -2.0       7.8
      -1.0      11.8      -2.1       7.5
 59906   .000000  -.549617  -.835417
  30388.7  19973.7      -.5      8.3     43.2      6.9
      -.6     41.4     43.5     34.8  12646.0  13323.4
      -6.8      53.6       -.8      46.0
      -2.0      22.5      -2.3      10.8
      -1.2      16.2      -2.0       7.8
      -1.2      14.5      -2.0       7.3
 59907   .000000  -.619644  -.784883
  32501.2  18528.9       .0     43.3     43.4      6.7
      -.4     32.0     43.7     34.7  13290.6  14396.5
      -9.8      58.4      -2.7      44.0
      -2.3      26.9      -2.1      10.8
      -1.4      20.1      -1.7       7.3
      -1.6      18.1      -2.0       7.1
 59908   .000000  -.677476  -.735545
  34448.2  16834.0       .0     43.3     43.4      6.5
      -.3     22.7     43.8     34.5  15044.3  15713.0
      -8.8      58.3       -.8      46.6
      -1.9      29.7      -2.0      10.3
      -1.7      21.5      -1.9       7.4
      -1.5      20.1      -1.9       7.0
 59909   .000000  -.724999  -.688749
  36824.8  16030.6       .0     43.3     43.5      6.1
      -.3     13.9     43.8     34.2  16653.5  17643.6
      -8.9      55.7       -.2      46.9
      -2.2      28.4      -2.0      10.4
      -1.6      21.2      -1.7       7.3
      -1.4      20.3      -1.8       6.7
 59910   .000000  -.764030  -.645181
  39236.0  15381.0       .0     43.3     43.6      5.9
      -.8      8.6     43.8     34.0  18306.6  19063.1
      -8.4      53.7       -.1      46.9
      -1.8      25.1      -1.9      10.5
      -1.7      19.8      -1.8       7.1
      -1.7      19.9      -1.9       6.4
 59911   .000000  -.796162  -.605083
  41732.2  14743.1       .0     43.3     43.9      5.8
       .0     86.6     44.1     33.7  19615.8  20246.5
      -9.3      53.0      -1.9      50.4
      -1.3      24.0      -2.0      10.6
      -1.1      20.2      -1.6       6.9
      -1.7      20.8      -1.9       6.4
 59912   .000000  -.822730  -.568432
  44482.9  14297.6       .0     43.3     43.9      5.5
       .0     86.6     44.1     33.5  21144.9  22309.0
      -8.3      52.2        .2      52.0
      -1.8      23.8      -1.7      11.0
      -1.3      19.7      -1.8       6.9
      -1.5      19.5      -1.7       6.2
 59913   .000000  -.844819  -.535052
  47222.4  13976.9       .0     43.3     43.9      5.3
       .0     86.6     44.1     33.3  23316.7  24017.1
      -8.6      52.9       -.6      55.4
      -1.6      23.2      -1.7      11.8
      -1.8      18.6      -1.8       6.9
      -1.3      17.6      -1.7       6.0
 59914   .000000  -.863297  -.504697
  50136.6  13828.0       .0     43.3     44.1      5.1
       .0     86.6     44.1     33.2  24790.2  25724.8
      -8.7      51.3        .8      53.7
      -2.0      23.7      -1.8      11.9
      -1.2      19.3      -1.8       6.5
      -1.3      18.2      -1.7       5.8
 59915   .000000  -.878853  -.477092
  52978.9  13664.9       .0     43.3     44.1      5.0
       .0     86.6     44.1     33.0  26701.9  27697.9
      -9.5      51.5        .4      59.7
      -1.5      24.8      -1.7      12.4
      -1.0      21.3      -1.5       6.5
      -1.1      21.6      -1.6       5.8
 59916   .000000  -.892036  -.451965
  55925.4  13368.6       .0     43.3     44.1      4.7
       .0     86.6     44.4     32.9  29047.4  29870.6
     -10.4      54.4       4.1      63.4
      -1.9      24.8      -1.8      14.0
      -1.3      20.4      -1.6       6.5
      -1.3      20.3      -1.5       5.7
 59917   .000000  -.903278  -.429057
  59080.8  13265.3       .0     43.3     44.2      4.5
       .0     86.6     44.4     32.7  30419.3  31669.7
     -10.5      52.0      -1.1      61.5
      -1.6      23.8      -1.8      13.5
       -.9      19.3      -1.4       6.4
      -1.2      18.8      -1.6       5.6
 59918   .000000  -.912924  -.408131
  62099.5  13177.1       .0     43.3     44.4      4.5
       .0     86.6     44.4     32.6  32331.4  33294.8
     -11.5      51.1       1.8      64.9
      -1.7      24.0      -1.5      15.1
      -1.4      20.2      -1.4       6.8
      -1.4      18.9      -1.6       5.4
 59919   .000000  -.921250  -.388972
  64906.3  13079.3       .0     43.3     44.3      4.3
       .0     86.6     44.3     32.4  33747.2  35098.5
      -8.5      47.8       1.6      62.7
      -1.7      25.5      -1.5      15.6
      -1.4      21.9      -1.6       6.5
      -1.6      21.9      -1.6       5.4
 59920   .000000  -.928477  -.371391
  68051.3  13053.6       .0     43.3     44.5      4.2
       .0     86.6     44.5     32.6  36099.1  37850.3
     -12.2      54.6       2.2      65.0
      -1.5      24.8      -1.6      15.0
      -1.2      21.2      -1.5       6.3
      -1.1      21.2      -1.6       5.4
 59921   .000000  -.934784  -.355218
  71049.7  12875.4       .0     43.3     44.7      4.1
       .0     86.6     44.5     32.3  39270.5  40343.2
      -9.5      52.1       2.6      71.1
      -2.0      24.4      -1.6      16.2
      -1.5      19.7      -1.5       6.2
      -1.6      18.9      -1.6       5.3
 59922   .000000  -.940315  -.340305
  74391.0  12904.2       .0     43.3     44.6      4.0
       .0     86.6     44.7     32.4  39934.6  41485.0
     -10.2      50.9       3.2      71.7
      -1.5      24.6      -1.1      17.3
      -1.2      20.0      -1.4       6.5
      -1.6      19.4      -1.6       5.3
 59923   .000000  -.945190  -.326520
  77371.0  13024.8       .0     43.3     44.5      3.9
       .0     86.6     44.7     32.1  42336.7  43700.2
     -12.7      50.6       -.4      70.6
      -1.6      25.6      -1.3      19.2
      -1.9      22.7      -1.5       6.4
      -1.3      22.6      -1.4       5.2
 59924   .000000  -.949506  -.313750
  80372.5  12778.3       .0     43.3     44.7      3.8
       .0     86.6     45.0     32.3  44209.7  45873.9
     -14.7      54.4       1.1      74.0
      -2.0      25.6      -1.5      19.3
      -1.4      21.6      -1.4       6.5
      -1.2      21.6      -1.4       5.1
 59925   .000000  -.953342  -.301892
  83538.1  12760.2       .0     43.3     44.7      3.8
       .0     86.6     44.8     32.0  46745.8  48237.2
     -11.7      48.1      -3.4      70.1
      -1.6      24.7      -1.1      19.2
      -1.2      20.2      -1.5       6.6
      -1.6      19.4      -1.4       5.1
 59926   .000000  -.956767  -.290857
  87003.8  12717.4       .0     43.3     44.9      3.7
       .0     86.6     44.8     32.1  48700.4  50196.4
     -10.2      50.7       1.3      76.4
      -1.8      24.3      -1.4      20.6
      -1.3      20.3      -1.4       6.8
      -1.4      19.6      -1.5       5.2
 59927   .000000  -.959834  -.280567
  90147.2  12742.1       .0     43.3     44.6      3.6
       .0     86.6     44.7     31.8  50413.7  52510.3
     -10.3      51.0       1.5      80.4
      -1.7      26.4      -1.2      21.7
      -1.6      22.4      -1.5       6.5
      -1.9      22.3      -1.5       5.0
 59928   .000000  -.962593  -.270952
  93327.6  12664.8       .0     43.3     44.8      3.5
       .0     86.6     44.9     32.0  53151.6  54716.3
     -13.6      53.3        .8      74.7
      -1.6      25.5       -.8      22.9
      -1.1      22.2      -1.3       6.9
      -1.3      21.6      -1.3       5.1
 59929   .000000  -.965081  -.261951
  96650.9  12766.0       .0     43.3     44.9     12.2
       .0     86.6     45.1     31.7  55017.1  56894.1
     -11.6      50.4        .7      80.8
      -2.0      25.1      -1.2      21.8
      -1.6      20.5      -1.3       7.6
      -1.8      19.6      -1.3       5.1
 59930   .000000  -.967333  -.253508
  99639.7  12664.7       .0     43.3     44.8      3.4
       .0     86.6     45.0     31.6  56864.8  58799.8
     -11.6      56.2       4.7      83.5
      -1.6      24.6       -.8      24.1
      -1.6      20.7      -1.3       6.8
      -1.4      19.5      -1.4       4.8
 59931   .000000  -.969377  -.245576
 102908.7  12724.3       .0     43.3     44.9      3.3
       .0     86.6     45.0     31.7  59041.5  61583.0
     -11.5      49.9       1.9      82.2
      -2.5      26.6      -1.4      23.7
       -.9      22.7      -1.4       7.4
      -1.7      22.9      -1.4       4.8
 59932   .000000  -.971238  -.238110
 106319.9  12708.1       .0     43.3     44.8      3.3
       .0     86.6     44.9     31.6  62180.9  64269.6
     -12.5      52.9       3.9      86.8
      -2.5      26.7       -.9      25.1
      -1.5      22.2      -1.4       6.7
      -1.4      21.9      -1.4       4.8
 59933   .000000  -.972937  -.231072
 109362.5  12657.3       .0     43.3     45.0      3.2
       .0     86.6     44.9     31.8  63636.9  66197.7
     -10.0      50.4       3.8      89.3
      -2.1      25.2      -1.1      24.3
      -1.3      20.4      -1.6       6.9
      -1.4      19.6      -1.3       4.7
 59934   .000000  -.974491  -.224428
 112751.5  12786.3       .0     43.3     44.9      3.2
       .0     86.6     44.9     31.4  66590.3  68797.3
     -11.2      52.4      -1.5      84.9
      -2.2      25.3       -.9      26.6
      -1.3      20.5      -1.2       8.3
       -.9      19.5      -1.3       4.7
 59935   .000000  -.975916  -.218146
 115664.6  12666.1       .0     43.3     44.9      3.1
       .0     86.6     45.1     31.4  68900.6  70482.3
      -9.3      50.5       4.4      87.0
      -2.2      26.3      -1.6      26.9
      -1.6      22.7      -1.3       7.9
      -1.6      22.2      -1.3       4.9
 59936   .000000  -.977227  -.212198
 118918.0  12674.0       .0     43.3     45.0      3.1
       .0     86.6     45.3     31.4  70368.6  72752.1
     -10.7      54.9        .9      92.4
      -2.1      25.8       -.8      26.0
      -1.4      22.8      -1.3       8.1
      -1.6      21.7      -1.3       4.9
 59937   .000000  -.978434  -.206558
 122358.4  12712.8       .0     43.3     45.0      3.1
       .0     86.6     45.2     31.2  73780.9  75759.4
     -10.3      49.3        .2      91.3
      -2.2      25.2      -1.2      25.7
      -1.8      20.4      -1.3       8.1
      -1.8      20.0      -1.3       4.7
 59938   .000000  -.979549  -.201205
 125750.6  12760.1       .0     43.3     45.0      3.0
       .0     86.6     45.2     31.6  75791.1  77788.1
     -13.1      50.3       1.1      84.9
      -1.8      25.2       -.4      27.9
      -1.6      20.9      -1.2       8.5
      -1.6      20.0      -1.2       4.8
 59939   .000000  -.980581  -.196116
 129043.1  12704.2       .0     43.3     45.1      2.9
       .0     86.6     45.3     31.2  76816.5  79789.5
     -10.7      53.1      -3.7      88.2
      -2.6      26.7       -.9      28.9
      -1.3      23.0      -1.0       9.7
      -1.5      23.0      -1.3       5.0
 59940   .000000  -.981537  -.191274
 132060.1  12712.9       .0     43.3     45.2      2.9
       .0     86.6     45.4     31.3  80243.3  82638.7
     -11.7      52.4        .8      92.3
      -2.3      26.9       -.4      30.1
      -1.6      22.2      -1.2       8.0
      -1.5      21.9      -1.2       5.2
 59941   .000000  -.982424  -.186661
 135435.5  12736.3       .0     43.3     45.2      3.0
       .0     86.6     45.4     31.1  83715.4  85572.5
     -10.2      52.9       8.8      92.7
      -1.8      25.3       -.5      29.8
      -1.3      20.7      -1.2       8.1
      -1.5      19.9      -1.3       5.4
 59942   .000000  -.983250  -.182261
 138669.5  12949.8       .0     43.3     45.3      3.0
       .0     86.6     45.2     31.2  83942.9  85888.0
     -12.5      55.1       -.3      97.6
      -2.0      25.5      -1.0      32.1
      -1.1      20.6      -1.2       9.5
      -1.6      20.3      -1.3       4.8
 59943   .000000  -.984020  -.178061
 141992.0  12731.6       .0     43.3     45.2      2.8
       .0     86.6     45.5     31.3  87971.8  90410.7
      -8.4      49.1       3.3      99.4
      -2.3      26.9       -.8      32.3
      -1.6      22.8      -1.1       7.8
      -1.2      22.6      -1.2       5.6
 59944   .000000  -.984737  -.174047
 145370.8  12701.3       .0     43.3     45.2      2.8
       .0     86.6     45.5     31.1  89448.0  91420.7
     -12.3      51.7      -4.3     111.6
      -2.4      27.6       -.3      33.3
      -1.3      22.7      -1.3       8.8
      -1.2      21.8      -1.3       5.7
 59945   .000000  -.985408  -.170207
 149079.2  12838.5       .0     43.3     45.2      2.7
       .0     86.6     45.3     31.4  91483.0  95013.8
     -11.2      58.5       3.6      99.1
      -2.3      26.2       -.9      35.8
      -1.7      20.6      -1.1      10.7
      -1.4      20.3      -1.2       5.0
 59946   .000000  -.986036  -.166531
 152220.2  12691.4       .0     43.3     45.3      2.7
       .0     86.6     45.0     31.1  93958.1  96462.8
     -10.6      49.4        .1     100.2
      -2.0      25.3      -1.0      33.9
      -1.3      21.0      -1.2       9.2
      -1.3      20.0      -1.3       5.5
 59947   .000000  -.986625  -.163008
 155216.8  12786.6       .0     43.3     45.4      2.7
       .0     86.6     45.2     31.1  95749.9  98736.7
     -13.6      52.9       4.2     103.8
      -1.8      27.0      -1.2      36.2
      -1.2      23.0      -1.1       9.3
      -1.5      23.0      -1.3       5.1
 59948   .000000  -.987696  -.156385
 161517.1  12741.9       .0     43.3     45.4      2.7
       .0     86.6     45.4     30.9  98273.3 101277.9
     -12.1      51.6       3.9     103.7
      -2.5      26.0      -1.2      34.5
      -1.5      21.0      -1.2       9.8
      -1.6      20.0      -1.2       5.3
 59949   .000000  -.988644  -.150274
 168079.0  12807.9       .0     43.3     45.5      2.6
       .0     86.6     45.3     31.0 106940.0 109777.8
      -7.1      39.8       1.7     100.2
      -1.4      27.6       -.5      38.2
      -1.4      22.9      -1.1      10.7
      -1.9      23.0      -1.4       7.1
 59950   .000000  -.989488  -.144617
 175380.2  12865.9       .0     43.3     45.5      2.5
       .0     86.6     45.5     30.7 109178.5 111983.2
     -11.9      56.9       4.0     108.9
      -2.6      26.0       -.7      38.6
      -1.2      20.9      -1.1      10.6
      -1.5      20.6      -1.3       6.1
 59951   .000000  -.990241  -.139367
 181657.2  12766.2       .0     43.3     45.5      2.5
       .0     86.6     45.7     30.9 112395.9 114869.2
     -10.5      50.5      -6.3     109.2
      -2.5      27.8       -.9      38.8
      -1.7      23.5      -1.1      11.1
      -1.1      23.1      -1.3       6.7
 59952   .000000  -.990916  -.134481
 188164.2  12741.1       .0     43.3     45.6      2.5
       .0     86.6     45.5     30.8 116415.4 120748.1
     -14.7      52.0       5.5     114.2
      -2.3      26.5      -1.4      39.8
      -1.8      21.2      -1.1      11.7
      -1.0      20.3      -1.1       5.8
 59953   .000000  -.991524  -.129924
 195182.1  12732.2       .0     43.3     45.9     13.3
       .0     86.6     45.6     30.8 122710.1 125527.0
     -12.1      49.8       2.0     113.9
      -2.5      27.0       -.5      42.0
      -1.5      23.0      -1.2      13.2
      -1.4      22.4      -1.0       7.2
 59954   .000000  -.992073  -.125663
 201236.8  12884.8       .0     43.3     45.2     16.6
       .0     86.6     45.5     30.5 126824.0 129762.0
      -9.0      49.7       6.4     115.2
      -2.6      26.9       -.8      42.5
      -1.6      20.7      -1.3      12.8
      -1.3      20.4      -1.3       5.6
 59955   .000000  -.992571  -.121670
 208089.8  12982.6       .0     43.3     45.7      2.4
       .0     86.6     45.6     30.8 131840.4 134457.2
     -16.1      55.9      -3.3     114.7
      -2.8      28.4       -.8      42.1
      -2.2      23.4      -1.2      12.8
      -1.2      22.8      -1.3       5.8
 59956   .000000  -.993023  -.117921
 214701.5  12784.5       .0     43.3     45.6      2.3
       .0     86.6     45.5     30.7 133699.0 137933.5
     -10.8      48.6       -.5     115.6
      -2.7      26.5      -1.2      44.1
      -1.4      21.1      -1.0      15.2
      -1.6      20.1      -1.2       5.7
 59957   .000000  -.993435  -.114396
 221116.9  12982.6       .0     43.3     45.6      2.4
       .0     86.6     45.4     30.8 145222.3 149510.4
      -7.0      38.8      15.6     107.9
      -2.1      26.2       -.5      44.3
      -1.2      22.9      -1.2      14.1
      -2.0      22.8      -1.2       7.6
 59958   .000000  -.993812  -.111073
 227852.2  13076.9       .0     43.3     45.8      2.2
       .0     86.6     45.4     30.8 148217.5 153474.6
     -10.5      49.7      16.3     118.0
      -2.5      26.2      -1.7      43.3
      -2.2      21.3      -1.1      16.1
      -1.0      20.3      -1.0       5.2
 59959   .000000  -.994158  -.107937
 234836.1  13110.4       .0     43.3     45.9      2.2
       .0     86.6     45.7     30.6 154494.8 160587.5
     -10.7      44.6       2.5     133.5
      -1.7      27.8        .0      45.1
      -1.7      22.9       -.9      16.2
      -1.7      22.7      -1.3       6.9
 59960   .000000  -.994475  -.104972
 241260.5  12905.8       .0     43.3     45.7      2.2
       .0     86.6     45.8     30.6 153893.2 159037.2
      -7.2      38.3        .9     123.4
      -2.8      25.7       -.2      45.8
      -1.5      20.9       -.9      14.3
      -2.0      19.9      -1.3       8.9
 59961   .903278   .000000  -.429057
  58496.5  10441.1       .0     40.9     43.2     28.9
       .1     83.7     43.2     57.7  31469.6  32308.8
      -1.3      82.8       8.7      42.4
       1.2      31.4       1.5      23.2
        .4       8.6       1.1      18.6
        .0       5.0        .8      17.3
 59962   .887877   .000000  -.460082
  54681.6  10815.2       .6     40.9     43.2     28.9
       .5     83.8     43.2     57.7  28577.0  29487.8
      -2.6      80.1       7.8      44.3
      -1.7      30.9       1.2      22.0
        .5       9.4        .7      17.2
        .2       5.0       1.0      15.9
 59963   .868777   .000000  -.495203
  51042.3  11220.0      -.1     41.0     43.2     28.9
      -.1     83.7     43.2     57.7  25718.1  26559.5
        .2      80.1       9.3      45.0
       1.5      29.9        .9      22.5
       -.1       7.4        .8      17.6
        .0       5.0        .9      16.4
 59964   .844819   .000000  -.535052
  46993.3  11737.1      -.1     41.1     43.2     28.9
      -.1     83.9     43.2     57.7  23497.3  24481.3
      -6.6      75.3       9.4      45.1
       -.1      23.3        .5      21.9
       -.6       7.3        .5      16.4
       -.1       5.0        .3      14.7
 59965   .814421   .000000  -.580275
  43663.9  12654.9      -.3     41.0     43.2     28.9
      -.3     83.9     43.2     57.7  20933.3  21841.7
       -.9      79.6       7.7      47.0
       1.5      23.7        .6      21.2
        .2       5.0        .5      16.1
        .1       5.0        .5      15.3
 59966   .775436   .000000  -.631426
  40274.8  13758.2       .3     41.1     43.2     28.9
       .3     84.0     43.2     57.7  19138.2  20065.2
       -.2      79.6       9.9      47.3
       -.9      22.9        .4      20.8
       -.1       5.0        .0      15.1
        .3       5.0        .1      13.7
 59967   .724999   .000000  -.688749
  37367.9  15651.2       .1     41.2     43.2     28.9
       .1     84.0     43.7      8.3  16255.3  17411.7
        .4      78.1       6.6      45.3
        .0      19.8        .2      18.8
        .1       5.0       -.1      14.1
       -.1       5.0       -.2      13.3
 59968   .659438   .000000  -.751759
  34218.2  18896.0       .0     41.1     43.2     28.9
       .1     84.0     43.7     19.5  14156.1  15314.2
      -1.8      74.2       6.8      44.2
       1.0      17.5       -.3      18.0
        .1       5.0       -.9      13.3
        .1       5.0       -.5      12.3
 59969   .574426   .000000  -.818557
  31621.3  23606.7       .5     41.3     43.6      4.6
       .5     84.2     43.7     31.8  12516.5  13262.2
       3.8      81.4       7.8      44.3
       -.7      14.5       -.5      12.9
       -.1       5.0       -.5       9.7
        .0       5.0       -.8       8.8
 59970   .465746   .000000  -.884918
  29416.2  24305.8      -.1     41.1     43.5     15.4
      -.1     84.0     43.4     44.1  11503.8  12111.1
      -1.5      70.8       8.5      51.5
       -.2      15.7       -.9       9.0
       -.1       5.0      -1.0       5.9
        .1       5.0      -1.0       5.2
 59971   .331088   .000000  -.943600
  27695.2  22725.8      -.7     41.1     42.2     26.1
      -.6     84.1     42.2     54.8   9672.3  10379.4
       2.5      70.1       6.2      67.5
        .0      14.1      -1.3      11.5
       -.2       5.0       -.9       3.0
       -.1       5.0      -1.0       3.0
 59972   .254493   .000000  -.967075
  26971.0  22058.7       .1     41.3     43.8     23.8
       .2     84.3     43.8     52.5   9245.3  10246.3
      -1.1      67.7       9.3      63.0
       1.1      12.2       -.9       8.7
        .1       5.0       -.6       4.1
        .1       5.0       -.9       3.0
 59973   .172799   .000000  -.984957
  26452.2  21755.5       .4     41.5     43.5     18.3
       .5     84.3     43.4     47.0   9331.1  10314.5
      -2.8      71.6       2.9      53.2
       1.5      13.0      -1.6       7.6
       -.1       5.0      -1.4       4.5
        .1       5.0      -1.7       4.2
 59974   .087384   .000000  -.996175
  26071.2  21347.4       .2     41.3     43.1     12.6
       .2     84.3     43.1     41.2   9623.1  10244.9
        .6      69.1       1.9      43.6
       -.3       8.5      -1.9       8.6
       -.1       5.0      -1.9       6.0
        .0       5.0      -1.8       5.9
 59975   .000000   .000000 -1.000000
  25821.1  20277.0      -.2     41.4     43.0      7.4
      -.1     84.3     43.0     35.6   9840.0  10460.1
       1.0      69.8      -1.4      40.4
       -.3      11.2      -2.3      10.6
       -.1       5.0      -2.1       8.0
        .0       5.0      -2.1       7.9
 59976  -.087384   .000000  -.996175
  25739.9  17938.2       .0     41.5     42.5      3.8
       .0     84.5     43.1     29.8   9908.1  10651.4
      -1.8      69.4      -1.8      37.4
       -.5      10.2      -2.3      12.9
        .2       5.0      -2.2       9.8
        .1       5.0      -2.3       9.7
 59977  -.172799   .000000  -.984957
  25787.8  15113.8      -.1     41.6     38.6      5.1
      -.1     84.5     43.0     24.0  10677.4  11221.6
       4.3      70.8      -3.0      38.2
        .2       9.0      -3.1      16.2
        .0       5.0      -2.8      12.0
        .1       5.0      -2.6      11.6
 59978  -.254493   .000000  -.967075
  26277.3  13580.4       .2     41.5     43.2     28.9
       .2     84.5     43.2     18.5  10669.2  11400.4
       4.6      72.2      -3.6      38.6
      -1.5      11.6      -2.6      18.4
        .3       5.0      -2.9      14.0
        .1       5.0      -2.8      13.1
 59979  -.331088   .000000  -.943600
  26716.0  12195.8       .2     41.6     43.2     28.9
       .2     84.5     43.1     13.0  11194.4  11908.4
      -2.1      72.5      -4.7      40.3
       -.8       9.8      -3.2      19.7
        .2       5.0      -2.9      14.9
        .0       5.0      -2.7      14.2
 59980  -.465746   .000000  -.884918
  28487.3  10383.7      -.4     41.4     43.2     28.9
      -.3     84.4     41.8      6.9  12350.6  13024.6
      -1.8      72.1      -6.4      39.6
        .1      15.2      -2.5      19.2
        .0       5.0      -2.5      15.2
        .0       5.0      -2.8      14.6
 59981  -.574426   .000000  -.818557
  30536.2   9362.5       .1     41.4     43.2     28.9
       .1     84.4     43.2     57.7  14142.8  14908.2
       1.7      72.8      -4.7      42.0
        .1      17.7      -2.9      22.9
        .3       5.0      -2.6      17.4
        .1       5.0      -2.9      16.7
 59982  -.659438   .000000  -.751759
  33369.2   8899.3       .3     41.7     43.2     28.9
       .4     84.5     43.2     57.7  15605.9  16383.9
       -.9      72.0      -6.3      39.5
        .7      16.8      -2.6      21.6
        .1       5.0      -2.3      17.3
        .0       5.0      -2.6      16.9
 59983  -.724999   .000000  -.688749
  36334.6   8452.6       .4     41.4     43.2     28.9
       .5     84.4     43.2     57.7  17790.5  18500.3
       2.2      76.9      -6.2      41.9
        .2      17.9      -2.4      24.0
       -.3       5.0      -2.3      18.8
        .1       5.0      -2.2      18.1
 59984  -.775436   .000000  -.631426
  39662.7   8221.8       .2     41.4     43.2     28.9
       .1     84.3     43.2     57.7  19537.2  20240.0
      -3.5      77.1      -7.6      41.3
       -.6      23.2      -2.1      22.7
        .1       5.0      -1.4      18.8
       -.1       5.0      -2.2      18.0
 59985  -.814421   .000000  -.580275
  43169.9   8193.1       .1     41.6     43.2     28.9
       .1     84.3     43.2     57.7  21654.5  22588.4
      -3.1      77.5      -6.0      41.5
       1.5      24.1      -2.1      24.9
        .2       5.0      -1.7      19.7
        .2       5.0      -2.3      18.7
 59986  -.844819   .000000  -.535052
  46875.3   7898.3       .2     41.4     43.2     28.9
       .2     84.2     43.2     57.7  24087.9  24910.4
       -.9      76.3      -5.7      39.7
       1.9      27.2      -1.7      23.6
       -.3       6.9      -1.1      19.2
        .1       5.0      -1.7      18.7
 59987  -.868777   .000000  -.495203
  50479.6   7839.2      -.1     41.3     43.2     28.9
      -.1     84.1     43.2     57.7  26931.7  27763.4
       2.0      78.4      -6.1      39.7
        .2      29.9      -1.5      25.0
       -.3       5.0      -1.0      19.6
        .0       5.0      -1.8      19.2
 59988  -.887877   .000000  -.460082
  54398.0   7870.3      -.1     41.2     43.2     28.9
       .0     84.0     43.2     57.7  29088.9  30106.7
        .3      82.2      -5.8      38.0
       -.2      29.4      -1.0      23.5
        .6       7.3      -1.4      19.9
       -.2       5.0      -1.6      19.1
 59989  -.903278   .000000  -.429057
  58452.3   7870.7       .0     41.1     43.2     28.9
       .0     83.9     43.2     57.7  31685.1  32818.2
      -3.9      80.4      -6.7      39.3
       1.1      31.5      -1.9      24.9
        .0       7.8      -1.5      20.3
       -.1       5.0      -1.4      19.1
 59990   .840060  -.367526  -.399028
  62838.3  11418.3       .0     43.3     43.2     28.9
       .2     17.6     43.2     57.7  33830.2  34594.9
      -6.2      60.3       9.0      43.9
      -1.4      26.0       1.1      23.5
      -1.0      17.8        .3      18.4
      -1.0      15.4        .8      16.9
 59991   .817505  -.390173  -.423616
  59302.8  11739.6       .0     43.3     43.2     28.9
       .2     18.0     43.2     57.7  31445.5  32514.4
      -7.1      62.5       7.2      43.1
      -1.5      25.7       1.0      22.2
      -1.3      17.9       1.0      16.9
      -1.1      15.8        .5      15.5
 59992   .790440  -.414981  -.450551
  55748.1  12338.8       .0     43.3     43.2     28.9
       .2     18.3     43.2     57.7  28425.6  29581.3
      -7.7      61.9       9.6      44.4
      -1.7      26.2       1.1      22.4
      -1.1      18.6        .4      17.1
      -1.0      16.1        .2      16.0
 59993   .757796  -.442047  -.479937
  52409.1  13234.7       .0     43.3     43.2     28.9
       .0     18.8     43.2     57.7  26818.5  27777.9
      -4.5      59.1       8.7      45.3
      -1.7      26.5        .4      21.0
      -1.2      18.9        .1      16.2
      -1.3      16.7        .4      14.9
 59994   .718269  -.471364  -.511767
  49333.0  14431.6       .0     43.3     43.2     28.9
       .2     19.5     43.2     57.7  24815.5  25781.1
      -7.6      56.9       7.2      47.1
      -1.7      26.8        .5      20.5
      -1.4      19.0        .1      15.2
      -1.3      17.1       -.1      14.4
 59995   .670317  -.502738  -.545830
  46288.5  15857.0       .0     43.3     43.2     28.9
      -.6     19.8     43.2     57.7  22912.7  23728.1
      -7.8      56.3       8.3      49.6
      -2.0      27.6        .2      19.9
      -1.4      19.6       -.3      14.6
      -1.4      17.3       -.3      13.4
 59996   .612205  -.535679  -.581595
  43661.6  17916.1       .0     43.3     43.2     28.9
      -.1     20.4     43.4      7.1  20482.7  21558.8
      -7.5      58.8       6.0      47.0
      -1.9      27.7        .0      17.9
      -1.7      20.1       -.3      13.0
      -1.4      17.9       -.4      12.3
 59997   .542159  -.569267  -.618061
  41166.2  19119.2       .0     43.3     43.2     28.9
      -.2     20.9     43.5     18.5  19044.9  20024.8
      -6.3      57.8       8.0      50.3
      -1.6      27.6       -.9      17.1
      -1.7      20.4       -.8      12.2
      -1.6      18.6       -.8      11.2
 59998   .458673  -.602008  -.653609
  39076.3  19023.4       .0     43.3     43.6      4.6
      -.2     21.4     43.6     31.1  17309.0  18294.3
      -5.9      58.6       5.2      46.7
      -1.5      28.6       -.7      12.9
      -1.6      21.0       -.8       8.9
      -1.5      19.3       -.9       8.1
 59999   .361020  -.631785  -.685938
  37242.3  18401.4       .0     43.3     43.5     14.9
      -.5     21.7     43.5     43.5  16472.4  17432.5
      -7.9      59.0       4.2      58.0
      -2.9      28.6       -.8       9.5
      -1.3      21.4      -1.2       5.5
      -1.9      19.7      -1.2       4.9
 60000   .249898  -.655981  -.712208
  35980.4  17599.8       .0     43.3     41.8     25.9
      -.3     21.9     41.9     54.6  15805.9  16612.9
     -10.1      59.1       9.6      75.9
      -2.1      29.1       -.7      15.3
      -1.8      21.7       -.9       3.1
      -1.9      19.9       -.9       3.0
 60001   .190037  -.665130  -.722141
  35431.9  17304.4       .0     43.3     43.7     23.5
       .0     22.1     43.7     52.2  15467.2  16155.7
      -9.7      59.7       7.1      73.8
      -2.4      29.0       -.4      14.1
      -2.1      21.6       -.5       4.0
      -1.6      20.0       -.7       3.3
 60002   .127982  -.671905  -.729496
  34945.8  17187.8       .0     43.3     43.8     17.7
      -.3     22.3     43.9     46.4  15133.8  15967.7
      -6.9      59.0       3.2      57.1
      -2.4      29.6      -1.3       8.7
      -1.9      21.5      -1.3       4.3
      -1.9      20.0      -1.4       3.8
 60003   .064388  -.676070  -.734019
  34672.2  16920.8       .0     43.3     43.6     12.0
      -.1     22.7     43.8     40.5  15363.2  15982.8
      -6.3      59.7       1.5      50.1
      -2.1      29.4      -1.7       9.3
      -1.9      21.9      -1.7       5.5
      -1.5      19.9      -1.7       5.3
 60004   .000000  -.677476  -.735545
  34494.7  17011.1       .0     43.3     43.4      6.5
       .0     22.8     43.7     34.3  15023.8  15812.4
      -8.7      58.7        .1      43.4
      -3.1      29.8      -1.9      11.2
      -1.6      21.8      -1.8       7.3
      -1.6      19.8      -1.9       6.9
 60005  -.064388  -.676070  -.734019
  34533.2  16853.7       .0     43.3     42.6      4.7
      -.2     22.9     43.4     28.3  15525.1  16326.5
      -7.7      57.9      -1.7      41.3
      -2.3      29.7      -2.1      13.0
      -2.0      21.2      -2.1       9.1
      -1.7      19.9      -2.3       8.7
 60006  -.127982  -.671905  -.729496
  34558.7  16533.5       .0     43.3     43.2     28.9
      -.3     22.8     43.7     22.3  15629.6  16187.5
      -7.6      58.9      -4.4      42.0
      -2.1      29.6      -2.7      15.4
      -1.5      21.7      -2.4      11.0
      -1.4      19.9      -2.4      10.3
 60007  -.190037  -.665130  -.722141
  34826.2  16054.0       .0     43.3     43.2     28.9
      -.2     22.8     43.6     16.4  15487.6  16344.5
      -8.7      59.1      -2.8      43.6
      -1.8      29.1      -2.5      17.0
      -1.9      21.4      -2.5      12.6
      -1.3      19.5      -2.4      11.7
 60008  -.249898  -.655981  -.712208
  35255.7  14751.0       .0     43.3     43.2     28.9
      -.3     22.7     43.7     10.9  16145.3  16926.3
      -6.1      57.1      -4.1      41.9
      -2.3      29.5      -2.8      18.2
      -2.0      21.7      -2.6      13.6
      -1.6      19.2      -2.5      12.7
 60009  -.361020  -.631785  -.685938
  36561.6  13578.4       .0     43.3     43.2     28.9
       .0     22.4     42.0      9.6  17281.2  17854.9
      -4.8      58.7      -2.8      43.0
      -2.0      29.2      -2.6      18.6
      -2.1      21.1      -2.4      14.2
      -1.5      19.1      -2.5      13.3
 60010  -.458673  -.602008  -.653609
  38288.2  11822.2       .0     43.3     43.2     28.9
       .1     21.8     43.2     57.7  17546.3  18798.0
      -6.1      58.4      -4.9      41.7
      -2.2      28.7      -3.0      21.3
      -1.8      20.9      -2.4      16.7
      -1.0      18.5      -2.2      15.8
 60011  -.542159  -.569267  -.618061
  40351.0  10768.1       .0     43.3     43.2     28.9
       .0     21.4     43.2     57.7  19431.1  20244.0
      -6.8      58.5      -4.8      40.3
      -1.6      28.5      -2.3      20.4
      -1.1      19.9      -1.6      15.8
      -1.2      17.8      -2.0      15.9
 60012  -.612205  -.535679  -.581595
  42763.9  10118.4       .0     43.3     43.2     28.9
      -.1     20.8     43.2     57.7  21141.6  21963.6
      -7.2      59.1      -6.1      41.2
      -1.5      27.8      -2.4      22.6
       -.9      19.5      -1.9      18.0
      -1.3      17.6      -2.1      17.5
 60013  -.670317  -.502738  -.545830
  45621.7   9537.5       .0     43.3     43.2     28.9
      -.4     20.4     43.2     57.7  22926.6  23995.8
      -5.6      58.6      -4.6      39.4
      -1.3      27.6      -1.6      22.1
      -1.0      18.9      -1.6      17.4
      -1.0      16.7      -1.9      17.3
 60014  -.718269  -.471364  -.511767
  48642.9   9176.8       .0     43.3     43.2     28.9
       .1     19.8     43.2     57.7  24867.8  25925.5
      -6.6      59.1      -6.7      43.3
      -1.7      27.1      -2.1      24.4
       -.8      18.7      -1.2      19.1
       -.9      16.4      -1.8      18.3
 60015  -.757796  -.442047  -.479937
  51852.0   8956.4       .0     43.3     43.2     28.9
       .1     19.0     43.2     57.7  27156.1  27900.5
      -4.4      59.9      -4.0      39.8
      -1.9      26.2      -1.5      23.0
      -1.2      18.1      -1.6      18.6
       -.6      16.0      -1.2      18.6
 60016  -.790440  -.414981  -.450551
  55404.8   8686.8       .0     43.3     43.2     28.9
       .2     18.6     43.2     57.7  29478.6  30503.1
      -6.2      62.4      -7.0      41.5
      -1.2      26.4      -1.7      25.0
       -.8      17.8      -1.3      20.1
       -.5      15.8      -1.5      19.2
 60017  -.817505  -.390173  -.423616
  58921.8   8529.0       .0     43.3     43.2     28.9
       .1     18.3     43.2     57.7  31260.4  32417.4
      -4.0      62.8      -6.7      38.0
      -1.0      25.8      -1.3      23.6
      -1.0      17.6      -1.0      19.7
       -.4      15.3      -1.0      19.2
 60018  -.840060  -.367526  -.399028
  62462.6   8432.5       .0     43.3     43.2     28.9
       .4     17.8     43.2     57.7  34026.1  35076.0
      -5.1      60.6      -7.2      39.7
      -1.2      25.4      -1.1      24.7
       -.9      17.4       -.9      20.8
       -.8      15.1      -1.5      19.9
 60019   .708659  -.620076  -.336613
  74624.0  13423.8       .0     43.3     43.2     28.9
       .0     86.6     43.2     57.7  40116.1  41721.0
      -8.9      55.9       8.7      43.4
      -1.0      24.1       1.1      22.3
      -1.2      19.5       1.1      17.0
       -.6      18.3        .4      15.5
 60020   .677337  -.646549  -.350984
  71755.0  13972.8       .0     43.3     43.2     28.9
       .0     86.6     43.2     57.7  38928.4  40575.9
     -11.0      58.6       8.3      47.8
      -1.3      23.8       1.3      22.0
      -1.0      19.2        .6      16.2
       -.8      18.8        .4      14.6
 60021   .641844  -.673936  -.365851
  68812.4  14686.2       .0     43.3     43.2     28.9
       .0     86.6     43.2     57.7  36630.8  38143.2
     -10.2      54.1       9.2      45.9
      -1.7      24.0       1.2      21.3
      -1.1      19.4        .7      15.4
      -1.0      18.9        .4      14.3
 60022   .601687  -.701968  -.381068
  66323.5  15083.1       .0     43.3     43.2     28.9
       .0     86.6     43.2     57.7  34576.7  36144.2
      -9.8      52.9       7.1      48.6
      -1.4      23.8        .9      20.4
      -1.3      19.6        .3      14.7
      -1.0      19.2        .1      13.6
 60023   .556388  -.730259  -.396426
  63408.2  15501.1       .0     43.3     43.2     28.9
       .0     86.6     43.2     57.7  33131.3  34534.3
      -8.0      50.0       6.7      48.8
      -1.5      23.9        .5      19.5
       -.9      19.8       -.1      13.4
      -1.2      19.5        .0      12.6
 60024   .505524  -.758286  -.411641
  61413.9  15551.8       .0     43.3     43.2     28.9
       .0     86.6     43.2     57.7  31907.0  33277.5
      -9.8      56.4       9.5      52.8
      -1.1      24.2        .0      19.4
      -1.1      20.0       -.3      13.1
       -.9      20.0       -.3      11.9
 60025   .448787  -.785377  -.426348
  59202.7  15076.7       .0     43.3     43.2     28.9
       .0     86.6     43.5      5.3  30708.2  31758.7
      -9.1      52.5       5.8      55.8
      -1.5      24.2        .1      17.3
      -1.1      20.6       -.5      11.6
       -.8      20.1       -.5      10.4
 60026   .386057  -.810720  -.440105
  57565.9  14640.7       .0     43.3     43.2     28.9
       .0     86.6     43.6     16.7  29508.6  30764.8
      -9.0      52.6       7.6      57.4
      -1.5      24.3       -.6      17.0
       -.9      20.7       -.9      10.7
      -1.0      20.6       -.9       9.4
 60027   .317480  -.833386  -.452409
  56118.4  14455.5       .0     43.3     43.7      3.1
       .0     86.6     43.6     29.7  28136.8  29459.7
      -9.3      51.9       4.9      56.2
      -2.0      24.6       -.5      14.3
      -1.2      20.6       -.8       8.1
      -1.3      20.8       -.9       7.1
 60028   .243541  -.852392  -.462727
  54833.4  13950.6       .0     43.3     43.4     13.8
       .0     86.6     43.4     42.6  28006.6  29141.5
     -10.8      51.4       3.8      68.6
      -1.8      25.2       -.6      15.3
      -1.3      20.9      -1.0       5.1
      -1.7      21.0      -1.1       4.4
 60029   .165103  -.866792  -.470544
  53795.7  13743.2       .0     43.3     42.0     25.6
       .0     86.6     42.0     54.2  27746.8  28522.3
     -10.4      53.9       4.1      83.2
      -1.5      24.6       -.6      29.9
      -1.4      21.3       -.6       5.6
      -1.5      21.5      -1.2       3.0
 60030   .124573  -.872008  -.473376
  53550.0  13655.7       .0     43.3     44.4     23.0
       .0     86.6     44.4     51.6  26763.0  27928.6
      -8.7      49.2       5.4      81.0
      -1.7      24.7      -1.6      26.6
      -1.6      20.8       -.2       5.5
      -1.6      21.4       -.4       3.2
 60031   .083409  -.875791  -.475429
  53233.4  13594.6       .0     43.3     44.4     17.2
       .0     86.6     44.5     45.7  26616.6  27863.9
      -9.3      49.4       1.9      72.4
      -1.7      25.0       -.6      17.4
      -1.4      21.4      -1.0       5.0
      -1.5      21.7      -1.1       3.7
 60032   .041814  -.878085  -.476675
  53126.8  13580.6       .0     43.3     44.2     10.9
       .0     86.6     44.4     39.5  26434.0  27615.3
     -11.3      52.0      -1.2      66.3
      -1.5      25.0      -1.7      14.3
      -1.3      21.0      -1.4       5.9
      -1.2      21.6      -1.4       4.6
 60033   .000000  -.878853  -.477092
  52973.7  13512.9       .0     43.3     44.0      4.9
       .0     86.6     44.3     33.1  26777.5  27656.2
     -10.1      52.7       2.3      55.0
      -1.8      24.6      -1.7      12.8
      -1.0      21.4      -1.7       6.7
      -1.3      21.3      -1.6       5.7
 60034  -.041814  -.878085  -.476675
  52858.9  13534.3       .0     43.3     41.5      3.7
       .0     86.6     44.0     26.7  26880.9  28036.4
     -11.3      51.5        .4      53.3
      -1.4      24.8      -1.8      13.8
      -1.5      21.6      -2.1       8.0
      -1.7      21.5      -2.0       7.4
 60035  -.083409  -.875791  -.475429
  52873.8  13534.0       .0     43.3     43.2     28.9
       .0     86.6     44.5     20.2  27500.5  28345.5
      -7.0      48.5      -3.8      50.9
      -1.6      24.6      -2.1      15.3
      -1.0      21.3      -2.0       9.6
      -1.3      21.5      -2.0       8.3
 60036  -.124573  -.872008  -.473376
  53282.7  13664.0       .0     43.3     43.2     28.9
       .0     86.6     44.3     13.9  26549.2  27976.5
      -9.5      51.9      -1.1      50.6
      -1.6      24.8      -2.0      16.4
      -1.1      21.4      -2.1      10.5
      -1.1      21.5      -2.1       9.3
 60037  -.165103  -.866792  -.470544
  53524.2  13762.5       .0     43.3     43.2     28.9
       .0     86.6     44.2      7.9  27065.5  28048.7
      -9.2      50.6      -2.0      49.2
      -1.4      25.0      -2.3      15.7
      -1.0      21.1      -1.9      10.8
      -1.1      21.2      -2.0       9.8
 60038  -.243541  -.852392  -.462727
  54263.6  13767.1       .0     43.3     43.2     28.9
       .0     86.6     43.2     57.7  27472.6  28706.7
     -10.8      54.4      -4.7      48.0
       -.7      24.7      -1.7      17.3
      -1.7      21.3      -2.4      12.2
      -1.0      21.3      -1.9      10.9
 60039  -.317480  -.833386  -.452409
  55487.5  13742.3       .0     43.3     43.2     28.9
       .0     86.6     43.2     57.7  28293.9  29490.9
      -9.3      53.8      -3.9      44.5
      -1.4      24.9      -2.0      19.3
      -1.1      21.0      -1.9      13.6
      -1.0      21.0      -1.6      12.7
 60040  -.386057  -.810720  -.440105
  56875.5  13622.2       .0     43.3     43.2     28.9
       .0     86.6     43.2     57.7  28978.9  30298.2
      -8.3      50.6      -4.5      44.1
      -1.2      24.6      -1.6      18.3
       -.9      20.6      -1.6      13.6
       -.5      20.7      -1.2      12.8
 60041  -.448787  -.785377  -.426348
  58788.2  13080.7       .0     43.3     43.2     28.9
       .0     86.6     43.2     57.7  30540.2  31900.9
      -9.6      55.2      -5.1      46.6
      -1.3      24.8      -1.8      20.2
       -.9      20.4      -1.2      15.5
       -.9      20.3      -1.5      14.6
 60042  -.505524  -.758286  -.411641
  60828.2  12319.3       .0     43.3     43.2     28.9
       .0     86.6     43.2     57.7  32175.4  33196.5
     -10.0      55.3      -6.6      41.5
      -1.1      24.5      -1.2      19.6
      -1.1      20.4      -1.3      15.2
       -.7      19.9      -1.4      14.4
 60043  -.556388  -.730259  -.396426
  62854.3  11704.3       .0     43.3     43.2     28.9
       .0     86.6     43.2     57.7  33642.1  34868.9
      -9.0      54.2      -5.2      43.8
       -.9      24.2      -1.0      21.4
      -1.3      20.0      -1.5      17.2
       -.8      19.7      -1.2      16.2
 60044  -.601687  -.701968  -.381068
  65456.7  11327.5       .0     43.3     43.2     28.9
       .0     86.6     43.2     57.7  35674.7  36817.7
     -11.1      55.5      -5.4      39.4
      -1.0      24.5      -1.2      20.3
       -.6      19.3       -.8      16.5
      -1.2      19.3      -1.3      15.9
 60045  -.641844  -.673936  -.365851
  68153.6  10927.6       .0     43.3     43.2     28.9
       .0     86.6     43.2     57.7  37993.9  38752.1
      -8.9      55.8      -6.3      41.2
      -1.2      23.9      -1.0      22.9
       -.4      19.6       -.9      18.6
       -.6      19.1      -1.1      17.3
 60046  -.677337  -.646549  -.350984
  70947.8  10397.5       .0     43.3     43.2     28.9
       .0     86.6     43.2     57.7  39279.3  40582.8
      -8.7      54.9      -4.7      38.9
       -.9      23.9      -1.0      21.1
       -.9      19.4       -.8      17.6
       -.7      18.5       -.6      17.1
 60047  -.708659  -.620076  -.336613
  74219.9  10025.6       .0     43.3     43.2     28.9
       .0     86.6     43.2     57.7  40781.8  42084.1
      -9.0      56.8      -4.6      38.3
      -1.0      23.8      -1.3      22.9
       -.8      18.8      -1.0      18.8
       -.7      18.7      -1.0      18.3
 60048   .482910  -.845093  -.229382
 109684.4  14385.8       .0     43.3     43.2     28.9
       .0     86.6     43.2     57.7  64703.3  66554.2
     -10.8      51.6       7.2      50.9
      -1.8      23.6       1.2      20.7
      -1.2      19.2        .8      14.0
       -.7      18.1        .4      12.5
 60049   .451149  -.861285  -.233777
 107644.1  14164.4       .0     43.3     43.2     28.9
       .0     86.6     43.2     57.7  62815.4  64614.4
      -9.7      52.7       5.4      50.6
      -2.0      23.7       1.4      21.7
      -1.1      19.6        .6      13.7
       -.5      18.7        .1      12.2
 60050   .417577  -.876913  -.238019
 106054.3  14008.2       .0     43.3     43.2     28.9
       .0     86.6     43.2     57.7  62314.3  64033.7
     -10.9      50.7       8.1      57.0
      -1.6      24.7        .9      21.1
       -.8      19.6        .4      12.5
       -.9      19.2        .4      11.4
 60051   .382204  -.891810  -.242063
 104396.6  13661.4       .0     43.3     43.2     28.9
       .0     86.6     43.2     57.7  60508.8  62255.0
     -12.5      53.4       7.3      59.5
      -2.0      25.3       1.1      21.2
      -1.7      19.9        .4      12.5
      -1.0      19.4        .3      11.1
 60052   .345068  -.905804  -.245861
 102714.3  13456.3       .0     43.3     43.2     28.9
       .0     86.6     43.2     57.7  58752.5  60982.3
     -12.5      55.1       4.3      65.7
      -1.5      24.6        .6      20.6
       -.9      19.8        .1      11.1
      -1.5      19.4        .0       9.7
 60053   .306238  -.918714  -.249365
 101132.3  13288.4       .0     43.3     43.2     28.9
       .0     86.6     43.2     57.7  58099.6  59991.0
      -9.7      49.7       7.0      66.1
      -1.4      24.9       -.5      21.5
      -1.3      20.0       -.4      11.0
      -1.4      19.4       -.2       9.6
 60054   .265817  -.930361  -.252527
 100302.8  13204.5       .0     43.3     43.2     28.9
       .0     86.6     43.8      3.0  57699.1  59811.5
     -14.3      54.9      10.4      73.4
      -2.1      24.6        .4      20.9
      -1.4      20.2       -.2       9.3
      -1.3      19.2       -.5       7.8
 60055   .223945  -.940570  -.255298
  98991.0  13069.2       .0     43.3     43.2     28.9
       .0     86.6     44.1     14.8  56306.0  58451.7
      -9.5      51.6      10.9      72.8
      -2.2      25.3       -.2      21.9
      -1.4      20.4      -1.0       9.1
       -.9      19.5       -.7       7.4
 60056   .180796  -.949177  -.257634
  97952.6  12979.2       .0     43.3     43.8      1.9
       .0     86.6     44.0     28.2  56456.7  57628.6
      -9.5      52.0       5.3      72.5
      -1.6      24.5       -.6      20.8
      -1.4      20.3      -1.0       7.2
      -1.6      19.2      -1.0       6.0
 60057   .136577  -.956038  -.259496
  97802.3  12892.1       .0     43.3     43.4     12.9
       .0     86.6     43.3     41.5  56680.0  58176.5
      -9.7      49.6       6.1      93.5
      -1.9      25.0       -.1      28.5
      -1.4      20.4       -.8       6.8
      -1.3      19.6      -1.1       4.1
 60058   .091527  -.961030  -.260851
  96837.0  12699.7       .0     43.3     42.0     25.2
       .0     86.6     42.1     53.6  54960.0  56925.7
     -11.1      53.4       8.6     102.6
      -1.5      24.6        .0      50.7
      -1.2      20.4       -.8      13.7
      -1.3      19.4      -1.2       4.8
 60059   .068771  -.962796  -.261330
  97021.3  12736.7       .0     43.3     45.1     22.4
       .0     86.6     45.1     50.7  55531.3  57448.8
     -10.1      49.4       9.4     104.6
      -1.9      24.9        .3      46.4
      -1.8      20.4        .4      14.5
      -1.5      19.6        .2       4.7
 60060   .045908  -.964064  -.261674
  96667.7  12688.5       .0     43.3     45.0     16.4
       .0     86.6     45.0     44.9  55790.5  57035.0
     -13.3      53.2       4.8      95.9
      -1.7      24.5       -.6      34.4
      -1.3      20.3       -.6       8.8
      -1.8      19.5      -1.0       4.0
 60061   .022972  -.964827  -.261882
  96914.2  12813.3       .0     43.3     45.0     12.1
       .0     86.6     45.1     38.4  54979.8  56801.6
     -12.2      50.6       6.2      87.6
      -2.5      24.9       -.7      28.8
      -1.4      20.7      -1.1       6.5
      -1.2      19.7      -1.3       4.1
 60062   .000000  -.965081  -.261951
  96396.6  12791.0       .0     43.3     44.8      3.4
       .0     86.6     45.0     31.7  55387.2  57036.4
     -16.4      54.6       6.5      82.1
      -2.2      24.6      -1.1      23.2
      -1.2      20.3      -1.5       6.3
      -1.8      19.6      -1.4       4.9
 60063  -.022972  -.964827  -.261882
  96652.4  12686.6       .0     43.3     43.2     28.9
       .0     86.6     44.8     25.2  54792.0  56927.9
     -13.6      50.4       -.3      75.7
      -2.1      24.7      -1.6      23.0
      -1.5      20.2      -1.7       7.4
      -1.7      19.7      -1.8       5.9
 60064  -.045908  -.964064  -.261674
  96528.2  12689.0       .0     43.3     43.2     28.9
       .0     86.6     44.7     18.4  55322.2  56985.0
     -11.1      49.8        .4      75.1
      -1.9      25.0      -1.9      20.1
      -1.4      20.6      -1.7       8.1
      -1.4      19.8      -1.7       6.5
 60065  -.068771  -.962796  -.261330
  96640.6  12777.8       .0     43.3     43.2     28.9
       .0     86.6     44.9     11.8  54252.8  56220.9
     -10.6      52.8       -.4      69.7
      -1.8      25.4      -1.4      19.8
      -1.4      20.2      -1.6       8.6
      -1.2      19.7      -1.6       7.1
 60066  -.091527  -.961030  -.260851
  96844.4  12837.5       .0     43.3     43.2     28.9
       .0     86.6     44.8      5.3  55516.1  57450.1
     -10.2      51.1      -1.8      67.0
      -2.2      24.8      -1.6      19.1
      -1.3      20.7      -1.5       8.9
      -1.2      19.9      -1.5       7.4
 60067  -.136577  -.956038  -.259496
  97165.4  12835.7       .0     43.3     43.2     28.9
       .0     86.6     43.2     57.7  55756.1  57415.3
     -10.0      52.1        .0      63.6
      -1.5      25.9      -1.2      17.8
      -1.5      20.3      -1.5      10.1
      -1.4      19.5      -1.7       8.3
 60068  -.180796  -.949177  -.257634
  97728.4  12868.9       .0     43.3     43.2     28.9
       .0     86.6     43.2     57.7  56606.1  58308.5
     -11.5      54.0      -1.1      58.0
      -1.4      25.3      -1.4      18.8
      -1.1      20.4      -1.2      10.3
      -1.0      19.6      -1.1       9.0
 60069  -.223945  -.940570  -.255298
  98714.2  12944.6       .0     43.3     43.2     28.9
       .0     86.6     43.2     57.7  55927.5  58130.2
     -12.2      53.8      -1.7      56.6
      -2.2      25.1      -1.8      19.0
      -1.1      20.1      -1.4      11.2
      -1.1      19.6      -1.1       9.8
 60070  -.265817  -.930361  -.252527
  99610.1  13134.7       .0     43.3     43.2     28.9
       .0     86.6     43.2     57.7  57588.6  59772.1
     -10.2      51.1      -3.8      54.8
      -1.3      25.2      -1.0      18.8
      -1.0      20.0      -1.0      12.1
      -1.0      19.8      -1.1      10.7
 60071  -.306238  -.918714  -.249365
 100662.1  13308.6       .0     43.3     43.2     28.9
       .0     86.6     43.2     57.7  57604.3  59599.6
     -13.1      52.6      -5.0      48.8
      -1.4      24.9      -1.0      19.3
       -.7      20.2       -.8      12.4
      -1.2      19.4      -1.0      11.0
 60072  -.345068  -.905804  -.245861
 102520.7  13408.3       .0     43.3     43.2     28.9
       .0     86.6     43.2     57.7  59479.7  61079.2
     -10.1      51.6      -5.9      49.0
      -1.8      25.1      -1.6      19.4
      -1.0      20.3       -.9      13.7
      -1.0      19.3      -1.0      12.2
 60073  -.382204  -.891810  -.242063
 103800.0  13580.2       .0     43.3     43.2     28.9
       .0     86.6     43.2     57.7  60390.3  62714.7
     -11.2      52.7      -5.3      47.1
      -1.5      24.1      -1.0      18.8
       -.9      19.9       -.5      13.4
      -1.2      19.4       -.7      12.2
 60074  -.417577  -.876913  -.238019
 105362.4  13568.5       .0     43.3     43.2     28.9
       .0     86.6     43.2     57.7  61426.4  63307.3
     -10.3      50.2      -3.8      44.8
      -1.4      24.4       -.9      20.1
       -.7      20.0       -.7      14.6
       -.5      19.2       -.6      13.6
 60075  -.451149  -.861285  -.233777
 106844.4  13402.4       .0     43.3     43.2     28.9
       .0     86.6     43.2     57.7  63315.1  64647.9
     -12.5      55.7      -6.6      43.2
      -1.2      24.5       -.8      18.6
       -.7      19.5       -.4      13.9
       -.7      19.1       -.4      13.1
 60076  -.482910  -.845093  -.229382
 109214.1  13550.3       .0     43.3     43.2     28.9
       .0     86.6     43.2     57.7  64120.1  66118.4
     -10.4      58.0      -3.8      41.7
      -1.2      24.1       -.9      20.2
      -1.2      19.6       -.8      15.7
       -.9      19.2       -.7      14.8
 60077   .337328  -.927651  -.160231
 157568.7  13575.2       .0     43.3     43.2     28.9
       .0     86.6     43.2     57.7  98500.0 101805.6
     -10.7      48.1       6.9      60.0
      -2.0      24.8       1.5      22.9
      -1.3      20.4       1.0      12.0
      -1.1      19.7        .9      10.5
 60078   .312066  -.936198  -.161707
 155945.8  13606.5       .0     43.3     43.2     28.9
       .0     86.6     43.2     57.7  97241.1 100714.0
     -11.9      49.2       7.9      64.2
      -2.7      26.2       1.6      24.4
      -1.4      21.0        .6      12.6
       -.6      19.5        .5      10.6
 60079   .286124  -.944211  -.163091
 154776.0  13464.1       .0     43.3     43.2     28.9
       .0     86.6     43.2     57.7  96756.0  99324.5
     -13.2      54.5       5.8      68.5
      -2.1      25.6       1.3      23.8
      -1.5      20.8        .7      10.8
      -1.5      19.6        .7       9.2
 60080   .259539  -.951641  -.164374
 153395.3  13273.3       .0     43.3     43.2     28.9
       .0     86.6     43.2     57.7  96049.5  98907.9
      -7.0      46.8      10.2      73.5
      -1.9      25.8       1.4      24.3
      -1.4      20.6        .3      11.3
      -1.5      19.4        .5       9.2
 60081   .232349  -.958440  -.165549
 152516.1  13085.6       .0     43.3     43.2     28.9
       .0     86.6     43.2     57.7  94529.0  97354.8
     -12.0      52.7       8.9      78.8
      -2.1      25.4       1.9      25.8
       -.9      20.9        .3      10.1
       -.8      19.9        .0       8.0
 60082   .204604  -.964562  -.166606
 151453.9  12988.5       .0     43.3     43.2     28.9
       .0     86.6     43.2     57.7  95273.8  97120.1
     -10.2      48.9       6.1      87.6
      -2.3      25.9        .8      27.1
      -1.9      20.7        .2      10.5
       -.9      19.6       -.3       8.3
 60083   .176357  -.969963  -.167539
 150908.1  12927.8       .0     43.3     43.2     28.9
       .0     86.6     44.3      1.8  93207.8  96738.2
     -11.1      48.5       8.8      82.9
      -2.8      24.6        .8      27.9
      -1.3      20.7       -.2       8.9
      -1.0      20.2       -.4       6.8
 60084   .147667  -.974605  -.168341
 150000.6  12892.1       .0     43.3     43.2     28.9
       .0     86.6     44.1     13.7  92507.6  96565.3
     -13.0      55.4       1.3      89.3
      -2.3      26.0        .2      28.0
      -1.5      20.9       -.5       9.5
      -1.4      20.1       -.8       6.4
 60085   .118600  -.978453  -.169006
 150036.6  12865.2       .0     43.3     43.2     28.9
       .0     86.6     43.9     27.4  92871.2  95748.4
     -12.7      49.9       9.0      93.8
      -2.9      24.9       -.3      31.0
      -1.3      20.5       -.9       9.3
      -1.1      20.3      -1.2       5.5
 60086   .089225  -.981478  -.169528
 149652.4  13088.9       .0     43.3     43.6     12.3
       .0     86.6     43.4     40.8  92139.0  94851.3
     -14.1      51.6       2.8     108.1
      -2.3      25.8      -1.1      42.2
      -1.6      20.6       -.9      14.2
      -2.4      20.2       -.9       4.4
 60087   .059616  -.983656  -.169904
 148900.8  12800.9       .0     43.3     42.4     24.9
       .0     86.6     42.4     53.1  93048.1  95866.8
     -14.1      48.9       7.6     115.9
      -2.1      24.9       -.7      65.6
      -1.8      20.8      -1.0      23.9
      -1.8      20.2      -1.4       7.4
 60088   .044746  -.984421  -.170036
 148876.9  12810.0       .0     43.3     45.0     22.0
       .0     86.6     44.9     50.3  91511.1  94689.6
     -11.8      52.1       6.3     123.7
      -2.6      25.1       1.8      60.4
      -1.1      20.6       -.2      20.6
      -1.1      20.0        .3       6.0
 60089   .029848  -.984969  -.170131
 148526.0  12724.1       .0     43.3     45.4     16.0
       .0     86.6     45.3     44.2  92029.5  94542.0
     -10.5      52.0      12.9     121.2
      -2.3      26.4       -.1      46.2
      -1.2      20.8       -.2      13.1
      -1.3      20.1       -.7       6.0
 60090   .014929  -.985299  -.170188
 148570.0  12754.2       .0     43.3     45.2      9.4
       .0     86.6     45.3     38.1  92751.7  94774.5
     -14.2      50.7      -2.8     108.1
      -2.7      25.7       -.3      37.2
      -1.8      20.5       -.9       9.9
       -.9      19.8      -1.0       4.3
 60091   .000000  -.985408  -.170207
 148587.2  12797.2       .0     43.3     45.2      2.8
       .0     86.6     45.4     30.9  91728.7  95260.5
     -12.7      50.4      11.4      98.7
      -2.5      25.1       -.3      34.5
      -1.6      20.9      -1.1       9.7
      -1.5      19.9      -1.2       5.1
 60092  -.014929  -.985299  -.170188
 148510.1  12876.5       .0     43.3     43.2     28.9
       .0     86.6     45.5     24.4  93023.7  95205.3
      -7.6      49.4       3.3      89.4
      -1.4      25.2      -1.1      29.6
      -1.2      20.8      -1.5       8.8
      -1.8      20.1      -1.6       5.9
 60093  -.029848  -.984969  -.170131
 148669.2  12751.7       .0     43.3     43.2     28.9
       .0     86.6     45.2     17.5  91767.9  94503.0
     -15.6      52.6       3.8      94.2
      -2.0      25.2      -1.5      29.1
      -1.2      20.7      -1.6       9.9
      -1.6      20.1      -1.4       6.1
 60094  -.044746  -.984421  -.170036
 148680.9  12796.8       .0     43.3     43.2     28.9
       .0     86.6     45.2     10.6  91473.1  94418.4
      -9.5      46.2      -3.0      88.2
      -2.7      25.8      -1.5      28.1
      -1.8      20.8      -1.6       8.6
      -1.3      20.5      -1.4       6.4
 60095  -.059616  -.983656  -.169904
 148658.6  12804.3       .0     43.3     43.2     28.9
       .0     86.6     45.0      4.0  93132.1  95226.3
      -8.8      49.6       2.6      85.0
      -1.9      25.5      -1.4      25.2
      -1.8      20.8      -1.2       8.5
      -1.1      19.9      -1.1       6.1
 60096  -.089225  -.981478  -.169528
 149105.6  12762.1       .0     43.3     43.2     28.9
       .0     86.6     43.2     57.7  92784.8  95211.8
     -12.4      54.2        .0      80.4
      -1.9      25.5      -1.7      27.0
      -1.2      21.1      -1.4       9.5
      -1.5      20.3      -1.3       7.1
 60097  -.118600  -.978453  -.169006
 149289.4  12843.7       .0     43.3     43.2     28.9
       .0     86.6     43.2     57.7  94186.5  96331.0
     -13.6      50.2      -6.0      73.6
      -1.9      24.9      -1.1      22.6
      -1.2      20.7       -.9       9.4
      -1.0      20.4       -.8       7.3
 60098  -.147667  -.974605  -.168341
 149956.1  12958.5       .0     43.3     43.2     28.9
       .0     86.6     43.2     57.7  93250.2  96287.7
     -13.3      52.1      -1.2      62.4
      -2.3      25.9      -1.3      23.3
      -1.1      21.3      -1.0      10.0
       -.8      19.8      -1.2       8.4
 60099  -.176357  -.969963  -.167539
 150138.4  13079.5       .0     43.3     43.2     28.9
       .0     86.6     43.2     57.7  92812.3  95972.2
     -11.2      48.1       -.2      62.7
      -1.9      24.9      -1.2      20.8
      -1.4      20.7       -.9      11.0
      -1.6      19.9       -.9       8.6
 60100  -.204604  -.964562  -.166606
 150906.9  13135.3       .0     43.3     43.2     28.9
       .0     86.6     43.2     57.7  94476.7  96494.7
     -12.8      57.0      -7.8      65.6
      -1.7      25.5      -1.2      22.4
      -1.5      21.1       -.9      10.7
      -1.0      20.1       -.8       9.9
 60101  -.232349  -.958440  -.165549
 152365.8  13047.7       .0     43.3     43.2     28.9
       .0     86.6     43.2     57.7  95753.2  98414.7
     -13.6      51.5      -6.9      60.2
      -2.4      25.8      -1.5      23.3
      -1.1      20.7       -.5      10.9
      -1.5      20.3       -.8       9.9
 60102  -.259539  -.951641  -.164374
 153152.2  13217.0       .0     43.3     43.2     28.9
       .0     86.6     43.2     57.7  95867.1  98338.7
      -9.3      55.4      -8.1      53.0
      -2.1      25.8      -1.1      20.7
      -1.2      20.6       -.6      11.5
       -.6      19.8       -.7      10.1
 60103  -.286124  -.944211  -.163091
 154404.8  13351.9       .0     43.3     43.2     28.9
       .0     86.6     43.2     57.7  96600.4  99462.9
     -10.0      55.1      -2.8      52.2
      -2.2      26.0      -1.3      20.8
      -1.3      20.7       -.6      12.6
      -1.2      20.1       -.6      10.9
 60104  -.312066  -.936198  -.161707
 155663.2  13314.6       .0     43.3     43.2     28.9
       .0     86.6     43.2     57.7  97054.5  99476.9
     -12.4      56.1      -9.4      49.4
      -2.6      26.1      -1.2      19.0
      -1.0      20.5       -.3      12.3
      -1.0      19.8       -.7      10.8
 60105  -.337328  -.927651  -.160231
 156733.4  13402.2       .0     43.3     43.2     28.9
       .0     86.6     43.2     57.7  96660.3 100534.6
      -8.2      48.6      -1.8      44.2
      -1.8      24.8       -.9      19.1
      -1.2      20.7       -.5      13.1
      -1.2      19.7       -.6      11.7
