OCR_prd2017clk:newR11@-300V,3.8T@20d,263K,rhe=1.10,rhh=0.7,0.00/0.00            
   350   1  3.80  28   3  29   3  300.00  263.00     .00 1.00000  1000.0   17.20  -28.32  150.000  100.000  290.000  1000.0    8.60  -14.16    1.50    1.00     .85
 52951  -.105170   .946530  -.304993
  87605.7  13469.5      8.6     43.3    -12.4      9.5
      8.6     86.6    -12.6     38.0  51059.6  52751.1
       9.1      47.7      -9.3      69.0
       1.4      22.8       -.5      20.5
        .7      17.9        .5       4.3
        .8      16.8        .5       3.2
 52952  -.113613   .937303  -.329476
  81398.4  13653.2      8.6     43.3    -12.5      9.6
      8.6     86.6    -12.6     38.0  47403.6  48568.3
      11.5      51.5      -8.5      76.0
        .9      24.0       -.5      18.1
        .6      20.0        .5       4.5
        .7      19.4        .5       3.2
 52953  -.123410   .925573  -.357888
  74713.3  13673.7      8.6     43.3    -12.5      9.7
      8.6     86.6    -12.7     38.4  43034.9  44084.1
      12.4      51.5      -7.4      70.6
       1.4      22.9       -.2      17.0
        .7      17.5        .4       4.4
        .9      16.4        .4       3.4
 52954  -.134874   .910397  -.391134
  68334.9  13897.8      8.6     43.3    -12.9     10.1
      8.6     86.6    -12.7     38.4  38172.3  39959.5
       9.0      51.8      -5.3      68.7
       1.1      23.4        .1      14.7
        .8      19.7        .4       4.4
        .9      18.6        .5       3.6
 52955  -.148397   .890380  -.430350
  62389.3  14194.6      8.6     43.3    -12.7     10.3
      8.6     86.6    -12.8     38.6  34976.7  36057.6
       9.2      50.3      -6.4      61.4
       1.1      22.4       -.1      14.1
        .6      17.0        .4       4.8
        .6      15.6        .5       3.8
 52956  -.164460   .863416  -.476934
  56143.5  14698.4      8.6     43.3    -12.8     10.5
      8.6     86.6    -12.8     38.9  31020.1  31924.7
       9.6      51.2      -6.6      61.0
       1.3      23.2        .0      12.7
        .6      18.9        .5       4.8
        .4      18.2        .4       4.0
 52957  -.183618   .826279  -.532491
  50462.9  15335.0      8.6     43.3    -13.0     10.9
      8.6     86.6    -12.9     39.1  27591.6  28316.1
       7.7      52.3      -9.3      59.4
        .5      21.4        .3      10.9
        .5      15.8        .4       4.9
        .8      14.5        .3       4.2
 52958  -.206405   .774019  -.598575
  44861.4  16394.1      8.6     43.3    -13.1     11.2
     11.8      7.3    -13.0     39.7  24012.1  24736.6
       8.8      53.3      -4.8      58.4
        .6      22.4        .4      10.0
        .3      17.4        .4       5.1
        .6      17.2        .3       4.5
 52959  -.233063   .699189  -.675882
  39923.9  18054.3      8.6     43.3    -12.9     11.5
      9.4     17.9    -13.0     39.9  20739.7  21536.9
       8.5      59.5      -5.1      56.9
        .2      26.5        .3       8.9
        .6      17.8        .4       5.2
        .6      14.9        .3       4.6
 52960  -.262862   .591440  -.762300
  35515.0  21471.0      8.6     43.3    -13.2     11.9
      9.2     36.9    -13.3     40.3  18030.3  18493.2
       6.5      56.3      -6.2      49.3
        .6      24.2        .2       9.2
        .4      15.9        .3       5.6
        .6      12.8        .3       4.8
 52961  -.292854   .439281  -.849276
  31975.6  25693.4      9.1     12.9    -13.2     12.3
      9.3     55.4    -13.2     40.5  15787.0  16275.1
       4.1      47.3      -5.1      46.0
        .6      14.6        .2       8.6
        .4       9.4        .4       5.5
        .5       8.0        .4       5.0
 52962  -.316664   .237498  -.918324
  29692.9  24701.2      9.4     30.4    -13.6     12.5
      9.3     73.4    -13.4     40.9  14433.0  14985.2
       6.5      57.0      -3.7      44.1
        .6       7.2        .3       8.9
        .4       5.0        .5       5.7
        .4       5.0        .3       5.0
 52963  -.325991   .000000  -.945373
  29096.5  24056.1      9.4     38.1    -13.4     12.5
      9.4     81.2    -13.4     40.9  13883.5  14362.3
      -2.6      64.4      -3.0      45.2
       -.1       9.3        .0       8.7
        .3       5.0        .3       5.8
        .1       5.0        .3       4.8
 52964  -.323582  -.121343  -.938387
  29039.1  24185.0      9.0     29.7    -13.4     13.5
      9.0     72.8    -13.4     41.0  13862.9  14365.1
      -5.4      54.6      -4.5      44.9
       -.2       7.2        .1       8.6
        .1       5.0        .5       5.8
        .2       5.0        .4       4.8
 52965  -.316664  -.237498  -.918324
  29696.9  24553.3      9.0     21.1    -13.1     12.4
      8.9     63.9    -13.2     40.7  14487.1  14962.5
      -4.2      49.8      -2.7      48.7
        .3      11.1        .1       8.7
        .3       7.1        .4       5.6
        .1       6.2        .4       4.9
 52966  -.306058  -.344315  -.887567
  30510.6  24897.5      8.8     12.8    -13.1     12.3
      8.9     54.9    -13.1     40.7  15213.5  15602.4
      -3.2      46.5      -1.7      45.9
        .2      14.8        .2       8.5
        .3       9.7        .5       5.5
        .1       8.2        .5       4.8
 52967  -.292854  -.439281  -.849276
  31801.3  23396.8      9.0      6.9    -13.4     12.1
      8.9     46.0    -13.3     40.6  15475.5  16273.0
      -4.2      49.3      -2.3      47.1
        .2      18.5        .4       8.6
        .1      12.3        .5       5.5
        .1      10.4        .5       4.8
 52968  -.278147  -.521525  -.806626
  33320.5  21048.1      8.6     43.3    -13.3     11.9
      9.0     36.6    -13.2     40.5  16751.6  17277.0
      -4.1      52.6      -1.3      45.5
       -.4      23.6        .2       8.3
        .0      15.7        .4       5.2
        .0      13.0        .4       4.7
 52969  -.262862  -.591440  -.762300
  35405.4  18839.4      8.6     43.3    -13.1     11.8
      9.2     27.5    -13.1     40.3  17752.7  18345.7
      -6.8      58.6      -2.0      50.9
       -.4      27.2        .3       8.9
        .2      17.8        .5       5.3
        .1      14.9        .4       4.5
 52970  -.233063  -.699189  -.675882
  39812.4  16328.3      8.6     43.3    -13.1     11.3
      9.0     11.2    -13.0     39.9  20151.9  20987.5
      -5.4      54.3       -.5      52.3
       -.7      25.1        .2       8.8
       -.5      17.7        .4       5.1
        .0      16.2        .5       4.3
 52971  -.206405  -.774019  -.598575
  44803.6  15005.5      8.6     43.3    -13.1     10.9
      8.6     86.6    -13.1     39.6  24022.0  24710.4
      -7.5      51.8       -.9      58.4
       -.3      23.4        .3      10.7
        .1      17.9        .5       4.7
        .2      17.3        .5       4.0
 52972  -.183618  -.826279  -.532491
  50458.9  14327.9      8.6     43.3    -13.0     10.6
      8.6     86.6    -12.8     39.3  26816.8  28016.2
      -8.4      54.1       1.6      62.3
        .3      22.4        .6      10.7
        .0      16.6        .5       4.6
        .0      15.3        .5       3.8
 52973  -.164460  -.863416  -.476934
  56148.4  13833.4      8.6     43.3    -12.9     10.4
      8.6     86.6    -12.8     38.8  30711.5  31691.6
      -7.5      52.2       2.3      65.0
        .3      23.4        .7      11.8
        .2      18.8        .4       4.3
        .0      18.6        .5       3.5
 52974  -.148397  -.890380  -.430350
  62043.5  13615.6      8.6     43.3    -12.8     10.1
      8.6     86.6    -12.8     38.6  35319.8  36077.9
     -11.0      53.0       2.1      67.5
       -.1      22.3        .5      11.8
       -.1      17.5        .6       4.5
        .1      15.8        .5       3.4
 52975  -.134874  -.910397  -.391134
  68404.7  13338.9      8.6     43.3    -13.0      9.8
      8.6     86.6    -12.7     38.5  39313.9  40758.4
      -8.0      48.8       1.9      69.7
        .0      23.8        .5      14.4
        .0      19.7        .5       4.1
        .1      18.9        .5       3.2
 52976  -.123410  -.925573  -.357888
  74539.6  13270.6      8.6     43.3    -12.8      9.7
      8.6     86.6    -12.6     38.3  42816.8  44046.9
      -9.2      49.2       2.6      71.0
       -.3      22.4        .2      16.2
        .1      17.4        .6       4.1
        .1      16.2        .5       3.1
 52977  -.113613  -.937303  -.329476
  81321.3  13165.0      8.6     43.3    -12.7      9.5
      8.6     86.6    -12.7     38.2  47387.4  49041.3
      -7.6      50.5       4.3      76.2
       -.5      24.6        .7      18.1
        .0      19.7        .5       5.0
       -.1      19.5        .5       3.1
 52978  -.105170  -.946530  -.304993
  87808.7  13148.1      8.6     43.3    -12.6      9.4
      8.6     86.6    -12.7     38.0  51392.4  52738.3
      -6.7      47.9       6.0      76.9
       -.7      22.5        .7      19.2
        .1      17.9        .5       4.3
        .0      16.4        .5       3.0
 52979   .863216  -.064741  -.500666
  53535.7   9115.9      9.1     28.3    -14.2     28.9
      9.2     71.3    -14.2     57.7  29663.2  30634.5
       3.7      68.5       8.5      41.0
        .2      11.1       1.0      23.0
        .1       5.0        .7      17.2
        .2       5.0       1.0      16.3
 52980   .838516  -.069876  -.540377
  49504.1   9208.8      9.3     28.5    -14.2     28.9
      9.3     71.4    -14.2     57.7  27295.5  28081.5
       3.8      60.2       6.6      41.1
        .1      10.9       1.6      22.9
        .0       5.0       1.1      16.9
        .1       5.0        .9      15.7
 52981   .807288  -.075683  -.585284
  45676.2   9516.7      8.9     28.7    -14.2     28.9
      8.9     71.7    -14.2     57.7  24366.5  25232.1
       3.7      60.1       6.3      40.8
        .0       9.0        .8      22.4
        .0       5.0       1.2      16.7
        .1       5.0       1.2      15.9
 52982   .767414  -.082223  -.635858
  42069.4   9923.1      9.2     28.8    -14.2     28.9
      9.1     71.9    -14.2     57.7  22648.4  23208.8
       3.9      64.0       7.2      42.9
        .1      10.0       1.1      22.1
        .2       5.0        .9      15.8
        .1       5.0        .9      14.7
 52983   .716102  -.089513  -.692232
  38536.3  10370.1      9.4     29.2    -14.2     28.9
      9.4     72.1    -14.2     57.7  19619.0  20421.3
       4.6      59.8       5.2      42.3
        .1       9.0        .9      21.3
        .1       5.0       1.0      15.1
        .2       5.0        .7      14.5
 52984   .649830  -.097475  -.753803
  35422.1  11226.6      9.5     29.3    -14.2     28.9
      9.4     72.4    -14.2     57.7  18067.7  18780.2
       4.8      59.6       7.2      43.8
       -.2       7.9       1.4      20.9
        .2       5.0        .7      14.8
        .1       5.0        .5      13.5
 52985   .564543  -.105852  -.818588
  32671.8  12584.7      9.3     29.4    -14.2     28.9
      9.2     72.6    -13.5      7.8  16052.1  16759.2
       -.4      58.9       6.5      43.2
        .1       7.1       1.1      18.5
        .2       5.0        .6      13.1
        .2       5.0        .7      12.2
 52986   .456422  -.114106  -.882416
  30438.4  14774.1      9.0     29.8    -14.2     28.9
      9.0     72.7    -13.2     16.2  14967.4  15632.7
        .6      55.3       4.1      44.5
       -.1       8.1        .5      18.5
        .1       5.0        .8      12.3
        .2       5.0        .5      11.2
 52987   .323582  -.121343  -.938387
  28692.4  19158.6      8.6     29.8    -13.5      6.1
      8.7     72.9    -13.3     27.8  13809.1  14312.2
       1.9      52.6       2.1      38.9
        .0       7.4        .8      14.3
        .0       5.0        .8       9.7
        .2       5.0        .6       8.4
 52988   .168544  -.126408  -.977555
  27849.2  23160.7      9.0     29.6    -13.4     11.0
      9.0     72.8    -13.4     39.3  13236.7  13542.5
       -.2      51.8       2.7      40.3
        .1       7.1        .8       9.3
        .1       5.0        .7       6.2
        .2       5.0        .6       5.5
 52989   .000000  -.128243  -.991743
  27648.8  22836.4      8.8     29.8    -13.6     21.9
      8.9     72.9    -13.6     50.5  13123.6  13530.3
       2.0      53.8       -.8      56.3
        .1       7.4        .7       6.8
        .1       5.0        .8       3.3
        .1       5.0        .7       3.1
 52990  -.085184  -.127776  -.988138
  27878.4  22988.6      9.0     30.0    -13.6     26.1
      9.0     73.0    -13.6     54.9  13221.6  13783.6
      -1.5      58.4      -1.8      67.2
        .3       7.8        .2      12.5
        .1       5.0        .0       3.0
        .2       5.0        .3       3.0
 52991  -.168544  -.126408  -.977555
  28133.7  23228.4      9.0     29.7    -13.1     23.5
      9.0     72.7    -13.2     52.2  13543.0  14058.5
       -.2      58.1      -3.4      58.0
        .2       7.5        .6       5.7
        .1       5.0        .3       3.0
        .2       5.0        .4       3.0
 52992  -.248443  -.124222  -.960648
  28588.9  23575.3      9.3     29.7    -13.2     18.1
      9.3     72.9    -13.3     46.8  13730.2  14165.9
       2.4      56.0      -3.8      55.7
       -.1       7.3        .1       6.9
        .2       5.0        .3       4.1
        .3       5.0        .4       3.6
 52993  -.323582  -.121343  -.938387
  29002.9  24208.7      9.3     29.7    -13.3     12.4
      9.2     72.8    -13.2     41.0  14256.4  14767.2
      -4.8      54.9      -1.6      45.6
        .2       7.8        .3       8.7
        .1       5.0        .3       5.8
        .1       5.0        .4       4.9
 52994  -.393068  -.117920  -.911917
  29834.7  23409.7      9.0     29.6    -13.4      7.1
      8.9     72.6    -13.2     34.9  14395.0  14926.7
      -8.7      54.0      -3.8      41.4
        .0       7.6        .2      10.9
        .2       5.0        .2       7.3
        .2       5.0        .4       6.2
 52995  -.456422  -.114106  -.882416
  30596.3  20881.8      9.1     29.6    -13.7      4.2
      9.0     72.6    -13.3     29.1  14977.8  15663.8
       -.7      54.5      -3.6      40.7
       -.1       7.6        .2      13.6
        .1       5.0        .4       8.9
        .2       5.0        .3       7.5
 52996  -.513527  -.110042  -.850988
  31687.5  18061.7      8.9     29.5    -14.2     28.9
      8.9     72.6    -13.4     23.1  15741.7  16364.4
      -3.8      55.7      -4.6      43.4
       -.2       8.1        .5      15.9
        .1       5.0        .3      10.8
        .2       5.0        .3       9.0
 52997  -.564543  -.105852  -.818588
  32806.9  16144.8      9.3     29.4    -14.2     28.9
      9.2     72.4    -13.3     17.1  16282.8  16943.7
      -5.0      55.4      -4.2      43.3
       -.2       7.8       -.1      17.8
        .2       5.0        .3      11.7
        .1       5.0        .3      10.2
 52998  -.649830  -.097475  -.753803
  35586.2  13766.4      9.2     29.2    -14.2     28.9
      9.0     72.3    -13.5      7.2  18101.5  18537.2
      -3.7      59.0      -4.8      43.4
        .0       8.1        .5      17.6
        .1       5.0        .3      12.4
        .1       5.0        .4      11.1
 52999  -.716102  -.089513  -.692232
  38500.9  12258.6      9.2     28.8    -14.2     28.9
      9.3     71.8    -14.2     57.7  20217.9  21176.4
      -4.9      61.8      -6.7      43.2
        .2       7.8        .5      20.2
        .1       5.0        .4      13.6
        .0       5.0        .2      12.0
 53000  -.767414  -.082223  -.635858
  42033.7  11419.2      9.4     28.7    -14.2     28.9
      9.5     71.7    -14.2     57.7  21928.7  22745.4
      -3.7      62.1      -5.8      46.1
       -.2       7.9        .2      20.3
        .2       5.0        .4      14.5
        .1       5.0        .6      13.0
 53001  -.807288  -.075683  -.585284
  45679.7  10763.2      9.4     28.6    -14.2     28.9
      9.3     71.6    -14.2     57.7  24839.4  25546.3
      -8.3      58.8      -5.7      44.5
        .1      10.0        .2      21.6
        .1       5.0        .2      15.2
        .2       5.0        .6      13.4
 53002  -.838516  -.069876  -.540377
  49415.9  10311.5      9.4     28.0    -14.2     28.9
      9.3     71.3    -14.2     57.7  27168.9  27930.4
      -4.9      64.8      -5.2      43.0
       -.2      11.0        .4      22.0
        .2       5.0        .5      15.4
        .1       5.0        .3      14.1
 53003  -.863216  -.064741  -.500666
  53433.6  10076.5      9.7     28.2    -14.2     28.9
      9.5     71.0    -14.2     57.7  29587.7  30755.8
      -8.9      64.3      -7.1      42.7
       -.5      11.1        .2      21.7
        .3       5.0        .8      16.2
        .2       5.0        .4      14.0
 53004  -.882965  -.060202  -.465563
  57441.3   9902.1      9.4     28.6    -14.2     28.9
      9.4     71.1    -14.2     57.7  31828.0  32801.1
      -5.3      68.4      -5.3      40.6
        .1      14.0        .3      21.9
        .1       5.0        .6      16.8
        .1       5.0        .5      15.1
 53005  -.898927  -.056183  -.434481
  61413.3   9594.0      9.3     27.9    -14.2     28.9
      9.2     70.8    -14.2     57.7  35297.8  36068.9
      -5.3      65.9      -5.9      40.1
       -.4      13.4        .8      22.1
        .2       5.0        .8      16.6
        .3       5.0        .8      14.7
 53006  -.911966  -.052613  -.406877
  65601.3   9513.1      9.2     28.2    -14.2     28.9
      9.2     70.7    -14.2     57.7  37706.5  38811.2
      -8.7      67.9      -6.9      40.8
       -.1      14.9        .1      22.6
        .2       5.0        .7      17.2
        .2       5.0        .5      15.7
 53007  -.922727  -.049432  -.382272
  69825.0   9339.3      9.3     27.4    -14.2     28.9
      9.1     70.3    -14.2     57.7  41169.7  42136.1
      -4.5      67.0      -6.5      40.5
      -1.1      15.1       -.3      22.6
        .2       5.0        .7      16.7
        .2       5.0        .3      15.2
 53008   .806111  -.362750  -.467544
  57161.8   9936.7      8.6     43.3    -14.2     28.9
      8.9     23.7    -14.2     57.7  31566.1  32943.6
        .0      61.2       8.1      41.3
        .2      25.5       1.4      22.3
       -.2      16.5       1.3      17.2
        .1      13.8        .8      16.2
 53009   .774912  -.387456  -.499388
  53257.4  10236.0      8.6     43.3    -14.2     28.9
      8.9     24.0    -14.2     57.7  29524.3  30376.7
        .2      60.6       5.9      41.3
       -.1      25.2       1.1      22.4
        .2      16.5        .7      16.6
        .0      14.0        .9      15.6
 53010   .736803  -.414452  -.534182
  49898.4  10709.9      8.6     43.3    -14.2     28.9
      9.0     24.4    -14.2     57.7  27272.2  28100.2
      -1.5      56.6       7.0      40.8
        .2      25.4        .8      21.3
        .3      17.0       1.0      16.3
        .1      14.3        .8      15.4
 53011   .690099  -.443635  -.571796
  46741.0  11334.2      8.6     43.3    -14.2     28.9
      9.1     25.0    -14.2     57.7  24928.0  25663.2
       -.3      59.4       7.7      47.2
        .2      26.2        .9      22.0
        .2      16.8        .8      15.3
        .2      14.2        .8      14.4
 53012   .632842  -.474632  -.611748
  43800.5  12345.5      8.6     43.3    -14.2     28.9
      9.0     25.6    -14.2     57.7  22648.5  23382.0
      -2.2      59.6       6.7      43.8
        .0      26.6       1.2      20.2
       -.3      17.4        .9      14.7
        .2      14.5        .6      13.7
 53013   .562936  -.506642  -.653006
  40853.8  13414.8      8.6     43.3    -14.2     28.9
      9.1     26.3    -14.2     57.7  21406.7  22068.9
      -7.0      58.4       8.1      44.1
       -.4      27.0        .8      20.6
        .0      17.3        .7      14.0
        .2      14.6        .7      12.7
 53014   .478468  -.538276  -.693778
  38780.3  15152.0      8.6     43.3    -14.2     28.9
      9.0     26.8    -13.8      8.4  19781.7  20662.6
      -3.9      60.4       6.8      44.5
        .0      27.3        .9      17.5
        .0      18.1        .7      12.4
        .0      14.9        .8      11.0
 53015   .378295  -.567442  -.731370
  36742.7  16892.1      8.6     43.3    -14.2     28.9
      9.0     27.2    -13.1     14.9  18759.0  19474.2
      -3.4      58.9       6.3      46.8
        .3      27.1        .6      17.7
        .0      18.0        .8      11.8
        .3      15.0        .5      10.5
 53016   .262862  -.591440  -.762300
  35270.1  17480.0      8.6     43.3    -15.3      7.6
      9.3     27.5    -13.2     26.6  17646.0  18387.9
      -5.4      59.8       5.4      42.6
       -.1      27.3        .9      14.3
        .1      18.1        .6       9.3
       -.1      15.2        .6       8.0
 53017   .134975  -.607388  -.782855
  34305.3  17526.0      8.6     43.3    -13.4     10.3
      9.1     27.7    -13.3     38.5  17124.0  17665.2
      -6.3      58.5       6.2      47.4
        .3      27.1        .5       9.2
       -.3      18.1        .8       6.0
        .4      14.8        .6       5.3
 53018   .000000  -.612997  -.790085
  34271.0  17709.0      8.6     43.3    -13.7     21.4
      8.8     27.7    -13.7     50.2  17150.0  17765.7
      -5.4      58.6       4.5      64.4
       -.5      27.3        .9       8.7
        .2      18.1        .7       3.1
        .1      14.8        .7       3.0
 53019  -.067953  -.611580  -.788259
  34334.4  17848.4      8.6     43.3    -14.4     25.7
      9.1     27.5    -14.4     54.4  17193.7  17807.8
      -5.3      57.3      -1.2      70.8
       -.1      27.7        .2      13.1
       -.1      17.9        .3       3.4
        .1      14.9        .1       3.0
 53020  -.134975  -.607388  -.782855
  34563.0  18018.9      8.6     43.3    -12.8     23.1
      8.8     27.6    -12.9     51.7  17704.5  18186.7
      -6.5      61.1       -.5      70.0
        .3      27.0        .5       9.0
        .2      18.0        .5       3.0
       -.1      14.9        .5       3.0
 53021  -.200196  -.600588  -.774091
  34861.1  18499.5      8.6     43.3    -13.2     17.4
      9.0     27.4    -13.2     46.3  17236.8  17973.7
      -6.5      60.0       -.8      57.4
       -.3      27.6        .3       7.9
        .1      17.9        .4       3.6
        .1      15.1        .4       3.2
 53022  -.262862  -.591440  -.762300
  35376.1  18980.1      8.6     43.3    -13.0     11.8
      8.8     27.2    -13.0     40.1  17852.1  18424.5
      -7.5      56.9       2.1      52.7
       -.6      27.1        .1       8.5
        .4      17.9        .3       5.1
        .1      15.2        .4       4.6
 53023  -.322373  -.580271  -.747905
  36006.2  19149.1      8.6     43.3    -13.2      6.3
      9.0     27.1    -13.4     34.2  17994.5  18695.6
      -5.4      56.3      -1.5      41.8
        .0      27.1        .5      10.7
        .3      17.8        .7       6.9
        .0      14.9        .5       5.8
 53024  -.378295  -.567442  -.731370
  36877.8  19261.7      8.6     43.3    -13.7      3.4
      9.4     27.1    -13.1     27.9  18780.6  19295.3
      -4.6      57.6      -2.1      45.8
       -.3      27.1        .4      13.4
       -.2      17.8        .5       8.6
        .0      14.9        .4       7.2
 53025  -.430364  -.553325  -.713175
  37861.2  18664.5      8.6     43.3    -14.2     28.9
      8.8     27.0    -13.2     22.0  19077.2  19878.1
      -8.3      58.2      -2.9      47.2
       -.2      26.6        .2      15.8
       -.1      17.7        .3      10.1
        .3      14.7        .5       8.6
 53026  -.478468  -.538276  -.693778
  38619.5  17624.2      8.6     43.3    -14.2     28.9
      9.2     26.7    -13.2     16.0  19372.5  20246.5
      -7.3      59.2      -3.2      47.0
       -.1      26.7        .2      17.1
        .2      17.5        .5      11.2
        .0      15.0        .3       9.6
 53027  -.562936  -.506642  -.653006
  41161.9  15329.8      8.6     43.3    -14.2     28.9
      9.2     26.3    -13.3      6.2  21182.5  21970.2
      -6.4      57.9      -2.7      43.4
        .0      26.8        .5      17.0
       -.2      17.6        .4      11.8
        .1      14.8        .5      10.6
 53028  -.632842  -.474632  -.611748
  43730.6  13446.1      8.6     43.3    -14.2     28.9
      8.8     25.6    -14.2     57.7  23236.3  23965.7
      -5.2      59.0      -1.8      44.6
       -.1      26.2        .3      20.0
        .2      17.3        .6      13.2
       -.2      14.7        .4      11.5
 53029  -.690099  -.443635  -.571796
  46824.1  12314.3      8.6     43.3    -14.2     28.9
      8.9     25.1    -14.2     57.7  24690.2  25521.4
      -5.6      57.8      -4.4      44.9
       -.3      25.8        .0      19.2
       -.1      17.0        .6      13.7
        .1      14.5        .5      12.6
 53030  -.736803  -.414452  -.534182
  50156.5  11602.9      8.6     43.3    -14.2     28.9
      9.1     24.5    -14.2     57.7  27558.5  28251.2
      -7.2      60.9      -4.9      43.1
       -.3      26.0        .4      21.1
       -.1      17.1        .3      14.9
        .1      14.3        .8      13.3
 53031  -.774912  -.387456  -.499388
  53351.0  10896.0      8.6     43.3    -14.2     28.9
      8.8     24.0    -14.2     57.7  29516.5  30549.2
      -8.2      58.3      -6.1      42.9
        .0      25.4        .5      20.6
        .3      16.5        .8      15.1
        .2      14.0        .6      14.0
 53032  -.806111  -.362750  -.467544
  57043.2  10508.8      8.6     43.3    -14.2     28.9
      9.1     23.4    -14.2     57.7  31476.3  32692.2
      -8.4      59.0      -5.1      44.0
       -.2      25.2        .5      21.8
        .3      16.6        .5      16.0
        .3      14.0        .8      14.0
 53033  -.831783  -.340275  -.438577
  60785.2  10238.1      8.6     43.3    -14.2     28.9
      9.5     23.0    -14.2     57.7  33969.2  35011.3
      -8.3      61.4      -5.6      40.7
       -.1      25.2        .6      21.7
       -.1      16.4        .5      16.2
        .2      14.1        .4      14.9
 53034  -.853040  -.319890  -.412303
  64678.6   9944.4      8.6     43.3    -14.2     28.9
      9.2     22.6    -14.2     57.7  36975.4  38325.6
      -9.8      62.7      -4.4      41.2
       -.3      24.9        .7      22.3
        .4      16.1        .8      16.3
        .2      13.9        .7      14.5
 53035  -.870759  -.301417  -.388493
  68730.1   9828.0      8.6     43.3    -14.2     28.9
      9.1     22.2    -14.2     57.7  39322.1  40600.5
      -8.5      62.3      -5.5      40.7
       -.5      25.1        .0      22.6
        .3      16.0        .7      17.2
        .4      13.7        .8      15.4
 53036  -.885633  -.284668  -.366905
  72617.7   9649.4      8.6     43.3    -14.2     28.9
      8.8     22.0    -14.2     57.7  42327.6  43302.5
      -8.2      61.9      -6.1      38.6
       -.1      24.8        .6      22.3
        .1      16.3        .8      16.8
        .1      13.7        .6      14.9
 53037   .467453  -.841416  -.271123
  98697.6  13998.7      8.6     43.3    -14.2     28.9
      8.6     86.6    -14.2     57.7  59308.0  60503.1
      -6.3      49.9       7.4      44.8
        .3      22.3       1.5      18.0
        .6      17.3       1.0      12.2
        .4      15.8        .9      10.8
 53038   .429723  -.859446  -.276932
  96407.7  13726.2      8.6     43.3    -14.2     28.9
      8.6     86.6    -14.2     57.7  57725.9  59218.8
      -5.1      50.9      11.1      47.1
       -.2      22.2       1.5      19.0
        .4      17.3        .9      12.7
        .3      15.9       1.0      11.2
 53039   .389600  -.876600  -.282460
  94782.8  13580.9      8.6     43.3    -14.2     28.9
      8.6     86.6    -14.2     57.7  56327.3  57941.8
      -5.8      47.5      10.4      47.8
       -.4      22.4       1.3      17.4
        .4      17.5        .9      11.2
        .5      16.1        .9       9.8
 53040   .347131  -.892622  -.287623
  92587.9  13287.1      8.6     43.3    -14.2     28.9
      8.6     86.6    -14.2     57.7  54730.4  56368.5
      -6.1      50.7       9.8      50.9
       -.2      22.6       1.6      18.3
        .5      17.6        .8      11.6
        .5      16.0       1.0       9.7
 53041   .302414  -.907242  -.292333
  91566.4  13274.3      8.6     43.3    -14.2     28.9
      8.6     86.6    -14.2     57.7  54470.0  55696.9
      -8.1      55.4       9.0      56.3
        .0      22.3       1.4      16.4
        .3      17.8       1.1      10.0
        .2      16.4        .9       8.4
 53042   .255608  -.920190  -.296506
  89980.5  13078.2      8.6     43.3    -14.2     28.9
      8.6     86.6    -14.2     57.7  53384.9  54638.2
      -9.1      51.3      13.1      59.1
       -.3      22.6       1.1      18.1
        .4      17.7        .7      10.1
        .4      16.3        .7       8.3
 53043   .206935  -.931206  -.300055
  89175.2  13004.8      8.6     43.3    -14.2     28.9
      8.6     86.6    -14.2     57.7  52399.8  54350.6
     -10.0      50.0       9.6      60.0
        .1      22.3       1.4      16.6
        .2      17.9        .8       8.7
        .4      16.3        .7       6.9
 53044   .156676  -.940054  -.302906
  88083.7  12976.6      8.6     43.3    -14.2     28.9
      8.6     86.6    -13.3      9.8  51783.5  53240.7
      -6.7      46.2       8.8      61.5
       -.1      22.6       1.4      17.1
        .3      17.7        .8       8.5
        .2      16.3        .8       6.5
 53045   .105170  -.946530  -.304993
  87306.5  12919.7      8.6     43.3    -14.2     28.9
      8.6     86.6    -13.2     22.8  51215.4  52636.2
      -8.6      49.4       6.5      66.1
       -.3      22.6       1.3      17.5
        .4      17.9        .7       7.2
        .4      16.3        .5       5.6
 53046   .052804  -.950480  -.306266
  87287.1  12936.0      8.6     43.3    -13.8      7.4
      8.6     86.6    -13.8     35.7  51412.3  52707.5
      -9.6      51.0       9.9      72.8
       -.5      22.8       1.1      19.6
       -.2      18.0        .7       5.0
        .2      16.3        .7       3.4
 53047   .000000  -.951808  -.306694
  86934.6  12883.4      8.6     43.3    -13.9     19.6
      8.6     86.6    -13.9     48.2  50824.8  52566.6
      -7.8      47.8       8.8      88.6
       -.6      22.7       1.5      31.8
        .2      17.8        .8       7.5
        .1      16.4        .6       3.0
 53048  -.026430  -.951476  -.306587
  87192.4  12923.1      8.6     43.3    -14.2     25.2
      8.6     86.6    -14.2     53.8  51021.3  52465.4
      -8.1      51.5       8.0      98.4
        .0      22.3       1.2      43.7
        .5      17.9        .1      12.1
        .4      16.1        .3       6.2
 53049  -.052804  -.950480  -.306266
  87344.6  12990.0      8.6     43.3    -12.5     21.9
      8.6     86.6    -12.5     50.3  51667.1  52632.0
      -8.2      50.8       1.1      94.1
       -.9      23.6       1.0      35.5
       -.3      17.9        .9       6.2
        .2      16.6        .7       3.0
 53050  -.079069  -.948828  -.305734
  87583.8  13145.1      8.6     43.3    -12.8     15.6
      8.6     86.6    -12.7     44.2  51352.4  52929.8
      -9.5      51.3        .9      83.4
       -.3      23.0        .9      26.8
        .3      17.8        .5       4.4
        .2      16.6        .5       3.0
 53051  -.105170  -.946530  -.304993
  87563.7  13100.5      8.6     43.3    -12.6      9.3
      8.6     86.6    -12.5     38.0  51520.7  53046.4
     -11.4      52.4       4.7      78.1
       -.2      22.1        .7      19.0
        .1      17.9        .5       4.7
        .2      16.5        .5       3.0
 53052  -.131055  -.943599  -.304049
  88122.6  13238.1      8.6     43.3    -12.8      3.3
      8.6     86.6    -12.7     31.6  51698.8  53254.4
     -11.1      53.1       1.2      70.4
       -.5      22.9        .9      17.8
        .2      17.9        .5       5.6
        .3      16.4        .5       3.9
 53053  -.156676  -.940054  -.302906
  88138.2  13293.5      8.6     43.3    -14.2     28.9
      8.6     86.6    -12.6     25.0  52177.5  53248.1
      -6.9      49.0       3.9      71.1
       -.4      23.0        .6      17.0
        .1      17.9        .6       6.6
        .3      16.6        .5       5.1
 53054  -.181983  -.935915  -.301572
  88667.6  13300.7      8.6     43.3    -14.2     28.9
      8.6     86.6    -13.0     18.1  51582.9  53021.2
      -7.6      49.9       1.7      60.8
       -.4      23.0        .3      18.1
        .0      18.3        .4       7.4
        .1      16.7        .5       5.8
 53055  -.206935  -.931206  -.300055
  89061.5  13458.6      8.6     43.3    -14.2     28.9
      8.6     86.6    -12.9     11.6  52369.1  53988.6
     -12.5      52.1       1.8      62.5
        .1      22.5        .6      18.0
        .3      17.9        .5       7.9
        .0      16.7        .6       6.3
 53056  -.255608  -.920190  -.296506
  90072.6  13663.4      8.6     43.3    -14.2     28.9
      8.6     86.6    -14.2     57.7  52875.6  54635.5
      -7.9      49.1        .3      59.9
       -.5      22.5        .3      17.5
        .3      18.0        .7       8.7
       -.1      16.5        .6       6.9
 53057  -.302414  -.907242  -.292333
  91184.0  13844.6      8.6     43.3    -14.2     28.9
      8.6     86.6    -14.2     57.7  53578.9  55404.5
      -9.5      51.0       1.2      58.1
       -.5      22.7        .4      18.7
        .1      18.2        .6       9.9
        .2      16.7        .6       8.0
 53058  -.347131  -.892622  -.287623
  92948.9  14082.8      8.6     43.3    -14.2     28.9
      8.6     86.6    -14.2     57.7  54347.7  56507.0
      -8.2      49.0        .5      55.8
       -.7      22.8        .5      17.1
        .2      17.8        .6       9.6
        .2      16.3        .7       8.4
 53059  -.389600  -.876600  -.282460
  94650.5  14443.7      8.6     43.3    -14.2     28.9
      8.6     86.6    -14.2     57.7  55961.9  57717.2
      -9.7      50.9      -2.6      55.5
        .0      22.4        .6      19.3
        .5      17.8        .7      11.5
        .0      16.5        .6       9.7
 53060  -.429723  -.859446  -.276932
  96475.4  14601.5      8.6     43.3    -14.2     28.9
      8.6     86.6    -14.2     57.7  56296.8  58223.0
      -9.4      49.4      -3.6      49.7
       -.5      22.7        .4      17.3
        .1      17.4        .7      11.1
       -.2      15.9        .8       9.5
 53061  -.467453  -.841416  -.271123
  98675.7  14606.9      8.6     43.3    -14.2     28.9
      8.6     86.6    -14.2     57.7  58146.7  60054.8
     -12.0      52.1      -3.7      51.3
       -.3      22.6        .5      19.8
        .2      17.2        .6      12.7
        .0      15.9        .5      10.7
 53062  -.502792  -.822750  -.265108
 100745.7  14650.6      8.6     43.3    -14.2     28.9
      8.6     86.6    -14.2     57.7  60214.5  62259.8
     -10.8      55.0      -2.6      47.5
       -.4      22.5        .4      18.4
        .4      17.3        .9      12.2
        .0      15.8        .7      10.9
 53063  -.535778  -.803668  -.258960
 103039.3  14181.7      8.6     43.3    -14.2     28.9
      8.6     86.6    -14.2     57.7  61496.1  63427.3
      -8.5      49.8       -.9      45.1
       -.3      21.8        .4      20.1
        .2      17.3        .7      13.5
        .7      15.9       1.0      11.7
 53064  -.566482  -.784360  -.252738
 105707.2  13931.6      8.6     43.3    -14.2     28.9
      8.6     86.6    -14.2     57.7  62850.9  64612.0
      -9.2      51.6       -.7      43.9
       -.4      22.2        .4      18.9
        .2      16.7        .9      13.3
        .2      16.1        .8      12.2
 53065  -.594996  -.764995  -.246498
 108027.8  13385.0      8.6     43.3    -14.2     28.9
      8.6     86.6    -14.2     57.7  65839.6  67274.6
      -9.1      51.7      -2.9      40.7
       -.2      22.0        .5      20.7
        .3      16.9        .8      14.5
        .2      15.6        .8      12.8
