CMSSW:newR12@-300V,3.8T@20d,263K,rhe=0.7503[mu=.058],rhh=0.7,0.00/0.00          
    60   1  3.80  28   3  29   4  300.00  263.00     .00 1.00000  1000.0   24.98  -12.61  156.  101.  300.  1000.0   12.49   -6.30    1.50    1.00     .85
 54281  -.102605   .947125  -.304016
  91461.1  14199.6     12.5     45.0     -6.3      5.0
     12.5     89.9     -6.4     34.0  54252.7  55491.1
       8.8      50.6      -9.2      70.6
        .2      24.0       -.5      18.5
        .1      18.1        .1       4.9
       -.1      16.9        .2       3.6
 54282  -.110854   .937992  -.328456
  84639.0  14231.1     12.5     45.0     -6.3      5.1
     12.5     89.9     -6.4     34.1  49699.1  50957.9
       7.0      46.4      -9.0      67.6
        .4      24.2       -.6      18.7
        .1      20.2        .1       5.2
        .4      19.2        .1       3.6
 54283  -.120429   .926376  -.356827
  78127.6  14473.2     12.5     45.0     -6.2      5.4
     12.5     89.9     -6.2     34.3  44996.9  46173.8
      12.2      53.0      -7.2      71.1
        .3      23.9       -.2      16.9
        .0      17.9        .1       5.0
        .0      16.5        .1       3.8
 54284  -.131638   .911340  -.390039
  71244.9  14624.6     12.5     45.0     -6.1      5.6
     12.5     89.9     -6.2     34.3  40795.0  42274.0
      10.2      51.4      -7.6      62.8
        .3      24.3       -.2      15.1
        .1      19.8        .2       5.2
        .0      18.8        .1       3.9
 54285  -.144868   .891497  -.429240
  64873.0  14941.2     12.5     45.0     -6.1      5.8
     12.5     89.9     -6.1     34.8  36810.8  37848.2
      11.3      53.1      -7.6      66.8
        .4      23.3       -.2      13.4
        .1      17.3        .1       5.4
       -.1      15.9        .2       4.1
 54286  -.160596   .864746  -.475840
  58589.2  15429.6     12.5     45.0     -6.2      6.0
     12.5     89.9     -6.4     34.9  32666.6  33763.7
       7.1      51.9      -5.5      57.9
        .0      23.6       -.1      12.6
        .0      19.0        .1       5.5
        .6      18.3        .0       4.3
 54287  -.179372   .827867  -.531471
  52497.3  16148.8     12.5     45.0     -6.3      6.3
     12.5     89.9     -6.2     35.0  28869.8  29703.5
       8.9      52.7      -6.5      56.5
        .5      22.5       -.4      11.1
        .3      16.1        .1       5.5
        .0      15.0        .2       4.4
 54288  -.201734   .775900  -.597731
  46779.3  17218.7     12.5     45.0     -6.3      6.8
     12.3     10.2     -6.1     35.5  25043.8  25851.5
       8.1      53.9      -7.1      53.9
        .5      23.2       -.3      11.2
        .0      17.8        .2       5.9
       -.1      17.0        .2       4.7
 54289  -.227941   .701357  -.675382
  41580.0  19158.1     12.5     45.0     -6.2      7.2
     12.3     18.7     -6.2     35.9  21588.5  22359.9
       5.3      60.4      -6.1      51.5
        .0      28.1       -.1      10.1
       -.1      18.5        .2       6.2
       -.2      15.1        .2       4.9
 54290  -.257304   .593776  -.762381
  36969.0  23139.5     12.5     45.0     -6.1      7.6
     11.9     38.4     -6.1     36.2  18574.3  19348.0
       5.9      56.1      -3.2      45.6
       -.2      24.4        .0      10.3
        .2      15.9        .1       6.2
        .0      12.8        .1       5.2
 54291  -.286935   .441438  -.850177
  33364.8  26605.2     12.3     13.5     -6.2      7.9
     12.4     58.0     -6.3     36.7  16552.2  17123.3
       5.1      51.4      -6.8      45.9
        .0      14.5       -.2      10.1
        .0       9.5        .2       6.4
       -.1       7.8        .1       5.4
 54292  -.310522   .238863  -.920066
  30800.8  24783.6     12.2     31.9     -6.1      8.2
     12.3     76.7     -6.2     37.0  15014.6  15640.1
       3.1      58.4      -6.1      42.3
        .0       7.6       -.4      10.2
       -.1       5.0        .2       6.6
       -.1       5.0        .2       5.5
 54293  -.319779   .000000  -.947492
  29804.8  23924.5     12.5     39.3     -6.2      8.4
     12.5     84.0     -6.2     37.1  14789.9  15306.5
       -.2      67.4      -2.2      43.5
       -.1       7.0        .0      10.3
       -.1       5.0        .1       6.5
       -.1       5.0        .1       5.5
 54294  -.317387  -.122072  -.940406
  29932.0  24003.3     12.3     30.3     -6.2      8.4
     12.3     75.1     -6.2     37.0  14558.8  15052.6
      -3.0      56.3      -2.9      42.5
       -.3       8.0       -.2       9.9
       -.3       5.0        .1       6.6
       -.1       5.0        .2       5.6
 54295  -.310522  -.238863  -.920066
  30540.1  24423.5     12.2     21.1     -6.1      8.5
     12.3     65.7     -6.3     37.2  15192.1  15666.9
      -7.3      48.5       -.5      40.1
        .0      11.7        .2      10.0
       -.2       7.6        .1       6.6
       -.2       6.2        .1       5.5
 54296  -.300008  -.346163  -.888913
  31612.6  24788.6     12.6     12.2     -6.0      8.2
     12.6     56.3     -6.1     36.9  15526.4  16121.6
      -5.3      49.7      -2.0      44.1
       -.5      16.0       -.2      10.0
       -.1      10.3        .2       6.6
       -.2       8.5        .1       5.5
 54297  -.286935  -.441438  -.850177
  33033.9  23054.4     12.4      6.2     -6.3      8.1
     11.6     46.5     -6.2     36.8  16316.8  16885.3
      -4.9      51.7       -.9      44.7
       -.3      20.1       -.1      10.1
        .0      12.7        .1       6.3
       -.1      10.9        .1       5.5
 54298  -.272394  -.523834  -.807093
  34674.8  20823.9     12.5     45.0     -5.9      7.9
     12.8     37.0     -6.0     36.7  17631.4  18251.3
      -7.1      56.6       -.9      45.9
       -.3      25.7        .0      10.0
       -.1      17.0        .1       6.3
       -.1      13.5        .2       5.2
 54299  -.257304  -.593776  -.762381
  36628.2  18961.9     12.5     45.0     -6.3      7.7
     12.4     27.2     -6.4     36.3  18755.1  19224.5
      -5.1      61.0      -1.6      46.5
        .2      28.4        .1       9.8
       -.2      18.6        .1       6.1
        .0      15.4        .2       5.1
 54300  -.227941  -.701357  -.675382
  41351.7  16656.2     12.5     45.0     -6.1      7.1
     12.4     10.1     -6.1     35.8  21374.8  22164.2
      -6.7      53.1       -.9      45.7
       -.9      25.3       -.1      10.2
        .1      18.0        .1       5.8
       -.3      16.3        .2       4.8
 54301  -.201734  -.775900  -.597731
  46714.6  15333.0     12.5     45.0     -6.2      6.7
     12.5     89.9     -6.2     35.4  24898.3  25707.1
      -8.4      53.5      -2.5      51.5
       -.6      23.6       -.1      11.0
       -.1      18.0        .1       5.6
        .0      17.3        .1       4.7
 54302  -.179372  -.827867  -.531471
  52438.1  14614.9     12.5     45.0     -6.2      6.4
     12.5     89.9     -6.4     35.2  28344.1  29439.6
      -8.3      50.6       1.3      59.4
       -.6      22.8        .1      11.1
       -.1      17.4        .2       5.5
       -.3      15.5        .2       4.4
 54303  -.160596  -.864746  -.475840
  58361.4  14134.1     12.5     45.0     -6.1      6.0
     12.5     89.9     -6.0     34.7  32335.5  33494.6
      -8.4      53.7       -.4      60.6
       -.7      24.0        .1      12.7
        .0      19.2        .2       5.4
        .2      18.4        .2       4.2
 54304  -.144868  -.891497  -.429240
  64834.8  13915.6     12.5     45.0     -6.2      5.7
     12.5     89.9     -5.8     34.7  37287.1  38150.6
      -9.1      53.6       4.2      65.5
       -.2      23.2        .0      12.9
        .0      18.0        .1       5.1
        .2      16.4        .2       4.1
 54305  -.131638  -.911340  -.390039
  71038.1  13765.6     12.5     45.0     -6.2      5.6
     12.5     89.9     -6.3     34.4  40613.0  41640.2
      -8.9      53.6       1.7      67.6
       -.1      24.4        .3      14.9
        .0      19.7        .1       5.0
        .1      18.9        .1       3.9
 54306  -.120429  -.926376  -.356827
  77889.9  13621.3     12.5     45.0     -6.2      5.4
     12.5     89.9     -6.6     34.2  45287.0  46628.9
      -9.3      51.3       1.8      67.8
       -.9      23.7        .2      16.5
        .0      18.4        .2       5.1
        .4      16.6        .2       3.7
 54307  -.110854  -.937992  -.328456
  84663.0  13525.4     12.5     45.0     -6.1     10.7
     12.5     89.9     -6.3     34.0  49565.3  51005.7
     -10.6      52.6       3.1      77.0
       -.7      24.7        .0      17.4
        .1      20.1        .2       5.4
        .0      19.6        .1       3.6
 54308  -.102605  -.947125  -.304016
  91432.2  13461.8     12.5     45.0     -6.2      5.1
     12.5     89.9     -6.1     33.8  53187.4  55545.5
      -7.2      46.8       2.1      76.1
       -.5      23.5        .4      20.1
       -.3      18.4        .2       5.1
       -.1      16.9        .1       3.6
 54309   .858414  -.066032  -.508690
  54615.1   9529.4     12.7     28.8     -6.3     29.2
     12.6     73.4     -6.3     58.5  30343.2  31482.7
       3.1      66.8       5.1      42.1
       -.2      11.8        .5      23.7
       -.1       5.0        .1      17.4
        .0       5.0        .1      15.7
 54310   .833089  -.071204  -.548536
  50664.9   9743.0     12.6     28.8     -6.3     29.2
     12.6     73.7     -6.3     58.5  27710.0  28788.3
       5.5      66.7       6.6      41.0
       -.2      10.6        .5      21.8
       -.1       5.0        .3      16.0
       -.1       5.0        .1      14.5
 54311   .801169  -.077035  -.593459
  46569.6   9928.5     12.3     29.0     -6.3     29.2
     12.3     73.7     -6.3     58.5  25453.9  26128.7
        .0      62.8       6.3      42.7
        .3       9.4        .1      22.5
       -.1       5.0        .1      16.5
        .0       5.0        .1      15.2
 54312   .760563  -.083578  -.643863
  43043.9  10407.6     12.1     29.2     -6.3     29.2
     12.1     74.0     -6.3     58.5  23189.7  23950.4
       3.5      59.8       5.9      43.4
       -.4       9.8        .8      21.7
       -.2       5.0        .0      15.2
        .0       5.0        .0      13.5
 54313   .708543  -.090839  -.699796
  39670.6  11082.0     12.5     29.5     -6.3     29.2
     12.5     74.1     -6.3     58.5  20918.5  21552.1
       1.7      60.0       5.1      43.8
       -.1       8.7        .3      21.7
        .0       5.0        .4      15.1
       -.1       5.0        .4      13.7
 54314   .641721  -.098726  -.760558
  36475.1  12089.7     12.2     29.9     -6.3     29.2
     12.3     74.5     -6.4     10.0  18736.1  19275.1
       1.1      59.6       6.3      43.9
       -.2       8.7        .9      20.2
       -.2       5.0        .6      13.8
       -.1       5.0        .0      12.3
 54315   .556263  -.106973  -.824093
  33754.7  13721.1     12.1     29.7     -6.3     29.2
     12.1     74.6     -6.4      8.8  16620.7  17322.9
       -.7      55.1       5.9      41.2
       -.5       8.3        .4      18.8
       -.1       5.0        .1      13.3
        .0       5.0        .1      11.8
 54316   .448670  -.115043  -.886262
  31430.5  16511.2     12.3     30.1     -6.3     29.2
     12.4     74.8     -6.1     19.7  15509.0  16194.4
        .4      57.4       4.3      42.5
       -.3       8.5        .4      17.6
       -.2       5.0        .2      11.6
        .1       5.0        .1       9.9
 54317   .317387  -.122072  -.940406
  29777.6  21664.3     12.5     30.2     -6.2      4.7
     12.4     74.9     -6.2     31.8  14438.9  14866.2
       -.1      57.0       2.5      38.4
       -.3       8.1        .5      12.5
       -.1       5.0        .1       8.3
       -.1       5.0        .0       6.9
 54318   .165051  -.126962  -.978079
  28964.9  24066.7     12.4     30.4     -6.2     14.7
     12.4     75.1     -6.1     43.8  13779.7  14387.4
       -.6      54.4       3.9      44.3
       -.2       8.2        .3       7.9
        .0       5.0        .2       4.6
        .0       5.0        .1       3.9
 54319   .000000  -.128728  -.991680
  28782.9  23695.3     12.0     30.2     -6.3     26.3
     12.0     75.0     -6.3     55.4  13869.4  14330.5
      -1.1      51.8      -2.6      59.8
       -.2       8.1        .5       8.7
       -.1       5.0        .2       3.0
        .0       5.0        .2       3.0
 54320  -.083382  -.128279  -.988227
  28969.6  23823.0     12.9     30.3     -6.4     25.8
     12.7     74.9     -6.4     54.9  13732.8  14286.8
      -2.6      53.4      -2.1      68.4
       -.4       8.3        .2      11.9
       -.1       5.1        .2       3.0
        .0       5.0        .1       3.0
 54321  -.165051  -.126962  -.978079
  29120.5  24022.5     12.7     30.3     -5.8     19.9
     12.7     75.0     -5.9     49.0  13848.3  14308.0
      -2.2      56.3      -3.4      54.8
       -.2       7.7        .1       5.5
       -.1       5.0        .1       3.1
       -.1       5.0        .2       3.0
 54322  -.243466  -.124854  -.961840
  29612.0  24358.1     12.3     30.2     -6.2     14.2
     12.2     75.0     -6.1     43.1  14304.4  14809.5
      -2.0      58.3      -1.5      45.0
       -.3       8.0       -.1       7.9
       -.1       5.0        .1       4.7
       -.1       5.0        .2       4.0
 54323  -.317387  -.122072  -.940406
  30131.2  24032.3     12.2     30.2     -6.2      8.4
     12.2     74.9     -6.2     37.1  14723.7  15112.9
      -4.9      57.0      -2.8      45.3
       -.4       8.7        .0      10.3
       -.1       5.0        .2       6.7
       -.2       5.0        .1       5.5
 54324  -.385950  -.118754  -.914844
  30803.1  22019.8     12.3     30.2     -6.2      4.2
     12.3     75.0     -6.1     31.0  15017.0  15496.3
       -.6      61.0      -4.1      42.4
       -.4       7.9       -.3      12.5
       -.1       5.0        .1       8.3
       -.1       5.0        .0       7.0
 54325  -.448670  -.115043  -.886262
  31795.6  19312.8     12.7     29.9     -6.3     29.2
     12.6     74.7     -6.1     25.0  15630.1  16168.3
      -2.8      58.6      -2.4      41.1
       -.4       7.7       -.2      15.7
       -.3       5.0        .2      10.4
       -.1       5.0        .1       8.5
 54326  -.505401  -.111077  -.855705
  32665.8  16949.7     12.2     29.9     -6.3     29.2
     12.2     74.7     -6.4     18.8  16256.4  16926.1
      -5.9      58.7      -3.3      42.8
       -.3       7.9       -.1      17.7
       -.1       5.0        .0      11.7
        .0       5.0        .3       9.7
 54327  -.556263  -.106973  -.824093
  33962.6  15311.9     12.4     29.8     -6.3     29.2
     12.4     74.6     -6.0     13.1  17304.9  17880.0
      -3.7      57.7      -3.8      44.1
       -.2       9.2       -.2      18.5
       -.2       5.0       -.2      12.4
       -.1       5.0        .0      10.7
 54328  -.641721  -.098726  -.760558
  36532.5  13305.2     12.3     29.5     -6.3     29.2
     12.3     74.4     -6.0      6.2  18589.5  19275.6
      -7.6      62.0      -6.7      43.7
       -.4       9.1       -.2      18.0
       -.1       5.0       -.2      12.5
       -.1       5.0        .2      10.8
 54329  -.708543  -.090839  -.699796
  39610.0  11886.8     12.7     29.3     -6.3     29.2
     12.5     74.3     -6.3     58.5  20815.2  21509.5
      -5.7      63.3      -5.7      45.2
       -.2       8.6        .4      21.2
       -.3       5.0       -.1      14.8
        .0       5.0        .1      12.8
 54330  -.760563  -.083578  -.643863
  43028.5  11161.2     12.5     29.4     -6.3     29.2
     12.5     74.0     -6.3     58.5  22745.7  23676.7
      -5.7      59.0      -6.0      43.4
       -.7       9.6       -.1      19.6
        .0       5.0        .3      14.3
       -.1       5.0        .0      13.0
 54331  -.801169  -.077035  -.593459
  46837.0  10571.6     12.4     29.2     -6.3     29.2
     12.3     73.7     -6.3     58.5  25299.0  26278.9
      -8.5      62.7      -8.3      45.5
       -.8      10.6       -.2      22.3
       -.1       5.0        .2      15.8
        .0       5.0        .1      14.2
 54332  -.833089  -.071204  -.548536
  50705.7  10216.1     12.3     28.9     -6.3     29.2
     12.4     73.5     -6.3     58.5  27387.8  28481.3
      -4.7      66.7      -7.7      43.2
       -.5      10.8       -.3      20.9
       -.1       5.0        .0      15.3
        .0       5.0        .3      14.2
 54333  -.858414  -.066032  -.508690
  54654.2   9925.6     12.4     28.5     -6.3     29.2
     12.3     73.4     -6.3     58.5  30319.4  31465.9
      -8.1      68.2      -4.9      41.8
       -.1      11.8       -.5      23.0
       -.1       5.0        .0      16.3
       -.1       5.0        .1      14.7
 54334  -.878712  -.061448  -.473380
  58638.8   9691.5     12.6     28.7     -6.3     29.2
     12.5     73.4     -6.3     58.5  33582.2  34246.8
      -6.3      70.5      -6.8      42.2
       -.7      12.2       -.2      21.3
       -.2       5.0       -.1      16.1
        .0       5.0        .3      15.1
 54335  -.895153  -.057381  -.442051
  62796.5   9566.5     12.5     28.5     -6.3     29.2
     12.4     73.1     -6.3     58.5  35732.9  36710.2
      -6.4      69.8      -7.3      40.6
      -1.2      13.7        .0      22.8
       -.1       5.0        .1      17.2
        .0       5.0        .2      15.6
 54336  -.908606  -.053764  -.414179
  67127.0   9422.9     12.6     28.5     -6.3     29.2
     12.6     72.9     -6.3     58.5  39152.6  40253.9
      -4.8      69.2      -5.6      38.4
       -.5      14.6        .0      22.3
       -.1       5.0        .1      16.9
       -.1       5.0        .2      15.5
 54337  -.919723  -.050534  -.389301
  71383.0   9306.7     12.4     28.9     -6.3     29.2
     12.4     73.1     -6.3     58.5  41618.5  42708.3
      -4.9      74.7      -6.8      40.0
       -.9      16.0        .0      23.3
       -.1       5.0       -.1      17.7
       -.1       5.0        .0      15.7
 54338   .799569  -.369032  -.473819
  58529.8  10169.8     12.5     45.0     -6.3     29.2
     12.4     23.5     -6.3     58.5  32599.1  33615.1
       -.4      63.3       7.5      43.0
        .0      26.1        .2      22.7
        .3      17.2       -.1      17.3
       -.1      14.5        .1      15.7
 54339   .767751  -.393718  -.505515
  55000.4  10561.5     12.5     45.0     -6.3     29.2
     12.3     23.9     -6.3     58.5  30451.2  31324.7
      -2.9      64.2       9.1      44.5
       -.7      26.8        .9      22.0
       -.1      17.4        .1      15.9
        .1      14.6        .2      14.1
 54340   .729027  -.420592  -.540020
  51397.0  10979.9     12.5     45.0     -6.3     29.2
     12.6     24.3     -6.3     58.5  27779.5  28923.5
       -.5      62.5       7.6      46.7
       -.4      27.5        .5      21.8
        .0      17.5        .1      16.2
       -.3      14.8        .5      14.6
 54341   .681773  -.449520  -.577163
  48006.3  11679.3     12.5     45.0     -6.3     29.2
     12.6     25.0     -6.3     58.5  25932.1  26697.1
      -3.1      60.8       6.2      42.5
       -.2      27.1        .4      20.9
        .0      17.7        .3      14.8
        .0      14.9        .0      13.2
 54342   .624126  -.480096  -.616421
  45057.5  12620.7     12.5     45.0     -6.3     29.2
     12.0     25.6     -6.3     58.5  23549.4  24310.7
      -3.8      60.2       7.6      45.3
       -.7      28.2        .5      20.5
       -.3      17.9        .2      14.6
       -.2      15.0        .2      13.1
 54343   .554127  -.511501  -.656743
  42262.2  14029.2     12.5     45.0     -6.3     29.2
     12.1     26.0     -6.3     58.5  22474.2  23150.9
      -3.9      60.1       6.0      45.7
       -.1      28.3        .3      20.1
       -.1      18.1        .1      13.1
        .0      15.3        .0      11.6
 54344   .470041  -.542354  -.696357
  39918.2  16056.5     12.5     45.0     -6.3     29.2
     12.5     26.7     -6.1      7.9  20312.0  21360.5
      -3.5      60.7       5.1      42.9
       -.6      28.1        .5      17.7
       -.3      18.6        .2      11.9
       -.1      15.3        .3      10.5
 54345   .370913  -.570634  -.732667
  38000.1  18463.1     12.5     45.0     -6.3     29.2
     12.4     27.2     -6.1     18.4  19496.5  20228.0
      -4.2      60.4       6.2      45.1
        .1      28.3        .4      17.0
       -.4      18.5        .2      10.9
       -.1      15.6        .2       9.3
 54346   .257304  -.593776  -.762381
  36813.8  18869.8     12.5     45.0     -6.2      3.9
     12.4     27.5     -6.1     30.9  18512.5  19256.3
      -4.9      62.2       4.4      45.4
       -.9      28.7        .5      12.7
        .2      19.3       -.1       8.1
       -.1      15.7        .3       6.6
 54347   .131970  -.609091  -.782044
  35908.8  18483.9     12.5     45.0     -6.0     14.1
     12.3     27.5     -6.0     43.2  18192.7  18956.4
      -6.3      61.2       4.5      55.6
       -.6      29.2        .4       9.0
        .1      18.9        .1       4.4
        .0      15.7        .1       3.7
 54348   .000000  -.614465  -.788944
  35773.5  18405.5     12.5     45.0     -6.1     26.0
     12.4     27.3     -6.1     55.1  18099.6  18706.5
      -4.6      63.0       1.7      74.7
       -.7      28.8        .0      14.2
        .0      19.1        .2       3.0
       -.1      15.5        .2       3.0
 54349  -.066420  -.613108  -.787202
  35702.5  18306.8     12.5     45.0     -6.3     25.7
     12.3     27.2     -6.3     54.7  17917.7  18777.0
      -5.8      60.7       1.4      73.2
       -.9      28.8        .0      12.3
       -.5      19.0        .2       3.0
        .0      15.5        .2       3.0
 54350  -.131970  -.609091  -.782044
  35769.2  18489.5     12.5     45.0     -6.3     19.7
     12.4     27.2     -6.3     48.8  18248.2  18855.9
      -7.1      60.2       3.0      62.2
       -.5      28.8        .0       7.9
       -.2      19.0        .2       3.0
        .0      15.2        .1       3.0
 54351  -.195835  -.602567  -.773668
  36089.1  18663.4     12.5     45.0     -6.2     13.6
     12.2     27.2     -6.3     42.5  18071.4  18860.3
      -7.1      60.5        .6      50.5
      -1.2      28.7       -.1       8.3
        .0      18.9        .0       4.5
        .0      15.7        .1       3.8
 54352  -.257304  -.593776  -.762381
  36681.2  19005.8     12.5     45.0     -6.3      7.7
     12.3     27.3     -6.3     36.4  18425.8  19250.3
      -5.8      60.7      -2.1      44.5
       -.2      28.8       -.2      10.4
        .4      19.0        .3       6.1
       -.3      15.6        .1       5.2
 54353  -.315803  -.583020  -.748570
  37376.3  19051.6     12.5     45.0     -6.1      3.8
     12.3     27.2     -6.1     30.0  18838.7  19615.9
      -7.9      60.5       -.4      44.0
       -.1      28.6       -.1      12.4
       -.3      18.6        .1       7.9
       -.2      15.5        .0       6.6
 54354  -.370913  -.570634  -.732667
  38145.1  18822.4     12.5     45.0     -6.3     29.2
     12.4     27.0     -6.2     24.0  19424.7  20090.1
      -6.5      60.9      -2.7      45.8
       -.8      28.6       -.1      15.2
        .0      18.7        .3       9.7
        .0      15.7        .1       8.0
 54355  -.422367  -.556966  -.715119
  39081.8  17790.3     12.5     45.0     -6.3     29.2
     12.1     26.7     -6.2     17.7  19825.0  20801.5
      -5.7      61.3      -1.8      44.6
      -1.0      28.4       -.3      16.9
       -.1      18.7        .2      10.9
        .2      15.5        .3       9.1
 54356  -.470041  -.542354  -.696357
  39969.9  17127.9     12.5     45.0     -6.3     29.2
     12.2     26.8     -6.1     11.8  20831.0  21571.5
      -9.1      59.2      -2.5      44.2
       -.4      28.4       -.1      17.6
       -.4      18.3        .0      11.4
       -.4      15.1       -.1       9.9
 54357  -.554127  -.511501  -.656743
  42355.0  15341.6     12.5     45.0     -6.3     29.2
     12.2     26.0     -6.7      7.8  22172.3  22897.2
      -7.1      61.7      -4.5      45.2
       -.1      28.2       -.1      17.9
       -.5      18.2       -.1      11.9
        .0      15.2        .2      10.4
 54358  -.624126  -.480096  -.616421
  45083.0  13535.2     12.5     45.0     -6.3     29.2
     12.4     25.8     -6.3     58.5  23802.3  24612.4
      -8.3      59.4      -3.8      44.2
       -.8      27.6       -.3      20.0
       -.1      18.2        .0      14.0
        .1      15.0        .2      12.3
 54359  -.681773  -.449520  -.577163
  47929.8  12469.5     12.5     45.0     -6.3     29.2
     12.1     24.9     -6.3     58.5  25554.7  26635.0
      -7.9      59.4      -5.7      43.2
      -1.0      27.1       -.3      18.9
       -.1      17.9        .2      13.5
        .0      14.9        .2      12.1
 54360  -.729027  -.420592  -.540020
  51336.5  11693.3     12.5     45.0     -6.3     29.2
     12.2     24.3     -6.3     58.5  28427.0  29101.7
      -8.5      61.0      -6.6      44.7
       -.7      27.2       -.2      21.5
       -.3      17.5       -.1      15.4
       -.1      14.5        .1      13.7
 54361  -.767751  -.393718  -.505515
  54716.9  11063.0     12.5     45.0     -6.3     29.2
     12.5     23.9     -6.3     58.5  30559.8  31252.9
      -9.3      64.7      -7.9      40.7
       -.2      26.7        .3      20.5
        .0      17.3        .4      15.1
        .0      14.5        .3      13.8
 54362  -.799569  -.369032  -.473819
  58378.5  10680.4     12.5     45.0     -6.3     29.2
     12.5     23.3     -6.3     58.5  32228.1  33617.6
      -9.1      64.6      -6.3      44.1
       -.3      26.7        .1      22.0
       -.3      17.4        .1      16.5
       -.2      14.2        .1      14.8
 54363  -.825835  -.346504  -.444894
  62045.0  10347.1     12.5     45.0     -6.3     29.2
     12.2     22.7     -6.3     58.5  35540.4  36535.5
      -8.4      61.9      -6.6      42.2
       -.6      26.0       -.2      21.0
        .0      17.0        .2      16.1
       -.1      14.3        .1      14.7
 54364  -.847642  -.326016  -.418589
  66237.3  10071.4     12.5     45.0     -6.3     29.2
     12.5     22.4     -6.3     58.5  38274.7  39228.1
      -9.0      62.1      -7.2      42.4
       -.8      26.1       -.4      23.1
        .1      16.8        .3      17.0
       -.1      14.1        .1      15.3
 54365  -.865862  -.307406  -.394695
  70189.5   9896.2     12.5     45.0     -6.3     29.2
     13.0     22.1     -6.3     58.5  40394.2  41620.2
      -6.5      60.4      -6.6      40.4
       -.3      25.9        .0      21.5
        .0      16.8        .1      16.8
       -.1      14.1        .2      15.4
 54366  -.881186  -.290500  -.372989
  74317.3   9763.1     12.5     45.0     -6.3     29.2
     12.5     21.6     -6.3     58.5  43528.2  44636.3
      -8.0      61.5      -5.6      40.1
       -.6      25.7        .1      23.0
       -.1      16.6        .4      17.6
        .1      14.1        .3      15.9
 54367   .458376  -.846232  -.271630
 102405.0  14643.4     12.5     45.0     -6.3     29.2
     12.5     89.9     -6.3     58.5  61567.7  63487.1
      -6.9      52.1      10.2      46.0
       -.2      22.7        .6      18.7
        .2      17.9        .0      12.9
        .0      16.7        .2      11.1
 54368   .421028  -.863646  -.277220
 100269.0  14696.9     12.5     45.0     -6.3     29.2
     12.5     89.9     -6.3     58.5  59668.7  61400.4
      -8.4      54.5      10.4      50.3
       -.6      22.6        .7      19.6
        .0      17.9        .1      12.4
        .2      16.6       -.1      10.8
 54369   .381409  -.880174  -.282525
  98256.6  14612.3     12.5     45.0     -6.3     29.2
     12.5     89.9     -6.3     58.5  58254.8  59987.5
      -5.2      49.6      10.4      51.8
       -.6      23.1        .9      18.1
       -.1      18.2        .5      11.2
        .0      16.7        .3       9.7
 54370   .339572  -.895574  -.287469
  96423.9  14198.5     12.5     45.0     -6.3     29.2
     12.5     89.9     -6.3     58.5  58039.1  59638.7
      -9.7      50.1      10.5      55.3
       -.2      23.1        .1      18.7
       -.2      18.2        .2      11.3
       -.1      16.7        .4       9.4
 54371   .295619  -.909595  -.291969
  94926.1  14035.4     12.5     45.0     -6.3     29.2
     12.5     89.9     -6.3     58.5  55978.9  57679.8
      -9.7      48.1       9.3      52.6
       -.5      23.6        .8      17.9
       -.1      18.0        .1       9.8
       -.1      16.9        .1       8.3
 54372   .249706  -.921988  -.295947
  93835.3  13867.3     12.5     45.0     -6.3     29.2
     12.5     89.9     -6.3     58.5  55794.9  57348.8
     -10.5      51.3      11.4      62.4
       -.9      23.3        .9      18.5
        .3      18.4        .0       9.8
        .0      16.9        .1       7.8
 54373   .202045  -.932514  -.299326
  92809.6  13761.5     12.5     45.0     -6.3     29.2
     12.5     89.9     -6.5      3.0  54773.0  56044.7
      -9.5      53.4      10.3      60.8
       -.2      23.3        .8      16.7
        .2      18.4        .1       8.1
        .1      16.9        .1       6.3
 54374   .152905  -.940954  -.302035
  91876.3  13582.4     12.5     45.0     -6.3     29.2
     12.5     89.9     -6.0     14.1  54318.4  56026.3
      -9.6      47.5       8.9      63.7
       -.7      23.3        .9      18.7
       -.2      18.3        .3       7.8
        .0      16.7        .1       6.1
 54375   .102605  -.947125  -.304016
  91279.7  13434.8     12.5     45.0     -6.3     29.2
     12.5     89.9     -6.1     27.8  53463.9  54792.1
     -11.3      52.6       8.5      70.4
       -.2      23.5        .7      16.7
        .0      18.8        .3       6.1
       -.3      16.9        .2       4.6
 54376   .051506  -.950887  -.305223
  91027.5  13480.0     12.5     45.0     -6.3     12.3
     12.5     89.9     -6.2     41.4  54003.5  55518.4
      -8.8      52.3      11.0      82.9
       -.7      23.2       1.5      23.9
        .2      18.2        .2       4.2
        .1      16.9        .2       3.0
 54377   .000000  -.952151  -.305629
  90953.9  13427.2     12.5     45.0     -6.2     25.7
     12.5     89.9     -6.1     54.4  52687.9  54485.2
      -9.1      52.3      11.5      99.0
       -.5      23.2       2.0      45.8
       -.1      18.3        .3       8.6
        .0      16.6        .2       3.4
 54378  -.025779  -.951834  -.305527
  90744.5  13379.6     12.5     45.0     -6.1     25.0
     12.5     89.9     -6.0     53.9  53144.5  55390.7
     -10.0      50.7       9.0      98.2
       -.8      23.6       1.5      45.4
       -.4      18.5        .5       8.0
        .1      16.7        .2       3.0
 54379  -.051506  -.950887  -.305223
  90908.4  13378.8     12.5     45.0     -6.2     18.5
     12.5     89.9     -6.2     47.4  53238.0  55224.7
      -8.9      48.7       3.5      87.9
       -.5      23.1       1.1      30.2
       -.2      18.5        .0       5.6
       -.2      16.5        .2       3.0
 54380  -.077132  -.949314  -.304719
  91264.5  13482.3     12.5     45.0     -6.4     11.7
     12.5     89.9     -6.3     40.7  53852.7  55488.9
      -9.6      49.9       5.2      79.4
       -.7      23.2        .4      23.2
       -.2      18.5        .2       4.6
        .0      16.8        .1       3.0
 54381  -.102605  -.947125  -.304016
  91350.3  13579.1     12.5     45.0     -6.2      5.0
     12.5     89.9     -6.2     34.1  54070.8  55331.2
      -9.0      50.2       2.8      76.9
       -.7      23.9        .5      19.3
        .0      18.7        .2       5.1
        .2      17.0        .1       3.5
 54382  -.127879  -.944333  -.303120
  91735.0  13557.8     12.5     45.0     -6.3     29.2
     12.5     89.9     -6.6     27.2  53953.6  55876.4
     -10.5      53.1       4.3      72.8
       -.5      23.6        .4      17.7
        .2      18.2        .3       6.1
        .2      17.0        .2       4.6
 54383  -.152905  -.940954  -.302035
  91881.2  13557.8     12.5     45.0     -6.3     29.2
     12.5     89.9     -6.1     20.3  54724.2  56250.2
     -11.9      50.5       3.9      68.8
       -.7      22.9        .3      17.8
       -.2      18.5        .1       7.2
        .0      16.8        .2       5.5
 54384  -.177641  -.937007  -.300768
  92217.2  13665.7     12.5     45.0     -6.3     29.2
     12.5     89.9     -6.1     13.6  54455.9  55903.8
      -9.6      52.7       4.2      70.2
       -.7      23.6        .4      18.7
        .0      18.3        .1       7.9
       -.1      16.7        .1       6.0
 54385  -.202045  -.932514  -.299326
  92659.8  13665.2     12.5     45.0     -6.3     29.2
     12.5     89.9     -6.2      7.0  54685.3  56298.8
      -9.0      51.6       3.9      65.3
       -.3      23.3       -.1      17.5
       -.2      18.4        .0       8.0
        .3      16.8        .2       6.3
 54386  -.249706  -.921988  -.295947
  93763.9  13801.9     12.5     45.0     -6.3     29.2
     12.5     89.9     -6.3     58.5  55285.0  57555.9
     -11.4      48.2      -2.0      59.7
       -.7      23.6        .1      19.6
       -.4      18.2        .1       9.2
        .0      16.7        .2       7.3
 54387  -.295619  -.909595  -.291969
  95196.8  14026.8     12.5     45.0     -6.3     29.2
     12.5     89.9     -6.3     58.5  56090.5  57893.6
      -9.9      51.4       1.6      58.9
       -.6      23.1       -.1      17.9
       -.1      18.5        .1      10.0
       -.2      16.9        .0       8.1
 54388  -.339572  -.895574  -.287469
  96713.9  14388.8     12.5     45.0     -6.3     29.2
     12.5     89.9     -6.3     58.5  57941.2  59635.4
     -10.3      52.9      -1.9      53.8
       -.6      23.3       -.1      18.0
       -.5      18.4        .0      10.5
        .0      16.9        .2       8.8
 54389  -.381409  -.880174  -.282525
  98193.5  14470.8     12.5     45.0     -6.3     29.2
     12.5     89.9     -6.3     58.5  58061.8  60078.1
      -9.6      47.4      -2.2      55.2
      -1.0      22.9       -.1      19.3
        .1      18.0        .2      11.3
        .0      16.5        .2       9.4
 54390  -.421028  -.863646  -.277220
 100067.2  14651.6     12.5     45.0     -6.3     29.2
     12.5     89.9     -6.3     58.5  59897.3  61301.2
      -8.3      47.1      -1.4      50.2
       -.9      23.6       -.2      18.0
       -.4      18.2        .0      11.7
       -.1      16.7        .2       9.8
 54391  -.458376  -.846232  -.271630
 102108.2  14778.2     12.5     45.0     -6.3     29.2
     12.5     89.9     -6.3     58.5  60404.4  62754.6
     -11.6      48.7      -3.9      49.3
       -.9      22.7       -.1      19.8
       -.1      17.8        .0      12.5
       -.1      16.6        .1      10.8
 54392  -.493445  -.828159  -.265829
 104272.6  14717.3     12.5     45.0     -6.3     29.2
     12.5     89.9     -6.3     58.5  63090.7  64506.8
      -8.7      53.7      -1.3      44.9
       -.6      23.1       -.1      18.8
       -.1      17.7        .1      12.3
       -.3      16.4        .1      10.6
 54393  -.526263  -.809634  -.259883
 106698.2  14735.0     12.5     45.0     -6.3     29.2
     12.5     89.9     -6.3     58.5  63954.5  65779.0
     -10.9      51.2      -3.5      43.0
       -.8      23.2       -.1      20.2
       -.1      17.6        .1      13.7
        .3      16.5        .4      12.1
 54394  -.556887  -.790845  -.253852
 109270.6  14639.5     12.5     45.0     -6.3     29.2
     12.5     89.9     -6.3     58.5  66299.2  67906.0
     -11.6      52.8      -3.3      42.2
       -.9      23.1       -.3      18.5
       -.3      17.7        .0      13.1
        .3      16.0        .3      11.7
 54395  -.585398  -.771952  -.247788
 111821.2  14153.3     12.5     45.0     -6.3     29.2
     12.5     89.9     -6.3     58.5  68029.1  69737.3
     -13.2      55.0      -3.1      39.8
       -.7      22.4       -.4      20.1
       -.2      17.2        .3      14.5
       -.3      16.0       -.1      13.3
