Dot1_150x100_prd2017clk:@-100V,3.8T@90d,253K,rh=1.10/0.7,0.0/0.0                
   801   1  3.80  60   5  29   0  100.00  253.00     .00  .89400   950.0    -.54  153.01  150.000  100.000  285.000   950.0    -.27   76.50    1.50    1.00     .85
 56801   .000000   .000000 -1.000000
  26363.4  13790.3      -.1     39.6     76.5     28.9
      -.1     82.7     75.8     19.5  12556.7  13083.7
       4.9      66.1       2.5      37.8
        .3       8.6       1.9      17.2
        .3       5.0       2.5      11.7
        .4       5.0       2.6      10.3
 56802   .000000  -.130455  -.991454
  26559.2  13894.9       .4     33.9     76.5     28.9
       .4     77.1     75.8     19.6  12622.0  13139.9
      -3.5      60.4       2.1      38.8
       -.1       5.7       2.0      16.7
        .0       5.0       2.7      11.4
       -.1       5.0       2.4      10.1
 56803   .000000  -.254493  -.967075
  27076.5  14242.2       .0     25.7     76.5     28.9
       .0     68.8     75.6     19.4  12830.0  13307.2
      -4.2      48.6       2.1      39.0
       -.2       8.4       2.0      16.6
        .0       5.3       2.5      11.5
       -.1       5.0       2.5      10.0
 56804   .000000  -.367167  -.930155
  28272.7  14833.6       .0     17.2     76.5     28.9
      -.1     59.8     75.7     19.1  13338.3  14104.2
      -5.3      48.7       1.5      40.8
        .3      12.1       2.5      16.7
        .0       8.1       2.3      11.4
       -.1       7.1       2.5      10.2
 56805   .000000  -.465746  -.884918
  29723.7  15575.8      -.3      9.4     76.5     28.9
      -.1     51.0     75.5     18.9  14533.1  15129.1
      -5.1      50.2       3.4      41.5
        .1      16.0       2.4      16.6
        .0      11.0       2.3      11.4
       -.1       9.0       2.3       9.9
 56806   .000000  -.549617  -.835417
  31316.8  16109.5       .2      7.9     76.5     28.9
      -.3     41.7     75.5     18.5  15267.8  15895.6
      -6.6      52.6       2.6      41.2
       -.3      21.3       2.0      16.1
        .0      13.8       2.4      10.8
       -.2      11.3       2.4       9.6
 56807   .000000  -.619644  -.784883
  33333.8  16335.5      -.3     43.3     76.5     28.9
      -.2     32.1     75.6     18.0  16800.8  17398.8
      -5.3      56.0        .7      42.0
       -.2      26.2       2.3      16.2
       -.1      17.6       2.2      10.8
        .0      14.3       2.5       9.2
 56808   .000000  -.677476  -.735545
  35719.5  16212.1      -.3     43.3     76.5     28.9
      -.3     22.9     75.5     17.5  17894.6  18602.9
     -10.6      58.6       3.3      45.6
       -.3      27.9       2.2      16.1
       -.4      18.6       2.2      10.4
        .0      15.4       2.4       9.0
 56809   .000000  -.724999  -.688749
  38211.4  16011.6      -.3     43.3     76.5     28.9
      -.2     14.4     75.6     17.1  19345.0  20300.4
      -8.0      55.5       2.4      48.5
       -.7      26.3       2.1      16.0
       -.2      17.7       2.3      10.3
       -.1      15.3       2.4       8.8
 56810   .000000  -.764030  -.645181
  40735.8  15394.5      -.3     43.3     76.5     28.9
     -1.1      9.7     75.8     16.6  20982.8  21872.5
      -9.2      53.0       1.2      47.0
       -.6      22.8       1.6      15.7
       -.2      17.4       2.3      10.0
       -.4      16.0       2.2       8.4
 56811   .000000  -.796162  -.605083
  43358.8  15027.5      -.3     43.3     76.5     28.9
      -.3     86.6     75.6     16.3  22699.1  23597.5
      -8.5      52.9       2.4      49.0
       -.6      23.4       2.0      15.4
       -.3      18.0       2.0       9.8
       -.3      17.2       2.0       8.2
 56812   .000000  -.822730  -.568432
  46245.0  14649.8      -.3     43.3     76.5     28.9
      -.3     86.6     75.8     15.8  24573.2  25251.8
      -9.2      52.4       1.3      50.0
       -.3      23.0       2.0      15.5
       -.4      17.3       2.1       9.5
       -.5      16.2       2.3       7.9
 56813   .000000  -.844819  -.535052
  49146.5  14320.5      -.3     43.3     76.5     28.9
      -.3     86.6     75.7     15.6  26133.4  27140.5
      -8.0      51.0       2.4      50.7
       -.5      21.6       2.0      15.2
       -.3      16.1       2.0       9.5
       -.5      14.7       2.1       8.0
 56814   .000000  -.863297  -.504697
  51822.4  14044.9      -.3     43.3     76.5     28.9
      -.3     86.6     75.7     15.4  27886.1  28913.9
      -7.9      50.6       2.1      49.2
       -.6      22.8       1.8      15.7
       -.4      17.4       2.1       9.1
       -.4      15.9       2.2       7.5
 56815   .000000  -.878853  -.477092
  55134.5  13890.2      -.3     43.3     76.5     28.9
      -.3     86.6     75.8     15.1  30035.4  31028.1
      -9.4      50.0       1.7      52.3
       -.6      23.7       1.8      15.1
       -.5      19.1       1.9       9.0
      -1.0      18.1       1.9       7.4
 56816   .000000  -.892036  -.451965
  58131.8  13672.4      -.3     43.3     76.5     28.9
      -.3     86.6     75.9     14.7  32072.6  32956.4
      -6.6      49.9       3.8      52.5
       -.8      23.4       1.8      16.0
       -.5      18.0       2.2       8.7
       -.3      17.3       2.2       7.4
 56817   .000000  -.903278  -.429057
  61184.2  13608.1      -.3     43.3     76.5     28.9
      -.3     86.6     75.9     14.8  34330.4  35516.7
      -9.0      49.0       2.7      56.5
       -.9      22.1       1.6      16.1
       -.2      16.6       2.0       8.6
       -.5      15.4       2.1       7.2
 56818   .000000  -.912924  -.408131
  64242.7  13537.7      -.3     43.3     76.5     28.9
      -.3     86.6     76.1     14.4  36000.0  36853.9
     -10.7      55.1        .5      57.6
       -.7      22.4       1.8      16.4
       -.7      18.2       1.9       8.6
       -.8      16.5       2.0       7.1
 56819   .000000  -.921250  -.388972
  67436.5  13454.7      -.3     43.3     76.5     28.9
      -.3     86.6     76.1     14.2  38319.9  39413.9
     -10.0      51.4       2.8      62.1
      -1.0      23.9       1.7      15.4
       -.2      19.6       2.0       8.6
       -.5      19.0       2.0       7.0
 56820   .000000  -.928477  -.371391
  70694.4  13331.5      -.3     43.3     76.5     28.9
      -.3     86.6     76.0     14.2  40279.3  41454.1
     -12.5      53.4       4.0      58.4
      -1.0      23.2       1.9      16.9
       -.5      18.6       2.0       8.4
       -.8      17.7       1.9       6.8
 56821   .000000  -.934784  -.355218
  74039.2  13370.9      -.3     43.3     76.5     28.9
      -.3     86.6     76.3     13.8  42052.5  43479.8
     -11.8      55.0       3.3      63.4
       -.4      22.0       1.9      16.9
       -.5      17.1       1.9       8.3
       -.5      15.5       1.9       6.6
 56822   .000000  -.940315  -.340305
  77206.5  13264.7      -.3     43.3     76.5     28.9
      -.3     86.6     76.5     13.7  44498.7  45903.9
     -12.7      55.4       4.5      64.5
       -.6      22.7       1.5      18.2
       -.4      18.4       2.2       8.1
       -.8      16.8       2.0       6.5
 56823   .000000  -.945190  -.326520
  80429.9  13277.3      -.3     43.3     76.5     28.9
      -.3     86.6     76.3     13.6  46929.5  48404.9
      -9.4      53.2        .0      66.0
       -.7      23.9       1.9      18.1
       -.8      20.1       1.9       8.5
       -.7      19.2       2.0       6.5
 56824   .000000  -.949506  -.313750
  83482.1  13188.9      -.3     43.3     76.5     28.9
      -.3     86.6     76.5     13.5  48865.9  50627.9
     -10.1      54.4       2.5      64.5
      -1.1      23.5       1.6      19.2
       -.3      19.0       1.9       8.2
       -.8      18.0       1.9       6.3
 56825   .000000  -.953342  -.301892
  86967.0  13138.5      -.3     43.3     76.5     28.9
      -.3     86.6     76.4     13.4  51319.9  52942.2
     -10.0      51.4       3.8      66.4
       -.6      22.0       1.8      19.3
       -.7      17.4       1.8       8.2
       -.7      15.9       1.9       6.3
 56826   .000000  -.956767  -.290857
  90516.2  13170.7      -.3     43.3     76.5     28.9
      -.3     86.6     76.5     13.3  53331.6  54561.9
     -10.4      50.1       4.4      68.9
       -.8      22.8       1.8      19.8
       -.6      18.4       1.9       7.9
       -.6      16.9       2.0       6.2
 56827   .000000  -.959834  -.280567
  93793.8  13162.0      -.3     43.3     76.5     28.9
      -.3     86.6     76.5     13.2  56112.1  57135.2
     -10.2      50.3       1.9      69.4
       -.9      24.8       2.0      20.0
       -.3      20.1       2.0       7.7
       -.9      19.4       2.1       6.3
 56828   .000000  -.962593  -.270952
  96982.8  13062.9      -.3     43.3     76.5     28.9
      -.3     86.6     76.6     13.0  57458.4  58412.6
     -10.3      52.2       7.1      73.4
      -1.0      23.7       1.9      20.3
       -.4      19.0       2.0       8.0
       -.5      18.2       2.1       6.2
 56829   .000000  -.965081  -.261951
 100375.6  13049.5      -.3     43.3     76.5     28.9
      -.3     86.6     76.7     12.9  59028.3  61150.4
     -10.3      47.3       2.4      76.2
      -1.0      22.6       1.9      20.9
       -.8      17.5       1.8       7.8
       -.9      16.0       2.0       6.1
 56830   .000000  -.967333  -.253508
 103840.0  13125.3      -.3     43.3     76.5     28.9
      -.3     86.6     76.7     12.9  62310.9  64104.3
     -10.5      52.1       4.6      79.7
       -.7      23.3       1.5      21.2
       -.4      18.4       1.9       8.2
       -.7      17.1       1.9       5.9
 56831   .000000  -.969377  -.245576
 107142.6  13137.4      -.3     43.3     76.5     28.9
      -.3     86.6     77.0     12.8  65006.0  66572.7
     -10.0      51.9       6.5      76.3
       -.8      24.4       2.0      22.1
       -.4      20.2       1.9       8.1
       -.9      19.4       1.9       6.0
 56832   .000000  -.971238  -.238110
 110609.9  13162.6      -.3     43.3     76.5     28.9
      -.3     86.6     76.9     12.7  66426.6  67819.8
     -10.5      50.8       3.5      80.1
      -1.2      24.5       1.3      24.1
       -.6      19.3       2.0       8.1
       -.9      18.1       1.8       6.4
 56833   .000000  -.972937  -.231072
 113937.6  13114.7      -.3     43.3     76.5     28.9
      -.3     86.6     76.9     12.7  67933.8  70029.1
     -11.0      51.2       2.8      81.4
      -1.7      23.1       1.7      23.5
       -.4      18.0       1.9       8.1
       -.8      16.3       1.9       6.0
 56834   .000000  -.974491  -.224428
 117180.5  13131.7      -.3     43.3     76.5     28.9
      -.3     86.6     76.8     12.6  70097.6  72312.0
     -11.2      50.3       3.4      80.1
      -1.3      23.6       2.1      23.3
       -.8      18.6       2.0       8.0
       -.9      17.3       2.0       5.9
 56835   .000000  -.975916  -.218146
 120309.0  13092.4      -.3     43.3     76.5     28.9
      -.3     86.6     77.1     12.6  73151.8  75108.6
     -10.9      50.4       2.6      81.8
      -1.4      24.8       2.0      25.3
       -.5      20.2       2.1       8.1
       -.7      19.5       1.9       5.8
 56836   .000000  -.977227  -.212198
 123688.1  13035.5      -.3     43.3     76.5     28.9
      -.3     86.6     77.1     12.4  75616.1  77947.6
     -11.0      53.1       2.9      81.9
      -1.3      24.7       2.2      25.2
       -.6      19.6       2.0       8.0
       -.8      18.6       2.0       5.7
 56837   .000000  -.978434  -.206558
 127336.9  13111.1      -.3     43.3     76.5     28.9
      -.3     86.6     77.2     12.3  77806.0  79637.8
     -10.4      52.8       4.5      85.5
      -1.7      23.3       1.7      26.0
      -1.0      17.7       1.9       8.6
       -.7      16.6       1.9       6.0
 56838   .000000  -.979549  -.201205
 130506.0  13016.3      -.3     43.3     76.5     28.9
      -.3     86.6     77.3     12.3  80480.0  82649.5
     -10.1      49.7       4.7      82.3
      -1.0      23.8       1.9      24.1
       -.4      18.5       2.1       8.9
       -.8      17.1       1.8       6.0
 56839   .000000  -.980581  -.196116
 133870.0  13109.3      -.3     43.3     76.5     28.9
      -.3     86.6     77.5     12.3  82952.9  85042.6
      -9.5      49.8       1.6      84.7
      -1.2      24.3       1.8      26.5
       -.8      20.3       2.0       8.3
       -.5      19.9       2.0       6.2
 56840   .000000  -.981537  -.191274
 137694.0  13242.3      -.3     43.3     76.5     28.9
      -.3     86.6     77.3     12.2  85144.0  87149.3
     -13.3      50.9       5.4      91.5
      -1.7      24.6       2.1      27.3
       -.3      19.5       2.0       8.0
       -.7      18.3       1.9       5.7
 56841   .000000  -.982424  -.186661
 140787.8  13104.7      -.3     43.3     76.5     28.9
      -.3     86.6     77.5     12.1  88381.0  90147.5
     -10.2      52.0       1.7      92.3
      -1.9      24.0       2.4      27.5
       -.7      17.9       2.0       8.4
       -.8      16.8       2.0       5.6
 56842   .000000  -.983250  -.182261
 144229.7  13033.0      -.3     43.3     76.5     28.9
      -.3     86.6     77.6     12.1  89443.8  91650.9
     -11.7      53.4       4.7      91.6
      -1.4      23.7       2.3      28.0
       -.7      18.7       1.9       8.6
       -.5      17.5       1.9       5.5
 56843   .000000  -.984020  -.178061
 147630.6  13138.4      -.3     43.3     76.5     28.9
      -.3     86.6     77.4     12.2  91245.9  93685.6
     -12.8      52.5       3.8      96.8
      -1.3      24.9       2.2      28.4
       -.6      20.3       1.9       8.6
       -.9      19.6       1.9       5.7
 56844   .000000  -.984737  -.174047
 151418.1  13046.5      -.3     43.3     76.5     28.9
      -.3     86.6     77.6     12.1  93089.4  96115.4
     -12.1      49.4       2.2      93.5
      -1.7      24.5       2.0      29.2
      -1.1      19.5       2.0       9.0
       -.6      18.5       1.9       5.6
 56845   .000000  -.985408  -.170207
 154627.0  13070.4      -.3     43.3     76.5     28.9
      -.3     86.6     77.5     12.0  96203.3  98800.3
     -10.4      50.8      -2.3      94.6
      -1.4      22.9       2.1      29.8
       -.5      17.6       2.0       9.5
       -.6      16.6       2.0       5.7
 56846   .000000  -.986036  -.166531
 158298.6  13084.5      -.3     43.3     76.5     28.9
      -.3     86.6     77.5     12.0  98896.7 101729.8
     -12.1      56.6       4.2      94.6
      -1.7      24.5       1.5      31.1
       -.4      18.5       2.0       9.8
       -.9      17.2       1.9       5.5
 56847   .000000  -.986625  -.163008
 161167.4  13158.5      -.3     43.3     76.5     28.9
      -.3     86.6     77.7     11.9 101166.2 103868.1
     -10.4      53.1       2.9      94.5
      -1.7      25.3       1.8      30.1
       -.5      20.4       2.0       9.6
       -.8      19.7       1.9       5.9
 56848   .000000  -.987696  -.156385
 168176.5  13100.2      -.3     43.3     76.5     28.9
      -.3     86.6     77.9     11.8 106869.4 109237.8
     -12.6      51.6       1.6      90.8
      -1.4      23.5       1.9      30.3
       -.4      17.7       2.2       9.7
       -.8      16.5       2.0       5.6
 56849   .000000  -.988644  -.150274
 175065.9  13091.1      -.3     43.3     76.5     28.9
      -.3     86.6     77.7     11.8 111519.6 113752.0
     -13.7      52.2       3.6     110.6
      -1.4      25.4       2.6      32.8
      -1.0      20.3       2.0       9.1
       -.7      20.2       2.0       5.5
 56850   .000000  -.989488  -.144617
 182231.0  13122.4      -.3     43.3     76.5     28.9
      -.3     86.6     77.8     11.7 116953.1 119479.4
     -11.8      51.7       1.7      98.6
      -1.9      23.8       1.6      34.0
       -.6      18.2       2.0      10.4
       -.4      16.6       2.0       5.4
 56851   .000000  -.990241  -.139367
 188894.9  13124.7      -.3     43.3     76.5     28.9
      -.3     86.6     77.7     11.7 120803.5 123952.1
     -13.7      57.5      11.3     104.1
      -1.6      25.8       2.5      34.3
       -.5      20.5       2.0      10.6
       -.9      19.7       2.0       6.1
 56852   .000000  -.990916  -.134481
 195763.4  13147.0      -.3     43.3     76.5     28.9
      -.3     86.6     78.1     11.6 124334.9 127410.2
     -14.9      52.0      11.4     103.0
      -1.6      24.5       2.5      37.1
       -.6      17.6       2.1      10.0
       -.9      16.6       2.0       5.9
 56853   .000000  -.991524  -.129924
 202540.1  13178.3      -.3     43.3     76.5     28.9
      -.3     86.6     78.0     11.5 129026.8 132579.1
     -10.8      55.1       2.9     103.2
      -1.6      25.8       1.4      36.4
       -.5      20.6       2.2      12.1
       -.8      20.0       1.9       6.1
 56854   .000000  -.992073  -.125663
 209906.5  13270.0      -.3     43.3     76.5     28.9
      -.3     86.6     77.9     11.5 135399.6 138189.9
     -11.5      50.0       4.3     108.9
      -2.0      24.6       2.5      38.8
       -.8      17.8       1.9      11.4
       -.7      17.1       1.8       7.0
 56855   .000000  -.992571  -.121670
 216465.9  13183.1      -.3     43.3     76.5     28.9
      -.3     86.6     77.9     11.4 139490.4 142987.4
     -15.0      49.6      -4.8     104.4
      -1.8      26.0       2.3      38.7
      -1.0      20.7       2.0      12.0
       -.8      19.7       2.0       5.6
 56856   .000000  -.993023  -.117921
 223237.0  13194.0      -.3     43.3     76.5     28.9
      -.3     86.6     78.4     11.3 145157.4 148181.7
      -8.3      46.3       9.6     116.3
      -1.4      23.4       2.0      38.8
       -.6      18.0       1.9      11.8
       -.6      16.8       2.0       6.2
 56857   .000000  -.993435  -.114396
 229770.9  13241.9      -.3     43.3     76.5     28.9
      -.3     86.6     78.2     11.3 151186.4 154161.1
     -12.8      50.5       4.9     111.8
      -1.8      25.4       2.3      39.6
       -.6      20.6       1.9      11.5
       -.4      19.7       2.0       6.6
 56858   .000000  -.993812  -.111073
 237188.5  13379.0      -.3     43.3     76.5     28.9
      -.3     86.6     78.2     11.3 153978.3 158127.0
      -9.5      44.3       5.7     120.7
      -2.1      23.6       1.7      40.7
       -.9      17.8       2.0      12.3
       -.9      16.8       1.9       6.1
 56859   .000000  -.994158  -.107937
 243999.4  13227.7      -.3     43.3     76.5     28.9
      -.3     86.6     78.1     11.3 158455.8 162821.6
      -5.2      43.8       5.5     115.3
      -2.0      25.2       2.7      41.8
       -.3      20.6       2.0      13.1
       -.8      19.9       2.0       7.5
 56860   .000000  -.994475  -.104972
 250860.6  13307.0      -.3     43.3     76.5     28.9
      -.3     86.6     78.2     11.2 164964.3 168456.4
      -6.4      37.8       5.3     117.4
      -2.0      23.1       2.6      42.6
       -.8      18.0       2.0      12.7
      -1.0      17.0       2.1       6.5
 56861   .903278   .000000  -.429057
  61399.6  13001.4      -.2     38.8     76.5     28.9
      -.2     81.7     76.5     57.7  34065.6  35476.5
       2.4      83.3      10.8      43.8
       -.3      26.6       1.1      20.0
        .3       5.8        .4      14.1
        .2       5.0       1.1      12.0
 56862   .887877   .000000  -.460082
  57626.9  13754.1       .2     38.7     76.5     28.9
       .2     81.8     76.5     57.7  31850.2  32751.3
       2.5      79.2      12.6      49.0
       -.2      26.6       2.1      21.8
        .5       6.8       1.5      15.2
        .0       5.0       1.7      12.6
 56863   .868777   .000000  -.495203
  53377.6  14618.0       .2     38.8     76.5     28.9
       .2     81.8     76.5     57.7  29511.8  30109.9
      -2.3      77.8       9.5      45.3
      -1.1      23.9       1.5      19.1
        .2       5.0       1.3      13.2
        .3       5.0       1.7      11.0
 56864   .844819   .000000  -.535052
  49540.4  15781.9       .4     38.8     76.5     28.9
       .4     81.9     76.5     57.7  27071.2  27978.6
       3.2      79.2      10.0      48.1
       1.7      20.4       2.3      19.7
        .2       5.0       1.8      13.5
        .2       5.0       2.5      11.7
 56865   .814421   .000000  -.580275
  46002.4  17493.7       .2     38.9     76.5     28.9
       .2     81.9     78.4      5.6  24594.4  25362.6
       -.4      73.9      11.4      48.2
       -.3      21.5       2.9      17.8
        .3       5.0       2.7      12.1
        .6       5.0       2.7       9.9
 56866   .775436   .000000  -.631426
  42399.2  20125.0      -.4     38.6     76.5     28.9
      -.3     81.8     75.6     11.1  22332.4  23134.7
      -4.2      74.8       9.7      50.8
        .5      17.9       3.3      17.1
        .4       5.0       3.9      11.9
        .1       5.0       3.9       9.9
 56867   .724999   .000000  -.688749
  39263.7  24614.2       .2     38.8     76.5     28.9
       .2     81.8     75.4     23.3  20086.9  20999.3
       3.9      79.7      12.6      54.4
        .2      14.0       4.1      15.4
        .1       5.0       4.0      10.1
        .3       5.0       4.2       8.3
 56868   .659438   .000000  -.751759
  35764.3  27613.1       .0     38.7     75.6      7.5
       .0     81.8     75.4     35.5  18624.7  19322.5
       3.0      70.6      12.8      59.0
        .6      12.7       3.4      10.5
        .3       5.0       3.3       7.1
        .3       5.0       3.7       6.0
 56869   .574426   .000000  -.818557
  32918.2  27445.7      -.2     38.4     75.7     18.6
      -.2     81.6     75.8     47.2  16672.1  17432.0
       3.4      71.1      12.9      64.8
        .2      13.3       2.9       8.1
        .2       5.0       3.3       3.9
        .4       5.0       3.5       3.4
 56870   .465746   .000000  -.884918
  30700.4  25325.0      -.2     38.8     79.6     22.3
      -.2     81.9     79.6     50.9  15501.9  16108.6
       4.8      66.7      11.4      74.5
        .6      12.8       2.7      13.1
        .4       5.0       3.3       6.5
        .2       5.0       2.8       5.3
 56871   .331088   .000000  -.943600
  28670.9  23274.5       .0     39.1     76.9     12.7
       .1     82.1     76.9     41.4  13780.2  14349.8
       -.4      67.8       7.7      58.2
        .5       8.5       1.7       8.3
        .2       5.7       1.7       5.4
        .3       5.0       1.9       4.9
 56872   .254493   .000000  -.967075
  27773.9  21218.3      -.1     39.1     76.3      7.7
      -.1     82.3     76.4     35.9  13441.2  13898.0
        .5      69.1       4.3      44.8
       -.2      11.7       1.5       9.6
        .0       5.0       2.1       6.8
        .4       5.0       2.4       5.9
 56873   .172799   .000000  -.984957
  27077.4  18502.0       .3     39.4     76.3      4.0
       .4     82.5     76.0     30.6  12954.1  13361.2
       7.3      68.1       2.7      40.1
        .6       9.3       1.7      11.6
        .0       5.0       2.1       8.3
        .3       5.0       2.1       7.6
 56874   .087384   .000000  -.996175
  26556.3  16124.7      -.1     39.4     77.1      5.0
      -.1     82.6     75.8     25.0  12701.4  13230.4
        .0      65.3       3.0      40.1
       -.2       8.6       2.1      14.3
        .3       5.0       2.6       9.9
        .2       5.0       2.5       8.6
 56875   .000000   .000000 -1.000000
  26345.7  13757.7       .3     39.6     76.5     28.9
       .2     82.7     75.7     19.5  12393.6  12912.8
       1.1      66.0       2.0      38.9
       -.3       7.1       2.0      16.7
        .6       5.0       2.4      11.8
        .3       5.0       2.8      10.1
 56876  -.087384   .000000  -.996175
  26247.0  12226.0       .1     39.7     76.5     28.9
       .1     82.9     75.6     14.5  12517.8  12858.4
        .9      68.2       1.4      37.7
       1.0       8.7       1.7      18.6
        .5       5.0       2.3      12.9
        .2       5.0       2.4      11.7
 56877  -.172799   .000000  -.984957
  26479.3  11056.5       .0     39.9     76.5     28.9
      -.1     83.0     75.9     10.2  12764.4  13124.0
      -3.6      64.1        .6      38.2
        .1       8.6       1.8      19.4
        .4       5.0       1.7      13.4
        .2       5.0       2.2      12.7
 56878  -.254493   .000000  -.967075
  26978.9  10090.6      -.1     39.8     76.5     28.9
      -.1     83.1     75.8      7.9  12696.4  13156.4
        .3      67.7        .7      38.1
        .1       7.7       1.9      19.1
        .3       5.0       1.4      13.7
        .2       5.0       1.4      13.1
 56879  -.331088   .000000  -.943600
  27494.2   9453.3       .1     39.9     76.5     28.9
       .1     83.1     76.0      8.7  13565.6  14021.1
       1.0      67.4      -1.3      41.5
        .2       9.2       1.1      21.1
       -.1       5.0       1.7      14.8
        .2       5.0       1.2      13.6
 56880  -.465746   .000000  -.884918
  29382.5   8491.3       .1     40.0     76.5     28.9
       .1     83.3     76.5     57.7  14614.7  15052.7
      -1.7      67.0       -.7      40.0
        .6      10.8        .4      22.9
        .4       5.0       1.0      17.2
        .5       5.0       1.2      15.7
 56881  -.574426   .000000  -.818557
  31685.7   7947.1       .1     40.0     76.5     28.9
       .0     83.3     76.5     57.7  15563.0  16287.5
       -.3      72.8      -3.1      40.9
        .2      13.2        .3      22.4
        .3       5.0        .6      16.9
        .4       5.0        .3      15.9
 56882  -.659438   .000000  -.751759
  34696.8   7709.8       .1     40.0     76.5     28.9
       .1     83.3     76.5     57.7  17959.1  18618.2
        .3      76.3      -4.2      43.1
        .1      14.4       -.4      24.8
        .2       5.0       -.2      18.4
        .5       5.0        .1      17.3
 56883  -.724999   .000000  -.688749
  37881.3   7465.2      -.1     40.1     76.5     28.9
       .0     83.3     76.5     57.7  19412.5  20158.9
        .4      74.5      -4.8      41.1
        .2      18.4       -.7      23.7
        .0       5.0       -.5      17.7
        .2       5.0       -.4      16.9
 56884  -.775436   .000000  -.631426
  41284.8   7399.4      -.4     40.2     76.5     28.9
      -.3     83.3     76.5     57.7  21384.1  22206.9
      -1.3      71.3      -4.8      40.7
       2.0      18.2       -.4      25.5
       -.1       5.0       -.9      19.3
        .2       5.0       -.6      17.9
 56885  -.814421   .000000  -.580275
  44914.5   7342.1      -.3     40.0     76.5     28.9
      -.2     83.1     76.5     57.7  23835.7  24555.4
        .7      78.3      -4.7      39.7
       -.4      19.6       -.8      23.6
        .7       5.0       -.8      18.4
        .1       5.0      -1.4      17.6
 56886  -.844819   .000000  -.535052
  48805.6   7298.7       .3     39.8     76.5     28.9
       .2     82.9     76.5     57.7  26137.8  27161.4
        .3      75.0      -6.5      42.6
        .0      21.9      -1.4      25.5
        .2       5.1       -.9      19.3
        .2       5.0      -1.5      18.1
 56887  -.868777   .000000  -.495203
  52913.5   7331.0       .2     39.6     76.5     28.9
       .1     82.7     76.5     57.7  29052.0  30034.1
      -2.4      79.2      -6.0      41.2
        .5      24.2      -1.4      23.9
       -.2       9.0      -1.0      18.8
        .0       5.0      -1.9      17.9
 56888  -.887877   .000000  -.460082
  56703.9   7332.5      -.2     39.8     76.5     28.9
      -.1     82.7     76.5     57.7  31058.5  32344.5
       1.6      77.8      -6.4      39.6
        .3      26.7      -1.2      24.8
        .3       6.3      -1.4      19.9
        .7       5.0      -1.9      18.6
 56889  -.903278   .000000  -.429057
  60775.9   7349.7      -.2     39.7     76.5     28.9
      -.2     82.6     76.5     57.7  33794.4  35004.5
       3.4      82.3      -5.6      37.3
        .1      27.4      -1.4      23.1
        .3       6.7      -1.4      18.8
        .3       5.0      -1.9      18.0
 56890   .840060  -.367526  -.399028
  65851.3  14062.5      -.3     43.3     76.5     28.9
       .1     17.3     76.5     57.7  37309.4  38594.3
      -6.4      57.7       7.5      45.5
       -.7      24.2        .8      19.7
       -.1      15.9        .4      13.8
        .0      13.4        .6      11.7
 56891   .817505  -.390173  -.423616
  62056.9  15027.5      -.3     43.3     76.5     28.9
      -.3     17.8     76.5     57.7  34948.1  35822.9
      -4.8      60.4      10.7      49.8
       -.5      24.5       1.4      21.2
       -.3      16.4       1.4      14.7
       -.3      13.4       1.3      12.3
 56892   .790440  -.414981  -.450551
  58543.9  15988.9      -.3     43.3     76.5     28.9
      -.3     18.2     76.5     57.7  32410.4  33328.9
      -4.5      60.2       9.7      51.3
       -.8      24.8       1.8      19.4
       -.2      16.5       1.1      13.0
       -.3      13.6       1.2      10.8
 56893   .757796  -.442047  -.479937
  55001.5  17806.3      -.3     43.3     76.5     28.9
      -.3     18.8     76.5     57.7  30064.1  31331.5
      -5.6      59.9      11.6      51.2
       -.2      25.2       2.1      20.0
       -.5      16.7       2.1      13.3
       -.4      13.8       2.4      11.0
 56894   .718269  -.471364  -.511767
  51769.2  19362.3      -.3     43.3     76.5     28.9
      -.3     19.1     79.0      6.6  28149.4  28879.8
      -5.7      60.1      11.7      53.4
        .0      25.3       2.3      17.7
       -.3      17.1       2.5      11.8
        .0      14.1       2.5       9.8
 56895   .670317  -.502738  -.545830
  48542.1  21315.6      -.3     43.3     76.5     28.9
      -.2     19.7     75.1     10.3  25889.7  26801.0
      -8.1      60.2      10.5      52.3
       -.4      26.0       3.1      17.4
       -.3      17.2       3.2      11.2
       -.2      14.2       3.2       9.3
 56896   .612205  -.535679  -.581595
  45643.6  22081.9      -.3     43.3     76.5     28.9
      -.6     20.3     74.9     22.5  24095.1  25172.0
      -8.1      59.2      11.5      53.5
        .1      25.7       3.8      15.4
       -.6      17.1       4.1       9.5
       -.3      14.2       3.8       7.8
 56897   .542159  -.569267  -.618061
  43121.2  21101.1      -.3     43.3     75.2      6.9
      -.5     20.8     75.0     35.0  22671.3  23501.5
      -6.7      58.6      10.3      56.7
       -.6      26.8       3.3      11.7
       -.4      17.8       3.3       6.8
       -.4      14.6       3.4       5.9
 56898   .458673  -.602008  -.653609
  40774.7  19903.0      -.3     43.3     75.3     18.2
      -.4     21.4     75.3     46.8  20863.8  21657.6
      -7.1      60.0      10.1      66.4
       -.5      26.3       2.9      10.6
       -.2      17.5       3.2       3.9
       -.6      14.6       3.4       3.4
 56899   .361020  -.631785  -.685938
  38903.6  18959.5      -.3     43.3     79.9     22.3
      -.7     21.7     79.8     51.1  20142.3  20763.5
      -6.6      57.4       9.2      80.6
       -.2      27.1       2.9      18.5
       -.3      17.7       3.3       6.7
       -.3      14.8       2.9       5.5
 56900   .249898  -.655981  -.712208
  37355.9  18132.8      -.3     43.3     76.9     12.1
      -.8     22.2     76.9     40.7  19221.3  19751.2
      -7.4      58.8       8.8      58.8
       -.1      27.9       1.5       9.7
       -.3      18.2       1.8       5.2
        .0      15.0       1.9       4.7
 56901   .190037  -.665130  -.722141
  36591.2  17877.9      -.3     43.3     76.2      6.7
      -.7     22.5     76.5     35.1  18658.2  19284.9
      -5.1      58.8       4.4      50.4
       -.5      27.7       1.8      10.4
        .1      18.0       2.0       6.3
       -.4      15.3       2.1       5.7
 56902   .127982  -.671905  -.729496
  36102.2  17504.2      -.3     43.3     76.2      3.9
      -.2     22.6     76.0     29.1  18399.8  19067.4
      -8.1      56.3       1.9      43.7
       -.7      27.8       1.7      11.9
       -.3      18.3       2.0       7.6
        .2      15.3       2.2       6.9
 56903   .064388  -.676070  -.734019
  35921.1  17187.1      -.3     43.3     76.5     28.9
      -.5     22.8     75.8     23.4  18073.1  18850.3
      -7.8      60.1       1.0      44.6
       -.6      28.0       2.4      14.1
        .0      18.4       2.5       9.1
       -.2      15.4       2.4       7.9
 56904   .000000  -.677476  -.735545
  35608.0  16242.9      -.3     43.3     76.5     28.9
      -.7     23.0     75.7     17.5  18134.6  18765.0
      -7.2      58.2       1.6      44.0
       -.9      27.6       2.2      15.7
        .0      18.5       2.4      10.7
       -.2      15.4       2.4       9.1
 56905  -.064388  -.676070  -.734019
  35657.8  15247.4      -.3     43.3     76.5     28.9
      -.3     23.0     75.7     12.0  18001.6  18982.7
      -6.5      58.7        .4      42.6
       -.2      27.6       1.7      16.8
       -.2      18.6       1.8      11.7
       -.3      15.7       1.9      10.0
 56906  -.127982  -.671905  -.729496
  35681.5  14027.9      -.3     43.3     76.5     28.9
       .0     22.9     75.5      7.8  18062.5  18734.1
      -7.2      59.2       -.6      43.0
       -.6      27.9       1.0      17.2
       -.2      18.2       1.4      11.9
       -.2      15.8       1.5      10.9
 56907  -.190037  -.665130  -.722141
  36079.0  13342.8      -.3     43.3     76.5     28.9
      -.2     22.9     76.1      8.1  18124.1  18842.1
      -4.9      55.5       -.8      41.3
       -.8      28.3        .7      17.5
        .1      18.5       1.3      12.2
       -.3      15.7       1.2      11.0
 56908  -.249898  -.655981  -.712208
  36639.9  12526.2      -.3     43.3     76.5     28.9
      -.5     22.9     80.7     10.8  18763.4  19600.1
      -8.2      59.3        .6      42.7
       -.1      28.3       1.3      19.4
        .1      18.3       1.5      13.5
       -.1      15.7       1.5      12.1
 56909  -.361020  -.631785  -.685938
  37626.3  10943.5      -.3     43.3     76.5     28.9
      -.5     22.4     76.5     57.7  19213.8  19982.9
      -5.9      57.2      -1.1      41.5
        .0      27.3        .7      20.1
       -.2      18.0        .6      14.8
       -.2      15.5        .9      14.0
 56910  -.458673  -.602008  -.653609
  39529.8  10134.3      -.3     43.3     76.5     28.9
      -.2     22.1     76.5     57.7  20382.7  21392.4
      -5.5      56.4      -2.6      40.8
        .3      27.3        .3      21.1
       -.2      18.0        .4      15.3
       -.1      15.4        .7      14.1
 56911  -.542159  -.569267  -.618061
  41995.5   9443.9      -.3     43.3     76.5     28.9
       .0     21.5     76.5     57.7  22085.3  22719.7
      -5.8      57.6      -3.2      42.8
       -.4      27.5       -.3      23.0
       -.1      17.9       -.1      17.1
       -.1      14.9        .3      15.6
 56912  -.612205  -.535679  -.581595
  44340.7   8935.9      -.3     43.3     76.5     28.9
      -.4     21.0     76.5     57.7  23619.2  24422.7
      -6.3      55.8      -3.5      39.6
       -.1      26.9       -.4      22.0
       -.1      17.6       -.2      16.9
       -.1      14.9       -.1      15.7
 56913  -.670317  -.502738  -.545830
  47289.9   8516.5      -.3     43.3     76.5     28.9
      -.5     20.2     76.5     57.7  25508.0  26506.6
      -8.0      60.2      -6.3      41.1
        .1      26.1       -.6      23.6
       -.4      17.1      -1.0      18.1
       -.4      14.4       -.7      16.8
 56914  -.718269  -.471364  -.511767
  50607.6   8405.7      -.3     43.3     76.5     28.9
      -.1     19.6     76.5     57.7  27309.0  28308.1
      -5.2      60.2      -4.4      41.3
        .1      26.0       -.7      23.1
        .1      16.8       -.5      17.5
       -.1      14.2       -.5      16.5
 56915  -.757796  -.442047  -.479937
  53983.9   8145.1      -.3     43.3     76.5     28.9
      -.3     19.0     76.5     57.7  29750.8  30736.0
      -5.5      57.4      -4.3      39.7
       -.6      25.4      -1.3      24.0
        .0      16.4       -.6      18.8
       -.2      13.9       -.9      17.6
 56916  -.790440  -.414981  -.450551
  57501.9   8042.8      -.3     43.3     76.5     28.9
       .1     18.7     76.5     57.7  31921.3  32847.5
      -3.9      60.6      -6.6      35.8
       -.6      25.4      -1.4      22.7
       -.2      16.5      -1.0      18.2
       -.2      13.6      -1.0      17.2
 56917  -.817505  -.390173  -.423616
  61211.3   8061.0      -.3     43.3     76.5     28.9
      -.2     18.1     76.5     57.7  34124.0  35401.0
      -5.4      59.7      -6.6      40.8
       -.9      24.8      -1.3      24.4
       -.2      16.2      -1.6      19.1
       -.2      13.5      -1.1      17.9
 56918  -.840060  -.367526  -.399028
  64901.1   7977.6      -.3     43.3     76.5     28.9
       .0     17.6     76.5     57.7  36791.1  38146.9
      -5.1      59.8      -6.2      36.3
       -.1      25.0      -1.9      22.9
        .0      16.0      -1.2      18.5
       -.2      13.3      -1.4      17.3
 56919   .708659  -.620076  -.336613
  78093.4  16215.8      -.3     43.3     76.5     28.9
      -.3     86.6     76.5     57.7  45790.9  46830.7
      -9.4      56.1      10.4      50.6
       -.6      22.9       1.0      20.6
        .0      17.4        .4      13.0
       -.3      15.9        .5      11.0
 56920   .677337  -.646549  -.350984
  75067.6  16290.0      -.3     43.3     76.5     28.9
      -.3     86.6     76.5     57.7  43393.1  44456.0
     -12.1      55.9      13.0      51.1
       -.7      23.1       1.5      20.7
       -.1      17.8       1.3      13.5
       -.2      16.2       1.1      11.2
 56921   .641844  -.673936  -.365851
  72011.3  17182.6      -.3     43.3     76.5     28.9
      -.3     86.6     76.5     57.7  40657.3  42375.5
     -11.4      54.9      10.9      52.7
       -.4      22.6       1.7      18.9
       -.3      17.4       1.2      12.1
       -.5      16.3       1.3      10.2
 56922   .601687  -.701968  -.381068
  69150.8  17051.8      -.3     43.3     76.5     28.9
      -.3     86.6     76.5     57.7  38499.5  40072.0
      -6.9      50.1      10.7      56.2
       -.2      23.0       1.9      19.2
       -.2      17.6       1.8      11.7
       -.4      16.4       1.9       9.9
 56923   .556388  -.730259  -.396426
  66756.8  16687.1      -.3     43.3     76.5     28.9
      -.3     86.6     76.5     57.7  37817.9  38934.1
      -8.8      51.7      12.5      58.4
       -.9      23.0       3.0      19.0
        .2      18.0       2.1      11.0
       -.2      16.7       2.2       9.0
 56924   .505524  -.758286  -.411641
  64150.8  16180.0      -.3     43.3     76.5     28.9
      -.3     86.6     75.2      8.7  35712.9  36829.5
      -8.2      52.7       9.6      57.2
       -.5      22.9       3.0      17.4
       -.4      17.9       2.8      10.2
       -.5      16.7       2.9       8.3
 56925   .448787  -.785377  -.426348
  61961.2  15629.1      -.3     43.3     76.5     28.9
      -.3     86.6     74.7     21.0  35021.8  35862.8
      -8.8      53.4      10.4      60.4
       -.8      23.1       3.8      16.2
       -.2      18.4       3.7       8.7
       -.9      17.0       3.8       7.2
 56926   .386057  -.810720  -.440105
  60106.5  15120.4      -.3     43.3     74.8      5.6
      -.3     86.6     74.4     33.8  33917.7  34768.2
     -10.3      51.2      10.7      65.6
       -.3      23.3       2.8      14.4
       -.6      18.3       3.0       6.3
       -.7      17.5       3.3       5.5
 56927   .317480  -.833386  -.452409
  58492.4  14741.5      -.3     43.3     74.3     17.6
      -.3     86.6     74.5     46.1  32948.7  33767.4
      -9.7      50.9       8.3      77.5
       -.7      22.8       2.1      21.5
       -.5      18.5       3.1       3.9
       -.4      17.5       3.3       3.3
 56928   .243541  -.852392  -.462727
  57202.2  14416.5      -.3     43.3     79.6     22.0
      -.3     86.6     79.6     50.5  31422.6  32493.1
     -10.6      54.5      10.7      89.2
       -.6      23.3       3.1      29.8
       -.6      18.6       3.1       8.9
       -.6      17.6       2.5       5.9
 56929   .165103  -.866792  -.470544
  56090.1  14166.8      -.3     43.3     77.3     11.2
      -.3     86.6     77.4     39.9  30834.7  31857.9
      -9.9      54.3       4.3      70.1
       -.6      23.3       1.4      15.7
       -.5      18.5       1.7       5.3
       -.5      18.0       1.9       4.5
 56930   .124573  -.872008  -.473376
  55664.0  14054.3      -.3     43.3     76.6      5.3
      -.3     86.6     76.6     33.9  30640.9  31700.5
     -10.2      52.5       5.9      61.2
       -.6      23.6       1.7      13.7
       -.6      18.9       1.8       6.4
       -.3      17.9       1.9       5.2
 56931   .083409  -.875791  -.475429
  55185.9  14026.6      -.3     43.3     76.3      2.6
      -.3     86.6     76.5     27.6  29753.6  30828.8
     -11.1      52.0       2.9      59.8
       -.6      23.4       2.0      13.2
       -.5      18.8       2.2       7.0
       -.4      18.1       2.0       5.9
 56932   .041814  -.878085  -.476675
  55138.4  13921.1      -.3     43.3     76.5     28.9
      -.3     86.6     76.2     21.2  29962.9  31026.0
     -10.2      54.3       6.0      57.6
       -.6      23.7       2.0      15.3
       -.7      18.8       2.2       8.0
       -.6      18.3       2.3       6.7
 56933   .000000  -.878853  -.477092
  55004.3  13863.4      -.3     43.3     76.5     28.9
      -.3     86.6     75.8     15.1  29833.4  30812.2
      -8.6      50.4        .8      53.5
       -.3      23.8       1.6      15.6
       -.3      18.8       2.0       8.8
       -.6      17.9       2.0       7.4
 56934  -.041814  -.878085  -.476675
  54935.9  13890.6      -.3     43.3     76.5     28.9
      -.3     86.6     75.6      9.0  30010.4  30840.1
      -7.1      49.9       1.4      48.8
       -.3      23.2       1.1      15.5
       -.2      19.0       1.5       9.5
       -.7      18.4       1.5       7.8
 56935  -.083409  -.875791  -.475429
  54900.4  13864.0      -.3     43.3     76.5     28.9
      -.3     86.6     75.4      4.8  30263.9  31333.1
     -11.5      53.7       1.3      52.0
       -.4      23.4        .9      14.8
       -.5      18.8        .9       9.5
       -.2      18.3       1.2       8.3
 56936  -.124573  -.872008  -.473376
  55204.9  13864.9      -.3     43.3     76.5     28.9
      -.3     86.6     76.5     57.7  30454.1  31305.5
      -9.2      51.2       -.2      48.3
       -.2      24.0       1.2      16.0
       -.6      19.0       1.2      10.3
       -.3      18.0       1.2       8.7
 56937  -.165103  -.866792  -.470544
  55373.3  13688.8      -.3     43.3     76.5     28.9
      -.3     86.6     76.5     57.7  30791.3  31794.0
      -8.1      51.2        .0      46.2
       -.4      24.2       1.1      17.3
       -.3      18.9       1.2      11.3
       -.2      18.1       1.2       9.7
 56938  -.243541  -.852392  -.462727
  56416.7  13546.5      -.3     43.3     76.5     28.9
      -.3     86.6     76.5     57.7  30796.9  31905.3
     -10.4      53.6      -1.9      44.4
       -.2      24.3        .2      17.3
       -.4      18.7        .4      12.0
       -.1      18.0        .6      10.7
 56939  -.317480  -.833386  -.452409
  57437.2  12932.6      -.3     43.3     76.5     28.9
      -.3     86.6     76.5     57.7  31431.2  32366.5
      -8.0      51.6      -3.5      42.7
       -.4      23.3        .2      18.5
        .0      18.8        .3      13.0
       -.2      18.1        .3      11.3
 56940  -.386057  -.810720  -.440105
  59130.3  12479.7      -.3     43.3     76.5     28.9
      -.3     86.6     76.5     57.7  32665.4  33679.4
      -7.9      51.3      -2.2      40.4
       -.5      24.0       -.6      19.0
       -.4      18.9       -.4      14.0
       -.2      17.8       -.1      12.7
 56941  -.448787  -.785377  -.426348
  60939.3  11848.8      -.3     43.3     76.5     28.9
      -.3     86.6     76.5     57.7  33998.6  35201.5
      -8.7      55.6      -2.8      41.7
        .1      24.1       -.5      20.1
       -.1      18.7       -.3      14.4
       -.2      17.5       -.4      12.7
 56942  -.505524  -.758286  -.411641
  62962.0  11300.5      -.3     43.3     76.5     28.9
      -.3     86.6     76.5     57.7  35475.2  36629.7
      -7.9      53.1      -5.1      39.3
       -.5      23.6      -1.0      20.8
        .2      18.4       -.7      15.6
       -.1      17.4       -.4      14.2
 56943  -.556388  -.730259  -.396426
  65462.4  10797.3      -.3     43.3     76.5     28.9
      -.3     86.6     76.5     57.7  36999.2  38146.1
      -9.3      54.4      -5.6      39.3
       -.7      23.3      -1.3      20.7
       -.4      18.2      -1.0      15.4
       -.3      17.1      -1.0      13.8
 56944  -.601687  -.701968  -.381068
  68095.8  10404.4      -.3     43.3     76.5     28.9
      -.3     86.6     76.5     57.7  38858.7  39733.2
     -10.5      54.2      -6.0      40.2
       -.3      23.5      -1.0      21.5
        .0      18.2       -.9      16.8
       -.3      17.0       -.8      15.1
 56945  -.641844  -.673936  -.365851
  70945.9  10043.7      -.3     43.3     76.5     28.9
      -.3     86.6     76.5     57.7  39873.9  41393.2
      -8.2      54.8      -7.1      38.8
       -.1      23.2      -1.2      20.9
        .0      18.0      -1.0      16.2
       -.4      16.7      -1.2      14.8
 56946  -.677337  -.646549  -.350984
  73464.5   9670.9      -.3     43.3     76.5     28.9
      -.3     86.6     76.5     57.7  41340.5  42805.6
      -7.9      49.8      -5.9      35.8
        .1      22.8      -1.1      22.0
       -.3      17.6      -1.6      17.0
       -.2      16.6      -1.1      15.8
 56947  -.708659  -.620076  -.336613
  76900.5   9468.3      -.3     43.3     76.5     28.9
      -.3     86.6     76.5     57.7  44024.0  45318.8
      -8.5      58.1      -7.0      36.2
       -.3      23.2      -1.4      21.3
       -.2      17.9      -1.6      16.8
        .1      16.3      -1.2      15.4
 56948   .482910  -.845093  -.229382
 114613.2  14898.0      -.3     43.3     76.5     28.9
      -.3     86.6     76.5     57.7  69317.4  71228.1
      -9.4      50.3       5.9      55.6
      -1.3      22.6       1.2      21.3
       -.5      16.6        .4      11.6
       -.2      15.4        .2       9.6
 56949   .451149  -.861285  -.233777
 112511.1  14731.3      -.3     43.3     76.5     28.9
      -.3     86.6     76.5     57.7  68578.6  70406.9
     -10.4      52.3      10.7      60.0
       -.8      21.7       1.2      21.8
       -.8      17.0        .8      11.3
       -.5      15.2        .8       9.5
 56950   .417577  -.876913  -.238019
 110495.9  14461.4      -.3     43.3     76.5     28.9
      -.3     86.6     76.5     57.7  66115.4  68294.6
      -9.2      50.3      11.8      64.9
      -1.1      22.2       1.7      21.9
       -.5      17.1       1.0      10.8
      -1.0      15.6       1.2       8.8
 56951   .382204  -.891810  -.242063
 108670.4  14227.3      -.3     43.3     76.5     28.9
      -.3     86.6     76.5     57.7  65602.5  67389.7
     -10.2      51.7       8.8      66.3
      -1.0      22.2       2.0      21.8
       -.4      17.1       1.3      10.2
       -.8      15.7       1.5       8.3
 56952   .345068  -.905804  -.245861
 107201.9  13981.9      -.3     43.3     76.5     28.9
      -.3     86.6     76.5     57.7  63967.4  66029.6
     -11.3      57.3      11.5      75.4
      -1.0      22.2       3.0      23.1
       -.9      17.4       2.0       9.7
       -.5      16.0       2.1       7.6
 56953   .306238  -.918714  -.249365
 105507.6  13746.3      -.3     43.3     76.5     28.9
      -.3     86.6     74.8      6.1  63294.9  65514.8
     -10.7      51.9      10.8      75.9
      -1.1      22.6       2.5      22.1
       -.7      17.4       2.2       8.7
       -.7      15.9       2.2       7.1
 56954   .265817  -.930361  -.252527
 104447.1  13708.0      -.3     43.3     76.5     28.9
      -.3     86.6     74.3     18.9  62732.3  64679.7
      -8.9      48.5      11.2      85.1
      -1.2      22.7       3.6      23.9
       -.6      17.4       3.5       8.1
       -.6      15.8       3.3       6.1
 56955   .223945  -.940570  -.255298
 103381.6  13449.8      -.3     43.3     74.1      3.9
      -.3     86.6     74.0     32.2  62288.2  63964.6
     -12.8      53.9      11.4      95.4
      -1.2      22.7       2.8      25.7
       -.6      17.3       2.9       7.4
       -.6      16.0       2.9       5.1
 56956   .180796  -.949177  -.257634
 102489.5  13444.1      -.3     43.3     73.9     16.5
      -.3     86.6     74.0     45.0  61018.8  62453.3
     -10.9      54.1       7.6      99.3
      -1.1      22.7       2.0      36.9
       -.5      17.2       2.8       7.6
       -.8      15.9       2.9       3.5
 56957   .136577  -.956038  -.259496
 101409.2  13244.0      -.3     43.3     79.7     21.5
      -.3     86.6     79.7     49.9  59818.5  61809.0
      -9.4      51.9      10.0     107.2
       -.9      22.6       3.4      47.5
       -.6      17.2       3.2      12.1
       -.7      16.3       2.5       7.4
 56958   .091527  -.961030  -.260851
 100846.0  13187.4      -.3     43.3     78.2     10.4
      -.3     86.6     78.4     38.9  59978.7  62235.9
      -9.2      52.7       9.2      95.2
      -1.0      23.1       2.1      29.8
       -.8      17.5       1.9       7.0
       -.8      15.8       2.1       4.5
 56959   .068771  -.962796  -.261330
 100600.1  13103.4      -.3     43.3     77.4     11.9
      -.3     86.6     77.8     32.6  60162.9  61839.4
     -13.2      52.8       3.2      87.7
      -1.2      22.7       2.1      25.1
       -.8      17.5       2.0       6.4
       -.7      16.1       2.1       5.0
 56960   .045908  -.964064  -.261674
 100671.8  13129.9      -.3     43.3     76.5     28.9
      -.3     86.6     77.3     26.0  60194.2  61938.9
     -10.3      50.3       4.0      82.4
      -1.2      22.2       2.3      22.0
       -.7      17.7       2.3       7.2
       -.8      16.1       2.3       5.1
 56961   .022972  -.964827  -.261882
 100222.7  13047.1      -.3     43.3     76.5     28.9
      -.3     86.6     77.0     19.7  60353.3  62148.7
     -12.3      47.4       2.7      75.2
       -.8      22.7       2.4      21.3
       -.7      17.8       2.5       7.8
       -.7      16.3       2.3       5.6
 56962   .000000  -.965081  -.261951
 100428.2  13111.1      -.3     43.3     76.5     28.9
      -.3     86.6     76.8     12.9  59173.1  61769.2
     -11.9      48.7       6.9      72.5
       -.6      22.4       1.5      20.1
       -.6      17.7       1.9       8.1
       -.5      16.0       2.1       6.2
 56963  -.022972  -.964827  -.261882
 100112.7  13110.0      -.3     43.3     76.5     28.9
      -.3     86.6     76.5      6.5  59374.1  60728.9
     -10.8      48.1       1.7      72.7
      -1.1      22.6       1.2      20.4
       -.6      17.6       1.3       7.8
       -.8      16.3       1.3       6.3
 56964  -.045908  -.964064  -.261674
 100570.3  13089.0      -.3     43.3     76.5     28.9
      -.3     86.6     75.1      2.6  60234.7  61721.1
     -12.8      53.5        .5      71.2
       -.7      22.8       1.2      20.3
       -.6      17.8        .9       7.6
       -.5      16.4        .9       6.4
 56965  -.068771  -.962796  -.261330
 100372.7  13094.2      -.3     43.3     76.5     28.9
      -.3     86.6     76.5     57.7  59577.2  61233.5
      -9.6      48.8       2.4      67.5
      -1.1      22.2       1.1      19.1
       -.3      17.4       1.3       9.0
      -1.3      16.2       1.0       6.9
 56966  -.091527  -.961030  -.260851
 100382.9  13156.0      -.3     43.3     76.5     28.9
      -.3     86.6     76.5     57.7  59835.4  61414.3
      -9.8      52.2        .3      67.6
      -1.3      22.1       1.0      18.5
       -.6      17.9        .8       9.3
       -.9      16.2        .9       7.5
 56967  -.136577  -.956038  -.259496
 100793.3  13295.8      -.3     43.3     76.5     28.9
      -.3     86.6     76.5     57.7  60275.1  61879.3
     -10.6      49.9       -.6      56.8
       -.9      23.0       -.1      17.7
       -.4      17.6        .1       9.0
       -.6      16.2       -.1       7.5
 56968  -.180796  -.949177  -.257634
 101345.8  13249.9      -.3     43.3     76.5     28.9
      -.3     86.6     76.5     57.7  60639.8  62276.8
      -9.1      47.0      -3.4      56.2
      -1.1      23.3       -.4      18.1
       -.5      17.9        .2      10.4
       -.5      16.4        .3       8.7
 56969  -.223945  -.940570  -.255298
 102596.8  13348.9      -.3     43.3     76.5     28.9
      -.3     86.6     76.5     57.7  60943.4  62552.6
     -10.1      49.8      -2.5      51.1
      -1.1      22.6       -.9      17.5
       -.4      17.7       -.4      10.1
       -.5      16.5       -.5       8.9
 56970  -.265817  -.930361  -.252527
 103462.0  13448.7      -.3     43.3     76.5     28.9
      -.3     86.6     76.5     57.7  61714.7  63550.0
     -11.8      52.4      -4.7      49.0
      -1.1      22.5       -.5      18.1
       -.4      17.7       -.4      11.7
       -.7      16.3       -.6       9.8
 56971  -.306238  -.918714  -.249365
 104766.0  13543.0      -.3     43.3     76.5     28.9
      -.3     86.6     76.5     57.7  62487.7  64723.5
     -11.6      52.1      -5.2      50.1
      -1.3      22.8      -1.3      17.2
       -.1      17.6       -.6      11.4
       -.4      16.0       -.8      10.0
 56972  -.345068  -.905804  -.245861
 106112.4  13527.1      -.3     43.3     76.5     28.9
      -.3     86.6     76.5     57.7  64229.7  65546.7
      -4.9      46.2      -2.5      42.9
       -.9      22.3      -1.1      18.3
       -.2      17.5       -.7      12.5
       -.7      15.9      -1.1      10.7
 56973  -.382204  -.891810  -.242063
 107743.7  13423.8      -.3     43.3     76.5     28.9
      -.3     86.6     76.5     57.7  64975.7  66957.6
      -9.6      50.4      -6.4      41.9
      -1.0      23.0      -1.4      18.1
       -.2      17.6       -.9      12.6
       -.2      15.8      -1.0      11.2
 56974  -.417577  -.876913  -.238019
 109304.1  13194.9      -.3     43.3     76.5     28.9
      -.3     86.6     76.5     57.7  64557.3  66807.4
      -9.0      51.1      -7.1      43.6
      -1.0      23.5      -1.4      18.8
       -.4      17.1      -1.0      13.2
       -.5      16.2      -1.2      11.7
 56975  -.451149  -.861285  -.233777
 111459.8  13031.3      -.3     43.3     76.5     28.9
      -.3     86.6     76.5     57.7  66288.1  68114.8
     -13.6      56.0      -5.6      41.5
       -.7      23.0      -1.6      18.6
       -.1      16.9      -1.2      13.6
       -.7      15.9      -1.3      12.5
 56976  -.482910  -.845093  -.229382
 113549.5  12899.1      -.3     43.3     76.5     28.9
      -.3     86.6     76.5     57.7  69307.3  70986.1
     -13.8      53.2      -7.6      40.7
       -.4      22.5      -1.4      18.5
       -.4      17.0      -1.2      13.8
       -.4      15.4      -1.5      12.3
 56977   .337328  -.927651  -.160231
 163885.8  13943.4      -.3     43.3     76.5     28.9
      -.3     86.6     76.5     57.7 103287.2 105531.3
      -5.6      47.4       1.0      63.7
      -1.4      22.7       1.1      25.2
       -.6      17.5        .4      10.8
       -.5      16.2        .1       8.4
 56978   .312066  -.936198  -.161707
 162700.1  13810.7      -.3     43.3     76.5     28.9
      -.3     86.6     76.5     57.7 100756.2 103763.8
      -9.7      49.8       7.8      70.4
      -1.1      23.3       1.2      26.6
       -.8      17.7        .4      10.8
       -.2      16.3        .4       8.2
 56979   .286124  -.944211  -.163091
 161307.4  13682.6      -.3     43.3     76.5     28.9
      -.3     86.6     76.5     57.7 101408.9 103978.8
      -8.1      47.3       3.8      73.7
      -1.1      23.7       2.3      27.2
       -.5      17.7        .9      10.5
       -.8      16.3        .9       7.9
 56980   .259539  -.951641  -.164374
 159800.1  13606.5      -.3     43.3     76.5     28.9
      -.3     86.6     76.5     57.7 100437.1 103246.2
     -11.6      47.3      15.2      81.9
      -1.4      23.1       2.3      29.1
       -.4      17.7       1.0       9.5
       -.1      16.5        .9       7.3
 56981   .232349  -.958440  -.165549
 159132.2  13469.6      -.3     43.3     76.5     28.9
      -.3     86.6     76.5     57.7  99450.9 101767.3
     -10.3      49.4      12.6      93.3
      -1.6      23.9       2.6      29.9
       -.7      17.7       1.8       9.7
       -.6      16.5       1.8       6.9
 56982   .204604  -.964562  -.166606
 158275.5  13370.3      -.3     43.3     76.5     28.9
      -.3     86.6     74.5      4.6  99417.4 101752.6
     -11.2      49.0      11.4      97.2
      -1.6      23.6       2.1      31.8
       -.7      17.5       1.7      10.0
       -.2      16.5       1.8       6.3
 56983   .176357  -.969963  -.167539
 157582.9  13323.9      -.3     43.3     76.5     28.9
      -.3     86.6     74.0     17.8  97635.6 100637.4
      -8.9      48.7      10.6     102.8
      -1.8      24.9       3.8      33.1
       -.7      18.0       3.1       9.5
       -.8      16.4       3.3       5.7
 56984   .147667  -.974605  -.168341
 156826.2  13293.8      -.3     43.3     74.0     11.2
      -.3     86.6     73.7     31.2  98003.5 101092.1
     -13.1      53.7      13.1     110.6
      -1.3      23.4       2.6      37.3
       -.6      17.7       2.6       8.9
       -.6      16.0       2.6       6.2
 56985   .118600  -.978453  -.169006
 155813.2  13254.3      -.3     43.3     73.2     15.8
      -.3     86.6     73.5     44.2  97756.7 100441.7
     -12.9      55.2       6.5     114.6
      -1.5      23.0       2.1      50.3
       -.4      17.6       2.4      14.3
       -.3      16.3       2.5       4.6
 56986   .089225  -.981478  -.169528
 155314.4  13202.7      -.3     43.3     79.9     21.2
      -.3     86.6     79.9     49.4  96300.8  98996.3
     -15.3      55.2        .8     127.7
      -1.2      22.8       4.2      65.3
       -.8      17.7       3.3      21.3
       -.9      16.2       2.6      10.9
 56987   .059616  -.983656  -.169904
 154996.4  13170.3      -.3     43.3     78.6      9.9
      -.3     86.6     78.7     38.3  97576.8  99810.1
     -10.3      50.8       5.0     111.8
      -1.2      23.2       2.9      42.2
       -.3      17.8       2.1      11.3
       -.4      16.5       2.1       5.7
 56988   .044746  -.984421  -.170036
 154628.6  13241.6      -.3     43.3     78.1      3.6
      -.3     86.6     78.2     32.1  96817.3  99373.9
     -11.9      47.8      11.3     104.6
      -1.5      22.8       2.1      35.6
       -.6      17.7       2.0      10.3
       -.7      16.3       2.0       5.5
 56989   .029848  -.984969  -.170131
 155146.9  13162.1      -.3     43.3     76.5     28.9
      -.3     86.6     77.7     25.4  97839.3  99471.7
     -11.3      50.8       4.4     106.2
      -1.7      23.9       2.2      36.2
       -.5      17.9       2.3       8.6
       -.8      16.6       2.4       5.2
 56990   .014929  -.985299  -.170188
 154903.6  13112.6      -.3     43.3     76.5     28.9
      -.3     86.6     77.6     18.7  95829.4  99011.8
     -16.0      54.5       9.1     105.7
      -1.4      23.2       2.2      30.1
       -.7      18.0       2.6       9.9
       -.9      16.4       2.4       5.6
 56991   .000000  -.985408  -.170207
 154417.3  13241.2      -.3     43.3     76.5     28.9
      -.3     86.6     77.5     11.9  97078.3  99381.0
     -11.5      55.4       6.1     100.6
      -1.7      23.9       1.5      30.0
       -.6      18.0       2.1       8.5
       -.9      16.6       1.9       5.8
 56992  -.014929  -.985299  -.170188
 154812.3  13051.5      -.3     43.3     76.5     28.9
      -.3     86.6     77.2      5.5  96334.7  98727.3
     -11.0      50.8      -2.3      90.9
      -1.4      23.0       1.6      27.0
      -1.1      17.8       1.1       9.8
       -.5      16.9       1.3       5.7
 56993  -.029848  -.984969  -.170131
 154667.2  13152.2      -.3     43.3     76.5     28.9
      -.3     86.6     76.5     57.7  97559.9  99113.2
      -8.7      49.9        .8      85.5
      -1.4      22.9        .7      26.6
       -.7      18.0       1.0       8.4
       -.7      16.6        .9       5.7
 56994  -.044746  -.984421  -.170036
 154578.1  13130.8      -.3     43.3     76.5     28.9
      -.3     86.6     76.5     57.7  97204.3  99481.3
     -14.2      52.9       9.5      83.1
      -1.5      23.3       1.3      26.0
       -.7      17.8       1.4       9.0
       -.6      16.8       1.4       6.1
 56995  -.059616  -.983656  -.169904
 155066.8  13106.5      -.3     43.3     76.5     28.9
      -.3     86.6     76.5     57.7  97378.8 100068.6
     -10.8      52.1       3.2      76.8
      -1.4      23.7       1.0      27.2
       -.6      17.7       1.0       9.4
       -.7      16.6       1.0       6.6
 56996  -.089225  -.981478  -.169528
 155236.8  13211.1      -.3     43.3     76.5     28.9
      -.3     86.6     76.5     57.7  95640.4  99131.3
     -12.7      50.6      -2.0      80.3
      -1.5      23.3       -.1      22.6
       -.4      17.7        .0       8.4
       -.6      16.5        .0       6.2
 56997  -.118600  -.978453  -.169006
 155416.7  13238.3      -.3     43.3     76.5     28.9
      -.3     86.6     76.5     57.7  96051.8  98519.4
     -10.9      50.9       -.1      73.5
      -1.4      23.4        .0      21.1
       -.6      18.1        .1       9.3
       -.9      17.1        .1       7.3
 56998  -.147667  -.974605  -.168341
 155918.4  13225.4      -.3     43.3     76.5     28.9
      -.3     86.6     76.5     57.7  98199.9 100201.9
      -8.7      51.0      -2.5      62.3
      -1.0      23.8       -.8      20.2
       -.3      17.9       -.5       9.0
       -.5      16.5       -.7       7.0
 56999  -.176357  -.969963  -.167539
 156652.9  13233.9      -.3     43.3     76.5     28.9
      -.3     86.6     76.5     57.7  96988.3  99244.0
     -11.7      53.7      -3.2      62.8
      -1.3      23.8       -.8      20.8
       -.9      18.0       -.3      10.1
       -.3      16.6       -.4       8.2
 57000  -.204604  -.964562  -.166606
 157382.9  13401.7      -.3     43.3     76.5     28.9
      -.3     86.6     76.5     57.7  98692.2 101420.7
     -12.4      52.8      -5.4      58.1
      -1.1      23.4      -1.2      19.9
       -.4      18.1       -.9       9.5
       -.6      16.8       -.8       7.9
 57001  -.232349  -.958440  -.165549
 158639.0  13448.7      -.3     43.3     76.5     28.9
      -.3     86.6     76.5     57.7  97664.9 101218.8
      -8.2      46.2      -4.6      51.2
      -1.4      24.1      -1.1      20.0
       -.8      17.9       -.8      10.8
       -.8      16.7       -.7       9.1
 57002  -.259539  -.951641  -.164374
 159094.3  13530.1      -.3     43.3     76.5     28.9
      -.3     86.6     76.5     57.7  98726.4 101902.6
     -11.4      53.8      -6.4      47.0
      -1.6      23.7      -1.9      19.4
       -.4      17.8      -1.0      10.1
       -.8      16.5      -1.3       8.7
 57003  -.286124  -.944211  -.163091
 160693.1  13532.6      -.3     43.3     76.5     28.9
      -.3     86.6     76.5     57.7  99833.8 103688.3
     -10.9      52.5      -4.3      44.0
      -1.5      23.8      -1.8      19.3
       -.2      17.7       -.8      11.2
       -.7      16.5      -1.2       9.7
 57004  -.312066  -.936198  -.161707
 162068.2  13741.7      -.3     43.3     76.5     28.9
      -.3     86.6     76.5     57.7  99532.9 102475.5
     -12.0      52.9      -9.9      47.7
      -1.2      23.6      -1.6      17.1
       -.9      17.9      -1.5      11.1
       -.3      16.6      -1.3       9.6
 57005  -.337328  -.927651  -.160231
 163194.8  13769.4      -.3     43.3     76.5     28.9
      -.3     86.6     76.5     57.7 103505.1 106181.5
     -13.2      54.0      -6.8      39.2
      -1.3      23.2      -2.0      18.5
       -.4      17.1      -1.3      11.8
       -.5      16.7      -1.2      10.5
