OCR_prd2017clk:newR12@-150V,3.8T@20d,263K,rhe=1.10,rhh=0.7,0.00/0.00            
   260   1  3.80  28   3  29   4  150.00  263.00     .00 1.00000  1000.0   26.32  -36.88  150.000  100.000  290.000  1000.0   13.16  -18.44    1.50    1.00     .85
 53681  -.105170   .946530  -.304993
  87503.3  13637.4     13.2     43.3    -15.8     11.1
     13.2     86.6    -15.9     39.6  51772.1  53164.8
      11.6      49.0      -6.0      77.3
       1.7      23.6       -.6      21.9
       1.2      18.3        .5       4.1
       1.2      17.2        .5       3.0
 53682  -.113613   .937303  -.329476
  81312.9  13739.1     13.2     43.3    -15.9     11.1
     13.2     86.6    -16.0     39.8  47727.6  48916.6
      10.5      51.6      -9.2      77.1
       1.4      23.9        .1      20.9
        .8      19.1        .5       4.2
       1.0      18.0        .5       3.0
 53683  -.123410   .925573  -.357888
  74612.3  13915.9     13.2     43.3    -16.0     11.5
     13.2     86.6    -16.1     39.9  43742.4  44565.6
       8.3      50.1      -8.8      73.9
       1.2      23.1        .1      18.1
        .7      17.9        .5       3.9
       1.0      17.1        .4       3.0
 53684  -.134874   .910397  -.391134
  68439.8  14150.5     13.2     43.3    -16.0     11.7
     13.2     86.6    -16.0     40.2  39183.2  40124.3
      12.0      54.7      -7.3      70.7
       1.2      23.8       -.2      17.9
        .8      18.9        .4       3.8
        .6      17.7        .5       3.0
 53685  -.148397   .890380  -.430350
  62139.5  14512.0     13.2     43.3    -16.2     12.0
     13.2     86.6    -16.3     40.4  34729.6  35981.4
       7.8      51.8      -5.0      67.4
       1.4      22.7       -.1      13.9
        .9      17.1        .4       4.2
        .8      16.2        .4       3.1
 53686  -.164460   .863416  -.476934
  56251.6  14957.1     13.2     43.3    -16.2     12.3
     13.2     86.6    -16.2     40.9  30895.6  31737.1
       9.3      51.2      -8.7      66.5
        .9      22.3        .4      12.6
        .6      18.4        .4       4.1
        .7      17.1        .3       3.5
 53687  -.183618   .826279  -.532491
  50269.5  15655.0     13.2     43.3    -16.4     12.6
     13.2     86.6    -16.5     41.2  27539.5  28197.8
      10.5      52.6      -9.7      60.7
       1.3      21.8        .3      11.0
        .5      16.2        .4       4.3
        .7      15.3        .2       3.8
 53688  -.206405   .774019  -.598575
  44754.3  16805.7     13.2     43.3    -16.6     13.1
     14.3      7.3    -16.5     41.3  23977.4  24511.6
       6.6      51.5      -6.3      56.9
       1.1      22.2        .2       9.7
        .4      17.2        .4       4.5
        .9      16.6        .2       4.1
 53689  -.233063   .699189  -.675882
  39776.6  18712.7     13.2     43.3    -16.7     13.4
     14.0     20.4    -16.7     41.9  20322.6  21075.4
       8.0      57.2      -5.6      54.4
       1.1      27.1        .2       8.8
        .9      18.0        .2       4.8
        .9      14.6        .3       4.3
 53690  -.262862   .591440  -.762300
  35573.7  22633.4     14.6      4.3    -16.7     13.8
     13.7     39.3    -16.7     42.3  17985.5  18544.8
       5.3      54.5      -4.4      52.9
        .2      22.5        .3       8.4
        .5      15.0        .4       5.1
        .6      11.9        .2       4.6
 53691  -.292854   .439281  -.849276
  32058.9  26477.9     13.7     15.3    -17.0     14.2
     13.7     57.9    -16.9     42.6  15625.1  16301.1
       4.6      47.1      -4.2      50.0
       1.0      13.5        .2       7.8
        .2       9.0        .4       5.2
        .7       7.6        .2       4.8
 53692  -.316664   .237498  -.918324
  29879.0  24782.9     13.3     32.5    -17.3     14.3
     13.3     75.5    -17.2     42.8  14234.4  14812.0
       4.5      54.2      -4.8      46.3
       1.1       7.0        .2       8.3
        .7       5.0        .4       5.4
        .7       5.0        .2       4.8
 53693  -.325991   .000000  -.945373
  28848.6  23971.5     14.3     35.4    -17.1     14.4
     14.2     78.6    -17.2     42.9  14010.2  14540.6
       -.3      60.3      -3.0      46.3
        .2       6.2        .2       7.5
        .4       5.0        .4       5.2
        .2       5.0        .2       4.8
 53694  -.323582  -.121343  -.938387
  29040.6  24029.2     13.6     27.3    -17.2     14.3
     13.7     70.4    -17.1     42.8  13860.6  14415.0
      -1.0      51.6      -3.5      47.5
        .2       8.8        .3       8.0
        .3       5.5        .2       5.2
        .2       5.0        .2       4.6
 53695  -.316664  -.237498  -.918324
  29460.1  24568.5     13.8     18.7    -16.9     14.2
     13.7     61.8    -16.9     42.6  14091.0  14722.4
      -2.9      48.1      -2.1      50.2
        .1      11.4        .4       7.4
        .3       7.9        .3       5.1
        .3       6.9        .2       4.6
 53696  -.306058  -.344315  -.887567
  30435.7  24695.5     13.7     10.6    -17.1     14.1
     13.8     52.6    -17.0     42.6  14770.1  15472.8
      -2.8      45.7      -1.8      47.2
       -.1      15.5        .5       7.7
        .2      10.3        .3       4.9
        .3       8.9        .2       4.5
 53697  -.292854  -.439281  -.849276
  31657.4  22708.0     13.6      6.8    -17.1     13.9
     13.5     43.4    -17.2     42.6  15232.6  16045.6
      -3.7      48.7      -1.0      48.5
       -.1      19.5        .3       7.0
        .3      12.9        .3       4.8
        .1      11.0        .3       4.3
 53698  -.278147  -.521525  -.806626
  33334.6  20104.7     13.2     43.3    -17.1     13.8
     13.5     34.2    -17.1     42.4  16287.9  17080.3
      -4.2      55.7       1.3      51.8
        .1      24.8        .3       8.1
       -.1      16.6        .4       4.8
       -.1      13.6        .3       4.2
 53699  -.262862  -.591440  -.762300
  35280.0  18154.2     13.2     43.3    -16.8     13.5
     13.7     25.1    -16.9     42.2  17784.4  18308.0
      -5.8      59.5        .4      54.1
       -.3      27.2        .4       7.8
        .3      18.2        .3       4.6
        .0      15.2        .3       4.1
 53700  -.233063  -.699189  -.675882
  39806.4  15921.5     13.2     43.3    -16.6     13.2
     13.4     10.0    -16.7     41.7  20519.6  21256.9
      -8.9      56.1      -2.2      59.1
        .6      24.0        .5       8.8
        .0      18.0        .3       4.5
        .2      16.8        .3       3.7
 53701  -.206405  -.774019  -.598575
  44793.9  14791.3     13.2     43.3    -16.7     12.8
     13.2     86.6    -16.7     41.4  23688.9  24387.4
      -8.3      53.9       1.3      60.1
        .0      23.1        .5       9.8
       -.2      17.6        .4       4.0
        .1      17.2        .3       3.5
 53702  -.183618  -.826279  -.532491
  50181.5  14014.7     13.2     43.3    -16.5     12.6
     13.2     86.6    -16.6     41.2  27108.9  27971.1
      -8.4      50.3       2.0      62.1
       -.3      22.5        .2      11.4
        .2      17.4        .4       4.1
        .0      16.2        .3       3.3
 53703  -.164460  -.863416  -.476934
  55837.7  13594.4     13.2     43.3    -16.5     12.4
     13.2     86.6    -16.5     40.8  30698.5  31641.2
      -9.3      50.1        .8      61.3
        .2      23.2        .4      12.4
        .1      18.8        .5       3.7
       -.2      18.2        .4       3.1
 53704  -.148397  -.890380  -.430350
  62213.4  13390.1     13.2     43.3    -16.3     12.0
     13.2     86.6    -16.2     40.6  34697.0  35935.7
     -10.4      51.2        .7      71.8
        .0      22.7        .7      16.1
        .2      18.2        .4       4.3
        .0      16.7        .4       3.0
 53705  -.134874  -.910397  -.391134
  68244.5  13175.1     13.2     43.3    -16.4     11.9
     13.2     86.6    -16.3     40.1  39034.1  40552.4
     -10.8      51.6        .3      73.9
        .0      23.8       1.0      15.4
        .1      19.8        .5       4.0
       -.1      18.5        .4       3.0
 53706  -.123410  -.925573  -.357888
  74614.0  13081.7     13.2     43.3    -16.1     11.5
     13.2     86.6    -16.2     40.1  42925.9  44132.7
      -7.1      48.5       2.8      76.2
       -.2      22.7        .9      18.9
        .2      18.3        .5       4.2
        .0      16.9        .5       3.0
 53707  -.113613  -.937303  -.329476
  80984.6  13129.3     13.2     43.3    -16.0     11.4
     13.2     86.6    -16.0     40.0  47868.8  49174.1
     -11.3      51.1       4.2      77.3
       -.3      24.1       1.1      21.5
        .4      19.9        .6       3.8
       -.4      19.2        .4       3.0
 53708  -.105170  -.946530  -.304993
  87660.4  12996.0     13.2     43.3    -16.0     11.3
     13.2     86.6    -16.0     39.9  51994.5  53495.6
      -7.8      49.8       5.8      77.5
        .4      23.6       1.1      22.0
        .1      18.6        .6       3.7
       -.2      17.1        .5       3.0
 53709   .863216  -.064741  -.500666
  53280.0   8987.5     14.1     25.6    -18.4     28.9
     13.9     68.7    -18.4     57.7  29455.3  30493.9
       3.6      62.7       7.1      40.1
        .1      11.5       1.9      22.8
        .1       5.0       1.1      17.7
        .2       5.0       1.0      16.7
 53710   .838516  -.069876  -.540377
  49418.7   9122.1     13.9     25.7    -18.4     28.9
     13.9     68.7    -18.4     57.7  27087.2  27882.8
       6.1      62.8       7.5      41.5
        .3      10.8       1.4      23.2
        .2       5.0       1.4      17.5
        .2       5.0       1.2      16.1
 53711   .807288  -.075683  -.585284
  45523.3   9362.6     14.2     26.1    -18.4     28.9
     14.1     69.0    -18.4     57.7  24414.4  25247.5
       3.5      57.1       7.1      42.0
        .1      10.7       1.3      21.9
        .4       5.0       1.1      16.5
        .1       5.0       1.3      15.9
 53712   .767414  -.082223  -.635858
  42039.1   9784.4     13.6     26.1    -18.4     28.9
     13.7     69.1    -18.4     57.7  22610.5  23393.7
       4.0      61.2       7.3      43.7
        .5       8.9       1.4      22.9
        .3       5.0        .9      16.7
        .2       5.0       1.1      15.6
 53713   .716102  -.089513  -.692232
  38405.9  10204.9     13.6     26.3    -18.4     28.9
     13.7     69.5    -18.4     57.7  19598.2  20488.1
       2.8      55.0       6.6      41.4
        .4       9.0       1.5      21.2
        .2       5.0       1.2      15.6
        .2       5.0       1.1      14.7
 53714   .649830  -.097475  -.753803
  35344.6  10984.6     13.7     26.6    -18.4     28.9
     13.8     69.8    -18.4     57.7  17867.2  18771.5
       4.4      59.6       5.1      43.4
        .4       8.3        .6      21.4
        .3       5.0       1.0      15.4
        .2       5.0        .8      14.2
 53715   .564543  -.105852  -.818588
  32506.9  12181.4     13.7     27.0    -18.4     28.9
     13.6     70.1    -17.4      8.1  15752.9  16377.0
        .9      53.5       5.6      42.6
        .0       8.1       1.0      18.6
        .2       5.0        .6      13.0
        .3       5.0        .6      12.4
 53716   .456422  -.114106  -.882416
  30286.4  14304.1     13.5     27.1    -18.4     28.9
     13.6     70.1    -17.1     14.3  14632.9  15376.8
       3.7      54.4       4.2      41.8
        .3       8.0        .7      18.6
        .3       5.1        .8      12.7
        .1       5.0        .6      11.6
 53717   .323582  -.121343  -.938387
  28622.2  18062.0     13.8     27.2    -18.2      7.9
     13.8     70.2    -17.0     25.8  13791.2  14434.3
       1.3      50.1       3.6      38.4
        .2       7.9        .9      15.2
        .2       5.3        .5      10.2
        .2       5.0        .5       9.1
 53718   .168544  -.126408  -.977555
  27681.4  22690.7     13.6     27.3    -17.3      9.2
     13.6     70.4    -17.4     37.3  13212.1  13709.3
        .8      52.8       3.0      43.5
        .4       8.0        .8      10.2
        .2       5.4        .6       7.0
        .3       5.0        .6       6.2
 53719   .000000  -.128243  -.991743
  27468.9  22853.1     13.8     27.6    -17.6     19.8
     13.8     70.5    -17.6     48.4  12830.3  13419.1
        .3      51.0       2.4      55.9
        .1       8.1        .8       7.0
        .3       5.5        .7       4.0
        .3       5.0        .7       3.8
 53720  -.085184  -.127776  -.988138
  27789.4  23021.4     13.6     27.4    -18.2     24.5
     13.7     70.3    -18.3     53.1  12910.4  13363.4
       -.3      53.0       -.7      63.1
        .2       8.0        .4       7.4
        .4       5.7        .3       3.4
        .3       5.0        .5       3.2
 53721  -.168544  -.126408  -.977555
  27907.2  23154.6     13.8     27.4    -17.3     24.4
     13.8     70.2    -17.3     53.1  13107.7  13673.2
       -.9      52.9      -5.4      62.6
        .3       8.0        .7       7.1
        .2       5.5        .7       3.0
        .3       5.0        .5       3.0
 53722  -.248443  -.124222  -.960648
  28444.6  23542.4     13.6     27.4    -16.9     19.8
     13.7     70.4    -16.9     48.4  13566.2  14026.6
      -1.8      48.9      -2.2      52.4
        .2       8.1        .3       6.2
        .2       5.4        .4       3.9
        .3       5.0        .3       3.4
 53723  -.323582  -.121343  -.938387
  28974.6  24068.5     13.9     27.2    -17.3     14.3
     13.7     70.3    -17.2     42.8  13828.6  14390.9
      -4.8      54.1      -3.2      45.5
        .4       8.2        .3       7.9
       -.1       5.6        .1       5.2
        .1       5.0        .2       4.6
 53724  -.393068  -.117920  -.911917
  29879.0  23916.4     14.0     27.2    -17.2      8.9
     14.0     70.2    -17.1     36.8  14691.0  15022.4
      -4.2      53.2      -3.2      41.1
        .2       8.2        .4       9.9
        .2       5.6        .1       7.0
        .2       5.0        .1       5.9
 53725  -.456422  -.114106  -.882416
  30687.7  21857.7     13.8     27.0    -17.3      4.8
     13.7     70.1    -17.1     31.2  14618.1  15464.8
      -4.4      53.3      -3.4      39.8
        .1       8.4        .3      12.3
       -.1       5.3        .0       8.3
        .2       5.0        .2       7.2
 53726  -.513527  -.110042  -.850988
  31686.3  18858.7     13.8     26.9    -18.1      3.5
     13.8     70.0    -17.3     25.1  15485.1  16127.7
      -3.9      54.7      -3.8      42.5
        .1       8.3       -.1      15.6
        .3       5.2        .2      10.2
        .2       5.0        .1       8.6
 53727  -.564543  -.105852  -.818588
  32723.6  16901.6     14.0     26.9    -18.4     28.9
     14.0     70.0    -17.2     19.0  16121.8  16806.1
      -2.4      55.8      -4.1      42.1
        .1       8.5       -.2      16.9
        .1       5.2        .0      11.5
        .1       5.0       -.1       9.8
 53728  -.649830  -.097475  -.753803
  35469.4  14279.4     14.0     26.6    -18.4     28.9
     14.0     69.6    -17.3      8.5  18311.9  18882.7
      -4.0      56.1      -6.1      46.4
        .2       8.8        .4      18.3
        .2       5.0        .3      12.5
        .1       5.0        .1      11.1
 53729  -.716102  -.089513  -.692232
  38440.9  12706.5     14.0     26.3    -18.4     28.9
     13.9     69.1    -16.9      8.2  19886.8  20718.0
      -2.6      57.5      -5.7      44.6
        .2       8.5        .4      19.8
        .2       5.0        .5      13.4
        .3       5.0        .3      11.6
 53730  -.767414  -.082223  -.635858
  42018.2  11699.7     14.1     26.0    -18.4     28.9
     14.1     69.0    -18.4     57.7  22303.3  22900.2
      -5.5      62.3      -4.4      46.9
        .0       9.7        .2      20.6
        .1       5.0        .3      14.7
        .3       5.0        .5      13.2
 53731  -.807288  -.075683  -.585284
  45545.7  11085.8     14.2     25.9    -18.4     28.9
     14.1     68.8    -18.4     57.7  24613.8  25420.5
      -5.5      60.7      -5.0      44.1
       -.4      10.4        .0      20.8
        .3       5.0        .8      14.9
        .2       5.0        .5      12.8
 53732  -.838516  -.069876  -.540377
  49402.1  10549.9     14.1     26.8    -18.4     28.9
     14.2     68.4    -18.4     57.7  26802.9  27764.7
      -5.6      61.2      -5.4      42.3
        .1       9.2        .4      21.8
        .4       5.0        .7      15.8
        .2       5.0        .7      14.2
 53733  -.863216  -.064741  -.500666
  53107.5  10117.9     14.5     25.2    -18.4     28.9
     14.4     68.5    -18.4     57.7  29572.5  30649.0
      -4.5      61.9      -5.4      42.7
        .0      11.6        .5      21.4
        .3       5.0       1.0      15.6
        .1       5.0        .6      13.8
 53734  -.882965  -.060202  -.465563
  57315.2   9997.6     14.3     24.9    -18.4     28.9
     14.3     68.1    -18.4     57.7  32445.6  33246.8
      -8.0      64.2      -6.4      42.3
        .0      13.2        .5      22.7
        .3       5.0        .6      16.8
        .2       5.0        .5      15.2
 53735  -.898927  -.056183  -.434481
  61285.1   9844.9     14.3     24.9    -18.4     28.9
     14.3     67.8    -18.4     57.7  35190.4  35944.8
      -6.0      65.8      -5.2      39.7
       -.2      12.6        .6      22.1
        .5       5.0       1.3      16.2
        .3       5.0        .6      14.6
 53736  -.911966  -.052613  -.406877
  65720.3   9619.6     14.4     24.6    -18.4     28.9
     14.4     67.6    -18.4     57.7  38058.1  39145.4
      -8.3      69.7      -5.8      41.2
       -.1      13.7        .2      23.1
        .4       5.0       1.0      17.3
        .3       5.0        .8      15.7
 53737  -.922727  -.049432  -.382272
  69715.3   9459.7     14.1     24.5    -18.4     28.9
     14.1     67.4    -18.4     57.7  40449.7  41816.0
      -4.5      66.9      -7.1      38.6
       -.2      14.1        .7      21.7
        .4       5.0       1.0      16.2
        .3       5.0        .8      14.9
 53738   .806111  -.362750  -.467544
  56909.8   9986.1     13.2     43.3    -18.4     28.9
     13.6     21.0    -18.4     57.7  31049.2  32216.8
      -1.8      57.6       8.2      40.3
       -.1      24.8       1.5      22.1
       -.1      16.2       1.6      17.2
        .1      13.6       1.0      16.1
 53739   .774912  -.387456  -.499388
  53284.5  10204.4     13.2     43.3    -18.4     28.9
     14.0     21.5    -18.4     57.7  29292.9  30209.7
      -2.5      61.1       6.7      42.3
       -.1      25.4       1.7      22.4
        .1      16.4       1.2      17.2
        .1      14.1       1.1      16.4
 53740   .736803  -.414452  -.534182
  49851.2  10640.6     13.2     43.3    -18.4     28.9
     13.7     22.2    -18.4     57.7  27293.4  28108.1
      -2.3      60.6       6.9      40.1
       -.2      25.4       1.3      21.1
       -.2      16.8       1.4      16.0
       -.3      14.2       1.5      15.4
 53741   .690099  -.443635  -.571796
  46446.3  11265.6     13.2     43.3    -18.4     28.9
     13.5     22.6    -18.4     57.7  24844.2  25745.3
      -1.4      61.9       7.5      44.2
       -.4      25.8       1.4      22.1
        .0      16.9       1.2      16.2
        .2      14.2       1.1      15.0
 53742   .632842  -.474632  -.611748
  43350.3  12110.2     13.2     43.3    -18.4     28.9
     13.8     23.3    -18.4     57.7  22790.1  23451.5
      -3.0      58.2       7.3      40.9
        .3      26.1       1.0      19.6
       -.3      17.3       1.3      14.6
        .2      14.6       1.0      13.9
 53743   .562936  -.506642  -.653006
  40503.9  13272.5     13.2     43.3    -18.4     28.9
     13.7     23.8    -18.4     57.7  20778.6  21697.2
      -5.6      57.5       7.5      44.8
        .1      26.3       1.0      20.6
        .2      17.2       1.0      14.3
        .0      14.9       1.0      13.6
 53744   .478468  -.538276  -.693778
  38468.7  14910.8     13.2     43.3    -18.4     28.9
     13.7     24.4    -18.0      9.3  19539.9  20318.2
      -2.5      58.9       7.3      41.4
        .2      27.2        .9      18.0
        .3      17.6        .5      12.5
        .1      14.9        .9      11.0
 53745   .378295  -.567442  -.731370
  36482.9  16023.6     13.2     43.3    -18.4     28.9
     13.3     25.0    -17.1     13.3  18313.4  19015.9
      -4.6      60.3       6.5      43.3
       -.5      27.3        .8      18.0
        .1      17.8        .7      11.9
        .2      15.2        .7      10.9
 53746   .262862  -.591440  -.762300
  35091.6  16726.2     13.2     43.3    -20.2      8.5
     13.6     25.2    -17.3     24.6  17627.8  18209.4
      -5.2      58.9       4.5      41.9
        .2      27.5        .6      15.2
        .0      18.4        .6      10.1
        .2      15.6        .6       8.7
 53747   .134975  -.607388  -.782855
  34213.7  16673.4     13.2     43.3    -17.5      8.6
     13.6     25.4    -17.4     36.3  17093.8  17949.9
      -2.1      58.8       2.6      46.6
       -.1      27.7        .8       9.9
        .4      18.5        .7       6.6
        .1      15.4        .7       5.9
 53748   .000000  -.612997  -.790085
  34043.4  16758.4     13.2     43.3    -18.2     19.1
     13.4     25.3    -18.1     47.7  16549.1  17429.4
      -6.3      58.0       2.5      60.4
       -.9      27.9       1.1       7.7
        .5      18.4        .7       3.5
        .2      15.3        .8       3.0
 53749  -.067953  -.611580  -.788259
  34179.2  16949.0     13.2     43.3    -18.4     23.7
     13.5     25.3    -18.4     52.4  17151.5  17687.2
      -5.7      58.1        .6      64.1
        .1      27.7        .7       9.9
        .0      18.1        .2       3.0
        .2      15.2        .4       3.0
 53750  -.134975  -.607388  -.782855
  34450.4  17309.7     13.2     43.3    -17.1     23.9
     13.4     25.2    -17.2     52.5  17186.4  17858.0
      -5.9      59.8       1.5      67.7
        .0      27.7        .8      10.9
        .0      18.2        .7       3.0
        .1      15.2        .7       3.0
 53751  -.200196  -.600588  -.774091
  34766.1  17791.3     13.2     43.3    -16.8     19.1
     13.3     25.3    -16.7     47.7  17538.5  18154.7
      -3.2      60.2       3.7      58.2
       -.1      27.0        .6       7.0
       -.1      18.3        .4       3.0
        .0      15.3        .3       3.0
 53752  -.262862  -.591440  -.762300
  35229.1  18152.3     13.2     43.3    -17.0     13.5
     13.6     24.9    -16.9     42.1  17622.3  18181.9
      -7.0      57.0       -.6      50.2
        .5      26.9        .6       8.1
        .0      18.2        .3       4.7
       -.1      15.2        .2       4.1
 53753  -.322373  -.580271  -.747905
  35890.4  18642.6     13.2     43.3    -17.0      8.0
     13.4     25.1    -16.9     36.3  18067.9  18770.9
      -5.6      56.1      -1.9      48.1
        .0      27.0        .4       9.9
        .3      18.0        .3       6.2
       -.1      15.0        .3       5.4
 53754  -.378295  -.567442  -.731370
  36679.6  18879.3     13.2     43.3    -17.6      3.9
     13.4     24.7    -17.0     30.1  18573.7  19257.1
      -4.3      56.8      -1.4      43.8
       -.2      27.0        .0      12.1
       -.2      17.6        .2       7.9
        .0      15.0        .3       6.8
 53755  -.430364  -.553325  -.713175
  37666.3  18755.5     13.2     43.3    -18.4     28.9
     13.6     24.5    -17.1     24.0  19288.9  19971.2
      -7.5      59.4        .7      44.3
       -.6      27.1        .1      14.6
        .3      17.6        .3       9.6
        .0      15.0        .1       8.2
 53756  -.478468  -.538276  -.693778
  38509.2  17925.5     13.2     43.3    -18.4     28.9
     13.7     24.5    -16.9     18.1  19484.3  20349.8
      -5.8      58.8      -2.5      43.2
        .0      26.9       -.1      16.6
        .0      17.6        .1      10.8
        .2      15.0        .1       9.4
 53757  -.562936  -.506642  -.653006
  40931.1  15565.2     13.2     43.3    -18.4     28.9
     13.4     23.9    -17.3      7.4  21061.0  21720.2
      -7.9      59.3      -4.3      44.9
        .2      26.7        .4      17.5
       -.2      17.3        .3      11.6
        .2      14.8        .4      10.7
 53758  -.632842  -.474632  -.611748
  43824.0  13778.0     13.2     43.3    -18.4     28.9
     13.4     23.3    -18.4     57.7  23058.1  23988.6
      -8.0      59.1      -3.0      44.1
        .1      26.6        .7      19.4
        .1      17.2        .2      13.1
        .1      14.7        .2      11.4
 53759  -.690099  -.443635  -.571796
  46650.4  12643.5     13.2     43.3    -18.4     28.9
     13.6     22.9    -18.4     57.7  25318.5  25904.8
      -7.6      58.7      -4.5      46.4
        .4      25.8        .6      19.8
        .2      16.8        .6      14.2
        .3      14.3        .5      12.3
 53760  -.736803  -.414452  -.534182
  49876.5  11848.6     13.2     43.3    -18.4     28.9
     13.8     22.2    -18.4     57.7  26968.0  27724.2
      -8.1      57.9      -5.6      44.3
       -.6      25.4        .2      20.1
       -.1      16.8        .6      14.5
        .1      14.3        .5      12.8
 53761  -.774912  -.387456  -.499388
  53134.1  11179.0     13.2     43.3    -18.4     28.9
     13.4     21.5    -18.4     57.7  28810.1  29794.9
      -7.1      55.9      -4.0      43.9
       -.1      24.8        .5      20.6
        .2      16.6        .9      15.4
        .1      13.8        .7      14.0
 53762  -.806111  -.362750  -.467544
  57034.4  10674.2     13.2     43.3    -18.4     28.9
     13.4     20.8    -18.4     57.7  31321.4  32326.9
      -7.0      61.6      -4.6      44.4
       -.8      25.0        .2      21.5
       -.2      16.4        .8      15.4
        .2      13.7        .9      13.8
 53763  -.831783  -.340275  -.438577
  60821.1  10378.2     13.2     43.3    -18.4     28.9
     13.6     20.5    -18.4     57.7  34034.9  35269.7
      -8.5      60.1      -6.3      41.7
       -.2      24.7        .3      22.2
        .0      16.1        .9      16.4
        .3      13.7        .7      14.8
 53764  -.853040  -.319890  -.412303
  64518.2  10095.0     13.2     43.3    -18.4     28.9
     13.8     20.1    -18.4     57.7  36936.8  38123.3
      -9.0      61.9      -6.9      43.2
       -.4      24.2        .4      21.7
        .1      16.0        .7      16.1
        .1      13.5       1.0      14.5
 53765  -.870759  -.301417  -.388493
  68595.4   9990.4     13.2     43.3    -18.4     28.9
     14.0     19.6    -18.4     57.7  39330.4  41001.3
      -8.2      59.6      -5.9      40.9
       -.5      24.2        .4      22.8
        .3      15.6       1.1      16.8
        .1      13.3        .9      15.4
 53766  -.885633  -.284668  -.366905
  72403.3   9692.7     13.2     43.3    -18.4     28.9
     14.0     19.4    -18.4     57.7  42071.5  43369.3
      -8.9      59.1      -3.9      39.5
       -.5      24.0        .3      21.9
        .2      15.6        .9      16.7
        .1      13.3       1.0      14.8
 53767   .467453  -.841416  -.271123
  98344.4  13646.5     13.2     43.3    -18.4     28.9
     13.2     86.6    -18.4     57.7  58454.0  60041.9
      -6.2      51.2       8.5      43.5
        .1      22.4       1.9      18.3
        .1      17.8       1.4      12.6
        .0      16.3       1.4      11.0
 53768   .429723  -.859446  -.276932
  96215.6  13433.5     13.2     43.3    -18.4     28.9
     13.2     86.6    -18.4     57.7  57386.1  58889.0
      -7.8      53.3       9.3      47.3
        .2      22.2       1.6      18.9
        .1      18.0       1.4      12.9
        .4      16.6       1.3      11.4
 53769   .389600  -.876600  -.282460
  94182.4  13247.6     13.2     43.3    -18.4     28.9
     13.2     86.6    -18.4     57.7  55836.7  57395.2
      -9.6      51.0      11.6      48.4
       -.2      22.8       2.0      18.2
        .2      18.0       1.4      11.7
        .3      16.6       1.2      10.1
 53770   .347131  -.892622  -.287623
  92412.6  13182.3     13.2     43.3    -18.4     28.9
     13.2     86.6    -18.4     57.7  54942.4  56265.9
      -4.9      45.4       9.0      54.4
       -.4      23.3       1.7      18.5
        .3      18.0       1.1      11.6
        .4      16.9       1.0      10.1
 53771   .302414  -.907242  -.292333
  91025.3  12952.2     13.2     43.3    -18.4     28.9
     13.2     86.6    -18.4     57.7  53841.0  55407.5
      -8.0      52.0      11.4      54.6
       -.2      22.7       1.8      17.5
       -.2      18.0       1.2      10.3
        .2      16.9       1.2       8.7
 53772   .255608  -.920190  -.296506
  89946.1  12880.2     13.2     43.3    -18.4     28.9
     13.2     86.6    -18.4     57.7  52972.1  54661.1
      -7.7      49.5       7.9      54.3
       -.5      23.6       1.8      17.5
        .3      18.6        .9      10.4
        .3      16.8        .9       8.6
 53773   .206935  -.931206  -.300055
  88642.4  12866.8     13.2     43.3    -18.4     28.9
     13.2     86.6    -18.4     57.7  52596.0  54227.1
      -8.6      48.7      11.1      59.3
       -.3      23.2       1.2      17.0
        .6      18.5        .9       9.2
        .2      17.1        .8       7.2
 53774   .156676  -.940054  -.302906
  87826.2  12656.6     13.2     43.3    -18.4     28.9
     13.2     86.6    -17.4      7.7  51305.0  52813.2
      -6.8      47.4       6.6      61.0
       -.3      23.3       1.3      16.6
        .3      18.7        .7       8.2
        .2      17.1        .8       6.7
 53775   .105170  -.946530  -.304993
  86944.6  12664.6     13.2     43.3    -18.4     28.9
     13.2     86.6    -17.6     20.2  51082.9  52668.7
      -7.5      46.4       8.6      65.9
        .2      23.4       1.2      17.1
        .1      18.7        .6       7.2
        .4      17.0        .5       5.7
 53776   .052804  -.950480  -.306266
  87222.9  12800.5     13.2     43.3    -18.1      5.0
     13.2     86.6    -18.0     33.0  51418.5  52634.1
      -8.7      48.7       8.1      71.6
       -.3      23.0       1.1      18.1
        .1      18.9        .8       5.1
        .1      17.0        .7       3.7
 53777   .000000  -.951808  -.306694
  87014.3  12727.3     13.2     43.3    -18.4     17.1
     13.2     86.6    -18.2     45.6  51013.4  52324.8
      -9.2      51.6      12.3      85.3
       -.5      23.0       2.1      28.2
        .0      18.5        .7       5.8
        .1      17.1        .6       3.0
 53778  -.026430  -.951476  -.306587
  86712.8  12754.4     13.2     43.3    -18.7     22.9
     13.2     86.6    -18.7     51.3  50947.2  52281.4
      -9.3      47.2       7.3      95.3
       -.1      22.9       2.6      38.7
        .6      18.3        .4       7.5
        .4      17.1        .4       3.0
 53779  -.052804  -.950480  -.306266
  86994.3  12788.1     13.2     43.3    -16.5     22.8
     13.2     86.6    -16.4     51.3  50820.7  52394.4
      -8.3      50.2       9.9     100.4
        .0      23.0       2.7      38.4
        .0      18.5       1.1       7.3
        .1      17.2       1.1       3.0
 53780  -.079069  -.948828  -.305734
  87114.2  12903.5     13.2     43.3    -15.8     17.4
     13.2     86.6    -15.8     46.0  51827.8  53017.2
      -9.8      49.1       8.5      88.7
        .1      22.8       1.8      28.4
        .0      18.5        .7       4.7
        .0      17.2        .6       3.0
 53781  -.105170  -.946530  -.304993
  87409.3  13012.5     13.2     43.3    -15.9     11.3
     13.2     86.6    -15.9     39.6  50863.1  52907.1
      -8.1      48.1       5.9      77.5
       -.4      22.9       1.0      22.1
        .1      18.5        .6       4.6
        .0      16.9        .5       3.0
 53782  -.131055  -.943599  -.304049
  88039.2  13063.7     13.2     43.3    -16.2      5.0
     13.2     86.6    -16.2     33.4  51366.5  53119.3
     -10.1      49.6       3.3      73.2
       -.5      23.1        .7      18.0
        .2      18.5        .5       5.0
        .2      16.8        .5       3.6
 53783  -.156676  -.940054  -.302906
  88124.4  13279.8     13.2     43.3    -18.4     28.9
     13.2     86.6    -16.1     26.8  52187.0  53241.0
     -11.3      51.3       6.4      70.6
        .0      22.6        .5      18.3
        .0      18.7        .2       6.2
        .2      17.6        .4       4.7
 53784  -.181983  -.935915  -.301572
  88307.0  13261.9     13.2     43.3    -18.4     28.9
     13.2     86.6    -16.5     20.1  52626.7  53821.8
      -9.5      52.1       1.3      68.6
        .0      23.1        .6      18.2
       -.1      18.5        .3       7.3
        .2      17.4        .4       5.5
 53785  -.206935  -.931206  -.300055
  89094.8  13373.4     13.2     43.3    -18.4     28.9
     13.2     86.6    -16.6     13.8  52633.1  53991.1
      -8.3      48.7       4.8      63.9
       -.5      23.0        .5      18.6
        .2      18.8        .4       8.1
        .2      17.4        .4       6.2
 53786  -.255608  -.920190  -.296506
  89957.1  13533.6     13.2     43.3    -18.4     28.9
     13.2     86.6    -17.3      3.2  52340.6  53741.6
      -7.8      48.4       1.2      64.6
       -.5      23.0        .3      16.6
        .3      18.6        .7       8.1
        .4      17.1        .7       6.7
 53787  -.302414  -.907242  -.292333
  91275.2  13765.2     13.2     43.3    -18.4     28.9
     13.2     86.6    -18.4     57.7  53756.7  55561.9
     -10.2      51.8        .5      59.1
       -.3      23.0        .2      18.9
        .3      18.4        .7      10.2
        .4      17.1        .7       8.0
 53788  -.347131  -.892622  -.287623
  92708.5  14161.5     13.2     43.3    -18.4     28.9
     13.2     86.6    -18.4     57.7  52959.7  55161.5
      -8.4      48.3       -.9      55.3
        .1      22.7       1.2      17.5
        .2      18.3       1.0       9.8
        .1      17.1        .8       8.5
 53789  -.389600  -.876600  -.282460
  94628.7  14366.0     13.2     43.3    -18.4     28.9
     13.2     86.6    -18.4     57.7  56154.9  57514.6
     -11.2      51.1       -.9      56.7
       -.2      22.8        .7      18.4
        .2      18.1        .7      11.2
       -.1      17.0        .7       9.4
 53790  -.429723  -.859446  -.276932
  96294.2  14495.3     13.2     43.3    -18.4     28.9
     13.2     86.6    -18.4     57.7  56891.1  58425.8
     -11.7      55.4      -2.0      54.2
       -.6      22.5        .7      18.3
        .5      18.2       1.2      11.2
        .2      16.9        .9       9.8
 53791  -.467453  -.841416  -.271123
  98339.8  14454.1     13.2     43.3    -18.4     28.9
     13.2     86.6    -18.4     57.7  58374.0  60404.3
      -9.6      48.7      -2.7      56.3
       -.3      23.2        .6      20.0
        .3      17.8       1.1      12.4
        .0      16.5       1.2      10.3
 53792  -.502792  -.822750  -.265108
 100488.8  14362.6     13.2     43.3    -18.4     28.9
     13.2     86.6    -18.4     57.7  59188.9  61273.6
      -9.1      48.2      -1.4      42.1
       -.1      22.9        .7      19.8
        .1      18.1       1.0      12.7
        .2      16.8        .9      11.1
 53793  -.535778  -.803668  -.258960
 102821.0  14230.3     13.2     43.3    -18.4     28.9
     13.2     86.6    -18.4     57.7  61159.6  63545.6
      -9.5      51.2      -3.8      44.4
       -.5      23.1        .6      20.7
        .1      17.8        .9      13.2
        .4      16.5       1.0      11.5
 53794  -.566482  -.784360  -.252738
 105552.6  13885.6     13.2     43.3    -18.4     28.9
     13.2     86.6    -18.4     57.7  61365.3  63148.5
      -9.9      53.1      -2.3      41.8
       -.2      22.6        .9      19.5
        .1      17.5       1.1      13.7
        .4      16.4       1.0      12.3
 53795  -.594996  -.764995  -.246498
 108351.3  13409.7     13.2     43.3    -18.4     28.9
     13.2     86.6    -18.4     57.7  64370.3  66324.2
     -10.6      52.0      -1.7      43.4
       -.3      22.3        .8      20.2
        .4      17.5       1.4      14.2
        .4      16.4       1.2      12.6
