CMSSW:newR11@-150V,3.8T@20d,263K,rhe=1.09183[mu=.122],rhh=0.7,0.00/0.00         
   150   1  3.80  28   3  29   3  150.00  263.00     .00 1.00000  1000.0   23.00  -43.50  150.000  100.000  290.000  1000.0   11.50  -21.75    1.50    1.00     .85
 54751  -.105170   .946530  -.304993
  87583.8  13606.6     11.5     43.3    -20.4     12.6
     11.5     86.6    -20.5     41.3  51544.9  53070.9
       9.4      50.6     -10.1      77.3
       1.7      23.3       -.4      22.1
       1.1      17.8        .3       4.3
       1.2      17.0        .4       3.0
 54752  -.113613   .937303  -.329476
  81288.4  13829.2     11.5     43.3    -20.5     12.8
     11.5     86.6    -20.5     41.3  47204.5  48537.5
      10.4      51.3      -8.9      76.2
       1.1      23.4       -.7      22.5
       1.2      19.7        .3       4.5
       1.1      18.7        .3       3.0
 54753  -.123410   .925573  -.357888
  74878.5  13928.7     11.5     43.3    -20.6     13.0
     11.5     86.6    -20.6     41.5  43215.8  44458.2
       8.6      51.6     -10.0      77.3
       1.2      22.7       -.5      18.4
        .9      17.6        .4       3.5
       1.4      16.7        .3       3.0
 54754  -.134874   .910397  -.391134
  68315.3  14046.3     11.5     43.3    -20.7     13.0
     11.5     86.6    -20.8     41.8  38283.9  39871.8
       9.0      52.4      -6.9      75.0
       1.4      23.5       -.5      17.9
       1.0      19.5        .3       3.6
       1.1      18.6        .4       3.0
 54755  -.148397   .890380  -.430350
  62179.2  14474.7     11.5     43.3    -20.6     13.2
     11.5     86.6    -20.7     41.9  34701.0  35915.9
      10.1      51.4      -8.0      71.7
       1.1      22.4       -.2      14.4
       1.0      17.2        .4       3.4
       1.0      16.0        .3       3.0
 54756  -.164460   .863416  -.476934
  56346.6  14933.4     11.5     43.3    -20.8     13.4
     11.5     86.6    -20.8     42.0  30767.6  31651.0
       9.5      51.8      -5.8      69.2
       1.8      23.0       -.1      13.1
        .9      18.5        .3       3.5
       1.0      18.0        .3       3.0
 54757  -.183618   .826279  -.532491
  50410.4  15562.7     11.5     43.3    -20.8     13.6
     11.5     86.6    -20.7     42.3  26905.5  28173.6
      10.0      53.5      -7.9      60.1
       1.5      21.8       -.1      12.2
        .8      15.9        .3       3.7
        .8      14.8        .3       3.0
 54758  -.206405   .774019  -.598575
  45005.5  16673.3     11.5     43.3    -21.0     14.0
     13.6      9.1    -21.1     42.7  23795.4  24516.1
      11.6      54.4      -8.0      59.2
        .8      22.1        .2       9.2
        .8      17.3        .3       3.8
        .6      17.1        .3       3.0
 54759  -.233063   .699189  -.675882
  40114.2  18705.0     11.5     43.3    -21.2     14.2
     12.5     18.8    -21.1     42.9  20947.8  21533.5
       8.6      57.2      -7.6      57.8
       1.3      27.2        .3       7.9
       1.1      18.0        .2       3.6
       1.0      14.7        .3       3.0
 54760  -.262862   .591440  -.762300
  35509.7  22301.7     14.5      8.6    -21.4     14.6
     12.6     37.5    -21.4     43.3  17672.5  18497.1
       4.9      56.0      -6.4      55.1
       1.1      23.2        .3       7.3
        .7      15.1        .3       3.9
        .9      12.2        .3       3.1
 54761  -.292854   .439281  -.849276
  32222.9  26350.4     12.4     13.4    -21.2     14.8
     12.4     56.1    -21.2     43.4  15971.3  16523.1
       5.3      48.1      -5.7      49.3
       1.1      14.1        .1       7.0
        .7       8.8        .2       3.9
        .6       7.5        .2       3.3
 54762  -.316664   .237498  -.918324
  29864.0  24892.2     12.0     30.9    -21.1     15.0
     12.0     74.0    -21.1     43.6  13731.5  14489.0
       3.9      56.0      -5.9      48.8
        .7       6.7        .3       7.2
        .9       5.0        .2       4.0
        .9       5.0        .2       3.4
 54763  -.325991   .000000  -.945373
  29147.3  24117.8     12.8     37.0    -21.3     15.1
     12.8     80.0    -21.3     43.7  13740.1  14386.2
       -.6      64.0      -3.2      51.7
        .3       6.5       -.1       7.1
        .5       5.0        .3       4.1
        .3       5.0        .2       3.4
 54764  -.323582  -.121343  -.938387
  29095.2  24210.2     12.0     28.4    -21.4     15.9
     12.0     71.7    -21.3     43.6  14114.3  14696.4
      -1.6      56.2      -2.9      49.2
        .1       7.5        .1       7.3
        .4       5.0        .2       4.0
        .3       5.0        .2       3.4
 54765  -.316664  -.237498  -.918324
  29692.4  24607.4     11.7     20.0    -21.6     15.1
     11.8     62.9    -21.5     43.9  14245.1  14875.5
      -4.1      48.3      -5.1      52.2
        .4      10.8        .1       6.7
        .1       7.1        .2       4.1
        .2       5.9        .2       3.4
 54766  -.306058  -.344315  -.887567
  30632.5  24555.1     12.1     11.4    -21.2     15.0
     12.0     54.1    -21.2     43.7  14891.4  15568.6
      -5.0      49.4      -2.2      46.0
        .3      14.9        .1       6.8
        .4       9.8        .3       3.9
        .4       8.3        .2       3.4
 54767  -.292854  -.439281  -.849276
  31931.3  22758.4     11.6      6.1    -21.1     14.9
     11.6     44.8    -21.2     43.6  15786.0  16325.5
      -4.5      49.3       -.7      49.2
        .3      18.9        .1       7.0
        .3      12.4        .2       4.0
        .2      10.3        .2       3.3
 54768  -.278147  -.521525  -.806626
  33565.5  20157.0     11.5     43.3    -21.1     14.8
     11.8     35.6    -21.2     43.4  16823.4  17387.2
      -4.9      56.3       -.7      53.3
        .0      24.2        .2       6.9
        .3      16.1        .3       3.8
        .1      13.2        .2       3.3
 54769  -.262862  -.591440  -.762300
  35359.1  18185.9     11.5     43.3    -21.1     14.6
     11.9     26.3    -21.1     43.3  17746.4  18374.6
      -8.7      59.9      -3.3      51.3
        .5      27.7        .3       7.9
        .7      18.0        .3       3.8
        .2      14.9        .2       3.2
 54770  -.233063  -.699189  -.675882
  39684.0  15886.1     11.5     43.3    -20.9     14.3
     11.6     10.2    -20.9     43.0  20503.5  21240.5
      -5.9      51.0        .1      55.0
       -.4      24.4        .2       8.3
        .2      17.4        .2       3.9
        .1      16.2        .2       3.0
 54771  -.206405  -.774019  -.598575
  44862.2  14645.3     11.5     43.3    -20.9     14.1
     11.5     86.6    -20.9     42.7  23906.1  24614.2
      -6.6      52.7       2.2      63.7
       -.4      23.4        .0      10.4
        .1      17.5        .2       3.6
        .0      17.1        .3       3.0
 54772  -.183618  -.826279  -.532491
  50103.6  13954.7     11.5     43.3    -20.9     13.8
     11.5     86.6    -20.9     42.6  27575.8  28115.8
      -8.1      51.7       3.0      63.0
       -.2      22.0        .2      11.8
       -.3      16.9        .2       3.4
        .0      15.2        .2       3.0
 54773  -.164460  -.863416  -.476934
  56056.0  13673.4     11.5     43.3    -20.8     13.4
     11.5     86.6    -20.7     42.2  31073.7  31936.1
      -9.5      49.2       1.9      66.6
       -.3      23.6        .0      12.3
       -.1      19.0        .4       4.2
       -.1      18.1        .3       3.0
 54774  -.148397  -.890380  -.430350
  62175.1  13402.1     11.5     43.3    -20.8     13.3
     11.5     86.6    -20.7     41.9  34571.8  35494.5
     -10.5      53.1       4.7      73.3
       -.5      22.4        .9      13.0
        .3      17.5        .3       3.6
       -.2      16.2        .3       3.0
 54775  -.134874  -.910397  -.391134
  68430.7  13284.0     11.5     43.3    -20.5     13.1
     11.5     86.6    -20.6     41.6  39196.7  40360.4
      -9.4      48.9       2.0      72.0
       -.2      24.2        .6      19.5
       -.2      19.3        .4       3.4
       -.4      18.9        .3       3.0
 54776  -.123410  -.925573  -.357888
  74680.3  13007.9     11.5     43.3    -20.7     13.0
     11.5     86.6    -20.7     41.7  43333.5  44676.9
      -7.3      49.6       5.3      76.4
        .1      22.6        .6      20.1
        .4      17.9        .3       4.1
       -.1      16.4        .4       3.0
 54777  -.113613  -.937303  -.329476
  81028.9  12976.3     11.5     43.3    -20.4     12.8
     11.5     86.6    -20.4     41.4  47587.1  48729.6
      -7.9      53.0       3.6      78.6
       -.7      24.5        .9      21.2
        .0      19.8        .3       4.2
       -.3      19.1        .3       3.0
 54778  -.105170  -.946530  -.304993
  87672.9  12944.4     11.5     43.3    -20.7     12.7
     11.5     86.6    -20.6     41.3  52125.5  53471.3
      -8.5      47.0       9.6      79.6
       -.6      22.9       1.7      24.1
        .0      18.1        .4       4.5
       -.1      16.8        .4       3.0
 54779   .863216  -.064741  -.500666
  53552.5   8788.1     12.3     27.4    -21.8     28.9
     12.3     70.3    -21.8     57.7  29749.1  30512.4
       4.8      63.1       6.4      39.9
        .5      11.8       1.2      23.0
        .4       5.0       1.1      17.3
        .4       5.0       1.0      16.1
 54780   .838516  -.069876  -.540377
  49565.3   8870.6     12.4     27.2    -21.8     28.9
     12.3     70.1    -21.8     57.7  27459.4  28345.0
       4.5      64.6       6.0      43.3
        .5       9.7       1.2      23.6
        .4       5.0        .8      17.1
        .4       5.0        .7      16.1
 54781   .807288  -.075683  -.585284
  45845.3   9137.3     12.2     27.5    -21.8     28.9
     12.2     70.7    -21.8     57.7  24655.1  25237.1
       5.8      67.1       6.4      41.6
        .5       9.7       1.0      21.9
        .5       5.0        .8      16.5
        .4       5.0        .9      15.0
 54782   .767414  -.082223  -.635858
  42011.5   9332.2     12.2     27.7    -21.8     28.9
     12.2     70.7    -21.8     57.7  22450.4  23413.6
       5.9      58.2       6.1      42.2
        .5       9.2       1.0      23.4
        .3       5.0        .5      16.6
        .3       5.0        .5      15.1
 54783   .716102  -.089513  -.692232
  38635.2   9850.0     11.9     27.8    -21.8     28.9
     11.9     70.9    -21.8     57.7  20258.2  20841.7
       2.3      59.8       7.6      43.2
        .4       9.0        .7      21.3
        .3       5.0        .7      15.2
        .4       5.0       1.0      14.2
 54784   .649830  -.097475  -.753803
  35216.6  10537.1     12.4     28.2    -21.8     28.9
     12.3     71.3    -21.8     57.7  17948.3  18502.3
       2.2      58.3       4.2      43.8
        .4       8.1       1.2      21.4
        .3       5.0        .8      15.3
        .3       5.0        .8      13.9
 54785   .564543  -.105852  -.818588
  32638.3  11519.9     12.2     28.7    -21.8     28.9
     12.1     71.4    -21.1      7.7  16036.5  16855.7
       1.6      60.3       4.4      42.2
        .3       7.6       1.1      19.3
        .4       5.0        .7      13.2
        .3       5.0        .9      11.9
 54786   .456422  -.114106  -.882416
  30300.5  13478.3     12.0     28.5    -21.8     28.9
     12.1     71.5    -21.1     13.2  14548.6  15263.8
       1.0      52.6       3.6      41.6
        .1       7.1        .9      18.8
        .2       5.0        .7      12.9
        .4       5.0        .7      11.4
 54787   .323582  -.121343  -.938387
  28698.1  16924.5     12.0     28.7    -18.5      8.2
     12.0     71.9    -21.3     24.4  13936.1  14465.0
       -.8      53.0       3.9      39.3
        .1       7.6       1.1      16.1
        .4       5.0        .8      10.7
        .3       5.0        .8       8.8
 54788   .168544  -.126408  -.977555
  27728.4  21404.7     12.1     29.0    -21.2      8.0
     12.1     72.0    -21.2     36.1  13283.2  13730.2
      -1.7      55.3       2.7      40.3
        .2       7.0        .8      10.3
        .3       5.0        .6       6.8
        .5       5.0        .7       5.6
 54789   .000000  -.128243  -.991743
  27462.9  22893.4     12.1     28.9    -21.5     18.7
     12.1     71.8    -21.5     47.4  12914.3  13471.6
      -5.6      50.4       1.6      48.4
        .1       7.4       1.0       7.2
        .3       5.0        .6       3.0
        .2       5.0        .7       3.0
 54790  -.085184  -.127776  -.988138
  27746.4  22899.4     11.8     28.8    -22.0     23.9
     11.9     71.9    -21.9     52.6  12941.7  13574.7
        .2      50.2      -2.2      62.4
        .5       7.4        .5       6.6
        .4       5.0        .6       3.0
        .4       5.0        .7       3.0
 54791  -.168544  -.126408  -.977555
  28074.9  23143.0     11.9     28.7    -20.8     25.7
     11.9     71.7    -20.8     54.3  13347.9  13789.1
      -1.0      53.4      -2.4      65.1
        .2       7.3        .9       6.8
        .4       5.0        .8       3.0
        .4       5.0        .6       3.0
 54792  -.248443  -.124222  -.960648
  28670.2  23650.2     12.0     28.8    -21.1     20.8
     12.0     72.0    -21.1     49.5  13705.2  14136.1
       -.8      56.5      -4.8      54.3
        .1       7.8        .1       6.1
        .4       5.0        .2       3.0
        .3       5.0        .2       3.0
 54793  -.323582  -.121343  -.938387
  29063.7  24183.7     12.1     28.7    -21.2     15.1
     12.1     71.7    -21.3     43.8  13994.7  14532.2
      -3.6      53.3      -3.5      45.3
        .3       7.3        .2       6.9
        .3       5.0        .2       3.9
        .2       5.0        .2       3.5
 54794  -.393068  -.117920  -.911917
  29868.6  24031.0     12.0     28.5    -21.5      9.4
     12.0     71.5    -21.4     37.9  14670.3  15082.5
      -2.0      49.3      -4.7      45.2
        .4       7.2        .3       9.2
        .3       5.0        .2       5.8
        .3       5.0        .2       4.9
 54795  -.456422  -.114106  -.882416
  30822.9  22367.9     12.1     28.4    -21.5      4.7
     12.1     71.5    -21.3     32.1  15316.1  15736.3
      -2.4      54.4      -4.5      40.8
        .3       7.4        .1      11.4
        .3       5.0        .2       7.5
        .3       5.0        .2       6.4
 54796  -.513527  -.110042  -.850988
  31751.4  20066.2     11.8     28.3    -21.7      5.8
     11.8     71.4    -21.7     25.9  15487.0  16076.5
      -5.3      56.1      -2.8      43.3
        .1       7.7       -.3      14.5
        .3       5.0        .2       9.6
        .3       5.0        .3       7.8
 54797  -.564543  -.105852  -.818588
  32918.7  17839.0     12.1     28.3    -21.8     28.9
     12.1     71.3    -21.5     19.9  16525.6  17042.8
      -2.8      53.5      -4.7      42.2
        .4       8.0       -.1      16.7
        .4       5.0        .2      10.9
        .4       5.0        .2       9.3
 54798  -.649830  -.097475  -.753803
  35539.8  14761.4     12.0     27.9    -21.8     28.9
     12.0     71.0    -21.5      8.7  18238.2  18908.6
      -5.6      58.1      -4.5      43.0
        .1       8.1        .0      17.5
        .4       5.0        .2      12.0
        .4       5.0        .2      11.0
 54799  -.716102  -.089513  -.692232
  38585.6  12978.0     12.1     27.7    -21.8     28.9
     12.2     70.9    -21.8     57.7  20479.6  21060.2
      -2.2      60.6      -4.5      44.9
        .3       8.6        .2      19.4
        .3       5.0        .1      12.9
        .3       5.0        .1      11.3
 54800  -.767414  -.082223  -.635858
  42014.7  11929.8     12.5     27.3    -21.8     28.9
     12.2     70.6    -21.8     57.7  22154.4  23098.3
      -4.7      60.1      -5.1      44.9
       -.2       9.7       -.4      20.0
        .3       5.0       -.1      14.3
        .2       5.0       -.2      13.2
 54801  -.807288  -.075683  -.585284
  45598.8  11171.7     12.6     27.3    -21.8     28.9
     12.4     70.3    -21.8     57.7  24479.7  25453.2
      -5.2      61.7      -5.4      41.8
        .2       9.9        .1      20.0
        .4       5.0       -.1      14.5
        .4       5.0        .1      12.4
 54802  -.838516  -.069876  -.540377
  49345.8  10735.5     12.1     27.1    -21.8     28.9
     12.1     70.2    -21.8     57.7  26597.8  27454.1
      -5.0      66.3      -6.2      44.5
        .0      10.3        .1      21.3
        .3       5.0        .0      15.3
        .4       5.0        .1      14.3
 54803  -.863216  -.064741  -.500666
  53283.5  10363.4     12.3     26.9    -21.8     28.9
     12.2     70.1    -21.8     57.7  29741.1  30489.9
      -6.4      63.6      -6.1      41.5
        .1      11.4       -.4      20.4
        .3       5.0        .2      15.1
        .3       5.0        .0      13.5
 54804  -.882965  -.060202  -.465563
  57262.4  10043.9     12.7     26.9    -21.8     28.9
     12.6     70.0    -21.8     57.7  32037.1  32889.7
      -1.8      67.4      -7.3      43.3
        .3      11.9       -.3      22.2
        .4       5.0        .1      16.4
        .4       5.0       -.2      15.1
 54805  -.898927  -.056183  -.434481
  61378.5   9882.7     12.8     26.7    -21.8     28.9
     12.5     69.7    -21.8     57.7  34729.2  36109.5
      -7.3      66.6      -6.7      41.1
        .3      12.9       -.1      21.2
        .3       5.0        .3      15.7
        .4       5.0        .1      14.4
 54806  -.911966  -.052613  -.406877
  65559.9   9770.0     12.4     26.8    -21.8     28.9
     12.3     69.5    -21.8     57.7  37366.7  38617.0
      -5.2      66.2      -6.8      41.6
       -.2      13.7       -.4      22.9
        .4       5.0       -.1      17.0
        .4       5.0        .1      15.4
 54807  -.922727  -.049432  -.382272
  69844.8   9614.5     12.4     26.5    -21.8     28.9
     12.4     69.4    -21.8     57.7  41036.8  41908.8
      -7.5      68.2      -5.4      39.7
       -.3      15.4       -.7      21.5
        .4       5.0        .0      16.3
        .4       5.0       -.1      14.8
 54808   .806111  -.362750  -.467544
  57070.6   9389.4     11.5     43.3    -21.8     28.9
     11.7     22.4    -21.8     57.7  32013.3  33128.1
        .2      60.1       7.4      40.0
        .1      25.3       1.3      21.4
        .5      16.4        .7      16.8
        .2      13.7        .7      15.9
 54809   .774912  -.387456  -.499388
  53546.7   9686.1     11.5     43.3    -21.8     28.9
     11.8     23.0    -21.8     57.7  29680.1  30714.2
      -1.3      62.1       7.3      43.2
        .1      25.2        .9      22.6
        .5      16.5        .6      17.3
        .5      13.9        .9      15.9
 54810   .736803  -.414452  -.534182
  49969.3  10081.1     11.5     43.3    -21.8     28.9
     11.9     23.4    -21.8     57.7  26898.0  27872.7
      -2.1      59.8       7.2      41.2
       -.5      25.7       1.3      21.4
        .0      16.6       1.0      15.8
        .2      14.2       1.0      14.7
 54811   .690099  -.443635  -.571796
  46581.3  10508.9     11.5     43.3    -21.8     28.9
     12.0     24.0    -21.8     57.7  25109.6  25994.2
      -1.6      58.7       6.6      43.0
        .1      25.8        .7      22.1
        .0      16.9        .9      16.2
        .3      14.3        .7      14.8
 54812   .632842  -.474632  -.611748
  43779.9  11189.8     11.5     43.3    -21.8     28.9
     12.2     24.6    -21.8     57.7  23067.1  23839.2
      -2.1      60.3       6.2      42.9
       -.3      27.0        .9      20.0
        .3      17.3        .7      14.5
        .2      14.7        .7      13.3
 54813   .562936  -.506642  -.653006
  41032.7  12207.2     11.5     43.3    -21.8     28.9
     11.6     25.4    -21.8     57.7  21245.4  22041.8
      -4.6      59.2       6.3      46.2
        .7      26.6        .7      20.8
        .0      17.5        .8      14.8
        .2      14.8        .7      13.2
 54814   .478468  -.538276  -.693778
  38440.8  13698.1     11.5     43.3    -21.8     28.9
     11.9     25.9    -22.0      8.9  20184.5  20803.8
      -1.7      57.2       4.7      43.3
        .4      26.9        .6      17.8
        .1      17.6        .6      12.6
        .3      15.0        .6      11.1
 54815   .378295  -.567442  -.731370
  36591.5  15417.8     11.5     43.3    -21.8     28.9
     11.9     26.3    -21.3     11.6  18210.0  18945.4
      -3.3      56.7       4.4      43.5
        .4      27.2        .9      17.5
        .2      17.9        .8      11.9
        .4      15.1        .6      10.4
 54816   .262862  -.591440  -.762300
  35200.1  17087.6     11.5     43.3    -21.8     28.9
     11.5     26.7    -21.3     23.3  17392.1  18328.1
      -4.7      61.3       3.5      44.9
       -.6      27.4       1.3      15.5
       -.1      18.0        .7       9.9
        .1      15.2        .6       8.5
 54817   .134975  -.607388  -.782855
  34236.8  17486.0     11.5     43.3    -21.4      6.9
     11.8     26.9    -21.4     35.1  17168.1  17912.5
      -4.1      59.2       2.2      42.6
        .2      27.3        .7       9.9
        .0      17.9        .8       6.3
        .2      15.0        .6       5.3
 54818   .000000  -.612997  -.790085
  34039.9  17549.9     11.5     43.3    -21.5     18.2
     11.6     26.7    -21.5     46.9  17171.8  17704.9
      -6.2      60.0       3.4      57.4
        .4      27.8        .7       8.9
        .2      18.1        .5       3.0
       -.1      15.3        .8       3.0
 54819  -.067953  -.611580  -.788259
  34201.0  17633.3     11.5     43.3    -22.4     23.7
     11.7     26.6    -22.3     52.4  17015.1  17575.9
      -5.2      58.2       5.5      65.3
        .2      27.5        .4      10.1
        .1      18.1        .5       3.0
        .1      15.0        .6       3.0
 54820  -.134975  -.607388  -.782855
  34656.2  17809.2     11.5     43.3    -20.6     25.6
     11.6     26.5    -20.6     54.2  17292.3  18034.9
      -8.0      60.2       1.6      70.9
        .3      27.4       1.0      14.2
        .2      18.3        .9       3.0
        .1      14.7        .6       3.0
 54821  -.200196  -.600588  -.774091
  34840.5  17944.2     11.5     43.3    -21.2     20.4
     11.6     26.6    -21.1     49.1  17750.5  18372.9
      -5.7      57.8      -2.1      62.1
        .0      27.7        .4       8.6
        .1      18.3        .3       3.0
        .2      14.8        .2       3.0
 54822  -.262862  -.591440  -.762300
  35238.5  18215.9     11.5     43.3    -21.3     14.5
     12.0     26.4    -21.2     43.3  18085.0  18654.0
      -5.9      58.8       -.9      52.1
       -.7      27.2        .3       7.5
        .0      18.1        .3       3.8
        .1      14.7        .2       3.2
 54823  -.322373  -.580271  -.747905
  36055.8  18625.3     11.5     43.3    -21.2      8.8
     12.0     26.2    -21.1     37.3  18045.5  18901.1
      -5.7      59.0      -1.7      45.4
        .2      27.1        .0       8.9
        .1      18.1        .3       5.4
        .3      14.9        .4       4.5
 54824  -.378295  -.567442  -.731370
  36829.7  18892.2     11.5     43.3    -21.4      4.1
     11.8     26.1    -21.4     31.3  18862.9  19391.0
      -7.5      58.3      -3.5      41.4
        .1      27.2        .2      11.5
        .2      17.8        .1       7.1
        .2      14.9        .2       6.0
 54825  -.430364  -.553325  -.713175
  37843.7  19096.2     11.5     43.3    -21.8     28.9
     12.0     25.8    -21.3     24.9  19532.9  20165.3
      -6.9      61.1      -2.5      45.6
        .3      27.2        .1      14.2
        .3      17.9        .3       9.1
        .1      14.9        .3       7.5
 54826  -.478468  -.538276  -.693778
  38560.3  18564.7     11.5     43.3    -21.8     28.9
     12.0     25.5    -21.1     18.9  20195.9  20704.6
      -6.0      57.1      -2.6      42.7
        .1      26.7        .2      15.7
        .1      17.4        .2      10.1
        .5      14.6        .3       8.7
 54827  -.562936  -.506642  -.653006
  41200.4  16800.9     11.5     43.3    -21.8     28.9
     11.9     24.9    -21.5      7.9  21577.7  22426.8
      -6.8      56.5      -4.9      43.8
       -.2      27.2       -.2      17.2
        .0      17.5        .2      11.3
        .3      14.4        .3      10.0
 54828  -.632842  -.474632  -.611748
  43765.0  14780.0     11.5     43.3    -21.8     28.9
     11.9     24.5    -21.8     57.7  23112.0  24061.6
      -5.6      57.0      -4.6      44.6
       -.4      26.3        .1      18.5
        .3      17.2        .2      12.6
        .2      14.5        .2      10.9
 54829  -.690099  -.443635  -.571796
  46709.6  13262.0     11.5     43.3    -21.8     28.9
     11.6     23.7    -21.8     57.7  24764.2  25948.0
      -8.0      58.8      -4.9      44.8
       -.1      25.6       -.2      19.6
        .2      16.9       -.1      13.7
        .1      14.1       -.1      12.3
 54830  -.736803  -.414452  -.534182
  49879.0  12299.5     11.5     43.3    -21.8     28.9
     11.7     23.2    -21.8     57.7  27033.6  27847.1
      -6.9      58.3      -4.2      42.8
        .1      25.3        .2      19.4
        .5      16.6        .1      13.7
        .2      13.9        .1      12.1
 54831  -.774912  -.387456  -.499388
  53312.5  11639.2     11.5     43.3    -21.8     28.9
     12.1     22.6    -21.8     57.7  29553.1  30467.2
      -7.4      57.0      -4.9      41.9
       -.2      25.6       -.2      21.3
        .3      16.3        .1      14.9
        .5      13.8        .3      13.8
 54832  -.806111  -.362750  -.467544
  57074.4  11177.4     11.5     43.3    -21.8     28.9
     12.1     22.1    -21.8     57.7  31540.3  32660.1
      -7.5      63.5      -6.3      41.1
       -.1      25.3       -.4      20.4
        .5      16.4        .2      15.0
        .4      13.6        .2      13.2
 54833  -.831783  -.340275  -.438577
  60744.0  10802.6     11.5     43.3    -21.8     28.9
     12.0     21.7    -21.8     57.7  34323.2  35586.0
      -7.5      58.0      -4.7      42.0
        .1      25.0       -.1      21.8
        .1      16.3       -.1      16.1
        .2      13.6        .1      14.7
 54834  -.853040  -.319890  -.412303
  64905.0  10508.0     11.5     43.3    -21.8     28.9
     11.8     21.3    -21.8     57.7  36570.4  37713.8
      -5.6      59.7      -5.5      42.6
        .2      24.9        .0      20.9
        .3      16.1        .1      15.6
        .1      13.7        .1      14.2
 54835  -.870759  -.301417  -.388493
  68717.3  10368.5     11.5     43.3    -21.8     28.9
     12.1     21.0    -21.8     57.7  39644.6  40871.2
      -9.0      60.8      -6.7      40.6
       -.2      24.8       -.2      22.5
        .2      15.9        .0      16.4
        .4      13.4        .2      15.2
 54836  -.885633  -.284668  -.366905
  72686.6   9997.1     11.5     43.3    -21.8     28.9
     11.9     20.5    -21.8     57.7  42353.9  43404.9
      -5.9      60.1      -4.9      38.9
        .1      24.4       -.5      21.6
        .2      15.7        .0      15.9
        .5      13.3        .3      14.4
 54837   .467453  -.841416  -.271123
  98767.4  13885.2     11.5     43.3    -21.8     28.9
     11.5     86.6    -21.8     57.7  58479.7  60716.0
      -8.0      50.1       9.6      42.8
       -.4      22.7       1.1      18.4
        .5      17.5        .4      12.7
        .3      16.5        .5      11.1
 54838   .429723  -.859446  -.276932
  96527.5  13843.8     11.5     43.3    -21.8     28.9
     11.5     86.6    -21.8     57.7  57199.0  59049.3
      -7.4      50.1       9.3      47.2
       -.3      22.6       1.3      19.2
        .3      17.5        .7      12.8
        .3      16.4        .8      11.1
 54839   .389600  -.876600  -.282460
  94902.8  13811.4     11.5     43.3    -21.8     28.9
     11.5     86.6    -21.8     57.7  56213.7  58113.8
      -8.9      54.7       8.9      47.9
       -.4      22.6        .8      18.0
        .2      18.1        .7      11.9
        .3      16.4        .8       9.9
 54840   .347131  -.892622  -.287623
  92528.9  13564.2     11.5     43.3    -21.8     28.9
     11.5     86.6    -21.8     57.7  54569.0  56672.4
      -5.9      51.1       7.6      48.6
       -.2      22.3       1.1      18.5
        .1      17.3        .7      11.5
        .1      16.7        .7       9.7
 54841   .302414  -.907242  -.292333
  91295.3  13518.7     11.5     43.3    -21.8     28.9
     11.5     86.6    -21.8     57.7  53615.1  55175.0
      -9.2      49.4       7.2      49.9
       -.9      22.7       1.4      18.0
        .2      18.1        .6      10.7
        .4      16.7        .7       8.9
 54842   .255608  -.920190  -.296506
  90156.2  13366.0     11.5     43.3    -21.8     28.9
     11.5     86.6    -21.8     57.7  52663.4  54918.8
      -8.5      51.9       9.6      55.5
       -.6      22.6       1.0      18.1
       -.1      18.0        .7       9.8
        .0      16.6        .7       8.2
 54843   .206935  -.931206  -.300055
  89072.2  13148.5     11.5     43.3    -21.8     28.9
     11.5     86.6    -21.8     57.7  52473.0  54146.2
      -9.1      49.7       9.4      56.9
       -.1      23.1       1.0      18.3
        .0      18.2        .8       9.5
        .1      16.5        .6       7.5
 54844   .156676  -.940054  -.302906
  88321.3  13042.1     11.5     43.3    -21.8     28.9
     11.5     86.6    -21.3      6.1  51814.1  53059.2
      -8.8      49.3       8.3      60.9
       -.5      22.7       1.4      17.3
        .3      17.9        .7       8.2
       -.1      16.6        .7       6.4
 54845   .105170  -.946530  -.304993
  87324.7  12931.8     11.5     43.3    -21.8     28.9
     11.5     86.6    -22.0     18.9  51272.2  52600.6
      -7.5      50.5       6.7      63.7
       -.4      22.7        .9      18.1
        .3      18.2        .5       7.2
        .3      16.7        .5       5.5
 54846   .052804  -.950480  -.306266
  86999.5  12949.1     11.5     43.3    -21.9      3.8
     11.5     86.6    -21.5     32.2  51244.6  53085.6
      -9.5      50.7       8.4      74.5
       -.5      22.8       1.2      17.3
       -.1      18.1        .7       5.0
        .3      16.9        .5       3.8
 54847   .000000  -.951808  -.306694
  86927.5  12876.0     11.5     43.3    -22.4     16.5
     11.5     86.6    -22.3     45.1  51161.9  52424.4
     -11.2      51.1       4.2      85.7
       -.5      23.3       2.0      27.6
        .2      18.2        .5       4.7
        .0      16.7        .5       3.0
 54848  -.026430  -.951476  -.306587
  87035.5  12907.9     11.5     43.3    -22.7     22.8
     11.5     86.6    -22.6     51.2  51167.9  52694.5
      -9.0      48.1       4.6      93.4
       -.7      22.5       2.2      37.0
       -.3      18.1        .6       8.2
       -.1      16.5        .5       4.1
 54849  -.052804  -.950480  -.306266
  87323.5  12913.3     11.5     43.3    -20.3     24.8
     11.5     86.6    -20.3     53.3  51625.4  53090.8
     -10.2      50.5       5.8     100.7
       -.6      22.7       1.7      43.4
        .1      18.0       1.2      11.1
       -.2      16.4       1.1       3.3
 54850  -.079069  -.948828  -.305734
  87342.2  12895.4     11.5     43.3    -20.2     19.0
     11.5     86.6    -20.2     47.6  51166.9  53118.9
      -9.1      46.9       5.0      84.9
       -.5      23.1        .7      31.5
        .0      18.1        .5       4.8
       -.4      16.5        .3       3.0
 54851  -.105170  -.946530  -.304993
  87587.1  12938.6     11.5     43.3    -20.4     12.8
     11.5     86.6    -20.3     41.4  51297.6  52561.1
     -12.2      51.6       4.6      83.5
       -.2      22.8       1.1      23.4
        .0      18.0        .4       4.3
       -.1      16.6        .4       3.0
 54852  -.131055  -.943599  -.304049
  88013.3  12991.7     11.5     43.3    -20.9      6.3
     11.5     86.6    -20.5     34.8  51229.7  52851.2
     -10.3      51.5       2.9      76.8
       -.4      22.0        .9      19.7
       -.1      18.2        .3       4.8
       -.4      16.9        .3       3.3
 54853  -.156676  -.940054  -.302906
  88149.8  13000.4     11.5     43.3    -21.6      1.8
     11.5     86.6    -20.5     28.1  51488.2  53614.9
      -7.5      48.2       3.4      69.7
       -.2      22.9        .5      17.1
        .2      18.4        .3       5.7
       -.1      16.5        .3       4.1
 54854  -.181983  -.935915  -.301572
  88457.5  13084.7     11.5     43.3    -21.8     28.9
     11.5     86.6    -20.9     21.6  51795.5  53528.4
      -9.1      49.0       1.1      71.4
       -.3      22.4        .6      18.9
        .1      17.9        .4       6.9
        .2      16.6        .3       5.2
 54855  -.206935  -.931206  -.300055
  88717.9  13160.2     11.5     43.3    -21.8     28.9
     11.5     86.6    -21.0     14.9  52090.9  53366.0
      -8.6      48.9        .8      63.7
       -.6      22.4        .2      16.9
       -.2      18.1        .3       7.5
       -.3      16.4        .3       5.8
 54856  -.255608  -.920190  -.296506
  90003.5  13291.9     11.5     43.3    -21.8     28.9
     11.5     86.6    -21.3      3.3  52936.8  54500.1
     -10.2      49.0       2.1      62.5
       -.3      22.5        .1      17.8
        .3      17.8        .3       7.6
        .1      16.3        .2       6.1
 54857  -.302414  -.907242  -.292333
  91570.0  13544.5     11.5     43.3    -21.8     28.9
     11.5     86.6    -21.8     57.7  54221.2  55683.6
     -11.5      54.9      -1.2      56.0
       -.4      22.6        .5      18.7
        .5      18.2        .5       9.6
        .1      16.5        .2       7.6
 54858  -.347131  -.892622  -.287623
  92894.0  13725.6     11.5     43.3    -21.8     28.9
     11.5     86.6    -21.8     57.7  54561.2  56293.1
      -9.2      48.9       2.0      57.7
       -.1      22.0        .4      17.5
        .2      17.7        .2       9.4
        .0      16.5        .2       8.3
 54859  -.389600  -.876600  -.282460
  94926.4  13955.4     11.5     43.3    -21.8     28.9
     11.5     86.6    -21.8     57.7  56722.4  57960.5
      -9.1      50.0       -.9      53.8
       -.7      22.5       -.1      18.3
        .0      17.8        .1      10.9
       -.1      16.5        .1       9.3
 54860  -.429723  -.859446  -.276932
  96250.1  14187.0     11.5     43.3    -21.8     28.9
     11.5     86.6    -21.8     57.7  57909.6  59160.2
     -10.9      50.9      -3.2      53.3
       -.4      22.1       -.1      18.0
        .2      17.4        .1      10.8
        .1      16.2        .2       9.5
 54861  -.467453  -.841416  -.271123
  98629.6  14513.9     11.5     43.3    -21.8     28.9
     11.5     86.6    -21.8     57.7  58518.3  60647.9
      -7.4      48.4      -2.6      50.5
       -.1      22.3        .1      19.0
        .0      17.5        .1      11.9
        .0      16.3        .2      10.2
 54862  -.502792  -.822750  -.265108
 101111.7  14470.6     11.5     43.3    -21.8     28.9
     11.5     86.6    -21.8     57.7  60760.6  62446.6
      -8.7      49.9      -2.4      46.9
       -.2      22.5        .1      19.1
        .2      17.3        .1      12.1
        .4      15.8        .3      10.8
 54863  -.535778  -.803668  -.258960
 102934.3  14391.2     11.5     43.3    -21.8     28.9
     11.5     86.6    -21.8     57.7  62518.5  64042.0
      -9.6      48.0      -3.6      45.4
       -.5      22.1       -.4      19.8
        .2      17.3        .2      13.2
        .1      15.8        .2      10.9
 54864  -.566482  -.784360  -.252738
 105766.9  14414.9     11.5     43.3    -21.8     28.9
     11.5     86.6    -21.8     57.7  62812.6  64346.9
      -9.1      50.6      -2.6      43.1
       -.7      22.8       -.5      19.9
        .4      16.6        .1      13.2
        .1      16.1        .2      12.3
 54865  -.594996  -.764995  -.246498
 108280.5  14115.3     11.5     43.3    -21.8     28.9
     11.5     86.6    -21.8     57.7  64612.3  66420.1
     -10.9      48.5      -5.5      40.3
       -.5      21.6       -.3      19.3
        .5      16.7        .4      13.7
        .0      15.5       -.1      12.3
