OCR_prd2017blk:newR11@-300V,3.8T@20d,263K,rhe=1.10,rhh=0.7,0.00/0.00            
   350   1  3.80  28   3  29   3  300.00  263.00     .00 1.00000  1000.0   26.53  -19.99  150.000  100.000  290.000  1000.0   13.27   -9.99    1.50    1.00     .85
 52951  -.105170   .946530  -.304993
  87845.1  13671.2     13.3     43.3    -10.1      8.3
     13.3     86.6    -10.1     36.7  51912.3  53409.4
       8.9      50.8     -10.4      72.0
        .8      23.3      -1.1      18.8
        .6      18.2       -.4       5.3
       -.1      16.8       -.2       4.3
 52952  -.113613   .937303  -.329476
  81455.6  13769.7     13.3     43.3    -10.2      8.4
     13.3     86.6    -10.3     36.6  47610.3  48817.8
      10.8      49.8      -5.8      75.0
        .9      23.4      -1.1      19.9
        .2      18.9       -.2       5.4
        .1      18.1       -.2       4.5
 52953  -.123410   .925573  -.357888
  75057.0  13938.9     13.3     43.3    -10.3      8.7
     13.3     86.6    -10.4     36.9  43440.0  45040.3
      10.6      51.9     -12.0      71.0
        .5      22.7       -.8      16.9
        .7      17.6       -.4       5.5
        .2      16.3       -.2       4.4
 52954  -.134874   .910397  -.391134
  68469.3  14152.0     13.3     43.3    -10.1      8.9
     13.3     86.6    -10.1     37.0  39062.9  40545.5
       9.5      53.3      -7.4      66.3
        .6      23.2       -.7      13.2
        .1      18.8       -.3       5.4
        .2      18.0       -.2       4.5
 52955  -.148397   .890380  -.430350
  62535.2  14529.6     13.3     43.3    -10.4      9.1
     13.3     86.6    -10.3     37.2  35286.9  36338.3
       8.1      54.4     -10.1      66.0
        .6      23.1      -1.0      14.1
        .4      16.9       -.2       5.6
        .2      15.8       -.3       4.7
 52956  -.164460   .863416  -.476934
  56435.3  14936.6     13.3     43.3    -10.2     11.5
     13.3     86.6    -10.4     37.5  31389.9  31943.5
       9.5      52.8      -5.8      58.6
        .3      22.8       -.5      12.8
        .2      18.1       -.3       5.6
        .2      17.2       -.3       4.9
 52957  -.183618   .826279  -.532491
  50599.2  15718.5     13.3     43.3    -10.2      9.5
     13.3     86.6    -10.3     37.6  27470.7  28338.0
       9.9      55.2     -10.0      58.2
        .3      22.0       -.8      11.2
        .3      16.2       -.3       5.6
        .1      14.7       -.3       5.0
 52958  -.206405   .774019  -.598575
  45053.0  16782.2     13.3     43.3    -10.3      9.8
     14.2      7.5    -10.4     38.2  23943.5  24557.5
       7.0      54.2      -4.9      53.4
        .6      22.0       -.5      10.2
        .3      17.3       -.3       5.8
        .2      16.3       -.2       5.2
 52959  -.233063   .699189  -.675882
  40063.1  18692.8     13.3     43.3    -10.3     10.2
     13.3     20.1    -10.3     38.4  20548.8  21326.9
       8.0      59.9      -6.0      52.9
        .1      27.5       -.5      10.4
       -.1      18.0       -.2       6.1
        .1      15.0       -.4       5.3
 52960  -.262862   .591440  -.762300
  35605.5  22534.3     16.4      4.7    -10.3     10.6
     13.4     38.8    -10.3     38.6  18068.8  18791.9
       5.8      55.2      -3.7      49.0
        .3      23.0       -.7      10.0
        .0      15.2       -.3       6.2
        .1      12.0       -.3       5.3
 52961  -.292854   .439281  -.849276
  32174.6  26437.7     13.4     14.9    -10.3     10.9
     13.3     57.5    -10.3     39.3  15908.0  16433.9
       7.3      48.7      -5.5      47.6
        .2      14.2       -.3       9.8
        .1       9.1       -.2       6.3
        .1       7.7       -.4       5.5
 52962  -.316664   .237498  -.918324
  29798.8  24690.3     13.5     32.5    -10.4     11.1
     13.5     75.6    -10.3     39.4  14122.5  14733.2
       7.0      62.7      -6.1      46.7
        .3       7.0       -.2       9.8
        .0       5.0       -.2       6.4
        .0       5.0       -.2       5.6
 52963  -.325991   .000000  -.945373
  28925.5  24034.0     13.3     36.2    -10.2     11.1
     13.3     79.5    -10.2     39.4  14109.6  14599.0
       -.4      66.0      -5.3      43.8
       -.4       7.2       -.4       9.6
       -.1       5.0       -.4       6.5
        .2       5.0       -.2       5.4
 52964  -.323582  -.121343  -.938387
  28924.2  23830.7     13.5     27.7    -10.2     11.2
     13.4     70.8    -10.3     39.4  13975.4  14592.3
      -4.3      51.2      -5.0      42.0
       -.2       8.3       -.4       9.5
        .1       5.4       -.4       6.4
        .1       5.0       -.4       5.4
 52965  -.316664  -.237498  -.918324
  29566.2  24500.6     13.4     19.1    -10.2     11.1
     13.3     62.0    -10.3     39.5  14248.9  14927.4
      -5.3      48.5      -3.7      43.8
       -.2      12.2       -.4       9.6
        .0       8.2       -.2       6.4
        .1       7.0       -.2       5.5
 52966  -.306058  -.344315  -.887567
  30567.0  24588.8     13.3     11.0    -10.3     11.0
     13.3     52.8    -10.4     39.4  14856.0  15377.5
      -3.7      50.1      -4.1      47.0
       -.4      15.5       -.5       9.4
        .2      10.6       -.1       6.4
        .1       9.1       -.3       5.4
 52967  -.292854  -.439281  -.849276
  31890.8  22524.8     14.0      7.2    -10.2     10.8
     13.5     43.9    -10.2     39.1  15309.3  16154.1
      -4.9      50.3       -.3      41.9
       -.3      20.4       -.4       9.5
        .0      13.1       -.2       6.3
        .2      11.1       -.2       5.3
 52968  -.278147  -.521525  -.806626
  33451.5  20202.0     13.3     43.3    -10.1     10.6
     13.5     34.7    -10.1     39.1  16761.2  17281.7
      -7.6      55.6      -2.8      47.4
       -.1      25.4       -.6       9.6
       -.3      16.7       -.2       6.2
       -.2      13.7       -.3       5.2
 52969  -.262862  -.591440  -.762300
  35565.8  18372.5     13.3     43.3    -10.4     10.3
     13.7     25.4    -10.2     38.6  17513.1  18336.4
      -6.6      56.7       -.8      50.3
       -.3      28.3       -.3       9.6
        .1      18.5       -.3       6.1
        .0      15.4       -.3       5.1
 52970  -.233063  -.699189  -.675882
  39812.6  16044.3     13.3     43.3    -10.3     10.0
     13.4     10.3    -10.1     38.3  20452.4  21052.5
      -5.1      52.5      -1.9      48.3
       -.4      23.9       -.3      10.1
        .2      17.9       -.2       5.6
        .2      16.7       -.2       4.9
 52971  -.206405  -.774019  -.598575
  44705.9  14790.1     13.3     43.3    -10.3      9.5
     13.3     86.6    -10.2     37.9  23854.6  24725.3
      -7.1      51.2       1.1      51.1
       -.5      22.8       -.2       9.4
       -.4      17.3       -.4       5.5
        .0      16.9       -.2       4.6
 52972  -.183618  -.826279  -.532491
  50288.7  14058.3     13.3     43.3    -10.1      9.1
     13.3     86.6    -10.1     37.7  27049.8  27988.4
      -8.6      50.5       -.7      55.8
        .0      22.4       -.2      10.1
        .1      17.5       -.2       5.1
        .4      16.4       -.2       4.3
 52973  -.164460  -.863416  -.476934
  56341.9  13643.2     13.3     43.3    -10.2      8.8
     13.3     86.6    -10.1     37.3  31274.1  32149.1
      -7.8      48.8       1.7      62.9
       -.4      23.7       -.3      11.9
        .3      18.4       -.2       5.1
        .2      18.1       -.3       4.1
 52974  -.148397  -.890380  -.430350
  62347.8  13318.7     13.3     43.3     -9.8      8.6
     13.3     86.6    -10.0     36.9  34847.8  35775.0
      -7.9      49.3        .5      62.4
       -.2      22.8       -.5      14.9
        .2      18.0       -.2       4.8
        .1      16.6       -.2       3.9
 52975  -.134874  -.910397  -.391134
  68653.7  13208.3     13.3     43.3    -10.0      8.4
     13.3     86.6    -10.0     36.9  39325.2  40578.8
     -11.3      51.7        .2      67.9
       -.4      23.4        .0      15.3
        .2      19.2       -.3       4.9
        .4      18.7       -.3       3.7
 52976  -.123410  -.925573  -.357888
  74876.8  13060.1     13.3     43.3    -10.0      8.1
     13.3     86.6     -9.9     36.7  43431.9  44510.3
     -11.2      49.5        .6      63.8
       -.4      23.5        .0      16.3
        .3      18.4       -.3       4.9
        .6      16.8       -.2       3.6
 52977  -.113613  -.937303  -.329476
  81348.9  13057.8     13.3     43.3    -10.0      8.0
     13.3     86.6    -10.0     36.6  47556.5  48922.7
      -9.5      50.0       3.9      71.1
       -.5      24.3        .0      17.6
        .2      19.5       -.3       4.7
        .2      19.0       -.2       3.5
 52978  -.105170  -.946530  -.304993
  87975.5  12960.6     13.3     43.3    -10.0      7.8
     13.3     86.6     -9.9     36.4  51734.4  52962.0
      -6.7      48.9       4.9      78.2
       -.3      22.9        .0      18.5
       -.2      18.4       -.2       4.9
        .3      17.1       -.2       3.4
 52979   .863216  -.064741  -.500666
  53376.5   9152.8     13.2     26.0    -10.0     28.9
     13.1     69.2    -10.0     57.7  29520.4  30492.4
        .0      63.9       6.5      39.6
       -.2      11.1        .1      22.6
       -.1       5.0       -.2      17.2
        .0       5.0       -.5      16.2
 52980   .838516  -.069876  -.540377
  49702.8   9435.4     13.5     26.5    -10.0     28.9
     13.5     69.3    -10.0     57.7  27431.6  28080.3
       5.8      63.9       5.6      40.4
       -.5      10.5        .4      22.1
       -.2       5.0       -.1      16.9
       -.1       5.0       -.3      15.2
 52981   .807288  -.075683  -.585284
  45755.6   9581.0     13.1     26.4    -10.0     28.9
     13.1     69.5    -10.0     57.7  24398.9  25312.7
       1.3      64.5       4.8      40.3
       -.2      10.4        .4      22.2
       -.1       5.0       -.5      16.5
       -.1       5.0       -.4      15.5
 52982   .767414  -.082223  -.635858
  42055.4   9999.5     13.2     26.6    -10.0     28.9
     13.1     69.6    -10.0     57.7  22347.3  23189.2
       3.3      63.6       6.6      44.5
       -.3       9.0       -.2      21.4
        .0       5.0       -.6      16.0
       -.2       5.0       -.4      14.5
 52983   .716102  -.089513  -.692232
  38545.1  10618.3     13.0     26.9    -10.0     28.9
     13.0     69.9    -10.0     57.7  20202.4  20745.7
       3.8      60.7       4.4      41.8
       -.1       9.3        .3      21.1
       -.1       5.0       -.3      15.2
       -.1       5.0       -.1      14.5
 52984   .649830  -.097475  -.753803
  35677.5  11497.9     13.0     27.2    -10.0     28.9
     13.0     70.2    -10.0     57.7  18167.5  18753.7
        .7      58.2       4.6      43.2
        .0       8.5        .1      20.6
        .1       5.0       -.3      14.6
        .0       5.0       -.6      13.0
 52985   .564543  -.105852  -.818588
  32853.8  12853.7     13.4     27.3    -10.0     28.9
     13.3     70.4    -10.3      8.5  16244.4  16748.5
       1.9      57.5       4.6      42.2
       -.3       8.6       -.2      18.4
        .0       5.1       -.4      13.1
       -.1       5.0       -.4      12.0
 52986   .456422  -.114106  -.882416
  30431.4  15364.0     13.5     27.8    -10.0     28.9
     13.5     70.8    -10.4     17.5  14880.1  15411.5
        .2      51.3       4.3      41.5
       -.2       8.6       -.2      18.2
       -.1       5.2       -.3      12.3
        .1       5.0       -.3      11.0
 52987   .323582  -.121343  -.938387
  28713.4  20185.8     13.8     27.6    -10.1      5.3
     13.7     71.0    -10.1     29.1  13848.9  14341.4
       -.1      52.1       1.8      39.6
       -.2       8.3        .0      13.6
        .2       5.4       -.5       9.3
        .1       5.0       -.4       8.1
 52988   .168544  -.126408  -.977555
  27839.5  23171.0     13.4     27.7    -10.0     12.4
     13.3     70.8    -10.1     40.9  13013.0  13662.1
      -1.2      55.0        .8      46.2
       -.3       8.6        .0       8.7
        .0       5.4       -.3       6.2
        .0       5.0       -.3       5.5
 52989   .000000  -.128243  -.991743
  27700.2  22839.1     13.3     27.8    -10.2     23.6
     13.2     71.0    -10.1     52.3  13311.7  13700.8
      -1.4      53.3      -1.7      62.5
        .0       8.7       -.2       7.8
        .2       5.7       -.3       3.4
        .0       5.0       -.4       3.2
 52990  -.085184  -.127776  -.988138
  27980.9  23028.5     13.4     27.9    -10.1     27.0
     13.4     71.0    -10.1     55.7  13531.5  14071.8
      -2.2      54.0      -1.4      65.7
        .0       8.3        .0      10.1
        .1       5.8       -.6       5.0
        .2       5.0       -.4       3.0
 52991  -.168544  -.126408  -.977555
  28193.4  23336.4     13.4     27.8    -10.1     22.4
     13.3     70.8    -10.1     51.2  13491.8  13997.7
       -.3      53.8      -5.1      61.8
       -.4       8.3       -.4       5.4
        .1       5.5       -.4       3.2
        .1       5.0       -.3       3.0
 52992  -.248443  -.124222  -.960648
  28545.0  23595.3     13.5     28.3    -10.0     16.7
     13.5     70.9    -10.2     45.4  13767.4  14210.4
        .3      54.3      -4.3      51.2
       -.2       8.0       -.4       7.2
        .1       5.5       -.4       4.8
        .2       5.0       -.2       4.2
 52993  -.323582  -.121343  -.938387
  29167.1  23988.4     13.1     27.7    -10.3     11.2
     13.1     70.8    -10.3     39.4  14043.3  14697.3
      -1.2      59.3      -5.4      43.8
       -.3       8.7       -.4       9.6
        .1       5.4       -.2       6.6
        .0       5.0       -.3       5.5
 52994  -.393068  -.117920  -.911917
  29779.9  22554.8     13.2     27.8    -10.4      6.1
     13.2     70.7    -10.2     33.8  14592.0  15179.0
      -5.9      53.0      -3.3      41.9
       -.2       8.6       -.2      11.6
        .0       5.4       -.2       8.1
        .0       5.0       -.3       6.8
 52995  -.456422  -.114106  -.882416
  30602.3  19656.1     13.2     29.0     -8.1     37.7
     13.3     70.5    -10.2     27.5  14909.2  15672.5
      -1.3      52.4      -5.4      40.6
       -.1       7.9       -.5      14.8
        .1       5.4       -.1       9.7
        .1       5.0       -.2       8.1
 52996  -.513527  -.110042  -.850988
  31651.1  17185.9     13.5     27.4    -10.0     28.9
     13.5     70.5    -10.2     21.5  15936.9  16544.5
      -2.5      52.5      -4.6      43.0
       -.2       9.0       -.4      17.0
       -.1       5.5       -.4      11.4
        .0       5.0       -.2       9.6
 52997  -.564543  -.105852  -.818588
  32877.2  15582.7     13.7     27.4    -10.0     28.9
     13.5     70.5    -10.4     15.6  16573.4  17195.7
      -5.7      57.5      -6.6      41.9
        .0       8.9       -.1      18.7
       -.1       5.4       -.5      12.2
        .1       5.0       -.3      10.5
 52998  -.649830  -.097475  -.753803
  35497.1  13280.7     13.2     27.0    -10.0     28.9
     13.2     70.1    -10.4      6.6  17864.7  18302.4
      -3.8      55.0      -5.2      41.0
       -.3       8.6       -.5      18.0
       -.1       5.2       -.3      12.8
        .0       5.0       -.2      11.2
 52999  -.716102  -.089513  -.692232
  38695.5  11980.3     13.3     26.9    -10.0     28.9
     13.3     69.9    -10.0     57.7  20443.2  20937.3
      -4.2      62.4      -5.0      44.4
       -.2       9.3       -.4      21.1
        .0       5.3       -.4      14.6
        .1       5.0       -.2      12.6
 53000  -.767414  -.082223  -.635858
  41986.9  11065.4     13.2     26.7    -10.0     28.9
     13.2     69.7    -10.0     57.7  22427.4  23171.7
      -6.0      58.2      -7.2      43.0
       -.4       9.2       -.8      20.2
       -.1       5.0       -.4      14.7
       -.1       5.0       -.3      12.9
 53001  -.807288  -.075683  -.585284
  45695.1  10576.6     12.8     26.7    -10.0     28.9
     12.9     69.6    -10.0     57.7  25123.0  25789.2
      -4.7      62.8      -6.5      43.9
       -.1      10.2       -.5      21.9
        .1       5.0       -.4      15.5
       -.1       5.0       -.1      13.9
 53002  -.838516  -.069876  -.540377
  49391.0  10130.4     12.9     26.2    -10.0     28.9
     13.0     69.4    -10.0     57.7  27025.2  27644.6
      -5.8      64.5      -7.1      44.3
       -.5       9.9       -.3      21.5
        .0       5.0       -.1      15.7
       -.1       5.0       -.3      14.3
 53003  -.863216  -.064741  -.500666
  53442.6   9901.4     13.3     26.2    -10.0     28.9
     13.2     69.1    -10.0     57.7  29939.9  31017.3
      -8.9      64.7      -7.0      43.6
       -.4      11.7       -.4      22.4
        .0       5.0       -.1      16.2
        .0       5.0       -.1      14.6
 53004  -.882965  -.060202  -.465563
  57515.2   9626.1     13.1     26.1    -10.0     28.9
     13.0     69.0    -10.0     57.7  32916.0  33799.5
      -7.2      66.0      -7.1      41.1
       -.6      13.5       -.5      22.6
        .1       5.0       -.1      16.6
       -.1       5.0       -.2      15.3
 53005  -.898927  -.056183  -.434481
  61463.6   9523.4     13.1     25.9    -10.0     28.9
     13.1     68.9    -10.0     57.7  35262.6  36219.5
      -1.8      67.4      -5.6      40.4
       -.7      13.2       -.4      22.4
        .0       5.0       -.1      17.0
       -.1       5.0        .1      15.0
 53006  -.911966  -.052613  -.406877
  65765.0   9338.1     13.2     25.6    -10.0     28.9
     13.1     68.7    -10.0     57.7  37635.2  38697.6
      -7.8      69.9      -6.7      41.0
       -.1      13.7       -.6      22.3
       -.1       5.0       -.2      17.6
       -.2       5.0       -.3      15.6
 53007  -.922727  -.049432  -.382272
  69886.4   9236.8     13.4     25.6    -10.0     28.9
     13.2     68.7    -10.0     57.7  40413.6  41662.4
      -6.7      67.7      -5.9      39.3
       -.7      15.0       -.2      22.6
       -.1       5.0       -.3      17.4
       -.1       5.0        .0      15.6
 53008   .806111  -.362750  -.467544
  57144.5  10017.5     13.3     43.3    -10.0     28.9
     13.3     21.1    -10.0     57.7  31839.1  32715.6
       -.9      59.4       5.4      41.8
        .3      25.0       -.3      22.0
       -.1      16.5        .0      17.4
        .0      13.7       -.3      16.1
 53009   .774912  -.387456  -.499388
  53594.2  10360.0     13.3     43.3    -10.0     28.9
     13.4     21.8    -10.0     57.7  29466.5  30240.7
      -2.6      61.1       5.9      41.5
        .0      25.8       -.2      22.2
        .0      16.6       -.2      16.5
        .2      14.2       -.6      15.1
 53010   .736803  -.414452  -.534182
  50066.2  10898.2     13.3     43.3    -10.0     28.9
     13.6     22.4    -10.0     57.7  27678.5  28267.4
      -2.8      59.0       6.1      41.8
        .1      25.7        .0      21.2
       -.1      17.0       -.3      16.4
        .1      14.1       -.3      15.0
 53011   .690099  -.443635  -.571796
  46797.4  11642.8     13.3     43.3    -10.0     28.9
     13.3     22.9    -10.0     57.7  25151.3  26018.5
      -3.4      59.4       5.6      43.5
        .2      26.6        .0      21.1
        .0      17.1       -.1      15.6
        .1      14.4       -.2      14.1
 53012   .632842  -.474632  -.611748
  43945.4  12439.1     13.3     43.3    -10.0     28.9
     13.3     23.5    -10.0     57.7  23011.9  23771.3
      -4.7      60.3       7.1      43.3
       -.7      26.7        .4      20.4
       -.1      17.5       -.4      14.7
        .3      14.6       -.4      13.6
 53013   .562936  -.506642  -.653006
  40888.6  13792.9     13.3     43.3    -10.0     28.9
     13.5     24.1    -10.0     57.7  21298.5  22076.9
      -2.2      57.6       4.4      44.4
       -.2      26.9       -.1      20.0
        .0      17.6       -.2      13.8
        .0      14.9       -.2      12.5
 53014   .478468  -.538276  -.693778
  38585.3  15501.7     13.3     43.3    -10.0     28.9
     13.2     24.7     -9.9      8.3  19946.2  20632.9
      -4.0      58.2       6.4      42.8
       -.5      27.3        .0      17.3
        .0      17.8       -.4      12.1
       -.2      15.0       -.2      11.2
 53015   .378295  -.567442  -.731370
  36778.7  17094.1     13.3     43.3    -10.0     28.9
     13.4     25.0    -10.3     16.4  18554.4  19068.1
      -6.8      58.4       6.2      45.0
       -.2      27.1       -.1      17.3
        .1      18.4       -.2      11.6
        .0      15.4       -.3      10.2
 53016   .262862  -.591440  -.762300
  35213.7  17208.7     13.3     43.3    -10.1      5.7
     13.0     25.3    -10.1     28.2  17940.4  18567.0
      -5.1      59.9       3.1      41.3
       -.1      28.0       -.1      13.8
       -.4      18.5       -.2       9.0
       -.1      15.5       -.2       7.8
 53017   .134975  -.607388  -.782855
  34389.0  16924.1     13.3     43.3    -10.0     11.8
     13.6     25.7    -10.0     40.1  17267.0  17892.4
      -6.0      58.8       4.8      46.1
       -.3      28.1       -.1       9.1
       -.1      18.5       -.2       5.7
        .3      15.4       -.4       5.3
 53018   .000000  -.612997  -.790085
  34260.9  17123.6     13.3     43.3    -10.4     23.5
     13.6     25.3    -10.3     52.1  17155.8  17982.7
      -4.1      57.9       1.3      67.5
        .4      28.2        .2       9.2
       -.2      18.5       -.3       3.3
        .2      15.1       -.3       3.2
 53019  -.067953  -.611580  -.788259
  34376.0  17286.2     13.3     43.3     -9.9     26.5
     13.7     25.4    -10.0     55.1  17276.3  17915.5
      -6.7      59.8       3.8      71.8
        .2      28.0        .6      16.7
       -.3      18.5       -.2       3.0
        .3      15.1       -.4       3.0
 53020  -.134975  -.607388  -.782855
  34453.1  17498.5     13.3     43.3    -10.1     21.8
     13.6     25.3    -10.1     50.4  17189.3  18135.2
      -6.7      56.8      -1.3      65.5
        .1      27.9       -.2       7.4
        .2      18.3       -.2       3.0
       -.1      15.1       -.3       3.0
 53021  -.200196  -.600588  -.774091
  34870.4  17741.4     13.3     43.3    -10.5     16.2
     13.4     25.3    -10.5     44.8  17252.1  18016.8
      -5.6      58.4      -1.7      54.3
       -.7      27.3       -.6       8.0
       -.4      18.3       -.3       4.3
        .2      15.4       -.2       3.8
 53022  -.262862  -.591440  -.762300
  35507.7  18350.0     13.3     43.3    -10.1     10.4
     13.5     25.4    -10.2     38.7  17846.7  18410.8
      -6.8      60.9      -1.5      50.0
        .0      27.7       -.4      10.0
        .2      18.3       -.2       6.1
       -.2      15.4       -.2       5.1
 53023  -.322373  -.580271  -.747905
  36142.8  18533.6     13.3     43.3    -10.2      5.3
     13.6     25.2    -10.2     32.8  18161.9  18966.5
      -5.9      58.1      -3.8      40.3
        .0      27.8       -.3      11.7
       -.1      18.0       -.3       7.7
        .1      15.3       -.2       6.5
 53024  -.378295  -.567442  -.731370
  36902.8  18520.0     13.3     43.3    -10.3      3.1
     13.4     25.1    -10.3     26.5  18961.4  19562.2
      -6.0      58.9      -3.0      45.0
        .0      27.1       -.2      14.2
        .0      18.5       -.4       9.5
        .1      15.3       -.3       7.7
 53025  -.430364  -.553325  -.713175
  37837.0  17926.9     13.3     43.3    -10.0     28.9
     13.1     25.1     -9.9     20.5  19396.9  19977.0
      -7.1      60.8      -3.1      45.1
       -.1      27.5       -.3      16.8
        .1      17.9       -.3      10.8
        .0      15.2       -.3       9.1
 53026  -.478468  -.538276  -.693778
  38547.1  16860.5     13.3     43.3    -10.0     28.9
     13.2     24.7    -10.3     14.6  19567.3  20456.4
      -6.1      57.7      -4.4      43.2
       -.8      26.8       -.6      17.4
       -.2      18.1       -.3      11.6
       -.4      15.3       -.5      10.2
 53027  -.562936  -.506642  -.653006
  41227.1  14682.3     13.3     43.3    -10.0     28.9
     13.4     24.1    -10.2      5.9  21587.8  22226.0
      -7.8      59.7      -3.4      45.2
       -.3      27.0       -.5      17.8
       -.1      17.9       -.2      12.0
        .2      15.0        .0      10.6
 53028  -.632842  -.474632  -.611748
  43856.2  13090.9     13.3     43.3    -10.0     28.9
     13.1     23.6    -10.0     57.7  23091.7  23867.5
      -6.9      59.2      -4.7      47.7
       -.8      26.8      -1.0      20.6
        .1      17.4       -.1      14.0
        .3      14.7        .0      12.0
 53029  -.690099  -.443635  -.571796
  46703.7  12027.4     13.3     43.3    -10.0     28.9
     13.4     23.0    -10.0     57.7  24682.9  25221.8
      -7.7      59.2      -3.6      44.0
       -.8      26.1       -.8      19.4
        .1      17.0       -.3      14.2
        .1      14.6       -.2      12.6
 53030  -.736803  -.414452  -.534182
  50047.7  11301.3     13.3     43.3    -10.0     28.9
     13.2     22.4    -10.0     57.7  27383.6  28189.5
      -7.1      58.2      -5.5      44.1
        .0      26.1       -.3      21.6
        .2      17.0        .0      15.4
       -.1      14.3       -.2      13.7
 53031  -.774912  -.387456  -.499388
  53571.4  10729.3     13.3     43.3    -10.0     28.9
     13.3     21.8    -10.0     57.7  29566.5  30248.8
      -5.2      59.4      -6.9      44.6
       -.6      26.3       -.8      21.5
        .3      16.7       -.3      15.5
        .1      14.0        .0      14.0
 53032  -.806111  -.362750  -.467544
  57160.1  10315.8     13.3     43.3    -10.0     28.9
     13.4     21.2    -10.0     57.7  31882.2  32690.9
     -11.3      61.4      -7.3      43.3
       -.4      25.2       -.6      22.0
       -.1      16.2       -.2      16.2
       -.2      13.8       -.2      14.4
 53033  -.831783  -.340275  -.438577
  60739.0   9990.0     13.3     43.3    -10.0     28.9
     13.3     20.7    -10.0     57.7  34046.3  35219.3
      -7.5      59.7      -5.3      41.6
       -.3      24.6       -.8      21.7
       -.3      16.1       -.7      16.2
        .3      13.7        .1      15.0
 53034  -.853040  -.319890  -.412303
  64808.5   9883.3     13.3     43.3    -10.0     28.9
     13.0     20.3    -10.0     57.7  37249.4  38198.8
      -8.5      61.6      -6.3      41.6
       -.7      24.9       -.7      22.2
       -.2      15.9       -.3      16.8
        .1      13.6       -.3      15.1
 53035  -.870759  -.301417  -.388493
  68600.8   9629.5     13.3     43.3    -10.0     28.9
     13.2     19.8    -10.0     57.7  39607.8  41102.3
      -5.9      57.7      -6.5      40.3
       -.1      24.6       -.5      22.5
        .1      15.6        .1      17.0
        .0      13.3       -.2      15.6
 53036  -.885633  -.284668  -.366905
  72771.0   9513.0     13.3     43.3    -10.0     28.9
     13.0     19.5    -10.0     57.7  42397.4  43618.5
      -8.9      62.6      -7.3      38.8
       -.3      24.5       -.6      23.1
        .2      15.7       -.1      17.5
       -.1      13.5       -.2      15.4
 53037   .467453  -.841416  -.271123
  98563.8  13790.1     13.3     43.3    -10.0     28.9
     13.3     86.6    -10.0     57.7  59334.3  60613.9
      -4.6      47.9       5.9      40.3
       -.2      22.6        .4      17.9
        .1      17.7       -.3      12.0
        .3      16.6       -.4      10.8
 53038   .429723  -.859446  -.276932
  96526.3  13740.5     13.3     43.3    -10.0     28.9
     13.3     86.6    -10.0     57.7  57380.8  59069.9
     -10.2      50.0       9.4      47.2
       -.2      22.8        .1      19.4
        .2      17.8       -.2      12.6
        .2      16.4       -.2      11.0
 53039   .389600  -.876600  -.282460
  94812.7  13598.8     13.3     43.3    -10.0     28.9
     13.3     86.6    -10.0     57.7  56371.5  58061.5
      -7.2      49.0       7.0      46.3
       -.3      23.0        .2      17.3
        .2      18.1       -.1      11.2
        .0      16.6       -.3       9.7
 53040   .347131  -.892622  -.287623
  92852.3  13344.5     13.3     43.3    -10.0     28.9
     13.3     86.6    -10.0     57.7  54900.4  56411.3
      -8.8      53.5       9.4      54.1
       -.7      22.6        .3      18.4
       -.1      18.0       -.2      11.4
        .0      16.7        .0       9.8
 53041   .302414  -.907242  -.292333
  91330.2  13147.9     13.3     43.3    -10.0     28.9
     13.3     86.6    -10.0     57.7  53828.6  55139.0
      -7.2      47.8       6.6      55.2
       -.4      22.8        .3      17.0
        .3      18.2       -.3       9.8
        .2      16.8       -.1       8.4
 53042   .255608  -.920190  -.296506
  89989.2  13009.7     13.3     43.3    -10.0     28.9
     13.3     86.6    -10.0     57.7  53246.1  54531.4
      -7.8      49.6      12.0      61.0
       -.4      22.2        .0      17.1
       -.1      18.5       -.1      10.0
        .1      17.1       -.2       8.4
 53043   .206935  -.931206  -.300055
  89255.6  12881.9     13.3     43.3    -10.0     28.9
     13.3     86.6     -9.6      3.7  52431.3  54467.7
      -9.0      48.9       5.9      57.9
       -.2      23.0        .3      16.9
        .5      18.3       -.2       8.5
        .0      17.1       -.2       7.0
 53044   .156676  -.940054  -.302906
  88290.4  12871.2     13.3     43.3    -10.0     28.9
     13.3     86.6    -10.2     11.6  51848.5  53206.0
      -9.3      48.0       9.2      58.6
       -.7      22.9        .5      17.8
        .1      18.5       -.3       8.3
        .2      16.8       -.3       6.5
 53045   .105170  -.946530  -.304993
  87672.3  12812.5     13.3     43.3    -10.0     28.9
     13.3     86.6    -10.2     24.6  51619.9  53232.1
     -11.3      49.9      11.7      73.8
       -.3      22.7        .4      17.2
       -.1      18.6       -.2       7.2
        .2      17.1       -.1       5.9
 53046   .052804  -.950480  -.306266
  87426.6  12765.1     13.3     43.3    -10.0      9.5
     13.3     86.6     -9.9     37.9  51834.1  53136.0
      -9.2      50.7       7.6      78.6
       -.5      23.2        .6      20.0
        .0      18.3       -.2       5.4
       -.1      16.8       -.1       4.1
 53047   .000000  -.951808  -.306694
  87276.5  12810.0     13.3     43.3    -10.5     21.5
     13.3     86.6    -10.4     50.0  50811.8  52363.2
      -7.1      48.2       7.7      93.5
        .0      22.7        .3      36.0
        .3      18.6       -.5       6.2
        .1      17.0       -.3       3.0
 53048  -.026430  -.951476  -.306587
  87232.8  12816.8     13.3     43.3    -10.2     26.3
     13.3     86.6    -10.2     54.4  51635.1  53000.5
      -9.5      51.2       5.9      99.5
       -.4      22.9       1.5      47.6
       -.1      18.7        .2      10.5
        .2      17.2       -.1       3.0
 53049  -.052804  -.950480  -.306266
  87641.9  12847.7     13.3     43.3     -9.9     20.5
     13.3     86.6     -9.9     49.0  50729.5  52402.2
      -8.9      52.2       8.7      93.8
       -.8      23.1        .7      32.1
       -.1      18.5        .1       7.5
        .3      16.9       -.3       3.0
 53050  -.079069  -.948828  -.305734
  87653.9  12915.7     13.3     43.3     -9.9     14.2
     13.3     86.6    -10.0     42.8  51459.8  53061.4
      -9.1      52.9       4.4      85.0
       -.5      22.9        .2      23.1
        .1      18.5       -.2       4.2
        .3      17.1       -.3       3.0
 53051  -.105170  -.946530  -.304993
  88057.7  13017.2     13.3     43.3    -10.0      7.8
     13.3     86.6     -9.8     36.2  51983.3  53064.3
      -8.3      49.9       2.2      77.5
       -.3      23.1        .2      19.7
       -.1      18.5       -.3       5.1
        .3      17.2       -.2       3.4
 53052  -.131055  -.943599  -.304049
  88343.6  13089.0     13.3     43.3    -10.2      2.2
     13.3     86.6    -10.1     29.7  52415.2  53717.6
     -11.7      50.9       2.5      73.1
       -.5      23.1       -.2      18.3
        .1      18.7       -.2       5.5
        .4      17.2       -.2       4.4
 53053  -.156676  -.940054  -.302906
  88513.9  13187.1     13.3     43.3    -10.0     28.9
     13.3     86.6    -10.3     23.1  52520.9  53585.3
      -8.8      50.6       4.3      66.0
       -.7      23.1       -.4      17.6
        .1      18.7       -.3       7.1
       -.1      17.3       -.3       5.5
 53054  -.181983  -.935915  -.301572
  88721.3  13247.4     13.3     43.3    -10.0     28.9
     13.3     86.6    -10.0     16.6  51942.4  53876.2
      -8.7      47.3        .3      64.7
       -.4      23.1        .0      18.1
        .1      18.4       -.2       8.0
        .1      17.3       -.3       6.1
 53055  -.206935  -.931206  -.300055
  89389.8  13385.0     13.3     43.3    -10.0     28.9
     13.3     86.6    -10.3     10.1  52690.2  54243.9
     -10.1      49.2       2.0      64.0
       -.6      22.9       -.3      17.4
        .2      18.6       -.3       8.2
        .2      17.3       -.2       6.7
 53056  -.255608  -.920190  -.296506
  90261.4  13513.4     13.3     43.3    -10.0     28.9
     13.3     86.6    -10.0     57.7  53692.8  55089.5
      -9.4      51.2       -.4      63.3
       -.9      23.4       -.5      18.0
        .4      18.8       -.2       9.0
        .0      17.6       -.2       7.3
 53057  -.302414  -.907242  -.292333
  91534.3  13771.4     13.3     43.3    -10.0     28.9
     13.3     86.6    -10.0     57.7  53801.7  55504.1
     -10.6      52.9      -2.8      57.9
       -.6      23.9       -.4      18.6
       -.2      18.6       -.2       9.9
        .2      17.3       -.2       8.2
 53058  -.347131  -.892622  -.287623
  93070.6  14159.3     13.3     43.3    -10.0     28.9
     13.3     86.6    -10.0     57.7  54783.6  56597.5
      -9.2      48.6       -.5      53.7
       -.4      23.0       -.4      17.1
        .3      18.3       -.1      10.2
       -.1      17.2       -.2       8.7
 53059  -.389600  -.876600  -.282460
  94763.6  14317.1     13.3     43.3    -10.0     28.9
     13.3     86.6    -10.0     57.7  55864.1  57250.9
     -12.6      50.9      -2.7      53.8
       -.1      22.8       -.1      19.6
        .2      18.2       -.1      11.5
        .3      17.2        .1       9.9
 53060  -.429723  -.859446  -.276932
  96721.1  14454.2     13.3     43.3    -10.0     28.9
     13.3     86.6    -10.0     57.7  57637.0  59254.6
     -11.0      53.4      -2.0      51.8
       -.7      22.7       -.8      18.7
        .3      18.3       -.1      11.2
        .0      17.0       -.4       9.6
 53061  -.467453  -.841416  -.271123
  98813.0  14492.6     13.3     43.3    -10.0     28.9
     13.3     86.6    -10.0     57.7  58006.7  60263.5
     -10.6      51.4      -2.9      54.2
       -.8      22.9       -.9      19.7
        .2      18.1        .0      12.9
        .3      16.6       -.1      11.0
 53062  -.502792  -.822750  -.265108
 101178.1  14605.3     13.3     43.3    -10.0     28.9
     13.3     86.6    -10.0     57.7  61361.7  62720.8
     -11.5      52.3      -3.3      46.0
       -.4      22.9       -.4      18.8
       -.1      18.0       -.3      12.4
        .1      16.8        .1      10.9
 53063  -.535778  -.803668  -.258960
 103100.8  14083.1     13.3     43.3    -10.0     28.9
     13.3     86.6    -10.0     57.7  61824.5  63379.6
     -12.6      55.0      -1.9      45.9
       -.9      22.9       -.7      20.5
        .0      17.7       -.1      13.8
        .0      16.7       -.2      11.9
 53064  -.566482  -.784360  -.252738
 105781.7  13637.9     13.3     43.3    -10.0     28.9
     13.3     86.6    -10.0     57.7  62506.4  64401.3
     -12.0      52.5      -2.8      43.2
       -.8      23.0       -.8      19.6
       -.5      17.6       -.4      13.0
        .1      16.8       -.1      12.2
 53065  -.594996  -.764995  -.246498
 108194.9  13226.6     13.3     43.3    -10.0     28.9
     13.3     86.6    -10.0     57.7  64863.3  66985.4
     -12.0      49.1      -2.3      42.8
       -.7      22.5       -.7      20.7
       -.2      17.3       -.4      14.5
        .0      16.3        .0      13.0
