OCR_prd2017blk:newR12@-300V,3.8T@20d,263K,rhe=1.10,rhh=0.7,0.00/0.00            
   360   1  3.80  28   2  29   4  300.00  263.00     .00 1.00000  1000.0   30.19  -14.83  150.000  100.000  290.000  1000.0   14.54   -7.62    1.50    1.00     .85
 53081  -.105170   .946530  -.304993
  87838.1  13752.6     15.1     43.3     -7.5      6.8
     15.1     86.6     -7.5     35.1  51792.2  53535.1
       9.9      50.4      -8.4      76.1
        .4      23.6       -.5      19.2
        .2      18.1       -.2       5.8
        .1      17.3       -.1       4.6
 53082  -.113613   .937303  -.329476
  81240.0  13881.6     15.1     43.3     -7.5     10.8
     15.1     86.6     -7.5     35.2  47101.2  48669.9
       8.9      49.4      -9.7      72.3
        .7      23.9       -.9      18.7
        .2      18.9       -.2       5.4
        .0      17.5       -.1       4.5
 53083  -.123410   .925573  -.357888
  74883.5  14004.6     15.1     43.3     -7.4      7.1
     15.1     86.6     -7.4     35.3  42922.5  44202.2
       8.0      50.1      -5.9      70.1
        .7      22.9       -.4      15.8
        .0      17.8       -.2       5.6
        .0      16.7       -.2       4.6
 53084  -.134874   .910397  -.391134
  68697.1  14176.4     15.1     43.3     -7.4      7.3
     15.1     86.6     -7.4     35.4  38709.5  40096.9
      10.3      49.8      -9.9      67.2
        .5      23.0       -.3      15.1
       -.2      18.4       -.1       5.7
       -.1      17.4        .0       4.7
 53085  -.148397   .890380  -.430350
  62244.8  14612.4     15.1     43.3     -7.5      7.5
     15.1     86.6     -7.5     35.8  35085.0  36148.0
       8.2      54.6      -8.6      64.0
        .3      22.9       -.4      12.6
        .6      17.1       -.2       5.7
        .2      16.3       -.1       4.8
 53086  -.164460   .863416  -.476934
  56240.4  15092.5     15.1     43.3     -7.6      7.8
     15.1     86.6     -7.5     35.9  30855.9  31981.6
       9.5      53.9      -5.4      59.2
        .1      22.6       -.3      13.2
        .2      18.1       -.1       5.9
       -.1      16.9       -.1       5.0
 53087  -.183618   .826279  -.532491
  50448.6  15775.1     15.1     43.3     -7.7     10.4
     15.1     86.6     -7.6     36.1  27730.0  28364.5
       9.0      56.4      -5.7      53.0
        .0      22.0       -.2      10.8
       -.3      16.2        .0       6.0
        .0      14.9       -.1       5.2
 53088  -.206405   .774019  -.598575
  45000.8  17016.0     15.1     43.3     -7.7     10.8
     15.1      7.8     -7.7     36.6  23970.8  24899.9
       9.2      53.2      -7.4      53.2
        .5      21.7       -.4      10.6
        .3      17.0       -.1       6.1
        .1      16.5       -.2       5.3
 53089  -.233063   .699189  -.675882
  40142.1  19104.3     15.1     43.3     -7.6      8.8
     15.2     20.9     -7.6     36.9  20814.9  21303.4
       8.7      59.4      -6.7      49.3
        .7      27.3       -.4      10.3
        .0      18.1       -.1       6.3
        .0      14.8       -.1       5.6
 53090  -.262862   .591440  -.762300
  35717.2  22892.8     15.0      5.8     -7.4      9.2
     14.8     39.8     -7.6     37.4  18147.1  18765.0
       5.2      54.8      -5.2      46.4
        .3      22.6       -.3      10.2
        .1      14.8       -.3       6.6
       -.1      11.7       -.1       5.7
 53091  -.292854   .439281  -.849276
  32173.1  26561.7     14.9     15.7     -7.6      9.6
     15.0     58.6     -7.4     37.8  15789.6  16369.2
       6.7      51.4      -6.4      45.2
        .0      13.4       -.2      10.0
       -.1       8.8       -.1       6.8
       -.1       7.5        .0       5.8
 53092  -.316664   .237498  -.918324
  29738.4  24318.8     14.9     33.3     -7.6      9.7
     15.0     76.5     -7.4     37.8  14024.8  14619.2
       3.4      56.9      -3.6      42.5
        .0       6.3       -.1      10.2
       -.1       5.0       -.1       6.9
       -.1       5.0       -.1       5.8
 53093  -.325991   .000000  -.945373
  28825.1  23558.2     15.0     35.6     -7.6      9.8
     15.1     78.6     -7.5     38.1  13981.4  14453.3
      -5.8      64.1      -4.1      44.3
        .1       6.4       -.3      10.1
        .0       5.0       -.1       6.9
        .0       5.0       -.1       5.8
 53094  -.323582  -.121343  -.938387
  29044.8  23543.1     15.4     26.9     -7.5      9.9
     15.2     70.0     -7.5     38.2  14077.0  14771.1
      -4.8      54.6      -3.3      43.5
       -.1       8.9        .1      10.1
        .1       5.7        .0       6.9
       -.1       5.1       -.1       5.8
 53095  -.316664  -.237498  -.918324
  29651.1  23751.4     15.2     18.2     -7.5      9.8
     15.2     61.2     -7.5     38.1  14449.9  14968.9
      -4.4      46.9      -2.7      43.3
        .1      12.6       -.1      10.0
        .1       8.2        .0       6.8
        .0       7.1        .0       5.7
 53096  -.306058  -.344315  -.887567
  30412.9  23686.3     14.8     10.3     -7.6      9.7
     14.8     51.9     -7.6     38.1  14638.6  15439.0
      -3.8      47.4      -2.9      45.4
       -.3      16.0       -.3      10.0
        .0      10.8       -.1       6.7
       -.1       9.4       -.1       5.7
 53097  -.292854  -.439281  -.849276
  31844.9  22030.6     15.9      7.8     -7.5      9.5
     14.8     43.2     -7.4     37.9  15794.1  16278.7
      -2.8      49.4        .5      42.8
       -.4      20.4        .0       9.9
       -.2      13.6        .0       6.6
        .0      11.5       -.2       5.7
 53098  -.278147  -.521525  -.806626
  33603.6  19650.0     15.1     43.3     -7.4      9.3
     14.7     33.8     -7.5     37.5  16476.4  17148.5
      -7.0      55.6      -1.8      44.4
       -.3      25.7       -.3      10.0
       -.1      17.0       -.1       6.5
        .0      14.0       -.1       5.5
 53099  -.262862  -.591440  -.762300
  35487.1  18028.0     15.1     43.3     -7.6      9.1
     15.3     24.6     -7.5     37.3  17622.9  18451.9
      -6.8      58.5      -3.1      48.6
        .0      27.7       -.2       9.7
        .0      18.3        .0       6.4
        .2      15.4        .0       5.4
 53100  -.233063  -.699189  -.675882
  39539.9  15772.8     15.1     43.3     -7.3      8.5
     15.5      9.9     -7.5     36.8  20133.7  21216.3
      -5.6      50.4      -1.1      46.8
       -.2      23.6       -.2       9.5
       -.2      18.2       -.1       6.0
       -.1      16.9       -.1       5.2
 53101  -.206405  -.774019  -.598575
  44903.2  14732.0     15.1     43.3     -7.6      8.1
     15.1     86.6     -7.5     36.5  23717.5  24635.2
      -8.5      51.8      -2.7      55.4
        .0      22.8       -.2      10.4
        .0      17.4        .1       5.7
        .0      17.0        .0       4.8
 53102  -.183618  -.826279  -.532491
  50469.3  14035.7     15.1     43.3     -7.7      7.7
     15.1     86.6     -7.5     36.1  26705.9  28046.0
      -6.9      49.2        .4      53.8
       -.5      22.8       -.2      11.6
       -.4      18.2       -.1       5.8
        .1      16.6       -.1       4.6
 53103  -.164460  -.863416  -.476934
  56251.0  13568.0     15.1     43.3     -7.5      7.5
     15.1     86.6     -7.5     35.8  30955.0  31781.8
      -8.2      49.6       -.8      55.6
        .0      23.6        .0      12.1
       -.2      18.6       -.1       5.3
       -.1      18.2       -.1       4.3
 53104  -.148397  -.890380  -.430350
  62310.7  13301.4     15.1     43.3     -7.4      7.2
     15.1     86.6     -7.3     35.6  34486.9  36014.9
      -9.0      52.0        .2      61.5
       -.2      23.3        .2      13.5
       -.2      18.7       -.2       5.2
        .2      16.9        .0       4.1
 53105  -.134874  -.910397  -.391134
  68743.3  13158.0     15.1     43.3     -7.4      6.8
     15.1     86.6     -7.4     35.1  39298.4  40529.5
      -8.0      52.9       3.0      66.6
       -.7      23.5       -.4      15.5
        .1      19.0       -.1       5.0
        .1      18.7       -.1       4.0
 53106  -.123410  -.925573  -.357888
  75106.5  13065.2     15.1     43.3     -7.4      6.6
     15.1     86.6     -7.6     35.1  43648.8  44733.4
      -8.5      50.5       4.6      70.0
       -.6      23.2        .1      16.7
       -.1      18.9       -.1       4.9
        .1      17.4       -.1       3.8
 53107  -.113613  -.937303  -.329476
  81238.4  12921.6     15.1     43.3     -7.2      6.5
     15.1     86.6     -7.3     34.8  47283.3  48711.5
      -9.1      49.9       3.5      73.3
       -.6      23.8       -.2      16.9
       -.3      19.7       -.1       5.0
       -.3      18.9       -.2       3.7
 53108  -.105170  -.946530  -.304993
  87837.1  12979.6     15.1     43.3     -7.3      6.3
     15.1     86.6     -7.1     34.6  51180.9  53042.2
      -9.4      50.4       4.8      74.4
       -.1      22.9        .4      19.3
        .0      18.9       -.1       4.7
        .3      17.6       -.1       3.8
 53109   .863216  -.064741  -.500666
  53519.8   9244.8     14.7     25.2     -7.4     28.9
     14.7     68.2     -7.4     57.7  29671.3  30681.3
       3.2      60.9       4.6      40.4
       -.5      10.4        .7      22.7
       -.3       5.0       -.1      17.5
       -.2       5.0       -.5      16.0
 53110   .838516  -.069876  -.540377
  49604.7   9423.2     14.9     25.4     -7.4     28.9
     15.0     68.4     -7.4     57.7  27622.7  28345.8
       1.9      63.5       6.4      40.6
        .0      10.9        .2      22.3
       -.2       5.0       -.1      16.3
       -.2       5.0       -.1      14.8
 53111   .807288  -.075683  -.585284
  45878.8   9785.0     14.8     25.6     -7.4     28.9
     14.9     68.5     -7.4     57.7  24530.5  25379.3
       5.9      58.9       5.1      43.5
       -.2      10.3        .4      22.8
       -.2       5.0        .0      16.8
       -.1       5.0       -.4      15.6
 53112   .767414  -.082223  -.635858
  42128.7  10129.5     15.0     25.6     -7.4     28.9
     14.9     68.8     -7.4     57.7  22665.6  23336.2
       4.5      61.8       4.8      43.7
       -.2       9.3        .7      21.4
       -.3       5.0        .0      15.4
       -.1       5.0       -.2      14.3
 53113   .716102  -.089513  -.692232
  38608.1  10877.3     14.6     26.1     -7.4     28.9
     14.9     69.1     -7.4     57.7  20190.5  20753.6
       2.5      57.4       4.5      43.6
       -.4       9.3        .3      21.3
       -.2       5.0        .2      15.5
       -.2       5.0        .0      14.2
 53114   .649830  -.097475  -.753803
  35495.2  11682.8     15.1     26.2     -7.4     28.9
     15.0     69.2     -3.6     14.3  18338.3  18739.4
       4.1      54.4       4.3      41.9
       -.5       9.1        .0      20.4
       -.1       5.3       -.2      14.4
       -.1       5.0       -.2      12.9
 53115   .564543  -.105852  -.818588
  32738.5  13256.6     15.0     26.5     -7.4     28.9
     14.9     69.7     -7.6      9.1  16421.2  16915.7
       3.4      55.5       3.8      41.7
       -.5       8.8        .2      18.6
       -.1       5.3        .1      13.0
       -.1       5.0       -.2      12.2
 53116   .456422  -.114106  -.882416
  30439.1  16035.0     14.8     26.8     -7.4     28.9
     14.9     69.9     -7.3     18.8  14920.0  15481.9
        .2      53.0       2.9      44.0
       -.3       8.5        .3      18.1
       -.1       5.6        .0      12.0
       -.1       5.0       -.2      10.5
 53117   .323582  -.121343  -.938387
  28993.8  20928.0     15.1     26.9     -7.5      5.6
     15.0     69.9     -7.6     30.3  13889.2  14451.2
       -.7      54.1       2.4      39.5
       -.5       8.9        .3      13.3
       -.4       5.8        .1       9.1
        .0       5.1       -.2       7.9
 53118   .168544  -.126408  -.977555
  27866.0  23188.1     15.0     27.1     -7.5     13.7
     15.0     69.8     -7.6     42.4  12858.1  13456.4
      -1.3      50.8       1.3      41.2
       -.2       9.0       -.1       8.8
        .0       5.8        .0       5.7
        .1       5.0       -.1       5.0
 53119   .000000  -.128243  -.991743
  27623.4  22800.4     15.2     26.9     -7.3     25.1
     15.1     69.9     -7.4     53.7  13102.8  13675.9
        .5      51.9       -.9      60.4
       -.3       8.7        .2       6.9
        .0       5.8       -.3       3.1
        .1       5.0       -.2       3.0
 53120  -.085184  -.127776  -.988138
  27789.1  22993.7     15.0     27.0     -7.6     26.3
     15.0     70.1     -7.5     54.9  13120.1  13756.7
      -3.2      50.2       -.2      64.6
        .0       8.9       -.3       8.9
        .0       5.7       -.1       3.0
        .0       5.1        .0       3.0
 53121  -.168544  -.126408  -.977555
  27983.1  23087.3     15.2     26.8     -7.1     21.1
     15.1     69.9     -7.2     49.8  13471.3  13941.6
      -4.4      52.6       -.6      53.6
       -.5       8.6       -.2       5.6
       -.1       5.8       -.1       3.5
        .1       5.1        .0       3.2
 53122  -.248443  -.124222  -.960648
  28477.1  23641.0     15.1     27.0     -7.9     15.4
     15.1     70.0     -7.7     44.0  13485.0  14102.8
      -1.2      55.1      -3.0      47.2
       -.1       8.6       -.1       7.9
       -.1       5.6       -.1       5.1
        .1       5.1       -.1       4.4
 53123  -.323582  -.121343  -.938387
  29068.1  23500.3     15.2     26.8     -7.6      9.8
     15.1     69.8     -7.5     38.1  13924.4  14548.4
      -5.4      54.9      -5.5      43.0
       -.2       8.9        .0      10.2
        .0       5.6        .0       6.9
        .0       5.1        .0       5.7
 53124  -.393068  -.117920  -.911917
  29752.6  21573.6     15.2     26.9     -7.7      5.3
     15.1     69.9     -7.6     32.1  14357.3  15065.7
      -6.0      51.2      -3.4      39.0
       -.3       8.8       -.3      12.2
        .0       5.5       -.1       8.4
       -.1       5.1       -.2       7.1
 53125  -.456422  -.114106  -.882416
  30633.5  18713.8     14.9     26.8     -8.0      3.4
     15.0     69.6     -7.4     26.2  14941.1  15514.6
      -2.8      50.9      -3.6      40.6
       -.2       8.8        .2      15.2
       -.1       5.7       -.1      10.3
       -.1       5.1       -.1       8.5
 53126  -.513527  -.110042  -.850988
  31549.5  16507.0     15.2     26.6     -7.4     28.9
     15.0     69.5     -7.5     20.2  15738.0  16194.0
      -5.7      52.2      -4.7      42.4
       -.5       9.0       -.7      17.4
       -.2       5.5       -.2      11.5
        .0       5.1       -.2       9.9
 53127  -.564543  -.105852  -.818588
  32926.1  15054.9     14.8     26.4     -7.4     28.9
     14.8     69.5     -7.5     14.5  16477.7  17081.8
      -3.3      54.2      -4.7      43.1
        .0       9.0        .1      18.8
       -.2       5.7       -.2      12.7
       -.1       5.0       -.1      10.9
 53128  -.649830  -.097475  -.753803
  35590.5  12907.9     14.5     26.4     -7.4     28.9
     14.6     69.4     -7.4      6.0  18078.3  18825.0
      -5.3      54.3      -6.1      43.0
       -.4       9.2       -.9      18.3
        .0       5.5       -.1      12.8
        .0       5.0        .2      11.2
 53129  -.716102  -.089513  -.692232
  38679.6  11688.6     15.3     26.1     -7.4     28.9
     15.2     69.1     -7.4     57.7  20280.1  20866.1
      -1.0      58.1      -5.9      45.7
       -.2       9.6       -.4      21.2
       -.1       5.5       -.2      14.9
       -.1       5.0        .1      12.7
 53130  -.767414  -.082223  -.635858
  42031.0  10918.7     14.7     25.6     -7.4     28.9
     14.9     68.9     -7.4     57.7  22639.9  23221.2
      -6.8      58.7      -5.3      41.9
       -.5       9.6        .1      19.9
        .0       5.2        .0      14.6
        .0       5.0        .1      13.1
 53131  -.807288  -.075683  -.585284
  45632.6  10345.8     15.0     25.6     -7.4     28.9
     14.9     68.6     -7.4     57.7  25114.6  25742.8
      -7.6      62.5      -9.0      47.3
       -.8      10.7       -.3      22.1
       -.2       5.1       -.4      15.9
       -.2       5.0       -.2      13.8
 53132  -.838516  -.069876  -.540377
  49456.8  10016.8     14.8     25.2     -7.4     28.9
     14.7     68.3     -7.4     57.7  27184.0  28173.8
      -6.0      62.6      -6.7      43.5
       -.5      11.2       -.4      21.1
       -.3       5.0       -.1      15.5
       -.3       5.0       -.1      14.2
 53133  -.863216  -.064741  -.500666
  53381.1   9741.9     15.0     25.2     -7.4     28.9
     14.9     68.2     -7.4     57.7  30123.0  30662.5
      -6.1      63.9      -6.6      40.7
       -.3      11.2        .1      22.5
       -.2       5.0       -.3      16.4
       -.2       5.0       -.2      14.5
 53134  -.882965  -.060202  -.465563
  57360.1   9634.8     15.1     25.1     -7.4     28.9
     15.0     67.9     -7.4     57.7  32256.5  33009.0
      -8.2      66.3      -7.8      40.4
       -.5      12.2       -.3      22.0
       -.1       5.0        .0      16.5
       -.1       5.0        .0      14.9
 53135  -.898927  -.056183  -.434481
  61449.3   9399.8     15.1     24.8     -7.4     28.9
     15.0     67.8     -7.4     57.7  35339.9  36304.0
      -2.5      61.8      -5.3      40.8
       -.4      13.0       -.9      22.5
       -.2       5.0       -.1      16.7
       -.2       5.0        .1      15.3
 53136  -.911966  -.052613  -.406877
  65792.5   9274.9     14.4     24.8     -7.4     28.9
     14.5     67.7     -7.4     57.7  38362.4  39209.7
      -5.6      65.0      -5.6      40.1
       -.6      13.6       -.4      22.3
       -.1       5.0        .0      16.9
       -.2       5.0       -.2      15.6
 53137  -.922727  -.049432  -.382272
  70111.4   9205.0     14.9     24.7     -7.4     28.9
     14.7     67.5     -7.4     57.7  40775.6  42143.6
      -4.1      69.7      -5.3      40.1
       -.4      14.4       -.3      22.6
       -.3       5.0       -.1      17.3
       -.3       5.0        .2      15.7
 53138   .806111  -.362750  -.467544
  57252.2  10152.9     15.1     43.3     -7.4     28.9
     15.1     20.2     -7.4     57.7  31316.5  32587.0
      -2.5      59.6       5.8      41.3
       -.1      25.1       -.1      22.4
       -.2      16.5        .1      17.2
        .0      13.6       -.1      16.2
 53139   .774912  -.387456  -.499388
  53558.6  10555.0     15.1     43.3     -7.4     28.9
     15.0     20.8     -7.4     57.7  29572.4  30335.0
       -.9      60.1       6.7      42.3
        .0      25.6        .1      21.7
        .0      16.5        .0      16.3
       -.1      14.0       -.2      14.8
 53140   .736803  -.414452  -.534182
  49942.3  11049.5     15.1     43.3     -7.4     28.9
     15.2     21.4     -7.4     57.7  27016.3  28018.3
      -3.3      57.9       6.0      43.7
       -.2      25.8        .3      21.7
       -.4      16.8       -.1      16.4
       -.1      14.1       -.3      15.2
 53141   .690099  -.443635  -.571796
  46633.9  11684.2     15.1     43.3     -7.4     28.9
     15.1     22.0     -7.4     57.7  25026.5  25797.9
      -2.8      59.0       6.4      42.6
        .3      26.2       -.4      21.0
       -.3      17.0        .1      15.1
        .0      14.4       -.1      13.8
 53142   .632842  -.474632  -.611748
  43730.8  12715.8     15.1     43.3     -7.4     28.9
     15.2     22.4     -7.4     57.7  22965.9  23564.8
      -3.3      60.3       7.1      42.4
       -.4      26.4        .4      20.2
       -.5      17.4        .3      14.6
        .1      14.6       -.4      13.8
 53143   .562936  -.506642  -.653006
  40960.4  14189.9     15.1     43.3     -7.4     28.9
     15.3     23.2     -7.4     57.7  21497.5  22238.6
      -3.7      60.6       5.8      47.7
       -.5      27.0        .4      19.4
       -.1      17.9       -.1      13.8
        .1      15.1       -.3      12.4
 53144   .478468  -.538276  -.693778
  38489.4  16008.0     15.1     43.3     -7.4     28.9
     15.0     23.8     -7.5      8.6  19730.1  20800.5
      -3.3      57.4       5.7      41.7
       -.2      27.4       -.1      17.7
       -.5      17.7        .1      12.2
        .1      15.0       -.2      11.1
 53145   .378295  -.567442  -.731370
  36546.7  17170.0     15.1     43.3     -7.4     28.9
     15.4     24.1     -7.7     17.7  18229.5  19125.3
      -3.2      56.8       4.0      44.2
       -.5      27.2        .0      17.0
       -.2      17.9        .0      11.2
        .0      15.4       -.2      10.1
 53146   .262862  -.591440  -.762300
  35300.2  17029.0     15.1     43.3     -7.6      5.5
     15.5     24.5     -7.5     29.4  17685.7  18461.1
      -6.9      58.9       4.9      43.3
       -.1      28.2       -.1      13.2
        .0      18.3       -.1       8.7
        .0      15.5       -.1       7.3
 53147   .134975  -.607388  -.782855
  34455.4  16761.6     15.1     43.3     -7.3     13.1
     15.0     24.7     -7.3     41.5  17386.2  17935.3
      -4.6      56.6       3.7      50.4
       -.5      28.0        .1       8.9
        .0      18.5       -.1       5.5
       -.1      15.3        .0       4.9
 53148   .000000  -.612997  -.790085
  34250.3  16898.0     15.1     43.3     -7.7     24.8
     14.9     24.5     -7.6     53.4  17455.1  18190.5
      -4.4      57.4       6.3      64.4
       -.2      28.2       -.3      11.2
       -.2      18.4       -.1       3.9
       -.1      15.2       -.2       3.0
 53149  -.067953  -.611580  -.788259
  34526.1  17144.5     15.1     43.3     -7.5     25.6
     15.1     24.7     -7.5     54.3  17362.8  17943.7
      -6.2      58.9       1.9      75.1
       -.3      28.3        .6      13.8
        .2      18.3       -.1       3.0
        .0      15.4       -.1       3.0
 53150  -.134975  -.607388  -.782855
  34667.0  17357.0     15.1     43.3     -7.8     20.5
     15.0     24.6     -7.8     49.1  17386.1  18227.7
      -6.7      59.8       -.7      62.8
       -.7      28.1       -.3       8.1
        .2      18.5        .0       3.0
       -.2      15.4       -.1       3.0
 53151  -.200196  -.600588  -.774091
  34898.9  17516.6     15.1     43.3     -7.6     14.7
     15.3     24.6     -7.6     43.3  17397.9  17938.1
      -7.1      59.3      -2.2      53.0
       -.4      27.8       -.2       8.2
        .0      18.6        .0       4.6
        .3      15.5       -.1       4.1
 53152  -.262862  -.591440  -.762300
  35410.5  18079.7     15.1     43.3     -7.7      9.0
     15.4     24.6     -7.6     37.3  17774.6  18541.5
      -6.8      56.8      -3.4      46.3
       -.5      27.4       -.2       9.9
       -.3      17.9        .0       6.5
       -.1      15.5       -.1       5.5
 53153  -.322373  -.580271  -.747905
  35983.0  18280.6     15.1     43.3     -7.6      4.4
     15.3     24.7     -7.6     31.4  18036.0  18783.1
      -5.7      58.8      -2.4      43.2
       -.6      27.9       -.4      12.7
       -.1      18.1       -.1       8.1
       -.2      15.3       -.1       6.7
 53154  -.378295  -.567442  -.731370
  36719.1  18151.6     15.1     43.3     -7.4     28.9
     15.2     24.2     -7.5     25.2  18799.4  19445.4
      -6.7      57.3      -2.4      43.8
       -.4      27.0       -.4      14.7
       -.1      18.0       -.1       9.6
       -.1      15.5       -.2       8.2
 53155  -.430364  -.553325  -.713175
  37746.5  17283.8     15.1     43.3     -7.4     28.9
     15.2     24.1     -7.4     19.0  19023.8  19909.3
      -8.3      60.3      -3.9      44.9
       -.7      27.4       -.3      16.9
       -.2      18.1       -.2      11.0
        .0      15.3       -.1       9.1
 53156  -.478468  -.538276  -.693778
  38618.3  16280.3     15.1     43.3     -7.4     28.9
     15.2     23.9     -7.4     13.2  19740.0  20345.7
      -6.8      58.1      -3.2      45.1
      -1.1      26.8       -.6      17.3
       -.5      17.9       -.3      11.7
        .0      15.5       -.1      10.3
 53157  -.562936  -.506642  -.653006
  41173.7  14430.6     15.1     43.3     -7.4     28.9
     15.0     23.3     -7.3      6.1  21475.6  22257.9
      -8.3      59.5      -5.6      44.7
       -.3      27.3       -.6      17.6
        .0      17.8       -.1      12.2
       -.1      15.2       -.1      10.8
 53158  -.632842  -.474632  -.611748
  43700.6  12724.4     15.1     43.3     -7.4     28.9
     15.0     22.8     -7.4     57.7  23131.7  23886.7
      -7.4      60.1      -5.8      45.4
       -.5      26.6        .1      20.3
        .0      17.3       -.1      13.9
       -.1      14.9        .0      12.3
 53159  -.690099  -.443635  -.571796
  46710.9  11811.7     15.1     43.3     -7.4     28.9
     14.4     22.2     -7.4     57.7  25044.4  25895.4
      -8.2      58.3      -4.8      42.2
       -.6      25.9       -.4      19.3
       -.1      16.9       -.3      13.7
       -.2      14.5       -.1      12.5
 53160  -.736803  -.414452  -.534182
  50029.5  11032.8     15.1     43.3     -7.4     28.9
     15.3     21.6     -7.4     57.7  27119.5  28028.7
      -7.4      59.9      -5.9      43.6
       -.1      25.7       -.4      21.8
       -.3      17.0        .0      15.5
       -.1      14.3        .2      14.0
 53161  -.774912  -.387456  -.499388
  53267.5  10533.2     15.1     43.3     -7.4     28.9
     15.1     21.0     -7.4     57.7  29368.4  30086.1
      -7.1      57.8      -3.9      41.7
       -.4      25.3       -.5      20.7
        .0      16.4        .2      15.2
       -.1      13.9        .2      14.2
 53162  -.806111  -.362750  -.467544
  57163.0  10211.5     15.1     43.3     -7.4     28.9
     15.0     20.5     -7.4     57.7  32087.3  33005.8
      -6.4      57.0      -7.1      43.0
       -.7      24.8       -.5      22.0
       -.3      16.2       -.1      16.3
        .1      13.7        .1      14.8
 53163  -.831783  -.340275  -.438577
  60863.5   9995.3     15.1     43.3     -7.4     28.9
     14.8     19.6     -7.4     57.7  34020.1  35193.0
      -6.8      59.6      -6.6      40.8
       -.3      24.9        .0      21.3
       -.1      15.9        .2      16.1
       -.1      13.6       -.1      15.2
 53164  -.853040  -.319890  -.412303
  64814.7   9671.4     15.1     43.3     -7.4     28.9
     15.1     19.4     -7.4     57.7  37196.0  38196.3
      -6.0      59.6      -6.0      41.5
       -.7      24.7       -.5      22.7
        .0      15.9        .2      17.0
       -.2      13.5        .0      15.2
 53165  -.870759  -.301417  -.388493
  68832.9   9579.7     15.1     43.3     -7.4     28.9
     14.8     19.1     -7.4     57.7  39648.2  40860.3
      -4.8      59.7      -4.3      39.6
       -.9      24.3       -.5      22.0
        .0      15.6        .2      16.8
        .0      13.2        .2      15.6
 53166  -.885633  -.284668  -.366905
  72855.5   9378.6     15.1     43.3     -7.4     28.9
     15.0     18.7     -7.4     57.7  41983.2  43463.5
      -9.1      62.3      -5.8      40.1
       -.6      24.1       -.7      22.7
       -.1      15.6        .2      17.5
        .0      13.2        .0      15.5
 53167   .467453  -.841416  -.271123
  98584.9  13842.5     15.1     43.3     -7.4     28.9
     15.1     86.6     -7.4     57.7  58842.0  60089.3
     -10.4      51.6      10.2      44.4
       -.4      22.5        .5      18.2
        .0      18.0        .0      12.5
       -.2      16.7       -.1      11.3
 53168   .429723  -.859446  -.276932
  96492.5  13762.1     15.1     43.3     -7.4     28.9
     15.1     86.6     -7.4     57.7  56698.6  58941.4
      -9.2      52.1       8.2      47.0
       -.5      23.0        .4      19.4
        .0      18.1        .2      12.5
        .1      17.1       -.1      11.2
 53169   .389600  -.876600  -.282460
  94544.4  13383.7     15.1     43.3     -7.4     28.9
     15.1     86.6     -7.4     57.7  56729.8  58164.6
     -10.1      50.2       9.5      49.0
       -.8      23.0        .7      17.6
       -.1      18.1        .0      11.2
        .1      17.0       -.3       9.8
 53170   .347131  -.892622  -.287623
  92962.3  13340.6     15.1     43.3     -7.4     28.9
     15.1     86.6     -7.4     57.7  55332.9  56794.4
      -9.0      51.0       8.5      51.6
       -.7      23.4        .5      18.7
       -.6      18.5        .0      11.4
       -.1      17.3        .0       9.7
 53171   .302414  -.907242  -.292333
  91625.0  13243.7     15.1     43.3     -7.4     28.9
     15.1     86.6     -7.4     57.7  54163.3  55695.8
      -9.9      51.8      10.7      60.6
       -.1      22.4        .4      16.9
        .1      18.4        .0      10.0
        .0      17.3        .0       8.6
 53172   .255608  -.920190  -.296506
  90227.8  13063.2     15.1     43.3     -7.4     28.9
     15.1     86.6     -7.4     57.7  53521.0  55109.0
      -9.3      50.1      10.0      56.7
       -.6      23.4        .3      17.7
        .0      18.7        .0      10.0
        .0      17.2       -.1       8.0
 53173   .206935  -.931206  -.300055
  89025.9  12886.5     15.1     43.3     -7.4     28.9
     15.1     86.6     -7.4      4.2  52310.8  54352.4
      -6.7      46.2       9.2      54.9
      -1.2      23.8        .7      16.9
       -.3      18.7       -.1       8.5
        .1      17.4        .0       7.0
 53174   .156676  -.940054  -.302906
  88360.3  12821.2     15.1     43.3     -7.4     28.9
     15.1     86.6     -7.3     13.1  51484.0  52986.6
      -8.0      47.5       7.7      57.6
       -.5      23.0        .3      17.3
       -.3      18.9        .0       8.2
        .0      17.2       -.1       6.6
 53175   .105170  -.946530  -.304993
  87759.1  12741.5     15.1     43.3     -6.2      1.8
     15.1     86.6     -7.5     26.2  51943.2  53096.1
      -9.8      46.4       7.7      73.1
       -.9      23.1        .3      18.0
        .0      18.9        .0       7.0
       -.1      17.3        .0       5.5
 53176   .052804  -.950480  -.306266
  87172.4  12811.2     15.1     43.3     -7.2     11.1
     15.1     86.6     -7.3     39.6  51537.2  52848.0
      -8.9      49.7       7.0      81.4
       -.8      23.0        .6      20.6
        .0      18.7       -.1       4.7
       -.2      17.3       -.1       3.9
 53177   .000000  -.951808  -.306694
  87399.3  12815.4     15.1     43.3     -7.5     23.1
     15.1     86.6     -7.5     51.6  51692.4  53189.5
      -9.5      50.8       4.3      95.7
       -.6      23.5       2.0      40.1
       -.1      19.0       -.2       6.4
        .0      17.5       -.1       3.0
 53178  -.026430  -.951476  -.306587
  87459.0  12881.2     15.1     43.3     -7.2     24.9
     15.1     86.6     -7.2     53.4  51481.0  53047.0
      -8.4      50.0       5.2      98.3
       -.8      23.3       1.7      41.3
        .2      18.9        .2       9.9
        .0      17.5       -.1       3.9
 53179  -.052804  -.950480  -.306266
  87401.2  12821.7     15.1     43.3     -7.2     18.8
     15.1     86.6     -7.3     47.4  51309.6  52941.0
      -9.0      48.0       2.4      84.4
       -.7      23.1        .5      29.2
       -.1      18.8       -.2       4.6
        .3      17.3        .0       3.0
 53180  -.079069  -.948828  -.305734
  87897.1  12916.2     15.1     43.3     -7.2     13.8
     15.1     86.6     -7.2     41.1  52123.4  53364.3
      -7.7      47.2       2.5      78.5
      -1.0      23.3        .2      21.6
        .3      19.0       -.2       4.3
       -.3      17.4       -.1       3.0
 53181  -.105170  -.946530  -.304993
  87843.2  12928.0     15.1     43.3     -7.4      6.2
     15.1     86.6     -7.3     34.5  51708.9  53371.6
      -9.4      49.9       7.0      72.0
       -.9      23.0       -.2      18.5
        .2      18.6        .0       4.8
        .3      17.6       -.1       3.6
 53182  -.131055  -.943599  -.304049
  88262.3  13068.7     15.1     43.3     -8.2      1.9
     15.1     86.6     -7.7     28.1  52533.1  53653.1
     -10.8      49.2       2.1      71.4
       -.5      23.5        .0      17.1
       -.2      19.0       -.1       6.0
        .2      17.3        .0       4.6
 53183  -.156676  -.940054  -.302906
  88348.2  13155.3     15.1     43.3     -7.4     28.9
     15.1     86.6     -7.5     21.5  52145.5  53543.8
     -12.0      49.9       2.4      71.7
       -.4      23.0       -.1      17.1
       -.2      19.1        .0       7.3
        .0      17.5       -.1       5.6
 53184  -.181983  -.935915  -.301572
  88632.6  13115.1     15.1     43.3     -7.4     28.9
     15.1     86.6     -7.7     15.1  51848.5  53866.7
      -7.6      48.3       4.0      66.7
       -.5      22.7        .0      18.0
       -.1      19.0       -.2       8.1
        .0      17.6       -.1       6.4
 53185  -.206935  -.931206  -.300055
  89097.6  13381.6     15.1     43.3     -7.4     28.9
     15.1     86.6     -7.5      8.5  52890.3  54166.1
      -9.0      51.2       1.0      65.2
       -.8      23.4       -.3      16.9
       -.2      19.1       -.1       8.1
       -.1      17.6       -.1       6.5
 53186  -.255608  -.920190  -.296506
  90244.3  13473.9     15.1     43.3     -7.4     28.9
     15.1     86.6     -7.4     57.7  52437.5  54330.0
     -10.5      50.9        .0      60.8
       -.4      23.3        .1      17.9
        .0      18.7        .0       9.2
       -.3      17.6        .0       7.4
 53187  -.302414  -.907242  -.292333
  91475.1  13687.8     15.1     43.3     -7.4     28.9
     15.1     86.6     -7.4     57.7  54459.5  55714.2
     -10.1      50.8       -.3      57.3
       -.3      23.2       -.2      17.4
       -.2      18.8        .0      10.1
        .2      17.6       -.1       8.3
 53188  -.347131  -.892622  -.287623
  93262.3  14037.3     15.1     43.3     -7.4     28.9
     15.1     86.6     -7.4     57.7  55157.9  56251.3
     -12.7      52.6      -1.8      55.6
       -.3      23.7       -.1      18.2
       -.5      18.9       -.4      10.5
        .4      17.6        .0       8.8
 53189  -.389600  -.876600  -.282460
  94721.6  14240.7     15.1     43.3     -7.4     28.9
     15.1     86.6     -7.4     57.7  55805.5  57804.8
     -10.0      51.8      -3.2      52.8
       -.7      22.7       -.5      18.8
       -.3      18.9        .0      11.7
        .1      17.4        .0       9.8
 53190  -.429723  -.859446  -.276932
  96568.0  14404.7     15.1     43.3     -7.4     28.9
     15.1     86.6     -7.4     57.7  57032.4  58862.1
     -12.5      54.9      -3.6      49.8
       -.6      22.8       -.4      18.6
       -.1      18.5       -.2      11.1
       -.1      17.5        .0       9.8
 53191  -.467453  -.841416  -.271123
  98913.5  14378.3     15.1     43.3     -7.4     28.9
     15.1     86.6     -7.4     57.7  59362.2  60742.7
     -10.7      51.8      -4.3      48.8
       -.8      23.0       -.3      20.1
        .1      18.4        .0      13.0
       -.1      16.9        .0      11.0
 53192  -.502792  -.822750  -.265108
 100725.0  14234.0     15.1     43.3     -7.4     28.9
     15.1     86.6     -7.4     57.7  60525.9  62083.1
      -8.1      49.8      -1.9      43.6
       -.8      23.0       -.6      18.7
        .1      18.2        .1      12.2
        .1      17.3        .0      10.8
 53193  -.535778  -.803668  -.258960
 103281.2  14076.5     15.1     43.3     -7.4     28.9
     15.1     86.6     -7.4     57.7  61406.6  62894.5
     -10.2      49.1      -2.7      43.6
       -.8      23.0       -.4      20.4
       -.3      18.0       -.2      14.0
        .1      17.3       -.1      12.3
 53194  -.566482  -.784360  -.252738
 105745.5  13553.1     15.1     43.3     -7.4     28.9
     15.1     86.6     -7.4     57.7  62069.7  63713.1
     -11.2      52.5      -2.7      39.5
      -1.1      22.7       -.5      18.8
       -.3      18.0        .1      13.4
        .3      17.2        .1      12.1
 53195  -.594996  -.764995  -.246498
 108292.1  13155.9     15.1     43.3     -7.4     28.9
     15.1     86.6     -7.4     57.7  65721.4  67479.3
     -12.6      52.8      -5.2      40.7
      -1.0      22.2       -.6      20.3
       -.1      17.7       -.3      14.7
       -.5      16.6        .0      13.2
