Dot1_150x100_prd2017clk:@-100V,3.8T@90d,253K,rh=1.10/0.7,0.0/0.0                
   802   1  3.80  60   5  29   0  100.00  253.00     .00  .76000   800.0    -.43  156.88  150.000  100.000  285.000   800.0    -.22   78.44    1.50    1.00     .85
 56801   .000000   .000000 -1.000000
  26495.4  13790.3      -.1     39.2     78.4     28.9
      -.1     82.3     75.8     18.2  12879.6  13276.0
       4.8      65.4        .5      38.3
        .2       8.6        .0      17.0
        .3       5.0        .6      11.5
        .3       5.0        .6      10.0
 56802   .000000  -.130455  -.991454
  26712.5  13894.9       .6     33.5     78.4     28.9
       .7     76.6     75.6     18.2  12806.6  13457.2
      -3.4      60.1        .3      38.7
       -.1       5.6        .1      16.7
        .0       5.0        .7      11.3
       -.1       5.0        .5       9.9
 56803   .000000  -.254493  -.967075
  27253.4  14242.2       .1     24.9     78.4     28.9
       .1     68.0     75.6     18.0  13113.7  13670.8
      -4.1      48.3        .0      39.0
       -.3       8.2        .1      16.6
       -.1       5.2        .5      11.4
       -.1       5.0        .6       9.7
 56804   .000000  -.367167  -.930155
  28475.3  14833.6       .1     16.1     78.4     28.9
       .1     58.8     75.6     17.8  14104.2  14568.2
      -5.3      48.3       -.2      40.9
        .3      11.8        .6      16.7
       -.1       7.9        .3      11.3
       -.1       6.8        .5       9.8
 56805   .000000  -.465746  -.884918
  29948.4  15575.8      -.2      8.0     78.4     28.9
      -.1     49.8     75.6     17.6  14876.8  15321.4
      -5.1      49.9       1.7      41.0
        .0      15.8        .4      16.5
       -.1      10.8        .4      11.2
       -.1       8.7        .4       9.5
 56806   .000000  -.549617  -.835417
  31563.1  16109.5      -.7      7.4     78.4     28.9
      -.2     40.2     75.5     17.3  15590.8  16346.5
      -7.0      52.8        .5      41.3
       -.2      21.3        .2      16.1
        .0      13.9        .5      10.6
       -.2      11.2        .4       9.2
 56807   .000000  -.619644  -.784883
  33593.5  16335.5      -.2     43.3     78.4     28.9
      -.3     30.4     75.7     16.7  17208.4  17682.1
      -5.5      55.8      -1.1      42.2
       -.2      26.1        .4      16.1
        .0      17.5        .3      10.6
       -.2      14.1        .5       8.9
 56808   .000000  -.677476  -.735545
  35987.1  16212.1      -.2     43.3     78.4     28.9
      -.2     21.1     75.5     16.4  18558.7  18981.7
     -10.6      57.9       1.4      45.7
       -.3      27.2        .2      16.0
       -.4      18.1        .3      10.2
       -.1      14.8        .5       8.7
 56809   .000000  -.724999  -.688749
  38500.7  16011.6      -.2     43.3     78.4     28.9
      -.2     12.4     75.8     16.0  19855.7  20679.7
      -8.0      54.3        .9      48.9
       -.7      25.2        .1      15.9
       -.3      16.7        .3      10.2
       -.1      14.5        .5       8.5
 56810   .000000  -.764030  -.645181
  41034.2  15394.5      -.2     43.3     78.4     28.9
     -1.5      8.6     75.9     15.6  21351.4  22191.3
      -9.2      52.5       -.6      46.8
       -.7      21.7       -.3      15.6
       -.1      16.8        .4       9.8
       -.5      15.2        .3       8.1
 56811   .000000  -.796162  -.605083
  43680.8  15027.5      -.2     43.3     78.4     28.9
      -.2     86.6     75.8     15.2  23000.9  23918.5
      -8.8      52.6        .5      49.3
       -.5      23.1        .1      15.3
       -.5      17.5        .1       9.6
       -.2      16.2        .2       7.9
 56812   .000000  -.822730  -.568432
  46566.7  14649.8      -.2     43.3     78.4     28.9
      -.2     86.6     76.1     15.0  25049.4  25684.0
      -9.5      51.7       -.4      50.0
       -.3      22.5        .0      15.4
       -.4      16.6        .3       9.4
       -.5      15.1        .3       7.7
 56813   .000000  -.844819  -.535052
  49475.6  14320.5      -.2     43.3     78.4     28.9
      -.2     86.6     76.0     14.8  26664.5  27468.6
      -8.3      50.4        .0      51.6
       -.4      20.9        .2      15.2
       -.2      15.4        .1       9.3
       -.6      13.8        .2       7.8
 56814   .000000  -.863297  -.504697
  52155.7  14044.9      -.2     43.3     78.4     28.9
      -.2     86.6     76.0     14.6  28311.7  29175.8
      -8.1      50.4        .1      49.0
       -.5      22.3       -.1      15.8
       -.4      17.2        .2       9.1
       -.4      15.6        .2       7.2
 56815   .000000  -.878853  -.477092
  55481.7  13890.2      -.2     43.3     78.4     28.9
      -.2     86.6     76.1     14.4  30266.0  31385.9
      -9.5      49.8        .3      52.7
       -.5      23.3        .0      15.2
       -.6      18.6        .0       8.8
       -.7      17.1        .1       7.2
 56816   .000000  -.892036  -.451965
  58486.9  13672.4      -.2     43.3     78.4     28.9
      -.2     86.6     76.3     14.1  32343.5  33356.9
      -6.7      49.4       1.7      52.2
       -.7      22.8        .0      15.8
       -.4      17.1        .3       8.7
       -.4      16.0        .3       7.2
 56817   .000000  -.903278  -.429057
  61544.4  13608.1      -.2     43.3     78.4     28.9
      -.2     86.6     76.3     14.1  34805.5  35770.0
      -9.1      48.6       1.3      57.3
       -.8      21.2       -.3      15.9
       -.1      15.9        .1       8.5
       -.5      14.3        .2       6.9
 56818   .000000  -.912924  -.408131
  64616.5  13537.7      -.2     43.3     78.4     28.9
      -.2     86.6     76.4     13.8  36325.8  37554.6
     -10.7      54.7       -.8      58.4
       -.7      22.0       -.1      16.3
       -.6      17.9        .0       8.5
       -.7      16.4        .1       6.9
 56819   .000000  -.921250  -.388972
  67805.8  13454.7      -.2     43.3     78.4     28.9
      -.2     86.6     76.5     13.6  38750.3  39806.8
      -9.9      50.8        .9      62.4
       -.9      23.4       -.2      15.2
       -.2      18.9        .1       8.5
       -.3      17.9        .2       6.8
 56820   .000000  -.928477  -.371391
  71079.6  13331.5      -.2     43.3     78.4     28.9
      -.2     86.6     76.4     13.5  40911.9  42270.0
     -12.3      53.1       3.0      58.2
       -.9      22.5       -.1      16.8
       -.4      17.7        .2       8.2
       -.5      16.4        .1       6.6
 56821   .000000  -.934784  -.355218
  74436.8  13370.9      -.2     43.3     78.4     28.9
      -.2     86.6     76.7     13.2  42333.6  43850.8
     -11.5      54.5       1.8      63.9
       -.3      21.3        .0      16.8
       -.5      16.3        .0       8.2
       -.3      14.5        .1       6.5
 56822   .000000  -.940315  -.340305
  77608.4  13264.7      -.2     43.3     78.4     28.9
      -.2     86.6     76.9     13.2  45033.5  46592.0
     -12.4      54.7       2.7      65.0
       -.5      22.3       -.3      18.1
       -.2      17.9        .3       8.0
       -.5      16.6        .2       6.4
 56823   .000000  -.945190  -.326520
  80827.4  13277.3      -.2     43.3     78.4     28.9
      -.2     86.6     76.7     13.1  47472.3  48752.3
      -9.0      52.7      -1.7      66.3
       -.7      23.3       -.1      18.0
       -.5      19.4        .0       8.4
       -.5      18.0        .2       6.3
 56824   .000000  -.949506  -.313750
  83894.7  13188.9      -.2     43.3     78.4     28.9
      -.2     86.6     76.9     12.9  49271.5  50939.3
     -10.2      54.1        .6      65.0
      -1.0      22.6       -.3      18.9
       -.2      18.0        .1       8.0
       -.7      16.7        .1       6.1
 56825   .000000  -.953342  -.301892
  87377.1  13138.5      -.2     43.3     78.4     28.9
      -.2     86.6     76.8     12.9  51539.3  53152.9
      -9.8      50.7       2.5      67.0
       -.5      21.3       -.1      19.3
       -.4      16.4        .0       8.0
       -.5      14.9        .0       6.1
 56826   .000000  -.956767  -.290857
  90942.5  13170.7      -.2     43.3     78.4     28.9
      -.2     86.6     76.8     12.8  53533.5  55072.9
      -9.8      49.3       3.2      68.4
       -.8      22.3       -.1      19.5
       -.4      18.1        .1       7.8
       -.5      16.5        .1       6.0
 56827   .000000  -.959834  -.280567
  94221.5  13162.0      -.2     43.3     78.4     28.9
      -.2     86.6     76.9     12.7  56438.3  57842.3
     -10.0      50.1       -.3      69.6
       -.9      24.1        .2      20.3
       -.2      19.3        .2       7.5
       -.8      18.5        .3       6.2
 56828   .000000  -.962593  -.270952
  97414.7  13062.9      -.2     43.3     78.4     28.9
      -.2     86.6     77.0     12.5  57685.9  58867.3
      -9.8      51.8       6.5      73.4
       -.9      22.9        .0      20.6
       -.3      18.1        .1       8.0
       -.3      17.0        .3       6.0
 56829   .000000  -.965081  -.261951
 100815.4  13049.5      -.2     43.3     78.4     28.9
      -.2     86.6     77.0     12.5  59694.6  61343.1
     -10.0      46.8       1.8      76.3
      -1.0      21.9        .0      20.8
       -.6      16.6       -.1       7.8
       -.8      15.1        .1       5.9
 56830   .000000  -.967333  -.253508
 104287.8  13125.3      -.2     43.3     78.4     28.9
      -.2     86.6     77.1     12.4  63009.5  64558.0
     -10.4      52.0       2.8      80.0
       -.7      23.0       -.3      21.2
       -.2      18.0        .0       8.3
       -.5      16.9        .0       5.7
 56831   .000000  -.969377  -.245576
 107602.1  13137.4      -.2     43.3     78.4     28.9
      -.2     86.6     77.4     12.3  65436.1  66934.2
     -10.0      51.6       5.2      78.5
       -.6      23.7        .1      21.9
       -.3      19.4        .1       8.0
       -.7      18.4        .0       5.8
 56832   .000000  -.971238  -.238110
 111077.8  13162.6      -.2     43.3     78.4     28.9
      -.2     86.6     77.4     12.2  66790.6  68730.4
     -10.4      51.3       1.9      80.7
      -1.1      23.6       -.5      24.0
       -.4      18.2        .1       8.3
       -.7      16.8        .0       6.0
 56833   .000000  -.972937  -.231072
 114400.9  13114.7      -.2     43.3     78.4     28.9
      -.2     86.6     77.4     12.3  68854.1  70225.5
     -10.7      50.2       2.0      81.5
      -1.5      22.4       -.2      23.5
       -.3      17.0        .0       8.0
       -.5      15.4        .1       5.8
 56834   .000000  -.974491  -.224428
 117641.9  13131.7      -.2     43.3     78.4     28.9
      -.2     86.6     77.3     12.2  70934.9  73093.1
     -11.1      49.7       2.5      78.9
      -1.1      23.1        .2      23.8
       -.6      18.3        .1       7.8
       -.7      17.0        .1       5.7
 56835   .000000  -.975916  -.218146
 120799.8  13092.4      -.2     43.3     78.4     28.9
      -.2     86.6     77.6     12.1  73376.6  75727.1
     -10.9      50.6       1.2      83.4
      -1.3      24.0        .2      25.2
       -.3      19.4        .3       8.0
       -.4      18.5        .1       5.6
 56836   .000000  -.977227  -.212198
 124160.1  13035.5      -.2     43.3     78.4     28.9
      -.2     86.6     77.5     12.0  76125.0  78520.6
     -10.9      52.5       2.3      81.6
      -1.2      24.0        .3      25.0
       -.4      18.6        .1       7.8
       -.8      17.5        .1       5.6
 56837   .000000  -.978434  -.206558
 127836.9  13111.1      -.2     43.3     78.4     28.9
      -.2     86.6     77.6     11.9  78527.0  80264.3
      -9.8      50.8       3.8      86.4
      -1.5      22.7       -.2      25.8
       -.8      16.8        .1       8.4
       -.6      15.5        .0       5.8
 56838   .000000  -.979549  -.201205
 131009.5  13016.3      -.2     43.3     78.4     28.9
      -.2     86.6     77.7     11.9  80747.0  83399.2
     -10.1      50.1       2.8      84.1
       -.9      23.4        .1      24.0
       -.3      18.3        .2       9.0
       -.5      16.9        .0       5.8
 56839   .000000  -.980581  -.196116
 134392.7  13109.3      -.2     43.3     78.4     28.9
      -.2     86.6     77.9     12.0  83156.0  85492.3
      -9.5      50.7        .7      84.9
      -1.0      23.6        .1      26.4
       -.6      19.4        .1       8.1
       -.4      18.7        .1       6.1
 56840   .000000  -.981537  -.191274
 138216.1  13242.3      -.2     43.3     78.4     28.9
      -.2     86.6     77.7     11.8  85577.3  87599.8
     -12.8      50.1       3.7      91.4
      -1.4      23.7        .2      27.3
       -.2      18.6        .1       7.9
       -.4      17.1        .0       5.6
 56841   .000000  -.982424  -.186661
 141314.6  13104.7      -.2     43.3     78.4     28.9
      -.2     86.6     78.0     11.7  88425.4  90712.3
      -9.6      51.5        .0      91.9
      -1.6      23.3        .6      27.6
       -.5      17.0        .1       8.2
       -.6      15.8        .1       5.4
 56842   .000000  -.983250  -.182261
 144772.7  13033.0      -.2     43.3     78.4     28.9
      -.2     86.6     78.0     11.7  89649.7  91801.4
     -12.2      54.1       4.7      92.8
      -1.1      23.2        .4      28.0
       -.6      18.4        .0       8.5
       -.4      17.1        .0       5.3
 56843   .000000  -.984020  -.178061
 148170.6  13138.4      -.2     43.3     78.4     28.9
      -.2     86.6     77.8     11.8  91555.4  93793.0
     -12.6      51.6       2.6      96.8
      -1.1      24.3        .4      28.5
       -.5      19.5        .0       8.5
       -.8      18.7        .0       5.6
 56844   .000000  -.984737  -.174047
 151962.8  13046.5      -.2     43.3     78.4     28.9
      -.2     86.6     78.0     11.7  93998.4  96931.5
     -12.1      49.6        .5      93.8
      -1.6      23.6        .2      29.3
       -.7      18.4        .2       9.1
       -.5      17.4        .1       5.3
 56845   .000000  -.985408  -.170207
 155189.5  13070.4      -.2     43.3     78.4     28.9
      -.2     86.6     78.0     11.6  96581.2  99584.3
     -10.1      49.8      -3.1      94.8
      -1.3      22.1        .2      29.8
       -.3      16.8        .1       9.4
       -.4      15.4        .0       5.5
 56846   .000000  -.986036  -.166531
 158868.8  13084.5      -.2     43.3     78.4     28.9
      -.2     86.6     77.9     11.6  99162.9 101953.2
     -11.9      56.5       4.4      95.4
      -1.4      24.0       -.4      31.2
       -.3      18.1        .1       9.6
       -.6      17.1        .1       5.3
 56847   .000000  -.986625  -.163008
 161747.2  13158.5      -.2     43.3     78.4     28.9
      -.2     86.6     78.1     11.5 101743.2 104400.7
      -9.5      51.9        .9      94.9
      -1.5      24.6        .0      30.1
       -.2      19.6        .2       9.4
       -.7      18.8        .0       6.0
 56848   .000000  -.987696  -.156385
 168744.9  13100.2      -.2     43.3     78.4     28.9
      -.2     86.6     78.3     11.4 106957.9 109662.1
     -12.5      50.2      -1.0      89.0
      -1.2      22.8        .2      30.6
       -.1      16.8        .3       9.6
       -.6      15.6        .1       5.4
 56849   .000000  -.988644  -.150274
 175660.0  13091.1      -.2     43.3     78.4     28.9
      -.2     86.6     78.1     11.4 112160.2 114416.9
     -13.3      51.6       1.7     111.1
      -1.2      24.6        .7      32.8
       -.8      19.4        .1       9.5
       -.6      19.0        .2       5.3
 56850   .000000  -.989488  -.144617
 182842.7  13122.4      -.2     43.3     78.4     28.9
      -.2     86.6     78.3     11.4 117734.8 119969.2
     -11.6      50.8      -1.8     100.5
      -1.8      23.0       -.1      33.6
       -.4      17.2        .1      10.1
       -.3      15.6        .1       5.3
 56851   .000000  -.990241  -.139367
 189525.6  13124.7      -.2     43.3     78.4     28.9
      -.2     86.6     78.2     11.4 121196.5 124153.9
     -13.4      57.5      11.9     105.7
      -1.4      25.1        .6      34.0
       -.3      19.6        .1      10.6
       -.6      18.9        .1       6.0
 56852   .000000  -.990916  -.134481
 196408.1  13147.0      -.2     43.3     78.4     28.9
      -.2     86.6     78.5     11.2 125303.2 128822.7
     -14.5      52.3       9.0     104.1
      -1.3      23.7        .7      37.0
       -.5      16.7        .2      10.3
       -.5      15.6        .1       6.6
 56853   .000000  -.991524  -.129924
 203193.4  13178.3      -.2     43.3     78.4     28.9
      -.2     86.6     78.4     11.2 129154.7 133524.3
     -10.8      55.3       2.9     104.7
      -1.5      25.1       -.5      36.2
       -.4      19.7        .3      11.7
       -.6      19.1        .1       5.7
 56854   .000000  -.992073  -.125663
 210585.6  13270.0      -.2     43.3     78.4     28.9
      -.2     86.6     78.4     11.2 135517.5 138587.8
     -11.3      48.8       2.7     108.7
      -1.9      24.0        .7      38.8
       -.5      17.0        .0      11.3
       -.3      16.1        .0       6.7
 56855   .000000  -.992571  -.121670
 217160.0  13183.1      -.2     43.3     78.4     28.9
      -.2     86.6     78.3     11.1 139923.9 143396.6
     -14.3      48.4      -4.2     104.2
      -1.5      25.3        .4      38.8
       -.8      19.8        .1      11.7
       -.7      18.8        .0       5.4
 56856   .000000  -.993023  -.117921
 223946.9  13194.0      -.2     43.3     78.4     28.9
      -.2     86.6     78.8     11.0 145697.3 148739.2
      -8.0      46.2       8.3     115.8
      -1.4      22.7        .0      38.7
       -.4      17.1        .1      12.4
       -.4      15.9        .0       6.1
 56857   .000000  -.993435  -.114396
 230477.8  13241.9      -.2     43.3     78.4     28.9
      -.2     86.6     78.7     11.0 151839.1 154592.5
     -12.5      49.7       1.1     113.8
      -1.6      24.7        .5      39.5
       -.5      19.7        .1      11.4
       -.1      18.6        .2       6.4
 56858   .000000  -.993812  -.111073
 237913.2  13379.0      -.2     43.3     78.4     28.9
      -.2     86.6     78.5     11.0 154768.3 158530.6
      -9.8      43.3       5.2     124.7
      -1.8      22.7       -.1      40.3
       -.7      17.1        .1      12.1
       -.7      15.6        .0       6.2
 56859   .000000  -.994158  -.107937
 244748.2  13227.7      -.2     43.3     78.4     28.9
      -.2     86.6     78.5     10.9 159264.2 163374.3
      -4.9      42.9       4.0     116.5
      -1.9      24.5        .9      42.2
       -.1      19.9        .0      13.0
       -.6      19.0        .0       7.4
 56860   .000000  -.994475  -.104972
 251620.4  13307.0      -.2     43.3     78.4     28.9
      -.2     86.6     78.7     10.9 165491.0 168934.2
      -6.2      37.6       5.2     117.2
      -1.7      22.3        .8      42.3
       -.6      17.1        .0      12.2
       -.8      16.1        .2       6.9
 56861   .903278   .000000  -.429057
  61625.7  13001.4      -.2     38.4     78.4     28.9
      -.2     81.3     78.4     57.7  34916.5  35892.4
       2.4      83.1       8.3      42.7
       -.2      26.2      -1.1      19.0
        .4       6.2      -1.7      13.1
        .2       5.0      -1.3      11.2
 56862   .887877   .000000  -.460082
  57832.7  13754.1       .2     38.3     78.4     28.9
       .2     81.4     78.4     57.7  31970.7  33013.9
       2.2      78.8       9.8      48.3
       -.1      26.0       -.3      20.5
        .4       6.9       -.8      14.2
       -.1       5.0       -.7      11.8
 56863   .868777   .000000  -.495203
  53567.5  14618.0       .2     38.4     78.4     28.9
       .2     81.4     78.4     57.7  29635.9  30377.0
      -2.2      76.8       7.1      44.1
       -.9      23.4       -.7      18.1
        .2       5.0      -1.0      12.5
        .2       5.0       -.6      10.4
 56864   .844819   .000000  -.535052
  49713.8  15781.9       .4     38.5     78.4     28.9
       .4     81.5     78.4     57.7  27530.0  28307.1
       3.1      78.8       7.9      47.1
       1.6      20.3       -.1      18.5
        .3       5.0       -.4      12.8
        .2       5.0        .1      10.9
 56865   .814421   .000000  -.580275
  46156.2  17493.7       .2     38.6     78.4     28.9
       .2     81.5     80.7      4.6  24764.2  25515.8
       -.3      73.3       9.3      47.2
       -.6      20.9        .7      17.1
        .5       5.6        .5      11.6
        .5       5.0        .5       9.5
 56866   .775436   .000000  -.631426
  42535.8  20125.0      -.4     38.3     78.4     28.9
      -.4     81.4     75.4     10.0  22439.6  23221.4
      -4.2      74.2       7.0      49.7
        .4      17.6        .9      16.1
        .2       5.0       1.5      11.3
        .1       5.0       1.4       9.3
 56867   .724999   .000000  -.688749
  39378.4  24614.2       .3     38.4     78.4     28.9
       .2     81.5     75.1     22.4  20202.5  21277.6
       3.8      79.0      10.1      53.6
        .1      13.8       1.9      14.8
        .1       5.0       1.8       9.6
        .3       5.0       2.0       8.0
 56868   .659438   .000000  -.751759
  35852.5  27613.1      -.1     38.4     75.3      6.8
      -.1     81.5     75.0     34.8  18725.3  19412.1
       2.7      70.4      10.5      58.8
        .5      12.5       1.1       9.9
        .3       5.0       1.0       6.5
        .2       5.0       1.4       5.5
 56869   .574426   .000000  -.818557
  32983.3  27445.7      -.2     38.1     75.3     18.1
      -.2     81.3     75.4     46.7  16908.0  17478.7
       3.0      70.6      10.9      64.5
        .1      13.4        .4       7.9
        .2       5.1        .8       3.6
        .2       5.0       1.2       3.0
 56870   .465746   .000000  -.884918
  30752.4  25325.0      -.2     38.5     79.7     22.0
      -.2     81.6     79.8     50.6  15510.9  16126.3
       4.7      66.4       9.3      74.1
        .5      13.0        .9      12.4
        .4       5.0       1.3       5.8
        .1       5.0        .8       4.7
 56871   .331088   .000000  -.943600
  28742.0  23274.5       .0     38.7     77.1     12.1
       .0     81.7     77.1     40.8  13903.1  14414.6
       -.6      67.5       5.7      56.9
        .3       8.6       -.2       8.0
        .3       5.9       -.1       5.0
        .2       5.0        .1       4.5
 56872   .254493   .000000  -.967075
  27857.1  21218.3      -.1     38.8     76.3      6.9
      -.1     82.0     76.6     35.2  13513.5  14065.4
        .2      68.3       2.2      44.6
       -.2      11.9       -.3       9.5
        .1       5.0        .2       6.5
        .3       5.0        .5       5.6
 56873   .172799   .000000  -.984957
  27176.6  18502.0       .4     39.1     76.1      3.4
       .4     82.2     76.0     29.7  13100.9  13445.7
       7.0      67.3        .9      39.9
        .6       9.4       -.1      11.7
        .1       5.0        .2       8.1
        .2       5.0        .2       7.3
 56874   .087384   .000000  -.996175
  26685.3  16124.7      -.2     39.0     78.4     28.9
      -.2     82.3     75.9     23.8  13028.4  13474.7
       -.1      64.5       1.0      40.2
       -.3       8.5        .1      14.5
        .1       5.0        .8       9.9
        .2       5.0        .7       8.4
 56875   .000000   .000000 -1.000000
  26485.4  13757.7       .3     39.2     78.4     28.9
       .2     82.3     75.8     18.2  12663.6  13085.5
        .9      65.1        .1      38.1
       -.1       7.1        .1      16.8
        .5       5.0        .5      11.5
        .2       5.0        .8       9.9
 56876  -.087384   .000000  -.996175
  26408.6  12226.0       .2     39.3     78.4     28.9
       .2     82.5     75.5     12.9  12805.9  13257.0
        .6      67.4       -.8      37.7
       1.1       8.6       -.2      18.1
        .4       5.0        .3      12.6
        .3       5.0        .3      11.1
 56877  -.172799   .000000  -.984957
  26658.1  11056.5      -.1     39.5     78.4     28.9
      -.1     82.6     75.8      8.5  13038.7  13545.9
      -3.3      63.3      -1.2      37.5
        .0       8.1       -.3      18.5
        .3       5.0       -.2      12.9
        .1       5.0        .0      11.9
 56878  -.254493   .000000  -.967075
  27168.5  10090.6      -.1     39.4     78.4     28.9
      -.1     82.7     75.8      7.1  13035.5  13600.3
        .1      67.3      -1.0      37.7
        .1       7.6        .1      18.4
        .2       5.0       -.4      13.3
        .3       5.0       -.7      12.2
 56879  -.331088   .000000  -.943600
  27696.6   9453.3       .0     39.5     78.4     28.9
       .0     82.7     73.8      7.4  13987.3  14461.8
       1.0      66.9      -3.4      41.0
        .0       8.9       -.7      20.6
        .0       5.0       -.2      14.4
        .1       5.0       -.7      12.8
 56880  -.465746   .000000  -.884918
  29612.5   8491.3       .2     39.6     78.4     28.9
       .2     82.8     78.4     57.7  14857.8  15517.1
      -2.1      66.8      -2.7      38.8
        .5      10.8      -1.6      22.1
        .4       5.0      -1.1      16.3
        .4       5.0       -.9      14.7
 56881  -.574426   .000000  -.818557
  31939.1   7947.1       .0     39.6     78.4     28.9
       .0     82.9     78.4     57.7  16354.0  16890.9
       -.5      71.8      -4.7      40.4
        .2      12.9      -1.7      21.6
        .2       5.0      -1.3      16.1
        .3       5.0      -1.6      14.6
 56882  -.659438   .000000  -.751759
  34970.1   7709.8       .1     39.6     78.4     28.9
       .1     82.8     78.4     57.7  18579.5  18927.1
        .1      75.5      -6.5      41.7
        .2      14.1      -2.6      23.4
        .3       5.0      -2.1      17.4
        .3       5.0      -1.9      16.0
 56883  -.724999   .000000  -.688749
  38167.3   7465.2      -.1     39.6     78.4     28.9
      -.1     82.8     78.4     57.7  20127.5  20865.6
        .3      73.6      -6.5      40.2
        .2      17.6      -2.5      22.5
        .3       5.0      -2.3      16.8
        .2       5.0      -2.3      15.5
 56884  -.775436   .000000  -.631426
  41580.4   7399.4      -.3     39.8     78.4     28.9
      -.3     82.8     78.4     57.7  21827.5  22734.4
      -1.3      70.8      -6.4      38.9
       1.9      17.2      -2.5      24.1
       -.1       5.0      -2.7      18.2
        .2       5.0      -2.5      16.6
 56885  -.814421   .000000  -.580275
  45225.5   7342.1      -.3     39.5     78.4     28.9
      -.2     82.6     78.4     57.7  24518.9  25401.1
        .5      77.7      -6.5      38.5
       -.3      18.4      -2.7      22.7
        .5       5.0      -2.6      17.4
        .1       5.0      -3.2      15.9
 56886  -.844819   .000000  -.535052
  49127.5   7298.7       .3     39.4     78.4     28.9
       .2     82.5     78.4     57.7  26541.0  27573.5
        .1      74.4      -8.3      41.4
        .1      21.4      -3.1      24.1
        .1       5.1      -2.9      18.2
        .2       5.0      -3.3      16.9
 56887  -.868777   .000000  -.495203
  53249.8   7331.0       .1     39.2     78.4     28.9
       .1     82.3     78.4     57.7  29994.7  30749.0
      -2.2      78.5      -7.5      40.0
        .1      23.3      -3.4      22.8
       -.4       8.7      -2.8      17.6
        .0       5.1      -3.7      16.3
 56888  -.887877   .000000  -.460082
  57050.3   7332.5      -.2     39.4     78.4     28.9
      -.1     82.3     78.4     57.7  31488.0  32707.0
       1.0      77.2      -8.3      38.5
        .4      25.4      -3.1      23.5
        .4       6.4      -3.2      18.7
        .4       5.0      -3.8      17.1
 56889  -.903278   .000000  -.429057
  61134.2   7349.7      -.2     39.2     78.4     28.9
      -.2     82.1     78.4     57.7  34531.5  35702.8
       3.3      81.5      -7.6      36.0
        .2      25.8      -3.3      21.9
        .3       6.9      -3.3      17.6
        .1       5.0      -3.6      16.2
 56890   .840060  -.367526  -.399028
  66214.1  14062.5      -.2     43.3     78.4     28.9
       .1     16.3     78.4     57.7  38002.5  38901.5
      -6.4      57.6       5.0      43.1
       -.7      23.8      -1.3      18.8
       -.1      15.7      -1.7      12.9
        .0      13.1      -1.6      10.8
 56891   .817505  -.390173  -.423616
  62398.6  15027.5      -.2     43.3     78.4     28.9
      -.2     16.6     78.4     57.7  35303.4  36361.4
      -5.2      60.7       9.0      49.8
       -.4      24.1       -.8      19.8
       -.3      16.1       -.9      13.7
       -.2      13.0       -.9      11.4
 56892   .790440  -.414981  -.450551
  58868.0  15988.9      -.2     43.3     78.4     28.9
      -.1     17.1     78.4     57.7  33090.4  33968.3
      -4.8      59.4       7.8      50.2
       -.8      24.4       -.4      18.3
       -.2      16.3      -1.0      12.3
       -.3      13.4       -.9      10.2
 56893   .757796  -.442047  -.479937
  55306.8  17806.3      -.2     43.3     78.4     28.9
      -.1     17.5     78.4     57.7  30637.9  31562.4
      -5.8      59.7       9.3      50.5
       -.2      24.7        .0      18.9
       -.4      16.4       -.2      12.3
       -.4      13.5        .1      10.2
 56894   .718269  -.471364  -.511767
  52052.7  19362.3      -.2     43.3     78.4     28.9
       .0     17.8     78.4     57.7  28492.8  29220.5
      -5.6      59.6       9.7      53.0
       -.2      24.9        .1      17.0
       -.2      16.7        .4      11.2
       -.1      13.8        .3       9.2
 56895   .670317  -.502738  -.545830
  48801.8  21315.6      -.2     43.3     78.4     28.9
      -.1     18.2     74.9      9.2  26211.7  27130.6
      -8.2      60.0       7.9      51.1
       -.3      25.4        .8      16.5
       -.3      16.9        .9      10.5
       -.1      13.9        .9       8.7
 56896   .612205  -.535679  -.581595
  45868.8  22081.9      -.2     43.3     78.4     28.9
      -.3     18.8     74.7     21.6  24511.6  25438.4
      -8.7      58.7       9.4      52.9
        .1      25.2       1.5      14.8
       -.6      16.8       1.8       9.1
       -.2      14.0       1.6       7.4
 56897   .542159  -.569267  -.618061
  43319.0  21101.1      -.2     43.3     74.8      6.3
      -.4     19.3     74.7     34.3  22912.4  23785.4
      -6.9      58.0       8.0      56.7
       -.6      26.1       1.0      11.1
       -.2      17.5       1.0       6.2
       -.4      14.3       1.1       5.3
 56898   .458673  -.602008  -.653609
  40950.8  19903.0      -.2     43.3     74.9     17.7
      -.3     19.8     74.9     46.3  21174.7  21981.8
      -7.1      59.6       7.9      67.1
       -.4      25.8        .3      10.5
       -.3      17.2        .7       3.5
       -.4      14.2       1.0       3.0
 56899   .361020  -.631785  -.685938
  39058.9  18959.5      -.2     43.3     80.1     22.0
      -.5     20.1     80.1     50.8  20377.6  21109.3
      -7.0      56.9       7.0      79.4
       -.3      26.5       1.2      17.6
       -.2      17.4       1.2       6.0
       -.3      14.5       1.0       4.7
 56900   .249898  -.655981  -.712208
  37539.6  18132.8      -.2     43.3     77.3     11.6
      -.7     20.5     77.3     40.2  19616.9  20059.2
      -7.5      58.1       7.2      58.7
       -.1      27.3       -.3       9.7
       -.2      17.9        .0       4.7
        .0      14.7        .1       4.2
 56901   .190037  -.665130  -.722141
  36795.4  17877.9      -.2     43.3     76.4      6.0
      -.8     20.8     76.7     34.5  19066.6  19658.7
      -5.1      58.1       2.7      49.9
       -.6      27.1       -.1      10.3
       -.1      17.7        .1       6.0
       -.3      14.9        .2       5.3
 56902   .127982  -.671905  -.729496
  36330.2  17504.2      -.2     43.3     76.3      3.3
       .0     20.9     76.2     28.4  18622.3  19424.9
      -7.9      55.6        .3      44.6
       -.6      27.2       -.1      12.0
       -.3      17.9        .2       7.5
        .2      14.7        .4       6.5
 56903   .064388  -.676070  -.734019
  36177.0  17187.1      -.2     43.3     78.4     28.9
      -.5     21.0     76.0     22.5  18554.5  19220.6
      -8.2      59.4       -.8      44.7
       -.4      27.2        .6      14.2
       -.2      17.9        .6       9.0
       -.2      14.9        .6       7.7
 56904   .000000  -.677476  -.735545
  35878.4  16242.9      -.2     43.3     78.4     28.9
      -.6     21.1     75.9     16.4  18660.2  19087.2
      -7.0      57.8       -.4      43.5
       -.8      26.9        .2      15.6
        .0      18.0        .4      10.5
       -.2      14.9        .4       8.8
 56905  -.064388  -.676070  -.734019
  35957.6  15247.4      -.2     43.3     78.4     28.9
      -.1     21.2     75.8     10.7  18507.9  19259.0
      -6.5      58.1      -1.5      42.5
       -.3      26.9       -.2      16.5
       -.1      18.0       -.1      11.2
       -.3      15.1       -.1       9.6
 56906  -.127982  -.671905  -.729496
  35999.0  14027.9      -.2     43.3     78.4     28.9
       .0     21.1     75.4      6.5  18333.4  19173.2
      -7.2      58.4      -2.8      42.5
       -.6      27.1       -.9      16.1
       -.2      17.8       -.7      11.4
       -.3      15.1       -.5      10.2
 56907  -.190037  -.665130  -.722141
  36418.7  13342.8      -.2     43.3     78.4     28.9
      -.1     21.0     76.6      7.7  18605.8  19443.1
      -4.9      54.8      -2.7      41.1
       -.7      27.5      -1.1      17.4
        .0      18.0       -.7      11.9
       -.3      15.1       -.6      10.3
 56908  -.249898  -.655981  -.712208
  37007.2  12526.2      -.2     43.3     78.4     28.9
      -.4     20.9     78.4     57.7  19279.0  19916.4
      -8.5      58.3      -1.2      42.1
        .2      27.6       -.6      19.1
       -.1      17.8       -.6      13.1
       -.2      15.0       -.5      11.5
 56909  -.361020  -.631785  -.685938
  38019.8  10943.5      -.2     43.3     78.4     28.9
      -.4     20.6     78.4     57.7  20101.5  20585.2
      -5.8      56.6      -3.1      40.9
        .0      26.7      -1.3      19.1
       -.1      17.5      -1.5      13.9
       -.3      14.9      -1.2      13.0
 56910  -.458673  -.602008  -.653609
  39966.6  10134.3      -.2     43.3     78.4     28.9
       .0     20.2     78.4     57.7  21247.0  21948.5
      -5.7      55.6      -4.6      40.2
        .0      26.7      -1.8      20.7
       -.1      17.4      -1.6      14.7
       -.3      14.6      -1.4      13.1
 56911  -.542159  -.569267  -.618061
  42456.0   9443.9      -.2     43.3     78.4     28.9
      -.1     19.9     78.4     57.7  22578.6  23219.5
      -5.9      57.1      -5.1      42.5
       -.3      26.8      -2.5      21.8
       -.1      17.3      -2.1      16.0
       -.1      14.3      -1.9      14.5
 56912  -.612205  -.535679  -.581595
  44816.9   8935.9      -.2     43.3     78.4     28.9
      -.2     19.4     78.4     57.7  24105.1  25022.7
      -6.3      55.1      -6.0      38.4
       -.1      26.2      -2.3      21.5
       -.2      17.0      -2.1      16.1
       -.2      14.5      -2.0      14.4
 56913  -.670317  -.502738  -.545830
  47779.7   8516.5      -.2     43.3     78.4     28.9
      -.4     18.6     78.4     57.7  26033.8  26905.7
      -8.2      59.7      -8.2      40.3
        .0      25.3      -2.4      22.3
       -.3      16.6      -3.0      17.0
       -.5      13.9      -2.7      15.6
 56914  -.718269  -.471364  -.511767
  51119.9   8405.7      -.2     43.3     78.4     28.9
      -.1     18.2     78.4     57.7  28074.0  29065.7
      -5.1      59.9      -6.2      40.2
        .1      25.3      -2.5      22.0
        .0      16.3      -2.6      16.5
       -.2      13.6      -2.6      14.9
 56915  -.757796  -.442047  -.479937
  54493.0   8145.1      -.2     43.3     78.4     28.9
      -.2     17.6     78.4     57.7  30805.1  31613.4
      -5.4      56.9      -5.9      38.1
       -.6      24.9      -3.2      22.8
       -.1      15.9      -2.8      17.5
       -.3      13.5      -2.9      16.3
 56916  -.790440  -.414981  -.450551
  58037.3   8042.8      -.2     43.3     78.4     28.9
       .2     17.3     78.4     57.7  32446.3  33587.4
      -4.1      60.4      -8.4      35.1
       -.8      24.9      -3.4      21.8
       -.2      16.0      -2.9      17.1
       -.3      13.2      -3.1      15.4
 56917  -.817505  -.390173  -.423616
  61755.9   8061.0      -.2     43.3     78.4     28.9
       .0     16.8     78.4     57.7  34850.1  36019.6
      -5.8      59.7      -8.2      38.4
       -.8      24.2      -3.1      22.9
       -.2      15.7      -3.4      17.9
       -.3      13.0      -3.2      16.5
 56918  -.840060  -.367526  -.399028
  65462.5   7977.6      -.2     43.3     78.4     28.9
       .0     16.4     78.4     57.7  37122.0  38592.2
      -5.5      59.7      -8.1      35.1
       -.1      24.4      -3.6      21.7
        .0      15.5      -3.1      17.3
       -.3      13.0      -3.3      15.7
 56919   .708659  -.620076  -.336613
  78587.4  16215.8      -.2     43.3     78.4     28.9
      -.2     86.6     78.4     57.7  46355.9  47511.1
      -9.4      56.0       8.3      49.4
       -.5      22.7      -1.1      19.7
        .0      17.2      -1.6      12.2
       -.2      15.5      -1.6      10.2
 56920   .677337  -.646549  -.350984
  75532.6  16290.0      -.2     43.3     78.4     28.9
      -.2     86.6     78.4     57.7  44006.7  44851.5
     -11.9      56.0      11.1      50.8
       -.7      22.9       -.7      19.5
       -.1      17.5       -.9      12.6
       -.2      15.7      -1.1      10.4
 56921   .641844  -.673936  -.365851
  72457.2  17182.6      -.2     43.3     78.4     28.9
      -.2     86.6     78.4     57.7  41246.8  42977.1
     -11.7      55.0       9.0      51.7
       -.4      22.3       -.4      18.0
       -.2      17.3       -.9      11.4
       -.5      15.7       -.7       9.5
 56922   .601687  -.701968  -.381068
  69557.4  17051.8      -.2     43.3     78.4     28.9
      -.2     86.6     78.4     57.7  39397.9  40841.1
      -6.6      49.8       8.2      56.8
       -.2      22.6       -.3      18.0
       -.2      17.2       -.5      10.8
       -.2      15.8       -.4       9.1
 56923   .556388  -.730259  -.396426
  67132.2  16687.1      -.2     43.3     78.4     28.9
      -.2     86.6     78.4     57.7  38211.1  39284.9
      -9.0      51.3      10.3      58.2
       -.7      22.8        .7      18.4
        .1      17.7        .1      10.3
       -.2      16.2        .1       8.5
 56924   .505524  -.758286  -.411641
  64502.3  16180.0      -.2     43.3     78.4     28.9
      -.2     86.6     74.8      7.7  36122.4  37183.7
      -8.3      52.4       7.6      57.0
       -.3      22.6        .6      16.8
       -.3      17.5        .5       9.5
       -.5      16.0        .6       7.6
 56925   .448787  -.785377  -.426348
  62263.7  15629.1      -.2     43.3     78.4     28.9
      -.2     86.6     74.5     20.2  35269.2  36094.7
      -8.7      53.1       8.3      60.9
       -.7      22.7       1.6      15.6
       -.2      18.0       1.4       8.4
       -.7      16.3       1.6       6.8
 56926   .386057  -.810720  -.440105
  60387.4  15120.4      -.2     43.3     74.5      5.1
      -.2     86.6     74.2     33.2  34403.3  35150.3
     -10.5      51.4       8.9      65.5
       -.2      23.0        .5      14.4
       -.5      17.8        .8       5.9
       -.5      16.6       1.0       4.8
 56927   .317480  -.833386  -.452409
  58740.4  14741.5      -.2     43.3     74.1     17.2
      -.2     86.6     74.2     45.7  33147.1  33998.8
      -9.7      50.6       6.1      77.8
       -.6      22.2       -.3      21.4
       -.3      17.9        .5       3.7
       -.4      16.8        .8       3.0
 56928   .243541  -.852392  -.462727
  57446.7  14416.5      -.2     43.3     79.9     21.6
      -.2     86.6     79.8     50.2  31643.3  32661.4
     -10.5      54.6       8.5      88.3
       -.5      23.0       1.0      28.6
       -.5      18.0       1.1       8.2
       -.4      16.8        .8       5.2
 56929   .165103  -.866792  -.470544
  56342.8  14166.8      -.2     43.3     77.6     10.8
      -.2     86.6     77.7     39.5  31080.5  32191.9
      -9.9      54.1       2.2      69.5
       -.6      22.8       -.2      15.6
       -.4      17.9       -.1       4.8
       -.3      17.2        .1       3.9
 56930   .124573  -.872008  -.473376
  55938.8  14054.3      -.2     43.3     77.0      4.9
      -.2     86.6     77.0     33.5  31081.7  32002.6
     -10.1      52.6       4.7      61.2
       -.5      23.1       -.1      13.5
       -.6      18.2        .0       6.0
       -.2      17.0        .1       4.7
 56931   .083409  -.875791  -.475429
  55487.5  14026.6      -.2     43.3     76.6      2.1
      -.2     86.6     76.9     27.0  30439.5  31326.1
     -11.2      52.3       1.2      59.9
       -.6      23.0        .2      13.6
       -.5      18.3        .4       6.9
       -.3      17.0        .3       5.6
 56932   .041814  -.878085  -.476675
  55454.9  13921.1      -.2     43.3     78.4     28.9
      -.2     86.6     76.5     20.6  30493.2  31433.9
     -10.2      54.1       4.3      58.2
       -.5      23.4        .1      15.3
       -.5      18.2        .4       8.0
       -.6      17.4        .5       6.5
 56933   .000000  -.878853  -.477092
  55343.1  13863.4      -.2     43.3     78.4     28.9
      -.2     86.6     76.1     14.4  30125.6  31535.1
      -8.7      50.2       -.9      53.7
       -.3      23.3       -.3      15.6
       -.2      18.1        .1       8.7
       -.6      17.1        .2       7.2
 56934  -.041814  -.878085  -.476675
  55296.4  13890.6      -.2     43.3     78.4     28.9
      -.2     86.6     75.9      8.1  30235.6  31347.3
      -7.0      49.5       -.6      49.0
       -.3      22.9       -.7      15.4
       -.3      18.4       -.5       9.2
       -.6      17.4       -.4       7.6
 56935  -.083409  -.875791  -.475429
  55289.2  13864.0      -.2     43.3     78.4     28.9
      -.2     86.6     75.4      3.9  30747.4  31690.8
     -11.6      53.8       -.1      50.9
       -.3      23.0      -1.0      14.7
       -.5      18.3      -1.0       9.0
       -.2      17.3       -.7       7.8
 56936  -.124573  -.872008  -.473376
  55618.5  13864.9      -.2     43.3     78.4     28.9
      -.2     86.6     78.4     57.7  30799.1  31814.0
      -9.5      50.9      -2.2      48.4
       -.1      23.4       -.6      16.1
       -.4      18.2       -.7      10.3
       -.3      17.0       -.5       8.4
 56937  -.165103  -.866792  -.470544
  55813.5  13688.8      -.2     43.3     78.4     28.9
      -.2     86.6     78.4     57.7  31459.7  32312.2
      -8.4      51.0      -2.2      46.0
       -.5      23.6       -.7      17.3
       -.3      18.2       -.7      11.0
       -.1      17.0       -.7       9.3
 56938  -.243541  -.852392  -.462727
  56899.4  13546.5      -.2     43.3     78.4     28.9
      -.2     86.6     78.4     57.7  31666.3  32561.2
     -10.6      53.3      -3.8      44.3
       -.1      24.0      -1.8      16.6
       -.5      18.1      -1.6      11.2
       -.1      17.2      -1.5       9.9
 56939  -.317480  -.833386  -.452409
  57956.9  12932.6      -.2     43.3     78.4     28.9
      -.2     86.6     78.4     57.7  32059.4  32885.7
      -8.2      51.8      -5.5      43.2
       -.4      22.8      -1.8      18.4
        .0      18.3      -1.5      12.7
       -.2      17.1      -1.7      10.8
 56940  -.386057  -.810720  -.440105
  59691.2  12479.7      -.2     43.3     78.4     28.9
      -.2     86.6     78.4     57.7  33353.3  34382.3
      -8.1      51.4      -4.1      39.1
       -.4      23.4      -2.5      18.1
       -.4      18.4      -2.3      13.2
       -.2      16.9      -2.1      11.7
 56941  -.448787  -.785377  -.426348
  61540.7  11848.8      -.2     43.3     78.4     28.9
      -.2     86.6     78.4     57.7  35193.9  36104.6
      -9.1      55.6      -4.8      41.7
        .1      23.6      -2.3      19.7
       -.1      18.1      -2.1      13.9
       -.2      16.8      -2.4      12.1
 56942  -.505524  -.758286  -.411641
  63585.7  11300.5      -.2     43.3     78.4     28.9
      -.2     86.6     78.4     57.7  36282.7  37400.8
      -7.6      52.7      -7.0      38.8
       -.5      23.2      -3.0      19.6
        .2      17.9      -2.6      14.6
       -.3      16.6      -2.4      13.2
 56943  -.556388  -.730259  -.396426
  66117.7  10797.3      -.2     43.3     78.4     28.9
      -.2     86.6     78.4     57.7  37575.8  39077.7
      -9.4      54.3      -7.5      39.1
       -.6      23.1      -3.1      20.1
       -.5      17.7      -2.9      14.8
       -.4      16.3      -2.9      13.0
 56944  -.601687  -.701968  -.381068
  68782.8  10404.4      -.2     43.3     78.4     28.9
      -.2     86.6     78.4     57.7  39662.4  40581.3
     -10.5      54.1      -8.1      39.8
       -.3      23.2      -2.9      20.3
       -.2      17.6      -3.0      15.9
       -.2      16.4      -2.7      13.9
 56945  -.641844  -.673936  -.365851
  71653.2  10043.7      -.2     43.3     78.4     28.9
      -.2     86.6     78.4     57.7  40559.6  42050.4
      -8.4      54.6      -9.2      38.5
       -.1      23.1      -3.1      20.4
       -.3      17.7      -3.0      15.5
       -.2      16.1      -2.9      13.8
 56946  -.677337  -.646549  -.350984
  74200.6   9670.9      -.2     43.3     78.4     28.9
      -.2     86.6     78.4     57.7  42196.0  43996.8
      -7.7      50.1      -7.4      35.0
       -.1      22.5      -3.1      20.9
       -.3      17.2      -3.4      15.8
       -.2      16.1      -3.1      14.7
 56947  -.708659  -.620076  -.336613
  77650.4   9468.3      -.2     43.3     78.4     28.9
      -.2     86.6     78.4     57.7  44989.7  46196.2
      -8.6      57.8      -8.9      35.6
       -.2      23.0      -3.3      20.3
       -.1      17.7      -3.4      16.0
        .0      15.8      -3.1      14.3
 56948   .482910  -.845093  -.229382
 115266.6  14898.0      -.2     43.3     78.4     28.9
      -.2     86.6     78.4     57.7  69989.9  71783.8
     -10.1      50.3       3.9      55.6
      -1.1      21.7       -.9      20.6
       -.4      15.9      -1.7      11.0
       -.2      14.4      -1.9       9.1
 56949   .451149  -.861285  -.233777
 113122.9  14731.3      -.2     43.3     78.4     28.9
      -.2     86.6     78.4     57.7  68852.9  70860.8
     -10.4      51.7       8.4      59.4
       -.7      20.9      -1.0      21.3
       -.8      16.1      -1.3      10.4
       -.2      14.4      -1.4       8.8
 56950   .417577  -.876913  -.238019
 111072.5  14461.4      -.2     43.3     78.4     28.9
      -.2     86.6     78.4     57.7  67237.6  68832.2
      -9.0      50.4       9.3      64.6
      -1.1      21.5       -.3      21.5
       -.5      16.4      -1.2      10.3
      -1.0      14.7       -.8       8.3
 56951   .382204  -.891810  -.242063
 109219.9  14227.3      -.2     43.3     78.4     28.9
      -.2     86.6     78.4     57.7  65867.8  67796.4
     -10.0      51.4       6.9      66.0
       -.8      21.4       -.2      21.4
       -.3      16.3       -.8       9.5
       -.7      14.6       -.7       7.7
 56952   .345068  -.905804  -.245861
 107701.2  13981.9      -.2     43.3     78.4     28.9
      -.2     86.6     78.4     57.7  64584.1  66472.9
     -10.9      56.4       9.7      75.5
      -1.1      21.6        .9      22.7
       -.7      16.6       -.2       9.2
       -.5      15.0       -.1       7.1
 56953   .306238  -.918714  -.249365
 105971.6  13746.3      -.2     43.3     78.4     28.9
      -.2     86.6     74.6      5.4  63955.5  65913.2
     -10.5      51.5       8.6      76.5
      -1.0      21.7        .3      21.8
       -.5      16.6       -.1       8.1
       -.5      15.0       -.1       6.5
 56954   .265817  -.930361  -.252527
 104869.8  13708.0      -.2     43.3     78.4     28.9
      -.2     86.6     74.0     18.3  63614.1  65291.7
      -8.6      47.5       9.1      85.4
      -1.1      22.0       1.4      24.4
       -.5      16.5       1.2       7.7
       -.4      14.8       1.0       5.8
 56955   .223945  -.940570  -.255298
 103765.8  13449.8      -.2     43.3     73.8      3.5
      -.2     86.6     73.8     31.7  62761.9  64375.6
     -12.9      53.6       9.9      96.0
      -1.1      22.0        .6      25.4
       -.4      16.5        .6       7.0
       -.4      15.1        .6       4.4
 56956   .180796  -.949177  -.257634
 102856.5  13444.1      -.2     43.3     73.5     16.1
      -.2     86.6     73.6     44.6  61170.5  62834.5
     -10.6      53.2       5.3      99.3
      -1.0      22.0       -.2      37.0
       -.3      16.5        .2       7.6
       -.6      14.9        .3       3.3
 56957   .136577  -.956038  -.259496
 101766.6  13244.0      -.2     43.3     80.0     21.2
      -.2     86.6     80.0     49.6  60251.6  62284.0
      -9.8      51.7       7.7     106.5
       -.7      21.9       1.3      46.2
       -.4      16.4       1.2      12.1
       -.4      15.3        .8       7.0
 56958   .091527  -.961030  -.260851
 101225.9  13187.4      -.2     43.3     78.6     10.0
      -.2     86.6     78.8     38.5  60432.2  62619.3
      -9.3      52.3       7.5      95.5
       -.9      22.5        .5      29.5
       -.7      16.8        .0       6.9
       -.5      14.7        .3       3.8
 56959   .068771  -.962796  -.261330
 100996.1  13103.4      -.2     43.3     78.0      3.8
      -.2     86.6     78.3     32.2  60336.4  62182.7
     -13.0      52.2       2.7      89.1
      -1.1      21.9        .3      24.8
       -.6      16.7        .1       5.9
       -.6      15.0        .2       4.4
 56960   .045908  -.964064  -.261674
 101084.0  13129.9      -.2     43.3     78.4     28.9
      -.2     86.6     77.7     25.6  60483.4  62198.8
     -10.2      49.5       2.9      82.7
      -1.0      21.5        .5      22.0
       -.7      16.8        .4       7.1
       -.6      15.1        .4       4.9
 56961   .022972  -.964827  -.261882
 100650.8  13047.1      -.2     43.3     78.4     28.9
      -.2     86.6     77.3     19.3  60966.9  62851.5
     -12.0      47.1       1.8      76.0
       -.6      22.1        .5      21.8
       -.5      16.8        .6       7.8
       -.7      15.3        .5       5.5
 56962   .000000  -.965081  -.261951
 100876.6  13111.1      -.2     43.3     78.4     28.9
      -.2     86.6     77.2     12.5  59969.5  62242.1
     -11.5      48.4       5.0      73.3
       -.5      21.6       -.4      20.3
       -.3      17.0        .0       8.1
       -.5      15.1        .2       5.9
 56963  -.022972  -.964827  -.261882
 100583.2  13110.0      -.2     43.3     78.4     28.9
      -.2     86.6     76.9      6.0  59659.2  61633.2
     -10.2      47.6        .7      73.3
      -1.0      21.9       -.7      20.6
       -.5      16.7       -.6       7.5
       -.6      15.1       -.5       6.0
 56964  -.045908  -.964064  -.261674
 101060.8  13089.0      -.2     43.3     78.4     28.9
      -.2     86.6     74.8      2.2  60818.5  62182.9
     -12.6      53.0      -1.0      71.7
       -.7      22.0       -.7      20.2
       -.3      17.0       -.9       7.5
       -.5      15.4       -.9       6.1
 56965  -.068771  -.962796  -.261330
 100880.2  13094.2      -.2     43.3     78.4     28.9
      -.2     86.6     78.4     57.7  60026.4  61545.5
      -9.4      48.3       1.0      67.1
      -1.0      21.5       -.8      19.7
       -.3      16.5       -.6       8.9
       -.9      15.3       -.8       6.9
 56966  -.091527  -.961030  -.260851
 100903.2  13156.0      -.2     43.3     78.4     28.9
      -.2     86.6     78.4     57.7  60819.0  61955.7
      -9.8      51.8      -1.0      67.6
      -1.2      21.4      -1.0      18.6
       -.5      17.0      -1.1       9.3
       -.7      15.2       -.9       7.3
 56967  -.136577  -.956038  -.259496
 101374.6  13295.8      -.2     43.3     78.4     28.9
      -.2     86.6     78.4     57.7  60715.9  62400.5
     -10.7      49.5      -2.3      57.3
       -.9      22.2      -2.0      17.9
       -.4      16.7      -1.8       8.7
       -.4      15.2      -2.0       7.0
 56968  -.180796  -.949177  -.257634
 101955.4  13249.9      -.2     43.3     78.4     28.9
      -.2     86.6     78.4     57.7  61289.1  62900.2
      -9.1      45.7      -5.0      56.6
      -1.1      22.6      -2.3      18.1
       -.4      16.9      -1.7      10.3
       -.3      15.3      -1.6       8.4
 56969  -.223945  -.940570  -.255298
 103265.9  13348.9      -.2     43.3     78.4     28.9
      -.2     86.6     78.4     57.7  61533.7  63125.8
     -10.1      49.0      -4.0      50.5
      -1.0      21.7      -2.9      17.3
       -.3      16.9      -2.3       9.7
       -.4      15.6      -2.5       8.4
 56970  -.265817  -.930361  -.252527
 104164.7  13448.7      -.2     43.3     78.4     28.9
      -.2     86.6     78.4     57.7  62246.7  64055.7
     -12.0      52.5      -6.5      49.3
      -1.0      21.4      -2.3      17.9
       -.4      16.9      -2.4      11.5
       -.6      15.3      -2.5       9.5
 56971  -.306238  -.918714  -.249365
 105510.1  13543.0      -.2     43.3     78.4     28.9
      -.2     86.6     78.4     57.7  62917.7  65538.2
     -11.9      51.7      -6.6      49.9
      -1.2      21.8      -3.2      16.7
       -.1      16.7      -2.5      10.8
       -.5      14.9      -2.7       9.5
 56972  -.345068  -.905804  -.245861
 106920.4  13527.1      -.2     43.3     78.4     28.9
      -.2     86.6     78.4     57.7  65041.9  66480.4
      -5.3      45.6      -4.4      43.0
       -.8      21.5      -2.9      18.2
       -.3      16.5      -2.6      12.3
       -.7      15.0      -3.0      10.4
 56973  -.382204  -.891810  -.242063
 108571.1  13423.8      -.2     43.3     78.4     28.9
      -.2     86.6     78.4     57.7  66051.5  67994.1
      -9.5      50.0      -8.2      41.2
      -1.0      22.0      -3.3      17.5
       -.2      16.7      -2.9      12.0
       -.2      14.8      -2.9      10.5
 56974  -.417577  -.876913  -.238019
 110190.0  13194.9      -.2     43.3     78.4     28.9
      -.2     86.6     78.4     57.7  65677.9  67313.0
      -8.9      50.6      -8.6      42.3
       -.9      22.6      -3.3      18.7
       -.4      16.2      -2.9      12.9
       -.4      14.9      -3.0      11.1
 56975  -.451149  -.861285  -.233777
 112363.1  13031.3      -.2     43.3     78.4     28.9
      -.2     86.6     78.4     57.7  67079.1  69023.2
     -14.1      56.1      -7.7      41.3
       -.7      22.0      -3.5      17.8
       -.2      15.9      -3.0      12.6
       -.7      14.7      -3.2      11.7
 56976  -.482910  -.845093  -.229382
 114494.6  12899.1      -.2     43.3     78.4     28.9
      -.2     86.6     78.4     57.7  70352.9  71705.7
     -13.9      53.1      -9.4      40.1
       -.4      21.6      -3.2      18.2
       -.4      16.1      -3.1      13.5
       -.4      14.3      -3.2      11.7
 56977   .337328  -.927651  -.160231
 164664.5  13943.4      -.2     43.3     78.4     28.9
      -.2     86.6     78.4     57.7 103981.3 105942.2
      -6.1      46.7       -.2      63.4
      -1.3      22.0      -1.0      24.9
       -.5      16.5      -1.7      10.3
       -.4      15.4      -2.0       7.9
 56978   .312066  -.936198  -.161707
 163441.6  13810.7      -.2     43.3     78.4     28.9
      -.2     86.6     78.4     57.7 101316.2 104331.5
      -9.4      49.4       5.7      70.4
      -1.1      22.5       -.9      26.1
       -.5      16.7      -1.7      10.1
       -.3      15.3      -1.7       7.6
 56979   .286124  -.944211  -.163091
 162002.6  13682.6      -.2     43.3     78.4     28.9
      -.2     86.6     78.4     57.7 101961.5 104330.7
      -8.0      46.8       1.6      75.1
      -1.0      22.9        .2      26.8
       -.5      16.7      -1.2      10.4
       -.6      15.3      -1.2       7.4
 56980   .259539  -.951641  -.164374
 160468.5  13606.5      -.2     43.3     78.4     28.9
      -.2     86.6     78.4     57.7 100737.8 103674.9
     -11.5      47.1      13.6      82.1
      -1.4      22.3        .0      29.1
       -.3      16.7      -1.1       8.7
        .0      15.6      -1.4       6.7
 56981   .232349  -.958440  -.165549
 159743.8  13469.6      -.2     43.3     78.4     28.9
      -.2     86.6     78.4     57.7  99586.6 102390.3
      -9.9      48.9      10.1      92.6
      -1.5      23.2        .4      29.8
       -.5      16.8       -.4       9.7
       -.3      15.5       -.4       6.5
 56982   .204604  -.964562  -.166606
 158860.5  13370.3      -.2     43.3     78.4     28.9
      -.2     86.6     74.2      4.0  99525.6 102380.6
     -11.5      48.9      10.3      97.8
      -1.5      22.8       -.2      31.9
       -.6      16.6       -.5       9.2
       -.2      15.6       -.5       5.8
 56983   .176357  -.969963  -.167539
 158119.5  13323.9      -.2     43.3     78.4     28.9
      -.2     86.6     73.7     17.3  97975.8 101334.1
      -9.1      48.4       9.1     103.8
      -1.6      24.2       1.5      33.2
       -.6      17.2        .9       9.3
       -.7      15.4        .9       5.4
 56984   .147667  -.974605  -.168341
 157338.6  13293.8      -.2     43.3     73.8     12.2
      -.2     86.6     73.4     30.8  99078.0 101785.9
     -13.3      53.1      10.4     111.1
      -1.1      22.6        .5      37.1
       -.4      16.8        .3       9.0
       -.5      15.3        .3       5.5
 56985   .118600  -.978453  -.169006
 156307.1  13254.3      -.2     43.3     72.9     15.5
      -.2     86.6     73.3     43.8  98598.0 100679.1
     -12.9      54.9       7.8     117.3
      -1.2      22.1       -.1      49.8
       -.2      16.8       -.2      14.1
       -.1      15.3       -.1       4.5
 56986   .089225  -.981478  -.169528
 155804.2  13202.7      -.2     43.3     80.1     20.9
      -.2     86.6     80.0     49.1  97276.8  99953.4
     -15.5      54.0       1.5     127.6
       -.9      21.9       2.3      63.6
       -.7      16.8       1.3      20.3
       -.6      15.3        .8      10.6
 56987   .059616  -.983656  -.169904
 155503.1  13170.3      -.2     43.3     79.0      9.6
      -.2     86.6     79.1     38.0  97700.1 100111.6
     -10.0      50.2       2.7     113.4
      -1.0      22.4       1.2      41.6
       -.2      17.0        .2      10.8
       -.1      15.6        .2       5.3
 56988   .044746  -.984421  -.170036
 155138.6  13241.6      -.2     43.3     78.5      3.3
      -.2     86.6     78.6     31.8  97161.7  99724.6
     -11.9      47.3      10.3     104.0
      -1.4      21.9        .3      35.6
       -.3      16.8        .2      10.3
       -.5      15.5        .1       5.0
 56989   .029848  -.984969  -.170131
 155675.9  13162.1      -.2     43.3     78.4     28.9
      -.2     86.6     78.3     25.0  97914.8  99775.4
     -11.2      50.6       2.9     106.2
      -1.4      23.1        .4      36.0
       -.3      17.0        .5       8.7
       -.5      15.4        .5       4.9
 56990   .014929  -.985299  -.170188
 155429.6  13112.6      -.2     43.3     78.4     28.9
      -.2     86.6     78.0     18.4  95929.3  99282.0
     -15.6      53.7       5.8     105.7
      -1.3      22.5        .5      30.4
       -.5      17.1        .6       9.5
       -.6      15.5        .6       5.5
 56991   .000000  -.985408  -.170207
 154976.4  13241.2      -.2     43.3     78.4     28.9
      -.2     86.6     77.8     11.6  97394.7  99493.2
     -11.5      54.7       4.8     100.8
      -1.6      23.0       -.2      30.1
       -.5      17.1        .2       8.6
       -.4      15.7        .1       5.7
 56992  -.014929  -.985299  -.170188
 155392.3  13051.5      -.2     43.3     78.4     28.9
      -.2     86.6     77.6      5.0  96644.3  98947.8
     -10.7      51.1      -3.0      91.8
      -1.2      22.1       -.4      26.8
       -.9      16.9       -.8       9.6
       -.3      15.9       -.6       5.5
 56993  -.029848  -.984969  -.170131
 155253.8  13152.2      -.2     43.3     78.4     28.9
      -.2     86.6     78.4     57.7  97786.2 100163.4
      -8.3      49.3       -.1      85.8
      -1.2      22.1      -1.1      26.7
       -.5      17.1       -.8       8.6
       -.4      15.8       -.9       5.5
 56994  -.044746  -.984421  -.170036
 155195.6  13130.8      -.2     43.3     78.4     28.9
      -.2     86.6     78.4     57.7  97849.4 100089.1
     -13.4      51.5       9.1      82.7
      -1.3      22.5       -.6      26.2
       -.5      16.8       -.5       8.9
       -.3      15.9       -.5       6.1
 56995  -.059616  -.983656  -.169904
 155701.7  13106.5      -.2     43.3     78.4     28.9
      -.2     86.6     78.4     57.7  98312.8 100683.2
     -11.2      51.9        .8      76.8
      -1.2      22.9       -.9      27.1
       -.5      17.0       -.9       9.4
       -.5      15.5       -.9       6.5
 56996  -.089225  -.981478  -.169528
 155914.7  13211.1      -.2     43.3     78.4     28.9
      -.2     86.6     78.4     57.7  95822.0  99535.6
     -12.4      50.4      -2.4      80.1
      -1.5      22.6      -2.0      22.4
       -.3      16.8      -1.8       8.3
       -.3      15.6      -1.8       6.0
 56997  -.118600  -.978453  -.169006
 156157.4  13238.3      -.2     43.3     78.4     28.9
      -.2     86.6     78.4     57.7  96296.0  99008.5
     -10.9      50.3      -2.1      73.2
      -1.3      22.5      -1.9      21.1
       -.6      17.0      -1.8       9.3
       -.8      16.0      -1.8       7.2
 56998  -.147667  -.974605  -.168341
 156687.0  13225.4      -.2     43.3     78.4     28.9
      -.2     86.6     78.4     57.7  98951.1 101223.6
      -8.7      50.0      -4.1      64.0
      -1.0      23.1      -2.7      19.8
       -.2      17.0      -2.4       8.8
       -.3      15.6      -2.5       6.7
 56999  -.176357  -.969963  -.167539
 157461.5  13233.9      -.2     43.3     78.4     28.9
      -.2     86.6     78.4     57.7  97582.7 100238.7
     -12.3      53.8      -5.0      65.0
      -1.2      22.9      -2.8      20.7
       -.7      17.0      -2.2      10.0
       -.2      15.5      -2.3       8.0
 57000  -.204604  -.964562  -.166606
 158234.0  13401.7      -.2     43.3     78.4     28.9
      -.2     86.6     78.4     57.7 100003.5 102451.0
     -12.0      52.3      -8.2      58.3
      -1.1      22.6      -3.1      19.8
       -.3      17.3      -2.8       9.2
       -.6      15.8      -2.7       7.5
 57001  -.232349  -.958440  -.165549
 159541.3  13448.7      -.2     43.3     78.4     28.9
      -.2     86.6     78.4     57.7  99123.4 102191.3
      -8.1      46.0      -6.2      50.6
      -1.3      23.2      -3.0      20.0
       -.6      16.9      -2.6      10.6
       -.7      15.5      -2.6       8.9
 57002  -.259539  -.951641  -.164374
 160027.2  13530.1      -.2     43.3     78.4     28.9
      -.2     86.6     78.4     57.7  99828.8 102158.9
     -10.8      53.0      -8.6      47.3
      -1.4      22.8      -3.7      18.9
       -.5      16.9      -3.0       9.7
       -.6      15.5      -3.1       8.2
 57003  -.286124  -.944211  -.163091
 161677.3  13532.6      -.2     43.3     78.4     28.9
      -.2     86.6     78.4     57.7 100872.6 104228.4
     -11.0      52.2      -6.3      43.6
      -1.4      23.0      -3.6      19.0
       -.3      16.8      -2.7      11.1
       -.6      15.4      -3.1       9.4
 57004  -.312066  -.936198  -.161707
 163096.4  13741.7      -.2     43.3     78.4     28.9
      -.2     86.6     78.4     57.7 100426.2 103659.8
     -12.3      53.0     -11.2      46.1
      -1.2      22.8      -3.6      16.8
       -.6      16.8      -3.3      10.7
       -.3      15.6      -3.1       9.1
 57005  -.337328  -.927651  -.160231
 164256.6  13769.4      -.2     43.3     78.4     28.9
      -.2     86.6     78.4     57.7 104596.4 106716.4
     -13.0      54.0      -8.7      39.3
      -1.2      22.3      -3.8      18.3
       -.4      16.3      -3.1      11.7
       -.2      15.5      -3.0      10.2
