One_closed_ring_2012lk:dj0045b1@-300V,3.8T@20d,277K,rhe=1.10,rhh=0.7, 0.65/1.30 
  6435   1  3.80  28   3  29   1  300.00  277.00     .45 1.12300  2350.0   -6.58   21.56  150.  100.  270.  3250.0   -3.29   11.86    1.50    1.00     .85
 40606  -.105828   .952448  -.285734
  80259.3  12748.6     12.5    358.2     10.9     29.2
     -3.3     86.6     11.7     27.5  22659.1  28342.8
       7.6      58.8       5.6      64.5
       -.4      37.4        .2      16.7
       -.4      37.1       -.2       8.1
       -.2      51.6        .0       7.3
 40607  -.114443   .944153  -.308995
  73995.7  12810.3    114.9    297.9     10.8     23.5
     -3.3     86.6     11.9     28.1  22164.9  27167.6
       8.8      57.0       6.0      65.3
       -.5      34.4        .3      15.5
       -.6      32.2        .0       8.3
       -.4      44.5        .0       7.3
 40608  -.124476   .933570  -.336085
  67723.4  12953.2      5.2    280.4     10.9     19.8
     -3.3     86.6     11.8     28.6  20094.7  24065.4
      11.3      60.9       3.7      62.7
        .2      34.8        .0      15.3
       -.2      34.1        .0       8.7
       -.9      43.8        .1       8.0
 40609  -.136269   .919816  -.367926
  61419.9  13018.4     91.9    225.0     11.0     15.7
     -3.3     86.6     12.0     29.3  19744.9  24741.5
       7.9      54.3       2.1      54.5
       -.5      33.5        .1      14.4
       -.4      31.0        .1       8.9
       -.3      38.4        .0       8.3
 40610  -.150261   .901568  -.405706
  55607.0  13278.6      5.5    210.0     11.0     12.8
     -3.3     86.6     11.7     30.2  19075.5  23225.1
       8.4      57.9       1.9      55.2
        .0      34.4        .1      14.1
        .0      34.0        .0       9.5
       -.2      40.8        .0       9.0
 40611  -.167009   .876798  -.450925
  49747.2  13585.0      3.7    182.5     11.1     10.9
     -7.6     20.7     11.5     31.0  18205.0  19826.1
       7.6      57.6       1.9      49.7
        .3      32.6       -.2      13.9
       -.2      29.9       -.2       9.6
       -.1      33.6       -.2       9.3
 40612  -.187186   .842336  -.505402
  44266.0  14068.4      2.1    126.9     11.1      9.8
     -4.0     24.5     11.6     32.0  16745.4  18017.6
       7.2      57.1       1.8      50.5
        .2      33.4       -.1      14.2
        .5      31.6       -.3      10.3
        .9      36.5       -.2      10.2
 40613  -.211513   .793174  -.571085
  39091.5  15009.3     22.3     76.9     10.8     10.8
     -4.0     24.5     11.4     33.5  14061.3  15379.7
       7.2      62.8        .3      47.6
        .4      37.4       -.1      14.0
        .1      33.5        .0      10.6
        .8      36.0       -.3      10.4
 40614  -.240493   .721479  -.649331
  34096.7  15947.6     -2.8     31.2     10.9     12.0
     -4.1     34.0     11.3     35.1  10988.5  11942.9
       3.9      63.5       1.9      44.4
       1.0      36.6       -.3      14.5
        .9      30.2       -.2      11.5
        .5      31.5       -.1      11.6
 40615  -.273665   .615745  -.738895
  30193.0  17149.8     -2.8     24.9     11.0     13.5
     -3.6     47.8     11.3     36.3   9223.1   9805.7
       7.7      57.1       1.0      39.8
        .8      28.1       -.6      14.4
        .3      21.8       -.2      11.4
        .5      24.1       -.4      11.4
 40616  -.308021   .462031  -.831656
  26837.2  18028.1     -3.2     27.2     10.5     14.7
     -3.3     62.0     10.8     37.9   8391.9   8961.9
       7.0      50.4      -1.6      40.5
        .6      17.9       -.4      14.3
        .0      14.6       -.2      11.7
        .5      15.3       -.7      12.0
 40617  -.336099   .252074  -.907467
  25155.9  17339.3     -3.0     33.9     10.6     14.4
     -3.0     74.0     10.8     38.5   7910.4   8384.7
       4.2      52.6      -2.1      40.6
        .5      10.5       -.2      14.7
        .5       8.5       -.4      11.1
        .2       8.8       -.6      11.3
 40618  -.347314   .000000  -.937749
  25091.2  17297.8     -3.2     41.9     10.3     12.3
     -3.3     84.7     10.6     38.3   8472.6   9166.7
       4.4      71.3      -2.7      37.6
        .4      14.4        .0      14.2
        .1       5.0       -.8      10.8
        .0       5.0       -.6       9.9
 40619  -.344406  -.129152  -.929895
  24949.4  17592.2     -3.9     39.9     10.7     14.0
     -4.0     82.2     10.7     38.6   7372.3   8180.9
      -2.4      61.5      -3.0      37.3
       -.4       7.9       -.6      13.8
       -.6       5.0       -.5      10.9
       -.4       5.0       -.6      11.3
 40620  -.336099  -.252074  -.907467
  25276.2  18301.9     -3.7     35.5     10.5     15.4
     -3.8     76.6     10.8     38.6   7457.1   8068.6
      -3.5      53.9      -3.4      39.8
       -.8       8.8       -.6      14.2
       -.7       6.3       -.6      11.6
       -.4       6.2       -.3      13.0
 40621  -.323497  -.363934  -.873442
  25923.3  18871.3     -4.3     31.4     10.4     15.9
     -4.1     70.7     10.8     38.5   7693.7   8559.0
      -5.7      47.9      -2.3      40.1
      -1.0      12.8       -.5      14.5
       -.7       9.7       -.6      11.9
       -.6       9.5       -.5      13.4
 40622  -.308021  -.462031  -.831656
  27154.0  19117.0     -3.6     27.0     10.5     15.7
     -3.7     64.2     10.5     37.8   8432.1   9012.7
      -5.2      49.6      -4.9      40.1
       -.8      16.7       -.5      14.5
      -1.0      12.5       -.6      11.9
       -.4      12.2       -.8      13.3
 40623  -.291042  -.545704  -.785813
  28577.4  18889.0     -3.7     23.6     10.6     15.3
     -4.0     56.9     11.0     37.3   9429.5   9879.5
      -6.6      49.4      -3.5      40.3
      -1.0      20.9       -.4      14.5
       -.3      15.5       -.2      12.1
      -1.1      15.1       -.6      12.7
 40624  -.273665  -.615745  -.738895
  30272.2  18022.4     -3.7     22.2     10.7     14.5
     -3.6     49.7     11.0     36.4   9324.0  10036.3
      -7.3      56.9      -3.0      43.0
       -.9      25.0       -.4      14.0
       -.5      19.1       -.3      11.5
       -.6      19.7       -.4      11.9
 40625  -.240493  -.721479  -.649331
  34597.2  16151.9     -3.5     24.1     10.3     13.1
     -3.9     34.4     11.1     34.7  11022.3  11847.7
      -5.9      63.2      -3.2      45.7
      -1.2      35.4       -.6      14.8
       -.8      27.0       -.1      11.7
       -.9      28.1       -.4      12.7
 40626  -.211513  -.793174  -.571085
  39473.0  14809.5     21.3     76.6     10.6     14.1
     -4.0     22.4     11.2     33.3  15880.0  16998.1
      -8.6      61.9      -4.2      47.4
      -1.2      36.6       -.3      14.1
      -1.8      31.8       -.6      10.8
       -.5      34.1       -.7      11.1
 40627  -.187186  -.842336  -.505402
  44993.7  14008.3     -3.3     43.3     10.6      9.8
     -2.5     26.1     11.2     31.7  17989.5  18847.5
      -7.5      58.2      -6.2      49.3
      -1.0      32.7       -.2      14.4
      -1.0      30.8        .0      10.7
       -.6      35.3       -.3      10.6
 40628  -.167009  -.876798  -.450925
  50651.8  13600.4     -3.3     43.3     10.6      9.1
      1.9     21.2     11.6     30.6  21492.8  22762.7
      -7.2      57.2      -5.5      52.4
      -1.6      31.1       -.4      14.4
       -.9      27.9       -.1       9.7
       -.6      30.4       -.4      10.0
 40629  -.150261  -.901568  -.405706
  56267.5  13288.5     -3.3     43.3     10.5      9.2
     -3.3     86.6     11.8     29.6  25446.6  26614.7
      -6.9      57.6      -2.4      55.1
      -1.1      33.8       -.3      13.9
       -.4      32.2       -.1       9.6
      -1.1      36.0       -.3       9.3
 40630  -.136269  -.919816  -.367926
  62568.1  13076.4     -3.3     43.3     10.7      8.5
     -3.3     86.6     11.7     28.9  29496.5  31487.5
      -9.1      58.8      -3.4      60.3
      -1.5      32.2       -.4      14.5
      -1.4      29.3       -.2       9.1
       -.2      32.2       -.1       8.8
 40631  -.124476  -.933570  -.336085
  68536.9  12875.0     -3.3     43.3     10.9     10.9
     -3.3     86.6     11.6     28.2  31712.3  34045.0
     -10.1      57.6      -4.0      60.1
      -1.7      34.3       -.2      14.7
      -1.0      32.2       -.1       8.7
       -.6      34.8       -.1       8.1
 40632  -.114443  -.944153  -.308995
  75314.0  12825.0     -3.3     43.3     10.4     13.2
     -3.3     86.6     11.6     27.6  36719.4  39033.1
     -10.4      58.1      -8.5      70.3
      -1.0      32.8       -.3      16.6
      -1.3      30.1       -.2       8.6
       -.6      33.2       -.2       7.6
 40633  -.105828  -.952448  -.285734
  81563.8  12776.9     -3.3     43.3     10.8     16.1
     -3.3     86.6     11.6     27.1  38923.2  42043.5
      -8.1      59.3      -7.1      68.3
      -1.5      35.5       -.3      16.2
      -1.0      34.0       -.1       8.2
      -1.2      37.4       -.1       7.3
 40634   .872340  -.130851  -.471064
  50249.4   9563.8     -4.3     31.2     10.8    171.6
     -4.2     72.1     10.8     57.7  11065.7  15455.8
      -7.2      64.5       9.0      55.4
       -.5      12.2       1.2      32.1
       -.6       5.4        .9      26.5
       -.4       5.2       1.3      31.0
 40635   .848868  -.141478  -.509321
  46043.8   9788.5     -4.1     31.2     39.0    151.0
     -4.0     72.5     10.8     57.7  13287.2  17070.8
      -9.3      65.7       8.0      55.1
       -.9      10.6       1.6      31.4
       -.4       5.6        .9      26.0
       -.4       5.6        .9      29.3
 40636   .819017  -.153566  -.552837
  42249.8  10208.9     -4.1     31.7     36.8    116.7
     -4.1     73.0     10.8     57.7  12188.2  15802.8
     -10.8      63.3       9.2      56.2
       -.6       9.7       1.3      30.0
       -.7       6.0       1.0      24.3
       -.5       5.9       1.1      26.1
 40637   .780626  -.167277  -.602197
  38567.8  10808.9     -4.1     32.1     11.3    102.2
     -4.2     73.6     10.1     20.8  13550.4  15783.4
      -7.6      58.4       9.5      56.1
       -.7      10.3       1.2      30.1
       -.7       6.4       1.1      23.3
       -.5       6.5        .7      25.1
 40638   .730784  -.182696  -.657706
  35096.6  11590.9     -4.0     32.8     20.9     61.1
     -4.1     74.2     11.4     14.3  12391.7  14099.7
      -9.8      59.0       7.4      52.5
       -.9      10.1       1.0      27.0
       -.7       6.4        .8      21.5
       -.3       6.7        .7      22.8
 40639   .665721  -.199716  -.718978
  32039.5  12914.2     -4.1     33.5     16.0     37.0
     -4.1     74.9     11.3     20.1  11689.2  13063.1
      -8.8      59.2       5.5      49.7
       -.6       9.5        .4      26.1
       -.6       6.7        .9      19.8
       -.5       7.0        .5      21.1
 40640   .580932  -.217849  -.784258
  29379.5  14934.6     -4.0     34.2     12.2     14.9
     -4.0     75.4     11.6     28.8   9052.0   9710.3
      -8.2      53.8       5.2      46.4
       -.7       8.8       1.1      21.2
       -.8       6.8        .8      15.7
       -.5       6.9        .8      16.2
 40641   .471929  -.235965  -.849473
  27289.6  19241.3     -3.8     34.7     11.4     12.8
     -3.9     75.9     11.5     37.9   8848.2   9654.2
      -6.7      56.1       5.1      40.8
       -.7       9.4        .9      14.2
       -.9       6.4        .7      10.2
       -.8       6.6        .9       9.8
 40642   .336099  -.252074  -.907467
  25938.9  22455.1     -4.1     35.1     11.4     18.4
     -4.1     76.0     11.5     46.3   8697.5   9222.0
      -6.8      59.8       4.7      47.1
       -.8       9.1        .9       9.2
       -.5       6.4        .4       6.3
       -.7       6.8        .8       5.9
 40643   .175655  -.263482  -.948537
  25062.0  21493.9     -4.2     34.9     11.5     25.4
     -4.2     76.1     11.5     54.1   8275.2   8883.3
      -4.9      53.1       3.4      57.5
       -.8       8.6        .5       5.7
       -.6       5.8        .5       3.0
       -.8       5.7        .7       3.0
 40644   .000000  -.267644  -.963518
  24782.1  21202.4     -4.0     34.8     10.7     25.0
     -4.0     76.2     10.8     53.5   8107.7   9034.4
      -3.9      53.7        .4      58.9
       -.5       9.4       -.1       6.2
       -.8       5.8       -.2       3.2
       -.6       5.3       -.2       3.7
 40645  -.088862  -.266585  -.959706
  24629.3  21275.8     -3.9     35.3     10.8     21.7
     -3.9     76.6     10.8     49.9   7812.7   8619.4
      -7.1      53.6      -2.6      48.3
      -1.0       8.6       -.2       7.3
       -.6       6.0       -.5       5.2
       -.7       5.4       -.4       5.7
 40646  -.175655  -.263482  -.948537
  24683.4  21582.6     -3.8     35.4     10.6     18.6
     -3.9     76.5     10.6     46.2   7827.9   8377.8
      -4.2      50.7      -4.7      43.7
       -.7       8.7       -.5       9.4
       -.6       6.3       -.4       7.1
       -.8       5.7       -.3       7.9
 40647  -.258544  -.258544  -.930758
  24874.6  20721.9     -3.5     35.6     10.8     16.5
     -3.8     76.7     10.9     42.4   7371.0   8079.4
      -6.0      56.0      -4.2      40.6
      -1.1       8.6       -.4      11.8
       -.7       6.3       -.5       9.3
       -.6       6.2       -.3      10.1
 40648  -.336099  -.252074  -.907467
  25293.1  18357.1     -3.6     35.6     10.7     15.2
     -3.6     76.5     10.7     38.6   7553.2   8147.0
      -3.4      53.6      -3.6      42.2
       -.5       8.9       -.5      14.4
       -.6       6.4       -.7      11.6
       -.2       6.1       -.5      12.8
 40649  -.407380  -.244428  -.879941
  25928.3  15632.0     -3.5     35.7     10.6     16.6
     -3.6     76.6     10.7     34.8   7296.0   7901.3
      -3.3      60.8      -3.5      43.6
       -.5       9.4       -.5      17.6
       -.5       6.5       -.8      14.2
       -.4       6.3       -.8      16.9
 40650  -.471929  -.235965  -.849473
  26647.5  14118.4     -3.6     35.5     10.5     23.3
     -3.7     76.4     11.0     31.0   7519.2   8136.9
       -.1      56.9      -5.1      45.1
       -.7       9.2       -.9      20.9
       -.5       6.6       -.6      16.7
       -.3       6.4       -.7      20.6
 40651  -.529695  -.227012  -.817244
  27571.1  12798.6     -4.3     35.2      7.3     40.7
     -4.3     76.1     11.0     26.9   7591.4   8317.4
      -3.5      53.5      -4.3      46.2
       -.6       8.9       -.8      24.5
       -.5       6.9      -1.4      19.8
       -.5       6.7       -.9      22.6
 40652  -.580932  -.217849  -.784258
  28844.9  12117.1     -3.8     35.0     11.1     57.9
     -4.0     76.1     10.9     23.4   7883.7   8372.3
      -1.6      59.4      -5.0      47.4
       -.5       9.3      -1.1      27.0
       -.3       6.8       -.9      21.3
       -.4       6.7      -1.4      24.1
 40653  -.665721  -.199716  -.718978
  31337.2  10813.5     -3.9     35.1      1.4     77.4
     -3.7     75.5     12.0     19.4   7577.1   8254.0
       1.2      62.3      -5.4      52.6
       -.4       9.9       -.6      28.0
       -.3       6.6       -.7      23.2
       -.1       6.8       -.7      28.1
 40654  -.730784  -.182696  -.657706
  34396.1  10007.2     -3.8     35.7      -.5    108.0
     -3.7     75.0     14.1     25.2   8066.5   8576.4
        .3      59.4      -5.0      51.7
       -.5       9.6       -.8      31.1
       -.2       6.3       -.5      26.1
       -.2       6.8      -1.1      33.7
 40655  -.780626  -.167277  -.602197
  37777.3   9451.2     -4.2     35.7      4.3    127.4
     -4.0     74.6      8.0     31.7   7890.1   8435.9
       1.6      58.3      -6.5      55.0
       -.6       9.7       -.3      33.1
       -.1       6.0       -.6      28.1
       -.1       6.0       -.7      38.5
 40656  -.819017  -.153566  -.552837
  41277.4   9181.5     -3.9     36.3     -6.5    151.0
     -3.9     73.9     10.8     57.7   8243.2   8867.2
       1.4      64.2      -3.8      58.0
       -.5      10.5       -.5      35.1
       -.4       6.6       -.5      30.5
       -.2       6.0       -.1      48.8
 40657  -.848868  -.141478  -.509321
  44900.1   8886.5     -4.3     36.8     -1.3    175.6
     -4.2     73.5     10.8     57.7   7913.7   8897.6
       1.8      62.4      -7.9      59.1
       -.4      12.2       -.4      36.0
       -.1       6.0        .1      32.0
       -.2       5.7       -.1      57.1
 40658  -.872340  -.130851  -.471064
  48807.0   8737.7     -3.8     37.3    -19.3    193.9
     -3.9     73.1     10.8     57.7   8321.5   8915.0
       2.8      69.6      -9.7      58.8
       -.3      12.4       -.5      37.5
       -.3       5.9        .0      33.5
       -.4       6.7        .1      67.2
 40659  -.891017  -.121502  -.437408
  52583.1   8575.4     -4.1     37.6      1.1    224.6
     -4.0     72.7     10.8     57.7   8683.2   9282.4
       2.9      67.2      -7.2      57.4
       -.1      12.5       -.4      37.7
        .0       5.3        .4      35.8
       -.1       5.9      -1.8      77.9
 40660  -.906054  -.113257  -.407724
  56434.4   8482.7     -3.7     37.9      2.0    245.1
     -3.6     72.4     10.8     57.7   8897.2  10023.5
       6.4      70.1      -8.1      56.7
        .1      15.4        .5      39.4
        .0       7.9        .7      36.0
       -.2       7.2        .0      87.5
 40661  -.918298  -.105957  -.381447
  60162.9   8436.8     -3.9     38.4    -42.8    270.0
     -3.7     72.0     10.8     57.7   9018.5   9723.8
       2.8      65.6      -9.0      57.1
       -.3      17.3        .3      39.4
        .0       7.9        .6      40.8
       -.6       8.7      -2.3      97.3
 40662  -.928375  -.099469  -.358087
  64161.1   8419.2     -4.3     38.6    -14.3    292.9
     -3.9     72.0     10.8     57.7   9276.2  10102.4
       6.8      67.8      -7.3      56.8
       -.3      17.9       1.0      40.6
       -.2       7.6        .7      40.5
        .3      10.3      -1.6     105.2
 40663   .850763  -.255229  -.459412
  50188.3   9719.9     -3.7     24.4     39.1    171.6
     -4.0     56.3     10.8     57.7  10205.2  11885.9
      -6.7      54.2       6.5      55.2
       -.6      15.9        .8      33.6
       -.3      10.8        .9      27.9
       -.7      10.7        .0      40.4
 40664   .824475  -.274825  -.494685
  46333.0  10098.9     -3.4     23.0     17.0    159.2
     -3.9     57.6     10.8     57.7  10462.5  12592.8
      -7.9      51.1       7.5      56.9
       -.7      16.1        .7      33.4
       -.6      11.7        .7      27.5
       -.4      11.7        .0      35.0
 40665   .791497  -.296812  -.534261
  42803.6  10606.9     -3.8     22.4     12.4    126.7
     -3.9     58.3     10.8     57.7  10661.9  12938.8
      -8.9      52.2       9.9      56.5
       -.7      16.4       1.5      31.5
       -.4      12.0        .3      25.2
       -.2      12.3        .3      30.2
 40666   .749790  -.321338  -.578409
  39253.5  11081.4     -4.0     22.3     14.4    101.8
     -3.9     59.2     11.0     23.9  11950.4  13959.0
      -8.1      54.1       7.2      55.3
       -.9      16.8       1.4      30.2
       -.7      12.6       1.3      24.6
       -.4      13.4        .3      27.6
 40667   .696733  -.348367  -.627060
  35965.8  12092.3     -3.8     23.0     18.3     70.6
     -3.8     60.4     11.1     16.4  12002.7  13881.8
      -8.0      51.6       8.0      51.0
       -.6      17.2       1.0      27.8
       -.8      13.1        .7      22.5
       -.5      13.7        .4      24.9
 40668   .629142  -.377485  -.679474
  33072.8  13550.6     -4.0     24.2     13.9     42.0
     -4.1     61.5     11.2     20.6  11421.7  13071.0
      -7.3      50.0       5.3      47.7
       -.7      16.9       1.0      25.9
       -.5      13.1        .5      20.7
       -.6      13.8        .4      22.9
 40669   .543526  -.407645  -.733761
  30722.5  15772.7     -3.9     25.6     11.1     24.0
     -4.1     62.6     11.5     28.4   9744.8  10596.8
      -6.7      50.2       5.0      46.1
      -1.4      17.0       1.2      21.5
      -1.0      13.6        .7      15.9
       -.8      13.7        .5      17.5
 40670   .436852  -.436852  -.786334
  28937.6  20105.4     -4.0     26.3     11.5     13.4
     -4.1     63.2     11.6     37.1   9818.9  10352.4
      -8.3      50.7       4.0      43.9
      -1.1      16.6        .8      14.2
       -.7      12.7       1.0      10.8
       -.9      13.1        .8      10.8
 40671   .308021  -.462031  -.831656
  27463.6  22782.1     -4.5     26.4     11.7     18.2
     -4.3     63.5     11.7     45.8   9579.3  10081.1
      -6.8      48.1       4.5      43.7
       -.9      16.4        .6       9.0
      -1.1      12.2        .6       6.5
      -1.0      12.8        .4       6.6
 40672   .159801  -.479402  -.862924
  27151.4  22039.2     -4.3     25.5     11.4     25.3
     -4.5     63.4     11.4     53.9   8903.4   9540.8
      -7.5      51.0       2.4      58.4
      -1.0      16.5        .9       8.7
      -1.1      11.5        .5       3.0
       -.9      11.1        .4       3.0
 40673   .000000  -.485643  -.874157
  26845.5  21662.4     -4.1     25.4     10.7     24.9
     -4.2     63.6     10.8     53.2   9045.9   9918.6
      -8.3      48.7      -3.3      59.7
      -1.1      16.3       -.1       7.2
       -.9      11.2       -.1       3.3
       -.7      10.7       -.3       3.7
 40674  -.080677  -.484060  -.871308
  26635.3  21431.9     -4.4     26.2     10.7     21.6
     -4.2     63.7     10.9     49.4   8964.9   9541.6
      -5.7      51.6      -3.0      49.7
      -1.2      16.1       -.4       7.7
       -.9      11.8       -.4       5.2
       -.8      11.2       -.3       6.0
 40675  -.159801  -.479402  -.862924
  26585.9  21553.2     -3.7     26.8     10.4     18.6
     -3.9     64.1     10.6     45.6   8529.0   9151.9
      -3.2      47.3      -1.9      46.4
      -1.0      16.6       -.2       9.5
       -.6      12.1       -.2       7.4
       -.8      11.9       -.2       8.3
 40676  -.235965  -.471929  -.849473
  26869.9  21083.6     -3.9     26.9     10.7     16.4
     -4.0     63.9     10.9     41.6   8441.9   9244.9
      -5.0      51.7      -3.1      44.3
       -.9      16.6       -.5      11.6
      -1.0      12.7       -.5       9.6
       -.6      12.5       -.4      10.6
 40677  -.308021  -.462031  -.831656
  27091.6  18933.7     -4.4     27.2     10.5     15.9
     -4.0     64.0     10.8     37.8   8150.2   8905.9
      -5.3      51.1      -2.5      41.1
      -1.0      16.5       -.6      14.6
       -.6      12.9       -.5      12.0
       -.5      12.3       -.8      13.2
 40678  -.375145  -.450175  -.810314
  27648.4  17177.1     -3.8     27.2     10.3     17.0
     -4.0     64.1     10.7     34.3   7594.5   8360.0
      -4.2      48.2      -2.8      41.2
      -1.0      17.3       -.4      17.6
       -.8      12.8       -.9      14.9
      -1.1      12.6       -.9      17.3
 40679  -.436852  -.436852  -.786334
  28292.3  15452.1     -3.9     26.7     10.0     21.2
     -3.7     63.9     10.8     30.4   8597.8   9251.2
      -3.1      49.7      -3.4      45.9
       -.3      16.7       -.8      21.4
       -.3      13.5       -.6      17.7
       -.6      13.3      -1.1      20.7
 40680  -.492958  -.422535  -.760563
  29190.8  14033.9     -3.5     26.5      9.2     33.1
     -3.7     63.6     11.1     26.7   8301.4   9034.3
      -5.2      50.8      -4.7      46.1
       -.8      16.9      -1.2      24.7
       -.3      13.6       -.5      20.6
       -.5      13.7       -.7      23.5
 40681  -.543526  -.407645  -.733761
  30102.7  13216.6     -3.8     26.5      5.5     53.6
     -3.8     63.1     11.0     23.7   8330.5   9086.4
      -5.5      50.5      -6.0      48.0
       -.4      17.1       -.7      27.3
       -.5      13.6      -1.1      22.7
       -.6      13.9      -1.1      25.6
 40682  -.629142  -.377485  -.679474
  32328.2  11611.1     -3.4     26.9      7.4     75.7
     -3.5     62.2     11.6     21.0   8115.7   8604.8
      -2.3      49.9      -5.2      51.5
       -.9      16.7       -.8      29.4
       -.5      13.2       -.6      24.4
       -.1      13.8       -.5      29.4
 40683  -.696733  -.348367  -.627060
  35121.7  10572.0     -4.0     28.7      8.3    104.4
     -3.9     61.3     12.8     26.0   8227.5   8970.1
      -2.2      53.9      -8.4      54.5
       -.5      16.8       -.9      32.5
        .0      12.9       -.6      27.5
        .0      13.7      -1.1      35.4
 40684  -.749790  -.321338  -.578409
  38042.7  10017.3     -4.0     31.3      4.9    127.4
     -3.7     60.3     18.8     31.9   8148.6   8787.6
       -.4      51.6      -5.3      56.6
       -.3      16.3       -.6      34.3
       -.2      12.1       -.3      30.1
        .1      12.3       -.8      42.9
 40685  -.791497  -.296812  -.534261
  41136.6   9479.1     -3.8     34.3      3.9    149.7
     -3.6     59.1     10.8     57.7   8166.8   8663.3
      -2.9      52.6      -6.8      57.1
       -.4      15.6        .0      36.4
       -.2      11.7       -.7      33.4
       -.1      11.9      -1.1      54.6
 40686  -.824475  -.274825  -.494685
  44522.7   9215.2     -4.4     36.5     -5.5    176.4
     -3.7     58.6     10.8     57.7   8279.6   8714.9
        .2      53.1      -7.3      57.7
        .1      14.7       -.5      37.4
       -.1      10.6        .1      36.1
        .0      11.1      -1.6      65.8
 40687  -.850763  -.255229  -.459412
  48135.8   9056.0     -4.0     38.3     -7.4    198.5
     -3.6     57.6     10.8     57.7   8142.3   8762.1
       -.8      53.3      -5.9      58.6
       -.1      15.9       -.7      40.4
        .0      11.0        .4      38.4
       -.1      10.7       -.7      78.9
 40688  -.871918  -.237796  -.428033
  51397.6   8835.0     -3.5     40.9     -3.6    226.2
     -3.7     57.1     10.8     57.7   8304.8   9004.6
       -.3      53.8      -5.9      59.3
        .0      14.8        .0      41.6
       -.1      10.0       -.4      40.4
        .1      10.8        .4      90.2
 40689  -.889108  -.222277  -.400099
  54985.0   8708.0     -3.9     41.0    -18.2    244.8
     -3.9     56.5     10.8     57.7   8645.7   9346.9
       1.3      55.7      -4.8      60.1
       -.5      14.7        .2      41.5
        .0      10.2        .8      44.5
       -.2      12.3        .2     101.9
 40690  -.903213  -.208434  -.375181
  58531.4   8699.9     -3.2     42.9     -9.2    270.0
     -3.7     55.9     10.8     57.7   8515.6   9051.4
       1.7      54.9      -2.2      58.3
       -.4      14.2        .2      44.0
        .0       9.8       1.6      47.5
        .0      12.1        .5     111.9
 40691  -.914896  -.196049  -.352888
  62137.1   8650.1     -3.8     43.8    -33.9    291.2
     -4.0     55.1     10.8     57.7   8953.6   9865.7
        .4      55.2      -6.4      59.6
       -.1      15.3        .7      44.7
        .0       9.5        .4      50.5
       -.7      12.9        .2     122.4
 40692   .469758  -.845564  -.253669
  87944.7  14295.0     -3.3     43.3     10.8     28.9
     -3.3     86.6     10.8     57.7  38877.2  43523.7
     -10.3      62.5       1.8      56.2
       -.5      36.7        .5      27.0
       -.5      35.6        .5      21.8
       -.1      40.6        .2      24.0
 40693   .431934  -.863868  -.259161
  86131.1  14357.5     -3.3     43.3     10.8     28.9
     -3.3     86.6     10.8     57.7  36333.1  41317.7
     -10.4      58.1        .7      59.0
      -1.2      36.4        .7      25.9
       -.9      35.2        .2      21.4
       -.6      41.7        .4      23.6
 40694   .391687  -.881295  -.264388
  84673.0  14251.1    -10.1    346.0     25.4    130.6
     -3.3     86.6     10.8     57.7  27848.0  37228.5
      -9.5      59.9        .5      56.9
      -1.2      36.6        .3      24.0
       -.5      35.8        .2      19.1
       -.1      43.0        .1      21.0
 40695   .349059  -.897580  -.269274
  83349.5  13929.7    -92.4    329.8     43.3    113.5
     -3.3     86.6     10.8     57.7  23368.9  33262.7
     -10.3      60.0       3.1      61.8
      -1.6      37.0        .7      23.2
       -.8      35.8        .4      17.8
       -.7      45.2        .0      20.9
 40696   .304150  -.912449  -.273735
  82512.7  13716.5    -62.4    338.1     26.4     91.6
     -3.3     86.6     11.8      5.3  24456.2  31262.1
      -9.0      58.7       4.3      57.1
      -1.4      36.8        .5      21.1
       -.2      36.3        .0      15.8
        .0      46.5        .1      15.6
 40697   .257118  -.925624  -.277687
  81661.8  13413.3   -201.2    291.2     29.9     74.3
     -3.3     86.6     11.1      8.0  23820.6  30473.0
     -13.6      60.8      -1.1      60.6
      -1.7      36.5        .6      19.5
      -1.1      35.7        .3      13.5
        .0      47.9        .1      14.2
 40698   .208187  -.936839  -.281052
  81379.0  13251.4   -106.5    341.6     15.6     60.4
     -3.3     86.6     11.5     16.6  23600.5  29709.9
     -12.3      61.3      -3.9      61.0
       -.7      37.1       -.1      18.6
      -1.2      36.2        .1      11.4
        .0      48.0       -.1      10.2
 40699   .157642  -.945850  -.283755
  81017.7  13162.0    -81.0    345.8     11.3     21.4
     -3.3     86.6     11.5     28.2  28985.2  34553.6
      -9.5      59.0      -3.3      70.1
      -1.5      36.8        .4      16.2
      -1.0      35.5        .1       8.8
       -.8      44.8        .2       7.7
 40700   .105828  -.952448  -.285734
  80873.1  12925.5     -3.3     43.3     11.5     13.2
     -3.3     86.6     11.7     40.0  27916.3  36500.6
      -7.3      54.9      -3.1      77.0
      -1.1      36.4        .2      18.9
      -2.1      35.2        .2       6.3
       -.4      44.9        .2       5.1
 40701   .053137  -.956473  -.286942
  81265.1  12840.1     -3.3     43.3     11.5     23.2
     -3.3     86.6     11.4     51.5  36492.0  40696.6
     -10.8      59.8      -1.2      92.8
      -1.4      35.9       -.6      32.9
      -1.4      34.4        .7       5.8
      -2.8      40.2        .4       3.0
 40702   .000000  -.957826  -.287348
  81478.7  12776.3     -3.3     43.3     11.8     22.3
     -3.3     86.6     11.8     50.6  40257.3  42708.3
      -8.1      57.4     -12.6      90.7
      -1.9      34.7      -1.7      32.7
      -2.1      33.8        .0       6.1
      -1.8      36.4        .3       3.0
 40703  -.026597  -.957487  -.287246
  81846.0  12837.6     -3.3     43.3     11.9     16.6
     -3.3     86.6     11.9     44.8  40715.6  43121.2
     -10.1      59.5      -8.1      85.1
      -2.2      35.6       -.6      23.2
      -1.5      33.9        .2       6.2
      -1.8      35.9        .2       3.1
 40704  -.053137  -.956473  -.286942
  81744.8  12751.2     -3.3     43.3     11.5     11.2
     -3.3     86.6     11.8     39.1  40519.3  43124.0
     -14.8      64.2     -10.4      83.8
      -2.0      35.8       -.4      20.1
      -1.9      34.1        .1       6.2
      -1.4      36.8        .1       4.5
 40705  -.079566  -.954790  -.286437
  81407.2  12749.7     -3.3     43.3     11.6      7.3
     -3.3     86.6     11.9     32.9  40640.5  43455.2
     -13.2      62.5      -5.8      74.1
      -1.4      35.3       -.1      15.1
      -1.2      34.2        .0       7.0
      -1.3      36.8       -.2       6.1
 40706  -.105828  -.952448  -.285734
  81569.6  12783.4     -3.3     43.3     10.1     17.0
     -3.3     86.6     11.9     27.1  39148.6  42195.8
     -10.4      59.3      -6.7      66.7
      -1.9      36.1       -.4      17.1
       -.8      34.4       -.1       8.4
       -.4      38.2        .0       7.5
 40707  -.131870  -.949462  -.284838
  81520.4  12763.6     -3.3     43.3     13.1     48.3
     -3.3     86.6     11.6     21.4  38209.8  42260.0
      -8.7      60.6      -8.9      64.1
       -.7      35.5       -.5      17.0
       -.9      34.4       -.2      10.0
       -.9      39.3       -.4       9.2
 40708  -.157642  -.945850  -.283755
  81581.5  12854.1     -3.3     43.3      4.3     60.9
     -3.3     86.6     11.6     15.8  38342.2  41562.7
      -9.9      59.7      -6.4      62.3
      -1.3      36.0       -.6      17.1
       -.4      34.6        .0      10.8
       -.1      39.5       -.3       9.9
 40709  -.183096  -.941634  -.282490
  81334.7  12834.4     -3.3     43.3    -22.8     62.5
     -3.3     86.6     11.9     10.9  35440.8  40599.2
      -9.4      58.4      -4.0      61.7
      -1.7      36.5       -.5      17.9
      -1.0      35.5        .0      12.3
      -1.0      40.6       -.3      11.7
 40710  -.208187  -.936839  -.281052
  81616.6  12944.6     -3.3     43.3      9.5    132.6
     -3.3     86.6     11.3      8.5  33311.3  40457.9
      -8.2      56.8      -7.9      60.5
      -1.4      36.1       -.2      18.2
       -.1      35.1        .2      12.5
      -1.0      40.8       -.1      13.1
 40711  -.257118  -.925624  -.277687
  81986.2  13049.4     -3.3     43.3     13.7     91.4
     -3.3     86.6     10.6      6.2  33306.6  39878.0
     -13.2      61.0      -7.2      60.6
       -.9      36.5       -.2      20.6
       -.8      36.4       -.2      15.4
        .2      42.4       -.3      15.0
 40712  -.304150  -.912449  -.273735
  82924.5  13214.3   -176.3    305.9    -55.3    105.8
     -3.3     86.6     10.8     57.7  32004.3  39483.5
      -9.9      58.1      -7.0      56.1
      -1.0      36.4       -.4      21.8
       -.7      34.9        .2      17.2
       -.2      42.1        .2      19.6
 40713  -.349059  -.897580  -.269274
  83736.3  13528.7     -3.3     43.3     10.8     28.9
     -3.3     86.6     10.8     57.7  36077.0  40067.6
      -9.8      58.4      -8.5      54.0
       -.6      36.5       -.2      23.5
        .6      36.0        .7      19.4
       -.2      41.7        .1      21.2
 40714  -.391687  -.881295  -.264388
  84794.1  13647.5   -109.3    347.5    -33.0    147.9
     -3.3     86.6     10.8     57.7  32807.1  38768.0
      -8.3      59.4      -8.9      59.2
       -.6      36.8        .1      25.1
       -.1      34.6        .0      20.6
        .3      42.8        .6      23.5
 40715  -.431934  -.863868  -.259161
  86212.1  13728.4     -3.3     43.3     10.8     28.9
     -3.3     86.6     10.8     57.7  40108.1  42618.3
      -7.5      57.2      -9.2      52.8
       -.7      36.4       -.2      25.5
       -.2      35.3        .5      21.5
        .6      40.7        .8      23.8
 40716  -.469758  -.845564  -.253669
  87879.1  13864.1     -3.3     43.3     10.8     28.9
     -3.3     86.6     10.8     57.7  39975.8  44053.3
      -8.4      58.8     -10.5      54.3
       -.3      35.9        .3      28.2
        .1      35.1        .3      24.6
        .3      39.5        .5      25.7
 40717  -.505162  -.826628  -.247988
  89929.1  13871.5     -3.3     43.3     10.8     28.9
     -3.3     86.6     10.8     57.7  40631.7  43446.5
      -5.8      58.8      -8.1      51.2
       -.7      36.3        .2      29.1
        .4      35.6       1.0      26.3
       -.1      39.8        .0      28.8
 40718  -.538187  -.807280  -.242184
  91484.3  13655.2     -3.3     43.3     10.8     28.9
     -3.3     86.6     10.8     57.7  42795.5  46291.4
      -7.3      61.7      -6.7      51.4
       -.3      36.6        .3      30.9
        .0      34.8        .1      27.6
        .3      39.0        .4      31.1
 40719  -.568907  -.787718  -.236315
  93657.1  13562.7     -3.3     43.3     10.8     28.9
     -3.3     86.6     10.8     57.7  32694.5  38562.7
      -7.0      60.1      -7.9      51.1
       -.4      35.5        .2      31.3
        .3      34.4        .7      28.8
       1.2      45.0       1.2      38.1
 40720  -.597418  -.768109  -.230433
  95385.8  13333.2   -164.2    312.0   -133.6    279.4
     -3.3     86.6     10.8     57.7  24508.9  29088.1
      -7.5      60.6      -6.2      51.2
       -.6      35.4        .5      33.3
        .2      34.8        .9      30.2
       1.0      56.1       1.2      47.7
