Dot1_150x100_prd2017clk:@-125V,3.8T@90d,253K,rhe=1.10,rhh=0.7,0.00/0.00         
   701   1  3.80  60   5  29   0  125.00  253.00     .00  .93300   850.0    -.19  142.77  150.000  100.000  285.000   850.0    -.09   71.39    1.50    1.00     .85
 55901   .000000   .000000 -1.000000
  26630.4  15139.5       .0     39.9     71.4     28.9
       .0     82.9     69.1     22.3  12636.1  13056.4
       4.7      67.4       1.3      40.6
       -.1       8.9        .4      16.2
        .1       5.0        .5      11.0
        .2       5.0        .5       9.1
 55902   .000000  -.130455  -.991454
  26713.2  15169.6       .3     33.8     71.4     28.9
       .3     76.9     68.9     22.1  12852.5  13501.7
      -2.1      58.2       1.6      38.0
       -.3       6.7        .0      15.8
       -.2       5.0        .4      10.7
       -.3       5.0        .4       9.1
 55903   .000000  -.254493  -.967075
  27375.8  15594.6      -.1     25.1     71.4     28.9
      -.1     68.1     69.1     21.9  13051.0  13691.5
      -4.0      50.3       -.8      39.7
       -.2       8.1        .0      16.0
       -.2       5.3        .4      10.4
       -.3       5.0        .5       9.1
 55904   .000000  -.367167  -.930155
  28509.3  16257.4       .0     16.5     71.4     28.9
      -.1     59.3     69.1     21.9  13963.9  14369.5
      -5.8      45.4       -.2      39.9
       -.3      12.4        .0      16.0
       -.3       8.1        .2      10.6
       -.2       6.8        .5       9.0
 55905   .000000  -.465746  -.884918
  29902.1  16914.9       .1      8.3     71.4     28.9
      -.2     49.8     69.1     21.5  14701.1  15301.3
      -5.1      47.9        .6      42.8
       -.1      16.1        .1      15.5
       -.1      10.7        .5      10.3
       -.3       8.9        .4       8.8
 55906   .000000  -.549617  -.835417
  31632.3  17725.0      1.0      7.0     71.4     28.9
       .0     40.5     69.2     21.1  15769.1  16419.3
      -5.2      52.8        .3      42.2
       -.5      21.2        .0      15.2
       -.2      14.0        .3      10.2
       -.1      11.4        .5       8.7
 55907   .000000  -.619644  -.784883
  33569.7  17297.5      -.1     43.3     71.4     28.9
       .1     30.9     68.9     20.7  16990.6  17569.7
      -7.8      54.9       -.5      40.8
       -.6      26.3        .1      15.2
       -.2      17.5        .3      10.1
       -.1      14.6        .5       8.6
 55908   .000000  -.677476  -.735545
  35996.9  16684.0      -.1     43.3     71.4     28.9
       .0     21.7     69.0     20.4  18640.2  19148.4
      -8.2      58.2        .3      45.4
      -1.0      27.5       -.1      15.5
       -.8      18.4        .2       9.9
       -.2      15.0        .4       8.3
 55909   .000000  -.724999  -.688749
  38354.4  16187.3      -.1     43.3     71.4     28.9
      -.2     12.9     69.0     20.1  20169.6  20635.3
      -8.1      56.3      -1.6      44.5
       -.5      25.1        .0      15.2
       -.4      17.1        .3       9.6
       -.4      14.5        .4       7.9
 55910   .000000  -.764030  -.645181
  40914.7  15457.7      -.1     43.3     71.4     28.9
      -.1      8.4     69.2     19.8  20923.3  22068.8
      -7.7      50.7        .5      45.3
       -.6      22.1       -.1      14.9
       -.4      16.6        .2       9.4
       -.3      15.4        .4       7.7
 55911   .000000  -.796162  -.605083
  43692.9  15069.9      -.1     43.3     71.4     28.9
      -.1     86.6     69.0     19.5  22967.3  23968.7
      -7.8      54.4        .6      47.0
       -.5      22.9        .1      15.1
       -.2      17.6        .2       9.2
       -.6      16.5        .2       7.4
 55912   .000000  -.822730  -.568432
  46517.4  14627.5      -.1     43.3     71.4     28.9
      -.1     86.6     69.0     19.2  24791.3  25634.0
     -10.5      53.3        .5      51.5
       -.2      22.6        .2      14.8
       -.5      16.7        .1       9.1
       -.8      15.4        .3       7.4
 55913   .000000  -.844819  -.535052
  49272.2  14401.6      -.1     43.3     71.4     28.9
      -.1     86.6     69.2     18.9  27024.8  27654.3
      -8.8      51.1        .0      48.2
       -.1      21.1        .1      15.5
       -.3      15.4        .2       8.8
       -.4      13.7        .3       7.2
 55914   .000000  -.863297  -.504697
  52332.1  14072.4      -.1     43.3     71.4     28.9
      -.1     86.6     69.5     18.6  28679.0  29297.7
      -9.6      50.9        .4      49.2
       -.2      22.0        .2      14.9
       -.3      17.4        .3       8.7
       -.6      15.7        .1       7.0
 55915   .000000  -.878853  -.477092
  55323.5  13912.2      -.1     43.3     71.4     28.9
      -.1     86.6     69.2     18.5  30882.5  31811.9
     -10.5      53.1       1.2      53.3
       -.3      23.6        .1      15.3
       -.2      18.6        .3       8.6
       -.7      17.6        .1       6.9
 55916   .000000  -.892036  -.451965
  58326.6  13905.0      -.1     43.3     71.4     28.9
      -.1     86.6     69.6     18.3  31809.6  33253.6
     -10.3      53.5        .1      53.5
       -.8      23.1        .0      15.5
       -.3      17.5        .3       8.4
       -.2      16.3        .3       6.7
 55917   .000000  -.903278  -.429057
  61550.8  13651.6      -.1     43.3     71.4     28.9
      -.1     86.6     69.6     18.0  34686.0  35455.0
      -9.9      53.6       -.9      59.6
      -1.0      21.5        .1      15.5
       -.4      16.1        .2       8.3
       -.6      14.5        .2       6.7
 55918   .000000  -.912924  -.408131
  64831.6  13546.4      -.1     43.3     71.4     28.9
      -.1     86.6     69.5     17.9  36685.1  38001.9
     -11.3      53.0       1.0      61.0
       -.9      22.1        .2      15.8
       -.5      17.7        .4       8.3
       -.6      16.4        .2       6.6
 55919   .000000  -.921250  -.388972
  68056.7  13371.6      -.1     43.3     71.4     28.9
      -.1     86.6     69.5     17.8  38873.1  40077.1
     -10.4      48.8        .1      63.8
       -.3      23.8        .1      16.1
       -.6      18.9        .1       8.1
       -.3      18.1        .2       6.4
 55920   .000000  -.928477  -.371391
  71209.2  13361.4      -.1     43.3     71.4     28.9
      -.1     86.6     69.6     17.6  40986.6  41790.6
     -11.8      52.3       2.5      60.0
       -.9      23.1        .1      16.7
       -.3      17.8        .2       7.9
       -.3      16.6        .3       6.3
 55921   .000000  -.934784  -.355218
  74168.5  13252.0      -.1     43.3     71.4     28.9
      -.1     86.6     69.8     17.5  42812.8  44202.8
      -9.2      49.4       1.9      62.6
       -.7      21.9        .2      17.4
       -.7      16.8        .2       8.0
       -.6      14.9        .1       6.1
 55922   .000000  -.940315  -.340305
  77493.7  13335.9      -.1     43.3     71.4     28.9
      -.1     86.6     69.7     17.4  44521.3  46387.3
     -10.4      50.6       4.1      71.3
       -.7      22.2       -.1      17.7
       -.5      17.9        .2       7.7
       -.7      16.5        .2       6.0
 55923   .000000  -.945190  -.326520
  80896.7  13237.4      -.1     43.3     71.4     28.9
      -.1     86.6     69.5     17.4  47023.6  48302.4
     -13.2      53.2       -.5      65.9
       -.7      23.8       -.4      17.8
       -.2      19.6        .2       7.9
       -.1      18.5        .2       5.9
 55924   .000000  -.949506  -.313750
  84025.2  13138.1      -.1     43.3     71.4     28.9
      -.1     86.6     69.8     17.3  49332.5  50395.5
     -10.1      50.4       1.0      68.8
       -.9      23.3        .2      18.1
       -.4      18.5        .2       7.8
       -.8      16.8        .1       5.9
 55925   .000000  -.953342  -.301892
  87475.6  13167.7      -.1     43.3     71.4     28.9
      -.1     86.6     70.0     17.1  51101.5  53043.6
     -10.4      51.3       3.2      70.3
      -1.0      22.2        .0      18.9
       -.5      16.9        .1       7.8
      -1.0      15.2        .2       5.9
 55926   .000000  -.956767  -.290857
  90941.7  13225.5      -.1     43.3     71.4     28.9
      -.1     86.6     69.8     17.1  53953.1  55099.6
     -12.3      52.9       2.2      72.1
      -1.0      22.7       -.2      19.8
       -.6      18.1        .2       7.9
       -.3      16.8        .2       5.9
 55927   .000000  -.959834  -.280567
  94037.5  13094.9      -.1     43.3     71.4     28.9
      -.1     86.6     70.2     17.0  55820.3  57644.9
      -9.1      49.5        .0      70.3
      -1.4      24.4       -.1      19.3
       -.4      19.8        .2       7.7
       -.4      18.3        .3       5.8
 55928   .000000  -.962593  -.270952
  97536.3  13073.0      -.1     43.3     71.4     28.9
      -.1     86.6     70.1     17.0  57960.9  59981.0
      -8.9      51.4       4.4      76.8
      -1.1      23.3       -.3      19.6
       -.5      18.3        .1       7.5
       -.5      17.2        .3       5.7
 55929   .000000  -.965081  -.261951
 100798.3  13250.8      -.1     43.3     71.4     28.9
      -.1     86.6     70.2     16.8  61032.5  62271.7
     -12.3      54.5       1.1      77.6
       -.9      21.9       -.4      20.4
       -.7      17.0        .2       7.5
       -.5      15.3        .1       5.5
 55930   .000000  -.967333  -.253508
 104128.8  13122.8      -.1     43.3     71.4     28.9
      -.1     86.6     70.2     16.8  62430.1  64353.5
      -9.5      48.3       5.2      79.8
      -1.4      22.6       -.1      20.1
       -.4      18.1        .3       7.6
       -.5      16.9        .2       5.6
 55931   .000000  -.969377  -.245576
 107379.4  13087.5      -.1     43.3     71.4     28.9
      -.1     86.6     70.3     16.6  64689.6  66745.6
     -10.2      48.7       1.8      77.8
      -1.0      23.9       -.2      22.6
       -.5      19.4        .3       7.6
       -.1      18.8        .1       5.5
 55932   .000000  -.971238  -.238110
 111161.5  13106.5      -.1     43.3     71.4     28.9
      -.1     86.6     70.4     16.5  66684.8  68481.4
     -10.2      51.4       2.4      84.2
      -1.4      23.3       -.2      21.5
       -.1      18.7        .3       8.0
       -.7      17.2        .2       5.5
 55933   .000000  -.972937  -.231072
 114028.5  13079.5      -.1     43.3     71.4     28.9
      -.1     86.6     70.3     16.5  68810.5  70856.9
     -10.7      53.1        .0      77.9
      -1.2      22.7        .1      23.5
       -.4      16.7        .1       7.5
       -.6      16.0        .2       5.7
 55934   .000000  -.974491  -.224428
 117770.7  13109.8      -.1     43.3     71.4     28.9
      -.1     86.6     70.1     16.6  71771.1  73338.7
     -12.8      53.2        .7      85.3
      -1.3      23.7        .2      25.2
       -.7      18.3        .2       7.9
       -.6      17.1        .1       5.4
 55935   .000000  -.975916  -.218146
 121162.5  13101.4      -.1     43.3     71.4     28.9
      -.1     86.6     70.2     16.4  73945.0  75736.8
     -12.1      53.2      -2.0      85.6
      -1.0      24.3        .1      25.8
       -.6      19.8        .2       7.8
       -.8      18.8        .1       5.6
 55936   .000000  -.977227  -.212198
 124143.2  13031.2      -.1     43.3     71.4     28.9
      -.1     86.6     70.5     16.4  76739.6  78555.7
     -10.9      51.3       1.9      84.8
      -1.3      24.5        .4      23.8
       -.7      18.6        .3       8.2
       -.3      17.5        .2       5.3
 55937   .000000  -.978434  -.206558
 127625.6  13060.4      -.1     43.3     71.4     28.9
      -.1     86.6     70.7     16.2  78696.8  80403.7
     -10.3      50.1      -1.6      87.3
      -1.0      22.4       -.2      24.0
       -.5      17.0        .2       7.5
       -.4      15.8        .2       5.3
 55938   .000000  -.979549  -.201205
 131260.0  13018.1      -.1     43.3     71.4     28.9
      -.1     86.6     70.4     16.3  80884.7  83110.3
     -12.5      52.4       1.2      92.7
       -.8      23.5        .3      25.4
       -.5      18.3        .1       8.1
       -.6      17.2        .3       5.3
 55939   .000000  -.980581  -.196116
 134773.0  13152.6      -.1     43.3     71.4     28.9
      -.1     86.6     70.4     16.3  82198.6  84339.6
     -11.6      53.0       4.5      91.0
      -1.2      24.2        .0      27.2
       -.6      19.8        .2       9.0
       -.5      18.9        .1       5.5
 55940   .000000  -.981537  -.191274
 138055.3  13090.3      -.1     43.3     71.4     28.9
      -.1     86.6     70.3     16.2  85656.9  87739.3
      -7.4      49.9       5.9      94.2
      -1.4      23.9        .1      28.8
       -.6      18.7        .1       8.4
       -.7      17.6        .2       5.2
 55941   .000000  -.982424  -.186661
 141266.4  13128.5      -.1     43.3     71.4     28.9
      -.1     86.6     70.5     16.2  88505.9  90051.9
     -12.2      52.0       3.0      90.7
      -1.3      23.0        .0      27.4
       -.7      17.1        .1       8.9
       -.5      15.9        .2       5.2
 55942   .000000  -.983250  -.182261
 144751.4  13127.9      -.1     43.3     71.4     28.9
      -.1     86.6     70.8     16.1  89871.8  92147.2
     -12.3      50.9      -2.1      89.4
      -1.5      23.3       -.2      27.0
       -.6      18.3        .1       8.4
       -.7      17.3        .1       5.2
 55943   .000000  -.984020  -.178061
 148461.9  13074.6      -.1     43.3     71.4     28.9
      -.1     86.6     70.9     16.1  93117.8  95563.8
      -8.9      47.1      -4.8      93.6
      -1.5      24.8       -.2      29.7
       -.6      19.9        .0       8.8
       -.6      18.6        .3       5.6
 55944   .000000  -.984737  -.174047
 151751.3  13038.8      -.1     43.3     71.4     28.9
      -.1     86.6     70.7     16.1  94749.9  97020.1
     -11.1      52.1      11.0      90.5
      -1.3      23.9        .3      30.0
       -.4      19.2        .1       8.5
       -.7      17.7        .2       5.4
 55945   .000000  -.985408  -.170207
 155074.5  13075.1      -.1     43.3     71.4     28.9
      -.1     86.6     70.5     16.0  96642.0  98827.8
     -10.5      51.4       2.6      89.8
      -1.5      23.4        .6      30.2
       -.6      17.3        .2       8.9
       -.8      15.6        .2       5.2
 55946   .000000  -.986036  -.166531
 158724.2  13127.9      -.1     43.3     71.4     28.9
      -.1     86.6     70.9     16.0  98798.2 101604.8
      -9.9      51.4       -.8     100.1
      -1.0      24.4       -.2      32.1
       -.6      18.3        .2       9.0
       -.5      17.6        .2       5.8
 55947   .000000  -.986625  -.163008
 162474.1  13188.5      -.1     43.3     71.4     28.9
      -.1     86.6     70.6     16.0 101050.5 103473.6
     -12.5      53.0       9.0     103.2
      -1.2      26.0        .3      31.1
       -.5      20.0        .2       8.6
       -.9      18.8        .2       5.6
 55948   .000000  -.987696  -.156385
 169069.6  13212.3      -.1     43.3     71.4     28.9
      -.1     86.6     70.8     15.8 107066.0 110255.9
     -13.7      55.3       5.4     100.1
      -1.5      23.1        .4      33.2
       -.6      17.3        .2       9.1
       -.8      15.9        .2       5.1
 55949   .000000  -.988644  -.150274
 175866.3  13115.0      -.1     43.3     71.4     28.9
      -.1     86.6     71.1     15.8 111466.2 113930.5
     -11.8      55.1       4.5     101.6
      -1.4      24.9        .4      33.5
        .0      20.0        .4       9.2
       -.8      19.3        .1       5.1
 55950   .000000  -.989488  -.144617
 182941.2  13166.1      -.1     43.3     71.4     28.9
      -.1     86.6     71.1     15.7 115462.7 118702.2
     -12.3      51.0       2.4     104.0
      -1.8      23.2        .4      33.1
       -.7      17.2        .2      10.8
       -.8      15.9        .1       5.4
 55951   .000000  -.990241  -.139367
 189383.4  13392.5      -.1     43.3     71.4     28.9
      -.1     86.6     71.2     15.8 119847.7 122978.9
     -12.2      54.9       2.0     104.9
      -1.4      24.9        .1      36.1
       -.5      19.9        .3      10.0
       -.8      19.1        .2       5.4
 55952   .000000  -.990916  -.134481
 196120.0  13195.9      -.1     43.3     71.4     28.9
      -.1     86.6     71.2     15.6 124734.8 128274.5
     -12.7      55.4       -.8     104.8
      -1.2      23.1        .0      34.6
       -.5      17.5        .2      11.0
       -.3      16.0        .3       5.4
 55953   .000000  -.991524  -.129924
 203197.3  13156.5      -.1     43.3     71.4     28.9
      -.1     86.6     70.9     15.6 130318.6 133411.1
     -10.8      51.1        .8     105.4
      -1.6      24.5        .6      36.8
       -.8      19.9        .0      11.1
       -.7      18.8        .4       5.7
 55954   .000000  -.992073  -.125663
 209985.6  13189.4      -.1     43.3     71.4     28.9
      -.1     86.6     71.1     15.5 133998.5 137360.5
     -10.3      53.3       7.3     109.1
      -1.8      23.4        .6      36.7
       -.3      16.9        .1      11.0
       -.4      16.3        .3       6.3
 55955   .000000  -.992571  -.121670
 216903.6  13277.8      -.1     43.3     71.4     28.9
      -.1     86.6     71.2     15.4 139611.3 142998.3
      -5.0      47.0       9.3     106.3
      -1.6      24.9        .7      38.5
       -.5      20.0        .2       9.8
       -.3      19.5        .1       6.1
 55956   .000000  -.993023  -.117921
 224040.7  13317.6      -.1     43.3     71.4     28.9
      -.1     86.6     71.1     15.4 145807.3 148846.3
      -6.3      43.3       4.1     104.6
      -1.9      23.9        .4      41.8
       -.7      17.5        .2      11.8
       -.7      15.9        .1       5.7
 55957   .000000  -.993435  -.114396
 231047.6  13198.3      -.1     43.3     71.4     28.9
      -.1     86.6     71.4     15.4 149619.6 153448.8
      -9.0      40.1       4.3     115.1
      -1.5      24.9       -.1      41.2
       -.5      19.9        .1      12.7
       -.4      19.3        .2       6.2
 55958   .000000  -.993812  -.111073
 238222.9  13220.8      -.1     43.3     71.4     28.9
      -.1     86.6     71.1     15.5 154654.8 157262.4
     -10.7      47.9       5.9     110.4
      -1.6      23.5        .7      41.7
       -.8      17.7        .1      12.8
       -.9      16.4        .0       6.6
 55959   .000000  -.994158  -.107937
 244966.4  13277.9      -.1     43.3     71.4     28.9
      -.1     86.6     71.6     15.4 157642.0 162076.5
      -8.2      41.9      -1.7     110.6
      -1.7      24.7        .8      42.2
       -.7      19.7        .1      12.3
       -.6      19.1        .2       6.3
 55960   .000000  -.994475  -.104972
 251600.3  13275.5      -.1     43.3     71.4     28.9
      -.1     86.6     71.4     15.3 164084.7 167856.2
      -7.5      35.8      10.6     115.0
      -1.7      22.4        .1      43.3
       -.8      17.4        .2      12.9
       -.6      15.9        .1       7.7
 55961   .903278   .000000  -.429057
  61581.1  12591.3       .0     39.4     71.4     28.9
       .0     82.2     71.4     57.7  34319.5  35585.9
       2.3      84.3       7.3      43.2
       1.4      28.0      -1.3      20.5
       -.2       6.3      -1.2      13.8
        .2       5.0       -.9      11.9
 55962   .887877   .000000  -.460082
  57769.5  13188.3       .5     39.1     71.4     28.9
       .5     82.1     71.4     57.7  31850.7  32954.7
       1.0      84.7       9.7      46.5
        .9      25.5       -.8      20.7
        .1       5.1       -.9      14.3
        .2       5.0       -.8      12.3
 55963   .868777   .000000  -.495203
  53581.7  13827.0       .2     39.2     71.4     28.9
       .3     82.2     71.4     57.7  29514.2  30520.0
        .7      78.9       7.9      45.0
        .3      23.5       -.4      19.6
        .0       5.0       -.5      13.4
        .0       5.0       -.6      11.5
 55964   .844819   .000000  -.535052
  49669.3  14919.0      -.5     39.2     71.4     28.9
      -.5     82.2     71.4     57.7  26789.2  27940.1
        .2      77.5       8.5      46.4
        .0      23.1        .0      18.6
        .6       6.1       -.4      13.1
        .0       5.0        .1      11.6
 55965   .814421   .000000  -.580275
  46076.6  16372.0      -.2     39.3     71.4     28.9
      -.1     82.3     71.4     57.7  24270.4  25385.8
        .5      77.5       9.6      49.7
        .7      19.9        .3      18.8
       -.1       5.0        .1      12.6
        .2       5.0        .4      10.4
 55966   .775436   .000000  -.631426
  42556.5  18582.7       .0     39.2     71.4     28.9
       .0     82.3     68.9      7.4  22198.7  23108.9
       1.4      73.9       7.8      50.7
       -.9      16.5        .7      16.5
        .1       5.0        .5      11.2
        .2       5.0        .9       9.5
 55967   .724999   .000000  -.688749
  39000.1  22197.9      -.2     39.6     71.4     28.9
      -.1     82.4     68.9     19.3  20262.0  21016.3
        .4      73.5      10.4      48.7
       -.1      14.1       1.6      15.9
       -.2       5.3       1.4      10.4
        .0       5.0       1.4       8.5
 55968   .659438   .000000  -.751759
  35760.0  26970.7       .0     39.2     69.0      4.3
       .0     82.3     68.8     31.9  18602.1  19229.1
       2.4      75.2       9.5      51.3
        .6      14.9        .7      11.2
        .2       5.0        .8       7.3
        .0       5.0       1.1       6.1
 55969   .574426   .000000  -.818557
  33022.1  27414.3      -.3     39.3     68.7     15.5
      -.3     82.4     68.7     44.2  16668.0  17396.1
      -2.7      69.3       7.9      57.1
        .2      16.4        .8       7.1
       -.1       5.0        .9       4.3
        .1       5.0       1.1       3.6
 55970   .465746   .000000  -.884918
  30781.5  25420.7       .0     39.4     71.8     23.9
       .0     82.4     71.8     52.6  15443.8  15986.7
       1.9      70.9      12.3      69.8
       -.2      11.2        .1      11.9
       -.1       5.0        .2       3.4
        .0       5.0        .2       3.0
 55971   .331088   .000000  -.943600
  28791.6  23622.9      -.2     39.2     70.3     16.1
      -.2     82.5     70.3     44.6  14044.7  14443.9
       2.1      70.7       7.6      55.5
        .7      10.8       -.4       7.4
        .2       5.0       -.2       4.2
        .2       5.0        .0       3.5
 55972   .254493   .000000  -.967075
  27884.6  22604.2       .1     39.6     69.7     10.6
       .1     82.8     69.6     39.3  13592.0  14151.9
       2.6      71.4       3.4      46.5
       -.3       9.4       -.2       8.0
        .1       5.0       -.2       5.4
        .1       5.0        .2       4.8
 55973   .172799   .000000  -.984957
  27174.1  20799.5       .5     39.7     69.3      5.6
       .5     82.9     69.3     33.8  13106.3  13621.6
       -.3      69.8       -.8      36.4
        .5      11.0       -.4      10.3
        .2       5.0        .1       7.0
       -.2       5.0        .1       6.3
 55974   .087384   .000000  -.996175
  26840.9  17690.9       .2     40.0     69.9      3.7
       .3     83.0     69.2     27.9  13084.5  13491.3
        .6      72.6        .3      40.4
       -.5       8.2        .0      13.5
        .1       5.0        .3       8.8
        .2       5.0        .3       7.6
 55975   .000000   .000000 -1.000000
  26623.3  15089.7       .1     39.5     71.4     28.9
       .0     82.9     69.1     22.3  13009.2  13505.7
      -3.6      70.7      -1.4      40.3
        .0       9.4        .2      16.1
        .1       5.0        .6      10.9
        .2       5.0        .6       9.0
 55976  -.087384   .000000  -.996175
  26396.2  13090.6       .3     40.0     71.4     28.9
       .3     83.1     69.2     16.6  12847.8  13257.4
        .6      67.8       -.1      41.2
       -.7      11.0       -.3      17.9
        .0       5.0        .3      12.1
        .0       5.0        .4      10.6
 55977  -.172799   .000000  -.984957
  26696.5  11696.2      -.1     40.0     71.4     28.9
      -.1     83.2     68.9     11.4  12866.2  13440.8
       1.7      65.3      -1.5      39.0
        .3       9.6       -.4      18.8
        .0       5.0       -.2      13.2
        .3       5.0        .2      11.6
 55978  -.254493   .000000  -.967075
  27130.1  10703.8       .3     40.0     71.4     28.9
       .3     83.3     69.0      7.6  13057.4  13534.7
      -1.1      67.7      -1.2      41.2
        .2       7.6       -.8      18.7
        .1       5.0       -.4      13.2
        .2       5.0       -.4      12.3
 55979  -.331088   .000000  -.943600
  27804.3   9936.0       .4     40.1     71.4     28.9
       .4     83.3     69.3      7.2  13431.0  14078.9
        .9      71.1      -3.0      39.9
        .1      11.4       -.5      19.6
        .0       5.0       -.5      13.8
        .0       5.0       -.5      12.3
 55980  -.465746   .000000  -.884918
  29610.8   8852.8       .3     40.4     71.4     28.9
       .3     83.5     71.4     57.7  14781.6  15295.7
       4.0      63.3      -4.0      42.0
        .3      11.7      -1.1      22.3
        .1       5.0       -.7      15.9
        .1       5.0       -.7      14.2
 55981  -.574426   .000000  -.818557
  31803.0   8165.9      -.1     40.4     71.4     28.9
      -.1     83.5     71.4     57.7  16069.3  16754.2
        .0      69.5      -3.3      40.0
       -.5      11.5      -1.9      21.4
       -.2       5.0      -1.5      15.7
        .2       5.0      -1.7      14.7
 55982  -.659438   .000000  -.751759
  34858.1   7928.6       .3     40.2     71.4     28.9
       .3     83.4     71.4     57.7  17791.0  18611.7
      -2.6      74.9      -6.8      44.1
        .7      13.4      -2.1      23.8
       -.1       5.0      -1.5      17.6
        .2       5.0      -1.5      15.8
 55983  -.724999   .000000  -.688749
  37956.7   7633.1      -.2     40.0     71.4     28.9
      -.1     83.3     71.4     57.7  19834.4  20555.0
       6.9      72.2      -6.2      39.3
       1.5      16.7      -2.2      22.3
        .2       5.0      -2.0      17.2
       -.2       5.0      -2.0      15.9
 55984  -.775436   .000000  -.631426
  41484.8   7506.4      -.1     40.2     71.4     28.9
      -.1     83.4     71.4     57.7  21797.3  22651.1
      -3.5      78.7      -7.5      42.1
        .6      19.8      -2.4      24.0
        .4       5.0      -1.5      18.2
        .0       5.0      -2.1      16.5
 55985  -.814421   .000000  -.580275
  45214.8   7470.9       .1     40.2     71.4     28.9
       .1     83.2     71.4     57.7  24455.2  25156.5
      -2.7      79.5      -7.4      39.2
      -1.1      22.2      -2.2      22.8
        .4       5.0      -2.2      17.8
       -.2       5.0      -2.3      16.4
 55986  -.844819   .000000  -.535052
  48860.4   7501.5       .2     40.0     71.4     28.9
       .1     83.1     71.4     57.7  27079.8  27892.7
      -4.7      78.7      -7.3      39.4
        .4      21.3      -2.4      24.2
        .0       5.0      -2.5      18.3
        .5       5.0      -2.5      16.7
 55987  -.868777   .000000  -.495203
  52747.6   7410.9      -.2     40.2     71.4     28.9
      -.2     83.0     71.4     57.7  28935.7  29857.0
       1.5      79.3      -8.4      37.0
       -.5      22.6      -3.2      22.7
        .3       7.7      -2.5      17.6
       -.1       5.0      -2.4      16.5
 55988  -.887877   .000000  -.460082
  56839.1   7503.4       .0     40.0     71.4     28.9
       .0     82.9     71.4     57.7  31735.8  32720.8
       1.7      82.4      -8.1      40.2
        .3      26.4      -3.0      24.1
        .3       8.5      -2.6      18.9
        .1       5.0      -2.9      16.9
 55989  -.903278   .000000  -.429057
  61160.2   7482.8      -.1     39.8     71.4     28.9
      -.1     82.8     71.4     57.7  34645.0  35219.2
        .5      78.9      -7.7      36.6
       -.4      28.7      -3.0      23.1
        .0       6.5      -2.8      17.7
       -.1       5.0      -3.0      16.6
 55990   .840060  -.367526  -.399028
  66106.4  13531.4      -.1     43.3     71.4     28.9
      -.1     16.7     71.4     57.7  37260.6  38168.3
      -6.4      61.9       8.9      46.8
       -.9      24.2       -.9      20.1
       -.3      15.8      -1.3      13.8
       -.4      13.2      -1.2      11.7
 55991   .817505  -.390173  -.423616
  62485.2  14317.1      -.1     43.3     71.4     28.9
       .2     17.1     71.4     57.7  35114.2  36341.9
      -6.3      61.1       8.9      48.6
       -.5      24.6       -.6      19.7
       -.5      16.2       -.9      13.8
       -.2      13.4       -.9      12.0
 55992   .790440  -.414981  -.450551
  58722.9  15294.4      -.1     43.3     71.4     28.9
      -.1     17.4     71.4     57.7  32580.2  33603.1
      -6.6      60.8       9.4      47.8
       -.7      24.6       -.1      19.7
       -.4      16.3       -.7      13.0
       -.1      13.4       -.6      11.0
 55993   .757796  -.442047  -.479937
  55144.5  16839.2      -.1     43.3     71.4     28.9
      -.1     17.8     71.4     57.7  30322.5  31327.8
      -5.3      59.1       9.6      47.1
       -.8      24.9       -.3      18.6
       -.4      16.5       -.4      12.5
       -.2      13.5       -.4      10.6
 55994   .718269  -.471364  -.511767
  52097.3  18309.9      -.1     43.3     71.4     28.9
       .1     18.2     71.4     57.7  28066.8  29208.9
      -9.0      61.7      10.6      53.4
       -.8      25.4        .8      18.6
       -.3      16.8        .1      12.0
       -.6      13.8        .4       9.9
 55995   .670317  -.502738  -.545830
  48758.6  20748.3      -.1     43.3     71.4     28.9
      -.2     18.8     68.7      6.6  26283.0  27249.0
      -8.0      57.9       8.9      49.8
       -.9      25.9        .1      16.3
       -.5      17.1        .2      10.4
       -.3      13.9        .4       8.8
 55996   .612205  -.535679  -.581595
  45868.0  21482.2      -.1     43.3     71.4     28.9
      -.2     19.3     68.6     18.3  24464.0  25309.0
      -7.4      60.9       9.8      51.4
       -.9      25.4       1.5      15.6
       -.2      17.0       1.1       9.7
       -.5      14.1       1.2       7.9
 55997   .542159  -.569267  -.618061
  43119.6  20979.7      -.1     43.3     68.7      3.8
      -.1     19.6     68.4     31.3  22662.6  23423.8
      -6.6      59.3       7.1      52.1
      -1.0      26.2        .9      11.5
       -.4      17.4        .6       7.0
       -.4      14.2        .8       5.8
 55998   .458673  -.602008  -.653609
  40917.9  19953.1      -.1     43.3     68.4     15.0
      -.4     20.3     68.4     43.6  21400.3  22106.0
      -6.0      59.9      10.0      62.8
       -.1      26.3        .6      10.2
       -.3      17.7        .8       4.1
       -.4      14.6        .9       3.5
 55999   .361020  -.631785  -.685938
  39035.9  19022.8      -.1     43.3     71.8     24.2
      -.3     20.7     71.7     52.5  20513.7  21104.0
      -9.2      58.7      11.8      77.4
       -.8      26.9       -.8      16.0
        .0      17.7        .2       3.7
       -.3      14.6        .3       3.0
 56000   .249898  -.655981  -.712208
  37451.2  18163.2      -.1     43.3     70.5     15.6
      -.4     20.9     70.5     44.3  19404.3  19965.6
      -5.6      57.4       4.5      61.4
       -.3      27.0       -.1       9.3
       -.2      18.1       -.1       3.9
       -.2      14.8       -.1       3.5
 56001   .190037  -.665130  -.722141
  36682.8  17806.6      -.1     43.3     69.5      9.9
      -.5     21.2     69.7     38.3  18713.7  19466.9
      -7.2      57.6       2.1      53.9
       -.4      27.0       -.3       9.3
       -.3      17.9       -.1       5.1
       -.2      14.9        .1       4.4
 56002   .127982  -.671905  -.729496
  36412.7  17634.6      -.1     43.3     69.2      4.4
      -.5     21.3     69.4     32.4  18469.4  19235.8
      -8.0      57.6       -.5      45.5
       -.8      27.2       -.3      10.5
       -.3      18.1        .0       6.7
       -.1      14.8        .1       5.7
 56003   .064388  -.676070  -.734019
  36065.2  17273.7      -.1     43.3     71.2      3.9
      -.2     21.7     69.4     26.5  18633.0  19139.4
      -6.3      57.9       1.1      46.5
       -.3      27.5        .1      13.1
       -.1      18.3        .4       8.3
       -.2      15.1        .2       6.9
 56004   .000000  -.677476  -.735545
  35893.8  16783.3      -.1     43.3     71.4     28.9
      -.1     21.7     69.1     20.4  18237.5  18822.4
      -7.8      57.0       1.0      42.2
       -.5      27.7        .0      15.1
        .0      18.1        .4       9.6
       -.3      15.1        .3       8.3
 56005  -.064388  -.676070  -.734019
  36069.0  16016.2      -.1     43.3     71.4     28.9
      -.5     21.6     68.8     14.6  18455.8  19079.4
      -6.9      57.9      -2.1      45.4
        .0      27.6        .0      16.7
       -.1      18.4        .2      10.9
       -.3      15.2        .1       9.2
 56006  -.127982  -.671905  -.729496
  36041.0  15276.5      -.1     43.3     71.4     28.9
       .1     21.7     68.8      9.2  18612.5  19257.0
      -8.1      61.3      -2.3      45.3
       -.2      27.2       -.6      16.7
       -.3      18.1       -.5      11.5
       -.3      15.1       -.2      10.1
 56007  -.190037  -.665130  -.722141
  36271.4  14019.0      -.1     43.3     71.4     28.9
      -.2     21.6     69.4      6.3  18352.0  19189.0
      -5.7      57.9      -2.7      38.5
       -.1      27.8       -.7      16.6
        .1      17.9       -.6      11.4
       -.2      15.3       -.6      10.2
 56008  -.249898  -.655981  -.712208
  36876.2  12835.6      -.1     43.3     71.4     28.9
      -.2     21.6     70.3      9.4  19107.3  19523.7
      -8.5      59.2      -1.7      43.3
       -.5      27.4       -.9      18.0
       -.5      18.4       -.6      12.7
       -.4      15.0       -.4      10.9
 56009  -.361020  -.631785  -.685938
  38142.8  11421.0      -.1     43.3     71.4     28.9
      -.1     21.2     71.4     57.7  19548.5  20162.7
      -5.8      58.4      -3.1      43.8
       -.3      27.7      -1.3      20.5
       -.4      18.0      -1.2      14.2
       -.1      15.2       -.7      12.8
 56010  -.458673  -.602008  -.653609
  39963.0  10394.7      -.1     43.3     71.4     28.9
      -.1     20.9     71.4     57.7  20818.0  21706.9
      -5.9      58.9      -5.0      39.1
       -.2      27.4      -1.5      20.0
       -.1      17.5      -1.4      14.1
       -.2      15.0      -1.2      12.9
 56011  -.542159  -.569267  -.618061
  42334.7   9655.7      -.1     43.3     71.4     28.9
       .0     20.2     71.4     57.7  21778.3  22867.5
      -5.8      59.4      -6.7      42.1
       -.2      26.5      -1.6      22.0
       -.5      17.4      -1.9      16.0
       -.3      14.5      -1.4      14.6
 56012  -.612205  -.535679  -.581595
  44773.0   9129.3      -.1     43.3     71.4     28.9
       .3     19.6     71.4     57.7  24017.1  24654.1
      -6.3      59.3      -6.3      39.0
        .0      26.3      -2.2      20.7
       -.4      17.1      -2.0      15.7
       -.3      14.2      -1.8      14.3
 56013  -.670317  -.502738  -.545830
  47753.0   8785.7      -.1     43.3     71.4     28.9
       .0     19.1     71.4     57.7  25443.4  26409.0
      -8.3      59.9      -7.1      40.7
       -.9      26.0      -2.3      22.7
       -.5      16.6      -2.4      16.9
        .0      14.0      -2.0      15.7
 56014  -.718269  -.471364  -.511767
  50871.6   8524.2      -.1     43.3     71.4     28.9
       .0     18.7     71.4     57.7  28201.3  28903.7
      -7.7      61.6      -7.1      40.1
       -.3      25.3      -2.2      21.2
       -.1      16.4      -2.4      16.2
       -.6      13.9      -2.6      15.4
 56015  -.757796  -.442047  -.479937
  54404.9   8303.3      -.1     43.3     71.4     28.9
       .1     18.3     71.4     57.7  29923.6  30897.9
      -6.0      58.6      -7.8      39.8
        .4      25.5      -2.0      22.7
       -.7      16.2      -2.4      18.0
       -.1      13.8      -2.3      16.4
 56016  -.790440  -.414981  -.450551
  57800.3   8200.8      -.1     43.3     71.4     28.9
      -.3     17.6     71.4     57.7  32400.6  33511.2
      -3.7      59.4      -7.4      39.0
       -.4      24.6      -3.1      21.4
       -.3      16.0      -2.4      17.2
       -.3      13.5      -2.8      15.9
 56017  -.817505  -.390173  -.423616
  61628.5   8131.8      -.1     43.3     71.4     28.9
      -.2     17.3     71.4     57.7  35006.4  36093.4
      -6.3      59.8      -7.9      38.9
       -.8      24.8      -2.8      23.6
       -.2      15.9      -2.6      18.6
       -.4      13.3      -2.6      16.5
 56018  -.840060  -.367526  -.399028
  65336.4   8152.5      -.1     43.3     71.4     28.9
      -.3     16.9     71.4     57.7  36915.3  38353.5
      -3.7      63.0      -8.2      36.0
       -.1      24.5      -2.8      21.6
       -.1      15.6      -3.0      17.5
       -.3      13.1      -2.7      16.3
 56019   .708659  -.620076  -.336613
  78568.6  15596.0      -.1     43.3     71.4     28.9
      -.1     86.6     71.4     57.7  45476.8  46760.3
      -8.1      53.8       7.3      48.5
       -.5      22.6      -1.1      19.7
       -.5      17.4      -1.3      13.4
       -.4      15.9      -1.2      11.1
 56020   .677337  -.646549  -.350984
  75043.3  16069.6      -.1     43.3     71.4     28.9
      -.1     86.6     71.4     57.7  43452.0  44796.0
      -7.1      56.4       7.5      47.1
       -.7      22.3       -.7      19.0
       -.4      17.3      -1.2      12.7
       -.2      15.9      -1.2      10.8
 56021   .641844  -.673936  -.365851
  72432.0  17047.2      -.1     43.3     71.4     28.9
      -.1     86.6     71.4     57.7  40904.3  42841.2
     -10.9      57.6       7.8      50.2
       -.8      22.9       -.3      19.2
       -.4      17.3       -.9      12.2
       -.2      16.0       -.9      10.2
 56022   .601687  -.701968  -.381068
  69440.9  17043.5      -.1     43.3     71.4     28.9
      -.1     86.6     71.4     57.7  39985.7  40918.7
     -11.6      59.4       7.3      55.8
       -.8      22.7       -.2      17.6
        .1      17.5       -.9      11.1
       -.3      15.9       -.7       9.4
 56023   .556388  -.730259  -.396426
  66688.0  16714.2      -.1     43.3     71.4     28.9
      -.1     86.6     71.4     57.7  38375.8  39148.2
      -8.0      52.9      10.1      58.7
       -.5      22.6        .1      17.9
       -.5      17.8       -.2      10.9
       -.1      15.9        .0       8.9
 56024   .505524  -.758286  -.411641
  64377.3  16146.4      -.1     43.3     71.4     28.9
      -.1     86.6     68.6      5.3  36167.7  37266.4
      -7.7      53.0       9.0      58.0
       -.6      22.8        .4      16.7
       -.7      17.4        .1       9.3
       -.8      16.3        .3       7.7
 56025   .448787  -.785377  -.426348
  62452.4  15630.2      -.1     43.3     71.4     28.9
      -.1     86.6     68.4     16.9  34859.8  35792.1
      -9.7      57.4       9.7      63.3
       -.7      22.6       1.1      16.3
       -.5      17.8       1.0       8.8
       -.6      16.6       1.0       7.2
 56026   .386057  -.810720  -.440105
  60479.6  15180.8      -.1     43.3     68.5      2.8
      -.1     86.6     68.2     29.8  33800.8  34616.8
     -10.1      51.0       7.0      64.0
       -.6      23.0        .6      14.8
       -.6      17.8        .6       6.6
       -.2      16.7        .5       5.3
 56027   .317480  -.833386  -.452409
  58783.7  14747.8      -.1     43.3     67.8     14.1
      -.1     86.6     67.9     42.7  32654.5  33620.8
      -8.4      51.1       8.0      75.4
       -.8      22.9        .6      17.2
       -.6      18.0        .6       4.1
       -.1      17.1        .7       3.5
 56028   .243541  -.852392  -.462727
  57394.5  14449.9      -.1     43.3     71.3     23.6
      -.1     86.6     71.3     52.1  31655.4  32564.7
      -9.5      52.9       9.0      87.3
       -.4      23.0        .1      28.9
       -.6      18.4        .1       4.9
       -.8      17.1        .1       3.2
 56029   .165103  -.866792  -.470544
  56338.2  14205.2      -.1     43.3     70.8     14.9
      -.1     86.6     70.8     43.6  31311.5  32358.1
     -11.8      52.5       4.9      71.7
       -.6      23.1       -.7      19.5
       -.4      18.2       -.2       4.3
       -.6      17.0       -.1       3.2
 56030   .124573  -.872008  -.473376
  55835.0  14012.3      -.1     43.3     70.2      8.9
      -.1     86.6     70.4     37.6  30891.0  32005.8
      -9.1      52.4        .1      67.6
       -.8      22.8       -.1      13.1
       -.6      18.2        .0       4.7
       -.3      17.4        .0       4.0
 56031   .083409  -.875791  -.475429
  55525.2  14006.0      -.1     43.3     69.6      3.2
      -.1     86.6     70.0     31.2  30946.9  32028.9
      -9.7      51.6       6.1      60.9
       -.4      23.3       -.3      13.2
       -.3      18.3       -.1       6.1
       -.5      17.7        .0       4.9
 56032   .041814  -.878085  -.476675
  55534.3  13990.7      -.1     43.3     71.4     28.9
      -.1     86.6     69.4     24.7  30067.7  31110.6
     -11.2      51.9       3.3      54.9
       -.7      23.5        .1      14.6
       -.5      18.4        .3       7.4
       -.3      17.2        .3       5.9
 56033   .000000  -.878853  -.477092
  55464.7  13897.0      -.1     43.3     71.4     28.9
      -.1     86.6     69.4     18.5  30425.0  31212.3
      -8.8      52.1       1.2      54.4
       -.6      23.0        .2      15.4
       -.2      18.4        .3       8.5
       -.4      17.5        .2       7.0
 56034  -.041814  -.878085  -.476675
  55351.7  13931.0      -.1     43.3     71.4     28.9
      -.1     86.6     69.0     12.1  30069.7  31056.0
      -9.6      50.1      -2.0      51.1
       -.3      22.9       -.2      15.6
       -.3      18.4       -.1       9.1
       -.9      17.5       -.1       7.5
 56035  -.083409  -.875791  -.475429
  55536.5  13977.7      -.1     43.3     71.4     28.9
      -.1     86.6     69.0      6.3  30912.7  31727.8
      -9.7      52.1       -.9      50.4
       -.2      22.9       -.8      15.5
        .0      18.7       -.5       9.3
       -.6      17.5       -.5       7.9
 56036  -.124573  -.872008  -.473376
  55442.4  13974.8      -.1     43.3     71.4     28.9
      -.1     86.6     69.0      5.0  30550.9  31669.5
      -7.8      52.1        .2      48.9
       -.7      23.2       -.8      15.2
       -.3      18.6       -.8       9.5
       -.5      17.3       -.9       7.9
 56037  -.165103  -.866792  -.470544
  55976.1  14004.9      -.1     43.3     71.4     28.9
      -.1     86.6     71.4     57.7  30841.3  31914.7
      -9.2      48.7      -3.1      51.4
       -.4      23.1      -1.0      17.2
       -.4      18.7       -.7      11.0
       -.3      17.5       -.5       9.0
 56038  -.243541  -.852392  -.462727
  56929.0  13747.4      -.1     43.3     71.4     28.9
      -.1     86.6     71.4     57.7  31993.7  32792.9
      -8.7      51.8      -4.2      46.5
       -.5      23.4      -1.4      17.4
       -.2      18.6      -1.1      11.6
       -.5      17.5      -1.2      10.0
 56039  -.317480  -.833386  -.452409
  58002.6  13477.3      -.1     43.3     71.4     28.9
      -.1     86.6     71.4     57.7  31650.4  32832.6
      -9.2      54.7      -5.3      43.4
       -.2      23.7      -1.5      18.2
        .0      18.4      -1.5      12.4
       -.4      17.4      -1.3      10.5
 56040  -.386057  -.810720  -.440105
  59341.7  12642.9      -.1     43.3     71.4     28.9
      -.1     86.6     71.4     57.7  33039.4  34148.6
     -11.5      52.1      -4.6      42.8
       -.3      23.2      -2.0      18.9
       -.6      18.2      -1.9      13.4
       -.1      17.1      -1.7      11.8
 56041  -.448787  -.785377  -.426348
  61362.0  12271.7      -.1     43.3     71.4     28.9
      -.1     86.6     71.4     57.7  34852.7  35626.9
      -8.0      52.6      -5.5      42.9
       -.3      23.3      -2.4      18.7
       -.5      18.4      -2.0      13.7
        .0      17.2      -1.9      11.8
 56042  -.505524  -.758286  -.411641
  63772.8  11499.6      -.1     43.3     71.4     28.9
      -.1     86.6     71.4     57.7  36013.1  36877.3
     -12.0      57.6      -7.8      42.3
      -1.0      23.5      -2.7      20.6
       -.2      18.2      -2.1      14.9
       -.3      16.7      -2.1      13.1
 56043  -.556388  -.730259  -.396426
  66157.9  11057.1      -.1     43.3     71.4     28.9
      -.1     86.6     71.4     57.7  37882.5  39125.8
     -10.5      54.5      -7.6      39.7
       -.5      23.3      -2.3      19.3
        .4      18.2      -2.0      14.6
       -.1      16.4      -2.2      12.8
 56044  -.601687  -.701968  -.381068
  68578.2  10479.3      -.1     43.3     71.4     28.9
      -.1     86.6     71.4     57.7  38849.2  40062.8
      -7.3      55.0      -6.4      41.0
       -.6      23.5      -2.6      21.3
       -.5      17.8      -2.7      15.9
       -.4      16.5      -2.4      14.1
 56045  -.641844  -.673936  -.365851
  71612.6  10227.0      -.1     43.3     71.4     28.9
      -.1     86.6     71.4     57.7  40295.4  41796.1
      -8.6      58.5      -7.9      39.0
       -.8      23.5      -3.2      20.3
       -.3      17.6      -2.5      15.2
       -.4      16.3      -2.5      13.6
 56046  -.677337  -.646549  -.350984
  74245.1   9852.9      -.1     43.3     71.4     28.9
      -.1     86.6     71.4     57.7  42535.4  43728.0
      -9.4      56.5      -8.8      40.7
       -.1      23.0      -2.7      21.6
       -.5      17.6      -2.8      16.7
       -.4      16.3      -2.8      15.2
 56047  -.708659  -.620076  -.336613
  77511.1   9691.9      -.1     43.3     71.4     28.9
      -.1     86.6     71.4     57.7  44687.9  46215.0
      -6.6      53.9      -6.7      35.4
       -.5      22.9      -3.0      20.1
       -.3      17.5      -2.8      15.7
        .0      15.9      -2.4      14.6
 56048   .482910  -.845093  -.229382
 115315.8  14963.0      -.1     43.3     71.4     28.9
      -.1     86.6     71.4     57.7  69274.9  71540.2
      -7.8      54.5       4.7      53.9
      -1.1      21.8      -1.0      20.8
       -.4      16.4      -1.5      11.8
       -.2      14.4      -1.7       9.5
 56049   .451149  -.861285  -.233777
 112922.7  14684.3      -.1     43.3     71.4     28.9
      -.1     86.6     71.4     57.7  67826.6  69836.5
     -10.4      53.0       9.0      59.1
      -1.6      21.7       -.2      22.0
       -.5      16.0      -1.6      10.1
       -.2      14.7      -1.5       8.7
 56050   .417577  -.876913  -.238019
 111156.5  14512.9      -.1     43.3     71.4     28.9
      -.1     86.6     71.4     57.7  65705.3  68337.4
     -11.1      49.2       7.4      66.8
      -1.2      22.2       -.3      22.1
       -.4      16.3      -1.1      10.6
       -.6      15.0       -.8       8.6
 56051   .382204  -.891810  -.242063
 109123.8  14206.1      -.1     43.3     71.4     28.9
      -.1     86.6     71.4     57.7  66646.7  67875.6
     -14.9      55.8      10.3      67.7
      -1.2      23.0       -.4      20.4
       -.2      16.4      -1.3       9.0
       -.4      14.8      -1.1       7.5
 56052   .345068  -.905804  -.245861
 107348.1  13919.2      -.1     43.3     71.4     28.9
      -.1     86.6     71.4     57.7  65118.8  66707.2
     -12.5      50.8       9.8      74.6
      -1.2      22.3        .8      22.7
       -.5      16.4       -.3       9.5
       -.6      15.1       -.2       7.6
 56053   .306238  -.918714  -.249365
 105788.2  13748.4      -.1     43.3     71.4     28.9
      -.1     86.6     68.5      3.1  64377.4  65954.7
      -8.5      48.2       7.9      75.3
      -1.1      21.5        .4      20.4
       -.3      16.6       -.5       7.8
       -.6      15.5       -.4       6.2
 56054   .265817  -.930361  -.252527
 104858.2  13711.6      -.1     43.3     71.4     28.9
      -.1     86.6     67.9     15.0  62454.2  64326.3
     -12.2      54.4       2.2      79.1
       -.7      22.2        .8      23.1
       -.3      16.7        .6       7.9
       -.6      15.2        .7       6.1
 56055   .223945  -.940570  -.255298
 103668.3  13541.0      -.1     43.3     68.5      1.6
      -.1     86.6     68.0     28.2  62017.0  63744.9
     -10.3      50.9      10.0      88.2
      -1.3      22.8        .3      23.2
       -.4      16.6        .4       6.6
       -.7      15.4        .5       4.7
 56056   .180796  -.949177  -.257634
 102606.0  13329.6      -.1     43.3     67.2     13.0
      -.1     86.6     67.3     41.4  61504.8  63201.0
     -15.9      56.2       9.9      99.8
       -.9      21.9        .4      31.3
       -.7      16.8        .3       7.3
       -.7      15.2        .4       3.7
 56057   .136577  -.956038  -.259496
 102073.7  13316.4      -.1     43.3     71.2     22.8
      -.1     86.6     71.3     51.3  60337.4  62764.9
     -11.4      51.4       7.0     108.6
       -.7      21.7        .1      51.3
       -.3      17.1       -.4      14.9
       -.5      15.4       -.2       4.0
 56058   .091527  -.961030  -.260851
 101355.3  13201.3      -.1     43.3     71.5     14.4
      -.1     86.6     71.6     42.9  60785.3  62562.7
     -13.8      58.0       2.7      96.3
      -1.3      21.9        .6      33.0
       -.5      17.0       -.1       7.4
       -.5      15.3       -.1       3.6
 56059   .068771  -.962796  -.261330
 101122.2  13112.6      -.1     43.3     71.0      8.0
      -.1     86.6     71.0     36.5  60296.8  62367.1
     -12.9      48.4       6.8      89.7
      -1.2      22.6       -.2      26.6
       -.5      17.2       -.1       6.4
       -.6      15.2        .0       4.2
 56060   .045908  -.964064  -.261674
 101057.9  13106.2      -.1     43.3     70.3      1.9
      -.1     86.6     70.4     30.2  60022.0  61797.0
     -13.2      51.7       2.8      85.0
       -.9      22.5       -.1      24.5
       -.7      16.8       -.1       6.7
       -.8      15.2       -.1       4.5
 56061   .022972  -.964827  -.261882
 100798.3  13147.7      -.1     43.3     71.4     28.9
      -.1     86.6     70.4     23.5  60662.2  62461.0
     -10.6      53.7       1.6      76.7
      -1.2      22.3        .5      22.6
       -.7      17.0        .3       7.5
       -.5      15.4        .3       5.2
 56062   .000000  -.965081  -.261951
 100863.1  13160.1      -.1     43.3     71.4     28.9
      -.1     86.6     69.9     16.7  59294.0  61253.1
      -9.0      50.0       2.2      74.9
       -.8      22.2        .3      21.6
       -.5      16.9        .1       7.5
       -.5      15.5        .1       5.7
 56063  -.022972  -.964827  -.261882
 100734.6  13112.8      -.1     43.3     71.4     28.9
      -.1     86.6     70.0     10.2  60068.6  61575.2
      -9.9      54.1       1.9      74.4
       -.9      22.0       -.8      20.5
       -.7      17.1       -.3       8.1
       -.3      15.6       -.2       6.0
 56064  -.045908  -.964064  -.261674
 100682.8  13097.4      -.1     43.3     71.4     28.9
      -.1     86.6     69.5      3.9  60613.2  62301.0
     -12.4      51.1       1.6      79.4
       -.8      22.0      -1.2      19.6
       -.6      17.1       -.8       7.7
       -.7      15.3       -.8       5.9
 56065  -.068771  -.962796  -.261330
 101186.2  13154.2      -.1     43.3     71.4     28.9
      -.1     86.6     71.4     57.7  60418.8  62278.2
     -12.6      53.1       1.4      72.0
      -1.1      22.1       -.8      19.8
       -.5      17.1       -.7       8.0
       -.4      15.6       -.7       6.4
 56066  -.091527  -.961030  -.260851
 101246.6  13270.1      -.1     43.3     71.4     28.9
      -.1     86.6     71.4     57.7  60010.7  61433.7
      -8.3      47.2       -.5      67.9
      -1.0      22.4      -1.0      19.8
       -.4      16.9       -.7       9.3
       -.7      15.5       -.7       7.3
 56067  -.136577  -.956038  -.259496
 101333.6  13176.5      -.1     43.3     71.4     28.9
      -.1     86.6     71.4     57.7  60818.4  62416.7
      -9.8      55.5       -.7      61.9
       -.8      22.6      -1.5      17.8
       -.4      16.8      -1.5       8.9
       -.3      15.6      -1.3       7.3
 56068  -.180796  -.949177  -.257634
 102094.8  13272.2      -.1     43.3     71.4     28.9
      -.1     86.6     71.4     57.7  61312.5  63171.4
      -7.2      48.8      -2.3      58.3
      -1.2      22.1      -1.9      17.2
       -.3      17.0      -1.6      10.0
       -.4      15.4      -1.4       8.4
 56069  -.223945  -.940570  -.255298
 103184.4  13403.2      -.1     43.3     71.4     28.9
      -.1     86.6     71.4     57.7  61535.8  63599.1
     -11.2      56.8      -3.4      52.3
       -.5      22.7      -2.2      18.0
       -.2      16.8      -1.8      10.4
       -.5      15.4      -2.0       8.6
 56070  -.265817  -.930361  -.252527
 104267.4  13494.2      -.1     43.3     71.4     28.9
      -.1     86.6     71.4     57.7  62917.6  64527.8
      -9.4      49.7      -8.2      54.9
       -.7      22.4      -1.9      17.7
       -.5      16.6      -1.9      11.2
       -.5      15.4      -2.2       9.3
 56071  -.306238  -.918714  -.249365
 105511.1  13547.0      -.1     43.3     71.4     28.9
      -.1     86.6     71.4     57.7  64116.6  65385.7
     -11.4      51.7      -7.7      51.9
       -.8      22.3      -2.5      18.3
       -.3      16.9      -2.1      11.5
       -.3      15.3      -2.2       9.8
 56072  -.345068  -.905804  -.245861
 106874.7  13619.3      -.1     43.3     71.4     28.9
      -.1     86.6     71.4     57.7  64275.6  66085.6
     -10.5      53.1      -7.5      48.1
       -.7      22.2      -2.5      17.3
       -.3      16.5      -2.2      11.7
       -.5      15.4      -2.4      10.3
 56073  -.382204  -.891810  -.242063
 108660.9  13571.8      -.1     43.3     71.4     28.9
      -.1     86.6     71.4     57.7  65266.1  67217.9
      -9.3      50.8      -6.6      43.4
       -.7      22.5      -2.8      19.2
       -.3      16.5      -2.3      12.5
       -.5      15.0      -2.5      10.8
 56074  -.417577  -.876913  -.238019
 110301.5  13442.7      -.1     43.3     71.4     28.9
      -.1     86.6     71.4     57.7  66062.7  67989.2
     -13.3      55.6      -8.8      41.5
       -.9      22.5      -2.9      18.0
       -.2      16.4      -2.5      12.6
       -.6      15.0      -2.8      10.9
 56075  -.451149  -.861285  -.233777
 112355.0  13306.8      -.1     43.3     71.4     28.9
      -.1     86.6     71.4     57.7  67134.1  69752.3
      -9.8      53.2      -6.5      41.8
       -.5      22.4      -2.7      18.8
       -.2      16.4      -2.8      13.6
       -.3      15.1      -2.5      11.7
 56076  -.482910  -.845093  -.229382
 114104.9  13009.0      -.1     43.3     71.4     28.9
      -.1     86.6     71.4     57.7  69244.8  71400.5
      -9.7      50.1      -6.8      36.2
      -1.1      21.4      -3.1      18.0
       -.2      16.2      -2.6      13.1
       -.2      14.6      -2.6      11.3
 56077   .337328  -.927651  -.160231
 164637.6  14003.5      -.1     43.3     71.4     28.9
      -.1     86.6     71.4     57.7 103923.6 106559.8
      -9.3      49.0       4.4      64.9
      -1.4      22.4       -.7      23.7
       -.6      16.8      -1.5      10.8
       -.1      15.7      -1.7       8.4
 56078   .312066  -.936198  -.161707
 163296.6  13794.3      -.1     43.3     71.4     28.9
      -.1     86.6     71.4     57.7 102068.6 105326.4
     -10.6      51.3       6.8      71.5
      -1.5      21.9       -.2      24.2
       -.5      16.8      -1.5       9.2
       -.4      15.4      -1.8       7.2
 56079   .286124  -.944211  -.163091
 161910.6  13691.0      -.1     43.3     71.4     28.9
      -.1     86.6     71.4     57.7 101350.2 103853.4
     -10.3      50.5       4.2      77.5
      -1.5      22.7        .1      25.7
       -.5      16.8      -1.1       9.9
       -.5      15.5      -1.1       7.5
 56080   .259539  -.951641  -.164374
 160560.7  13656.3      -.1     43.3     71.4     28.9
      -.1     86.6     71.4     57.7 100481.8 103022.8
      -9.4      48.5       5.7      82.7
      -1.5      23.4       -.1      26.3
       -.5      17.0      -1.4       8.5
       -.4      15.7      -1.4       6.3
 56081   .232349  -.958440  -.165549
 159686.9  13589.1      -.1     43.3     71.4     28.9
      -.1     86.6     71.4     57.7 100328.9 102878.2
     -10.1      48.6       9.8      87.8
      -1.7      23.4        .9      28.0
       -.4      17.2       -.4       9.3
       -.3      15.8       -.5       6.8
 56082   .204604  -.964562  -.166606
 158450.6  13423.4      -.1     43.3     71.4     28.9
      -.1     86.6     68.5      2.2  99293.6 101361.8
     -10.8      47.8      10.3      92.3
      -1.0      22.2        .0      28.6
       -.6      17.0       -.5       8.2
       -.4      15.6       -.7       5.4
 56083   .176357  -.969963  -.167539
 158062.7  13392.0      -.1     43.3     71.4     28.9
      -.1     86.6     68.0     13.6  99943.2 102378.8
     -10.5      49.9      10.9      95.4
      -1.4      22.4       1.0      31.5
       -.7      17.2        .4       9.0
       -.7      15.9        .4       5.7
 56084   .147667  -.974605  -.168341
 157473.5  13280.2      -.1     43.3     71.4     28.9
      -.1     86.6     67.5     27.2  99118.0 101526.1
      -8.3      45.5       6.8     101.5
      -1.2      22.9        .6      32.7
       -.4      17.0        .5       8.3
       -.5      15.5        .5       4.5
 56085   .118600  -.978453  -.169006
 156365.2  13166.1      -.1     43.3     67.2     12.2
      -.1     86.6     67.2     40.7  97937.2 100303.2
     -11.6      51.1      10.3     117.0
      -1.3      22.0        .5      44.4
       -.7      17.4        .0      11.4
       -.8      15.9        .1       5.1
 56086   .089225  -.981478  -.169528
 155796.7  13258.9      -.1     43.3     71.0     22.6
      -.1     86.6     71.1     50.6  96989.6 100092.4
     -14.9      57.7       -.4     121.6
      -1.5      23.0        .9      62.3
       -.7      17.2        .1      21.7
       -.8      15.6       -.3       9.4
 56087   .059616  -.983656  -.169904
 155832.8  13184.3      -.1     43.3     71.6     13.9
      -.1     86.6     71.6     42.3  97462.2  99955.2
     -12.0      50.8       7.5     117.9
      -1.3      23.3        .7      47.9
       -.5      17.2        .0      13.8
       -.5      15.8        .1       4.4
 56088   .044746  -.984421  -.170036
 155675.4  13136.2      -.1     43.3     71.2      7.5
      -.1     86.6     71.3     36.1  97106.0 100401.3
     -12.6      53.9      12.1     106.6
      -1.5      23.7        .1      40.7
       -.6      17.3        .2      10.6
       -.5      15.8        .0       4.9
 56089   .029848  -.984969  -.170131
 155277.0  13105.7      -.1     43.3     69.7     26.8
      -.1     86.6     71.6     29.4  97012.5  99938.1
     -13.1      52.6       6.5     105.7
      -2.0      23.4       -.1      35.0
       -.6      17.2        .0       9.7
       -.8      15.7        .0       5.6
 56090   .014929  -.985299  -.170188
 155360.2  13137.6      -.1     43.3     71.4     28.9
      -.1     86.6     71.0     22.7  97550.7  99981.2
     -12.7      52.1      11.0     103.6
      -1.2      23.0        .5      31.0
       -.4      17.2        .4       8.6
       -.6      15.6        .4       4.7
 56091   .000000  -.985408  -.170207
 155309.5  13211.1      -.1     43.3     71.4     28.9
      -.1     86.6     70.6     16.0  96900.9  99165.5
     -12.2      51.3       4.9      98.8
      -1.4      23.0       -.4      31.1
       -.6      17.0        .3       9.3
       -.7      15.9        .1       5.3
 56092  -.014929  -.985299  -.170188
 155389.3  13193.1      -.1     43.3     71.4     28.9
      -.1     86.6     70.4      9.2  97164.8  99937.8
      -9.6      50.3       1.5      91.1
      -1.5      22.9       -.4      28.7
       -.5      17.0       -.2       8.6
       -.5      15.9       -.2       6.1
 56093  -.029848  -.984969  -.170131
 155554.2  13207.3      -.1     43.3     71.4     28.9
      -.1     86.6     70.2      2.7  97344.5 100236.4
     -13.9      51.6       5.2      90.7
      -1.1      22.5       -.7      28.3
       -.6      17.2       -.9       7.8
       -.5      15.8       -.8       5.4
 56094  -.044746  -.984421  -.170036
 155514.4  13152.7      -.1     43.3     71.4     28.9
      -.1     86.6     71.4     57.7  97874.7 100214.3
     -12.9      55.5      -3.3      88.6
      -1.2      23.2       -.8      27.5
       -.5      17.2       -.7       8.3
       -.7      15.8       -.8       5.9
 56095  -.059616  -.983656  -.169904
 155324.3  13125.6      -.1     43.3     71.4     28.9
      -.1     86.6     71.4     57.7  97353.8  99434.9
     -10.4      53.8        .9      83.9
      -1.4      23.2      -1.0      26.4
       -.6      17.4       -.6       9.4
      -1.0      16.1       -.6       6.4
 56096  -.089225  -.981478  -.169528
 155502.4  13215.6      -.1     43.3     71.4     28.9
      -.1     86.6     71.4     57.7  97361.7 100131.7
     -10.2      48.9        .7      73.9
      -1.2      22.3      -1.4      23.1
       -.6      17.2      -1.6       8.6
       -.7      15.7      -1.5       6.3
 56097  -.118600  -.978453  -.169006
 156230.5  13270.9      -.1     43.3     71.4     28.9
      -.1     86.6     71.4     57.7  97648.7  99914.0
     -12.4      53.3        .4      71.2
      -1.7      23.1      -1.6      21.2
       -.6      17.3      -1.4       9.3
       -.6      15.9      -1.4       7.2
 56098  -.147667  -.974605  -.168341
 156427.9  13196.4      -.1     43.3     71.4     28.9
      -.1     86.6     71.4     57.7  97305.5 100355.5
      -8.9      46.9      -3.5      60.7
      -1.1      22.5      -2.4      21.5
       -.7      17.2      -2.0       8.9
       -.7      15.8      -2.1       7.1
 56099  -.176357  -.969963  -.167539
 157391.0  13346.3      -.1     43.3     71.4     28.9
      -.1     86.6     71.4     57.7  99184.0 101459.1
      -9.6      50.4      -4.8      66.4
      -1.1      21.9      -2.3      20.9
       -.3      17.1      -1.9      10.1
       -.3      16.0      -2.0       7.8
 56100  -.204604  -.964562  -.166606
 158368.5  13403.5      -.1     43.3     71.4     28.9
      -.1     86.6     71.4     57.7  99038.7 101214.5
      -9.3      50.0      -6.7      52.8
      -1.1      22.2      -2.4      20.3
       -.5      17.2      -2.4       9.8
       -.5      15.5      -2.3       8.0
 56101  -.232349  -.958440  -.165549
 159221.0  13395.2      -.1     43.3     71.4     28.9
      -.1     86.6     71.4     57.7  99356.1 101205.1
     -11.7      50.9      -7.8      54.8
      -1.0      22.6      -2.6      19.3
       -.4      17.2      -2.3      10.5
       -.7      15.9      -2.3       8.6
 56102  -.259539  -.951641  -.164374
 160108.3  13605.6      -.1     43.3     71.4     28.9
      -.1     86.6     71.4     57.7  99591.9 102898.2
     -10.4      48.5      -6.5      51.1
       -.8      22.2      -2.8      19.1
       -.5      17.2      -2.5      10.3
       -.6      15.7      -2.4       8.7
 56103  -.286124  -.944211  -.163091
 161036.3  13628.3      -.1     43.3     71.4     28.9
      -.1     86.6     71.4     57.7 102403.8 105050.6
      -7.6      47.8      -5.9      47.5
       -.9      22.9      -2.8      18.8
       -.4      17.1      -2.6      11.0
       -.1      15.8      -2.5       9.2
 56104  -.312066  -.936198  -.161707
 162443.6  13677.2      -.1     43.3     71.4     28.9
      -.1     86.6     71.4     57.7 101678.9 104755.1
     -13.6      53.0      -9.6      48.9
      -1.2      22.5      -3.3      18.6
       -.6      16.9      -2.7      11.3
        .0      16.0      -2.5       9.7
 56105  -.337328  -.927651  -.160231
 164131.2  13771.5      -.1     43.3     71.4     28.9
      -.1     86.6     71.4     57.7 103984.3 106532.7
     -12.1      52.7     -10.3      42.6
      -1.4      23.7      -3.1      18.3
       -.2      16.9      -2.6      11.4
       -.6      15.5      -2.8       9.8
