OCR_prd2017clk:newR22@-300V,3.8T@20d,263K,rhe=1.10,rhh=0.7,0.00/0.00            
   370   1  3.80  28   3  29   2  300.00  263.00     .00  1.1270   700.0   28.33   -7.24  150.000  100.000  290.000  1500.0   14.17   -3.62    1.50    1.00     .85
 54281  -.105170   .946530  -.304993
  88477.8  13685.4     14.2     43.3     -2.1      4.1
     14.2     86.6     -2.2     31.5  52019.7  53791.0
       9.1      51.4      -8.0      70.9
        .0      23.5       -.7      16.8
       -.4      19.3        .1       5.4
       -.4      18.4        .1       4.2
 54282  -.113613   .937303  -.329476
  81992.6  13889.9     14.2     43.3     -2.3      4.1
     14.2     86.6     -2.5     31.7  47377.1  49024.7
       9.5      52.2      -5.2      66.6
        .2      23.9       -.6      16.2
       -.3      19.0        .1       5.6
       -.7      17.8        .2       4.3
 54283  -.123410   .925573  -.357888
  75471.9  13893.3     14.2     43.3     -2.4      4.6
     14.2     86.6     -2.3     31.8  43628.4  44727.1
       9.7      53.2      -7.1      67.2
       -.1      23.7       -.1      13.5
       -.2      18.6        .0       5.8
       -.4      18.1        .1       4.4
 54284  -.134874   .910397  -.391134
  69074.9  14133.7     14.2     43.3     -2.6      4.9
     14.2     86.6     -2.3     31.9  38982.4  40181.3
       9.7      53.6      -7.6      63.8
       -.2      22.8       -.3      13.5
       -.4      18.3        .1       5.6
       -.3      17.0        .0       4.6
 54285  -.148397   .890380  -.430350
  62755.8  14396.6     14.2     43.3     -2.6      5.0
     14.2     86.6     -2.6     32.1  34716.4  36095.9
       7.5      53.2      -7.8      61.6
       -.2      23.3       -.3      13.7
       -.4      18.0        .1       6.0
       -.6      17.4        .2       4.8
 54286  -.164460   .863416  -.476934
  56544.8  14940.1     14.2     43.3     -2.7      5.4
     14.2     86.6     -2.7     32.3  30701.5  31774.0
       8.5      55.4      -6.8      55.6
       -.2      22.7       -.2      11.8
       -.5      17.8        .0       5.9
       -.1      16.9        .1       5.0
 54287  -.183618   .826279  -.532491
  50707.9  15574.4     14.2     43.3     -2.7      5.5
     14.2     86.6     -2.6     32.7  27694.1  28522.8
       6.9      54.5      -6.0      53.5
       -.2      22.4       -.1      10.9
       -.3      16.7        .1       6.1
       -.5      15.9        .2       5.2
 54288  -.206405   .774019  -.598575
  45368.4  16785.4     14.2     43.3     -2.8      5.9
     13.8      8.1     -2.8     33.0  23532.1  24508.5
       9.3      56.9      -6.3      52.6
       -.2      23.0        .0      10.5
       -.5      17.3        .1       6.3
       -.1      16.0        .0       5.4
 54289  -.233063   .699189  -.675882
  40216.8  18585.1     14.2     43.3     -2.9      6.3
     13.7     16.9     -2.8     33.3  21045.2  21656.7
       7.6      58.6      -4.3      50.3
        .2      27.4       -.2      10.3
       -.2      18.1        .0       6.6
       -.3      14.9        .0       5.6
 54290  -.262862   .591440  -.762300
  35766.1  22458.9     13.9      9.3     -3.0      6.6
     13.6     36.5     -3.0     33.9  18262.1  18921.6
       5.4      55.0      -4.5      48.3
       -.6      22.8        .1      10.5
       -.3      14.8        .1       6.7
       -.3      11.9        .0       5.8
 54291  -.292854   .439281  -.849276
  31979.4  25221.8     13.7     15.9     -3.2      6.8
     13.5     56.0     -3.0     34.0  16036.5  16578.4
       4.0      47.4      -4.6      40.0
       -.3      13.1       -.1      10.3
       -.3       8.9        .1       7.0
       -.5       7.3        .1       6.2
 54292  -.316664   .237498  -.918324
  29833.0  23152.0     13.1     32.6     -3.2      6.3
     13.1     74.8     -2.9     34.1  14586.1  15171.4
       3.7      56.7      -2.8      40.7
        .0       7.1       -.4      10.3
       -.1       5.0        .0       7.1
       -.3       5.0        .1       6.1
 54293  -.325991   .000000  -.945373
  28964.7  22255.6     13.9     36.0     -3.1      6.6
     14.1     78.4     -3.2     34.3  14499.3  14904.5
      -3.5      60.2      -3.7      39.0
       -.8       7.2       -.2      10.2
       -.6       5.0        .0       7.1
       -.7       5.0        .0       5.9
 54294  -.323582  -.121343  -.938387
  28952.7  22212.3     14.0     27.8     -3.0      6.6
     14.0     69.5     -3.0     34.3  14037.4  14703.2
      -2.9      51.7      -2.6      37.7
       -.5       7.8        .0      10.2
       -.5       5.2        .2       6.9
       -.7       5.0        .0       5.9
 54295  -.316664  -.237498  -.918324
  29552.2  22294.6     13.6     19.7     -3.1      6.5
     13.7     60.3     -3.1     34.3  14381.3  15032.0
      -5.5      46.3      -1.0      38.0
      -1.0      11.6       -.2      10.6
       -.6       7.7        .1       7.0
       -.5       6.5        .0       6.0
 54296  -.306058  -.344315  -.887567
  30471.2  22188.4     13.6     12.4     -3.1      6.4
     13.7     50.7     -3.1     34.2  14958.7  15660.2
      -4.8      47.9      -2.0      39.8
      -1.0      15.6       -.2      10.3
       -.5      10.3        .2       6.8
       -.4       8.6        .1       5.9
 54297  -.292854  -.439281  -.849276
  31974.5  21048.8     13.5      9.9     -3.0      6.3
     13.7     41.1     -3.0     33.9  15772.8  16264.6
      -7.1      52.0      -2.5      42.3
       -.7      20.2        .0      10.5
       -.3      13.3        .1       6.8
       -.5      10.8        .1       5.9
 54298  -.278147  -.521525  -.806626
  33561.0  19507.1     14.2     43.3     -3.0      6.2
     14.0     31.6     -3.0     33.8  16976.2  17354.3
      -6.8      54.4      -1.2      42.7
      -1.1      25.7       -.1      10.2
       -.6      16.9        .1       6.6
       -.5      13.7        .2       5.8
 54299  -.262862  -.591440  -.762300
  35381.1  18355.2     14.2     43.3     -3.1     11.1
     13.4     21.7     -2.9     33.6  17924.5  18482.0
      -5.7      58.0      -1.3      43.9
       -.8      27.8       -.1      10.1
      -1.0      18.5        .0       6.5
       -.6      15.4        .0       5.7
 54300  -.233063  -.699189  -.675882
  39849.9  15969.8     14.2     43.3     -3.0      5.4
     13.9      7.6     -3.0     33.3  20661.6  21536.1
      -8.5      51.2      -1.5      47.1
       -.7      24.9       -.1      10.0
       -.9      17.9        .1       6.4
       -.7      16.6        .1       5.4
 54301  -.206405  -.774019  -.598575
  45106.0  14874.9     14.2     43.3     -2.9      5.0
     14.2     86.6     -3.0     32.9  24034.8  24923.2
      -8.8      52.9       1.5      52.4
      -1.0      23.5        .1      10.4
       -.7      18.4        .0       6.2
       -.6      18.0        .2       5.1
 54302  -.183618  -.826279  -.532491
  50772.5  14084.9     14.2     43.3     -2.9      4.7
     14.2     86.6     -2.9     32.7  27232.6  28252.0
      -7.4      50.1       1.6      55.8
      -1.0      22.4        .1      11.0
       -.6      17.6        .1       5.8
      -1.0      16.2        .1       4.8
 54303  -.164460  -.863416  -.476934
  56463.9  13685.1     14.2     43.3     -2.7      4.3
     14.2     86.6     -2.7     32.4  31321.9  32032.5
      -8.0      52.5       1.5      59.6
       -.7      24.1        .1      11.6
       -.7      19.5        .2       6.0
       -.7      19.5        .1       4.7
 54304  -.148397  -.890380  -.430350
  62458.7  13394.0     14.2     43.3     -2.8      4.1
     14.2     86.6     -2.6     32.1  35317.0  36601.0
     -10.4      52.7       3.5      63.8
      -1.3      23.1        .1      11.5
       -.9      18.1        .1       5.6
       -.7      16.6        .1       4.3
 54305  -.134874  -.910397  -.391134
  68653.2  13188.7     14.2     43.3     -2.4     12.4
     14.2     86.6     -2.6     31.8  38940.5  39821.3
     -10.5      53.3       5.3      63.6
      -1.4      24.7        .1      14.3
       -.8      20.1        .1       5.4
       -.8      19.7        .1       4.2
 54306  -.123410  -.925573  -.357888
  74999.5  13124.7     14.2     43.3     -2.6      3.5
     14.2     86.6     -2.4     31.7  43561.6  44922.5
      -9.7      50.8       1.6      73.1
      -1.2      23.4       -.1      14.5
       -.8      18.5        .2       5.1
       -.7      17.2        .1       4.0
 54307  -.113613  -.937303  -.329476
  81690.6  13097.8     14.2     43.3     -2.8      3.4
     14.2     86.6     -2.6     31.7  47749.4  49209.7
     -10.9      53.3       5.5      72.8
      -1.3      25.0        .3      14.6
      -1.1      20.6        .1       5.2
       -.6      20.3        .2       4.0
 54308  -.105170  -.946530  -.304993
  88246.9  12983.9     14.2     43.3     -2.5      3.2
     14.2     86.6     -2.6     31.4  51911.4  53096.1
     -10.3      52.2       4.1      75.9
      -1.6      23.6        .5      18.2
       -.6      19.0        .2       5.1
       -.5      17.4        .2       4.0
 54309   .863216  -.064741  -.500666
  53536.1   9405.7     13.6     25.7     -3.6     28.9
     13.8     68.0     -3.6     57.7  30025.3  30652.5
       4.9      62.4       7.6      40.1
       -.7      11.6       1.4      21.1
       -.5       5.0        .6      16.0
       -.6       5.0        .4      14.4
 54310   .838516  -.069876  -.540377
  49671.9   9708.2     13.9     26.1     -3.6     28.9
     13.9     68.3     -3.6     57.7  27232.3  28043.6
       4.2      61.0       5.9      39.9
       -.6      11.0        .5      20.8
       -.6       5.0        .3      15.0
       -.5       5.0        .5      13.3
 54311   .807288  -.075683  -.585284
  45948.6   9989.4     13.9     26.3     -3.6     28.9
     13.9     68.4     -3.6     57.7  24814.8  25540.9
       2.9      64.9       5.1      41.2
       -.6       9.7        .9      20.5
       -.6       5.0        .1      15.4
       -.6       5.0        .4      13.7
 54312   .767414  -.082223  -.635858
  42330.1  10477.6     13.6     26.4     -3.6     28.9
     13.7     68.6     -3.6     57.7  22403.9  23428.6
       3.0      65.1       7.2      40.1
       -.8       9.0        .4      20.2
       -.6       5.0        .4      14.3
       -.6       5.0        .5      12.5
 54313   .716102  -.089513  -.692232
  38734.5  11156.4     13.4     27.0     -3.6     28.9
     13.5     68.9     -3.6     57.7  20238.8  20897.6
       3.2      57.7       5.6      41.8
       -.6       8.7        .5      19.3
       -.6       5.0        .4      14.0
       -.5       5.0        .4      12.7
 54314   .649830  -.097475  -.753803
  35806.9  12219.9     13.6     27.0     -3.6     28.9
     13.7     69.1     -3.6     57.7  18297.6  18876.6
       1.4      56.9       5.9      43.1
       -.8       8.9        .7      19.3
       -.4       5.0        .1      13.1
       -.6       5.0        .3      11.5
 54315   .564543  -.105852  -.818588
  33194.0  13905.2     13.9     27.4     -3.6     28.9
     14.0     69.3     -3.2      7.5  16374.1  16999.6
       1.3      54.1       4.4      41.4
       -.8       8.8        .4      17.3
       -.5       5.0        .4      12.2
       -.4       5.0        .3      10.8
 54316   .456422  -.114106  -.882416
  30746.8  16888.0     13.3     27.7     -3.6     28.9
     13.5     69.3     -3.4     18.6  15263.6  15711.5
       -.3      54.8       3.6      38.7
       -.5       8.1        .0      16.6
       -.5       5.0        .1      11.5
       -.6       5.0        .4       9.7
 54317   .323582  -.121343  -.938387
  29057.0  21522.9     13.7     27.9     -3.3      5.1
     13.8     69.5     -3.3     31.2  14189.7  14757.0
       1.1      54.8       4.1      40.3
       -.9       8.5        .6      12.0
       -.4       5.2        .2       8.1
       -.6       5.0        .3       7.0
 54318   .168544  -.126408  -.977555
  27919.3  23076.0     13.4     28.0     -3.4     15.0
     13.5     69.6     -3.4     43.4  13326.6  13858.8
      -2.7      53.9       4.8      45.9
       -.9       8.2        .4       7.0
       -.5       5.2        .2       4.8
       -.6       5.0        .3       4.4
 54319   .000000  -.128243  -.991743
  27687.6  22815.3     13.6     28.1     -3.7     25.7
     13.6     69.6     -3.6     54.4  13467.4  13953.9
      -2.4      53.6       2.1      62.3
      -1.2       8.2        .4      10.8
       -.4       5.3        .1       3.0
       -.4       5.0        .0       3.0
 54320  -.085184  -.127776  -.988138
  27823.8  22967.9     13.8     28.0     -2.6     23.6
     13.8     69.6     -2.7     52.2  13535.6  14036.3
      -2.8      51.3       -.9      62.9
      -1.1       8.1        .0       7.6
       -.6       5.3        .3       3.0
       -.6       5.0        .1       3.0
 54321  -.168544  -.126408  -.977555
  28158.8  23177.6     13.7     27.7     -2.9     18.0
     13.8     69.6     -2.9     46.6  13553.5  14116.1
      -2.9      49.9      -1.4      51.7
       -.8       8.0       -.3       7.5
       -.6       5.4        .0       3.8
       -.6       5.0        .0       3.4
 54322  -.248443  -.124222  -.960648
  28575.9  23109.0     13.9     28.0     -3.1     12.1
     14.0     69.7     -3.0     40.6  13730.5  14229.5
       -.3      52.6      -2.0      45.8
       -.5       8.4        .0       8.2
       -.7       5.3        .0       5.4
       -.6       5.0        .0       4.6
 54323  -.323582  -.121343  -.938387
  29204.0  22184.6     13.5     27.8     -3.2      6.6
     13.7     69.5     -3.1     34.2  14153.3  14783.3
      -5.3      48.6      -2.9      41.5
       -.5       8.1       -.1      10.4
       -.6       5.4        .2       6.9
       -.6       5.0        .0       6.0
 54324  -.393068  -.117920  -.911917
  29950.4  19967.5     13.7     27.9     -3.3      5.0
     13.8     69.4     -3.1     28.1  14632.7  15163.7
      -4.6      51.7      -2.5      40.1
       -.9       8.2       -.3      13.0
       -.5       5.2        .1       8.8
       -.5       5.0        .1       7.2
 54325  -.456422  -.114106  -.882416
  30950.0  17668.9     13.4     27.8     -3.6     28.9
     13.5     69.5     -3.0     21.8  15409.6  16016.5
      -6.1      54.1      -3.3      41.0
       -.9       8.0       -.3      15.7
       -.8       5.2       -.3      10.6
       -.5       5.0       -.1       8.6
 54326  -.513527  -.110042  -.850988
  31830.1  15672.0     13.9     27.5     -3.6     28.9
     13.9     69.3     -3.4     15.6  15986.5  16442.7
      -4.7      54.6      -4.1      42.7
      -1.0       8.5       -.1      17.2
       -.6       5.0        .0      11.5
       -.5       5.0        .1       9.8
 54327  -.564543  -.105852  -.818588
  33139.1  14287.8     13.7     27.4     -3.6     28.9
     13.8     69.3     -3.1      9.7  16316.1  16960.7
      -5.7      56.4      -5.4      41.3
       -.6       8.6       -.1      17.7
       -.6       5.1        .1      12.0
       -.6       5.0       -.1      10.2
 54328  -.649830  -.097475  -.753803
  35783.0  12425.4     13.7     26.9     -3.6     28.9
     13.8     69.0     -3.5      6.3  18342.5  18998.4
      -4.5      56.0      -4.4      38.4
       -.7       8.4       -.5      17.8
       -.7       5.0        .2      12.2
       -.6       5.0        .2      10.4
 54329  -.716102  -.089513  -.692232
  38807.2  11364.9     13.7     26.9     -3.6     28.9
     13.8     68.7     -3.6     57.7  20475.6  21195.0
      -7.9      55.7      -6.6      42.3
      -1.0       8.8       -.1      19.7
       -.6       5.0        .3      13.7
       -.6       5.0        .1      12.1
 54330  -.767414  -.082223  -.635858
  42136.6  10658.3     13.7     26.7     -3.6     28.9
     13.9     68.5     -3.6     57.7  22709.7  23516.1
      -7.6      57.7      -5.3      40.7
       -.7       9.5        .1      18.6
       -.6       5.0        .1      13.6
       -.7       5.0        .2      11.6
 54331  -.807288  -.075683  -.585284
  45829.5  10140.9     13.8     26.4     -3.6     28.9
     13.9     68.5     -3.6     57.7  24556.4  25699.2
      -8.8      63.8      -8.0      43.8
       -.9       9.1       -.1      21.0
       -.6       5.0        .2      15.0
       -.6       5.0        .2      12.8
 54332  -.838516  -.069876  -.540377
  49554.6   9802.8     13.7     26.1     -3.6     28.9
     14.0     68.3     -3.6     57.7  27157.1  28024.9
      -4.0      67.0      -5.3      38.9
      -1.0      10.2        .0      19.4
       -.5       5.0        .1      14.0
       -.6       5.0        .1      12.4
 54333  -.863216  -.064741  -.500666
  53559.3   9597.3     14.0     25.9     -3.6     28.9
     14.0     68.0     -3.6     57.7  29704.1  30743.8
      -6.6      65.0      -6.1      40.1
       -.7      10.8       -.1      21.6
       -.5       5.0        .4      15.5
       -.6       5.0        .4      13.7
 54334  -.882965  -.060202  -.465563
  57543.5   9426.6     13.9     25.7     -3.6     28.9
     14.0     68.0     -3.6     57.7  32331.0  33193.7
      -9.5      67.8      -5.7      38.9
       -.9      12.1       -.2      19.2
       -.6       5.0        .1      14.9
       -.7       5.0        .1      12.9
 54335  -.898927  -.056183  -.434481
  61665.2   9244.2     13.9     25.6     -3.6     28.9
     14.1     67.7     -3.6     57.7  35564.7  36425.8
      -6.3      68.3      -5.4      38.6
       -.9      12.5       -.1      21.7
       -.6       5.0        .3      16.4
       -.7       5.0        .0      13.9
 54336  -.911966  -.052613  -.406877
  65845.4   9164.6     14.1     25.4     -3.6     28.9
     14.1     67.4     -3.6     57.7  37987.6  39032.6
      -7.7      68.3      -7.1      37.2
      -1.1      13.0        .3      19.9
       -.4       5.0        .4      15.3
       -.6       5.0        .2      13.5
 54337  -.922727  -.049432  -.382272
  70037.0   9063.7     14.0     25.0     -3.6     28.9
     14.1     67.2     -3.6     57.7  40281.3  41613.9
      -6.9      72.7      -6.3      37.7
      -1.3      14.4       -.5      21.6
       -.6       5.0        .1      16.4
       -.6       5.0        .4      14.4
 54338   .806111  -.362750  -.467544
  57265.3  10399.9     14.2     43.3     -3.6     28.9
     13.7     18.8     -3.6     57.7  32049.1  32998.1
      -1.5      60.0       5.7      38.9
       -.7      25.5        .7      21.0
       -.7      16.6        .6      16.0
       -.2      13.5        .4      14.7
 54339   .774912  -.387456  -.499388
  53707.5  10772.7     14.2     43.3     -3.6     28.9
     13.7     19.0     -3.6     57.7  29430.6  30484.9
      -1.0      61.9       7.8      40.1
       -.9      26.1        .8      20.4
       -.2      16.7        .4      15.2
       -.6      13.9        .4      13.8
 54340   .736803  -.414452  -.534182
  50246.5  11378.0     14.2     43.3     -3.6     28.9
     13.7     19.4     -3.6     57.7  27317.7  28267.3
      -3.9      58.4       5.7      40.9
       -.2      26.4        .3      20.1
       -.8      17.1        .7      15.1
       -.6      14.2        .3      13.9
 54341   .690099  -.443635  -.571796
  46933.5  12033.8     14.2     43.3     -3.6     28.9
     13.5     19.9     -3.6     57.7  24842.3  25914.6
      -5.2      59.0       6.9      40.6
       -.2      26.3        .4      19.8
       -.5      17.2        .4      14.4
       -.4      14.3        .4      12.8
 54342   .632842  -.474632  -.611748
  43865.0  13072.5     14.2     43.3     -3.6     28.9
     14.0     20.4     -3.6     57.7  22778.5  23953.4
      -1.8      57.6       4.8      40.4
       -.6      27.0        .4      19.0
      -1.0      17.8        .6      13.7
       -.2      14.7        .2      12.5
 54343   .562936  -.506642  -.653006
  41116.0  14570.7     14.2     43.3     -3.6     28.9
     13.7     20.8     -3.6     57.7  21650.3  22203.0
      -4.8      57.2       6.6      43.9
       -.8      27.6        .6      19.2
       -.7      17.9        .5      12.9
       -.7      14.8        .3      11.4
 54344   .478468  -.538276  -.693778
  38751.9  16549.0     14.2     43.3     -3.6     28.9
     13.6     21.3     -3.3      7.1  20188.0  20883.1
      -6.2      58.8       7.3      41.3
      -1.0      28.3        .5      17.0
       -.3      18.2        .4      11.4
       -.3      14.7        .1      10.0
 54345   .378295  -.567442  -.731370
  36956.2  17292.0     14.2     43.3     -3.6     28.9
     13.7     21.5     -3.4     17.8  18770.1  19458.5
      -5.5      57.2       6.3      46.3
      -1.2      27.8        .5      16.3
       -.4      18.3        .2      10.7
       -.3      15.5        .1       9.3
 54346   .262862  -.591440  -.762300
  35421.9  17242.6     14.2     43.3     -3.2      5.7
     13.9     21.9     -3.2     30.4  17878.8  18519.9
      -5.3      59.6       6.2      42.6
       -.4      28.0        .2      11.8
       -.8      18.9        .4       7.8
       -.6      15.7        .3       6.7
 54347   .134975  -.607388  -.782855
  34720.3  17033.6     14.2     43.3     -3.9     14.8
     13.5     21.9     -3.7     42.9  17169.5  17871.2
      -5.9      58.2       5.4      52.0
      -1.2      28.6        .4       7.8
       -.4      19.0        .2       4.6
       -.3      15.4        .2       4.0
 54348   .000000  -.612997  -.790085
  34528.8  17166.0     14.2     43.3     -4.2     25.1
     13.6     22.1     -4.2     53.7  17083.9  17759.4
      -4.4      57.7       2.3      71.9
       -.9      28.4        .0      12.5
      -1.0      19.1       -.2       3.0
       -.7      15.6        .0       3.0
 54349  -.067953  -.611580  -.788259
  34386.7  17259.6     14.2     43.3     -2.7     22.9
     13.7     22.0     -2.7     51.6  17276.9  17776.5
      -5.0      59.0       3.5      67.3
      -1.5      28.3        .4       9.7
       -.3      18.9        .4       3.0
       -.6      15.5        .2       3.0
 54350  -.134975  -.607388  -.782855
  34693.7  17606.4     14.2     43.3     -2.9     17.4
     13.5     22.0     -2.8     46.0  17339.0  18027.6
      -6.7      57.6       3.3      54.7
      -1.0      28.0       -.1       7.5
       -.9      19.0        .1       3.2
       -.3      15.7        .2       3.0
 54351  -.200196  -.600588  -.774091
  34888.4  17862.0     14.2     43.3     -2.7     11.5
     13.9     21.8     -2.8     39.8  17350.8  18163.2
      -9.6      58.4       1.0      47.0
       -.5      28.0        .0       8.1
       -.7      18.7        .1       4.9
       -.4      15.5        .2       4.3
 54352  -.262862  -.591440  -.762300
  35380.1  18205.0     14.2     43.3     -3.0      5.9
     13.8     22.0     -3.1     33.6  18007.6  18748.6
      -6.7      61.3       -.2      44.1
      -1.4      27.8       -.2       9.8
       -.4      18.6        .1       6.6
       -.4      15.5        .2       5.7
 54353  -.322373  -.580271  -.747905
  36214.9  18195.6     14.2     43.3     -7.2     45.5
     13.4     21.8     -3.1     27.2  18151.4  18863.9
      -8.3      57.1      -2.9      43.6
       -.8      27.7       -.1      12.7
       -.6      18.3        .0       8.3
       -.8      15.5        .0       7.1
 54354  -.378295  -.567442  -.731370
  37003.2  17344.1     14.2     43.3     -3.6     28.9
     13.4     21.6     -3.0     20.9  19020.4  19707.7
      -6.4      58.3       -.9      40.5
       -.9      28.1       -.1      15.0
       -.8      18.8        .0      10.2
       -.7      15.4        .0       8.6
 54355  -.430364  -.553325  -.713175
  37734.4  16161.3     14.2     43.3     -3.6     28.9
     13.6     21.5     -3.0     14.6  19091.6  19803.2
      -5.8      58.5      -1.0      43.1
      -1.0      27.4       -.2      16.1
       -.3      18.5        .1      11.0
       -.8      15.2       -.1       9.4
 54356  -.478468  -.538276  -.693778
  38731.1  15545.1     14.2     43.3     -3.6     28.9
     13.6     21.4     -3.2      8.8  19978.9  20819.7
      -7.7      59.6      -3.4      42.2
       -.7      27.2       -.2      16.5
       -.7      18.4        .0      11.6
       -.6      15.0        .0       9.9
 54357  -.562936  -.506642  -.653006
  41123.1  13762.8     14.2     43.3     -3.6     28.9
     13.5     20.7     -3.6     57.7  21564.4  22411.9
      -8.6      59.0      -2.9      42.8
      -1.2      27.6       -.3      17.9
       -.6      17.7        .1      11.9
       -.5      14.8        .2      10.3
 54358  -.632842  -.474632  -.611748
  43947.9  12535.9     14.2     43.3     -3.6     28.9
     13.4     20.3     -3.6     57.7  23276.4  24086.6
      -8.6      59.5      -4.0      41.6
      -1.1      27.1        .1      19.5
       -.9      17.6       -.1      13.4
       -.5      14.6        .1      11.8
 54359  -.690099  -.443635  -.571796
  46829.8  11506.3     14.2     43.3     -3.6     28.9
     13.6     20.1     -3.6     57.7  25055.3  25974.0
      -4.9      55.5      -3.5      42.8
      -1.2      26.3        .0      18.5
       -.7      17.6        .2      13.5
       -.6      14.3        .1      11.7
 54360  -.736803  -.414452  -.534182
  50198.6  10831.8     14.2     43.3     -3.6     28.9
     13.7     19.6     -3.6     57.7  27392.4  28148.9
      -6.4      58.5      -4.0      41.6
       -.9      26.5        .0      20.3
       -.8      17.0        .2      14.5
       -.5      14.0        .2      13.1
 54361  -.774912  -.387456  -.499388
  53616.9  10374.4     14.2     43.3     -3.6     28.9
     13.7     19.2     -3.6     57.7  29689.8  30650.1
      -9.4      59.9      -5.6      41.6
       -.5      25.6        .3      19.4
       -.6      16.7        .2      14.1
       -.5      13.9        .2      12.5
 54362  -.806111  -.362750  -.467544
  57166.0  10055.4     14.2     43.3     -3.6     28.9
     13.5     18.8     -3.6     57.7  31792.6  32787.9
      -8.8      60.6      -6.1      41.1
       -.7      25.6        .1      21.0
       -.5      16.4        .1      15.6
       -.4      13.6        .3      13.7
 54363  -.831783  -.340275  -.438577
  60899.9   9778.3     14.2     43.3     -3.6     28.9
     13.7     18.4     -3.6     57.7  33971.4  35123.4
      -9.0      58.3      -4.8      37.4
       -.6      25.5        .4      19.8
       -.7      16.3        .3      15.0
       -.7      13.6        .1      13.4
 54364  -.853040  -.319890  -.412303
  64709.9   9583.1     14.2     43.3     -3.6     28.9
     13.6     18.0     -3.6     57.7  37113.2  38274.6
      -9.5      62.1      -6.4      39.7
       -.9      25.1       -.3      21.0
       -.5      16.3        .3      15.8
       -.7      13.4        .3      14.4
 54365  -.870759  -.301417  -.388493
  68696.5   9410.9     14.2     43.3     -3.6     28.9
     13.4     17.9     -3.6     57.7  39404.3  40710.9
      -5.0      59.2      -5.4      38.4
       -.5      24.7        .4      19.0
       -.4      16.0        .5      15.1
       -.7      13.3        .1      13.6
 54366  -.885633  -.284668  -.366905
  72829.6   9308.7     14.2     43.3     -3.6     28.9
     13.7     17.7     -3.6     57.7  42285.8  43549.4
      -8.9      62.9      -6.3      39.4
       -.7      24.3       -.1      21.4
       -.4      15.8        .7      16.5
       -.5      13.3        .5      14.8
 54367   .467453  -.841416  -.271123
  99205.3  13872.7     14.2     43.3     -3.6     28.9
     14.2     86.6     -3.6     57.7  58809.9  60599.5
      -8.8      54.6      11.5      47.4
      -1.3      22.8       1.0      18.2
       -.9      17.6        .7      11.9
       -.8      16.4        .5      10.7
 54368   .429723  -.859446  -.276932
  97156.7  13706.0     14.2     43.3     -3.6     28.9
     14.2     86.6     -3.6     57.7  57940.6  59457.4
      -9.8      52.0       9.1      47.5
      -1.0      23.2        .8      19.0
       -.2      17.8        .1      12.2
       -.9      16.6        .4      10.6
 54369   .389600  -.876600  -.282460
  94841.8  13425.8     14.2     43.3     -3.6     28.9
     14.2     86.6     -3.6     57.7  55821.2  57813.5
     -10.6      50.7      10.8      48.9
      -1.1      22.6       1.1      17.3
       -.5      18.1        .5      11.0
      -1.1      16.7        .6       9.4
 54370   .347131  -.892622  -.287623
  93241.8  13253.1     14.2     43.3     -3.6     28.9
     14.2     86.6     -3.6     57.7  54640.4  56737.7
      -9.3      50.5      11.1      54.6
      -1.5      23.2       1.1      18.5
       -.7      18.2        .4      11.2
       -.7      16.8        .4       9.3
 54371   .302414  -.907242  -.292333
  91914.4  13086.1     14.2     43.3     -3.6     28.9
     14.2     86.6     -3.6     57.7  54423.3  56230.2
      -9.3      51.2      11.5      59.4
      -1.3      23.3        .9      16.7
       -.9      18.2        .5       9.8
       -.8      17.2        .3       8.4
 54372   .255608  -.920190  -.296506
  90507.9  13106.4     14.2     43.3     -3.6     28.9
     14.2     86.6     -3.6     57.7  52908.3  54594.2
     -11.0      54.5      11.7      58.5
      -1.0      23.4        .8      17.7
       -.7      18.4        .4       9.9
       -.7      17.1        .4       7.9
 54373   .206935  -.931206  -.300055
  89481.4  12860.3     14.2     43.3     -3.6     28.9
     14.2     86.6     -2.9      4.1  52892.5  54130.6
     -11.9      52.2       7.4      60.9
      -1.5      23.2       1.0      16.6
       -.7      18.7        .4       8.2
       -.7      17.1        .3       6.8
 54374   .156676  -.940054  -.302906
  88914.8  12891.3     14.2     43.3     -3.6     28.9
     14.2     86.6     -3.5     14.5  52469.4  54145.2
      -9.8      53.5      12.7      66.4
      -1.4      23.8       1.1      18.8
       -.9      18.6        .3       8.3
       -.8      17.3        .2       6.5
 54375   .105170  -.946530  -.304993
  88151.0  12984.2     14.2     43.3     -4.0      2.6
     14.2     86.6     -3.7     27.7  51433.7  52728.9
     -10.2      50.6       7.6      71.1
      -1.1      23.2        .9      17.8
       -.7      18.5        .2       6.3
      -1.0      17.3        .2       4.8
 54376   .052804  -.950480  -.306266
  88002.3  12780.5     14.2     43.3     -4.3     12.6
     14.2     86.6     -4.1     40.8  51839.0  53243.1
     -10.2      52.0      10.0      82.8
      -1.1      23.3        .9      24.3
       -.8      18.6        .3       4.1
       -.5      17.4        .2       3.0
 54377   .000000  -.951808  -.306694
  87690.2  12779.8     14.2     43.3     -4.2     24.7
     14.2     86.6     -4.1     52.9  51177.2  52752.8
     -10.2      51.4       6.0     102.0
      -1.2      22.8       2.1      42.3
       -.6      19.0        .0       7.2
      -1.0      17.2       -.1       3.0
 54378  -.026430  -.951476  -.306587
  87534.7  12821.5     14.2     43.3     -2.4     21.9
     14.2     86.6     -2.4     50.4  51392.1  53314.1
     -11.3      51.0       5.5      95.1
      -1.2      23.3       2.1      35.2
       -.8      18.9        .5       6.2
       -.5      17.4        .4       3.0
 54379  -.052804  -.950480  -.306266
  87890.1  12872.6     14.2     43.3     -2.2     15.8
     14.2     86.6     -2.3     44.4  51924.6  53465.2
     -11.6      51.3      10.2      85.2
      -1.5      23.4        .6      25.7
       -.8      18.8        .2       4.8
       -.7      17.4        .2       3.0
 54380  -.079069  -.948828  -.305734
  88114.3  12963.8     14.2     43.3     -2.3      9.4
     14.2     86.6     -2.6     37.9  51864.6  53437.4
     -10.4      50.1       4.3      80.4
      -1.3      23.4        .5      20.1
       -.8      18.6        .1       4.7
       -.6      17.2        .2       3.0
 54381  -.105170  -.946530  -.304993
  88144.0  12989.8     14.2     43.3     -2.9     12.4
     14.2     86.6     -2.6     31.4  51715.8  53157.6
      -9.6      47.1       5.5      71.0
      -1.2      22.6        .7      18.0
       -.5      18.9        .2       5.1
      -1.2      17.5        .0       3.8
 54382  -.131055  -.943599  -.304049
  88473.2  13095.7     14.2     43.3     -3.6     28.9
     14.2     86.6     -2.5     24.5  52513.2  53805.4
     -12.6      51.1       6.1      72.8
      -1.0      23.1        .5      16.8
       -.9      18.5        .1       6.4
       -.6      17.4        .1       4.9
 54383  -.156676  -.940054  -.302906
  88776.4  13096.2     14.2     43.3     -3.6     28.9
     14.2     86.6     -2.7     18.1  52761.1  53791.2
     -11.8      50.6       4.7      67.6
      -1.4      23.3        .1      16.9
       -.5      18.7        .2       7.5
       -.7      17.5        .2       5.6
 54384  -.181983  -.935915  -.301572
  89103.4  13108.9     14.2     43.3     -3.6     28.9
     14.2     86.6     -2.6     11.4  52883.0  54304.8
     -11.5      53.1       2.6      65.1
      -1.2      23.3        .3      17.1
       -.7      19.0        .1       8.1
       -.7      17.5        .1       6.2
 54385  -.206935  -.931206  -.300055
  89625.2  13308.3     14.2     43.3     -3.6     28.9
     14.2     86.6     -2.7      5.0  52836.7  54255.9
     -14.6      54.4        .1      62.1
      -1.1      23.4        .2      15.7
       -.3      18.6        .2       8.0
       -.8      17.1        .2       6.3
 54386  -.255608  -.920190  -.296506
  90606.4  13519.7     14.2     43.3     -3.6     28.9
     14.2     86.6     -3.6     57.7  53705.0  55112.1
      -9.0      53.7       2.0      60.3
      -1.1      23.4        .1      17.1
       -.6      18.6        .2       9.2
       -.8      17.2        .1       7.4
 54387  -.302414  -.907242  -.292333
  92055.4  13854.4     14.2     43.3     -3.6     28.9
     14.2     86.6     -3.6     57.7  54624.1  55800.3
     -10.2      52.6        .9      59.1
      -1.2      23.0        .1      17.1
       -.9      18.4        .2       9.8
       -.8      17.2        .1       8.1
 54388  -.347131  -.892622  -.287623
  93655.8  14107.0     14.2     43.3     -3.6     28.9
     14.2     86.6     -3.6     57.7  55608.8  57183.2
     -10.9      49.7      -1.6      56.2
      -1.7      22.8       -.2      17.9
      -1.0      18.6        .2      10.7
       -.6      17.0        .3       8.9
 54389  -.389600  -.876600  -.282460
  95362.9  14205.8     14.2     43.3     -3.6     28.9
     14.2     86.6     -3.6     57.7  56861.5  58150.3
     -12.8      54.7      -2.1      54.1
      -1.5      23.4        .1      17.6
       -.6      18.1        .4      11.1
       -.7      16.9        .3       9.6
 54390  -.429723  -.859446  -.276932
  96973.6  14312.0     14.2     43.3     -3.6     28.9
     14.2     86.6     -3.6     57.7  58274.5  59995.6
     -10.0      50.0      -1.1      51.1
      -1.0      22.6        .0      18.1
       -.8      17.9        .2      11.8
       -.8      16.7        .4      10.0
 54391  -.467453  -.841416  -.271123
  99272.8  14254.3     14.2     43.3     -3.6     28.9
     14.2     86.6     -3.6     57.7  59602.2  61117.6
     -13.5      54.4      -4.7      50.6
      -1.5      22.7        .1      18.2
       -.4      17.7        .3      12.3
       -.7      16.5        .3      10.5
 54392  -.502792  -.822750  -.265108
 101317.5  14074.7     14.2     43.3     -3.6     28.9
     14.2     86.6     -3.6     57.7  61126.9  62295.1
     -11.9      52.7      -2.8      43.8
      -1.4      22.7       -.1      18.4
       -.4      17.7        .4      12.4
       -.8      16.3        .4      10.7
 54393  -.535778  -.803668  -.258960
 103894.5  13928.4     14.2     43.3     -3.6     28.9
     14.2     86.6     -3.6     57.7  62317.0  64064.8
     -10.0      51.3      -1.8      41.1
      -1.0      22.5        .0      19.1
       -.9      17.5        .3      13.3
       -.5      16.0        .3      11.5
 54394  -.566482  -.784360  -.252738
 106291.5  13558.0     14.2     43.3     -3.6     28.9
     14.2     86.6     -3.6     57.7  63193.5  65598.8
     -10.6      51.6      -1.1      41.4
      -1.5      22.2       -.1      18.6
      -1.0      17.2        .4      13.0
       -.4      16.1        .6      11.8
 54395  -.594996  -.764995  -.246498
 108947.4  13151.7     14.2     43.3     -3.6     28.9
     14.2     86.6     -3.6     57.7  65301.2  67683.9
      -9.6      51.2      -1.9      41.0
      -1.4      22.2       -.1      19.2
       -.6      17.2        .4      14.0
       -.6      15.7        .4      12.6
