OCR_prd2017clk:newR11@-150V,3.8T@20d,263K,rhe=1.10,rhh=0.7,0.00/0.00            
   250   1  3.80  28   3  29   3  150.00  263.00     .00  1.1300   700.0   22.28  -42.28  150.000  100.000  290.000  1500.0   11.14  -21.14    1.50    1.00     .85
 53551  -.105170   .946530  -.304993
  88501.8  13530.5     11.1     43.3    -17.5     11.7
     11.1     86.6    -17.8     40.2  52406.4  53545.5
      11.2      51.6      -5.4      81.1
       -.1      24.2        .1      23.3
       -.9      19.0       1.0       4.7
      -1.0      18.1       1.1       3.0
 53552  -.113613   .937303  -.329476
  81955.3  13637.2     11.1     43.3    -17.8     12.0
     11.1     86.6    -18.0     40.4  47844.4  48803.1
       8.6      54.4      -4.7      78.8
       -.6      23.8        .3      21.3
      -1.1      19.8       1.1       4.7
      -1.1      18.8       1.0       3.0
 53553  -.123410   .925573  -.357888
  75474.1  13914.7     11.1     43.3    -17.7     13.4
     11.1     86.6    -17.9     40.5  43396.0  44777.5
       9.1      50.7      -8.6      76.8
       -.2      23.6        .5      17.8
      -1.0      18.8       1.1       3.9
       -.9      17.8        .9       3.0
 53554  -.134874   .910397  -.391134
  68968.7  13939.6     11.1     43.3    -17.8     12.5
     11.1     86.6    -18.1     40.7  39498.0  40746.1
      10.9      54.8      -9.0      72.9
       -.5      23.4        .2      17.9
      -1.0      18.6       1.0       3.5
      -1.0      17.4        .9       3.0
 53555  -.148397   .890380  -.430350
  62693.6  14250.0     11.1     43.3    -17.9     12.7
     11.1     86.6    -18.0     40.8  35308.6  36432.3
       9.5      55.8      -1.7      70.5
       -.7      23.1        .5      13.0
       -.8      17.7        .9       3.8
      -1.0      16.9        .9       3.0
 53556  -.164460   .863416  -.476934
  56608.7  14686.8     11.1     43.3    -18.2     12.9
     11.1     86.6    -18.1     41.2  31041.1  32023.1
       7.4      53.3      -4.1      68.6
       -.9      23.1        .7      14.1
      -1.0      18.6        .9       3.9
      -1.4      17.6        .9       3.1
 53557  -.183618   .826279  -.532491
  50929.8  15415.3     11.1     43.3    -18.2     14.4
     11.1     86.6    -18.2     41.6  27743.9  28542.6
       8.8      56.0      -6.5      64.3
       -.6      22.7        .6      11.0
      -1.2      17.0        .8       4.1
       -.8      15.7        .8       3.4
 53558  -.206405   .774019  -.598575
  45446.5  16443.1     11.1     43.3    -18.2     13.7
     11.1     86.6    -18.4     41.8  23769.0  24494.6
       5.7      53.0      -6.3      58.6
       -.6      23.3        .9       9.5
      -1.1      17.5        .8       4.2
      -1.3      16.7        .8       3.6
 53559  -.233063   .699189  -.675882
  40186.3  18274.9     11.1     43.3    -18.6     14.0
     10.4     15.2    -18.6     42.2  20436.4  21374.3
       5.3      57.3      -5.0      54.8
       -.9      27.2        .7       8.7
       -.9      17.8        .8       4.5
      -1.2      14.7        .8       4.0
 53560  -.262862   .591440  -.762300
  35654.1  21760.6      9.1      9.2    -18.8     14.3
     10.3     34.8    -18.7     42.5  18060.8  18721.4
       4.5      56.9      -5.4      56.9
      -1.2      23.4        .6       8.5
      -1.2      15.5        .9       4.7
      -1.3      12.3        .7       4.3
 53561  -.292854   .439281  -.849276
  32110.0  25935.1      9.7     14.6    -18.8     14.5
     10.0     53.9    -18.9     42.8  16031.3  16500.9
       3.9      47.2      -5.9      48.9
       -.9      13.9        .8       7.5
      -1.2       9.3        .9       5.0
      -1.1       7.7        .7       4.6
 53562  -.316664   .237498  -.918324
  29882.8  24751.7      9.9     30.8    -19.1     14.4
      9.7     72.7    -19.0     42.9  14547.8  15092.8
       5.1      61.1      -4.8      50.3
       -.9       7.7        .9       7.6
      -1.0       5.0        .7       5.0
      -1.0       5.0        .6       4.7
 53563  -.325991   .000000  -.945373
  29179.9  24086.8     10.7     37.0    -19.0     14.5
     11.1     79.4    -19.0     43.0  14373.3  14920.8
      -3.2      63.3      -1.8      47.8
      -1.5       6.2        .7       7.2
      -1.4       5.0        .8       4.9
      -1.5       5.0        .6       4.4
 53564  -.323582  -.121343  -.938387
  29158.2  24194.0      9.9     29.3    -19.1     14.5
     10.3     71.1    -19.1     42.9  14161.0  14824.0
      -3.5      56.2      -3.6      42.9
      -1.7       7.8        .9       7.2
      -1.3       5.0        .8       4.9
      -1.5       5.0        .7       4.3
 53565  -.316664  -.237498  -.918324
  29634.3  24795.4     10.0     20.9    -18.9     14.4
     10.2     61.8    -18.9     42.9  14548.9  15097.5
      -5.3      45.3      -1.7      46.6
      -1.6      10.9       1.0       7.2
      -1.6       7.4        .8       4.7
      -1.6       6.3        .7       4.2
 53566  -.306058  -.344315  -.887567
  30690.1  24743.9      9.5     13.3    -18.8     14.2
     10.1     52.6    -18.8     42.8  15123.4  15935.7
      -6.4      49.3      -1.6      49.2
      -1.6      14.9        .8       7.0
      -1.5       9.8        .7       4.5
      -1.5       8.3        .7       4.0
 53567  -.292854  -.439281  -.849276
  32053.4  23352.6      9.7      9.1    -19.0     14.1
      9.9     42.8    -18.9     42.6  15892.1  16330.5
      -6.1      49.9      -3.2      50.9
      -2.0      19.3        .8       7.4
      -1.7      12.7        .9       4.4
      -1.6      10.4        .7       3.9
 53568  -.278147  -.521525  -.806626
  33485.9  20739.6     11.1     43.3    -18.7     13.8
      9.9     33.3    -18.8     42.5  17018.8  17558.0
      -7.3      54.8      -1.0      51.9
      -1.8      24.9        .8       7.1
      -1.7      16.4        .7       4.3
      -1.6      13.2        .6       3.8
 53569  -.262862  -.591440  -.762300
  35541.6  18762.5     11.1     43.3    -18.9     14.5
     10.4     23.7    -18.9     42.4  17849.8  18450.7
      -8.3      60.5       3.2      53.3
      -1.6      28.1        .8       7.5
      -1.8      18.5        .8       4.2
      -1.5      15.4        .8       3.7
 53570  -.233063  -.699189  -.675882
  39859.6  16133.5     11.1     43.3    -18.5     13.5
      9.9      7.2    -18.5     42.0  20421.3  21234.7
      -8.8      51.6        .6      52.6
      -1.9      25.7       1.0       8.4
      -1.3      18.1        .8       3.9
      -1.4      16.4        .9       3.4
 53571  -.206405  -.774019  -.598575
  45000.1  14911.5     11.1     43.3    -18.6     13.1
     11.1     86.6    -18.5     41.7  23701.7  24618.4
      -9.6      51.6       5.1      57.8
      -1.8      23.7        .9       9.6
      -1.8      18.3        .8       3.7
      -1.4      18.1        .9       3.1
 53572  -.183618  -.826279  -.532491
  50614.7  14160.2     11.1     43.3    -18.6     12.8
     11.1     86.6    -18.5     41.6  27817.8  28407.6
     -10.8      49.9        .7      61.9
      -1.6      22.4       1.1      10.7
      -1.3      16.7        .9       3.6
      -1.2      15.4        .9       3.1
 53573  -.164460  -.863416  -.476934
  56595.6  13811.0     11.1     43.3    -18.4     12.6
     11.1     86.6    -18.4     41.3  30675.5  31760.1
      -9.7      53.9       2.6      67.7
      -1.8      24.2       1.0      11.9
      -1.6      19.8        .9       3.6
       -.9      19.3        .9       3.0
 53574  -.148397  -.890380  -.430350
  62317.6  13444.8     11.1     43.3    -18.2     12.3
     11.1     86.6    -18.1     41.1  34567.4  35923.8
     -11.1      52.7       4.7      69.2
      -1.4      22.6       1.6      14.7
      -1.7      17.8       1.0       3.8
      -1.4      16.6       1.0       3.0
 53575  -.134874  -.910397  -.391134
  68673.4  13271.8     11.1     43.3    -18.1     13.2
     11.1     86.6    -18.2     40.9  38800.6  40076.3
     -11.4      53.4       3.7      74.2
      -1.4      24.4       1.5      16.6
      -1.1      19.9        .9       3.8
      -1.2      19.9       1.0       3.0
 53576  -.123410  -.925573  -.357888
  75074.0  13206.3     11.1     43.3    -18.2     12.1
     11.1     86.6    -18.2     40.6  43106.9  44292.2
     -12.1      51.2       5.1      80.3
      -1.2      23.0       1.5      18.7
      -1.0      18.5        .9       4.3
      -1.3      16.6       1.0       3.0
 53577  -.113613  -.937303  -.329476
  81549.0  13075.0     11.1     43.3    -17.9     11.9
     11.1     86.6    -17.9     40.4  47984.8  48900.2
     -13.2      53.7       2.5      78.9
      -1.5      24.5       2.1      20.9
      -1.5      20.9       1.0       4.2
       -.9      20.6       1.0       3.0
 53578  -.105170  -.946530  -.304993
  88415.1  13247.7     11.1     43.3    -17.9     11.8
     11.1     86.6    -18.0     40.2  51553.2  52980.9
     -12.7      54.7       6.8      86.9
      -1.7      23.3       1.1      24.6
      -1.4      18.4       1.1       4.4
      -1.6      17.4       1.0       3.0
 53579   .863216  -.064741  -.500666
  53503.1   8879.3     10.4     27.5    -21.1     28.9
     10.8     69.4    -21.1     57.7  29969.8  30690.3
       2.4      63.3       7.7      37.0
      -1.2      10.8       1.9      20.2
      -1.4       5.0       1.9      15.4
      -1.5       5.0       2.0      14.1
 53580   .838516  -.069876  -.540377
  49467.8   8977.1     10.2     27.7    -21.1     28.9
     10.5     69.8    -21.1     57.7  27381.1  28130.9
       2.8      63.2       6.9      37.8
      -1.4       9.8       1.9      21.9
      -1.4       5.0       2.0      16.1
      -1.4       5.0       1.9      14.9
 53581   .807288  -.075683  -.585284
  45534.8   9208.2     10.4     27.8    -21.1     28.9
     10.8     69.8    -21.1     57.7  24954.4  25759.5
       3.0      61.2       6.6      36.6
      -1.5       8.9       1.9      20.0
      -1.2       5.0       1.6      14.8
      -1.4       5.0       1.9      13.4
 53582   .767414  -.082223  -.635858
  41994.1   9584.4     10.2     28.3    -21.1     28.9
     10.5     69.9    -21.1     57.7  22669.7  23384.5
       1.0      57.9       6.3      39.0
      -1.3       8.2       2.1      21.3
      -1.4       5.0       1.4      15.5
      -1.4       5.0       1.5      14.1
 53583   .716102  -.089513  -.692232
  38609.2  10108.3     10.3     28.2    -21.1     28.9
     10.5     70.4    -21.1     57.7  20404.3  20979.2
       1.7      59.2       5.7      38.4
      -1.7       8.1       2.1      19.2
      -1.4       5.0       1.5      13.8
      -1.4       5.0       1.6      12.6
 53584   .649830  -.097475  -.753803
  35636.6  10833.7      9.9     28.6    -21.1     28.9
     10.4     70.6    -21.1     57.7  17984.3  18616.9
       1.8      55.1       6.2      41.8
      -1.3       8.4       1.5      20.3
      -1.4       5.0       1.4      14.4
      -1.5       5.0       1.3      13.2
 53585   .564543  -.105852  -.818588
  32798.6  11896.4     10.6     28.9    -21.1     28.9
     10.9     70.6    -20.8      7.9  16376.8  17025.4
       2.5      57.7       5.2      40.1
      -1.5       7.6       1.3      18.2
      -1.4       5.0       1.1      12.9
      -1.4       5.0       1.4      11.4
 53586   .456422  -.114106  -.882416
  30558.9  13765.9      9.9     29.1    -21.1     28.9
     10.3     70.8    -19.3     10.5  15063.8  15631.7
        .3      54.0       5.7      39.2
      -1.7       7.6       1.3      17.8
      -1.4       5.0       1.2      12.3
      -1.4       5.0       1.1      11.1
 53587   .323582  -.121343  -.938387
  28945.3  17281.2     10.0     29.3    -21.1     28.9
     10.2     71.1    -19.5     22.3  13842.1  14477.2
      -1.4      51.7       4.5      40.5
      -1.8       8.2       1.3      16.1
      -1.5       5.0        .8      10.7
      -1.5       5.0        .9       9.2
 53588   .168544  -.126408  -.977555
  27823.2  21997.6     10.2     29.4    -19.5      7.0
     10.5     71.2    -19.7     34.6  13436.9  14019.8
      -2.0      52.0       3.7      39.0
      -1.6       7.8       1.2      10.3
      -1.4       5.0       1.0       7.2
      -1.6       5.0        .9       6.6
 53589   .000000  -.128243  -.991743
  27596.2  22817.0     10.2     29.5    -20.1     17.8
     10.5     71.1    -20.1     46.4  13120.9  13630.2
      -2.3      49.9       -.2      49.7
      -1.6       7.5       1.1       6.7
      -1.7       5.0       1.1       4.3
      -1.4       5.0        .9       4.1
 53590  -.085184  -.127776  -.988138
  27850.7  22925.3     10.1     29.5    -20.8     23.2
     10.4     71.1    -20.8     51.7  13391.1  14033.3
      -2.9      57.0       -.9      61.2
      -1.6       7.5        .8       6.6
      -1.3       5.0        .7       3.5
      -1.4       5.0       1.1       3.4
 53591  -.168544  -.126408  -.977555
  28110.3  23223.2      9.9     29.3    -19.5     24.5
     10.4     71.0    -19.5     53.1  13320.2  14019.7
      -4.3      54.5      -2.6      59.4
      -1.5       7.3       1.5       7.8
      -1.4       5.0       1.3       3.4
      -1.5       5.0       1.0       3.2
 53592  -.248443  -.124222  -.960648
  28670.2  23608.6     10.4     29.2    -18.9     20.0
     10.6     71.1    -18.9     48.7  13965.5  14539.9
      -5.5      53.7      -1.1      52.8
      -1.6       8.0       1.0       5.7
      -1.7       5.1       1.0       3.4
      -1.5       5.0        .7       3.1
 53593  -.323582  -.121343  -.938387
  29168.1  24134.3     10.0     29.3    -18.9     14.4
     10.4     71.0    -18.9     42.9  14111.8  14826.3
      -4.6      56.1      -4.2      49.1
      -1.7       7.4        .7       7.1
      -1.4       5.0        .8       4.8
      -1.4       5.0        .6       4.3
 53594  -.393068  -.117920  -.911917
  30005.4  24082.7     10.5     29.2    -19.0      8.9
     10.7     71.0    -19.0     36.9  14733.6  15371.4
      -4.8      56.7      -2.8      43.4
      -1.8       7.7        .5       9.7
      -1.5       5.0        .7       6.1
      -1.5       5.0        .8       5.5
 53595  -.456422  -.114106  -.882416
  31057.6  22425.5     10.4     29.2    -19.9      4.7
     10.8     70.9    -19.2     30.5  15288.8  15845.8
      -4.5      57.0      -4.9      43.6
      -1.4       7.7        .6      11.6
      -1.5       5.0        .8       8.0
      -1.5       5.0        .6       6.7
 53596  -.513527  -.110042  -.850988
  32122.7  19575.1     10.6     29.0    -21.0      8.7
     10.9     70.8    -19.1     24.4  15888.5  16595.6
      -5.9      55.4      -4.0      41.0
      -1.9       8.1        .3      14.6
      -1.6       5.0        .5       9.8
      -1.4       5.0        .7       8.1
 53597  -.564543  -.105852  -.818588
  33274.0  17520.0     10.6     28.7    -21.1     28.9
     10.9     70.6    -19.4     18.2  16538.3  17178.6
      -6.5      58.1      -3.9      42.4
      -1.7       8.1        .2      16.4
      -1.5       5.0        .5      10.7
      -1.5       5.0        .5       9.1
 53598  -.649830  -.097475  -.753803
  36063.6  14652.8     10.5     28.3    -21.1     28.9
     10.9     70.4    -19.4      6.8  18575.6  19087.9
      -4.4      61.1      -5.0      42.1
      -1.5       8.2        .9      16.9
      -1.5       5.0        .9      11.4
      -1.5       5.0        .8       9.8
 53599  -.716102  -.089513  -.692232
  38929.5  12891.3     10.3     28.3    -21.1     28.9
     10.8     70.3    -21.1     57.7  20228.5  21028.7
      -6.7      60.4      -4.6      42.4
      -1.7       8.3        .4      19.0
      -1.5       5.0        .8      12.9
      -1.5       5.0       1.0      10.8
 53600  -.767414  -.082223  -.635858
  42304.1  11905.2     10.8     28.0    -21.1     28.9
     11.1     69.9    -21.1     57.7  22472.0  23035.8
      -9.1      62.4      -5.9      41.7
      -1.6       9.6        .8      18.8
      -1.5       5.0       1.2      13.2
      -1.5       5.0        .8      11.5
 53601  -.807288  -.075683  -.585284
  45911.4  11230.5     10.6     28.0    -21.1     28.9
     10.9     69.7    -21.1     57.7  24581.3  25581.6
      -3.3      61.0      -3.8      42.2
      -1.9      10.5        .7      19.8
      -1.5       5.0       1.1      14.3
      -1.5       5.0       1.0      11.7
 53602  -.838516  -.069876  -.540377
  49635.8  10758.3     10.6     27.5    -21.1     28.9
     10.9     69.5    -21.1     57.7  26814.2  27644.3
      -9.2      64.0      -5.3      42.6
      -1.5      10.4       1.4      19.9
      -1.4       5.0       1.2      14.2
      -1.5       5.0       1.0      12.6
 53603  -.863216  -.064741  -.500666
  53533.5  10351.9     10.8     27.2    -21.1     28.9
     10.9     69.3    -21.1     57.7  29651.5  30581.6
      -7.0      65.9      -5.3      42.0
      -1.8      11.4       1.0      20.3
      -1.3       5.0       1.4      14.5
      -1.4       5.0       1.6      12.6
 53604  -.882965  -.060202  -.465563
  57491.1  10060.9     10.5     27.0    -21.1     28.9
     11.0     69.1    -21.1     57.7  32212.8  33230.3
      -6.0      64.2      -4.5      40.1
      -1.7      12.3        .7      20.5
      -1.4       5.0       1.3      15.0
      -1.4       5.0       1.4      13.6
 53605  -.898927  -.056183  -.434481
  61628.0   9852.7     11.0     26.8    -21.1     28.9
     11.0     69.0    -21.1     57.7  35117.4  36072.6
     -10.4      64.9      -4.7      39.2
      -2.1      13.4       1.2      20.1
      -1.5       5.0       1.4      15.0
      -1.4       5.0       1.3      13.0
 53606  -.911966  -.052613  -.406877
  65570.0   9680.1     10.7     26.7    -21.1     28.9
     11.0     68.7    -21.1     57.7  37820.6  38694.5
      -7.6      67.5      -6.4      38.8
      -1.6      13.5        .9      20.7
      -1.3       5.0       1.6      15.5
      -1.4       5.0       1.4      14.0
 53607  -.922727  -.049432  -.382272
  69813.2   9610.5     10.9     26.5    -21.1     28.9
     11.2     68.7    -21.1     57.7  40001.1  41214.3
      -7.7      70.1      -3.9      36.3
      -1.8      14.7       1.2      20.6
      -1.3       5.0       1.4      15.3
      -1.3       5.0       1.1      13.5
 53608   .806111  -.362750  -.467544
  57345.0   9814.4     11.1     43.3    -21.1     28.9
     10.5     20.5    -21.1     57.7  31879.5  32771.7
       -.8      60.2       9.3      38.9
      -1.2      25.8       1.9      20.2
      -1.6      16.8       1.8      15.6
      -1.6      13.8       1.9      14.4
 53609   .774912  -.387456  -.499388
  53429.7  10113.7     11.1     43.3    -21.1     28.9
     10.4     20.9    -21.1     57.7  29223.3  30239.4
      -2.6      59.0       7.9      38.7
      -1.6      25.6       2.1      21.8
      -1.2      16.8        .9      16.4
      -1.6      14.0       1.8      15.0
 53610   .736803  -.414452  -.534182
  50039.7  10503.9     11.1     43.3    -21.1     28.9
     10.4     21.3    -21.1     57.7  27309.8  28273.0
      -4.4      61.1       8.5      39.7
      -1.6      26.6       1.8      19.7
      -1.6      17.3       1.7      15.2
      -1.6      14.1       1.5      14.1
 53611   .690099  -.443635  -.571796
  46646.7  11110.7     11.1     43.3    -21.1     28.9
     10.4     21.7    -21.1     57.7  25046.9  25896.6
      -3.9      59.0       8.0      40.3
      -2.0      26.2       1.7      20.8
      -1.1      17.0       1.3      15.6
      -1.5      14.1       1.6      14.3
 53612   .632842  -.474632  -.611748
  43665.8  11934.9     11.1     43.3    -21.1     28.9
     10.4     22.3    -21.1     57.7  23118.8  24088.1
      -4.2      58.6       8.0      41.3
      -2.4      26.9       2.1      19.1
      -1.5      17.2       1.4      13.9
      -1.4      14.5       1.4      12.7
 53613   .562936  -.506642  -.653006
  40953.2  12954.3     11.1     43.3    -21.1     28.9
     10.4     22.6    -21.1     57.7  21554.6  22182.9
      -4.3      59.0       6.1      42.7
      -2.0      27.2       1.9      19.6
      -1.8      18.0       1.4      13.8
      -1.4      15.1       1.3      13.1
 53614   .478468  -.538276  -.693778
  38692.8  14724.3     11.1     43.3    -21.1     28.9
     10.4     23.1    -22.6     10.3  20057.6  20748.0
      -5.5      58.8       5.4      41.2
      -1.9      27.1       1.6      17.6
      -1.4      18.1       1.1      12.4
      -1.6      15.0       1.2      11.1
 53615   .378295  -.567442  -.731370
  36649.3  16137.0     11.1     43.3    -21.1     28.9
     10.4     23.3    -19.6      9.6  18738.5  19222.3
      -4.4      59.1       5.7      42.2
      -1.9      27.7       1.6      17.0
      -1.1      18.4        .9      11.7
      -1.5      14.9       1.0      10.2
 53616   .262862  -.591440  -.762300
  35379.1  16958.4     11.1     43.3    -21.1     28.9
     10.3     23.6    -19.7     21.2  17434.7  18249.2
      -8.1      58.9       5.7      41.6
      -2.0      28.2       1.1      15.9
      -1.5      18.5       1.0      10.2
      -1.7      15.7        .9       9.0
 53617   .134975  -.607388  -.782855
  34537.9  17201.5     11.1     43.3    -19.9      7.2
     10.3     23.9    -19.6     33.8  17179.4  17747.1
      -7.7      58.0       6.3      43.2
      -1.2      28.6       1.1      10.7
      -1.4      18.5       1.0       6.7
      -1.5      15.3       1.2       6.0
 53618   .000000  -.612997  -.790085
  34237.5  17358.1     11.1     43.3    -20.3     17.4
     10.2     24.0    -20.3     45.8  16756.7  17635.0
      -7.0      57.4       5.0      52.4
      -1.9      27.9       1.2       6.8
      -1.7      18.6       1.1       3.7
      -1.7      15.4       1.1       3.3
 53619  -.067953  -.611580  -.788259
  34474.9  17546.0     11.1     43.3    -21.2     22.3
     10.2     23.8    -21.2     50.9  17382.6  18138.8
      -8.5      58.8       6.4      65.3
      -1.8      28.1        .6       8.6
      -1.9      18.5        .7       3.0
      -1.4      15.4        .9       3.0
 53620  -.134975  -.607388  -.782855
  34805.7  17939.0     11.1     43.3    -19.9     23.7
     10.2     23.7    -19.9     52.4  17545.9  18089.1
      -7.6      58.8        .4      70.8
      -2.4      28.1       1.1      13.0
      -1.6      18.8       1.4       3.2
      -1.7      15.5       1.2       3.0
 53621  -.200196  -.600588  -.774091
  34990.2  18161.0     11.1     43.3    -18.8     19.4
     10.4     23.6    -18.9     48.1  17793.1  18526.8
      -7.3      58.0        .0      62.9
      -2.0      28.1       1.3       7.7
      -1.8      18.3       1.0       3.0
      -1.8      15.5        .9       3.0
 53622  -.262862  -.591440  -.762300
  35525.8  18627.1     11.1     43.3    -18.9     13.8
     10.1     23.6    -18.8     42.4  17796.6  18597.1
      -8.7      58.5        .0      55.1
      -2.4      28.0        .8       7.7
      -1.8      18.5        .9       4.1
      -1.6      15.2        .8       3.6
 53623  -.322373  -.580271  -.747905
  36188.7  19228.9     11.1     43.3    -18.9      8.1
     10.1     23.5    -19.0     36.4  18378.0  19011.5
      -7.3      58.0        .7      46.7
      -1.8      27.8        .7       9.2
      -1.7      18.3        .9       5.8
      -1.5      15.3        .8       5.1
 53624  -.378295  -.567442  -.731370
  36955.0  19568.6     11.1     43.3    -20.2     18.0
     10.3     23.3    -19.2     29.8  19058.3  19576.9
      -9.3      58.6      -2.0      44.1
      -1.9      27.7        .6      11.4
      -1.7      18.3        .7       7.5
      -1.5      15.0        .7       6.5
 53625  -.430364  -.553325  -.713175
  37948.8  19454.9     11.1     43.3    -21.1     28.9
      9.9     23.1    -19.2     23.6  19098.7  19927.7
      -7.6      57.7      -3.3      46.3
      -2.4      27.7        .3      14.2
      -1.4      18.2        .7       9.2
      -1.3      15.1        .7       8.0
 53626  -.478468  -.538276  -.693778
  39078.3  18580.5     11.1     43.3    -21.1     28.9
     10.4     23.1    -19.5     17.3  19875.7  20709.2
      -7.6      57.9      -3.3      44.1
      -1.7      27.7        .8      16.0
      -1.7      18.2        .7      10.4
      -1.7      15.0        .5       8.7
 53627  -.562936  -.506642  -.653006
  41130.1  15853.6     11.1     43.3    -21.1     28.9
     10.2     22.5    -19.4      6.0  21807.0  22337.5
      -7.3      56.4      -1.8      42.2
      -1.8      26.6        .7      16.1
      -1.9      17.9        .9      11.0
      -1.6      14.7        .8       9.8
 53628  -.632842  -.474632  -.611748
  43944.8  14040.1     11.1     43.3    -21.1     28.9
     10.1     22.2    -21.1     57.7  23525.5  24233.5
      -9.4      58.0      -4.2      42.9
      -2.4      27.0        .4      18.2
      -1.4      17.6       1.1      12.5
      -1.7      14.5        .9      10.6
 53629  -.690099  -.443635  -.571796
  46860.6  12825.7     11.1     43.3    -21.1     28.9
     10.5     21.9    -21.1     57.7  25460.1  26411.8
      -8.6      56.2      -2.8      43.8
      -2.3      26.6        .6      18.2
      -1.5      17.2       1.2      12.9
      -1.4      14.2       1.1      11.5
 53630  -.736803  -.414452  -.534182
  50097.5  11908.6     11.1     43.3    -21.1     28.9
     10.5     21.5    -21.1     57.7  27076.2  27881.2
     -10.5      58.2      -4.6      45.0
      -1.8      26.1       1.1      19.5
      -1.4      17.2       1.3      13.9
      -1.5      14.2       1.1      12.0
 53631  -.774912  -.387456  -.499388
  53605.7  11329.7     11.1     43.3    -21.1     28.9
     10.3     21.0    -21.1     57.7  29556.9  30421.5
     -11.5      60.3      -6.0      42.2
      -1.7      25.8       1.3      19.6
      -1.7      17.1       1.0      14.4
      -1.4      13.8       1.3      12.6
 53632  -.806111  -.362750  -.467544
  57036.2  10761.8     11.1     43.3    -21.1     28.9
     10.3     20.6    -21.1     57.7  31867.2  32790.0
      -6.6      56.6      -3.7      40.2
      -2.8      25.6        .8      20.2
      -1.5      16.8       1.3      14.6
      -1.4      13.8       1.3      12.6
 53633  -.831783  -.340275  -.438577
  60967.6  10563.4     11.1     43.3    -21.1     28.9
     10.7     20.2    -21.1     57.7  34378.4  35569.1
     -10.2      61.6      -4.4      41.7
      -1.2      25.2       1.5      20.9
      -1.5      16.6       1.5      15.0
      -1.4      13.9       1.4      13.5
 53634  -.853040  -.319890  -.412303
  64719.3  10231.0     11.1     43.3    -21.1     28.9
     10.4     19.9    -21.1     57.7  36379.8  37539.6
      -9.5      60.2      -4.1      38.4
      -1.8      25.0       1.1      20.2
      -1.2      16.3       1.6      15.0
      -1.5      13.6       1.4      13.0
 53635  -.870759  -.301417  -.388493
  68788.4  10049.0     11.1     43.3    -21.1     28.9
     10.5     19.7    -21.1     57.7  39619.3  40593.6
     -12.7      62.4      -4.4      38.7
      -1.7      24.6       1.0      20.6
      -1.5      16.3       1.5      15.8
      -1.5      13.5       1.5      14.1
 53636  -.885633  -.284668  -.366905
  72997.6   9799.2     11.1     43.3    -21.1     28.9
     10.7     19.4    -21.1     57.7  41946.9  43338.5
     -11.8      63.0      -3.7      39.1
      -2.1      25.2        .9      20.9
      -1.8      16.3       1.4      15.6
      -1.3      13.8       1.6      13.6
 53637   .467453  -.841416  -.271123
  99099.7  13720.8     11.1     43.3    -21.1     28.9
     11.1     86.6    -21.1     57.7  58416.6  60824.2
      -8.3      53.3      10.4      43.3
      -1.5      22.6       2.3      18.0
      -1.2      17.3       1.7      12.7
      -1.2      16.2       1.6      11.1
 53638   .429723  -.859446  -.276932
  96768.3  13598.2     11.1     43.3    -21.1     28.9
     11.1     86.6    -21.1     57.7  57020.1  59224.9
      -8.9      53.5      10.3      46.4
      -1.7      22.9       2.4      18.8
      -1.3      17.7       1.8      12.6
      -1.1      16.2       1.6      10.9
 53639   .389600  -.876600  -.282460
  95136.5  13463.6     11.1     43.3    -21.1     28.9
     11.1     86.6    -21.1     57.7  56078.4  57797.7
      -8.5      48.6      11.0      49.4
      -1.9      22.5       2.1      17.6
      -1.4      18.1       1.6      12.1
      -1.3      16.4       1.7      10.3
 53640   .347131  -.892622  -.287623
  93248.9  13160.7     11.1     43.3    -21.1     28.9
     11.1     86.6    -21.1     57.7  54906.1  56259.6
      -9.6      53.9      10.9      53.0
      -1.6      23.2       1.9      17.7
      -1.4      18.2       1.8      11.4
      -1.4      16.5       1.8       9.7
 53641   .302414  -.907242  -.292333
  91819.3  13093.3     11.1     43.3    -21.1     28.9
     11.1     86.6    -21.1     57.7  54068.1  55529.3
      -8.5      51.8       9.9      55.4
      -1.9      22.9       2.0      17.7
      -1.1      17.9       1.5      11.1
      -1.1      16.9       1.5       8.9
 53642   .255608  -.920190  -.296506
  90563.0  12976.8     11.1     43.3    -21.1     28.9
     11.1     86.6    -21.1     57.7  54252.7  55378.3
     -11.7      55.2       9.6      59.5
      -1.7      22.8       1.8      17.1
       -.9      18.2       1.6       9.9
      -1.1      16.9       1.4       8.5
 53643   .206935  -.931206  -.300055
  89553.1  12928.7     11.1     43.3    -21.1     28.9
     11.1     86.6    -21.1     57.7  53088.8  54307.8
      -9.2      51.1       9.9      57.4
      -1.4      23.2       1.4      17.0
      -1.2      18.2       1.2       9.5
      -1.6      17.0       1.3       7.7
 53644   .156676  -.940054  -.302906
  88545.7  12881.4     11.1     43.3    -21.1     28.9
     11.1     86.6    -19.9      5.4  51643.7  53387.4
      -8.1      53.7       7.9      62.7
      -1.7      22.9       1.8      16.6
      -1.2      18.5       1.3       8.5
       -.9      16.9       1.1       6.8
 53645   .105170  -.946530  -.304993
  87875.1  12757.7     11.1     43.3    -21.1     28.9
     11.1     86.6    -20.4     17.8  51338.9  52835.7
     -12.7      50.1       8.4      65.9
      -1.3      23.5       1.3      17.1
      -1.4      18.5       1.1       7.5
      -1.3      17.2        .9       5.9
 53646   .052804  -.950480  -.306266
  87773.8  12801.8     11.1     43.3    -20.7      3.8
     11.1     86.6    -20.7     30.9  51929.5  53019.0
     -11.7      52.0       7.1      77.6
      -1.5      23.0       1.5      16.7
      -1.3      18.5       1.1       5.1
      -1.1      17.0       1.0       3.9
 53647   .000000  -.951808  -.306694
  87499.5  12892.2     11.1     43.3    -20.9     15.2
     11.1     86.6    -20.8     43.7  51577.0  53341.5
     -11.8      51.3       8.3      87.7
      -1.7      23.3       2.0      25.6
      -1.6      18.4       1.0       4.1
      -1.3      17.1        .9       3.0
 53648  -.026430  -.951476  -.306587
  87332.3  13020.0     11.1     43.3    -21.3     21.0
     11.1     86.6    -21.2     49.5  51089.9  52550.2
      -9.8      49.5       6.2      92.9
      -2.0      23.2       2.3      34.1
      -1.1      18.5        .9       8.2
      -1.4      17.5        .7       3.0
 53649  -.052804  -.950480  -.306266
  87846.5  12871.7     11.1     43.3    -18.9     23.1
     11.1     86.6    -18.9     51.6  51702.2  53123.9
      -9.8      50.8      14.0     100.5
      -1.6      23.6       3.5      39.5
      -1.2      18.7       2.0       9.1
      -1.3      17.1       1.7       4.3
 53650  -.079069  -.948828  -.305734
  87993.2  12975.7     11.1     43.3    -18.1     18.0
     11.1     86.6    -18.1     46.6  51446.8  52642.4
     -12.0      53.3       5.4      90.1
      -2.0      23.5       2.1      30.7
      -1.1      18.6       1.3       5.6
      -1.3      17.1       1.2       3.0
 53651  -.105170  -.946530  -.304993
  88097.2  13089.4     11.1     43.3    -18.0     11.8
     11.1     86.6    -18.0     40.2  51651.3  53155.7
     -12.0      54.4       7.8      85.1
      -2.0      23.0       1.6      21.6
      -1.3      18.3       1.1       4.3
      -1.2      17.2       1.0       3.0
 53652  -.131055  -.943599  -.304049
  88498.3  13157.5     11.1     43.3    -18.0      5.5
     11.1     86.6    -17.8     33.8  52274.2  53871.6
     -13.0      54.3       3.9      75.9
      -1.4      22.9       1.0      19.6
      -1.0      18.2       1.1       4.8
      -1.5      17.0       1.0       3.3
 53653  -.156676  -.940054  -.302906
  88933.5  13170.7     11.1     43.3    -21.1     28.9
     11.1     86.6    -18.2     27.4  51309.6  53140.2
     -13.2      53.9       3.4      76.4
      -1.6      23.1       1.5      18.0
      -1.2      18.4        .7       5.9
      -1.5      17.1        .8       4.4
 53654  -.181983  -.935915  -.301572
  88842.0  13319.0     11.1     43.3    -21.1     28.9
     11.1     86.6    -18.4     20.7  51868.3  53535.2
     -12.8      53.4        .7      73.4
      -1.8      22.7        .6      17.2
      -1.5      18.5        .8       6.9
      -1.7      17.2        .9       5.4
 53655  -.206935  -.931206  -.300055
  89480.6  13465.6     11.1     43.3    -21.1     28.9
     11.1     86.6    -18.7     14.0  52424.8  53800.1
     -11.5      50.7       2.3      66.3
      -1.7      23.0        .9      17.5
      -1.1      18.4        .8       7.8
      -1.1      17.0       1.0       6.1
 53656  -.255608  -.920190  -.296506
  90541.6  13914.3     11.1     43.3    -21.1     28.9
     11.1     86.6    -19.4      2.6  53725.4  55273.0
     -10.6      49.9       2.6      58.9
      -1.4      22.7       1.2      15.9
      -1.1      18.0       1.1       7.8
      -1.5      16.9       1.1       6.4
 53657  -.302414  -.907242  -.292333
  91765.3  13816.9     11.1     43.3    -21.1     28.9
     11.1     86.6    -21.1     57.7  53898.3  56386.8
     -11.1      53.5       3.3      60.1
      -1.7      23.2        .8      18.0
      -1.5      18.1       1.0       9.5
      -1.2      16.7       1.2       7.8
 53658  -.347131  -.892622  -.287623
  93492.0  14194.6     11.1     43.3    -21.1     28.9
     11.1     86.6    -21.1     57.7  55606.3  56706.0
     -13.0      54.4       -.6      59.8
      -1.8      23.1       1.1      17.1
      -1.4      17.9       1.1       9.5
      -1.4      16.7       1.3       8.2
 53659  -.389600  -.876600  -.282460
  95064.3  14571.5     11.1     43.3    -21.1     28.9
     11.1     86.6    -21.1     57.7  56376.1  58111.5
     -13.2      52.3      -1.1      59.0
      -2.0      23.0       1.0      18.7
      -1.2      17.7       1.3      10.9
      -1.3      16.7       1.2       9.2
 53660  -.429723  -.859446  -.276932
  97124.4  14697.4     11.1     43.3    -21.1     28.9
     11.1     86.6    -21.1     57.7  57699.0  59051.0
     -14.9      54.8       -.7      52.2
      -1.8      22.8       1.1      18.1
      -1.2      17.5       1.5      10.5
      -1.0      16.3       1.6       9.3
 53661  -.467453  -.841416  -.271123
  99493.0  14751.1     11.1     43.3    -21.1     28.9
     11.1     86.6    -21.1     57.7  58995.2  60623.9
     -14.3      55.5      -3.6      50.0
      -1.8      22.5       1.2      18.8
      -1.3      17.4       1.3      12.0
      -1.2      16.0       1.4      10.1
 53662  -.502792  -.822750  -.265108
 101479.8  14590.3     11.1     43.3    -21.1     28.9
     11.1     86.6    -21.1     57.7  60994.5  63074.1
     -12.6      57.4      -2.5      51.0
      -2.0      23.0       1.4      18.4
      -1.5      17.3       1.3      12.0
      -1.0      15.7       1.5      10.2
 53663  -.535778  -.803668  -.258960
 103904.0  14269.1     11.1     43.3    -21.1     28.9
     11.1     86.6    -21.1     57.7  62563.5  64165.9
     -11.4      50.9      -2.1      44.9
      -2.0      21.8       1.0      18.9
      -1.2      17.2       1.7      13.0
      -1.1      15.8       1.5      11.2
 53664  -.566482  -.784360  -.252738
 106394.7  14154.0     11.1     43.3    -21.1     28.9
     11.1     86.6    -21.1     57.7  64109.9  65889.3
     -11.3      53.4      -2.0      43.3
      -2.0      22.1        .8      18.7
      -1.4      17.1       1.3      13.1
      -1.3      15.4       1.2      11.7
 53665  -.594996  -.764995  -.246498
 108889.2  13490.8     11.1     43.3    -21.1     28.9
     11.1     86.6    -21.1     57.7  65817.6  67638.9
     -13.6      52.1      -2.1      42.7
      -2.1      22.6        .9      19.9
      -1.3      16.8       1.5      13.7
      -1.2      15.2       1.5      11.8
