OCR_prd2017clk:dj045a,R11@-300V,3.8T@20d,263K,rhe=1.10,rhh=0.7,0.4/0.4          
  1850   1  3.80  28   3  29   3  300.00  263.00     .40 1.33500   600.0   19.89  -28.84  150.000  100.000  290.000  1900.0    9.94  -14.42    1.50    1.00     .85
 60251  -.105170   .946530  -.304993
  84806.1  13131.1      9.9     43.3    -12.6      9.5
      9.9     86.6    -12.9     37.6  48123.9  49546.8
      10.7      54.0      -8.3      79.7
       1.1      26.0       -.1      22.0
        .8      22.2        .6       5.3
        .2      22.1        .8       3.7
 60252  -.113613   .937303  -.329476
  78392.2  13172.1      9.9     43.3    -12.9      9.7
      9.9     86.6    -12.9     37.8  44050.2  45368.4
       9.0      49.4      -7.9      76.1
       1.0      25.8        .0      20.0
        .2      21.9        .9       5.0
        .7      21.8        .7       3.8
 60253  -.123410   .925573  -.357888
  72249.5  13293.7      9.9     43.3    -12.9     10.0
      9.9     86.6    -12.8     37.9  39968.7  41157.5
      10.4      51.2      -6.3      75.2
        .5      25.6       -.1      17.0
        .7      21.1        .6       4.5
        .5      21.4        .7       3.9
 60254  -.134874   .910397  -.391134
  66156.8  13560.1      9.9     43.3    -12.9     10.1
      9.9     86.6    -13.1     38.1  36184.4  37096.1
      10.6      54.7      -6.9      67.4
        .3      25.1        .3      15.9
        .2      20.4        .8       4.8
        .6      19.3        .7       4.0
 60255  -.148397   .890380  -.430350
  59963.0  13963.1      9.9     43.3    -12.9     10.4
      9.9     86.6    -13.2     38.3  32096.5  33289.6
       8.2      54.5      -5.3      65.8
        .4      24.6        .3      14.7
        .5      20.2        .7       4.8
        .4      20.7        .7       4.2
 60256  -.164460   .863416  -.476934
  54158.7  14249.8      9.9     43.3    -13.1     10.6
      9.9     86.6    -13.2     38.7  27856.9  28820.6
      11.7      57.5      -8.3      61.3
        .5      24.3        .3      12.2
        .7      20.5        .7       5.1
        .6      20.5        .7       4.4
 60257  -.183618   .826279  -.532491
  48659.9  14829.1      9.9     43.3    -13.3     10.7
      9.9     86.6    -13.4     38.6  24565.2  25517.5
       9.2      53.6      -9.6      56.9
        .7      23.7        .5      11.1
        .3      18.9        .7       5.4
        .3      19.3        .8       4.6
 60258  -.206405   .774019  -.598575
  43299.7  15739.5      9.9     43.3    -13.1     11.1
      9.9     86.6    -13.2     39.2  20836.3  22018.9
       8.1      53.9      -5.2      56.5
        .5      25.2        .6       9.5
        .8      20.3        .5       5.5
        .4      19.7        .7       4.8
 60259  -.233063   .699189  -.675882
  38678.1  17782.4      9.9     43.3    -13.4     11.4
      9.5     14.4    -13.4     39.3  18138.5  18751.9
       8.2      59.6      -6.6      51.9
        .2      28.6        .6      10.0
        .6      20.5        .6       5.7
        .5      18.5        .7       5.1
 60260  -.262862   .591440  -.762300
  34284.9  20902.1     12.2     15.4    -13.5     11.5
      9.6     33.8    -13.6     39.4  15452.2  16173.6
       4.6      54.7      -6.7      51.8
        .0      24.7        .6       9.1
        .6      17.3        .8       5.9
        .0      15.0        .7       5.3
 60261  -.292854   .439281  -.849276
  30865.9  24873.3      9.4     16.2    -13.8     11.6
      9.3     53.4    -13.8     39.8  13201.5  14156.6
       5.3      53.1      -5.9      50.5
       -.3      14.6        .7       8.6
       -.2      10.4        .5       6.1
       -.1       9.2        .7       5.6
 60262  -.316664   .237498  -.918324
  28746.6  23900.0      9.5     31.2    -14.2     11.6
      9.4     72.5    -13.9     40.0  12206.3  12707.6
       3.3      58.9      -4.4      45.2
       -.5       7.3        .5       9.2
       -.4       5.0        .5       6.2
       -.5       5.0        .5       5.6
 60263  -.325991   .000000  -.945373
  28003.5  23105.8      9.5     38.2    -14.0     11.6
      9.9     80.5    -13.9     40.0  11910.4  12617.4
      -4.7      69.1      -4.6      44.1
      -1.9       8.7        .4       8.4
      -1.4       5.0        .6       5.9
      -1.3       5.0        .5       5.5
 60264  -.323582  -.121343  -.938387
  28086.9  23303.1      9.1     30.5    -14.0     11.5
      9.5     71.7    -14.1     40.1  11935.4  12658.0
      -4.0      55.3      -3.9      46.5
      -1.4       7.8        .6       8.4
      -1.6       5.2        .5       5.8
      -1.5       5.0        .6       5.4
 60265  -.316664  -.237498  -.918324
  28673.9  23862.2      9.1     23.2    -14.0     12.6
      9.6     62.2    -13.9     39.8  12193.1  12736.8
      -4.0      48.6      -2.4      45.3
      -2.0      11.7        .4       8.4
      -1.8       8.1        .5       5.9
      -1.9       7.0        .5       5.4
 60266  -.306058  -.344315  -.887567
  29252.4  23806.8      8.6     15.9    -13.7     11.4
      9.8     52.5    -13.8     39.8  12415.8  13076.7
      -5.5      45.6      -1.5      45.0
      -2.5      14.9        .6       8.4
      -1.8      10.7        .7       5.8
      -1.9       9.3        .5       5.3
 60267  -.292854  -.439281  -.849276
  30632.5  22441.4      8.7     12.3    -13.7     11.2
      9.5     42.8    -13.6     39.7  13680.6  14298.5
      -6.7      50.2       -.2      44.0
      -2.6      19.1        .4       8.2
      -2.1      13.7        .5       5.8
      -2.1      11.9        .6       5.4
 60268  -.278147  -.521525  -.806626
  32199.4  20038.7      4.5     18.1    -13.7     11.2
      9.9     32.9    -13.8     39.6  14250.1  15184.7
      -7.1      55.0      -1.6      49.1
      -2.8      24.8        .3       9.1
      -2.8      17.8        .6       5.7
      -2.5      15.6        .6       5.4
 60269  -.262862  -.591440  -.762300
  34101.4  18132.5      9.9     43.3    -13.7     11.0
     10.1     23.2    -13.7     39.6  15511.4  16081.6
     -12.1      57.4        .4      46.2
      -3.4      28.5        .5       9.0
      -2.3      20.7        .7       5.7
      -2.8      18.1        .7       5.1
 60270  -.233063  -.699189  -.675882
  38232.9  15901.7      9.9     43.3    -13.7     10.7
      9.8      7.2    -13.5     39.1  18071.6  18719.0
      -9.2      53.8       -.2      50.6
      -2.5      26.6        .7       9.3
      -2.3      20.0        .6       5.2
      -2.8      19.9        .8       4.9
 60271  -.206405  -.774019  -.598575
  43132.2  14593.5      9.9     43.3    -13.5     10.4
      9.9     86.6    -13.4     38.8  20440.5  21618.7
      -9.9      51.0       2.2      52.8
      -2.4      25.0        .6       9.7
      -2.4      20.4        .6       5.1
      -1.8      21.5        .8       4.6
 60272  -.183618  -.826279  -.532491
  48410.8  13937.9      9.9     43.3    -13.5     10.1
      9.9     86.6    -13.4     38.5  24436.8  25573.3
     -10.7      50.6        .1      57.4
      -1.6      23.3        .8      11.3
      -2.0      18.6        .6       4.9
      -1.6      18.6        .8       4.3
 60273  -.164460  -.863416  -.476934
  54015.1  13534.5      9.9     43.3    -13.3      9.9
      9.9     86.6    -13.4     38.4  28294.7  29151.6
     -10.9      49.8       1.5      58.9
      -2.1      25.7       1.0      12.0
      -1.1      21.9        .7       4.7
      -1.6      23.3        .8       4.1
 60274  -.148397  -.890380  -.430350
  59690.2  13109.1      9.9     43.3    -13.1      9.7
      9.9     86.6    -13.1     38.1  31993.3  33183.3
     -12.0      52.9       2.0      69.7
      -2.4      24.6        .8      13.6
      -1.6      19.7        .8       4.6
      -1.9      19.9        .8       3.9
 60275  -.134874  -.910397  -.391134
  65812.7  12979.5      9.9     43.3    -13.4      9.5
      9.9     86.6    -13.3     37.9  35738.7  37059.0
      -8.0      48.2       5.7      69.3
      -2.0      25.7       1.0      14.2
      -1.8      22.1        .7       5.1
      -1.8      22.2        .9       3.8
 60276  -.123410  -.925573  -.357888
  71900.8  12913.7      9.9     43.3    -13.1      9.3
      9.9     86.6    -13.1     37.9  40260.5  41447.6
     -11.5      48.8       4.7      68.3
      -1.8      24.7       1.0      16.7
      -1.5      20.7        .7       5.0
      -1.8      20.5        .8       3.8
 60277  -.113613  -.937303  -.329476
  78183.2  12840.7      9.9     43.3    -13.0      9.1
      9.9     86.6    -12.8     37.9  44028.1  45070.2
     -12.8      53.5        .4      75.5
      -1.5      27.3       1.0      18.8
      -1.5      23.6        .9       4.6
      -1.9      24.3        .7       3.4
 60278  -.105170  -.946530  -.304993
  84750.8  12749.2      9.9     43.3    -13.0      9.1
      9.9     86.6    -13.0     37.6  47938.9  49752.4
     -12.7      51.3       4.2      81.0
      -2.3      25.6        .9      20.7
      -1.9      21.0        .7       4.9
      -1.3      20.6        .8       3.3
 60279   .863216  -.064741  -.500666
  51673.6   8821.0     10.0     28.4    -14.4     28.9
     10.2     70.4    -14.4     57.7  27626.2  28694.8
       5.1      68.2       6.3      37.5
       -.9      12.0       1.6      19.9
      -1.2       5.0       1.1      15.8
      -1.2       5.0       1.0      15.3
 60280   .838516  -.069876  -.540377
  47565.8   9037.4      9.5     28.6    -14.4     28.9
     10.0     70.7    -14.4     57.7  25221.0  26115.8
       3.3      61.1       6.7      39.0
      -1.6      10.4       1.7      21.3
      -1.2       5.0       1.4      16.7
      -1.2       5.0       1.5      15.7
 60281   .807288  -.075683  -.585284
  44029.0   9241.6      9.6     28.8    -14.4     28.9
      9.9     70.7    -14.4     57.7  22902.1  23713.3
      -1.3      64.1       6.5      35.7
      -1.2       9.7       1.6      19.6
      -1.3       5.0       1.6      15.0
      -1.3       5.0       1.5      14.5
 60282   .767414  -.082223  -.635858
  40532.9   9552.5      9.5     29.0    -14.4     28.9
      9.9     70.6    -14.4     57.7  20796.3  21545.4
       1.9      60.2       5.4      39.2
      -1.4       9.2       1.8      21.5
      -1.1       5.0       1.5      15.9
      -1.3       5.0       1.9      15.1
 60283   .716102  -.089513  -.692232
  37277.2  10112.0      9.6     29.2    -14.4     28.9
      9.9     70.9    -14.4     57.7  18457.8  19227.9
       1.0      58.4       5.6      37.5
      -1.5       8.9       1.9      18.5
      -1.5       5.0       1.5      14.4
      -1.4       5.0       1.7      13.4
 60284   .649830  -.097475  -.753803
  34196.9  10949.0      9.5     29.7    -14.4     28.9
      9.8     71.0    -14.4     57.7  16551.4  17317.4
       2.8      58.5       5.0      39.4
      -1.4       8.3       2.4      20.2
      -1.5       5.0       2.1      15.0
      -1.4       5.0       1.9      14.1
 60285   .564543  -.105852  -.818588
  31624.6  12272.4      9.3     30.1    -14.4     28.9
      9.8     71.4    -14.7      5.7  15001.4  15499.5
       4.1      59.5       7.0      39.2
      -1.3       7.5       2.2      17.3
      -1.6       5.0       2.5      12.7
      -1.4       5.0       2.2      12.3
 60286   .456422  -.114106  -.882416
  29440.0  14381.1      9.5     30.1    -14.4     28.9
      9.9     71.3    -14.2     12.5  13278.8  14026.3
       1.4      56.6       6.0      40.8
      -1.6       7.0       2.6      17.5
      -1.5       5.0       2.2      13.0
      -1.4       5.0       2.2      12.1
 60287   .323582  -.121343  -.938387
  27839.8  18187.6      9.1     30.4    -12.5     14.5
      9.7     71.5    -14.3     24.9  12331.2  12869.9
       1.5      53.9       4.1      37.2
      -1.6       7.4       2.3      14.6
      -1.6       5.0       2.1      10.8
      -1.5       5.0       2.2       9.7
 60288   .168544  -.126408  -.977555
  26817.5  22258.0      8.9     30.7    -14.1      9.2
      9.5     71.6    -14.2     37.3  11183.2  11779.7
      -1.8      54.8       5.2      39.0
      -1.6       7.6       1.7       9.4
      -1.5       5.1       1.6       6.8
      -1.5       5.0       1.6       6.4
 60289   .000000  -.128243  -.991743
  26636.7  22129.5      9.0     30.6    -14.5     20.9
      9.5     71.7    -14.4     49.5  10755.4  11399.6
      -2.4      54.2       4.3      59.0
      -1.6       8.0       1.2       6.6
      -1.4       5.0       1.1       3.7
      -1.6       5.0       1.3       3.4
 60290  -.085184  -.127776  -.988138
  26678.3  22029.6      9.0     30.6    -14.1     25.8
      9.6     71.4    -14.1     54.4  10713.4  11389.0
      -3.1      53.3       1.2      64.1
      -1.5       7.4        .4       9.0
      -1.6       5.1        .6       3.2
      -1.6       5.0        .5       3.0
 60291  -.168544  -.126408  -.977555
  27080.0  22353.8      9.1     30.6    -13.4     23.3
      9.6     71.5    -13.4     52.0  11028.6  11665.3
      -4.9      52.7      -2.4      62.4
      -1.3       8.4        .9       7.8
      -1.7       5.0        .8       3.0
      -1.6       5.0        .7       3.0
 60292  -.248443  -.124222  -.960648
  27617.6  22812.3      9.4     30.4    -13.7     17.4
      9.7     71.4    -13.7     46.1  10966.2  11765.0
      -5.5      56.3      -1.9      49.4
      -1.8       8.2        .6       6.4
      -1.6       5.0        .8       4.1
      -1.6       5.0        .7       3.8
 60293  -.323582  -.121343  -.938387
  28121.2  23209.9      9.3     30.5    -14.0     11.5
      9.8     71.7    -13.9     40.0  11678.4  12454.8
      -5.4      58.6      -1.3      45.3
      -1.8       7.4        .4       8.2
      -1.7       5.0        .6       6.0
      -1.6       5.0        .6       5.4
 60294  -.393068  -.117920  -.911917
  28822.8  22838.5      9.2     30.2    -14.1      6.3
      9.7     71.3    -14.1     33.8  12505.8  13247.7
      -4.6      52.9      -4.3      42.3
      -1.9       7.7        .3      10.7
      -1.5       5.0        .4       7.6
      -1.6       5.0        .4       7.1
 60295  -.456422  -.114106  -.882416
  29838.4  20410.2      9.5     30.0    -15.0      8.1
     10.0     71.5    -13.6     27.4  13247.5  13842.0
      -7.5      55.8      -3.7      40.6
      -1.4       7.4        .2      13.4
      -1.7       5.0        .1       9.8
      -1.6       5.0        .3       8.6
 60296  -.513527  -.110042  -.850988
  30668.8  17639.9      9.4     30.1    -14.4     28.9
      9.8     71.2    -13.9     21.0  13544.7  14369.4
      -3.5      55.1      -4.4      40.1
      -1.7       8.4       -.2      15.9
      -1.5       5.0        .2      11.7
      -1.5       5.0        .2      10.3
 60297  -.564543  -.105852  -.818588
  31966.5  15770.3      9.0     29.9    -14.4     28.9
      9.6     71.3    -13.8     14.6  14747.8  15411.3
      -2.9      55.3      -3.7      41.4
      -1.8       8.2       -.2      17.2
      -1.6       5.0        .0      12.3
      -1.4       5.0        .2      11.3
 60298  -.649830  -.097475  -.753803
  34528.1  13278.0      9.3     29.7    -14.4     28.9
      9.8     71.0    -14.2      5.0  16093.8  16803.7
      -4.9      57.1      -5.5      41.3
      -1.7       8.6       -.2      16.6
      -1.4       5.0        .2      12.1
      -1.5       5.0       -.1      11.3
 60299  -.716102  -.089513  -.692232
  37372.5  11920.7      9.7     29.3    -14.4     28.9
     10.1     70.8    -14.4     57.7  18299.8  18943.5
      -5.6      59.8      -5.2      41.8
      -1.5       9.4       -.4      20.0
      -1.3       5.0        .0      14.1
      -1.4       5.0       -.1      12.9
 60300  -.767414  -.082223  -.635858
  40633.3  11025.9      9.6     28.9    -14.4     28.9
     10.0     70.8    -14.4     57.7  20567.8  21241.7
      -6.4      61.7      -5.6      40.2
      -1.3       9.1       -.3      18.6
      -1.3       5.0        .1      13.9
      -1.3       5.0        .0      12.7
 60301  -.807288  -.075683  -.585284
  44083.9  10410.3      9.7     28.7    -14.4     28.9
     10.1     70.7    -14.4     57.7  22700.0  23515.4
      -6.4      60.5      -4.8      43.1
      -1.5       9.9       -.5      20.8
      -1.4       5.0       -.5      15.4
      -1.4       5.0       -.1      13.8
 60302  -.838516  -.069876  -.540377
  47843.5  10083.7      9.6     28.4    -14.4     28.9
     10.0     70.3    -14.4     57.7  24722.3  25506.5
      -8.2      59.8      -7.5      39.9
      -1.5      11.2       -.2      19.1
      -1.2       5.0       -.2      15.0
      -1.4       5.0       -.2      13.9
 60303  -.863216  -.064741  -.500666
  51450.9   9664.1     10.0     28.6    -14.4     28.9
     10.3     70.2    -14.4     57.7  27773.9  28463.6
      -8.3      64.3      -5.2      39.8
      -1.6      11.4       -.3      20.8
      -1.4       5.0       -.2      16.1
      -1.3       5.0       -.2      14.8
 60304  -.882965  -.060202  -.465563
  55466.1   9479.4     10.1     28.5    -14.4     28.9
     10.5     70.1    -14.4     57.7  29964.2  31055.5
      -5.8      68.3      -6.3      39.3
      -1.5      13.5       -.3      19.8
      -1.3       5.0       -.1      16.0
      -1.2       5.0       -.4      14.6
 60305  -.898927  -.056183  -.434481
  59264.9   9252.8     10.0     27.9    -14.4     28.9
     10.4     69.6    -14.4     57.7  32523.3  33646.2
      -8.7      67.4      -6.3      38.7
      -1.8      12.4       -.4      21.4
      -1.3       5.0       -.3      16.8
      -1.2       5.0       -.1      15.0
 60306  -.911966  -.052613  -.406877
  63186.4   9141.6      9.9     27.9    -14.4     28.9
     10.5     69.7    -14.4     57.7  34985.0  36345.0
      -5.3      68.1      -7.2      38.6
      -1.4      14.9       -.1      20.6
      -1.2       5.0       -.3      16.1
      -1.2       5.0       -.4      15.2
 60307  -.922727  -.049432  -.382272
  67252.1   9061.0      9.9     27.8    -14.4     28.9
     10.2     69.9    -14.4     57.7  37516.1  38679.4
     -11.1      69.7      -6.2      37.2
      -1.7      15.7       -.4      21.9
      -1.2       5.0       -.2      16.7
      -1.2       5.0       -.4      15.2
 60308   .806111  -.362750  -.467544
  55008.1   9603.9      9.9     43.3    -14.4     28.9
      9.9     20.7    -14.4     57.7  29791.0  31077.1
      -4.4      58.9       7.9      37.3
      -2.1      26.3       1.4      20.8
      -2.1      17.3       1.4      16.5
      -1.8      14.8       1.1      15.9
 60309   .774912  -.387456  -.499388
  51558.8   9952.2      9.9     43.3    -14.4     28.9
     10.2     21.0    -14.4     57.7  27563.0  28440.9
      -3.2      58.3       7.7      40.5
      -1.9      26.5       1.3      21.8
      -2.2      17.8       1.5      17.3
      -2.0      15.2       1.5      16.7
 60310   .736803  -.414452  -.534182
  48144.6  10323.7      9.9     43.3    -14.4     28.9
     10.0     21.3    -14.4     57.7  25477.8  26182.9
      -5.6      57.5       6.3      37.2
      -2.5      26.5       1.4      19.8
      -2.0      18.0       1.3      15.6
      -2.1      15.5       1.2      15.6
 60311   .690099  -.443635  -.571796
  44976.6  10993.7      9.9     43.3    -14.4     28.9
     10.1     21.6    -14.4     57.7  23174.8  24008.2
      -3.0      56.5       6.2      41.1
      -2.7      26.9       1.7      21.0
      -2.1      18.2       1.4      16.1
      -2.2      15.8       1.8      16.0
 60312   .632842  -.474632  -.611748
  42128.2  11941.2      9.9     43.3    -14.4     28.9
      9.8     22.0    -14.4     57.7  21117.2  22033.6
      -5.4      59.7       8.0      39.4
      -2.3      27.5       1.9      18.8
      -2.7      18.5       1.8      14.4
      -2.1      16.2       1.7      14.3
 60313   .562936  -.506642  -.653006
  39430.5  12996.0      9.9     43.3    -14.4     28.9
      9.8     22.4    -14.4     57.7  19311.1  20122.6
      -4.2      58.0       7.4      40.8
      -2.8      27.3       2.1      19.6
      -2.2      19.1       1.7      14.8
      -2.4      16.6       2.0      14.2
 60314   .478468  -.538276  -.693778
  37166.3  14615.4      9.9     43.3    -14.4     28.9
      9.9     22.9    -16.1      6.8  17861.9  18787.0
      -7.7      59.5       6.6      41.5
      -2.9      28.0       1.8      17.2
      -2.3      19.3       1.6      12.4
      -2.3      16.9       1.9      12.1
 60315   .378295  -.567442  -.731370
  35154.4  16414.1      9.9     43.3    -14.4     28.9
      9.8     23.3    -14.5     11.6  16513.3  17354.6
      -4.4      55.8       5.0      38.7
      -3.2      28.2       2.2      17.3
      -2.6      19.7       2.1      12.2
      -2.3      17.4       1.9      11.7
 60316   .262862  -.591440  -.762300
  33758.5  16788.1      9.9     43.3    -11.8     12.9
     10.1     23.4    -14.5     24.1  15584.1  16457.5
      -5.6      57.3       6.4      42.7
      -3.6      28.5       2.2      14.5
      -2.6      20.0       1.8      10.1
      -2.0      18.0       1.9       9.4
 60317   .134975  -.607388  -.782855
  33177.2  17066.0      9.9     43.3    -14.3      9.4
      9.7     23.6    -14.6     36.7  14803.9  15598.1
      -8.5      59.8       3.5      46.7
      -3.0      29.0       1.5       9.5
      -2.7      20.7       1.5       6.4
      -2.8      18.3       1.6       6.0
 60318   .000000  -.612997  -.790085
  32897.4  17117.0      9.9     43.3    -14.8     20.8
      9.9     23.6    -14.8     49.2  14394.2  15360.4
      -7.1      58.5       5.5      60.9
      -3.3      29.0       1.3       8.5
      -2.6      20.9       1.1       3.6
      -2.3      18.4       1.2       3.0
 60319  -.067953  -.611580  -.788259
  32977.0  17314.1      9.9     43.3    -14.4     25.3
      9.7     23.7    -14.4     53.8  14467.4  15387.0
      -8.4      56.8       6.2      71.1
      -2.9      28.8        .8      13.8
      -2.5      20.7        .2       4.3
      -2.6      18.4        .2       3.0
 60320  -.134975  -.607388  -.782855
  33192.5  17525.4      9.9     43.3    -13.1     22.7
      9.7     23.7    -13.0     51.4  14577.6  15479.4
      -6.7      57.6       2.3      66.7
      -3.5      28.5        .9      10.8
      -2.6      20.6        .8       3.0
      -2.5      18.5        .9       3.0
 60321  -.200196  -.600588  -.774091
  33476.3  17849.3      9.9     43.3    -13.5     17.0
      9.8     23.5    -13.5     45.7  14968.8  15849.3
      -8.9      57.3       -.1      56.6
      -3.5      28.4        .6       8.4
      -2.9      20.2        .6       3.5
      -2.7      18.2        .7       3.4
 60322  -.262862  -.591440  -.762300
  34047.6  18249.9      9.9     43.3    -13.7     12.3
     10.1     23.4    -13.6     39.4  15629.1  16197.9
      -7.4      58.6       1.9      48.1
      -2.7      28.5        .7       8.4
      -2.7      20.4        .6       5.5
      -2.6      18.0        .6       5.1
 60323  -.322373  -.580271  -.747905
  34700.5  18364.3      9.9     43.3    -13.9      5.7
      9.7     23.3    -13.8     32.9  16182.2  16746.2
      -9.0      57.9       -.5      43.3
      -3.3      28.5        .5      10.8
      -2.7      20.2        .5       7.3
      -2.5      17.7        .6       6.7
 60324  -.378295  -.567442  -.731370
  35483.0  18487.6      9.9     43.3    -14.7      7.9
      9.7     23.2    -13.8     26.6  16346.2  17247.0
     -10.7      59.1      -2.4      46.3
      -3.6      28.3        .1      13.8
      -2.6      19.8        .4       9.3
      -2.4      17.8        .5       8.5
 60325  -.430364  -.553325  -.713175
  36420.3  18088.6      9.9     43.3    -14.4     28.9
      9.6     23.0    -13.9     20.1  17121.9  17795.9
      -7.7      56.8      -2.2      44.0
      -3.2      28.5        .1      15.6
      -2.7      19.6        .4      10.9
      -2.4      17.4        .4      10.1
 60326  -.478468  -.538276  -.693778
  37229.7  17138.1      9.9     43.3    -14.4     28.9
      9.8     22.7    -13.7     13.7  17486.1  18484.5
      -6.2      58.0      -1.7      43.7
      -2.6      28.0        .0      16.7
      -2.3      19.4        .4      11.8
      -2.7      16.8        .1      10.9
 60327  -.562936  -.506642  -.653006
  39818.3  14934.2      9.9     43.3    -14.4     28.9
      9.9     22.5    -13.8      4.3  18955.7  20062.1
      -9.4      60.1      -4.6      41.2
      -2.6      28.2        .0      16.1
      -2.6      19.3        .0      11.9
      -2.5      16.7        .3      11.2
 60328  -.632842  -.474632  -.611748
  42339.2  13189.1      9.9     43.3    -14.4     28.9
     10.1     22.1    -14.4     57.7  21089.9  21923.7
      -7.3      57.2      -2.5      44.0
      -2.6      27.2        .2      19.3
      -2.6      18.9       -.1      14.2
      -2.4      16.4        .0      13.0
 60329  -.690099  -.443635  -.571796
  45101.8  11964.0      9.9     43.3    -14.4     28.9
     10.1     21.7    -14.4     57.7  23172.6  23928.2
      -9.0      56.8      -5.1      43.6
      -2.7      27.0       -.1      18.1
      -2.1      18.4        .1      13.7
      -2.0      15.9        .3      13.2
 60330  -.736803  -.414452  -.534182
  48330.3  11282.9      9.9     43.3    -14.4     28.9
      9.7     21.3    -14.4     57.7  24946.6  25514.0
     -10.6      58.4      -7.3      43.6
      -2.7      27.0       -.3      20.8
      -2.3      18.2       -.2      15.8
      -2.3      15.6       -.1      14.4
 60331  -.774912  -.387456  -.499388
  51449.0  10686.5      9.9     43.3    -14.4     28.9
     10.1     20.7    -14.4     57.7  26921.2  27888.6
      -8.3      59.2      -6.4      43.0
      -2.6      26.4       -.3      18.7
      -2.1      17.8        .3      14.9
      -2.2      15.3       -.1      14.4
 60332  -.806111  -.362750  -.467544
  54864.5  10224.2      9.9     43.3    -14.4     28.9
     10.2     20.7    -14.4     57.7  29529.0  30532.3
      -7.5      58.9      -3.4      39.1
      -2.6      25.9       -.1      20.9
      -2.4      17.3        .0      16.2
      -2.1      14.7       -.1      15.1
 60333  -.831783  -.340275  -.438577
  58674.1   9943.7      9.9     43.3    -14.4     28.9
     10.3     20.2    -14.4     57.7  31862.0  33140.7
     -10.6      60.5      -7.3      38.7
      -3.2      25.8       -.4      20.2
      -2.1      17.3       -.1      15.7
      -1.9      14.8       -.4      15.3
 60334  -.853040  -.319890  -.412303
  62211.2   9805.9      9.9     43.3    -14.4     28.9
      9.9     19.9    -14.4     57.7  34406.8  35590.3
      -9.3      58.6      -5.6      40.6
      -2.4      25.5       -.2      21.3
      -1.9      17.4        .0      16.8
      -1.9      14.5        .1      15.4
 60335  -.870759  -.301417  -.388493
  66064.7   9464.7      9.9     43.3    -14.4     28.9
     10.1     19.8    -14.4     57.7  36633.7  37931.3
      -9.8      60.9      -7.1      38.8
      -2.8      25.2       -.8      20.5
      -1.8      17.1       -.1      16.2
      -1.8      14.6        .0      15.6
 60336  -.885633  -.284668  -.366905
  69770.1   9338.5      9.9     43.3    -14.4     28.9
     10.5     19.5    -14.4     57.7  39317.2  40496.8
     -10.3      58.7      -5.9      39.3
      -2.3      24.9       -.5      21.5
      -2.1      16.8       -.1      17.0
      -1.6      14.3        .1      16.0
 60337   .467453  -.841416  -.271123
  95243.6  13472.1      9.9     43.3    -14.4     28.9
      9.9     86.6    -14.4     57.7  55088.5  56820.0
      -6.6      54.0       8.6      43.5
      -1.5      24.1       1.6      18.6
       -.7      19.5        .7      13.3
      -1.2      19.1       1.1      12.5
 60338   .429723  -.859446  -.276932
  93010.4  13366.8      9.9     43.3    -14.4     28.9
      9.9     86.6    -14.4     57.7  54331.8  55836.4
     -11.1      56.1      11.4      45.0
      -1.7      23.9       1.9      18.9
      -1.1      20.0       1.1      13.9
       -.7      19.3       1.0      12.3
 60339   .389600  -.876600  -.282460
  91170.1  13232.5      9.9     43.3    -14.4     28.9
      9.9     86.6    -14.4     57.7  52652.9  53917.2
      -9.3      53.2       9.8      48.1
      -1.6      24.5       1.6      17.8
      -1.1      20.0       1.1      12.4
      -1.4      19.9       1.1      11.4
 60340   .347131  -.892622  -.287623
  89575.5  12957.6      9.9     43.3    -14.4     28.9
      9.9     86.6    -14.4     57.7  51164.8  52881.4
      -9.8      51.9       7.7      50.9
      -1.6      24.7       1.7      18.5
       -.9      20.6       1.1      12.3
      -1.2      20.2       1.1      11.1
 60341   .302414  -.907242  -.292333
  88005.0  12866.5      9.9     43.3    -14.4     28.9
      9.9     86.6    -14.4     57.7  50563.3  51877.3
      -8.7      51.5       8.7      52.4
      -1.7      24.2       1.9      17.2
      -1.6      20.4       1.3      11.1
      -1.8      20.5       1.4       9.9
 60342   .255608  -.920190  -.296506
  86830.8  12794.5      9.9     43.3    -14.4     28.9
      9.9     86.6    -14.4     57.7  49497.6  51618.6
      -9.4      52.5      10.3      55.5
      -1.6      24.6       1.9      17.8
      -1.7      20.8       1.5      10.6
      -1.3      20.6       1.5       9.3
 60343   .206935  -.931206  -.300055
  85763.3  12645.6      9.9     43.3    -14.4     28.9
      9.9     86.6    -14.4     57.7  48747.1  50394.4
      -9.0      52.0      10.2      57.9
      -2.0      25.4       2.0      17.4
      -1.0      20.9       1.5       9.6
      -1.6      20.5       1.4       8.2
 60344   .156676  -.940054  -.302906
  84975.6  12649.6      9.9     43.3    -14.4     28.9
      9.9     86.6    -15.0      8.1  48329.3  49574.1
      -9.0      53.2       6.2      63.9
      -2.1      25.0       2.0      17.6
      -1.5      21.3       1.6       8.7
      -1.4      20.6       1.5       7.3
 60345   .105170  -.946530  -.304993
  84527.1  12542.4      9.9     43.3    -14.4     28.9
      9.9     86.6    -15.0     21.3  47512.9  48927.6
      -8.4      53.2       6.5      63.0
      -1.9      25.5       1.8      16.8
      -1.5      20.7       1.5       7.7
      -1.5      20.7       1.5       6.4
 60346   .052804  -.950480  -.306266
  84122.1  12521.1      9.9     43.3    -15.3      6.9
      9.9     86.6    -15.2     34.7  47578.1  49144.2
     -10.5      50.4       8.2      79.2
      -2.1      25.6       1.9      19.6
      -1.4      20.8       1.2       5.3
      -1.4      20.9       1.3       4.2
 60347   .000000  -.951808  -.306694
  83902.9  12500.1      9.9     43.3    -15.6     18.9
      9.9     86.6    -15.4     47.4  47152.2  48651.0
     -12.9      52.6        .5      92.3
      -2.2      25.0       2.0      28.4
      -1.1      21.1        .7       5.3
      -1.4      21.1        .9       3.0
 60348  -.026430  -.951476  -.306587
  84041.3  12653.0      9.9     43.3    -15.1     24.3
      9.9     86.6    -15.1     52.8  48065.1  49799.2
     -11.2      52.8      10.1      96.9
      -1.5      25.3        .9      39.8
      -1.7      21.0        .0      10.1
      -1.2      20.7       -.3       5.4
 60349  -.052804  -.950480  -.306266
  84177.0  12625.7      9.9     43.3    -12.9     21.8
      9.9     86.6    -12.7     50.2  47117.2  49122.2
      -9.4      54.2       9.2      89.6
      -2.3      25.5       2.4      36.4
      -1.5      21.0       1.0       6.7
      -1.5      21.2       1.1       4.0
 60350  -.079069  -.948828  -.305734
  84268.1  12688.1      9.9     43.3    -13.0     15.5
      9.9     86.6    -12.9     44.0  47555.4  48839.7
     -11.2      49.2      10.2      86.2
      -2.1      25.2       1.8      26.2
      -1.6      21.6        .9       5.3
      -1.4      20.7        .9       3.0
 60351  -.105170  -.946530  -.304993
  84317.9  12715.2      9.9     43.3    -13.0      9.0
      9.9     86.6    -13.0     37.6  48269.8  49576.9
     -11.7      52.7       3.4      81.1
      -1.8      24.9       1.3      20.1
      -1.7      21.2        .7       5.8
      -1.4      20.6        .8       3.2
 60352  -.131055  -.943599  -.304049
  84829.1  12743.8      9.9     43.3    -13.3      3.0
      9.9     86.6    -13.2     31.0  48495.5  49713.7
     -10.7      51.6       4.7      73.3
      -1.7      25.1       1.3      18.7
      -1.5      21.2        .6       5.6
      -1.5      21.0        .7       4.6
 60353  -.156676  -.940054  -.302906
  85122.8  12842.6      9.9     43.3    -14.4     28.9
      9.9     86.6    -13.2     24.3  48325.3  50080.8
     -11.0      50.8      -1.6      68.1
      -1.7      25.2        .9      18.8
      -1.1      20.9        .5       7.3
      -1.3      21.0        .6       5.9
 60354  -.181983  -.935915  -.301572
  85453.6  12936.0      9.9     43.3    -14.4     28.9
      9.9     86.6    -13.4     17.6  48668.8  50450.5
     -10.8      51.8       2.5      65.9
      -1.8      24.6        .7      17.3
      -1.6      20.9        .5       8.2
      -1.7      20.2        .5       6.6
 60355  -.206935  -.931206  -.300055
  86053.9  13102.0      9.9     43.3    -14.4     28.9
      9.9     86.6    -13.4     10.9  48902.2  50381.4
      -9.1      49.1        .0      67.9
      -1.8      25.3        .9      17.7
      -1.2      20.8        .4       8.5
      -1.1      20.7        .5       7.1
 60356  -.255608  -.920190  -.296506
  86797.7  13249.2      9.9     43.3    -14.4     28.9
      9.9     86.6    -14.4     57.7  50002.4  51306.5
     -11.4      56.5       3.2      62.1
      -1.9      25.1        .4      17.2
      -1.6      20.5        .3       9.1
      -1.2      20.6        .4       8.0
 60357  -.302414  -.907242  -.292333
  88138.5  13539.6      9.9     43.3    -14.4     28.9
      9.9     86.6    -14.4     57.7  50975.4  52375.4
     -12.6      53.0       -.5      58.4
      -1.8      24.4        .3      17.4
      -1.3      20.5        .3      10.8
      -1.7      20.4        .2       9.0
 60358  -.347131  -.892622  -.287623
  89633.1  13781.4      9.9     43.3    -14.4     28.9
      9.9     86.6    -14.4     57.7  51576.9  53232.7
     -10.9      49.2        .6      53.6
      -1.5      24.9        .2      17.0
      -1.3      20.4        .3      10.5
      -1.7      20.0        .2       9.5
 60359  -.389600  -.876600  -.282460
  91354.6  13980.0      9.9     43.3    -14.4     28.9
      9.9     86.6    -14.4     57.7  52354.8  54205.6
     -11.8      54.5      -1.2      54.1
      -1.5      24.3        .1      19.0
      -1.1      20.2        .3      12.1
      -1.2      19.4        .1      10.7
 60360  -.429723  -.859446  -.276932
  93046.1  14011.8      9.9     43.3    -14.4     28.9
      9.9     86.6    -14.4     57.7  54074.4  55164.2
     -11.0      53.4       -.4      53.2
      -1.5      24.0        .0      17.7
       -.8      19.7        .3      11.8
      -1.4      19.1        .2      10.7
 60361  -.467453  -.841416  -.271123
  95438.5  14225.5      9.9     43.3    -14.4     28.9
      9.9     86.6    -14.4     57.7  55922.3  57060.9
     -11.8      51.3      -2.7      47.9
      -1.8      24.2       -.1      19.9
      -1.1      19.3        .0      13.5
      -1.5      18.9        .0      12.1
 60362  -.502792  -.822750  -.265108
  97634.5  14147.5      9.9     43.3    -14.4     28.9
      9.9     86.6    -14.4     57.7  56403.5  58505.9
     -11.0      53.9      -1.9      47.6
      -1.3      24.3        .2      18.3
      -1.2      19.4        .2      12.8
      -1.2      18.6        .3      11.9
 60363  -.535778  -.803668  -.258960
  99546.7  13869.0      9.9     43.3    -14.4     28.9
      9.9     86.6    -14.4     57.7  58519.1  60360.8
     -10.3      55.0      -2.8      43.0
      -1.4      23.3       -.1      20.0
      -1.2      18.7        .1      14.3
      -1.1      18.5        .0      13.3
 60364  -.566482  -.784360  -.252738
 102282.9  13512.3      9.9     43.3    -14.4     28.9
      9.9     86.6    -14.4     57.7  59810.2  61534.2
     -11.5      52.4      -3.9      43.5
      -1.7      23.7       -.2      18.8
      -1.1      18.8       -.1      13.8
      -1.4      18.0       -.2      13.0
 60365  -.594996  -.764995  -.246498
 104887.2  13111.8      9.9     43.3    -14.4     28.9
      9.9     86.6    -14.4     57.7  62130.5  64336.1
      -9.5      51.7      -2.9      40.5
      -1.2      23.8       -.1      20.4
       -.9      18.2        .1      15.2
      -1.3      17.7       -.2      14.0
