Dot1_150x100_prd2012lk:dj0070a@-225V,3.8T@90d,263K,rhe=1.10,rhh=0.7,0.5/0.5     
  6224   1  3.80  60   5  29   0  225.00  263.00     .50  .96500   650.0     .34  94.10  150.000  100.000  285.000   800.0     .17   47.05    1.50    1.00     .85
 72101   .000000   .000000 -1.000000
  25410.7  18087.6       .2     40.9     49.3      3.4
       .3     83.8     50.2     30.5  12372.4  12799.8
       -.6      72.4      -4.4      37.2
       -.6       7.9      -4.7      11.8
       -.2       5.0      -4.6       8.7
       -.2       5.0      -4.9       7.6
 72102   .000000  -.130455  -.991454
  25540.5  18280.4       .3     33.9     49.3      3.6
       .4     76.8     50.0     30.7  12251.4  12720.5
      -2.8      57.4      -2.5      41.1
       -.7       5.7      -4.5      11.9
       -.8       5.0      -4.5       8.6
       -.8       5.0      -4.9       7.6
 72103   .000000  -.254493  -.967075
  26196.1  18728.1       .0     24.9     49.3      3.6
       .1     67.7     50.4     30.4  12728.6  13359.3
      -4.3      49.5      -3.5      38.4
      -1.1       8.4      -4.7      11.8
       -.9       5.4      -4.6       8.5
      -1.2       5.0      -4.8       7.6
 72104   .000000  -.367167  -.930155
  26964.7  19175.1      -.3     15.9     49.5      3.5
      -.2     58.5     50.3     30.3  13414.4  13848.2
      -5.0      45.9      -3.0      38.4
      -1.4      12.2      -4.5      11.6
      -1.3       8.1      -4.6       8.4
      -1.4       6.7      -4.8       7.4
 72105   .000000  -.465746  -.884918
  28631.1  19623.0      -.3      7.9     49.5      3.6
       .4     49.1     50.5     30.3  14255.2  14651.0
      -5.8      46.6      -2.5      39.8
      -1.6      16.5      -4.5      12.0
      -1.5      10.7      -4.4       8.4
      -1.5       8.9      -4.7       7.3
 72106   .000000  -.549617  -.835417
  30192.1  19439.4      -.4      7.3     49.7      3.3
      -.2     39.4     51.0     29.9  15189.6  15794.0
      -7.6      53.1      -2.6      43.1
      -2.5      21.7      -4.2      11.5
      -2.0      14.3      -4.3       8.2
      -1.9      11.3      -4.6       7.2
 72107   .000000  -.619644  -.784883
  32194.8  18261.9       .2     43.3     49.8      3.2
       .1     29.6     50.9     29.6  16516.5  17016.8
      -8.9      56.4      -2.8      41.8
      -2.8      26.7      -4.2      11.7
      -2.9      17.6      -4.4       8.1
      -2.3      14.1      -4.6       7.0
 72108   .000000  -.677476  -.735545
  34155.9  16718.9       .2     43.3     49.9      3.0
      -.2     20.0     51.1     29.6  17646.7  18256.4
      -7.9      57.7      -2.5      42.7
      -2.9      27.2      -4.3      12.1
      -2.5      18.0      -4.2       8.2
      -2.5      14.9      -4.4       7.0
 72109   .000000  -.724999  -.688749
  36486.8  15785.5       .2     43.3     49.9      2.7
       .0     10.7     51.1     29.3  18780.7  19631.9
     -10.5      56.5      -2.8      45.4
      -2.6      25.0      -4.2      11.7
      -2.3      16.9      -4.2       7.9
      -2.3      14.0      -4.4       6.9
 72110   .000000  -.764030  -.645181
  38863.2  15091.8       .2     43.3     50.1      2.5
      -.7      7.5     51.6     29.2  20124.5  21098.9
      -8.8      49.2      -1.0      47.5
      -2.1      21.4      -4.3      11.8
      -1.7      16.4      -4.1       7.8
      -2.2      15.1      -4.3       6.7
 72111   .000000  -.796162  -.605083
  41403.5  14654.7       .2     43.3     50.2      2.3
       .2     86.6     51.8     28.9  22385.7  22959.7
      -8.9      49.5      -1.1      49.5
      -2.1      22.6      -4.0      11.5
      -2.4      17.3      -4.2       7.5
      -2.0      16.1      -4.1       6.6
 72112   .000000  -.822730  -.568432
  44157.6  14224.8       .2     43.3     50.1      2.4
       .2     86.6     51.8     28.8  23825.2  24698.7
      -8.1      52.9       -.1      50.4
      -2.1      22.1      -4.2      12.2
      -1.9      16.5      -3.9       7.6
      -1.8      14.9      -4.1       6.6
 72113   .000000  -.844819  -.535052
  46849.7  13932.3       .2     43.3     52.4     35.7
       .2     86.6     51.9     28.6  25501.3  26397.7
     -10.1      50.5       -.3      58.3
      -2.2      21.1      -3.9      12.3
      -2.0      15.4      -4.1       7.5
      -1.8      13.4      -4.1       6.5
 72114   .000000  -.863297  -.504697
  49730.7  13583.3       .2     43.3     50.1      2.1
       .2     86.6     51.8     28.4  27297.6  28052.4
     -10.6      51.3      -2.4      58.1
      -2.2      22.0      -4.1      12.4
      -2.0      17.2      -4.0       7.4
      -1.8      15.5      -4.1       6.3
 72115   .000000  -.878853  -.477092
  52397.7  13425.0       .2     43.3     49.9      2.2
       .2     86.6     52.2     28.2  29580.4  30459.5
     -11.0      52.8      -1.7      59.3
      -2.0      23.7      -4.1      13.8
      -1.7      18.1      -3.9       7.3
      -1.9      17.0      -3.9       6.3
 72116   .000000  -.892036  -.451965
  55306.1  13173.3       .2     43.3     49.8      1.9
       .2     86.6     52.1     28.2  31061.7  31981.3
     -11.2      53.8       -.3      54.8
      -2.3      22.2      -4.0      13.2
      -2.0      17.3      -3.8       7.3
      -2.0      15.5      -4.1       6.2
 72117   .000000  -.903278  -.429057
  58443.1  13145.0       .2     43.3     50.7      1.8
       .2     86.6     52.0     28.1  33004.9  33771.5
      -9.0      50.7      -2.2      56.5
      -2.2      21.3      -3.9      14.0
      -1.9      16.0      -3.9       7.4
      -2.1      14.1      -4.0       6.2
 72118   .000000  -.912924  -.408131
  61296.3  13018.1       .2     43.3     50.7      1.7
       .2     86.6     52.3     27.9  34928.9  35693.5
     -10.1      49.9        .2      63.0
      -1.9      22.0      -4.1      14.1
      -2.0      17.5      -3.9       7.3
      -1.7      16.4      -3.9       6.1
 72119   .000000  -.921250  -.388972
  64230.3  12868.9       .2     43.3     49.7      2.0
       .2     86.6     52.3     27.8  37132.7  37956.1
     -12.7      54.5        .5      64.7
      -1.8      22.9      -3.8      14.7
      -1.9      18.5      -3.8       7.1
      -2.0      17.5      -4.0       6.0
 72120   .000000  -.928477  -.371391
  67279.3  12784.1       .2     43.3     50.2      1.7
       .2     86.6     52.4     27.7  38736.3  39813.8
     -13.2      52.9       -.4      66.7
      -2.1      22.5      -3.7      15.5
      -2.0      17.6      -3.8       7.5
      -2.0      16.1      -3.9       5.9
 72121   .000000  -.934784  -.355218
  70344.9  12844.6       .2     43.3     50.0       .8
       .2     86.6     52.3     27.7  40410.5  41659.6
     -10.7      48.4      -1.8      66.5
      -2.2      21.5      -3.7      17.0
      -1.6      16.3      -3.9       7.1
      -1.8      14.7      -3.9       5.9
 72122   .000000  -.940315  -.340305
  73514.5  12796.9       .2     43.3     50.8      1.0
       .2     86.6     52.2     27.6  42531.8  43588.3
     -11.3      51.8        .2      71.5
      -2.4      22.4      -3.9      16.6
      -1.9      17.9      -3.9       6.9
      -1.6      16.6      -3.8       5.9
 72123   .000000  -.945190  -.326520
  76236.0  12736.5       .2     43.3     50.1      1.8
       .2     86.6     52.9     27.5  44585.8  46060.5
     -13.2      53.6       1.3      68.5
      -2.4      23.2      -3.8      17.0
      -2.1      19.0      -3.7       7.2
      -1.8      17.8      -3.8       5.8
 72124   .000000  -.949506  -.313750
  79653.3  12638.0       .2     43.3     50.2     28.9
       .2     86.6     52.6     27.3  46292.7  47579.2
     -10.8      49.8      -2.4      69.3
      -2.7      23.0      -3.4      19.5
      -1.6      17.8      -3.7       7.2
      -1.9      16.5      -3.8       5.8
 72125   .000000  -.953342  -.301892
  82493.9  12519.8       .2     43.3     50.2     28.9
       .2     86.6     52.6     27.3  48815.0  50375.1
     -11.9      54.3        .1      76.5
      -2.4      21.7      -3.8      18.4
      -2.1      16.4      -3.8       7.3
      -1.9      14.9      -3.9       5.8
 72126   .000000  -.956767  -.290857
  85758.9  12642.4       .2     43.3     50.2     28.9
       .2     86.6     52.8     27.4  51143.9  52199.6
     -14.4      55.1       -.6      74.7
      -2.2      23.0      -3.7      20.3
      -1.8      18.0      -3.7       7.3
      -1.7      16.7      -3.8       5.8
 72127   .000000  -.959834  -.280567
  88900.0  12548.2       .2     43.3     50.2     28.9
       .2     86.6     52.9     27.1  52753.2  54518.2
     -12.6      51.0       1.7      74.1
      -2.1      23.8      -3.7      19.7
      -1.8      19.3      -3.6       7.2
      -1.8      18.2      -3.7       5.7
 72128   .000000  -.962593  -.270952
  92170.2  12585.2       .2     43.3     50.2     28.9
       .2     86.6     52.9     27.2  53835.1  56455.7
     -11.1      51.4       2.4      78.6
      -2.1      22.9      -3.5      20.8
      -2.0      18.1      -3.7       7.4
      -2.0      16.6      -3.7       5.8
 72129   .000000  -.965081  -.261951
  95406.0  12516.2       .2     43.3     50.2     28.9
       .2     86.6     52.8     27.1  56930.2  58867.1
      -9.9      46.4      -1.1      83.2
      -2.4      22.1      -3.5      22.7
      -2.1      16.9      -3.7       7.4
      -2.0      15.1      -3.8       5.7
 72130   .000000  -.967333  -.253508
  98421.2  12544.2       .2     43.3     50.2     28.9
       .2     86.6     52.7     27.0  58695.1  60320.1
     -11.2      48.8      -2.5      81.9
      -2.1      22.0      -3.8      21.7
      -1.7      18.2      -3.6       7.9
      -1.9      17.0      -3.8       5.6
 72131   .000000  -.969377  -.245576
 101876.0  12588.2       .2     43.3     50.2     28.9
       .2     86.6     53.0     26.8  61563.7  62857.4
     -11.8      49.3        .1      84.8
      -2.8      24.6      -2.8      24.4
      -1.9      19.4      -3.8       7.4
      -1.7      18.6      -3.7       5.8
 72132   .000000  -.971238  -.238110
 104922.1  12505.5       .2     43.3     50.2     28.9
       .2     86.6     52.9     26.9  64552.3  65781.0
     -11.5      49.5       2.0      85.0
      -2.8      23.5      -2.8      24.1
      -2.1      18.0      -3.7       7.5
      -1.9      17.0      -3.7       5.7
 72133   .000000  -.972937  -.231072
 107961.0  12524.7       .2     43.3     50.2     28.9
       .2     86.6     53.0     26.9  65279.2  67041.2
     -10.1      51.1       -.7      85.6
      -2.1      21.5      -3.1      24.3
      -1.8      16.9      -3.7       7.3
      -1.8      15.4      -3.7       5.8
 72134   .000000  -.974491  -.224428
 111199.5  12559.5       .2     43.3     50.2     28.9
       .2     86.6     53.0     26.8  67941.2  70042.3
     -11.9      51.9      -2.3      86.1
      -2.4      23.0      -3.3      25.0
      -1.8      18.3      -3.7       8.1
      -2.0      17.0      -3.7       5.7
 72135   .000000  -.975916  -.218146
 114239.3  12521.2       .2     43.3     50.2     28.9
       .2     86.6     53.0     26.9  69131.9  70989.1
     -12.5      53.4       4.9      87.9
      -2.4      24.5      -3.2      25.0
      -2.0      19.5      -3.7       8.3
      -1.9      18.5      -3.7       5.7
 72136   .000000  -.977227  -.212198
 117432.6  12480.1       .2     43.3     50.2     28.9
       .2     86.6     53.0     26.8  72891.6  74323.1
     -10.1      50.1        .4      85.7
      -2.6      23.6      -3.2      27.0
      -1.9      18.4      -3.7       7.8
      -1.9      17.0      -3.6       5.7
 72137   .000000  -.978434  -.206558
 120539.8  12506.8       .2     43.3     50.2     28.9
       .2     86.6     53.1     26.7  74448.8  75623.8
     -10.7      52.2       2.9      97.6
      -2.9      22.0      -3.2      27.8
      -1.8      16.9      -3.4       8.2
      -1.9      15.7      -3.8       5.7
 72138   .000000  -.979549  -.201205
 124083.1  12495.2       .2     43.3     50.2     28.9
       .2     86.6     52.9     26.7  76811.6  78395.2
     -12.5      52.0       2.1      92.5
      -2.6      24.0      -3.2      28.4
      -2.1      18.5      -3.7       8.0
      -1.9      17.3      -3.6       5.7
 72139   .000000  -.980581  -.196116
 127017.8  12503.3       .2     43.3     50.2     28.9
       .2     86.6     53.4     26.7  77238.7  79483.3
     -15.3      54.7       -.3      99.2
      -2.8      24.2      -2.9      27.2
      -2.0      19.8      -3.7       8.6
      -2.0      18.3      -3.6       5.8
 72140   .000000  -.981537  -.191274
 130475.4  12554.0       .2     43.3     50.2     28.9
       .2     86.6     53.4     26.6  80725.9  82887.4
      -7.2      51.4       3.5      94.8
      -2.8      23.8      -3.2      28.0
      -2.0      18.2      -3.5       8.5
      -1.8      16.9      -3.7       5.8
 72141   .000000  -.982424  -.186661
 133519.6  12495.0       .2     43.3     50.2     28.9
       .2     86.6     53.3     26.5  82992.6  85795.9
     -14.3      53.5       5.4      97.8
      -2.6      22.3      -3.2      30.7
      -1.9      17.0      -3.4       8.9
      -2.1      15.5      -3.6       5.8
 72142   .000000  -.983250  -.182261
 136811.0  12560.4       .2     43.3     50.2     28.9
       .2     86.6     53.2     26.5  83882.8  87052.1
     -10.8      48.0       -.3      95.8
      -2.4      23.5      -2.9      30.3
      -1.9      18.6      -3.4       8.4
      -1.8      17.3      -3.7       5.6
 72143   .000000  -.984020  -.178061
 139674.8  12560.6       .2     43.3     50.2     28.9
       .2     86.6     53.3     26.4  87267.9  89239.4
      -9.9      52.7        .6      94.9
      -2.6      24.2      -2.7      30.1
      -1.8      19.7      -3.5       8.2
      -1.9      18.6      -3.5       5.8
 72144   .000000  -.984737  -.174047
 143172.9  12486.6       .2     43.3     50.2     28.9
       .2     86.6     53.4     26.4  88593.3  91399.6
     -11.7      49.9       3.8      93.0
      -3.1      23.7      -3.0      29.6
      -2.0      18.5      -3.5       9.2
      -2.2      17.3      -3.5       6.1
 72145   .000000  -.985408  -.170207
 146481.1  12543.4       .2     43.3     50.2     28.9
       .2     86.6     53.1     26.5  91332.2  94026.3
     -10.1      45.2       -.4     101.6
      -3.0      23.3      -2.5      31.3
      -2.1      16.8      -3.5       9.8
      -1.7      15.5      -3.5       6.5
 72146   .000000  -.986036  -.166531
 149704.2  12506.3       .2     43.3     50.2     28.9
       .2     86.6     53.2     26.4  93101.6  96365.5
     -16.2      50.8       -.1      99.4
      -2.6      23.4      -3.1      33.5
      -1.6      18.3      -3.5       9.6
      -1.9      17.3      -3.6       5.9
 72147   .000000  -.986625  -.163008
 153092.4  12533.3       .2     43.3     50.2     28.9
       .2     86.6     53.5     26.2  96492.7  99572.1
     -14.0      53.0       1.5     109.6
      -2.7      24.6      -2.3      33.6
      -1.7      19.5      -3.4      10.0
      -1.9      18.9      -3.6       5.5
 72148   .000000  -.987696  -.156385
 159258.1  12618.1       .2     43.3     50.2     28.9
       .2     86.6     53.6     26.2 101237.5 103641.2
     -12.4      52.5        .5     105.7
      -2.6      21.6      -2.2      34.6
      -2.1      17.0      -3.3       9.7
      -2.0      15.5      -3.4       6.4
 72149   .000000  -.988644  -.150274
 166089.8  12655.9       .2     43.3     50.2     28.9
       .2     86.6     53.5     26.3 104577.5 107217.3
     -13.2      54.7       5.8     105.4
      -2.8      24.8      -2.4      35.2
      -2.1      19.8      -3.4      10.5
      -1.9      18.7      -3.4       6.0
 72150   .000000  -.989488  -.144617
 172336.9  12529.9       .2     43.3     50.2     28.9
       .2     86.6     53.6     26.2 108801.4 112677.0
     -10.6      51.9       3.1     108.1
      -2.9      22.5      -2.5      36.0
      -1.8      16.8      -3.6      10.3
      -1.6      15.5      -3.4       6.3
 72151   .000000  -.990241  -.139367
 178911.8  12593.8       .2     43.3     50.2     28.9
       .2     86.6     53.6     26.1 112116.3 115697.2
     -15.1      52.7      -5.3     110.1
      -2.8      25.4      -2.5      38.7
      -2.0      19.9      -3.5      11.6
      -1.8      18.6      -3.5       6.3
 72152   .000000  -.990916  -.134481
 185414.3  12554.3       .2     43.3     50.2     28.9
       .2     86.6     53.7     25.9 117114.1 120615.1
     -14.1      55.0       1.0     115.8
      -3.1      23.2      -2.4      37.8
      -1.9      17.3      -3.2      11.8
      -1.5      15.6      -3.4       6.1
 72153   .000000  -.991524  -.129924
 191695.6  12640.1       .2     43.3     50.2     28.9
       .2     86.6     53.5     26.0 122805.8 125945.2
      -9.8      47.9      -6.3     113.7
      -3.0      25.7      -3.1      39.4
      -1.9      19.5      -3.4      12.0
      -1.5      19.0      -3.5       7.0
 72154   .000000  -.992073  -.125663
 198404.9  12608.1       .2     43.3     50.2     28.9
       .2     86.6     53.6     26.2 128071.7 130173.6
     -14.2      52.3      -6.8     111.9
      -3.0      23.1      -2.7      40.0
      -2.0      17.0      -3.2      11.0
      -1.9      16.0      -3.4       7.1
 72155   .000000  -.992571  -.121670
 205376.5  12687.6       .2     43.3     50.2     28.9
       .2     86.6     53.6     26.1 131435.3 134697.5
     -13.0      53.2       6.3     120.4
      -2.5      25.2      -2.0      41.3
      -2.1      19.8      -3.3      13.0
      -1.8      18.7      -3.4       6.9
 72156   .000000  -.993023  -.117921
 211227.8  12568.4       .2     43.3     50.2     28.9
       .2     86.6     53.7     25.8 136737.5 140312.5
     -17.4      48.7      -9.7     116.3
      -3.3      23.5      -2.4      41.4
      -1.8      16.9      -3.1      12.6
      -1.8      15.8      -3.3       7.6
 72157   .000000  -.993435  -.114396
 217887.8  12713.7       .2     43.3     50.2     28.9
       .2     86.6     53.9     25.8 140890.8 144557.4
      -8.1      48.9      11.3     110.5
      -3.3      25.5      -2.3      43.5
      -1.9      19.8      -3.4      14.2
      -2.1      18.7      -3.4       6.9
 72158   .000000  -.993812  -.111073
 224551.4  12797.5       .2     43.3     50.2     28.9
       .2     86.6     53.9     25.9 144354.9 148723.0
     -12.2      46.5       -.7     114.0
      -3.0      23.3      -2.1      43.3
      -2.0      16.9      -3.3      13.0
      -1.7      15.8      -3.4       7.2
 72159   .000000  -.994158  -.107937
 231145.5  12685.2       .2     43.3     50.2     28.9
       .2     86.6     53.8     25.9 149113.8 153483.4
     -12.0      43.6      -6.5     117.0
      -3.2      24.1      -2.0      44.5
      -2.0      20.0      -3.2      14.5
      -2.0      18.9      -3.4       7.2
 72160   .000000  -.994475  -.104972
 237918.0  12835.5       .2     43.3     50.2     28.9
       .2     86.6     53.8     25.8 155654.6 158606.0
      -9.5      34.9      -4.1     121.8
      -3.0      22.2      -2.3      46.5
      -2.0      17.3      -3.0      14.6
      -2.2      15.6      -3.4       8.2
 72161   .903278   .000000  -.429057
  57851.6  10733.7       .0     40.1     50.2     28.9
      -.1     82.9     50.2     57.7  32596.0  33452.5
      -6.1      81.5       9.6      43.2
        .4      30.1        .7      21.2
       -.2       6.6        .4      15.0
        .1       5.0        .3      13.0
 72162   .887877   .000000  -.460082
  54071.8  11155.4       .1     40.1     50.2     28.9
       .1     82.9     50.2     57.7  30204.0  31122.8
      -4.7      79.7       7.6      42.1
        .7      25.5        .4      19.1
       -.1       5.0        .0      13.8
       -.3       5.0        .0      11.7
 72163   .868777   .000000  -.495203
  50363.1  11617.7      -.5     40.2     50.2     28.9
      -.4     83.0     50.2     57.7  27770.0  28726.5
       3.9      82.1      10.4      46.5
       -.2      24.6        .4      20.8
       -.2       5.1       -.2      14.4
       -.1       5.0       -.2      12.3
 72164   .844819   .000000  -.535052
  46662.5  12371.3       .2     40.1     50.2     28.9
       .2     83.0     50.2     57.7  25376.9  26466.4
       1.7      76.9       7.2      44.1
        .7      22.7       -.5      19.0
       -.1       5.0       -.4      13.2
       -.1       5.0       -.5      11.0
 72165   .814421   .000000  -.580275
  43208.6  13390.1       .4     40.3     50.2     28.9
       .5     83.1     50.2     57.7  23284.1  23883.0
       5.7      79.0       8.3      47.0
      -1.3      21.5       -.8      19.6
       -.3       5.0      -1.2      13.5
       -.3       5.0      -1.0      11.1
 72166   .775436   .000000  -.631426
  39815.0  14832.1      -.3     40.3     50.2     28.9
      -.3     83.2     50.2     57.7  21082.0  21872.4
        .5      72.2       6.7      47.4
       -.9      18.9      -1.2      18.2
       -.2       5.0      -1.7      12.3
       -.2       5.0      -1.6      10.1
 72167   .724999   .000000  -.688749
  36772.6  17053.5       .2     40.4     50.2     28.9
       .2     83.3     50.8      9.3  19204.6  19881.7
        .2      75.9       6.8      45.8
       -.6      17.1      -1.9      17.4
       -.2       5.0      -2.0      11.6
       -.3       5.0      -2.2       9.5
 72168   .659438   .000000  -.751759
  34006.0  20807.5      -.1     40.3     50.2     28.9
       .0     83.4     50.3     21.9  17593.3  18047.0
       1.8      75.8       6.0      51.3
      -1.3      16.7      -2.7      16.2
       -.2       5.0      -3.2      10.7
       -.1       5.0      -3.2       8.7
 72169   .574426   .000000  -.818557
  31349.8  23768.5       .0     40.7     50.6      6.2
       .0     83.6     50.4     34.4  15888.4  16508.5
      -1.8      81.1       7.0      51.9
        .2      13.6      -2.8      11.2
       -.2       5.0      -2.9       7.7
       -.3       5.0      -3.4       6.4
 72170   .465746   .000000  -.884918
  29027.8  23877.0       .6     40.6     49.7     18.2
       .6     83.6     49.7     46.8  14434.7  15038.3
       4.6      74.1       4.3      56.6
        .0      11.3      -3.5       7.5
       -.1       5.0      -3.6       4.7
       -.2       5.0      -3.8       4.0
 72171   .331088   .000000  -.943600
  27316.4  22332.7      -.6     40.5     48.8     24.1
      -.5     83.6     48.8     52.9  13367.5  13861.4
      -1.0      73.9       7.2      71.9
        .0      14.6      -1.0      10.2
       -.2       5.0      -1.2       4.8
       -.2       5.0      -1.7       4.2
 72172   .254493   .000000  -.967075
  26499.7  21698.0      -.1     40.5     50.4     19.7
      -.1     83.7     50.3     48.6  12976.2  13453.5
       1.5      68.6       3.2      54.9
        .1       9.2      -2.7       7.7
       -.2       5.0      -2.7       4.8
       -.3       5.0      -3.2       4.3
 72173   .172799   .000000  -.984957
  26061.6  21262.6       .0     40.4     50.4     14.0
       .0     83.6     50.3     42.7  12436.9  13041.4
      -4.2      73.9        .4      50.1
       -.4      12.0      -3.7       7.7
       -.4       5.0      -3.6       5.6
       -.3       5.0      -4.3       5.2
 72174   .087384   .000000  -.996175
  25619.5  19816.5       .0     40.8     50.0      8.2
       .1     83.9     50.1     36.8  12367.6  12988.5
       2.3      74.1      -2.9      41.7
       -.3      11.5      -3.7       9.7
        .1       5.0      -4.3       7.0
       -.2       5.0      -4.7       6.2
 72175   .000000   .000000 -1.000000
  25389.1  18102.0       .0     40.7     49.4      3.4
      -.1     83.8     50.4     30.7  12230.0  12811.3
        .1      72.4      -2.1      39.4
        .7      10.5      -4.5      12.0
       -.2       5.0      -4.5       8.6
       -.3       5.0      -5.0       7.6
 72176  -.087384   .000000  -.996175
  25289.2  16064.5       .0     40.9     50.2     28.9
      -.1     83.9     50.4     24.7  12332.2  12700.2
      -7.1      71.0      -4.4      36.1
        .3       8.7      -5.4      14.2
       -.2       5.0      -5.0       9.9
        .1       5.0      -5.4       8.7
 72177  -.172799   .000000  -.984957
  25553.9  13691.4      -.3     40.8     50.2     28.9
      -.3     83.8     50.0     18.6  12593.3  13015.8
       1.0      67.8      -6.5      37.3
        .5      12.1      -6.1      16.8
       -.3       5.0      -5.2      11.4
       -.2       5.0      -5.7       9.8
 72178  -.254493   .000000  -.967075
  25955.7  12703.2      -.3     40.7     50.2     28.9
      -.3     83.9     50.5     12.8  12796.5  13191.4
       -.9      70.4      -5.8      39.1
        .4       7.7      -5.6      17.5
       -.4       5.0      -5.4      12.6
       -.3       5.0      -5.6      10.8
 72179  -.331088   .000000  -.943600
  26514.7  11564.0      -.1     41.0     50.2     28.9
       .0     83.9     49.9      8.0  13234.8  13677.8
       1.1      64.2      -4.5      36.5
        .2      12.5      -5.2      17.8
       -.2       5.0      -4.6      12.8
       -.2       5.0      -5.3      11.4
 72180  -.465746   .000000  -.884918
  28191.3  10175.0      -.3     41.0     50.2     28.9
      -.3     83.9     50.2     57.7  14214.5  14829.0
      -1.0      72.9      -7.8      39.2
       -.4       9.3      -4.9      19.2
       -.3       5.0      -4.4      13.5
       -.2       5.0      -5.2      12.0
 72181  -.574426   .000000  -.818557
  30310.3   9261.1      -.2     41.0     50.2     28.9
      -.2     83.9     50.2     57.7  15586.7  15996.7
       2.4      69.1      -8.2      37.4
       -.2      10.0      -4.3      20.3
       -.2       5.0      -4.0      15.1
       -.3       5.0      -4.6      13.6
 72182  -.659438   .000000  -.751759
  32969.4   8665.8       .3     40.8     50.2     28.9
       .3     83.8     50.2     57.7  17528.7  18024.7
       1.1      71.2      -7.7      38.3
       -.8      12.9      -3.8      20.2
        .0       5.0      -3.7      14.7
       -.3       5.0      -4.0      13.3
 72183  -.724999   .000000  -.688749
  36316.8   8389.8       .2     40.7     50.2     28.9
       .1     83.7     50.2     57.7  19561.4  20000.3
      -3.6      77.6      -8.4      41.1
       -.1      17.4      -3.5      21.9
       -.2       5.0      -3.3      15.9
       -.2       5.0      -3.9      14.6
 72184  -.775436   .000000  -.631426
  39380.8   8063.6      -.4     40.7     50.2     28.9
      -.3     83.6     50.2     57.7  21578.1  22078.8
       2.9      78.1      -6.5      36.5
        .4      21.6      -2.6      20.4
       -.3       5.0      -2.7      15.4
       -.1       5.0      -3.1      13.8
 72185  -.814421   .000000  -.580275
  42807.3   7979.1       .0     40.6     50.2     28.9
      -.1     83.6     50.2     57.7  23114.2  23943.2
      -2.1      79.8      -8.2      35.5
        .0      21.2      -2.9      22.0
       -.3       5.6      -2.8      16.8
       -.1       5.0      -2.9      14.8
 72186  -.844819   .000000  -.535052
  46213.2   7876.0       .2     40.4     50.2     28.9
       .2     83.4     50.2     57.7  25776.9  26610.9
       1.0      72.8      -7.4      35.2
       -.3      22.3      -2.5      20.6
       -.2       5.0      -1.8      15.7
       -.2       5.0      -2.8      14.4
 72187  -.868777   .000000  -.495203
  50250.5   7820.8       .0     40.5     50.2     28.9
       .0     83.3     50.2     57.7  28101.3  29103.6
        .4      78.8      -6.9      36.1
      -1.0      25.5      -2.0      22.0
       -.5       5.0      -2.1      17.0
        .0       5.0      -2.7      15.2
 72188  -.887877   .000000  -.460082
  53811.0   7719.7      -.2     40.4     50.2     28.9
      -.1     83.2     50.2     57.7  30679.4  31450.7
       -.6      75.1      -6.6      34.3
       1.1      27.8      -1.7      20.5
       -.2       5.7      -1.8      16.0
        .1       5.0      -2.0      14.7
 72189  -.903278   .000000  -.429057
  57778.0   7780.5       .2     40.4     50.2     28.9
       .2     83.2     50.2     57.7  33020.3  33907.8
       2.9      82.1      -6.6      36.0
        .2      30.3      -2.4      21.6
       -.5       5.6      -2.0      17.1
        .2       5.0      -2.4      15.6
 72190   .840060  -.367526  -.399028
  62480.6  11625.6       .2     43.3     50.2     28.9
       .6     15.8     50.2     57.7  35172.6  36435.7
      -9.7      60.2      11.6      44.0
      -1.9      24.5        .4      20.8
      -1.4      15.8        .1      14.8
      -1.6      13.0        .1      12.8
 72191   .817505  -.390173  -.423616
  58754.4  12113.9       .2     43.3     50.2     28.9
       .5     16.1     50.2     57.7  33054.0  34250.9
      -7.3      57.4       7.8      42.3
      -2.4      24.2        .5      19.1
      -1.6      15.9       -.1      13.7
      -1.6      13.1       -.1      11.8
 72192   .790440  -.414981  -.450551
  55208.4  12943.8       .2     43.3     50.2     28.9
       .6     16.6     50.2     57.7  31166.0  32072.3
      -8.1      59.8       8.4      47.3
      -2.3      24.6        .4      20.1
      -2.0      16.0       -.2      13.9
      -1.8      13.0       -.3      11.7
 72193   .757796  -.442047  -.479937
  52026.2  13847.4       .2     43.3     50.2     28.9
       .5     16.9     50.2     57.7  29058.0  29843.1
      -7.1      60.7       6.6      46.3
      -2.2      25.5       -.3      19.2
      -2.0      16.2       -.7      13.1
      -1.8      13.6      -1.0      10.9
 72194   .718269  -.471364  -.511767
  48822.4  15154.7       .2     43.3     50.2     28.9
       .2     17.1     50.2     57.7  26779.4  27812.1
      -7.1      59.1       8.0      49.4
      -2.0      25.5       -.9      19.0
      -2.1      16.6      -1.0      12.6
      -1.9      13.4      -1.3      10.7
 72195   .670317  -.502738  -.545830
  45954.9  16614.3       .2     43.3     50.2     28.9
       .1     17.8     50.2     57.7  24385.6  25446.1
      -8.6      60.1       7.0      48.4
      -2.6      25.2      -1.4      18.0
      -2.2      16.9      -1.6      11.9
      -2.1      13.7      -1.9       9.7
 72196   .612205  -.535679  -.581595
  43310.3  18741.8       .2     43.3     50.2     28.9
       .5     18.3     50.4      8.5  23454.6  24100.7
     -11.5      58.2       5.8      50.8
      -2.6      25.7      -1.8      16.6
      -2.5      17.0      -2.2      10.7
      -2.1      14.1      -2.6       9.1
 72197   .542159  -.569267  -.618061
  40804.1  19637.9       .2     43.3     50.2     28.9
       .0     18.4     50.5     21.0  21691.0  22391.7
      -8.8      56.1       5.7      49.9
      -2.1      26.3      -3.1      15.9
      -2.4      17.4      -3.2      10.0
      -2.2      14.2      -3.5       8.2
 72198   .458673  -.602008  -.653609
  38648.8  18898.0       .2     43.3     50.3      5.6
       .0     19.0     50.2     33.8  20211.9  20850.5
      -8.3      59.0       4.4      54.3
      -3.0      26.6      -3.0      11.2
      -2.5      17.7      -3.2       7.2
      -2.5      14.6      -3.3       6.2
 72199   .361020  -.631785  -.685938
  37052.8  18102.1       .2     43.3     49.4     17.6
       .2     19.2     49.5     46.4  19247.9  19947.8
     -10.3      57.8       7.5      63.8
      -3.3      27.1      -3.2       9.6
      -2.6      18.0      -3.5       4.5
      -2.8      14.6      -3.7       4.0
 72200   .249898  -.655981  -.712208
  35606.2  17359.8       .2     43.3     48.7     23.7
      -.1     19.5     48.8     52.4  18406.3  18850.8
      -9.6      57.9       3.8      72.2
      -3.1      26.8      -1.1      17.2
      -2.8      18.0      -1.2       5.7
      -2.7      14.8      -1.7       4.7
 72201   .190037  -.665130  -.722141
  34914.5  17095.9       .2     43.3     50.9     19.4
       .0     19.8     51.0     48.0  18045.0  18658.5
      -8.6      56.8       3.7      65.5
      -3.3      27.2      -2.1      10.4
      -2.7      18.2      -2.5       4.8
      -2.9      14.9      -2.9       4.4
 72202   .127982  -.671905  -.729496
  34649.0  16972.8       .2     43.3     51.0     13.4
       .3     20.0     51.1     42.2  17433.2  18390.6
      -8.7      58.4        .9      54.2
      -3.4      27.1      -3.2       9.7
      -2.9      17.9      -3.3       5.5
      -2.7      14.6      -3.7       5.0
 72203   .064388  -.676070  -.734019
  34310.4  16918.5       .2     43.3     51.0      7.3
       .0     19.9     51.3     35.8  17828.9  18295.4
      -6.4      56.2       -.1      52.0
      -2.9      27.5      -3.7       9.8
      -2.8      18.2      -4.0       6.6
      -2.5      14.6      -4.1       5.9
 72204   .000000  -.677476  -.735545
  34121.3  16645.5       .2     43.3     49.9      2.9
       .1     20.1     51.0     29.6  17287.7  18100.2
      -9.3      59.3      -1.2      45.5
      -3.0      27.3      -4.2      11.6
      -2.2      18.1      -4.3       7.9
      -2.5      14.8      -4.4       7.0
 72205  -.064388  -.676070  -.734019
  34240.4  16599.4       .2     43.3     50.2     28.9
      -.1     20.2     51.1     23.3  17801.1  18334.1
      -9.6      58.0      -3.7      43.4
      -3.5      27.1      -5.1      14.0
      -2.7      18.2      -4.9       9.1
      -2.2      14.8      -5.0       7.8
 72206  -.127982  -.671905  -.729496
  34319.9  16173.5       .2     43.3     50.2     28.9
      -.1     20.2     51.5     17.1  17933.0  18482.7
      -9.2      54.7      -4.5      41.1
      -2.2      27.6      -4.7      15.7
      -2.7      17.8      -4.9      10.2
      -2.4      14.9      -5.1       8.8
 72207  -.190037  -.665130  -.722141
  34736.4  15641.3       .2     43.3     50.2     28.9
       .0     20.0     51.2     11.1  17761.0  18633.1
     -10.1      59.2      -5.2      42.5
      -2.7      27.5      -4.7      16.2
      -2.5      18.0      -4.7      11.1
      -2.4      14.7      -4.9       9.5
 72208  -.249898  -.655981  -.712208
  35171.3  14351.6       .2     43.3     50.2     28.9
       .1     20.0     50.9      6.3  18241.2  18850.8
      -9.4      58.1      -4.9      40.1
      -2.9      27.4      -4.2      15.8
      -2.3      17.8      -4.2      11.3
      -2.2      14.6      -4.5      10.0
 72209  -.361020  -.631785  -.685938
  36402.6  12967.6       .2     43.3     50.2     28.9
       .2     19.7     50.2     57.7  19229.5  19842.5
      -8.7      58.0      -6.4      43.0
      -2.1      26.9      -4.4      18.0
      -1.8      17.7      -4.0      12.6
      -2.0      14.4      -4.5      11.0
 72210  -.458673  -.602008  -.653609
  38237.1  11641.0       .2     43.3     50.2     28.9
      -.1     19.2     50.2     57.7  20115.2  20721.4
      -9.7      60.4      -4.4      38.6
      -3.0      27.0      -3.7      18.5
      -2.0      17.7      -3.5      13.6
      -2.0      14.6      -4.1      12.2
 72211  -.542159  -.569267  -.618061
  40236.4  10602.3       .2     43.3     50.2     28.9
       .2     18.9     50.2     57.7  21733.8  22350.0
      -6.9      57.9      -5.4      40.4
      -2.7      25.9      -3.8      19.4
      -2.0      17.0      -3.4      13.8
      -1.7      14.4      -3.5      12.5
 72212  -.612205  -.535679  -.581595
  42738.0  10025.8       .2     43.3     50.2     28.9
       .2     18.3     50.2     57.7  22976.5  23919.9
      -6.3      58.1      -5.5      36.9
      -2.2      26.5      -3.5      20.4
      -1.5      16.8      -2.7      14.9
      -1.4      13.9      -3.1      13.8
 72213  -.670317  -.502738  -.545830
  45537.3   9424.9       .2     43.3     50.2     28.9
       .6     17.8     50.2     57.7  25131.3  25944.2
      -6.3      58.7      -5.6      37.9
      -1.7      25.6      -2.6      20.0
      -1.5      16.6      -2.5      14.9
      -1.7      13.9      -3.0      13.3
 72214  -.718269  -.471364  -.511767
  48829.5   9039.2       .2     43.3     50.2     28.9
       .4     17.6     50.2     57.7  26392.3  27687.0
      -8.3      59.3      -6.0      37.0
      -2.0      25.7      -2.3      21.2
      -1.4      16.4      -2.4      15.9
      -1.4      13.6      -2.3      14.6
 72215  -.757796  -.442047  -.479937
  51794.8   8729.0       .2     43.3     50.2     28.9
       .5     17.1     50.2     57.7  29005.8  29989.1
      -7.5      61.5      -7.1      37.4
      -1.8      25.2      -2.2      20.3
      -1.4      15.8      -2.3      15.1
      -1.3      13.3      -2.1      13.9
 72216  -.790440  -.414981  -.450551
  55121.5   8703.8       .2     43.3     50.2     28.9
       .6     16.7     50.2     57.7  31532.9  32160.4
      -9.4      61.0      -8.6      37.4
      -2.0      25.2      -2.6      21.5
      -1.3      15.6      -1.5      16.5
      -1.3      13.2      -2.1      14.9
 72217  -.817505  -.390173  -.423616
  58623.5   8448.7       .2     43.3     50.2     28.9
       .4     16.2     50.2     57.7  33380.3  34373.9
      -5.1      59.6      -5.2      34.6
      -1.9      24.4      -1.8      20.0
      -1.2      15.6      -1.5      16.1
      -1.3      13.1      -1.8      14.4
 72218  -.840060  -.367526  -.399028
  62384.5   8388.4       .2     43.3     50.2     28.9
       .8     16.0     50.2     57.7  35722.0  36849.1
      -3.7      62.4      -6.1      34.6
      -1.4      24.4      -1.4      21.2
      -1.5      15.4      -1.5      16.8
      -1.1      12.8      -1.6      15.3
 72219   .708659  -.620076  -.336613
  73920.4  13562.3       .2     43.3     50.2     28.9
       .2     86.6     50.2     57.7  43396.2  44619.7
      -8.3      58.0       7.4      45.5
      -2.1      22.3       1.0      19.8
      -1.4      16.8        .0      13.7
      -1.3      15.4       -.1      11.8
 72220   .677337  -.646549  -.350984
  71391.8  14226.3       .2     43.3     50.2     28.9
       .2     86.6     50.2     57.7  41707.7  42779.4
     -10.4      59.4       8.5      46.6
      -1.4      22.4        .0      19.4
      -1.6      17.2       -.1      13.0
      -1.6      15.6       -.1      10.8
 72221   .641844  -.673936  -.365851
  68427.0  14922.4       .2     43.3     50.2     28.9
       .2     86.6     50.2     57.7  39804.8  40858.4
      -6.6      51.5       7.8      47.6
      -1.8      22.5       -.2      19.4
      -1.8      17.4       -.2      12.6
      -1.5      15.8       -.3      10.9
 72222   .601687  -.701968  -.381068
  65759.7  15359.3       .2     43.3     50.2     28.9
       .2     86.6     50.2     57.7  38358.1  39201.3
     -10.8      56.1       7.0      52.2
      -1.9      22.5       -.5      19.2
      -2.0      17.3       -.6      12.2
      -1.5      15.8      -1.0      10.2
 72223   .556388  -.730259  -.396426
  63079.9  15462.4       .2     43.3     50.2     28.9
       .2     86.6     50.2     57.7  36440.2  37181.8
     -11.6      55.9       8.8      51.6
      -2.0      22.5       -.8      18.0
      -1.4      17.3      -1.2      11.3
      -1.7      15.9      -1.2       9.3
 72224   .505524  -.758286  -.411641
  60918.4  15461.3       .2     43.3     50.2     28.9
       .2     86.6     50.2     57.7  34448.1  35758.5
      -9.1      53.3       6.9      54.7
      -2.1      22.3      -1.3      18.5
      -1.4      17.6      -1.8      10.9
      -1.6      16.1      -2.0       8.8
 72225   .448787  -.785377  -.426348
  58591.0  14936.3       .2     43.3     50.2     28.9
       .2     86.6     50.6      6.8  33207.5  34178.8
      -9.7      52.4       4.6      55.8
      -1.7      22.6      -2.1      16.3
      -1.8      17.6      -2.1       9.7
      -1.7      16.5      -2.4       7.9
 72226   .386057  -.810720  -.440105
  56765.7  14586.0       .2     43.3     50.2     28.9
       .2     86.6     50.6     19.7  32082.3  33214.6
     -11.0      54.4       5.6      59.3
      -2.1      22.7      -3.0      15.9
      -2.0      18.1      -3.4       8.9
      -1.9      16.6      -3.4       7.2
 72227   .317480  -.833386  -.452409
  55248.5  14146.2       .2     43.3     50.4      4.5
       .2     86.6     50.2     32.7  30799.3  32101.2
     -11.4      50.8       4.3      60.4
      -2.2      22.5      -2.6      13.2
      -2.1      17.9      -3.3       6.8
      -1.9      16.7      -3.2       5.6
 72228   .243541  -.852392  -.462727
  54212.9  13935.0       .2     43.3     49.7     16.8
       .2     86.6     49.6     45.5  30177.0  31138.1
     -12.0      51.3       1.1      75.3
      -2.2      22.6      -3.3      18.4
      -2.1      18.0      -3.3       4.3
      -2.0      16.8      -3.7       4.0
 72229   .165103  -.866792  -.470544
  53203.4  13632.4       .2     43.3     49.4     23.3
       .2     86.6     49.4     52.0  29556.3  30346.2
     -12.9      53.0       4.4      81.1
      -2.2      22.8      -1.3      30.1
      -2.2      18.1       -.3       6.7
      -2.2      16.8       -.9       5.4
 72230   .124573  -.872008  -.473376
  52936.8  13514.8       .2     43.3     52.0     18.7
       .2     86.6     51.9     47.2  29630.7  30184.6
     -11.4      53.3       7.0      84.3
      -2.3      23.4      -2.2      19.2
      -2.2      18.0      -2.0       5.3
      -2.2      17.0      -2.3       4.7
 72231   .083409  -.875791  -.475429
  52710.3  13444.8       .2     43.3     52.0     12.5
       .2     86.6     52.0     41.2  29015.7  30086.5
     -11.4      52.4       2.1      65.9
      -2.3      23.2      -2.8      15.2
      -1.9      18.4      -3.0       5.6
      -2.2      16.9      -3.3       5.0
 72232   .041814  -.878085  -.476675
  52513.9  13346.3       .2     43.3     51.9      6.3
       .2     86.6     52.1     34.8  28922.1  30036.1
      -8.3      48.2        .8      63.8
      -2.1      23.0      -3.5      13.5
      -2.0      18.1      -3.4       6.4
      -2.0      16.9      -3.6       5.6
 72233   .000000  -.878853  -.477092
  52579.1  13336.5       .2     43.3     50.5      2.3
       .2     86.6     52.0     28.2  29139.5  30249.1
     -11.2      51.6       1.7      57.6
      -2.6      23.2      -4.2      13.5
      -1.9      18.3      -4.0       7.4
      -2.0      17.1      -3.9       6.2
 72234  -.041814  -.878085  -.476675
  52527.3  13346.4       .2     43.3     50.2     28.9
       .2     86.6     52.0     21.6  28926.6  29597.3
     -11.1      52.1      -2.2      54.6
      -1.7      23.0      -4.3      14.5
      -1.6      18.2      -4.5       8.3
      -2.3      17.2      -4.5       6.8
 72235  -.083409  -.875791  -.475429
  52621.4  13422.6       .2     43.3     50.2     28.9
       .2     86.6     51.9     15.2  29362.9  30387.9
     -10.4      52.3      -1.6      51.0
      -1.6      23.0      -3.9      15.4
      -1.9      18.1      -4.2       9.0
      -2.1      17.3      -4.4       7.5
 72236  -.124573  -.872008  -.473376
  52656.8  13414.2       .2     43.3     50.2     28.9
       .2     86.6     51.9      8.8  29361.1  30184.8
      -9.6      49.8      -2.1      50.3
      -2.9      22.6      -4.1      14.8
      -1.4      18.1      -3.9       9.4
      -1.7      17.0      -3.9       7.8
 72237  -.165103  -.866792  -.470544
  53167.4  13495.1       .2     43.3     50.2     28.9
       .2     86.6     51.6      3.9  29534.8  30299.4
     -10.9      52.2      -3.8      48.9
      -2.1      23.2      -3.4      14.7
      -1.7      18.3      -3.2       9.1
      -2.1      17.3      -3.6       8.0
 72238  -.243541  -.852392  -.462727
  54195.7  13848.1       .2     43.3     50.2     28.9
       .2     86.6     50.2     57.7  30204.3  30930.1
      -9.2      54.4      -5.6      50.7
      -1.9      22.8      -4.2      16.9
      -1.7      18.5      -3.8      11.1
      -2.0      17.0      -3.9       9.2
 72239  -.317480  -.833386  -.452409
  55369.5  13463.0       .2     43.3     50.2     28.9
       .2     86.6     50.2     57.7  30856.2  31823.3
      -9.0      52.4      -3.6      42.6
      -1.8      23.1      -3.0      16.6
      -1.6      18.3      -2.5      11.2
      -1.5      16.9      -2.9       9.8
 72240  -.386057  -.810720  -.440105
  56744.6  13449.6       .2     43.3     50.2     28.9
       .2     86.6     50.2     57.7  31969.2  33018.2
      -9.3      52.1      -6.5      42.8
      -1.8      23.1      -3.4      17.7
      -1.5      17.9      -2.7      12.1
      -1.4      16.8      -2.9      10.5
 72241  -.448787  -.785377  -.426348
  58483.7  12995.5       .2     43.3     50.2     28.9
       .2     86.6     50.2     57.7  33237.4  34241.1
      -9.5      52.9      -6.5      40.9
      -1.4      23.1      -2.2      17.9
      -1.6      17.6      -2.3      12.8
      -1.5      16.5      -2.4      11.3
 72242  -.505524  -.758286  -.411641
  60342.6  12079.3       .2     43.3     50.2     28.9
       .2     86.6     50.2     57.7  34424.2  35324.8
     -12.1      54.2      -5.7      39.4
      -1.6      22.8      -2.6      18.3
      -1.4      17.8      -2.0      13.2
      -1.3      16.5      -2.2      11.5
 72243  -.556388  -.730259  -.396426
  62854.3  11535.9       .2     43.3     50.2     28.9
       .2     86.6     50.2     57.7  36506.9  37336.1
      -9.4      53.4      -4.6      40.2
      -2.2      22.9      -2.3      18.7
      -1.3      17.8      -1.8      14.1
      -1.5      16.3      -1.9      12.7
 72244  -.601687  -.701968  -.381068
  65156.8  11178.9       .2     43.3     50.2     28.9
       .2     86.6     50.2     57.7  37851.4  38913.9
      -8.9      53.5      -5.1      37.7
      -1.8      22.7      -2.2      18.7
      -1.4      17.6      -1.8      14.1
      -1.2      16.1      -1.8      12.4
 72245  -.641844  -.673936  -.365851
  67823.9  10683.5       .2     43.3     50.2     28.9
       .2     86.6     50.2     57.7  39394.4  40635.0
      -8.6      57.0      -4.4      35.0
      -1.1      22.6      -1.4      19.2
      -1.2      17.4      -1.4      14.9
      -1.7      16.3      -1.8      13.6
 72246  -.677337  -.646549  -.350984
  70834.7  10172.5       .2     43.3     50.2     28.9
       .2     86.6     50.2     57.7  41479.5  42558.6
      -9.0      56.3      -4.0      34.9
      -1.4      22.6      -1.5      19.2
       -.8      17.5      -1.0      14.8
      -1.1      15.9      -1.6      13.1
 72247  -.708659  -.620076  -.336613
  73740.4   9971.1       .2     43.3     50.2     28.9
       .2     86.6     50.2     57.7  42903.0  44164.7
     -12.5      58.8      -7.7      36.8
      -1.6      22.6      -1.2      19.8
      -1.1      17.4      -1.3      15.6
       -.9      15.6      -1.4      13.9
 72248   .482910  -.845093  -.229382
 108651.8  14198.4       .2     43.3     50.2     28.9
       .2     86.6     50.2     57.7  66453.8  68495.9
     -11.1      52.6       6.3      49.3
      -2.3      21.5       1.1      20.2
      -1.3      15.9        .2      11.6
      -1.5      14.2        .3       9.7
 72249   .451149  -.861285  -.233777
 106503.8  13934.1       .2     43.3     50.2     28.9
       .2     86.6     50.2     57.7  65377.9  67441.8
     -10.3      51.6       5.7      55.8
      -1.7      21.3        .0      19.8
      -1.2      15.9       -.2      11.4
      -1.4      14.3       -.1       9.4
 72250   .417577  -.876913  -.238019
 105130.9  13780.1       .2     43.3     50.2     28.9
       .2     86.6     50.2     57.7  64542.1  66024.3
     -11.2      49.1       8.2      59.7
      -2.1      22.1        .1      20.7
      -1.5      16.5       -.2      10.8
      -1.5      14.5       -.3       8.9
 72251   .382204  -.891810  -.242063
 103012.9  13578.1       .2     43.3     50.2     28.9
       .2     86.6     50.2     57.7  63578.2  64907.0
     -10.8      50.0      10.5      57.0
      -2.1      22.2       -.1      20.7
      -1.5      16.0       -.8      10.7
      -1.7      14.7       -.8       8.7
 72252   .345068  -.905804  -.245861
 101453.9  13358.0       .2     43.3     50.2     28.9
       .2     86.6     50.2     57.7  60816.8  62511.1
     -10.8      50.3       6.8      65.2
      -2.1      21.9       -.4      19.5
      -1.6      16.5       -.9       9.9
      -1.8      14.5      -1.0       7.7
 72253   .306238  -.918714  -.249365
 100173.0  13202.1       .2     43.3     50.2     28.9
       .2     86.6     50.2     57.7  59477.4  61272.1
     -12.6      53.2       4.9      72.5
      -2.2      21.5      -1.5      21.9
      -1.8      16.6      -1.8       9.8
      -1.8      14.8      -1.8       7.5
 72254   .265817  -.930361  -.252527
  99121.7  13183.6       .2     43.3     50.2     28.9
       .2     86.6     50.9      4.8  60350.9  61493.1
     -13.5      52.6       8.6      76.8
      -2.2      21.6      -1.4      20.3
      -1.5      16.7      -1.9       8.1
      -1.9      14.9      -2.1       6.6
 72255   .223945  -.940570  -.255298
  97626.1  13024.5       .2     43.3     50.2     28.9
       .2     86.6     50.8     17.9  58962.5  60866.5
     -13.6      52.9       7.4      82.1
      -2.6      21.6      -2.2      21.9
      -2.0      16.6      -3.0       8.1
      -1.6      15.1      -3.3       6.2
 72256   .180796  -.949177  -.257634
  96698.0  12771.1       .2     43.3     50.5      3.2
       .2     86.6     50.3     31.5  57690.7  59716.4
     -12.7      51.5       1.3      78.1
      -2.4      22.0      -2.4      22.5
      -1.8      16.8      -3.1       6.2
      -1.7      14.8      -3.2       5.3
 72257   .136577  -.956038  -.259496
  96353.5  12781.3       .2     43.3     49.8     16.0
       .2     86.6     49.6     44.6  57692.1  58920.1
     -12.8      54.8        .4      95.1
      -2.4      21.9      -1.8      35.0
      -1.7      16.8      -3.2       7.3
      -2.1      15.0      -3.4       4.0
 72258   .091527  -.961030  -.260851
  95757.5  12575.4       .2     43.3     49.8     22.7
       .2     86.6     49.8     51.1  56881.5  58656.6
     -14.1      50.8       2.2     105.2
      -2.3      21.8       -.4      46.9
      -1.7      16.5       -.3      11.5
      -2.2      15.1       -.7       6.3
 72259   .068771  -.962796  -.261330
  95650.8  12569.2       .2     43.3     52.5     18.0
       .2     86.6     52.4     46.6  57465.7  59093.6
     -13.1      52.6       2.0     100.4
      -2.3      21.6      -1.5      35.4
      -2.1      16.7      -1.7       8.3
      -2.0      14.9      -1.9       5.4
 72260   .045908  -.964064  -.261674
  95240.6  12588.2       .2     43.3     53.2     11.9
       .2     86.6     53.1     40.4  57267.2  59053.2
     -12.8      53.0       1.8      92.6
      -2.4      22.1      -1.6      29.1
      -1.7      16.4      -2.7       7.6
      -1.7      15.0      -2.7       5.5
 72261   .022972  -.964827  -.261882
  95198.8  12516.4       .2     43.3     52.8      5.2
       .2     86.6     52.7     33.8  57303.2  58710.5
     -13.7      51.5       -.2      82.8
      -2.6      21.7      -2.8      24.4
      -2.0      16.2      -3.2       7.5
      -1.6      14.9      -3.3       5.4
 72262   .000000  -.965081  -.261951
  95218.1  12534.1       .2     43.3     50.2     28.9
       .2     86.6     52.8     27.1  56345.3  57658.4
     -10.5      48.1       2.8      84.6
      -2.5      21.6      -3.3      21.8
      -1.7      17.0      -3.7       7.2
      -1.6      15.1      -3.8       5.7
 72263  -.022972  -.964827  -.261882
  95206.1  12509.2       .2     43.3     50.2     28.9
       .2     86.6     52.5     20.4  57320.7  58772.9
     -11.2      51.8       2.8      78.8
      -2.2      21.5      -3.5      20.7
      -2.1      16.6      -4.1       8.2
      -1.9      15.4      -3.8       6.0
 72264  -.045908  -.964064  -.261674
  95439.1  12560.4       .2     43.3     50.2     28.9
       .2     86.6     52.8     13.5  57252.7  58690.8
     -11.7      45.4      -1.0      71.0
      -2.1      21.7      -3.5      19.4
      -1.7      16.8      -3.5       7.9
      -1.6      15.0      -3.7       6.4
 72265  -.068771  -.962796  -.261330
  95408.5  12631.2       .2     43.3     50.2     28.9
       .2     86.6     52.6      6.9  57673.2  58663.8
     -13.7      50.8       -.6      71.1
      -2.4      22.6      -2.9      18.4
      -2.0      16.8      -3.3       8.2
      -1.7      15.1      -3.2       6.5
 72266  -.091527  -.961030  -.260851
  95632.5  12658.6       .2     43.3     50.2     28.9
       .2     86.6     51.8      2.1  57218.0  58433.8
     -14.8      54.3      -2.7      70.8
      -2.7      21.9      -3.1      19.5
      -1.6      16.8      -2.7       7.8
      -1.6      15.1      -2.8       6.4
 72267  -.136577  -.956038  -.259496
  96085.7  12668.9       .2     43.3     50.2     28.9
       .2     86.6     50.2     57.7  57233.8  58960.0
     -13.6      50.5      -1.9      66.4
      -2.4      22.0      -3.0      17.9
      -1.7      16.9      -3.1       9.4
      -2.1      15.3      -3.3       7.6
 72268  -.180796  -.949177  -.257634
  96565.5  12734.5       .2     43.3     50.2     28.9
       .2     86.6     50.2     57.7  58504.3  60071.6
     -12.7      48.9      -4.9      60.1
      -2.2      21.8      -2.1      17.1
      -1.7      16.6      -1.9       8.6
      -1.4      15.0      -2.0       7.2
 72269  -.223945  -.940570  -.255298
  97731.7  13019.1       .2     43.3     50.2     28.9
       .2     86.6     50.2     57.7  58748.7  60323.9
     -12.0      52.5      -4.7      58.9
      -1.8      21.6      -2.6      18.3
      -1.9      16.5      -2.5      10.3
      -1.3      15.3      -2.2       8.4
 72270  -.265817  -.930361  -.252527
  98668.5  13021.7       .2     43.3     50.2     28.9
       .2     86.6     50.2     57.7  59212.4  61130.9
     -14.4      55.1      -8.9      53.0
      -1.9      21.8      -1.6      15.8
      -1.6      16.5      -1.4       9.7
      -1.4      14.9      -1.6       8.3
 72271  -.306238  -.918714  -.249365
  99922.9  13086.5       .2     43.3     50.2     28.9
       .2     86.6     50.2     57.7  60366.2  61802.4
     -11.9      52.6      -3.8      53.3
      -2.0      22.4      -1.8      17.5
      -1.4      16.6      -1.8      11.1
      -1.3      14.8      -1.8       9.4
 72272  -.345068  -.905804  -.245861
 101329.3  13330.9       .2     43.3     50.2     28.9
       .2     86.6     50.2     57.7  61472.3  63494.7
     -12.6      53.7      -6.2      49.7
      -1.7      21.7      -1.3      16.1
      -1.4      16.5      -1.1      10.7
      -1.3      14.7      -1.3       9.5
 72273  -.382204  -.891810  -.242063
 103176.1  13476.5       .2     43.3     50.2     28.9
       .2     86.6     50.2     57.7  62135.5  64273.8
     -12.6      51.9      -5.7      43.3
      -2.1      22.2      -1.6      18.4
      -1.2      16.3      -1.3      11.8
      -1.4      14.7      -1.4      10.0
 72274  -.417577  -.876913  -.238019
 104890.6  13436.2       .2     43.3     50.2     28.9
       .2     86.6     50.2     57.7  63760.3  65551.8
     -12.1      50.5      -4.6      42.7
      -2.1      22.0      -1.1      16.8
      -1.4      16.2      -1.0      11.8
      -1.3      14.6       -.9      10.4
 72275  -.451149  -.861285  -.233777
 106441.1  13320.6       .2     43.3     50.2     28.9
       .2     86.6     50.2     57.7  64429.2  66658.1
      -6.3      44.7      -6.3      41.8
      -1.9      22.1      -1.7      18.4
      -1.4      16.1      -1.2      12.4
      -1.2      14.6      -1.0      10.9
 72276  -.482910  -.845093  -.229382
 108316.9  13292.5       .2     43.3     50.2     28.9
       .2     86.6     50.2     57.7  66267.3  67908.6
     -13.1      52.5      -5.0      38.6
      -1.9      21.5      -1.4      17.8
      -1.4      15.9       -.9      12.4
      -1.3      14.5      -1.0      11.2
 72277   .337328  -.927651  -.160231
 155602.1  13394.8       .2     43.3     50.2     28.9
       .2     86.6     50.2     57.7  98773.4 100649.7
     -10.6      51.3       1.7      58.9
      -2.6      22.5       1.5      23.6
      -1.7      16.7        .5      10.5
      -1.8      15.2        .6       8.5
 72278   .312066  -.936198  -.161707
 154194.8  13286.7       .2     43.3     50.2     28.9
       .2     86.6     50.2     57.7  96774.6  99239.2
     -12.9      53.9       4.2      73.7
      -2.7      22.1        .9      24.1
      -1.5      16.7        .1      10.6
      -1.3      15.2       -.2       8.5
 72279   .286124  -.944211  -.163091
 152775.5  13036.5       .2     43.3     50.2     28.9
       .2     86.6     50.2     57.7  96751.8  98948.0
     -10.0      45.3      10.5      70.2
      -2.2      21.8       1.0      25.3
      -1.9      16.6        .1      10.1
      -1.6      15.4        .1       7.8
 72280   .259539  -.951641  -.164374
 151712.3  13053.9       .2     43.3     50.2     28.9
       .2     86.6     50.2     57.7  94780.2  97796.9
     -12.5      49.0       6.6      79.1
      -2.6      22.6        .4      25.2
      -1.7      16.8       -.7      10.3
      -1.4      15.8       -.8       7.7
 72281   .232349  -.958440  -.165549
 150623.5  12952.3       .2     43.3     50.2     28.9
       .2     86.6     50.2     57.7  93592.1  96217.9
     -11.0      51.9       6.7      83.0
      -2.4      22.1        .3      25.8
      -1.6      16.7       -.7       9.4
      -1.9      15.5       -.7       6.9
 72282   .204604  -.964562  -.166606
 149649.3  12842.6       .2     43.3     50.2     28.9
       .2     86.6     50.2     57.7  94273.2  96546.8
     -11.3      48.0       7.1      85.2
      -2.6      22.4      -1.1      27.8
      -1.8      16.9      -1.7       9.3
      -1.7      15.1      -1.9       6.7
 72283   .176357  -.969963  -.167539
 148979.8  12738.3       .2     43.3     50.2     28.9
       .2     86.6     50.9      3.7  92376.1  95285.8
     -12.7      50.1       6.3      93.6
      -2.5      22.2      -1.1      28.2
      -2.0      16.9      -1.6       8.6
      -1.9      15.5      -1.9       6.2
 72284   .147667  -.974605  -.168341
 148266.7  12683.6       .2     43.3     50.2     28.9
       .2     86.6     50.6     17.1  93143.6  95385.7
     -11.5      48.7       5.3      97.5
      -2.5      23.5      -1.3      31.6
      -2.0      16.9      -3.0       8.4
      -1.8      15.1      -3.2       5.7
 72285   .118600  -.978453  -.169006
 147466.6  12636.0       .2     43.3     50.5      2.4
       .2     86.6     50.3     30.7  92135.9  95282.6
      -9.9      46.8        .7     104.9
      -2.8      22.6      -2.2      34.9
      -1.9      16.8      -2.9       9.1
      -1.7      15.4      -3.1       5.1
 72286   .089225  -.981478  -.169528
 147019.0  12561.5       .2     43.3     49.9     15.6
       .2     86.6     49.6     43.9  92875.7  94512.5
      -8.6      49.3       2.3     109.0
      -3.2      23.1      -1.8      47.7
      -1.8      16.9      -3.1      13.0
      -2.3      15.3      -3.6       5.5
 72287   .059616  -.983656  -.169904
 146969.4  12566.6       .2     43.3     50.0     22.3
       .2     86.6     50.0     50.5  91590.1  94039.5
     -11.9      49.8       2.6     122.7
      -2.5      22.0       -.4      62.6
      -2.1      16.9        .1      23.9
      -1.6      15.5       -.3      12.4
 72288   .044746  -.984421  -.170036
 146713.0  12516.3       .2     43.3     52.8     17.5
       .2     86.6     52.7     45.9  92442.3  94709.0
     -12.2      47.5      -1.2     116.3
      -3.0      22.6       -.4      52.4
      -2.0      16.6      -1.3      16.2
      -1.7      15.5      -1.5       8.2
 72289   .029848  -.984969  -.170131
 146610.9  12540.4       .2     43.3     53.6     11.5
       .2     86.6     53.5     40.0  92570.1  94034.2
     -12.6      48.4       4.4     109.1
      -2.8      23.1       -.9      43.6
      -1.9      16.8      -2.4      11.8
      -2.0      15.4      -2.5       7.1
 72290   .014929  -.985299  -.170188
 146731.5  12573.2       .2     43.3     53.4      4.8
       .2     86.6     53.5     33.2  92979.6  95088.4
     -12.9      52.3        .2     111.1
      -2.9      22.7      -2.0      36.4
      -1.6      17.1      -2.7       9.8
      -2.1      15.6      -3.0       6.0
 72291   .000000  -.985408  -.170207
 146082.6  12530.1       .2     43.3     50.2     28.9
       .2     86.6     53.2     26.4  91788.6  93530.7
      -9.0      43.7       3.3      97.8
      -2.7      23.0      -2.6      32.2
      -2.0      16.9      -3.6       8.8
      -1.8      15.6      -3.6       5.8
 72292  -.014929  -.985299  -.170188
 146682.3  12515.7       .2     43.3     50.2     28.9
       .2     86.6     53.3     19.6  90891.5  93206.0
     -12.4      49.7      -4.8      99.8
      -2.4      21.7      -3.2      30.9
      -1.8      16.7      -3.6       8.7
      -1.9      15.7      -3.6       6.1
 72293  -.029848  -.984969  -.170131
 146734.1  12559.4       .2     43.3     50.2     28.9
       .2     86.6     53.3     12.8  92819.1  94393.7
     -14.5      52.7       1.0      99.5
      -3.0      21.7      -2.9      28.8
      -2.0      17.3      -3.2       8.6
      -1.8      15.7      -3.3       6.4
 72294  -.044746  -.984421  -.170036
 146465.0  12547.7       .2     43.3     50.2     28.9
       .2     86.6     53.1      5.9  91234.0  94051.9
     -12.8      57.1        .5      95.9
      -2.4      21.8      -2.5      26.2
      -1.8      16.9      -2.6       8.4
      -2.0      15.9      -2.8       6.0
 72295  -.059616  -.983656  -.169904
 146744.6  12684.3       .2     43.3     50.2     28.9
       .2     86.6     50.2     57.7  91836.0  93813.2
     -12.9      51.9        .8      87.5
      -2.5      22.7      -2.1      27.1
      -1.7      16.9      -2.5       8.3
      -1.8      15.4      -2.7       6.0
 72296  -.089225  -.981478  -.169528
 146846.2  12600.6       .2     43.3     50.2     28.9
       .2     86.6     50.2     57.7  90623.8  93767.3
     -10.8      48.5       2.0      80.7
      -2.2      22.6      -2.3      24.3
      -1.8      16.9      -2.6       8.8
      -2.1      15.2      -2.7       6.8
 72297  -.118600  -.978453  -.169006
 147346.6  12733.9       .2     43.3     50.2     28.9
       .2     86.6     50.2     57.7  92384.6  95308.3
     -10.7      47.7        .2      74.5
      -2.1      22.4      -1.7      21.4
      -1.5      17.0      -1.6       8.0
      -1.8      15.7      -1.6       6.5
 72298  -.147667  -.974605  -.168341
 148112.4  12703.8       .2     43.3     50.2     28.9
       .2     86.6     50.2     57.7  94021.0  95506.9
     -13.4      50.7      -5.7      67.8
      -2.6      22.3      -2.2      21.0
      -2.0      16.9      -2.0       9.4
      -1.6      15.7      -2.1       7.7
 72299  -.176357  -.969963  -.167539
 148667.5  12721.9       .2     43.3     50.2     28.9
       .2     86.6     50.2     57.7  92896.8  95457.0
     -11.6      53.8      -3.4      63.4
      -2.7      22.9      -1.2      19.8
      -1.7      17.2      -1.2       8.7
      -1.7      15.5      -1.0       6.9
 72300  -.204604  -.964562  -.166606
 149628.0  12778.3       .2     43.3     50.2     28.9
       .2     86.6     50.2     57.7  94761.8  97378.9
     -11.3      52.3      -2.7      63.6
      -2.5      22.7      -1.9      19.5
      -1.6      16.9      -1.6      10.1
      -1.7      15.5      -1.8       8.0
 72301  -.232349  -.958440  -.165549
 150676.3  12878.8       .2     43.3     50.2     28.9
       .2     86.6     50.2     57.7  95839.6  98392.7
      -9.2      48.6      -5.4      59.5
      -2.6      23.0      -1.1      18.7
      -1.8      16.5       -.9       9.0
      -1.7      15.2       -.7       7.6
 72302  -.259539  -.951641  -.164374
 151489.0  12919.7       .2     43.3     50.2     28.9
       .2     86.6     50.2     57.7  94790.4  97214.6
     -13.0      49.7      -6.9      52.0
      -2.2      22.4      -1.7      19.7
      -1.3      16.5      -1.3      10.4
      -1.6      15.6      -1.2       8.7
 72303  -.286124  -.944211  -.163091
 152667.9  13034.2       .2     43.3     50.2     28.9
       .2     86.6     50.2     57.7  96624.7  98732.0
      -8.7      46.5      -4.6      48.0
      -2.6      22.8      -1.2      17.8
      -1.5      16.8       -.5      10.0
      -1.6      15.2       -.6       8.4
 72304  -.312066  -.936198  -.161707
 154437.7  13241.3       .2     43.3     50.2     28.9
       .2     86.6     50.2     57.7  96903.9 100173.0
      -8.9      48.2      -5.3      41.7
      -1.9      22.6      -1.2      18.2
      -1.4      16.8       -.8      11.1
      -1.4      15.1       -.9       9.2
 72305  -.337328  -.927651  -.160231
 155609.5  13201.9       .2     43.3     50.2     28.9
       .2     86.6     50.2     57.7  98337.5 100744.8
     -12.9      52.8      -6.4      45.6
      -2.4      22.8       -.9      17.3
      -1.3      16.6       -.3      10.3
      -1.7      15.3       -.6       9.1
