Dot1_150x100_prd2010lk:@-150V,0T@90d,263K,rhe=1.10,rhh=0.7,0.00/0.00            
   400   1   .00  60   5  29   0  150.00  263.00     .00 1.00000  1000.0    -.23     .17  150.000  100.000  285.000  1000.0    -.11     .08    1.50    1.00     .85
 55001   .000000   .000000 -1.000000
  27377.4  22338.2       .1     42.9      -.1     28.5
       .1     86.0      -.1     57.2  12951.4  13351.1
       3.1      74.8       1.7      73.4
       1.4      18.7       -.5      14.6
       -.1       5.0        .1       6.5
        .8       5.0        .4       3.0
 55002   .000000  -.130455  -.991454
  27381.3  22403.9       .1     34.4       .1     28.6
       .0     77.6       .1     57.2  13104.3  13466.2
      -6.2      54.4       2.5      72.2
       -.3       6.2       1.3      15.5
        .2       5.0       -.3       3.0
        .1       5.0        .1       3.0
 55003   .000000  -.254493  -.967075
  28114.0  23087.2      -.6     25.9      -.1     28.6
      -.5     68.8      -.1     57.2  13478.3  13976.9
      -4.7      51.8       1.3      73.3
       -.4       9.0        .2      16.2
        .1       5.9        .5       7.2
        .0       5.0       -.5       3.0
 55004   .000000  -.367167  -.930155
  28969.3  23014.6       .1     16.9       .1     28.4
      -.1     59.7       .1     57.1  13815.2  14463.6
      -4.6      46.4      -1.1      68.4
       -.2      12.9       -.7      15.9
        .0       8.6       -.1       3.5
        .2       6.9        .2       3.0
 55005   .000000  -.465746  -.884918
  30248.3  22158.9       .2      8.8      -.1     28.5
       .1     50.8      -.1     57.2  15137.4  15798.4
      -6.1      50.1       2.9      71.2
        .1      16.8      -1.2      20.0
        .3      10.9        .4       6.3
        .2       8.9       -.2       3.4
 55006   .000000  -.549617  -.835417
  32048.6  20926.0      -.4      4.8       .1     28.6
      -.1     41.3       .1     57.2  15881.4  16693.2
      -4.2      53.0      -5.8      76.1
       -.7      21.7       -.1      20.3
        .0      14.0        .0       3.0
        .0      11.3       -.5       3.0
 55007   .000000  -.619644  -.784883
  33950.0  19145.8      -.1     43.3      -.1     28.4
       .0     32.1      -.1     57.1  17388.0  18011.4
      -7.0      56.5       2.2      78.3
       -.3      26.6        .2      19.5
        .1      17.4        .9       6.0
        .1      13.9       -.7       3.0
 55008   .000000  -.677476  -.735545
  36214.7  17610.6      -.1     43.3       .1     28.4
      -.1     22.5       .1     57.1  18822.7  19252.2
      -7.1      58.1        .5      77.1
       -.4      27.9      -1.6      23.0
        .2      18.2        .6      11.7
        .1      15.0        .2       3.0
 55009   .000000  -.724999  -.688749
  38720.3  16589.4      -.1     43.3      -.2     28.4
       .2     13.5      -.3     57.0  19992.1  20691.4
      -7.0      56.4      -4.1      79.8
       -.2      26.3        .6      20.9
       -.1      17.8       -.8       7.0
        .1      14.9        .4       3.0
 55010   .000000  -.764030  -.645181
  41186.5  15769.0      -.1     43.3       .2     28.3
      -.1      7.4       .2     57.0  21561.7  22451.7
      -8.9      53.5       3.2      79.3
       -.5      23.2        .9      24.5
        .0      17.6      -2.5      12.6
       -.1      16.6      -1.0       5.4
 55011   .000000  -.796162  -.605083
  43600.3  15172.7      -.1     43.3       .0     28.4
      -.1     86.6       .0     57.0  23097.3  23983.7
      -8.4      51.3      -1.5      82.2
       -.5      22.9        .2      30.2
       -.2      17.6        .0      13.3
       -.1      17.5        .5       5.1
 55012   .000000  -.822730  -.568432
  46556.8  14794.4      -.1     43.3      -.3     28.5
      -.1     86.6      -.2     57.0  24848.5  25683.3
      -7.0      53.7      -2.2      87.6
        .2      21.9        .1      31.6
        .2      16.7      -1.2       7.3
        .3      15.8        .1       3.0
 55013   .000000  -.844819  -.535052
  49348.5  14421.4      -.1     43.3       .2     28.3
      -.1     86.6       .2     56.9  26625.0  27921.0
      -7.8      51.2       1.4      81.0
       -.2      21.5        .0      30.9
        .0      15.6       -.5       9.2
        .1      14.2       -.4       3.5
 55014   .000000  -.863297  -.504697
  52426.6  14138.9      -.1     43.3      -.1     28.3
      -.1     86.6      -.1     56.9  28640.5  29719.9
      -7.7      49.2       2.0      84.5
       -.2      22.3       2.6      31.8
        .5      17.9      -1.4      12.7
        .3      16.8        .7       3.9
 55015   .000000  -.878853  -.477092
  55257.4  14005.9      -.1     43.3      -.4     28.2
      -.1     86.6      -.4     56.8  31014.3  31723.5
      -8.9      51.8      -3.5      89.9
       -.1      23.5        .4      34.2
       -.3      19.1        .1      13.8
        .1      18.7        .5       7.6
 55016   .000000  -.892036  -.451965
  58186.6  13927.2      -.1     43.3       .1     28.1
      -.1     86.6       .2     56.7  32844.2  33694.7
     -10.0      52.2       2.3      86.0
        .0      22.9       1.7      40.1
        .2      17.7        .7      11.1
       -.1      16.5        .5       3.0
 55017   .000000  -.903278  -.429057
  61590.9  13615.6      -.1     43.3       .0     28.2
      -.1     86.6       .0     56.7  34944.6  35682.8
     -10.8      50.0       -.9      90.8
       -.4      22.1        .6      40.8
       -.2      16.7      -1.5      12.1
        .0      14.9      -1.4       9.6
 55018   .000000  -.912924  -.408131
  64638.5  13511.8      -.1     43.3       .0     28.0
      -.1     86.6       .0     56.6  36651.0  37757.7
      -8.2      52.8       2.5      92.0
       -.2      22.7       -.3      43.9
        .2      18.7      -1.1      11.6
       -.1      17.0        .0       6.2
 55019   .000000  -.921250  -.388972
  67857.6  13492.9      -.1     43.3       .1     28.0
      -.1     86.6       .1     56.5  38713.6  39992.5
      -8.0      52.4       -.2      91.3
       -.3      23.8      -1.7      42.5
        .0      19.5       -.4      15.7
       -.1      19.5        .2      10.5
 55020   .000000  -.928477  -.371391
  70825.3  13361.8      -.1     43.3       .2     28.1
      -.1     86.6       .2     56.5  41542.5  42320.8
      -9.5      50.2       2.2      94.4
        .1      23.4      -1.7      45.9
        .0      18.2        .9      15.2
        .1      17.0        .0       5.5
 55021   .000000  -.934784  -.355218
  74177.6  13336.4      -.1     43.3      -.3     28.0
      -.1     86.6      -.4     56.4  42749.3  43558.2
      -9.4      51.7       -.8      95.7
       -.1      22.6       -.8      44.9
       -.2      17.0       -.4      19.0
        .0      15.7      -1.4       7.4
 55022   .000000  -.940315  -.340305
  77439.8  13242.2      -.1     43.3       .0     28.1
      -.1     86.6       .0     56.4  45102.5  46351.1
      -8.8      49.2        .9     100.3
       -.5      23.5        .3      45.7
        .2      18.7       -.1      15.2
        .0      17.2        .2      14.7
 55023   .000000  -.945190  -.326520
  80831.5  13271.3      -.1     43.3       .2     28.1
      -.1     86.6       .2     56.4  47352.1  48563.5
      -9.8      51.6      -2.9      94.4
       -.6      24.7       1.6      48.2
        .6      20.3        .2      14.8
        .1      19.6      -1.1       8.8
 55024   .000000  -.949506  -.313750
  83792.3  13237.8      -.1     43.3       .1     27.8
      -.1     86.6       .1     56.2  49372.6  50799.2
     -10.2      50.5       -.6      99.3
       -.7      23.8       -.1      52.5
       -.3      18.7        .7      16.8
        .0      17.7        .2       5.3
 55025   .000000  -.953342  -.301892
  87246.2  13163.5      -.1     43.3       .1     27.9
      -.1     86.6       .1     56.2  51447.6  52848.3
      -8.4      46.3       2.9      96.1
       -.1      22.6        .3      51.6
        .1      17.2        .2      16.8
        .2      15.9      -1.7      13.4
 55026   .000000  -.956767  -.290857
  90534.9  13194.1      -.1     43.3      -.1     28.0
      -.1     86.6      -.2     56.2  53306.6  54819.9
     -12.1      51.9       2.3     100.2
       -.5      23.3       1.3      51.9
        .0      18.6        .3      17.3
        .3      17.6       -.6       6.4
 55027   .000000  -.959834  -.280567
  93948.5  13180.5      -.1     43.3      -.2     27.8
      -.1     86.6      -.2     56.1  56620.2  57536.8
      -9.3      50.6      -1.4      99.8
       -.4      24.7       -.1      54.3
        .1      20.4       -.7      17.8
       -.1      20.0        .1      11.5
 55028   .000000  -.962593  -.270952
  97214.4  13127.7      -.1     43.3       .2     27.8
      -.1     86.6       .3     56.1  58176.1  59673.7
     -10.5      50.3        .9     105.0
       -.6      24.3       2.4      56.9
        .2      18.2       -.9      19.0
        .3      17.8        .5       9.4
 55029   .000000  -.965081  -.261951
 100722.5  13160.2      -.1     43.3       .0     27.7
      -.1     86.6      -.1     56.1  60841.7  62172.4
     -10.5      53.0      -1.0     106.2
       -.6      23.0        .0      55.8
       -.2      17.9       -.9      24.6
        .2      15.8       -.4       9.7
 55030   .000000  -.967333  -.253508
 103744.9  13195.3      -.1     43.3       .3     27.9
      -.1     86.6       .2     55.9  62436.1  64183.1
      -8.4      46.4      -1.7     108.4
       -.7      23.5      -1.1      56.8
       -.1      19.1       -.9      25.2
        .1      17.8      -2.6      13.5
 55031   .000000  -.969377  -.245576
 107325.8  13144.7      -.1     43.3      -.2     27.6
      -.1     86.6      -.2     55.9  65145.0  66661.7
     -10.6      53.4      -1.2     110.0
       -.7      25.4       -.5      58.5
        .1      20.6       -.3      23.0
        .0      19.9        .8      18.3
 55032   .000000  -.971238  -.238110
 110490.0  13109.2      -.1     43.3       .1     27.7
      -.1     86.6       .1     55.9  66713.1  68744.2
      -8.4      49.1       6.7     107.9
       -.4      23.7       -.5      58.8
        .2      19.1        .4      23.2
        .2      18.0      -1.0      12.8
 55033   .000000  -.972937  -.231072
 113676.5  13126.3      -.1     43.3       .0     27.7
      -.1     86.6       .0     55.9  69911.6  71159.7
      -9.4      46.4       -.6     111.1
       -.6      22.4      -2.2      60.7
       -.1      17.6       -.7      23.9
        .2      16.1       -.1      17.5
 55034   .000000  -.974491  -.224428
 117086.0  13190.6      -.1     43.3       .2     27.5
      -.1     86.6       .1     55.8  71418.5  73354.0
     -10.6      48.9       4.2     109.0
      -1.0      24.2       -.2      62.7
        .1      18.9      -1.3      27.1
        .1      17.8       -.1      15.9
 55035   .000000  -.975916  -.218146
 120634.2  13146.3      -.1     43.3       .1     27.5
      -.1     86.6       .1     55.7  74014.1  75265.8
     -10.0      53.5       -.1     107.8
       -.9      25.1      -1.1      59.4
       -.3      20.8        .6      28.2
       -.1      20.0        .8      10.8
 55036   .000000  -.977227  -.212198
 123359.5  13021.7      -.1     43.3       .1     28.9
      -.1     86.6     61.6     21.7  74787.8  76821.3
     -10.9      52.1      52.4      90.5
       -.9      23.8      61.7      38.7
       -.6      19.4      62.4      25.6
       -.7      18.8      61.3      24.4
 55037   .000000  -.978434  -.206558
 127491.6  13094.1      -.1     43.3      -.2     27.5
      -.1     86.6      -.1     55.7  76714.4  79240.5
     -12.0      50.5      -3.6     117.5
       -.9      22.7       1.1      66.9
        .3      17.8       -.4      25.6
       -.4      16.1        .4      12.6
 55038   .000000  -.979549  -.201205
 130736.8  13120.7      -.1     43.3       .2     27.6
      -.1     86.6       .1     55.7  79879.4  82830.6
     -11.9      50.9      -2.0     118.0
      -1.3      23.7       -.4      64.2
        .3      18.9       -.4      24.2
        .2      17.9      -1.4      10.9
 55039   .000000  -.980581  -.196116
 133832.6  13070.1      -.1     43.3      -.2     27.7
      -.1     86.6      -.2     55.6  82549.3  84957.5
     -11.1      52.0       1.9     115.9
       -.8      25.5      -1.2      65.4
        .3      20.8       -.1      31.2
        .3      20.3       1.9      22.2
 55040   .000000  -.981537  -.191274
 137498.6  13060.8      -.1     43.3      -.3     27.6
      -.1     86.6      -.3     55.6  84489.3  87636.1
      -7.1      46.1       -.1     117.1
       -.6      24.8        .3      66.2
        .4      19.1        .7      30.7
        .2      18.2       1.5      10.9
 55041   .000000  -.982424  -.186661
 141196.0  13163.9      -.1     43.3       .1     27.3
      -.1     86.6       .1     55.4  87432.4  89399.8
     -10.9      48.4      -2.1     118.4
       -.6      23.8      -1.7      65.5
        .0      17.8        .1      29.4
        .2      16.4       -.3      21.3
 55042   .000000  -.983250  -.182261
 144474.2  13162.2      -.1     43.3       .0     27.2
      -.1     86.6      -.1     55.4  89203.1  92387.0
     -10.6      49.8       5.0     117.7
      -1.0      24.8      -1.8      69.8
        .1      19.6      -1.1      29.8
        .1      18.0        .4      21.2
 55043   .000000  -.984020  -.178061
 147663.5  13109.0      -.1     43.3      -.2     27.4
      -.1     86.6      -.1     55.4  91983.8  94405.9
      -8.8      49.9       2.6     116.9
       -.5      25.4        .9      69.7
       -.3      20.7       -.9      31.7
        .3      20.2      -2.1      19.8
 55044   .000000  -.984737  -.174047
 150702.2  13123.6      -.1     43.3      -.2     27.5
      -.1     86.6      -.2     55.4  95389.3  97783.2
     -10.6      50.5        .4     120.5
       -.9      24.0        .9      68.9
       -.2      19.3        .3      35.7
        .0      18.3      -2.0      14.0
 55045   .000000  -.985408  -.170207
 154582.0  13134.4      -.1     43.3      -.1     27.2
      -.1     86.6      -.1     55.3  95591.1  99143.9
      -7.0      48.3      -3.0     121.1
      -1.0      24.3       -.7      70.2
       -.1      17.6       -.3      34.2
       -.1      16.6        .4      15.5
 55046   .000000  -.986036  -.166531
 157927.8  13124.8      -.1     43.3       .1     27.5
      -.1     86.6       .1     55.3  98785.4 101220.9
      -7.2      47.5       -.3     121.4
       -.8      23.8       -.2      70.4
       -.3      19.1       1.3      31.9
        .0      18.2       1.9      22.8
 55047   .000000  -.986625  -.163008
 161226.7  13076.6      -.1     43.3       .2     27.3
      -.1     86.6       .3     55.2 101196.8 103750.5
      -9.7      52.2       6.3     117.9
      -1.2      26.4       1.6      71.4
        .1      21.0       1.5      33.6
        .6      20.3       2.5      15.1
 55048   .000000  -.987696  -.156385
 168014.9  13214.7      -.1     43.3       .0     27.3
      -.1     86.6       .0     55.1 106204.3 108889.0
      -5.8      42.4       4.3     119.7
       -.9      23.4       -.3      69.7
        .0      17.8        .7      33.7
       -.4      16.0        .2      18.7
 55049   .000000  -.988644  -.150274
 175123.4  13123.8      -.1     43.3       .0     27.2
      -.1     86.6       .1     55.1 111435.2 113558.2
      -8.6      47.7       4.5     123.7
       -.9      25.2       1.2      73.7
       -.1      21.0       1.5      36.0
        .3      20.4      -1.5      21.5
 55050   .000000  -.989488  -.144617
 182169.3  13181.6      -.1     43.3      -.2     27.1
      -.1     86.6      -.2     55.0 117002.8 119190.0
     -13.7      56.7      -2.8     119.1
      -1.3      23.1       1.1      74.1
        .1      17.8        .3      37.8
        .1      16.7       -.7      15.0
 55051   .000000  -.990241  -.139367
 188820.8  13248.4      -.1     43.3       .1     26.8
      -.1     86.6       .1     54.7 119828.6 123013.9
     -13.6      51.5      -2.0     127.3
      -1.3      25.9       -.2      74.2
        .4      21.3       -.5      35.1
       -.2      20.3       -.2      22.7
 55052   .000000  -.990916  -.134481
 195412.5  13150.1      -.1     43.3       .4     26.8
      -.1     86.6       .4     54.8 123892.0 127088.3
     -11.0      47.8       6.7     131.1
      -1.0      23.4        .8      76.6
        .2      17.5        .7      38.8
       -.4      16.4       2.2      19.3
 55053   .000000  -.991524  -.129924
 202584.3  13204.0      -.1     43.3       .1     26.8
      -.1     86.6       .1     54.7 128214.2 132776.6
     -10.1      50.9       6.2     124.7
       -.9      26.2       -.6      76.1
        .2      21.1       -.1      37.5
       -.2      20.2       1.7      22.8
 55054   .000000  -.992073  -.125663
 209401.2  13177.9      -.1     43.3       .2     26.8
      -.1     86.6       .2     54.6 134454.8 138844.4
      -8.9      50.2     -12.9     128.7
      -1.3      24.6       1.9      78.6
        .0      17.9      -1.0      42.5
       -.1      16.6       -.4      25.4
 55055   .000000  -.992571  -.121670
 216048.3  13367.8      -.1     43.3       .0     26.9
      -.1     86.6       .0     54.5 139334.6 143199.7
      -8.7      49.9      -6.2     127.5
      -1.4      27.6       1.3      78.1
        .0      20.9        .6      40.4
        .2      20.6       -.1      24.3
 55056   .000000  -.993023  -.117921
 222796.4  13298.2      -.1     43.3       .0     26.8
      -.1     86.6       .0     54.4 142230.7 146421.1
      -9.7      45.6       2.8     132.1
      -1.1      24.1       -.7      78.3
        .2      17.5        .7      41.4
        .1      16.7        .0      23.4
 55057   .000000  -.993435  -.114396
 229999.7  13262.9      -.1     43.3       .0     26.6
      -.1     86.6       .0     54.3 148337.2 151708.9
      -8.5      40.8      -1.5     131.7
      -1.0      25.0       -.1      77.9
       -.2      21.1       -.3      41.1
        .8      20.2       3.2      27.6
 55058   .000000  -.993812  -.111073
 237134.6  13211.9      -.1     43.3       .4     26.6
      -.1     86.6       .3     54.1 152943.5 156593.3
      -5.0      44.9        .2     131.4
      -1.4      23.9        .4      78.6
       -.1      17.9       1.1      41.9
        .2      16.7      -1.1      30.2
 55059   .000000  -.994158  -.107937
 243741.9  13354.3      -.1     43.3       .0     26.3
      -.1     86.6       .0     54.1 157901.0 162023.0
      -8.2      38.9      -2.1     119.7
      -1.1      25.1       -.7      78.8
       -.2      21.0       -.7      43.6
       -.6      20.4        .4      20.4
 55060   .000000  -.994475  -.104972
 250730.1  13360.8      -.1     43.3      -.1     26.3
      -.1     86.6       .0     53.9 165914.9 168568.0
      -7.6      35.8        .8     129.6
      -1.3      22.9        .5      79.4
        .0      18.2        .0      44.5
        .0      17.0       2.6      23.3
 55061   .903278   .000000  -.429057
  61354.7   9174.4      -.2     42.6       .1     28.9
      -.2     85.4       .1     57.7  34647.4  36005.6
      -2.3      86.7       7.8      40.2
        .2      38.4        .6      22.7
       -.5      15.6       -.1      17.2
        .9       7.8       -.1      15.6
 55062   .887877   .000000  -.460082
  57317.6   9354.2       .2     42.4       .1     28.9
       .2     85.3       .1     57.7  32415.2  33452.2
      -2.9      78.6       6.1      40.8
       -.5      34.1        .3      21.5
        .5      10.1        .0      16.3
        .3       5.9        .0      14.7
 55063   .868777   .000000  -.495203
  53246.0   9426.1      -.1     42.7       .1     28.9
      -.1     85.5       .1     57.7  29580.0  30558.8
       -.6      83.0       6.3      41.4
      -1.3      29.3        .2      23.0
        .3      12.0        .2      16.8
        .8       5.0        .1      15.2
 55064   .844819   .000000  -.535052
  49333.3   9640.6       .0     42.5       .1     28.9
       .0     85.4       .1     57.7  27552.5  28198.4
      -2.3      81.1       5.9      40.8
        .2      31.4        .0      21.2
       -.6       5.2        .0      15.3
       -.3       5.0       -.1      14.1
 55065   .814421   .000000  -.580275
  45483.1  10049.7       .0     42.7       .1     28.9
       .0     85.7       .1     57.7  24257.8  25178.3
       -.3      79.7       6.6      43.6
        .4      28.6        .0      22.3
      -2.5      12.1       -.3      16.2
      -1.5       9.9       -.1      14.3
 55066   .775436   .000000  -.631426
  41626.0  10438.5      -.4     42.6       .1     28.9
      -.3     85.7       .1     57.7  22261.9  23117.5
        .3      80.5       6.5      42.3
       1.7      28.3       -.2      20.4
        .2       5.0        .2      14.3
        .2       5.0       -.2      12.9
 55067   .724999   .000000  -.688749
  38207.1  11079.4       .1     42.5       .1     28.9
       .1     85.6       .1     57.7  20134.5  20744.4
        .1      76.7       5.4      43.4
       -.9      23.8        .0      21.7
        .6       7.7        .0      14.7
       -.1       5.0        .0      13.2
 55068   .659438   .000000  -.751759
  35017.7  12077.2       .2     42.8       .1     28.9
       .2     85.8      1.0      5.5  17965.2  18733.2
      -1.1      72.9       5.6      42.1
      -2.1      23.7        .2      18.9
        .1       5.0       -.1      13.0
       -.1       5.0       -.1      11.4
 55069   .574426   .000000  -.818557
  32319.8  13803.8      -.1     42.7       .1     28.9
      -.1     85.8      -.1     10.8  16112.3  16692.5
       1.3      75.5       3.3      43.7
       -.8      20.9        .2      18.9
      -2.2      13.1        .1      12.8
        .3       5.0       -.1      11.1
 55070   .465746   .000000  -.884918
  30082.6  16969.0       .0     42.7       .1     28.9
       .0     85.8       .1     22.2  14984.7  15513.1
       -.3      73.5       3.9      41.0
        .1      15.6        .1      16.8
        .1       5.0        .1      11.1
        .1       5.0       -.2       9.1
 55071   .331088   .000000  -.943600
  28481.3  20714.5      -.2     42.7       .1      6.3
      -.2     85.9       .1     34.0  13533.9  14174.1
       -.8      72.7       3.3      38.7
       1.1      20.5        .2      11.3
      -2.1       7.8        .1       7.5
        .3       5.0       -.1       6.2
 55072   .254493   .000000  -.967075
  27851.7  22163.9       .2     43.0       .1     11.4
       .2     86.0       .1     40.0  13333.2  13835.5
       3.5      71.8       4.0      42.8
       3.9      17.8       -.1       8.9
        .2       5.0       -.1       5.7
        .0       5.0        .0       4.8
 55073   .172799   .000000  -.984957
  27476.5  22611.0       .2     42.9      -.1     17.1
       .1     86.0      -.2     45.9  13400.9  13671.2
      -6.4      72.0       2.8      48.6
       -.9      19.0        .1       6.3
        .0       5.0       -.1       3.8
       -.9       5.0       -.1       3.1
 55074   .087384   .000000  -.996175
  27259.9  22377.7       .3     42.9      -.1     23.0
       .3     86.0      -.1     51.7  13017.3  13447.0
       2.8      80.5       2.0      57.8
        .7      14.1        .1       5.5
       -.8       5.0       -.1       3.0
       -.2       5.0        .0       3.0
 55075   .000000   .000000 -1.000000
  27310.6  22284.2      -.1     42.7       .2     28.6
      -.1     85.9       .3     57.2  12927.5  13406.6
       3.9      72.2       2.6      69.2
       1.0      14.0       1.9      16.5
        .8       5.0        .7       4.4
        .3       5.0       -.1       3.0
 55076  -.087384   .000000  -.996175
  27387.7  22428.6       .5     43.0      -.2     23.0
       .4     86.1      -.2     51.8  12980.7  13627.9
      -2.0      72.6        .6      60.7
        .9      23.2       -.4       6.6
       1.3       7.9       -.1       3.0
       -.6       5.0       -.1       3.0
 55077  -.172799   .000000  -.984957
  27624.0  22766.5       .3     42.8       .2     17.3
       .3     85.9       .1     45.9  12968.2  13580.0
       6.8      73.7       -.8      49.7
      -1.2      14.5       -.5       6.8
        .2       5.0       -.1       3.8
        .6       5.0        .0       3.2
 55078  -.254493   .000000  -.967075
  27872.2  22151.9       .0     43.0       .0     11.5
      -.1     86.0      -.1     40.0  13493.6  14063.4
       1.9      72.8      -3.4      42.4
      -1.0      16.1       -.3       9.3
      -1.2       5.9       -.1       5.7
        .0       5.0       -.1       4.8
 55079  -.331088   .000000  -.943600
  28349.5  20832.8      -.2     43.0       .0      6.3
      -.2     86.0       .1     34.1  13903.2  14366.6
       2.1      74.7      -3.8      40.9
        .3      15.7       -.3      11.5
       -.3       5.0       -.1       7.5
       -.6       5.0       -.3       6.3
 55080  -.465746   .000000  -.884918
  29977.0  16943.0       .0     42.7       .1     28.9
       .0     85.9       .1     22.4  14880.9  15651.5
        .1      73.5      -4.9      43.9
        .4      14.1       -.5      16.6
       -.1       5.0        .0      11.0
        .6       5.0       -.1       9.1
 55081  -.574426   .000000  -.818557
  32328.2  13817.2       .3     42.8       .1     28.9
       .3     85.8       .1     10.8  16099.0  16828.0
       2.4      74.8      -4.8      43.8
       -.8      18.8        .2      18.8
       2.2      14.5        .1      12.9
        .3       5.0       -.1      11.3
 55082  -.659438   .000000  -.751759
  34928.5  12111.5       .1     42.7       .1     28.9
       .2     85.8       .8      5.1  18270.0  18941.3
       2.2      76.4      -4.9      43.9
       1.1      24.3       -.2      18.8
      -1.1      10.3       -.2      13.2
        .4       5.0       -.1      11.3
 55083  -.724999   .000000  -.688749
  38157.4  11081.7       .2     42.6       .1     28.9
       .2     85.7       .1     57.7  20160.8  20702.4
      -2.0      76.0      -7.9      45.2
      -1.2      23.7       -.7      21.1
        .1       5.5       -.4      14.8
        .3       6.9        .0      13.0
 55084  -.775436   .000000  -.631426
  41687.5  10466.2      -.2     42.7       .1     28.9
      -.2     85.7       .1     57.7  22155.4  22925.7
      -1.8      77.1      -7.6      43.5
       2.3      22.8       -.2      19.9
      -1.3       8.7       -.5      14.5
        .4       5.0       -.1      13.0
 55085  -.814421   .000000  -.580275
  45371.6   9954.6      -.2     42.5       .1     28.9
      -.1     85.5       .1     57.7  24580.7  25543.1
       1.3      77.9      -7.1      43.6
       -.7      25.7       -.4      22.6
      -2.2      11.3       -.2      16.1
       -.1       5.0       -.1      14.1
 55086  -.844819   .000000  -.535052
  49090.6   9655.6      -.2     42.6       .1     28.9
      -.2     85.5       .1     57.7  27023.5  28016.6
        .1      74.4      -7.0      42.2
      -1.0      26.6       -.5      21.3
        .2       6.3        .0      15.5
        .4       5.0        .0      13.9
 55087  -.868777   .000000  -.495203
  53102.0   9417.7      -.2     42.4       .1     28.9
      -.2     85.4       .1     57.7  29970.7  30776.3
       2.1      79.6      -5.6      41.5
       1.2      30.6        .0      22.6
       1.2      10.7       -.1      16.7
       2.1       5.9        .0      15.1
 55088  -.887877   .000000  -.460082
  57278.7   9277.0      -.1     42.4       .1     28.9
      -.1     85.3       .1     57.7  32671.6  33548.5
       -.8      83.5      -6.1      39.1
      -1.1      31.3       -.3      21.6
       1.3      15.0       -.3      16.1
       1.6       7.5       -.2      14.4
 55089  -.903278   .000000  -.429057
  61460.3   9159.1      -.1     42.4       .1     28.9
      -.2     85.3       .1     57.7  35315.9  36288.7
      -2.1      80.5      -6.2      40.7
      -1.5      34.1       -.3      23.0
       -.6      11.1       -.3      17.4
        .3       5.0       -.3      15.6
 55090   .840060  -.367526  -.399028
  66087.7   9844.2      -.1     43.3       .1     28.9
      -.2     17.9       .1     57.7  38067.0  39083.2
      -7.5      59.1       6.1      38.4
       -.2      24.5        .0      22.7
       -.3      15.6        .3      17.2
        .1      13.0       -.2      15.8
 55091   .817505  -.390173  -.423616
  61978.6  10088.9      -.1     43.3       .1     28.9
      -.2     18.4       .1     57.7  34848.8  35943.7
      -5.4      63.3       6.3      41.7
       -.1      24.6        .0      20.8
        .0      15.7        .1      15.9
        .2      13.3       -.1      14.7
 55092   .790440  -.414981  -.450551
  58157.2  10384.5      -.1     43.3       .1     28.9
      -.1     18.7       .1     57.7  33117.5  33921.0
      -6.0      61.3       7.0      42.1
       -.1      24.5        .5      22.4
       -.1      16.0       -.1      16.6
        .2      13.4        .1      15.1
 55093   .757796  -.442047  -.479937
  54674.3  10771.7      -.1     43.3       .1     28.9
      -.1     19.4       .1     57.7  30110.2  31179.3
      -5.6      60.1       6.7      43.8
       -.1      25.4        .3      20.2
        .0      16.2        .0      15.1
        .1      13.7       -.1      13.7
 55094   .718269  -.471364  -.511767
  51421.0  11333.5      -.1     43.3       .1     28.9
      -.4     19.8       .1     57.7  28428.8  29236.3
      -6.0      59.2       5.9      43.1
       -.3      25.7        .2      21.4
        .1      16.4        .0      15.4
        .1      14.1       -.1      14.4
 55095   .670317  -.502738  -.545830
  47931.5  12068.7      -.1     43.3       .1     28.9
       .1     20.4       .1     57.7  25468.8  26486.1
      -6.7      58.6       5.6      42.1
       -.4      25.4        .4      19.3
        .3      16.5       -.1      13.8
        .0      14.3        .0      12.6
 55096   .612205  -.535679  -.581595
  45136.7  13111.5      -.1     43.3       .1     28.9
       .0     21.1       .1     57.7  23911.9  24927.0
      -5.4      57.5       5.1      42.7
       -.3      26.3        .3      20.2
       -.2      17.2        .1      14.0
       -.1      14.4       -.1      12.7
 55097   .542159  -.569267  -.618061
  42630.2  14714.7      -.1     43.3       .1     28.9
       .0     21.7      -.9     11.0  22584.5  23428.2
      -5.2      58.1       5.3      42.1
       -.1      26.8        .4      18.2
        .1      17.7        .0      12.5
        .1      14.8        .0      11.0
 55098   .458673  -.602008  -.653609
  40411.9  16849.2      -.1     43.3       .1     28.9
       .0     22.0       .1      9.4  20750.4  21445.2
      -6.3      59.1       4.6      42.7
       -.7      27.2        .4      17.2
        .2      17.5        .1      11.5
        .0      14.8       -.1      10.0
 55099   .361020  -.631785  -.685938
  38659.1  18394.1      -.1     43.3       .1     28.9
      -.1     22.7       .1     20.8  19926.9  20708.1
      -6.9      56.3       5.2      42.3
       -.2      27.4        .2      15.8
        .1      17.9        .0      10.0
       -.1      15.1        .1       8.5
 55100   .249898  -.655981  -.712208
  37282.7  18224.6      -.1     43.3       .0      5.1
       .0     22.8       .2     33.1  18898.0  19620.5
      -6.9      60.0       2.7      47.4
       -.5      27.8        .3      10.7
       -.1      18.1        .0       6.8
       -.1      15.0       -.1       5.7
 55101   .190037  -.665130  -.722141
  36637.0  18004.0      -.1     43.3      -.1     10.7
       .0     22.7       .0     39.2  18728.7  19381.4
      -8.1      58.8       2.5      49.7
       -.2      27.2        .3       8.8
        .2      18.2        .0       5.4
        .2      15.0        .0       4.4
 55102   .127982  -.671905  -.729496
  36547.4  17754.3      -.1     43.3      -.2     16.5
      -.3     22.8      -.2     45.3  19005.5  19653.0
      -5.2      57.6       1.7      59.2
       -.1      27.9        .3       7.7
        .3      18.6       -.1       3.6
       -.2      15.1        .0       3.0
 55103   .064388  -.676070  -.734019
  36242.9  17720.8      -.1     43.3       .0     22.7
       .0     22.7       .0     51.4  18622.4  19182.2
      -6.2      60.0       4.6      67.0
       -.5      27.4        .2       9.7
        .0      18.2       -.1       3.1
        .1      14.9       -.1       3.0
 55104   .000000  -.677476  -.735545
  36137.0  17553.5      -.1     43.3       .1     28.4
      -.1     22.6       .1     57.1  18346.4  18879.9
      -8.8      60.4      -1.1      74.1
        .0      27.6       -.2      23.7
        .3      18.3       -.4       5.2
        .1      14.9       -.2       3.0
 55105  -.064388  -.676070  -.734019
  36192.3  17607.1      -.1     43.3       .1     22.6
       .2     22.7       .1     51.3  18610.1  19237.0
      -6.6      59.2       -.9      66.9
        .0      27.9        .0       8.2
       -.3      18.7       -.2       3.0
        .2      14.9       -.1       3.0
 55106  -.127982  -.671905  -.729496
  36362.2  17818.3      -.1     43.3      -.2     16.6
      -.1     22.8       .0     45.3  17840.7  18812.0
      -5.2      60.3      -1.2      57.7
       -.2      27.8       -.2       7.0
       -.1      18.1       -.1       3.6
        .1      15.2       -.1       3.0
 55107  -.190037  -.665130  -.722141
  36704.6  17886.8      -.1     43.3       .1     10.7
       .0     22.9      -.1     39.3  18519.9  19280.2
      -6.2      57.8      -2.3      48.8
       -.8      27.9       -.3       9.3
        .2      17.8        .0       5.1
        .3      15.1       -.1       4.3
 55108  -.249898  -.655981  -.712208
  37340.0  18185.9      -.1     43.3       .0      5.1
      -.1     22.8       .0     33.1  18995.8  19498.6
      -7.1      59.9      -2.2      44.8
       -.6      28.2       -.3      11.6
        .4      18.3        .0       7.0
        .0      15.1       -.1       5.7
 55109  -.361020  -.631785  -.685938
  38608.8  18458.0      -.1     43.3       .1     28.9
       .1     22.5       .0     20.8  19908.9  20534.2
      -8.1      60.6      -4.2      43.0
        .0      27.4       -.2      15.7
        .4      17.8        .1      10.0
        .2      15.1        .1       8.6
 55110  -.458673  -.602008  -.653609
  40324.2  16694.2      -.1     43.3       .1     28.9
       .1     22.2       .1      9.5  20834.8  21427.7
      -6.7      58.4      -5.1      43.2
       -.5      27.0       -.9      17.6
       -.1      17.6       -.1      11.5
        .1      14.8       -.1      10.2
 55111  -.542159  -.569267  -.618061
  42610.5  14686.8      -.1     43.3       .1     28.9
       .1     21.4       .9     10.0  22555.7  23221.7
      -6.8      56.3      -5.3      42.7
       -.2      26.6       -.3      18.2
        .3      17.3        .1      12.6
        .1      14.8       -.1      10.9
 55112  -.612205  -.535679  -.581595
  45354.5  13161.1      -.1     43.3       .1     28.9
       .2     21.1       .1     57.7  24107.6  25028.7
      -8.7      61.7      -6.2      43.8
       -.8      26.6       -.6      20.3
        .3      16.9        .0      14.2
        .3      14.5        .1      12.8
 55113  -.670317  -.502738  -.545830
  48142.6  12112.7      -.1     43.3       .1     28.9
       .0     20.5       .1     57.7  25820.4  26867.4
      -7.0      61.5      -7.1      43.9
        .0      25.8       -.4      19.8
        .1      17.0       -.2      14.2
        .2      14.3       -.2      12.5
 55114  -.718269  -.471364  -.511767
  51444.4  11313.0      -.1     43.3       .1     28.9
       .1     20.0       .1     57.7  27746.8  28951.5
      -3.7      59.8      -5.3      42.1
       -.1      26.0       -.7      21.8
        .3      16.6        .2      15.6
        .2      13.9        .0      14.2
 55115  -.757796  -.442047  -.479937
  54584.7  10809.5      -.1     43.3       .1     28.9
       .1     19.3       .1     57.7  30225.1  31393.5
      -7.8      58.9      -6.8      43.3
        .1      25.3       -.3      20.0
        .1      16.0       -.3      14.9
        .1      13.9        .0      13.7
 55116  -.790440  -.414981  -.450551
  58450.4  10404.7      -.1     43.3       .1     28.9
      -.2     18.8       .1     57.7  32508.6  33550.3
      -6.5      59.1      -6.6      42.7
       -.6      25.3       -.5      22.4
       -.1      16.0       -.4      16.6
        .2      13.4        .1      15.2
 55117  -.817505  -.390173  -.423616
  62067.8  10049.0      -.1     43.3       .1     28.9
      -.1     18.3       .1     57.7  34861.0  35960.7
      -5.0      58.1      -7.5      40.0
       -.4      24.8       -.7      21.5
       -.1      15.7       -.6      15.9
        .2      13.4       -.2      14.9
 55118  -.840060  -.367526  -.399028
  65701.4   9885.6      -.1     43.3       .1     28.9
       .0     17.9       .1     57.7  37631.3  38701.5
      -6.0      60.6      -7.0      41.0
       -.6      24.2       -.6      23.0
        .1      15.3       -.2      17.0
        .2      13.0       -.1      16.0
 55119   .708659  -.620076  -.336613
  78013.9  11684.6      -.1     43.3       .1     28.9
      -.1     86.6       .1     57.7  45447.6  46681.9
     -10.1      57.5       7.7      41.8
       -.5      23.0        .2      21.8
        .5      17.6       -.1      16.1
        .2      16.4       -.1      14.6
 55120   .677337  -.646549  -.350984
  75076.7  12277.5      -.1     43.3       .1     28.9
      -.1     86.6       .1     57.7  43177.4  44732.5
      -9.1      55.0       7.6      42.7
        .0      22.5        .1      19.8
        .0      17.7        .1      14.7
        .0      16.6       -.1      13.1
 55121   .641844  -.673936  -.365851
  71859.1  12936.6      -.1     43.3       .1     28.9
      -.1     86.6       .1     57.7  41262.6  42429.3
      -7.3      53.4       5.0      43.3
       -.5      22.9        .4      20.6
       -.1      17.8       -.1      15.1
        .0      17.0       -.1      13.7
 55122   .601687  -.701968  -.381068
  69190.5  13489.2      -.1     43.3       .1     28.9
      -.1     86.6       .1     57.7  39290.5  40423.6
      -8.0      52.2       6.3      44.4
       -.2      23.4       -.1      19.9
        .5      18.0       -.2      13.6
        .1      17.0       -.2      11.9
 55123   .556388  -.730259  -.396426
  66462.6  14056.2      -.1     43.3       .1     28.9
      -.1     86.6       .1     57.7  36900.4  38546.2
      -6.6      51.5       5.6      43.8
        .0      23.0        .2      19.4
        .2      18.4        .0      14.0
        .1      17.3        .0      12.4
 55124   .505524  -.758286  -.411641
  64000.1  14862.6      -.1     43.3       .1     28.9
      -.1     86.6       .1     57.7  35319.0  36632.1
      -8.2      53.8       6.4      45.9
       -.6      23.1        .3      18.6
        .2      18.3       -.1      12.4
        .2      17.8        .0      10.9
 55125   .448787  -.785377  -.426348
  61712.2  15107.1      -.1     43.3       .1     28.9
      -.1     86.6       .1     57.7  34500.8  35816.6
      -7.5      52.4       4.0      45.4
       -.3      23.4        .6      18.0
       -.2      18.6        .2      12.0
        .1      18.2        .0      10.5
 55126   .386057  -.810720  -.440105
  59963.8  15083.6      -.1     43.3       .1     28.9
      -.1     86.6       .1     57.7  33894.5  34630.4
      -8.9      52.5       4.7      49.9
       -.4      23.5        .1      17.3
        .1      18.5        .0      10.7
        .0      18.2        .0       9.2
 55127   .317480  -.833386  -.452409
  58381.1  14772.1      -.1     43.3       .1     28.9
      -.1     86.6       .1      6.8  32758.5  33845.6
      -8.2      50.4       5.0      47.4
       -.4      23.4        .4      15.7
        .1      19.0       -.3       9.6
       -.3      18.5        .0       8.2
 55128   .243541  -.852392  -.462727
  56854.3  14345.0      -.1     43.3       .1     28.9
      -.1     86.6      -.1     18.8  31755.9  32950.7
     -10.2      52.1       4.5      54.6
        .1      23.4       -.1      15.3
       -.1      19.0        .0       8.8
        .0      18.9       -.1       7.1
 55129   .165103  -.866792  -.470544
  56044.8  14146.6      -.1     43.3       .0      3.6
      -.1     86.6       .3     31.6  31094.4  32253.1
      -8.3      48.9       2.3      54.0
       -.5      23.9        .3      11.7
       -.4      19.2        .0       5.9
        .3      18.8       -.1       4.8
 55130   .124573  -.872008  -.473376
  55588.7  13976.0      -.1     43.3       .1      9.4
      -.1     86.6       .0     38.0  31341.4  32047.6
      -8.1      51.8       -.1      56.6
       -.3      23.6        .2      12.3
        .6      19.1       -.1       4.6
        .1      18.7       -.2       3.6
 55131   .083409  -.875791  -.475429
  55446.9  14115.5      -.1     43.3       .0     15.8
      -.1     86.6       .0     44.5  30774.6  31632.4
      -9.0      52.5       3.7      67.0
       -.7      23.8        .3      13.2
        .0      19.1        .0       3.3
       -.2      18.9       -.1       3.0
 55132   .041814  -.878085  -.476675
  55413.5  14006.5      -.1     43.3      -.1     22.1
      -.1     86.6       .0     50.8  30870.3  31689.9
      -8.3      47.5        .6      78.6
       -.1      24.0        .0      21.4
        .1      19.3       -.1       3.0
       -.2      18.6       -.1       3.0
 55133   .000000  -.878853  -.477092
  55358.0  13982.0      -.1     43.3       .3     28.2
      -.1     86.6       .3     56.8  30924.5  31800.2
      -9.3      52.3      -2.4      86.9
        .1      23.8        .1      35.7
       -.2      19.3        .1      17.2
        .1      18.7       -.6       5.4
 55134  -.041814  -.878085  -.476675
  55305.1  13943.4      -.1     43.3       .1     22.2
      -.1     86.6       .1     50.8  30591.8  31756.4
      -9.3      52.1      -6.4      76.9
       -.1      23.5       -.1      17.6
        .3      19.1       -.1       3.0
       -.2      18.8       -.1       3.0
 55135  -.083409  -.875791  -.475429
  55488.7  13982.5      -.1     43.3       .2     15.9
      -.1     86.6       .0     44.6  30760.0  31516.9
      -9.1      51.7      -1.2      67.6
       -.4      23.4       -.4      13.3
        .2      19.0       -.1       3.2
        .1      18.5       -.1       3.0
 55136  -.124573  -.872008  -.473376
  55803.6  14064.7      -.1     43.3      -.2      9.4
      -.1     86.6       .0     38.1  30664.9  31536.4
      -7.0      50.2      -1.7      60.9
       -.3      24.2       -.3      12.0
        .2      19.1       -.1       4.5
        .2      18.7       -.1       3.7
 55137  -.165103  -.866792  -.470544
  56022.6  14122.9      -.1     43.3       .0      3.5
      -.1     86.6       .0     31.4  31205.8  32061.8
      -8.0      53.5      -4.4      55.7
       -.2      23.7       -.2      13.2
        .2      19.0       -.2       6.0
       -.3      18.7       -.1       4.8
 55138  -.243541  -.852392  -.462727
  57096.0  14380.2      -.1     43.3       .1     28.9
      -.1     86.6      -.1     18.7  31102.4  32316.8
     -10.9      53.0      -4.8      55.9
       -.3      24.1       -.3      15.0
        .0      19.0       -.3       8.8
       -.4      18.8       -.1       7.1
 55139  -.317480  -.833386  -.452409
  58322.0  14663.8      -.1     43.3       .1     28.9
      -.1     86.6       .2      6.6  32201.9  33368.4
      -8.6      53.3      -5.2      48.5
       -.5      23.9       -.7      15.6
        .0      18.9       -.1       9.5
       -.1      18.5       -.1       8.3
 55140  -.386057  -.810720  -.440105
  59858.8  15032.3      -.1     43.3       .1     28.9
      -.1     86.6       .1     57.7  33372.8  34550.5
     -10.0      54.2      -6.4      48.5
       -.4      23.7       -.4      17.3
        .2      18.7       -.1      11.1
        .0      18.2       -.2       9.3
 55141  -.448787  -.785377  -.426348
  61838.9  15095.0      -.1     43.3       .1     28.9
      -.1     86.6       .1     57.7  34795.4  35727.2
      -8.4      50.4      -7.6      50.9
       -.6      23.5       -.4      18.3
        .0      18.4       -.1      12.0
        .1      18.1       -.1      10.5
 55142  -.505524  -.758286  -.411641
  63931.0  14949.1      -.1     43.3       .1     28.9
      -.1     86.6       .1     57.7  35805.6  36859.3
      -8.0      54.4      -7.2      45.5
       -.5      23.1       -.7      18.8
       -.1      18.4       -.2      12.6
        .0      18.0       -.2      10.9
 55143  -.556388  -.730259  -.396426
  66384.7  14209.2      -.1     43.3       .1     28.9
      -.1     86.6       .1     57.7  37998.4  38952.6
      -8.7      49.8      -5.4      44.2
        .0      22.8       -.3      19.7
       -.1      18.2       -.2      13.6
        .0      17.5        .1      12.6
 55144  -.601687  -.701968  -.381068
  69043.4  13462.3      -.1     43.3       .1     28.9
      -.1     86.6       .1     57.7  39378.5  40999.0
      -8.8      54.8      -6.1      42.5
      -1.0      23.3       -.9      19.4
       -.2      18.1       -.1      13.6
        .4      17.3       -.1      12.1
 55145  -.641844  -.673936  -.365851
  71933.7  12816.4      -.1     43.3       .1     28.9
      -.1     86.6       .1     57.7  41130.5  42552.2
      -8.2      54.7      -7.2      44.5
       -.7      22.9       -.5      21.4
        .1      17.8        .0      15.3
        .1      16.8        .0      13.7
 55146  -.677337  -.646549  -.350984
  74839.8  12259.8      -.1     43.3       .1     28.9
      -.1     86.6       .1     57.7  43734.0  45030.8
      -9.0      54.4      -7.3      41.4
       -.4      23.0       -.4      20.0
        .0      17.5        .1      14.5
        .2      16.5        .0      13.1
 55147  -.708659  -.620076  -.336613
  78134.5  11799.8      -.1     43.3       .1     28.9
      -.1     86.6       .1     57.7  45149.3  46102.4
     -10.2      56.7      -8.3      42.1
       -.4      23.0       -.6      22.1
        .2      17.5       -.1      16.3
       -.1      16.3       -.2      14.4
 55148   .482910  -.845093  -.229382
 114613.6  14411.2      -.1     43.3       .1     28.9
      -.1     86.6       .1     57.7  70107.3  71464.3
      -7.4      51.6       5.0      43.9
       -.7      22.3        .7      18.8
        .4      16.9       -.3      13.1
        .5      15.6       -.3      11.3
 55149   .451149  -.861285  -.233777
 112676.1  14540.6      -.1     43.3       .1     28.9
      -.1     86.6       .1     57.7  68041.8  70388.5
      -9.9      51.3       5.9      46.3
       -.5      22.9        .5      19.2
       -.1      17.1        .2      12.2
        .2      16.1       -.1      10.6
 55150   .417577  -.876913  -.238019
 110610.5  14410.0      -.1     43.3       .1     28.9
      -.1     86.6       .1     57.7  67023.9  69181.2
     -10.9      51.2       5.3      48.1
       -.6      22.3        .6      18.9
        .1      17.5       -.1      12.0
        .0      16.0       -.1      10.4
 55151   .382204  -.891810  -.242063
 108776.6  14300.0      -.1     43.3       .1     28.9
      -.1     86.6       .1     57.7  66761.4  68084.5
      -8.8      51.6       6.7      52.7
       -.5      22.8        .3      19.0
       -.1      17.1        .0      11.5
        .2      16.1        .1       9.7
 55152   .345068  -.905804  -.245861
 106868.2  13967.6      -.1     43.3       .1     28.9
      -.1     86.6       .1     57.7  63790.2  66101.6
      -6.7      47.5       4.4      55.1
       -.1      22.2        .2      18.0
        .1      17.5        .0      10.8
       -.1      16.0       -.1       9.0
 55153   .306238  -.918714  -.249365
 105770.1  13873.6      -.1     43.3       .1     28.9
      -.1     86.6       .1     57.7  63102.2  65175.3
     -12.4      53.7       8.8      57.2
       -.6      22.9        .2      19.2
        .0      17.5        .0      10.7
        .1      16.5       -.2       8.7
 55154   .265817  -.930361  -.252527
 104309.6  13765.1      -.1     43.3       .1     28.9
      -.1     86.6       .1     57.7  63378.8  64852.2
      -7.3      48.5       2.2      59.5
       -.1      22.7        .0      19.1
       -.1      17.4        .1       9.3
       -.2      16.3        .0       7.5
 55155   .223945  -.940570  -.255298
 103167.2  13510.8      -.1     43.3       .1     28.9
      -.1     86.6       .1     57.7  62792.7  64468.9
     -10.9      52.2       2.7      64.9
       -.8      22.5        .4      19.4
       -.2      17.9        .2       9.2
        .3      16.4        .0       7.3
 55156   .180796  -.949177  -.257634
 102254.4  13312.3      -.1     43.3       .1     28.9
      -.1     86.6       .0      3.9  61176.4  63044.6
     -11.0      51.7       2.1      67.3
       -.4      22.5        .3      18.3
       -.1      17.8        .0       7.8
       -.1      16.4       -.1       6.0
 55157   .136577  -.956038  -.259496
 101344.6  13234.9      -.1     43.3       .1     28.9
      -.1     86.6       .1     16.8  60468.8  62245.4
      -9.2      47.8       3.9      74.5
       -.7      23.2        .4      20.5
        .3      17.5        .0       7.3
        .4      16.5       -.1       5.5
 55158   .091527  -.961030  -.260851
 101046.8  13240.0      -.1     43.3       .1      2.0
      -.1     86.6       .0     30.1  60931.4  62134.8
     -12.0      51.9       7.2      78.9
       -.7      22.7        .2      20.1
        .3      17.5        .0       5.6
       -.1      16.2       -.1       3.8
 55159   .068771  -.962796  -.261330
 100704.4  13187.2      -.1     43.3       .0      8.4
      -.1     86.6       .1     37.0  60547.0  62212.6
     -10.0      50.9      -3.1      78.8
      -1.0      22.9        .5      25.2
        .0      17.7       -.1       5.2
       -.4      16.1        .0       3.0
 55160   .045908  -.964064  -.261674
 101000.4  13286.0      -.1     43.3       .1     15.1
      -.1     86.6       .1     43.6  60781.3  62113.4
     -12.4      51.8       5.3      89.0
       -.5      22.7       -.2      29.6
        .2      17.6        .0       5.4
       -.1      16.4       -.1       3.0
 55161   .022972  -.964827  -.261882
 100360.8  13089.4      -.1     43.3       .1     21.7
      -.1     86.6       .1     50.2  59552.6  62286.9
      -9.6      49.2       2.4      99.1
       -.4      22.4        .7      38.0
        .1      17.3       -.2       6.8
       -.1      16.0       -.1       3.0
 55162   .000000  -.965081  -.261951
 100261.5  13090.2      -.1     43.3       .1     27.6
      -.1     86.6       .1     56.0  60101.1  61817.5
     -11.2      48.9       1.0     107.1
       -.7      22.6      -2.3      53.9
       -.1      17.3        .5      19.5
       -.4      16.2        .2       7.7
 55163  -.022972  -.964827  -.261882
 100406.0  13144.1      -.1     43.3       .0     21.8
      -.1     86.6       .0     50.4  60333.6  62461.6
      -9.2      51.0      -1.0      89.9
       -.5      22.2        .4      39.9
        .2      17.7        .3       9.2
        .2      15.8       -.1       3.0
 55164  -.045908  -.964064  -.261674
 101005.7  13190.2      -.1     43.3      -.1     15.1
      -.1     86.6      -.1     43.7  60485.0  62444.6
     -12.0      51.2        .8      91.1
       -.6      22.7       -.1      30.7
       -.2      17.7       -.1       5.7
        .4      16.0        .0       3.0
 55165  -.068771  -.962796  -.261330
 100820.8  13152.8      -.1     43.3       .0      8.5
      -.1     86.6       .1     36.9  60456.2  61970.6
     -10.1      50.3        .4      88.7
       -.7      23.2       -.4      23.8
       -.2      17.4        .0       5.0
        .0      16.1       -.1       3.0
 55166  -.091527  -.961030  -.260851
 101060.6  13200.6      -.1     43.3       .4     15.2
      -.1     86.6       .0     30.4  60790.9  62594.6
     -11.1      52.0      -2.5      74.3
       -.2      22.9       -.3      21.5
        .0      17.5       -.2       5.5
        .0      16.1       -.1       3.9
 55167  -.136577  -.956038  -.259496
 101349.6  13223.3      -.1     43.3       .1     28.9
      -.1     86.6      -.4     16.7  60577.8  62199.6
     -10.7      54.1      -2.3      72.6
       -.9      23.2       -.5      20.1
        .1      17.6        .0       7.3
        .2      16.5        .0       5.5
 55168  -.180796  -.949177  -.257634
 102037.2  13356.3      -.1     43.3       .1     28.9
      -.1     86.6      -.1      4.0  60675.5  62858.4
     -10.8      50.8      -4.2      64.1
       -.4      22.4       -.4      17.5
        .3      17.8       -.1       7.7
        .3      16.5        .0       6.1
 55169  -.223945  -.940570  -.255298
 103124.6  13415.4      -.1     43.3       .1     28.9
      -.1     86.6       .1     57.7  62343.7  64017.4
      -8.4      49.3      -4.8      63.1
       -.5      23.1       -.5      19.5
       -.1      17.6       -.2       8.9
        .0      16.4       -.2       7.3
 55170  -.265817  -.930361  -.252527
 104095.5  13583.1      -.1     43.3       .1     28.9
      -.1     86.6       .1     57.7  62052.1  64017.5
     -10.3      47.1      -4.0      58.7
       -.9      22.4       -.7      18.3
        .1      17.3        .0       9.4
       -.1      16.1       -.1       7.5
 55171  -.306238  -.918714  -.249365
 105540.8  13769.6      -.1     43.3       .1     28.9
      -.1     86.6       .1     57.7  63932.7  65805.1
      -8.2      48.5      -5.2      56.9
       -.8      22.6       -.5      18.7
        .0      17.7       -.1      10.6
       -.1      16.6       -.1       8.7
 55172  -.345068  -.905804  -.245861
 106811.4  13976.9      -.1     43.3       .1     28.9
      -.1     86.6       .1     57.7  64261.1  66324.5
     -12.2      51.3      -7.0      56.4
       -.5      23.0       -.3      17.7
        .0      17.2       -.2      10.7
       -.2      16.1       -.2       9.1
 55173  -.382204  -.891810  -.242063
 109005.7  14262.0      -.1     43.3       .1     28.9
      -.1     86.6       .1     57.7  66093.6  67540.7
      -9.1      53.4      -8.6      54.1
      -1.1      23.0       -.9      20.1
       -.1      17.2       -.3      11.5
        .3      15.9        .2       9.7
 55174  -.417577  -.876913  -.238019
 110595.7  14347.8      -.1     43.3       .1     28.9
      -.1     86.6       .1     57.7  67079.3  68995.9
     -10.6      49.9      -6.7      50.4
      -1.0      22.8       -.7      19.2
       -.1      17.2       -.2      11.8
        .7      16.0        .3      10.4
 55175  -.451149  -.861285  -.233777
 112478.6  14494.5      -.1     43.3       .1     28.9
      -.1     86.6       .1     57.7  67938.6  70203.4
      -6.7      48.9      -5.0      43.8
       -.4      22.0       -.6      18.8
        .1      17.0       -.1      12.3
        .3      16.1        .0      10.7
 55176  -.482910  -.845093  -.229382
 114911.2  14529.5      -.1     43.3       .1     28.9
      -.1     86.6       .1     57.7  70561.6  72523.3
     -13.2      52.7      -7.0      46.0
       -.7      22.4       -.7      19.3
       -.1      16.9       -.2      13.1
        .2      15.7        .0      11.4
 55177   .337328  -.927651  -.160231
 164617.8  13930.1      -.1     43.3       .1     28.9
      -.1     86.6       .1     57.7 103888.1 106037.6
      -9.2      53.7       4.5      45.4
      -1.0      23.6        .5      19.1
        .4      17.9       -.2      10.8
        .3      16.7       -.1       9.2
 55178   .312066  -.936198  -.161707
 162698.7  13786.7      -.1     43.3       .1     28.9
      -.1     86.6       .1     57.7 101092.0 104180.9
      -9.3      47.0       4.9      57.0
       -.8      22.6        .7      20.8
       -.2      18.0        .1      11.2
        .5      16.7       -.3       9.1
 55179   .286124  -.944211  -.163091
 161363.5  13790.5      -.1     43.3       .1     28.9
      -.1     86.6       .1     57.7 101806.4 104427.2
      -5.7      43.1       4.1      52.5
       -.6      22.7        .4      20.6
        .1      17.9        .0       9.9
        .0      16.8       -.1       8.3
 55180   .259539  -.951641  -.164374
 159758.7  13607.7      -.1     43.3       .1     28.9
      -.1     86.6       .1     57.7  98506.5 102744.2
     -11.2      52.3       2.0      58.6
       -.6      23.4        .3      21.9
        .1      17.8        .1      10.1
        .1      16.7       -.1       8.1
 55181   .232349  -.958440  -.165549
 158994.4  13507.9      -.1     43.3       .1     28.9
      -.1     86.6       .1     57.7 100100.3 102248.2
     -10.0      47.8       8.7      66.7
      -1.0      24.1        .4      22.0
       -.4      17.8        .1       8.9
        .2      16.5        .0       7.3
 55182   .204604  -.964562  -.166606
 157843.1  13557.2      -.1     43.3       .1     28.9
      -.1     86.6       .1     57.7  99562.5 101915.9
      -8.7      51.9       2.4      72.8
       -.7      23.0        .8      22.8
        .0      17.8        .0       9.5
        .0      16.7       -.2       7.4
 55183   .176357  -.969963  -.167539
 156812.8  13368.6      -.1     43.3       .1     28.9
      -.1     86.6       .1     57.7  98315.3 100817.2
      -7.6      49.0       4.9      76.1
      -1.0      24.0        .4      24.9
        .1      17.8       -.1       8.3
        .2      17.0        .0       6.5
 55184   .147667  -.974605  -.168341
 156039.1  13288.1      -.1     43.3       .1     28.9
      -.1     86.6       .1     57.7  99227.3 101371.9
      -9.6      47.8      10.6      77.8
      -1.3      23.3        .9      24.9
        .1      17.8       -.1       8.7
        .0      16.8       -.1       6.2
 55185   .118600  -.978453  -.169006
 155459.9  13283.1      -.1     43.3       .1     28.9
      -.1     86.6      -.1      2.5  97802.5  99908.9
     -10.7      51.7      10.2      85.8
       -.6      23.1        .0      25.0
        .1      17.6       -.1       8.0
        .1      16.7       -.1       5.1
 55186   .089225  -.981478  -.169528
 155160.1  13235.2      -.1     43.3       .1     28.9
      -.1     86.6      -.1     15.9  97033.2 100267.5
     -10.8      49.9       4.8      84.6
       -.8      23.2       -.1      27.6
        .1      17.6       -.1       8.2
        .1      16.6        .0       5.0
 55187   .059616  -.983656  -.169904
 154821.9  13164.4      -.1     43.3      -.6     19.0
      -.1     86.6      -.1     29.8  96122.6  98598.8
     -10.9      53.8        .6      95.2
       -.6      23.0        .2      29.3
        .0      17.8       -.1       6.5
        .0      16.4       -.1       4.1
 55188   .044746  -.984421  -.170036
 154848.8  13263.8      -.1     43.3       .0      8.0
      -.1     86.6       .0     36.5  96601.7  98975.1
      -7.3      48.1       4.3     105.8
       -.9      23.2        .0      37.7
        .3      17.9       -.1       7.6
       -.1      16.4       -.1       3.0
 55189   .029848  -.984969  -.170131
 154362.8  13128.7      -.1     43.3      -.1     14.8
      -.1     86.6       .1     43.3  96723.1  99358.0
     -10.6      50.0        .8     113.0
       -.7      23.2       -.1      42.7
        .0      17.6        .0       9.7
        .0      16.7        .0       4.5
 55190   .014929  -.985299  -.170188
 154732.4  13241.6      -.1     43.3      -.1     21.4
      -.1     86.6      -.2     49.7  97157.5  99157.8
      -9.6      50.5       7.4     107.9
       -.7      22.6      -1.1      55.3
        .4      17.6       -.1      15.5
        .0      16.7       -.1       5.3
 55191   .000000  -.985408  -.170207
 154387.7  13140.7      -.1     43.3       .0     27.3
      -.1     86.6       .0     55.3  97689.4  99544.2
     -11.6      51.3      -2.1     120.7
       -.9      23.6        .3      70.8
       -.2      17.7        .0      34.1
        .3      16.4       1.0      14.9
 55192  -.014929  -.985299  -.170188
 154661.4  13141.0      -.1     43.3       .0     21.5
      -.1     86.6       .0     49.9  97250.4  99569.6
     -11.4      50.2       1.0     114.1
       -.6      23.1        .7      57.6
       -.2      17.6       -.5      14.9
        .2      16.1       -.1       4.6
 55193  -.029848  -.984969  -.170131
 154617.0  13237.1      -.1     43.3      -.2     15.6
      -.1     86.6      -.1     43.1  97858.5 100234.7
      -9.8      49.8       1.7     100.2
       -.7      23.4       -.4      42.8
       -.4      17.9       -.3      10.1
        .2      16.6       -.1       3.8
 55194  -.044746  -.984421  -.170036
 154722.8  13150.2      -.1     43.3      -.1      8.0
      -.1     86.6      -.1     36.4  97219.5  99465.2
      -9.8      50.1      -3.5      96.4
       -.9      23.3       -.4      35.8
       -.4      17.8       -.1       7.7
       -.2      16.3       -.1       3.3
 55195  -.059616  -.983656  -.169904
 155056.9  13135.8      -.1     43.3       .0      1.2
      -.1     86.6       .2     29.6  97666.3  99756.0
      -8.2      48.8        .9      94.9
       -.9      23.8       -.5      31.0
        .0      17.6       -.2       7.4
        .3      16.6        .0       3.7
 55196  -.089225  -.981478  -.169528
 155287.8  13185.8      -.1     43.3       .1     28.9
      -.1     86.6      -.1     16.0  97385.1 100288.4
     -13.3      52.3     -11.6      89.0
       -.3      22.9       -.7      26.3
        .0      17.9       -.1       8.1
        .1      16.9       -.1       4.9
 55197  -.118600  -.978453  -.169006
 155407.9  13246.4      -.1     43.3       .1     28.9
      -.1     86.6       .0      2.5  97609.6 100618.5
      -8.5      46.6      -2.0      84.1
      -1.3      23.4       -.4      26.7
        .3      18.0       -.1       7.6
        .5      16.9        .0       5.1
 55198  -.147667  -.974605  -.168341
 156233.1  13239.2      -.1     43.3       .1     28.9
      -.1     86.6       .1     57.7  97609.8  99782.9
     -10.5      49.5      -5.6      76.3
       -.8      23.7       -.1      27.3
       -.1      17.6       -.1       8.6
        .2      17.0       -.1       6.3
 55199  -.176357  -.969963  -.167539
 156925.3  13306.8      -.1     43.3       .1     28.9
      -.1     86.6       .1     57.7  98704.3 101386.8
     -10.5      52.3      -7.7      76.3
      -1.0      23.3       -.5      22.8
        .0      18.2       -.1       8.2
        .2      16.5       -.1       6.5
 55200  -.204604  -.964562  -.166606
 157913.7  13463.7      -.1     43.3       .1     28.9
      -.1     86.6       .1     57.7  99367.9 101878.9
      -8.1      49.0      -2.2      73.0
      -1.2      23.0      -1.0      23.3
        .0      18.0       -.2       9.7
        .0      17.0       -.1       7.4
 55201  -.232349  -.958440  -.165549
 158969.8  13602.6      -.1     43.3       .1     28.9
      -.1     86.6       .1     57.7  99656.0 102703.9
      -9.3      48.6      -5.0      67.3
       -.8      23.0       -.8      21.5
       -.2      17.9       -.3       9.7
       -.2      17.1       -.2       7.4
 55202  -.259539  -.951641  -.164374
 160238.9  13585.5      -.1     43.3       .1     28.9
      -.1     86.6       .1     57.7 100521.3 102854.7
      -7.7      49.3      -9.3      61.9
       -.8      23.9       -.9      22.4
        .2      17.8       -.1      10.4
       -.2      16.9       -.1       8.4
 55203  -.286124  -.944211  -.163091
 161465.4  13733.2      -.1     43.3       .1     28.9
      -.1     86.6       .1     57.7  99358.4 103209.1
      -7.4      51.2      -3.7      53.9
       -.9      23.4       -.7      20.7
       -.1      17.8       -.1      10.0
        .0      16.6       -.1       8.3
 55204  -.312066  -.936198  -.161707
 162644.2  13821.4      -.1     43.3       .1     28.9
      -.1     86.6       .1     57.7 101659.2 104648.7
      -6.8      47.6      -5.0      56.6
       -.8      23.1      -1.0      20.9
        .1      17.7       -.1      10.9
       -.1      17.1       -.1       9.1
 55205  -.337328  -.927651  -.160231
 164291.8  13915.5      -.1     43.3       .1     28.9
      -.1     86.6       .1     57.7 103832.7 106258.9
     -11.0      51.4      -5.1      47.1
      -1.3      23.4       -.8      20.2
        .2      17.7       -.1      11.1
        .4      16.9        .1       9.2
