OCR_prd2017blk:newR11@-300V,0T@20d,263K,rhe=1.10,rhh=0.7,0.00/0.00              
   550   1   .00  28   3  29   3  300.00  263.00     .00 1.00000  1000.0    -.33    -.19  150.000  100.000  290.000  1000.0    -.16    -.10    1.50    1.00     .85
 55351  -.105170   .946530  -.304993
  88074.0  13296.3      -.2     43.3       .1      2.3
      -.2     86.6       .0     30.6  51878.2  53213.7
       9.8      49.4      -1.6      74.4
       1.4      23.3       -.5      18.1
       -.1      17.9        .1       5.5
        .0      16.1        .1       4.1
 55352  -.113613   .937303  -.329476
  81521.0  13356.4      -.2     43.3       .0      2.4
      -.2     86.6       .2     30.7  46766.9  48181.4
       9.2      48.7       1.0      72.1
        .7      24.5       -.1      16.3
        .1      20.5        .1       5.6
        .1      19.7        .1       4.2
 55353  -.123410   .925573  -.357888
  74903.6  13503.1      -.2     43.3       .0      2.7
      -.2     86.6       .0     30.9  42983.6  44415.3
      10.1      49.1        .0      67.5
        .7      22.0       -.1      14.4
        .1      16.9        .1       5.7
        .5      15.7        .0       4.3
 55354  -.134874   .910397  -.391134
  68579.5  13683.9      -.2     43.3       .1      2.9
      -.2     86.6       .1     31.0  39463.0  40436.4
       9.5      51.8      -2.2      61.1
        .8      24.0       -.1      14.1
        .1      19.9        .1       5.9
        .1      19.3        .1       4.4
 55355  -.148397   .890380  -.430350
  62494.9  13889.8      -.2     43.3       .1      3.2
      -.2     86.6      -.1     31.2  35331.3  36390.4
       9.7      50.1      -1.9      59.2
        .2      22.3        .0      13.2
        .3      16.4        .1       5.9
        .1      15.4        .1       4.6
 55356  -.164460   .863416  -.476934
  56404.4  14273.2      -.2     43.3       .1      3.5
      -.2     86.6       .0     31.6  31111.4  31878.6
      10.4      51.0      -2.9      55.2
        .7      23.8       -.1      12.0
        .1      19.1        .1       5.9
        .2      18.4        .2       4.8
 55357  -.183618   .826279  -.532491
  50511.6  14794.9      -.2     43.3       .0      3.9
      -.2     86.6       .3     32.0  27522.0  28326.1
       9.3      53.5      -3.5      48.8
        .8      21.6       -.1      12.4
        .3      15.8        .0       6.2
        .0      14.2        .1       4.9
 55358  -.206405   .774019  -.598575
  45080.3  15664.0      -.2     43.3       .0      4.3
      -.4     15.0      -.1     32.3  23633.0  24529.7
      10.2      52.0      -1.7      51.3
        .5      23.1        .0      11.3
        .3      17.8        .0       6.5
        .0      17.4        .1       5.3
 55359  -.233063   .699189  -.675882
  39922.6  17196.3      -.2     43.3      -.1      4.9
      -.1     13.8       .0     32.9  20608.2  21526.5
       8.3      57.0      -3.0      46.1
        .3      26.2        .0      11.0
        .4      17.3        .1       6.8
        .4      15.4        .0       5.6
 55360  -.262862   .591440  -.762300
  35594.5  20158.9      -.2     43.3       .2      5.5
       .2     32.0       .0     33.1  17993.8  18570.1
       6.1      58.3      -3.4      42.0
        .7      26.0        .0      11.4
       -.1      17.3        .1       7.0
        .0      14.1        .1       5.9
 55361  -.292854   .439281  -.849276
  31861.3  22432.4       .0      8.8       .0      5.9
       .0     50.5      -.1     33.8  15714.5  16316.0
       6.1      49.6      -3.9      45.0
        .8      16.9       -.1      11.0
        .1      10.8        .1       7.2
        .1       9.1        .2       6.1
 55362  -.316664   .237498  -.918324
  29534.1  21674.7       .1     25.5      -.1      6.1
       .1     68.6      -.2     34.2  14110.0  14905.9
       5.4      49.5      -3.0      39.9
        .2       8.7        .1      11.3
        .3       5.6        .0       7.3
        .2       5.0        .1       6.2
 55363  -.325991   .000000  -.945373
  28772.2  21048.0      -.2     42.8       .0      6.1
      -.1     85.9      -.1     34.0  14134.4  14688.1
       3.0      74.0      -2.6      38.4
        .4      17.0        .1      11.2
        .2       5.0        .1       7.5
       1.0       5.0        .0       6.2
 55364  -.323582  -.121343  -.938387
  29110.0  21271.3      -.3     34.4      -.2      6.1
      -.3     77.5       .0     34.1  14016.1  14623.6
      -2.4      62.3      -4.2      42.4
       -.2       6.9        .0      11.4
        .1       5.0        .1       7.5
        .2       5.0        .2       6.2
 55365  -.316664  -.237498  -.918324
  29596.5  21690.4      -.2     25.6      -.1      6.2
      -.3     68.8      -.1     34.0  14430.8  15074.4
      -7.7      54.3      -4.4      39.2
       -.1       9.4       -.1      11.2
        .0       5.6        .1       7.4
        .2       5.0        .0       6.3
 55366  -.306058  -.344315  -.887567
  30519.8  22329.4       .0     18.3      -.1      6.0
       .1     59.7      -.1     34.0  14830.2  15362.6
      -4.1      47.7      -3.8      39.4
       -.2      12.7       -.2      11.1
        .2       8.3        .0       7.5
        .2       6.8        .1       6.1
 55367  -.292854  -.439281  -.849276
  32017.8  22527.0       .0      8.8       .0      5.9
      -.4     50.7       .0     33.7  15556.0  16351.6
      -4.4      50.4      -2.5      43.3
        .3      16.8        .0      11.2
        .1      11.0        .1       7.4
        .1       9.2        .1       6.1
 55368  -.278147  -.521525  -.806626
  33494.6  21654.1      -.5      6.8      -.1      5.7
      -.1     41.3      -.1     33.5  16496.4  17314.2
      -2.9      53.4      -2.8      43.1
        .2      21.5        .2      10.9
        .3      13.8        .2       7.1
        .1      11.4        .0       6.1
 55369  -.262862  -.591440  -.762300
  35521.9  19979.4      -.2     43.3      -.1      5.4
      -.1     31.9       .1     33.2  17832.4  18504.1
      -5.9      56.5      -3.2      44.1
       -.4      26.1        .1      10.9
       -.1      17.2        .0       7.0
        .2      14.2        .2       5.9
 55370  -.233063  -.699189  -.675882
  39813.0  17155.4      -.2     43.3       .0      5.0
       .0     13.8      -.1     32.7  20566.5  21165.2
      -6.8      56.9      -4.4      45.7
        .2      25.8        .0      11.2
       -.1      17.6        .0       6.7
        .3      15.2        .2       5.5
 55371  -.206405  -.774019  -.598575
  44903.8  15583.2      -.2     43.3       .0      4.4
      -.2     86.6       .0     32.3  23935.7  24611.5
      -7.6      51.5      -2.4      48.7
        .2      23.1        .0      11.0
        .1      17.7        .1       6.5
        .1      17.6        .0       5.4
 55372  -.183618  -.826279  -.532491
  50280.1  14748.8      -.2     43.3      -.1      4.0
      -.2     86.6      -.1     31.8  27604.9  28557.3
      -7.8      49.2      -2.9      50.9
       -.3      21.0        .0      11.5
       -.1      15.8        .0       6.1
        .1      14.3        .0       5.0
 55373  -.164460  -.863416  -.476934
  56294.9  14199.7      -.2     43.3       .0      3.5
      -.2     86.6       .2     31.6  31349.8  32241.3
      -7.4      47.4      -3.0      54.0
       -.3      23.6       -.1      12.9
        .4      18.9        .2       6.1
        .3      18.6        .1       4.8
 55374  -.148397  -.890380  -.430350
  62394.4  13880.6      -.2     43.3      -.1      3.2
      -.2     86.6       .1     31.2  35076.1  36097.1
      -9.1      52.5       -.4      59.4
       -.1      21.9       -.2      13.1
        .1      16.6        .2       5.8
        .2      15.4        .1       4.6
 55375  -.134874  -.910397  -.391134
  68721.9  13674.1      -.2     43.3      -.1      2.9
      -.2     86.6      -.2     31.2  39230.4  40730.9
      -7.1      52.6      -1.6      63.4
       -.6      24.2       -.3      13.9
        .3      19.9        .2       5.6
        .4      19.5        .1       4.4
 55376  -.123410  -.925573  -.357888
  74979.1  13450.4      -.2     43.3      -.1      2.7
      -.2     86.6      -.2     30.9  42393.5  43697.6
      -9.3      50.5       -.8      65.4
       -.4      22.2        .0      15.1
       -.1      17.0        .0       5.7
        .1      15.9        .2       4.3
 55377  -.113613  -.937303  -.329476
  81490.6  13393.9      -.2     43.3       .3     14.3
      -.2     86.6      -.2     30.7  47103.6  48713.1
      -9.0      52.5      -1.5      71.3
       -.2      24.0       -.3      17.3
        .0      20.0        .1       5.6
        .0      19.6        .1       4.1
 55378  -.105170  -.946530  -.304993
  87904.9  13279.8      -.2     43.3       .0      2.3
      -.2     86.6       .1     30.5  51861.7  53306.0
      -8.4      50.9      -2.5      70.5
       -.5      23.0       -.1      16.6
        .3      17.4        .1       5.4
        .0      16.0        .1       4.0
 55379   .863216  -.064741  -.500666
  53616.0   9521.4       .0     33.2      -.1     28.9
      -.1     76.4      -.1     57.7  30233.1  31127.6
      -2.4      74.7       7.3      42.4
       -.3      13.7       -.1      23.0
        .1       5.0        .1      16.7
        .1       5.0        .1      14.9
 55380   .838516  -.069876  -.540377
  49561.0   9742.3       .2     33.5      -.1     28.9
       .1     76.6      -.1     57.7  27487.2  28262.2
       -.1      70.7       6.2      41.5
        .2      13.4        .5      20.9
        .2       5.0        .0      15.3
        .2       5.0        .1      14.2
 55381   .807288  -.075683  -.585284
  45941.4  10067.6       .3     33.5      -.1     28.9
       .3     76.6      -.1     57.7  24950.3  25623.3
      -2.8      73.0       6.7      44.7
       -.1      12.4        .5      22.8
        .1       5.0        .3      15.9
        .2       5.0        .1      14.6
 55382   .767414  -.082223  -.635858
  42117.8  10552.0       .1     33.9      -.1     28.9
       .0     76.9      -.1     57.7  22741.4  23494.6
      -4.8      66.8       5.7      41.9
        .1       8.9        .0      20.2
        .2       5.0        .1      14.2
        .1       5.0        .1      13.0
 55383   .716102  -.089513  -.692232
  38569.4  11158.1      -.2     33.9      -.1     28.9
      -.3     77.0      -.1     57.7  20426.8  21063.7
       -.2      71.0       4.6      45.0
        .0       9.7        .1      21.7
        .1       5.0        .0      14.8
        .2       5.0       -.1      13.2
 55384   .649830  -.097475  -.753803
  35473.4  12308.3       .1     33.9      -.1     28.9
       .0     77.1      -.4      6.6  18325.3  18999.1
      -5.0      64.8       4.9      41.5
        .1       8.0        .3      18.8
        .2       5.0        .2      13.1
        .1       5.0        .1      11.3
 55385   .564543  -.105852  -.818588
  32726.3  14190.7       .0     34.2      -.1     28.9
      -.1     77.2       .2     10.7  16672.4  17195.5
      -2.3      60.5       5.6      44.0
        .0       5.7        .5      18.3
        .2       5.0        .3      12.8
        .2       5.0        .2      11.1
 55386   .456422  -.114106  -.882416
  30715.5  17355.8       .4     34.2      -.1     28.9
       .3     77.4       .2     22.1  15349.7  15808.4
      -6.1      64.5       3.0      42.9
       -.4       8.3        .5      17.0
        .2       5.0        .1      11.0
        .2       5.0        .0       9.2
 55387   .323582  -.121343  -.938387
  29018.0  21250.9       .0     34.4      -.1      6.2
       .0     77.5       .0     34.0  13971.9  14525.4
      -7.8      57.9       3.7      38.7
       -.1       5.6        .4      11.3
        .1       5.0        .2       7.5
        .1       5.0        .1       6.2
 55388   .168544  -.126408  -.977555
  28032.1  23222.7       .1     34.6       .0     17.2
       .0     77.7       .0     46.0  13272.9  13991.3
      -6.4      59.9       1.7      51.5
        .1       5.3        .1       6.4
        .1       5.0        .2       3.9
        .1       5.0        .1       3.2
 55389   .000000  -.128243  -.991743
  27990.5  22889.0      -.2     34.3      -.1     28.5
      -.2     77.5      -.1     57.2  13151.0  13810.5
      -3.0      59.1       1.4      76.0
       -.2       6.2       -.2      18.2
        .1       5.0       -.5       4.3
        .1       5.0        .3       3.0
 55390  -.085184  -.127776  -.988138
  27997.9  22891.0       .2     34.4       .0     23.1
       .1     77.6      -.1     51.7  13130.8  13799.6
      -5.0      64.4      -1.4      61.8
        .2       5.7       -.2       5.5
        .0       5.0        .1       3.0
        .2       5.0        .1       3.0
 55391  -.168544  -.126408  -.977555
  28084.6  23289.4      -.2     34.5       .0     17.1
      -.2     77.6       .0     45.8  13478.1  13965.7
      -5.0      58.8      -3.8      45.6
       -.1       6.2       -.1       6.9
        .1       5.0        .1       3.8
        .2       5.0        .1       3.2
 55392  -.248443  -.124222  -.960648
  28366.9  22651.2       .3     34.5      -.2     11.5
       .3     77.5       .0     40.0  13704.4  14118.1
      -2.0      58.1      -2.2      44.5
       -.3       7.3        .0       8.8
        .0       5.0        .1       5.6
        .1       5.0        .1       4.7
 55393  -.323582  -.121343  -.938387
  28920.1  21286.0       .0     34.4       .0      6.2
      -.1     77.5      -.1     34.0  13900.2  14456.0
      -3.4      57.0      -3.2      38.5
       -.1       6.3        .0      11.1
        .2       5.0        .1       7.4
        .1       5.0        .1       6.2
 55394  -.393068  -.117920  -.911917
  29835.1  19417.3       .1     34.2       .3      3.6
       .0     77.3      -.1     28.2  14248.8  14983.7
      -3.9      58.3      -3.6      40.3
       -.2       7.2       -.2      14.2
        .2       5.0        .1       9.2
        .2       5.0        .2       7.7
 55395  -.456422  -.114106  -.882416
  30543.4  17239.6      -.1     34.3      -.1     28.9
      -.1     77.4      -.1     22.2  15227.3  15768.4
      -5.7      59.8      -3.6      41.3
        .0       6.6        .0      16.4
        .1       5.0        .2      10.8
        .1       5.0        .1       9.2
 55396  -.513527  -.110042  -.850988
  31623.9  15312.9       .0     34.2      -.1     28.9
       .0     77.4      -.1     16.4  15507.7  16217.4
      -2.5      64.4      -4.7      41.5
        .0       6.8       -.5      18.3
        .2       5.0        .3      12.2
        .2       5.0        .0      10.4
 55397  -.564543  -.105852  -.818588
  32851.1  14050.8      -.1     34.3      -.1     28.9
      -.2     77.2       .2     10.7  16670.9  17198.8
      -1.8      63.8      -2.7      41.7
       -.2       7.5       -.2      18.7
        .2       5.0        .2      12.7
        .2       5.0        .0      11.0
 55398  -.649830  -.097475  -.753803
  35534.5  12339.6       .4     34.0      -.1     28.9
       .3     77.1       .3      7.0  18634.1  19181.5
      -7.1      63.8      -5.9      43.2
        .0       8.6       -.1      18.9
        .1       5.0       -.2      13.0
        .1       5.0        .1      11.4
 55399  -.716102  -.089513  -.692232
  38783.0  11162.9       .2     33.7      -.1     28.9
       .1     76.9      -.1     57.7  20531.3  21207.3
      -3.6      65.9      -5.7      44.9
       -.3       9.8       -.1      21.5
        .3       5.0        .0      15.0
        .2       5.0        .2      13.2
 55400  -.767414  -.082223  -.635858
  42116.3  10519.6      -.2     33.8      -.1     28.9
      -.2     76.8      -.1     57.7  22258.7  23172.1
      -4.5      62.0      -6.2      42.3
       -.4      10.2       -.4      20.1
        .2       5.0        .3      14.3
        .1       5.0        .3      12.9
 55401  -.807288  -.075683  -.585284
  45732.3  10024.7       .0     34.1      -.1     28.9
      -.1     76.7      -.1     57.7  24600.8  25679.4
      -1.9      66.5      -7.5      43.8
       -.3       9.6       -.5      22.2
        .2       5.0        .0      16.1
        .2       5.0        .0      14.4
 55402  -.838516  -.069876  -.540377
  49571.3   9737.4      -.1     33.5      -.1     28.9
      -.2     76.6      -.1     57.7  27585.2  28257.3
      -4.4      72.1      -6.9      42.2
       -.2      12.3       -.1      21.2
        .2       5.0       -.1      15.5
        .2       5.0        .0      13.9
 55403  -.863216  -.064741  -.500666
  53428.1   9469.1      -.5     33.4      -.1     28.9
      -.5     76.4      -.1     57.7  30191.1  30861.3
      -2.4      72.7      -6.2      42.7
       -.3      14.8       -.5      23.3
        .2       5.0        .0      17.1
        .1       5.0        .1      15.2
 55404  -.882965  -.060202  -.465563
  57706.0   9358.6       .0     33.1      -.1     28.9
       .0     76.3      -.1     57.7  32547.7  33475.4
        .3      76.8      -7.4      39.5
        .3      15.1       -.1      21.7
        .2       5.0        .1      16.3
        .2       5.0        .1      14.7
 55405  -.898927  -.056183  -.434481
  61677.2   9175.9      -.2     33.4      -.1     28.9
      -.1     76.3      -.1     57.7  35199.1  36384.1
      -1.6      73.5      -5.9      41.8
       -.1      16.5       -.6      23.4
        .2       5.0        .0      17.5
        .2       5.0        .0      15.8
 55406  -.911966  -.052613  -.406877
  65972.1   9107.0       .0     33.2      -.1     28.9
      -.1     76.2      -.1     57.7  38220.8  39133.8
      -1.3      75.3      -8.7      40.3
      -1.0      18.4       -.4      21.8
        .2       5.0        .1      16.7
        .2       5.0        .4      15.2
 55407  -.922727  -.049432  -.382272
  70167.7   9027.1       .2     33.0      -.1     28.9
       .2     75.9      -.1     57.7  39996.7  41262.9
      -3.4      75.5      -5.8      39.5
       -.8      19.5       -.3      23.4
        .3       5.0       -.2      18.2
        .2       5.0        .2      16.2
 55408   .806111  -.362750  -.467544
  57282.9  10172.7      -.2     43.3      -.1     28.9
       .0     28.3      -.1     57.7  32464.5  33273.3
      -8.0      63.7       6.0      42.3
        .1      24.9        .3      23.0
        .3      16.5       -.1      16.7
        .1      13.8        .2      15.3
 55409   .774912  -.387456  -.499388
  53423.5  10544.0      -.2     43.3      -.1     28.9
      -.1     28.8      -.1     57.7  29406.2  30511.0
      -4.5      62.1       5.9      41.2
       -.4      25.1        .3      20.9
        .1      16.7        .0      15.1
        .4      13.7        .1      13.9
 55410   .736803  -.414452  -.534182
  50237.3  11037.8      -.2     43.3      -.1     28.9
      -.3     29.2      -.1     57.7  26853.6  27980.3
      -4.7      60.8       5.6      44.0
       -.1      25.6        .5      22.0
        .0      16.5        .4      15.7
        .1      13.8       -.1      14.3
 55411   .690099  -.443635  -.571796
  46793.4  11727.6      -.2     43.3      -.1     28.9
       .5     29.7      -.1     57.7  25042.7  25870.9
      -4.8      58.4       7.8      43.4
       -.3      25.4        .5      19.9
       -.1      16.8        .2      14.4
        .4      14.0        .0      12.7
 55412   .632842  -.474632  -.611748
  43795.1  12754.6      -.2     43.3      -.1     28.9
       .4     30.3      -.1     57.7  22654.1  23567.6
      -4.4      59.5       5.9      43.0
       -.4      25.7        .5      20.6
        .0      16.6        .2      13.7
        .2      13.8        .2      12.6
 55413   .562936  -.506642  -.653006
  41114.7  14237.9      -.2     43.3      -.1     28.9
       .2     30.8      -.8      8.7  21160.4  21850.8
      -7.9      61.5       5.5      46.1
       -.2      25.5        .3      18.3
        .2      16.7        .1      12.3
        .4      13.9        .1      10.9
 55414   .478468  -.538276  -.693778
  38770.5  16526.7      -.2     43.3      -.1     28.9
       .0     31.2       .1      9.7  20256.8  20746.2
      -6.4      59.3       5.0      48.1
       -.7      25.9        .3      17.5
        .2      17.1       -.1      11.8
        .1      14.0        .1      10.4
 55415   .378295  -.567442  -.731370
  36814.8  19240.3      -.2     43.3      -.1     28.9
      -.2     31.8      -.1     21.2  18863.6  19390.7
      -6.5      57.9       5.5      46.8
       -.1      25.9        .3      16.3
        .1      17.3        .0      10.4
        .4      14.2        .1       8.7
 55416   .262862  -.591440  -.762300
  35371.2  19936.1      -.2     43.3       .0      5.4
      -.3     32.0       .1     33.4  17593.4  18277.4
      -8.7      57.1       3.2      41.9
       -.6      26.1        .4      10.8
        .3      17.1        .1       7.0
        .3      14.0        .1       5.8
 55417   .134975  -.607388  -.782855
  34720.7  19634.4      -.2     43.3       .2     16.7
      -.2     31.9       .1     45.4  17590.0  18076.1
      -5.2      56.9       3.3      53.7
        .0      26.5        .2       7.9
        .2      17.2        .2       3.5
        .0      14.0        .2       3.0
 55418   .000000  -.612997  -.790085
  34496.9  19431.8      -.2     43.3       .3     28.3
      -.2     31.8       .2     57.0  17436.6  18034.1
      -6.2      57.1      -2.8      75.8
        .0      26.1        .1      24.9
        .3      17.4       -.7       3.6
        .1      14.1       -.2       3.0
 55419  -.067953  -.611580  -.788259
  34466.6  19448.9      -.2     43.3      -.1     22.6
      -.1     32.1      -.1     51.4  17300.8  17880.1
      -6.5      58.5      -1.6      60.9
       -.1      26.4        .0       7.0
        .2      17.3        .1       3.0
        .3      14.0        .2       3.0
 55420  -.134975  -.607388  -.782855
  34713.3  19638.9      -.2     43.3      -.1     16.6
      -.2     32.2       .0     45.4  17677.6  18183.8
      -6.5      59.0      -4.0      57.3
        .0      26.3        .0       8.1
       -.1      17.6        .1       3.6
        .2      14.0        .1       3.0
 55421  -.200196  -.600588  -.774091
  34921.4  19825.2      -.2     43.3       .0     10.8
       .2     32.0       .0     39.5  17453.6  18164.8
      -7.4      57.5      -2.4      49.9
       -.8      26.2       -.3       8.8
       -.3      17.0        .1       5.2
        .1      14.0        .1       4.4
 55422  -.262862  -.591440  -.762300
  35662.6  20126.2      -.2     43.3       .2      5.5
      -.3     32.1       .1     33.4  17682.8  18495.2
      -8.0      59.0      -4.7      46.0
        .7      26.3        .1      11.0
       -.2      17.5        .0       7.2
        .1      14.0        .1       5.8
 55423  -.322373  -.580271  -.747905
  36209.9  19942.0      -.2     43.3       .4      5.2
       .2     31.7      -.3     27.3  18401.0  19086.7
      -4.9      59.2      -2.3      47.5
       -.9      26.2        .0      13.7
       -.1      17.2        .0       8.8
        .0      14.1        .0       7.2
 55424  -.378295  -.567442  -.731370
  36913.8  19278.0      -.2     43.3      -.1     28.9
      -.2     31.6       .2     21.0  18773.5  19531.8
      -5.5      56.7      -4.5      46.9
        .0      26.4        .1      16.2
        .3      17.3        .1      10.3
        .0      14.2        .0       8.8
 55425  -.430364  -.553325  -.713175
  37656.5  17921.1      -.2     43.3      -.1     28.9
       .0     31.5      -.1     15.1  19441.2  20102.0
      -5.6      57.2      -4.3      44.9
        .4      25.8        .1      17.1
       -.1      16.7        .0      11.2
        .3      14.2        .2       9.9
 55426  -.478468  -.538276  -.693778
  38724.0  16452.7      -.2     43.3      -.1     28.9
      -.1     31.4       .0      9.8  19742.2  20640.0
      -7.2      57.0      -5.6      43.7
       -.2      25.9       -.1      17.7
        .1      17.2        .1      11.7
        .2      14.1        .1      10.7
 55427  -.562936  -.506642  -.653006
  41203.9  14248.5      -.2     43.3      -.1     28.9
       .4     30.8      1.4      9.9  21501.7  22138.4
      -5.6      57.6      -6.2      43.3
        .1      26.1        .0      18.4
        .2      17.2        .0      12.6
        .3      14.2        .2      11.0
 55428  -.632842  -.474632  -.611748
  43758.1  12726.4      -.2     43.3      -.1     28.9
       .1     30.3      -.1     57.7  23092.0  23883.5
      -6.0      58.3      -6.6      45.9
        .0      25.6       -.4      20.4
        .2      16.7        .0      14.0
        .2      13.9        .2      12.8
 55429  -.690099  -.443635  -.571796
  46697.6  11743.4      -.2     43.3      -.1     28.9
       .2     29.7      -.1     57.7  25343.2  26001.3
      -5.6      60.4      -6.8      46.1
       -.1      25.2       -.1      19.7
        .1      16.4        .0      14.0
        .0      13.9        .0      12.9
 55430  -.736803  -.414452  -.534182
  50056.8  10987.1      -.2     43.3      -.1     28.9
       .1     29.1      -.1     57.7  27042.4  28039.6
      -6.0      58.9      -6.8      44.6
       -.4      25.3       -.3      21.9
        .4      16.6        .2      15.7
        .2      13.8        .1      14.6
 55431  -.774912  -.387456  -.499388
  53573.4  10573.2      -.2     43.3      -.1     28.9
       .1     28.5      -.1     57.7  29848.8  30697.8
      -6.5      60.5      -7.4      43.2
       -.1      25.1        .0      20.4
        .2      16.6        .0      14.9
        .1      13.9        .0      13.9
 55432  -.806111  -.362750  -.467544
  57109.2  10183.0      -.2     43.3      -.1     28.9
      -.3     28.2      -.1     57.7  31804.6  32649.1
      -5.1      64.7      -6.4      44.9
       -.5      25.3       -.8      22.5
        .1      16.5       -.1      16.8
        .1      13.9        .0      15.0
 55433  -.831783  -.340275  -.438577
  60941.8   9995.7      -.2     43.3      -.1     28.9
      -.1     27.8      -.1     57.7  34845.5  35805.3
      -4.8      60.2      -4.9      39.4
        .2      25.1       -.3      21.3
        .1      16.7        .0      15.9
        .4      14.0        .3      14.7
 55434  -.853040  -.319890  -.412303
  64735.5   9656.2      -.2     43.3      -.1     28.9
       .2     27.4      -.1     57.7  36919.8  38003.9
      -5.1      58.5      -5.5      41.2
        .0      24.6       -.3      23.1
       -.1      16.3       -.1      16.9
        .1      13.9        .3      15.7
 55435  -.870759  -.301417  -.388493
  68921.5   9512.7      -.2     43.3      -.1     28.9
      -.1     27.1      -.1     57.7  39320.5  40593.0
      -4.1      62.5      -6.4      39.6
       -.4      24.9       -.3      21.4
        .3      16.5        .1      16.5
        .2      14.0        .1      15.3
 55436  -.885633  -.284668  -.366905
  73042.7   9401.3      -.2     43.3      -.1     28.9
      -.2     26.9      -.1     57.7  42974.5  44047.7
      -3.7      66.1      -5.6      39.2
        .1      24.8       -.3      23.2
        .1      16.4        .2      17.9
        .2      14.1        .4      16.2
 55437   .467453  -.841416  -.271123
  98828.5  14614.8      -.2     43.3      -.1     28.9
      -.2     86.6      -.1     57.7  59455.2  60979.2
     -11.1      54.0       7.4      46.7
      -1.1      23.0        .9      19.2
       -.3      16.9        .3      12.7
        .3      15.5        .1      11.0
 55438   .429723  -.859446  -.276932
  96830.0  14498.4      -.2     43.3      -.1     28.9
      -.2     86.6      -.1     57.7  57174.5  58921.3
     -10.1      53.8       4.8      49.9
       -.6      22.9        .5      18.5
       -.1      17.0        .1      12.2
        .2      16.0        .0      10.2
 55439   .389600  -.876600  -.282460
  94632.2  14288.0      -.2     43.3      -.1     28.9
      -.2     86.6      -.1     57.7  55652.0  57328.9
     -10.9      54.3       7.1      48.2
       -.3      22.5        .6      17.8
        .2      17.0        .1      11.3
        .2      15.8        .2       9.8
 55440   .347131  -.892622  -.287623
  92929.5  13995.0      -.2     43.3      -.1     28.9
      -.2     86.6      -.1     57.7  55242.4  56592.1
      -8.3      47.3       6.4      55.3
        .0      21.6        .3      18.2
        .1      17.3        .2      10.8
        .4      16.1        .0       9.2
 55441   .302414  -.907242  -.292333
  91704.3  13826.8      -.2     43.3      -.1     28.9
      -.2     86.6      -.1     57.7  54199.7  55605.0
      -9.4      52.1       7.2      58.0
       -.2      21.9        .5      17.6
       -.1      17.4        .1       9.9
       -.1      16.1        .2       8.3
 55442   .255608  -.920190  -.296506
  90340.7  13670.2      -.2     43.3      -.1     28.9
      -.2     86.6      -.1     57.7  53432.0  54712.1
      -9.8      49.5       5.3      59.8
       -.3      22.8        .4      18.1
        .4      17.4        .0       9.4
        .1      16.2        .1       7.7
 55443   .206935  -.931206  -.300055
  89290.0  13469.0      -.2     43.3      -.1     28.9
      -.2     86.6       .1      4.4  51841.5  53421.5
     -11.7      52.2       4.4      60.0
       -.6      22.7        .8      16.6
        .0      17.5        .2       8.1
        .3      16.1        .0       6.4
 55444   .156676  -.940054  -.302906
  88624.9  13446.4      -.2     43.3      -.1     28.9
      -.2     86.6       .0     17.1  52535.4  53874.6
      -8.5      49.2       5.7      62.9
       -.3      22.8        .5      16.7
        .3      17.5        .1       7.7
        .2      16.1        .1       5.9
 55445   .105170  -.946530  -.304993
  87895.1  13389.8      -.2     43.3       .0      2.3
      -.2     86.6       .0     30.5  51945.2  53105.4
     -10.3      52.8       5.1      74.3
       -.1      22.4        .6      18.4
        .0      17.2        .1       5.7
        .2      15.8        .1       4.1
 55446   .052804  -.950480  -.306266
  87646.0  13241.8      -.2     43.3       .3     15.2
      -.2     86.6       .2     43.9  51654.5  53057.2
      -9.3      52.4       6.7      89.3
       -.6      22.2        .3      26.1
        .2      17.4        .1       4.2
        .1      15.9        .2       3.0
 55447   .000000  -.951808  -.306694
  87470.4  13216.1      -.2     43.3       .5     27.8
      -.2     86.6       .4     56.2  51359.6  52982.0
      -9.1      50.2        .7      99.4
       -.8      22.6       -.9      49.8
        .1      17.2        .7      16.6
        .1      15.7        .6       7.6
 55448  -.026430  -.951476  -.306587
  87433.3  13281.4      -.2     43.3      -.1     21.9
      -.2     86.6      -.2     50.5  51917.4  52932.3
      -9.9      51.0       2.1      92.6
       -.5      22.9      -1.1      34.5
        .1      17.3        .3       6.4
        .1      15.8        .0       3.0
 55449  -.052804  -.950480  -.306266
  87477.1  13257.9      -.2     43.3      -.1     15.2
      -.2     86.6      -.3     44.0  51461.5  53085.9
      -8.9      51.6       1.4      87.2
       -.2      22.2       -.1      24.1
        .2      17.3        .0       4.7
       -.1      16.0        .1       3.0
 55450  -.079069  -.948828  -.305734
  87596.0  13270.0      -.2     43.3      -.1      8.6
      -.2     86.6       .0     37.2  51468.0  53242.4
      -9.7      49.2       -.3      78.4
       -.3      22.3        .3      20.1
        .0      17.4        .0       4.5
       -.3      15.9        .0       3.2
 55451  -.105170  -.946530  -.304993
  87776.1  13327.5      -.2     43.3       .0      2.3
      -.2     86.6       .0     30.5  51583.5  52967.7
      -8.6      48.0      -3.8      70.3
       -.1      22.8       -.1      17.5
       -.2      17.3        .0       5.3
        .0      15.9        .1       4.0
 55452  -.131055  -.943599  -.304049
  87985.2  13355.0      -.2     43.3      -.1     28.9
      -.2     86.6      -.3     23.7  51659.3  53414.9
     -10.2      50.0      -2.4      64.9
       -.6      22.7       -.3      17.3
       -.1      17.3        .0       6.9
        .2      15.9        .1       5.1
 55453  -.156676  -.940054  -.302906
  88431.2  13356.7      -.2     43.3      -.1     28.9
      -.2     86.6       .0     17.1  52347.1  53935.5
     -10.4      54.2      -3.0      68.2
       -.5      22.1       -.1      17.3
        .0      17.5        .1       7.6
        .0      16.2        .2       5.9
 55454  -.181983  -.935915  -.301572
  88769.9  13426.8      -.2     43.3      -.1     28.9
      -.2     86.6       .0     10.6  52568.9  53746.3
     -11.2      55.2      -2.5      64.7
       -.6      22.9       -.4      18.5
       -.1      17.6        .0       8.1
        .2      15.9        .2       6.2
 55455  -.206935  -.931206  -.300055
  89309.2  13538.4      -.2     43.3      -.1     28.9
      -.2     86.6       .1      4.5  52211.4  53684.9
     -12.2      52.9      -6.1      59.6
       -.6      22.5       -.4      16.9
       -.1      17.3        .0       7.9
        .2      16.0        .0       6.5
 55456  -.255608  -.920190  -.296506
  90174.2  13727.2      -.2     43.3      -.1     28.9
      -.2     86.6      -.1     57.7  53614.5  54919.2
     -11.8      54.2      -1.9      58.0
       -.3      21.9        .0      17.9
        .3      17.6        .3       9.6
       -.1      16.0       -.1       7.6
 55457  -.302414  -.907242  -.292333
  91545.8  13897.9      -.2     43.3      -.1     28.9
      -.2     86.6      -.1     57.7  53314.0  54946.4
      -9.1      49.0      -3.4      54.5
       -.6      22.4       -.5      17.1
        .2      17.4        .1       9.7
        .1      16.1        .1       8.2
 55458  -.347131  -.892622  -.287623
  93235.7  14002.0      -.2     43.3      -.1     28.9
      -.2     86.6      -.1     57.7  54702.2  56424.7
      -9.2      51.0      -5.6      54.7
       -.8      22.6       -.4      18.0
        .2      17.3        .3      11.0
       -.1      15.9        .0       9.2
 55459  -.389600  -.876600  -.282460
  94823.8  14244.8      -.2     43.3      -.1     28.9
      -.2     86.6      -.1     57.7  56236.4  57937.5
     -11.6      53.9      -6.5      49.5
       -.5      22.6       -.4      18.6
        .3      17.1        .1      11.5
        .1      15.6        .1       9.8
 55460  -.429723  -.859446  -.276932
  96798.0  14563.9      -.2     43.3      -.1     28.9
      -.2     86.6      -.1     57.7  57200.9  59041.1
      -9.2      50.9      -7.1      50.6
       -.5      22.9       -.2      18.5
        .1      17.0        .1      12.2
        .1      15.7        .0      10.3
 55461  -.467453  -.841416  -.271123
  98810.3  14389.7      -.2     43.3      -.1     28.9
      -.2     86.6      -.1     57.7  58595.9  60539.1
      -7.7      47.8      -4.9      47.4
        .0      22.5        .0      19.5
        .1      16.7        .2      12.7
        .2      15.8        .2      11.2
 55462  -.502792  -.822750  -.265108
 101050.0  14493.3      -.2     43.3      -.1     28.9
      -.2     86.6      -.1     57.7  60395.5  62229.2
     -10.7      53.2      -6.3      45.5
       -.2      21.7       -.3      19.0
        .1      16.8        .2      12.9
        .2      15.8        .1      11.2
 55463  -.535778  -.803668  -.258960
 103447.8  14385.8      -.2     43.3      -.1     28.9
      -.2     86.6      -.1     57.7  61193.1  62753.9
      -9.0      54.5      -7.1      43.8
       -.4      21.9       -.1      19.6
        .2      16.4        .1      13.7
        .3      15.4        .0      12.6
 55464  -.566482  -.784360  -.252738
 106100.4  14026.2      -.2     43.3      -.1     28.9
      -.2     86.6      -.1     57.7  63940.3  65670.3
     -13.5      55.3      -5.8      39.5
       -.6      22.7       -.5      19.8
        .2      16.5        .1      13.4
       -.1      15.0       -.1      12.0
 55465  -.594996  -.764995  -.246498
 108444.1  13749.6      -.2     43.3      -.1     28.9
      -.2     86.6      -.1     57.7  65778.4  67706.0
     -11.0      51.6      -6.2      39.1
       -.6      22.8       -.6      20.5
        .0      16.2        .0      14.9
        .1      14.7       -.1      13.1
