Dot1_150x100_prd2012lk:dj0090h@-250V,3.8T@90d,263K,rh=1.1/.7,.7/.7              
  6114   1  3.80  60   5  29   0  250.00  263.00     .70 1.01500   950.0    -.17   88.15  150.000  100.000  285.000  1300.0    -.08   44.07    1.50    1.00     .85
 65301   .000000   .000000 -1.000000
  24742.0  18507.7       .3     41.4     45.9      5.9
       .3     84.4     46.5     33.8  11636.9  12239.3
        .0      70.5      -2.4      41.1
       -.6       9.8      -3.8      11.6
        .2       5.0      -3.9       8.5
        .0       5.0      -4.4       7.4
 65302   .000000  -.130455  -.991454
  24868.3  18463.9      -.3     35.0     46.0      6.1
      -.2     77.7     46.5     33.7  11830.4  12327.9
      -2.6      59.5      -1.7      40.0
      -1.2       6.0      -4.0      11.6
       -.7       5.0      -4.0       8.5
       -.8       5.0      -4.2       7.5
 65303   .000000  -.254493  -.967075
  25421.8  19051.1      -.5     27.0     46.3      6.1
      -.3     69.3     46.5     33.6  12114.1  12573.2
      -5.1      53.0      -1.0      39.2
      -1.3       9.0      -3.9      11.7
      -1.2       5.7      -4.1       8.6
      -1.2       5.0      -4.3       7.6
 65304   .000000  -.367167  -.930155
  26230.6  19280.7      -.8     19.0     46.2      6.2
      -.6     60.7     47.0     33.4  12286.2  12954.6
      -6.9      48.3      -1.4      38.6
      -2.0      13.0      -3.9      11.9
      -1.4       8.5      -3.7       8.4
      -1.5       7.1      -4.2       7.5
 65305   .000000  -.465746  -.884918
  27554.5  19761.4     -1.1     11.7     46.3      6.1
      -.8     51.6     46.9     33.1  13261.0  13724.1
      -6.5      49.0      -2.0      42.9
      -2.1      17.1      -3.5      11.6
      -2.0      11.1      -3.8       8.3
      -2.2       9.3      -4.3       7.5
 65306   .000000  -.549617  -.835417
  29113.5  19347.6     -2.0      9.0     46.6      5.8
      -.6     42.6     47.2     32.9  13837.5  14433.8
      -6.8      53.5       -.7      43.4
      -3.1      21.8      -3.8      11.6
      -2.4      14.0      -3.7       8.3
      -2.4      11.4      -4.1       7.2
 65307   .000000  -.619644  -.784883
  31083.6  17993.9      -.1     43.3     46.7      5.5
     -1.1     33.5     47.3     32.8  15345.0  15993.3
      -8.4      59.6      -1.4      44.8
      -3.8      26.7      -3.5      11.3
      -3.1      17.6      -3.6       8.2
      -2.9      14.4      -3.9       7.2
 65308   .000000  -.677476  -.735545
  33163.2  16605.7      -.1     43.3     46.9      5.1
      -.2     23.8     47.7     32.0  16148.7  16827.8
      -8.5      59.1       -.8      47.4
      -3.9      28.8      -3.5      11.6
      -3.3      19.0      -3.5       8.0
      -3.5      15.9      -3.9       7.1
 65309   .000000  -.724999  -.688749
  35273.6  15650.8      -.1     43.3     46.9     12.2
      -.5     15.3     47.8     31.9  18053.7  18699.1
      -9.2      57.3       -.4      45.1
      -3.5      28.9      -3.2      12.0
      -3.5      18.9      -3.6       7.9
      -3.7      16.6      -3.7       7.1
 65310   .000000  -.764030  -.645181
  37688.7  14856.0      -.1     43.3     47.3      4.5
      -.7      9.8     47.7     31.9  19278.9  19935.0
     -10.1      53.7       -.4      47.6
      -3.3      25.2      -3.5      11.3
      -2.9      18.8      -3.3       7.7
      -3.3      17.4      -3.7       6.8
 65311   .000000  -.796162  -.605083
  40189.4  14478.0      -.1     43.3     47.1     13.9
     -3.6     13.5     48.4     31.5  20663.8  21419.4
      -9.8      53.5       -.1      50.1
      -2.8      24.1      -3.0      12.0
      -2.7      19.0      -3.3       7.8
      -3.2      18.8      -3.6       6.8
 65312   .000000  -.822730  -.568432
  42411.2  13926.9      -.1     43.3     47.5      4.0
      -.1     86.6     48.3     31.3  22292.3  23167.9
     -10.1      52.2      -1.0      48.8
      -3.2      23.4      -3.2      11.9
      -2.9      18.3      -3.4       7.5
      -3.0      18.1      -3.4       6.7
 65313   .000000  -.844819  -.535052
  45278.9  13669.9      -.1     43.3     47.8      3.7
      -.1     86.6     48.3     31.2  24322.3  25079.1
      -9.9      54.1       1.1      53.8
      -3.0      22.2      -3.2      11.7
      -2.7      17.1      -3.3       7.6
      -3.0      16.1      -3.3       6.6
 65314   .000000  -.863297  -.504697
  48041.9  13503.4      -.1     43.3     47.8      3.5
      -.1     86.6     48.7     31.0  25905.1  26807.1
      -8.9      49.3       1.2      54.8
      -3.1      23.2      -3.1      12.5
      -2.5      18.1      -3.0       7.5
      -2.8      16.5      -3.3       6.6
 65315   .000000  -.878853  -.477092
  50780.7  13213.2      -.1     43.3     48.0      3.3
      -.1     86.6     48.7     30.8  27890.1  28863.5
     -11.4      53.7      -1.1      55.7
      -2.4      24.2      -2.9      12.4
      -3.3      19.9      -3.1       7.5
      -2.6      20.0      -3.3       6.5
 65316   .000000  -.892036  -.451965
  53549.5  13072.7      -.1     43.3     48.0      3.1
      -.1     86.6     48.8     30.5  29286.9  30171.7
      -9.3      50.6       2.1      59.5
      -3.5      24.3      -3.1      13.4
      -3.2      19.5      -3.1       7.4
      -2.9      19.3      -3.2       6.4
 65317   .000000  -.903278  -.429057
  56631.9  13040.8      -.1     43.3     48.4      2.9
      -.1     86.6     49.1     30.4  31359.5  32290.8
     -12.4      53.1      -1.1      61.2
      -3.5      24.0      -3.0      14.7
      -2.6      18.3      -2.9       7.4
      -3.2      17.2      -3.1       6.2
 65318   .000000  -.912924  -.408131
  59338.7  12830.5      -.1     43.3     48.3      2.8
      -.1     86.6     49.1     30.3  33541.6  34390.1
     -15.2      55.6        .0      63.8
      -3.3      23.4      -2.7      15.1
      -2.6      18.5      -2.9       7.2
      -3.1      17.2      -3.2       6.1
 65319   .000000  -.921250  -.388972
  62279.6  12801.3      -.1     43.3     48.3      2.7
      -.1     86.6     49.1     30.0  35076.8  36284.7
     -10.3      48.3       -.1      61.9
      -2.9      24.9      -2.7      15.3
      -2.6      20.8      -3.0       7.4
      -2.9      20.0      -3.0       6.1
 65320   .000000  -.928477  -.371391
  65125.5  12576.9      -.1     43.3     48.5      2.5
      -.1     86.6     49.0     30.0  37230.0  38551.1
     -13.2      53.9       -.8      71.6
      -3.1      25.2      -2.5      15.3
      -2.5      20.3      -2.8       7.4
      -2.7      19.9      -2.9       6.2
 65321   .000000  -.934784  -.355218
  68131.5  12692.7      -.1     43.3     48.5      2.4
      -.1     86.6     48.9     30.0  38448.2  40043.4
     -11.6      51.3        .9      67.2
      -3.4      23.9      -2.9      16.5
      -2.6      18.5      -2.9       7.1
      -3.2      17.7      -2.9       6.0
 65322   .000000  -.940315  -.340305
  71167.0  12540.7      -.1     43.3     48.6      2.4
      -.1     86.6     49.0     29.7  41055.9  42207.8
     -11.5      51.3       1.9      66.6
      -2.9      23.5      -2.7      17.4
      -2.6      19.1      -2.9       7.2
      -2.9      17.6      -2.8       6.0
 65323   .000000  -.945190  -.326520
  74155.5  12473.0      -.1     43.3     48.8      2.1
      -.1     86.6     49.1     29.7  42761.4  43947.4
     -12.6      54.0        .1      68.7
      -2.8      25.2      -2.5      17.3
      -2.7      21.1      -2.7       7.2
      -3.2      20.8      -2.9       6.0
 65324   .000000  -.949506  -.313750
  77224.9  12566.2      -.1     43.3     48.7      2.1
      -.1     86.6     49.2     29.8  44738.2  46226.4
     -11.9      52.2       3.2      70.6
      -3.3      25.0      -2.6      18.1
      -2.9      20.9      -2.8       7.3
      -3.4      20.2      -2.9       6.0
 65325   .000000  -.953342  -.301892
  80425.6  12468.3      -.1     43.3     48.7      2.1
      -.1     86.6     49.5     29.6  47471.3  48769.9
     -12.0      51.6       2.8      74.0
      -3.1      24.1      -2.1      19.5
      -2.4      19.2      -2.5       7.6
      -3.1      18.2      -2.8       6.0
 65326   .000000  -.956767  -.290857
  83278.6  12419.5      -.1     43.3     48.8      1.9
      -.1     86.6     49.5     29.6  49588.8  50857.7
     -11.6      52.9       1.3      73.9
      -3.3      23.9      -2.4      20.3
      -2.9      19.2      -2.5       7.5
      -2.9      17.7      -2.8       5.9
 65327   .000000  -.959834  -.280567
  86785.1  12382.4      -.1     43.3     48.8      1.9
      -.1     86.6     49.3     29.5  50953.2  52914.4
     -12.0      53.1       -.2      76.5
      -3.2      25.7      -2.7      21.5
      -2.6      21.4      -2.6       7.3
      -2.9      21.1      -2.7       6.1
 65328   .000000  -.962593  -.270952
  89615.4  12345.1      -.1     43.3     48.9      1.9
      -.1     86.6     49.5     29.3  52357.2  53964.2
     -12.6      51.5        .4      82.3
      -3.0      25.7      -2.5      21.3
      -3.2      20.9      -2.7       7.1
      -3.0      20.8      -2.6       5.9
 65329   .000000  -.965081  -.261951
  93022.6  12456.1      -.1     43.3     48.7      1.8
      -.1     86.6     49.4     29.1  55224.2  56813.1
     -13.6      54.6       2.3      84.4
      -3.3      24.4      -2.2      24.3
      -3.3      19.3      -2.7       7.9
      -3.0      18.6      -2.8       5.9
 65330   .000000  -.967333  -.253508
  95679.2  12404.5      -.1     43.3     48.9      1.8
      -.1     86.6     49.7     29.1  57507.7  58914.6
     -11.9      50.5       2.7      80.8
      -3.4      24.8      -2.3      22.3
      -2.6      19.1      -2.6       7.0
      -2.8      18.0      -2.6       5.9
 65331   .000000  -.969377  -.245576
  99087.6  12436.3      -.1     43.3     48.9      1.7
      -.1     86.6     49.4     29.1  59896.8  61278.2
     -14.9      54.7        .6      84.4
      -3.7      25.9      -2.1      24.0
      -3.1      21.9      -2.8       8.2
      -2.7      21.4      -2.7       6.0
 65332   .000000  -.971238  -.238110
 101709.1  12316.2      -.1     43.3     49.1      1.5
      -.1     86.6     49.7     29.0  61147.4  62966.8
     -13.5      52.0       3.3      86.3
      -3.3      25.5      -1.8      24.3
      -2.8      21.1      -2.7       7.4
      -2.9      21.0      -2.6       5.9
 65333   .000000  -.972937  -.231072
 105118.4  12361.4      -.1     43.3     48.9      1.5
      -.1     86.6     49.7     28.9  63369.9  65056.6
     -11.0      52.5       -.9      88.8
      -3.1      24.3      -2.2      24.5
      -3.0      19.7      -2.5       7.9
      -3.2      18.6      -2.6       5.9
 65334   .000000  -.974491  -.224428
 107992.6  12263.7      -.1     43.3     49.0      1.4
      -.1     86.6     49.5     28.9  64693.7  66767.2
     -10.8      50.1       3.5      88.7
      -3.0      24.4      -2.0      25.2
      -3.0      19.4      -2.7       7.9
      -2.7      18.3      -2.6       5.9
 65335   .000000  -.975916  -.218146
 111398.3  12352.3      -.1     43.3     49.1      1.6
      -.1     86.6     49.5     29.0  67377.1  69417.6
     -12.4      53.6       4.1      92.2
      -3.1      26.2      -2.0      27.6
      -2.8      21.8      -2.4       7.8
      -3.2      20.9      -2.6       5.8
 65336   .000000  -.977227  -.212198
 114233.0  12347.2      -.1     43.3     49.0      1.5
      -.1     86.6     49.8     28.8  69192.1  71501.4
     -11.0      51.5       3.4      85.4
      -3.8      25.8      -2.5      27.4
      -2.8      21.6      -2.4       7.9
      -3.4      21.0      -2.7       5.9
 65337   .000000  -.978434  -.206558
 117853.5  12391.6      -.1     43.3     49.1      1.4
      -.1     86.6     49.7     28.8  71921.4  73650.0
     -10.7      50.0       2.6      89.7
      -3.8      25.1      -1.9      28.4
      -3.2      19.8      -2.5       8.0
      -3.1      18.5      -2.5       5.8
 65338   .000000  -.979549  -.201205
 120677.7  12435.2      -.1     43.3     49.3      1.3
      -.1     86.6     49.9     28.8  74227.5  75902.9
     -14.6      47.9       1.4      89.3
      -3.6      24.5      -1.9      26.3
      -2.9      19.6      -2.5       7.9
      -3.0      18.5      -2.6       5.8
 65339   .000000  -.980581  -.196116
 123795.1  12438.7      -.1     43.3     49.3      1.4
      -.1     86.6     49.6     28.7  75755.1  77788.7
     -10.4      50.0      -2.1      95.1
      -3.5      26.1      -2.2      28.6
      -2.7      22.2      -2.5       8.5
      -2.8      21.7      -2.6       5.8
 65340   .000000  -.981537  -.191274
 127102.9  12362.1      -.1     43.3     49.2      1.3
      -.1     86.6     49.9     28.7  78380.9  80201.2
     -11.2      55.7       3.7      95.4
      -4.0      25.9      -2.3      29.1
      -2.9      21.4      -2.3       8.6
      -2.9      20.8      -2.5       5.8
 65341   .000000  -.982424  -.186661
 130084.1  12366.5      -.1     43.3     49.1      1.1
      -.1     86.6     49.9     28.6  80812.7  82794.1
     -11.6      48.1       3.8      97.1
      -3.9      24.9      -2.0      28.6
      -2.9      19.7      -2.4       8.9
      -3.2      18.9      -2.5       5.9
 65342   .000000  -.983250  -.182261
 133159.9  12320.0      -.1     43.3     49.3      1.2
      -.1     86.6     50.0     28.6  82532.0  85129.6
      -8.4      46.2       7.4      94.5
      -3.5      24.2      -2.2      29.3
      -2.8      19.6      -2.4       8.6
      -2.7      18.4      -2.4       5.9
 65343   .000000  -.984020  -.178061
 136319.1  12332.5      -.1     43.3     45.6     48.6
      -.1     86.6     50.0     28.6  84828.3  86914.1
     -10.3      50.9        .0     103.0
      -3.4      26.2      -1.8      30.1
      -2.6      21.8      -2.4       9.4
      -2.9      21.0      -2.4       5.9
 65344   .000000  -.984737  -.174047
 139553.7  12358.3      -.1     43.3     49.0      1.3
      -.1     86.6     49.9     28.5  86365.1  89066.8
     -13.4      54.2      -2.7      99.5
      -3.7      26.5      -1.9      31.9
      -3.2      21.8      -2.4       9.1
      -2.9      21.2      -2.4       6.0
 65345   .000000  -.985408  -.170207
 142928.1  12431.3      -.1     43.3     49.0      1.0
      -.1     86.6     50.0     28.5  88031.8  90902.6
     -13.8      50.1       4.1      99.3
      -3.6      24.5      -1.9      32.1
      -3.1      19.9      -2.4       8.8
      -2.7      18.9      -2.4       6.1
 65346   .000000  -.986036  -.166531
 145886.8  12381.9      -.1     43.3     54.5     55.4
      -.1     86.6     50.4     28.4  91052.2  93994.2
     -14.8      55.9       6.4     102.5
      -3.9      25.1      -1.6      33.0
      -2.8      19.8      -2.2      10.5
      -3.1      18.4      -2.4       6.3
 65347   .000000  -.986625  -.163008
 149282.9  12488.5      -.1     43.3     49.3      1.3
      -.1     86.6     50.1     28.4  94935.3  96473.7
     -10.0      47.2       1.7     104.5
      -3.5      26.8      -2.1      34.0
      -3.1      22.5      -2.4       9.3
      -3.0      21.5      -2.5       6.0
 65348   .000000  -.987696  -.156385
 155293.6  12340.1      -.1     43.3     48.9      1.1
      -.1     86.6     50.0     28.5  98351.8  99803.8
     -15.8      54.3       -.3     107.4
      -3.7      25.3      -1.5      34.0
      -3.1      20.0      -2.3      10.5
      -3.5      19.0      -2.6       6.7
 65349   .000000  -.988644  -.150274
 161809.7  12406.0      -.1     43.3     49.3       .9
      -.1     86.6     50.4     28.4 103087.0 105394.8
     -10.2      50.7       6.1     111.9
      -3.5      26.5      -1.9      37.6
      -2.9      22.1      -2.3      10.6
      -2.9      21.2      -2.3       6.5
 65350   .000000  -.989488  -.144617
 168293.1  12448.0      -.1     43.3     49.0      1.0
      -.1     86.6     50.4     28.3 106504.8 108776.3
     -13.5      51.7       3.8     102.6
      -3.6      25.8      -1.4      36.4
      -3.4      20.0      -2.2      11.5
      -3.3      19.0      -2.4       6.3
 65351   .000000  -.990241  -.139367
 174231.2  12555.1      -.1     43.3     49.5      1.0
      -.1     86.6     50.5     28.3 110280.1 113307.1
     -12.7      51.5       3.6     108.3
      -3.9      27.9       -.9      38.2
      -3.2      22.2      -2.3      10.6
      -3.1      21.8      -2.2       6.7
 65352   .000000  -.990916  -.134481
 180739.0  12349.2      -.1     43.3     49.1       .9
      -.1     86.6     50.6     28.3 113703.2 117821.1
     -10.5      50.0       5.3     105.5
      -4.1      25.8      -1.0      38.2
      -3.4      19.8      -2.2      11.9
      -3.0      18.8      -2.3       7.2
 65353   .000000  -.991524  -.129924
 187150.9  12431.7      -.1     43.3     49.4       .7
      -.1     86.6     50.1     28.1 120704.4 123420.3
     -10.7      52.1      12.1     107.4
      -3.8      26.7      -1.5      40.0
      -2.8      21.8      -2.3      11.5
      -2.7      21.3      -2.4       6.9
 65354   .000000  -.992073  -.125663
 193447.5  12419.6      -.1     43.3     49.3       .7
      -.1     86.6     50.5     28.2 124447.0 127146.6
     -11.0      49.8       3.9     110.8
      -3.9      25.8      -1.2      40.4
      -3.3      20.0      -2.1      13.0
      -3.5      19.0      -2.3       7.3
 65355   .000000  -.992571  -.121670
 200340.0  12404.7      -.1     43.3     49.4       .8
      -.1     86.6     50.2     28.1 128767.1 131603.2
     -14.2      49.4       6.0     113.9
      -4.5      27.5      -1.6      41.5
      -3.2      22.3      -2.2      12.9
      -3.4      21.6      -2.2       6.5
 65356   .000000  -.993023  -.117921
 205796.8  12533.2      -.1     43.3     48.9       .7
      -.1     86.6     50.5     28.0 134186.3 136789.7
     -14.7      51.0      -5.2     118.2
      -4.4      24.9      -1.2      42.2
      -3.0      19.8      -2.0      12.9
      -3.3      19.1      -2.4       8.3
 65357   .000000  -.993435  -.114396
 212518.7  12429.6      -.1     43.3     49.7       .7
      -.1     86.6     50.5     27.9 136625.3 140859.2
     -13.0      47.0       9.9     122.4
      -4.1      26.7      -1.6      44.0
      -3.1      21.7      -2.1      13.5
      -2.9      21.5      -2.3       7.0
 65358   .000000  -.993812  -.111073
 218816.4  12520.9      -.1     43.3     46.5     28.9
      -.1     86.6     50.3     27.9 142305.6 145612.3
     -11.0      42.3       1.3     118.4
      -4.3      25.0      -1.6      43.8
      -3.2      20.0      -2.1      13.6
      -3.4      19.1      -2.3       7.5
 65359   .000000  -.994158  -.107937
 225577.2  12651.4      -.1     43.3     46.5     28.9
      -.1     86.6     50.4     27.8 143910.7 149007.2
      -7.9      41.8       4.8     116.4
      -3.6      26.4      -1.2      43.7
      -3.0      22.6      -2.2      14.2
      -2.5      21.7      -2.2       7.7
 65360   .000000  -.994475  -.104972
 231501.2  12449.9      -.1     43.3     46.5     28.9
      -.1     86.6     50.4     27.8 150738.6 154309.0
      -7.3      36.4       7.7     117.9
      -4.3      24.2      -1.8      45.3
      -3.3      20.2      -2.3      14.6
      -3.5      19.1      -2.4       9.0
 65361   .903278   .000000  -.429057
  56268.2  10410.2      -.1     40.7     46.5     28.9
      -.1     83.4     46.5     57.7  31423.8  32185.4
       1.5      82.6       8.0      44.1
        .0      28.8       2.6      23.8
        .2       8.0       2.4      17.0
       -.1       5.0       2.2      15.1
 65362   .887877   .000000  -.460082
  52566.4  10760.1      -.3     40.8     46.5     28.9
      -.3     83.5     46.5     57.7  29326.6  30172.1
       3.2      82.7      10.4      45.4
       1.3      27.5       2.3      21.6
        .3       5.0       2.1      15.4
        .1       5.0       2.3      13.4
 65363   .868777   .000000  -.495203
  48994.5  11296.6       .8     40.8     46.5     28.9
       .7     83.6     46.5     57.7  27152.6  27766.4
       -.8      78.2      10.4      48.4
       -.2      23.5       2.3      22.9
       -.1       5.9       1.7      16.5
        .2       5.0       1.7      14.0
 65364   .844819   .000000  -.535052
  45235.5  11887.6      -.1     41.1     46.5     28.9
      -.1     83.8     46.5     57.7  24539.0  25260.7
      -1.5      77.0       9.4      46.2
       1.1      23.4       2.1      21.1
        .1       5.0       1.4      14.4
        .2       5.0       1.5      12.1
 65365   .814421   .000000  -.580275
  42102.5  12957.7      -.2     41.0     46.5     28.9
      -.1     83.8     46.5     57.7  22560.0  23096.4
       -.5      77.3       9.6      47.4
        .4      22.3       1.3      21.7
       -.1       5.0        .7      14.9
        .1       5.0        .8      12.8
 65366   .775436   .000000  -.631426
  38643.1  14241.7       .3     41.1     46.5     28.9
       .3     84.0     47.3      6.8  20123.4  20830.4
      -3.8      77.7       6.9      46.0
        .1      19.8        .3      19.7
        .3       5.0        .4      13.4
        .0       5.0        .1      10.9
 65367   .724999   .000000  -.688749
  35688.0  16372.4       .1     40.9     46.5     28.9
       .0     83.8     47.8     11.1  18594.4  19203.2
        .7      77.7       7.9      48.6
      -1.2      17.8       -.3      19.3
       -.3       5.0       -.4      13.0
        .1       5.0       -.5      10.8
 65368   .659438   .000000  -.751759
  32972.7  19680.4       .0     40.9     46.5     28.9
       .0     83.9     48.1     22.9  16695.2  17227.8
       1.8      77.1       7.8      48.0
        .8      15.0      -1.4      17.3
        .0       5.0      -1.5      11.5
        .0       5.0      -1.4       9.5
 65369   .574426   .000000  -.818557
  30532.6  23181.5       .3     41.1     47.7      7.0
       .3     84.1     47.8     35.0  15243.6  15843.8
      -4.0      74.5       4.7      49.6
        .2      16.6      -1.6      12.5
        .1       5.0      -1.5       8.5
        .1       5.0      -1.9       7.1
 65370   .465746   .000000  -.884918
  28479.4  23524.1       .1     41.0     47.4     18.0
       .1     84.0     47.4     46.8  13931.4  14501.0
       2.0      74.7       6.3      55.9
        .2      13.2      -2.1       8.6
        .2       5.0      -2.7       5.5
        .2       5.0      -2.7       4.8
 65371   .331088   .000000  -.943600
  26895.6  22012.6       .2     41.3     45.2     25.3
       .2     84.2     45.2     54.1  12931.7  13559.2
      -1.2      79.2       7.2      69.5
        .4      12.4      -2.2       8.3
        .2       5.0      -1.8       3.0
        .1       5.0      -2.0       3.0
 65372   .254493   .000000  -.967075
  26056.4  21382.7      -.2     41.4     46.8     21.5
      -.2     84.2     46.8     50.3  12346.5  12822.5
       3.5      72.0       4.5      58.2
        .6      10.1      -1.6       9.5
        .4       5.9      -1.6       4.5
        .0       5.0      -2.0       4.2
 65373   .172799   .000000  -.984957
  25503.8  20883.5       .0     41.3     46.8     16.1
       .0     84.3     46.8     44.9  12024.0  12500.7
        .1      71.7       -.3      51.8
        .8      12.3      -2.8       7.9
        .0       5.0      -2.8       5.6
        .1       5.0      -3.3       5.1
 65374   .087384   .000000  -.996175
  24984.3  19849.8      -.3     41.4     46.6     10.8
      -.3     84.3     46.6     39.3  11972.9  12359.3
      -2.8      70.8      -1.0      42.5
      -1.0      11.5      -3.3       9.5
        .1       5.0      -3.5       6.9
        .2       5.0      -3.9       6.2
 65375   .000000   .000000 -1.000000
  24784.6  18454.8      -.1     41.5     46.3      5.9
      -.1     84.3     46.7     33.6  11683.5  12082.5
      -1.4      71.1      -2.7      36.7
       -.3       7.4      -4.0      11.6
        .0       5.0      -3.8       8.5
        .0       5.0      -4.2       7.5
 65376  -.087384   .000000  -.996175
  24651.4  16322.0      -.1     41.4     43.7      4.2
      -.2     84.4     46.7     28.1  11445.7  12010.8
      -2.0      66.6      -4.8      35.9
        .2       8.8      -4.7      14.0
        .3       5.0      -4.7      10.0
        .1       5.0      -5.0       8.9
 65377  -.172799   .000000  -.984957
  24759.8  13806.1      -.2     41.5     46.5     28.9
      -.2     84.4     46.2     22.6  11763.9  12118.2
        .6      68.7      -4.5      38.1
       -.3       7.7      -5.5      16.9
        .2       5.0      -5.3      11.6
        .0       5.0      -5.7      10.1
 65378  -.254493   .000000  -.967075
  25086.2  12771.9       .5     41.5     46.5     28.9
       .4     84.5     46.6     17.2  12185.9  12542.2
       4.4      71.1      -6.9      41.4
       -.1      10.4      -5.9      18.4
        .0       5.0      -5.5      12.9
        .0       5.0      -6.0      11.6
 65379  -.331088   .000000  -.943600
  25555.9  11563.9      -.1     41.6     46.5     28.9
      -.1     84.5     46.7     12.2  12303.4  12664.4
      -1.8      71.0      -6.2      39.8
       -.4      11.3      -5.3      19.6
        .1       5.0      -5.2      13.8
        .1       5.0      -6.1      12.7
 65380  -.465746   .000000  -.884918
  27264.1  10171.7      -.4     41.5     46.5     28.9
      -.4     84.5     44.3      7.4  12904.8  13608.7
        .7      74.3      -5.5      40.1
        .9      11.2      -4.9      19.8
        .1       5.0      -4.7      14.8
        .0       5.0      -5.2      13.4
 65381  -.574426   .000000  -.818557
  29445.9   9282.6       .1     41.5     46.5     28.9
       .1     84.4     46.5     57.7  14791.2  15242.7
        .3      70.5      -8.1      41.2
       -.5      16.4      -5.0      22.9
       -.1       5.0      -4.9      16.9
        .0       5.0      -5.7      15.4
 65382  -.659438   .000000  -.751759
  32016.7   8761.5      -.3     41.6     46.5     28.9
      -.4     84.5     46.5     57.7  15838.9  16539.5
        .1      72.5      -6.9      39.7
        .5      15.1      -3.6      21.9
       -.1       5.0      -3.7      16.6
        .1       5.0      -4.8      15.8
 65383  -.724999   .000000  -.688749
  34908.8   8404.7      -.1     41.6     46.5     28.9
       .0     84.5     46.5     57.7  18141.2  18935.0
       4.9      79.9      -9.2      43.3
       -.4      19.5      -3.7      23.9
        .2       5.0      -3.9      17.8
       -.1       5.0      -5.0      16.8
 65384  -.775436   .000000  -.631426
  38053.4   8126.5       .5     41.6     46.5     28.9
       .4     84.4     46.5     57.7  19724.5  20624.0
       1.6      75.9      -8.0      40.7
      -1.9      20.8      -3.1      22.8
        .2       5.0      -3.1      17.6
        .2       5.0      -4.0      17.0
 65385  -.814421   .000000  -.580275
  41552.1   7950.7       .4     41.4     46.5     28.9
       .4     84.3     46.5     57.7  22182.1  23028.1
       1.3      80.9      -8.7      41.9
        .9      23.5      -3.3      24.7
        .5       5.3      -3.1      18.9
        .2       5.0      -4.2      17.5
 65386  -.844819   .000000  -.535052
  45024.0   7845.9       .3     41.5     46.5     28.9
       .3     84.2     46.5     57.7  24114.0  25187.5
        .1      78.0      -7.9      42.1
        .3      24.4      -2.9      23.8
        .1       8.0      -2.6      18.3
        .0       5.0      -3.5      17.2
 65387  -.868777   .000000  -.495203
  48601.9   7718.8       .4     41.3     46.5     28.9
       .4     84.1     46.5     57.7  27156.4  27833.4
      -5.1      83.0      -7.3      39.7
       -.3      26.5      -2.8      25.1
       -.3       8.8      -2.8      19.4
        .2       5.0      -3.5      17.7
 65388  -.887877   .000000  -.460082
  52442.2   7716.4      -.4     41.2     46.5     28.9
      -.4     84.0     46.5     57.7  28847.7  30058.2
       1.9      84.0      -8.0      40.1
       -.1      31.1      -2.3      24.0
        .8       7.0      -1.8      18.5
        .2       5.0      -2.6      17.9
 65389  -.903278   .000000  -.429057
  56200.6   7681.1      -.1     41.0     46.5     28.9
       .0     83.9     46.5     57.7  31387.9  32218.4
       1.5      81.6      -7.4      41.2
        .6      30.8      -2.5      24.6
       -.3       6.7      -2.3      19.7
        .4       5.0      -2.7      18.4
 65390   .840060  -.367526  -.399028
  60333.9  11295.9      -.1     43.3     46.5     28.9
       .3     18.3     46.5     57.7  34044.1  34891.1
     -10.1      62.0      11.8      46.6
      -2.2      25.1       2.2      23.8
      -2.2      16.1       2.0      17.1
      -2.1      13.7       1.8      15.1
 65391   .817505  -.390173  -.423616
  56642.0  11815.2      -.1     43.3     46.5     28.9
       .5     18.8     46.5     57.7  31932.0  32779.6
      -9.4      62.9       9.6      44.6
      -2.1      25.4       2.0      21.7
      -2.2      16.3       1.6      15.3
      -2.3      13.7       1.7      13.7
 65392   .790440  -.414981  -.450551
  53558.7  12471.5      -.1     43.3     46.5     28.9
       .1     19.3     46.5     57.7  29286.8  30367.2
      -9.4      61.0      11.3      48.2
      -2.7      26.2       2.1      23.3
      -2.0      17.1       1.4      16.1
      -2.3      14.0       1.0      14.0
 65393   .757796  -.442047  -.479937
  50210.2  13309.3      -.1     43.3     46.5     28.9
       .3     19.7     46.5     57.7  27070.7  27969.7
      -6.0      59.3       9.4      47.9
      -2.8      26.2       1.1      20.7
      -2.1      16.8       1.1      14.2
      -2.4      14.2        .9      12.5
 65394   .718269  -.471364  -.511767
  47065.0  14640.3      -.1     43.3     46.5     28.9
       .2     20.5     46.5     57.7  25338.0  26267.4
      -7.2      58.7       9.7      50.5
      -3.6      26.4       1.3      21.0
      -2.3      17.4        .2      14.6
      -2.6      14.4        .0      12.6
 65395   .670317  -.502738  -.545830
  44327.7  16121.5      -.1     43.3     46.5     28.9
       .2     20.8     41.9      8.9  23905.6  24506.9
      -9.3      59.7       7.4      49.4
      -3.7      27.2        .6      19.4
      -2.6      17.5       -.3      13.2
      -2.9      14.5       -.3      11.0
 65396   .612205  -.535679  -.581595
  41851.3  17932.4      -.1     43.3     46.5     28.9
      -.1     21.5     47.6     10.2  21647.6  22211.0
      -9.2      59.6       7.3      50.3
      -3.3      27.4       -.2      18.7
      -3.1      18.0       -.7      12.1
      -3.1      15.0      -1.0      10.5
 65397   .542159  -.569267  -.618061
  39421.6  18987.2      -.1     43.3     46.5     28.9
       .0     22.1     47.8     21.7  20646.4  21195.3
      -6.6      56.3       4.4      49.0
      -3.7      27.5      -1.7      16.9
      -2.6      18.1      -2.0      10.8
      -3.1      15.0      -2.0       9.0
 65398   .458673  -.602008  -.653609
  37410.4  18488.7      -.1     43.3     47.8      6.5
       .1     22.6     47.9     34.2  19471.1  20057.9
      -8.8      60.1       6.4      55.5
      -3.7      27.7      -1.7      12.6
      -3.7      18.6      -1.8       8.2
      -3.4      15.4      -2.2       7.1
 65399   .361020  -.631785  -.685938
  35740.5  17872.7      -.1     43.3     47.1     17.7
      -.1     23.0     47.1     46.1  18142.9  18772.9
     -11.0      58.5       7.1      61.5
      -4.5      28.6      -2.1       9.9
      -3.8      18.7      -2.6       5.4
      -3.5      15.6      -2.7       5.0
 65400   .249898  -.655981  -.712208
  34756.8  17173.6      -.1     43.3     45.3     25.0
      -.7     23.4     45.3     53.8  17724.0  18233.4
      -8.6      60.2       8.0      80.5
      -4.2      28.7      -1.5      16.3
      -3.8      19.1      -1.8       3.0
      -3.6      15.5      -1.9       3.0
 65401   .190037  -.665130  -.722141
  34041.3  16870.1      -.1     43.3     47.2     21.1
      -.6     23.4     47.4     49.8  16772.0  17667.5
     -10.2      59.6        .1      70.7
      -4.0      28.7      -1.4      11.9
      -4.1      18.8      -1.3       4.8
      -4.0      15.6      -1.6       4.4
 65402   .127982  -.671905  -.729496
  33562.8  16623.0      -.1     43.3     47.7     15.6
      -.6     23.6     47.9     44.1  16906.2  17370.6
     -10.2      60.3       3.6      60.3
      -4.1      28.6      -2.4       8.7
      -3.6      19.1      -2.5       5.4
      -3.6      15.8      -2.7       5.0
 65403   .064388  -.676070  -.734019
  33208.7  16429.8      -.1     43.3     47.2      9.9
      -.3     23.8     47.6     38.1  16550.7  17159.9
     -10.5      61.5        .1      54.6
      -4.4      28.9      -3.1       9.6
      -3.6      19.2      -2.9       6.7
      -3.7      16.0      -3.4       6.0
 65404   .000000  -.677476  -.735545
  32996.0  16483.3      -.1     43.3     46.9      5.2
      -.8     24.2     47.9     32.4  16623.3  17220.5
     -10.3      59.9      -2.5      45.8
      -3.8      28.9      -3.4      11.7
      -3.7      19.1      -3.5       7.9
      -3.6      16.1      -3.9       7.2
 65405  -.064388  -.676070  -.734019
  33044.5  16357.4      -.1     43.3     43.1      6.1
      -.7     24.1     47.6     26.4  16191.4  17039.4
      -9.8      59.1      -2.3      42.4
      -4.0      29.0      -4.4      13.8
      -3.0      19.3      -4.1       9.3
      -3.4      15.9      -4.5       8.2
 65406  -.127982  -.671905  -.729496
  33075.5  16027.8      -.1     43.3     46.5     28.9
      -.4     24.3     47.5     20.6  16241.0  16898.5
     -11.0      60.9      -5.3      41.8
      -4.4      28.5      -5.5      16.0
      -3.3      19.2      -4.6      10.8
      -3.2      16.3      -5.0       9.5
 65407  -.190037  -.665130  -.722141
  33317.5  15547.5      -.1     43.3     46.5     28.9
      -.5     24.2     47.4     14.9  16564.1  17305.9
      -9.4      59.3      -4.6      42.3
      -4.2      29.4      -5.2      17.7
      -3.3      19.1      -4.7      11.8
      -3.2      16.2      -5.2      10.6
 65408  -.249898  -.655981  -.712208
  33785.7  14398.0      -.1     43.3     46.5     28.9
      -.6     24.0     47.5      9.9  16867.6  17580.5
     -10.3      59.9      -4.2      42.5
      -3.9      28.9      -4.7      17.9
      -3.4      19.0      -4.5      12.8
      -3.1      16.4      -5.1      11.8
 65409  -.361020  -.631785  -.685938
  34636.4  13024.9      -.1     43.3     46.5     28.9
      -.4     23.7     44.1     12.0  17572.8  18199.0
      -9.3      57.7      -5.6      39.5
      -3.5      28.6      -4.3      19.0
      -2.9      18.6      -4.2      13.3
      -3.0      16.1      -4.7      12.3
 65410  -.458673  -.602008  -.653609
  36617.3  11785.5      -.1     43.3     46.5     28.9
      -.2     23.4     46.5     57.7  18656.6  19341.7
      -8.7      60.8      -5.7      42.4
      -3.4      28.3      -4.2      21.6
      -3.0      18.9      -4.3      15.9
      -2.7      15.8      -4.7      14.7
 65411  -.542159  -.569267  -.618061
  38743.2  10675.6      -.1     43.3     46.5     28.9
      -.2     22.8     46.5     57.7  19714.8  20358.5
      -7.7      61.6      -5.0      42.5
      -3.0      28.2      -3.7      20.9
      -2.5      18.6      -3.1      15.7
      -2.6      15.8      -4.0      14.9
 65412  -.612205  -.535679  -.581595
  40973.0  10040.0      -.1     43.3     46.5     28.9
       .1     22.2     46.5     57.7  21391.8  22156.2
      -5.0      59.2      -6.1      42.3
      -3.4      27.7      -3.6      23.3
      -2.1      17.7      -3.2      17.5
      -2.5      15.5      -4.2      16.6
 65413  -.670317  -.502738  -.545830
  43655.8   9559.8      -.1     43.3     46.5     28.9
      -.1     21.5     46.5     57.7  23071.3  24002.1
      -9.9      61.2      -7.5      43.5
      -2.4      27.1      -2.6      22.6
      -2.0      18.1      -2.5      17.2
      -2.3      15.0      -3.5      16.6
 65414  -.718269  -.471364  -.511767
  46669.5   9161.8      -.1     43.3     46.5     28.9
      -.1     21.0     46.5     57.7  24798.7  25708.1
      -8.3      60.7      -7.2      43.0
      -2.9      26.9      -3.0      24.3
      -2.0      17.1      -2.8      18.4
      -1.9      14.7      -3.6      17.8
 65415  -.757796  -.442047  -.479937
  49656.6   8766.5      -.1     43.3     46.5     28.9
      -.1     20.3     46.5     57.7  26926.6  27812.9
      -6.5      59.6      -7.2      40.2
      -2.4      26.2      -2.2      22.7
      -1.7      17.0      -2.0      18.0
      -1.5      14.3      -2.3      17.7
 65416  -.790440  -.414981  -.450551
  52765.2   8555.8      -.1     43.3     46.5     28.9
       .2     19.8     46.5     57.7  29165.7  30042.3
      -8.0      60.3      -7.1      42.2
      -1.8      25.6      -1.8      24.0
      -1.5      16.6      -2.3      19.4
      -1.7      13.9      -2.8      18.3
 65417  -.817505  -.390173  -.423616
  56366.2   8432.2      -.1     43.3     46.5     28.9
       .1     19.2     46.5     57.7  32083.1  32859.7
      -5.2      60.3      -6.4      39.4
      -1.9      25.8      -2.3      23.7
      -1.7      16.5      -1.5      18.8
      -1.4      13.6      -2.0      18.1
 65418  -.840060  -.367526  -.399028
  59683.9   8404.0      -.1     43.3     46.5     28.9
       .1     18.7     46.5     57.7  34053.6  35005.2
      -6.8      59.8      -8.8      40.9
      -1.7      25.1      -2.1      25.0
      -2.0      16.2      -2.1      20.0
      -1.6      13.7      -2.3      18.8
 65419   .708659  -.620076  -.336613
  71460.1  13263.9      -.1     43.3     46.5     28.9
      -.1     86.6     46.5     57.7  40968.7  42216.3
     -10.6      58.2       8.0      47.6
      -2.0      23.2       2.3      22.7
      -1.5      18.2       1.7      16.2
      -1.3      17.3       1.3      14.3
 65420   .677337  -.646549  -.350984
  68394.9  13845.3      -.1     43.3     46.5     28.9
      -.1     86.6     46.5     57.7  39395.3  40622.8
      -7.5      50.9       7.5      45.8
      -2.3      23.1       2.0      21.0
      -1.9      18.2       1.5      14.6
      -2.0      17.4       1.4      12.6
 65421   .641844  -.673936  -.365851
  65832.4  14416.1      -.1     43.3     46.5     28.9
      -.1     86.6     46.5     57.7  37433.8  38564.4
     -11.2      53.6       7.9      49.0
      -2.1      23.7       1.7      21.3
      -2.0      18.4       1.5      14.6
      -2.2      17.9       1.2      13.0
 65422   .601687  -.701968  -.381068
  63512.1  14781.1      -.1     43.3     46.5     28.9
      -.1     86.6     46.5     57.7  35382.1  36733.8
     -12.7      55.8       9.6      50.0
      -2.1      23.6       1.1      20.3
      -2.1      18.7       1.0      13.6
      -2.0      18.0        .8      11.6
 65423   .556388  -.730259  -.396426
  61129.5  15216.3      -.1     43.3     46.5     28.9
      -.1     86.6     46.5     57.7  34561.9  35467.3
      -9.7      55.7       9.4      51.6
      -2.3      23.9       1.0      20.1
      -2.2      19.2        .3      13.1
      -2.0      18.5        .1      11.2
 65424   .505524  -.758286  -.411641
  58703.7  15196.0      -.1     43.3     46.5     28.9
      -.1     86.6     46.5     57.7  32399.0  33716.2
     -12.3      55.6      10.6      56.4
      -2.3      23.9       -.3      18.6
      -2.1      19.0       -.3      12.1
      -2.4      18.4       -.4      10.2
 65425   .448787  -.785377  -.426348
  56784.9  14863.0      -.1     43.3     46.5     28.9
      -.1     86.6     47.8      8.0  31601.6  32474.1
     -12.1      53.2       8.1      59.3
      -1.9      24.3       -.6      17.8
      -2.3      19.3       -.9      11.0
      -2.1      19.1      -1.2       9.4
 65426   .386057  -.810720  -.440105
  55207.0  14338.8      -.1     43.3     46.5     28.9
      -.1     86.6     48.1     20.0  30184.5  31360.8
     -10.8      52.7       8.6      60.9
      -2.6      24.1      -1.3      17.2
      -2.6      19.6      -1.8      10.0
      -2.6      19.3      -2.1       8.1
 65427   .317480  -.833386  -.452409
  53628.1  13960.3      -.1     43.3     48.1      5.0
      -.1     86.6     48.0     32.7  29361.3  30394.1
     -10.1      51.2       5.7      58.9
      -3.0      24.3      -1.6      13.8
      -2.5      19.6      -1.9       7.8
      -2.9      19.4      -2.1       6.7
 65428   .243541  -.852392  -.462727
  52503.9  13690.0      -.1     43.3     47.4     16.5
      -.1     86.6     47.4     45.1  28785.0  29539.8
     -11.8      53.5       5.8      71.6
      -2.6      24.7      -1.3      16.4
      -2.6      19.7      -2.5       5.5
      -2.7      19.6      -2.5       4.9
 65429   .165103  -.866792  -.470544
  51867.1  13452.9      -.1     43.3     46.0     24.6
      -.1     86.6     45.9     53.2  28421.1  29382.0
     -10.5      51.4        .8      87.7
      -3.4      24.3      -1.3      26.3
      -2.5      20.2      -1.3       4.6
      -3.3      19.7      -1.6       3.0
 65430   .124573  -.872008  -.473376
  51450.2  13418.9      -.1     43.3     47.9     20.5
      -.1     86.6     48.0     49.1  28045.8  29021.0
     -11.7      52.0       2.8      76.9
      -3.4      24.3       -.3      21.7
      -2.8      20.2       -.7       5.7
      -2.9      20.0      -1.2       4.8
 65431   .083409  -.875791  -.475429
  51296.7  13273.2      -.1     43.3     48.3     14.7
      -.1     86.6     48.5     43.1  28243.6  28984.8
     -11.7      56.1       3.1      69.9
      -3.4      24.8      -2.6      16.3
      -2.9      20.1      -2.0       5.6
      -3.0      19.9      -2.1       5.1
 65432   .041814  -.878085  -.476675
  51032.2  13220.5      -.1     43.3     48.6      8.6
      -.1     86.6     48.7     36.7  27662.1  28659.4
     -10.5      51.9       1.5      63.4
      -2.7      24.8      -2.3      15.8
      -3.1      20.4      -2.6       6.4
      -3.0      19.9      -2.9       5.6
 65433   .000000  -.878853  -.477092
  50919.3  13294.8      -.1     43.3     48.0      3.3
      -.1     86.6     48.7     30.7  27285.8  28458.4
      -9.6      51.4       2.6      58.9
      -3.1      24.5      -2.9      13.9
      -2.7      20.6      -3.0       7.5
      -3.0      20.0      -3.2       6.5
 65434  -.041814  -.878085  -.476675
  51096.2  13189.7      -.1     43.3     46.5     28.9
      -.1     86.6     48.6     24.5  27832.4  28825.1
     -10.9      53.1       -.6      56.7
      -2.4      25.0      -3.9      14.2
      -2.6      20.1      -3.7       8.4
      -2.6      20.3      -3.9       7.2
 65435  -.083409  -.875791  -.475429
  50880.7  13221.6      -.1     43.3     46.5     28.9
      -.1     86.6     48.7     18.2  27744.2  28668.1
     -12.7      54.2      -3.9      54.3
      -3.0      25.2      -4.0      15.8
      -2.6      20.4      -3.9       9.4
      -2.8      20.0      -4.2       8.0
 65436  -.124573  -.872008  -.473376
  50929.8  13316.9      -.1     43.3     46.5     28.9
      -.1     86.6     48.7     12.0  27297.5  28390.3
     -13.4      52.7      -2.9      54.9
      -3.1      24.5      -4.1      16.0
      -2.3      20.4      -3.6       9.9
      -2.8      20.3      -3.9       8.7
 65437  -.165103  -.866792  -.470544
  51202.9  13469.4      -.1     43.3     46.5     28.9
      -.1     86.6     48.6      6.6  27810.1  28851.0
     -10.9      53.4      -4.0      49.2
      -3.3      25.1      -3.6      15.8
      -2.1      20.4      -3.2      10.4
      -2.4      20.0      -3.5       9.1
 65438  -.243541  -.852392  -.462727
  52055.1  13694.8      -.1     43.3     46.5     28.9
      -.1     86.6     46.5     57.7  28559.1  29484.1
     -11.1      51.3      -4.9      48.0
      -2.3      24.7      -3.3      17.2
      -2.4      20.3      -3.3      11.6
      -2.1      20.1      -3.6      10.0
 65439  -.317480  -.833386  -.452409
  52998.2  13488.6      -.1     43.3     46.5     28.9
      -.1     86.6     46.5     57.7  28751.7  29740.7
      -9.5      53.2      -5.3      48.0
      -2.3      24.6      -3.3      18.4
      -2.5      20.0      -2.9      12.8
      -2.2      19.8      -3.5      11.7
 65440  -.386057  -.810720  -.440105
  54413.6  13380.3      -.1     43.3     46.5     28.9
      -.1     86.6     46.5     57.7  29462.2  30404.4
      -8.5      52.0      -4.2      44.8
      -2.2      24.9      -2.8      18.6
      -2.2      20.2      -2.6      13.4
      -2.3      19.8      -2.9      12.0
 65441  -.448787  -.785377  -.426348
  56102.3  13025.4      -.1     43.3     46.5     28.9
      -.1     86.6     46.5     57.7  30684.8  31854.2
     -10.1      54.3      -4.2      43.9
      -2.4      24.0      -2.7      20.1
      -1.8      19.9      -2.3      15.1
      -2.2      19.6      -3.1      14.0
 65442  -.505524  -.758286  -.411641
  58337.2  12040.7      -.1     43.3     46.5     28.9
      -.1     86.6     46.5     57.7  31790.9  33314.6
      -8.5      54.7      -4.4      43.7
      -2.3      24.4      -2.4      19.7
      -2.1      19.8      -2.2      14.7
      -2.1      19.1      -2.4      13.7
 65443  -.556388  -.730259  -.396426
  60261.1  11526.8      -.1     43.3     46.5     28.9
      -.1     86.6     46.5     57.7  33613.6  34675.6
      -9.5      53.7      -5.9      42.7
      -2.6      24.1      -2.6      21.8
      -1.9      19.1      -2.2      16.3
      -1.8      18.8      -2.5      15.3
 65444  -.601687  -.701968  -.381068
  62408.8  11182.7      -.1     43.3     46.5     28.9
      -.1     86.6     46.5     57.7  35050.0  36366.3
      -9.8      57.3      -6.7      40.7
      -1.8      24.2      -1.7      20.8
      -1.9      18.8      -1.5      16.0
      -1.7      18.3      -1.8      14.8
 65445  -.641844  -.673936  -.365851
  65070.0  10589.3      -.1     43.3     46.5     28.9
      -.1     86.6     46.5     57.7  37214.9  38141.7
     -10.5      54.7      -7.5      39.6
      -1.8      23.4      -2.0      22.0
      -1.5      18.5      -2.1      17.3
      -1.9      18.2      -2.2      16.3
 65446  -.677337  -.646549  -.350984
  68163.7  10223.2      -.1     43.3     46.5     28.9
      -.1     86.6     46.5     57.7  38658.9  40069.4
     -11.1      57.2      -7.4      37.6
      -2.5      23.5      -1.7      21.3
      -1.8      18.3      -1.3      16.7
      -1.6      17.7      -1.6      16.1
 65447  -.708659  -.620076  -.336613
  70740.6   9935.6      -.1     43.3     46.5     28.9
      -.1     86.6     46.5     57.7  40062.6  41646.9
     -11.7      59.6      -7.5      38.4
      -1.7      23.2      -1.4      23.0
      -1.6      18.3      -1.6      18.5
      -1.6      17.4      -1.7      17.0
 65448   .482910  -.845093  -.229382
 105082.0  13919.9      -.1     43.3     46.5     28.9
      -.1     86.6     46.5     57.7  63085.8  64908.4
     -10.6      54.7      10.3      53.1
      -2.3      23.7       2.4      22.0
      -2.1      18.5       1.8      13.3
      -1.8      17.6       1.9      11.4
 65449   .451149  -.861285  -.233777
 103121.7  13802.0      -.1     43.3     46.5     28.9
      -.1     86.6     46.5     57.7  62586.5  64219.9
     -14.3      52.4       9.7      55.5
      -2.9      23.7       2.3      21.2
      -2.1      18.5       1.5      12.9
      -2.1      17.6       1.4      10.8
 65450   .417577  -.876913  -.238019
 101567.1  13679.1      -.1     43.3     46.5     28.9
      -.1     86.6     46.5     57.7  59960.9  61942.1
     -14.6      52.5       9.3      60.1
      -2.8      24.0       2.3      21.9
      -2.3      18.9       1.5      12.1
      -2.3      17.7       1.2      10.3
 65451   .382204  -.891810  -.242063
  99926.7  13461.3      -.1     43.3     46.5     28.9
      -.1     86.6     46.5     57.7  59789.2  61436.3
     -14.5      53.5      13.3      67.6
      -3.2      24.4       1.5      22.4
      -2.2      19.1        .8      11.9
      -2.2      17.8        .7       9.7
 65452   .345068  -.905804  -.245861
  98139.7  13145.9      -.1     43.3     46.5     28.9
      -.1     86.6     46.5     57.7  58578.6  60064.9
     -11.5      54.6       9.7      68.2
      -2.6      24.4       1.2      21.5
      -2.4      19.0        .6      10.7
      -2.5      18.2        .4       9.0
 65453   .306238  -.918714  -.249365
  96794.8  13038.6      -.1     43.3     46.5     28.9
      -.1     86.6     46.5     57.7  58168.4  59439.9
     -12.5      49.4       8.9      68.5
      -2.6      24.2        .3      21.5
      -2.4      18.9       -.1      10.3
      -2.6      18.3       -.3       8.4
 65454   .265817  -.930361  -.252527
  96131.7  12891.9      -.1     43.3     46.5     28.9
      -.1     86.6     48.4      5.0  57721.0  59228.7
     -12.4      52.6       9.2      68.6
      -2.8      23.9        .6      21.3
      -2.4      19.0       -.5       9.1
      -2.0      18.0      -1.0       7.6
 65455   .223945  -.940570  -.255298
  94866.8  12905.9      -.1     43.3     46.5     28.9
      -.1     86.6     48.4     17.7  56391.4  57918.2
     -14.5      54.0       4.8      76.4
      -3.1      23.9      -1.1      21.7
      -2.6      19.0      -1.9       8.7
      -2.9      18.4      -1.9       6.7
 65456   .180796  -.949177  -.257634
  94013.1  12603.2      -.1     43.3     48.3      3.0
      -.1     86.6     48.1     31.0  56382.3  57713.2
     -12.2      56.6       1.7      82.8
      -3.4      24.6       -.8      22.5
      -2.9      19.3      -1.8       7.7
      -2.5      18.0      -1.9       6.2
 65457   .136577  -.956038  -.259496
  93815.4  12504.6      -.1     43.3     47.7     15.4
      -.1     86.6     47.5     44.0  55298.2  57159.8
     -14.4      53.8       6.4      91.1
      -3.6      24.5      -1.4      32.1
      -2.9      19.2      -2.3       6.8
      -2.8      18.1      -2.4       5.3
 65458   .091527  -.961030  -.260851
  93069.3  12367.8      -.1     43.3     46.1     24.1
      -.1     86.6     46.2     52.4  55799.3  57233.6
     -14.4      53.7      13.1     105.7
      -3.0      24.2       -.6      47.4
      -3.1      19.1      -1.1      12.3
      -3.3      18.2      -1.4       4.8
 65459   .068771  -.962796  -.261330
  92894.3  12368.2      -.1     43.3     48.8     20.2
      -.1     86.6     48.8     48.3  55581.4  57052.3
     -12.7      53.2       1.3      98.8
      -3.2      24.2        .5      40.2
      -3.1      19.2       -.1       9.4
      -3.3      18.4       -.5       5.3
 65460   .045908  -.964064  -.261674
  92821.0  12372.6      -.1     43.3     49.8     13.8
      -.1     86.6     49.6     42.3  55570.1  56901.8
     -12.8      52.6      -1.4      98.2
      -3.4      24.4       -.8      32.0
      -2.9      19.3      -1.5       8.0
      -2.9      18.3      -1.8       5.6
 65461   .022972  -.964827  -.261882
  92645.0  12454.9      -.1     43.3     49.6      7.4
      -.1     86.6     49.6     36.1  55139.1  56677.7
     -15.5      53.7      -3.6      86.5
      -3.1      24.1      -1.5      25.7
      -2.8      19.2      -2.1       6.9
      -2.9      18.4      -2.3       5.9
 65462   .000000  -.965081  -.261951
  92548.8  12375.7      -.1     43.3     49.0      1.7
      -.1     86.6     49.7     29.3  54887.4  56631.1
     -11.7      51.9      -1.6      79.2
      -3.5      24.2      -2.3      21.7
      -2.7      19.4      -2.7       7.5
      -3.0      18.6      -2.7       6.0
 65463  -.022972  -.964827  -.261882
  92655.0  12377.8      -.1     43.3     46.5     28.9
      -.1     86.6     49.6     22.7  55642.0  56894.9
     -14.5      52.1      -1.8      77.0
      -3.5      24.5      -3.4      21.7
      -2.8      19.3      -3.1       7.5
      -3.2      18.9      -3.3       6.2
 65464  -.045908  -.964064  -.261674
  92658.6  12455.5      -.1     43.3     46.5     28.9
      -.1     86.6     49.4     16.1  54937.3  56939.1
     -13.6      50.4       1.5      77.2
      -3.6      24.8      -3.2      20.2
      -3.0      19.3      -3.1       8.4
      -3.0      18.7      -3.3       6.6
 65465  -.068771  -.962796  -.261330
  92748.2  12390.8      -.1     43.3     46.5     28.9
      -.1     86.6     49.5      9.5  54765.1  56888.0
     -15.1      54.7      -2.9      72.0
      -3.2      24.5      -2.4      19.9
      -3.1      19.8      -2.9       8.3
      -3.1      18.7      -2.9       6.9
 65466  -.091527  -.961030  -.260851
  92821.3  12490.8      -.1     43.3     46.5     28.9
      -.1     86.6     49.4      3.5  54726.8  56355.1
     -15.0      53.7      -3.1      71.8
      -2.8      24.4      -2.6      18.4
      -2.4      19.4      -2.2       8.2
      -2.7      18.5      -2.5       6.9
 65467  -.136577  -.956038  -.259496
  93040.9  12450.4      -.1     43.3     46.5     28.9
      -.1     86.6     46.5     57.7  55776.6  57370.0
     -13.6      52.6      -1.7      58.4
      -2.9      24.1      -2.5      19.2
      -2.7      19.7      -2.8       9.7
      -2.6      18.5      -2.7       7.8
 65468  -.180796  -.949177  -.257634
  93578.2  12575.9      -.1     43.3     46.5     28.9
      -.1     86.6     46.5     57.7  56109.2  57394.8
     -13.0      50.6      -5.6      57.8
      -2.8      24.5      -1.8      17.6
      -2.3      19.5      -1.7       9.7
      -2.6      18.6      -2.0       8.4
 65469  -.223945  -.940570  -.255298
  94636.6  12713.6      -.1     43.3     46.5     28.9
      -.1     86.6     46.5     57.7  56383.7  57643.3
     -12.1      52.4      -4.1      56.2
      -3.7      24.3      -2.7      18.2
      -2.4      19.7      -2.2      10.8
      -2.6      18.7      -2.1       9.2
 65470  -.265817  -.930361  -.252527
  95455.7  12848.2      -.1     43.3     46.5     28.9
      -.1     86.6     46.5     57.7  56673.3  58685.1
     -11.0      51.3      -3.9      52.9
      -2.9      24.5      -1.7      18.0
      -2.3      19.6      -1.5      11.4
      -2.4      18.6      -1.6       9.8
 65471  -.306238  -.918714  -.249365
  96516.0  13001.3      -.1     43.3     46.5     28.9
      -.1     86.6     46.5     57.7  57166.7  59043.5
     -11.2      52.2      -4.5      51.6
      -2.7      24.4      -1.7      18.6
      -2.2      19.2      -1.3      11.8
      -2.1      18.6      -1.6      10.2
 65472  -.345068  -.905804  -.245861
  98018.8  13044.4      -.1     43.3     46.5     28.9
      -.1     86.6     46.5     57.7  57931.3  59612.3
     -12.6      54.7      -6.6      51.1
      -2.6      25.0      -1.3      18.9
      -2.2      19.4      -1.2      12.5
      -2.4      18.6      -1.6      11.2
 65473  -.382204  -.891810  -.242063
  99240.8  13305.9      -.1     43.3     46.5     28.9
      -.1     86.6     46.5     57.7  59948.6  61143.0
     -13.0      53.6      -4.3      45.8
      -2.4      24.5      -1.3      19.0
      -1.7      19.4      -1.0      12.7
      -1.9      18.2      -1.0      11.1
 65474  -.417577  -.876913  -.238019
 100835.5  13219.5      -.1     43.3     46.5     28.9
      -.1     86.6     46.5     57.7  61145.8  62769.8
     -12.2      52.6      -4.9      43.0
      -2.8      24.7      -1.5      19.1
      -2.1      19.3      -1.0      13.9
      -2.6      18.4      -1.3      12.5
 65475  -.451149  -.861285  -.233777
 102586.8  13078.2      -.1     43.3     46.5     28.9
      -.1     86.6     46.5     57.7  61577.4  63141.3
     -12.8      53.6      -5.4      41.3
      -2.3      24.4      -1.2      18.7
      -1.8      19.4       -.6      13.6
      -2.3      18.2      -1.0      12.1
 65476  -.482910  -.845093  -.229382
 104758.9  13029.1      -.1     43.3     46.5     28.9
      -.1     86.6     46.5     57.7  61604.2  63815.0
     -10.6      50.4      -6.0      40.2
      -2.7      24.2      -1.2      20.4
      -2.2      18.6       -.9      14.9
      -1.7      18.1       -.9      13.7
 65477   .337328  -.927651  -.160231
 150874.2  13208.3      -.1     43.3     46.5     28.9
      -.1     86.6     46.5     57.7  93831.2  96181.8
     -11.7      53.4      12.0      57.5
      -2.7      25.0       2.9      23.7
      -2.5      19.8       2.2      11.9
      -2.5      18.7       2.1       9.8
 65478   .312066  -.936198  -.161707
 149701.7  13011.5      -.1     43.3     46.5     28.9
      -.1     86.6     46.5     57.7  93154.7  96471.8
     -12.1      52.1      11.5      67.0
      -3.3      26.0       2.6      23.9
      -2.6      19.9       1.8      11.5
      -2.2      18.5       1.7       9.2
 65479   .286124  -.944211  -.163091
 148379.7  12899.0      -.1     43.3     46.5     28.9
      -.1     86.6     46.5     57.7  92293.8  95314.4
     -12.6      50.2       9.2      69.0
      -3.3      24.7       2.2      23.9
      -2.3      19.8       1.5      10.8
      -2.4      19.0       1.5       8.7
 65480   .259539  -.951641  -.164374
 147262.5  12833.6      -.1     43.3     46.5     28.9
      -.1     86.6     46.5     57.7  92829.6  94681.5
     -10.7      50.1       8.4      78.0
      -3.1      24.9       1.7      26.2
      -2.4      19.6       1.2      11.0
      -2.6      19.1        .9       8.6
 65481   .232349  -.958440  -.165549
 146211.5  12691.6      -.1     43.3     46.5     28.9
      -.1     86.6     46.5     57.7  91145.4  93102.6
     -15.8      53.6      10.4      81.5
      -3.2      24.8       1.7      25.5
      -2.6      19.8        .9       9.9
      -2.5      19.0        .5       7.8
 65482   .204604  -.964562  -.166606
 145639.0  12748.6      -.1     43.3     46.5     28.9
      -.1     86.6     46.5     57.7  91240.7  93364.8
     -12.1      49.7       6.9      82.7
      -3.0      24.7        .7      27.8
      -2.7      19.8       -.1       9.6
      -2.8      19.0       -.3       7.7
 65483   .176357  -.969963  -.167539
 144922.2  12588.1      -.1     43.3     46.5     28.9
      -.1     86.6     48.6      3.5  90123.6  92824.9
     -10.2      48.2       2.6      87.3
      -3.4      24.9        .6      28.3
      -3.0      19.9       -.3       9.0
      -2.9      18.7       -.5       6.8
 65484   .147667  -.974605  -.168341
 144201.4  12534.9      -.1     43.3     46.5     28.9
      -.1     86.6     48.5     16.6  89915.6  92078.3
     -13.8      49.0       5.0      92.2
      -3.4      24.3       -.8      30.7
      -3.0      20.0      -1.6       8.6
      -2.7      18.6      -2.0       6.2
 65485   .118600  -.978453  -.169006
 143753.3  12492.2      -.1     43.3     48.4      2.1
      -.1     86.6     48.0     30.1  89348.6  92161.4
     -11.9      48.7       5.0     100.2
      -4.1      25.2       -.1      32.7
      -3.1      19.7      -1.7       8.8
      -3.2      18.8      -1.8       6.2
 65486   .089225  -.981478  -.169528
 143401.3  12411.1      -.1     43.3     47.7     15.0
      -.1     86.6     47.4     43.3  90035.7  91893.8
     -13.8      52.3       1.2     114.0
      -3.8      24.9      -1.2      45.7
      -2.6      19.8      -2.0      12.9
      -2.9      19.0      -2.2       5.8
 65487   .059616  -.983656  -.169904
 142902.4  12439.1      -.1     43.3     46.0     23.5
      -.1     86.6     46.0     51.8  90030.5  91594.7
     -16.2      47.6        .9     122.3
      -3.3      24.9       -.9      62.4
      -3.4      19.9      -1.3      22.1
      -2.8      18.9      -1.3       6.3
 65488   .044746  -.984421  -.170036
 142977.6  12523.4      -.1     43.3     49.4     19.8
      -.1     86.6     49.3     47.6  89149.8  91495.8
     -14.4      57.3       7.4     122.5
      -3.7      25.2        .8      55.6
      -2.7      19.8        .3      17.5
      -2.7      19.0       -.1       9.4
 65489   .029848  -.984969  -.170131
 143333.7  12406.6      -.1     43.3     50.2     13.4
      -.1     86.6     50.0     41.7  88739.1  91333.0
     -16.4      55.8      -5.9     113.3
      -3.8      25.5       -.1      45.4
      -3.3      19.8      -1.2      12.1
      -3.1      18.7      -1.3       6.0
 65490   .014929  -.985299  -.170188
 142710.5  12403.6      -.1     43.3     50.0     10.5
      -.1     86.6     50.1     35.2  89752.0  91996.6
     -13.3      51.4       1.2     105.3
      -3.7      24.9       -.9      37.6
      -3.4      19.9      -1.9      10.8
      -2.9      18.8      -2.0       6.0
 65491   .000000  -.985408  -.170207
 142645.7  12394.1      -.1     43.3     49.1      1.1
      -.1     86.6     50.1     28.6  89649.7  91649.0
     -11.7      51.2       2.8      97.4
      -3.7      25.0      -1.6      29.5
      -3.0      19.8      -2.2       9.6
      -2.8      19.1      -2.3       6.1
 65492  -.014929  -.985299  -.170188
 142673.8  12377.8      -.1     43.3     46.5     28.9
      -.1     86.6     49.9     21.7  89041.2  91030.5
     -14.8      52.3       4.4      98.2
      -3.6      24.6      -1.6      30.9
      -2.7      19.9      -2.7       8.7
      -3.1      19.1      -2.8       6.4
 65493  -.029848  -.984969  -.170131
 142478.1  12312.2      -.1     43.3     46.5     28.9
      -.1     86.6     50.0     15.0  89056.6  91486.7
     -10.4      50.2      -2.1      95.3
      -3.6      24.8      -2.5      27.5
      -2.8      19.8      -2.6       8.3
      -2.8      18.9      -2.7       6.3
 65494  -.044746  -.984421  -.170036
 142685.9  12435.0      -.1     43.3     46.5     28.9
      -.1     86.6     49.9      8.2  89575.6  91297.8
     -14.6      53.1       3.2      90.2
      -3.8      25.4      -2.3      27.3
      -3.2      19.9      -2.4       8.5
      -2.6      18.9      -2.4       6.6
 65495  -.059616  -.983656  -.169904
 142881.6  12375.2      -.1     43.3     46.5     28.9
      -.1     86.6     49.5      2.2  89655.5  91831.0
     -14.4      51.9       1.8      86.0
      -3.8      25.5      -1.4      26.6
      -2.8      19.7      -1.7       8.3
      -3.0      18.9      -2.1       6.3
 65496  -.089225  -.981478  -.169528
 142901.5  12436.0      -.1     43.3     46.5     28.9
      -.1     86.6     46.5     57.7  88693.4  91156.6
     -11.8      52.3       2.3      81.6
      -3.4      25.6      -1.8      24.7
      -2.6      19.9      -2.3       9.1
      -3.3      19.1      -2.3       7.0
 65497  -.118600  -.978453  -.169006
 143354.5  12381.4      -.1     43.3     46.5     28.9
      -.1     86.6     46.5     57.7  88279.2  91122.5
     -11.1      51.0       -.8      77.4
      -3.3      24.8      -1.2      20.7
      -2.9      19.9      -1.3       8.8
      -2.8      19.3      -1.3       7.2
 65498  -.147667  -.974605  -.168341
 143877.0  12472.3      -.1     43.3     46.5     28.9
      -.1     86.6     46.5     57.7  88946.5  91471.2
     -13.2      52.6        .4      73.1
      -3.1      25.2      -1.9      22.7
      -2.8      20.2      -1.6       9.7
      -3.1      19.2      -1.8       7.9
 65499  -.176357  -.969963  -.167539
 144398.2  12654.5      -.1     43.3     46.5     28.9
      -.1     86.6     46.5     57.7  90211.6  92697.2
     -13.4      56.5      -4.9      67.7
      -3.2      25.4      -1.0      21.7
      -2.6      20.0       -.9       9.5
      -3.1      19.1      -1.0       8.1
 65500  -.204604  -.964562  -.166606
 145076.5  12606.2      -.1     43.3     46.5     28.9
      -.1     86.6     46.5     57.7  90908.5  93339.6
     -12.4      50.0      -2.6      60.0
      -2.9      25.2      -1.4      21.0
      -2.5      20.0      -1.0      10.5
      -2.5      19.4      -1.2       8.6
 65501  -.232349  -.958440  -.165549
 146289.8  12670.1      -.1     43.3     46.5     28.9
      -.1     86.6     46.5     57.7  91926.0  94070.4
     -12.9      50.3      -7.2      58.5
      -3.7      25.4      -1.2      20.1
      -2.6      20.2       -.7      10.3
      -2.6      18.9       -.8       8.8
 65502  -.259539  -.951641  -.164374
 146533.7  12807.9      -.1     43.3     46.5     28.9
      -.1     86.6     46.5     57.7  90240.1  92448.2
     -11.1      53.9      -7.8      51.9
      -2.9      25.2      -1.2      20.4
      -2.4      19.9       -.9      11.2
      -2.7      19.0       -.9       9.3
 65503  -.286124  -.944211  -.163091
 147708.7  13010.6      -.1     43.3     46.5     28.9
      -.1     86.6     46.5     57.7  93401.4  95261.1
     -10.3      50.6      -4.5      53.0
      -3.3      25.2      -1.2      20.3
      -2.0      19.9       -.4      11.3
      -2.4      19.0       -.5       9.8
 65504  -.312066  -.936198  -.161707
 148776.0  12977.1      -.1     43.3     46.5     28.9
      -.1     86.6     46.5     57.7  92479.6  95056.8
     -13.8      51.3      -4.0      45.1
      -3.3      25.7      -1.2      19.2
      -2.0      19.8       -.5      11.6
      -2.3      18.8       -.6      10.0
 65505  -.337328  -.927651  -.160231
 150550.5  13063.2      -.1     43.3     46.5     28.9
      -.1     86.6     46.5     57.7  94337.2  97160.0
     -12.5      54.1      -4.7      45.9
      -3.3      26.0       -.9      19.3
      -2.4      20.0       -.3      12.3
      -2.4      19.5       -.5      10.9
