Dot1_150x100_prd2012lk:dj0090h@-250V,0T@90d,263K,rhe=1.10,rhh=0.7,0.7/0.7       
  5214   1   .00  60   5  29   0  250.00  263.00     .70 1.01500   950.0     .31    -.24  150.000  100.000  285.000  1300.0     .16    -.12    1.50    1.00     .85
 71201   .000000   .000000 -1.000000
  25525.9  20812.0       .1     41.5      -.1     26.9
       .0     84.3      -.1     55.5  11968.3  12429.1
      -1.8      73.6       -.2      67.8
        .3       9.4       -.4       9.9
       -.1       5.0        .2       3.0
       -.3       5.0        .1       3.0
 71202   .000000  -.130455  -.991454
  25669.3  21000.9      -.1     34.9       .1     26.8
       .0     77.7       .1     55.6  12211.9  12643.1
      -4.0      61.1      -2.4      71.5
      -1.1       6.1        .0      10.4
       -.8       5.0        .2       3.0
       -.9       5.0        .0       3.0
 71203   .000000  -.254493  -.967075
  26095.5  21504.7      -.8     26.7      -.2     26.8
      -.5     69.2      -.1     55.6  12433.1  12992.5
      -5.8      52.6      -2.7      69.9
      -1.4       9.0        .7      11.7
      -1.3       5.7        .1       3.0
      -1.2       5.0        .1       3.0
 71204   .000000  -.367167  -.930155
  27013.8  21600.4      -.8     18.6      -.1     26.9
      -.7     60.4      -.2     55.6  13018.3  13544.2
      -7.0      50.0      -2.8      65.8
      -1.7      13.0        .8       9.0
      -1.7       8.5       -.1       3.1
      -1.8       6.9        .2       3.0
 71205   .000000  -.465746  -.884918
  28161.6  20833.8     -1.0     11.2      -.2     26.8
      -.6     51.4      -.2     55.6  13640.3  14308.1
      -8.1      49.8      -3.4      71.9
      -2.2      16.7        .2       9.9
      -1.8      11.2        .1       3.0
      -2.2       9.0        .0       3.0
 71206   .000000  -.549617  -.835417
  29806.8  19809.2     -1.5      7.3      -.1     26.7
      -.8     42.2      -.1     55.5  14197.9  14925.9
      -9.1      52.1       3.9      73.6
      -2.5      21.1        .5      13.1
      -2.7      13.9        .0       4.0
      -2.4      11.3        .1       3.0
 71207   .000000  -.619644  -.784883
  31692.5  18219.4       .2     43.3      -.2     26.7
      -.4     32.9      -.2     55.4  15695.5  16347.9
     -11.0      59.0       -.1      73.4
      -4.0      26.4       -.1      13.9
      -3.0      17.7        .0       3.0
      -3.0      14.1        .1       3.0
 71208   .000000  -.677476  -.735545
  33725.0  16615.9       .2     43.3      -.2     26.7
      -.6     23.6      -.1     55.4  16804.9  17446.5
      -9.8      61.0        .7      75.3
      -4.1      28.8       -.2      16.5
      -3.6      19.0        .1       3.0
      -3.1      15.8        .2       3.0
 71209   .000000  -.724999  -.688749
  35929.5  15835.6       .2     43.3      -.4     26.6
      -.7     14.8      -.4     55.3  18104.6  18907.5
      -8.4      57.5       2.1      79.0
      -4.0      28.3       -.6      20.6
      -3.4      19.0        .2       5.1
      -3.3      16.5        .0       3.0
 71210   .000000  -.764030  -.645181
  38114.3  14869.4       .2     43.3      -.1     26.7
      -.9      8.6      -.2     55.3  19699.3  20473.4
     -10.5      54.7      -1.9      80.1
      -2.8      24.8        .5      18.7
      -2.8      18.3        .1       3.3
      -3.0      17.0        .1       3.0
 71211   .000000  -.796162  -.605083
  40567.5  14474.6       .2     43.3      -.1     26.7
     -2.1     10.7      -.1     55.3  21135.1  21877.2
      -8.6      53.0       -.6      78.9
      -2.8      23.2        .3      22.2
      -2.3      18.5        .4       3.3
      -3.0      18.5        .2       3.0
 71212   .000000  -.822730  -.568432
  43298.2  14042.1       .2     43.3       .1     26.4
       .2     86.6       .0     55.1  22852.0  23867.4
     -11.7      55.1       -.4      80.0
      -2.8      23.5        .8      24.0
      -2.6      18.1        .5       5.4
      -2.5      17.8        .2       3.0
 71213   .000000  -.844819  -.535052
  46033.0  13756.2       .2     43.3       .0     26.3
       .2     86.6       .0     55.0  24497.7  25660.0
     -11.5      53.3        .9      83.8
      -3.0      22.9      -1.3      28.9
      -2.9      16.8        .0       4.2
      -2.9      15.6        .1       3.0
 71214   .000000  -.863297  -.504697
  48613.2  13470.6       .2     43.3       .2     26.4
       .2     86.6       .2     55.0  26722.9  27387.6
     -12.3      52.9       -.9      87.7
      -2.6      22.3        .6      27.0
      -2.2      17.7        .2       4.3
      -3.0      16.1        .2       3.0
 71215   .000000  -.878853  -.477092
  51496.0  13371.9       .2     43.3       .0     26.4
       .2     86.6       .0     55.0  27771.8  28727.5
      -8.4      50.9       2.3      86.4
      -2.6      24.7      -1.3      30.7
      -2.2      20.0        .2       5.7
      -2.6      19.9        .1       3.0
 71216   .000000  -.892036  -.451965
  54146.2  13065.0       .2     43.3       .0     26.3
       .2     86.6       .0     54.9  28975.2  30460.5
     -11.5      51.0      -1.7      80.9
      -3.5      24.4        .1      31.2
      -2.6      19.6        .5       5.8
      -3.0      18.8        .0       4.4
 71217   .000000  -.903278  -.429057
  57146.8  12934.5       .2     43.3      -.1     26.3
       .2     86.6       .0     54.8  32004.4  32745.8
     -12.1      52.7       1.6      88.4
      -2.8      23.3        .1      34.7
      -2.4      17.7       -.3       6.4
      -2.7      17.1        .1       3.1
 71218   .000000  -.912924  -.408131
  59818.9  12744.9       .2     43.3       .0     26.3
       .2     86.6       .0     54.8  33743.7  34649.2
     -11.8      51.5        .9      90.0
      -2.4      23.1        .3      37.1
      -2.5      18.5        .6       8.1
      -2.8      16.8        .2       3.0
 71219   .000000  -.921250  -.388972
  63054.9  12781.0       .2     43.3       .1     26.3
       .2     86.6       .1     54.8  35202.5  36224.1
     -11.6      52.3      -1.6      92.4
      -3.0      24.9       -.4      35.0
      -2.4      20.7        .9       6.7
      -2.9      20.2        .4       3.0
 71220   .000000  -.928477  -.371391
  66084.5  12740.0       .2     43.3       .2     26.3
       .2     86.6       .2     54.8  36939.1  38395.9
     -14.0      54.9       3.4      97.4
      -2.6      24.2      -1.7      40.7
      -2.3      20.1        .4       9.5
      -3.0      19.7        .0       5.0
 71221   .000000  -.934784  -.355218
  68933.6  12676.8       .2     43.3       .0     26.2
       .2     86.6      -.1     54.7  39243.6  40852.5
     -12.6      50.3       1.8      95.5
      -2.7      23.6       1.4      40.8
      -2.6      18.5        .1       9.9
      -2.9      17.6        .0       4.8
 71222   .000000  -.940315  -.340305
  71960.4  12532.9       .2     43.3       .3     26.2
       .2     86.6       .3     54.7  41501.6  42744.0
     -11.3      49.9       -.3      99.6
      -3.0      23.7        .1      41.4
      -2.5      18.7        .1      10.0
      -2.7      17.4        .2       4.0
 71223   .000000  -.945190  -.326520
  75210.8  12523.5       .2     43.3      -.1     26.1
       .2     86.6      -.1     54.5  43870.6  44512.2
     -14.7      55.5       3.0      97.9
      -2.8      25.2      -1.0      44.4
      -2.5      21.4       -.2      10.6
      -3.0      20.8        .2       3.1
 71224   .000000  -.949506  -.313750
  78031.9  12456.8       .2     43.3      -.2     26.2
       .2     86.6      -.2     54.6  45453.0  46655.2
     -13.2      56.6      -1.4      98.4
      -2.9      24.9       -.4      47.2
      -2.4      20.7        .2      10.5
      -2.8      20.4        .0       3.6
 71225   .000000  -.953342  -.301892
  80885.4  12401.1       .2     43.3       .0     26.0
       .2     86.6      -.1     54.5  47215.2  48803.3
     -11.8      52.4      -1.8      99.3
      -2.9      24.2       1.2      45.7
      -2.5      18.6        .1      11.6
      -3.1      17.8        .2       4.5
 71226   .000000  -.956767  -.290857
  84214.1  12397.9       .2     43.3       .0     26.1
       .2     86.6       .0     54.4  49482.4  51231.1
     -12.2      53.1        .9     100.2
      -2.9      24.3       -.1      47.6
      -2.5      19.1        .0      10.8
      -2.5      17.4        .5       5.7
 71227   .000000  -.959834  -.280567
  87327.1  12458.9       .2     43.3      -.1     26.0
       .2     86.6      -.1     54.3  51845.4  53164.3
     -13.0      55.3       7.3     108.6
      -2.7      25.6       1.5      47.2
      -2.2      21.7       -.2      13.9
      -2.8      20.8        .2       5.9
 71228   .000000  -.962593  -.270952
  90690.6  12439.0       .2     43.3       .0     26.2
       .2     86.6      -.1     54.3  54638.4  55573.9
     -16.3      57.4       4.3     106.4
      -3.1      25.5       -.7      51.9
      -2.4      20.9        .1      14.7
      -3.2      20.3        .0       6.1
 71229   .000000  -.965081  -.261951
  93772.5  12371.4       .2     43.3       .0     25.9
       .2     86.6       .0     54.2  55491.5  57155.4
     -12.7      53.1       1.3     107.5
      -3.0      23.9       -.3      51.7
      -2.7      19.4       -.7      15.6
      -3.0      18.2        .0       4.7
 71230   .000000  -.967333  -.253508
  96886.1  12444.2       .2     43.3       .3     25.8
       .2     86.6       .3     54.1  57548.8  59383.9
     -13.6      53.0       8.4     107.6
      -2.7      24.3        .5      54.5
      -2.5      19.3       -.6      14.7
      -2.6      17.6        .3       5.1
 71231   .000000  -.969377  -.245576
  99686.7  12316.3       .2     43.3       .1     26.2
       .2     86.6       .0     54.2  59403.5  61646.2
     -10.3      53.6       4.0     105.6
      -2.9      25.6      -1.0      54.2
      -2.2      21.9        .1      12.4
      -2.6      21.1       -.2       4.6
 71232   .000000  -.971238  -.238110
 102691.7  12302.5       .2     43.3       .3     25.7
       .2     86.6       .3     54.1  61918.3  63476.3
     -15.8      52.3       3.8     113.7
      -3.1      25.3        .2      55.3
      -2.5      21.0        .6      16.0
      -3.1      20.4        .2       4.5
 71233   .000000  -.972937  -.231072
 105946.5  12333.4       .2     43.3       .2     25.8
       .2     86.6       .2     54.0  63457.0  65350.8
     -10.8      49.8       3.7     111.3
      -2.6      23.4      -2.1      54.4
      -2.0      19.0        .9      14.7
      -2.8      18.2        .1       5.9
 71234   .000000  -.974491  -.224428
 109165.6  12363.6       .2     43.3       .1     25.7
       .2     86.6       .1     54.1  65470.1  67265.6
     -10.2      50.0       -.5     109.8
      -3.0      24.1       -.5      60.0
      -2.6      19.2        .8      19.1
      -2.3      17.8       -.4       7.2
 71235   .000000  -.975916  -.218146
 112286.4  12318.3       .2     43.3       .0     25.6
       .2     86.6       .1     53.9  69172.5  70602.6
     -12.9      51.3       -.9     107.9
      -3.0      25.7        .4      58.4
      -2.3      21.7        .6      20.0
      -2.8      20.9        .2       7.3
 71236   .000000  -.977227  -.212198
 115300.9  12338.2       .2     43.3       .0     25.7
       .2     86.6       .0     54.0  71809.8  72921.9
     -11.2      51.9      -1.6     114.8
      -3.6      25.7       -.6      61.2
      -2.7      21.2        .2      19.0
      -2.4      20.5       -.1       7.8
 71237   .000000  -.978434  -.206558
 118490.4  12388.1       .2     43.3       .2     25.7
       .2     86.6       .1     53.9  72922.7  75038.8
     -12.2      52.4      -2.6     116.3
      -3.6      24.5        .6      58.1
      -2.7      19.8       -.1      18.9
      -2.8      18.5        .5       6.1
 71238   .000000  -.979549  -.201205
 121689.3  12296.1       .2     43.3      -.2     25.8
       .2     86.6      -.2     54.0  75416.0  77050.3
     -12.4      49.5      -6.5     123.1
      -3.3      24.1        .4      59.5
      -2.4      19.3        .5      16.9
      -2.4      17.8        .4       5.2
 71239   .000000  -.980581  -.196116
 125085.0  12346.5       .2     43.3      -.2     25.6
       .2     86.6      -.2     53.8  76898.2  79618.1
     -14.1      52.4      -5.1     119.4
      -3.3      26.3        .4      63.6
      -2.2      22.2        .0      22.0
      -2.1      21.6        .4       9.0
 71240   .000000  -.981537  -.191274
 127951.5  12312.8       .2     43.3       .0     25.6
       .2     86.6      -.1     53.8  78980.2  80728.6
     -10.9      51.0       1.4     113.9
      -3.4      25.7        .5      63.0
      -2.7      21.3        .5      22.8
      -2.8      20.7       -.7      11.7
 71241   .000000  -.982424  -.186661
 131338.6  12363.3       .2     43.3       .2     25.7
       .2     86.6       .3     53.9  80385.9  82517.2
     -13.7      50.8        .9     120.0
      -2.9      24.4        .8      63.5
      -2.6      19.8        .4      23.9
      -2.6      18.8        .6       8.6
 71242   .000000  -.983250  -.182261
 134666.6  12386.9       .2     43.3      -.1     25.5
       .2     86.6      -.1     53.7  82351.6  84860.5
     -12.5      53.3        .0     126.0
      -2.7      24.3       -.1      65.3
      -2.3      19.4        .4      23.6
      -2.6      18.2        .5       9.3
 71243   .000000  -.984020  -.178061
 137261.9  12373.2       .2     43.3      -.1     25.5
       .2     86.6       .0     53.6  85730.8  87352.0
     -14.0      51.9       2.7     121.9
      -2.9      25.5        .9      63.1
      -2.4      21.3       -.4      27.0
      -2.1      21.1        .3       9.8
 71244   .000000  -.984737  -.174047
 140981.8  12437.8       .2     43.3       .1     25.5
       .2     86.6       .0     53.6  86543.7  88669.3
     -13.3      53.2      -2.9     115.6
      -3.4      25.6       -.2      64.8
      -2.6      21.7       -.7      27.3
      -2.8      20.8        .0      11.9
 71245   .000000  -.985408  -.170207
 144207.2  12396.8       .2     43.3       .1     25.6
       .2     86.6       .0     53.7  89029.3  91983.7
     -11.7      51.6       2.6     119.2
      -3.0      24.4      -1.2      67.5
      -2.4      19.5        .1      25.9
      -3.3      18.4        .1       7.7
 71246   .000000  -.986036  -.166531
 147269.6  12379.3       .2     43.3       .1     25.6
       .2     86.6       .1     53.5  91199.0  93484.0
     -12.3      56.7      -1.2     118.0
      -3.3      24.8       1.0      67.9
      -2.6      19.5       -.6      25.0
      -2.3      17.9        .1      15.1
 71247   .000000  -.986625  -.163008
 150450.9  12347.4       .2     43.3       .1     25.3
       .2     86.6       .0     53.4  94611.8  96621.5
     -10.1      49.0       3.3     119.3
      -3.2      26.6       -.8      68.0
      -2.0      22.2       -.1      25.5
      -2.4      21.3        .3       7.8
 71248   .000000  -.987696  -.156385
 157061.9  12501.9       .2     43.3       .0     25.2
       .2     86.6       .0     53.3  98826.2 100959.8
     -14.1      55.5       5.2     130.2
      -3.6      25.2       -.5      69.3
      -2.4      19.7       -.5      25.4
      -2.1      19.1       -.2      10.8
 71249   .000000  -.988644  -.150274
 162938.6  12376.3       .2     43.3       .1     25.2
       .2     86.6       .1     53.3 103551.6 105880.0
     -11.8      49.1        .6     122.8
      -2.9      25.9       1.1      72.6
      -2.2      21.8       -.6      30.0
      -2.5      21.0        .2      10.6
 71250   .000000  -.989488  -.144617
 169634.8  12455.1       .2     43.3      -.1     25.4
       .2     86.6      -.1     53.2 106872.7 109834.8
      -8.5      55.0       3.7     124.2
      -3.5      24.6        .8      72.1
      -2.5      19.7      -1.3      30.1
      -2.4      18.7       -.2      12.2
 71251   .000000  -.990241  -.139367
 175553.9  12430.7       .2     43.3       .1     25.1
       .2     86.6       .1     53.2 111245.2 114690.1
     -14.4      56.9       6.5     123.8
      -3.5      27.0       -.1      70.9
      -2.2      22.0       1.4      30.0
      -2.5      21.9       -.2      12.0
 71252   .000000  -.990916  -.134481
 182416.4  12481.8       .2     43.3      -.1     25.5
       .2     86.6      -.1     53.1 115547.7 118591.7
     -12.0      52.0      -6.9     128.6
      -3.4      25.3        .1      72.0
      -2.6      19.8      -1.3      30.8
      -3.0      19.2        .4      14.7
 71253   .000000  -.991524  -.129924
 188561.1  12422.9       .2     43.3      -.4     25.2
       .2     86.6      -.3     53.1 120059.0 123085.8
     -11.0      46.6      -7.1     125.9
      -3.3      26.8       1.6      74.6
      -2.6      21.7      -1.0      34.4
      -3.0      21.3       1.3      13.5
 71254   .000000  -.992073  -.125663
 195168.6  12567.4       .2     43.3       .2     24.9
       .2     86.6       .1     52.8 125200.6 128367.5
     -11.7      54.3      -3.3     132.3
      -3.2      25.2        .1      75.0
      -2.4      20.0        .7      34.2
      -2.6      18.3       -.6      15.4
 71255   .000000  -.992571  -.121670
 201446.9  12468.3       .2     43.3      -.3     25.0
       .2     86.6      -.3     52.9 130322.1 133338.0
     -12.9      53.9      -2.9     120.4
      -3.4      27.3        .3      76.9
      -2.4      22.1        .2      32.9
      -2.8      21.8        .4      15.5
 71256   .000000  -.993023  -.117921
 208147.3  12492.4       .2     43.3      -.1     25.0
       .2     86.6       .0     52.8 134934.8 137490.0
     -11.7      47.4        .1     126.6
      -3.3      25.3      -1.4      76.4
      -2.7      19.9       -.6      35.6
      -2.9      18.9      -1.0      19.0
 71257   .000000  -.993435  -.114396
 213980.1  12574.8       .2     43.3       .0     25.0
       .2     86.6       .1     52.7 137543.3 141182.2
      -9.1      49.6      10.7     125.9
      -3.3      26.1        .6      75.4
      -2.5      21.8        .3      35.9
      -2.3      21.2        .9      12.5
 71258   .000000  -.993812  -.111073
 220435.3  12544.2       .2     43.3       .1     25.3
       .2     86.6       .1     52.7 143203.2 146817.4
      -9.6      44.5      -5.8     129.4
      -4.0      25.1       -.1      77.6
      -2.7      19.8      -1.2      37.9
      -3.1      19.2        .3      17.0
 71259   .000000  -.994158  -.107937
 227420.3  12513.6       .2     43.3      -.2     24.8
       .2     86.6      -.2     52.6 147197.0 150664.1
      -6.3      36.9      -1.4     130.7
      -3.6      26.6      -1.0      79.7
      -2.8      22.2        .0      39.3
      -2.6      21.4       1.0      17.8
 71260   .000000  -.994475  -.104972
 233598.2  12626.5       .2     43.3       .0     25.6
       .2     86.6      -.1     52.6 151539.7 154582.6
      -9.5      38.3      -1.2     135.0
      -3.5      24.5       -.3      78.5
      -2.7      19.8        .3      35.7
      -2.8      19.0       -.7      17.9
 71261   .903278   .000000  -.429057
  56540.5   8633.3       .1     41.1      -.1     28.9
       .1     83.8      -.1     57.7  31845.6  32741.9
      -2.1      83.0       9.0      42.1
        .8      29.4       2.1      24.0
       -.2       6.7       2.0      18.3
       -.3       5.0       2.2      16.6
 71262   .887877   .000000  -.460082
  52520.8   8737.1      -.2     41.1      -.1     28.9
      -.3     83.9      -.1     57.7  29176.8  30144.1
       3.1      82.3       7.6      41.9
       -.9      27.4       2.5      22.4
       -.3       5.0       1.9      16.8
       -.2       5.0       2.6      15.2
 71263   .868777   .000000  -.495203
  49079.6   8890.6       .4     41.1      -.1     28.9
       .3     84.0      -.1     57.7  26852.0  27583.7
      -2.0      84.0       8.1      43.6
        .5      29.8       2.7      23.9
       -.2       5.7       1.9      17.7
       -.2       5.0       2.6      15.8
 71264   .844819   .000000  -.535052
  45293.1   9169.2      -.1     41.4      -.1     28.9
      -.1     84.1      -.1     57.7  24470.9  25171.5
       1.2      75.3       8.5      40.8
        .6      22.3       2.4      21.6
       -.1       5.0       2.0      16.1
       -.2       5.0       2.2      14.6
 71265   .814421   .000000  -.580275
  41866.4   9432.9       .1     41.4      -.1     28.9
       .1     84.2      -.1     57.7  22477.8  23311.3
        .7      81.2       7.9      42.5
       -.2      21.6       2.7      22.8
       -.3       5.5       2.4      17.0
       -.1       5.0       2.6      15.1
 71266   .775436   .000000  -.631426
  38544.6   9853.8      -.1     41.2      -.1     28.9
       .0     84.1      -.1     57.7  20496.7  21067.7
       -.7      76.6       7.0      42.2
       1.3      20.9       2.1      21.2
       -.2       5.0       2.4      15.2
       -.1       5.0       2.4      13.2
 71267   .724999   .000000  -.688749
  35324.6  10496.3       .2     41.4      -.1     28.9
       .3     84.3      -.1     57.7  18122.8  18921.4
       4.2      72.6       6.5      43.0
       -.3      13.3       2.8      21.9
       -.4       5.0       2.0      15.6
       -.2       5.0       2.6      13.4
 71268   .659438   .000000  -.751759
  32507.6  11543.9       .2     41.4      -.1     28.9
       .2     84.3      1.6      6.6  16287.5  16955.9
      -3.3      73.3       7.8      42.8
       -.4      14.4       2.5      19.6
        .0       5.0       2.6      13.5
        .0       5.0       2.3      11.6
 71269   .574426   .000000  -.818557
  29798.9  13098.9      -.1     41.1      -.1     28.9
      -.1     84.2       .2     11.7  14779.4  15444.9
      -1.4      68.4       7.1      41.2
       1.1      13.0       2.7      18.9
       -.2       5.0       2.3      12.9
       -.2       5.0       2.5      11.3
 71270   .465746   .000000  -.884918
  27955.4  15970.1       .2     41.4      -.1     28.9
       .2     84.4       .4     22.8  13763.1  14150.3
      -1.9      77.3       6.0      41.8
       -.5      12.5       2.4      16.9
       -.2       5.0       2.0      11.1
        .0       5.0       2.2       9.2
 71271   .331088   .000000  -.943600
  26481.6  19537.7      -.2     41.4       .8      6.6
      -.2     84.3       .5     34.6  12583.1  13110.9
       1.3      70.5       4.4      38.8
       -.9      11.4       1.5      11.3
       -.4       5.0       1.5       7.2
       -.2       5.0       1.3       6.1
 71272   .254493   .000000  -.967075
  26064.7  20705.9      -.1     41.5       .3     11.8
      -.2     84.4       .3     40.4  12334.3  12955.9
      -3.3      68.0       4.3      45.0
       -.2       9.8       1.3       8.9
       -.3       5.0       1.3       5.6
        .0       5.0       1.2       4.6
 71273   .172799   .000000  -.984957
  25636.8  21098.6      -.3     41.4       .2     17.2
      -.4     84.4       .1     46.1  12155.9  12677.4
       2.7      70.5       3.0      45.3
        .8      13.2       1.0       6.4
       -.1       5.0        .8       3.7
       -.3       5.0       1.0       3.0
 71274   .087384   .000000  -.996175
  25577.8  20922.3      -.3     41.5      -.3     22.7
      -.3     84.4      -.3     51.5  12228.0  12684.2
       2.8      72.0       2.6      62.6
      -1.1      12.6        .6       5.0
       -.4       5.0        .7       3.0
        .0       5.0        .8       3.0
 71275   .000000   .000000 -1.000000
  25404.5  20733.1       .0     41.4      -.2     26.8
       .0     84.4      -.2     55.5  12117.1  12709.9
       -.8      73.6       1.0      73.8
      -1.3      12.3        .4       8.5
        .0       5.0        .1       3.0
       -.2       5.0        .1       3.0
 71276  -.087384   .000000  -.996175
  25560.9  20953.1       .4     41.2      -.1     22.8
       .4     84.3      -.1     51.5  12096.6  12620.1
      -5.7      73.7      -4.0      62.5
        .2      12.1       -.5       5.7
        .0       5.0       -.5       3.0
       -.1       5.0       -.5       3.0
 71277  -.172799   .000000  -.984957
  25586.0  21218.2       .3     41.5      -.3     17.4
       .3     84.4      -.3     46.2  12287.2  12774.9
       2.5      66.2       -.4      46.5
        .3       9.5       -.6       6.2
       -.3       5.0       -.7       3.7
       -.2       5.0       -.8       3.1
 71278  -.254493   .000000  -.967075
  25915.0  20578.5       .1     41.4      -.4     11.8
       .1     84.4      -.3     40.3  12331.0  12986.4
       4.6      69.5      -3.9      43.3
       -.6      13.9      -1.1       8.5
       -.1       5.0       -.9       5.5
       -.2       5.0      -1.0       4.6
 71279  -.331088   .000000  -.943600
  26533.7  19434.4       .0     41.6      -.5      6.5
       .1     84.4      -.4     34.6  12809.4  13312.2
       7.1      72.6      -3.7      37.2
       -.6       8.8      -1.3      11.2
        .0       5.0      -1.2       7.2
       -.2       5.0      -1.3       6.1
 71280  -.465746   .000000  -.884918
  27937.0  15917.0       .0     41.5      -.1     28.9
       .0     84.5      -.5     22.8  13629.2  14084.5
        .1      71.5      -4.6      41.9
      -1.0      15.2      -2.0      16.5
       -.2       5.0      -1.9      11.0
       -.2       5.0      -1.8       9.2
 71281  -.574426   .000000  -.818557
  29918.8  13155.2      -.2     41.5      -.1     28.9
      -.2     84.4       .0     11.7  14960.5  15514.6
       -.3      74.9      -5.8      41.9
       -.6      15.7      -2.5      19.1
       -.2       5.0      -2.0      13.0
       -.2       5.0      -2.2      11.2
 71282  -.659438   .000000  -.751759
  32646.3  11643.7       .0     41.5      -.1     28.9
       .0     84.4     -1.7      7.1  16290.4  16962.4
      -3.3      75.2      -7.9      43.6
       -.5      15.8      -2.9      19.4
       -.1       5.0      -2.0      13.5
       -.2       5.0      -2.2      11.4
 71283  -.724999   .000000  -.688749
  35309.3  10500.8      -.3     41.3      -.1     28.9
      -.3     84.3      -.1     57.7  18173.0  18872.8
       1.2      77.0      -7.4      43.2
        .1      17.3      -2.1      21.9
       -.1       5.0      -2.3      15.3
       -.1       5.0      -2.4      13.6
 71284  -.775436   .000000  -.631426
  38355.2   9872.8      -.3     41.5      -.1     28.9
      -.2     84.3      -.1     57.7  19967.3  20527.0
       4.4      81.7      -6.9      41.7
       1.7      21.0      -2.4      20.8
       -.6       5.0      -2.2      14.8
       -.2       5.0      -2.2      13.3
 71285  -.814421   .000000  -.580275
  41785.6   9432.0       .0     41.4      -.1     28.9
       .0     84.2      -.1     57.7  22107.4  22961.2
      -5.1      77.7      -6.6      43.6
       -.6      23.8      -2.0      22.9
       -.2       5.0      -2.0      16.7
       -.3       5.0      -2.3      15.2
 71286  -.844819   .000000  -.535052
  45321.3   9135.1      -.3     41.2      -.1     28.9
      -.2     84.0      -.1     57.7  24833.9  25568.9
       2.0      80.8      -7.9      42.3
       -.2      24.1      -2.1      22.3
       -.1       5.0      -1.5      16.0
       -.4       5.0      -2.1      14.3
 71287  -.868777   .000000  -.495203
  48928.4   8918.2      -.6     41.1      -.1     28.9
      -.5     83.9      -.1     57.7  27010.2  27968.3
       1.0      83.3     -10.0      43.2
        .4      26.6      -2.2      24.1
       -.3       5.7      -2.0      17.9
       -.3       5.0      -2.2      16.0
 71288  -.887877   .000000  -.460082
  52608.6   8663.3       .2     41.4      -.1     28.9
       .1     83.9      -.1     57.7  29043.6  30130.0
      -3.2      77.6      -7.9      40.6
        .8      27.0      -2.0      22.4
       -.4       6.8      -1.7      16.7
        .0       5.0      -2.2      15.5
 71289  -.903278   .000000  -.429057
  56476.4   8638.9       .2     41.2      -.1     28.9
       .1     83.8      -.1     57.7  31840.2  32759.8
      -4.4      82.9      -9.0      42.2
        .9      31.2      -2.0      24.0
        .0       9.2      -2.3      18.3
       -.4       5.0      -2.4      16.5
 71290   .840060  -.367526  -.399028
  60537.8   9277.4       .2     43.3      -.1     28.9
       .2     18.6      -.1     57.7  33872.1  35159.4
      -7.9      62.8       7.4      39.1
      -2.0      25.7       2.3      24.1
      -1.4      16.3       1.7      18.4
      -1.5      13.6       1.9      16.8
 71291   .817505  -.390173  -.423616
  56892.2   9541.9       .2     43.3      -.1     28.9
       .3     18.9      -.1     57.7  31635.5  32578.5
      -5.8      60.8       8.3      40.3
      -2.7      25.6       2.3      22.1
      -1.5      16.6       1.5      16.6
      -1.7      13.7       1.8      15.5
 71292   .790440  -.414981  -.450551
  53470.8   9796.1       .2     43.3      -.1     28.9
       .1     19.4      -.1     57.7  29524.3  30595.6
      -6.9      62.3       6.5      42.4
      -1.8      25.9       2.4      23.5
      -1.7      16.9       1.7      17.5
      -1.7      14.1       1.8      16.1
 71293   .757796  -.442047  -.479937
  50092.6  10232.8       .2     43.3      -.1     28.9
       .4     19.9      -.1     57.7  27081.2  27739.9
      -6.6      61.2       7.3      41.4
      -2.3      26.4       2.0      21.2
      -2.0      17.2       1.6      15.8
      -1.7      14.2       1.6      14.5
 71294   .718269  -.471364  -.511767
  46970.0  10736.3       .2     43.3      -.1     28.9
       .3     20.6      -.1     57.7  24975.6  26070.9
      -7.9      58.8       7.6      45.2
      -2.4      26.6       2.4      22.7
      -1.8      17.4       1.6      16.3
      -1.9      14.4       1.8      14.7
 71295   .670317  -.502738  -.545830
  44206.0  11596.5       .2     43.3      -.1     28.9
      -.1     21.3      -.1     57.7  23155.4  24196.4
      -8.7      60.2       7.0      45.1
      -2.3      26.9       2.0      20.5
      -2.5      17.9       2.3      14.7
      -2.0      14.9       1.8      13.2
 71296   .612205  -.535679  -.581595
  41595.4  12468.4       .2     43.3      -.1     28.9
      -.1     21.8      -.1     57.7  21535.3  22128.9
      -7.4      60.5       6.2      44.0
      -2.9      27.8       2.4      20.8
      -2.4      18.1       2.1      14.7
      -2.3      15.1       2.1      13.3
 71297   .542159  -.569267  -.618061
  39268.5  14013.2       .2     43.3      -.1     28.9
       .5     22.5       .3     10.4  20186.3  20653.0
      -8.8      60.3       4.4      44.8
      -2.6      28.0       1.8      19.2
      -2.4      18.6       1.7      13.0
      -2.5      15.3       1.9      11.3
 71298   .458673  -.602008  -.653609
  37194.0  15977.5       .2     43.3      -.1     28.9
      -.1     22.9      -.2     10.1  18715.0  19549.1
      -9.9      58.9       4.8      42.9
      -2.8      28.3       1.9      18.0
      -2.6      18.5       2.0      12.0
      -3.0      15.7       2.2      10.6
 71299   .361020  -.631785  -.685938
  35634.5  17300.3       .2     43.3      -.1     28.9
      -.2     23.5       .1     21.2  17993.9  18674.6
     -10.4      56.7       4.2      47.1
      -3.9      28.8       2.0      16.4
      -3.0      18.9       1.8      10.6
      -2.9      15.8       1.8       8.8
 71300   .249898  -.655981  -.712208
  34421.9  17131.2       .2     43.3       .1      5.8
      -.2     23.6       .0     33.6  17502.7  17988.4
      -9.5      57.6       5.4      45.2
      -3.7      28.9       1.3      11.0
      -3.0      18.9       1.2       6.9
      -3.1      15.8       1.3       5.8
 71301   .190037  -.665130  -.722141
  34166.3  16893.1       .2     43.3       .1     10.9
      -.4     23.7       .0     39.3  17139.7  17655.1
      -8.3      61.9       2.2      48.9
      -3.6      29.1       1.2       9.3
      -3.1      19.2        .9       5.3
      -3.3      15.9        .9       4.5
 71302   .127982  -.671905  -.729496
  33753.0  16710.1       .2     43.3      -.1     16.7
      -.3     23.7      -.1     45.3  16906.0  17413.7
     -12.6      59.4       3.3      57.8
      -3.6      28.4        .9       7.6
      -3.2      19.2        .8       3.5
      -3.2      15.9        .8       3.0
 71303   .064388  -.676070  -.734019
  33667.6  16692.8       .2     43.3      -.2     22.4
      -.6     23.6      -.3     51.1  16884.8  17547.5
     -10.4      59.7       3.6      65.6
      -3.9      28.9        .9      11.0
      -3.3      18.8        .5       3.0
      -3.4      15.7        .6       3.0
 71304   .000000  -.677476  -.735545
  33650.4  16610.7       .2     43.3      -.1     26.7
      -.3     23.5      -.1     55.4  16841.0  17612.3
      -9.7      58.2       1.6      72.7
      -4.0      28.9       -.1      16.2
      -3.1      19.1        .2       3.3
      -3.5      15.7        .1       3.0
 71305  -.064388  -.676070  -.734019
  33581.3  16577.4       .2     43.3       .5     22.4
      -.3     23.7       .4     51.1  17206.6  17694.1
      -8.6      60.0      -4.9      65.7
      -3.5      28.6       -.3       8.3
      -3.2      19.1       -.3       3.0
      -3.6      15.6       -.4       3.0
 71306  -.127982  -.671905  -.729496
  33649.5  16754.2       .2     43.3       .1     16.6
      -.2     23.6       .2     45.3  16854.6  17347.8
     -10.0      59.7      -1.4      57.7
      -3.4      29.0       -.6       7.4
      -2.8      18.9       -.5       3.4
      -3.4      15.7       -.6       3.0
 71307  -.190037  -.665130  -.722141
  34064.7  16879.4       .2     43.3      -.1     11.0
      -.4     23.7       .0     39.5  17575.7  18103.2
      -6.9      58.0      -2.5      49.4
      -3.3      29.1       -.9       9.1
      -3.1      18.9       -.8       5.2
      -3.4      15.9       -.8       4.3
 71308  -.249898  -.655981  -.712208
  34482.2  17085.4       .2     43.3      -.1      5.8
      -.5     23.6       .2     33.3  17452.4  18116.1
     -10.6      61.2      -5.4      45.7
      -3.7      29.1      -1.0      10.8
      -3.1      18.8       -.9       6.9
      -2.9      15.9       -.9       5.8
 71309  -.361020  -.631785  -.685938
  35689.9  17314.4       .2     43.3      -.1     28.9
      -.1     23.4       .3     21.4  18129.7  18722.2
      -9.7      60.7      -4.7      43.4
      -3.4      28.8      -1.9      16.3
      -2.8      18.7      -1.3      10.3
      -2.5      15.7      -1.3       8.8
 71310  -.458673  -.602008  -.653609
  37197.9  15869.1       .2     43.3      -.1     28.9
       .0     22.8       .1     10.0  19256.2  19931.8
      -7.1      60.6      -5.5      45.1
      -3.4      28.7      -1.8      18.0
      -2.7      18.6      -1.7      12.2
      -2.7      15.5      -1.8      10.5
 71311  -.542159  -.569267  -.618061
  39156.5  13992.3       .2     43.3      -.1     28.9
       .2     22.4      -.1      9.3  20302.5  20976.1
      -8.4      58.8      -7.0      43.7
      -3.1      27.8      -2.3      18.8
      -2.7      18.3      -1.8      13.0
      -2.1      15.5      -1.5      11.3
 71312  -.612205  -.535679  -.581595
  41595.5  12517.5       .2     43.3      -.1     28.9
       .5     21.5      -.1     57.7  21997.1  22616.7
      -7.7      60.3      -6.8      43.2
      -2.3      27.6      -1.8      21.0
      -2.0      18.4      -1.7      14.7
      -2.4      15.2      -1.9      13.4
 71313  -.670317  -.502738  -.545830
  44184.8  11467.3       .2     43.3      -.1     28.9
       .2     21.2      -.1     57.7  23224.0  24257.1
     -11.0      62.7      -8.5      44.8
      -2.4      27.7      -1.9      20.6
      -2.1      18.0      -1.7      14.8
      -2.1      15.0      -1.6      13.4
 71314  -.718269  -.471364  -.511767
  47097.4  10870.7       .2     43.3      -.1     28.9
       .0     20.6      -.1     57.7  25253.1  26241.0
      -9.1      57.9      -8.9      44.5
      -2.1      27.0      -1.9      22.8
      -2.1      17.1      -1.4      16.3
      -2.0      14.5      -1.6      14.9
 71315  -.757796  -.442047  -.479937
  50069.9  10246.8       .2     43.3      -.1     28.9
       .2     20.0      -.1     57.7  27230.9  28381.6
      -6.3      59.3      -7.2      41.4
      -2.0      26.5      -1.5      21.4
      -1.7      17.0      -1.4      15.9
      -1.8      14.3      -1.3      14.6
 71316  -.790440  -.414981  -.450551
  53170.8   9831.0       .2     43.3      -.1     28.9
       .1     19.3      -.1     57.7  29505.3  30371.2
      -6.9      59.0      -8.5      42.6
      -1.9      25.8      -2.2      22.9
      -1.6      16.8      -1.4      17.7
      -1.8      13.9      -1.7      16.1
 71317  -.817505  -.390173  -.423616
  56769.5   9584.0       .2     43.3      -.1     28.9
       .0     18.9      -.1     57.7  31086.4  32391.3
      -8.7      59.5      -8.1      40.5
      -2.0      25.8      -2.3      22.3
      -1.7      16.5      -1.7      17.1
      -1.5      13.8      -1.4      15.7
 71318  -.840060  -.367526  -.399028
  60208.2   9293.1       .2     43.3      -.1     28.9
       .3     18.6      -.1     57.7  34255.5  35243.4
      -7.6      61.3      -9.6      40.2
      -1.7      25.2      -1.7      24.1
      -1.4      16.3      -1.5      18.4
      -1.5      13.6      -1.6      16.8
 71319   .708659  -.620076  -.336613
  71633.1  11014.8       .2     43.3      -.1     28.9
       .2     86.6      -.1     57.7  40875.4  41835.2
     -10.4      59.3       6.6      43.4
      -1.7      23.6       1.9      22.6
      -1.2      18.0       1.4      17.3
      -1.4      17.4       1.6      15.6
 71320   .677337  -.646549  -.350984
  68631.4  11566.2       .2     43.3      -.1     28.9
       .2     86.6      -.1     57.7  39381.8  40363.7
      -7.8      54.3       7.6      40.5
      -1.8      23.5       1.7      21.0
      -1.5      18.3       1.4      15.5
      -1.1      17.5       1.1      14.0
 71321   .641844  -.673936  -.365851
  66046.8  12224.3       .2     43.3      -.1     28.9
       .2     86.6      -.1     57.7  37653.1  38838.3
     -10.0      56.4       7.3      45.6
      -2.1      23.7       2.2      21.8
      -1.1      18.5       1.4      15.8
      -1.4      17.9       1.7      14.3
 71322   .601687  -.701968  -.381068
  63316.1  12696.2       .2     43.3      -.1     28.9
       .2     86.6      -.1     57.7  35904.2  36881.6
     -11.6      57.5       8.6      45.1
      -2.0      23.7       1.7      20.1
      -1.3      18.9       1.5      14.5
      -1.6      18.2       1.5      12.8
 71323   .556388  -.730259  -.396426
  61143.5  13264.5       .2     43.3      -.1     28.9
       .2     86.6      -.1     57.7  34317.5  35235.7
      -8.8      53.1       8.4      43.8
      -2.3      23.9       1.9      20.6
      -1.3      19.2       1.4      14.5
      -1.6      18.3       1.6      12.9
 71324   .505524  -.758286  -.411641
  58701.1  14103.3       .2     43.3      -.1     28.9
       .2     86.6      -.1     57.7  31987.0  33147.4
     -10.6      55.4       5.5      49.6
      -1.7      24.4       1.6      19.2
      -1.6      19.3       1.3      13.2
      -1.6      18.9       1.7      11.5
 71325   .448787  -.785377  -.426348
  56820.4  14126.7       .2     43.3      -.1     28.9
       .2     86.6      -.1     57.7  31863.3  32717.4
     -11.7      55.7       6.9      47.1
      -1.9      23.8       1.5      18.2
      -1.5      19.7       1.5      12.5
      -1.7      19.2       1.5      11.0
 71326   .386057  -.810720  -.440105
  55114.1  14273.5       .2     43.3      -.1     28.9
       .2     86.6      -.1     57.7  30293.8  31436.2
     -11.0      53.8       7.5      48.6
      -2.3      24.0       1.6      17.6
      -2.1      20.0       1.7      11.7
      -2.1      19.3       1.5       9.6
 71327   .317480  -.833386  -.452409
  53751.6  13967.1       .2     43.3      -.1     28.9
       .2     86.6      -.4      7.2  29570.0  30513.1
     -13.3      55.9       5.6      52.4
      -2.7      24.5       2.0      16.2
      -1.9      19.9       1.5      10.1
      -1.9      19.6       1.4       8.6
 71328   .243541  -.852392  -.462727
  52696.8  13620.5       .2     43.3      -.1     28.9
       .2     86.6      -.3     19.1  28921.1  29769.2
     -10.7      52.8       4.6      52.5
      -2.2      24.9       1.5      15.6
      -2.3      20.2       1.4       9.1
      -2.1      19.7       1.2       7.3
 71329   .165103  -.866792  -.470544
  52000.8  13396.3       .2     43.3       .0      4.1
       .2     86.6      -.3     31.8  28711.2  29607.0
     -10.6      52.5       4.0      56.6
      -2.6      24.5       1.1      12.7
      -2.4      20.1       1.1       6.3
      -2.7      19.7       1.0       4.9
 71330   .124573  -.872008  -.473376
  51661.3  13452.7       .2     43.3      -.1      9.7
       .2     86.6      -.4     38.3  28382.2  29048.4
     -11.7      51.4        .2      59.7
      -2.4      24.5        .8      12.9
      -2.4      19.9        .9       4.8
      -2.5      19.8        .8       3.8
 71331   .083409  -.875791  -.475429
  51628.2  13286.1       .2     43.3      -.5     15.7
       .2     86.6      -.4     44.4  28708.6  29558.8
     -12.1      53.8       2.0      70.8
      -2.8      25.1        .9      12.4
      -2.3      20.3        .6       3.5
      -2.7      19.8        .7       3.0
 71332   .041814  -.878085  -.476675
  51485.5  13299.9       .2     43.3      -.9     22.3
       .2     86.6      -.9     50.5  28157.9  29071.4
     -12.9      54.9       1.8      80.2
      -2.3      24.4       -.2      20.1
      -2.5      19.9        .4       3.0
      -2.8      19.7        .4       3.0
 71333   .000000  -.878853  -.477092
  51413.3  13237.7       .2     43.3       .0     26.4
       .2     86.6      -.1     55.0  27550.2  28644.7
     -13.1      54.9        .3      86.1
      -2.4      24.4       -.6      26.6
      -2.7      19.9        .4       5.5
      -2.5      19.9        .3       3.0
 71334  -.041814  -.878085  -.476675
  51466.9  13297.2       .2     43.3       .7     21.7
       .2     86.6       .7     50.4  28554.8  29273.5
     -10.7      52.6      -2.4      77.6
      -2.3      24.6        .2      18.5
      -2.2      20.4       -.2       3.0
      -2.6      19.5       -.2       3.0
 71335  -.083409  -.875791  -.475429
  51499.0  13280.9       .2     43.3       .4     15.8
       .2     86.6       .5     44.3  27930.1  29035.9
     -11.8      52.1        .2      70.4
      -2.3      24.5       -.5      13.1
      -3.0      19.8       -.4       3.3
      -2.3      19.8       -.3       3.0
 71336  -.124573  -.872008  -.473376
  51441.5  13372.3       .2     43.3       .4      9.7
       .2     86.6       .5     38.1  28264.1  29107.7
     -12.0      53.5      -1.4      61.7
      -2.3      24.6       -.7      11.8
      -2.5      20.1       -.5       4.6
      -2.0      19.8       -.5       3.7
 71337  -.165103  -.866792  -.470544
  52018.9  13490.9       .2     43.3       .1      4.0
       .2     86.6       .5     31.9  28253.5  29066.2
     -11.7      53.8       -.7      56.4
      -1.9      24.3       -.6      11.4
      -2.4      20.0       -.7       6.0
      -2.4      19.7       -.7       4.9
 71338  -.243541  -.852392  -.462727
  52729.3  13667.9       .2     43.3      -.1     28.9
       .2     86.6       .4     19.0  28827.5  29776.6
     -11.2      53.5      -3.0      53.3
      -2.1      24.6      -1.0      15.4
      -2.2      20.0      -1.1       9.1
      -2.1      19.6      -1.2       7.3
 71339  -.317480  -.833386  -.452409
  53868.4  14039.0       .2     43.3      -.1     28.9
       .2     86.6       .6      7.3  29867.8  30532.7
      -9.6      53.4      -2.6      49.2
      -1.9      24.5      -1.5      16.0
      -2.1      19.9      -1.3      10.1
      -2.1      19.5      -1.3       8.7
 71340  -.386057  -.810720  -.440105
  55296.0  14191.1       .2     43.3      -.1     28.9
       .2     86.6      -.1     57.7  30526.4  31574.4
      -8.9      54.5      -4.6      49.0
      -1.7      24.5      -1.3      17.8
      -1.6      19.9      -1.3      11.8
      -1.9      19.4      -1.3       9.6
 71341  -.448787  -.785377  -.426348
  56989.9  14183.7       .2     43.3      -.1     28.9
       .2     86.6      -.1     57.7  31380.1  32425.8
     -10.0      54.4      -8.2      50.6
      -2.0      24.0      -1.4      18.5
      -1.6      19.7      -1.4      12.9
      -1.8      19.0      -1.4      11.1
 71342  -.505524  -.758286  -.411641
  58830.3  14232.9       .2     43.3      -.1     28.9
       .2     86.6      -.1     57.7  31961.2  32913.6
     -10.0      55.7      -5.7      46.1
      -2.1      24.6      -1.7      19.0
      -1.7      19.4      -1.1      13.2
      -1.7      19.1      -1.5      11.7
 71343  -.556388  -.730259  -.396426
  61093.2  13330.4       .2     43.3      -.1     28.9
       .2     86.6      -.1     57.7  34607.7  35655.1
     -11.4      53.7      -8.0      47.1
      -1.9      23.7      -1.6      20.2
      -1.1      18.9       -.9      14.4
      -1.6      18.4      -1.4      13.1
 71344  -.601687  -.701968  -.381068
  63315.0  12751.7       .2     43.3      -.1     28.9
       .2     86.6      -.1     57.7  35874.7  36860.3
      -7.6      54.4      -7.4      47.1
      -1.9      23.5      -1.6      19.8
      -1.7      18.8      -1.5      14.3
      -1.2      18.2      -1.3      12.9
 71345  -.641844  -.673936  -.365851
  65955.0  12057.1       .2     43.3      -.1     28.9
       .2     86.6      -.1     57.7  37551.8  38775.7
     -10.2      55.3      -6.2      45.9
      -2.0      23.8      -1.7      21.6
      -1.4      18.5      -1.3      15.7
      -1.3      17.7      -1.1      14.3
 71346  -.677337  -.646549  -.350984
  68664.5  11571.0       .2     43.3      -.1     28.9
       .2     86.6      -.1     57.7  39015.3  40246.8
      -7.2      57.8      -8.1      44.2
      -2.0      23.9      -1.7      20.8
      -1.5      18.4      -1.1      15.4
      -1.6      17.1      -1.4      13.7
 71347  -.708659  -.620076  -.336613
  71450.4  11038.2       .2     43.3      -.1     28.9
       .2     86.6      -.1     57.7  41480.4  42516.6
     -10.3      56.2      -9.1      42.0
      -1.9      23.2      -1.6      22.5
      -1.4      18.0      -1.4      17.1
       -.9      17.4      -1.1      15.8
 71348   .482910  -.845093  -.229382
 105569.1  13732.5       .2     43.3      -.1     28.9
       .2     86.6      -.1     57.7  63798.7  65723.5
     -13.4      55.3       5.7      45.4
      -1.9      23.7       1.9      20.5
      -1.4      18.9       1.3      14.0
      -1.5      17.6       1.4      12.3
 71349   .451149  -.861285  -.233777
 103624.4  13718.3       .2     43.3      -.1     28.9
       .2     86.6      -.1     57.7  63659.3  64950.2
     -12.8      56.0       9.2      48.5
      -2.2      24.1       1.8      20.1
      -1.9      19.0       1.5      13.3
      -1.3      17.9       1.2      11.5
 71350   .417577  -.876913  -.238019
 102111.8  13580.6       .2     43.3      -.1     28.9
       .2     86.6      -.1     57.7  61076.1  62818.9
     -10.4      51.5       6.2      50.3
      -2.0      23.8       1.7      19.2
      -1.4      19.1       1.2      12.8
      -1.7      18.0       1.4      11.2
 71351   .382204  -.891810  -.242063
 100208.2  13484.9       .2     43.3      -.1     28.9
       .2     86.6      -.1     57.7  60821.0  62226.5
     -10.3      52.6       5.3      60.6
      -2.4      24.1       1.7      19.1
      -1.9      18.8       1.5      12.0
      -1.8      18.0       1.5      10.3
 71352   .345068  -.905804  -.245861
  98797.8  13277.6       .2     43.3      -.1     28.9
       .2     86.6      -.1     57.7  59261.0  60918.2
     -10.4      50.9       8.1      53.9
      -2.2      24.1       1.6      19.0
      -1.9      19.1       1.4      11.5
      -1.8      18.3       1.4       9.8
 71353   .306238  -.918714  -.249365
  97310.2  12990.7       .2     43.3      -.1     28.9
       .2     86.6      -.1     57.7  57893.4  59778.6
      -9.5      51.6       7.3      61.5
      -2.4      24.0       1.6      18.8
      -1.9      19.1       1.2      10.9
      -1.9      18.5       1.3       9.2
 71354   .265817  -.930361  -.252527
  96561.8  12916.4       .2     43.3      -.1     28.9
       .2     86.6      -.1     57.7  57757.6  59468.0
     -13.0      55.6       4.1      62.9
      -2.2      24.5       1.5      18.1
      -1.9      19.7       1.3       9.9
      -2.2      18.5       1.3       8.3
 71355   .223945  -.940570  -.255298
  95273.0  12666.2       .2     43.3      -.1     28.9
       .2     86.6      -.1     57.7  56478.9  58568.4
     -13.3      53.1       5.1      61.1
      -2.8      23.9       1.5      18.9
      -2.1      19.4       1.2       9.6
      -2.5      18.4       1.3       7.6
 71356   .180796  -.949177  -.257634
  94819.2  12607.0       .2     43.3      -.1     28.9
       .2     86.6      -.5      4.2  57130.1  58812.4
     -15.3      53.8       7.5      73.7
      -2.5      23.8       1.5      18.2
      -2.0      19.4       1.0       7.9
      -1.8      18.6       1.0       6.4
 71357   .136577  -.956038  -.259496
  94079.4  12558.3       .2     43.3      -.1     28.9
       .2     86.6      -.6     16.9  55811.5  57393.4
     -12.6      52.5       1.7      71.3
      -2.4      24.2       1.4      19.7
      -2.1      19.2       1.2       7.8
      -2.4      18.1       1.1       5.7
 71358   .091527  -.961030  -.260851
  93649.4  12415.0       .2     43.3      -.3      2.3
       .2     86.6      -.6     30.4  55660.8  57189.2
     -12.6      53.0       2.9      75.1
      -2.8      24.5        .5      20.1
      -2.2      19.1        .8       5.5
      -2.7      18.2        .8       3.9
 71359   .068771  -.962796  -.261330
  93904.1  12458.9       .2     43.3      -.8      8.3
       .2     86.6      -.7     37.0  56002.0  57686.1
     -11.7      55.7       4.0      86.3
      -2.9      24.1        .7      21.9
      -2.6      19.2        .7       4.7
      -2.4      18.3        .6       3.1
 71360   .045908  -.964064  -.261674
  93653.0  12463.6       .2     43.3     -1.0     14.7
       .2     86.6     -1.0     43.2  56092.8  57505.4
     -10.8      52.1        .6      92.5
      -2.8      24.3       1.1      27.6
      -2.5      19.2        .5       4.9
      -2.7      17.9        .4       3.0
 71361   .022972  -.964827  -.261882
  93612.7  12574.7       .2     43.3     -1.1     21.2
       .2     86.6     -1.1     49.6  56149.7  57546.9
     -13.2      52.5       -.5     102.1
      -3.0      24.2        .1      40.1
      -2.2      19.1        .2       7.1
      -2.5      18.4        .3       3.0
 71362   .000000  -.965081  -.261951
  93706.5  12398.6       .2     43.3      -.4     25.9
       .2     86.6      -.3     54.2  55796.0  57285.8
     -10.8      51.2       4.5     109.6
      -3.2      24.2        .7      52.2
      -2.4      19.3        .6      14.6
      -2.9      18.1        .2       4.8
 71363  -.022972  -.964827  -.261882
  93541.4  12460.4       .2     43.3      1.4     21.2
       .2     86.6      1.4     49.5  56079.3  57520.3
     -12.2      52.8        .3      95.2
      -3.0      24.0       -.9      39.8
      -2.6      19.2        .1       7.0
      -2.7      18.5        .0       3.9
 71364  -.045908  -.964064  -.261674
  93569.1  12386.3       .2     43.3       .9     14.8
       .2     86.6       .9     43.3  56059.7  57650.8
     -12.5      53.6       3.4      95.3
      -3.1      24.4       -.1      29.3
      -2.5      19.0       -.2       5.1
      -2.5      18.2       -.2       3.0
 71365  -.068771  -.962796  -.261330
  93504.2  12462.3       .2     43.3       .7      8.3
       .2     86.6       .7     36.7  55455.5  56750.4
     -13.9      53.6      -2.9      86.0
      -3.0      24.5       -.5      23.4
      -2.3      19.2       -.3       4.5
      -2.5      18.4       -.5       3.0
 71366  -.091527  -.961030  -.260851
  93650.2  12503.7       .2     43.3       .3      2.2
       .2     86.6       .4     30.3  56037.7  57696.6
     -14.8      55.4      -1.1      86.1
      -2.7      24.6       -.5      20.5
      -2.3      19.3       -.6       5.8
      -2.4      18.4       -.5       4.0
 71367  -.136577  -.956038  -.259496
  94061.9  12561.5       .2     43.3      -.1     28.9
       .2     86.6       .2     16.9  56003.1  57949.6
     -15.0      56.8      -1.5      76.5
      -2.3      24.3      -1.3      20.1
      -2.1      19.5       -.9       7.6
      -2.3      18.2       -.8       5.7
 71368  -.180796  -.949177  -.257634
  94617.6  12660.6       .2     43.3      -.1     28.9
       .2     86.6       .5      4.2  56451.0  57646.6
     -13.7      52.5      -1.0      68.6
      -2.2      24.4      -1.1      18.9
      -2.2      19.3       -.8       8.1
      -1.7      18.4       -.7       6.3
 71369  -.223945  -.940570  -.255298
  95311.8  12684.4       .2     43.3      -.1     28.9
       .2     86.6      -.1     57.7  56468.5  58060.3
     -12.9      51.0      -4.4      61.8
      -2.3      23.9      -1.2      18.4
      -2.2      19.2      -1.2       9.4
      -2.1      18.6      -1.0       7.6
 71370  -.265817  -.930361  -.252527
  96498.8  12942.6       .2     43.3      -.1     28.9
       .2     86.6      -.1     57.7  58017.3  59350.6
     -12.3      52.5      -8.7      60.3
      -2.9      24.3      -1.6      19.6
      -2.0      19.3      -1.0       9.8
      -2.3      18.1      -1.1       8.1
 71371  -.306238  -.918714  -.249365
  97416.3  13049.5       .2     43.3      -.1     28.9
       .2     86.6      -.1     57.7  58152.9  59844.7
     -10.9      50.5      -5.8      58.2
      -2.3      23.5      -1.4      18.9
      -1.8      19.2      -1.1      11.0
      -2.2      18.3      -1.2       9.1
 71372  -.345068  -.905804  -.245861
  98512.0  13207.3       .2     43.3      -.1     28.9
       .2     86.6      -.1     57.7  59213.6  60612.5
     -13.3      51.5      -9.8      59.0
      -2.7      24.1      -1.6      18.4
      -1.8      19.2      -1.1      11.4
      -1.5      18.2      -1.0       9.7
 71373  -.382204  -.891810  -.242063
 100361.3  13355.1       .2     43.3      -.1     28.9
       .2     86.6      -.1     57.7  60062.0  62115.7
     -10.2      51.3      -4.1      55.6
      -1.7      24.6      -1.3      19.9
      -1.8      18.9      -1.1      12.1
      -2.2      18.0      -1.2      10.3
 71374  -.417577  -.876913  -.238019
 101993.5  13602.1       .2     43.3      -.1     28.9
       .2     86.6      -.1     57.7  61905.5  63369.6
     -12.4      55.4      -6.9      50.7
      -2.3      24.6      -1.5      20.1
      -1.5      19.3      -1.2      13.0
      -1.7      17.9      -1.1      11.1
 71375  -.451149  -.861285  -.233777
 103415.3  13674.6       .2     43.3      -.1     28.9
       .2     86.6      -.1     57.7  61826.3  63379.1
     -10.8      51.8      -6.5      48.1
      -1.6      23.6      -1.1      18.9
      -1.4      19.1       -.9      13.2
      -1.5      17.8      -1.0      11.5
 71376  -.482910  -.845093  -.229382
 105552.5  13698.5       .2     43.3      -.1     28.9
       .2     86.6      -.1     57.7  63220.5  65970.1
     -10.0      54.6      -6.3      46.7
      -2.0      23.5      -1.7      20.5
      -1.7      18.7      -1.2      13.9
      -1.4      17.6       -.9      12.2
 71377   .337328  -.927651  -.160231
 151634.0  13211.5       .2     43.3      -.1     28.9
       .2     86.6      -.1     57.7  94735.7  97693.1
     -10.2      51.3       5.3      51.4
      -3.0      25.5       1.8      20.1
      -1.6      19.6       1.2      11.6
      -1.8      18.9       1.3      10.0
 71378   .312066  -.936198  -.161707
 150445.5  13054.9       .2     43.3      -.1     28.9
       .2     86.6      -.1     57.7  94090.8  96154.2
     -14.6      54.1      11.4      57.7
      -2.4      25.0       1.8      20.5
      -1.8      19.6       1.2      11.6
      -1.8      18.8       1.1       9.4
 71379   .286124  -.944211  -.163091
 148914.1  13095.3       .2     43.3      -.1     28.9
       .2     86.6      -.1     57.7  93074.2  95605.9
     -11.5      48.0      11.4      55.6
      -2.9      25.0       1.8      21.0
      -2.0      19.7       1.3      10.7
      -2.1      18.4       1.3       8.5
 71380   .259539  -.951641  -.164374
 148333.5  12817.0       .2     43.3      -.1     28.9
       .2     86.6      -.1     57.7  92752.4  95940.6
     -13.0      51.6       4.7      64.3
      -2.8      24.8       1.8      21.0
      -1.8      19.7       1.5      10.8
      -1.8      18.9       1.3       8.8
 71381   .232349  -.958440  -.165549
 146976.0  12828.2       .2     43.3      -.1     28.9
       .2     86.6      -.1     57.7  91602.1  94350.2
     -13.7      53.4       -.1      68.7
      -2.5      25.1       1.1      20.4
      -2.1      19.7       1.4       9.6
      -2.6      18.9       1.4       7.8
 71382   .204604  -.964562  -.166606
 146378.3  12660.5       .2     43.3      -.1     28.9
       .2     86.6      -.1     57.7  91636.2  93758.9
     -12.6      53.4       6.5      75.7
      -3.0      25.2       1.6      23.3
      -1.8      19.8       1.2      10.0
      -2.4      19.1       1.3       7.7
 71383   .176357  -.969963  -.167539
 145490.9  12532.0       .2     43.3      -.1     28.9
       .2     86.6      -.1     57.7  91516.7  93685.6
     -14.3      53.5       6.3      82.9
      -2.9      25.0       1.7      23.8
      -2.1      20.1       1.1       8.3
      -1.9      18.9       1.0       6.6
 71384   .147667  -.974605  -.168341
 145189.6  12485.6       .2     43.3      -.1     28.9
       .2     86.6      -.1     57.7  90770.0  93497.8
     -12.8      51.3       5.3      83.0
      -2.8      24.6       1.6      24.7
      -2.4      19.8       1.3       8.8
      -2.1      18.8       1.1       6.4
 71385   .118600  -.978453  -.169006
 144579.7  12509.7       .2     43.3      -.1     28.9
       .2     86.6      -.5      2.8  90615.1  93231.4
     -12.8      56.2       5.4      88.6
      -3.1      24.8       1.5      27.1
      -2.3      20.0       1.0       7.4
      -2.1      18.8       1.0       5.3
 71386   .089225  -.981478  -.169528
 144588.9  12536.6       .2     43.3      -.1     28.9
       .2     86.6      -.6     15.8  90385.2  92211.5
     -12.6      47.3       5.6      85.5
      -3.2      24.6       1.7      29.2
      -2.5      19.6       1.1       8.6
      -2.5      18.4       1.0       5.1
 71387   .059616  -.983656  -.169904
 143759.8  12389.7       .2     43.3      -.5      1.4
       .2     86.6      -.9     29.4  89980.1  92046.6
     -12.9      52.7       4.2     106.0
      -3.3      24.8        .6      31.9
      -2.2      19.6        .7       7.7
      -2.4      18.7        .7       3.7
 71388   .044746  -.984421  -.170036
 144048.4  12401.2       .2     43.3      -.8      7.7
       .2     86.6     -1.0     36.1  89853.4  91962.3
     -11.6      51.8       1.6     108.3
      -3.2      24.5        .1      34.3
      -2.5      19.6        .4       9.5
      -2.4      19.0        .6       3.3
 71389   .029848  -.984969  -.170131
 143727.6  12410.6       .2     43.3     -1.0     14.2
       .2     86.6     -1.1     42.5  89711.6  91618.2
     -11.8      50.6      -4.5     114.9
      -3.5      24.0       -.6      41.6
      -2.8      19.3        .4       8.4
      -2.4      19.1        .6       4.8
 71390   .014929  -.985299  -.170188
 144260.2  12396.1       .2     43.3     -1.5     21.2
       .2     86.6     -1.4     49.0  89657.8  92853.3
     -11.3      51.4        .8     123.3
      -3.1      24.4       -.5      55.2
      -2.2      19.5        .1      15.4
      -2.8      18.9        .0      10.1
 71391   .000000  -.985408  -.170207
 143621.5  12430.7       .2     43.3      -.1     25.5
       .2     86.6       .0     53.6  89229.2  91220.8
     -11.7      54.3       -.3     123.8
      -3.3      24.7       1.5      66.3
      -2.5      19.5        .3      25.1
      -2.9      18.7        .3       8.3
 71392  -.014929  -.985299  -.170188
 144136.0  12381.5       .2     43.3      1.2     20.8
       .2     86.6      1.2     49.0  89743.3  91895.7
     -14.2      49.0       1.1     116.1
      -3.1      25.2        .5      55.5
      -2.5      19.7       -.1      16.1
      -3.0      18.2        .1       5.0
 71393  -.029848  -.984969  -.170131
 144227.2  12358.5       .2     43.3       .9     14.3
       .2     86.6      1.0     42.7  89830.3  92024.5
     -10.3      48.5       1.2     110.2
      -3.4      25.5        .6      44.1
      -2.6      19.5        .0      10.0
      -2.6      18.9       -.2       4.9
 71394  -.044746  -.984421  -.170036
 144101.3  12429.7       .2     43.3       .8      7.6
       .2     86.6       .9     36.0  89818.4  92535.6
     -14.2      51.6       3.6     108.1
      -3.1      24.8        .2      35.7
      -2.3      19.6       -.1       8.8
      -2.5      18.6       -.3       3.3
 71395  -.059616  -.983656  -.169904
 144027.8  12449.0       .2     43.3      -.4     22.0
       .2     86.6       .7     29.4  89671.2  92389.0
     -12.4      52.9      -2.7     103.1
      -3.2      24.7       -.5      29.8
      -2.4      19.6       -.5       7.4
      -2.6      18.8       -.5       3.8
 71396  -.089225  -.981478  -.169528
 144353.7  12485.2       .2     43.3      -.1     28.9
       .2     86.6       .7     15.7  89608.1  91739.1
     -13.9      54.7      -3.8      93.1
      -3.1      24.9      -1.2      26.4
      -2.2      19.8       -.7       7.6
      -2.4      18.4       -.7       5.0
 71397  -.118600  -.978453  -.169006
 144718.5  12470.5       .2     43.3      -.1     28.9
       .2     86.6       .5      2.9  90389.4  93014.3
      -7.4      47.0       1.9      86.5
      -3.3      25.7      -1.4      25.5
      -2.2      19.9       -.9       8.4
      -2.1      19.0       -.7       5.4
 71398  -.147667  -.974605  -.168341
 145149.3  12519.0       .2     43.3      -.1     28.9
       .2     86.6      -.1     57.7  90349.1  92417.9
     -13.4      52.5      -3.6      81.2
      -2.8      24.7      -1.0      23.6
      -2.3      19.7      -1.1       8.9
      -2.2      18.9       -.9       6.6
 71399  -.176357  -.969963  -.167539
 145631.8  12643.9       .2     43.3      -.1     28.9
       .2     86.6      -.1     57.7  90751.9  93388.6
      -9.4      52.3      -3.9      75.8
      -3.1      25.2      -1.3      24.7
      -2.1      19.7       -.9       8.3
      -2.5      18.8      -1.1       7.0
 71400  -.204604  -.964562  -.166606
 146104.2  12609.8       .2     43.3      -.1     28.9
       .2     86.6      -.1     57.7  91907.1  94909.9
     -12.0      54.0      -3.6      74.2
      -2.8      25.0      -1.4      24.0
      -2.2      19.7       -.9       9.5
      -1.9      19.0      -1.1       7.5
 71401  -.232349  -.958440  -.165549
 147212.0  12744.2       .2     43.3      -.1     28.9
       .2     86.6      -.1     57.7  92683.4  94814.6
      -9.7      46.8       -.3      68.3
      -3.2      24.8      -1.7      21.4
      -2.0      19.8       -.9       9.5
      -2.2      18.7       -.8       7.8
 71402  -.259539  -.951641  -.164374
 148162.7  12855.9       .2     43.3      -.1     28.9
       .2     86.6      -.1     57.7  93417.7  96000.5
     -10.8      46.8      -5.6      64.1
      -3.1      25.3      -1.9      23.7
      -1.9      19.5      -1.0      10.9
      -1.6      18.7       -.8       8.6
 71403  -.286124  -.944211  -.163091
 148982.6  12913.4       .2     43.3      -.1     28.9
       .2     86.6      -.1     57.7  92057.6  94696.6
     -10.0      52.8      -7.2      64.4
      -2.7      25.2      -1.4      21.0
      -1.8      19.9      -1.0      10.4
      -2.0      18.9       -.8       8.8
 71404  -.312066  -.936198  -.161707
 150331.4  13197.5       .2     43.3      -.1     28.9
       .2     86.6      -.1     57.7  94573.5  96437.0
     -14.7      56.8      -7.5      51.3
      -2.6      25.3      -1.8      21.8
      -1.6      20.1       -.8      11.7
      -1.7      18.9       -.9       9.4
 71405  -.337328  -.927651  -.160231
 151720.9  13113.1       .2     43.3      -.1     28.9
       .2     86.6      -.1     57.7  94841.5  97964.3
      -7.3      45.9      -3.6      56.6
      -2.6      24.5      -1.5      20.8
      -2.0      19.9      -1.2      11.6
      -1.6      18.6       -.9       9.9
