Dot1_150x100_prd2012lk:dj0070a@-200V,0T@90d,263K,rhe=1.10,rhh=0.7,0.5/0.5       
  5424   1  0.00  60   5  29   0  200.00  263.00     .50  .95800   650.0     .41    -.37  150.000  100.000  285.000   800.0     .20    -.18    1.50    1.00     .85
 71801   .000000   .000000 -1.000000
  25885.4  21069.6      -.1     40.7       .1     26.0
      -.1     83.8       .1     54.8  12429.1  12941.8
       3.2      69.8      -1.4      61.7
      -1.3      10.3        .1       9.9
       -.2       5.0        .1       3.0
       -.1       5.0        .2       3.0
 71802   .000000  -.130455  -.991454
  26101.4  21273.7       .4     33.7       .0     26.2
       .5     76.7       .0     54.9  12708.4  13107.3
      -1.8      60.5       3.8      66.8
       -.6       5.7       -.8      11.1
       -.9       5.0        .2       3.0
       -.9       5.0        .2       3.0
 71803   .000000  -.254493  -.967075
  26555.1  21849.8      -.5     25.0       .0     26.2
      -.2     67.9       .0     54.9  12764.8  13269.8
      -9.1      52.8        .4      66.3
      -1.1       8.5        .2      11.7
      -1.1       5.5        .1       3.0
      -1.1       5.0        .3       3.0
 71804   .000000  -.367167  -.930155
  27553.0  21916.4      -.5     15.8       .0     26.2
      -.2     58.5       .0     55.0  13366.9  13940.0
      -4.7      50.7       1.6      68.4
      -1.6      12.8        .8      14.4
      -1.2       8.1        .1       3.0
      -1.3       6.7        .2       3.0
 71805   .000000  -.465746  -.884918
  28834.3  21130.9      -.3      7.6       .1     26.2
       .0     49.1       .1     54.9  14431.5  14840.4
      -6.7      49.4        .6      72.5
      -2.0      16.2       -.2      13.1
      -1.5      10.6        .5       3.8
      -1.5       8.8        .1       3.0
 71806   .000000  -.549617  -.835417
  30465.7  19944.6     -2.5      5.1       .2     26.1
      -.4     39.3       .2     54.9  15086.5  15731.1
      -5.4      52.2        .4      71.4
      -2.8      21.5       1.3      11.9
      -1.9      14.2        .1       3.1
      -1.9      11.3        .1       3.0
 71807   .000000  -.619644  -.784883
  32440.6  18440.3       .2     43.3       .0     26.1
       .0     29.5       .0     54.8  16478.8  16964.6
      -7.8      56.9        .0      74.0
      -3.3      26.5        .4      12.9
      -2.4      17.8        .1       3.2
      -2.4      14.4        .2       3.0
 71808   .000000  -.677476  -.735545
  34461.0  16714.6       .2     43.3      -.2     26.0
       .1     20.0      -.2     54.7  17762.9  18238.9
      -7.3      56.6       1.3      73.5
      -2.7      27.5       1.2      13.6
      -2.5      18.3        .2       5.2
      -2.3      14.6        .3       3.0
 71809   .000000  -.724999  -.688749
  36688.6  15878.8       .2     43.3       .0     25.9
      -.4     10.9       .0     54.6  19336.4  19869.8
     -12.5      58.1       -.5      75.5
      -2.8      25.0        .1      15.3
      -2.3      16.8        .2       5.0
      -2.3      14.2        .2       3.0
 71810   .000000  -.764030  -.645181
  39157.2  14995.4       .2     43.3      -.1     25.9
     -1.3      6.9      -.1     54.6  20670.8  21345.6
      -9.3      51.6        .3      78.3
      -2.5      21.4        .7      17.7
      -2.0      16.5        .2       5.0
      -2.1      15.0        .2       3.0
 71811   .000000  -.796162  -.605083
  41701.2  14706.5       .2     43.3       .1     25.8
       .2     86.6       .1     54.5  22257.7  22816.8
      -9.9      52.0        .5      79.7
      -2.6      22.6        .6      22.3
      -1.9      17.1        .4       4.6
      -2.1      16.0        .3       3.0
 71812   .000000  -.822730  -.568432
  44147.0  14165.0       .2     43.3      -.2     25.7
       .2     86.6      -.2     54.4  23765.5  24561.8
      -8.3      50.9       5.0      79.3
      -2.3      22.0        .7      23.6
      -1.7      16.4        .2       4.4
      -1.6      14.7        .1       3.0
 71813   .000000  -.844819  -.535052
  47031.3  13837.0       .2     43.3       .1     25.9
       .2     86.6       .0     54.3  25600.2  26478.5
     -10.2      52.1      -2.5      81.9
      -1.6      21.1        .0      25.8
      -1.7      15.1        .0       3.7
      -1.6      13.4        .3       3.0
 71814   .000000  -.863297  -.504697
  49848.4  13647.0       .2     43.3      -.1     25.6
       .2     86.6      -.1     54.2  27458.2  28242.5
     -10.6      50.9       1.2      86.2
      -2.0      21.5        .0      26.2
      -1.3      17.2        .2       4.7
      -1.7      15.8        .1       3.0
 71815   .000000  -.878853  -.477092
  52494.9  13358.6       .2     43.3      -.1     25.5
       .2     86.6      -.1     54.1  29019.8  29953.7
     -10.4      51.7        .2      84.6
      -1.9      23.2        .2      27.5
      -1.7      18.2        .3       5.2
      -1.8      17.2        .3       3.0
 71816   .000000  -.892036  -.451965
  55608.6  13216.9       .2     43.3       .1     25.7
       .2     86.6       .2     54.2  30639.1  31663.8
      -9.6      54.9       2.1      88.1
      -1.7      22.6       1.3      31.9
      -1.6      16.9        .8       6.2
      -1.8      15.5        .0       3.1
 71817   .000000  -.903278  -.429057
  58633.7  13068.9       .2     43.3       .3     25.7
       .2     86.6       .3     54.1  32565.7  33531.8
     -11.3      52.1        .4      91.9
      -2.0      21.0       -.1      32.8
      -1.7      15.9        .4       5.1
      -1.9      14.0        .1       3.5
 71818   .000000  -.912924  -.408131
  61494.6  13047.6       .2     43.3       .1     25.4
       .2     86.6       .1     54.0  35381.3  36273.8
     -10.5      51.9       -.9      91.0
      -1.7      22.1       -.5      34.6
      -1.3      17.8        .0       6.7
      -1.5      16.2        .2       3.0
 71819   .000000  -.921250  -.388972
  64355.3  12921.7       .2     43.3      -.1     25.3
       .2     86.6      -.1     53.9  36581.5  37761.2
     -12.2      53.6       1.0      92.4
      -1.7      23.5       1.1      33.1
      -1.5      18.6        .1       9.2
      -1.6      17.6        .1       3.0
 71820   .000000  -.928477  -.371391
  67367.1  12881.0       .2     43.3       .0     25.5
       .2     86.6       .0     54.0  39108.9  40183.8
     -11.1      55.7        .6      96.6
      -1.9      22.5       1.3      38.8
      -1.5      17.5        .2       7.7
      -1.8      16.1        .2       6.0
 71821   .000000  -.934784  -.355218
  70633.7  12742.7       .2     43.3       .1     25.4
       .2     86.6       .1     53.8  40566.4  42005.7
     -11.4      50.3      -1.1      96.1
      -2.0      21.7        .6      41.6
      -1.6      16.2        .0       7.5
      -1.7      14.6        .3       5.1
 71822   .000000  -.940315  -.340305
  73503.5  12754.8       .2     43.3       .0     25.3
       .2     86.6       .0     53.8  43006.9  43957.1
     -10.3      47.1       2.4      94.1
      -1.7      22.2       1.2      41.1
      -1.5      17.7        .0       8.4
      -1.6      16.5        .2       4.3
 71823   .000000  -.945190  -.326520
  76535.6  12675.5       .2     43.3       .1     25.4
       .2     86.6       .0     53.8  44502.5  46253.3
     -11.4      52.2        .4      99.4
      -2.2      23.3        .3      39.5
      -1.1      19.1       -.6      11.9
      -1.9      17.9        .0       4.7
 71824   .000000  -.949506  -.313750
  79865.0  12677.1       .2     43.3       .1     25.2
       .2     86.6       .1     53.7  47031.9  48108.8
     -12.8      52.5       4.1     102.0
      -2.1      22.5       1.2      40.3
      -1.4      17.8        .2      11.6
      -1.5      16.5        .2       4.1
 71825   .000000  -.953342  -.301892
  82960.1  12640.1       .2     43.3       .0     25.2
       .2     86.6       .1     53.7  48932.2  50062.2
     -10.2      50.7      -4.3      98.1
      -1.7      21.7       -.1      47.7
      -1.8      16.6       -.1      10.8
      -1.6      14.9        .1       3.8
 71826   .000000  -.956767  -.290857
  85916.3  12544.5       .2     43.3      -.2     25.2
       .2     86.6      -.1     53.6  50500.2  52141.1
     -12.8      55.4       2.0     104.3
      -2.0      22.1       2.6      46.7
      -1.2      17.8        .4      10.6
      -1.7      16.6        .2       4.3
 71827   .000000  -.959834  -.280567
  89223.3  12600.7       .2     43.3       .1     25.6
       .2     86.6       .1     53.5  53759.2  54933.7
     -13.0      54.1        .6     104.8
      -2.1      23.3        .3      46.0
      -1.6      19.3       -.2      13.7
      -1.4      18.4        .1       5.5
 71828   .000000  -.962593  -.270952
  92205.6  12483.0       .2     43.3       .1     25.2
       .2     86.6       .1     53.5  54989.8  56621.4
     -10.4      53.7      -2.5     105.5
      -2.1      22.8       -.2      49.3
      -1.5      17.7        .0      11.5
      -1.8      16.4        .2       4.8
 71829   .000000  -.965081  -.261951
  95624.1  12550.4       .2     43.3      -.4     25.0
       .2     86.6      -.3     53.4  56912.9  58527.9
     -12.9      50.9       5.8     107.4
      -1.9      22.1       1.3      49.2
      -1.8      16.5        .3      14.1
      -1.5      15.3       -.5       8.0
 71830   .000000  -.967333  -.253508
  98646.1  12626.2       .2     43.3       .3     24.9
       .2     86.6       .2     53.3  59110.8  60722.0
     -12.3      51.3      -2.6     106.7
      -2.1      22.6        .9      48.8
      -1.6      18.6        .6      13.2
      -1.5      17.3        .0       4.0
 71831   .000000  -.969377  -.245576
 101825.5  12636.7       .2     43.3       .0     25.0
       .2     86.6       .0     53.3  62058.3  63359.3
     -12.0      49.7       1.2     109.9
      -2.3      24.3        .3      51.0
      -1.4      19.3        .2      15.2
      -1.9      18.4        .5       6.0
 71832   .000000  -.971238  -.238110
 105146.2  12523.7       .2     43.3       .1     25.0
       .2     86.6       .2     53.3  62654.0  65319.6
     -11.5      53.4        .5     110.8
      -2.3      23.1       1.6      55.0
      -1.4      18.2        .5      17.1
      -1.6      17.1        .4       7.4
 71833   .000000  -.972937  -.231072
 108243.1  12519.8       .2     43.3       .3     25.0
       .2     86.6       .4     53.3  65252.4  67473.2
     -14.2      55.0       4.4     113.8
      -1.9      22.1       1.9      54.2
      -1.8      16.5        .4      15.4
      -1.4      15.2       -.3      10.7
 71834   .000000  -.974491  -.224428
 111567.9  12548.5       .2     43.3       .1     24.8
       .2     86.6       .1     53.2  67462.2  69559.2
     -12.0      55.5        .4     109.7
      -2.0      23.3        .8      56.0
      -1.4      18.4       -.2      16.0
      -1.7      17.0        .0       5.5
 71835   .000000  -.975916  -.218146
 114555.7  12496.5       .2     43.3       .1     24.9
       .2     86.6       .0     53.2  69943.5  71492.6
     -10.0      48.8      10.3     111.8
      -1.8      23.8       -.3      56.2
      -1.8      19.3       -.2      16.6
      -1.6      18.3        .3       8.0
 71836   .000000  -.977227  -.212198
 117706.5  12434.5       .2     43.3      -.1     24.9
       .2     86.6      -.2     53.1  72081.3  74278.5
     -11.4      49.0      -4.5     117.6
      -2.4      23.4       -.9      58.4
      -1.5      17.9        .4      17.5
      -1.8      16.9        .2       9.2
 71837   .000000  -.978434  -.206558
 120768.1  12503.7       .2     43.3      -.1     24.9
       .2     86.6       .0     53.1  74872.0  76526.1
     -13.5      49.9      -2.0     118.9
      -2.3      22.2       1.1      56.3
      -1.4      16.7        .6      16.5
      -1.5      15.2        .3       5.9
 71838   .000000  -.979549  -.201205
 124305.6  12403.9       .2     43.3      -.2     24.9
       .2     86.6      -.2     53.0  77286.6  79110.0
     -11.1      46.9       1.3     111.7
      -2.0      23.1        .0      58.8
      -1.5      18.4        .7      18.0
      -1.5      17.2        .3       7.8
 71839   .000000  -.980581  -.196116
 127447.1  12504.3       .2     43.3      -.2     24.8
       .2     86.6      -.2     53.0  77935.2  80271.9
     -13.7      53.9       1.4     115.8
      -2.4      23.5       -.5      59.3
      -1.4      19.6       -.8      19.5
      -1.6      18.4        .1      10.0
 71840   .000000  -.981537  -.191274
 130883.0  12444.1       .2     43.3       .1     25.0
       .2     86.6       .1     53.0  81406.8  83470.4
     -12.0      50.3      -8.2     118.7
      -2.6      23.5       -.3      59.0
      -1.7      17.9       -.2      22.5
      -1.7      16.9        .2       6.6
 71841   .000000  -.982424  -.186661
 133787.5  12545.3       .2     43.3      -.1     24.7
       .2     86.6      -.1     52.8  83066.5  85956.1
     -11.4      50.9        .5     118.4
      -2.5      22.8       1.1      60.3
      -1.6      17.0        .4      19.7
      -1.5      15.2        .1       6.5
 71842   .000000  -.983250  -.182261
 137022.6  12516.7       .2     43.3       .1     24.8
       .2     86.6       .1     53.0  84615.7  87409.2
     -10.4      52.0        .8     117.6
      -1.8      22.9       -.6      63.2
      -1.4      18.2        .0      21.5
      -1.8      17.3        .2       9.6
 71843   .000000  -.984020  -.178061
 140317.8  12560.0       .2     43.3      -.3     24.6
       .2     86.6      -.3     52.8  87598.0  89670.9
     -11.8      51.0      -3.8     119.2
      -2.3      24.7        .2      64.4
      -1.7      19.6        .8      21.9
      -1.8      18.4        .1      10.7
 71844   .000000  -.984737  -.174047
 143637.3  12486.0       .2     43.3       .0     24.8
       .2     86.6       .0     52.8  87938.5  91454.2
     -11.5      51.5      -7.1     128.7
      -2.0      23.4       -.9      64.4
      -1.6      18.2       -.2      21.5
      -1.9      17.1        .2       8.5
 71845   .000000  -.985408  -.170207
 146719.1  12442.8       .2     43.3       .2     24.6
       .2     86.6       .2     52.7  92105.9  94861.6
     -13.2      56.5      -6.7     117.8
      -2.3      22.1        .7      63.5
      -1.6      16.9        .5      22.1
      -1.7      15.5        .7       7.0
 71846   .000000  -.986036  -.166531
 149863.2  12585.6       .2     43.3       .0     24.7
       .2     86.6       .0     52.8  94356.8  96921.9
     -13.1      53.9       4.7     124.6
      -2.3      23.0       -.2      65.5
      -1.9      18.4       -.4      23.7
      -1.4      17.5        .3      10.4
 71847   .000000  -.986625  -.163008
 153368.6  12639.1       .2     43.3       .3     24.9
       .2     86.6       .2     52.7  96756.4  99107.6
     -14.1      56.0      -8.9     117.0
      -2.4      24.7       -.5      65.4
      -1.5      19.7        .9      24.2
      -1.6      18.8        .9      11.4
 71848   .000000  -.987696  -.156385
 159783.5  12607.3       .2     43.3       .0     24.6
       .2     86.6       .1     52.6 101424.2 104292.3
     -10.6      46.4       2.4     127.1
      -2.5      22.7       1.4      69.7
      -1.6      16.9        .4      25.9
      -1.5      15.2        .1       8.5
 71849   .000000  -.988644  -.150274
 166034.0  12716.2       .2     43.3      -.1     24.5
       .2     86.6      -.1     52.5 106311.8 108386.6
     -12.0      53.4      -4.6     126.1
      -2.5      24.4      -1.1      69.0
      -1.4      19.7       -.5      24.0
      -2.1      18.7       -.2      10.9
 71850   .000000  -.989488  -.144617
 173165.5  12586.7       .2     43.3       .3     24.5
       .2     86.6       .3     52.5 109756.7 112766.9
     -14.1      55.3      -2.9     126.9
      -2.6      22.5       -.5      69.9
      -1.5      16.9        .3      27.0
      -1.5      15.4        .2      11.6
 71851   .000000  -.990241  -.139367
 179160.0  12589.0       .2     43.3       .1     24.3
       .2     86.6       .1     52.3 114050.6 117546.6
     -15.0      53.3      -1.6     128.6
      -2.8      24.8      -1.1      69.7
      -1.3      19.6       1.6      26.8
      -1.7      19.0        .2      12.8
 71852   .000000  -.990916  -.134481
 185856.5  12614.0       .2     43.3       .2     24.3
       .2     86.6       .2     52.2 118914.6 121466.6
     -13.0      50.3     -10.2     129.8
      -2.8      23.2      -1.7      71.1
      -1.7      16.6        .4      27.6
      -1.8      15.7        .1      13.7
 71853   .000000  -.991524  -.129924
 192179.6  12536.2       .2     43.3      -.1     24.3
       .2     86.6      -.1     52.3 121544.5 125874.4
     -14.2      56.7      10.8     127.8
      -2.7      25.2        .0      72.0
      -1.4      19.7       -.5      30.7
      -1.8      18.4       -.6      14.3
 71854   .000000  -.992073  -.125663
 198768.0  12592.4       .2     43.3       .1     24.3
       .2     86.6       .0     52.1 126934.9 130185.8
     -14.4      50.9     -10.4     128.8
      -2.8      22.6       -.3      72.7
      -1.5      17.0        .7      31.9
      -1.8      15.7       -.4      15.2
 71855   .000000  -.992571  -.121670
 205228.0  12650.4       .2     43.3       .2     24.2
       .2     86.6       .1     52.1 133835.8 137328.2
     -11.2      51.1        .4     134.4
      -2.1      24.7        .5      72.9
      -1.6      20.0        .7      32.4
      -1.4      18.6        .3      13.1
 71856   .000000  -.993023  -.117921
 211992.5  12695.2       .2     43.3      -.2     24.3
       .2     86.6      -.1     52.0 137189.9 140518.4
     -12.4      48.2       9.5     125.2
      -2.4      23.0      -1.0      75.9
      -1.6      16.7        .6      32.4
      -1.7      15.7       -.5      18.9
 71857   .000000  -.993435  -.114396
 218270.2  12639.6       .2     43.3      -.1     24.1
       .2     86.6      -.1     51.9 140580.0 145445.0
      -9.1      46.6      -2.9     128.8
      -2.6      24.6       1.0      77.1
      -1.6      19.8       1.0      33.9
      -1.5      18.5       -.5      19.4
 71858   .000000  -.993812  -.111073
 224768.1  12728.6       .2     43.3       .3     24.1
       .2     86.6       .2     51.9 144250.7 148879.8
     -11.4      42.6      -3.1     128.6
      -2.7      22.1      -1.1      73.1
      -1.8      16.9        .7      37.6
      -1.7      15.9       -.8      16.2
 71859   .000000  -.994158  -.107937
 231549.0  12696.7       .2     43.3       .2     24.1
       .2     86.6       .1     51.8 147864.0 151938.7
      -8.5      42.5      -1.0     124.6
      -2.4      24.4        .0      76.7
      -1.7      19.9        .3      35.2
      -1.5      19.4        .0      20.4
 71860   .000000  -.994475  -.104972
 237627.1  12663.4       .2     43.3       .2     24.1
       .2     86.6       .1     51.8 155213.1 158321.6
      -8.9      39.2       4.1     125.6
      -2.3      22.1        .7      78.1
      -1.5      16.9       1.5      36.7
      -1.9      15.9        .0      16.6
 71861   .903278   .000000  -.429057
  57773.0   8689.5      -.1     40.1      -.2     28.9
       .0     83.0      -.2     57.7  32833.1  33706.5
       1.3      84.4      10.1      39.7
        .1      29.5       1.7      21.4
       -.3       5.0       1.2      16.2
        .0       5.0       1.4      14.3
 71862   .887877   .000000  -.460082
  54131.3   8864.0      -.1     40.5      -.2     28.9
      -.1     83.1      -.2     57.7  30337.6  31409.8
        .2      81.4       6.6      38.8
       -.1      26.8       1.2      19.7
       -.2       7.4       1.2      15.0
       -.3       5.0       1.4      13.0
 71863   .868777   .000000  -.495203
  50171.1   8999.1      -.8     40.2      -.2     28.9
      -.7     83.1      -.2     57.7  27888.1  28992.2
       1.5      78.1       6.5      40.0
        .0      25.8       1.5      21.3
       -.4       5.0       1.5      15.6
       -.3       5.0       1.5      13.7
 71864   .844819   .000000  -.535052
  46384.1   9234.3       .3     40.4      -.2     28.9
       .3     83.2      -.2     57.7  25723.7  26572.6
       4.2      78.2       9.2      41.3
       -.4      23.0       1.6      19.5
       -.2       5.0       1.3      14.5
       -.1       5.0       1.3      12.5
 71865   .814421   .000000  -.580275
  42730.0   9471.3       .2     40.7      -.2     28.9
       .1     83.4      -.2     57.7  23130.1  24159.1
       1.6      75.7       5.8      41.2
       -.3      20.6       1.5      20.5
       -.4       5.0       1.7      14.9
       -.1       5.0       1.7      13.1
 71866   .775436   .000000  -.631426
  39357.4   9966.1      -.3     40.6      -.2     28.9
      -.4     83.5      -.2     57.7  21216.2  21831.2
        .2      74.7       8.5      39.7
       -.3      19.2       1.7      19.9
       -.5       5.0       1.3      13.4
       -.2       5.0       1.7      11.6
 71867   .724999   .000000  -.688749
  36153.6  10636.2       .0     40.6      -.2     28.9
       .1     83.6      -.2     57.7  18647.4  19663.3
       5.7      71.7       7.5      41.3
       -.2      17.7       1.8      19.5
       -.3       5.0       1.7      13.6
       -.3       5.0       1.8      11.9
 71868   .659438   .000000  -.751759
  33238.6  11628.1      -.1     40.6      -.2     28.9
      -.2     83.7      -.2     57.7  17324.8  17753.3
       -.7      69.6       6.1      40.3
       -.7      15.2       1.7      18.4
        .0       5.0       1.7      12.7
       -.2       5.0       1.7      10.7
 71869   .574426   .000000  -.818557
  30619.1  13205.2       .0     40.7      -.2     28.9
      -.1     83.7      -.3      8.6  15502.3  16112.1
      -4.0      69.5       6.7      41.1
       -.3      13.5       2.0      17.2
       -.3       5.0       1.7      12.0
       -.3       5.0       1.8      10.2
 71870   .465746   .000000  -.884918
  28690.0  16108.7       .1     40.6      -.2     28.9
       .1     83.6      -.1     20.5  14115.9  14549.1
       2.9      71.4       7.4      41.7
       -.5      13.0       2.2      16.7
       -.2       5.0       1.7      10.9
       -.2       5.0       1.7       8.8
 71871   .331088   .000000  -.943600
  27031.3  19665.3       .1     40.8       .2      4.9
       .1     83.8      -.1     32.9  13058.5  13682.6
      -1.0      67.2       3.9      37.4
       -.5      12.2       1.3      11.0
       -.5       5.0       1.0       7.2
       -.2       5.0       1.2       6.0
 71872   .254493   .000000  -.967075
  26395.1  20884.9      -.1     40.8       .1     10.3
       .0     83.7       .0     38.9  12805.0  13376.8
       -.8      70.2       2.5      41.5
       -.3       9.2        .9       7.9
       -.1       5.0       1.1       5.4
       -.1       5.0       1.0       4.4
 71873   .172799   .000000  -.984957
  26098.8  21354.4       .0     40.8      -.2     16.2
      -.1     83.8      -.2     45.1  12880.3  13293.1
      -2.0      69.9       2.2      47.7
       -.3      10.9       1.0       6.3
       -.1       5.0        .9       3.8
       -.2       5.0        .8       3.0
 71874   .087384   .000000  -.996175
  25878.4  21205.0       .2     40.6      -.6     22.1
       .2     83.6      -.6     50.8  12527.5  13094.4
        .4      71.5       2.8      55.2
        .1       9.1        .4       7.4
       -.2       5.0        .5       3.0
       -.2       5.0        .6       3.0
 71875   .000000   .000000 -1.000000
  26035.7  21239.9      -.1     40.7      -.2     26.2
      -.2     83.7      -.2     55.0  12524.4  13041.9
      -5.0      70.4       1.3      68.1
       -.5      11.0       -.2      11.6
       -.1       5.0        .4       3.0
        .0       5.0        .3       3.0
 71876  -.087384   .000000  -.996175
  25870.3  21143.2       .4     40.5       .6     22.2
       .4     83.6       .5     50.9  12383.5  12942.0
      -3.5      65.6       -.6      60.5
       -.4      10.0       -.4       5.9
       -.1       5.0       -.2       3.0
       -.2       5.0       -.2       3.0
 71877  -.172799   .000000  -.984957
  26121.8  21419.0       .1     40.8       .1     16.2
       .1     83.8       .1     45.1  12661.6  13027.7
        .5      69.0      -4.1      47.3
        .9      11.4       -.5       6.5
        .0       5.0       -.4       3.6
       -.3       5.0       -.5       3.0
 71878  -.254493   .000000  -.967075
  26545.8  20908.3      -.1     40.7       .0     10.4
      -.2     83.7       .0     38.9  12968.7  13437.5
      -5.0      71.4      -3.8      43.0
       -.5      10.5       -.8       8.2
       -.2       5.0       -.6       5.4
       -.1       5.0       -.7       4.4
 71879  -.331088   .000000  -.943600
  27064.4  19764.1       .0     40.8      -.2      4.9
       .0     83.7      -.1     32.9  13432.7  13852.8
       1.8      64.9      -5.6      37.7
       -.2      11.0      -1.1      10.9
       -.3       5.0       -.8       7.2
       -.1       5.0      -1.0       5.9
 71880  -.465746   .000000  -.884918
  28492.9  16090.3      -.5     40.7      -.2     28.9
      -.5     83.7       .1     20.3  14122.9  14572.9
        .4      71.5      -5.0      42.4
        .4      14.2      -1.7      16.4
       -.3       5.0      -1.5      10.6
       -.1       5.0      -1.4       8.7
 71881  -.574426   .000000  -.818557
  30635.7  13260.3      -.1     40.5      -.2     28.9
      -.1     83.6       .0      8.5  15281.8  15904.3
        .5      74.3      -5.7      38.4
       -.3      11.3      -1.5      17.2
        .2       5.0      -1.6      11.7
       -.3       5.0      -1.4      10.1
 71882  -.659438   .000000  -.751759
  33219.6  11677.9      -.2     40.6      -.2     28.9
      -.3     83.6      -.2     57.7  17009.6  17648.6
      -1.9      70.7      -5.5      40.9
       1.4      17.4      -1.6      18.5
       -.1       5.0      -1.6      12.9
       -.4       5.0      -1.3      10.5
 71883  -.724999   .000000  -.688749
  36146.5  10532.0       .2     40.5      -.2     28.9
       .2     83.5      -.2     57.7  18814.7  19415.1
       1.0      76.0      -7.3      42.5
        .1      16.3       -.9      19.6
       -.1       5.0      -1.3      13.7
       -.2       5.0      -1.4      12.1
 71884  -.775436   .000000  -.631426
  39479.3   9972.4      -.1     40.5      -.2     28.9
      -.1     83.4      -.2     57.7  21505.3  21976.0
      -4.0      77.1      -8.0      41.3
      -1.1      21.2      -1.7      19.4
       -.3       5.0      -1.1      13.6
       -.1       5.0      -1.0      11.6
 71885  -.814421   .000000  -.580275
  42707.1   9536.1       .1     40.5      -.2     28.9
       .2     83.4      -.2     57.7  23433.0  24231.6
       1.7      76.4      -6.4      41.2
        .3      20.1      -1.2      20.8
       -.2       5.0      -1.1      14.4
       -.3       5.0      -1.1      13.2
 71886  -.844819   .000000  -.535052
  46266.3   9179.0      -.2     40.4      -.2     28.9
      -.2     83.4      -.2     57.7  25612.2  26422.7
      -6.1      77.9      -7.4      37.9
       -.2      23.9      -1.2      19.7
       -.2       5.7       -.9      14.3
       -.2       5.0      -1.0      12.4
 71887  -.868777   .000000  -.495203
  50098.4   9027.7       .1     40.3      -.2     28.9
       .0     83.2      -.2     57.7  28028.2  28765.4
       1.1      78.1      -9.7      42.5
      -1.4      23.5      -1.4      21.0
       -.2       5.0      -1.1      15.9
       -.3       5.0      -1.3      13.7
 71888  -.887877   .000000  -.460082
  53809.5   8838.3      -.3     40.4      -.2     28.9
      -.3     83.2      -.2     57.7  30387.3  31441.6
        .9      83.0      -6.9      38.3
        .8      27.3      -1.0      19.6
       -.1       5.1      -1.1      14.7
        .0       5.0      -1.0      12.9
 71889  -.903278   .000000  -.429057
  57888.9   8697.8       .2     40.3      -.2     28.9
       .2     83.0      -.2     57.7  32968.5  33913.7
       1.4      81.8      -5.7      38.4
      -1.1      30.3      -1.3      21.4
       -.1      10.9      -1.1      16.2
       -.3       5.0      -1.0      14.0
 71890   .840060  -.367526  -.399028
  62031.3   9415.0       .2     43.3      -.2     28.9
       .7     16.0      -.2     57.7  36014.5  36943.1
      -6.5      62.1       7.0      37.7
      -1.2      24.1       1.5      20.9
      -1.4      15.5       1.1      15.8
      -1.4      12.7       1.2      13.8
 71891   .817505  -.390173  -.423616
  58512.8   9625.8       .2     43.3      -.2     28.9
       .7     16.1      -.2     57.7  32963.3  33708.3
      -9.5      60.5       7.8      37.3
      -1.6      24.4       1.4      19.6
      -1.1      15.8        .9      14.5
      -1.2      13.1       1.1      12.8
 71892   .790440  -.414981  -.450551
  55093.7   9926.3       .2     43.3      -.2     28.9
       .7     16.7      -.2     57.7  30941.5  31872.6
      -6.8      62.6       7.6      40.8
      -1.9      24.8       1.6      20.4
      -1.4      15.9       1.1      15.0
      -1.2      13.1       1.0      13.3
 71893   .757796  -.442047  -.479937
  51751.8  10281.5       .2     43.3      -.2     28.9
       .3     17.1      -.2     57.7  29134.7  29853.7
      -5.1      58.2       6.4      38.3
      -2.1      25.4       1.7      19.7
      -1.5      16.0       1.2      14.1
      -1.4      13.4       1.2      12.3
 71894   .718269  -.471364  -.511767
  48632.9  10835.7       .2     43.3      -.2     28.9
       .4     17.4      -.2     57.7  26763.6  27589.1
      -9.0      58.3       7.7      42.3
      -2.3      25.3       1.5      19.9
      -1.5      16.5       1.1      14.3
      -1.5      13.5       1.4      12.5
 71895   .670317  -.502738  -.545830
  45699.0  11619.9       .2     43.3      -.2     28.9
       .6     17.9      -.2     57.7  24965.4  25633.6
      -5.9      60.3       4.9      41.8
      -1.9      26.0       1.4      18.7
      -1.7      16.6       1.5      13.1
      -1.8      13.8       1.4      11.3
 71896   .612205  -.535679  -.581595
  42768.3  12708.2       .2     43.3      -.2     28.9
       .3     18.4      -.2     57.7  23411.9  24097.4
      -8.3      58.6       5.9      42.9
      -2.0      25.7       1.5      18.3
      -2.0      17.0       1.4      12.9
      -1.7      14.0       1.4      11.1
 71897   .542159  -.569267  -.618061
  40379.2  13986.3       .2     43.3      -.2     28.9
       .2     18.9      -.2     57.7  21784.6  22458.3
      -7.6      57.2       4.9      41.7
      -2.3      26.2       1.6      18.0
      -1.9      16.9       1.5      11.9
      -1.7      14.3       1.5      10.0
 71898   .458673  -.602008  -.653609
  38526.9  16003.3       .2     43.3      -.2     28.9
       .0     19.1      -.6      7.3  20032.7  20835.5
     -10.8      59.6       6.6      42.3
      -2.2      27.0       1.5      16.2
      -2.0      17.8       1.3      10.9
      -2.0      14.4       1.4       9.1
 71899   .361020  -.631785  -.685938
  36653.3  17674.2       .2     43.3      -.2     28.9
       .4     19.5      -.4     19.2  19313.9  19866.9
     -10.6      58.4       5.7      46.0
      -2.7      26.9       1.6      15.4
      -2.3      17.7       1.4       9.8
      -2.1      14.7       1.3       8.0
 71900   .249898  -.655981  -.712208
  35412.3  17331.2       .2     43.3      -.2      4.0
       .2     19.7      -.4     31.9  18386.9  19070.6
     -10.2      56.7       5.6      45.0
      -2.9      27.0       1.1      10.8
      -2.2      18.0        .9       6.5
      -2.7      14.7       1.0       5.3
 71901   .190037  -.665130  -.722141
  34732.9  17015.3       .2     43.3      -.2      9.5
       .2     19.7      -.4     38.1  17980.0  18687.9
      -8.4      56.4       3.1      49.7
      -3.2      26.8        .9       8.6
      -2.3      17.8        .8       4.9
      -2.3      14.6        .9       4.1
 71902   .127982  -.671905  -.729496
  34517.3  16917.8       .2     43.3      -.7     15.7
      -.1     19.9      -.7     44.4  18006.0  18522.3
      -7.5      58.2       1.7      59.2
      -2.7      26.8        .7       7.6
      -2.3      18.1        .6       3.3
      -2.5      14.8        .7       3.0
 71903   .064388  -.676070  -.734019
  34518.8  16799.4       .2     43.3     -1.0     21.8
      -.3     19.8      -.9     50.5  17782.1  18337.7
      -8.9      59.6       1.3      66.9
      -3.0      27.2        .6       7.8
      -2.5      18.0        .5       3.0
      -2.7      14.9        .5       3.0
 71904   .000000  -.677476  -.735545
  34321.3  16802.5       .2     43.3       .2     26.0
      -.3     19.9       .2     54.7  17720.3  18388.0
      -7.6      59.2        .1      71.7
      -2.6      27.2       -.2      13.8
      -2.2      18.1        .2       3.8
      -2.4      14.9        .1       3.0
 71905  -.064388  -.676070  -.734019
  34629.4  16960.4       .2     43.3      1.0     21.7
      -.3     19.7      1.0     50.4  17856.4  18436.6
      -9.9      58.6       -.7      66.6
      -3.1      27.8       -.2      10.2
      -2.8      18.4        .0       3.0
      -2.5      14.9       -.1       3.0
 71906  -.127982  -.671905  -.729496
  34658.3  17014.7       .2     43.3       .8     15.7
       .2     19.8       .7     44.4  17568.6  18351.7
      -7.9      59.6       -.2      59.3
      -2.3      27.2       -.1       7.2
      -2.1      18.1       -.1       3.5
      -2.5      14.8       -.3       3.0
 71907  -.190037  -.665130  -.722141
  34833.2  17192.4       .2     43.3       .5      9.5
       .1     19.7       .4     38.1  17836.3  18513.2
      -9.9      59.9      -3.0      50.7
      -2.5      26.8       -.7       9.0
      -2.2      18.0       -.4       4.9
      -2.4      14.6       -.4       4.0
 71908  -.249898  -.655981  -.712208
  35454.5  17256.2       .2     43.3       .1      4.0
       .1     19.6       .4     31.8  17965.0  18887.0
      -8.5      58.0      -1.3      45.3
      -2.5      27.0       -.6      10.4
      -1.8      17.9       -.4       6.6
      -2.2      14.7       -.6       5.4
 71909  -.361020  -.631785  -.685938
  36694.6  17447.1       .2     43.3      -.2     28.9
       .1     19.4       .3     19.0  19095.2  19888.4
      -8.3      58.4      -4.1      43.8
      -2.6      27.5      -1.4      15.8
      -2.2      17.9      -1.1       9.9
      -2.0      14.4       -.9       7.8
 71910  -.458673  -.602008  -.653609
  38331.3  16008.3       .2     43.3      -.2     28.9
       .4     19.1       .5      7.2  20204.1  21117.9
      -8.3      55.2      -6.4      44.9
      -2.2      26.9      -1.3      16.0
      -2.0      17.6      -1.0      10.6
      -2.1      14.4      -1.1       9.1
 71911  -.542159  -.569267  -.618061
  40451.5  14016.0       .2     43.3      -.2     28.9
       .4     18.8      -.2     57.7  21358.7  22174.3
      -6.2      56.6      -4.4      40.1
      -2.6      26.5      -1.4      17.8
      -2.1      17.1      -1.2      11.8
      -2.0      14.0      -1.2       9.9
 71912  -.612205  -.535679  -.581595
  42907.9  12638.6       .2     43.3      -.2     28.9
       .7     18.4      -.2     57.7  23138.3  23931.6
      -7.0      57.8      -6.5      42.7
      -2.2      26.2      -1.5      18.6
      -1.9      17.0      -1.0      12.7
      -1.5      14.1      -1.0      11.2
 71913  -.670317  -.502738  -.545830
  45496.9  11653.3       .2     43.3      -.2     28.9
       .4     17.8      -.2     57.7  24469.2  25585.7
      -7.2      55.6      -5.7      41.5
      -2.1      25.8      -1.1      18.7
      -1.8      16.6      -1.2      13.0
      -1.8      13.6       -.9      11.0
 71914  -.718269  -.471364  -.511767
  48597.6  10836.3       .2     43.3      -.2     28.9
       .6     17.4      -.2     57.7  27039.5  27639.4
      -7.6      58.5      -6.3      40.4
      -2.1      25.3       -.9      19.7
      -1.5      16.3       -.8      14.0
      -1.4      13.6      -1.0      12.4
 71915  -.757796  -.442047  -.479937
  51720.5  10305.8       .2     43.3      -.2     28.9
       .6     17.0      -.2     57.7  29358.8  30027.4
      -8.8      57.9      -6.9      42.0
      -2.2      24.9      -1.1      19.0
      -1.4      16.0       -.8      13.8
      -1.4      13.3       -.9      12.0
 71916  -.790440  -.414981  -.450551
  55071.4   9933.1       .2     43.3      -.2     28.9
       .4     16.6      -.2     57.7  30727.7  31722.8
      -7.2      58.2      -7.1      40.2
      -1.2      24.6      -1.0      20.2
      -1.3      16.1       -.7      15.1
      -1.3      13.3      -1.0      13.4
 71917  -.817505  -.390173  -.423616
  58653.9   9629.5       .2     43.3      -.2     28.9
       .5     16.4      -.2     57.7  33266.2  34090.6
      -8.0      59.9      -6.7      38.7
      -1.8      24.8       -.9      19.5
      -1.3      15.5       -.6      14.2
      -1.4      13.1       -.9      13.0
 71918  -.840060  -.367526  -.399028
  62196.8   9360.8       .2     43.3      -.2     28.9
       .6     15.8      -.2     57.7  35306.6  36703.6
      -9.7      60.9      -6.8      39.8
      -1.5      24.2       -.8      20.9
      -1.2      15.5       -.6      16.0
      -1.2      12.8      -1.0      14.0
 71919   .708659  -.620076  -.336613
  73976.4  11283.1       .2     43.3      -.2     28.9
       .2     86.6      -.2     57.7  43508.9  44597.7
      -9.4      59.5       8.1      38.9
      -1.0      23.2       1.1      19.8
      -1.2      17.2       1.0      14.7
      -1.3      15.7       1.2      12.8
 71920   .677337  -.646549  -.350984
  70824.0  11620.5       .2     43.3      -.2     28.9
       .2     86.6      -.2     57.7  41414.9  42615.6
      -9.2      55.6       6.6      39.3
      -1.1      22.4       1.0      18.6
      -1.1      17.4        .8      13.4
      -1.0      15.8        .9      11.8
 71921   .641844  -.673936  -.365851
  68187.3  12252.4       .2     43.3      -.2     28.9
       .2     86.6      -.2     57.7  39831.5  40714.6
      -9.3      54.1       6.4      40.9
      -1.1      22.4       1.1      19.0
       -.9      17.3       1.0      13.7
      -1.2      16.0       1.0      12.0
 71922   .601687  -.701968  -.381068
  65494.8  12915.1       .2     43.3      -.2     28.9
       .2     86.6      -.2     57.7  37512.3  38767.0
      -9.7      56.2       5.6      42.9
      -1.3      22.3       1.4      18.8
      -1.2      17.5       1.1      13.2
      -1.1      16.0        .8      11.1
 71923   .556388  -.730259  -.396426
  63288.7  13505.8       .2     43.3      -.2     28.9
       .2     86.6      -.2     57.7  36249.2  37458.9
     -11.5      57.0       7.3      45.0
      -1.6      22.9       1.6      18.4
      -1.0      17.8       1.0      12.7
      -1.5      16.3       1.2      10.9
 71924   .505524  -.758286  -.411641
  60822.0  14302.0       .2     43.3      -.2     28.9
       .2     86.6      -.2     57.7  34686.3  35767.6
     -11.6      56.6       7.4      48.2
      -1.8      22.9       1.4      18.3
      -1.4      17.8       1.2      12.2
      -1.3      16.3       1.1      10.1
 71925   .448787  -.785377  -.426348
  58537.0  14414.4       .2     43.3      -.2     28.9
       .2     86.6      -.2     57.7  33215.6  34202.1
      -9.6      51.4       5.9      48.0
      -1.5      22.9       1.5      16.9
      -1.1      18.1        .9      11.2
      -1.5      16.4       1.0       9.4
 71926   .386057  -.810720  -.440105
  57014.4  14323.7       .2     43.3      -.2     28.9
       .2     86.6      -.2     57.7  31957.3  32904.3
      -9.6      54.8       5.1      50.2
      -1.3      23.0       1.3      17.0
      -1.1      17.8       1.1      10.7
      -1.4      16.5       1.1       8.6
 71927   .317480  -.833386  -.452409
  55251.0  14139.2       .2     43.3      -.2     28.9
       .2     86.6      -.8      5.2  31149.9  31941.4
      -7.5      50.4       5.1      47.3
      -1.4      22.8       1.2      14.5
      -1.6      18.1       1.3       9.2
      -1.6      16.9       1.2       7.5
 71928   .243541  -.852392  -.462727
  54214.6  13830.2       .2     43.3      -.2     28.9
       .2     86.6      -.7     17.5  30164.0  30894.1
     -13.4      54.4       5.0      53.9
      -1.7      23.2       1.5      15.0
      -1.6      18.2       1.1       8.7
      -1.5      16.9       1.2       6.8
 71929   .165103  -.866792  -.470544
  53139.9  13518.0       .2     43.3      -.4      2.7
       .2     86.6      -.8     30.6  29869.8  30633.1
     -12.1      52.7        .8      55.7
      -1.9      23.1        .7      11.2
      -1.9      18.1        .9       5.9
      -2.0      17.0        .9       4.6
 71930   .124573  -.872008  -.473376
  52950.2  13496.8       .2     43.3      -.7      8.6
       .2     86.6      -.9     37.1  29599.5  30370.5
      -9.7      52.6       1.5      61.2
      -1.7      23.0        .8      12.1
      -1.7      18.0        .6       4.4
      -1.7      16.8        .6       3.4
 71931   .083409  -.875791  -.475429
  52791.2  13606.6       .2     43.3      -.8     14.9
       .2     86.6      -.9     43.7  29127.6  30288.6
     -10.9      54.0       3.3      71.3
      -2.2      22.6        .5      12.8
      -1.7      18.3        .5       3.2
      -1.6      16.9        .6       3.0
 71932   .041814  -.878085  -.476675
  52530.5  13315.4       .2     43.3     -1.4     21.0
       .2     86.6     -1.5     49.7  29565.2  30432.9
     -12.0      50.2       -.5      80.3
      -1.6      23.4        .3      17.9
      -1.7      18.0        .3       3.0
      -1.7      17.0        .3       3.0
 71933   .000000  -.878853  -.477092
  52721.2  13463.0       .2     43.3      -.1     25.7
       .2     86.6      -.1     54.2  29338.0  30218.4
     -11.1      51.7       2.3      86.1
      -1.6      23.2        .8      28.9
      -1.7      18.1        .2       7.9
      -1.6      17.0        .2       3.2
 71934  -.041814  -.878085  -.476675
  52701.4  13450.0       .2     43.3      1.3     21.1
       .2     86.6      1.4     49.8  29281.3  30158.4
     -10.8      51.6        .1      77.5
      -2.2      23.0       -.3      21.1
      -1.8      18.0        .2       3.0
      -1.9      16.9        .1       3.0
 71935  -.083409  -.875791  -.475429
  52716.5  13504.5       .2     43.3      1.0     15.0
       .2     86.6      1.0     43.5  29522.3  30469.3
      -9.5      50.5        .3      71.8
      -2.1      22.8       -.4      12.9
      -1.6      18.3       -.2       3.5
      -1.8      17.0       -.1       3.0
 71936  -.124573  -.872008  -.473376
  52958.3  13503.8       .2     43.3       .6      8.6
       .2     86.6       .7     37.0  29154.7  30148.6
     -12.7      52.1      -3.3      63.8
      -2.2      23.1       -.2      11.6
      -1.7      18.3       -.3       4.4
      -1.8      17.1       -.3       3.4
 71937  -.165103  -.866792  -.470544
  53271.0  13652.5       .2     43.3       .5      2.7
       .2     86.6       .7     30.6  29880.3  30668.5
      -9.2      48.7       -.5      57.6
      -1.8      22.9       -.6      12.1
      -1.6      18.0       -.4       5.7
      -1.4      16.9       -.4       4.6
 71938  -.243541  -.852392  -.462727
  54141.0  13791.9       .2     43.3      -.2     28.9
       .2     86.6       .7     17.4  30372.3  31040.7
     -11.3      53.9      -3.6      53.7
      -1.2      22.5       -.8      14.5
      -1.6      17.9       -.8       8.4
      -1.7      16.9       -.8       6.7
 71939  -.317480  -.833386  -.452409
  55234.0  14164.3       .2     43.3      -.2     28.9
       .2     86.6       .8      5.1  31020.6  31863.4
      -8.8      51.6      -3.1      49.6
      -1.5      23.3      -1.1      14.8
      -1.2      18.1       -.6       9.0
      -1.6      16.6       -.8       7.4
 71940  -.386057  -.810720  -.440105
  56864.7  14530.1       .2     43.3      -.2     28.9
       .2     86.6      -.2     57.7  32201.5  33233.0
     -11.3      53.7      -7.3      51.9
      -1.9      23.1      -1.2      16.9
      -1.4      17.8       -.8      10.5
      -1.4      16.9       -.7       8.9
 71941  -.448787  -.785377  -.426348
  58689.6  14325.5       .2     43.3      -.2     28.9
       .2     86.6      -.2     57.7  32735.3  33980.3
     -10.8      51.3      -5.3      50.0
      -1.4      22.9       -.9      16.5
      -1.2      17.9       -.5      10.8
      -1.4      16.6       -.7       9.4
 71942  -.505524  -.758286  -.411641
  60650.3  14359.0       .2     43.3      -.2     28.9
       .2     86.6      -.2     57.7  34510.5  35489.7
      -8.4      52.9      -7.5      47.2
      -1.4      22.9       -.9      17.5
      -1.3      17.7       -.7      11.8
      -1.1      16.2       -.8      10.1
 71943  -.556388  -.730259  -.396426
  62965.7  13452.4       .2     43.3      -.2     28.9
       .2     86.6      -.2     57.7  36671.9  37593.3
      -7.5      53.0      -6.2      43.7
      -1.6      22.5       -.7      18.1
      -1.1      17.7       -.7      12.5
      -1.2      16.5       -.7      10.9
 71944  -.601687  -.701968  -.381068
  65420.7  12836.1       .2     43.3      -.2     28.9
       .2     86.6      -.2     57.7  38104.2  38987.2
      -9.9      51.0      -6.2      43.7
      -1.7      22.8       -.8      18.2
      -1.0      17.4       -.6      13.0
      -1.3      16.2       -.6      11.1
 71945  -.641844  -.673936  -.365851
  68033.8  12336.3       .2     43.3      -.2     28.9
       .2     86.6      -.2     57.7  39579.1  40732.3
      -7.2      50.0      -8.2      40.6
      -1.4      22.7      -1.2      19.0
       -.9      17.6       -.4      13.8
      -1.0      16.0       -.8      11.9
 71946  -.677337  -.646549  -.350984
  70834.8  11726.8       .2     43.3      -.2     28.9
       .2     86.6      -.2     57.7  40547.1  41823.5
      -7.2      54.9      -6.2      40.7
      -1.5      23.0       -.8      18.8
      -1.2      17.4       -.6      13.8
      -1.3      15.7       -.6      11.8
 71947  -.708659  -.620076  -.336613
  73763.0  11172.6       .2     43.3      -.2     28.9
       .2     86.6      -.2     57.7  42989.1  44333.2
      -9.9      54.9      -3.9      36.8
      -1.1      22.6       -.8      19.7
      -1.0      17.3       -.4      14.6
      -1.0      15.7       -.8      12.6
 71948   .482910  -.845093  -.229382
 108774.1  13790.9       .2     43.3      -.2     28.9
       .2     86.6      -.2     57.7  66564.4  68167.1
     -10.0      53.6       5.2      42.5
      -1.7      21.7       1.3      18.1
      -1.0      15.8        .8      11.9
      -1.0      14.4        .8      10.3
 71949   .451149  -.861285  -.233777
 106570.2  13794.9       .2     43.3      -.2     28.9
       .2     86.6      -.2     57.7  65305.6  66200.5
     -12.3      54.9       7.4      48.8
      -1.7      21.3       1.5      18.3
      -1.0      15.9        .8      11.9
       -.9      14.6        .8      10.2
 71950   .417577  -.876913  -.238019
 104981.5  13695.2       .2     43.3      -.2     28.9
       .2     86.6      -.2     57.7  64281.1  65709.0
     -13.3      54.5       5.9      51.1
      -1.4      21.9        .9      17.7
      -1.2      16.2        .9      11.2
      -1.1      14.6        .9       9.5
 71951   .382204  -.891810  -.242063
 103024.0  13498.0       .2     43.3      -.2     28.9
       .2     86.6      -.2     57.7  62620.4  64627.1
     -13.0      52.5       8.8      52.7
      -1.8      21.6       1.3      17.8
      -1.1      16.3        .7      11.0
      -1.2      14.9        .9       9.2
 71952   .345068  -.905804  -.245861
 101400.5  13487.2       .2     43.3      -.2     28.9
       .2     86.6      -.2     57.7  60971.4  62804.6
     -12.6      52.9       6.9      59.9
      -1.7      21.3       1.2      17.3
      -1.0      16.1        .8      10.1
      -1.2      14.8        .8       8.2
 71953   .306238  -.918714  -.249365
 100006.1  13135.0       .2     43.3      -.2     28.9
       .2     86.6      -.2     57.7  60114.9  61457.0
     -11.9      53.9       4.2      58.1
      -2.0      21.8       1.5      19.3
      -1.0      16.4        .9      10.3
       -.9      14.6        .8       8.2
 71954   .265817  -.930361  -.252527
  98965.3  13037.1       .2     43.3      -.2     28.9
       .2     86.6      -.2     57.7  59480.0  60772.2
     -11.2      52.4       4.9      62.2
      -1.7      22.3       1.2      17.4
      -1.1      16.4       1.0       8.8
      -1.3      14.9       1.0       7.1
 71955   .223945  -.940570  -.255298
  97942.7  12867.4       .2     43.3      -.2     28.9
       .2     86.6      -.2     57.7  59197.5  61106.8
     -11.0      49.4       4.7      61.4
      -1.9      21.8       1.1      19.1
      -1.5      16.7       1.0       9.0
      -1.3      15.1        .9       7.1
 71956   .180796  -.949177  -.257634
  97093.3  12924.9       .2     43.3      -.2     28.9
       .2     86.6      -.7      2.9  57956.5  59530.6
     -13.5      52.7       2.8      66.6
      -2.0      22.1       1.4      19.2
      -1.3      16.8        .9       7.4
      -1.7      14.9        .9       5.6
 71957   .136577  -.956038  -.259496
  96123.2  12621.7       .2     43.3      -.2     28.9
       .2     86.6      -.9     15.8  58056.8  60015.9
      -9.7      50.8       2.4      74.6
      -2.3      22.2       1.1      18.7
      -1.4      16.4        .9       7.1
      -1.5      15.1        .9       5.5
 71958   .091527  -.961030  -.260851
  95840.5  12504.9       .2     43.3     -1.8     26.3
       .2     86.6     -1.0     29.4  57080.8  58980.6
     -10.9      47.9       1.8      82.2
      -1.8      22.2        .3      20.6
      -1.5      16.5        .7       5.1
      -1.7      15.2        .7       3.9
 71959   .068771  -.962796  -.261330
  95672.3  12594.7       .2     43.3     -1.1      7.5
       .2     86.6     -1.2     36.0  56992.0  58644.9
     -14.5      52.1       4.2      85.3
      -1.9      21.8        .0      23.0
      -1.6      16.7        .5       5.0
      -1.6      15.1        .5       3.0
 71960   .045908  -.964064  -.261674
  95932.2  12556.9       .2     43.3     -1.4     14.2
       .2     86.6     -1.5     42.6  57638.7  59390.8
     -12.7      51.8        .4      93.2
      -2.3      21.8       -.2      30.5
      -1.6      16.9        .4       5.1
      -1.4      15.0        .4       3.0
 71961   .022972  -.964827  -.261882
  95295.5  12506.2       .2     43.3     -1.7     20.5
       .2     86.6     -1.7     49.0  57090.5  58619.7
     -12.3      49.3       2.5     100.1
      -2.4      22.0       -.9      37.3
      -1.8      16.7       -.1       8.6
      -1.8      15.1        .3       3.0
 71962   .000000  -.965081  -.261951
  95649.0  12457.5       .2     43.3       .4     25.1
       .2     86.6       .4     53.4  56585.2  58440.7
     -12.9      53.9      -6.3     112.7
      -2.2      21.7        .2      51.3
      -1.6      16.4       -.4      13.1
      -1.9      14.9        .1       5.8
 71963  -.022972  -.964827  -.261882
  95405.1  12444.4       .2     43.3      2.0     20.6
       .2     86.6      2.0     49.0  57185.6  59008.1
     -15.0      57.2        .3     101.1
      -2.0      21.7       1.1      36.9
      -1.3      16.8        .2       6.7
      -1.5      15.2        .3       3.0
 71964  -.045908  -.964064  -.261674
  95538.7  12623.8       .2     43.3      1.4     14.2
       .2     86.6      1.5     42.7  57033.3  58686.6
     -12.9      51.5       1.1      95.8
      -1.9      21.7        .2      30.8
      -1.7      16.9        .0       5.6
      -1.6      15.1        .0       3.0
 71965  -.068771  -.962796  -.261330
  95820.6  12537.1       .2     43.3      1.2      7.5
       .2     86.6      1.2     36.2  57659.2  59079.6
     -12.2      50.3      -2.9      84.5
      -2.1      22.4       -.1      23.9
      -1.4      16.4       -.2       4.6
      -1.5      15.1       -.2       3.1
 71966  -.091527  -.961030  -.260851
  95750.8  12586.4       .2     43.3       .7      1.6
       .2     86.6      1.1     29.2  56998.1  59065.3
     -13.7      53.1        .1      76.1
      -2.2      22.1       -.4      19.2
      -1.8      16.6       -.3       5.6
      -1.5      15.0       -.2       3.7
 71967  -.136577  -.956038  -.259496
  96228.3  12711.6       .2     43.3      -.2     28.9
       .2     86.6       .8     15.9  57844.2  59381.4
     -10.6      50.8      -2.9      71.3
      -2.2      22.5       -.9      19.3
      -1.4      16.6       -.5       7.5
      -1.2      15.1       -.4       5.5
 71968  -.180796  -.949177  -.257634
  96993.3  12735.3       .2     43.3      -.2     28.9
       .2     86.6       .8      2.9  57976.6  59995.8
     -13.2      52.2      -1.0      71.0
      -2.0      21.9      -1.0      18.7
      -1.6      16.5       -.6       7.6
      -1.2      15.0       -.4       5.6
 71969  -.223945  -.940570  -.255298
  97992.5  12882.4       .2     43.3      -.2     28.9
       .2     86.6      -.2     57.7  58424.2  60051.4
     -10.5      51.4      -5.1      68.8
      -1.6      21.6       -.7      18.5
      -1.2      16.7       -.7       9.0
      -1.4      14.9       -.6       7.0
 71970  -.265817  -.930361  -.252527
  98716.9  12964.1       .2     43.3      -.2     28.9
       .2     86.6      -.2     57.7  59447.3  61142.4
     -12.0      52.9      -4.6      61.7
      -1.8      21.9       -.5      17.6
      -1.1      16.7       -.5       8.8
      -1.1      14.9       -.4       7.2
 71971  -.306238  -.918714  -.249365
 100136.3  13241.5       .2     43.3      -.2     28.9
       .2     86.6      -.2     57.7  60392.2  61892.7
      -8.5      49.7      -4.2      57.8
      -1.5      21.6      -1.0      19.1
      -1.3      16.5       -.6      10.2
      -1.3      14.8       -.6       8.2
 71972  -.345068  -.905804  -.245861
 101526.8  13298.5       .2     43.3      -.2     28.9
       .2     86.6      -.2     57.7  61213.9  63282.2
     -12.6      52.8      -7.5      54.2
      -1.7      21.5       -.6      17.3
       -.9      16.3       -.4      10.0
      -1.2      14.7       -.4       8.4
 71973  -.382204  -.891810  -.242063
 102916.0  13593.7       .2     43.3      -.2     28.9
       .2     86.6      -.2     57.7  62471.5  64453.1
      -8.8      49.0      -4.0      55.7
      -1.7      21.9       -.7      19.5
      -1.1      16.2       -.6      11.1
      -1.1      14.6       -.4       9.2
 71974  -.417577  -.876913  -.238019
 104702.0  13782.1       .2     43.3      -.2     28.9
       .2     86.6      -.2     57.7  63236.0  65113.5
     -11.4      49.8      -5.7      49.5
      -1.5      22.4       -.8      17.9
      -1.1      16.3       -.6      11.0
      -1.3      14.5       -.7       9.3
 71975  -.451149  -.861285  -.233777
 107077.8  13825.1       .2     43.3      -.2     28.9
       .2     86.6      -.2     57.7  64874.6  66399.7
     -12.4      53.2      -8.0      48.5
      -2.1      22.3      -1.2      19.4
      -1.1      16.1       -.4      12.0
      -1.1      14.5       -.4      10.0
 71976  -.482910  -.845093  -.229382
 108813.3  13925.7       .2     43.3      -.2     28.9
       .2     86.6      -.2     57.7  66274.2  68021.8
     -11.4      54.4      -7.3      48.3
      -1.5      22.5       -.7      19.0
       -.9      15.9       -.5      11.9
      -1.1      14.3       -.6      10.2
 71977   .337328  -.927651  -.160231
 155690.4  13231.1       .2     43.3      -.2     28.9
       .2     86.6      -.2     57.7  97572.8 100494.1
     -12.6      53.7       3.8      55.1
      -1.9      22.4       1.4      19.4
      -1.0      16.6        .6      10.2
      -1.2      15.1        .8       8.7
 71978   .312066  -.936198  -.161707
 154446.0  13195.8       .2     43.3      -.2     28.9
       .2     86.6      -.2     57.7  97339.5  99195.5
     -10.2      47.3       9.0      51.7
      -2.2      23.0       1.6      21.2
      -1.2      16.9        .8      10.8
      -1.4      15.4        .9       8.7
 71979   .286124  -.944211  -.163091
 153109.8  13154.7       .2     43.3      -.2     28.9
       .2     86.6      -.2     57.7  95154.9  98404.5
     -11.5      50.1       6.0      58.7
      -2.2      23.1       1.4      20.5
      -1.3      17.1        .8       9.7
      -1.5      15.3        .8       7.9
 71980   .259539  -.951641  -.164374
 151700.5  12940.9       .2     43.3      -.2     28.9
       .2     86.6      -.2     57.7  95278.7  98103.5
     -14.0      54.5       7.8      61.1
      -1.9      22.2       1.4      21.2
      -1.0      16.9        .8      10.1
      -1.1      15.2       1.0       8.0
 71981   .232349  -.958440  -.165549
 150558.4  12943.4       .2     43.3      -.2     28.9
       .2     86.6      -.2     57.7  94746.4  97597.3
     -11.9      52.5       8.2      66.0
      -2.4      22.3       1.4      21.2
      -1.1      16.8        .8       9.2
      -1.3      15.5        .9       6.8
 71982   .204604  -.964562  -.166606
 150013.4  12723.9       .2     43.3      -.2     28.9
       .2     86.6      -.2     57.7  93185.3  95571.2
     -13.8      52.9       7.4      76.0
      -2.4      22.6       1.5      23.4
      -1.2      16.9       1.0       9.2
      -1.6      15.6        .8       7.3
 71983   .176357  -.969963  -.167539
 148957.1  12754.2       .2     43.3      -.2     28.9
       .2     86.6      -.2     57.7  93541.5  96003.7
     -10.7      47.0       4.8      81.7
      -2.3      21.9       1.2      21.7
      -1.1      16.9        .8       7.7
      -1.4      15.2        .7       5.8
 71984   .147667  -.974605  -.168341
 148310.0  12643.2       .2     43.3      -.2     28.9
       .2     86.6      -.2     57.7  93609.3  95868.5
     -12.7      50.0       5.2      79.8
      -2.2      22.3       1.2      24.2
      -1.4      17.2        .8       8.3
      -1.5      15.5        .9       6.1
 71985   .118600  -.978453  -.169006
 147687.6  12667.2       .2     43.3      -.2     28.9
       .2     86.6      -.9      1.9  93757.3  95369.1
     -12.7      52.0       2.9      84.2
      -2.3      22.7       1.3      25.7
      -1.7      17.0        .9       6.8
      -1.4      15.4        .8       4.9
 71986   .089225  -.981478  -.169528
 147449.0  12604.8       .2     43.3      -.2     28.9
       .2     86.6     -1.3     15.0  93010.6  94821.1
     -10.4      51.8       5.3      92.5
      -2.4      22.3        .8      27.7
      -1.6      17.2        .7       7.6
      -1.5      15.6        .7       5.2
 71987   .059616  -.983656  -.169904
 146736.8  12656.2       .2     43.3      -.8      1.0
       .2     86.6     -1.5     28.6  91044.4  94199.6
     -12.0      51.3      -2.0     100.9
      -2.4      22.5       1.1      28.7
      -1.5      17.2        .6       7.6
      -1.9      15.5        .6       3.6
 71988   .044746  -.984421  -.170036
 146915.3  12562.3       .2     43.3     -1.6      6.9
       .2     86.6     -1.6     35.5  91878.3  94492.7
     -13.0      49.4       3.2     105.8
      -2.6      22.3       -.3      34.6
      -1.6      16.9        .6       8.6
      -1.5      15.6        .4       3.0
 71989   .029848  -.984969  -.170131
 146971.6  12644.7       .2     43.3     -1.8     13.7
       .2     86.6     -1.7     42.3  91127.9  93934.9
     -12.2      55.5      -3.9     108.3
      -2.6      22.8        .9      42.6
      -1.5      16.9        .2       9.3
      -1.3      15.6        .3       3.0
 71990   .014929  -.985299  -.170188
 147273.0  12542.0       .2     43.3     -2.1     20.3
       .2     86.6     -2.1     48.5  91713.6  93952.4
     -13.7      55.3       1.8     117.1
      -2.4      22.8        .4      53.7
      -1.8      16.9       -.6      15.5
      -1.2      15.7       -.2       6.7
 71991   .000000  -.985408  -.170207
 146906.9  12606.6       .2     43.3      -.3     25.1
       .2     86.6      -.3     52.9  92015.2  94289.7
     -12.3      50.0       6.1     120.8
      -2.4      22.4       -.6      66.3
      -1.7      16.9       1.4      27.8
      -1.5      15.3       -.2      11.5
 71992  -.014929  -.985299  -.170188
 146797.7  12479.0       .2     43.3      1.9     20.2
       .2     86.6      1.9     48.5  91252.8  93993.3
     -12.1      46.1       2.0     113.6
      -2.5      22.3        .4      52.8
      -1.5      16.9        .4      13.7
      -2.0      15.6        .2       6.7
 71993  -.029848  -.984969  -.170131
 146923.0  12500.3       .2     43.3      1.6     13.7
       .2     86.6      1.7     42.1  91750.4  94204.2
     -13.1      52.2      -5.8     114.3
      -2.5      22.6        .0      40.7
      -1.5      17.0        .2       9.5
      -1.5      15.5        .1       3.4
 71994  -.044746  -.984421  -.170036
 147226.8  12515.9       .2     43.3      1.6      6.9
       .2     86.6      1.6     35.3  91833.6  94732.3
     -12.5      51.2      -9.2     106.6
      -2.3      22.4        .3      35.4
      -1.6      16.9        .0       7.5
      -1.6      15.3       -.1       4.3
 71995  -.059616  -.983656  -.169904
 147450.1  12563.9       .2     43.3       .8       .9
       .2     86.6      1.3     28.6  92283.0  94761.8
     -15.7      55.1       1.4     102.4
      -2.1      23.0       -.1      29.9
      -1.6      17.0       -.2       7.2
      -1.9      15.6       -.3       3.5
 71996  -.089225  -.981478  -.169528
 147242.6  12600.9       .2     43.3      -.2     28.9
       .2     86.6      1.1     15.0  92316.4  94517.0
     -12.7      50.2       3.8      99.8
      -2.1      21.8       -.3      27.5
      -1.4      16.8       -.5       7.6
      -1.1      15.6       -.3       4.8
 71997  -.118600  -.978453  -.169006
 147766.1  12596.3       .2     43.3      -.2     28.9
       .2     86.6       .8      2.0  91966.7  95846.3
     -12.1      50.2       -.3      89.6
      -2.5      22.7       -.3      24.8
      -1.5      16.8       -.4       7.3
      -1.4      15.5       -.3       4.9
 71998  -.147667  -.974605  -.168341
 148305.6  12669.4       .2     43.3      -.2     28.9
       .2     86.6      -.2     57.7  93003.1  95612.7
     -12.0      48.7       -.9      84.9
      -2.0      22.2       -.6      24.0
      -1.2      17.1       -.5       8.8
      -1.4      15.3       -.4       6.1
 71999  -.176357  -.969963  -.167539
 148656.2  12746.8       .2     43.3      -.2     28.9
       .2     86.6      -.2     57.7  93707.4  97209.9
     -11.5      53.0      -7.9      77.9
      -2.3      23.0       -.8      23.8
      -1.3      16.8       -.5       7.6
      -1.4      15.3       -.4       6.0
 72000  -.204604  -.964562  -.166606
 150143.5  12821.5       .2     43.3      -.2     28.9
       .2     86.6      -.2     57.7  94234.7  96732.2
     -11.0      49.9      -1.0      76.8
      -2.2      22.5      -1.0      24.2
      -1.3      16.9       -.6       9.1
      -1.1      15.0       -.5       7.2
 72001  -.232349  -.958440  -.165549
 150927.5  12871.3       .2     43.3      -.2     28.9
       .2     86.6      -.2     57.7  94844.8  97749.9
     -11.6      53.9      -4.8      72.1
      -1.9      22.8      -1.0      19.7
      -1.5      16.8       -.5       8.8
      -1.3      15.6       -.4       7.0
 72002  -.259539  -.951641  -.164374
 151578.4  12979.0       .2     43.3      -.2     28.9
       .2     86.6      -.2     57.7  93277.4  96192.0
     -13.1      50.6      -5.6      68.5
      -2.2      22.4      -1.2      21.7
      -1.4      16.7       -.6      10.0
      -1.3      15.2       -.5       8.0
 72003  -.286124  -.944211  -.163091
 152942.8  13017.1       .2     43.3      -.2     28.9
       .2     86.6      -.2     57.7  96460.7  98259.2
     -11.4      49.6      -6.7      57.3
      -1.7      22.5      -1.1      19.5
      -1.1      16.8       -.5       9.6
      -1.5      15.5       -.4       7.7
 72004  -.312066  -.936198  -.161707
 154475.7  13249.1       .2     43.3      -.2     28.9
       .2     86.6      -.2     57.7  97639.3 100300.0
      -8.6      51.0        .2      55.2
      -2.0      23.2      -1.2      20.9
      -1.2      16.7       -.4      11.0
      -1.7      15.3       -.7       8.7
 72005  -.337328  -.927651  -.160231
 155597.5  13332.6       .2     43.3      -.2     28.9
       .2     86.6      -.2     57.7  98494.0 101494.9
      -9.8      49.0      -7.7      52.2
      -2.1      22.8      -1.2      19.4
       -.9      16.7       -.4      10.2
      -1.0      15.3       -.2       9.4
