Dot1_150x100_prd2017clk:@-225V,0T@90d,253K,rh=1.10/0.7,0.0/0.0                  
  5534   1   .00  60   5  29   0  225.00  253.00     .00  .97400   850.0    -.46    -.85  150.000  100.000  285.000   850.0    -.23    -.42    1.50    1.00     .85
 73001   .000000   .000000 -1.000000
  27207.9  22266.3       .0     40.7      -.5     26.4
       .0     83.9      -.5     55.2  13354.6  13819.4
       1.2      69.8       -.7      72.4
       -.1       8.2        .2      10.3
        .2       5.0        .4       3.0
        .2       5.0        .4       3.0
 73002   .000000  -.130455  -.991454
  27420.4  22375.8       .4     33.9      -.2     26.5
       .4     77.0      -.2     55.2  13352.9  13949.5
      -3.6      57.5       2.2      69.6
        .2       5.6        .2       9.8
        .1       5.0        .3       3.0
        .1       5.0        .5       3.0
 73003   .000000  -.254493  -.967075
  28130.0  23100.0       .0     25.3       .3     26.7
       .0     68.2       .3     55.2  13623.7  14142.2
      -3.8      50.1       2.0      66.6
       -.1       8.8       -.2      12.1
        .1       5.3        .2       3.0
        .1       5.0        .4       3.0
 73004   .000000  -.367167  -.930155
  28950.1  22984.6       .2     16.3      -.2     26.6
       .0     59.2      -.2     55.3  14625.7  15022.0
      -6.4      45.8       3.6      64.7
        .0      12.3        .3      10.5
        .1       8.1        .4       3.0
        .2       6.7        .4       3.0
 73005   .000000  -.465746  -.884918
  30423.0  22226.4      -.3      7.8       .1     26.5
      -.1     49.7       .1     55.1  15385.2  15886.7
      -5.6      48.1       1.1      71.7
       -.1      16.1        .1      11.4
       -.1      10.6        .4       3.0
        .1       8.8        .4       3.0
 73006   .000000  -.549617  -.835417
  32189.7  20877.3     -3.6      6.1       .0     26.4
      -.3     40.2       .0     55.1  16242.1  16888.6
      -5.8      53.5       -.8      71.3
        .0      21.2        .1      11.5
        .1      14.0        .5       3.0
        .1      11.3        .5       3.0
 73007   .000000  -.619644  -.784883
  34185.5  19166.0      -.2     43.3      -.2     26.7
      -.4     30.8      -.2     55.1  17379.7  18048.3
      -7.1      58.2        .4      73.9
       -.6      26.5        .9      14.6
        .0      17.6        .5       3.1
       -.1      14.2        .4       3.0
 73008   .000000  -.677476  -.735545
  36550.0  17657.3      -.2     43.3      -.3     26.5
      -.2     21.1      -.2     55.1  18677.7  19359.9
      -8.9      58.0        .9      74.5
       -.3      27.7        .0      15.4
       -.1      18.2        .3       3.0
        .1      14.8        .4       3.0
 73009   .000000  -.724999  -.688749
  39010.5  16589.4      -.2     43.3       .1     26.4
      -.7     12.3       .1     55.0  20351.7  20997.1
      -8.5      56.2        .6      76.5
        .3      25.5        .0      19.2
        .0      16.8        .2       3.5
        .1      14.4        .5       3.0
 73010   .000000  -.764030  -.645181
  41417.6  15648.3      -.2     43.3      -.1     26.5
     -1.0      7.2      -.2     55.1  21809.4  22578.7
      -7.0      53.3      -3.4      79.5
       -.3      22.1        .9      22.0
       -.4      16.6        .4       4.3
        .1      15.0        .5       3.0
 73011   .000000  -.796162  -.605083
  44096.6  15182.6      -.2     43.3      -.2     26.3
      -.2     86.6      -.2     54.9  23260.4  24144.8
     -10.1      52.2       4.1      79.4
       -.2      22.5       2.1      21.7
       -.1      17.3        .2       3.7
       -.1      16.2        .4       3.0
 73012   .000000  -.822730  -.568432
  46884.5  14735.9      -.2     43.3       .0     26.3
      -.2     86.6       .0     55.0  24480.7  25424.9
      -8.9      52.6        .4      83.5
       -.4      22.4        .4      20.3
        .2      16.2        .7       3.8
        .1      14.9        .5       3.0
 73013   .000000  -.844819  -.535052
  49852.9  14382.0      -.2     43.3      -.3     26.3
      -.2     86.6      -.2     54.9  27307.6  28137.0
      -9.0      51.2      -3.2      84.7
        .0      20.7       -.5      25.1
        .0      15.3        .6       4.4
       -.2      13.4        .4       3.0
 73014   .000000  -.863297  -.504697
  52699.7  14051.8      -.2     43.3       .0     26.3
      -.2     86.6       .0     54.9  28848.7  29539.1
      -9.6      49.7      -5.1      86.5
       -.2      21.9        .6      28.1
       -.2      17.1        .1       5.6
       -.1      15.5        .5       3.0
 73015   .000000  -.878853  -.477092
  55630.6  13960.9      -.2     43.3      -.4     26.1
      -.2     86.6      -.3     54.8  31031.5  32164.7
      -9.4      51.9      -1.0      85.9
       -.2      23.0       1.0      28.1
        .3      17.9        .5       5.9
        .1      17.2        .4       3.0
 73016   .000000  -.892036  -.451965
  58961.2  13891.1      -.2     43.3       .1     26.1
      -.2     86.6       .2     54.7  32625.6  33621.4
     -11.5      53.5       1.0      86.8
       -.4      22.5        .4      30.1
        .2      17.2        .5       4.9
        .0      15.8        .6       4.3
 73017   .000000  -.903278  -.429057
  62016.3  13729.4      -.2     43.3      -.2     26.1
      -.2     86.6      -.1     54.7  34520.9  35687.0
      -9.7      51.9       5.8      86.0
       -.3      21.6       -.5      33.6
       -.1      16.3        .3       6.9
       -.3      14.1        .5       3.1
 73018   .000000  -.912924  -.408131
  65104.4  13518.2      -.2     43.3       .0     26.1
      -.2     86.6       .1     54.6  36643.1  37926.7
      -8.8      50.3        .2      88.8
       -.3      22.3       1.9      34.4
       -.2      17.7        .6       9.5
       -.4      16.1        .5       3.0
 73019   .000000  -.921250  -.388972
  68474.3  13513.6      -.2     43.3       .1     26.1
      -.2     86.6       .0     54.6  39037.9  40234.4
      -9.9      55.0        .6      92.5
       -.5      23.3        .7      39.1
       -.4      18.9        .4       8.8
       -.5      17.7        .2       3.3
 73020   .000000  -.928477  -.371391
  71635.4  13359.7      -.2     43.3       .1     26.0
      -.2     86.6       .1     54.5  41347.9  42187.3
     -12.1      52.8       4.5      94.7
       -.1      22.7        .6      38.1
       -.3      17.9        .4       6.8
       -.3      16.3        .3       3.0
 73021   .000000  -.934784  -.355218
  74596.2  13342.6      -.2     43.3       .2     26.0
      -.2     86.6       .2     54.5  42853.8  44525.3
     -11.5      50.9        .0      96.0
       -.4      21.4       1.2      37.8
       -.2      16.4        .9      10.2
       -.2      14.7        .4       3.0
 73022   .000000  -.940315  -.340305
  77902.5  13259.1      -.2     43.3       .1     25.9
      -.2     86.6       .1     54.5  44706.4  46632.9
      -8.7      50.9       -.3      95.3
       -.7      22.7       1.7      44.3
        .0      17.7       -.1      11.4
       -.1      16.4        .4       3.0
 73023   .000000  -.945190  -.326520
  81461.6  13259.6      -.2     43.3      -.2     26.0
      -.2     86.6      -.1     54.4  47809.4  48835.8
     -12.0      55.7       1.2      96.9
       -.4      23.6        .7      41.4
        .0      19.1        .4       9.7
       -.7      18.0        .3       3.0
 73024   .000000  -.949506  -.313750
  84468.9  13280.2      -.2     43.3       .2     25.9
      -.2     86.6       .2     54.3  48152.6  50710.9
     -11.6      53.3      -2.5     105.1
       -.6      22.5        .6      44.8
       -.1      17.9        .7       9.7
       -.1      16.6        .3       3.3
 73025   .000000  -.953342  -.301892
  87601.9  13222.4      -.2     43.3       .0     25.9
      -.2     86.6       .1     54.4  51354.9  53363.2
     -11.6      51.0       3.9     100.8
       -.4      21.6       1.1      46.3
       -.2      16.4        .2      14.6
       -.3      15.0        .4       3.6
 73026   .000000  -.956767  -.290857
  91151.8  13121.6      -.2     43.3      -.2     25.8
      -.2     86.6      -.2     54.3  52836.6  55389.2
     -10.0      50.3      -2.2      99.0
       -.6      22.4        .6      48.4
       -.5      18.2        .6       9.1
       -.3      16.8        .4       3.6
 73027   .000000  -.959834  -.280567
  94644.1  13200.4      -.2     43.3       .0     25.8
      -.2     86.6       .1     54.2  55930.1  57611.1
     -11.0      49.3       5.9     102.0
       -.6      23.7        .0      50.2
       -.2      19.7        .3      13.8
       -.5      18.3        .4       3.2
 73028   .000000  -.962593  -.270952
  97647.6  13171.7      -.2     43.3       .2     25.8
      -.2     86.6       .1     54.2  58897.2  59827.9
     -11.6      56.0      -4.6     108.9
       -.2      23.2        .5      49.6
        .0      18.2        .4      12.3
       -.3      16.7        .4       4.1
 73029   .000000  -.965081  -.261951
 101291.1  13163.2      -.2     43.3      -.1     25.9
      -.2     86.6      -.1     54.2  60507.0  62662.3
     -13.0      54.1       3.0     107.9
       -.6      22.4        .3      51.0
       -.1      16.7        .7      15.7
       -.1      15.3        .1       4.3
 73030   .000000  -.967333  -.253508
 104365.0  13046.5      -.2     43.3       .1     25.8
      -.2     86.6       .0     54.1  63012.4  64554.7
     -11.0      52.2       1.7     106.1
       -.4      22.4       -.1      51.6
       -.3      17.8       -.3      13.9
        .1      16.7        .5       4.1
 73031   .000000  -.969377  -.245576
 108204.4  13183.1      -.2     43.3       .0     25.8
      -.2     86.6       .0     54.1  65536.4  67281.5
     -12.5      51.4       1.1     116.2
      -1.0      24.0        .0      54.5
       -.2      19.5       2.0      17.0
        .2      18.5        .2       7.5
 73032   .000000  -.971238  -.238110
 111302.8  13134.4      -.2     43.3       .1     25.6
      -.2     86.6       .2     54.0  67215.4  69045.5
     -12.6      54.6       2.9     113.3
       -.7      24.1        .1      56.7
       -.1      18.4        .7      15.1
        .0      17.0        .7       4.4
 73033   .000000  -.972937  -.231072
 114876.1  13123.6      -.2     43.3      -.2     25.7
      -.2     86.6      -.2     53.9  68926.8  71181.0
     -11.1      52.4      -5.4     115.0
       -.6      22.3      -1.1      56.6
       -.4      17.0       1.2      18.4
       -.2      15.5        .1       5.6
 73034   .000000  -.974491  -.224428
 117784.9  13098.5      -.2     43.3       .2     25.6
      -.2     86.6       .2     53.9  72259.2  74256.4
      -9.3      45.8      -1.6     115.0
       -.7      22.8       1.3      56.9
        .0      18.3        .8      15.6
       -.4      16.9        .6       6.5
 73035   .000000  -.975916  -.218146
 121441.0  13098.4      -.2     43.3      -.1     25.5
      -.2     86.6      -.1     53.9  74626.6  76038.8
     -11.8      51.5       -.7     114.1
       -.8      24.5        .4      60.3
       -.4      19.6        .9      18.2
       -.5      18.7        .8       8.4
 73036   .000000  -.977227  -.212198
 124748.2  13085.4      -.2     43.3       .0     25.7
      -.2     86.6       .0     53.9  76937.5  79045.9
     -10.8      51.2       3.4     113.2
       -.7      23.4       1.1      58.4
       -.1      18.3       1.6      19.4
       -.3      17.1        .3       8.7
 73037   .000000  -.978434  -.206558
 128577.7  13157.8      -.2     43.3       .1     25.4
      -.2     86.6       .1     53.7  78869.3  80635.0
     -11.5      51.8       1.8     115.5
       -.8      23.3       1.3      59.4
       -.2      17.1        .4      21.1
       -.5      15.8        .2       6.5
 73038   .000000  -.979549  -.201205
 131464.9  13119.9      -.2     43.3       .1     25.5
      -.2     86.6       .1     53.8  80331.7  83241.1
     -14.1      52.6      -3.7     118.2
      -1.2      22.7       -.1      60.6
        .0      18.1        .4      19.9
       -.3      16.9        .5       9.4
 73039   .000000  -.980581  -.196116
 135411.8  13142.5      -.2     43.3       .4     25.6
      -.2     86.6       .3     53.7  82957.0  85560.0
     -11.4      56.4      -4.4     122.8
      -1.1      24.6      -1.5      62.5
       -.4      20.0        .7      18.7
       -.1      18.8       -.2      10.5
 73040   .000000  -.981537  -.191274
 138142.2  13105.4      -.2     43.3      -.3     25.6
      -.2     86.6      -.2     53.7  85152.5  87739.7
     -11.2      52.9       3.9     120.7
       -.9      23.3       -.7      61.8
       -.1      18.2       1.0      18.9
       -.2      17.3        .4       8.9
 73041   .000000  -.982424  -.186661
 141933.6  13114.3      -.2     43.3      -.1     25.5
      -.2     86.6       .0     53.7  87307.1  90448.4
      -9.3      48.1      -2.1     125.8
      -1.1      22.7       -.4      62.8
        .1      17.1       1.0      19.5
       -.2      15.5        .9       8.0
 73042   .000000  -.983250  -.182261
 145136.6  13185.0      -.2     43.3      -.1     25.8
      -.2     86.6      -.1     53.6  89990.4  92078.8
     -12.2      52.1        .9     117.5
      -1.0      22.8        .0      63.5
       -.1      18.5       -.1      21.0
        .0      17.2       -.1      12.0
 73043   .000000  -.984020  -.178061
 148633.6  13061.3      -.2     43.3       .0     26.0
      -.2     86.6       .0     53.6  92041.5  94171.4
      -7.8      50.0       4.9     117.7
      -1.0      24.2       -.7      64.8
        .1      19.5       -.1      23.6
       -.1      18.5        .3       6.3
 73044   .000000  -.984737  -.174047
 152426.3  13165.2      -.2     43.3       .3     25.4
      -.2     86.6       .4     53.5  95601.7  97631.1
     -10.7      49.1       5.5     121.9
      -1.2      24.2       2.6      66.8
       -.3      18.6        .4      25.2
       -.3      17.4        .8       9.3
 73045   .000000  -.985408  -.170207
 156158.4  13272.8      -.2     43.3       .2     25.5
      -.2     86.6       .2     53.6  96471.0  99854.7
      -9.9      51.5       1.3     126.5
       -.6      22.4       1.3      68.5
        .1      17.1        .3      24.6
       -.5      15.8        .6      10.3
 73046   .000000  -.986036  -.166531
 158866.9  13211.9      -.2     43.3      -.4     25.4
      -.2     86.6      -.3     53.5  98336.6 101800.3
      -9.7      47.8      -4.7     123.8
      -1.0      23.4       1.4      67.1
        .2      18.4        .4      23.6
       -.5      17.2        .1       7.8
 73047   .000000  -.986625  -.163008
 162638.9  13071.4      -.2     43.3      -.1     25.3
      -.2     86.6      -.1     53.4 103984.3 106095.1
     -11.3      49.8      -4.3     123.8
      -1.0      24.4      -1.0      68.7
       -.3      19.5        .4      27.5
       -.1      18.7        .9      12.2
 73048   .000000  -.987696  -.156385
 169837.3  13159.2      -.2     43.3      -.2     25.2
      -.2     86.6      -.2     53.3 107055.0 109531.5
      -8.8      50.6      -5.0     125.2
       -.8      22.6        .6      68.5
        .1      17.3        .8      25.7
       -.2      15.5        .3       9.0
 73049   .000000  -.988644  -.150274
 176373.5  13113.4      -.2     43.3       .2     25.1
      -.2     86.6       .2     53.2 112736.8 115601.1
     -10.2      53.4      -1.6     129.7
       -.9      25.0        .7      69.7
       -.2      19.7        .8      26.7
       -.3      18.8        .9       9.6
 73050   .000000  -.989488  -.144617
 183208.2  13212.3      -.2     43.3      -.1     25.1
      -.2     86.6      -.1     53.2 116812.8 119565.2
     -12.0      54.5       3.0     124.2
      -1.1      22.7       -.2      71.7
       -.3      17.1       2.0      31.9
       -.1      15.8        .2      11.2
 73051   .000000  -.990241  -.139367
 190047.6  13269.4      -.2     43.3       .1     25.2
      -.2     86.6       .0     53.2 120742.3 124322.8
     -11.9      53.2       2.3     131.1
       -.9      24.4        .5      72.1
       -.1      19.7       -.5      28.1
       -.3      19.2        .7      14.5
 73052   .000000  -.990916  -.134481
 197332.0  13281.3      -.2     43.3      -.1     25.2
      -.2     86.6      -.1     53.1 127135.7 130239.6
     -10.1      55.0      11.5     127.8
      -1.3      22.8        .7      72.6
       -.4      17.0        .7      31.5
        .1      15.8       1.0      15.6
 73053   .000000  -.991524  -.129924
 203815.7  13170.7      -.2     43.3      -.1     25.0
      -.2     86.6      -.1     53.0 130774.6 134448.3
     -12.2      52.9       9.0     130.4
      -1.0      25.4       1.5      72.5
       -.3      19.8        .5      33.8
        .1      18.6        .4       8.8
 73054   .000000  -.992073  -.125663
 210804.1  13309.8      -.2     43.3       .2     25.0
      -.2     86.6       .1     52.9 135175.4 137996.7
      -8.6      48.0      10.5     124.8
      -1.2      23.0       -.6      74.5
       -.2      17.1       1.2      31.0
       -.1      15.7        .6      13.9
 73055   .000000  -.992571  -.121670
 217794.9  13206.5      -.2     43.3       .0     24.8
      -.2     86.6       .0     52.8 139582.6 143450.9
     -10.7      47.1      -5.5     130.0
      -1.1      25.7       1.8      76.8
       -.2      19.8        .3      33.7
       -.1      18.9        .7      15.6
 73056   .000000  -.993023  -.117921
 224998.6  13239.4      -.2     43.3       .1     25.2
      -.2     86.6       .1     52.7 144197.1 148162.3
      -9.5      44.7        .5     133.2
      -1.4      23.4        .3      77.3
       -.3      17.4        .6      34.1
       -.3      15.9        .1      17.2
 73057   .000000  -.993435  -.114396
 231613.0  13286.8      -.2     43.3       .2     25.0
      -.2     86.6       .2     52.7 149884.6 153209.0
     -10.2      46.8       5.4     135.4
      -1.3      24.4       1.3      77.6
       -.3      19.6        .6      35.0
       -.4      19.3        .1      20.1
 73058   .000000  -.993812  -.111073
 238662.7  13249.0      -.2     43.3      -.1     24.8
      -.2     86.6       .0     52.6 154881.2 158262.7
      -7.2      41.0       9.0     132.2
      -1.0      22.3       2.1      76.8
       -.2      17.0        .5      38.4
       -.1      15.8        .1      18.5
 73059   .000000  -.994158  -.107937
 245769.9  13312.7      -.2     43.3       .0     24.9
      -.2     86.6       .0     52.5 158456.5 163393.4
     -10.0      39.8       3.0     126.2
      -1.3      24.8       2.3      76.6
       -.2      19.6       1.0      36.9
       -.1      18.8       1.4      22.0
 73060   .000000  -.994475  -.104972
 252676.1  13248.0      -.2     43.3       .2     24.7
      -.2     86.6       .2     52.4 164465.3 168835.1
      -8.0      37.8        .4     131.9
      -1.5      22.1       -.6      81.4
       -.4      17.5       -.3      38.0
       -.4      16.1       1.0      16.8
 73061   .903278   .000000  -.429057
  61071.0   9081.4       .1     40.7      -.4     28.9
       .1     83.6      -.4     57.7  33745.3  34963.1
      -3.2      81.2       6.5      37.3
        .4      28.4       1.0      22.5
        .4       7.4        .5      16.9
        .4       5.0        .8      15.1
 73062   .887877   .000000  -.460082
  56971.0   9275.8       .5     40.9      -.4     28.9
       .4     83.7      -.4     57.7  31775.5  32727.2
      -4.2      82.0       6.8      38.9
       -.6      27.1        .9      21.1
        .5       6.3        .5      15.2
        .3       5.0        .9      13.7
 73063   .868777   .000000  -.495203
  52936.6   9424.8      -.2     40.8      -.4     28.9
      -.2     83.8      -.4     57.7  29428.7  30153.2
       1.2      78.8       5.6      40.7
        .8      24.6       1.1      22.6
        .1       5.0        .6      16.2
        .1       5.0        .7      14.3
 73064   .844819   .000000  -.535052
  49022.5   9676.5      -.3     40.8      -.4     28.9
      -.3     83.8      -.4     57.7  26986.5  27829.7
        .4      81.1       4.8      38.8
        .3      25.8        .7      20.3
        .2       6.7        .4      15.0
        .4       5.0        .7      13.1
 73065   .814421   .000000  -.580275
  45281.2   9955.0      -.1     40.8      -.4     28.9
      -.2     84.0      -.4     57.7  24328.1  25184.6
      -1.2      80.7       5.8      40.7
        .3      23.3       1.0      22.4
        .2       5.0        .3      15.9
        .2       5.0        .7      13.6
 73066   .775436   .000000  -.631426
  41649.3  10350.6      -.3     41.0      -.4     28.9
      -.3     83.9      -.4     57.7  22124.7  23022.5
       -.2      81.2       5.7      40.8
        .0      21.7        .8      20.1
        .3       5.1        .5      14.2
        .2       5.0        .6      12.2
 73067   .724999   .000000  -.688749
  38348.2  11140.0      -.1     40.9      -.4     28.9
      -.1     83.9      -.4     57.7  20266.8  20889.5
       -.5      79.2       6.9      44.3
       -.4      16.8        .7      20.7
        .2       5.0        .6      14.4
        .2       5.0        .7      12.6
 73068   .659438   .000000  -.751759
  35118.2  12073.2       .3     41.0      -.4     28.9
       .3     84.0      3.1      5.8  18096.4  18641.6
       2.0      74.8       5.6      41.3
       1.2      16.2        .8      19.0
        .4       5.0        .5      12.9
        .3       5.0        .6      10.8
 73069   .574426   .000000  -.818557
  32489.9  13784.6       .0     41.0      -.4     28.9
       .0     84.0       .1      9.5  16422.7  16906.6
       -.4      74.0       5.8      41.2
       -.5      14.2       1.1      17.9
        .4       5.0        .6      12.5
        .3       5.0        .7      10.5
 73070   .465746   .000000  -.884918
  30213.5  16926.7       .5     40.9      -.4     28.9
       .5     84.0      -.1     21.2  14933.6  15532.5
       4.6      75.5       4.8      41.1
       -.6      11.3        .7      16.4
        .2       5.0        .7      10.9
        .2       5.0        .6       9.0
 73071   .331088   .000000  -.943600
  28430.9  20756.5      -.2     40.9       .0      5.4
      -.2     84.1      -.1     33.6  13679.7  14241.8
      -1.7      71.4       4.8      41.3
        .8      11.6        .8      10.8
        .4       5.0        .6       7.2
        .3       5.0        .5       5.9
 73072   .254493   .000000  -.967075
  27884.5  22138.1       .4     40.9       .1     10.8
       .4     84.0       .1     39.5  13496.8  14147.3
       1.3      69.4       4.4      45.7
       -.4       8.4        .6       8.5
        .0       5.0        .7       5.4
        .2       5.0        .6       4.5
 73073   .172799   .000000  -.984957
  27560.1  22622.0      -.6     40.9      -.1     16.7
      -.5     84.0      -.1     45.4  13354.0  13884.8
       2.2      73.4       2.1      46.1
       -.1      10.8        .7       6.3
        .4       5.0        .6       3.6
        .2       5.0        .6       3.0
 73074   .087384   .000000  -.996175
  27483.2  22351.3      -.3     40.9      -.4     22.5
      -.3     84.0      -.3     51.2  13309.1  13786.9
      -2.4      68.2       3.1      57.2
       -.2      11.5        .8       6.1
        .3       5.0        .6       3.0
        .2       5.0        .6       3.0
 73075   .000000   .000000 -1.000000
  27350.5  22324.6       .4     40.7       .0     26.5
       .4     83.9       .0     55.2  13205.4  13643.8
       2.0      70.4       3.1      65.0
        .0      10.5        .2      11.1
        .6       5.0        .4       3.0
        .3       5.0        .5       3.0
 73076  -.087384   .000000  -.996175
  27343.4  22394.5       .1     40.8       .4     22.3
       .1     84.0       .4     51.0  13406.4  13927.7
       6.4      73.2        .0      58.5
        .2      10.2        .4       6.1
        .3       5.0        .2       3.0
        .2       5.0        .3       3.0
 73077  -.172799   .000000  -.984957
  27511.0  22611.9       .0     40.8       .0     16.6
       .0     84.0       .0     45.4  13216.7  13824.0
       5.7      67.3      -1.9      48.4
        .0      11.9        .2       6.5
        .3       5.0        .3       3.6
        .3       5.0        .3       3.0
 73078  -.254493   .000000  -.967075
  27959.8  22053.2       .1     40.9      -.1     10.9
       .1     84.1       .0     39.4  13445.3  14159.6
        .8      70.2      -3.1      41.2
       1.0      14.0        .1       8.2
        .4       5.0        .4       5.4
        .2       5.0        .3       4.4
 73079  -.331088   .000000  -.943600
  28477.8  20632.8      -.5     41.0      -.1      5.5
      -.4     84.0      -.1     33.3  14073.0  14662.5
       1.2      71.1      -1.9      40.4
        .6      11.4        .2      10.7
        .3       5.0        .3       7.1
        .2       5.0        .3       6.0
 73080  -.465746   .000000  -.884918
  30321.2  16910.5      -.2     40.9      -.4     28.9
      -.2     84.0      -.3     21.2  14854.9  15460.6
      -1.6      70.5      -3.5      41.6
        .3      11.3        .0      16.6
        .3       5.0        .0      10.7
        .2       5.0        .3       8.9
 73081  -.574426   .000000  -.818557
  32418.0  13826.2       .0     40.9      -.4     28.9
       .0     84.0      -.1      9.6  16362.4  16973.4
       2.6      73.4      -3.8      41.8
       -.1      14.3        .1      18.0
        .7       5.3        .2      12.1
        .2       5.0        .2      10.6
 73082  -.659438   .000000  -.751759
  35238.9  12096.4       .2     40.9      -.4     28.9
       .3     84.0     -3.5      8.5  17981.7  18459.8
        .0      78.0      -4.8      43.8
       1.6      18.2       -.2      18.7
        .2       5.0        .2      13.0
        .2       5.0        .5      10.7
 73083  -.724999   .000000  -.688749
  38179.8  11113.5      -.3     40.9      -.4     28.9
      -.3     83.9      -.4     57.7  20241.8  20865.1
       -.7      75.7      -3.8      41.7
        .4      16.7        .0      19.9
        .1       5.0        .1      14.3
        .3       5.0        .1      12.5
 73084  -.775436   .000000  -.631426
  41790.0  10392.0      -.1     41.1      -.4     28.9
      -.1     84.0      -.4     57.7  22234.2  22912.7
      -1.4      76.8      -7.3      43.5
        .5      22.6       -.3      19.8
        .4       5.0        .4      14.1
        .4       5.0        .1      12.1
 73085  -.814421   .000000  -.580275
  45285.8   9987.7      -.1     40.8      -.4     28.9
       .0     83.9      -.4     57.7  24101.7  25147.7
       2.4      81.5      -5.5      42.9
       1.0      21.9        .0      21.9
        .0       5.0        .4      15.7
        .1       5.0        .2      13.5
 73086  -.844819   .000000  -.535052
  49115.7   9682.2      -.1     40.8      -.4     28.9
      -.1     83.8      -.4     57.7  26714.9  27949.0
      -1.1      82.8      -4.8      41.3
       -.3      26.9       -.5      20.1
        .3       5.0        .4      14.9
        .2       5.0        .2      13.1
 73087  -.868777   .000000  -.495203
  52902.4   9397.2       .1     41.0      -.4     28.9
       .1     83.9      -.4     57.7  29808.7  30346.4
       2.0      79.8      -5.9      41.7
       -.1      26.0        .2      22.3
        .4       6.2        .3      16.3
        .3       5.0       -.3      14.4
 73088  -.887877   .000000  -.460082
  56942.3   9300.8      -.1     40.7      -.4     28.9
       .0     83.6      -.4     57.7  31693.6  32513.6
       2.2      80.5      -7.7      39.3
        .4      29.4        .1      20.9
        .4       5.9        .2      15.5
        .2       5.0       -.2      13.8
 73089  -.903278   .000000  -.429057
  61030.1   9110.4      -.2     40.7      -.4     28.9
      -.2     83.6      -.4     57.7  34640.6  35752.6
       3.1      78.3      -8.4      40.7
        .6      29.4        .0      22.4
        .2       6.9        .2      16.9
        .1       5.0       -.2      15.0
 73090   .840060  -.367526  -.399028
  65436.7   9824.8      -.2     43.3      -.4     28.9
      -.2     16.7      -.4     57.7  37170.5  38025.0
      -6.4      60.2       8.1      39.9
        .0      24.5       1.1      22.0
        .1      15.8        .6      16.6
       -.1      13.1       1.0      14.7
 73091   .817505  -.390173  -.423616
  61930.0  10073.9      -.2     43.3      -.4     28.9
      -.1     17.2      -.4     57.7  34956.9  35867.3
      -6.0      60.7       7.1      38.6
       -.1      25.1        .8      20.5
       -.1      15.9        .9      15.2
        .1      13.3        .5      13.3
 73092   .790440  -.414981  -.450551
  58196.0  10374.1      -.2     43.3      -.4     28.9
       .0     17.5      -.4     57.7  32736.0  33714.9
      -5.8      61.3       7.9      40.9
       -.2      25.4       1.0      21.8
       -.1      16.3        .5      16.1
        .0      13.5        .7      14.3
 73093   .757796  -.442047  -.479937
  54575.6  10781.2      -.2     43.3      -.4     28.9
       .1     18.1      -.4     57.7  30239.7  31308.6
      -7.7      60.3       7.1      39.7
        .1      25.3        .4      19.8
       -.3      16.5        .8      14.5
        .0      13.6        .8      12.6
 73094   .718269  -.471364  -.511767
  51287.0  11327.8      -.2     43.3      -.4     28.9
       .0     18.6      -.4     57.7  27945.6  28911.7
      -3.0      57.3       4.3      40.8
       -.2      25.6        .9      20.8
       -.2      16.9       1.0      15.1
        .1      13.8        .6      13.2
 73095   .670317  -.502738  -.545830
  47984.1  12086.8      -.2     43.3      -.4     28.9
      -.3     19.0      -.4     57.7  25812.1  26760.2
      -6.3      55.7       5.5      42.4
       -.1      25.9       1.0      19.0
       -.1      16.6        .5      13.4
        .0      14.0        .6      11.6
 73096   .612205  -.535679  -.581595
  45309.2  13172.7      -.2     43.3      -.4     28.9
       .2     19.4      -.4     57.7  24381.5  24986.7
      -5.6      60.5       6.7      41.7
       -.4      26.0       1.0      19.0
        .0      17.2        .6      13.5
        .4      14.3        .4      11.8
 73097   .542159  -.569267  -.618061
  42655.8  14647.0      -.2     43.3      -.4     28.9
       .3     20.0      -.4     57.7  22590.6  23307.5
      -5.9      57.5       4.9      42.5
        .0      26.3        .8      18.2
       -.2      17.5        .7      12.2
        .1      14.5        .5      10.4
 73098   .458673  -.602008  -.653609
  40461.1  16736.9      -.2     43.3      -.4     28.9
      -.1     20.4       .1      8.2  20944.0  21904.9
      -7.5      56.7       4.8      43.5
       -.6      26.9        .8      16.6
       -.1      17.9        .6      11.4
        .0      14.6        .7       9.6
 73099   .361020  -.631785  -.685938
  38787.4  18262.6      -.2     43.3      -.4     28.9
      -.1     20.9      -.2     19.8  20129.7  20885.7
      -5.7      58.5       4.0      46.0
       -.4      27.4        .6      15.9
        .2      17.9        .6      10.0
        .0      14.8        .5       8.2
 73100   .249898  -.655981  -.712208
  37481.0  18082.6      -.2     43.3      -.1      4.3
      -.1     21.1       .1     32.4  19381.9  20092.3
      -7.5      59.7       3.2      47.9
       -.6      27.4        .8      10.9
       -.3      18.3        .7       6.7
        .2      14.8        .5       5.5
 73101   .190037  -.665130  -.722141
  36841.1  17980.7      -.2     43.3      -.1     10.0
      -.2     21.1      -.1     38.6  19370.0  20043.3
      -7.5      58.9       2.1      49.9
       -.2      27.2        .7       9.0
       -.3      18.1        .6       5.1
       -.1      14.9        .6       4.1
 73102   .127982  -.671905  -.729496
  36536.4  17772.9      -.2     43.3      -.2     16.0
      -.1     21.3      -.3     44.9  18825.2  19480.7
      -5.9      56.1       1.5      56.2
       -.6      27.4        .7       8.5
       -.3      18.2        .6       3.3
        .0      14.7        .6       3.0
 73103   .064388  -.676070  -.734019
  36501.8  17579.6      -.2     43.3      -.4     22.0
       .1     21.0      -.4     50.7  18661.5  19359.2
      -4.2      55.7        .7      64.5
       -.4      27.4        .6       9.2
        .1      18.2        .5       3.0
        .2      14.8        .6       3.0
 73104   .000000  -.677476  -.735545
  36454.6  17680.1      -.2     43.3      -.2     26.4
      -.1     21.1      -.2     55.1  18406.0  19256.1
      -9.0      58.5       1.5      80.5
       -.2      27.5       1.0      18.0
        .3      18.3        .6       3.0
        .2      14.7        .4       3.0
 73105  -.064388  -.676070  -.734019
  36412.6  17588.3      -.2     43.3       .4     22.0
      -.1     21.2       .4     50.8  18874.4  19508.4
      -8.0      57.9        .7      63.4
        .8      26.7        .1       9.5
        .2      18.5        .3       3.0
       -.1      14.7        .2       3.0
 73106  -.127982  -.671905  -.729496
  36571.2  17699.9      -.2     43.3       .3     16.1
      -.3     21.1       .2     44.8  18642.1  19314.7
      -9.4      57.6        .6      60.1
       -.5      27.4        .1       7.2
       -.2      18.0        .3       3.2
       -.1      14.7        .3       3.0
 73107  -.190037  -.665130  -.722141
  36837.4  17903.0      -.2     43.3       .2     10.1
      -.2     21.1       .1     38.6  19145.8  19906.7
      -8.2      59.9        .0      49.5
       -.3      27.4        .3       9.4
        .0      17.8        .3       4.9
       -.2      14.6        .3       4.0
 73108  -.249898  -.655981  -.712208
  37495.0  18143.5      -.2     43.3       .1      4.3
       .1     21.0       .0     32.2  19159.0  19782.6
      -5.4      58.1      -3.1      46.5
       -.4      27.2        .2      10.9
        .2      18.6        .3       6.7
        .0      14.8        .3       5.5
 73109  -.361020  -.631785  -.685938
  38826.9  18150.1      -.2     43.3      -.4     28.9
      -.4     20.8      -.2     19.9  20481.9  20883.2
      -5.6      57.3      -2.9      45.0
       -.6      27.4        .0      15.7
        .0      17.8        .4       9.9
        .0      14.8        .3       8.1
 73110  -.458673  -.602008  -.653609
  40639.4  16670.2      -.2     43.3      -.4     28.9
      -.2     20.3       .0      8.3  21122.7  21827.1
      -7.6      59.7      -5.7      43.1
       -.1      27.0        .2      16.3
       -.1      17.9        .2      11.0
       -.2      14.6        .1       9.3
 73111  -.542159  -.569267  -.618061
  42715.2  14726.7      -.2     43.3      -.4     28.9
       .2     19.9      -.4     57.7  22638.1  23466.9
      -6.1      55.5      -4.7      41.8
        .0      26.6        .1      18.2
       -.2      17.3        .4      12.1
       -.2      14.3        .1      10.2
 73112  -.612205  -.535679  -.581595
  45339.1  13205.7      -.2     43.3      -.4     28.9
      -.1     19.4      -.4     57.7  23942.0  24783.7
      -4.9      57.8      -5.7      44.2
        .2      26.5        .2      19.4
       -.1      17.4        .1      13.1
        .0      14.4        .3      11.7
 73113  -.670317  -.502738  -.545830
  48180.3  12127.9      -.2     43.3      -.4     28.9
      -.1     18.9      -.4     57.7  25622.1  26551.1
      -7.9      58.1      -6.1      41.8
       -.3      26.3       -.1      19.3
        .2      17.0        .3      13.5
        .0      14.3        .4      11.8
 73114  -.718269  -.471364  -.511767
  51217.3  11314.9      -.2     43.3      -.4     28.9
       .3     18.4      -.4     57.7  28192.6  28895.5
      -6.1      56.9      -6.0      40.9
       -.3      25.8        .1      20.5
        .3      16.6        .4      14.7
        .1      13.6        .2      13.0
 73115  -.757796  -.442047  -.479937
  54781.8  10840.5      -.2     43.3      -.4     28.9
       .0     18.0      -.4     57.7  30109.4  31343.7
      -8.8      60.9      -6.6      44.9
        .2      25.4        .0      19.8
        .1      16.6        .2      14.5
        .2      13.8        .5      12.5
 73116  -.790440  -.414981  -.450551
  58306.9  10413.6      -.2     43.3      -.4     28.9
       .1     17.4      -.4     57.7  32474.7  33544.7
      -6.2      60.7      -6.6      42.3
       -.1      25.2        .0      21.6
        .2      16.2        .1      15.7
        .2      13.4        .1      14.2
 73117  -.817505  -.390173  -.423616
  61726.0  10139.6      -.2     43.3      -.4     28.9
       .1     17.1      -.4     57.7  34786.7  36217.1
      -5.7      60.5      -6.3      38.5
        .0      24.6        .1      19.9
       -.2      15.8        .3      15.0
        .1      13.3        .2      13.2
 73118  -.840060  -.367526  -.399028
  65759.2   9860.9      -.2     43.3      -.4     28.9
      -.4     16.7      -.4     57.7  37008.9  38285.7
      -4.9      63.4      -6.8      40.4
       -.3      24.4       -.1      21.7
        .1      15.9        .1      16.6
       -.1      13.1        .0      14.7
 73119   .708659  -.620076  -.336613
  78121.3  11718.9      -.2     43.3      -.4     28.9
      -.2     86.6      -.4     57.7  45513.6  46652.9
      -8.1      56.7       5.4      39.8
       -.3      22.9        .9      20.5
       -.1      17.5        .8      15.2
        .4      16.0        .4      13.5
 73120   .677337  -.646549  -.350984
  74842.9  12225.2      -.2     43.3      -.4     28.9
      -.2     86.6      -.4     57.7  43440.1  44627.8
     -12.8      61.4       7.9      40.0
        .3      23.0        .4      19.5
        .2      17.3        .6      13.9
        .1      15.9        .7      12.2
 73121   .641844  -.673936  -.365851
  72025.8  12772.9      -.2     43.3      -.4     28.9
      -.2     86.6      -.4     57.7  41130.0  42530.3
     -10.9      56.7       7.2      42.9
       -.5      23.0        .9      20.0
        .1      17.4        .6      14.4
        .6      16.2        .4      12.6
 73122   .601687  -.701968  -.381068
  69191.9  13491.0      -.2     43.3      -.4     28.9
      -.2     86.6      -.4     57.7  40492.1  41345.0
      -5.6      52.4       5.8      42.7
       -.8      23.2       1.3      18.8
        .1      17.5        .7      13.4
        .2      16.5        .6      11.7
 73123   .556388  -.730259  -.396426
  66543.6  14015.3      -.2     43.3      -.4     28.9
      -.2     86.6      -.4     57.7  37938.1  39176.2
      -9.1      51.9       4.2      42.4
       -.3      23.0        .8      19.0
        .4      17.7        .4      13.2
        .2      16.6        .6      11.4
 73124   .505524  -.758286  -.411641
  64269.8  14854.9      -.2     43.3      -.4     28.9
      -.2     86.6      -.4     57.7  36227.0  37260.2
      -8.2      52.8       8.0      48.8
       -.2      23.3        .7      18.2
        .4      17.8        .4      12.3
        .2      16.6        .6      10.3
 73125   .448787  -.785377  -.426348
  61901.4  15031.2      -.2     43.3      -.4     28.9
      -.2     86.6      -.4     57.7  34502.1  35781.6
      -8.2      53.6       6.7      48.2
       -.8      23.0        .9      17.4
       -.3      17.8        .8      11.5
       -.1      16.8        .7       9.8
 73126   .386057  -.810720  -.440105
  60171.6  15017.7      -.2     43.3      -.4     28.9
      -.2     86.6      -.4     57.7  33758.7  34746.7
      -8.6      54.3       6.5      51.5
       -.6      23.3       1.2      17.7
        .1      18.3        .6      11.0
        .1      16.9        .4       8.9
 73127   .317480  -.833386  -.452409
  58447.4  14670.9      -.2     43.3      -.4     28.9
      -.2     86.6       .0      5.8  32486.1  33446.3
      -8.2      51.2       4.1      50.7
       -.4      23.2        .9      15.2
        .3      18.0        .5       9.3
        .1      16.9        .5       7.8
 73128   .243541  -.852392  -.462727
  57182.2  14309.9      -.2     43.3      -.4     28.9
      -.2     86.6      -.2     18.0  32037.7  32951.4
      -7.8      48.1       3.4      51.1
        .1      23.4        .4      15.3
       -.3      18.2        .5       8.7
        .3      17.1        .6       6.9
 73129   .165103  -.866792  -.470544
  56237.9  14109.3      -.2     43.3      -.1      3.0
      -.2     86.6      -.2     31.2  31308.8  32215.0
     -10.1      53.6       3.7      57.4
       -.8      23.0        .8      11.8
       -.1      18.2        .5       5.9
       -.2      17.3        .5       4.7
 73130   .124573  -.872008  -.473376
  56022.5  14052.5      -.2     43.3      -.2      8.9
      -.2     86.6      -.2     37.6  30798.4  32027.0
     -11.0      54.2       1.6      65.9
       -.5      22.8        .4      10.6
       -.3      18.4        .5       4.5
        .0      17.2        .5       3.5
 73131   .083409  -.875791  -.475429
  55771.8  13992.6      -.2     43.3      -.6     15.3
      -.2     86.6      -.5     44.0  30503.8  31754.0
      -9.7      50.2       4.6      68.6
       -.3      23.0        .7      13.1
       -.3      18.3        .5       3.3
       -.1      17.4        .5       3.0
 73132   .041814  -.878085  -.476675
  55712.5  13970.6      -.2     43.3      -.7     21.5
      -.2     86.6      -.7     50.1  30788.3  31640.5
     -10.8      49.9       2.6      77.4
        .0      22.8        .7      20.3
       -.2      18.3        .3       3.6
        .0      17.2        .5       3.0
 73133   .000000  -.878853  -.477092
  55716.5  14005.7      -.2     43.3      -.2     26.2
      -.2     86.6      -.2     54.8  31014.7  31994.0
     -10.0      50.2      -3.1      85.7
       -.6      22.8        .7      27.2
        .1      18.2        .6       4.8
       -.3      17.2        .4       3.0
 73134  -.041814  -.878085  -.476675
  55830.0  14107.4      -.2     43.3       .7     21.5
      -.2     86.6       .7     50.2  30629.7  31610.4
      -9.3      50.7       -.4      74.9
       -.2      23.3        .5      18.6
       -.4      18.3        .5       3.0
        .2      17.1        .3       3.0
 73135  -.083409  -.875791  -.475429
  55834.3  14019.1      -.2     43.3       .6     15.2
      -.2     86.6       .6     43.9  30906.1  31743.5
      -8.4      50.7       1.5      68.6
       -.2      23.2        .2      13.3
       -.3      18.1        .3       3.0
       -.3      17.1        .4       3.0
 73136  -.124573  -.872008  -.473376
  56004.0  14056.3      -.2     43.3       .2      8.9
      -.2     86.6       .3     37.7  31235.8  31976.6
     -10.2      52.6      -1.0      64.2
       -.5      23.2        .3      11.6
       -.2      18.0        .3       4.4
        .0      17.1        .3       3.4
 73137  -.165103  -.866792  -.470544
  56387.0  14190.4      -.2     43.3       .1      3.0
      -.2     86.6       .1     31.2  30990.2  32109.5
     -11.0      54.5      -3.7      58.2
       -.4      23.2        .3      12.4
       -.3      18.3        .3       5.9
       -.4      17.0        .3       4.6
 73138  -.243541  -.852392  -.462727
  57160.3  14430.4      -.2     43.3      -.4     28.9
      -.2     86.6       .0     18.0  31891.6  32903.5
     -10.0      53.3      -2.0      52.2
       -.1      23.1        .2      14.3
        .1      18.0        .2       8.6
       -.1      17.1        .3       6.8
 73139  -.317480  -.833386  -.452409
  58393.6  14757.3      -.2     43.3      -.4     28.9
      -.2     86.6      -.1      5.7  33082.6  33702.2
      -8.5      51.2      -3.8      48.4
       -.3      22.9        .0      14.8
       -.3      18.4        .2       9.3
        .2      16.8        .3       7.6
 73140  -.386057  -.810720  -.440105
  60010.4  15018.8      -.2     43.3      -.4     28.9
      -.2     86.6      -.4     57.7  33018.1  34115.4
      -9.0      53.3      -6.7      50.4
       -.5      23.4        .1      16.9
       -.2      18.3        .3      10.8
        .2      16.7        .4       8.7
 73141  -.448787  -.785377  -.426348
  61835.7  14899.4      -.2     43.3      -.4     28.9
      -.2     86.6      -.4     57.7  34739.8  35755.7
      -9.7      54.6      -5.9      46.7
       -.4      23.0        .2      17.5
       -.1      18.1        .1      11.7
        .0      16.8        .4       9.5
 73142  -.505524  -.758286  -.411641
  64119.0  14776.5      -.2     43.3      -.4     28.9
      -.2     86.6      -.4     57.7  35696.4  36969.5
      -8.2      54.5      -6.9      47.9
        .1      22.7        .2      17.9
        .2      18.0        .3      12.4
        .1      16.5        .3      10.3
 73143  -.556388  -.730259  -.396426
  66636.2  14239.8      -.2     43.3      -.4     28.9
      -.2     86.6      -.4     57.7  37332.3  38860.3
     -10.1      55.7      -7.1      43.6
       -.1      23.2        .0      18.9
        .2      17.8        .3      13.3
       -.1      16.4        .2      11.4
 73144  -.601687  -.701968  -.381068
  69087.0  13513.4      -.2     43.3      -.4     28.9
      -.2     86.6      -.4     57.7  39035.0  40647.1
      -8.9      57.1      -4.8      43.6
       -.1      23.1        .0      18.8
       -.2      17.6        .3      13.5
        .3      16.5        .5      11.3
 73145  -.641844  -.673936  -.365851
  71858.8  12954.7      -.2     43.3      -.4     28.9
      -.2     86.6      -.4     57.7  41713.1  42746.3
      -9.4      58.5      -7.8      45.8
       -.6      22.6       -.6      20.2
        .2      17.7        .0      14.1
       -.1      16.0        .2      12.5
 73146  -.677337  -.646549  -.350984
  74724.3  12201.4      -.2     43.3      -.4     28.9
      -.2     86.6      -.4     57.7  43423.4  44825.5
     -10.1      60.0      -8.8      42.5
       -.2      22.8        .1      19.2
       -.1      17.4        .0      13.9
       -.2      16.1        .0      12.3
 73147  -.708659  -.620076  -.336613
  78118.9  11840.8      -.2     43.3      -.4     28.9
      -.2     86.6      -.4     57.7  45323.6  46798.9
     -11.4      61.1      -6.7      39.2
       -.5      23.1       -.5      21.1
        .3      17.5        .3      15.2
       -.1      15.9        .4      13.5
 73148   .482910  -.845093  -.229382
 114985.0  14427.7      -.2     43.3      -.4     28.9
      -.2     86.6      -.4     57.7  69499.0  71437.3
     -13.4      55.7       9.9      47.4
       -.8      22.4       1.1      18.9
        .2      16.4        .5      12.5
        .2      14.7        .4      11.0
 73149   .451149  -.861285  -.233777
 112878.1  14372.0      -.2     43.3      -.4     28.9
      -.2     86.6      -.4     57.7  67636.5  69226.9
     -13.3      52.4       6.9      47.1
       -.6      22.1       1.1      18.8
       -.1      16.6        .7      12.6
        .0      14.8        .6      10.3
 73150   .417577  -.876913  -.238019
 111112.0  14296.1      -.2     43.3      -.4     28.9
      -.2     86.6      -.4     57.7  67026.9  69712.1
      -9.8      52.1       5.1      50.8
       -.4      22.3        .8      17.8
        .2      16.5        .5      11.5
        .2      15.0        .5       9.8
 73151   .382204  -.891810  -.242063
 108865.6  14104.1      -.2     43.3      -.4     28.9
      -.2     86.6      -.4     57.7  65527.6  67396.1
      -9.7      50.1       6.9      49.7
       -.6      21.6       1.0      18.8
        .0      16.4        .6      11.4
       -.1      14.9        .5       9.5
 73152   .345068  -.905804  -.245861
 107409.0  13999.2      -.2     43.3      -.4     28.9
      -.2     86.6      -.4     57.7  65220.9  66931.0
      -8.9      49.7       6.5      58.5
       -.4      22.0        .9      18.2
        .2      16.5        .5      10.4
        .0      15.0        .5       8.5
 73153   .306238  -.918714  -.249365
 106081.2  13699.1      -.2     43.3      -.4     28.9
      -.2     86.6      -.4     57.7  63581.4  65153.8
     -12.7      52.2       4.6      60.4
       -.8      22.6        .9      18.7
        .0      16.9        .3      10.3
        .1      15.0        .5       8.4
 73154   .265817  -.930361  -.252527
 104802.9  13586.1      -.2     43.3      -.4     28.9
      -.2     86.6      -.4     57.7  63173.7  64666.1
     -10.5      53.7       6.8      58.1
       -.6      22.0        .9      17.1
       -.1      16.8        .5       9.2
        .2      15.1        .5       7.4
 73155   .223945  -.940570  -.255298
 103464.9  13513.8      -.2     43.3      -.4     28.9
      -.2     86.6      -.4     57.7  62642.3  64156.9
      -9.3      48.3       6.2      65.8
       -.5      22.2       1.1      18.5
        .0      16.6        .4       9.0
        .0      15.2        .5       7.2
 73156   .180796  -.949177  -.257634
 102730.9  13332.6      -.2     43.3      -.4     28.9
      -.2     86.6      -.1      3.3  61274.9  63254.8
      -9.7      49.7       7.8      67.4
      -1.0      22.1        .8      17.7
        .0      16.8        .5       7.6
       -.2      15.2        .6       5.8
 73157   .136577  -.956038  -.259496
 102048.7  13324.6      -.2     43.3      -.4     28.9
      -.2     86.6      -.2     16.3  60240.0  62074.7
     -12.2      52.8       6.2      73.7
       -.6      21.9        .6      18.2
        .2      16.7        .5       7.3
        .2      15.2        .4       5.7
 73158   .091527  -.961030  -.260851
 101337.4  13174.9      -.2     43.3      -.3      1.6
      -.2     86.6      -.2     29.7  60032.8  62664.0
     -10.7      50.6       3.4      80.8
       -.6      22.1        .6      19.5
       -.2      16.9        .5       5.3
       -.4      15.3        .5       3.9
 73159   .068771  -.962796  -.261330
 101462.5  13135.2      -.2     43.3      -.6      7.9
      -.2     86.6      -.7     36.5  59916.0  61857.3
     -12.0      53.7      -5.0      87.8
       -.7      22.1        .6      22.8
        .0      16.7        .6       5.3
       -.4      15.2        .6       3.0
 73160   .045908  -.964064  -.261674
 101296.7  13241.1      -.2     43.3     -1.1     14.5
      -.2     86.6      -.9     43.1  61181.1  62869.1
     -10.6      52.2      -1.5      93.2
       -.6      22.3       1.2      28.6
       -.1      16.6        .4       4.6
        .0      15.1        .5       3.0
 73161   .022972  -.964827  -.261882
 101177.0  13172.5      -.2     43.3      -.8     21.0
      -.2     86.6      -.8     49.4  60037.9  61895.1
     -11.2      51.5       3.8     103.5
       -.5      21.8        .3      37.9
       -.2      16.7        .4       8.2
       -.2      15.1        .6       3.8
 73162   .000000  -.965081  -.261951
 101555.4  13113.8      -.2     43.3       .2     26.0
      -.2     86.6       .2     54.1  60791.3  62559.9
     -10.8      51.6       3.0     111.0
       -.8      21.9        .0      53.7
       -.1      16.7        .1      14.9
       -.1      15.1        .5       3.8
 73163  -.022972  -.964827  -.261882
 101164.1  13078.2      -.2     43.3       .9     21.3
      -.2     86.6       .9     49.5  60576.7  62249.9
     -11.5      50.3       2.3      96.8
       -.9      21.6        .5      40.1
       -.1      17.0        .6       8.1
       -.4      15.2        .5       3.0
 73164  -.045908  -.964064  -.261674
 101316.4  13164.3      -.2     43.3       .8     14.5
      -.2     86.6       .7     43.2  60085.0  61759.4
     -13.3      51.8       -.7      89.1
       -.3      21.7        .2      28.0
       -.4      16.8        .3       5.1
       -.2      15.4        .4       3.0
 73165  -.068771  -.962796  -.261330
 101397.7  13119.2      -.2     43.3       .6      7.8
      -.2     86.6       .6     36.6  60482.0  62459.0
      -8.0      48.0        .4      88.2
       -.9      22.2       -.1      24.0
       -.2      17.0        .4       4.6
       -.2      15.4        .4       3.0
 73166  -.091527  -.961030  -.260851
 101513.9  13164.0      -.2     43.3       .3      1.7
      -.2     86.6       .8     29.9  60786.6  62771.5
     -12.4      54.6       -.7      78.8
       -.4      22.2        .0      20.1
       -.2      16.9        .3       5.5
       -.1      15.2        .3       3.7
 73167  -.136577  -.956038  -.259496
 101872.3  13337.9      -.2     43.3      -.4     28.9
      -.2     86.6       .2     16.4  61261.4  62982.5
     -10.5      54.1      -2.1      74.1
       -.7      22.2        .0      19.7
       -.1      16.8        .1       7.4
       -.1      15.5        .4       5.4
 73168  -.180796  -.949177  -.257634
 102575.3  13315.3      -.2     43.3      -.4     28.9
      -.2     86.6       .2      3.3  61943.5  63298.2
     -10.5      50.2      -4.3      67.1
       -.9      22.0       -.1      17.1
        .2      16.8        .4       7.3
        .0      15.2        .3       5.8
 73169  -.223945  -.940570  -.255298
 103567.8  13547.7      -.2     43.3      -.4     28.9
      -.2     86.6      -.4     57.7  61806.7  63864.3
     -14.5      55.2      -4.0      67.1
       -.9      22.5        .1      18.6
       -.1      17.0        .4       9.0
       -.5      15.2        .2       7.0
 73170  -.265817  -.930361  -.252527
 104595.3  13539.1      -.2     43.3      -.4     28.9
      -.2     86.6      -.4     57.7  63437.3  65247.5
     -10.6      52.9      -3.9      61.4
       -.5      22.1        .3      18.6
       -.2      16.6        .3       9.0
       -.1      15.3        .3       7.3
 73171  -.306238  -.918714  -.249365
 106061.1  13751.5      -.2     43.3      -.4     28.9
      -.2     86.6      -.4     57.7  63397.1  65358.0
     -12.8      52.6      -6.7      58.6
       -.3      22.3        .3      18.8
       -.2      16.5        .1      10.4
       -.2      15.1        .3       8.5
 73172  -.345068  -.905804  -.245861
 107364.6  14051.5      -.2     43.3      -.4     28.9
      -.2     86.6      -.4     57.7  64799.3  66696.5
     -11.4      53.8      -8.8      57.5
      -1.1      22.3       -.3      18.7
        .0      16.7        .3      10.3
       -.1      15.0        .3       8.6
 73173  -.382204  -.891810  -.242063
 109088.8  14173.0      -.2     43.3      -.4     28.9
      -.2     86.6      -.4     57.7  66101.7  67746.0
      -8.5      54.5      -7.8      57.9
       -.7      22.2       -.2      18.5
        .0      16.4        .2      11.2
       -.3      15.1        .3       9.7
 73174  -.417577  -.876913  -.238019
 110655.2  14297.9      -.2     43.3      -.4     28.9
      -.2     86.6      -.4     57.7  66897.5  69037.5
     -13.0      55.2      -6.8      51.9
      -1.1      22.6       -.5      18.3
        .0      16.2        .2      11.4
       -.1      14.7        .3       9.6
 73175  -.451149  -.861285  -.233777
 113158.4  14526.1      -.2     43.3      -.4     28.9
      -.2     86.6      -.4     57.7  69055.4  70768.1
     -10.8      51.6      -6.6      49.2
       -.4      22.3       -.3      18.6
        .1      16.4        .4      12.0
       -.1      14.8        .2      10.5
 73176  -.482910  -.845093  -.229382
 114948.1  14440.9      -.2     43.3      -.4     28.9
      -.2     86.6      -.4     57.7  70063.5  71870.6
      -9.9      52.6      -4.0      43.1
       -.6      22.2        .0      19.2
        .1      16.5        .2      12.5
        .0      14.5        .4      10.8
 73177   .337328  -.927651  -.160231
 164939.1  13895.3      -.2     43.3      -.4     28.9
      -.2     86.6      -.4     57.7 104533.7 107510.0
      -9.4      46.3       7.9      53.0
       -.6      22.2        .8      20.2
        .1      16.9        .5      10.6
       -.1      15.2        .7       8.8
 73178   .312066  -.936198  -.161707
 163358.3  13865.9      -.2     43.3      -.4     28.9
      -.2     86.6      -.4     57.7 103113.5 105311.7
      -9.3      50.4       2.8      55.0
       -.9      23.5       1.1      20.6
        .0      16.9        .6      11.0
        .0      15.8        .5       9.1
 73179   .286124  -.944211  -.163091
 162373.3  13679.6      -.2     43.3      -.4     28.9
      -.2     86.6      -.4     57.7 101558.6 105032.1
     -10.7      53.0        .9      57.7
       -.6      23.0       1.1      20.9
        .1      16.9        .6      10.0
        .0      15.4        .6       8.1
 73180   .259539  -.951641  -.164374
 160664.4  13572.6      -.2     43.3      -.4     28.9
      -.2     86.6      -.4     57.7 100383.0 103836.8
     -11.3      54.3       9.8      67.7
       -.8      23.2       1.1      22.2
       -.1      16.9        .6      10.2
       -.1      15.6        .5       8.2
 73181   .232349  -.958440  -.165549
 159632.7  13482.5      -.2     43.3      -.4     28.9
      -.2     86.6      -.4     57.7 101115.1 103762.4
      -9.7      50.0       5.7      69.4
      -1.3      22.2       1.4      20.5
       -.3      17.1        .6       9.1
        .2      15.6        .5       7.2
 73182   .204604  -.964562  -.166606
 158565.0  13454.0      -.2     43.3      -.4     28.9
      -.2     86.6      -.4     57.7 100217.7 102761.8
      -9.8      50.3       8.7      70.7
       -.7      22.7        .6      23.6
       -.3      17.1        .6       9.4
        .1      15.7        .5       7.3
 73183   .176357  -.969963  -.167539
 158166.0  13312.1      -.2     43.3      -.4     28.9
      -.2     86.6      -.4     57.7  98502.5 101444.4
      -8.5      50.4       4.6      77.4
       -.7      22.2        .9      22.6
       -.1      17.1        .5       8.3
       -.2      15.7        .6       6.1
 73184   .147667  -.974605  -.168341
 157457.5  13279.8      -.2     43.3      -.4     28.9
      -.2     86.6      -.4     57.7  97975.1 101379.1
     -10.9      51.4       6.0      84.1
      -1.1      22.5        .8      24.9
        .0      17.2        .5       8.5
       -.1      16.0        .5       6.3
 73185   .118600  -.978453  -.169006
 156753.6  13294.5      -.2     43.3      -.4     28.9
      -.2     86.6      -.3      2.1  98948.6 101530.4
      -9.7      49.5       3.4      90.8
      -1.2      22.8       1.1      25.4
        .0      17.0        .4       7.2
        .1      15.5        .5       5.2
 73186   .089225  -.981478  -.169528
 156352.8  13236.4      -.2     43.3      -.4     28.9
      -.2     86.6      -.4     15.4  99628.1 101989.6
      -9.0      53.6       3.3      87.1
      -1.1      22.5       1.0      27.7
       -.1      17.4        .5       7.9
       -.2      15.8        .5       5.1
 73187   .059616  -.983656  -.169904
 155653.0  13183.5      -.2     43.3     -1.9     28.7
      -.2     86.6      -.6     29.1  96708.6  99784.0
     -11.5      51.4       2.2     104.8
      -1.0      22.8       1.1      29.9
       -.2      17.0        .5       7.2
        .1      15.7        .5       3.7
 73188   .044746  -.984421  -.170036
 155565.1  13200.4      -.2     43.3      -.8      7.3
      -.2     86.6     -1.0     35.9  96627.5 100009.0
     -10.6      56.4       7.8     104.7
      -1.1      22.5       1.2      34.3
        .0      16.9        .4       7.5
       -.3      15.6        .5       3.0
 73189   .029848  -.984969  -.170131
 156012.7  13226.2      -.2     43.3     -1.0     14.1
      -.2     86.6     -1.0     42.5  97975.9  99793.2
     -12.9      50.0       2.1     114.7
       -.9      23.2       1.7      41.8
       -.2      17.1        .5       9.7
       -.5      15.6        .5       3.0
 73190   .014929  -.985299  -.170188
 155898.4  13137.4      -.2     43.3     -1.3     20.6
      -.2     86.6     -1.2     49.0  97836.6 101038.2
     -12.7      52.9       4.9     116.7
       -.8      22.8        .8      53.6
       -.1      17.1        .3      13.8
       -.3      15.6        .4       4.3
 73191   .000000  -.985408  -.170207
 155514.0  13128.1      -.2     43.3       .1     25.2
      -.2     86.6       .1     53.4  97088.6  99558.8
      -9.4      49.9      -3.0     121.6
      -1.4      24.0       -.6      65.7
       -.5      17.1       -.2      25.0
       -.1      15.8        .5       7.2
 73192  -.014929  -.985299  -.170188
 155768.2  13115.6      -.2     43.3      1.2     20.5
      -.2     86.6      1.2     48.9  97470.5 100082.9
     -10.2      49.4       1.5     122.2
       -.9      22.4        .0      53.4
       -.2      17.1        .4      17.2
       -.3      15.8        .6       4.0
 73193  -.029848  -.984969  -.170131
 155858.4  13169.1      -.2     43.3      1.2     14.1
      -.2     86.6      1.0     42.6  95617.6  99561.0
     -12.3      52.1       1.6     110.0
       -.7      22.4        .6      42.8
        .1      16.9        .4       9.8
       -.3      15.7        .4       3.0
 73194  -.044746  -.984421  -.170036
 155768.7  13131.9      -.2     43.3       .9      7.3
      -.2     86.6      1.0     35.9  97221.2 100421.2
     -15.3      50.9      -6.2     110.4
      -1.1      22.4       1.4      35.3
       -.2      17.2        .4       8.3
       -.3      15.8        .4       3.1
 73195  -.059616  -.983656  -.169904
 155921.0  13193.1      -.2     43.3       .4      1.0
      -.2     86.6       .7     29.2  97771.9 100052.1
     -13.5      59.9       3.0     105.6
      -1.2      22.9        .4      30.8
       -.1      17.1        .3       7.7
       -.3      15.9        .4       3.7
 73196  -.089225  -.981478  -.169528
 156151.0  13194.0      -.2     43.3      -.4     28.9
      -.2     86.6       .4     15.5  97713.6 100174.8
     -10.6      52.5       -.4      93.9
      -1.0      23.3        .4      27.2
       -.1      17.2        .3       7.5
       -.1      15.7        .4       5.0
 73197  -.118600  -.978453  -.169006
 156655.8  13216.2      -.2     43.3      -.4     28.9
      -.2     86.6       .2      2.1  97471.4 100312.7
      -9.7      49.6      -8.5      86.0
      -1.2      22.7       -.4      24.6
       -.1      17.1        .3       7.6
       -.4      15.8        .2       4.8
 73198  -.147667  -.974605  -.168341
 157386.5  13297.0      -.2     43.3      -.4     28.9
      -.2     86.6      -.4     57.7  97662.7 100771.8
     -14.1      53.6      -4.3      84.4
      -1.1      23.4       -.3      24.6
       -.2      17.1        .2       8.7
        .0      15.8        .4       6.3
 73199  -.176357  -.969963  -.167539
 158092.6  13348.5      -.2     43.3      -.4     28.9
      -.2     86.6      -.4     57.7  98854.3 101594.9
      -9.8      51.2       1.6      83.9
      -1.1      22.3       -.2      23.3
        .0      17.2        .4       7.9
       -.3      16.0        .4       6.1
 73200  -.204604  -.964562  -.166606
 158856.4  13433.6      -.2     43.3      -.4     28.9
      -.2     86.6      -.4     57.7  99985.4 101918.5
     -12.0      51.7     -11.9      76.1
      -1.0      22.2       -.3      23.4
       -.2      17.3        .3       9.3
       -.1      15.6        .2       7.2
 73201  -.232349  -.958440  -.165549
 159737.0  13460.1      -.2     43.3      -.4     28.9
      -.2     86.6      -.4     57.7  99291.8 102265.5
     -13.3      47.4      -4.8      72.2
       -.6      22.7       -.4      21.4
       -.1      17.2        .2       8.8
        .0      15.6        .2       7.3
 73202  -.259539  -.951641  -.164374
 160651.6  13633.5      -.2     43.3      -.4     28.9
      -.2     86.6      -.4     57.7 100227.8 103513.7
      -9.8      50.9      -7.0      64.3
       -.9      23.2       -.5      21.7
        .0      17.0        .3      10.1
       -.3      15.6        .2       8.1
 73203  -.286124  -.944211  -.163091
 162003.3  13670.5      -.2     43.3      -.4     28.9
      -.2     86.6      -.4     57.7 100682.9 103885.9
     -11.6      49.7      -3.1      60.8
      -1.2      22.6       -.8      20.4
        .1      16.7        .4       9.5
       -.1      15.8        .2       8.1
 73204  -.312066  -.936198  -.161707
 163286.6  13809.2      -.2     43.3      -.4     28.9
      -.2     86.6      -.4     57.7 102638.9 105002.6
      -9.0      49.8      -4.8      53.0
       -.8      22.7       -.4      21.1
        .0      17.0        .4      10.6
        .2      15.5        .5       9.0
 73205  -.337328  -.927651  -.160231
 164861.1  14004.4      -.2     43.3      -.4     28.9
      -.2     86.6      -.4     57.7 103874.4 106920.1
     -11.4      50.1      -3.9      53.5
       -.7      22.9       -.1      19.3
        .2      16.7        .2      10.6
        .2      15.3        .3       8.8
