OCR_prd2017clk:dj25b,R22@-300V,3.8T@20d,263K,rhe=1.10,rhh=0.7,0.25/0.25         
  1770   1  3.80  28   3  29   2  300.00  263.00     .25 1.26000   900.0   28.45   -7.52  150.000  100.000  290.000  1700.0   14.23   -3.76    1.50    1.00     .85
 60511  -.105170   .946530  -.304993
  85823.6  13400.9     14.2     43.3     -2.6      4.7
     14.2     86.6     -2.7     32.1  50289.6  51788.5
      11.5      54.5      -9.2      72.8
        .7      25.7       -.4      18.8
        .4      20.9        .3       5.7
        .7      20.7        .2       4.3
 60512  -.113613   .937303  -.329476
  79137.8  13444.8     14.2     43.3     -2.8      4.8
     14.2     86.6     -2.9     32.3  45984.5  47186.3
      12.3      57.6      -9.1      72.7
       1.3      24.6       -.1      14.1
        .3      19.3        .2       5.4
        .6      18.3        .2       4.4
 60513  -.123410   .925573  -.357888
  72996.7  13702.6     14.2     43.3     -2.9      5.0
     14.2     86.6     -2.7     32.7  42337.4  43422.7
       8.1      50.3      -8.9      67.0
       1.0      25.5       -.1      15.4
        .5      20.2        .2       6.1
        .6      19.9        .2       4.6
 60514  -.134874   .910397  -.391134
  66841.4  13854.8     14.2     43.3     -3.0      5.2
     14.2     86.6     -2.9     32.8  38064.5  38875.1
      10.1      54.0      -7.3      62.7
       1.1      23.9       -.3      12.8
        .5      18.7        .2       5.9
        .5      17.5        .2       4.7
 60515  -.148397   .890380  -.430350
  60706.4  14147.2     14.2     43.3     -3.0      5.6
     14.2     86.6     -3.0     32.9  34098.7  34917.1
      11.8      53.4      -7.0      57.2
        .5      24.4       -.1      13.6
        .0      19.2        .3       5.9
        .4      19.4        .2       4.9
 60516  -.164460   .863416  -.476934
  54949.1  14707.6     14.2     43.3     -3.1      6.0
     14.2     86.6     -3.1     33.2  29576.8  30591.5
       9.0      54.2      -6.1      60.8
        .6      23.4       -.1      11.7
        .2      18.2        .2       6.0
        .6      17.0        .2       5.1
 60517  -.183618   .826279  -.532491
  49227.2  15289.5     14.2     43.3     -3.3      6.4
     14.2     86.6     -3.1     33.5  26538.1  27206.9
       5.9      52.4      -6.5      56.8
        .6      23.8        .0      11.8
        .4      17.8        .2       6.2
        .4      17.9        .1       5.4
 60518  -.206405   .774019  -.598575
  43772.6  16317.6     14.2     43.3     -3.2      6.8
     15.4      7.8     -3.1     34.0  22252.9  23302.3
      10.2      58.2      -5.4      51.0
        .4      24.5        .1      10.2
        .6      18.2        .0       6.4
        .3      17.4        .1       5.6
 60519  -.233063   .699189  -.675882
  38980.3  18248.4     14.2     43.3     -3.4      7.3
     14.1     19.8     -3.4     34.2  20224.6  20735.0
       7.2      61.8      -6.3      50.1
        .4      28.5       -.1      10.6
        .0      18.9        .2       6.7
       -.1      15.6        .2       5.8
 60520  -.262862   .591440  -.762300
  34512.7  21954.9     15.0     10.1     -3.4      7.7
     14.6     38.7     -3.4     34.7  17299.8  18000.5
       5.4      52.7      -6.7      42.8
       -.1      22.5        .2      10.4
       -.1      14.8        .1       6.9
        .0      11.7        .1       6.0
 60521  -.292854   .439281  -.849276
  31204.4  24921.3     14.2     17.6     -3.5      7.8
     14.2     57.5     -3.5     35.1  15042.2  15833.5
       4.3      52.4      -4.4      43.6
        .0      13.7       -.1      10.5
       -.4       9.0        .2       7.2
       -.4       7.5        .0       6.3
 60522  -.316664   .237498  -.918324
  29048.7  22604.0     14.0     33.5     -3.6      7.6
     13.8     75.5     -3.5     35.6  13949.9  14355.4
       3.1      65.7      -4.2      41.5
       -.2       7.3       -.1      10.8
       -.5       5.0        .0       7.0
       -.5       5.0        .0       6.2
 60523  -.325991   .000000  -.945373
  28093.8  21992.5     13.8     36.4     -3.6      7.8
     14.3     78.9     -3.4     35.5  13506.8  14093.1
       -.7      61.3      -3.4      40.7
       -.9       6.2        .0      10.5
      -1.2       5.0        .0       7.0
      -1.3       5.0        .0       6.1
 60524  -.323582  -.121343  -.938387
  28157.5  21488.7     13.8     28.6     -3.5      7.9
     14.1     70.1     -3.5     35.5  13417.3  14020.5
      -4.1      54.8      -2.3      40.5
      -1.3       8.1        .0      10.1
      -1.0       5.5        .1       7.0
      -1.3       5.0        .0       6.0
 60525  -.316664  -.237498  -.918324
  28875.1  22058.2     14.0     20.8     -3.6      7.9
     14.1     61.5     -3.5     35.4  13789.8  14335.2
      -5.2      50.5      -2.4      42.2
      -1.7      12.3       -.2      10.4
      -1.5       8.2        .0       7.1
      -1.5       6.8       -.1       5.9
 60526  -.306058  -.344315  -.887567
  29582.0  21843.9     13.8     13.9     -3.4      7.9
     14.0     52.5     -3.4     35.3  14049.5  14749.0
      -6.1      49.6      -2.2      46.2
      -1.4      16.2        .2      10.5
      -1.5      10.6        .2       6.9
      -1.5       8.9        .1       5.9
 60527  -.292854  -.439281  -.849276
  30890.6  20607.8     13.6     10.8     -3.4      7.6
     14.4     42.9     -3.3     35.2  14700.3  15267.5
      -7.7      51.1       -.4      42.9
      -1.4      20.4        .2      10.6
      -1.4      13.6        .2       7.0
      -1.4      11.0        .1       5.9
 60528  -.278147  -.521525  -.806626
  32330.5  18989.8     12.2     13.6     -3.3      7.5
     13.8     33.8     -3.2     34.9  15546.5  16350.3
      -6.1      53.6        .1      42.9
      -2.3      25.9       -.1      10.3
      -1.9      16.8        .1       6.8
      -2.1      13.6        .0       5.9
 60529  -.262862  -.591440  -.762300
  34343.2  17873.9     14.2     43.3     -3.3      7.3
     14.4     24.5     -3.2     34.8  16390.2  17187.4
     -11.4      60.9      -2.5      48.1
      -1.9      29.3        .1      10.3
      -2.0      19.5        .1       6.8
      -1.8      16.2        .2       5.9
 60530  -.233063  -.699189  -.675882
  38496.3  15821.0     14.2     43.3     -3.3      6.8
     14.5      9.8     -3.3     34.4  19299.9  20040.1
      -9.9      56.0        .3      47.8
      -1.9      26.9       -.1      10.2
      -1.7      19.3        .3       6.5
      -1.7      18.2        .2       5.6
 60531  -.206405  -.774019  -.598575
  43442.0  14527.6     14.2     43.3     -3.2     10.8
     14.2     86.6     -3.1     34.0  22080.4  23230.5
      -9.1      53.0       1.0      53.2
      -2.0      24.7       -.1      11.2
      -1.4      19.8        .1       6.3
      -1.6      19.7        .3       5.2
 60532  -.183618  -.826279  -.532491
  48794.5  13837.5     14.2     43.3     -3.2      5.7
     14.2     86.6     -3.1     33.6  26122.7  26866.0
      -9.1      52.8       1.8      54.4
      -1.8      23.7       -.1      11.0
      -1.4      18.2        .1       6.2
      -1.5      17.2        .2       5.0
 60533  -.164460  -.863416  -.476934
  54675.9  13483.2     14.2     43.3     -3.1      5.3
     14.2     86.6     -3.1     33.1  29355.6  30354.1
      -9.9      51.9       4.3      60.3
      -1.5      25.4       -.1      11.7
      -1.5      20.9        .2       5.8
      -1.2      21.4        .2       4.7
 60534  -.148397  -.890380  -.430350
  60595.4  13145.4     14.2     43.3     -3.0      4.9
     14.2     86.6     -3.1     33.2  33280.0  34596.2
     -10.0      51.1       1.2      61.3
      -1.2      24.8        .4      13.6
      -1.2      18.9        .2       5.5
      -1.2      18.4        .2       4.6
 60535  -.134874  -.910397  -.391134
  66331.9  13105.0     14.2     43.3     -2.9      4.6
     14.2     86.6     -2.8     32.7  37553.3  38510.4
     -10.0      50.5       2.5      63.4
      -1.2      25.9        .2      14.4
      -1.4      21.4        .2       5.4
      -1.4      21.6        .2       4.3
 60536  -.123410  -.925573  -.357888
  72522.6  12870.9     14.2     43.3     -2.9      4.4
     14.2     86.6     -2.9     32.5  41525.9  42573.3
      -8.3      50.3       6.1      66.9
      -1.1      24.1        .4      14.6
      -1.3      19.7        .2       5.2
      -1.0      18.6        .2       4.2
 60537  -.113613  -.937303  -.329476
  79166.4  12816.0     14.2     43.3     -2.9      4.1
     14.2     86.6     -2.7     32.5  45743.1  47275.4
      -8.5      50.7       4.4      73.1
      -1.4      26.1        .5      16.3
      -1.0      22.4        .2       5.5
       -.9      22.6        .3       4.0
 60538  -.105170  -.946530  -.304993
  85568.3  12681.0     14.2     43.3     -3.0      4.0
     14.2     86.6     -3.0     32.2  50212.1  51804.8
     -13.5      53.2       7.7      79.3
      -1.6      24.3        .5      18.2
       -.8      19.9        .3       5.0
      -1.3      18.7        .3       3.9
 60539   .863216  -.064741  -.500666
  51735.1   9211.9     14.2     26.3     -3.8     28.9
     14.3     68.5     -3.8     57.7  28360.5  29132.0
       -.6      60.8       8.7      40.5
       -.9      11.0       1.0      23.2
      -1.1       5.0       1.4      17.6
      -1.1       5.0       1.3      16.4
 60540   .838516  -.069876  -.540377
  48154.7   9506.5     14.1     26.7     -3.8     28.9
     14.4     68.6     -3.8     57.7  25917.9  26744.4
       5.1      65.1       7.0      42.8
       -.9      10.3       1.3      22.1
       -.9       5.0        .7      16.4
      -1.0       5.0       1.3      14.9
 60541   .807288  -.075683  -.585284
  44281.5   9799.3     13.8     26.9     -3.8     28.9
     14.1     69.0     -3.8     57.7  23383.9  24260.4
       3.4      66.1       7.0      43.2
      -1.0      10.3       1.3      23.2
      -1.1       5.0       1.4      16.7
      -1.1       5.0       1.0      15.5
 60542   .767414  -.082223  -.635858
  40754.9  10244.0     13.7     27.0     -3.8     28.9
     14.1     69.1     -3.8     57.7  21467.9  22252.4
      -2.0      54.8       7.3      41.8
       -.8       9.3       1.3      21.5
      -1.2       5.0       1.4      15.3
      -1.1       5.0       1.3      13.9
 60543   .716102  -.089513  -.692232
  37510.2  10827.4     13.7     27.5     -3.8     28.9
     13.9     69.4     -3.8     57.7  19530.7  20107.7
        .4      57.2       8.2      43.5
      -1.2       9.1       1.5      21.1
      -1.1       5.0       1.2      15.4
      -1.1       5.0       1.4      14.3
 60544   .649830  -.097475  -.753803
  34492.3  11941.7     13.8     27.7     -3.8     28.9
     14.1     69.6     -8.5     11.9  17469.3  18076.8
       1.4      56.8       7.3      43.9
      -1.3       8.4       1.5      19.8
      -1.2       5.0       1.4      13.8
      -1.1       5.0       1.4      12.5
 60545   .564543  -.105852  -.818588
  31742.6  13557.4     13.6     27.9     -3.8     28.9
     14.0     69.9     -3.5      9.8  15522.5  16074.6
       2.0      55.5       4.8      40.0
      -1.2       8.6       1.4      19.1
      -1.2       5.1       1.4      12.8
      -1.2       5.0       1.5      11.9
 60546   .456422  -.114106  -.882416
  29779.1  16530.7     13.7     28.4     -3.8     28.9
     14.0     70.0     -3.3     20.5  14519.4  14972.2
       1.2      54.8       4.1      41.3
      -1.2       8.3       1.4      17.2
      -1.2       5.2       1.2      11.7
      -1.2       5.0       1.2      10.3
 60547   .323582  -.121343  -.938387
  28205.9  20879.6     13.7     28.5     -3.3      6.1
     13.9     70.3     -3.3     32.2  13466.3  14110.1
      -1.4      53.7       4.4      38.3
      -1.4       8.3       1.3      12.3
      -1.5       5.4       1.1       8.4
      -1.2       5.0       1.1       7.2
 60548   .168544  -.126408  -.977555
  27193.1  22521.0     13.5     28.7     -3.5     15.7
     14.0     70.2     -3.5     44.2  12804.4  13394.1
      -2.1      52.1       3.3      47.5
      -1.5       8.8        .9       7.1
      -1.2       5.5        .8       5.0
      -1.2       5.0       1.0       4.5
 60549   .000000  -.128243  -.991743
  27029.8  22258.7     14.0     28.8     -3.8     26.2
     14.1     70.4     -3.8     54.8  12980.5  13466.0
      -2.3      54.7        .5      68.3
      -1.4       8.6        .5       9.3
      -1.2       5.5        .5       3.0
      -1.3       5.0        .3       3.0
 60550  -.085184  -.127776  -.988138
  27065.9  22461.5     13.8     28.6     -3.0     24.0
     14.0     70.2     -3.0     52.8  13089.4  13490.0
      -1.9      49.1      -1.2      59.1
      -1.4       8.3        .3       6.8
      -1.2       5.4        .5       3.0
      -1.2       5.0        .3       3.0
 60551  -.168544  -.126408  -.977555
  27283.1  22634.0     13.9     28.7     -3.3     18.7
     14.2     70.2     -3.3     47.4  13106.7  13571.9
      -2.7      54.2      -2.6      53.9
      -1.7       8.4        .2       6.1
      -1.2       5.4        .2       3.6
      -1.3       5.0        .1       3.2
 60552  -.248443  -.124222  -.960648
  27639.2  22566.9     13.6     28.8     -3.5     13.1
     14.0     70.2     -3.5     41.6  12847.8  13538.2
      -1.1      50.5      -2.4      41.9
      -1.3       8.4       -.2       8.2
      -1.3       5.5        .1       5.3
      -1.2       5.0        .1       4.6
 60553  -.323582  -.121343  -.938387
  28245.7  21681.9     13.7     28.5     -3.6     10.3
     13.9     70.3     -3.6     35.5  13714.7  14083.0
      -4.2      54.9      -3.0      41.6
      -1.5       8.2       -.1      10.6
      -1.1       5.4        .1       7.0
      -1.4       5.0        .1       5.9
 60554  -.393068  -.117920  -.911917
  29091.7  19719.0     14.0     28.6     -3.7      5.4
     14.1     70.1     -3.7     29.6  13845.8  14304.9
      -5.9      52.4      -4.2      41.4
      -1.2       8.6       -.1      13.3
      -1.2       5.4        .0       8.7
      -1.1       5.0        .0       7.3
 60555  -.456422  -.114106  -.882416
  29954.3  17335.0     13.7     28.3     -5.9     10.0
     14.0     70.2     -3.6     23.6  14569.7  15192.8
      -5.4      56.1      -2.7      40.6
      -1.2       8.7        .0      16.0
      -1.2       5.4       -.2      10.6
      -1.4       5.0       -.3       8.7
 60556  -.513527  -.110042  -.850988
  30795.3  15355.4     13.6     28.3     -3.8     28.9
     14.1     69.8     -3.3     17.6  15030.5  15753.1
      -7.5      55.8      -5.0      41.2
      -1.3       8.2       -.5      17.6
      -1.3       5.1       -.3      11.8
      -1.2       5.0       -.2      10.0
 60557  -.564543  -.105852  -.818588
  32038.8  14024.9     13.7     28.7     -3.8     28.9
     14.0     69.6     -3.4     11.8  15659.0  16495.1
      -2.7      54.1      -5.5      43.4
      -1.5       8.7      -1.0      18.7
      -1.4       5.3       -.5      12.7
      -1.2       5.0       -.3      10.9
 60558  -.649830  -.097475  -.753803
  34524.5  12178.6     13.9     27.5     -3.8     28.9
     14.1     69.4     -3.8      5.9  17513.8  18217.0
      -6.3      55.0      -4.0      39.5
      -1.4       9.1       -.4      18.6
      -1.1       5.0       -.2      12.9
      -1.2       5.0       -.3      11.0
 60559  -.716102  -.089513  -.692232
  37518.2  11098.3     13.7     27.4     -3.8     28.9
     14.1     69.3     -3.8     57.7  19564.3  20035.0
      -5.3      52.7      -4.2      41.6
      -1.3       8.7       -.6      21.6
      -1.2       5.0       -.5      14.9
      -1.2       5.0       -.5      13.0
 60560  -.767414  -.082223  -.635858
  40802.5  10376.9     14.0     27.0     -3.8     28.9
     14.4     69.0     -3.8     57.7  21416.1  21899.3
      -5.8      57.1      -6.1      42.8
      -1.3       9.1       -.6      20.0
      -1.4       5.0       -.4      14.4
      -1.2       5.0       -.4      12.8
 60561  -.807288  -.075683  -.585284
  44338.6   9968.2     14.1     26.7     -3.8     28.9
     14.5     68.7     -3.8     57.7  24154.2  24779.5
      -7.3      63.6      -4.8      40.5
      -1.1      10.1       -.7      22.4
      -1.2       5.0       -.5      16.5
      -1.2       5.0       -.5      14.1
 60562  -.838516  -.069876  -.540377
  47961.0   9620.3     13.8     26.6     -3.8     28.9
     14.1     68.7     -3.8     57.7  26195.6  27057.9
      -5.8      61.4      -5.2      39.5
      -1.2      10.2       -.6      21.1
      -1.1       5.0       -.3      15.5
      -1.0       5.0       -.4      13.8
 60563  -.863216  -.064741  -.500666
  51733.5   9477.2     14.2     26.2     -3.8     28.9
     14.4     68.3     -3.8     57.7  28499.1  29358.0
      -8.5      63.7      -6.5      41.4
      -1.3      10.8       -.7      22.7
      -1.0       5.0       -.6      17.1
      -1.1       5.0       -.4      15.2
 60564  -.882965  -.060202  -.465563
  55850.2   9217.4     14.5     26.2     -3.8     28.9
     14.7     68.2     -3.8     57.7  31061.1  32026.4
      -6.4      68.2      -5.2      39.3
      -1.3      11.9       -.7      20.9
      -1.1       5.0        .0      16.1
      -1.0       5.0       -.4      14.7
 60565  -.898927  -.056183  -.434481
  59712.2   9116.5     14.3     25.9     -3.8     28.9
     14.4     68.1     -3.8     57.7  34006.0  34806.3
     -10.8      69.2      -5.9      39.9
      -1.6      13.1       -.7      23.4
       -.9       5.0       -.1      17.7
      -1.0       5.0       -.3      15.6
 60566  -.911966  -.052613  -.406877
  63467.4   8929.5     14.2     25.5     -3.8     28.9
     14.3     67.9     -3.8     57.7  36222.8  37135.8
     -12.1      69.1      -6.8      36.8
      -1.3      13.0       -.7      21.8
       -.9       5.0       -.6      16.7
      -1.0       5.0       -.4      15.1
 60567  -.922727  -.049432  -.382272
  67785.4   8939.7     14.2     25.4     -3.8     28.9
     14.3     67.6     -3.8     57.7  38398.9  39620.6
      -5.4      69.3      -5.5      39.5
      -1.5      14.0      -1.1      23.2
       -.9       5.0       -.4      17.8
      -1.0       5.0       -.5      16.1
 60568   .806111  -.362750  -.467544
  55259.3  10267.7     14.2     43.3     -3.8     28.9
     14.5     20.4     -3.8     57.7  30512.5  31623.2
      -4.2      62.4       9.6      42.7
      -1.6      26.3       1.0      23.2
      -1.6      16.9       1.1      17.9
      -1.3      13.9       1.0      17.2
 60569   .774912  -.387456  -.499388
  51673.7  10480.6     14.2     43.3     -3.8     28.9
     14.4     21.0     -3.8     57.7  27652.4  28681.9
      -3.9      59.2       7.6      41.2
      -2.1      26.8       1.5      22.3
      -1.5      17.3        .7      16.6
      -1.6      14.5       1.2      15.5
 60570   .736803  -.414452  -.534182
  48492.2  11007.7     14.2     43.3     -3.8     28.9
     14.5     21.3     -3.8     57.7  25942.1  26796.5
      -3.9      59.0       7.6      43.9
      -2.0      27.5       1.4      23.0
      -1.5      17.6       1.1      17.2
      -1.7      14.6       1.4      15.8
 60571   .690099  -.443635  -.571796
  45108.2  11703.0     14.2     43.3     -3.8     28.9
     14.5     21.9     -3.8     57.7  23850.7  24655.0
      -5.5      58.3       8.4      42.5
      -1.7      27.5       1.0      21.2
      -1.4      18.0       1.0      15.4
      -1.5      14.9        .9      14.6
 60572   .632842  -.474632  -.611748
  42169.7  12720.9     14.2     43.3     -3.8     28.9
     14.2     22.7     -3.8     57.7  21816.7  22412.3
      -4.4      57.3       7.1      43.8
      -1.9      27.8       1.4      21.0
      -1.7      18.2       1.2      15.3
      -1.8      15.2       1.2      14.0
 60573   .562936  -.506642  -.653006
  39736.4  14146.2     14.2     43.3     -3.8     28.9
     14.1     23.0      2.4     11.2  20236.6  21016.3
      -4.7      58.8       6.8      44.3
      -2.3      28.3       1.3      20.1
      -1.8      18.3       1.2      13.7
      -1.9      15.5       1.4      12.4
 60574   .478468  -.538276  -.693778
  37297.6  15756.7     14.2     43.3     -3.8     28.9
     14.3     23.6     -3.8      8.9  18777.7  19387.7
      -3.1      58.8       5.8      40.5
      -1.9      28.3       1.3      17.9
      -1.5      18.6        .9      12.4
      -1.9      15.4       1.3      11.2
 60575   .378295  -.567442  -.731370
  35667.7  17118.8     14.2     43.3     -3.8     28.9
     14.2     24.0     -3.6     19.3  17647.4  18346.6
      -4.4      60.2       6.3      45.9
      -2.9      28.9       1.3      17.1
      -2.0      18.9       1.2      11.2
      -1.9      15.9       1.2       9.9
 60576   .262862  -.591440  -.762300
  34100.9  16808.2     14.2     43.3     -3.3      6.4
     14.4     24.4     -3.6     31.5  16836.8  17422.5
      -7.3      59.1       4.4      43.3
      -2.5      28.8       1.2      12.4
      -1.9      18.9       1.0       7.9
      -2.0      16.0        .9       7.0
 60577   .134975  -.607388  -.782855
  33501.7  16762.8     14.2     43.3     -3.5     15.4
     13.9     24.3     -3.6     43.5  16207.5  17072.6
      -7.3      60.1       3.5      55.8
      -2.8      29.3        .9       9.0
      -2.3      19.0        .8       4.5
      -1.8      16.0        .8       4.2
 60578   .000000  -.612997  -.790085
  33132.3  16784.5     14.2     43.3     -3.9     25.4
     14.0     24.7     -3.9     54.1  16245.3  16960.6
      -6.8      58.7       4.7      72.3
      -2.9      28.6        .3      12.3
      -2.2      19.0        .1       3.0
      -2.0      16.0        .3       3.0
 60579  -.067953  -.611580  -.788259
  33231.8  16939.3     14.2     43.3     -2.8     23.6
     14.2     24.4     -2.8     52.3  16124.3  16839.7
      -5.7      58.6        .0      64.4
      -2.2      28.6        .4       9.5
      -2.3      19.5        .4       3.0
      -2.3      16.0        .3       3.0
 60580  -.134975  -.607388  -.782855
  33461.0  17259.9     14.2     43.3     -3.0     18.2
     14.5     24.5     -3.1     46.8  16076.1  16879.0
      -6.9      59.3       3.5      59.4
      -2.3      28.9       -.1       7.9
      -2.4      19.1        .2       3.3
      -2.0      16.0        .3       3.0
 60581  -.200196  -.600588  -.774091
  33776.0  17602.9     14.2     43.3     -3.3     13.7
     14.0     24.4     -3.2     40.8  16291.9  17178.8
      -7.5      60.5      -1.5      51.0
      -2.9      29.1       -.1       8.5
      -1.8      19.4        .2       5.1
      -2.1      16.3        .2       4.4
 60582  -.262862  -.591440  -.762300
  34180.1  17805.6     14.2     43.3     -3.5      7.2
     14.1     24.3     -3.2     34.8  17173.5  17744.0
      -9.7      59.5        .1      47.1
      -1.8      28.6        .4      10.5
      -2.0      19.1        .2       6.7
      -2.1      16.2        .2       5.8
 60583  -.322373  -.580271  -.747905
  34818.9  17964.3     14.2     43.3     -3.7      5.8
     14.5     24.4     -3.1     28.8  16783.3  17584.4
      -7.8      60.5        .6      43.9
      -2.7      29.0       -.3      12.8
      -2.1      19.0        .1       8.4
      -2.0      16.0        .0       7.2
 60584  -.378295  -.567442  -.731370
  35612.1  17053.0     14.2     43.3     -3.8     28.9
     14.0     24.1     -3.1     22.6  17386.3  18145.3
      -7.0      60.9      -1.2      44.7
      -2.6      28.9       -.4      15.6
      -1.8      19.0        .0      10.3
      -2.0      16.0       -.1       8.8
 60585  -.430364  -.553325  -.713175
  36465.0  15987.7     14.2     43.3     -3.8     28.9
     14.2     24.0     -3.4     16.4  18282.1  18920.8
      -7.7      57.2      -4.8      44.5
      -2.0      28.7       -.2      17.4
      -2.1      18.8       -.2      11.3
      -2.0      15.9       -.1      10.0
 60586  -.478468  -.538276  -.693778
  37306.9  15259.2     14.2     43.3     -3.8     28.9
     13.9     23.8     -3.1     10.8  18839.2  19499.8
      -8.4      59.6      -3.6      45.4
      -3.1      28.0       -.7      17.6
      -2.0      18.6       -.1      12.1
      -1.9      15.8       -.1      11.0
 60587  -.562936  -.506642  -.653006
  39610.4  13684.0     14.2     43.3     -3.8     28.9
     14.2     23.1     -4.0      6.0  20275.7  21078.7
      -5.7      59.5      -2.3      42.2
      -2.3      27.7       -.5      18.2
      -2.0      18.4       -.1      12.7
      -1.7      15.6       -.1      11.2
 60588  -.632842  -.474632  -.611748
  42322.7  12164.9     14.2     43.3     -3.8     28.9
     14.4     22.7     -3.8     57.7  22206.1  23078.7
     -10.4      59.6      -4.4      43.6
      -1.8      28.0       -.6      20.7
      -2.0      18.0        .0      14.3
      -1.8      15.2       -.3      12.9
 60589  -.690099  -.443635  -.571796
  45234.0  11295.7     14.2     43.3     -3.8     28.9
     14.4     21.9     -3.8     57.7  23768.4  24686.5
      -8.7      59.3      -5.2      44.5
      -2.1      27.6       -.3      20.0
      -1.5      17.9       -.1      14.3
      -1.6      14.8        .1      13.0
 60590  -.736803  -.414452  -.534182
  48502.7  10706.8     14.2     43.3     -3.8     28.9
     14.3     21.4     -3.8     57.7  26291.1  26891.0
      -6.8      60.8      -5.0      45.5
      -2.5      27.1       -.7      22.2
      -2.0      17.7       -.6      16.2
      -1.6      14.7        .1      14.5
 60591  -.774912  -.387456  -.499388
  51624.0  10210.5     14.2     43.3     -3.8     28.9
     14.3     20.8     -3.8     57.7  28333.8  29103.6
      -8.2      58.5      -5.7      41.9
      -1.8      26.5       -.5      21.2
      -1.7      17.3       -.3      15.5
      -1.8      14.3        .0      14.3
 60592  -.806111  -.362750  -.467544
  55164.1   9875.5     14.2     43.3     -3.8     28.9
     14.3     20.3     -3.8     57.7  30311.8  31298.7
      -7.4      57.0      -4.6      43.5
      -1.8      25.9       -.8      22.7
      -1.5      16.8        .2      17.0
      -1.7      14.2       -.2      15.3
 60593  -.831783  -.340275  -.438577
  58840.8   9606.8     14.2     43.3     -3.8     28.9
     14.2     19.8     -3.8     57.7  32616.6  33707.5
      -9.1      59.7      -5.3      39.6
      -1.8      25.7       -.5      21.7
      -1.6      16.7        .0      16.4
      -1.7      14.2       -.4      15.2
 60594  -.853040  -.319890  -.412303
  62565.1   9380.5     14.2     43.3     -3.8     28.9
     14.6     19.5     -3.8     57.7  35786.6  36496.0
     -10.0      62.7      -6.1      42.2
      -2.0      25.4       -.4      23.2
      -1.5      16.4       -.3      17.4
      -1.5      13.7       -.3      16.2
 60595  -.870759  -.301417  -.388493
  66387.4   9258.4     14.2     43.3     -3.8     28.9
     14.7     19.1     -3.8     57.7  37878.7  38981.6
     -14.4      64.3      -6.9      40.7
      -1.9      25.6       -.5      22.1
      -1.3      16.3       -.1      16.9
      -1.6      13.4       -.1      15.6
 60596  -.885633  -.284668  -.366905
  70481.7   9117.3     14.2     43.3     -3.8     28.9
     14.5     18.9     -3.8     57.7  40246.0  41493.6
     -10.7      60.6      -6.1      40.4
      -1.9      25.1       -.9      23.2
      -1.2      16.2        .0      18.3
      -1.4      13.5       -.2      16.2
 60597   .467453  -.841416  -.271123
  95812.7  13608.7     14.2     43.3     -3.8     28.9
     14.2     86.6     -3.8     57.7  56398.6  58510.8
      -9.4      55.8      12.2      47.3
      -1.3      23.9       1.5      19.3
       -.3      19.0        .7      13.7
       -.6      17.6        .8      12.0
 60598   .429723  -.859446  -.276932
  93425.5  13537.5     14.2     43.3     -3.8     28.9
     14.2     86.6     -3.8     57.7  54750.4  56594.5
      -7.8      49.9      10.6      50.7
       -.6      23.9       1.3      19.4
       -.7      19.0        .7      13.3
       -.6      18.0        .9      11.6
 60599   .389600  -.876600  -.282460
  91740.4  13273.4     14.2     43.3     -3.8     28.9
     14.2     86.6     -3.8     57.7  54148.4  55637.2
     -10.0      54.6       9.3      54.6
      -1.2      24.1       1.4      18.9
       -.9      19.2        .9      12.1
       -.9      18.0        .8      10.6
 60600   .347131  -.892622  -.287623
  90210.9  13110.3     14.2     43.3     -3.8     28.9
     14.2     86.6     -3.8     57.7  53388.6  54465.6
      -7.8      50.6      11.0      51.9
      -1.5      24.3       1.5      19.0
       -.9      19.4       1.0      11.8
       -.4      18.1        .6       9.9
 60601   .302414  -.907242  -.292333
  88589.4  12894.6     14.2     43.3     -3.8     28.9
     14.2     86.6     -3.8     57.7  51751.1  53281.9
     -11.2      55.4      11.4      55.8
      -1.1      24.4       1.3      17.1
      -1.0      19.5       1.0      10.6
       -.9      18.5        .9       9.3
 60602   .255608  -.920190  -.296506
  87648.3  12896.6     14.2     43.3     -3.8     28.9
     14.2     86.6     -3.8     57.7  51783.5  53034.5
      -9.5      54.3      12.5      60.8
      -1.2      24.4       1.4      17.6
       -.9      19.8       1.0      10.3
      -1.1      18.5        .9       8.4
 60603   .206935  -.931206  -.300055
  86933.3  12721.1     14.2     43.3     -3.8     28.9
     14.2     86.6     -4.0      4.3  50471.0  52361.3
     -10.6      54.2      11.7      65.0
      -1.0      24.4       1.4      16.9
       -.8      19.9        .8       8.6
      -1.0      18.7        .7       7.4
 60604   .156676  -.940054  -.302906
  86054.2  12605.8     14.2     43.3     -3.8     28.9
     14.2     86.6     -3.7     15.1  50630.4  51946.9
     -11.0      54.9      10.9      66.1
      -1.5      24.4       1.9      17.9
      -1.3      19.8       1.0       8.4
       -.9      18.8        .8       6.7
 60605   .105170  -.946530  -.304993
  85326.3  12530.3     14.2     43.3     -4.0      3.1
     14.2     86.6     -3.9     28.4  50011.0  51395.2
      -7.3      49.2      13.5      75.4
      -1.0      24.0       1.0      16.3
       -.9      19.3        .7       6.1
       -.8      18.9        .8       4.8
 60606   .052804  -.950480  -.306266
  85385.6  12604.6     14.2     43.3     -4.3     13.0
     14.2     86.6     -4.2     41.3  49680.4  51330.5
     -11.7      51.7       9.5      84.2
      -1.4      24.2       1.2      21.1
       -.6      19.6        .7       4.2
       -.8      18.6        .7       3.0
 60607   .000000  -.951808  -.306694
  84991.4  12688.0     14.2     43.3     -4.5     24.8
     14.2     86.6     -4.4     53.2  49898.9  51320.4
     -10.5      53.6       7.4      97.8
      -1.0      24.1       1.9      38.2
       -.9      19.8       -.2       7.7
      -1.1      18.5        .2       3.0
 60608  -.026430  -.951476  -.306587
  84918.7  12636.5     14.2     43.3     -2.4     22.4
     14.2     86.6     -2.4     51.0  50018.5  51208.2
     -10.1      49.1       7.2      93.8
      -1.6      24.6       2.5      37.8
      -1.1      19.9        .8       5.7
       -.8      19.0        .5       3.4
 60609  -.052804  -.950480  -.306266
  85218.0  12677.6     14.2     43.3     -2.6     16.4
     14.2     86.6     -2.6     44.8  48959.8  50703.7
     -10.2      49.4       8.3      89.0
      -1.5      24.5       1.3      28.8
      -1.3      19.9        .3       4.3
      -1.3      19.2        .3       3.0
 60610  -.079069  -.948828  -.305734
  84951.5  12664.7     14.2     43.3     -2.8     10.1
     14.2     86.6     -2.7     38.5  50209.0  51534.9
      -8.2      51.0       9.3      80.7
      -1.3      24.5        .8      21.2
      -1.0      19.6        .3       4.5
      -1.3      18.7        .3       3.0
 60611  -.105170  -.946530  -.304993
  85404.7  12736.9     14.2     43.3     -2.9      4.0
     14.2     86.6     -3.0     32.1  49560.9  51366.6
     -10.9      51.3       7.6      76.7
      -1.4      24.7        .6      18.6
       -.7      19.9        .3       5.2
      -1.1      19.0        .3       3.9
 60612  -.131055  -.943599  -.304049
  86011.2  12927.3     14.2     43.3     -3.8     28.9
     14.2     86.6     -2.9     25.5  49354.2  50705.3
      -9.7      53.6       4.9      70.8
      -1.3      24.8        .4      17.1
       -.8      20.1        .4       6.7
       -.9      19.3        .2       5.0
 60613  -.156676  -.940054  -.302906
  85849.6  12815.7     14.2     43.3     -3.8     28.9
     14.2     86.6     -2.8     18.9  50374.0  51761.5
     -10.8      51.2        .1      64.8
      -1.7      24.6        .4      18.2
       -.9      19.6        .1       7.8
       -.8      19.4        .2       6.0
 60614  -.181983  -.935915  -.301572
  86088.0  12912.7     14.2     43.3     -3.8     28.9
     14.2     86.6     -3.1     12.4  50045.9  51806.5
     -10.5      50.3        .8      64.0
      -1.6      24.2        .1      16.8
       -.8      19.9        .1       8.2
       -.7      19.0        .2       6.4
 60615  -.206935  -.931206  -.300055
  86410.3  12998.3     14.2     43.3     -3.8     28.9
     14.2     86.6     -3.0      6.1  50775.5  51907.5
     -10.5      53.6       3.9      60.9
       -.8      24.0        .3      17.2
      -1.0      20.0        .1       8.4
      -1.0      19.1        .2       6.7
 60616  -.255608  -.920190  -.296506
  87456.4  13178.9     14.2     43.3     -3.8     28.9
     14.2     86.6     -3.8     57.7  50961.0  52423.9
     -10.8      50.7        .0      60.8
      -1.5      24.5       -.1      17.5
      -1.3      19.9       -.1       9.6
       -.8      19.1        .1       7.9
 60617  -.302414  -.907242  -.292333
  88777.8  13447.0     14.2     43.3     -3.8     28.9
     14.2     86.6     -3.8     57.7  52786.3  54214.5
     -11.8      53.4      -1.0      55.9
      -1.4      24.9       -.2      17.5
       -.9      19.9       -.1      10.6
       -.8      18.8        .0       8.7
 60618  -.347131  -.892622  -.287623
  90205.1  13638.9     14.2     43.3     -3.8     28.9
     14.2     86.6     -3.8     57.7  53284.4  54339.7
     -11.9      51.6      -1.2      54.4
      -1.0      23.7        .0      17.6
       -.9      19.5       -.1      10.9
       -.8      18.4        .1       9.6
 60619  -.389600  -.876600  -.282460
  91806.7  13939.6     14.2     43.3     -3.8     28.9
     14.2     86.6     -3.8     57.7  53937.1  55680.4
     -12.0      52.5       -.6      56.7
      -1.4      24.3       -.4      19.3
      -1.1      19.5        .0      12.0
       -.5      18.7        .2      10.6
 60620  -.429723  -.859446  -.276932
  93808.0  14236.7     14.2     43.3     -3.8     28.9
     14.2     86.6     -3.8     57.7  56302.0  57692.0
     -11.0      55.4       1.1      51.4
      -1.0      24.2        .0      18.5
       -.9      19.2        .0      12.3
       -.8      18.7        .0      10.6
 60621  -.467453  -.841416  -.271123
  95691.1  14062.1     14.2     43.3     -3.8     28.9
     14.2     86.6     -3.8     57.7  56243.9  57881.6
     -12.5      53.4      -2.1      51.4
      -1.6      24.2       -.3      19.8
      -1.1      19.1        .0      13.6
       -.8      18.0        .0      11.6
 60622  -.502792  -.822750  -.265108
  97714.7  13922.1     14.2     43.3     -3.8     28.9
     14.2     86.6     -3.8     57.7  58471.6  59804.5
      -9.2      49.6      -3.2      47.1
      -1.0      24.2       -.1      19.3
      -1.0      18.9       -.1      13.1
      -1.1      18.1        .0      11.7
 60623  -.535778  -.803668  -.258960
 100100.2  13735.3     14.2     43.3     -3.8     28.9
     14.2     86.6     -3.8     57.7  59263.0  61111.1
     -14.5      54.9      -4.1      45.3
      -1.1      23.6       -.3      20.3
       -.8      18.6        .0      14.2
       -.6      17.8        .1      13.2
 60624  -.566482  -.784360  -.252738
 102354.4  13337.7     14.2     43.3     -3.8     28.9
     14.2     86.6     -3.8     57.7  61408.8  63144.5
     -12.2      54.4      -1.9      44.6
      -1.4      23.5       -.2      19.9
       -.5      18.6        .1      14.0
      -1.0      17.3        .0      12.8
 60625  -.594996  -.764995  -.246498
 105040.0  12925.1     14.2     43.3     -3.8     28.9
     14.2     86.6     -3.8     57.7  63744.1  65267.4
     -12.3      54.8      -2.9      40.4
      -1.4      24.1       -.3      21.7
       -.6      18.5        .1      15.7
      -1.0      17.0       -.3      13.7
