Dot1_150x100_dj0300a@-350V,3.8T@90d,263K,rh=1.10/0.7,2.5/2.5                    
  2501   1  3.80  60   5  29   0  350.00  263.00    2.50  .81800  1700.0    -.83   68.64  150.000  100.000  285.000  2350.0    -.42   34.32    1.50    1.00     .85
 65001   .000000   .000000 -1.000000
  19580.4  15810.6      -.5     42.5     30.8     16.0
      -.4     85.6     31.7     43.7   5048.1   5418.0
       1.5      77.6       1.7      40.9
        .8      15.5      -2.2      13.8
        .5       5.0      -3.4      11.6
        .2       5.0      -3.6      11.9
 65002   .000000  -.130455  -.991454
  19676.4  15995.0     -3.3     38.7     30.7     16.7
     -3.0     81.2     31.8     43.8   4937.9   5346.0
      -5.8      67.8       1.4      40.7
      -3.3       9.4      -2.0      13.9
      -3.1       5.1      -3.1      11.9
      -3.1       5.0      -3.4      11.8
 65003   .000000  -.254493  -.967075
  19710.7  16408.7     -5.9     34.3     30.3     17.2
     -5.3     75.8     31.9     43.8   5001.1   5355.4
      -6.7      53.7       3.1      41.5
      -4.9      11.3      -1.8      13.9
      -5.5       9.1      -2.6      12.4
      -5.8       9.7      -3.4      11.9
 65004   .000000  -.367167  -.930155
  20223.3  16825.5     -8.0     30.3     30.5     17.2
     -7.2     69.9     32.3     43.5   5097.7   5359.8
     -11.9      52.8       1.4      42.8
      -8.0      16.3      -1.4      14.0
      -8.1      13.4      -2.6      12.3
      -8.6      14.7      -3.2      12.3
 65005   .000000  -.465746  -.884918
  21081.0  17287.2    -11.1     26.2     30.6     17.3
     -8.8     63.6     32.7     43.3   5342.2   5694.2
     -13.4      51.1       2.8      41.6
     -10.5      21.0      -1.2      14.4
     -11.3      18.1      -2.6      12.2
     -10.8      19.3      -3.0      12.6
 65006   .000000  -.549617  -.835417
  22029.2  16929.0    -13.6     22.6     30.9     16.9
    -10.6     57.3     33.4     42.7   5700.0   6042.3
     -16.2      51.2       2.4      40.0
     -13.1      24.9      -1.1      13.9
     -12.9      22.2      -1.8      12.6
     -13.3      23.7      -2.7      12.3
 65007   .000000  -.619644  -.784883
  23512.4  15803.6    -17.5     20.5     31.3     16.6
    -11.4     50.3     34.3     41.9   5552.9   6026.0
     -20.0      58.2       2.2      43.8
     -16.6      30.9       -.5      15.2
     -15.4      26.7      -1.2      12.5
     -16.2      27.7      -2.6      12.0
 65008   .000000  -.677476  -.735545
  24969.5  14750.5    -23.1     20.8     32.4     15.9
    -12.3     42.7     35.4     41.0   6359.3   7221.3
     -23.3      64.2       2.7      45.4
     -20.0      36.1       -.3      14.3
     -20.1      31.4      -1.8      12.4
     -19.5      32.7      -2.4      12.4
 65009   .000000  -.724999  -.688749
  26816.4  14316.4    -33.8     24.9     33.5     14.9
    -13.3     35.2     36.4     40.1   7285.4   8248.4
     -24.9      68.9       2.4      46.7
     -22.7      40.6        .2      15.2
     -23.0      34.6      -1.0      12.5
     -22.8      37.4      -1.7      12.4
 65010   .000000  -.764030  -.645181
  28349.8  13454.8    -45.1     38.0     33.6     14.4
    -15.1     28.5     37.1     39.5   8580.3   9265.4
     -27.3      68.0       1.6      46.2
     -24.2      41.8        .3      14.5
     -24.7      37.2       -.6      12.5
     -26.1      40.8      -1.5      12.4
 65011   .000000  -.796162  -.605083
  30306.9  13261.6    -69.7     51.7     34.7     13.7
    -17.4     23.9     38.0     38.7   9279.9   9864.7
     -29.9      66.9       2.0      48.8
     -23.1      41.8        .8      15.8
     -24.8      37.0       -.1      12.7
     -27.4      41.9      -1.6      12.0
 65012   .000000  -.822730  -.568432
  32317.7  12787.2      -.4     43.3     35.3     13.1
    -21.4     21.6     38.9     38.1   9971.0  10843.9
     -27.0      61.6       2.3      47.3
     -23.2      38.7       1.4      16.3
     -24.2      35.9        .5      12.7
     -26.7      40.8      -1.0      12.1
 65013   .000000  -.844819  -.535052
  34458.2  12522.6      -.4     43.3     36.2     12.6
    -27.2     23.3     39.7     37.5  11595.1  12323.0
     -25.9      58.0       3.8      52.8
     -23.0      36.9       1.5      16.6
     -23.5      34.3        .3      12.6
     -26.3      39.3       -.7      11.9
 65014   .000000  -.863297  -.504697
  36565.0  12283.3      -.4     43.3     36.9     11.9
    -32.3     30.1     40.5     36.7  12275.1  13344.8
     -27.0      57.3       5.0      51.6
     -23.2      34.7       2.0      17.1
     -23.7      32.7       1.1      12.9
     -25.9      36.9        .2      12.3
 65015   .000000  -.878853  -.477092
  38656.1  12091.7      -.4     43.3     37.6     11.4
      -.4     86.6     40.9     36.3  12901.6  14561.3
     -27.6      52.6       6.1      52.0
     -23.7      33.7       1.8      16.6
     -24.8      30.8       1.1      12.9
     -26.5      34.2        .1      12.1
 65016   .000000  -.892036  -.451965
  41011.8  11885.9      -.4     43.3     37.8     11.1
      -.4     86.6     41.7     35.7  14656.9  15687.0
     -29.1      57.3       4.8      60.1
     -23.3      34.6       2.8      16.7
     -25.1      32.5       1.6      12.9
     -26.8      34.6        .1      11.9
 65017   .000000  -.903278  -.429057
  43271.4  11884.9      -.4     43.3     38.4     10.6
      -.4     86.6     42.1     35.1  16089.0  17215.3
     -27.9      55.9       7.6      55.9
     -26.0      36.3       2.3      18.4
     -25.4      34.2       1.9      13.0
     -28.1      37.4        .8      12.0
 65018   .000000  -.912924  -.408131
  45526.4  11649.3      -.4     43.3     39.1     10.2
      -.4     86.6     42.6     35.0  17355.6  18646.0
     -31.5      54.6       4.5      56.3
     -25.1      35.6       3.0      18.2
     -25.7      33.8       2.1      13.1
     -28.4      37.9       1.3      12.3
 65019   .000000  -.921250  -.388972
  47952.6  11656.4      -.4     43.3     39.3     11.9
      -.4     86.6     43.0     34.5  18513.8  19899.0
     -29.6      52.5       5.3      57.5
     -25.8      34.9       3.1      18.2
     -27.2      31.7       2.3      13.1
     -28.9      35.4       1.4      12.2
 65020   .000000  -.928477  -.371391
  50304.5  11495.9      -.4     43.3     40.0      9.6
      -.4     86.6     43.7     34.2  18877.0  20906.2
     -31.4      54.9       5.0      57.1
     -25.7      35.9       3.9      20.2
     -27.1      33.9       2.5      13.6
     -29.4      35.9       1.8      12.3
 65021   .000000  -.934784  -.355218
  52723.2  11496.3      -.4     43.3     40.1      9.5
      -.4     86.6     44.1     33.9  21200.1  22877.3
     -29.6      56.7       6.6      58.8
     -27.0      37.2       3.6      20.6
     -26.9      35.4       3.2      13.6
     -30.3      37.6       1.9      12.3
 65022   .000000  -.940315  -.340305
  55123.3  11432.3      -.4     43.3     40.6      9.3
      -.4     86.6     44.5     33.4  21992.4  23760.5
     -33.5      55.7       9.4      65.1
     -27.0      37.5       4.1      21.2
     -28.0      35.3       2.9      13.7
     -29.8      38.1       2.1      12.3
 65023   .000000  -.945190  -.326520
  57332.1  11335.4      -.4     43.3     41.2     12.2
      -.4     86.6     44.6     33.2  23746.8  25401.7
     -32.8      55.8       6.6      64.4
     -26.9      36.6       4.0      21.3
     -28.7      34.6       3.1      14.2
     -30.0      36.7       2.4      12.2
 65024   .000000  -.949506  -.313750
  59783.2  11267.1      -.4     43.3     40.8      9.3
      -.4     86.6     45.0     32.8  24874.0  26780.0
     -31.1      51.5       5.7      63.7
     -27.5      37.2       4.5      21.5
     -28.5      35.5       3.3      13.7
     -30.9      38.0       2.6      12.5
 65025   .000000  -.953342  -.301892
  62429.8  11391.9      -.4     43.3     41.4      8.9
      -.4     86.6     45.2     32.8  26337.0  28267.3
     -33.5      59.9       7.7      66.1
     -28.3      38.8       4.4      21.9
     -28.7      38.0       3.6      14.4
     -31.7      40.1       2.8      12.6
 65026   .000000  -.956767  -.290857
  64819.1  11137.2      -.4     43.3     41.7      8.9
      -.4     86.6     45.7     32.5  26860.4  29259.4
     -33.6      56.7       6.1      66.1
     -28.1      38.9       5.2      22.9
     -29.1      37.5       3.7      14.5
     -30.7      41.1       3.3      12.9
 65027   .000000  -.959834  -.280567
  67167.9  11272.5      -.4     43.3     41.9      8.9
      -.4     86.6     46.1     32.3  28617.1  30760.3
     -32.5      53.3      10.8      66.2
     -28.5      38.0       4.8      22.6
     -28.4      35.7       4.2      14.4
     -31.6      39.4       3.6      13.1
 65028   .000000  -.962593  -.270952
  69760.6  11145.5      -.4     43.3     42.2      8.7
      -.4     86.6     45.9     32.0  29456.4  32260.3
     -34.9      53.9       5.9      65.6
     -28.5      37.8       4.7      25.0
     -30.0      36.4       4.1      14.9
     -32.5      38.7       3.5      12.9
 65029   .000000  -.965081  -.261951
  72188.2  11130.9      -.4     43.3     41.9      9.5
      -.4     86.6     46.4     31.9  31290.9  33393.1
     -34.5      59.6       7.1      66.9
     -29.6      39.5       5.1      24.6
     -29.2      37.6       4.4      14.9
     -33.6      42.2       3.7      13.6
 65030   .000000  -.967333  -.253508
  74901.3  11107.7      -.4     43.3     42.0      9.5
      -.4     86.6     46.5     31.5  32344.0  35100.4
     -32.9      52.6       8.4      72.0
     -29.3      38.9       5.1      24.8
     -30.7      37.9       4.4      15.3
     -32.9      41.5       3.9      13.3
 65031   .000000  -.969377  -.245576
  77252.4  11187.4      -.4     43.3     42.5      9.2
      -.4     86.6     46.7     31.6  34128.0  36844.8
     -33.7      56.2       8.7      71.8
     -29.8      38.9       5.6      27.2
     -29.8      37.1       4.7      15.8
     -32.5      40.9       4.0      13.5
 65032   .000000  -.971238  -.238110
  79474.7  11072.7      -.4     43.3     42.3      9.8
      -.4     86.6     46.9     31.4  35218.1  37597.1
     -34.6      55.1       9.0      72.3
     -29.6      38.9       5.3      24.3
     -30.8      37.4       4.8      16.3
     -33.6      42.3       4.1      13.9
 65033   .000000  -.972937  -.231072
  82197.6  11257.1      -.4     43.3     42.6      9.4
      -.4     86.6     46.9     31.3  38128.3  40422.9
     -34.9      57.1       8.9      73.5
     -30.3      40.3       5.4      26.4
     -31.6      39.1       4.8      16.3
     -34.2      43.1       4.3      13.3
 65034   .000000  -.974491  -.224428
  84330.9  11158.7      -.4     43.3     42.6     10.0
      -.4     86.6     47.4     31.2  35380.5  40185.9
     -33.7      53.6      11.3      74.4
     -30.1      40.9       5.9      27.5
     -31.3      40.0       5.1      15.9
     -34.1      44.5       4.6      13.8
 65035   .000000  -.975916  -.218146
  86966.6  11088.3      -.4     43.3     42.7     11.6
      -.4     86.6     47.4     31.1  35526.5  41397.9
     -35.8      56.4       8.5      71.1
     -30.6      39.7       6.1      28.9
     -31.6      38.6       5.2      16.7
     -33.9      42.5       4.5      14.0
 65036   .000000  -.977227  -.212198
  89525.2  11085.8      -.4     43.3     42.7     10.3
      -.4     86.6     47.3     30.7  39612.9  43739.0
     -35.0      57.7       6.9      76.6
     -30.6      39.4       6.1      29.3
     -31.7      37.6       5.2      16.9
     -34.2      42.0       4.5      14.0
 65037   .000000  -.978434  -.206558
  92246.9  11208.0      -.4     43.3     43.2     10.3
      -.4     86.6     47.8     30.6  40784.5  44047.8
     -34.6      57.2       7.7      79.2
     -30.6      40.9       6.3      29.8
     -32.2      39.1       5.2      15.9
     -34.4      43.8       4.8      13.8
 65038   .000000  -.979549  -.201205
  94670.9  11053.9      -.4     43.3     42.4     17.4
      -.4     86.6     47.8     30.4  42652.5  46490.0
     -35.1      57.4       9.7      74.6
     -31.5      41.7       6.2      30.3
     -32.3      39.8       5.4      16.6
     -34.6      44.6       4.8      13.9
 65039   .000000  -.980581  -.196116
  97253.8  11155.8      -.4     43.3     43.2      9.6
      -.4     86.6     47.9     30.4  44987.5  48211.3
     -38.7      56.0      11.0      81.9
     -31.5      39.9       6.4      30.4
     -31.9      37.8       5.7      16.5
     -35.0      43.1       4.7      14.4
 65040   .000000  -.981537  -.191274
  99628.8  11064.6      -.4     43.3     43.1     11.1
      -.4     86.6     47.9     30.4  44306.2  48511.2
     -36.7      58.3       9.7      79.9
     -31.4      40.2       6.6      30.6
     -32.0      38.5       5.7      16.8
     -36.3      43.1       4.9      14.1
 65041   .000000  -.982424  -.186661
 102008.0  11164.8      -.4     43.3     43.0     11.4
      -.4     86.6     48.0     30.4  47073.3  50813.0
     -34.2      53.9      10.3      79.0
     -31.7      42.1       6.3      30.3
     -32.2      40.6       5.6      17.3
     -36.1      44.6       5.3      14.5
 65042   .000000  -.983250  -.182261
 104623.3  11078.5      -.4     43.3     42.4     12.5
      -.4     86.6     48.4     30.0  47806.9  51587.5
     -34.5      54.7      11.6      79.3
     -31.5      42.6       6.9      31.5
     -32.0      41.1       5.7      16.6
     -36.9      47.1       5.2      14.3
 65043   .000000  -.984020  -.178061
 106893.2  11065.7      -.4     43.3     42.9     11.6
      -.4     86.6     48.5     30.1  48193.8  52103.6
     -38.0      54.3       5.3      78.4
     -31.8      40.4       6.4      33.3
     -32.6      40.4       6.1      16.9
     -35.4      45.3       5.2      14.0
 65044   .000000  -.984737  -.174047
 109783.7  11079.8      -.4     43.3     42.7     12.2
      -.4     86.6     48.1     30.1  50058.6  54433.3
     -35.2      53.4      10.3      79.6
     -31.8      40.6       6.7      31.2
     -33.4      39.3       6.0      16.7
     -35.7      43.2       5.1      14.6
 65045   .000000  -.985408  -.170207
 111962.3  11112.6      -.4     43.3     43.1     12.0
      -.4     86.6     48.4     30.1  46959.3  55167.0
     -38.3      56.3      10.4      81.9
     -32.0      41.8       7.4      33.0
     -33.6      41.5       6.4      18.1
     -35.5      43.7       5.3      14.4
 65046   .000000  -.986036  -.166531
 114581.0  11067.8      -.4     43.3     42.9     10.7
      -.4     86.6     48.5     29.8  48803.2  55457.6
     -38.5      58.2       7.2      85.8
     -32.5      42.5       6.8      32.9
     -33.7      41.7       5.9      18.3
     -36.6      46.3       5.6      14.5
 65047   .000000  -.986625  -.163008
 117494.5  11087.1      -.4     43.3     42.3     12.9
      -.4     86.6     48.4     29.9  55741.1  60872.0
     -38.5      56.6       6.5      85.1
     -31.9      41.6       7.3      34.8
     -33.9      40.3       6.0      17.2
     -37.2      46.1       5.2      15.0
 65048   .000000  -.987696  -.156385
 122214.3  11192.6      -.4     43.3     42.1     13.1
      -.4     86.6     48.7     29.7  55847.0  61294.8
     -33.1      56.2      12.5      82.4
     -32.8      43.2       7.1      34.7
     -33.4      43.3       6.2      17.7
     -37.1      47.8       5.7      15.1
 65049   .000000  -.988644  -.150274
 127427.9  11102.3      -.4     43.3     41.7     13.5
      -.4     86.6     48.9     29.4  56185.6  64516.2
     -36.2      54.8       9.6      82.0
     -33.0      42.2       6.5      35.3
     -33.7      42.4       6.3      19.6
     -37.7      46.7       5.6      14.8
 65050   .000000  -.989488  -.144617
 132590.6  11104.8      -.4     43.3     42.6     14.4
      -.4     86.6     49.0     29.5  52529.1  64912.0
     -36.4      54.0      14.0      88.2
     -33.0      43.6       7.6      37.0
     -34.5      42.3       6.6      20.1
     -36.7      48.1       6.0      15.6
 65051   .000000  -.990241  -.139367
 137413.4  11110.9      -.4     43.3     42.0     15.2
      -.4     86.6     48.8     29.3  57884.1  67812.8
     -37.8      53.8      10.9      88.7
     -33.5      41.8       7.2      37.4
     -34.6      41.6       7.1      19.7
     -37.6      46.4       5.7      15.6
 65052   .000000  -.990916  -.134481
 143044.0  11120.4      -.4     43.3     41.7     22.7
      -.4     86.6     49.4     29.1  58756.2  67886.9
     -38.3      54.9       6.8      94.5
     -33.4      43.9       7.7      39.0
     -34.4      44.8       6.8      20.3
     -37.2      49.1       6.5      16.4
 65053   .000000  -.991524  -.129924
 147931.2  11058.2      -.4     43.3     41.9     27.4
      -.4     86.6     49.4     29.0  63342.9  75025.4
     -38.2      57.5       4.6      91.7
     -34.2      43.3       7.3      38.5
     -35.2      43.8       6.8      20.7
     -38.7      48.3       6.6      16.5
 65054   .000000  -.992073  -.125663
 152759.3  11148.6      -.4     43.3     40.6     15.7
      -.4     86.6     49.4     29.0  71220.8  78482.2
     -38.4      57.1       8.9      92.9
     -34.0      44.4       7.3      40.7
     -35.7      44.3       6.9      21.9
     -38.0      48.1       6.3      16.7
 65055   .000000  -.992571  -.121670
 157887.6  11108.2      -.4     43.3     41.5     15.6
      -.4     86.6     49.6     29.0  63363.0  79185.4
     -39.1      56.4       8.6      88.8
     -35.2      43.9       7.0      41.7
     -35.6      43.7       6.7      21.0
     -40.0      48.9       6.3      17.2
 65056   .000000  -.993023  -.117921
 163289.4  11130.7      -.4     43.3     41.1     16.0
      -.4     86.6     49.1     28.8  73446.1  83538.0
     -40.4      58.7       3.6      98.1
     -34.5      44.7       8.1      42.1
     -36.2      45.0       7.1      24.7
     -39.4      50.2       6.1      16.7
 65057   .000000  -.993435  -.114396
 168049.8  11183.5      -.4     43.3     41.5     22.8
      -.4     86.6     49.5     28.7  71379.1  88217.1
     -39.7      58.3       8.8      96.1
     -35.6      45.1       7.6      41.3
     -36.5      44.0       7.0      22.8
     -39.5      50.2       6.6      17.4
 65058   .000000  -.993812  -.111073
 173088.0  11145.3      -.4     43.3     39.2     27.0
      -.4     86.6     50.0     28.8  69453.8  83824.5
     -40.8      55.0       3.6      95.7
     -35.2      45.2       7.6      42.8
     -36.5      45.3       7.6      23.0
     -39.8      50.7       6.9      17.3
 65059   .000000  -.994158  -.107937
 177899.4  11157.8      -.4     43.3     40.8     18.9
      -.4     86.6     49.6     28.7  63849.4  89580.5
     -38.5      51.7      11.9      92.6
     -35.4      44.3       7.7      43.1
     -36.8      44.6       7.4      23.4
     -40.8      49.6       6.5      17.9
 65060   .000000  -.994475  -.104972
 183517.3  11224.9      -.4     43.3     39.5     17.1
      -.4     86.6     49.7     28.6  83271.1  94143.4
     -36.9      47.5      10.6      92.1
     -35.5      46.5       7.8      45.4
     -36.6      46.4       6.9      23.7
     -40.8      51.1       7.0      18.2
 65061   .903278   .000000  -.429057
  43963.9   8921.2       .0     42.3    184.5    126.4
       .0     84.9     31.7     57.7  15861.5  17852.3
      -5.8      83.1      37.5      61.8
       -.3      38.0      31.0      39.3
       -.3      17.4      29.9      34.4
       -.3       6.8      30.1      36.9
 65062   .887877   .000000  -.460082
  40864.3   9239.1      -.1     42.2     31.7     28.9
      -.1     85.0     31.7     57.7  14815.5  16541.7
       -.6      80.7      35.4      60.7
      -2.7      37.6      28.1      39.9
        .4      17.0      27.9      34.5
       -.2       7.3      27.9      37.3
 65063   .868777   .000000  -.495203
  38188.8   9674.2       .0     42.3     31.7     28.9
       .0     85.0     31.7     57.7  13924.5  15190.8
      -4.3      82.1      33.7      61.9
      -1.2      32.5      26.5      37.2
       1.5      12.9      24.8      31.9
        .3       5.0      25.1      33.6
 65064   .844819   .000000  -.535052
  35244.2  10285.1       .6     42.0     31.7     28.9
       .6     84.9     78.7     60.6  12381.0  13379.6
       2.4      81.6      30.0      60.8
       1.4      32.9      23.3      37.0
      -1.1      17.8      21.6      31.4
        .1       5.6      21.4      33.6
 65065   .814421   .000000  -.580275
  32730.8  11181.4       .0     42.5     31.7     28.9
       .0     85.1     52.8     17.8  11394.9  12370.9
       4.0      77.5      25.5      60.2
        .5      29.9      19.2      34.6
        .4       8.4      18.5      29.4
        .9       5.0      19.4      30.1
 65066   .775436   .000000  -.631426
  30298.8  12348.9       .4     42.4     31.7     28.9
       .4     85.1     49.3     14.0   9378.6  10443.4
       -.3      78.0      23.4      58.4
      -1.6      21.9      16.4      32.2
       -.8      12.4      16.2      27.8
        .2       5.0      14.5      29.7
 65067   .724999   .000000  -.688749
  28104.2  14055.4       .0     42.5     50.1     26.0
       .2     85.3     48.2     22.2   8873.6   9450.2
       2.0      79.5      19.6      56.4
       4.3      24.0      12.4      29.5
        .1      10.1      11.5      25.8
        .4       5.0      12.5      26.8
 65068   .659438   .000000  -.751759
  26265.7  16840.8      -.4     42.2     45.3      6.8
      -.4     85.2     46.5     31.4   6952.0   7808.3
       3.4      79.4      16.3      50.6
        .4      27.0       8.6      25.6
        .9       6.6       9.4      21.3
        .5       5.0      10.2      21.7
 65069   .574426   .000000  -.818557
  24496.0  19197.8       .4     42.6     44.8     12.3
       .3     85.4     44.5     40.9   6074.4   6714.4
      -2.0      79.0      16.1      50.5
       2.5      28.9       6.7      19.6
       -.2       6.3       6.3      16.5
        .4       5.0       7.1      16.4
 65070   .465746   .000000  -.884918
  23028.8  19357.9      -.1     42.5     41.8     20.2
      -.1     85.4     41.6     49.1   5485.7   5964.3
      -3.3      74.9      14.6      52.8
       1.8      20.1       3.7      15.3
       -.1       5.0       3.0      11.0
        .5       5.0       3.9      10.9
 65071   .331088   .000000  -.943600
  21892.1  18109.9       .1     42.5     37.7     24.5
       .1     85.5     37.7     53.3   5345.6   5642.9
        .5      76.0      14.0      61.4
      -2.2      20.5       4.9      13.8
        .0       5.0       4.5       5.2
        .5       5.0       4.5       4.6
 65072   .254493   .000000  -.967075
  21073.2  17617.2       .3     42.5     35.4     25.0
       .3     85.5     35.3     53.6   5248.7   5488.4
       -.4      79.3      13.8      57.6
       -.3      21.6       4.6      13.0
       -.3      12.0       3.9       6.9
        .5       5.0       3.4       4.6
 65073   .172799   .000000  -.984957
  20563.4  17198.4       .0     42.4     34.7     22.5
       .0     85.5     34.7     51.0   5031.7   5520.4
      -1.4      75.0      11.1      55.9
        .5      17.5       4.0      11.5
        .7       5.0       2.8       8.5
        .5       5.0       2.0       7.7
 65074   .087384   .000000  -.996175
  20005.7  16600.8      -.2     42.5     32.6     19.0
      -.2     85.5     33.1     47.2   5099.1   5504.2
       2.8      74.1       3.3      48.4
       -.3      23.2        .4      12.1
        .6       6.5       -.5       9.9
        .3       5.0      -1.0       9.5
 65075   .000000   .000000 -1.000000
  19611.2  15767.6       .0     42.8     30.8     16.0
      -.1     85.7     31.6     43.8   5046.8   5432.6
        .9      70.3       2.4      42.2
       1.5      16.7      -2.3      13.4
      -2.3      15.5      -2.8      11.7
        .2       5.0      -3.5      11.8
 65076  -.087384   .000000  -.996175
  19347.3  14138.4       .0     42.7     28.3     13.7
       .0     85.7     30.5     40.5   4882.7   5270.5
       -.4      76.5      -2.3      40.0
       1.6      19.7      -4.4      15.7
        .4       5.6      -5.5      13.8
        .5       5.0      -5.8      14.4
 65077  -.172799   .000000  -.984957
  19339.1  13259.7       .2     42.7     25.6     11.6
       .2     85.7     29.4     36.5   5100.0   5538.2
       1.2      73.9      -5.3      39.3
        .7      24.0      -7.3      18.4
       1.0       5.0      -8.5      16.8
       -.1       6.1      -9.2      17.6
 65078  -.254493   .000000  -.967075
  19509.8  12464.7       .2     42.7     21.8     11.7
       .2     85.8     28.9     33.0   5189.1   5542.2
      -1.5      78.2     -11.1      41.2
       1.8      22.8     -10.8      21.6
       -.8       6.1     -11.3      19.6
        .7       5.0     -12.2      20.8
 65079  -.331088   .000000  -.943600
  19818.1  11129.1      -.3     42.7     15.0     14.4
      -.3     85.8     28.1     29.1   5389.8   5737.5
       3.6      70.9     -12.3      44.8
       4.7      23.5     -13.6      25.4
       1.3       5.4     -14.4      22.1
        .5       5.0     -15.4      23.5
 65080  -.465746   .000000  -.884918
  20924.2  10188.2       .5     42.7     -5.8     20.6
       .4     85.8     26.1     22.4   5881.6   6407.4
      -1.8      77.5     -17.0      51.0
       1.6      20.4     -16.0      30.8
       1.1       9.7     -18.2      27.7
       2.5      13.3     -21.3      28.8
 65081  -.574426   .000000  -.818557
  22345.1   9404.8       .1     42.5    -17.8     48.6
       .2     85.7     22.7     17.2   5992.7   6892.2
       1.4      79.3     -18.6      55.9
      -4.6      23.3     -17.2      34.0
       4.2      16.1     -19.6      31.0
        .5       5.0     -24.6      33.6
 65082  -.659438   .000000  -.751759
  24210.1   8750.6      -.4     42.7    -10.8     86.9
      -.4     85.7     14.8     18.5   6773.4   7542.1
       1.6      78.2     -20.9      58.0
      -2.2      28.3     -18.6      38.1
        .8       5.0     -22.6      34.6
        .4       5.0     -29.1      38.4
 65083  -.724999   .000000  -.688749
  26142.3   8243.5      -.2     42.6     39.2    136.9
      -.2     85.7       .2     41.5   6564.6   7599.9
       3.9      82.5     -18.1      61.1
      -2.2      28.3     -18.9      40.7
       -.2       8.8     -22.9      37.6
       -.1       8.9     -33.7      43.5
 65084  -.775436   .000000  -.631426
  28424.5   7969.7       .7     42.5     67.0    159.5
       .7     85.5     31.7     57.7   6394.8   7761.4
       3.7      83.0     -23.7      63.6
       1.9      28.8     -21.2      43.6
       -.6      13.9     -24.6      41.0
        .8       5.6     -37.5      48.6
 65085  -.814421   .000000  -.580275
  30878.4   7662.6       .5     42.8     62.8    181.0
       .4     85.6     31.7     57.7   6387.9   7421.9
       -.6      81.6     -23.0      64.9
       1.5      32.8     -20.5      45.8
       2.6      10.5     -24.6      42.9
       -.6       9.2     -41.7      52.8
 65086  -.844819   .000000  -.535052
  33647.7   7513.0      -.1     42.5     77.3    200.1
      -.2     85.5     31.7     57.7   6432.4   7187.3
      -2.4      82.7     -27.1      68.5
       1.8      41.3     -22.7      48.8
       4.4      21.7     -28.1      46.3
        .1       5.3     -45.2      57.0
 65087  -.868777   .000000  -.495203
  36126.0   7403.5       .1     42.6    108.2    212.0
       .1     85.5     31.7     57.7   6646.2   7826.8
       4.2      81.6     -26.3      68.1
       1.1      38.9     -23.0      50.2
       -.6      26.6     -30.2      49.0
        .6      13.2     -49.5      61.3
 65088  -.887877   .000000  -.460082
  38620.2   7423.8      -.2     42.6    140.5    220.7
      -.2     85.5     31.7     57.7   6460.8   7431.6
      -3.1      83.2     -27.9      68.1
       -.9      37.1     -24.6      52.0
      -1.5      14.8     -30.6      51.5
       2.1      17.6     -52.8      64.8
 65089  -.903278   .000000  -.429057
  41471.5   7298.8      -.4     42.5     98.8    261.0
      -.4     85.3     31.7     57.7   6493.1   7914.3
      -1.8      84.4     -27.7      69.7
      -1.4      41.9     -24.5      52.6
        .6      23.1     -32.3      53.1
        .2      11.0     -57.3      69.3
 65090   .840060  -.367526  -.399028
  45204.9   9611.2    -36.8     74.1    234.4     91.8
     -6.1     30.7     31.7     57.7  12759.1  14903.3
     -18.0      62.8      36.7      63.6
     -14.0      30.5      30.1      41.9
     -13.5      24.7      29.3      37.6
     -13.8      24.2      29.2      41.4
 65091   .817505  -.390173  -.423616
  42412.1  10047.2    -42.3     72.9    184.6    106.8
     -6.1     31.9     31.7     57.7  14045.8  16000.9
     -16.8      61.5      32.3      65.3
     -14.0      30.9      27.9      40.8
     -14.5      25.2      27.4      36.4
     -13.4      24.9      26.2      39.7
 65092   .790440  -.414981  -.450551
  39962.7  10653.2    -25.8     43.8    197.5     67.9
     -6.4     32.9     31.7     57.7  13332.8  14750.9
     -17.2      60.8      31.7      63.2
     -14.6      31.6      25.0      39.2
     -14.5      25.8      24.5      33.9
     -13.8      25.6      23.5      36.1
 65093   .757796  -.442047  -.479937
  37670.4  11386.4    -21.6     41.0    139.2    111.2
     -6.3     34.1     31.7     57.7  12937.0  13849.6
     -17.2      63.7      28.4      62.7
     -14.2      31.8      22.4      37.1
     -14.8      26.8      21.4      33.2
     -14.5      26.9      20.9      35.4
 65094   .718269  -.471364  -.511767
  35399.9  12573.0    -15.7     20.6     31.7     28.9
     -6.8     35.1     45.8     16.9  11622.8  12436.4
     -17.4      61.8      24.9      60.0
     -15.0      32.9      18.7      35.4
     -14.5      27.4      18.1      30.6
     -14.3      28.2      17.8      31.7
 65095   .670317  -.502738  -.545830
  33433.7  13970.8    -12.9     18.9     31.7     28.9
     -7.2     36.1     48.0     15.2  10358.1  11401.7
     -18.8      60.6      20.9      58.2
     -15.1      33.2      16.0      32.9
     -15.2      27.4      15.4      28.0
     -14.1      28.8      13.6      30.5
 65096   .612205  -.535679  -.581595
  31647.4  14831.3    -12.2     19.7     37.5     14.3
     -7.6     37.4     48.0     21.6   9762.0  10581.5
     -18.6      61.4      17.1      55.1
     -15.9      33.7      11.9      30.2
     -14.8      28.9      10.8      26.0
     -14.4      29.7      10.9      27.3
 65097   .542159  -.569267  -.618061
  29961.7  16128.2    -10.3     20.4     43.3     10.1
     -8.1     38.1     46.4     30.7   7940.1   9230.1
     -18.6      60.4      13.4      49.1
     -16.5      34.5       9.8      25.7
     -15.4      29.3       9.3      21.6
     -14.4      30.2       9.4      22.2
 65098   .458673  -.602008  -.653609
  28644.7  16598.5    -10.2     20.5     44.5     12.9
     -7.9     38.6     44.9     40.0   7449.3   8529.0
     -20.5      62.3      15.1      49.1
     -16.0      34.7       6.3      19.7
     -16.0      29.6       6.2      17.2
     -14.8      30.9       6.1      17.1
 65099   .361020  -.631785  -.685938
  27594.9  15751.7    -10.8     19.6     41.7     20.2
     -9.6     39.7     41.9     48.4   7552.0   8233.8
     -21.9      64.3      12.6      61.6
     -17.4      34.2       3.9      15.4
     -16.0      29.1       2.6      11.4
     -15.8      31.5       3.4      11.7
 65100   .249898  -.655981  -.712208
  26693.7  15249.7    -17.8     19.5     36.3     25.0
    -10.2     40.2     36.5     53.7   6579.4   7640.2
     -23.0      64.3      11.4      66.9
     -18.9      34.9       5.4      18.5
     -17.9      29.8       4.8       5.4
     -17.4      31.2       3.4       5.2
 65101   .190037  -.665130  -.722141
  26225.6  14994.2    -21.5     18.7     36.4     24.2
    -11.6     41.0     37.2     52.3   6462.5   7459.2
     -22.6      62.7      12.6      67.4
     -18.9      35.0       6.2      15.3
     -18.1      30.2       5.4       6.8
     -18.4      31.7       4.1       5.6
 65102   .127982  -.671905  -.729496
  25785.7  14853.4    -24.1     18.7     36.3     21.6
    -12.2     41.4     37.6     49.1   6708.0   7235.5
     -26.1      64.7       8.6      57.0
     -19.7      35.3       6.5      14.2
     -18.9      30.1       5.2       9.5
     -19.1      32.7       3.8       8.8
 65103   .064388  -.676070  -.734019
  25433.3  14803.9    -24.3     19.7     34.9     18.2
    -12.3     42.0     36.5     45.1   6285.1   7033.3
     -24.4      64.3       6.3      54.9
     -20.6      35.6       2.7      14.1
     -19.0      29.9       1.5      11.1
     -18.7      32.6        .4      10.7
 65104   .000000  -.677476  -.735545
  24899.4  14736.1    -23.2     20.9     32.3     15.9
    -12.8     42.8     35.4     41.2   6075.7   6745.0
     -21.3      63.5       4.0      44.2
     -20.0      36.3        .1      14.8
     -19.1      30.8      -1.0      12.7
     -19.1      32.6      -2.4      12.1
 65105  -.064388  -.676070  -.734019
  24709.0  14651.6    -21.5     21.7     29.5     13.9
    -12.5     43.3     34.5     37.2   6091.0   6735.2
     -23.5      64.2        .0      40.1
     -19.9      35.9      -2.6      16.3
     -19.3      31.2      -3.4      14.5
     -19.4      32.9      -4.8      14.8
 65106  -.127982  -.671905  -.729496
  24599.8  14842.7    -21.9     21.9     24.3     13.8
    -12.5     43.5     33.2     33.5   5760.0   6689.0
     -22.5      64.7      -4.5      40.5
     -19.4      36.6      -5.5      18.6
     -20.8      31.3      -6.8      16.8
     -19.9      33.0      -8.0      17.7
 65107  -.190037  -.665130  -.722141
  24579.7  14276.8    -21.9     22.3     18.3     15.6
    -12.4     43.8     32.5     29.8   6121.2   6671.6
     -24.0      64.9      -8.0      43.5
     -20.1      36.1      -8.7      21.4
     -19.8      30.7      -9.5      19.2
     -19.8      33.2     -11.3      20.9
 65108  -.249898  -.655981  -.712208
  24816.3  14088.3    -21.3     22.1      7.9     24.5
    -12.3     43.9     31.3     26.7   6142.2   6916.1
     -23.8      65.5      -9.5      46.9
     -19.4      36.8     -11.0      25.1
     -19.5      31.5     -12.6      22.1
     -19.1      33.0     -13.7      23.8
 65109  -.361020  -.631785  -.685938
  25326.8  12869.0    -19.9     22.7     -7.9     19.0
    -12.1     43.6     28.7     21.6   6412.8   7292.6
     -21.5      63.7     -12.4      48.8
     -18.2      36.8     -12.4      29.5
     -17.9      31.7     -14.7      27.0
     -19.4      33.5     -17.2      28.4
 65110  -.458673  -.602008  -.653609
  26211.8  11522.3    -23.4     26.7     -8.9     43.7
    -11.9     43.0     22.0     21.3   5893.1   6678.8
     -21.5      65.7     -16.1      52.5
     -18.9      36.1     -15.5      32.5
     -18.5      31.3     -16.8      29.7
     -19.0      33.3     -20.3      33.2
 65111  -.542159  -.569267  -.618061
  27476.4  10547.1    -24.3     34.3     -7.1     88.1
    -11.1     42.0     10.5     25.7   6498.2   7139.1
     -21.8      65.1     -17.9      56.1
     -17.8      35.2     -15.9      36.7
     -17.8      31.1     -20.2      34.7
     -17.8      31.9     -24.8      38.7
 65112  -.612205  -.535679  -.581595
  28944.1   9863.3    -25.0     42.8      9.4    135.0
    -10.6     40.5    -14.0     33.0   6446.8   6995.5
     -18.7      63.3     -20.4      59.3
     -16.6      35.1     -17.2      40.7
     -16.7      29.6     -20.2      37.6
     -16.8      30.3     -28.6      45.2
 65113  -.670317  -.502738  -.545830
  30854.8   9164.8    -30.7     49.8    -22.7    150.6
    -10.9     39.6     31.7     57.7   6323.1   7297.1
     -18.5      64.4     -20.4      63.1
     -16.7      34.5     -19.9      44.2
     -16.3      29.7     -23.4      42.9
     -17.3      30.0     -34.1      53.4
 65114  -.718269  -.471364  -.511767
  32581.4   8763.0    -28.5     55.1    -16.6    177.1
    -10.4     38.7     31.7     57.7   6127.3   6692.1
     -17.8      63.3     -23.6      64.1
     -15.2      33.3     -20.3      47.0
     -15.6      28.2     -24.6      46.0
     -17.1      29.0     -39.2      60.7
 65115  -.757796  -.442047  -.479937
  34746.7   8345.1    -28.3     60.5    -24.1    198.3
    -10.0     37.3     31.7     57.7   5875.1   6271.9
     -16.6      62.7     -24.3      67.0
     -14.6      32.8     -21.4      51.0
     -15.3      27.4     -27.7      50.2
     -16.2      27.8     -42.0      67.9
 65116  -.790440  -.414981  -.450551
  36504.6   8171.1    -30.8     64.6    -46.6    211.4
    -10.2     36.2     31.7     57.7   5984.7   6614.5
     -15.2      62.9     -25.6      68.3
     -13.6      32.4     -23.3      54.3
     -15.3      27.2     -30.8      53.4
     -16.5      27.8     -49.1      77.2
 65117  -.817505  -.390173  -.423616
  38741.4   8000.0    -29.7     68.2    -48.4    237.2
     -9.5     34.9     31.7     57.7   6279.2   6718.8
     -15.9      64.1     -25.3      69.5
     -13.8      31.5     -24.8      55.2
     -14.5      27.0     -32.0      56.0
     -16.7      27.6     -52.8      84.5
 65118  -.840060  -.367526  -.399028
  41017.9   7766.5    -28.7     69.6    -45.2    262.6
     -9.5     33.8     31.7     57.7   6401.4   7088.4
     -14.1      60.1     -26.3      70.3
     -13.8      30.6     -25.6      57.0
     -14.8      26.0     -33.8      59.7
     -17.0      27.0     -57.3      89.2
 65119   .708659  -.620076  -.336613
  52778.4  11333.1      -.4     43.3     31.7     28.9
      -.4     86.6     31.7     57.7  19633.3  21396.2
     -21.9      56.9      35.1      62.4
     -18.2      29.9      30.5      40.2
     -18.4      27.3      29.9      35.7
     -17.9      28.5      29.0      37.4
 65120   .677337  -.646549  -.350984
  50623.1  11885.4      -.4     43.3     31.7     28.9
      -.4     86.6     31.7     57.7  20544.8  21553.0
     -23.7      55.6      31.6      61.4
     -18.1      30.6      27.9      39.5
     -17.8      27.1      26.9      34.4
     -18.7      28.1      26.6      36.2
 65121   .641844  -.673936  -.365851
  48917.8  12385.7      -.4     43.3     31.7     28.9
      -.4     86.6     31.7     57.7  18892.5  20094.9
     -23.9      55.1      29.4      61.3
     -18.3      31.0      25.7      37.4
     -17.5      28.3      24.1      31.8
     -19.8      29.6      24.3      33.3
 65122   .601687  -.701968  -.381068
  47040.2  12835.6      -.4     43.3     31.7     28.9
      -.4     86.6     31.7     57.7  17358.2  18635.6
     -23.6      53.8      25.8      59.8
     -18.8      31.4      22.3      35.2
     -18.3      28.3      21.1      30.6
     -19.6      30.1      19.8      32.0
 65123   .556388  -.730259  -.396426
  45483.3  13464.0      -.4     43.3     31.7     28.9
      -.4     86.6     42.3     10.5  16849.4  18251.0
     -24.5      54.9      24.4      60.1
     -18.2      31.5      18.2      33.4
     -18.8      29.5      17.0      28.7
     -18.8      30.7      16.6      29.1
 65124   .505524  -.758286  -.411641
  44258.8  13451.4      -.4     43.3     31.7     28.9
      -.4     86.6     47.5     12.2  15849.2  17325.0
     -24.7      57.4      22.3      59.1
     -19.4      32.1      16.2      30.7
     -18.8      29.6      14.6      26.1
     -20.0      30.7      13.7      26.3
 65125   .448787  -.785377  -.426348
  42793.5  13435.1      -.4     43.3     31.7     28.9
      -.4     86.6     48.4     17.6  15807.6  16867.5
     -25.8      54.1      17.5      56.6
     -19.0      32.0      11.8      27.4
     -19.7      30.2      11.4      22.9
     -19.6      31.6      10.0      23.6
 65126   .386057  -.810720  -.440105
  41946.7  13228.0      -.4     43.3     42.7      7.8
      -.4     86.6     47.6     27.4  15101.6  16246.1
     -25.0      54.6      16.4      57.2
     -19.4      31.8       8.4      25.0
     -20.3      29.1       8.2      19.7
     -20.3      31.1       7.9      19.7
 65127   .317480  -.833386  -.452409
  40985.5  12795.4      -.4     43.3     46.3     10.4
      -.4     86.6     46.3     37.7  14976.5  16067.8
     -26.9      54.1      14.7      56.6
     -20.1      32.2       5.8      20.7
     -20.1      29.0       4.7      15.9
     -20.1      31.4       4.7      15.8
 65128   .243541  -.852392  -.462727
  40398.8  12468.9      -.4     43.3     43.4     18.6
      -.4     86.6     43.5     47.0  14326.9  15457.7
     -26.5      55.4      10.7      63.6
     -20.5      32.1       2.9      19.3
     -21.0      29.6       1.8      12.0
     -21.3      31.8       1.8      11.5
 65129   .165103  -.866792  -.470544
  39789.8  12301.4      -.4     43.3     37.7     24.1
    -44.9     63.2     38.1     52.5  14215.3  15324.0
     -27.4      52.9      11.3      75.3
     -21.8      32.0       5.0      26.0
     -22.8      29.6       4.1      10.1
     -23.3      31.6       3.5       5.6
 65130   .124573  -.872008  -.473376
  39589.0  12250.2      -.4     43.3     39.5     22.3
      -.4     86.6     40.7     49.9  14471.8  15571.3
     -25.4      54.9       9.6      77.4
     -22.9      32.3       7.7      20.0
     -23.5      29.7       7.3       8.3
     -24.7      32.5       5.4       7.0
 65131   .083409  -.875791  -.475429
  39408.0  12145.3      -.4     43.3     40.6     18.8
      -.4     86.6     42.3     46.2  14180.4  15024.3
     -28.5      56.3       9.1      69.2
     -23.2      32.7       8.7      19.3
     -23.6      30.6       8.0      11.5
     -25.8      32.9       6.8      10.4
 65132   .041814  -.878085  -.476675
  38932.8  12085.9      -.4     43.3     39.5     14.8
      -.4     86.6     41.8     41.3  14037.8  14965.5
     -27.1      54.6       7.8      56.8
     -23.7      32.5       4.6      17.7
     -24.4      30.3       4.2      12.3
     -26.2      33.6       2.9      11.2
 65133   .000000  -.878853  -.477092
  38840.8  12094.3      -.4     43.3     37.4     11.6
      -.4     86.6     41.2     36.3  13342.6  14623.0
     -26.6      54.5       7.8      55.1
     -23.9      34.5       2.2      18.2
     -24.5      31.2       1.3      12.9
     -26.3      34.0        .4      12.1
 65134  -.041814  -.878085  -.476675
  38540.8  12103.4      -.4     43.3     33.1      9.7
    -21.4     33.9     40.4     31.3  13120.8  14124.2
     -28.8      57.4       1.9      47.9
     -23.6      34.4       -.5      17.4
     -24.7      31.2      -1.3      13.9
     -27.1      34.6      -2.5      13.4
 65135  -.083409  -.875791  -.475429
  38299.6  12129.1      -.4     43.3     27.1      8.5
     38.5     97.1     39.7     26.7  12702.5  13989.4
     -28.5      55.7       -.7      48.8
     -23.5      34.5      -3.3      17.5
     -24.6      32.2      -4.2      14.8
     -27.3      35.3      -5.4      14.9
 65136  -.124573  -.872008  -.473376
  38061.7  12183.2      -.4     43.3     19.8     12.1
      -.4     86.6     38.8     22.4  12387.0  13599.8
     -27.0      56.7      -5.2      48.7
     -23.7      34.3      -5.3      20.4
     -25.1      32.3      -6.5      17.4
     -27.1      36.1      -8.2      17.3
 65137  -.165103  -.866792  -.470544
  38190.3  12241.3      -.4     43.3     19.5     37.0
      -.4     86.6     37.6     18.7  12891.3  14046.0
     -27.7      58.5      -2.9      51.7
     -23.7      35.2      -6.7      22.7
     -24.8      33.5      -8.2      19.5
     -27.2      35.9      -9.9      19.4
 65138  -.243541  -.852392  -.462727
  38129.2  12389.1      -.4     43.3     -6.7     11.2
    -14.2     26.7     32.8     14.8  13038.5  13755.3
     -30.0      57.9      -7.9      48.0
     -24.4      35.8      -8.3      24.9
     -24.8      32.8      -9.5      22.1
     -28.5      37.2     -13.1      23.4
 65139  -.317480  -.833386  -.452409
  38754.5  12615.4      -.4     43.3     31.7     28.9
      -.4     86.6     25.9     12.7  13530.4  14344.3
     -26.7      57.6     -10.1      49.4
     -23.3      36.3     -10.4      28.5
     -24.4      33.1     -12.6      25.0
     -27.8      37.5     -15.8      27.2
 65140  -.386057  -.810720  -.440105
  39335.3  12230.7      -.4     43.3     31.7     28.9
    -13.8     34.9     31.7     57.7  12394.1  13612.9
     -27.1      57.3     -11.8      50.8
     -22.9      35.3     -10.9      31.5
     -24.4      32.9     -13.2      29.3
     -27.0      36.4     -18.9      32.0
 65141  -.448787  -.785377  -.426348
  40302.1  12281.8    113.3    145.7    115.4    151.2
    -22.3     15.3     31.7     57.7  12177.1  14067.3
     -26.8      57.2     -12.7      53.4
     -22.4      35.7     -12.6      33.8
     -24.1      32.9     -14.8      31.2
     -27.0      36.7     -19.7      35.6
 65142  -.505524  -.758286  -.411641
  41510.1  11831.5    104.7    145.1    104.4    167.9
      -.4     86.6     31.7     57.7  11861.8  13496.5
     -26.2      56.8     -14.7      55.7
     -21.7      35.7     -12.9      37.4
     -23.7      33.5     -16.7      35.6
     -29.0      38.8     -22.4      39.7
 65143  -.556388  -.730259  -.396426
  42769.2  10852.8     51.5    157.8     79.3    182.7
      -.4     86.6     31.7     57.7  11338.1  13369.2
     -24.1      58.0     -14.1      55.1
     -23.0      35.2     -15.4      39.5
     -24.7      33.5     -17.7      37.8
     -31.3      41.5     -26.2      44.4
 65144  -.601687  -.701968  -.381068
  44197.5  10465.7     27.8    180.4     63.8    212.2
      -.4     86.6     31.7     57.7   8284.8   9655.1
     -27.6      59.0     -19.7      58.0
     -22.4      36.0     -16.3      42.9
     -24.3      34.1     -19.2      40.8
     -34.0      47.2     -30.5      51.0
 65145  -.641844  -.673936  -.365851
  45531.2  10207.6     17.6    171.6     37.7    216.4
      -.4     86.6     31.7     57.7   8335.3   9414.1
     -25.9      59.2     -18.4      58.2
     -22.5      37.3     -17.6      46.4
     -24.9      35.6     -21.3      44.8
     -37.0      53.7     -35.5      58.3
 65146  -.677337  -.646549  -.350984
  47398.4   9711.8    -12.3    168.9     -5.1    220.3
      -.4     86.6     31.7     57.7   6992.6   7975.7
     -27.0      57.4     -22.4      63.4
     -22.2      36.7     -19.0      48.9
     -24.1      36.3     -23.1      47.8
     -37.6      57.5     -40.0      66.7
 65147  -.708659  -.620076  -.336613
  48911.9   9263.1    -15.8    171.9    -17.5    236.1
      -.4     86.6     31.7     57.7   6816.1   7635.5
     -24.8      58.3     -22.2      62.0
     -21.8      36.5     -20.5      50.3
     -24.0      35.8     -25.5      51.0
     -38.2      59.0     -43.7      75.4
 65148   .482910  -.845093  -.229382
  78620.5  12553.0      -.4     43.3     31.7     28.9
      -.4     86.6     31.7     57.7  34320.2  36870.6
     -28.3      56.0      29.8      59.1
     -24.5      38.4      29.2      35.6
     -25.0      36.8      28.4      29.8
     -26.6      38.8      28.7      30.0
 65149   .451149  -.861285  -.233777
  77201.5  12446.7      -.4     43.3     31.7     28.9
      -.4     86.6     31.7     57.7  34973.4  37128.0
     -29.6      56.4      31.0      60.4
     -24.2      38.3      26.5      33.8
     -24.8      36.3      26.3      28.7
     -26.7      39.0      26.5      29.3
 65150   .417577  -.876913  -.238019
  76565.6  12432.4      -.4     43.3     31.7     28.9
      -.4     86.6     31.7     57.7  32429.4  34667.2
     -29.6      54.1      27.8      61.7
     -24.7      39.3      24.7      32.3
     -25.9      37.4      23.6      27.2
     -26.6      41.2      22.9      25.9
 65151   .382204  -.891810  -.242063
  75439.6  12171.0      -.4     43.3     31.7     28.9
      -.4     86.6     31.7     57.7  32130.7  34593.1
     -31.7      55.9      28.8      62.9
     -24.5      38.6      22.4      31.6
     -25.3      36.8      20.9      26.0
     -27.4      40.2      20.0      26.0
 65152   .345068  -.905804  -.245861
  74675.9  11978.0      -.4     43.3    127.2    163.9
      -.4     86.6     31.7     57.7  32558.6  35349.5
     -31.1      55.5      23.1      60.5
     -24.9      39.4      18.6      30.2
     -25.5      37.3      17.9      22.4
     -27.1      40.7      16.6      21.9
 65153   .306238  -.918714  -.249365
  74238.9  11844.2      -.4     43.3    114.6     64.7
      -.4     86.6     46.1      6.7  31613.1  34599.9
     -31.1      55.0      21.9      61.6
     -24.7      38.5      15.7      29.1
     -26.3      36.4      14.7      22.2
     -27.8      40.1      13.8      21.2
 65154   .265817  -.930361  -.252527
  73615.3  11636.3      -.4     43.3     53.8     71.0
      -.4     86.6     50.1     11.9  29866.4  33173.2
     -28.7      54.6      20.3      64.4
     -25.7      38.9      11.9      26.8
     -25.7      37.0      10.5      19.8
     -27.6      41.1       9.7      18.5
 65155   .223945  -.940570  -.255298
  73288.6  11408.7      -.4     43.3     60.4     48.6
      -.4     86.6     49.8     23.1  31824.5  33638.2
     -31.3      56.9      12.3      65.1
     -26.0      38.6       7.9      25.0
     -25.7      37.3       6.6      17.1
     -28.6      39.9       6.3      15.6
 65156   .180796  -.949177  -.257634
  73223.2  11384.1      -.4     43.3     49.1      8.0
      -.4     86.6     48.7     34.6  32025.4  34615.5
     -30.6      56.1      10.6      68.8
     -26.3      39.3       5.6      25.3
     -26.5      37.2       4.2      15.2
     -28.2      40.5       3.8      14.3
 65157   .136577  -.956038  -.259496
  72923.6  11382.1      -.4     43.3     45.7     17.0
      -.4     86.6     45.6     45.0  31380.1  33483.2
     -29.4      52.6       6.5      83.3
     -27.1      38.9       4.4      31.7
     -27.4      36.8       2.0      15.2
     -30.7      39.7       1.9      12.2
 65158   .091527  -.961030  -.260851
  72864.7  11269.1      -.4     43.3     39.0     22.7
      -.4     86.6     39.6     50.7  31876.8  33710.5
     -35.2      56.5       8.2      92.2
     -27.4      38.5       5.1      41.5
     -28.7      36.9       5.3      16.5
     -30.5      38.5       4.1       8.0
 65159   .068771  -.962796  -.261330
  72972.5  11253.8      -.4     43.3     42.7     20.3
      -.4     86.6     43.7     47.6  32297.4  34048.4
     -31.8      54.0       7.9      85.4
     -28.4      38.1       9.7      40.2
     -28.8      37.5       9.6      16.4
     -31.0      39.5       8.6      11.0
 65160   .045908  -.964064  -.261674
  72651.4  11218.9      -.4     43.3     44.6     16.1
      -.4     86.6     46.0     43.3  32743.8  34824.3
     -31.8      56.9      11.5      87.2
     -28.9      39.0      10.3      34.0
     -29.7      37.5      11.2      15.7
     -32.3      40.1      10.0      12.5
 65161   .022972  -.964827  -.261882
  72376.4  11206.7      -.4     43.3     44.6     11.3
      -.4     86.6     46.6     37.8  31695.6  33873.7
     -33.4      55.1      10.2      73.5
     -29.4      38.9       8.3      28.1
     -29.1      36.9       6.9      14.9
     -32.8      39.9       6.4      12.8
 65162   .000000  -.965081  -.261951
  72089.4  11176.9      -.4     43.3     42.4      9.0
      -.4     86.6     46.3     32.0  30265.6  32980.7
     -33.6      55.7       7.7      67.8
     -28.0      38.9       5.2      24.9
     -29.8      37.4       4.2      14.6
     -33.1      40.6       3.6      13.0
 65163  -.022972  -.964827  -.261882
  71789.8  11204.8      -.4     43.3     31.3     17.5
      -.4     86.6     45.8     26.0  30879.0  33240.0
     -35.4      55.0       4.7      65.0
     -28.7      40.2       2.9      21.8
     -30.4      37.8       1.7      14.5
     -32.6      41.7       1.1      12.6
 65164  -.045908  -.964064  -.261674
  71480.4  11183.5      -.4     43.3     19.4     72.5
      -.4     86.6     45.4     20.2  29677.1  33012.5
     -30.8      53.8       5.5      60.8
     -29.0      39.4        .7      22.0
     -29.8      38.5        .0      14.4
     -33.7      42.8      -1.0      13.3
 65165  -.068771  -.962796  -.261330
  71315.4  11218.7      -.4     43.3      2.0     46.0
      -.4     86.6     45.1     14.6  29893.4  32730.2
     -32.2      55.2       3.6      59.3
     -29.3      40.1        .0      22.7
     -30.1      38.6       -.8      15.5
     -33.7      43.3      -2.3      14.3
 65166  -.091527  -.961030  -.260851
  71183.6  11247.3      -.4     43.3      5.7     56.2
      -.4     86.6     43.9     10.0  27245.3  31528.3
     -35.2      56.0        .5      57.7
     -29.6      40.1       -.5      22.6
     -30.4      39.0      -1.3      16.6
     -34.8      44.5      -3.4      16.2
 65167  -.136577  -.956038  -.259496
  70980.0  11376.1      -.4     43.3    -26.6     57.8
      -.4     86.6     35.3      6.5  29387.5  31927.2
     -33.5      58.6      -1.1      58.8
     -28.6      40.5      -1.4      21.7
     -30.0      39.2      -2.8      16.0
     -33.7      44.7      -4.0      16.5
 65168  -.180796  -.949177  -.257634
  70625.5  11384.9      -.4     43.3    -52.9     63.5
      -.4     86.6     31.7     57.7  28207.7  31733.4
     -32.0      57.9       -.8      56.2
     -29.3      41.5      -3.4      24.1
     -31.2      40.3      -4.7      19.6
     -34.0      45.5      -6.8      19.9
 65169  -.223945  -.940570  -.255298
  70831.0  11448.0   -223.1    399.2    -54.2    104.3
      -.4     86.6     31.7     57.7  23361.0  30021.3
     -32.3      56.8      -2.1      50.3
     -29.2      41.5      -3.4      23.2
     -30.5      39.5      -4.8      20.7
     -34.8      44.4      -7.6      22.6
 65170  -.265817  -.930361  -.252527
  71182.8  11596.8   -326.1    333.3    -86.9    107.0
      -.4     86.6     31.7     57.7  24686.8  30596.7
     -35.0      58.8      -5.0      50.8
     -29.2      42.2      -5.6      26.2
     -30.0      40.9      -6.4      23.0
     -35.2      46.4      -9.9      24.2
 65171  -.306238  -.918714  -.249365
  71575.7  11712.9   -397.6    229.7   -120.3     90.9
      -.4     86.6     31.7     57.7  29062.4  31798.6
     -29.8      57.9      -4.7      47.3
     -29.4      42.2      -5.8      27.8
     -30.8      40.6      -6.7      24.6
     -35.1      45.3     -10.5      27.3
 65172  -.345068  -.905804  -.245861
  72002.5  11933.0      -.4     43.3     31.7     28.9
      -.4     86.6     31.7     57.7  28173.6  31942.6
     -34.4      56.5      -6.6      46.9
     -29.3      42.5      -7.5      29.1
     -30.6      40.8      -8.7      25.7
     -34.7      45.3     -11.7      28.1
 65173  -.382204  -.891810  -.242063
  73036.4  12035.3      -.4     43.3     31.7     28.9
      -.4     86.6     31.7     57.7  29697.8  32008.4
     -34.0      57.9     -10.1      48.5
     -28.1      41.5      -7.1      30.9
     -30.3      40.6      -9.6      28.9
     -35.4      46.1     -13.9      31.6
 65174  -.417577  -.876913  -.238019
  73643.3  12071.1      -.4     43.3     31.7     28.9
      -.4     86.6     31.7     57.7  31533.8  33864.9
     -34.7      58.6     -11.1      46.8
     -28.8      41.2      -9.1      31.2
     -29.7      40.4     -10.2      30.1
     -34.5      43.6     -14.5      32.9
 65175  -.451149  -.861285  -.233777
  74804.0  12045.8      -.4     43.3     31.7     28.9
      -.4     86.6     31.7     57.7  32137.0  33916.7
     -32.4      57.6     -10.9      47.8
     -28.9      40.9      -9.9      34.1
     -30.7      41.0     -12.3      33.3
     -34.5      45.0     -17.0      36.6
 65176  -.482910  -.845093  -.229382
  75840.0  11905.9      -.4     43.3     31.7     28.9
      -.4     86.6     31.7     57.7  31567.7  33532.7
     -31.5      58.4     -11.3      48.2
     -28.9      40.9     -11.3      35.0
     -30.8      41.0     -13.5      34.8
     -34.1      45.3     -17.7      39.6
 65177   .337328  -.927651  -.160231
 114770.4  11994.5   -397.8    588.0     93.6    251.9
      -.4     86.6     31.7     57.7  40857.9  52931.4
     -34.8      56.2      28.8      58.1
     -29.0      42.9      27.9      32.4
     -29.7      42.3      28.2      26.0
     -32.0      48.3      27.3      26.4
 65178   .312066  -.936198  -.161707
 113948.8  11743.7   -610.7    439.6    110.3    167.0
      -.4     86.6     31.7     57.7  36677.3  50569.7
     -31.8      56.1      28.0      62.1
     -29.0      42.0      25.7      32.3
     -30.7      41.3      26.0      24.9
     -31.9      48.3      25.4      25.8
 65179   .286124  -.944211  -.163091
 113465.5  11633.0      -.4     43.3    120.4    148.9
      -.4     86.6     31.7     57.7  37795.2  50468.0
     -33.9      57.3      27.6      66.4
     -29.2      43.1      23.9      31.1
     -29.9      42.6      23.4      22.7
     -32.2      48.5      23.2      23.0
 65180   .259539  -.951641  -.164374
 113005.1  11463.0      -.4     43.3    147.3     98.2
      -.4     86.6     31.7     57.7  37591.6  49825.5
     -34.8      55.8      24.8      65.5
     -28.8      41.3      21.5      30.8
     -29.5      41.6      20.3      22.9
     -30.8      47.4      20.0      23.1
 65181   .232349  -.958440  -.165549
 112651.4  11398.6   -509.7    515.5    104.6    111.0
      -.4     86.6     31.7     57.7  37432.3  49060.4
     -34.0      54.3      19.4      64.2
     -29.7      42.4      18.6      31.2
     -30.4      42.1      17.6      20.7
     -32.9      48.9      17.0      20.3
 65182   .204604  -.964562  -.166606
 112705.1  11337.5      -.4     43.3     88.3     92.9
      -.4     86.6     47.0      3.0  47949.5  55130.1
     -32.5      54.2      20.6      73.2
     -29.1      41.2      15.0      29.9
     -30.3      41.3      14.5      19.3
     -31.4      46.7      13.3      18.8
 65183   .176357  -.969963  -.167539
 112621.3  11229.5      -.4     43.3     91.2     64.2
      -.4     86.6     51.4      8.8  42203.6  52301.4
     -32.8      55.1      16.8      73.2
     -29.2      41.8      12.1      29.6
     -29.7      40.8      10.9      19.3
     -31.9      47.0      10.6      17.2
 65184   .147667  -.974605  -.168341
 112568.9  11200.8      -.4     43.3     59.5     51.8
      -.4     86.6     51.0     20.8  46662.6  55097.1
     -31.6      53.7      12.8      76.0
     -29.6      41.9       7.7      29.9
     -31.6      41.2       6.3      16.7
     -32.3      46.8       5.9      14.3
 65185   .118600  -.978453  -.169006
 112466.4  11077.3      -.4     43.3     50.5      8.2
      -.4     86.6     50.0     33.2  49970.4  55859.9
     -34.3      55.8      16.7      81.3
     -30.3      41.9       6.4      33.4
     -30.9      41.4       4.6      16.6
     -33.5      46.6       4.4      15.3
 65186   .089225  -.981478  -.169528
 112841.0  11142.1      -.4     43.3     46.4     16.0
      -.4     86.6     46.1     44.0  53765.6  57525.5
     -33.5      51.5       8.6      93.4
     -29.0      41.1       4.5      42.9
     -30.9      40.4       2.3      19.1
     -35.5      46.6       2.7      14.0
 65187   .059616  -.983656  -.169904
 112749.4  11079.4      -.4     43.3     39.6     21.9
      -.4     86.6     40.3     49.8  50148.4  56209.5
     -33.6      52.5       8.4     100.1
     -31.6      41.5       7.0      53.1
     -31.8      40.4       6.0      25.7
     -34.7      45.4       4.6      13.3
 65188   .044746  -.984421  -.170036
 112395.1  11144.1      -.4     43.3     43.9     19.0
      -.4     86.6     44.9     46.4  51144.0  57039.9
     -35.5      54.6       3.6      99.0
     -30.9      41.0      10.7      48.3
     -32.7      39.9      10.5      24.1
     -35.7      45.5       9.5      14.0
 65189   .029848  -.984969  -.170131
 112900.2  11144.3      -.4     43.3     46.2     15.0
      -.4     86.6     47.6     42.1  53972.6  57853.7
     -38.6      54.4      11.3     100.0
     -31.8      40.8      11.0      44.7
     -32.9      40.5      12.5      21.9
     -35.7      43.3      12.3      16.9
 65190   .014929  -.985299  -.170188
 112592.8  11113.8      -.4     43.3     46.4     10.8
      -.4     86.6     48.5     36.1  51695.2  56400.3
     -36.9      55.0       9.6      89.4
     -32.1      42.0       9.8      37.5
     -33.4      41.1       8.6      19.9
     -35.9      45.2       8.2      15.2
 65191   .000000  -.985408  -.170207
 111801.3  11044.2      -.4     43.3     42.8     11.9
      -.4     86.6     48.3     29.7  49691.8  56958.7
     -34.0      56.2       9.8      81.2
     -32.2      42.1       6.5      32.6
     -32.5      40.5       6.2      17.8
     -36.0      45.8       5.4      14.5
 65192  -.014929  -.985299  -.170188
 112049.3  11149.1      -.4     43.3     19.6     49.2
      -.4     86.6     48.3     23.7  49249.5  54709.7
     -34.9      56.5       5.4      77.3
     -32.0      41.8       4.7      30.1
     -33.3      41.7       3.7      17.0
     -36.2      47.0       3.0      13.5
 65193  -.029848  -.984969  -.170131
 111739.1  11040.8      -.4     43.3     14.3     49.4
      -.4     86.6     48.1     17.3  46007.2  53267.7
     -35.9      55.3       9.2      77.2
     -32.0      41.9       3.4      28.5
     -33.3      41.3       3.0      16.1
     -36.0      47.5       2.2      13.7
 65194  -.044746  -.984421  -.170036
 111373.2  11151.8      -.4     43.3      5.4     56.6
      -.4     86.6     47.8     11.4  43557.9  51716.1
     -35.7      58.4       6.0      70.9
     -32.0      42.8       3.2      27.4
     -33.9      41.3       2.3      16.6
     -37.5      48.3       1.4      14.5
 65195  -.059616  -.983656  -.169904
 111192.8  11113.7      -.4     43.3     -9.1     57.2
      -.4     86.6     46.8      6.1  45255.2  53166.2
     -37.0      56.5       7.8      71.2
     -32.5      42.8       3.3      27.1
     -33.0      42.4       2.8      16.0
     -36.4      49.2       1.3      15.5
 65196  -.089225  -.981478  -.169528
 110602.2  11137.5      -.4     43.3    -11.4     84.9
      -.4     86.6     31.7     57.7  37470.2  44882.3
     -37.5      53.8       4.7      66.0
     -32.5      43.2       1.5      25.9
     -33.0      44.4        .9      16.1
     -36.4      50.7       -.2      15.3
 65197  -.118600  -.978453  -.169006
 110255.1  11130.0   -609.2    428.8    -22.6    109.4
      -.4     86.6     31.7     57.7  30564.6  46043.5
     -31.0      55.3       3.9      58.9
     -32.6      44.6       1.4      25.2
     -34.4      44.3        .4      18.4
     -36.6      52.9      -1.5      18.5
 65198  -.147667  -.974605  -.168341
 110242.2  11182.5      -.4     43.3    -16.4    174.4
      -.4     86.6     31.7     57.7  33662.4  46258.4
     -37.8      55.6       1.7      54.9
     -32.1      45.1        .5      24.6
     -33.0      44.5       -.1      16.6
     -39.1      52.6      -2.2      19.9
 65199  -.176357  -.969963  -.167539
 110092.4  11191.6   -550.4    476.5    -84.9    117.6
      -.4     86.6     31.7     57.7  31671.8  44885.4
     -35.8      57.6       2.8      54.2
     -32.9      44.5       -.9      25.9
     -34.2      45.0      -1.6      19.6
     -39.8      54.7      -4.3      22.3
 65200  -.204604  -.964562  -.166606
 110229.2  11330.0      -.4     43.3    -66.3    161.3
      -.4     86.6     31.7     57.7  34842.6  46043.3
     -35.5      57.5        .2      53.8
     -32.7      44.2       -.7      24.2
     -34.1      44.6      -1.3      18.6
     -38.8      54.0      -4.1      24.3
 65201  -.232349  -.958440  -.165549
 110555.7  11441.5   -152.3    679.9    -77.8    168.2
      -.4     86.6     31.7     57.7  27768.4  37713.8
     -37.3      62.0      -5.4      53.9
     -32.1      45.6      -2.7      26.6
     -35.0      46.3      -3.9      22.8
     -38.9      54.6      -6.8      27.2
 65202  -.259539  -.951641  -.164374
 110146.0  11461.5     55.1    698.8    -51.2    210.4
      -.4     86.6     31.7     57.7  29400.2  40757.7
     -38.0      58.0      -2.5      48.4
     -32.8      44.5      -2.4      25.7
     -34.7      44.4      -3.4      22.8
     -39.5      53.5      -6.5      28.4
 65203  -.286124  -.944211  -.163091
 110851.7  11628.6   -391.7    594.4   -110.9    265.4
      -.4     86.6     31.7     57.7  29520.5  43894.8
     -36.7      60.0      -4.9      46.5
     -32.1      46.4      -4.0      27.6
     -35.2      46.7      -5.7      24.2
     -39.1      54.1      -8.5      30.1
 65204  -.312066  -.936198  -.161707
 111510.1  11823.8   -214.1    699.7    -80.6    250.5
      -.4     86.6     31.7     57.7  39235.1  49797.0
     -36.8      56.9      -3.2      46.9
     -32.9      45.5      -3.7      28.3
     -34.1      44.7      -4.9      25.4
     -38.2      53.7      -8.6      32.6
 65205  -.337328  -.927651  -.160231
 111980.7  11775.3   -450.8    607.1   -162.1    230.5
      -.4     86.6     31.7     57.7  39582.6  49507.1
     -36.1      59.4      -6.2      43.9
     -32.9      46.4      -5.5      29.0
     -33.7      46.1      -6.1      26.2
     -38.7      53.6      -9.9      32.8
